Scenario - loca_mveb
Logfile written - 05/17/2018 11:15:59

Subject	Trial	Event Type	Code	Time	TTime	Uncertainty	Duration	Uncertainty	ReqTime	ReqDur	Stim Type	Pair Index

MRI_pilot_1	0	Pulse	255	548315	538149	0
MRI_pilot_1	2	Picture	p_startup	548542	0	1	100226	1	0	100000	other	0
MRI_pilot_1	2	Pulse	255	568315	19773	0
MRI_pilot_1	2	Pulse	255	588315	39773	0
MRI_pilot_1	2	Pulse	255	608315	59773	0
MRI_pilot_1	2	Pulse	255	628315	79773	0
MRI_pilot_1	2	Pulse	255	648316	99773	0
MRI_pilot_1	3	Picture	cross	648935	0	1	4226	1	0	4000	other	0
MRI_pilot_1	3	Picture	61	654161	5226	1	15226	1	5000	15000	other	0
MRI_pilot_1	3	Pulse	255	668315	19381	0
MRI_pilot_1	3	Picture	cross	669386	20452	1	30227	1	20000	30000	other	0
MRI_pilot_1	3	Pulse	255	688316	39381	0
MRI_pilot_1	3	Nothing	90	699386	50452	1			50000		other	0
MRI_pilot_1	3	Pulse	255	708316	59381	0
MRI_pilot_1	3	Picture	response	714612	65678	1	15226	1	65000	15000	hit	17
MRI_pilot_1	3	Response	1	720736	71801	1
MRI_pilot_1	3	Pulse	255	728315	79380	0
MRI_pilot_1	3	Picture	blank2	729838	80903	1	15226	1	80000	15000	other	0
MRI_pilot_1	4	Picture	cross	745231	0	1	4226	1	0	4000	other	0
MRI_pilot_1	4	Pulse	255	748315	3085	0
MRI_pilot_1	4	Picture	40	750457	5226	1	15226	1	5000	15000	other	0
MRI_pilot_1	4	Picture	cross	765683	20452	1	30227	1	20000	30000	other	0
MRI_pilot_1	4	Pulse	255	768316	23085	0
MRI_pilot_1	4	Pulse	255	788316	43085	0
MRI_pilot_1	4	Nothing	45	795683	50452	1			50000		other	0
MRI_pilot_1	4	Pulse	255	808316	63085	0
MRI_pilot_1	4	Picture	response	810908	65678	1	15225	1	65000	15000	hit	29
MRI_pilot_1	4	Response	1	824506	79275	1
MRI_pilot_1	4	Picture	blank2	826134	80903	1	25226	1	80000	25000	other	0
MRI_pilot_1	4	Pulse	255	828316	83085	0
MRI_pilot_1	4	Pulse	255	848315	103085	0
MRI_pilot_1	5	Picture	cross	851526	0	1	4226	1	0	4000	other	0
MRI_pilot_1	5	Picture	60	856753	5226	1	15226	1	5000	15000	other	0
MRI_pilot_1	5	Pulse	255	868316	16789	0
MRI_pilot_1	5	Picture	cross	871978	20452	1	30227	1	20000	30000	other	0
MRI_pilot_1	5	Pulse	255	888316	36790	0
MRI_pilot_1	5	Nothing	65	901978	50452	1			50000		other	0
MRI_pilot_1	5	Pulse	255	908315	56789	0
MRI_pilot_1	5	Picture	response	917204	65678	1	15226	1	65000	15000	hit	41
MRI_pilot_1	5	Response	2	924926	73400	1
MRI_pilot_1	5	Pulse	255	928316	76790	0
MRI_pilot_1	5	Picture	blank2	932430	80903	1	15226	1	80000	15000	other	0
MRI_pilot_1	6	Picture	cross	947822	0	1	4226	1	0	4000	other	0
MRI_pilot_1	6	Pulse	255	948316	494	0
MRI_pilot_1	6	Picture	20	953048	5226	1	15226	1	5000	15000	other	0
MRI_pilot_1	6	Picture	cross	968274	20452	1	30227	1	20000	30000	other	0
MRI_pilot_1	6	Pulse	255	968316	20494	0
MRI_pilot_1	6	Pulse	255	988316	40494	0
MRI_pilot_1	6	Nothing	25	998274	50452	1			50000		other	0
MRI_pilot_1	6	Pulse	255	1008316	60494	0
MRI_pilot_1	6	Picture	response	1013500	65678	1	15226	1	65000	15000	hit	53
MRI_pilot_1	6	Response	1	1022026	74204	1
MRI_pilot_1	6	Pulse	255	1028316	80494	0
MRI_pilot_1	6	Picture	blank2	1028726	80904	1	20226	1	80000	20000	other	0
MRI_pilot_1	6	Pulse	255	1048316	100493	0
MRI_pilot_1	7	Picture	cross	1049119	0	1	4226	1	0	4000	other	0
MRI_pilot_1	7	Picture	60	1054344	5226	1	15226	1	5000	15000	other	0
MRI_pilot_1	7	Pulse	255	1068317	19198	0
MRI_pilot_1	7	Picture	cross	1069570	20452	1	30227	1	20000	30000	other	0
MRI_pilot_1	7	Pulse	255	1088317	39198	0
MRI_pilot_1	7	Nothing	65	1099570	50452	1			50000		other	0
MRI_pilot_1	7	Pulse	255	1108316	59198	0
MRI_pilot_1	7	Picture	response	1114796	65677	1	15226	1	65000	15000	hit	67
MRI_pilot_1	7	Pulse	255	1128316	79198	0
MRI_pilot_1	7	Picture	blank2	1130021	80903	1	45226	1	80000	45000	other	0
MRI_pilot_1	7	Response	1	1140567	91448	1
MRI_pilot_1	7	Pulse	255	1148317	99198	0
MRI_pilot_1	7	Pulse	255	1168316	119198	0
MRI_pilot_1	8	Picture	cross	1175414	0	1	4226	1	0	4000	other	0
MRI_pilot_1	8	Picture	20	1180640	5226	1	15226	1	5000	15000	other	0
MRI_pilot_1	8	Pulse	255	1188317	12903	0
MRI_pilot_1	8	Picture	cross	1195866	20452	1	30227	1	20000	30000	other	0
MRI_pilot_1	8	Pulse	255	1208316	32902	0
MRI_pilot_1	8	Nothing	25	1225866	50452	1			50000		other	0
MRI_pilot_1	8	Pulse	255	1228317	52903	0
MRI_pilot_1	8	Picture	response	1241092	65678	1	15226	1	65000	15000	hit	79
MRI_pilot_1	8	Pulse	255	1248316	72902	0
MRI_pilot_1	8	Response	2	1250857	75443	1
MRI_pilot_1	8	Picture	blank2	1256317	80903	1	35226	1	80000	35000	other	0
MRI_pilot_1	8	Pulse	255	1268317	92903	0
MRI_pilot_1	8	Pulse	255	1288316	112903	0
MRI_pilot_1	9	Picture	cross	1291710	0	1	4226	1	0	4000	other	0
MRI_pilot_1	9	Picture	61	1296936	5226	1	15226	1	5000	15000	other	0
MRI_pilot_1	9	Pulse	255	1308317	16607	0
MRI_pilot_1	9	Picture	cross	1312162	20452	1	30227	1	20000	30000	other	0
MRI_pilot_1	9	Pulse	255	1328317	36608	0
MRI_pilot_1	9	Nothing	90	1342162	50452	1			50000		other	0
MRI_pilot_1	9	Pulse	255	1348317	56607	0
MRI_pilot_1	9	Picture	response	1357387	65678	1	15226	1	65000	15000	hit	92
MRI_pilot_1	9	Pulse	255	1368317	76608	0
MRI_pilot_1	9	Response	2	1368616	76907	1
MRI_pilot_1	9	Picture	blank2	1372613	80903	1	45226	1	80000	45000	other	0
MRI_pilot_1	9	Pulse	255	1388317	96608	0
MRI_pilot_1	9	Pulse	255	1408317	116608	0
MRI_pilot_1	10	Picture	cross	1418006	0	1	4226	1	0	4000	other	0
MRI_pilot_1	10	Picture	41	1423065	5059	1	15226	1	5000	15000	other	0
MRI_pilot_1	10	Pulse	255	1428317	10312	0
MRI_pilot_1	10	Picture	cross	1438291	20285	1	30227	1	20000	30000	other	0
MRI_pilot_1	10	Pulse	255	1448317	30312	0
MRI_pilot_1	10	Nothing	90	1468291	50285	1			50000		other	0
MRI_pilot_1	10	Pulse	255	1468351	50346	0
MRI_pilot_1	10	Picture	response	1483516	65511	1	15226	1	65000	15000	hit	105
MRI_pilot_1	10	Pulse	255	1488318	70312	0
MRI_pilot_1	10	Response	1	1492648	74642	1
MRI_pilot_1	10	Picture	blank2	1498742	80737	1	10226	1	80000	10000	other	0
MRI_pilot_1	10	Pulse	255	1508317	90311	0
MRI_pilot_1	11	Picture	cross	1509135	0	1	4226	1	0	4000	other	0
MRI_pilot_1	11	Picture	20	1514361	5226	1	15226	1	5000	15000	other	0
MRI_pilot_1	11	Pulse	255	1528318	19183	0
MRI_pilot_1	11	Picture	cross	1529586	20452	1	30227	1	20000	30000	other	0
MRI_pilot_1	11	Pulse	255	1548317	39183	0
MRI_pilot_1	11	Nothing	25	1559586	50452	1			50000		other	0
MRI_pilot_1	11	Pulse	255	1568318	59183	0
MRI_pilot_1	11	Picture	response	1574812	65678	1	15226	1	65000	15000	hit	116
MRI_pilot_1	11	Response	2	1584787	75653	1
MRI_pilot_1	11	Pulse	255	1588318	79183	0
MRI_pilot_1	11	Picture	blank2	1590038	80903	1	20226	1	80000	20000	other	0
MRI_pilot_1	11	Pulse	255	1608318	99183	0
MRI_pilot_1	12	Picture	cross	1610430	0	1	4226	1	0	4000	other	0
MRI_pilot_1	12	Picture	41	1615656	5226	1	15226	1	5000	15000	other	0
MRI_pilot_1	12	Pulse	255	1628318	17888	0
MRI_pilot_1	12	Picture	cross	1630882	20452	1	30227	1	20000	30000	other	0
MRI_pilot_1	12	Pulse	255	1648318	37888	0
MRI_pilot_1	12	Nothing	90	1660882	50452	1			50000		other	0
MRI_pilot_1	12	Pulse	255	1668317	57887	0
MRI_pilot_1	12	Picture	response	1676108	65678	1	15226	1	65000	15000	hit	128
MRI_pilot_1	12	Response	1	1687528	77098	1
MRI_pilot_1	12	Pulse	255	1688318	77887	0
MRI_pilot_1	12	Picture	blank2	1691334	80903	1	30226	1	80000	30000	other	0
MRI_pilot_1	12	Pulse	255	1708317	97887	0
MRI_pilot_1	13	Picture	cross	1721726	0	1	4226	1	0	4000	other	0
MRI_pilot_1	13	Picture	40	1726952	5226	1	15226	1	5000	15000	other	0
MRI_pilot_1	13	Pulse	255	1728318	6592	0
MRI_pilot_1	13	Picture	cross	1742178	20452	1	30227	1	20000	30000	other	0
MRI_pilot_1	13	Pulse	255	1748318	26592	0
MRI_pilot_1	13	Pulse	255	1768318	46592	0
MRI_pilot_1	13	Nothing	45	1772178	50452	1			50000		other	0
MRI_pilot_1	13	Picture	response	1787404	65678	1	15226	1	65000	15000	hit	141
MRI_pilot_1	13	Pulse	255	1788317	66591	0
MRI_pilot_1	13	Response	2	1802087	80361	1
MRI_pilot_1	13	Picture	blank2	1802630	80904	1	40226	1	80000	40000	other	0
MRI_pilot_1	13	Pulse	255	1808318	86592	0
MRI_pilot_1	13	Pulse	255	1828319	106593	0
MRI_pilot_1	14	Picture	cross	1843022	0	1	4226	1	0	4000	other	0
MRI_pilot_1	14	Picture	21	1848248	5226	1	15226	1	5000	15000	other	0
MRI_pilot_1	14	Pulse	255	1848319	5297	0
MRI_pilot_1	14	Picture	cross	1863474	20452	1	30227	1	20000	30000	other	0
MRI_pilot_1	14	Pulse	255	1868318	25296	0
MRI_pilot_1	14	Pulse	255	1888319	45297	0
MRI_pilot_1	14	Nothing	90	1893474	50452	1			50000		other	0
MRI_pilot_1	14	Pulse	255	1908319	65297	0
MRI_pilot_1	14	Picture	response	1908700	65677	1	15226	1	65000	15000	hit	154
MRI_pilot_1	14	Response	2	1918839	75817	1
MRI_pilot_1	14	Picture	blank2	1923925	80903	1	10226	1	80000	10000	other	0
MRI_pilot_1	14	Pulse	255	1928319	85297	0
MRI_pilot_1	15	Picture	cross	1934318	0	1	4226	1	0	4000	other	0
MRI_pilot_1	15	Picture	60	1939544	5226	1	15226	1	5000	15000	other	0
MRI_pilot_1	15	Pulse	255	1948319	14001	0
MRI_pilot_1	15	Picture	cross	1954769	20452	1	30227	1	20000	30000	other	0
MRI_pilot_1	15	Pulse	255	1968319	34001	0
MRI_pilot_1	15	Nothing	65	1984769	50452	1			50000		other	0
MRI_pilot_1	15	Pulse	255	1988319	54001	0
MRI_pilot_1	15	Picture	response	1999995	65678	1	15226	1	65000	15000	hit	165
MRI_pilot_1	15	Response	1	2008048	73731	1
MRI_pilot_1	15	Pulse	255	2008318	74000	0
MRI_pilot_1	15	Picture	blank2	2015221	80903	1	30226	1	80000	30000	other	0
MRI_pilot_1	15	Pulse	255	2028318	94000	0
MRI_pilot_1	16	Picture	cross	2045613	0	1	4226	1	0	4000	other	0
MRI_pilot_1	16	Pulse	255	2048319	2705	0
MRI_pilot_1	16	Picture	61	2050839	5226	1	15226	1	5000	15000	other	0
MRI_pilot_1	16	Picture	cross	2066065	20452	1	30227	1	20000	30000	other	0
MRI_pilot_1	16	Pulse	255	2068309	22696	0
MRI_pilot_1	16	Pulse	255	2088309	42696	0
MRI_pilot_1	16	Nothing	90	2096065	50452	1			50000		other	0
MRI_pilot_1	16	Pulse	255	2108309	62696	0
MRI_pilot_1	16	Picture	response	2111291	65678	1	15226	1	65000	15000	hit	178
MRI_pilot_1	16	Response	1	2119849	74236	1
MRI_pilot_1	16	Picture	blank2	2126517	80903	1	15226	1	80000	15000	other	0
MRI_pilot_1	16	Pulse	255	2128310	82696	0
MRI_pilot_1	17	Picture	cross	2141909	0	1	4226	1	0	4000	other	0
MRI_pilot_1	17	Picture	61	2147135	5226	1	15226	1	5000	15000	other	0
MRI_pilot_1	17	Pulse	255	2148309	6400	0
MRI_pilot_1	17	Picture	cross	2162361	20452	1	30227	1	20000	30000	other	0
MRI_pilot_1	17	Pulse	255	2168309	26399	0
MRI_pilot_1	17	Pulse	255	2188309	46400	0
MRI_pilot_1	17	Nothing	90	2192361	50452	1			50000		other	0
MRI_pilot_1	17	Picture	response	2207587	65678	1	15226	1	65000	15000	hit	190
MRI_pilot_1	17	Pulse	255	2208309	66399	0
MRI_pilot_1	17	Response	2	2218659	76750	1
MRI_pilot_1	17	Picture	blank2	2222813	80904	1	20226	1	80000	20000	other	0
MRI_pilot_1	17	Pulse	255	2228309	86400	0
MRI_pilot_1	18	Picture	cross	2243205	0	1	4226	1	0	4000	other	0
MRI_pilot_1	18	Picture	20	2248265	5060	1	15226	1	5000	15000	other	0
MRI_pilot_1	18	Pulse	255	2248309	5104	0
MRI_pilot_1	18	Picture	cross	2263490	20285	1	30227	1	20000	30000	other	0
MRI_pilot_1	18	Pulse	255	2268309	25104	0
MRI_pilot_1	18	Pulse	255	2288309	45103	0
MRI_pilot_1	18	Nothing	25	2293490	50285	1			50000		other	0
MRI_pilot_1	18	Pulse	255	2308310	65104	0
MRI_pilot_1	18	Picture	response	2308716	65511	1	15226	1	65000	15000	hit	202
MRI_pilot_1	18	Response	1	2317310	74104	1
MRI_pilot_1	18	Picture	blank2	2323942	80736	1	40226	1	80000	40000	other	0
MRI_pilot_1	18	Pulse	255	2328309	85104	0
MRI_pilot_1	18	Pulse	255	2348310	105104	0
MRI_pilot_1	19	Picture	cross	2364334	0	1	4226	1	0	4000	other	0
MRI_pilot_1	19	Pulse	255	2368309	3975	0
MRI_pilot_1	19	Picture	20	2369560	5226	1	15226	1	5000	15000	other	0
MRI_pilot_1	19	Picture	cross	2384786	20452	1	30227	1	20000	30000	other	0
MRI_pilot_1	19	Pulse	255	2388310	23976	0
MRI_pilot_1	19	Pulse	255	2408309	43975	0
MRI_pilot_1	19	Nothing	25	2414786	50452	1			50000		other	0
MRI_pilot_1	19	Pulse	255	2428310	63975	0
MRI_pilot_1	19	Picture	response	2430012	65677	1	15226	1	65000	15000	hit	216
MRI_pilot_1	19	Picture	blank2	2445237	80903	1	15226	1	80000	15000	other	0
MRI_pilot_1	19	Response	1	2447100	82765	1
MRI_pilot_1	19	Pulse	255	2448309	83975	0
MRI_pilot_1	20	Picture	cross	2460630	0	1	4226	1	0	4000	other	0
MRI_pilot_1	20	Picture	61	2465856	5226	1	15226	1	5000	15000	other	0
MRI_pilot_1	20	Pulse	255	2468310	7680	0
MRI_pilot_1	20	Picture	cross	2481082	20452	1	30226	1	20000	30000	other	0
MRI_pilot_1	20	Pulse	255	2488310	27680	0
MRI_pilot_1	20	Pulse	255	2508310	47680	0
MRI_pilot_1	20	Nothing	90	2511082	50452	1			50000		other	0
MRI_pilot_1	20	Picture	response	2526307	65678	1	15226	1	65000	15000	hit	227
MRI_pilot_1	20	Pulse	255	2528310	67681	0
MRI_pilot_1	20	Response	2	2533920	73290	1
MRI_pilot_1	20	Picture	blank2	2541533	80903	1	20226	1	80000	20000	other	0
MRI_pilot_1	20	Pulse	255	2548310	87680	0
MRI_pilot_1	21	Picture	cross	2561925	0	1	4226	1	0	4000	other	0
MRI_pilot_1	21	Picture	40	2567151	5226	1	15226	1	5000	15000	other	0
MRI_pilot_1	21	Pulse	255	2568310	6385	0
MRI_pilot_1	21	Picture	cross	2582377	20452	1	30227	1	20000	30000	other	0
MRI_pilot_1	21	Pulse	255	2588309	26384	0
MRI_pilot_1	21	Pulse	255	2608311	46385	0
MRI_pilot_1	21	Nothing	45	2612377	50452	1			50000		other	0
MRI_pilot_1	21	Picture	response	2627603	65677	1	15226	1	65000	15000	hit	239
MRI_pilot_1	21	Pulse	255	2628310	66385	0
MRI_pilot_1	21	Response	1	2639210	77284	1
MRI_pilot_1	21	Picture	blank2	2642829	80903	1	30226	1	80000	30000	other	0
MRI_pilot_1	21	Pulse	255	2648310	86385	0
MRI_pilot_1	21	Pulse	255	2668310	106384	0
MRI_pilot_1	22	Picture	cross	2673221	0	1	4226	1	0	4000	other	0
MRI_pilot_1	22	Picture	61	2678447	5226	1	15226	1	5000	15000	other	0
MRI_pilot_1	22	Pulse	255	2688310	15089	0
MRI_pilot_1	22	Picture	cross	2693673	20452	1	30227	1	20000	30000	other	0
MRI_pilot_1	22	Pulse	255	2708310	35089	0
MRI_pilot_1	22	Nothing	90	2723673	50452	1			50000		other	0
MRI_pilot_1	22	Pulse	255	2728310	55089	0
MRI_pilot_1	22	Picture	response	2738899	65678	1	15226	1	65000	15000	hit	251
MRI_pilot_1	22	Response	1	2745771	72550	1
MRI_pilot_1	22	Pulse	255	2748311	75089	0
MRI_pilot_1	22	Picture	blank2	2754124	80903	1	40226	1	80000	40000	other	0
MRI_pilot_1	22	Pulse	255	2768310	95089	0
MRI_pilot_1	22	Pulse	255	2788310	115089	0
MRI_pilot_1	23	Picture	cross	2794517	0	1	4226	1	0	4000	other	0
MRI_pilot_1	23	Picture	20	2799743	5226	1	15226	1	5000	15000	other	0
MRI_pilot_1	23	Pulse	255	2808311	13794	0
MRI_pilot_1	23	Picture	cross	2814969	20452	1	30227	1	20000	30000	other	0
MRI_pilot_1	23	Pulse	255	2828310	33793	0
MRI_pilot_1	23	Nothing	25	2844969	50452	1			50000		other	0
MRI_pilot_1	23	Pulse	255	2848311	53794	0
MRI_pilot_1	23	Picture	response	2860194	65677	1	15226	1	65000	15000	hit	265
MRI_pilot_1	23	Pulse	255	2868311	73794	0
MRI_pilot_1	23	Response	1	2870741	76224	1
MRI_pilot_1	23	Picture	blank2	2875420	80903	1	25226	1	80000	25000	other	0
MRI_pilot_1	23	Pulse	255	2888310	93794	0
MRI_pilot_1	24	Picture	cross	2900813	0	1	4226	1	0	4000	other	0
MRI_pilot_1	24	Picture	41	2906039	5226	1	15226	1	5000	15000	other	0
MRI_pilot_1	24	Pulse	255	2908311	7498	0
MRI_pilot_1	24	Picture	cross	2921265	20452	1	30227	1	20000	30000	other	0
MRI_pilot_1	24	Pulse	255	2928311	27499	0
MRI_pilot_1	24	Pulse	255	2948311	47499	0
MRI_pilot_1	24	Nothing	90	2951265	50452	1			50000		other	0
MRI_pilot_1	24	Picture	response	2966490	65678	1	15226	1	65000	15000	hit	277
MRI_pilot_1	24	Pulse	255	2968311	67499	0
MRI_pilot_1	24	Response	1	2973500	72688	1
MRI_pilot_1	24	Picture	blank2	2981716	80903	1	10226	1	80000	10000	other	0
MRI_pilot_1	24	Pulse	255	2988311	87499	0
MRI_pilot_1	25	Picture	cross	2992108	0	1	4226	1	0	4000	other	0
MRI_pilot_1	25	Picture	60	2997335	5226	1	15226	1	5000	15000	other	0
MRI_pilot_1	25	Pulse	255	3008311	16203	0
MRI_pilot_1	25	Picture	cross	3012560	20452	1	30227	1	20000	30000	other	0
MRI_pilot_1	25	Pulse	255	3028311	36203	0
MRI_pilot_1	25	Nothing	65	3042560	50452	1			50000		other	0
MRI_pilot_1	25	Pulse	255	3048311	56203	0
MRI_pilot_1	25	Picture	response	3057786	65678	1	15226	1	65000	15000	hit	288
MRI_pilot_1	25	Response	1	3065181	73073	1
MRI_pilot_1	25	Pulse	255	3068312	76203	0
MRI_pilot_1	25	Picture	blank2	3073012	80903	1	15226	1	80000	15000	other	0
MRI_pilot_1	25	Pulse	255	3088312	96203	0
MRI_pilot_1	26	Picture	cross	3088404	0	1	4226	1	0	4000	other	0
MRI_pilot_1	26	Picture	21	3093464	5059	1	15226	1	5000	15000	other	0
MRI_pilot_1	26	Pulse	255	3108311	19906	0
MRI_pilot_1	26	Picture	cross	3108689	20285	1	30227	1	20000	30000	other	0
MRI_pilot_1	26	Pulse	255	3128311	39907	0
MRI_pilot_1	26	Nothing	90	3138689	50285	1			50000		other	0
MRI_pilot_1	26	Pulse	255	3148312	59908	0
MRI_pilot_1	26	Picture	response	3153915	65511	1	15226	1	65000	15000	hit	300
MRI_pilot_1	26	Response	2	3160112	71707	1
MRI_pilot_1	26	Pulse	255	3168311	79907	0
MRI_pilot_1	26	Picture	blank2	3169141	80737	1	60226	1	80000	60000	other	0
MRI_pilot_1	26	Pulse	255	3188312	99908	0
MRI_pilot_1	26	Pulse	255	3208312	119908	0
MRI_pilot_1	26	Pulse	255	3228311	139907	0
MRI_pilot_1	27	Picture	cross	3229533	0	1	4226	1	0	4000	other	0
MRI_pilot_1	27	Picture	41	3234759	5226	1	15226	1	5000	15000	other	0
MRI_pilot_1	27	Pulse	255	3248312	18779	0
MRI_pilot_1	27	Picture	cross	3249985	20452	1	30227	1	20000	30000	other	0
MRI_pilot_1	27	Pulse	255	3268312	38778	0
MRI_pilot_1	27	Nothing	90	3279985	50452	1			50000		other	0
MRI_pilot_1	27	Pulse	255	3288312	58778	0
MRI_pilot_1	27	Picture	response	3295211	65677	1	15226	1	65000	15000	hit	314
MRI_pilot_1	27	Response	2	3300382	70849	1
MRI_pilot_1	27	Pulse	255	3308311	78778	0
MRI_pilot_1	27	Picture	blank2	3310436	80903	1	40226	1	80000	40000	other	0
MRI_pilot_1	27	Pulse	255	3328312	98779	0
MRI_pilot_1	27	Pulse	255	3348311	118778	0
MRI_pilot_1	28	Picture	cross	3350829	0	1	4226	1	0	4000	other	0
MRI_pilot_1	28	Picture	40	3356055	5226	1	15226	1	5000	15000	other	0
MRI_pilot_1	28	Pulse	255	3368312	17484	0
MRI_pilot_1	28	Picture	cross	3371281	20452	1	30227	1	20000	30000	other	0
MRI_pilot_1	28	Pulse	255	3388312	37483	0
MRI_pilot_1	28	Nothing	45	3401281	50452	1			50000		other	0
MRI_pilot_1	28	Pulse	255	3408312	57484	0
MRI_pilot_1	28	Picture	response	3416507	65678	1	15226	1	65000	15000	hit	327
MRI_pilot_1	28	Response	2	3425622	74794	1
MRI_pilot_1	28	Pulse	255	3428313	77484	0
MRI_pilot_1	28	Picture	blank2	3431732	80904	1	15226	1	80000	15000	other	0
MRI_pilot_1	29	Picture	cross	3447125	0	1	4226	1	0	4000	other	0
MRI_pilot_1	29	Pulse	255	3448312	1188	0
MRI_pilot_1	29	Picture	21	3452351	5226	1	15226	1	5000	15000	other	0
MRI_pilot_1	29	Picture	cross	3467577	20452	1	30226	1	20000	30000	other	0
MRI_pilot_1	29	Pulse	255	3468313	21188	0
MRI_pilot_1	29	Pulse	255	3488312	41188	0
MRI_pilot_1	29	Nothing	90	3497577	50452	1			50000		other	0
MRI_pilot_1	29	Pulse	255	3508312	61188	0
MRI_pilot_1	29	Picture	response	3512802	65678	1	15226	1	65000	15000	hit	339
MRI_pilot_1	29	Response	2	3520913	73788	1
MRI_pilot_1	29	Picture	blank2	3528028	80903	1	50226	1	80000	50000	other	0
MRI_pilot_1	29	Pulse	255	3528313	81188	0
MRI_pilot_1	29	Pulse	255	3548313	101188	0
MRI_pilot_1	29	Pulse	255	3568313	121188	0
MRI_pilot_1	30	Picture	cross	3578421	0	1	4226	1	0	4000	other	0
MRI_pilot_1	30	Picture	60	3583647	5226	1	15226	1	5000	15000	other	0
MRI_pilot_1	30	Pulse	255	3588313	9892	0
MRI_pilot_1	30	Picture	cross	3598873	20452	1	30227	1	20000	30000	other	0
MRI_pilot_1	30	Pulse	255	3608312	29891	0
MRI_pilot_1	30	Pulse	255	3628313	49892	0
MRI_pilot_1	30	Nothing	65	3628873	50452	1			50000		other	0
MRI_pilot_1	30	Picture	response	3644098	65678	1	15226	1	65000	15000	hit	353
MRI_pilot_1	30	Pulse	255	3648313	69892	0
MRI_pilot_1	30	Response	2	3655353	76932	1
MRI_pilot_1	30	Picture	blank2	3659324	80903	1	10226	1	80000	10000	other	0
MRI_pilot_1	30	Pulse	255	3668313	89892	0
MRI_pilot_1	31	Picture	cross	3669717	0	1	4226	1	0	4000	other	0
MRI_pilot_1	31	Picture	41	3674943	5226	1	15226	1	5000	15000	other	0
MRI_pilot_1	31	Pulse	255	3688313	18596	0
MRI_pilot_1	31	Picture	cross	3690168	20452	1	30226	1	20000	30000	other	0
MRI_pilot_1	31	Pulse	255	3708313	38596	0
MRI_pilot_1	31	Nothing	90	3720168	50452	1			50000		other	0
MRI_pilot_1	31	Pulse	255	3728313	58596	0
MRI_pilot_1	31	Picture	response	3735394	65677	1	15226	1	65000	15000	hit	364
MRI_pilot_1	31	Response	2	3743943	74226	1
MRI_pilot_1	31	Pulse	255	3748313	78596	0
MRI_pilot_1	31	Picture	blank2	3750620	80903	1	30226	1	80000	30000	other	0
MRI_pilot_1	31	Pulse	255	3768313	98597	0
MRI_pilot_1	32	Picture	cross	3781012	0	1	4226	1	0	4000	other	0
MRI_pilot_1	32	Picture	21	3786238	5226	1	15226	1	5000	15000	other	0
MRI_pilot_1	32	Pulse	255	3788313	7301	0
MRI_pilot_1	32	Picture	cross	3801464	20452	1	30228	1	20000	30000	other	0
MRI_pilot_1	32	Pulse	255	3808312	27300	1
MRI_pilot_1	32	Pulse	255	3828313	47300	0
MRI_pilot_1	32	Nothing	90	3831464	50452	1			50000		other	0
MRI_pilot_1	32	Picture	response	3846690	65677	1	15226	1	65000	15000	hit	377
MRI_pilot_1	32	Pulse	255	3848314	67301	0
MRI_pilot_1	32	Response	1	3857493	76480	1
MRI_pilot_1	32	Picture	blank2	3861915	80903	1	60226	1	80000	60000	other	0
MRI_pilot_1	32	Pulse	255	3868313	87300	0
MRI_pilot_1	32	Pulse	255	3888313	107301	0
MRI_pilot_1	32	Pulse	255	3908313	127301	0
MRI_pilot_1	33	Picture	cross	3922308	0	1	4226	1	0	4000	other	0
MRI_pilot_1	33	Picture	21	3927534	5226	1	15226	1	5000	15000	other	0
MRI_pilot_1	33	Pulse	255	3928314	6005	0
MRI_pilot_1	33	Picture	cross	3942760	20452	1	30227	1	20000	30000	other	0
MRI_pilot_1	33	Pulse	255	3948313	26005	0
MRI_pilot_1	33	Pulse	255	3968313	46005	0
MRI_pilot_1	33	Nothing	90	3972760	50452	1			50000		other	0
MRI_pilot_1	33	Picture	response	3987986	65678	1	15226	1	65000	15000	hit	391
MRI_pilot_1	33	Pulse	255	3988314	66006	0
MRI_pilot_1	33	Response	1	3998054	75746	1
MRI_pilot_1	33	Picture	blank2	4003212	80904	1	30182	1	80000	30000	other	0
MRI_pilot_1	33	Pulse	255	4008314	86006	0
MRI_pilot_1	33	Pulse	255	4028314	106005	0
MRI_pilot_1	34	Picture	cross	4033561	0	1	4226	1	0	4000	other	0
MRI_pilot_1	34	Picture	21	4038787	5226	1	15226	1	5000	15000	other	0
MRI_pilot_1	34	Pulse	255	4048313	14753	0
MRI_pilot_1	34	Picture	cross	4054012	20452	1	30227	1	20000	30000	other	0
MRI_pilot_1	34	Pulse	255	4068313	34753	0
MRI_pilot_1	34	Nothing	90	4084012	50452	1			50000		other	0
MRI_pilot_1	34	Pulse	255	4088314	54754	0
MRI_pilot_1	34	Picture	response	4099238	65677	1	15226	1	65000	15000	hit	404
MRI_pilot_1	34	Pulse	255	4108314	74753	0
MRI_pilot_1	34	Response	1	4109653	76092	1
MRI_pilot_1	34	Picture	blank2	4114464	80903	1	15226	1	80000	15000	other	0
MRI_pilot_1	34	Pulse	255	4128314	94754	0
MRI_pilot_1	35	Picture	cross	4129856	0	1	4226	1	0	4000	other	0
MRI_pilot_1	35	Picture	40	4135082	5226	1	15226	1	5000	15000	other	0
MRI_pilot_1	35	Pulse	255	4148313	18457	0
MRI_pilot_1	35	Picture	cross	4150308	20452	1	30227	1	20000	30000	other	0
MRI_pilot_1	35	Pulse	255	4168314	38458	0
MRI_pilot_1	35	Nothing	45	4180308	50452	1			50000		other	0
MRI_pilot_1	35	Pulse	255	4188314	58458	0
MRI_pilot_1	35	Picture	response	4195534	65678	1	15226	1	65000	15000	hit	415
MRI_pilot_1	35	Response	2	4206533	76677	1
MRI_pilot_1	35	Pulse	255	4208314	78458	0
MRI_pilot_1	35	Picture	blank2	4210759	80903	1	55226	1	80000	55000	other	0
MRI_pilot_1	35	Pulse	255	4228314	98458	0
MRI_pilot_1	35	Pulse	255	4248314	118458	0
MRI_pilot_1	36	Picture	cross	4266152	0	1	4226	1	0	4000	other	0
MRI_pilot_1	36	Pulse	255	4268314	2162	0
MRI_pilot_1	36	Picture	40	4271378	5226	1	15226	1	5000	15000	other	0
MRI_pilot_1	36	Picture	cross	4286604	20452	1	30227	1	20000	30000	other	0
MRI_pilot_1	36	Pulse	255	4288314	22162	0
MRI_pilot_1	36	Pulse	255	4308314	42162	0
MRI_pilot_1	36	Nothing	45	4316604	50452	1			50000		other	0
MRI_pilot_1	36	Pulse	255	4328314	62162	0
MRI_pilot_1	36	Picture	response	4331829	65677	1	15226	1	65000	15000	hit	429
MRI_pilot_1	36	Response	1	4337764	71613	1
MRI_pilot_1	36	Picture	blank2	4347055	80903	1	40226	1	80000	40000	other	0
MRI_pilot_1	36	Pulse	255	4348314	82162	0
MRI_pilot_1	36	Pulse	255	4368314	102162	0
MRI_pilot_1	37	Picture	cross	4387447	0	1	4226	1	0	4000	other	0
MRI_pilot_1	37	Pulse	255	4388314	867	0
MRI_pilot_1	37	Picture	60	4392673	5226	1	15226	1	5000	15000	other	0
MRI_pilot_1	37	Picture	cross	4407899	20452	1	30227	1	20000	30000	other	0
MRI_pilot_1	37	Pulse	255	4408315	20868	0
MRI_pilot_1	37	Pulse	255	4428315	40867	0
MRI_pilot_1	37	Nothing	65	4437899	50452	1			50000		other	0
MRI_pilot_1	37	Pulse	255	4448314	60866	0
MRI_pilot_1	37	Picture	response	4453125	65677	1	15226	1	65000	15000	hit	442
MRI_pilot_1	37	Response	2	4463465	76017	1
MRI_pilot_1	37	Pulse	255	4468315	80868	0
MRI_pilot_1	37	Picture	blank2	4468351	80903	1	40226	1	80000	40000	other	0
MRI_pilot_1	37	Pulse	255	4488314	100867	0
MRI_pilot_1	37	Pulse	255	4508315	120868	0
MRI_pilot_1	38	Picture	cross	4508743	0	1	4226	1	0	4000	other	0
MRI_pilot_1	38	Picture	41	4513969	5226	1	15226	1	5000	15000	other	0
MRI_pilot_1	38	Pulse	255	4528315	19572	0
MRI_pilot_1	38	Picture	cross	4529195	20452	1	30227	1	20000	30000	other	0
MRI_pilot_1	38	Pulse	255	4548305	39562	0
MRI_pilot_1	38	Nothing	90	4559195	50452	1			50000		other	0
MRI_pilot_1	38	Pulse	255	4568305	59562	0
MRI_pilot_1	38	Picture	response	4574421	65677	1	15226	1	65000	15000	hit	455
MRI_pilot_1	38	Response	2	4582565	73822	1
MRI_pilot_1	38	Pulse	255	4588304	79561	0
MRI_pilot_1	38	Picture	blank2	4589646	80903	1	15226	1	80000	15000	other	0
