Scenario - loca_mveb
Logfile written - 05/17/2018 16:32:49

Subject	Trial	Event Type	Code	Time	TTime	Uncertainty	Duration	Uncertainty	ReqTime	ReqDur	Stim Type	Pair Index

phantom-1	0	Pulse	255	541274	541274	0
phantom-1	1	Picture	p_startup	541502	0	1	100226	1	0	100000	other	0
phantom-1	1	Pulse	255	561274	19772	0
phantom-1	1	Pulse	255	581275	39772	0
phantom-1	1	Pulse	255	601275	59772	0
phantom-1	1	Pulse	255	621275	79772	0
phantom-1	1	Pulse	255	641275	99773	0
phantom-1	2	Picture	cross	641895	0	1	4226	1	0	4000	other	0
phantom-1	2	Picture	61	646954	5059	1	15226	1	5000	15000	other	0
phantom-1	2	Pulse	255	661274	19379	0
phantom-1	2	Picture	cross	662180	20285	1	30227	1	20000	30000	other	0
phantom-1	2	Pulse	255	681276	39381	0
phantom-1	2	Nothing	90	692180	50285	1			50000		other	0
phantom-1	2	Pulse	255	701275	59380	0
phantom-1	2	Picture	response	707406	65511	1	15226	1	65000	15000	miss	0
phantom-1	2	Pulse	255	721275	79380	0
phantom-1	2	Picture	blank2	722631	80737	1	15226	1	80000	15000	other	0
phantom-1	3	Picture	cross	738024	0	1	4226	1	0	4000	other	0
phantom-1	3	Pulse	255	741275	3251	0
phantom-1	3	Picture	40	743250	5226	1	15226	1	5000	15000	other	0
phantom-1	3	Picture	cross	758476	20452	1	30227	1	20000	30000	other	0
phantom-1	3	Pulse	255	761275	23251	0
phantom-1	3	Pulse	255	781275	43251	0
phantom-1	3	Nothing	45	788476	50452	1			50000		other	0
phantom-1	3	Pulse	255	801275	63251	0
phantom-1	3	Picture	response	803702	65678	1	15226	1	65000	15000	miss	0
phantom-1	3	Picture	blank2	818928	80904	1	25226	1	80000	25000	other	0
phantom-1	3	Pulse	255	821275	83251	0
phantom-1	3	Pulse	255	841276	103252	0
phantom-1	4	Picture	cross	844320	0	1	4226	1	0	4000	other	0
phantom-1	4	Picture	60	849547	5226	1	15226	1	5000	15000	other	0
phantom-1	4	Pulse	255	861275	16954	0
phantom-1	4	Picture	cross	864773	20452	1	30227	1	20000	30000	other	0
phantom-1	4	Pulse	255	881275	36955	0
phantom-1	4	Nothing	65	894773	50452	1			50000		other	0
phantom-1	4	Pulse	255	901265	56945	0
phantom-1	4	Picture	response	909999	65678	1	15226	1	65000	15000	miss	0
phantom-1	4	Pulse	255	921265	76945	0
phantom-1	4	Picture	blank2	925225	80904	1	15226	1	80000	15000	other	0
phantom-1	5	Picture	cross	940617	0	1	4226	1	0	4000	other	0
phantom-1	5	Pulse	255	941265	648	0
phantom-1	5	Picture	20	945843	5226	1	15226	1	5000	15000	other	0
phantom-1	5	Picture	cross	961069	20452	1	30227	1	20000	30000	other	0
phantom-1	5	Pulse	255	961267	20649	0
phantom-1	5	Pulse	255	981266	40649	0
phantom-1	5	Nothing	25	991069	50452	1			50000		other	0
phantom-1	5	Pulse	255	1001266	60649	0
phantom-1	5	Picture	response	1006295	65678	1	15226	1	65000	15000	miss	0
phantom-1	5	Pulse	255	1021266	80649	0
phantom-1	5	Picture	blank2	1021520	80903	1	20226	1	80000	20000	other	0
phantom-1	5	Pulse	255	1041266	100649	0
phantom-1	6	Picture	cross	1041913	0	1	4226	1	0	4000	other	0
phantom-1	6	Picture	60	1046972	5059	1	15226	1	5000	15000	other	0
phantom-1	6	Pulse	255	1061266	19354	0
phantom-1	6	Picture	cross	1062198	20285	1	30227	1	20000	30000	other	0
phantom-1	6	Pulse	255	1081266	39353	0
phantom-1	6	Nothing	65	1092198	50285	1			50000		other	0
phantom-1	6	Pulse	255	1101266	59353	0
phantom-1	6	Picture	response	1107424	65511	1	15226	1	65000	15000	miss	0
phantom-1	6	Pulse	255	1121266	79353	0
phantom-1	6	Picture	blank2	1122649	80737	1	45226	1	80000	45000	other	0
phantom-1	6	Pulse	255	1141266	99353	0
phantom-1	6	Pulse	255	1161266	119354	0
phantom-1	7	Picture	cross	1168042	0	1	4226	1	0	4000	other	0
phantom-1	7	Picture	20	1173268	5226	1	15226	1	5000	15000	other	0
phantom-1	7	Pulse	255	1181266	13224	0
phantom-1	7	Picture	cross	1188494	20452	1	30227	1	20000	30000	other	0
phantom-1	7	Pulse	255	1201267	33225	0
phantom-1	7	Nothing	25	1218494	50452	1			50000		other	0
phantom-1	7	Pulse	255	1221266	53224	0
phantom-1	7	Picture	response	1233720	65678	1	15226	1	65000	15000	miss	0
phantom-1	7	Pulse	255	1241266	73224	0
phantom-1	7	Picture	blank2	1248945	80903	1	35226	1	80000	35000	other	0
phantom-1	7	Pulse	255	1261267	93225	0
phantom-1	7	Pulse	255	1281267	113225	0
phantom-1	8	Picture	cross	1284338	0	1	4226	1	0	4000	other	0
phantom-1	8	Picture	61	1289564	5226	1	15226	1	5000	15000	other	0
phantom-1	8	Pulse	255	1301266	16929	0
phantom-1	8	Picture	cross	1304790	20452	1	30227	1	20000	30000	other	0
phantom-1	8	Pulse	255	1321267	36929	0
phantom-1	8	Nothing	90	1334790	50452	1			50000		other	0
phantom-1	8	Pulse	255	1341266	56928	0
phantom-1	8	Picture	response	1350016	65678	1	15226	1	65000	15000	miss	0
phantom-1	8	Pulse	255	1361267	76929	0
phantom-1	8	Picture	blank2	1365242	80904	1	45226	1	80000	45000	other	0
phantom-1	8	Pulse	255	1381267	96929	0
phantom-1	8	Pulse	255	1401266	116929	0
phantom-1	9	Picture	cross	1410634	0	1	4226	1	0	4000	other	0
phantom-1	9	Picture	41	1415861	5227	1	15226	1	5000	15000	other	0
phantom-1	9	Pulse	255	1421267	10632	0
phantom-1	9	Picture	cross	1431087	20452	1	30227	1	20000	30000	other	0
phantom-1	9	Pulse	255	1441266	30632	0
phantom-1	9	Nothing	90	1461087	50452	1			50000		other	0
phantom-1	9	Pulse	255	1461268	50633	0
phantom-1	9	Picture	response	1476313	65679	1	15226	1	65000	15000	miss	0
phantom-1	9	Pulse	255	1481267	70632	0
phantom-1	9	Picture	blank2	1491539	80904	1	10226	1	80000	10000	other	0
phantom-1	9	Pulse	255	1501267	90632	0
phantom-1	10	Picture	cross	1501931	0	1	4226	1	0	4000	other	0
phantom-1	10	Picture	20	1507157	5226	1	15226	1	5000	15000	other	0
phantom-1	10	Pulse	255	1521267	19336	0
phantom-1	10	Picture	cross	1522383	20452	1	30226	1	20000	30000	other	0
phantom-1	10	Pulse	255	1541268	39337	0
phantom-1	10	Nothing	25	1552383	50452	1			50000		other	0
phantom-1	10	Pulse	255	1561267	59336	0
phantom-1	10	Picture	response	1567609	65678	1	15226	1	65000	15000	miss	0
phantom-1	10	Pulse	255	1581268	79337	0
phantom-1	10	Picture	blank2	1582834	80903	1	20226	1	80000	20000	other	0
phantom-1	10	Pulse	255	1601268	99337	0
phantom-1	11	Picture	cross	1603227	0	1	4226	1	0	4000	other	0
phantom-1	11	Picture	41	1608453	5226	1	15226	1	5000	15000	other	0
phantom-1	11	Pulse	255	1621267	18041	0
phantom-1	11	Picture	cross	1623678	20452	1	30227	1	20000	30000	other	0
phantom-1	11	Pulse	255	1641268	38041	0
phantom-1	11	Nothing	90	1653678	50452	1			50000		other	0
phantom-1	11	Pulse	255	1661267	58041	0
phantom-1	11	Picture	response	1668904	65678	1	15226	1	65000	15000	miss	0
phantom-1	11	Pulse	255	1681268	78041	0
phantom-1	11	Picture	blank2	1684130	80903	1	30182	1	80000	30000	other	0
phantom-1	11	Pulse	255	1701268	98041	0
phantom-1	12	Picture	cross	1714479	0	1	4226	1	0	4000	other	0
phantom-1	12	Picture	40	1719538	5059	1	15226	1	5000	15000	other	0
phantom-1	12	Pulse	255	1721267	6788	0
phantom-1	12	Picture	cross	1734764	20285	1	30227	1	20000	30000	other	0
phantom-1	12	Pulse	255	1741267	26789	0
phantom-1	12	Pulse	255	1761268	46789	0
phantom-1	12	Nothing	45	1764764	50285	1			50000		other	0
phantom-1	12	Picture	response	1779990	65511	1	15232	1	65000	15000	miss	0
phantom-1	12	Pulse	255	1781268	66789	0
phantom-1	12	Picture	blank2	1795222	80743	1	40226	1	80000	40000	other	0
phantom-1	12	Pulse	255	1801268	86789	0
phantom-1	12	Pulse	255	1821268	106789	0
phantom-1	13	Picture	cross	1835614	0	1	4226	1	0	4000	other	0
phantom-1	13	Picture	21	1840841	5227	1	15226	1	5000	15000	other	0
phantom-1	13	Pulse	255	1841268	5653	0
phantom-1	13	Picture	cross	1856067	20452	1	30226	1	20000	30000	other	0
phantom-1	13	Pulse	255	1861268	25654	0
phantom-1	13	Pulse	255	1881268	45654	0
phantom-1	13	Nothing	90	1886067	50452	1			50000		other	0
phantom-1	13	Pulse	255	1901269	65654	0
phantom-1	13	Picture	response	1901292	65678	1	15226	1	65000	15000	miss	0
phantom-1	13	Picture	blank2	1916518	80904	1	10226	1	80000	10000	other	0
phantom-1	13	Pulse	255	1921268	85654	0
phantom-1	14	Picture	cross	1926911	0	1	4226	1	0	4000	other	0
phantom-1	14	Picture	60	1931970	5059	1	15226	1	5000	15000	other	0
phantom-1	14	Pulse	255	1941268	14357	0
phantom-1	14	Picture	cross	1947196	20285	1	30227	1	20000	30000	other	0
phantom-1	14	Pulse	255	1961269	34358	0
phantom-1	14	Nothing	65	1977196	50285	1			50000		other	0
phantom-1	14	Pulse	255	1981269	54358	0
phantom-1	14	Picture	response	1992422	65511	1	15226	1	65000	15000	miss	0
phantom-1	14	Pulse	255	2001268	74358	0
phantom-1	14	Picture	blank2	2007648	80737	1	30226	1	80000	30000	other	0
phantom-1	14	Pulse	255	2021268	94357	0
phantom-1	15	Picture	cross	2038040	0	1	4226	1	0	4000	other	0
phantom-1	15	Pulse	255	2041269	3229	0
phantom-1	15	Picture	61	2043266	5226	1	15226	1	5000	15000	other	0
phantom-1	15	Picture	cross	2058492	20452	1	30227	1	20000	30000	other	0
phantom-1	15	Pulse	255	2061268	23228	0
phantom-1	15	Pulse	255	2081268	43228	0
phantom-1	15	Nothing	90	2088492	50452	1			50000		other	0
phantom-1	15	Pulse	255	2101269	63228	0
phantom-1	15	Picture	response	2103718	65678	1	15226	1	65000	15000	miss	0
phantom-1	15	Picture	blank2	2118944	80904	1	15226	1	80000	15000	other	0
phantom-1	15	Pulse	255	2121268	83228	0
phantom-1	16	Picture	cross	2134336	0	1	4226	1	0	4000	other	0
phantom-1	16	Picture	61	2139562	5226	1	15226	1	5000	15000	other	0
phantom-1	16	Pulse	255	2141269	6933	0
phantom-1	16	Picture	cross	2154788	20452	1	30227	1	20000	30000	other	0
phantom-1	16	Pulse	255	2161269	26933	0
phantom-1	16	Pulse	255	2181269	46933	0
phantom-1	16	Nothing	90	2184788	50452	1			50000		other	0
phantom-1	16	Picture	response	2200014	65678	1	15226	1	65000	15000	miss	0
phantom-1	16	Pulse	255	2201269	66933	0
phantom-1	16	Picture	blank2	2215240	80903	1	20226	1	80000	20000	other	0
phantom-1	16	Pulse	255	2221269	86933	0
phantom-1	17	Picture	cross	2235632	0	1	4226	1	0	4000	other	0
phantom-1	17	Picture	20	2240858	5226	1	15226	1	5000	15000	other	0
phantom-1	17	Pulse	255	2241269	5637	0
phantom-1	17	Picture	cross	2256084	20452	1	30227	1	20000	30000	other	0
phantom-1	17	Pulse	255	2261269	25637	0
phantom-1	17	Pulse	255	2281269	45637	0
phantom-1	17	Nothing	25	2286084	50452	1			50000		other	0
phantom-1	17	Pulse	255	2301269	65637	0
phantom-1	17	Picture	response	2301310	65677	1	15226	1	65000	15000	miss	0
phantom-1	17	Picture	blank2	2316535	80903	1	40226	1	80000	40000	other	0
phantom-1	17	Pulse	255	2321269	85636	0
phantom-1	17	Pulse	255	2341270	105637	0
phantom-1	18	Picture	cross	2356928	0	1	4226	1	0	4000	other	0
phantom-1	18	Pulse	255	2361270	4342	0
phantom-1	18	Picture	20	2362154	5226	1	15226	1	5000	15000	other	0
phantom-1	18	Picture	cross	2377380	20452	1	30227	1	20000	30000	other	0
phantom-1	18	Pulse	255	2381269	24342	0
phantom-1	18	Pulse	255	2401270	44342	0
phantom-1	18	Nothing	25	2407380	50452	1			50000		other	0
phantom-1	18	Pulse	255	2421270	64342	0
phantom-1	18	Picture	response	2422605	65677	1	15226	1	65000	15000	miss	0
phantom-1	18	Picture	blank2	2437831	80903	1	15226	1	80000	15000	other	0
phantom-1	18	Pulse	255	2441269	84342	0
phantom-1	19	Picture	cross	2453223	0	1	4226	1	0	4000	other	0
phantom-1	19	Picture	61	2458450	5226	1	15226	1	5000	15000	other	0
phantom-1	19	Pulse	255	2461269	8045	0
phantom-1	19	Picture	cross	2473675	20452	1	30227	1	20000	30000	other	0
phantom-1	19	Pulse	255	2481269	28046	0
phantom-1	19	Pulse	255	2501270	48046	0
phantom-1	19	Nothing	90	2503675	50452	1			50000		other	0
phantom-1	19	Picture	response	2518902	65678	1	15226	1	65000	15000	miss	0
phantom-1	19	Pulse	255	2521269	68046	0
phantom-1	19	Picture	blank2	2534127	80904	1	20226	1	80000	20000	other	0
phantom-1	19	Pulse	255	2541270	88047	0
phantom-1	20	Picture	cross	2554520	0	1	4226	1	0	4000	other	0
phantom-1	20	Picture	40	2559746	5226	1	15226	1	5000	15000	other	0
phantom-1	20	Pulse	255	2561269	6750	0
phantom-1	20	Picture	cross	2574972	20452	1	30227	1	20000	30000	other	0
phantom-1	20	Pulse	255	2581270	26750	0
phantom-1	20	Pulse	255	2601270	46750	0
phantom-1	20	Nothing	45	2604972	50452	1			50000		other	0
phantom-1	20	Picture	response	2620198	65678	1	15226	1	65000	15000	miss	0
phantom-1	20	Pulse	255	2621270	66750	0
phantom-1	20	Picture	blank2	2635424	80904	1	30226	1	80000	30000	other	0
phantom-1	20	Pulse	255	2641270	86750	0
phantom-1	20	Pulse	255	2661270	106750	0
phantom-1	21	Picture	cross	2665816	0	1	4226	1	0	4000	other	0
phantom-1	21	Picture	61	2671042	5226	1	15226	1	5000	15000	other	0
phantom-1	21	Pulse	255	2681270	15454	0
phantom-1	21	Picture	cross	2686268	20452	1	30227	1	20000	30000	other	0
phantom-1	21	Pulse	255	2701270	35454	0
phantom-1	21	Nothing	90	2716268	50452	1			50000		other	0
phantom-1	21	Pulse	255	2721270	55453	0
phantom-1	21	Picture	response	2731494	65677	1	15226	1	65000	15000	miss	0
phantom-1	21	Pulse	255	2741271	75455	0
phantom-1	21	Picture	blank2	2746719	80903	1	40226	1	80000	40000	other	0
phantom-1	21	Pulse	255	2761270	95454	0
phantom-1	21	Pulse	255	2781270	115454	0
phantom-1	22	Picture	cross	2787112	0	1	4226	1	0	4000	other	0
phantom-1	22	Picture	20	2792171	5059	1	15226	1	5000	15000	other	0
phantom-1	22	Pulse	255	2801270	14158	0
phantom-1	22	Picture	cross	2807397	20285	1	30227	1	20000	30000	other	0
phantom-1	22	Pulse	255	2821270	34159	0
phantom-1	22	Nothing	25	2837397	50285	1			50000		other	0
phantom-1	22	Pulse	255	2841270	54158	0
phantom-1	22	Picture	response	2852623	65511	1	15226	1	65000	15000	miss	0
phantom-1	22	Pulse	255	2861270	74158	0
phantom-1	22	Picture	blank2	2867849	80737	1	25226	1	80000	25000	other	0
phantom-1	22	Pulse	255	2881271	94159	0
phantom-1	23	Picture	cross	2893241	0	1	4226	1	0	4000	other	0
phantom-1	23	Picture	41	2898467	5226	1	15208	1	5000	15000	other	0
phantom-1	23	Pulse	255	2901270	8029	0
phantom-1	23	Picture	cross	2913676	20434	1	30227	1	20000	30000	other	0
phantom-1	23	Pulse	255	2921271	28030	0
phantom-1	23	Pulse	255	2941270	48029	0
phantom-1	23	Nothing	90	2943676	50434	1			50000		other	0
phantom-1	23	Picture	response	2958902	65660	1	15226	1	65000	15000	miss	0
phantom-1	23	Pulse	255	2961270	68029	0
phantom-1	23	Picture	blank2	2974127	80886	1	10226	1	80000	10000	other	0
phantom-1	23	Pulse	255	2981271	88030	0
phantom-1	24	Picture	cross	2984520	0	1	4226	1	0	4000	other	0
phantom-1	24	Picture	60	2989746	5226	1	15226	1	5000	15000	other	0
phantom-1	24	Pulse	255	3001271	16751	0
phantom-1	24	Picture	cross	3004972	20452	1	30227	1	20000	30000	other	0
phantom-1	24	Pulse	255	3021271	36751	0
phantom-1	24	Nothing	65	3034972	50452	1			50000		other	0
phantom-1	24	Pulse	255	3041270	56750	0
phantom-1	24	Picture	response	3050197	65678	1	15226	1	65000	15000	miss	0
phantom-1	24	Pulse	255	3061271	76751	0
phantom-1	24	Picture	blank2	3065423	80904	1	15226	1	80000	15000	other	0
phantom-1	25	Picture	cross	3080816	0	1	4226	1	0	4000	other	0
phantom-1	25	Pulse	255	3081271	455	0
phantom-1	25	Picture	21	3086042	5226	1	15226	1	5000	15000	other	0
phantom-1	25	Picture	cross	3101268	20452	1	30227	1	20000	30000	other	0
phantom-1	25	Pulse	255	3101272	20455	0
phantom-1	25	Pulse	255	3121271	40455	0
phantom-1	25	Nothing	90	3131268	50452	1			50000		other	0
phantom-1	25	Pulse	255	3141271	60455	0
phantom-1	25	Picture	response	3146494	65678	1	15226	1	65000	15000	miss	0
phantom-1	25	Pulse	255	3161271	80455	0
phantom-1	25	Picture	blank2	3161720	80904	1	60226	1	80000	60000	other	0
phantom-1	25	Pulse	255	3181271	100455	0
phantom-1	25	Pulse	255	3201272	120456	0
phantom-1	25	Pulse	255	3221271	140455	0
phantom-1	26	Picture	cross	3222112	0	1	4226	1	0	4000	other	0
phantom-1	26	Picture	41	3227172	5059	1	15226	1	5000	15000	other	0
phantom-1	26	Pulse	255	3241271	19159	0
phantom-1	26	Picture	cross	3242397	20285	1	30226	1	20000	30000	other	0
phantom-1	26	Pulse	255	3261272	39160	0
phantom-1	26	Nothing	90	3272397	50285	1			50000		other	0
phantom-1	26	Pulse	255	3281271	59159	0
phantom-1	26	Picture	response	3287623	65511	1	15226	1	65000	15000	miss	0
phantom-1	26	Pulse	255	3301272	79159	0
phantom-1	26	Picture	blank2	3302849	80737	1	40226	1	80000	40000	other	0
phantom-1	26	Pulse	255	3321272	99160	0
phantom-1	26	Pulse	255	3341272	119159	0
phantom-1	27	Picture	cross	3343241	0	1	4226	1	0	4000	other	0
phantom-1	27	Picture	40	3348468	5226	1	15226	1	5000	15000	other	0
phantom-1	27	Pulse	255	3361272	18031	0
phantom-1	27	Picture	cross	3363693	20452	1	30227	1	20000	30000	other	0
phantom-1	27	Pulse	255	3381272	38031	0
phantom-1	27	Nothing	45	3393693	50452	1			50000		other	0
phantom-1	27	Pulse	255	3401272	58031	0
phantom-1	27	Picture	response	3408919	65678	1	15226	1	65000	15000	miss	0
phantom-1	27	Pulse	255	3421273	78031	0
phantom-1	27	Picture	blank2	3424145	80904	1	15226	1	80000	15000	other	0
phantom-1	28	Picture	cross	3439537	0	1	4226	1	0	4000	other	0
phantom-1	28	Pulse	255	3441262	1724	0
phantom-1	28	Picture	21	3444763	5226	1	15226	1	5000	15000	other	0
phantom-1	28	Picture	cross	3459989	20452	1	30227	1	20000	30000	other	0
phantom-1	28	Pulse	255	3461262	21725	0
phantom-1	28	Pulse	255	3481262	41724	0
phantom-1	28	Nothing	90	3489989	50452	1			50000		other	0
phantom-1	28	Pulse	255	3501263	61725	0
phantom-1	28	Picture	response	3505215	65678	1	15226	1	65000	15000	miss	0
phantom-1	28	Picture	blank2	3520441	80903	1	50226	1	80000	50000	other	0
phantom-1	28	Pulse	255	3521263	81725	0
phantom-1	28	Pulse	255	3541262	101725	0
phantom-1	28	Pulse	255	3561262	121725	0
phantom-1	29	Picture	cross	3570833	0	1	4226	1	0	4000	other	0
phantom-1	29	Picture	60	3576060	5226	1	15226	1	5000	15000	other	0
phantom-1	29	Pulse	255	3581262	10429	0
phantom-1	29	Picture	cross	3591285	20452	1	30227	1	20000	30000	other	0
phantom-1	29	Pulse	255	3601263	30430	0
phantom-1	29	Pulse	255	3621263	50430	0
phantom-1	29	Nothing	65	3621285	50452	1			50000		other	0
phantom-1	29	Picture	response	3636511	65678	1	15226	1	65000	15000	miss	0
phantom-1	29	Pulse	255	3641263	70430	0
phantom-1	29	Picture	blank2	3651737	80904	1	10226	1	80000	10000	other	0
phantom-1	29	Pulse	255	3661263	90430	0
phantom-1	30	Picture	cross	3662130	0	1	4226	1	0	4000	other	0
phantom-1	30	Picture	41	3667356	5226	1	15226	1	5000	15000	other	0
phantom-1	30	Pulse	255	3681262	19133	0
phantom-1	30	Picture	cross	3682582	20452	1	30227	1	20000	30000	other	0
phantom-1	30	Pulse	255	3701263	39133	0
phantom-1	30	Nothing	90	3712582	50452	1			50000		other	0
phantom-1	30	Pulse	255	3721263	59133	0
phantom-1	30	Picture	response	3727807	65678	1	15226	1	65000	15000	miss	0
phantom-1	30	Pulse	255	3741263	79134	0
phantom-1	30	Picture	blank2	3743033	80903	1	30226	1	80000	30000	other	0
phantom-1	30	Pulse	255	3761263	99133	0
phantom-1	31	Picture	cross	3773425	0	1	4226	1	0	4000	other	0
phantom-1	31	Picture	21	3778652	5226	1	15226	1	5000	15000	other	0
phantom-1	31	Pulse	255	3781263	7838	0
phantom-1	31	Picture	cross	3793877	20452	1	30227	1	20000	30000	other	0
phantom-1	31	Pulse	255	3801263	27838	0
phantom-1	31	Pulse	255	3821264	47838	0
phantom-1	31	Nothing	90	3823877	50452	1			50000		other	0
phantom-1	31	Picture	response	3839103	65678	1	15226	1	65000	15000	miss	0
phantom-1	31	Pulse	255	3841264	67838	0
phantom-1	31	Picture	blank2	3854329	80903	1	60226	1	80000	60000	other	0
phantom-1	31	Pulse	255	3861263	87837	0
phantom-1	31	Pulse	255	3881263	107838	0
phantom-1	31	Pulse	255	3901263	127838	0
phantom-1	32	Picture	cross	3914721	0	1	4226	1	0	4000	other	0
phantom-1	32	Picture	21	3919948	5226	1	15226	1	5000	15000	other	0
phantom-1	32	Pulse	255	3921264	6543	0
phantom-1	32	Picture	cross	3935173	20452	1	30227	1	20000	30000	other	0
phantom-1	32	Pulse	255	3941263	26542	0
phantom-1	32	Pulse	255	3961262	46541	0
phantom-1	32	Nothing	90	3965173	50452	1			50000		other	0
phantom-1	32	Picture	response	3980399	65678	1	15226	1	65000	15000	miss	0
phantom-1	32	Pulse	255	3981264	66543	0
phantom-1	32	Picture	blank2	3995625	80903	1	30226	1	80000	30000	other	0
phantom-1	32	Pulse	255	4001264	86543	0
phantom-1	32	Pulse	255	4021264	106542	0
phantom-1	33	Picture	cross	4026017	0	1	4226	1	0	4000	other	0
phantom-1	33	Picture	21	4031243	5226	1	15226	1	5000	15000	other	0
phantom-1	33	Pulse	255	4041264	15247	0
phantom-1	33	Picture	cross	4046469	20452	1	30227	1	20000	30000	other	0
phantom-1	33	Pulse	255	4061264	35247	0
phantom-1	33	Nothing	90	4076469	50452	1			50000		other	0
phantom-1	33	Pulse	255	4081264	55247	0
phantom-1	33	Picture	response	4091695	65678	1	15226	1	65000	15000	miss	0
phantom-1	33	Pulse	255	4101264	75247	0
phantom-1	33	Picture	blank2	4106921	80903	1	15226	1	80000	15000	other	0
phantom-1	33	Pulse	255	4121264	95247	0
phantom-1	34	Picture	cross	4122313	0	1	4226	1	0	4000	other	0
phantom-1	34	Picture	40	4127372	5059	1	15226	1	5000	15000	other	0
phantom-1	34	Pulse	255	4141264	18951	0
phantom-1	34	Picture	cross	4142598	20285	1	30227	1	20000	30000	other	0
phantom-1	34	Pulse	255	4161265	38951	0
phantom-1	34	Nothing	45	4172598	50285	1			50000		other	0
phantom-1	34	Pulse	255	4181265	58951	0
phantom-1	34	Picture	response	4187824	65511	1	15226	1	65000	15000	miss	0
phantom-1	34	Pulse	255	4201264	78951	0
phantom-1	34	Picture	blank2	4203050	80737	1	55226	1	80000	55000	other	0
phantom-1	34	Pulse	255	4221264	98951	0
phantom-1	34	Pulse	255	4241265	118952	0
phantom-1	35	Picture	cross	4258442	0	1	4226	1	0	4000	other	0
phantom-1	35	Pulse	255	4261264	2822	0
phantom-1	35	Picture	40	4263668	5226	1	15226	1	5000	15000	other	0
phantom-1	35	Picture	cross	4278894	20452	1	30227	1	20000	30000	other	0
phantom-1	35	Pulse	255	4281264	22822	0
phantom-1	35	Pulse	255	4301264	42822	0
phantom-1	35	Nothing	45	4308894	50452	1			50000		other	0
phantom-1	35	Pulse	255	4321265	62823	0
phantom-1	35	Picture	response	4324120	65678	1	15226	1	65000	15000	miss	0
phantom-1	35	Picture	blank2	4339346	80904	1	40226	1	80000	40000	other	0
phantom-1	35	Pulse	255	4341264	82822	0
phantom-1	35	Pulse	255	4361265	102822	0
phantom-1	36	Picture	cross	4379739	0	1	4226	1	0	4000	other	0
phantom-1	36	Pulse	255	4381264	1526	0
phantom-1	36	Picture	60	4384964	5226	1	15226	1	5000	15000	other	0
phantom-1	36	Picture	cross	4400190	20452	1	30227	1	20000	30000	other	0
phantom-1	36	Pulse	255	4401264	21526	0
phantom-1	36	Pulse	255	4421265	41527	0
phantom-1	36	Nothing	65	4430190	50452	1			50000		other	0
phantom-1	36	Pulse	255	4441264	61526	0
phantom-1	36	Picture	response	4445416	65678	1	15226	1	65000	15000	miss	0
phantom-1	36	Picture	blank2	4460642	80903	1	40226	1	80000	40000	other	0
phantom-1	36	Pulse	255	4461265	81526	0
phantom-1	36	Pulse	255	4481265	101527	0
phantom-1	37	Picture	cross	4501035	0	1	4226	1	0	4000	other	0
phantom-1	37	Pulse	255	4501266	231	0
phantom-1	37	Picture	41	4506261	5226	1	15226	1	5000	15000	other	0
phantom-1	37	Pulse	255	4521265	20230	0
phantom-1	37	Picture	cross	4521487	20452	1	30227	1	20000	30000	other	0
phantom-1	37	Pulse	255	4541265	40231	0
phantom-1	37	Nothing	90	4551487	50452	1			50000		other	0
phantom-1	37	Pulse	255	4561265	60231	0
phantom-1	37	Picture	response	4566712	65678	1	15226	1	65000	15000	miss	0
phantom-1	37	Pulse	255	4581265	80231	0
phantom-1	37	Picture	blank2	4581939	80904	1	15226	1	80000	15000	other	0
