Scenario - loca_mveb
Logfile written - 04/26/2018 14:26:37

Subject	Trial	Event Type	Code	Time	TTime	Uncertainty	Duration	Uncertainty	ReqTime	ReqDur	Stim Type	Pair Index

pilot1	1	Picture	p_startup	10167	0	1	100065	1	0	100000	other	0
pilot1	1	Pulse	255	22831	12665	0
pilot1	2	Picture	p_startup	110398	0	1	100065	1	0	100000	other	0
pilot1	3	Picture	cross	210630	0	1	4065	1	0	4000	other	0
pilot1	3	Picture	61	215695	5065	1	15065	1	5000	15000	other	0
pilot1	3	Picture	cross	230760	20131	1	30066	1	20000	30000	other	0
pilot1	3	Nothing	90	260760	50131	1			50000		other	0
pilot1	3	Picture	response	275826	65196	1	15065	1	65000	15000	hit	9
pilot1	3	Response	1	282318	71688	1
pilot1	3	Picture	blank2	290891	80261	1	15065	1	80000	15000	other	0
pilot1	4	Picture	cross	306122	0	1	4065	1	0	4000	other	0
pilot1	4	Picture	40	311188	5065	1	15065	1	5000	15000	other	0
pilot1	4	Picture	cross	326253	20131	1	30066	1	20000	30000	other	0
pilot1	4	Nothing	45	356253	50131	1			50000		other	0
pilot1	4	Picture	response	371318	65196	1	15065	1	65000	15000	hit	16
pilot1	4	Response	1	377880	71757	1
pilot1	4	Picture	blank2	386383	80261	1	25065	1	80000	25000	other	0
pilot1	5	Picture	cross	411615	0	1	4065	1	0	4000	other	0
pilot1	5	Picture	60	416680	5065	1	15065	1	5000	15000	other	0
pilot1	5	Picture	cross	431746	20131	1	30066	1	20000	30000	other	0
pilot1	5	Nothing	65	461746	50131	1			50000		other	0
pilot1	5	Picture	response	476811	65196	1	15065	1	65000	15000	hit	23
pilot1	5	Response	2	483415	71800	1
pilot1	5	Picture	blank2	491876	80261	1	15065	1	80000	15000	other	0
pilot1	6	Picture	cross	507108	0	1	4065	1	0	4000	other	0
pilot1	6	Picture	20	512173	5065	1	15065	1	5000	15000	other	0
pilot1	6	Picture	cross	527238	20130	1	30066	1	20000	30000	other	0
pilot1	6	Nothing	25	557238	50130	1			50000		other	0
pilot1	6	Picture	response	572303	65195	1	15065	1	65000	15000	hit	30
pilot1	6	Response	1	578806	71698	1
pilot1	6	Picture	blank2	587368	80261	1	20065	1	80000	20000	other	0
pilot1	7	Picture	cross	607600	0	1	4065	1	0	4000	other	0
pilot1	7	Picture	60	612666	5065	1	15065	1	5000	15000	other	0
pilot1	7	Picture	cross	627731	20131	1	30066	1	20000	30000	other	0
pilot1	7	Nothing	65	657731	50131	1			50000		other	0
pilot1	7	Picture	response	672796	65196	1	15065	1	65000	15000	hit	38
pilot1	7	Picture	blank2	687861	80261	1	45065	1	80000	45000	other	0
pilot1	7	Response	1	690455	82855	1
pilot1	8	Picture	cross	733093	0	1	4065	1	0	4000	other	0
pilot1	8	Picture	20	738158	5065	1	15065	1	5000	15000	other	0
pilot1	8	Picture	cross	753223	20131	1	30066	1	20000	30000	other	0
pilot1	8	Nothing	25	783223	50131	1			50000		other	0
pilot1	8	Picture	response	798288	65196	1	15065	1	65000	15000	hit	44
pilot1	8	Response	2	806629	73537	1
pilot1	8	Picture	blank2	813354	80261	1	35065	1	80000	35000	other	0
pilot1	9	Picture	cross	848585	0	1	4065	1	0	4000	other	0
pilot1	9	Picture	61	853651	5065	1	15065	1	5000	15000	other	0
pilot1	9	Picture	cross	868716	20131	1	30066	1	20000	30000	other	0
pilot1	9	Nothing	90	898716	50131	1			50000		other	0
pilot1	9	Picture	response	913781	65196	1	15065	1	65000	15000	hit	51
pilot1	9	Response	2	924974	76388	1
pilot1	9	Picture	blank2	928846	80261	1	45065	1	80000	45000	other	0
pilot1	10	Picture	cross	974078	0	1	4065	1	0	4000	other	0
pilot1	10	Picture	41	979144	5065	1	15065	1	5000	15000	other	0
pilot1	10	Picture	cross	994209	20131	1	30066	1	20000	30000	other	0
pilot1	10	Nothing	90	1024209	50131	1			50000		other	0
pilot1	10	Picture	response	1039274	65196	1	15065	1	65000	15000	hit	58
pilot1	10	Response	1	1047759	73681	1
pilot1	10	Picture	blank2	1054339	80261	1	10065	1	80000	10000	other	0
pilot1	11	Picture	cross	1064571	0	1	4065	1	0	4000	other	0
pilot1	11	Picture	20	1069636	5065	1	15065	1	5000	15000	other	0
pilot1	11	Picture	cross	1084701	20130	1	30066	1	20000	30000	other	0
pilot1	11	Nothing	25	1114701	50130	1			50000		other	0
pilot1	11	Picture	response	1129766	65196	1	15065	1	65000	15000	hit	65
pilot1	11	Response	2	1135015	70444	1
pilot1	11	Picture	blank2	1144831	80261	1	20065	1	80000	20000	other	0
pilot1	12	Picture	cross	1165063	0	1	4065	1	0	4000	other	0
pilot1	12	Picture	41	1170128	5065	1	15065	1	5000	15000	other	0
pilot1	12	Picture	cross	1185194	20131	1	30066	1	20000	30000	other	0
pilot1	12	Nothing	90	1215194	50131	1			50000		other	0
pilot1	12	Picture	response	1230259	65196	1	15065	1	65000	15000	hit	72
pilot1	12	Response	1	1235046	69983	1
pilot1	12	Picture	blank2	1245324	80261	1	30065	1	80000	30000	other	0
pilot1	13	Picture	cross	1275556	0	1	4065	1	0	4000	other	0
pilot1	13	Picture	40	1280621	5065	1	15065	1	5000	15000	other	0
pilot1	13	Picture	cross	1295686	20131	1	30066	1	20000	30000	other	0
pilot1	13	Nothing	45	1325686	50131	1			50000		other	0
pilot1	13	Picture	response	1340751	65196	1	15065	1	65000	15000	hit	79
pilot1	13	Response	2	1349617	74061	1
pilot1	13	Picture	blank2	1355817	80261	1	40065	1	80000	40000	other	0
pilot1	14	Picture	cross	1396049	0	1	4065	1	0	4000	other	0
pilot1	14	Picture	21	1401114	5065	1	15065	1	5000	15000	other	0
pilot1	14	Picture	cross	1416179	20131	1	30066	1	20000	30000	other	0
pilot1	14	Nothing	90	1446179	50131	1			50000		other	0
pilot1	14	Picture	response	1461244	65196	1	15065	1	65000	15000	hit	86
pilot1	14	Response	2	1467799	71750	1
pilot1	14	Picture	blank2	1476309	80261	1	10065	1	80000	10000	other	0
pilot1	15	Picture	cross	1486541	0	1	4065	1	0	4000	other	0
pilot1	15	Picture	60	1491606	5065	1	15065	1	5000	15000	other	0
pilot1	15	Picture	cross	1506672	20131	1	30066	1	20000	30000	other	0
pilot1	15	Nothing	65	1536672	50131	1			50000		other	0
pilot1	15	Picture	response	1551737	65196	1	15065	1	65000	15000	hit	93
pilot1	15	Response	1	1560926	74385	1
pilot1	15	Picture	blank2	1566802	80261	1	30065	1	80000	30000	other	0
pilot1	16	Picture	cross	1597033	0	1	4065	1	0	4000	other	0
pilot1	16	Picture	61	1602099	5065	1	15065	1	5000	15000	other	0
pilot1	16	Picture	cross	1617164	20130	1	30066	1	20000	30000	other	0
pilot1	16	Nothing	90	1647164	50130	1			50000		other	0
pilot1	16	Picture	response	1662229	65196	1	15065	1	65000	15000	hit	100
pilot1	16	Response	1	1668749	71716	1
pilot1	16	Picture	blank2	1677294	80261	1	15065	1	80000	15000	other	0
pilot1	17	Picture	cross	1692526	0	1	4065	1	0	4000	other	0
pilot1	17	Picture	61	1697591	5065	1	15065	1	5000	15000	other	0
pilot1	17	Picture	cross	1712656	20130	1	30066	1	20000	30000	other	0
pilot1	17	Nothing	90	1742656	50130	1			50000		other	0
pilot1	17	Picture	response	1757721	65196	1	15065	1	65000	15000	hit	107
pilot1	17	Response	2	1768026	75500	1
pilot1	17	Picture	blank2	1772787	80261	1	20065	1	80000	20000	other	0
pilot1	18	Picture	cross	1793018	0	1	4065	1	0	4000	other	0
pilot1	18	Picture	20	1798084	5065	1	15065	1	5000	15000	other	0
pilot1	18	Picture	cross	1813149	20131	1	30091	1	20000	30000	other	0
pilot1	18	Nothing	25	1843149	50131	1			50000		other	0
pilot1	18	Picture	response	1858214	65196	1	15065	1	65000	15000	hit	114
pilot1	18	Response	1	1863610	70592	1
pilot1	18	Picture	blank2	1873279	80261	1	40065	1	80000	40000	other	0
pilot1	19	Picture	cross	1913511	0	1	4065	1	0	4000	other	0
pilot1	19	Picture	20	1918577	5065	1	15065	1	5000	15000	other	0
pilot1	19	Picture	cross	1933642	20131	1	30066	1	20000	30000	other	0
pilot1	19	Nothing	25	1963642	50131	1			50000		other	0
pilot1	19	Picture	response	1978707	65196	1	15065	1	65000	15000	hit	121
pilot1	19	Response	1	1988725	75214	1
pilot1	19	Picture	blank2	1993772	80261	1	15065	1	80000	15000	other	0
pilot1	20	Picture	cross	2009004	0	1	4065	1	0	4000	other	0
pilot1	20	Picture	61	2014069	5066	1	15065	1	5000	15000	other	0
pilot1	20	Picture	cross	2029134	20131	1	30066	1	20000	30000	other	0
pilot1	20	Nothing	90	2059134	50131	1			50000		other	0
pilot1	20	Picture	response	2074199	65196	1	15065	1	65000	15000	hit	128
pilot1	20	Response	2	2081985	72981	1
pilot1	20	Picture	blank2	2089264	80261	1	20065	1	80000	20000	other	0
pilot1	21	Picture	cross	2109496	0	1	4065	1	0	4000	other	0
pilot1	21	Picture	40	2114562	5065	1	15065	1	5000	15000	other	0
pilot1	21	Picture	cross	2129627	20130	1	30066	1	20000	30000	other	0
pilot1	21	Nothing	45	2159627	50130	1			50000		other	0
pilot1	21	Picture	response	2174692	65196	1	15065	1	65000	15000	hit	135
pilot1	21	Response	1	2186872	77376	1
pilot1	21	Picture	blank2	2189757	80261	1	30065	1	80000	30000	other	0
pilot1	22	Picture	cross	2219989	0	1	4065	1	0	4000	other	0
pilot1	22	Picture	61	2225054	5065	1	15065	1	5000	15000	other	0
pilot1	22	Picture	cross	2240119	20130	1	30066	1	20000	30000	other	0
pilot1	22	Nothing	90	2270119	50130	1			50000		other	0
pilot1	22	Picture	response	2285185	65196	1	15065	1	65000	15000	hit	143
pilot1	22	Picture	blank2	2300250	80261	1	40065	1	80000	40000	other	0
pilot1	22	Response	1	2303400	83411	1
pilot1	23	Picture	cross	2340482	0	1	4065	1	0	4000	other	0
pilot1	23	Picture	20	2345547	5066	1	15065	1	5000	15000	other	0
pilot1	23	Picture	cross	2360612	20131	1	30066	1	20000	30000	other	0
pilot1	23	Nothing	25	2390612	50131	1			50000		other	0
pilot1	23	Picture	response	2405677	65196	1	15065	1	65000	15000	hit	149
pilot1	23	Response	1	2411895	71414	1
pilot1	23	Picture	blank2	2420742	80261	1	25065	1	80000	25000	other	0
pilot1	24	Picture	cross	2445974	0	1	4065	1	0	4000	other	0
pilot1	24	Picture	41	2451040	5065	1	15065	1	5000	15000	other	0
pilot1	24	Picture	cross	2466105	20131	1	30066	1	20000	30000	other	0
pilot1	24	Nothing	90	2496105	50131	1			50000		other	0
pilot1	24	Picture	response	2511170	65196	1	15065	1	65000	15000	hit	156
pilot1	24	Response	1	2516966	70992	1
pilot1	24	Picture	blank2	2526235	80261	1	10065	1	80000	10000	other	0
pilot1	25	Picture	cross	2536467	0	1	4065	1	0	4000	other	0
pilot1	25	Picture	60	2541532	5065	1	15065	1	5000	15000	other	0
pilot1	25	Picture	cross	2556597	20130	1	30066	1	20000	30000	other	0
pilot1	25	Nothing	65	2586597	50130	1			50000		other	0
pilot1	25	Picture	response	2601662	65196	1	15065	1	65000	15000	hit	163
pilot1	25	Response	1	2612832	76365	1
pilot1	25	Picture	blank2	2616728	80261	1	15065	1	80000	15000	other	0
pilot1	26	Picture	cross	2631959	0	1	4065	1	0	4000	other	0
pilot1	26	Picture	21	2637025	5066	1	15065	1	5000	15000	other	0
pilot1	26	Picture	cross	2652090	20131	1	30066	1	20000	30000	other	0
pilot1	26	Nothing	90	2682090	50131	1			50000		other	0
pilot1	26	Picture	response	2697155	65196	1	15065	1	65000	15000	hit	170
pilot1	26	Response	2	2704695	72736	1
pilot1	26	Picture	blank2	2712220	80261	1	60065	1	80000	60000	other	0
pilot1	27	Picture	cross	2772452	0	1	4065	1	0	4000	other	0
pilot1	27	Picture	41	2777518	5065	1	15065	1	5000	15000	other	0
pilot1	27	Picture	cross	2792583	20130	1	30066	1	20000	30000	other	0
pilot1	27	Nothing	90	2822583	50130	1			50000		other	0
pilot1	27	Picture	response	2837648	65196	1	15065	1	65000	15000	hit	177
pilot1	27	Response	2	2843922	71470	1
pilot1	27	Picture	blank2	2852713	80261	1	40065	1	80000	40000	other	0
pilot1	28	Picture	cross	2892945	0	1	4065	1	0	4000	other	0
pilot1	28	Picture	40	2898010	5065	1	15065	1	5000	15000	other	0
pilot1	28	Picture	cross	2913075	20131	1	30066	1	20000	30000	other	0
pilot1	28	Nothing	45	2943075	50131	1			50000		other	0
pilot1	28	Picture	response	2958140	65196	1	15065	1	65000	15000	hit	184
pilot1	28	Response	2	2966201	73256	1
pilot1	28	Picture	blank2	2973205	80261	1	15065	1	80000	15000	other	0
pilot1	29	Picture	cross	2988437	0	1	4065	1	0	4000	other	0
pilot1	29	Picture	21	2993503	5065	1	15065	1	5000	15000	other	0
pilot1	29	Picture	cross	3008568	20131	1	30067	1	20000	30000	other	0
pilot1	29	Nothing	90	3038568	50131	1			50000		other	0
pilot1	29	Picture	response	3053633	65196	1	15065	1	65000	15000	hit	191
pilot1	29	Response	2	3057228	68791	1
pilot1	29	Picture	blank2	3068698	80261	1	50065	1	80000	50000	other	0
pilot1	30	Picture	cross	3118930	0	1	4065	1	0	4000	other	0
pilot1	30	Picture	60	3123995	5065	1	15065	1	5000	15000	other	0
pilot1	30	Picture	cross	3139061	20131	1	30066	1	20000	30000	other	0
pilot1	30	Nothing	65	3169061	50131	1			50000		other	0
pilot1	30	Picture	response	3184126	65196	1	15065	1	65000	15000	hit	198
pilot1	30	Response	2	3192065	73135	1
pilot1	30	Picture	blank2	3199191	80261	1	10065	1	80000	10000	other	0
pilot1	31	Picture	cross	3209423	0	1	4065	1	0	4000	other	0
pilot1	31	Picture	41	3214488	5065	1	15065	1	5000	15000	other	0
pilot1	31	Picture	cross	3229553	20130	1	30066	1	20000	30000	other	0
pilot1	31	Nothing	90	3259553	50130	1			50000		other	0
pilot1	31	Picture	response	3274618	65196	1	15065	1	65000	15000	hit	205
pilot1	31	Response	2	3281145	71723	1
pilot1	31	Picture	blank2	3289683	80261	1	30065	1	80000	30000	other	0
pilot1	32	Picture	cross	3319915	0	1	4065	1	0	4000	other	0
pilot1	32	Picture	21	3324981	5065	1	15065	1	5000	15000	other	0
pilot1	32	Picture	cross	3340046	20131	1	30066	1	20000	30000	other	0
pilot1	32	Nothing	90	3370046	50131	1			50000		other	0
pilot1	32	Picture	response	3385111	65196	1	15065	1	65000	15000	hit	212
pilot1	32	Response	1	3389884	69969	1
pilot1	32	Picture	blank2	3400176	80261	1	60065	1	80000	60000	other	0
pilot1	33	Picture	cross	3460408	0	1	4065	1	0	4000	other	0
pilot1	33	Picture	21	3465474	5065	1	15065	1	5000	15000	other	0
pilot1	33	Picture	cross	3480539	20131	1	30066	1	20000	30000	other	0
pilot1	33	Nothing	90	3510539	50131	1			50000		other	0
pilot1	33	Picture	response	3525604	65196	1	15065	1	65000	15000	hit	219
pilot1	33	Response	1	3531960	71552	1
pilot1	33	Picture	blank2	3540669	80261	1	30065	1	80000	30000	other	0
pilot1	34	Picture	cross	3570901	0	1	4065	1	0	4000	other	0
pilot1	34	Picture	21	3575966	5065	1	15065	1	5000	15000	other	0
pilot1	34	Picture	cross	3591031	20130	1	30066	1	20000	30000	other	0
pilot1	34	Nothing	90	3621031	50130	1			50000		other	0
pilot1	34	Picture	response	3636096	65195	1	15065	1	65000	15000	hit	226
pilot1	34	Response	1	3643559	72658	1
pilot1	34	Picture	blank2	3651161	80261	1	15065	1	80000	15000	other	0
pilot1	35	Picture	cross	3666393	0	1	4065	1	0	4000	other	0
pilot1	35	Picture	40	3671459	5066	1	15066	1	5000	15000	other	0
pilot1	35	Picture	cross	3686524	20131	1	30066	1	20000	30000	other	0
pilot1	35	Nothing	45	3716524	50131	1			50000		other	0
pilot1	35	Picture	response	3731589	65196	1	15065	1	65000	15000	hit	234
pilot1	35	Picture	blank2	3746654	80261	1	55065	1	80000	55000	other	0
pilot1	35	Response	2	3747691	81298	1
pilot1	36	Picture	cross	3801886	0	1	4065	1	0	4000	other	0
pilot1	36	Picture	40	3806952	5065	1	15065	1	5000	15000	other	0
pilot1	36	Picture	cross	3822017	20131	1	30066	1	20000	30000	other	0
pilot1	36	Nothing	45	3852017	50131	1			50000		other	0
pilot1	36	Picture	response	3867082	65196	1	15065	1	65000	15000	hit	240
pilot1	36	Response	1	3874479	72593	1
pilot1	36	Picture	blank2	3882147	80261	1	40065	1	80000	40000	other	0
pilot1	37	Picture	cross	3922379	0	1	4065	1	0	4000	other	0
pilot1	37	Picture	60	3927444	5065	1	15065	1	5000	15000	other	0
pilot1	37	Picture	cross	3942509	20131	1	30066	1	20000	30000	other	0
pilot1	37	Nothing	65	3972509	50131	1			50000		other	0
pilot1	37	Picture	response	3987574	65196	1	15065	1	65000	15000	hit	247
pilot1	37	Response	2	3992766	70387	1
pilot1	37	Picture	blank2	4002639	80261	1	40065	1	80000	40000	other	0
pilot1	38	Picture	cross	4042871	0	1	4065	1	0	4000	other	0
pilot1	38	Picture	41	4047937	5065	1	15065	1	5000	15000	other	0
pilot1	38	Picture	cross	4063002	20131	1	30066	1	20000	30000	other	0
pilot1	38	Nothing	90	4093002	50131	1			50000		other	0
pilot1	38	Picture	response	4108067	65196	1	15065	1	65000	15000	hit	254
pilot1	38	Response	2	4116761	73890	1
pilot1	38	Picture	blank2	4123132	80261	1	15065	1	80000	15000	other	0
