Scenario - loca_mveb
Logfile written - 04/27/2018 12:59:36

Subject	Trial	Event Type	Code	Time	TTime	Uncertainty	Duration	Uncertainty	ReqTime	ReqDur	Stim Type	Pair Index

test	1	Picture	p_startup	10166	0	1	100065	1	0	100000	other	0
test	1	Pulse	255	18147	7981	0
test	2	Picture	p_startup	110398	0	1	100065	1	0	100000	other	0
test	3	Picture	cross	210630	0	1	4065	1	0	4000	other	0
test	3	Picture	20	215696	5066	1	15065	1	5000	15000	other	0
test	3	Picture	cross	230761	20131	1	30066	1	20000	30000	other	0
test	3	Nothing	25	260761	50131	1			50000		other	0
test	3	Picture	response	275826	65196	1	15065	1	65000	15000	hit	9
test	3	Response	1	284132	73502	1
test	3	Picture	blank2	290891	80261	1	20066	1	80000	20000	other	0
test	4	Picture	cross	311123	0	1	4065	1	0	4000	other	0
test	4	Picture	40	316189	5065	1	15065	1	5000	15000	other	0
test	4	Picture	cross	331254	20131	1	30066	1	20000	30000	other	0
test	4	Nothing	45	361254	50131	1			50000		other	0
test	4	Picture	response	376319	65196	1	15065	1	65000	15000	hit	16
test	4	Response	2	383529	72406	1
test	4	Picture	blank2	391384	80261	1	15065	1	80000	15000	other	0
test	5	Picture	cross	406616	0	1	4065	1	0	4000	other	0
test	5	Picture	20	411682	5065	1	15065	1	5000	15000	other	0
test	5	Picture	cross	426747	20131	1	30066	1	20000	30000	other	0
test	5	Nothing	25	456747	50131	1			50000		other	0
test	5	Picture	response	471812	65196	1	15065	1	65000	15000	hit	23
test	5	Response	1	476344	69728	1
test	5	Picture	blank2	486877	80261	1	20065	1	80000	20000	other	0
test	6	Picture	cross	507109	0	1	4065	1	0	4000	other	0
test	6	Picture	40	512174	5065	1	15065	1	5000	15000	other	0
test	6	Picture	cross	527239	20130	1	30066	1	20000	30000	other	0
test	6	Nothing	45	557239	50130	1			50000		other	0
test	6	Picture	response	572304	65196	1	15065	1	65000	15000	hit	30
test	6	Response	1	579816	72708	1
test	6	Picture	blank2	587369	80261	1	30065	1	80000	30000	other	0
test	7	Picture	cross	617601	0	1	4065	1	0	4000	other	0
test	7	Picture	61	622667	5065	1	15065	1	5000	15000	other	0
test	7	Picture	cross	637732	20131	1	30066	1	20000	30000	other	0
test	7	Nothing	90	667732	50131	1			50000		other	0
test	7	Picture	response	682797	65196	1	15065	1	65000	15000	hit	37
test	7	Response	1	687587	69986	1
test	7	Picture	blank2	697862	80261	1	40065	1	80000	40000	other	0
test	8	Picture	cross	738094	0	1	4065	1	0	4000	other	0
test	8	Picture	40	743159	5066	1	15065	1	5000	15000	other	0
test	8	Picture	cross	758224	20131	1	30066	1	20000	30000	other	0
test	8	Nothing	45	788224	50131	1			50000		other	0
test	8	Picture	response	803289	65196	1	15065	1	65000	15000	hit	44
test	8	Response	1	808467	70374	1
test	8	Picture	blank2	818354	80261	1	40065	1	80000	40000	other	0
test	9	Picture	cross	858586	0	1	4065	1	0	4000	other	0
test	9	Picture	20	863652	5065	1	15065	1	5000	15000	other	0
test	9	Picture	cross	878717	20130	1	30066	1	20000	30000	other	0
test	9	Nothing	25	908717	50130	1			50000		other	0
test	9	Picture	response	923782	65195	1	15065	1	65000	15000	hit	51
test	9	Response	2	930229	71643	1
test	9	Picture	blank2	938847	80260	1	35065	1	80000	35000	other	0
test	10	Picture	cross	974078	0	1	4065	1	0	4000	other	0
test	10	Picture	41	979144	5065	1	15065	1	5000	15000	other	0
test	10	Picture	cross	994209	20130	1	30066	1	20000	30000	other	0
test	10	Nothing	90	1024209	50130	1			50000		other	0
test	10	Picture	response	1039274	65195	1	15065	1	65000	15000	hit	58
test	10	Response	1	1043954	69876	1
test	10	Picture	blank2	1054339	80260	1	30065	1	80000	30000	other	0
test	11	Picture	cross	1084570	0	1	4065	1	0	4000	other	0
test	11	Picture	20	1089636	5065	1	15065	1	5000	15000	other	0
test	11	Picture	cross	1104701	20130	1	30066	1	20000	30000	other	0
test	11	Nothing	25	1134701	50130	1			50000		other	0
test	11	Picture	response	1149765	65195	1	15065	1	65000	15000	hit	65
test	11	Response	1	1159516	74945	1
test	11	Picture	blank2	1164830	80260	1	10065	1	80000	10000	other	0
test	12	Picture	cross	1175062	0	1	4065	1	0	4000	other	0
test	12	Picture	21	1180127	5065	1	15065	1	5000	15000	other	0
test	12	Picture	cross	1195192	20130	1	30066	1	20000	30000	other	0
test	12	Nothing	90	1225192	50130	1			50000		other	0
test	12	Picture	response	1240257	65195	1	15065	1	65000	15000	hit	72
test	12	Response	1	1244470	69408	1
test	12	Picture	blank2	1255322	80260	1	20065	1	80000	20000	other	0
test	13	Picture	cross	1275554	0	1	4065	1	0	4000	other	0
test	13	Picture	41	1280619	5065	1	15065	1	5000	15000	other	0
test	13	Picture	cross	1295684	20130	1	30066	1	20000	30000	other	0
test	13	Nothing	90	1325684	50130	1			50000		other	0
test	13	Picture	response	1340749	65195	1	15065	1	65000	15000	hit	79
test	13	Response	1	1345150	69597	1
test	13	Picture	blank2	1355814	80260	1	20065	1	80000	20000	other	0
test	14	Picture	cross	1376045	0	1	4065	1	0	4000	other	0
test	14	Picture	21	1381111	5065	1	15065	1	5000	15000	other	0
test	14	Picture	cross	1396176	20130	1	30066	1	20000	30000	other	0
test	14	Nothing	90	1426176	50130	1			50000		other	0
test	14	Picture	response	1441241	65195	1	15065	1	65000	15000	hit	86
test	14	Response	2	1445132	69086	1
test	14	Picture	blank2	1456305	80260	1	15065	1	80000	15000	other	0
test	15	Picture	cross	1471537	0	1	4065	1	0	4000	other	0
test	15	Picture	61	1476602	5065	1	15065	1	5000	15000	other	0
test	15	Picture	cross	1491667	20130	1	30066	1	20000	30000	other	0
test	15	Nothing	90	1521667	50130	1			50000		other	0
test	15	Picture	response	1536732	65195	1	15065	1	65000	15000	hit	93
test	15	Response	2	1541754	70217	1
test	15	Picture	blank2	1551797	80260	1	50065	1	80000	50000	other	0
test	16	Picture	cross	1602029	0	1	4065	1	0	4000	other	0
test	16	Picture	21	1607094	5065	1	15065	1	5000	15000	other	0
test	16	Picture	cross	1622159	20130	1	30066	1	20000	30000	other	0
test	16	Nothing	90	1652159	50130	1			50000		other	0
test	16	Picture	response	1667224	65195	1	15065	1	65000	15000	hit	100
test	16	Response	1	1672633	70604	1
test	16	Picture	blank2	1682289	80260	1	30065	1	80000	30000	other	0
test	17	Picture	cross	1712521	0	1	4065	1	0	4000	other	0
test	17	Picture	60	1717586	5065	1	15065	1	5000	15000	other	0
test	17	Picture	cross	1732651	20130	1	30066	1	20000	30000	other	0
test	17	Nothing	65	1762651	50130	1			50000		other	0
test	17	Picture	response	1777716	65195	1	15065	1	65000	15000	hit	107
test	17	Response	1	1784547	72026	1
test	17	Picture	blank2	1792781	80260	1	20065	1	80000	20000	other	0
test	18	Picture	cross	1813013	0	1	4065	1	0	4000	other	0
test	18	Picture	41	1818078	5065	1	15065	1	5000	15000	other	0
test	18	Picture	cross	1833143	20130	1	30066	1	20000	30000	other	0
test	18	Nothing	90	1863143	50130	1			50000		other	0
test	18	Picture	response	1878208	65195	1	15065	1	65000	15000	hit	114
test	18	Response	2	1882878	69865	1
test	18	Picture	blank2	1893273	80260	1	30065	1	80000	30000	other	0
test	19	Picture	cross	1923505	0	1	4065	1	0	4000	other	0
test	19	Picture	61	1928570	5065	1	15065	1	5000	15000	other	0
test	19	Picture	cross	1943635	20130	1	30066	1	20000	30000	other	0
test	19	Nothing	90	1973635	50130	1			50000		other	0
test	19	Picture	response	1988700	65195	1	15065	1	65000	15000	hit	121
test	19	Response	1	1993548	70043	1
test	19	Picture	blank2	2003765	80260	1	15065	1	80000	15000	other	0
test	20	Picture	cross	2018997	0	1	4065	1	0	4000	other	0
test	20	Picture	60	2024062	5065	1	15065	1	5000	15000	other	0
test	20	Picture	cross	2039127	20130	1	30066	1	20000	30000	other	0
test	20	Nothing	65	2069127	50130	1			50000		other	0
test	20	Picture	response	2084192	65195	1	15065	1	65000	15000	hit	128
test	20	Response	1	2090690	71693	1
test	20	Picture	blank2	2099257	80260	1	15065	1	80000	15000	other	0
test	21	Picture	cross	2114488	0	1	4065	1	0	4000	other	0
test	21	Picture	21	2119554	5065	1	15065	1	5000	15000	other	0
test	21	Picture	cross	2134619	20130	1	30066	1	20000	30000	other	0
test	21	Nothing	90	2164619	50130	1			50000		other	0
test	21	Picture	response	2179684	65195	1	15065	1	65000	15000	hit	135
test	21	Response	2	2184508	70019	1
test	21	Picture	blank2	2194749	80260	1	20065	1	80000	20000	other	0
test	22	Picture	cross	2214980	0	1	4065	1	0	4000	other	0
test	22	Picture	61	2220046	5065	1	15065	1	5000	15000	other	0
test	22	Picture	cross	2235111	20130	1	30066	1	20000	30000	other	0
test	22	Nothing	90	2265111	50130	1			50000		other	0
test	22	Picture	response	2280175	65195	1	15065	1	65000	15000	hit	142
test	22	Response	2	2284335	69354	1
test	22	Picture	blank2	2295240	80260	1	15065	1	80000	15000	other	0
test	23	Picture	cross	2310472	0	1	4065	1	0	4000	other	0
test	23	Picture	40	2315537	5065	1	15065	1	5000	15000	other	0
test	23	Picture	cross	2330602	20130	1	30066	1	20000	30000	other	0
test	23	Nothing	45	2360602	50130	1			50000		other	0
test	23	Picture	response	2375667	65195	1	15065	1	65000	15000	hit	149
test	23	Response	2	2382186	71714	1
test	23	Picture	blank2	2390732	80260	1	15065	1	80000	15000	other	0
test	24	Picture	cross	2405964	0	1	4065	1	0	4000	other	0
test	24	Picture	60	2411029	5065	1	15065	1	5000	15000	other	0
test	24	Picture	cross	2426094	20131	1	30066	1	20000	30000	other	0
test	24	Nothing	65	2456094	50131	1			50000		other	0
test	24	Picture	response	2471159	65195	1	15065	1	65000	15000	hit	156
test	24	Response	1	2482392	76428	1
test	24	Picture	blank2	2486224	80260	1	10065	1	80000	10000	other	0
test	25	Picture	cross	2496456	0	1	4065	1	0	4000	other	0
test	25	Picture	61	2501521	5065	1	15065	1	5000	15000	other	0
test	25	Picture	cross	2516586	20130	1	30066	1	20000	30000	other	0
test	25	Nothing	90	2546586	50130	1			50000		other	0
test	25	Picture	response	2561651	65195	1	15065	1	65000	15000	hit	163
test	25	Response	1	2569770	73314	1
test	25	Picture	blank2	2576716	80260	1	30065	1	80000	30000	other	0
test	26	Picture	cross	2606948	0	1	4065	1	0	4000	other	0
test	26	Picture	60	2612013	5065	1	15065	1	5000	15000	other	0
test	26	Picture	cross	2627078	20130	1	30066	1	20000	30000	other	0
test	26	Nothing	65	2657078	50130	1			50000		other	0
test	26	Picture	response	2672143	65195	1	15065	1	65000	15000	hit	170
test	26	Response	2	2678147	71199	1
test	26	Picture	blank2	2687208	80260	1	20065	1	80000	20000	other	0
test	27	Picture	cross	2707440	0	1	4065	1	0	4000	other	0
test	27	Picture	40	2712505	5065	1	15065	1	5000	15000	other	0
test	27	Picture	cross	2727570	20130	1	30066	1	20000	30000	other	0
test	27	Nothing	45	2757570	50130	1			50000		other	0
test	27	Picture	response	2772635	65195	1	15065	1	65000	15000	hit	177
test	27	Response	1	2781283	73844	1
test	27	Picture	blank2	2787700	80260	1	20065	1	80000	20000	other	0
test	28	Picture	cross	2807932	0	1	4065	1	0	4000	other	0
test	28	Picture	21	2812997	5065	1	15065	1	5000	15000	other	0
test	28	Picture	cross	2828062	20130	1	30066	1	20000	30000	other	0
test	28	Nothing	90	2858062	50130	1			50000		other	0
test	28	Picture	response	2873127	65195	1	15065	1	65000	15000	hit	184
test	28	Response	1	2878899	70967	1
test	28	Picture	blank2	2888192	80260	1	40065	1	80000	40000	other	0
test	29	Picture	cross	2928424	0	1	4065	1	0	4000	other	0
test	29	Picture	61	2933489	5065	1	15065	1	5000	15000	other	0
test	29	Picture	cross	2948554	20130	1	30066	1	20000	30000	other	0
test	29	Nothing	90	2978554	50130	1			50000		other	0
test	29	Picture	response	2993619	65195	1	15065	1	65000	15000	hit	191
test	29	Response	2	2998899	70476	1
test	29	Picture	blank2	3008684	80260	1	30065	1	80000	30000	other	0
test	30	Picture	cross	3038916	0	1	4065	1	0	4000	other	0
test	30	Picture	40	3043981	5065	1	15065	1	5000	15000	other	0
test	30	Picture	cross	3059046	20130	1	30066	1	20000	30000	other	0
test	30	Nothing	45	3089046	50130	1			50000		other	0
test	30	Picture	response	3104111	65195	1	15065	1	65000	15000	hit	198
test	30	Response	2	3109785	70870	1
test	30	Picture	blank2	3119176	80260	1	40065	1	80000	40000	other	0
test	31	Picture	cross	3159408	0	1	4065	1	0	4000	other	0
test	31	Picture	21	3164473	5065	1	15065	1	5000	15000	other	0
test	31	Picture	cross	3179538	20131	1	30066	1	20000	30000	other	0
test	31	Nothing	90	3209538	50131	1			50000		other	0
test	31	Picture	response	3224603	65196	1	15065	1	65000	15000	hit	205
test	31	Response	2	3229815	70408	1
test	31	Picture	blank2	3239668	80261	1	15065	1	80000	15000	other	0
test	32	Picture	cross	3254900	0	1	4065	1	0	4000	other	0
test	32	Picture	41	3259965	5065	1	15065	1	5000	15000	other	0
test	32	Picture	cross	3275030	20130	1	30066	1	20000	30000	other	0
test	32	Nothing	90	3305030	50130	1			50000		other	0
test	32	Picture	response	3320095	65195	1	15065	1	65000	15000	hit	212
test	32	Response	2	3325538	70638	1
test	32	Picture	blank2	3335160	80260	1	20065	1	80000	20000	other	0
test	33	Picture	cross	3355392	0	1	4065	1	0	4000	other	0
test	33	Picture	41	3360457	5065	1	15065	1	5000	15000	other	0
test	33	Picture	cross	3375522	20130	1	30066	1	20000	30000	other	0
test	33	Nothing	90	3405522	50130	1			50000		other	0
test	33	Picture	response	3420587	65195	1	15065	1	65000	15000	hit	219
test	33	Response	1	3426979	71587	1
test	33	Picture	blank2	3435652	80260	1	15065	1	80000	15000	other	0
test	34	Picture	cross	3450884	0	1	4065	1	0	4000	other	0
test	34	Picture	41	3455949	5066	1	15065	1	5000	15000	other	0
test	34	Picture	cross	3471014	20131	1	30066	1	20000	30000	other	0
test	34	Nothing	90	3501014	50131	1			50000		other	0
test	34	Picture	response	3516079	65196	1	15065	1	65000	15000	hit	226
test	34	Response	2	3522854	71970	1
test	34	Picture	blank2	3531144	80261	1	35065	1	80000	35000	other	0
test	35	Picture	cross	3566376	0	1	4065	1	0	4000	other	0
test	35	Picture	60	3571441	5065	1	15065	1	5000	15000	other	0
test	35	Picture	cross	3586506	20130	1	30066	1	20000	30000	other	0
test	35	Nothing	65	3616506	50130	1			50000		other	0
test	35	Picture	response	3631571	65195	1	15065	1	65000	15000	hit	233
test	35	Response	2	3637539	71163	1
test	35	Picture	blank2	3646636	80260	1	20065	1	80000	20000	other	0
test	36	Picture	cross	3666868	0	1	4065	1	0	4000	other	0
test	36	Picture	21	3671933	5065	1	15065	1	5000	15000	other	0
test	36	Picture	cross	3686998	20130	1	30066	1	20000	30000	other	0
test	36	Nothing	90	3716998	50130	1			50000		other	0
test	36	Picture	response	3732063	65195	1	15065	1	65000	15000	hit	240
test	36	Response	2	3737797	70929	1
test	36	Picture	blank2	3747128	80260	1	15065	1	80000	15000	other	0
test	37	Picture	cross	3762360	0	1	4065	1	0	4000	other	0
test	37	Picture	20	3767425	5065	1	15065	1	5000	15000	other	0
test	37	Picture	cross	3782490	20130	1	30066	1	20000	30000	other	0
test	37	Nothing	25	3812490	50130	1			50000		other	0
test	37	Picture	response	3827555	65195	1	15065	1	65000	15000	hit	247
test	37	Response	1	3836110	73750	1
test	37	Picture	blank2	3842620	80260	1	20065	1	80000	20000	other	0
test	38	Picture	cross	3862852	0	1	4065	1	0	4000	other	0
test	38	Picture	61	3867917	5065	1	15065	1	5000	15000	other	0
test	38	Picture	cross	3882983	20131	1	30066	1	20000	30000	other	0
test	38	Nothing	90	3912983	50131	1			50000		other	0
test	38	Picture	response	3928047	65195	1	15065	1	65000	15000	hit	254
test	38	Response	2	3933469	70617	1
test	38	Picture	blank2	3943112	80260	1	40065	1	80000	40000	other	0
