Scenario - loca_mveb
Logfile written - 05/28/2018 16:53:21

Subject	Trial	Event Type	Code	Time	TTime	Uncertainty	Duration	Uncertainty	ReqTime	ReqDur	Stim Type	Pair Index

sub-07_2	0	Pulse	255	555806	555806	0
sub-07_2	1	Picture	p_startup	555833	0	1	100197	1	0	100000	other	0
sub-07_2	1	Pulse	255	575807	19973	0
sub-07_2	1	Pulse	255	595807	39973	0
sub-07_2	1	Pulse	255	615806	59973	0
sub-07_2	1	Pulse	255	635807	79973	0
sub-07_2	1	Pulse	255	655807	99974	0
sub-07_2	2	Picture	cross	656197	0	1	4168	1	0	4000	other	0
sub-07_2	2	Picture	20	661366	5168	1	15171	1	5000	15000	other	0
sub-07_2	2	Pulse	255	675806	19609	0
sub-07_2	2	Picture	cross	676537	20340	1	30176	1	20000	30000	other	0
sub-07_2	2	Pulse	255	695807	39610	0
sub-07_2	2	Nothing	25	706537	50340	1			50000		other	0
sub-07_2	2	Pulse	255	715807	59610	0
sub-07_2	2	Picture	response	721717	65520	1	15171	1	65000	15000	hit	16
sub-07_2	2	Response	1	730738	74540	1
sub-07_2	2	Pulse	255	735807	79610	0
sub-07_2	2	Picture	blank2	736889	80691	1	20173	1	80000	20000	other	0
sub-07_2	2	Pulse	255	755807	99610	0
sub-07_2	3	Picture	cross	757228	0	1	4168	1	0	4000	other	0
sub-07_2	3	Picture	40	762397	5168	1	15171	1	5000	15000	other	0
sub-07_2	3	Pulse	255	775797	18569	0
sub-07_2	3	Picture	cross	777568	20340	1	30176	1	20000	30000	other	0
sub-07_2	3	Pulse	255	795797	38569	0
sub-07_2	3	Nothing	45	807568	50340	1			50000		other	0
sub-07_2	3	Pulse	255	815797	58569	0
sub-07_2	3	Picture	response	822748	65520	1	15171	1	65000	15000	hit	28
sub-07_2	3	Response	2	831928	74699	1
sub-07_2	3	Pulse	255	835798	78569	0
sub-07_2	3	Picture	blank2	837920	80691	1	15171	1	80000	15000	other	0
sub-07_2	4	Picture	cross	853258	0	1	4168	1	0	4000	other	0
sub-07_2	4	Pulse	255	855798	2540	0
sub-07_2	4	Picture	20	858426	5168	1	15171	1	5000	15000	other	0
sub-07_2	4	Picture	cross	873597	20340	1	30176	1	20000	30000	other	0
sub-07_2	4	Pulse	255	875798	22540	0
sub-07_2	4	Pulse	255	895798	42540	0
sub-07_2	4	Nothing	25	903597	50340	1			50000		other	0
sub-07_2	4	Pulse	255	915798	62540	0
sub-07_2	4	Picture	response	918778	65520	1	15171	1	65000	15000	hit	40
sub-07_2	4	Response	1	928938	75680	1
sub-07_2	4	Picture	blank2	933949	80691	1	20173	1	80000	20000	other	0
sub-07_2	4	Pulse	255	935798	82541	0
sub-07_2	5	Picture	cross	954289	0	1	4168	1	0	4000	other	0
sub-07_2	5	Pulse	255	955798	1510	0
sub-07_2	5	Picture	40	959457	5168	1	15171	1	5000	15000	other	0
sub-07_2	5	Picture	cross	974628	20340	1	30176	1	20000	30000	other	0
sub-07_2	5	Pulse	255	975798	21510	0
sub-07_2	5	Pulse	255	995798	41509	0
sub-07_2	5	Nothing	45	1004628	50340	1			50000		other	0
sub-07_2	5	Pulse	255	1015798	61510	0
sub-07_2	5	Picture	response	1019809	65520	1	15171	1	65000	15000	miss	0
sub-07_2	5	Response	2	1027948	73659	1
sub-07_2	5	Picture	blank2	1034980	80691	1	30176	1	80000	30000	other	0
sub-07_2	5	Pulse	255	1035798	81510	0
sub-07_2	5	Pulse	255	1055798	101510	0
sub-07_2	6	Picture	cross	1065323	0	1	4168	1	0	4000	other	0
sub-07_2	6	Picture	61	1070491	5168	1	15171	1	5000	15000	other	0
sub-07_2	6	Pulse	255	1075798	10476	0
sub-07_2	6	Picture	cross	1085662	20340	1	30176	1	20000	30000	other	0
sub-07_2	6	Pulse	255	1095798	30476	0
sub-07_2	6	Nothing	90	1115662	50340	1			50000		other	0
sub-07_2	6	Pulse	255	1115799	50476	0
sub-07_2	6	Picture	response	1130843	65520	1	15171	1	65000	15000	hit	65
sub-07_2	6	Pulse	255	1135799	70476	0
sub-07_2	6	Response	1	1138728	73406	1
sub-07_2	6	Picture	blank2	1146014	80691	1	40179	1	80000	40000	other	0
sub-07_2	6	Pulse	255	1155799	90476	0
sub-07_2	6	Pulse	255	1175799	110476	0
sub-07_2	7	Picture	cross	1186360	0	1	4168	1	0	4000	other	0
sub-07_2	7	Picture	40	1191528	5168	1	15171	1	5000	15000	other	0
sub-07_2	7	Pulse	255	1195799	9439	0
sub-07_2	7	Picture	cross	1206699	20340	1	30176	1	20000	30000	other	0
sub-07_2	7	Pulse	255	1215798	29438	0
sub-07_2	7	Pulse	255	1235799	49439	0
sub-07_2	7	Nothing	45	1236699	50340	1			50000		other	0
sub-07_2	7	Picture	response	1251880	65520	1	15171	1	65000	15000	hit	78
sub-07_2	7	Pulse	255	1255799	69440	0
sub-07_2	7	Response	1	1259599	73240	1
sub-07_2	7	Picture	blank2	1267051	80691	1	40179	1	80000	40000	other	0
sub-07_2	7	Pulse	255	1275799	89439	0
sub-07_2	7	Pulse	255	1295799	109440	0
sub-07_2	8	Picture	cross	1307397	0	1	4168	1	0	4000	other	0
sub-07_2	8	Picture	20	1312565	5168	1	15171	1	5000	15000	other	0
sub-07_2	8	Pulse	255	1315799	8403	0
sub-07_2	8	Picture	cross	1327736	20340	1	30176	1	20000	30000	other	0
sub-07_2	8	Pulse	255	1335799	28403	0
sub-07_2	8	Pulse	255	1355799	48403	0
sub-07_2	8	Nothing	25	1357736	50340	1			50000		other	0
sub-07_2	8	Picture	response	1372917	65520	1	15171	1	65000	15000	hit	91
sub-07_2	8	Pulse	255	1375799	68403	0
sub-07_2	8	Response	2	1380240	72843	1
sub-07_2	8	Picture	blank2	1388088	80691	1	35177	1	80000	35000	other	0
sub-07_2	8	Pulse	255	1395800	88403	0
sub-07_2	8	Pulse	255	1415800	108403	0
sub-07_2	9	Picture	cross	1423432	0	1	4168	1	0	4000	other	0
sub-07_2	9	Picture	41	1428600	5168	1	15171	1	5000	15000	other	0
sub-07_2	9	Pulse	255	1435800	12368	0
sub-07_2	9	Picture	cross	1443772	20340	1	30176	1	20000	30000	other	0
sub-07_2	9	Pulse	255	1455799	32367	0
sub-07_2	9	Nothing	90	1473772	50340	1			50000		other	0
sub-07_2	9	Pulse	255	1475799	52367	1
sub-07_2	9	Picture	response	1488952	65520	1	15171	1	65000	15000	hit	103
sub-07_2	9	Response	1	1495729	72297	1
sub-07_2	9	Pulse	255	1495798	72366	0
sub-07_2	9	Picture	blank2	1504123	80691	1	30176	1	80000	30000	other	0
sub-07_2	9	Pulse	255	1515799	92367	0
sub-07_2	10	Picture	cross	1534466	0	1	4168	1	0	4000	other	0
sub-07_2	10	Pulse	255	1535800	1334	0
sub-07_2	10	Picture	20	1539634	5168	1	15171	1	5000	15000	other	0
sub-07_2	10	Picture	cross	1554806	20340	1	30176	1	20000	30000	other	0
sub-07_2	10	Pulse	255	1555799	21333	0
sub-07_2	10	Pulse	255	1575800	41334	0
sub-07_2	10	Nothing	25	1584806	50340	1			50000		other	0
sub-07_2	10	Pulse	255	1595800	61334	0
sub-07_2	10	Picture	response	1599986	65520	1	15171	1	65000	15000	hit	116
sub-07_2	10	Response	1	1609281	74815	1
sub-07_2	10	Picture	blank2	1615157	80691	1	10170	1	80000	10000	other	0
sub-07_2	10	Pulse	255	1615800	81334	0
sub-07_2	11	Picture	cross	1625494	0	1	4168	1	0	4000	other	0
sub-07_2	11	Picture	21	1630662	5168	1	15171	1	5000	15000	other	0
sub-07_2	11	Pulse	255	1635801	10307	0
sub-07_2	11	Picture	cross	1645833	20340	1	30176	1	20000	30000	other	0
sub-07_2	11	Pulse	255	1655800	30307	0
sub-07_2	11	Pulse	255	1675800	50306	0
sub-07_2	11	Nothing	90	1675833	50340	1			50000		other	0
sub-07_2	11	Picture	response	1691014	65520	1	15171	1	65000	15000	hit	128
sub-07_2	11	Pulse	255	1695800	70306	0
sub-07_2	11	Response	1	1697181	71687	1
sub-07_2	11	Picture	blank2	1706185	80691	1	20173	1	80000	20000	other	0
sub-07_2	11	Pulse	255	1715801	90307	0
sub-07_2	12	Picture	cross	1726525	0	1	4168	1	0	4000	other	0
sub-07_2	12	Picture	41	1731693	5168	1	15171	1	5000	15000	other	0
sub-07_2	12	Pulse	255	1735801	9276	0
sub-07_2	12	Picture	cross	1746864	20340	1	30176	1	20000	30000	other	0
sub-07_2	12	Pulse	255	1755801	29276	0
sub-07_2	12	Pulse	255	1775801	49276	0
sub-07_2	12	Nothing	90	1776864	50340	1			50000		other	0
sub-07_2	12	Picture	response	1792045	65520	1	15171	1	65000	15000	hit	140
sub-07_2	12	Pulse	255	1795801	69276	0
sub-07_2	12	Response	1	1799491	72966	1
sub-07_2	12	Picture	blank2	1807216	80691	1	20173	1	80000	20000	other	0
sub-07_2	12	Pulse	255	1815801	89276	0
sub-07_2	13	Picture	cross	1827556	0	1	4168	1	0	4000	other	0
sub-07_2	13	Picture	21	1832724	5168	1	15171	1	5000	15000	other	0
sub-07_2	13	Pulse	255	1835801	8245	0
sub-07_2	13	Picture	cross	1847895	20340	1	30176	1	20000	30000	other	0
sub-07_2	13	Pulse	255	1855801	28246	0
sub-07_2	13	Pulse	255	1875801	48246	0
sub-07_2	13	Nothing	90	1877895	50340	1			50000		other	0
sub-07_2	13	Picture	response	1893076	65520	1	15171	1	65000	15000	hit	152
sub-07_2	13	Pulse	255	1895801	68246	0
sub-07_2	13	Response	2	1905952	78396	1
sub-07_2	13	Picture	blank2	1908247	80691	1	15171	1	80000	15000	other	0
sub-07_2	13	Pulse	255	1915802	88246	0
sub-07_2	14	Picture	cross	1923585	0	1	4168	1	0	4000	other	0
sub-07_2	14	Picture	61	1928753	5168	1	15171	1	5000	15000	other	0
sub-07_2	14	Pulse	255	1935802	12217	0
sub-07_2	14	Picture	cross	1943925	20340	1	30176	1	20000	30000	other	0
sub-07_2	14	Pulse	255	1955802	32217	0
sub-07_2	14	Nothing	90	1973925	50340	1			50000		other	0
sub-07_2	14	Pulse	255	1975802	52217	0
sub-07_2	14	Picture	response	1989105	65520	1	15171	1	65000	15000	hit	164
sub-07_2	14	Pulse	255	1995802	72217	0
sub-07_2	14	Response	2	2001842	78257	1
sub-07_2	14	Picture	blank2	2004276	80691	1	50182	1	80000	50000	other	0
sub-07_2	14	Pulse	255	2015802	92217	0
sub-07_2	14	Pulse	255	2035802	112217	0
sub-07_2	15	Picture	cross	2054625	0	1	4168	1	0	4000	other	0
sub-07_2	15	Pulse	255	2055802	1177	0
sub-07_2	15	Picture	21	2059793	5168	1	15171	1	5000	15000	other	0
sub-07_2	15	Picture	cross	2074965	20340	1	30176	1	20000	30000	other	0
sub-07_2	15	Pulse	255	2075802	21177	0
sub-07_2	15	Pulse	255	2095802	41177	0
sub-07_2	15	Nothing	90	2104965	50340	1			50000		other	0
sub-07_2	15	Pulse	255	2115801	61176	0
sub-07_2	15	Picture	response	2120145	65520	1	15171	1	65000	15000	hit	177
sub-07_2	15	Response	1	2128852	74227	1
sub-07_2	15	Picture	blank2	2135316	80691	1	30176	1	80000	30000	other	0
sub-07_2	15	Pulse	255	2135802	81177	0
sub-07_2	15	Pulse	255	2155802	101177	0
sub-07_2	16	Picture	cross	2165659	0	1	4168	1	0	4000	other	0
sub-07_2	16	Picture	60	2170827	5168	1	15171	1	5000	15000	other	0
sub-07_2	16	Pulse	255	2175802	10143	0
sub-07_2	16	Picture	cross	2185999	20340	1	30176	1	20000	30000	other	0
sub-07_2	16	Pulse	255	2195802	30143	0
sub-07_2	16	Pulse	255	2215803	50144	0
sub-07_2	16	Nothing	65	2215999	50340	1			50000		other	0
sub-07_2	16	Picture	response	2231179	65520	1	15171	1	65000	15000	hit	190
sub-07_2	16	Pulse	255	2235803	70144	0
sub-07_2	16	Response	1	2238563	72904	1
sub-07_2	16	Picture	blank2	2246350	80691	1	20173	1	80000	20000	other	0
sub-07_2	16	Pulse	255	2255802	90143	0
sub-07_2	17	Picture	cross	2266690	0	1	4168	1	0	4000	other	0
sub-07_2	17	Picture	41	2271858	5168	1	15171	1	5000	15000	other	0
sub-07_2	17	Pulse	255	2275803	9113	0
sub-07_2	17	Picture	cross	2287029	20340	1	30176	1	20000	30000	other	0
sub-07_2	17	Pulse	255	2295802	29112	0
sub-07_2	17	Pulse	255	2315802	49112	0
sub-07_2	17	Nothing	90	2317029	50340	1			50000		other	0
sub-07_2	17	Picture	response	2332210	65520	1	15171	1	65000	15000	hit	202
sub-07_2	17	Pulse	255	2335803	69113	0
sub-07_2	17	Response	2	2346613	79923	1
sub-07_2	17	Picture	blank2	2347381	80691	1	30176	1	80000	30000	other	0
sub-07_2	17	Pulse	255	2355802	89113	0
sub-07_2	17	Pulse	255	2375803	109113	0
sub-07_2	18	Picture	cross	2377724	0	1	4168	1	0	4000	other	0
sub-07_2	18	Picture	61	2382892	5168	1	15171	1	5000	15000	other	0
sub-07_2	18	Pulse	255	2395803	18080	0
sub-07_2	18	Picture	cross	2398063	20340	1	30176	1	20000	30000	other	0
sub-07_2	18	Pulse	255	2415802	38078	0
sub-07_2	18	Nothing	90	2428063	50340	1			50000		other	0
sub-07_2	18	Pulse	255	2435803	58080	0
sub-07_2	18	Picture	response	2443244	65520	1	15171	1	65000	15000	hit	214
sub-07_2	18	Response	1	2451084	73360	1
sub-07_2	18	Pulse	255	2455803	78080	0
sub-07_2	18	Picture	blank2	2458415	80691	1	15171	1	80000	15000	other	0
sub-07_2	19	Picture	cross	2473753	0	1	4168	1	0	4000	other	0
sub-07_2	19	Pulse	255	2475803	2050	0
sub-07_2	19	Picture	60	2478921	5168	1	15171	1	5000	15000	other	0
sub-07_2	19	Picture	cross	2494093	20340	1	30176	1	20000	30000	other	0
sub-07_2	19	Pulse	255	2495804	22050	0
sub-07_2	19	Pulse	255	2515804	42050	0
sub-07_2	19	Nothing	65	2524093	50340	1			50000		other	0
sub-07_2	19	Pulse	255	2535803	62050	0
sub-07_2	19	Picture	response	2539273	65520	1	15171	1	65000	15000	hit	226
sub-07_2	19	Response	1	2548454	74701	1
sub-07_2	19	Picture	blank2	2554445	80691	1	15171	1	80000	15000	other	0
sub-07_2	19	Pulse	255	2555803	82050	0
sub-07_2	20	Picture	cross	2569783	0	1	4168	1	0	4000	other	0
sub-07_2	20	Picture	21	2574951	5168	1	15171	1	5000	15000	other	0
sub-07_2	20	Pulse	255	2575804	6021	0
sub-07_2	20	Picture	cross	2590122	20340	1	30176	1	20000	30000	other	0
sub-07_2	20	Pulse	255	2595804	26022	0
sub-07_2	20	Pulse	255	2615803	46021	1
sub-07_2	20	Nothing	90	2620122	50340	1			50000		other	0
sub-07_2	20	Picture	response	2635303	65520	1	15171	1	65000	15000	hit	238
sub-07_2	20	Pulse	255	2635804	66021	0
sub-07_2	20	Response	2	2646994	77212	1
sub-07_2	20	Picture	blank2	2650474	80691	1	20173	1	80000	20000	other	0
sub-07_2	20	Pulse	255	2655805	86022	0
sub-07_2	21	Picture	cross	2670813	0	1	4168	1	0	4000	other	0
sub-07_2	21	Pulse	255	2675804	4991	0
sub-07_2	21	Picture	61	2675982	5168	1	15171	1	5000	15000	other	0
sub-07_2	21	Picture	cross	2691153	20340	1	30176	1	20000	30000	other	0
sub-07_2	21	Pulse	255	2695804	24991	0
sub-07_2	21	Pulse	255	2715805	44991	0
sub-07_2	21	Nothing	90	2721153	50340	1			50000		other	0
sub-07_2	21	Pulse	255	2735804	64991	0
sub-07_2	21	Picture	response	2736333	65520	1	15171	1	65000	15000	hit	250
sub-07_2	21	Response	2	2743485	72671	1
sub-07_2	21	Picture	blank2	2751505	80691	1	15171	1	80000	15000	other	0
sub-07_2	21	Pulse	255	2755804	84991	0
sub-07_2	22	Picture	cross	2766843	0	1	4168	1	0	4000	other	0
sub-07_2	22	Picture	40	2772011	5168	1	15171	1	5000	15000	other	0
sub-07_2	22	Pulse	255	2775805	8962	0
sub-07_2	22	Picture	cross	2787182	20340	1	30176	1	20000	30000	other	0
sub-07_2	22	Pulse	255	2795805	28962	0
sub-07_2	22	Pulse	255	2815805	48962	0
sub-07_2	22	Nothing	45	2817182	50340	1			50000		other	0
sub-07_2	22	Picture	response	2832363	65520	1	15171	1	65000	15000	hit	262
sub-07_2	22	Pulse	255	2835805	68962	0
sub-07_2	22	Response	2	2842655	75813	1
sub-07_2	22	Picture	blank2	2847534	80691	1	15171	1	80000	15000	other	0
sub-07_2	22	Pulse	255	2855804	88961	0
sub-07_2	23	Picture	cross	2862872	0	1	4168	1	0	4000	other	0
sub-07_2	23	Picture	60	2868040	5168	1	15171	1	5000	15000	other	0
sub-07_2	23	Pulse	255	2875804	12932	0
sub-07_2	23	Picture	cross	2883212	20340	1	30176	1	20000	30000	other	0
sub-07_2	23	Pulse	255	2895805	32933	0
sub-07_2	23	Nothing	65	2913212	50340	1			50000		other	0
sub-07_2	23	Pulse	255	2915805	52933	0
sub-07_2	23	Picture	response	2928392	65520	1	15171	1	65000	15000	miss	0
sub-07_2	23	Pulse	255	2935804	72932	0
sub-07_2	23	Response	2	2939805	76933	1
sub-07_2	23	Picture	blank2	2943563	80691	1	10170	1	80000	10000	other	0
sub-07_2	24	Picture	cross	2953900	0	1	4168	1	0	4000	other	0
sub-07_2	24	Pulse	255	2955805	1905	0
sub-07_2	24	Picture	61	2959068	5168	1	15171	1	5000	15000	other	0
sub-07_2	24	Picture	cross	2974240	20340	1	30176	1	20000	30000	other	0
sub-07_2	24	Pulse	255	2975806	21906	0
sub-07_2	24	Pulse	255	2995805	41905	0
sub-07_2	24	Nothing	90	3004240	50340	1			50000		other	0
sub-07_2	24	Pulse	255	3015805	61905	0
sub-07_2	24	Picture	response	3019420	65520	1	15171	1	65000	15000	hit	285
sub-07_2	24	Response	1	3026046	72146	1
sub-07_2	24	Picture	blank2	3034591	80691	1	30176	1	80000	30000	other	0
sub-07_2	24	Pulse	255	3035805	81905	0
sub-07_2	24	Pulse	255	3055805	101905	0
sub-07_2	25	Picture	cross	3064934	0	1	4168	1	0	4000	other	0
sub-07_2	25	Picture	60	3070102	5168	1	15171	1	5000	15000	other	0
sub-07_2	25	Pulse	255	3075805	10871	0
sub-07_2	25	Picture	cross	3085273	20340	1	30176	1	20000	30000	other	0
sub-07_2	25	Pulse	255	3095796	30862	0
sub-07_2	25	Nothing	65	3115273	50340	1			50000		other	0
sub-07_2	25	Pulse	255	3115796	50862	0
sub-07_2	25	Picture	response	3130454	65520	1	15171	1	65000	15000	hit	298
sub-07_2	25	Pulse	255	3135796	70862	0
sub-07_2	25	Response	2	3138975	74041	1
sub-07_2	25	Picture	blank2	3145625	80691	1	20173	1	80000	20000	other	0
sub-07_2	25	Pulse	255	3155796	90862	0
sub-07_2	26	Picture	cross	3165965	0	1	4168	1	0	4000	other	0
sub-07_2	26	Picture	40	3171133	5168	1	15171	1	5000	15000	other	0
sub-07_2	26	Pulse	255	3175796	9831	0
sub-07_2	26	Picture	cross	3186304	20340	1	30176	1	20000	30000	other	0
sub-07_2	26	Pulse	255	3195796	29832	0
sub-07_2	26	Pulse	255	3215796	49831	0
sub-07_2	26	Nothing	45	3216304	50340	1			50000		other	0
sub-07_2	26	Picture	response	3231485	65520	1	15171	1	65000	15000	hit	310
sub-07_2	26	Pulse	255	3235796	69831	0
sub-07_2	26	Response	1	3242035	76071	1
sub-07_2	26	Picture	blank2	3246656	80691	1	20173	1	80000	20000	other	0
sub-07_2	26	Pulse	255	3255796	89832	0
sub-07_2	27	Picture	cross	3266996	0	1	4168	1	0	4000	other	0
sub-07_2	27	Picture	21	3272164	5168	1	15171	1	5000	15000	other	0
sub-07_2	27	Pulse	255	3275797	8801	0
sub-07_2	27	Picture	cross	3287335	20340	1	30176	1	20000	30000	other	0
sub-07_2	27	Pulse	255	3295797	28801	0
sub-07_2	27	Pulse	255	3315797	48801	0
sub-07_2	27	Nothing	90	3317335	50340	1			50000		other	0
sub-07_2	27	Picture	response	3332516	65520	1	15171	1	65000	15000	hit	322
sub-07_2	27	Pulse	255	3335797	68801	0
sub-07_2	27	Response	1	3338647	71651	1
sub-07_2	27	Picture	blank2	3347687	80691	1	40179	1	80000	40000	other	0
sub-07_2	27	Pulse	255	3355797	88801	0
sub-07_2	27	Pulse	255	3375797	108801	0
sub-07_2	28	Picture	cross	3388033	0	1	4168	1	0	4000	other	0
sub-07_2	28	Picture	61	3393201	5168	1	15171	1	5000	15000	other	0
sub-07_2	28	Pulse	255	3395797	7764	0
sub-07_2	28	Picture	cross	3408372	20340	1	30176	1	20000	30000	other	0
sub-07_2	28	Pulse	255	3415797	27764	0
sub-07_2	28	Pulse	255	3435797	47765	0
sub-07_2	28	Nothing	90	3438372	50340	1			50000		other	0
sub-07_2	28	Picture	response	3453553	65520	1	15171	1	65000	15000	hit	335
sub-07_2	28	Pulse	255	3455797	67764	0
sub-07_2	28	Response	2	3461577	73544	1
sub-07_2	28	Picture	blank2	3468724	80691	1	30176	1	80000	30000	other	0
sub-07_2	28	Pulse	255	3475797	87765	0
sub-07_2	28	Pulse	255	3495797	107764	0
sub-07_2	29	Picture	cross	3499067	0	1	4168	1	0	4000	other	0
sub-07_2	29	Picture	40	3504235	5168	1	15171	1	5000	15000	other	0
sub-07_2	29	Pulse	255	3515797	16731	0
sub-07_2	29	Picture	cross	3519406	20340	1	30176	1	20000	30000	other	0
sub-07_2	29	Pulse	255	3535797	36730	0
sub-07_2	29	Nothing	45	3549406	50340	1			50000		other	0
sub-07_2	29	Pulse	255	3555798	56731	0
sub-07_2	29	Picture	response	3564587	65520	1	15171	1	65000	15000	hit	347
sub-07_2	29	Response	2	3573248	74181	1
sub-07_2	29	Pulse	255	3575797	76730	0
sub-07_2	29	Picture	blank2	3579758	80691	1	40179	1	80000	40000	other	0
sub-07_2	29	Pulse	255	3595798	96731	0
sub-07_2	29	Pulse	255	3615797	116730	0
sub-07_2	30	Picture	cross	3620104	0	1	4168	1	0	4000	other	0
sub-07_2	30	Picture	21	3625272	5168	1	15171	1	5000	15000	other	0
sub-07_2	30	Pulse	255	3635797	15693	0
sub-07_2	30	Picture	cross	3640443	20340	1	30176	1	20000	30000	other	0
sub-07_2	30	Pulse	255	3655798	35694	0
sub-07_2	30	Nothing	90	3670443	50340	1			50000		other	0
sub-07_2	30	Pulse	255	3675798	55694	0
sub-07_2	30	Picture	response	3685624	65520	1	15171	1	65000	15000	hit	360
sub-07_2	30	Response	2	3692518	72414	1
sub-07_2	30	Pulse	255	3695798	75694	0
sub-07_2	30	Picture	blank2	3700795	80691	1	15171	1	80000	15000	other	0
sub-07_2	30	Pulse	255	3715798	95694	0
sub-07_2	31	Picture	cross	3716133	0	1	4168	1	0	4000	other	0
sub-07_2	31	Picture	41	3721301	5168	1	15171	1	5000	15000	other	0
sub-07_2	31	Pulse	255	3735798	19665	0
sub-07_2	31	Picture	cross	3736473	20340	1	30176	1	20000	30000	other	0
sub-07_2	31	Pulse	255	3755798	39665	0
sub-07_2	31	Nothing	90	3766473	50340	1			50000		other	0
sub-07_2	31	Pulse	255	3775798	59665	0
sub-07_2	31	Picture	response	3781653	65520	1	15171	1	65000	15000	hit	372
sub-07_2	31	Response	2	3790999	74865	1
sub-07_2	31	Pulse	255	3795799	79665	0
sub-07_2	31	Picture	blank2	3796824	80691	1	20173	1	80000	20000	other	0
sub-07_2	31	Pulse	255	3815798	99665	0
sub-07_2	32	Picture	cross	3817164	0	1	4168	1	0	4000	other	0
sub-07_2	32	Picture	41	3822332	5168	1	15171	1	5000	15000	other	0
sub-07_2	32	Pulse	255	3835798	18634	0
sub-07_2	32	Picture	cross	3837503	20340	1	30176	1	20000	30000	other	0
sub-07_2	32	Pulse	255	3855799	38635	0
sub-07_2	32	Nothing	90	3867503	50340	1			50000		other	0
sub-07_2	32	Pulse	255	3875798	58634	0
sub-07_2	32	Picture	response	3882684	65520	1	15171	1	65000	15000	hit	384
sub-07_2	32	Response	1	3892699	75535	1
sub-07_2	32	Pulse	255	3895798	78634	0
sub-07_2	32	Picture	blank2	3897855	80691	1	15171	1	80000	15000	other	0
sub-07_2	33	Picture	cross	3913193	0	1	4168	1	0	4000	other	0
sub-07_2	33	Pulse	255	3915799	2606	0
sub-07_2	33	Picture	41	3918362	5168	1	15171	1	5000	15000	other	0
sub-07_2	33	Picture	cross	3933533	20340	1	30176	1	20000	30000	other	0
sub-07_2	33	Pulse	255	3935799	22606	0
sub-07_2	33	Pulse	255	3955799	42606	0
sub-07_2	33	Nothing	90	3963533	50340	1			50000		other	0
sub-07_2	33	Pulse	255	3975799	62606	0
sub-07_2	33	Picture	response	3978713	65520	1	15171	1	65000	15000	hit	396
sub-07_2	33	Response	2	3988929	75736	1
sub-07_2	33	Picture	blank2	3993885	80691	1	35177	1	80000	35000	other	0
sub-07_2	33	Pulse	255	3995799	82606	0
sub-07_2	33	Pulse	255	4015799	102606	0
sub-07_2	34	Picture	cross	4029229	0	1	4168	1	0	4000	other	0
sub-07_2	34	Picture	60	4034397	5168	1	15171	1	5000	15000	other	0
sub-07_2	34	Pulse	255	4035799	6571	0
sub-07_2	34	Picture	cross	4049568	20340	1	30176	1	20000	30000	other	0
sub-07_2	34	Pulse	255	4055800	26571	0
sub-07_2	34	Pulse	255	4075799	46570	0
sub-07_2	34	Nothing	65	4079568	50340	1			50000		other	0
sub-07_2	34	Picture	response	4094749	65520	1	15171	1	65000	15000	hit	409
sub-07_2	34	Pulse	255	4095799	66570	0
sub-07_2	34	Response	2	4105600	76371	1
sub-07_2	34	Picture	blank2	4109920	80691	1	20173	1	80000	20000	other	0
sub-07_2	34	Pulse	255	4115800	86571	0
sub-07_2	35	Picture	cross	4130260	0	1	4168	1	0	4000	other	0
sub-07_2	35	Picture	21	4135428	5168	1	15171	1	5000	15000	other	0
sub-07_2	35	Pulse	255	4135799	5540	0
sub-07_2	35	Picture	cross	4150599	20340	1	30176	1	20000	30000	other	0
sub-07_2	35	Pulse	255	4155800	25540	0
sub-07_2	35	Pulse	255	4175799	45540	0
sub-07_2	35	Nothing	90	4180599	50340	1			50000		other	0
sub-07_2	35	Picture	response	4195780	65520	1	15171	1	65000	15000	hit	421
sub-07_2	35	Pulse	255	4195800	65541	0
sub-07_2	35	Response	2	4204740	74481	1
sub-07_2	35	Picture	blank2	4210951	80691	1	15171	1	80000	15000	other	0
sub-07_2	35	Pulse	255	4215800	85540	0
sub-07_2	36	Picture	cross	4226289	0	1	4168	1	0	4000	other	0
sub-07_2	36	Picture	20	4231457	5168	1	15171	1	5000	15000	other	0
sub-07_2	36	Pulse	255	4235800	9511	0
sub-07_2	36	Picture	cross	4246629	20340	1	30176	1	20000	30000	other	0
sub-07_2	36	Pulse	255	4255800	29511	0
sub-07_2	36	Pulse	255	4275800	49511	1
sub-07_2	36	Nothing	25	4276629	50340	1			50000		other	0
sub-07_2	36	Picture	response	4291809	65520	1	15171	1	65000	15000	hit	433
sub-07_2	36	Pulse	255	4295800	69511	0
sub-07_2	36	Response	1	4298831	72541	1
sub-07_2	36	Picture	blank2	4306980	80691	1	20173	1	80000	20000	other	0
sub-07_2	36	Pulse	255	4315800	89511	0
sub-07_2	37	Picture	cross	4327320	0	1	4168	1	0	4000	other	0
sub-07_2	37	Picture	61	4332488	5168	1	15171	1	5000	15000	other	0
sub-07_2	37	Pulse	255	4335800	8480	0
sub-07_2	37	Picture	cross	4347659	20340	1	30176	1	20000	30000	other	0
sub-07_2	37	Pulse	255	4355801	28481	0
sub-07_2	37	Pulse	255	4375801	48481	0
sub-07_2	37	Nothing	90	4377659	50340	1			50000		other	0
sub-07_2	37	Picture	response	4392840	65520	1	15171	1	65000	15000	hit	445
sub-07_2	37	Pulse	255	4395801	68481	0
sub-07_2	37	Response	2	4402670	75350	1
sub-07_2	37	Picture	blank2	4408011	80691	1	40179	1	80000	40000	other	0
sub-07_2	37	Pulse	255	4415801	88481	0
sub-07_2	37	Pulse	255	4435801	108481	0
