Scenario - loca_mveb
Logfile written - 04/16/2019 13:31:57

Subject	Trial	Event Type	Code	Time	TTime	Uncertainty	Duration	Uncertainty	ReqTime	ReqDur	Stim Type	Pair Index

sub-15_1	0	Pulse	255	837793	837793	0
sub-15_1	1	Picture	p_startup	838021	0	1	100226	1	0	100000	other	0
sub-15_1	1	Pulse	255	857793	19771	0
sub-15_1	1	Pulse	255	877793	39772	0
sub-15_1	1	Pulse	255	897793	59772	0
sub-15_1	1	Pulse	255	917793	79772	0
sub-15_1	1	Pulse	255	937793	99772	0
sub-15_1	2	Picture	cross	938414	0	1	4226	1	0	4000	other	0
sub-15_1	2	Picture	61	943640	5226	1	15226	1	5000	15000	other	0
sub-15_1	2	Pulse	255	957793	19379	0
sub-15_1	2	Picture	cross	958866	20452	1	30227	1	20000	30000	other	0
sub-15_1	2	Pulse	255	977794	39379	0
sub-15_1	2	Nothing	90	988866	50452	1			50000		other	0
sub-15_1	2	Pulse	255	997794	59380	0
sub-15_1	2	Picture	response	1004092	65678	1	15226	1	65000	15000	hit	16
sub-15_1	2	Response	1	1008333	69919	1
sub-15_1	2	Pulse	255	1017794	79380	0
sub-15_1	2	Picture	blank2	1019318	80904	1	15226	1	80000	15000	other	0
sub-15_1	3	Picture	cross	1034711	0	1	4226	1	0	4000	other	0
sub-15_1	3	Pulse	255	1037794	3083	0
sub-15_1	3	Picture	40	1039937	5226	1	15226	1	5000	15000	other	0
sub-15_1	3	Picture	cross	1055163	20452	1	30227	1	20000	30000	other	0
sub-15_1	3	Pulse	255	1057794	23083	0
sub-15_1	3	Pulse	255	1077794	43083	0
sub-15_1	3	Nothing	45	1085163	50452	1			50000		other	0
sub-15_1	3	Pulse	255	1097794	63083	0
sub-15_1	3	Picture	response	1100389	65678	1	15226	1	65000	15000	hit	28
sub-15_1	3	Response	1	1110034	75323	1
sub-15_1	3	Picture	blank2	1115615	80904	1	25226	1	80000	25000	other	0
sub-15_1	3	Pulse	255	1117794	83083	0
sub-15_1	3	Pulse	255	1137794	103084	0
sub-15_1	4	Picture	cross	1141008	0	1	4226	1	0	4000	other	0
sub-15_1	4	Picture	60	1146067	5060	1	15226	1	5000	15000	other	0
sub-15_1	4	Pulse	255	1157794	16787	0
sub-15_1	4	Picture	cross	1161293	20286	1	30227	1	20000	30000	other	0
sub-15_1	4	Pulse	255	1177794	36786	0
sub-15_1	4	Nothing	65	1191293	50286	1			50000		other	0
sub-15_1	4	Pulse	255	1197794	56787	0
sub-15_1	4	Picture	response	1206520	65512	1	15226	1	65000	15000	miss	0
sub-15_1	4	Pulse	255	1217794	76787	0
sub-15_1	4	Response	1	1218534	77526	1
sub-15_1	4	Picture	blank2	1221746	80738	1	15226	1	80000	15000	other	0
sub-15_1	5	Picture	cross	1237138	0	1	4226	1	0	4000	other	0
sub-15_1	5	Pulse	255	1237794	656	0
sub-15_1	5	Picture	20	1242364	5226	1	15226	1	5000	15000	other	0
sub-15_1	5	Picture	cross	1257590	20452	1	30227	1	20000	30000	other	0
sub-15_1	5	Pulse	255	1257795	20656	0
sub-15_1	5	Pulse	255	1277794	40656	0
sub-15_1	5	Nothing	25	1287590	50452	1			50000		other	0
sub-15_1	5	Pulse	255	1297795	60657	0
sub-15_1	5	Picture	response	1302816	65678	1	15226	1	65000	15000	hit	52
sub-15_1	5	Response	1	1308344	71206	1
sub-15_1	5	Pulse	255	1317795	80657	0
sub-15_1	5	Picture	blank2	1318042	80904	1	20226	1	80000	20000	other	0
sub-15_1	5	Pulse	255	1337795	100657	0
sub-15_1	6	Picture	cross	1338435	0	1	4143	1	0	4000	other	0
sub-15_1	6	Picture	60	1343578	5144	1	15226	1	5000	15000	other	0
sub-15_1	6	Pulse	255	1357795	19360	0
sub-15_1	6	Picture	cross	1358804	20370	1	30227	1	20000	30000	other	0
sub-15_1	6	Pulse	255	1377795	39360	0
sub-15_1	6	Nothing	65	1388804	50370	1			50000		other	0
sub-15_1	6	Pulse	255	1397795	59361	0
sub-15_1	6	Picture	response	1404030	65596	1	15226	1	65000	15000	hit	64
sub-15_1	6	Response	1	1417165	78730	1
sub-15_1	6	Pulse	255	1417794	79360	0
sub-15_1	6	Picture	blank2	1419256	80822	1	45226	1	80000	45000	other	0
sub-15_1	6	Pulse	255	1437795	99360	0
sub-15_1	6	Pulse	255	1457795	119360	0
sub-15_1	7	Picture	cross	1464649	0	1	4226	1	0	4000	other	0
sub-15_1	7	Picture	20	1469876	5227	1	15226	1	5000	15000	other	0
sub-15_1	7	Pulse	255	1477796	13146	0
sub-15_1	7	Picture	cross	1485102	20453	1	30227	1	20000	30000	other	0
sub-15_1	7	Pulse	255	1497795	33146	0
sub-15_1	7	Nothing	25	1515102	50453	1			50000		other	0
sub-15_1	7	Pulse	255	1517795	53146	0
sub-15_1	7	Picture	response	1530328	65679	1	15226	1	65000	15000	hit	78
sub-15_1	7	Pulse	255	1537795	73146	0
sub-15_1	7	Response	2	1538205	73556	1
sub-15_1	7	Picture	blank2	1545554	80905	1	35226	1	80000	35000	other	0
sub-15_1	7	Pulse	255	1557795	93146	0
sub-15_1	7	Pulse	255	1577796	113147	0
sub-15_1	8	Picture	cross	1580946	0	1	4226	1	0	4000	other	0
sub-15_1	8	Picture	61	1586173	5226	1	15226	1	5000	15000	other	0
sub-15_1	8	Pulse	255	1597796	16849	0
sub-15_1	8	Picture	cross	1601399	20452	1	30227	1	20000	30000	other	0
sub-15_1	8	Pulse	255	1617796	36849	0
sub-15_1	8	Nothing	90	1631399	50452	1			50000		other	0
sub-15_1	8	Pulse	255	1637796	56849	0
sub-15_1	8	Picture	response	1646625	65679	1	15226	1	65000	15000	hit	90
sub-15_1	8	Response	2	1651466	70519	1
sub-15_1	8	Pulse	255	1657796	76849	0
sub-15_1	8	Picture	blank2	1661851	80904	1	45226	1	80000	45000	other	0
sub-15_1	8	Pulse	255	1677796	96850	0
sub-15_1	8	Pulse	255	1697796	116850	0
sub-15_1	9	Picture	cross	1707243	0	1	4227	1	0	4000	other	0
sub-15_1	9	Picture	41	1712470	5227	1	15226	1	5000	15000	other	0
sub-15_1	9	Pulse	255	1717796	10553	0
sub-15_1	9	Picture	cross	1727696	20453	1	30227	1	20000	30000	other	0
sub-15_1	9	Pulse	255	1737796	30553	0
sub-15_1	9	Nothing	90	1757696	50453	1			50000		other	0
sub-15_1	9	Pulse	255	1757796	50553	0
sub-15_1	9	Picture	response	1772922	65679	1	15226	1	65000	15000	hit	104
sub-15_1	9	Pulse	255	1777797	70553	0
sub-15_1	9	Response	1	1778296	71053	1
sub-15_1	9	Picture	blank2	1788148	80905	1	10226	1	80000	10000	other	0
sub-15_1	9	Pulse	255	1797797	90553	0
sub-15_1	10	Picture	cross	1798541	0	1	4226	1	0	4000	other	0
sub-15_1	10	Picture	20	1803767	5226	1	15227	1	5000	15000	other	0
sub-15_1	10	Pulse	255	1817796	19256	0
sub-15_1	10	Picture	cross	1818994	20453	1	30227	1	20000	30000	other	0
sub-15_1	10	Pulse	255	1837797	39256	0
sub-15_1	10	Nothing	25	1848994	50453	1			50000		other	0
sub-15_1	10	Pulse	255	1857797	59256	0
sub-15_1	10	Picture	response	1864220	65679	1	15226	1	65000	15000	hit	115
sub-15_1	10	Response	2	1869117	70576	1
sub-15_1	10	Pulse	255	1877797	79256	0
sub-15_1	10	Picture	blank2	1879446	80905	1	20226	1	80000	20000	other	0
sub-15_1	10	Pulse	255	1897797	99256	0
sub-15_1	11	Picture	cross	1899838	0	1	4227	1	0	4000	other	0
sub-15_1	11	Picture	41	1905065	5227	1	15226	1	5000	15000	other	0
sub-15_1	11	Pulse	255	1917787	17948	0
sub-15_1	11	Picture	cross	1920291	20453	1	30227	1	20000	30000	other	0
sub-15_1	11	Pulse	255	1937787	37948	0
sub-15_1	11	Nothing	90	1950291	50453	1			50000		other	0
sub-15_1	11	Pulse	255	1957787	57949	0
sub-15_1	11	Picture	response	1965518	65679	1	15226	1	65000	15000	hit	127
sub-15_1	11	Response	1	1972287	72449	1
sub-15_1	11	Pulse	255	1977787	77949	0
sub-15_1	11	Picture	blank2	1980744	80905	1	30226	1	80000	30000	other	0
sub-15_1	11	Pulse	255	1997787	97949	0
sub-15_1	12	Picture	cross	2011136	0	1	4226	1	0	4000	other	0
sub-15_1	12	Picture	40	2016363	5227	1	15226	1	5000	15000	other	0
sub-15_1	12	Pulse	255	2017787	6651	0
sub-15_1	12	Picture	cross	2031589	20453	1	30227	1	20000	30000	other	0
sub-15_1	12	Pulse	255	2037788	26651	0
sub-15_1	12	Pulse	255	2057787	46651	0
sub-15_1	12	Nothing	45	2061589	50453	1			50000		other	0
sub-15_1	12	Picture	response	2076815	65679	1	15226	1	65000	15000	hit	140
sub-15_1	12	Pulse	255	2077788	66651	0
sub-15_1	12	Response	2	2082217	71081	1
sub-15_1	12	Picture	blank2	2092041	80904	1	40226	1	80000	40000	other	0
sub-15_1	12	Pulse	255	2097787	86651	0
sub-15_1	12	Pulse	255	2117787	106651	0
sub-15_1	13	Picture	cross	2132433	0	1	4226	1	0	4000	other	0
sub-15_1	13	Picture	21	2137660	5227	1	15226	1	5000	15000	other	0
sub-15_1	13	Pulse	255	2137788	5355	0
sub-15_1	13	Picture	cross	2152886	20453	1	30227	1	20000	30000	other	0
sub-15_1	13	Pulse	255	2157788	25354	0
sub-15_1	13	Pulse	255	2177788	45354	0
sub-15_1	13	Nothing	90	2182886	50453	1			50000		other	0
sub-15_1	13	Pulse	255	2197788	65354	0
sub-15_1	13	Picture	response	2198112	65679	1	15226	1	65000	15000	hit	153
sub-15_1	13	Response	2	2203998	71565	1
sub-15_1	13	Picture	blank2	2213338	80905	1	10227	1	80000	10000	other	0
sub-15_1	13	Pulse	255	2217788	85355	0
sub-15_1	14	Picture	cross	2223731	0	1	4226	1	0	4000	other	0
sub-15_1	14	Picture	60	2228958	5226	1	15226	1	5000	15000	other	0
sub-15_1	14	Pulse	255	2237788	14057	0
sub-15_1	14	Picture	cross	2244184	20453	1	30227	1	20000	30000	other	0
sub-15_1	14	Pulse	255	2257788	34057	0
sub-15_1	14	Nothing	65	2274184	50453	1			50000		other	0
sub-15_1	14	Pulse	255	2277788	54057	0
sub-15_1	14	Picture	response	2289410	65679	1	15226	1	65000	15000	hit	164
sub-15_1	14	Response	1	2295978	72247	1
sub-15_1	14	Pulse	255	2297788	74057	0
sub-15_1	14	Picture	blank2	2304636	80905	1	30226	1	80000	30000	other	0
sub-15_1	14	Pulse	255	2317788	94057	0
sub-15_1	15	Picture	cross	2335029	0	1	4226	1	0	4000	other	0
sub-15_1	15	Pulse	255	2337788	2760	0
sub-15_1	15	Picture	61	2340255	5227	1	15226	1	5000	15000	other	0
sub-15_1	15	Picture	cross	2355481	20453	1	30227	1	20000	30000	other	0
sub-15_1	15	Pulse	255	2357789	22760	0
sub-15_1	15	Pulse	255	2377789	42760	0
sub-15_1	15	Nothing	90	2385481	50453	1			50000		other	0
sub-15_1	15	Pulse	255	2397788	62760	0
sub-15_1	15	Picture	response	2400708	65679	1	15226	1	65000	15000	hit	177
sub-15_1	15	Response	1	2404978	69950	1
sub-15_1	15	Picture	blank2	2415934	80905	1	15226	1	80000	15000	other	0
sub-15_1	15	Pulse	255	2417789	82760	0
sub-15_1	16	Picture	cross	2431326	0	1	4226	1	0	4000	other	0
sub-15_1	16	Picture	61	2436552	5226	1	15226	1	5000	15000	other	0
sub-15_1	16	Pulse	255	2437789	6462	0
sub-15_1	16	Picture	cross	2451779	20452	1	30227	1	20000	30000	other	0
sub-15_1	16	Pulse	255	2457789	26462	0
sub-15_1	16	Pulse	255	2477789	46463	0
sub-15_1	16	Nothing	90	2481779	50452	1			50000		other	0
sub-15_1	16	Picture	response	2497005	65678	1	15226	1	65000	15000	hit	189
sub-15_1	16	Pulse	255	2497789	66463	0
sub-15_1	16	Response	2	2504109	72783	1
sub-15_1	16	Picture	blank2	2512231	80905	1	20226	1	80000	20000	other	0
sub-15_1	16	Pulse	255	2517789	86463	0
sub-15_1	17	Picture	cross	2532623	0	1	4226	1	0	4000	other	0
sub-15_1	17	Pulse	255	2537790	5166	0
sub-15_1	17	Picture	20	2537850	5226	1	15226	1	5000	15000	other	0
sub-15_1	17	Picture	cross	2553076	20452	1	30227	1	20000	30000	other	0
sub-15_1	17	Pulse	255	2557789	25166	0
sub-15_1	17	Pulse	255	2577789	45166	0
sub-15_1	17	Nothing	25	2583076	50452	1			50000		other	0
sub-15_1	17	Pulse	255	2597790	65166	0
sub-15_1	17	Picture	response	2598302	65678	1	15226	1	65000	15000	hit	201
sub-15_1	17	Response	1	2606030	73406	1
sub-15_1	17	Picture	blank2	2613528	80904	1	40226	1	80000	40000	other	0
sub-15_1	17	Pulse	255	2617790	85166	0
sub-15_1	17	Pulse	255	2637789	105166	0
sub-15_1	18	Picture	cross	2653920	0	1	4226	1	0	4000	other	0
sub-15_1	18	Pulse	255	2657790	3870	0
sub-15_1	18	Picture	20	2659146	5226	1	15226	1	5000	15000	other	0
sub-15_1	18	Picture	cross	2674372	20452	1	30227	1	20000	30000	other	0
sub-15_1	18	Pulse	255	2677790	23870	0
sub-15_1	18	Pulse	255	2697790	43870	0
sub-15_1	18	Nothing	25	2704372	50452	1			50000		other	0
sub-15_1	18	Pulse	255	2717790	63869	0
sub-15_1	18	Picture	response	2719598	65678	1	15226	1	65000	15000	hit	214
sub-15_1	18	Response	1	2729960	76040	1
sub-15_1	18	Picture	blank2	2734824	80904	1	15226	1	80000	15000	other	0
sub-15_1	18	Pulse	255	2737790	83870	0
sub-15_1	19	Picture	cross	2750217	0	1	4226	1	0	4000	other	0
sub-15_1	19	Picture	61	2755443	5226	1	15226	1	5000	15000	other	0
sub-15_1	19	Pulse	255	2757790	7573	0
sub-15_1	19	Picture	cross	2770669	20452	1	30227	1	20000	30000	other	0
sub-15_1	19	Pulse	255	2777790	27573	0
sub-15_1	19	Pulse	255	2797790	47573	0
sub-15_1	19	Nothing	90	2800669	50452	1			50000		other	0
sub-15_1	19	Picture	response	2815895	65678	1	15226	1	65000	15000	hit	226
sub-15_1	19	Pulse	255	2817790	67574	0
sub-15_1	19	Response	2	2824960	74743	1
sub-15_1	19	Picture	blank2	2831121	80904	1	20226	1	80000	20000	other	0
sub-15_1	19	Pulse	255	2837790	87574	0
sub-15_1	20	Picture	cross	2851514	0	1	4226	1	0	4000	other	0
sub-15_1	20	Picture	40	2856740	5227	1	15226	1	5000	15000	other	0
sub-15_1	20	Pulse	255	2857790	6277	0
sub-15_1	20	Picture	cross	2871966	20453	1	30227	1	20000	30000	other	0
sub-15_1	20	Pulse	255	2877790	26277	0
sub-15_1	20	Pulse	255	2897790	46277	0
sub-15_1	20	Nothing	45	2901966	50453	1			50000		other	0
sub-15_1	20	Picture	response	2917192	65679	1	15226	1	65000	15000	hit	238
sub-15_1	20	Pulse	255	2917791	66277	0
sub-15_1	20	Response	1	2923270	71757	1
sub-15_1	20	Picture	blank2	2932418	80904	1	30226	1	80000	30000	other	0
sub-15_1	20	Pulse	255	2937791	86277	0
sub-15_1	20	Pulse	255	2957791	106277	0
sub-15_1	21	Picture	cross	2962811	0	1	4227	1	0	4000	other	0
sub-15_1	21	Picture	61	2968038	5227	1	15226	1	5000	15000	other	0
sub-15_1	21	Pulse	255	2977791	14980	0
sub-15_1	21	Picture	cross	2983264	20453	1	30227	1	20000	30000	other	0
sub-15_1	21	Pulse	255	2997791	34980	0
sub-15_1	21	Nothing	90	3013264	50453	1			50000		other	0
sub-15_1	21	Pulse	255	3017791	54980	0
sub-15_1	21	Picture	response	3028490	65679	1	15226	1	65000	15000	hit	250
sub-15_1	21	Response	1	3033871	71060	1
sub-15_1	21	Pulse	255	3037791	74981	0
sub-15_1	21	Picture	blank2	3043716	80905	1	40226	1	80000	40000	other	0
sub-15_1	21	Pulse	255	3057791	94980	0
sub-15_1	21	Pulse	255	3077791	114980	0
sub-15_1	22	Picture	cross	3084108	0	1	4226	1	0	4000	other	0
sub-15_1	22	Picture	20	3089168	5060	1	15226	1	5000	15000	other	0
sub-15_1	22	Pulse	255	3097791	13683	0
sub-15_1	22	Picture	cross	3104394	20286	1	30227	1	20000	30000	other	0
sub-15_1	22	Pulse	255	3117791	33683	0
sub-15_1	22	Nothing	25	3134394	50286	1			50000		other	0
sub-15_1	22	Pulse	255	3137792	53683	0
sub-15_1	22	Picture	response	3149620	65512	1	15226	1	65000	15000	hit	263
sub-15_1	22	Response	1	3155731	71623	1
sub-15_1	22	Pulse	255	3157792	73683	0
sub-15_1	22	Picture	blank2	3164846	80738	1	25226	1	80000	25000	other	0
sub-15_1	22	Pulse	255	3177792	93683	0
sub-15_1	23	Picture	cross	3190239	0	1	4226	1	0	4000	other	0
sub-15_1	23	Picture	41	3195465	5226	1	15226	1	5000	15000	other	0
sub-15_1	23	Pulse	255	3197792	7553	0
sub-15_1	23	Picture	cross	3210691	20452	1	30227	1	20000	30000	other	0
sub-15_1	23	Pulse	255	3217792	27553	0
sub-15_1	23	Pulse	255	3237792	47553	0
sub-15_1	23	Nothing	90	3240691	50452	1			50000		other	0
sub-15_1	23	Picture	response	3255917	65678	1	15227	1	65000	15000	hit	276
sub-15_1	23	Pulse	255	3257792	67553	0
sub-15_1	23	Response	1	3260712	70473	1
sub-15_1	23	Picture	blank2	3271144	80905	1	10226	1	80000	10000	other	0
sub-15_1	23	Pulse	255	3277792	87553	0
sub-15_1	24	Picture	cross	3281536	0	1	4227	1	0	4000	other	0
sub-15_1	24	Picture	60	3286763	5227	1	15226	1	5000	15000	other	0
sub-15_1	24	Pulse	255	3297792	16256	0
sub-15_1	24	Picture	cross	3301990	20453	1	30227	1	20000	30000	other	0
sub-15_1	24	Pulse	255	3317792	36256	0
sub-15_1	24	Nothing	65	3331990	50453	1			50000		other	0
sub-15_1	24	Pulse	255	3337792	56256	0
sub-15_1	24	Picture	response	3347216	65680	1	15226	1	65000	15000	hit	287
sub-15_1	24	Response	1	3357392	75856	1
sub-15_1	24	Pulse	255	3357792	76256	0
sub-15_1	24	Picture	blank2	3362442	80905	1	15226	1	80000	15000	other	0
sub-15_1	24	Pulse	255	3377792	96256	0
sub-15_1	25	Picture	cross	3377834	0	1	4226	1	0	4000	other	0
sub-15_1	25	Picture	21	3383061	5226	1	15226	1	5000	15000	other	0
sub-15_1	25	Pulse	255	3397792	19958	0
sub-15_1	25	Picture	cross	3398286	20452	1	30227	1	20000	30000	other	0
sub-15_1	25	Pulse	255	3417792	39958	0
sub-15_1	25	Nothing	90	3428286	50452	1			50000		other	0
sub-15_1	25	Pulse	255	3437783	59948	0
sub-15_1	25	Picture	response	3443512	65678	1	15226	1	65000	15000	hit	299
sub-15_1	25	Response	2	3448442	70608	1
sub-15_1	25	Pulse	255	3457782	79948	0
sub-15_1	25	Picture	blank2	3458738	80904	1	60226	1	80000	60000	other	0
sub-15_1	25	Pulse	255	3477783	99948	0
sub-15_1	25	Pulse	255	3497783	119949	0
sub-15_1	25	Pulse	255	3517783	139948	0
sub-15_1	26	Picture	cross	3519131	0	1	4226	1	0	4000	other	0
sub-15_1	26	Picture	41	3524357	5226	1	15226	1	5000	15000	other	0
sub-15_1	26	Pulse	255	3537783	18652	0
sub-15_1	26	Picture	cross	3539583	20452	1	30227	1	20000	30000	other	0
sub-15_1	26	Pulse	255	3557783	38652	0
sub-15_1	26	Nothing	90	3569583	50452	1			50000		other	0
sub-15_1	26	Pulse	255	3577783	58652	0
sub-15_1	26	Picture	response	3584809	65678	1	15226	1	65000	15000	hit	313
sub-15_1	26	Response	2	3590103	70972	1
sub-15_1	26	Pulse	255	3597783	78652	0
sub-15_1	26	Picture	blank2	3600035	80904	1	40226	1	80000	40000	other	0
sub-15_1	26	Pulse	255	3617783	98652	0
sub-15_1	26	Pulse	255	3637783	118652	0
sub-15_1	27	Picture	cross	3640428	0	1	4226	1	0	4000	other	0
sub-15_1	27	Picture	40	3645654	5226	1	15226	1	5000	15000	other	0
sub-15_1	27	Pulse	255	3657783	17356	0
sub-15_1	27	Picture	cross	3660880	20452	1	30227	1	20000	30000	other	0
sub-15_1	27	Pulse	255	3677784	37356	0
sub-15_1	27	Nothing	45	3690880	50452	1			50000		other	0
sub-15_1	27	Pulse	255	3697784	57356	0
sub-15_1	27	Picture	response	3706106	65678	1	15226	1	65000	15000	hit	326
sub-15_1	27	Response	2	3714203	73776	1
sub-15_1	27	Pulse	255	3717783	77356	0
sub-15_1	27	Picture	blank2	3721332	80904	1	15226	1	80000	15000	other	0
sub-15_1	28	Picture	cross	3736724	0	1	4226	1	0	4000	other	0
sub-15_1	28	Pulse	255	3737784	1059	0
sub-15_1	28	Picture	21	3741951	5226	1	15226	1	5000	15000	other	0
sub-15_1	28	Picture	cross	3757177	20452	1	30227	1	20000	30000	other	0
sub-15_1	28	Pulse	255	3757784	21059	0
sub-15_1	28	Pulse	255	3777784	41059	0
sub-15_1	28	Nothing	90	3787177	50452	1			50000		other	0
sub-15_1	28	Pulse	255	3797784	61059	0
sub-15_1	28	Picture	response	3802403	65678	1	15226	1	65000	15000	hit	338
sub-15_1	28	Response	2	3806944	70219	1
sub-15_1	28	Picture	blank2	3817629	80904	1	50226	1	80000	50000	other	0
sub-15_1	28	Pulse	255	3817784	81060	0
sub-15_1	28	Pulse	255	3837784	101060	0
sub-15_1	28	Pulse	255	3857784	121060	0
sub-15_1	29	Picture	cross	3868021	0	1	4226	1	0	4000	other	0
sub-15_1	29	Picture	60	3873247	5226	1	15226	1	5000	15000	other	0
sub-15_1	29	Pulse	255	3877785	9763	0
sub-15_1	29	Picture	cross	3888473	20452	1	30227	1	20000	30000	other	0
sub-15_1	29	Pulse	255	3897784	29763	0
sub-15_1	29	Pulse	255	3917784	49763	0
sub-15_1	29	Nothing	65	3918473	50452	1			50000		other	0
sub-15_1	29	Picture	response	3933699	65678	1	15226	1	65000	15000	hit	353
sub-15_1	29	Pulse	255	3937784	69763	0
sub-15_1	29	Picture	blank2	3948925	80904	1	10226	1	80000	10000	other	0
sub-15_1	29	Response	2	3948955	80934	1
sub-15_1	29	Pulse	255	3957784	89763	0
sub-15_1	30	Picture	cross	3959318	0	1	4227	1	0	4000	other	0
sub-15_1	30	Picture	41	3964545	5227	1	15226	1	5000	15000	other	0
sub-15_1	30	Pulse	255	3977785	18467	0
sub-15_1	30	Picture	cross	3979771	20453	1	30227	1	20000	30000	other	0
sub-15_1	30	Pulse	255	3997785	38467	0
sub-15_1	30	Nothing	90	4009771	50453	1			50000		other	0
sub-15_1	30	Pulse	255	4017785	58467	0
sub-15_1	30	Picture	response	4024997	65679	1	15226	1	65000	15000	hit	363
sub-15_1	30	Response	2	4030065	70747	1
sub-15_1	30	Pulse	255	4037785	78467	0
sub-15_1	30	Picture	blank2	4040222	80905	1	30226	1	80000	30000	other	0
sub-15_1	30	Pulse	255	4057785	98467	0
sub-15_1	31	Picture	cross	4070615	0	1	4226	1	0	4000	other	0
sub-15_1	31	Picture	21	4075841	5226	1	15226	1	5000	15000	other	0
sub-15_1	31	Pulse	255	4077785	7170	0
sub-15_1	31	Picture	cross	4091067	20452	1	30227	1	20000	30000	other	0
sub-15_1	31	Pulse	255	4097785	27170	0
sub-15_1	31	Pulse	255	4117785	47170	0
sub-15_1	31	Nothing	90	4121067	50452	1			50000		other	0
sub-15_1	31	Picture	response	4136293	65678	1	15226	1	65000	15000	hit	376
sub-15_1	31	Pulse	255	4137785	67170	0
sub-15_1	31	Response	1	4140405	69789	1
sub-15_1	31	Picture	blank2	4151519	80904	1	60226	1	80000	60000	other	0
sub-15_1	31	Pulse	255	4157785	87170	0
sub-15_1	31	Pulse	255	4177785	107170	0
sub-15_1	31	Pulse	255	4197786	127170	0
sub-15_1	32	Picture	cross	4211912	0	1	4226	1	0	4000	other	0
sub-15_1	32	Picture	21	4217138	5226	1	15226	1	5000	15000	other	0
sub-15_1	32	Pulse	255	4217785	5874	0
sub-15_1	32	Picture	cross	4232364	20452	1	30227	1	20000	30000	other	0
sub-15_1	32	Pulse	255	4237785	25874	0
sub-15_1	32	Pulse	255	4257785	45874	0
sub-15_1	32	Nothing	90	4262364	50452	1			50000		other	0
sub-15_1	32	Picture	response	4277590	65678	1	15226	1	65000	15000	hit	390
sub-15_1	32	Pulse	255	4277786	65874	0
sub-15_1	32	Response	1	4282916	71004	1
sub-15_1	32	Picture	blank2	4292816	80904	1	30226	1	80000	30000	other	0
sub-15_1	32	Pulse	255	4297786	85874	0
sub-15_1	32	Pulse	255	4317786	105874	0
sub-15_1	33	Picture	cross	4323209	0	1	4227	1	0	4000	other	0
sub-15_1	33	Picture	21	4328269	5060	1	15162	1	5000	15000	other	0
sub-15_1	33	Pulse	255	4337786	14578	0
sub-15_1	33	Picture	cross	4343431	20222	1	30227	1	20000	30000	other	0
sub-15_1	33	Pulse	255	4357786	34577	0
sub-15_1	33	Nothing	90	4373431	50222	1			50000		other	0
sub-15_1	33	Pulse	255	4377786	54577	0
sub-15_1	33	Picture	response	4388656	65448	1	15226	1	65000	15000	hit	402
sub-15_1	33	Response	1	4396786	73577	1
sub-15_1	33	Pulse	255	4397785	74577	0
sub-15_1	33	Picture	blank2	4403882	80674	1	15226	1	80000	15000	other	0
sub-15_1	33	Pulse	255	4417786	94577	0
sub-15_1	34	Picture	cross	4419275	0	1	4226	1	0	4000	other	0
sub-15_1	34	Picture	40	4424335	5059	1	15226	1	5000	15000	other	0
sub-15_1	34	Pulse	255	4437786	18511	0
sub-15_1	34	Picture	cross	4439560	20285	1	30227	1	20000	30000	other	0
sub-15_1	34	Pulse	255	4457786	38511	0
sub-15_1	34	Nothing	45	4469560	50285	1			50000		other	0
sub-15_1	34	Pulse	255	4477786	58511	0
sub-15_1	34	Picture	response	4484786	65511	1	15226	1	65000	15000	hit	414
sub-15_1	34	Response	2	4491156	71881	1
sub-15_1	34	Pulse	255	4497786	78511	0
sub-15_1	34	Picture	blank2	4500012	80737	1	55226	1	80000	55000	other	0
sub-15_1	34	Pulse	255	4517786	98511	0
sub-15_1	34	Pulse	255	4537787	118512	0
sub-15_1	35	Picture	cross	4555405	0	1	4226	1	0	4000	other	0
sub-15_1	35	Pulse	255	4557787	2382	0
sub-15_1	35	Picture	40	4560464	5060	1	15226	1	5000	15000	other	0
sub-15_1	35	Picture	cross	4575690	20286	1	30228	1	20000	30000	other	0
sub-15_1	35	Pulse	255	4577787	22382	0
sub-15_1	35	Pulse	255	4597787	42382	0
sub-15_1	35	Nothing	45	4605690	50286	1			50000		other	0
sub-15_1	35	Pulse	255	4617787	62382	0
sub-15_1	35	Picture	response	4620917	65512	1	15226	1	65000	15000	hit	428
sub-15_1	35	Response	1	4627817	72412	1
sub-15_1	35	Picture	blank2	4636143	80738	1	40226	1	80000	40000	other	0
sub-15_1	35	Pulse	255	4637787	82382	0
sub-15_1	35	Pulse	255	4657787	102383	0
sub-15_1	36	Picture	cross	4676535	0	1	4226	1	0	4000	other	0
sub-15_1	36	Pulse	255	4677787	1252	0
sub-15_1	36	Picture	60	4681762	5227	1	15226	1	5000	15000	other	0
sub-15_1	36	Picture	cross	4696988	20453	1	30227	1	20000	30000	other	0
sub-15_1	36	Pulse	255	4697787	21252	0
sub-15_1	36	Pulse	255	4717787	41252	0
sub-15_1	36	Nothing	65	4726988	50453	1			50000		other	0
sub-15_1	36	Pulse	255	4737787	61252	0
sub-15_1	36	Picture	response	4742214	65679	1	15226	1	65000	15000	hit	441
sub-15_1	36	Response	2	4748727	72192	1
sub-15_1	36	Picture	blank2	4757440	80905	1	40226	1	80000	40000	other	0
sub-15_1	36	Pulse	255	4757788	81252	0
sub-15_1	36	Pulse	255	4777788	101252	0
sub-15_1	36	Pulse	255	4797788	121252	0
sub-15_1	37	Picture	cross	4797832	0	1	4227	1	0	4000	other	0
sub-15_1	37	Picture	41	4803059	5227	1	15226	1	5000	15000	other	0
sub-15_1	37	Pulse	255	4817787	19955	0
sub-15_1	37	Picture	cross	4818285	20453	1	30227	1	20000	30000	other	0
sub-15_1	37	Pulse	255	4837788	39955	0
sub-15_1	37	Nothing	90	4848285	50453	1			50000		other	0
sub-15_1	37	Pulse	255	4857788	59955	0
sub-15_1	37	Picture	response	4863511	65679	1	15226	1	65000	15000	hit	454
sub-15_1	37	Response	2	4867478	69645	1
sub-15_1	37	Pulse	255	4877788	79955	0
sub-15_1	37	Picture	blank2	4878738	80905	1	15226	1	80000	15000	other	0
