Scenario - loca_mveb_bis
Logfile written - 06/27/2018 10:58:21

Subject	Trial	Event Type	Code	Time	TTime	Uncertainty	Duration	Uncertainty	ReqTime	ReqDur	Stim Type	Pair Index

sub-14_2	0	Pulse	255	682407	682407	0
sub-14_2	1	Picture	p_startup	682636	0	1	100226	1	0	100000	other	0
sub-14_2	1	Pulse	255	702408	19772	0
sub-14_2	1	Pulse	255	722408	39773	0
sub-14_2	1	Pulse	255	742408	59772	0
sub-14_2	1	Pulse	255	762408	79772	0
sub-14_2	1	Pulse	255	782409	99773	0
sub-14_2	2	Picture	cross	783028	0	1	4226	1	0	4000	other	0
sub-14_2	2	Picture	20	788087	5059	1	15226	1	5000	15000	other	0
sub-14_2	2	Pulse	255	802408	19380	0
sub-14_2	2	Picture	cross	803313	20285	1	30227	1	20000	30000	other	0
sub-14_2	2	Pulse	255	822408	39380	0
sub-14_2	2	Nothing	25	833313	50285	1			50000		other	0
sub-14_2	2	Pulse	255	842409	59381	0
sub-14_2	2	Picture	response	848539	65511	1	15226	1	65000	15000	miss	0
sub-14_2	2	Pulse	255	862408	79380	0
sub-14_2	2	Picture	blank2	863765	80737	1	20226	1	80000	20000	other	0
sub-14_2	2	Pulse	255	882409	99380	0
sub-14_2	3	Picture	cross	884157	0	1	4226	1	0	4000	other	0
sub-14_2	3	Picture	40	889384	5226	1	15226	1	5000	15000	other	0
sub-14_2	3	Pulse	255	902409	18251	0
sub-14_2	3	Picture	cross	904610	20453	1	30227	1	20000	30000	other	0
sub-14_2	3	Pulse	255	922408	38251	0
sub-14_2	3	Nothing	45	934610	50453	1			50000		other	0
sub-14_2	3	Pulse	255	942409	58252	0
sub-14_2	3	Picture	response	949836	65678	1	15226	1	65000	15000	miss	0
sub-14_2	3	Pulse	255	962408	78251	0
sub-14_2	3	Picture	blank2	965061	80904	1	15226	1	80000	15000	other	0
sub-14_2	4	Picture	cross	980454	0	1	4226	1	0	4000	other	0
sub-14_2	4	Pulse	255	982408	1955	0
sub-14_2	4	Picture	20	985680	5226	1	15226	1	5000	15000	other	0
sub-14_2	4	Picture	cross	1000906	20452	1	30227	1	20000	30000	other	0
sub-14_2	4	Pulse	255	1002409	21955	0
sub-14_2	4	Pulse	255	1022409	41955	0
sub-14_2	4	Nothing	25	1030906	50452	1			50000		other	0
sub-14_2	4	Pulse	255	1042409	61955	0
sub-14_2	4	Picture	response	1046131	65678	1	15226	1	65000	15000	miss	0
sub-14_2	4	Picture	blank2	1061357	80903	1	20226	1	80000	20000	other	0
sub-14_2	4	Pulse	255	1062409	81956	0
sub-14_2	5	Picture	cross	1081750	0	1	4226	1	0	4000	other	0
sub-14_2	5	Pulse	255	1082409	660	0
sub-14_2	5	Picture	40	1086976	5226	1	15226	1	5000	15000	other	0
sub-14_2	5	Picture	cross	1102201	20452	1	30227	1	20000	30000	other	0
sub-14_2	5	Pulse	255	1102410	20660	0
sub-14_2	5	Pulse	255	1122410	40660	0
sub-14_2	5	Nothing	45	1132201	50452	1			50000		other	0
sub-14_2	5	Pulse	255	1142410	60660	0
sub-14_2	5	Picture	response	1147427	65678	1	15226	1	65000	15000	miss	0
sub-14_2	5	Pulse	255	1162409	80659	0
sub-14_2	5	Picture	blank2	1162653	80903	1	30226	1	80000	30000	other	0
sub-14_2	5	Pulse	255	1182409	100659	0
sub-14_2	6	Picture	cross	1193045	0	1	4226	1	0	4000	other	0
sub-14_2	6	Picture	61	1198272	5226	1	15226	1	5000	15000	other	0
sub-14_2	6	Pulse	255	1202409	9364	0
sub-14_2	6	Picture	cross	1213498	20452	1	30227	1	20000	30000	other	0
sub-14_2	6	Pulse	255	1222409	29364	0
sub-14_2	6	Pulse	255	1242409	49364	0
sub-14_2	6	Nothing	90	1243498	50452	1			50000		other	0
sub-14_2	6	Picture	response	1258723	65678	1	15226	1	65000	15000	miss	0
sub-14_2	6	Pulse	255	1262410	69365	0
sub-14_2	6	Picture	blank2	1273949	80904	1	40226	1	80000	40000	other	0
sub-14_2	6	Pulse	255	1282410	89365	0
sub-14_2	6	Pulse	255	1302409	109364	0
sub-14_2	7	Picture	cross	1314342	0	1	4226	1	0	4000	other	0
sub-14_2	7	Picture	40	1319401	5059	1	15226	1	5000	15000	other	0
sub-14_2	7	Pulse	255	1322409	8067	0
sub-14_2	7	Picture	cross	1334627	20285	1	30227	1	20000	30000	other	0
sub-14_2	7	Pulse	255	1342409	28068	0
sub-14_2	7	Pulse	255	1362410	48069	0
sub-14_2	7	Nothing	45	1364627	50285	1			50000		other	0
sub-14_2	7	Picture	response	1379853	65511	1	15226	1	65000	15000	miss	0
sub-14_2	7	Pulse	255	1382410	68068	0
sub-14_2	7	Picture	blank2	1395079	80737	1	40226	1	80000	40000	other	0
sub-14_2	7	Pulse	255	1402410	88069	0
sub-14_2	7	Pulse	255	1422410	108068	0
sub-14_2	8	Picture	cross	1435471	0	1	4226	1	0	4000	other	0
sub-14_2	8	Picture	20	1440697	5226	1	15226	1	5000	15000	other	0
sub-14_2	8	Pulse	255	1442410	6939	0
sub-14_2	8	Picture	cross	1455923	20452	1	30227	1	20000	30000	other	0
sub-14_2	8	Pulse	255	1462410	26939	0
sub-14_2	8	Pulse	255	1482411	46940	0
sub-14_2	8	Nothing	25	1485923	50452	1			50000		other	0
sub-14_2	8	Picture	response	1501149	65678	1	15226	1	65000	15000	miss	0
sub-14_2	8	Pulse	255	1502410	66939	0
sub-14_2	8	Picture	blank2	1516374	80903	1	35226	1	80000	35000	other	0
sub-14_2	8	Pulse	255	1522410	86939	0
sub-14_2	8	Pulse	255	1542410	106939	0
sub-14_2	9	Picture	cross	1551767	0	1	4226	1	0	4000	other	0
sub-14_2	9	Picture	41	1556993	5226	1	15226	1	5000	15000	other	0
sub-14_2	9	Pulse	255	1562411	10644	0
sub-14_2	9	Picture	cross	1572219	20452	1	30227	1	20000	30000	other	0
sub-14_2	9	Pulse	255	1582410	30644	0
sub-14_2	9	Nothing	90	1602219	50452	1			50000		other	0
sub-14_2	9	Pulse	255	1602411	50645	0
sub-14_2	9	Picture	response	1617445	65678	1	15226	1	65000	15000	miss	0
sub-14_2	9	Pulse	255	1622410	70643	0
sub-14_2	9	Picture	blank2	1632670	80904	1	30226	1	80000	30000	other	0
sub-14_2	9	Pulse	255	1642411	90644	0
sub-14_2	9	Pulse	255	1662411	110644	0
sub-14_2	10	Picture	cross	1663063	0	1	4226	1	0	4000	other	0
sub-14_2	10	Picture	20	1668289	5226	1	15226	1	5000	15000	other	0
sub-14_2	10	Pulse	255	1682411	19348	0
sub-14_2	10	Picture	cross	1683515	20452	1	30227	1	20000	30000	other	0
sub-14_2	10	Pulse	255	1702411	39348	0
sub-14_2	10	Nothing	25	1713515	50452	1			50000		other	0
sub-14_2	10	Pulse	255	1722411	59348	0
sub-14_2	10	Picture	response	1728740	65678	1	15226	1	65000	15000	miss	0
sub-14_2	10	Pulse	255	1742410	79347	0
sub-14_2	10	Picture	blank2	1743966	80903	1	10226	1	80000	10000	other	0
sub-14_2	11	Picture	cross	1754359	0	1	4226	1	0	4000	other	0
sub-14_2	11	Picture	21	1759585	5226	1	15226	1	5000	15000	other	0
sub-14_2	11	Pulse	255	1762411	8053	0
sub-14_2	11	Picture	cross	1774810	20452	1	30226	1	20000	30000	other	0
sub-14_2	11	Pulse	255	1782411	28053	0
sub-14_2	11	Pulse	255	1802412	48053	0
sub-14_2	11	Nothing	90	1804810	50452	1			50000		other	0
sub-14_2	11	Picture	response	1820036	65678	1	15226	1	65000	15000	miss	0
sub-14_2	11	Pulse	255	1822411	68053	0
sub-14_2	11	Picture	blank2	1835262	80904	1	20226	1	80000	20000	other	0
sub-14_2	11	Pulse	255	1842411	88053	0
sub-14_2	12	Picture	cross	1855655	0	1	4226	1	0	4000	other	0
sub-14_2	12	Picture	41	1860881	5226	1	15226	1	5000	15000	other	0
sub-14_2	12	Pulse	255	1862412	6757	0
sub-14_2	12	Picture	cross	1876107	20452	1	30227	1	20000	30000	other	0
sub-14_2	12	Pulse	255	1882412	26757	0
sub-14_2	12	Pulse	255	1902412	46757	0
sub-14_2	12	Nothing	90	1906107	50452	1			50000		other	0
sub-14_2	12	Picture	response	1921332	65678	1	15226	1	65000	15000	miss	0
sub-14_2	12	Pulse	255	1922412	66757	0
sub-14_2	12	Picture	blank2	1936558	80904	1	20226	1	80000	20000	other	0
sub-14_2	12	Pulse	255	1942412	86757	0
sub-14_2	13	Picture	cross	1956951	0	1	4226	1	0	4000	other	0
sub-14_2	13	Picture	21	1962177	5226	1	15227	1	5000	15000	other	0
sub-14_2	13	Pulse	255	1962412	5461	0
sub-14_2	13	Picture	cross	1977403	20453	1	30227	1	20000	30000	other	0
sub-14_2	13	Pulse	255	1982411	25461	0
sub-14_2	13	Pulse	255	2002411	45461	0
sub-14_2	13	Nothing	90	2007403	50453	1			50000		other	0
sub-14_2	13	Pulse	255	2022460	65509	0
sub-14_2	13	Picture	response	2022629	65678	1	15226	1	65000	15000	miss	0
sub-14_2	13	Picture	blank2	2037855	80904	1	15226	1	80000	15000	other	0
sub-14_2	13	Pulse	255	2042412	85461	0
sub-14_2	14	Picture	cross	2053247	0	1	4226	1	0	4000	other	0
sub-14_2	14	Picture	61	2058473	5226	1	15226	1	5000	15000	other	0
sub-14_2	14	Pulse	255	2062402	9155	0
sub-14_2	14	Picture	cross	2073699	20452	1	30227	1	20000	30000	other	0
sub-14_2	14	Pulse	255	2082402	29155	0
sub-14_2	14	Pulse	255	2102402	49155	0
sub-14_2	14	Nothing	90	2103699	50452	1			50000		other	0
sub-14_2	14	Picture	response	2118925	65678	1	15226	1	65000	15000	miss	0
sub-14_2	14	Pulse	255	2122403	69155	0
sub-14_2	14	Picture	blank2	2134151	80904	1	50226	1	80000	50000	other	0
sub-14_2	14	Pulse	255	2142402	89155	0
sub-14_2	14	Pulse	255	2162402	109155	0
sub-14_2	14	Pulse	255	2182402	129155	0
sub-14_2	15	Picture	cross	2184543	0	1	4226	1	0	4000	other	0
sub-14_2	15	Picture	21	2189603	5059	1	15226	1	5000	15000	other	0
sub-14_2	15	Pulse	255	2202402	17859	0
sub-14_2	15	Picture	cross	2204828	20285	1	30227	1	20000	30000	other	0
sub-14_2	15	Pulse	255	2222402	37859	0
sub-14_2	15	Nothing	90	2234828	50285	1			50000		other	0
sub-14_2	15	Pulse	255	2242402	57859	0
sub-14_2	15	Picture	response	2250054	65511	1	15226	1	65000	15000	miss	0
sub-14_2	15	Pulse	255	2262402	77859	0
sub-14_2	15	Picture	blank2	2265280	80736	1	30226	1	80000	30000	other	0
sub-14_2	15	Pulse	255	2282402	97859	0
sub-14_2	16	Picture	cross	2295672	0	1	4226	1	0	4000	other	0
sub-14_2	16	Picture	60	2300898	5226	1	15226	1	5000	15000	other	0
sub-14_2	16	Pulse	255	2302403	6731	0
sub-14_2	16	Picture	cross	2316124	20452	1	30227	1	20000	30000	other	0
sub-14_2	16	Pulse	255	2322402	26730	0
sub-14_2	16	Pulse	255	2342403	46730	0
sub-14_2	16	Nothing	65	2346124	50452	1			50000		other	0
sub-14_2	16	Picture	response	2361349	65677	1	15226	1	65000	15000	miss	0
sub-14_2	16	Pulse	255	2362403	66731	0
sub-14_2	16	Picture	blank2	2376575	80903	1	20226	1	80000	20000	other	0
sub-14_2	16	Pulse	255	2382403	86731	0
sub-14_2	17	Picture	cross	2396968	0	1	4226	1	0	4000	other	0
sub-14_2	17	Picture	41	2402194	5226	1	15226	1	5000	15000	other	0
sub-14_2	17	Pulse	255	2402403	5436	0
sub-14_2	17	Picture	cross	2417420	20452	1	30227	1	20000	30000	other	0
sub-14_2	17	Pulse	255	2422403	25436	0
sub-14_2	17	Pulse	255	2442403	45435	0
sub-14_2	17	Nothing	90	2447420	50452	1			50000		other	0
sub-14_2	17	Pulse	255	2462403	65435	0
sub-14_2	17	Picture	response	2462646	65678	1	15226	1	65000	15000	miss	0
sub-14_2	17	Picture	blank2	2477871	80904	1	30226	1	80000	30000	other	0
sub-14_2	17	Pulse	255	2482403	85435	0
sub-14_2	17	Pulse	255	2502403	105436	0
sub-14_2	18	Picture	cross	2508264	0	1	4226	1	0	4000	other	0
sub-14_2	18	Picture	61	2513490	5226	1	15226	1	5000	15000	other	0
sub-14_2	18	Pulse	255	2522403	14139	0
sub-14_2	18	Picture	cross	2528716	20452	1	30227	1	20000	30000	other	0
sub-14_2	18	Pulse	255	2542403	34139	0
sub-14_2	18	Nothing	90	2558716	50452	1			50000		other	0
sub-14_2	18	Pulse	255	2562403	54139	0
sub-14_2	18	Picture	response	2573942	65678	1	15226	1	65000	15000	miss	0
sub-14_2	18	Pulse	255	2582404	74140	0
sub-14_2	18	Picture	blank2	2589167	80904	1	15226	1	80000	15000	other	0
sub-14_2	18	Pulse	255	2602403	94140	0
sub-14_2	19	Picture	cross	2604560	0	1	4226	1	0	4000	other	0
sub-14_2	19	Picture	60	2609786	5226	1	15226	1	5000	15000	other	0
sub-14_2	19	Pulse	255	2622404	17844	0
sub-14_2	19	Picture	cross	2625012	20452	1	30227	1	20000	30000	other	0
sub-14_2	19	Pulse	255	2642403	37843	0
sub-14_2	19	Nothing	65	2655012	50452	1			50000		other	0
sub-14_2	19	Pulse	255	2662404	57844	0
sub-14_2	19	Picture	response	2670237	65678	1	15226	1	65000	15000	miss	0
sub-14_2	19	Pulse	255	2682403	77844	0
sub-14_2	19	Picture	blank2	2685463	80903	1	15226	1	80000	15000	other	0
sub-14_2	20	Picture	cross	2700856	0	1	4226	1	0	4000	other	0
sub-14_2	20	Pulse	255	2702404	1549	0
sub-14_2	20	Picture	21	2706082	5226	1	15226	1	5000	15000	other	0
sub-14_2	20	Picture	cross	2721307	20452	1	30227	1	20000	30000	other	0
sub-14_2	20	Pulse	255	2722404	21549	0
sub-14_2	20	Pulse	255	2742403	41548	0
sub-14_2	20	Nothing	90	2751307	50452	1			50000		other	0
sub-14_2	20	Pulse	255	2762404	61548	0
sub-14_2	20	Picture	response	2766533	65678	1	15226	1	65000	15000	miss	0
sub-14_2	20	Picture	blank2	2781759	80903	1	20226	1	80000	20000	other	0
sub-14_2	20	Pulse	255	2782404	81548	0
sub-14_2	21	Picture	cross	2802152	0	1	4226	1	0	4000	other	0
sub-14_2	21	Pulse	255	2802404	253	0
sub-14_2	21	Picture	61	2807378	5226	1	15226	1	5000	15000	other	0
sub-14_2	21	Pulse	255	2822437	20285	0
sub-14_2	21	Picture	cross	2822603	20452	1	30227	1	20000	30000	other	0
sub-14_2	21	Pulse	255	2842405	40253	0
sub-14_2	21	Nothing	90	2852603	50452	1			50000		other	0
sub-14_2	21	Pulse	255	2862404	60253	0
sub-14_2	21	Picture	response	2867829	65678	1	15226	1	65000	15000	miss	0
sub-14_2	21	Pulse	255	2882404	80253	0
sub-14_2	21	Picture	blank2	2883055	80903	1	15226	1	80000	15000	other	0
sub-14_2	22	Picture	cross	2898448	0	1	4226	1	0	4000	other	0
sub-14_2	22	Pulse	255	2902404	3956	0
sub-14_2	22	Picture	40	2903674	5226	1	15226	1	5000	15000	other	0
sub-14_2	22	Picture	cross	2918899	20452	1	30227	1	20000	30000	other	0
sub-14_2	22	Pulse	255	2922404	23957	0
sub-14_2	22	Pulse	255	2942404	43957	0
sub-14_2	22	Nothing	45	2948899	50452	1			50000		other	0
sub-14_2	22	Pulse	255	2962405	63957	0
sub-14_2	22	Picture	response	2964126	65678	1	15226	1	65000	15000	miss	0
sub-14_2	22	Picture	blank2	2979351	80903	1	15225	1	80000	15000	other	0
sub-14_2	22	Pulse	255	2982405	83957	0
sub-14_2	23	Picture	cross	2994743	0	1	4226	1	0	4000	other	0
sub-14_2	23	Picture	60	2999803	5059	1	15226	1	5000	15000	other	0
sub-14_2	23	Pulse	255	3002404	7661	0
sub-14_2	23	Picture	cross	3015028	20285	1	30226	1	20000	30000	other	0
sub-14_2	23	Pulse	255	3022404	27661	0
sub-14_2	23	Pulse	255	3042404	47661	0
sub-14_2	23	Nothing	65	3045028	50285	1			50000		other	0
sub-14_2	23	Picture	response	3060254	65511	1	15226	1	65000	15000	miss	0
sub-14_2	23	Pulse	255	3062405	67661	0
sub-14_2	23	Picture	blank2	3075480	80736	1	10226	1	80000	10000	other	0
sub-14_2	23	Pulse	255	3082405	87662	0
sub-14_2	24	Picture	cross	3085872	0	1	4226	1	0	4000	other	0
sub-14_2	24	Picture	61	3091098	5226	1	15226	1	5000	15000	other	0
sub-14_2	24	Pulse	255	3102405	16533	0
sub-14_2	24	Picture	cross	3106324	20452	1	30227	1	20000	30000	other	0
sub-14_2	24	Pulse	255	3122405	36533	0
sub-14_2	24	Nothing	90	3136324	50452	1			50000		other	0
sub-14_2	24	Pulse	255	3142405	56533	0
sub-14_2	24	Picture	response	3151550	65678	1	15226	1	65000	15000	miss	0
sub-14_2	24	Pulse	255	3162405	76533	0
sub-14_2	24	Picture	blank2	3166775	80903	1	30226	1	80000	30000	other	0
sub-14_2	24	Pulse	255	3182406	96533	0
sub-14_2	25	Picture	cross	3197168	0	1	4226	1	0	4000	other	0
sub-14_2	25	Picture	60	3202394	5226	1	15226	1	5000	15000	other	0
sub-14_2	25	Pulse	255	3202405	5237	0
sub-14_2	25	Picture	cross	3217620	20452	1	30227	1	20000	30000	other	0
sub-14_2	25	Pulse	255	3222405	25237	0
sub-14_2	25	Pulse	255	3242406	45238	0
sub-14_2	25	Nothing	65	3247620	50452	1			50000		other	0
sub-14_2	25	Pulse	255	3262405	65237	0
sub-14_2	25	Picture	response	3262845	65678	1	15226	1	65000	15000	miss	0
sub-14_2	25	Picture	blank2	3278071	80903	1	20226	1	80000	20000	other	0
sub-14_2	25	Pulse	255	3282405	85238	0
sub-14_2	26	Picture	cross	3298464	0	1	4226	1	0	4000	other	0
sub-14_2	26	Pulse	255	3302406	3942	0
sub-14_2	26	Picture	40	3303690	5226	1	15226	1	5000	15000	other	0
sub-14_2	26	Picture	cross	3318916	20452	1	30227	1	20000	30000	other	0
sub-14_2	26	Pulse	255	3322405	23942	0
sub-14_2	26	Pulse	255	3342406	43942	0
sub-14_2	26	Nothing	45	3348916	50452	1			50000		other	0
sub-14_2	26	Pulse	255	3362406	63943	0
sub-14_2	26	Picture	response	3364141	65678	1	15226	1	65000	15000	miss	0
sub-14_2	26	Picture	blank2	3379367	80904	1	20226	1	80000	20000	other	0
sub-14_2	26	Pulse	255	3382405	83942	0
sub-14_2	27	Picture	cross	3399760	0	1	4226	1	0	4000	other	0
sub-14_2	27	Pulse	255	3402406	2646	0
sub-14_2	27	Picture	21	3404986	5226	1	15226	1	5000	15000	other	0
sub-14_2	27	Picture	cross	3420212	20452	1	30226	1	20000	30000	other	0
sub-14_2	27	Pulse	255	3422407	22647	0
sub-14_2	27	Pulse	255	3442406	42646	0
sub-14_2	27	Nothing	90	3450212	50452	1			50000		other	0
sub-14_2	27	Pulse	255	3462406	62646	0
sub-14_2	27	Picture	response	3465437	65678	1	15226	1	65000	15000	miss	0
sub-14_2	27	Picture	blank2	3480663	80903	1	40226	1	80000	40000	other	0
sub-14_2	27	Pulse	255	3482407	82647	0
sub-14_2	27	Pulse	255	3502406	102646	0
sub-14_2	28	Picture	cross	3521056	0	1	4226	1	0	4000	other	0
sub-14_2	28	Pulse	255	3522406	1350	0
sub-14_2	28	Picture	61	3526282	5226	1	15226	1	5000	15000	other	0
sub-14_2	28	Picture	cross	3541507	20452	1	30227	1	20000	30000	other	0
sub-14_2	28	Pulse	255	3542406	21351	0
sub-14_2	28	Pulse	255	3562406	41350	0
sub-14_2	28	Nothing	90	3571507	50452	1			50000		other	0
sub-14_2	28	Pulse	255	3582406	61351	0
sub-14_2	28	Picture	response	3586733	65678	1	15226	1	65000	15000	miss	0
sub-14_2	28	Picture	blank2	3601959	80904	1	30226	1	80000	30000	other	0
sub-14_2	28	Pulse	255	3602406	81351	0
sub-14_2	28	Pulse	255	3622406	101351	0
sub-14_2	29	Picture	cross	3632352	0	1	4226	1	0	4000	other	0
sub-14_2	29	Picture	40	3637578	5226	1	15226	1	5000	15000	other	0
sub-14_2	29	Pulse	255	3642406	10054	0
sub-14_2	29	Picture	cross	3652804	20452	1	30227	1	20000	30000	other	0
sub-14_2	29	Pulse	255	3662407	30055	0
sub-14_2	29	Pulse	255	3682407	50055	0
sub-14_2	29	Nothing	45	3682804	50452	1			50000		other	0
sub-14_2	29	Picture	response	3698030	65678	1	15226	1	65000	15000	miss	0
sub-14_2	29	Pulse	255	3702407	70055	0
sub-14_2	29	Picture	blank2	3713255	80903	1	40226	1	80000	40000	other	0
sub-14_2	29	Pulse	255	3722407	90055	0
sub-14_2	29	Pulse	255	3742407	110055	0
sub-14_2	30	Picture	cross	3753648	0	1	4226	1	0	4000	other	0
sub-14_2	30	Picture	21	3758874	5226	1	15226	1	5000	15000	other	0
sub-14_2	30	Pulse	255	3762407	8759	0
sub-14_2	30	Picture	cross	3774100	20452	1	30227	1	20000	30000	other	0
sub-14_2	30	Pulse	255	3782407	28759	0
sub-14_2	30	Pulse	255	3802407	48759	0
sub-14_2	30	Nothing	90	3804100	50452	1			50000		other	0
sub-14_2	30	Picture	response	3819326	65678	1	15226	1	65000	15000	miss	0
sub-14_2	30	Pulse	255	3822406	68758	0
sub-14_2	30	Picture	blank2	3834551	80903	1	15226	1	80000	15000	other	0
sub-14_2	30	Pulse	255	3842407	88759	0
sub-14_2	31	Picture	cross	3849944	0	1	4226	1	0	4000	other	0
sub-14_2	31	Picture	41	3855003	5059	1	15226	1	5000	15000	other	0
sub-14_2	31	Pulse	255	3862408	12464	0
sub-14_2	31	Picture	cross	3870229	20285	1	30226	1	20000	30000	other	0
sub-14_2	31	Pulse	255	3882407	32464	0
sub-14_2	31	Nothing	90	3900229	50285	1			50000		other	0
sub-14_2	31	Pulse	255	3902408	52464	0
sub-14_2	31	Picture	response	3915455	65511	1	15226	1	65000	15000	miss	0
sub-14_2	31	Pulse	255	3922407	72463	0
sub-14_2	31	Picture	blank2	3930680	80737	1	20226	1	80000	20000	other	0
sub-14_2	31	Pulse	255	3942407	92463	0
sub-14_2	32	Picture	cross	3951073	0	1	4226	1	0	4000	other	0
sub-14_2	32	Picture	41	3956299	5226	1	15226	1	5000	15000	other	0
sub-14_2	32	Pulse	255	3962408	11335	0
sub-14_2	32	Picture	cross	3971525	20452	1	30227	1	20000	30000	other	0
sub-14_2	32	Pulse	255	3982407	31334	0
sub-14_2	32	Nothing	90	4001525	50452	1			50000		other	0
sub-14_2	32	Pulse	255	4002408	51335	0
sub-14_2	32	Picture	response	4016751	65678	1	15226	1	65000	15000	miss	0
sub-14_2	32	Pulse	255	4022408	71335	0
sub-14_2	32	Picture	blank2	4031977	80904	1	15226	1	80000	15000	other	0
sub-14_2	32	Pulse	255	4042407	91334	0
sub-14_2	33	Picture	cross	4047369	0	1	4226	1	0	4000	other	0
sub-14_2	33	Picture	41	4052595	5226	1	15226	1	5000	15000	other	0
sub-14_2	33	Pulse	255	4062407	15038	0
sub-14_2	33	Picture	cross	4067821	20452	1	30227	1	20000	30000	other	0
sub-14_2	33	Pulse	255	4082407	35038	0
sub-14_2	33	Nothing	90	4097821	50452	1			50000		other	0
sub-14_2	33	Pulse	255	4102408	55038	0
sub-14_2	33	Picture	response	4113047	65678	1	15226	1	65000	15000	miss	0
sub-14_2	33	Pulse	255	4122408	75039	0
sub-14_2	33	Picture	blank2	4128272	80903	1	35226	1	80000	35000	other	0
sub-14_2	33	Pulse	255	4142408	95039	0
sub-14_2	33	Pulse	255	4162408	115039	0
sub-14_2	34	Picture	cross	4163665	0	1	4226	1	0	4000	other	0
sub-14_2	34	Picture	60	4168891	5226	1	15226	1	5000	15000	other	0
sub-14_2	34	Pulse	255	4182408	18743	0
sub-14_2	34	Picture	cross	4184117	20452	1	30227	1	20000	30000	other	0
sub-14_2	34	Pulse	255	4202409	38744	0
sub-14_2	34	Nothing	65	4214117	50452	1			50000		other	0
sub-14_2	34	Pulse	255	4222408	58743	0
sub-14_2	34	Picture	response	4229343	65678	1	15226	1	65000	15000	miss	0
sub-14_2	34	Pulse	255	4242407	78742	0
sub-14_2	34	Picture	blank2	4244568	80904	1	20226	1	80000	20000	other	0
sub-14_2	34	Pulse	255	4262408	98744	0
sub-14_2	35	Picture	cross	4264961	0	1	4226	1	0	4000	other	0
sub-14_2	35	Picture	21	4270187	5226	1	15226	1	5000	15000	other	0
sub-14_2	35	Pulse	255	4282409	17448	0
sub-14_2	35	Picture	cross	4285413	20452	1	30226	1	20000	30000	other	0
sub-14_2	35	Pulse	255	4302408	37447	0
sub-14_2	35	Nothing	90	4315413	50452	1			50000		other	0
sub-14_2	35	Pulse	255	4322398	57437	0
sub-14_2	35	Picture	response	4330639	65678	1	15226	1	65000	15000	miss	0
sub-14_2	35	Pulse	255	4342398	77437	0
sub-14_2	35	Picture	blank2	4345864	80904	1	15226	1	80000	15000	other	0
sub-14_2	36	Picture	cross	4361257	0	1	4226	1	0	4000	other	0
sub-14_2	36	Pulse	255	4362399	1142	0
sub-14_2	36	Picture	20	4366483	5226	1	15226	1	5000	15000	other	0
sub-14_2	36	Picture	cross	4381709	20452	1	30227	1	20000	30000	other	0
sub-14_2	36	Pulse	255	4382398	21141	0
sub-14_2	36	Pulse	255	4402398	41141	0
sub-14_2	36	Nothing	25	4411709	50452	1			50000		other	0
sub-14_2	36	Pulse	255	4422399	61142	0
sub-14_2	36	Picture	response	4426934	65677	1	15226	1	65000	15000	miss	0
sub-14_2	36	Picture	blank2	4442160	80903	1	20226	1	80000	20000	other	0
sub-14_2	36	Pulse	255	4442398	81141	0
sub-14_2	36	Pulse	255	4462399	101142	0
sub-14_2	37	Picture	cross	4462553	0	1	4226	1	0	4000	other	0
sub-14_2	37	Picture	61	4467779	5226	1	15226	1	5000	15000	other	0
sub-14_2	37	Pulse	255	4482399	19847	0
sub-14_2	37	Picture	cross	4483004	20452	1	30227	1	20000	30000	other	0
sub-14_2	37	Pulse	255	4502399	39846	0
sub-14_2	37	Nothing	90	4513004	50452	1			50000		other	0
sub-14_2	37	Pulse	255	4522399	59846	0
sub-14_2	37	Picture	response	4528230	65678	1	15226	1	65000	15000	miss	0
sub-14_2	37	Pulse	255	4542399	79846	0
sub-14_2	37	Picture	blank2	4543456	80903	1	40226	1	80000	40000	other	0
sub-14_2	37	Pulse	255	4562399	99847	0
sub-14_2	37	Pulse	255	4582399	119847	0
