Scenario - loca_mveb
Logfile written - 11/26/2018 18:16:51

Subject	Trial	Event Type	Code	Time	TTime	Uncertainty	Duration	Uncertainty	ReqTime	ReqDur	Stim Type	Pair Index

sub-13	0	Pulse	255	538291	538291	0
sub-13	1	Picture	p_startup	538519	0	1	100226	1	0	100000	other	0
sub-13	1	Pulse	255	558291	19771	0
sub-13	1	Pulse	255	578291	39772	0
sub-13	1	Pulse	255	598291	59772	0
sub-13	1	Pulse	255	618291	79772	0
sub-13	1	Pulse	255	638291	99772	0
sub-13	2	Picture	cross	638912	0	1	4226	1	0	4000	other	0
sub-13	2	Picture	61	643971	5059	1	15226	1	5000	15000	other	0
sub-13	2	Pulse	255	658291	19379	0
sub-13	2	Picture	cross	659197	20285	1	30227	1	20000	30000	other	0
sub-13	2	Pulse	255	678291	39379	0
sub-13	2	Nothing	90	689197	50285	1			50000		other	0
sub-13	2	Pulse	255	698291	59379	0
sub-13	2	Picture	response	704423	65511	1	15226	1	65000	15000	hit	16
sub-13	2	Response	1	712091	73180	1
sub-13	2	Pulse	255	718291	79379	0
sub-13	2	Picture	blank2	719649	80737	1	15226	1	80000	15000	other	0
sub-13	3	Picture	cross	735042	0	1	4226	1	0	4000	other	0
sub-13	3	Pulse	255	738291	3249	0
sub-13	3	Picture	40	740101	5059	1	15226	1	5000	15000	other	0
sub-13	3	Picture	cross	755327	20285	1	30228	1	20000	30000	other	0
sub-13	3	Pulse	255	758291	23250	0
sub-13	3	Pulse	255	778291	43250	0
sub-13	3	Nothing	45	785327	50285	1			50000		other	0
sub-13	3	Pulse	255	798291	63250	0
sub-13	3	Picture	response	800553	65512	1	15226	1	65000	15000	hit	28
sub-13	3	Response	1	812102	77060	1
sub-13	3	Picture	blank2	815779	80737	1	25226	1	80000	25000	other	0
sub-13	3	Pulse	255	818291	83250	0
sub-13	3	Pulse	255	838292	103250	0
sub-13	4	Picture	cross	841172	0	1	4226	1	0	4000	other	0
sub-13	4	Picture	60	846398	5226	1	15226	1	5000	15000	other	0
sub-13	4	Pulse	255	858292	17120	0
sub-13	4	Picture	cross	861624	20452	1	30227	1	20000	30000	other	0
sub-13	4	Pulse	255	878291	37120	0
sub-13	4	Nothing	65	891624	50452	1			50000		other	0
sub-13	4	Pulse	255	898292	57120	0
sub-13	4	Picture	response	906850	65678	1	15226	1	65000	15000	hit	40
sub-13	4	Response	2	914392	73220	1
sub-13	4	Pulse	255	918292	77120	0
sub-13	4	Picture	blank2	922076	80904	1	15226	1	80000	15000	other	0
sub-13	5	Picture	cross	937468	0	1	4226	1	0	4000	other	0
sub-13	5	Pulse	255	938291	823	0
sub-13	5	Picture	20	942695	5226	1	15226	1	5000	15000	other	0
sub-13	5	Picture	cross	957921	20452	1	30227	1	20000	30000	other	0
sub-13	5	Pulse	255	958292	20823	0
sub-13	5	Pulse	255	978292	40824	0
sub-13	5	Nothing	25	987921	50452	1			50000		other	0
sub-13	5	Pulse	255	998292	60823	0
sub-13	5	Picture	response	1003146	65678	1	15226	1	65000	15000	hit	52
sub-13	5	Response	1	1010932	73464	1
sub-13	5	Pulse	255	1018292	80824	0
sub-13	5	Picture	blank2	1018372	80904	1	20226	1	80000	20000	other	0
sub-13	5	Pulse	255	1038292	100824	0
sub-13	6	Picture	cross	1038765	0	1	4226	1	0	4000	other	0
sub-13	6	Picture	60	1043992	5227	1	15226	1	5000	15000	other	0
sub-13	6	Pulse	255	1058292	19527	0
sub-13	6	Picture	cross	1059218	20453	1	30227	1	20000	30000	other	0
sub-13	6	Pulse	255	1078292	39527	0
sub-13	6	Nothing	65	1089218	50453	1			50000		other	0
sub-13	6	Pulse	255	1098292	59527	0
sub-13	6	Picture	response	1104443	65679	1	15226	1	65000	15000	hit	64
sub-13	6	Response	1	1115552	76787	1
sub-13	6	Pulse	255	1118292	79527	0
sub-13	6	Picture	blank2	1119669	80904	1	45226	1	80000	45000	other	0
sub-13	6	Pulse	255	1138282	99517	0
sub-13	6	Pulse	255	1158282	119517	0
sub-13	7	Picture	cross	1165062	0	1	4226	1	0	4000	other	0
sub-13	7	Picture	20	1170289	5227	1	15226	1	5000	15000	other	0
sub-13	7	Pulse	255	1178282	13220	0
sub-13	7	Picture	cross	1185515	20453	1	30227	1	20000	30000	other	0
sub-13	7	Pulse	255	1198282	33220	0
sub-13	7	Nothing	25	1215515	50453	1			50000		other	0
sub-13	7	Pulse	255	1218283	53221	0
sub-13	7	Picture	response	1230741	65679	1	15226	1	65000	15000	hit	78
sub-13	7	Pulse	255	1238282	73220	0
sub-13	7	Response	2	1239212	74150	1
sub-13	7	Picture	blank2	1245967	80904	1	35226	1	80000	35000	other	0
sub-13	7	Pulse	255	1258282	93220	0
sub-13	7	Pulse	255	1278282	113220	0
sub-13	8	Picture	cross	1281359	0	1	4226	1	0	4000	other	0
sub-13	8	Picture	61	1286586	5226	1	15226	1	5000	15000	other	0
sub-13	8	Pulse	255	1298282	16923	0
sub-13	8	Picture	cross	1301812	20452	1	30227	1	20000	30000	other	0
sub-13	8	Pulse	255	1318283	36923	0
sub-13	8	Nothing	90	1331812	50452	1			50000		other	0
sub-13	8	Pulse	255	1338282	56923	0
sub-13	8	Picture	response	1347037	65678	1	15228	1	65000	15000	hit	90
sub-13	8	Response	2	1354153	72793	1
sub-13	8	Pulse	255	1358283	76923	0
sub-13	8	Picture	blank2	1362266	80907	1	45226	1	80000	45000	other	0
sub-13	8	Pulse	255	1378283	96923	0
sub-13	8	Pulse	255	1398283	116923	0
sub-13	9	Picture	cross	1407658	0	1	4226	1	0	4000	other	0
sub-13	9	Picture	41	1412885	5227	1	15226	1	5000	15000	other	0
sub-13	9	Pulse	255	1418283	10624	0
sub-13	9	Picture	cross	1428111	20452	1	30227	1	20000	30000	other	0
sub-13	9	Pulse	255	1438283	30624	0
sub-13	9	Nothing	90	1458111	50452	1			50000		other	0
sub-13	9	Pulse	255	1458283	50624	0
sub-13	9	Picture	response	1473337	65678	1	15226	1	65000	15000	hit	104
sub-13	9	Pulse	255	1478283	70624	0
sub-13	9	Response	1	1480903	73244	1
sub-13	9	Picture	blank2	1488563	80904	1	10226	1	80000	10000	other	0
sub-13	9	Pulse	255	1498283	90625	0
sub-13	10	Picture	cross	1498955	0	1	4226	1	0	4000	other	0
sub-13	10	Picture	20	1504182	5227	1	15226	1	5000	15000	other	0
sub-13	10	Pulse	255	1518283	19328	0
sub-13	10	Picture	cross	1519408	20453	1	30227	1	20000	30000	other	0
sub-13	10	Pulse	255	1538283	39328	0
sub-13	10	Nothing	25	1549408	50453	1			50000		other	0
sub-13	10	Pulse	255	1558283	59328	0
sub-13	10	Picture	response	1564634	65679	1	15226	1	65000	15000	hit	115
sub-13	10	Response	2	1570523	71568	1
sub-13	10	Pulse	255	1578283	79328	0
sub-13	10	Picture	blank2	1579860	80905	1	20226	1	80000	20000	other	0
sub-13	10	Pulse	255	1598283	99328	0
sub-13	11	Picture	cross	1600253	0	1	4226	1	0	4000	other	0
sub-13	11	Picture	41	1605312	5060	1	15226	1	5000	15000	other	0
sub-13	11	Pulse	255	1618283	18030	0
sub-13	11	Picture	cross	1620538	20285	1	30227	1	20000	30000	other	0
sub-13	11	Pulse	255	1638283	38030	0
sub-13	11	Nothing	90	1650538	50285	1			50000		other	0
sub-13	11	Pulse	255	1658283	58030	0
sub-13	11	Picture	response	1665764	65511	1	15226	1	65000	15000	hit	127
sub-13	11	Response	1	1670823	70571	1
sub-13	11	Pulse	255	1678283	78031	0
sub-13	11	Picture	blank2	1680990	80737	1	30226	1	80000	30000	other	0
sub-13	11	Pulse	255	1698283	98031	0
sub-13	12	Picture	cross	1711383	0	1	4226	1	0	4000	other	0
sub-13	12	Picture	40	1716609	5227	1	15226	1	5000	15000	other	0
sub-13	12	Pulse	255	1718283	6901	0
sub-13	12	Picture	cross	1731835	20453	1	30227	1	20000	30000	other	0
sub-13	12	Pulse	255	1738283	26901	0
sub-13	12	Pulse	255	1758283	46901	0
sub-13	12	Nothing	45	1761835	50453	1			50000		other	0
sub-13	12	Picture	response	1777061	65679	1	15226	1	65000	15000	hit	140
sub-13	12	Pulse	255	1778283	66901	0
sub-13	12	Response	2	1784913	73531	1
sub-13	12	Picture	blank2	1792287	80905	1	40226	1	80000	40000	other	0
sub-13	12	Pulse	255	1798283	86901	0
sub-13	12	Pulse	255	1818283	106901	0
sub-13	13	Picture	cross	1832680	0	1	4226	1	0	4000	other	0
sub-13	13	Picture	21	1837906	5226	1	15226	1	5000	15000	other	0
sub-13	13	Pulse	255	1838284	5604	0
sub-13	13	Response	1	1851694	19014	1
sub-13	13	Picture	cross	1853132	20452	1	30227	1	20000	30000	other	0
sub-13	13	Pulse	255	1858284	25604	0
sub-13	13	Pulse	255	1878284	45604	0
sub-13	13	Nothing	90	1883132	50452	1			50000		other	0
sub-13	13	Pulse	255	1898284	65604	0
sub-13	13	Picture	response	1898358	65678	1	15226	1	65000	15000	hit	154
sub-13	13	Response	2	1905494	72814	1
sub-13	13	Picture	blank2	1913584	80904	1	10226	1	80000	10000	other	0
sub-13	13	Pulse	255	1918284	85604	0
sub-13	14	Picture	cross	1923976	0	1	4226	1	0	4000	other	0
sub-13	14	Picture	60	1929202	5226	1	15226	1	5000	15000	other	0
sub-13	14	Pulse	255	1938283	14307	0
sub-13	14	Picture	cross	1944428	20452	1	30227	1	20000	30000	other	0
sub-13	14	Pulse	255	1958284	34308	0
sub-13	14	Nothing	65	1974428	50452	1			50000		other	0
sub-13	14	Pulse	255	1978284	54308	0
sub-13	14	Picture	response	1989654	65678	1	15226	1	65000	15000	hit	166
sub-13	14	Pulse	255	1998284	74308	0
sub-13	14	Response	1	1998953	74977	1
sub-13	14	Picture	blank2	2004880	80904	1	30226	1	80000	30000	other	0
sub-13	14	Pulse	255	2018284	94308	0
sub-13	15	Picture	cross	2035272	0	1	4226	1	0	4000	other	0
sub-13	15	Pulse	255	2038284	3011	0
sub-13	15	Picture	61	2040499	5227	1	15226	1	5000	15000	other	0
sub-13	15	Picture	cross	2055725	20452	1	30227	1	20000	30000	other	0
sub-13	15	Pulse	255	2058284	23012	0
sub-13	15	Pulse	255	2078284	43011	0
sub-13	15	Nothing	90	2085725	50452	1			50000		other	0
sub-13	15	Pulse	255	2098284	63011	0
sub-13	15	Picture	response	2100951	65678	1	15226	1	65000	15000	hit	178
sub-13	15	Response	1	2108754	73482	1
sub-13	15	Picture	blank2	2116177	80905	1	15226	1	80000	15000	other	0
sub-13	15	Pulse	255	2118284	83012	0
sub-13	16	Picture	cross	2131570	0	1	4226	1	0	4000	other	0
sub-13	16	Picture	61	2136796	5226	1	15226	1	5000	15000	other	0
sub-13	16	Pulse	255	2138284	6714	0
sub-13	16	Picture	cross	2152022	20452	1	30227	1	20000	30000	other	0
sub-13	16	Pulse	255	2158284	26714	0
sub-13	16	Pulse	255	2178284	46715	0
sub-13	16	Nothing	90	2182022	50452	1			50000		other	0
sub-13	16	Picture	response	2197248	65678	1	15226	1	65000	15000	hit	190
sub-13	16	Pulse	255	2198284	66715	0
sub-13	16	Response	2	2210705	79135	1
sub-13	16	Picture	blank2	2212474	80904	1	20226	1	80000	20000	other	0
sub-13	16	Pulse	255	2218285	86715	0
sub-13	17	Picture	cross	2232866	0	1	4226	1	0	4000	other	0
sub-13	17	Picture	20	2238093	5227	1	15226	1	5000	15000	other	0
sub-13	17	Pulse	255	2238284	5418	0
sub-13	17	Picture	cross	2253319	20453	1	30227	1	20000	30000	other	0
sub-13	17	Pulse	255	2258285	25418	0
sub-13	17	Pulse	255	2278284	45418	0
sub-13	17	Nothing	25	2283319	50453	1			50000		other	0
sub-13	17	Pulse	255	2298285	65418	0
sub-13	17	Picture	response	2298545	65679	1	15226	1	65000	15000	hit	202
sub-13	17	Response	1	2307724	74858	1
sub-13	17	Picture	blank2	2313771	80904	1	40226	1	80000	40000	other	0
sub-13	17	Pulse	255	2318285	85419	0
sub-13	17	Pulse	255	2338284	105418	0
sub-13	18	Picture	cross	2354163	0	1	4226	1	0	4000	other	0
sub-13	18	Pulse	255	2358285	4121	0
sub-13	18	Picture	20	2359390	5226	1	15226	1	5000	15000	other	0
sub-13	18	Picture	cross	2374615	20452	1	30227	1	20000	30000	other	0
sub-13	18	Pulse	255	2378285	24121	0
sub-13	18	Pulse	255	2398285	44122	0
sub-13	18	Nothing	25	2404615	50452	1			50000		other	0
sub-13	18	Pulse	255	2418285	64121	0
sub-13	18	Picture	response	2419841	65678	1	15226	1	65000	15000	hit	215
sub-13	18	Response	1	2432555	78392	1
sub-13	18	Picture	blank2	2435067	80904	1	15226	1	80000	15000	other	0
sub-13	18	Pulse	255	2438285	84121	0
sub-13	19	Picture	cross	2450460	0	1	4226	1	0	4000	other	0
sub-13	19	Picture	61	2455686	5226	1	15226	1	5000	15000	other	0
sub-13	19	Pulse	255	2458285	7825	0
sub-13	19	Picture	cross	2470912	20452	1	30227	1	20000	30000	other	0
sub-13	19	Pulse	255	2478285	27825	0
sub-13	19	Pulse	255	2498285	47825	0
sub-13	19	Nothing	90	2500912	50452	1			50000		other	0
sub-13	19	Picture	response	2516138	65678	1	15226	1	65000	15000	hit	227
sub-13	19	Pulse	255	2518285	67825	0
sub-13	19	Response	2	2522615	72155	1
sub-13	19	Picture	blank2	2531364	80904	1	20226	1	80000	20000	other	0
sub-13	19	Pulse	255	2538285	87825	0
sub-13	20	Picture	cross	2551756	0	1	4227	1	0	4000	other	0
sub-13	20	Picture	40	2556983	5227	1	15226	1	5000	15000	other	0
sub-13	20	Pulse	255	2558285	6529	0
sub-13	20	Picture	cross	2572209	20453	1	30227	1	20000	30000	other	0
sub-13	20	Pulse	255	2578285	26529	0
sub-13	20	Pulse	255	2598285	46529	0
sub-13	20	Nothing	45	2602209	50453	1			50000		other	0
sub-13	20	Picture	response	2617435	65679	1	15226	1	65000	15000	hit	240
sub-13	20	Pulse	255	2618285	66529	0
sub-13	20	Picture	blank2	2632661	80905	1	30226	1	80000	30000	other	0
sub-13	20	Response	1	2632925	81169	1
sub-13	20	Pulse	255	2638285	86529	0
sub-13	20	Pulse	255	2658285	106529	0
sub-13	21	Picture	cross	2663054	0	1	4226	1	0	4000	other	0
sub-13	21	Picture	61	2668281	5227	1	15226	1	5000	15000	other	0
sub-13	21	Pulse	255	2678285	15231	0
sub-13	21	Picture	cross	2683507	20453	1	30227	1	20000	30000	other	0
sub-13	21	Pulse	255	2698285	35231	0
sub-13	21	Nothing	90	2713507	50453	1			50000		other	0
sub-13	21	Pulse	255	2718286	55231	0
sub-13	21	Picture	response	2728733	65679	1	15226	1	65000	15000	hit	251
sub-13	21	Response	1	2736475	73421	1
sub-13	21	Pulse	255	2738285	75231	0
sub-13	21	Picture	blank2	2743959	80905	1	40226	1	80000	40000	other	0
sub-13	21	Pulse	255	2758286	95232	0
sub-13	21	Pulse	255	2778285	115231	0
sub-13	22	Picture	cross	2784351	0	1	4226	1	0	4000	other	0
sub-13	22	Picture	20	2789411	5059	1	15226	1	5000	15000	other	0
sub-13	22	Pulse	255	2798286	13934	0
sub-13	22	Picture	cross	2804637	20285	1	30227	1	20000	30000	other	0
sub-13	22	Pulse	255	2818286	33934	0
sub-13	22	Nothing	25	2834637	50285	1			50000		other	0
sub-13	22	Pulse	255	2838286	53934	0
sub-13	22	Picture	response	2849863	65511	1	15226	1	65000	15000	hit	265
sub-13	22	Pulse	255	2858286	73934	0
sub-13	22	Response	1	2861236	76884	1
sub-13	22	Picture	blank2	2865089	80737	1	25226	1	80000	25000	other	0
sub-13	22	Pulse	255	2878286	93934	0
sub-13	23	Picture	cross	2890481	0	1	4110	1	0	4000	other	0
sub-13	23	Picture	41	2895592	5110	1	15226	1	5000	15000	other	0
sub-13	23	Pulse	255	2898276	7794	0
sub-13	23	Picture	cross	2910818	20336	1	30227	1	20000	30000	other	0
sub-13	23	Pulse	255	2918276	27794	0
sub-13	23	Pulse	255	2938276	47794	0
sub-13	23	Nothing	90	2940818	50336	1			50000		other	0
sub-13	23	Picture	response	2956043	65562	1	15226	1	65000	15000	hit	277
sub-13	23	Pulse	255	2958276	67794	0
sub-13	23	Response	1	2961226	70744	1
sub-13	23	Picture	blank2	2971269	80788	1	10226	1	80000	10000	other	0
sub-13	23	Pulse	255	2978276	87794	0
sub-13	24	Picture	cross	2981662	0	1	4226	1	0	4000	other	0
sub-13	24	Picture	60	2986888	5226	1	15226	1	5000	15000	other	0
sub-13	24	Pulse	255	2998276	16614	0
sub-13	24	Picture	cross	3002114	20452	1	30227	1	20000	30000	other	0
sub-13	24	Pulse	255	3018276	36614	0
sub-13	24	Nothing	65	3032114	50452	1			50000		other	0
sub-13	24	Pulse	255	3038276	56614	0
sub-13	24	Picture	response	3047340	65678	1	15226	1	65000	15000	hit	288
sub-13	24	Response	1	3056116	74454	1
sub-13	24	Pulse	255	3058276	76614	0
sub-13	24	Picture	blank2	3062566	80904	1	15226	1	80000	15000	other	0
sub-13	25	Picture	cross	3077959	0	1	4226	1	0	4000	other	0
sub-13	25	Pulse	255	3078276	318	0
sub-13	25	Picture	21	3083185	5227	1	15226	1	5000	15000	other	0
sub-13	25	Pulse	255	3098276	20318	0
sub-13	25	Picture	cross	3098411	20453	1	30227	1	20000	30000	other	0
sub-13	25	Pulse	255	3118276	40318	0
sub-13	25	Nothing	90	3128411	50453	1			50000		other	0
sub-13	25	Pulse	255	3138276	60318	0
sub-13	25	Picture	response	3143637	65678	1	15226	1	65000	15000	hit	300
sub-13	25	Response	2	3153836	75878	1
sub-13	25	Pulse	255	3158276	80318	0
sub-13	25	Picture	blank2	3158863	80904	1	60226	1	80000	60000	other	0
sub-13	25	Pulse	255	3178276	100318	0
sub-13	25	Pulse	255	3198276	120318	0
sub-13	25	Pulse	255	3218276	140317	0
sub-13	26	Picture	cross	3219256	0	1	4226	1	0	4000	other	0
sub-13	26	Picture	41	3224482	5226	1	15226	1	5000	15000	other	0
sub-13	26	Pulse	255	3238276	19021	0
sub-13	26	Picture	cross	3239708	20452	1	30227	1	20000	30000	other	0
sub-13	26	Pulse	255	3258276	39021	0
sub-13	26	Nothing	90	3269708	50452	1			50000		other	0
sub-13	26	Pulse	255	3278277	59021	0
sub-13	26	Picture	response	3284933	65678	1	15226	1	65000	15000	miss	0
sub-13	26	Pulse	255	3298277	79021	0
sub-13	26	Picture	blank2	3300159	80904	1	40226	1	80000	40000	other	0
sub-13	26	Pulse	255	3318277	99021	0
sub-13	26	Pulse	255	3338277	119021	0
sub-13	27	Picture	cross	3340552	0	1	4226	1	0	4000	other	0
sub-13	27	Picture	40	3345611	5059	1	15226	1	5000	15000	other	0
sub-13	27	Pulse	255	3358277	17725	0
sub-13	27	Picture	cross	3360837	20285	1	30227	1	20000	30000	other	0
sub-13	27	Pulse	255	3378277	37725	0
sub-13	27	Nothing	45	3390837	50285	1			50000		other	0
sub-13	27	Pulse	255	3398277	57725	0
sub-13	27	Picture	response	3406063	65511	1	15226	1	65000	15000	hit	326
sub-13	27	Response	2	3413407	72855	1
sub-13	27	Pulse	255	3418277	77725	0
sub-13	27	Picture	blank2	3421289	80737	1	15226	1	80000	15000	other	0
sub-13	28	Picture	cross	3436682	0	1	4226	1	0	4000	other	0
sub-13	28	Pulse	255	3438277	1595	0
sub-13	28	Picture	21	3441908	5226	1	15226	1	5000	15000	other	0
sub-13	28	Picture	cross	3457134	20452	1	30227	1	20000	30000	other	0
sub-13	28	Pulse	255	3458277	21595	0
sub-13	28	Pulse	255	3478277	41596	0
sub-13	28	Nothing	90	3487134	50452	1			50000		other	0
sub-13	28	Pulse	255	3498277	61595	0
sub-13	28	Picture	response	3502360	65678	1	15226	1	65000	15000	hit	341
sub-13	28	Picture	blank2	3517585	80904	1	50226	1	80000	50000	other	0
sub-13	28	Pulse	255	3518277	81595	0
sub-13	28	Pulse	255	3538277	101596	0
sub-13	28	Response	2	3538307	101625	1
sub-13	28	Pulse	255	3558277	121596	0
sub-13	29	Picture	cross	3567978	0	1	4226	1	0	4000	other	0
sub-13	29	Picture	60	3573205	5227	1	15226	1	5000	15000	other	0
sub-13	29	Pulse	255	3578277	10299	0
sub-13	29	Picture	cross	3588431	20453	1	30227	1	20000	30000	other	0
sub-13	29	Pulse	255	3598277	30299	0
sub-13	29	Pulse	255	3618277	50299	0
sub-13	29	Nothing	65	3618431	50453	1			50000		other	0
sub-13	29	Picture	response	3633657	65679	1	15226	1	65000	15000	hit	352
sub-13	29	Pulse	255	3638277	70299	0
sub-13	29	Response	2	3642007	74029	1
sub-13	29	Picture	blank2	3648882	80905	1	10226	1	80000	10000	other	0
sub-13	29	Pulse	255	3658277	90299	0
sub-13	30	Picture	cross	3659275	0	1	4226	1	0	4000	other	0
sub-13	30	Picture	41	3664501	5226	1	15226	1	5000	15000	other	0
sub-13	30	Pulse	255	3678278	19003	0
sub-13	30	Picture	cross	3679727	20452	1	30227	1	20000	30000	other	0
sub-13	30	Pulse	255	3698278	39003	0
sub-13	30	Nothing	90	3709727	50452	1			50000		other	0
sub-13	30	Pulse	255	3718278	59003	0
sub-13	30	Picture	response	3724954	65679	1	15226	1	65000	15000	hit	363
sub-13	30	Response	2	3735988	76713	1
sub-13	30	Pulse	255	3738277	79002	0
sub-13	30	Picture	blank2	3740180	80905	1	30226	1	80000	30000	other	0
sub-13	30	Pulse	255	3758278	99003	0
sub-13	31	Picture	cross	3770572	0	1	4226	1	0	4000	other	0
sub-13	31	Picture	21	3775799	5226	1	15227	1	5000	15000	other	0
sub-13	31	Pulse	255	3778278	7705	0
sub-13	31	Picture	cross	3791025	20453	1	30227	1	20000	30000	other	0
sub-13	31	Pulse	255	3798278	27705	0
sub-13	31	Pulse	255	3818278	47705	0
sub-13	31	Nothing	90	3821025	50453	1			50000		other	0
sub-13	31	Picture	response	3836170	65597	1	15226	1	65000	15000	hit	376
sub-13	31	Pulse	255	3838278	67705	0
sub-13	31	Response	1	3845238	74665	1
sub-13	31	Picture	blank2	3851396	80824	1	60226	1	80000	60000	other	0
sub-13	31	Pulse	255	3858278	87705	0
sub-13	31	Pulse	255	3878278	107705	0
sub-13	31	Pulse	255	3898278	127706	0
sub-13	32	Picture	cross	3911789	0	1	4226	1	0	4000	other	0
sub-13	32	Picture	21	3917016	5226	1	15226	1	5000	15000	other	0
sub-13	32	Pulse	255	3918278	6489	0
sub-13	32	Picture	cross	3932241	20452	1	30227	1	20000	30000	other	0
sub-13	32	Pulse	255	3938278	26489	0
sub-13	32	Pulse	255	3958278	46489	0
sub-13	32	Nothing	90	3962241	50452	1			50000		other	0
sub-13	32	Picture	response	3977348	65559	1	15226	1	65000	15000	hit	390
sub-13	32	Pulse	255	3978278	66489	0
sub-13	32	Response	1	3986528	74739	1
sub-13	32	Picture	blank2	3992574	80784	1	30226	1	80000	30000	other	0
sub-13	32	Pulse	255	3998278	86489	0
sub-13	32	Pulse	255	4018278	106489	0
sub-13	33	Picture	cross	4022966	0	1	4226	1	0	4000	other	0
sub-13	33	Picture	21	4028193	5226	1	15226	1	5000	15000	other	0
sub-13	33	Pulse	255	4038278	15312	0
sub-13	33	Picture	cross	4043419	20452	1	30227	1	20000	30000	other	0
sub-13	33	Pulse	255	4058278	35312	0
sub-13	33	Nothing	90	4073419	50452	1			50000		other	0
sub-13	33	Pulse	255	4078278	55312	0
sub-13	33	Picture	response	4088645	65678	1	15226	1	65000	15000	hit	402
sub-13	33	Response	1	4097698	74732	1
sub-13	33	Pulse	255	4098278	75312	0
sub-13	33	Picture	blank2	4103871	80904	1	15226	1	80000	15000	other	0
sub-13	33	Pulse	255	4118278	95312	0
sub-13	34	Picture	cross	4119263	0	1	4226	1	0	4000	other	0
sub-13	34	Picture	40	4124489	5226	1	15226	1	5000	15000	other	0
sub-13	34	Pulse	255	4138278	19015	0
sub-13	34	Picture	cross	4139715	20452	1	30227	1	20000	30000	other	0
sub-13	34	Pulse	255	4158279	39015	0
sub-13	34	Nothing	45	4169715	50452	1			50000		other	0
sub-13	34	Pulse	255	4178278	59015	0
sub-13	34	Picture	response	4184942	65678	1	15226	1	65000	15000	hit	416
sub-13	34	Pulse	255	4198279	79015	0
sub-13	34	Picture	blank2	4200168	80904	1	55226	1	80000	55000	other	0
sub-13	34	Response	2	4201929	82665	1
sub-13	34	Response	2	4204978	85715	1
sub-13	34	Pulse	255	4218279	99015	0
sub-13	34	Pulse	255	4238279	119015	0
sub-13	35	Picture	cross	4255560	0	1	4226	1	0	4000	other	0
sub-13	35	Pulse	255	4258279	2719	0
sub-13	35	Picture	40	4260787	5227	1	15226	1	5000	15000	other	0
sub-13	35	Picture	cross	4276013	20453	1	30227	1	20000	30000	other	0
sub-13	35	Pulse	255	4278279	22719	0
sub-13	35	Pulse	255	4298279	42718	0
sub-13	35	Nothing	45	4306013	50453	1			50000		other	0
sub-13	35	Pulse	255	4318279	62718	0
sub-13	35	Picture	response	4321239	65679	1	15226	1	65000	15000	hit	429
sub-13	35	Response	1	4328219	72659	1
sub-13	35	Picture	blank2	4336465	80904	1	40226	1	80000	40000	other	0
sub-13	35	Pulse	255	4338279	82719	0
sub-13	35	Pulse	255	4358279	102719	0
sub-13	36	Picture	cross	4376857	0	1	4226	1	0	4000	other	0
sub-13	36	Pulse	255	4378279	1422	0
sub-13	36	Picture	60	4382083	5226	1	15226	1	5000	15000	other	0
sub-13	36	Picture	cross	4397309	20452	1	30227	1	20000	30000	other	0
sub-13	36	Pulse	255	4398279	21422	0
sub-13	36	Pulse	255	4418279	41422	0
sub-13	36	Nothing	65	4427309	50452	1			50000		other	0
sub-13	36	Pulse	255	4438279	61422	0
sub-13	36	Picture	response	4442535	65678	1	15226	1	65000	15000	hit	442
sub-13	36	Response	2	4449709	72852	1
sub-13	36	Picture	blank2	4457761	80904	1	40226	1	80000	40000	other	0
sub-13	36	Pulse	255	4458279	81422	0
sub-13	36	Pulse	255	4478279	101422	0
sub-13	37	Picture	cross	4498154	0	1	4226	1	0	4000	other	0
sub-13	37	Pulse	255	4498279	125	0
sub-13	37	Picture	41	4503380	5226	1	15226	1	5000	15000	other	0
sub-13	37	Pulse	255	4518279	20125	0
sub-13	37	Picture	cross	4518606	20452	1	30227	1	20000	30000	other	0
sub-13	37	Pulse	255	4538279	40125	0
sub-13	37	Nothing	90	4548606	50452	1			50000		other	0
sub-13	37	Pulse	255	4558279	60125	0
sub-13	37	Picture	response	4563833	65679	1	15226	1	65000	15000	hit	455
sub-13	37	Response	2	4570609	72455	1
sub-13	37	Pulse	255	4578279	80125	0
sub-13	37	Picture	blank2	4579058	80904	1	15226	1	80000	15000	other	0
