Scenario - loca_mveb
Logfile written - 05/28/2018 10:50:22

Subject	Trial	Event Type	Code	Time	TTime	Uncertainty	Duration	Uncertainty	ReqTime	ReqDur	Stim Type	Pair Index

sub-09_2	0	Pulse	255	685653	685653	0
sub-09_2	1	Picture	p_startup	685873	0	1	100197	1	0	100000	other	0
sub-09_2	1	Pulse	255	705653	19780	0
sub-09_2	1	Pulse	255	725653	39780	0
sub-09_2	1	Pulse	255	745653	59780	0
sub-09_2	1	Pulse	255	765653	79780	0
sub-09_2	1	Pulse	255	785652	99779	0
sub-09_2	2	Picture	cross	786237	0	1	4168	1	0	4000	other	0
sub-09_2	2	Picture	61	791405	5168	1	15171	1	5000	15000	other	0
sub-09_2	2	Pulse	255	805654	19416	0
sub-09_2	2	Picture	cross	806577	20340	1	30176	1	20000	30000	other	0
sub-09_2	2	Pulse	255	825654	39416	0
sub-09_2	2	Nothing	90	836577	50340	1			50000		other	0
sub-09_2	2	Pulse	255	845654	59416	0
sub-09_2	2	Picture	response	851757	65520	1	15171	1	65000	15000	miss	0
sub-09_2	2	Pulse	255	865654	79416	0
sub-09_2	2	Picture	blank2	866929	80691	1	15171	1	80000	15000	other	0
sub-09_2	3	Picture	cross	882267	0	1	4168	1	0	4000	other	0
sub-09_2	3	Pulse	255	885654	3387	0
sub-09_2	3	Picture	40	887435	5168	1	15171	1	5000	15000	other	0
sub-09_2	3	Picture	cross	902606	20340	1	30176	1	20000	30000	other	0
sub-09_2	3	Pulse	255	905654	23387	0
sub-09_2	3	Pulse	255	925654	43387	0
sub-09_2	3	Nothing	45	932606	50340	1			50000		other	0
sub-09_2	3	Pulse	255	945654	63387	0
sub-09_2	3	Picture	response	947787	65520	1	15171	1	65000	15000	miss	0
sub-09_2	3	Picture	blank2	962958	80691	1	25174	1	80000	25000	other	0
sub-09_2	3	Pulse	255	965653	83386	0
sub-09_2	3	Pulse	255	985654	103387	0
sub-09_2	4	Picture	cross	988299	0	1	4168	1	0	4000	other	0
sub-09_2	4	Picture	60	993467	5168	1	15171	1	5000	15000	other	0
sub-09_2	4	Pulse	255	1005654	17355	0
sub-09_2	4	Picture	cross	1008639	20340	1	30176	1	20000	30000	other	0
sub-09_2	4	Pulse	255	1025655	37355	0
sub-09_2	4	Nothing	65	1038639	50340	1			50000		other	0
sub-09_2	4	Pulse	255	1045653	57354	0
sub-09_2	4	Picture	response	1053819	65520	1	15171	1	65000	15000	miss	0
sub-09_2	4	Pulse	255	1065654	77355	0
sub-09_2	4	Picture	blank2	1068990	80691	1	15171	1	80000	15000	other	0
sub-09_2	5	Picture	cross	1084328	0	1	4168	1	0	4000	other	0
sub-09_2	5	Pulse	255	1085654	1326	0
sub-09_2	5	Picture	20	1089497	5168	1	15171	1	5000	15000	other	0
sub-09_2	5	Picture	cross	1104668	20340	1	30176	1	20000	30000	other	0
sub-09_2	5	Pulse	255	1105654	21326	0
sub-09_2	5	Pulse	255	1125655	41326	0
sub-09_2	5	Nothing	25	1134668	50340	1			50000		other	0
sub-09_2	5	Pulse	255	1145654	61326	0
sub-09_2	5	Picture	response	1149848	65520	1	15171	1	65000	15000	miss	0
sub-09_2	5	Picture	blank2	1165020	80691	1	20173	1	80000	20000	other	0
sub-09_2	5	Pulse	255	1165655	81326	0
sub-09_2	6	Picture	cross	1185359	0	1	4168	1	0	4000	other	0
sub-09_2	6	Pulse	255	1185655	295	0
sub-09_2	6	Picture	60	1190527	5168	1	15171	1	5000	15000	other	0
sub-09_2	6	Pulse	255	1205654	20295	0
sub-09_2	6	Picture	cross	1205699	20340	1	30176	1	20000	30000	other	0
sub-09_2	6	Pulse	255	1225655	40296	0
sub-09_2	6	Nothing	65	1235699	50340	1			50000		other	0
sub-09_2	6	Pulse	255	1245655	60296	0
sub-09_2	6	Picture	response	1250879	65520	1	15171	1	65000	15000	miss	0
sub-09_2	6	Pulse	255	1265655	80296	0
sub-09_2	6	Picture	blank2	1266051	80691	1	45180	1	80000	45000	other	0
sub-09_2	6	Pulse	255	1285655	100296	0
sub-09_2	6	Pulse	255	1305655	120296	0
sub-09_2	7	Picture	cross	1311398	0	1	4168	1	0	4000	other	0
sub-09_2	7	Picture	20	1316566	5168	1	15171	1	5000	15000	other	0
sub-09_2	7	Pulse	255	1325655	14257	0
sub-09_2	7	Picture	cross	1331737	20340	1	30176	1	20000	30000	other	0
sub-09_2	7	Pulse	255	1345654	34257	0
sub-09_2	7	Nothing	25	1361737	50340	1			50000		other	0
sub-09_2	7	Pulse	255	1365655	54258	0
sub-09_2	7	Picture	response	1376918	65520	1	15171	1	65000	15000	miss	0
sub-09_2	7	Pulse	255	1385655	74257	0
sub-09_2	7	Picture	blank2	1392089	80691	1	35177	1	80000	35000	other	0
sub-09_2	7	Pulse	255	1405655	94258	0
sub-09_2	7	Pulse	255	1425656	114258	0
sub-09_2	8	Picture	cross	1427433	0	1	4168	1	0	4000	other	0
sub-09_2	8	Picture	61	1432602	5168	1	15171	1	5000	15000	other	0
sub-09_2	8	Pulse	255	1445656	18223	0
sub-09_2	8	Picture	cross	1447773	20340	1	30176	1	20000	30000	other	0
sub-09_2	8	Pulse	255	1465656	38222	0
sub-09_2	8	Nothing	90	1477773	50340	1			50000		other	0
sub-09_2	8	Pulse	255	1485655	58222	0
sub-09_2	8	Picture	response	1492953	65520	1	15171	1	65000	15000	miss	0
sub-09_2	8	Pulse	255	1505656	78222	0
sub-09_2	8	Picture	blank2	1508125	80691	1	45180	1	80000	45000	other	0
sub-09_2	8	Pulse	255	1525656	98222	0
sub-09_2	8	Pulse	255	1545646	118213	0
sub-09_2	9	Picture	cross	1553472	0	1	4168	1	0	4000	other	0
sub-09_2	9	Picture	41	1558640	5168	1	15171	1	5000	15000	other	0
sub-09_2	9	Pulse	255	1565646	12174	0
sub-09_2	9	Picture	cross	1573811	20340	1	30176	1	20000	30000	other	0
sub-09_2	9	Pulse	255	1585646	32174	0
sub-09_2	9	Nothing	90	1603811	50340	1			50000		other	0
sub-09_2	9	Pulse	255	1605646	52174	0
sub-09_2	9	Picture	response	1618992	65520	1	15171	1	65000	15000	miss	0
sub-09_2	9	Pulse	255	1625646	72174	0
sub-09_2	9	Picture	blank2	1634163	80691	1	10170	1	80000	10000	other	0
sub-09_2	10	Picture	cross	1644500	0	1	4168	1	0	4000	other	0
sub-09_2	10	Pulse	255	1645645	1145	0
sub-09_2	10	Picture	20	1649668	5168	1	15171	1	5000	15000	other	0
sub-09_2	10	Picture	cross	1664839	20340	1	30176	1	20000	30000	other	0
sub-09_2	10	Pulse	255	1665646	21147	0
sub-09_2	10	Pulse	255	1685646	41146	0
sub-09_2	10	Nothing	25	1694839	50340	1			50000		other	0
sub-09_2	10	Pulse	255	1705646	61147	0
sub-09_2	10	Picture	response	1710020	65520	1	15171	1	65000	15000	miss	0
sub-09_2	10	Picture	blank2	1725191	80691	1	20173	1	80000	20000	other	0
sub-09_2	10	Pulse	255	1725646	81147	0
sub-09_2	11	Picture	cross	1745531	0	1	4168	1	0	4000	other	0
sub-09_2	11	Pulse	255	1745647	116	0
sub-09_2	11	Picture	41	1750699	5168	1	15171	1	5000	15000	other	0
sub-09_2	11	Pulse	255	1765646	20116	0
sub-09_2	11	Picture	cross	1765870	20340	1	30176	1	20000	30000	other	0
sub-09_2	11	Pulse	255	1785647	40116	0
sub-09_2	11	Nothing	90	1795870	50340	1			50000		other	0
sub-09_2	11	Pulse	255	1805646	60116	0
sub-09_2	11	Picture	response	1811051	65520	1	15171	1	65000	15000	miss	0
sub-09_2	11	Pulse	255	1825647	80116	0
sub-09_2	11	Picture	blank2	1826222	80691	1	30176	1	80000	30000	other	0
sub-09_2	11	Pulse	255	1845647	100117	0
sub-09_2	12	Picture	cross	1856564	0	1	4168	1	0	4000	other	0
sub-09_2	12	Picture	40	1861733	5168	1	15171	1	5000	15000	other	0
sub-09_2	12	Pulse	255	1865647	9083	0
sub-09_2	12	Picture	cross	1876904	20340	1	30176	1	20000	30000	other	0
sub-09_2	12	Pulse	255	1885647	29082	0
sub-09_2	12	Pulse	255	1905647	49083	0
sub-09_2	12	Nothing	45	1906904	50340	1			50000		other	0
sub-09_2	12	Picture	response	1922085	65520	1	15171	1	65000	15000	miss	0
sub-09_2	12	Pulse	255	1925647	69082	0
sub-09_2	12	Picture	blank2	1937256	80691	1	40179	1	80000	40000	other	0
sub-09_2	12	Pulse	255	1945647	89083	0
sub-09_2	12	Pulse	255	1965647	109082	0
sub-09_2	13	Picture	cross	1977602	0	1	4168	1	0	4000	other	0
sub-09_2	13	Picture	21	1982770	5168	1	15171	1	5000	15000	other	0
sub-09_2	13	Pulse	255	1985647	8046	0
sub-09_2	13	Picture	cross	1997941	20340	1	30176	1	20000	30000	other	0
sub-09_2	13	Pulse	255	2005648	28046	0
sub-09_2	13	Pulse	255	2025647	48046	0
sub-09_2	13	Nothing	90	2027941	50340	1			50000		other	0
sub-09_2	13	Picture	response	2043122	65520	1	15171	1	65000	15000	miss	0
sub-09_2	13	Pulse	255	2045647	68046	0
sub-09_2	13	Picture	blank2	2058293	80691	1	10170	1	80000	10000	other	0
sub-09_2	13	Pulse	255	2065647	88046	0
sub-09_2	14	Picture	cross	2068629	0	1	4168	1	0	4000	other	0
sub-09_2	14	Picture	60	2073798	5168	1	15171	1	5000	15000	other	0
sub-09_2	14	Pulse	255	2085647	17017	0
sub-09_2	14	Picture	cross	2088969	20340	1	30176	1	20000	30000	other	0
sub-09_2	14	Pulse	255	2105647	37018	0
sub-09_2	14	Nothing	65	2118969	50340	1			50000		other	0
sub-09_2	14	Pulse	255	2125647	57018	0
sub-09_2	14	Picture	response	2134149	65520	1	15171	1	65000	15000	miss	0
sub-09_2	14	Pulse	255	2145647	77017	0
sub-09_2	14	Picture	blank2	2149321	80691	1	30176	1	80000	30000	other	0
sub-09_2	14	Pulse	255	2165647	97018	0
sub-09_2	15	Picture	cross	2179663	0	1	4168	1	0	4000	other	0
sub-09_2	15	Picture	61	2184832	5168	1	15171	1	5000	15000	other	0
sub-09_2	15	Pulse	255	2185648	5984	0
sub-09_2	15	Picture	cross	2200003	20340	1	30176	1	20000	30000	other	0
sub-09_2	15	Pulse	255	2205648	25985	0
sub-09_2	15	Pulse	255	2225647	45984	0
sub-09_2	15	Nothing	90	2230003	50340	1			50000		other	0
sub-09_2	15	Picture	response	2245183	65520	1	15171	1	65000	15000	miss	0
sub-09_2	15	Pulse	255	2245648	65985	0
sub-09_2	15	Picture	blank2	2260355	80691	1	15171	1	80000	15000	other	0
sub-09_2	15	Pulse	255	2265648	85984	0
sub-09_2	16	Picture	cross	2275693	0	1	4168	1	0	4000	other	0
sub-09_2	16	Picture	61	2280861	5168	1	15171	1	5000	15000	other	0
sub-09_2	16	Pulse	255	2285648	9955	0
sub-09_2	16	Picture	cross	2296032	20340	1	30176	1	20000	30000	other	0
sub-09_2	16	Pulse	255	2305648	29956	0
sub-09_2	16	Pulse	255	2325648	49956	0
sub-09_2	16	Nothing	90	2326032	50340	1			50000		other	0
sub-09_2	16	Picture	response	2341213	65520	1	15171	1	65000	15000	miss	0
sub-09_2	16	Pulse	255	2345648	69955	0
sub-09_2	16	Picture	blank2	2356384	80691	1	20173	1	80000	20000	other	0
sub-09_2	16	Pulse	255	2365647	89955	0
sub-09_2	17	Picture	cross	2376724	0	1	4168	1	0	4000	other	0
sub-09_2	17	Picture	20	2381892	5168	1	15171	1	5000	15000	other	0
sub-09_2	17	Pulse	255	2385648	8925	0
sub-09_2	17	Picture	cross	2397063	20340	1	30176	1	20000	30000	other	0
sub-09_2	17	Pulse	255	2405649	28925	0
sub-09_2	17	Pulse	255	2425648	48925	0
sub-09_2	17	Nothing	25	2427063	50340	1			50000		other	0
sub-09_2	17	Picture	response	2442244	65520	1	15171	1	65000	15000	miss	0
sub-09_2	17	Pulse	255	2445648	68925	0
sub-09_2	17	Picture	blank2	2457415	80691	1	40179	1	80000	40000	other	0
sub-09_2	17	Pulse	255	2465648	88925	0
sub-09_2	17	Pulse	255	2485649	108925	0
sub-09_2	18	Picture	cross	2497761	0	1	4168	1	0	4000	other	0
sub-09_2	18	Picture	20	2502929	5168	1	15171	1	5000	15000	other	0
sub-09_2	18	Pulse	255	2505649	7888	0
sub-09_2	18	Picture	cross	2518100	20340	1	30176	1	20000	30000	other	0
sub-09_2	18	Pulse	255	2525649	27888	0
sub-09_2	18	Pulse	255	2545649	47888	0
sub-09_2	18	Nothing	25	2548100	50340	1			50000		other	0
sub-09_2	18	Picture	response	2563281	65520	1	15171	1	65000	15000	miss	0
sub-09_2	18	Pulse	255	2565649	67888	0
sub-09_2	18	Picture	blank2	2578452	80691	1	15171	1	80000	15000	other	0
sub-09_2	18	Pulse	255	2585648	87887	0
sub-09_2	19	Picture	cross	2593790	0	1	4168	1	0	4000	other	0
sub-09_2	19	Picture	61	2598958	5168	1	15171	1	5000	15000	other	0
sub-09_2	19	Pulse	255	2605649	11859	0
sub-09_2	19	Picture	cross	2614129	20340	1	30176	1	20000	30000	other	0
sub-09_2	19	Pulse	255	2625649	31859	0
sub-09_2	19	Nothing	90	2644129	50340	1			50000		other	0
sub-09_2	19	Pulse	255	2645649	51859	0
sub-09_2	19	Picture	response	2659310	65520	1	15171	1	65000	15000	miss	0
sub-09_2	19	Pulse	255	2665649	71859	0
sub-09_2	19	Picture	blank2	2674481	80691	1	20173	1	80000	20000	other	0
sub-09_2	19	Pulse	255	2685648	91858	2
sub-09_2	20	Picture	cross	2694821	0	1	4168	1	0	4000	other	0
sub-09_2	20	Picture	40	2699989	5168	1	15171	1	5000	15000	other	0
sub-09_2	20	Pulse	255	2705649	10829	0
sub-09_2	20	Picture	cross	2715160	20340	1	30176	1	20000	30000	other	0
sub-09_2	20	Pulse	255	2725650	30829	0
sub-09_2	20	Nothing	45	2745160	50340	1			50000		other	0
sub-09_2	20	Pulse	255	2745649	50828	0
sub-09_2	20	Picture	response	2760341	65520	1	15171	1	65000	15000	miss	0
sub-09_2	20	Pulse	255	2765650	70829	0
sub-09_2	20	Picture	blank2	2775512	80691	1	30176	1	80000	30000	other	0
sub-09_2	20	Pulse	255	2785649	90829	0
sub-09_2	20	Pulse	255	2805650	110829	0
sub-09_2	21	Picture	cross	2805855	0	1	4168	1	0	4000	other	0
sub-09_2	21	Picture	61	2811023	5168	1	15171	1	5000	15000	other	0
sub-09_2	21	Pulse	255	2825650	19795	0
sub-09_2	21	Picture	cross	2826194	20340	1	30176	1	20000	30000	other	0
sub-09_2	21	Pulse	255	2845650	39795	0
sub-09_2	21	Nothing	90	2856194	50340	1			50000		other	0
sub-09_2	21	Pulse	255	2865650	59795	0
sub-09_2	21	Picture	response	2871375	65520	1	15171	1	65000	15000	miss	0
sub-09_2	21	Pulse	255	2885650	79795	0
sub-09_2	21	Picture	blank2	2886546	80691	1	40179	1	80000	40000	other	0
sub-09_2	21	Pulse	255	2905650	99795	0
sub-09_2	21	Pulse	255	2925650	119795	0
sub-09_2	22	Picture	cross	2926892	0	1	4168	1	0	4000	other	0
sub-09_2	22	Picture	20	2932060	5168	1	15171	1	5000	15000	other	0
sub-09_2	22	Pulse	255	2945650	18758	0
sub-09_2	22	Picture	cross	2947231	20340	1	30176	1	20000	30000	other	0
sub-09_2	22	Pulse	255	2965650	38758	0
sub-09_2	22	Nothing	25	2977231	50340	1			50000		other	0
sub-09_2	22	Pulse	255	2985650	58758	0
sub-09_2	22	Picture	response	2992412	65520	1	15171	1	65000	15000	miss	0
sub-09_2	22	Pulse	255	3005650	78758	0
sub-09_2	22	Picture	blank2	3007583	80691	1	25174	1	80000	25000	other	0
sub-09_2	22	Pulse	255	3025649	98757	0
sub-09_2	23	Picture	cross	3032924	0	1	4168	1	0	4000	other	0
sub-09_2	23	Picture	41	3038092	5168	1	15171	1	5000	15000	other	0
sub-09_2	23	Pulse	255	3045650	12726	0
sub-09_2	23	Picture	cross	3053264	20340	1	30176	1	20000	30000	other	0
sub-09_2	23	Pulse	255	3065650	32726	0
sub-09_2	23	Nothing	90	3083264	50340	1			50000		other	0
sub-09_2	23	Pulse	255	3085651	52727	0
sub-09_2	23	Picture	response	3098444	65520	1	15171	1	65000	15000	miss	0
sub-09_2	23	Pulse	255	3105650	72726	0
sub-09_2	23	Picture	blank2	3113616	80691	1	10170	1	80000	10000	other	0
sub-09_2	24	Picture	cross	3123952	0	1	4168	1	0	4000	other	0
sub-09_2	24	Pulse	255	3125651	1699	0
sub-09_2	24	Picture	60	3129120	5168	1	15171	1	5000	15000	other	0
sub-09_2	24	Picture	cross	3144292	20340	1	30176	1	20000	30000	other	0
sub-09_2	24	Pulse	255	3145650	21698	0
sub-09_2	24	Pulse	255	3165651	41699	0
sub-09_2	24	Nothing	65	3174292	50340	1			50000		other	0
sub-09_2	24	Pulse	255	3185651	61699	0
sub-09_2	24	Picture	response	3189472	65520	1	15171	1	65000	15000	miss	0
sub-09_2	24	Picture	blank2	3204643	80691	1	15171	1	80000	15000	other	0
sub-09_2	24	Pulse	255	3205651	81699	0
sub-09_2	25	Picture	cross	3219981	0	1	4168	1	0	4000	other	0
sub-09_2	25	Picture	21	3225150	5168	1	15171	1	5000	15000	other	0
sub-09_2	25	Pulse	255	3225650	5669	0
sub-09_2	25	Picture	cross	3240321	20340	1	30176	1	20000	30000	other	0
sub-09_2	25	Pulse	255	3245651	25669	0
sub-09_2	25	Pulse	255	3265651	45669	0
sub-09_2	25	Nothing	90	3270321	50340	1			50000		other	0
sub-09_2	25	Picture	response	3285501	65520	1	15171	1	65000	15000	miss	0
sub-09_2	25	Pulse	255	3285651	65670	0
sub-09_2	25	Picture	blank2	3300673	80691	1	60185	1	80000	60000	other	0
sub-09_2	25	Pulse	255	3305651	85670	0
sub-09_2	25	Pulse	255	3325651	105670	0
sub-09_2	25	Pulse	255	3345651	125670	0
sub-09_2	26	Picture	cross	3361025	0	1	4168	1	0	4000	other	0
sub-09_2	26	Pulse	255	3365651	4627	0
sub-09_2	26	Picture	41	3366193	5168	1	15171	1	5000	15000	other	0
sub-09_2	26	Picture	cross	3381364	20340	1	30176	1	20000	30000	other	0
sub-09_2	26	Pulse	255	3385651	24627	0
sub-09_2	26	Pulse	255	3405651	44627	0
sub-09_2	26	Nothing	90	3411364	50340	1			50000		other	0
sub-09_2	26	Pulse	255	3425650	64626	0
sub-09_2	26	Picture	response	3426545	65520	1	15171	1	65000	15000	miss	0
sub-09_2	26	Picture	blank2	3441716	80691	1	40179	1	80000	40000	other	0
sub-09_2	26	Pulse	255	3445652	84628	0
sub-09_2	26	Pulse	255	3465651	104627	0
sub-09_2	27	Picture	cross	3482062	0	1	4168	1	0	4000	other	0
sub-09_2	27	Pulse	255	3485652	3590	0
sub-09_2	27	Picture	40	3487230	5168	1	15171	1	5000	15000	other	0
sub-09_2	27	Picture	cross	3502401	20340	1	30176	1	20000	30000	other	0
sub-09_2	27	Pulse	255	3505652	23590	0
sub-09_2	27	Pulse	255	3525652	43590	0
sub-09_2	27	Nothing	45	3532401	50340	1			50000		other	0
sub-09_2	27	Pulse	255	3545652	63590	0
sub-09_2	27	Picture	response	3547582	65520	1	15171	1	65000	15000	miss	0
sub-09_2	27	Picture	blank2	3562753	80691	1	15171	1	80000	15000	other	0
sub-09_2	27	Pulse	255	3565652	83590	0
sub-09_2	28	Picture	cross	3578091	0	1	4168	1	0	4000	other	0
sub-09_2	28	Picture	21	3583259	5168	1	15171	1	5000	15000	other	0
sub-09_2	28	Pulse	255	3585652	7561	0
sub-09_2	28	Picture	cross	3598430	20340	1	30176	1	20000	30000	other	0
sub-09_2	28	Pulse	255	3605652	27561	0
sub-09_2	28	Pulse	255	3625652	47561	0
sub-09_2	28	Nothing	90	3628430	50340	1			50000		other	0
sub-09_2	28	Picture	response	3643611	65520	1	15171	1	65000	15000	miss	0
sub-09_2	28	Pulse	255	3645652	67561	0
sub-09_2	28	Picture	blank2	3658782	80691	1	50182	1	80000	50000	other	0
sub-09_2	28	Pulse	255	3665652	87561	0
sub-09_2	28	Pulse	255	3685652	107561	0
sub-09_2	28	Pulse	255	3705652	127561	0
sub-09_2	29	Picture	cross	3709131	0	1	4168	1	0	4000	other	0
sub-09_2	29	Picture	60	3714299	5168	1	15171	1	5000	15000	other	0
sub-09_2	29	Pulse	255	3725652	16521	0
sub-09_2	29	Picture	cross	3729470	20340	1	30176	1	20000	30000	other	0
sub-09_2	29	Pulse	255	3745652	36521	0
sub-09_2	29	Nothing	65	3759470	50340	1			50000		other	0
sub-09_2	29	Pulse	255	3765652	56521	0
sub-09_2	29	Picture	response	3774651	65520	1	15171	1	65000	15000	miss	0
sub-09_2	29	Pulse	255	3785652	76522	0
sub-09_2	29	Picture	blank2	3789822	80691	1	10170	1	80000	10000	other	0
sub-09_2	30	Picture	cross	3800159	0	1	4168	1	0	4000	other	0
sub-09_2	30	Picture	41	3805327	5168	1	15171	1	5000	15000	other	0
sub-09_2	30	Pulse	255	3805653	5494	0
sub-09_2	30	Picture	cross	3820498	20340	1	30176	1	20000	30000	other	0
sub-09_2	30	Pulse	255	3825652	25493	0
sub-09_2	30	Pulse	255	3845653	45494	0
sub-09_2	30	Nothing	90	3850498	50340	1			50000		other	0
sub-09_2	30	Pulse	255	3865653	65494	0
sub-09_2	30	Picture	response	3865679	65520	1	15171	1	65000	15000	miss	0
sub-09_2	30	Picture	blank2	3880850	80691	1	30176	1	80000	30000	other	0
sub-09_2	30	Pulse	255	3885653	85494	0
sub-09_2	30	Pulse	255	3905643	105484	0
sub-09_2	31	Picture	cross	3911193	0	1	4168	1	0	4000	other	0
sub-09_2	31	Picture	21	3916361	5168	1	15171	1	5000	15000	other	0
sub-09_2	31	Pulse	255	3925643	14450	0
sub-09_2	31	Picture	cross	3931532	20340	1	30176	1	20000	30000	other	0
sub-09_2	31	Pulse	255	3945643	34450	0
sub-09_2	31	Nothing	90	3961532	50340	1			50000		other	0
sub-09_2	31	Pulse	255	3965643	54450	0
sub-09_2	31	Picture	response	3976713	65520	1	15171	1	65000	15000	miss	0
sub-09_2	31	Pulse	255	3985643	74451	0
sub-09_2	31	Picture	blank2	3991884	80691	1	60185	1	80000	60000	other	0
sub-09_2	31	Pulse	255	4005643	94450	0
sub-09_2	31	Pulse	255	4025642	114450	0
sub-09_2	31	Pulse	255	4045643	134451	0
sub-09_2	32	Picture	cross	4052236	0	1	4168	1	0	4000	other	0
sub-09_2	32	Picture	21	4057404	5168	1	15171	1	5000	15000	other	0
sub-09_2	32	Pulse	255	4065643	13407	0
sub-09_2	32	Picture	cross	4072575	20340	1	30176	1	20000	30000	other	0
sub-09_2	32	Pulse	255	4085643	33407	0
sub-09_2	32	Nothing	90	4102575	50340	1			50000		other	0
sub-09_2	32	Pulse	255	4105644	53408	0
sub-09_2	32	Picture	response	4117756	65520	1	15171	1	65000	15000	miss	0
sub-09_2	32	Pulse	255	4125643	73408	0
sub-09_2	32	Picture	blank2	4132927	80691	1	30176	1	80000	30000	other	0
sub-09_2	32	Pulse	255	4145644	93408	0
sub-09_2	33	Picture	cross	4163270	0	1	4168	1	0	4000	other	0
sub-09_2	33	Pulse	255	4165644	2374	0
sub-09_2	33	Picture	21	4168438	5168	1	15171	1	5000	15000	other	0
sub-09_2	33	Picture	cross	4183609	20340	1	30176	1	20000	30000	other	0
sub-09_2	33	Pulse	255	4185642	22373	0
sub-09_2	33	Pulse	255	4205644	42374	0
sub-09_2	33	Nothing	90	4213609	50340	1			50000		other	0
sub-09_2	33	Pulse	255	4225643	62373	0
sub-09_2	33	Picture	response	4228790	65520	1	15171	1	65000	15000	miss	0
sub-09_2	33	Picture	blank2	4243961	80691	1	15171	1	80000	15000	other	0
sub-09_2	33	Pulse	255	4245644	82374	0
sub-09_2	34	Picture	cross	4259299	0	1	4168	1	0	4000	other	0
sub-09_2	34	Picture	40	4264467	5168	1	15171	1	5000	15000	other	0
sub-09_2	34	Pulse	255	4265644	6345	0
sub-09_2	34	Picture	cross	4279639	20340	1	30176	1	20000	30000	other	0
sub-09_2	34	Pulse	255	4285644	26345	0
sub-09_2	34	Pulse	255	4305643	46344	0
sub-09_2	34	Nothing	45	4309639	50340	1			50000		other	0
sub-09_2	34	Picture	response	4324819	65520	1	15171	1	65000	15000	miss	0
sub-09_2	34	Pulse	255	4325644	66345	0
sub-09_2	34	Picture	blank2	4339991	80691	1	55184	1	80000	55000	other	0
sub-09_2	34	Pulse	255	4345644	86345	0
sub-09_2	34	Pulse	255	4365644	106345	0
sub-09_2	34	Pulse	255	4385644	126345	0
sub-09_2	35	Picture	cross	4395341	0	1	4168	1	0	4000	other	0
sub-09_2	35	Picture	40	4400509	5168	1	15171	1	5000	15000	other	0
sub-09_2	35	Pulse	255	4405644	10303	0
sub-09_2	35	Picture	cross	4415680	20340	1	30176	1	20000	30000	other	0
sub-09_2	35	Pulse	255	4425644	30304	0
sub-09_2	35	Pulse	255	4445643	50303	0
sub-09_2	35	Nothing	45	4445680	50340	1			50000		other	0
sub-09_2	35	Picture	response	4460861	65520	1	15171	1	65000	15000	miss	0
sub-09_2	35	Pulse	255	4465644	70303	0
sub-09_2	35	Picture	blank2	4476032	80691	1	40179	1	80000	40000	other	0
sub-09_2	35	Pulse	255	4485644	90303	0
sub-09_2	35	Pulse	255	4505644	110304	0
sub-09_2	36	Picture	cross	4516378	0	1	4168	1	0	4000	other	0
sub-09_2	36	Picture	60	4521546	5168	1	15171	1	5000	15000	other	0
sub-09_2	36	Pulse	255	4525644	9267	0
sub-09_2	36	Picture	cross	4536717	20340	1	30176	1	20000	30000	other	0
sub-09_2	36	Pulse	255	4545645	29267	0
sub-09_2	36	Pulse	255	4565645	49267	0
sub-09_2	36	Nothing	65	4566717	50340	1			50000		other	0
sub-09_2	36	Picture	response	4581898	65520	1	15171	1	65000	15000	miss	0
sub-09_2	36	Pulse	255	4585645	69267	0
sub-09_2	36	Picture	blank2	4597069	80691	1	40179	1	80000	40000	other	0
sub-09_2	36	Pulse	255	4605645	89267	0
sub-09_2	36	Pulse	255	4625645	109267	0
sub-09_2	37	Picture	cross	4637415	0	1	4168	1	0	4000	other	0
sub-09_2	37	Picture	41	4642583	5168	1	15171	1	5000	15000	other	0
sub-09_2	37	Pulse	255	4645645	8231	0
sub-09_2	37	Picture	cross	4657754	20340	1	30176	1	20000	30000	other	0
sub-09_2	37	Pulse	255	4665646	28231	0
sub-09_2	37	Pulse	255	4685645	48230	0
sub-09_2	37	Nothing	90	4687754	50340	1			50000		other	0
sub-09_2	37	Picture	response	4702935	65520	1	15171	1	65000	15000	miss	0
sub-09_2	37	Pulse	255	4705645	68230	0
sub-09_2	37	Picture	blank2	4718106	80691	1	15171	1	80000	15000	other	0
sub-09_2	37	Pulse	255	4725645	88231	0
