Scenario - loca_mveb
Logfile written - 06/12/2018 10:15:43

Subject	Trial	Event Type	Code	Time	TTime	Uncertainty	Duration	Uncertainty	ReqTime	ReqDur	Stim Type	Pair Index

sub-12_1	0	Pulse	255	697987	697987	0
sub-12_1	1	Picture	p_startup	698216	0	1	100226	1	0	100000	other	0
sub-12_1	1	Pulse	255	717987	19771	0
sub-12_1	1	Pulse	255	737986	39771	0
sub-12_1	1	Pulse	255	757987	59772	0
sub-12_1	1	Pulse	255	777987	79771	0
sub-12_1	1	Pulse	255	797986	99770	0
sub-12_1	2	Picture	cross	798608	0	1	4226	1	0	4000	other	0
sub-12_1	2	Picture	61	803667	5059	1	15226	1	5000	15000	other	0
sub-12_1	2	Pulse	255	817987	19379	0
sub-12_1	2	Picture	cross	818893	20285	1	30227	1	20000	30000	other	0
sub-12_1	2	Pulse	255	837987	39379	0
sub-12_1	2	Nothing	90	848893	50285	1			50000		other	0
sub-12_1	2	Pulse	255	857987	59379	0
sub-12_1	2	Picture	response	864119	65511	1	15226	1	65000	15000	hit	16
sub-12_1	2	Response	1	871127	72519	1
sub-12_1	2	Pulse	255	877986	79378	0
sub-12_1	2	Picture	blank2	879345	80737	1	15226	1	80000	15000	other	0
sub-12_1	3	Picture	cross	894737	0	1	4226	1	0	4000	other	0
sub-12_1	3	Pulse	255	897987	3250	0
sub-12_1	3	Picture	40	899797	5059	1	15226	1	5000	15000	other	0
sub-12_1	3	Picture	cross	915022	20285	1	30227	1	20000	30000	other	0
sub-12_1	3	Pulse	255	917987	23250	0
sub-12_1	3	Pulse	255	937987	43250	0
sub-12_1	3	Nothing	45	945022	50285	1			50000		other	0
sub-12_1	3	Pulse	255	957987	63250	0
sub-12_1	3	Picture	response	960248	65511	1	15226	1	65000	15000	hit	28
sub-12_1	3	Response	1	973557	78820	1
sub-12_1	3	Picture	blank2	975474	80737	1	25226	1	80000	25000	other	0
sub-12_1	3	Pulse	255	977987	83250	0
sub-12_1	3	Pulse	255	997987	103250	0
sub-12_1	4	Picture	cross	1000866	0	1	4226	1	0	4000	other	0
sub-12_1	4	Picture	60	1006093	5226	1	15226	1	5000	15000	other	0
sub-12_1	4	Pulse	255	1017987	17121	0
sub-12_1	4	Picture	cross	1021318	20452	1	30227	1	20000	30000	other	0
sub-12_1	4	Pulse	255	1037987	37121	0
sub-12_1	4	Nothing	65	1051318	50452	1			50000		other	0
sub-12_1	4	Pulse	255	1057987	57121	0
sub-12_1	4	Picture	response	1066544	65678	1	15226	1	65000	15000	hit	40
sub-12_1	4	Response	2	1077767	76901	1
sub-12_1	4	Pulse	255	1077987	77120	0
sub-12_1	4	Picture	blank2	1081770	80903	1	15226	1	80000	15000	other	0
sub-12_1	5	Picture	cross	1097162	0	1	4226	1	0	4000	other	0
sub-12_1	5	Pulse	255	1097988	825	0
sub-12_1	5	Picture	20	1102388	5226	1	15226	1	5000	15000	other	0
sub-12_1	5	Picture	cross	1117614	20452	1	30227	1	20000	30000	other	0
sub-12_1	5	Pulse	255	1117988	20825	0
sub-12_1	5	Pulse	255	1137988	40825	0
sub-12_1	5	Nothing	25	1147614	50452	1			50000		other	0
sub-12_1	5	Pulse	255	1157987	60825	0
sub-12_1	5	Picture	response	1162840	65677	1	15226	1	65000	15000	hit	52
sub-12_1	5	Response	1	1171918	74755	1
sub-12_1	5	Pulse	255	1177988	80826	0
sub-12_1	5	Picture	blank2	1178066	80903	1	20226	1	80000	20000	other	0
sub-12_1	5	Pulse	255	1197988	100825	0
sub-12_1	6	Picture	cross	1198458	0	1	4226	1	0	4000	other	0
sub-12_1	6	Picture	60	1203684	5226	1	15226	1	5000	15000	other	0
sub-12_1	6	Pulse	255	1217987	19529	0
sub-12_1	6	Picture	cross	1218910	20452	1	30227	1	20000	30000	other	0
sub-12_1	6	Pulse	255	1237987	39529	0
sub-12_1	6	Nothing	65	1248910	50452	1			50000		other	0
sub-12_1	6	Pulse	255	1257988	59529	0
sub-12_1	6	Picture	response	1264136	65678	1	15226	1	65000	15000	hit	64
sub-12_1	6	Response	1	1274498	76039	1
sub-12_1	6	Pulse	255	1277988	79530	0
sub-12_1	6	Picture	blank2	1279362	80904	1	45226	1	80000	45000	other	0
sub-12_1	6	Pulse	255	1297988	99530	0
sub-12_1	6	Pulse	255	1317988	119530	0
sub-12_1	7	Picture	cross	1324754	0	1	4226	1	0	4000	other	0
sub-12_1	7	Picture	20	1329981	5226	1	15196	1	5000	15000	other	0
sub-12_1	7	Pulse	255	1337989	13234	0
sub-12_1	7	Picture	cross	1345177	20422	1	30227	1	20000	30000	other	0
sub-12_1	7	Pulse	255	1357988	33234	0
sub-12_1	7	Nothing	25	1375177	50422	1			50000		other	0
sub-12_1	7	Pulse	255	1377988	53234	0
sub-12_1	7	Picture	response	1390402	65648	1	15226	1	65000	15000	hit	78
sub-12_1	7	Pulse	255	1397988	73234	0
sub-12_1	7	Response	2	1401429	76674	1
sub-12_1	7	Picture	blank2	1405628	80874	1	35226	1	80000	35000	other	0
sub-12_1	7	Pulse	255	1417988	93234	0
sub-12_1	7	Pulse	255	1437988	113234	0
sub-12_1	8	Picture	cross	1441021	0	1	4226	1	0	4000	other	0
sub-12_1	8	Picture	61	1446080	5059	1	15226	1	5000	15000	other	0
sub-12_1	8	Pulse	255	1457988	16967	0
sub-12_1	8	Picture	cross	1461306	20285	1	30227	1	20000	30000	other	0
sub-12_1	8	Pulse	255	1477989	36968	0
sub-12_1	8	Nothing	90	1491306	50285	1			50000		other	0
sub-12_1	8	Pulse	255	1497989	56968	0
sub-12_1	8	Picture	response	1506532	65511	1	15226	1	65000	15000	hit	90
sub-12_1	8	Response	2	1513638	72617	1
sub-12_1	8	Pulse	255	1517987	76966	0
sub-12_1	8	Picture	blank2	1521758	80737	1	45226	1	80000	45000	other	0
sub-12_1	8	Pulse	255	1537978	96958	0
sub-12_1	8	Pulse	255	1557978	116957	0
sub-12_1	9	Picture	cross	1567150	0	1	4226	1	0	4000	other	0
sub-12_1	9	Picture	41	1572376	5226	1	15226	1	5000	15000	other	0
sub-12_1	9	Pulse	255	1577979	10828	0
sub-12_1	9	Picture	cross	1587602	20452	1	30227	1	20000	30000	other	0
sub-12_1	9	Pulse	255	1597978	30828	0
sub-12_1	9	Nothing	90	1617602	50452	1			50000		other	0
sub-12_1	9	Pulse	255	1617979	50829	0
sub-12_1	9	Picture	response	1632828	65678	1	15226	1	65000	15000	hit	104
sub-12_1	9	Pulse	255	1637978	70828	0
sub-12_1	9	Response	1	1640948	73798	1
sub-12_1	9	Picture	blank2	1648054	80904	1	10226	1	80000	10000	other	0
sub-12_1	9	Pulse	255	1657979	90829	0
sub-12_1	10	Picture	cross	1658446	0	1	4226	1	0	4000	other	0
sub-12_1	10	Picture	20	1663506	5059	1	15226	1	5000	15000	other	0
sub-12_1	10	Pulse	255	1677979	19533	0
sub-12_1	10	Picture	cross	1678731	20285	1	30227	1	20000	30000	other	0
sub-12_1	10	Pulse	255	1697978	39532	0
sub-12_1	10	Nothing	25	1708731	50285	1			50000		other	0
sub-12_1	10	Pulse	255	1717979	59533	0
sub-12_1	10	Picture	response	1723957	65511	1	15226	1	65000	15000	hit	115
sub-12_1	10	Response	2	1735049	76603	1
sub-12_1	10	Pulse	255	1737979	79533	0
sub-12_1	10	Picture	blank2	1739183	80737	1	20226	1	80000	20000	other	0
sub-12_1	10	Pulse	255	1757979	99532	0
sub-12_1	11	Picture	cross	1759575	0	1	4226	1	0	4000	other	0
sub-12_1	11	Picture	41	1764801	5226	1	15226	1	5000	15000	other	0
sub-12_1	11	Pulse	255	1777979	18403	0
sub-12_1	11	Picture	cross	1780027	20452	1	30227	1	20000	30000	other	0
sub-12_1	11	Pulse	255	1797979	38404	0
sub-12_1	11	Nothing	90	1810027	50452	1			50000		other	0
sub-12_1	11	Pulse	255	1817979	58404	0
sub-12_1	11	Picture	response	1825253	65678	1	15226	1	65000	15000	hit	127
sub-12_1	11	Response	1	1833309	73733	1
sub-12_1	11	Pulse	255	1837979	78404	0
sub-12_1	11	Picture	blank2	1840479	80903	1	30226	1	80000	30000	other	0
sub-12_1	11	Pulse	255	1857979	98403	0
sub-12_1	12	Picture	cross	1870871	0	1	4226	1	0	4000	other	0
sub-12_1	12	Picture	40	1876097	5226	1	15226	1	5000	15000	other	0
sub-12_1	12	Pulse	255	1877979	7108	0
sub-12_1	12	Picture	cross	1891323	20452	1	30227	1	20000	30000	other	0
sub-12_1	12	Pulse	255	1897979	27108	0
sub-12_1	12	Pulse	255	1917979	47108	0
sub-12_1	12	Nothing	45	1921323	50452	1			50000		other	0
sub-12_1	12	Picture	response	1936549	65678	1	15226	1	65000	15000	hit	140
sub-12_1	12	Pulse	255	1937980	67109	0
sub-12_1	12	Response	2	1946279	75408	1
sub-12_1	12	Picture	blank2	1951775	80904	1	40226	1	80000	40000	other	0
sub-12_1	12	Pulse	255	1957979	87108	0
sub-12_1	12	Pulse	255	1977979	107108	0
sub-12_1	13	Picture	cross	1992168	0	1	4226	1	0	4000	other	0
sub-12_1	13	Picture	21	1997394	5226	1	15226	1	5000	15000	other	0
sub-12_1	13	Pulse	255	1997980	5812	0
sub-12_1	13	Picture	cross	2012620	20452	1	30227	1	20000	30000	other	0
sub-12_1	13	Pulse	255	2017979	25811	0
sub-12_1	13	Pulse	255	2037980	45812	0
sub-12_1	13	Nothing	90	2042620	50452	1			50000		other	0
sub-12_1	13	Picture	response	2057846	65678	1	15226	1	65000	15000	hit	153
sub-12_1	13	Pulse	255	2057980	65812	0
sub-12_1	13	Response	2	2066350	74182	1
sub-12_1	13	Picture	blank2	2073071	80904	1	10226	1	80000	10000	other	0
sub-12_1	13	Pulse	255	2077980	85812	0
sub-12_1	14	Picture	cross	2083464	0	1	4226	1	0	4000	other	0
sub-12_1	14	Picture	60	2088690	5226	1	15226	1	5000	15000	other	0
sub-12_1	14	Pulse	255	2097979	14515	0
sub-12_1	14	Picture	cross	2103916	20452	1	30227	1	20000	30000	other	0
sub-12_1	14	Pulse	255	2117979	34515	0
sub-12_1	14	Nothing	65	2133916	50452	1			50000		other	0
sub-12_1	14	Pulse	255	2137980	54516	0
sub-12_1	14	Picture	response	2149141	65678	1	15226	1	65000	15000	hit	165
sub-12_1	14	Pulse	255	2157979	74516	0
sub-12_1	14	Response	1	2163820	80356	1
sub-12_1	14	Picture	blank2	2164367	80903	1	30226	1	80000	30000	other	0
sub-12_1	14	Pulse	255	2177979	94516	0
sub-12_1	15	Picture	cross	2194759	0	1	4226	1	0	4000	other	0
sub-12_1	15	Pulse	255	2197979	3220	0
sub-12_1	15	Picture	61	2199986	5227	1	15226	1	5000	15000	other	0
sub-12_1	15	Picture	cross	2215212	20452	1	30227	1	20000	30000	other	0
sub-12_1	15	Pulse	255	2217979	23220	0
sub-12_1	15	Pulse	255	2237980	43221	0
sub-12_1	15	Nothing	90	2245212	50452	1			50000		other	0
sub-12_1	15	Pulse	255	2257981	63221	0
sub-12_1	15	Picture	response	2260438	65678	1	15226	1	65000	15000	hit	177
sub-12_1	15	Response	1	2269000	74240	1
sub-12_1	15	Picture	blank2	2275664	80904	1	15226	1	80000	15000	other	0
sub-12_1	15	Pulse	255	2277980	83221	0
sub-12_1	16	Picture	cross	2291056	0	1	4226	1	0	4000	other	0
sub-12_1	16	Picture	61	2296282	5226	1	15226	1	5000	15000	other	0
sub-12_1	16	Pulse	255	2297979	6923	0
sub-12_1	16	Picture	cross	2311508	20452	1	30227	1	20000	30000	other	0
sub-12_1	16	Pulse	255	2317980	26924	0
sub-12_1	16	Pulse	255	2337980	46924	0
sub-12_1	16	Nothing	90	2341508	50452	1			50000		other	0
sub-12_1	16	Picture	response	2356734	65678	1	15226	1	65000	15000	hit	189
sub-12_1	16	Pulse	255	2357980	66923	0
sub-12_1	16	Response	2	2364930	73874	1
sub-12_1	16	Picture	blank2	2371960	80904	1	20226	1	80000	20000	other	0
sub-12_1	16	Pulse	255	2377980	86924	0
sub-12_1	17	Picture	cross	2392353	0	1	4226	1	0	4000	other	0
sub-12_1	17	Picture	20	2397579	5226	1	15226	1	5000	15000	other	0
sub-12_1	17	Pulse	255	2397980	5627	0
sub-12_1	17	Picture	cross	2412805	20452	1	30227	1	20000	30000	other	0
sub-12_1	17	Pulse	255	2417980	25627	0
sub-12_1	17	Pulse	255	2437980	45627	0
sub-12_1	17	Nothing	25	2442805	50452	1			50000		other	0
sub-12_1	17	Pulse	255	2457980	65627	0
sub-12_1	17	Picture	response	2458031	65679	1	15226	1	65000	15000	hit	201
sub-12_1	17	Response	1	2469400	77047	1
sub-12_1	17	Picture	blank2	2473257	80904	1	40226	1	80000	40000	other	0
sub-12_1	17	Pulse	255	2477980	85628	0
sub-12_1	17	Pulse	255	2497980	105627	0
sub-12_1	18	Picture	cross	2513649	0	1	4226	1	0	4000	other	0
sub-12_1	18	Pulse	255	2517980	4331	0
sub-12_1	18	Picture	20	2518876	5226	1	15226	1	5000	15000	other	0
sub-12_1	18	Picture	cross	2534101	20452	1	30227	1	20000	30000	other	0
sub-12_1	18	Pulse	255	2537981	24331	0
sub-12_1	18	Pulse	255	2557980	44331	0
sub-12_1	18	Nothing	25	2564101	50452	1			50000		other	0
sub-12_1	18	Pulse	255	2577981	64331	0
sub-12_1	18	Picture	response	2579327	65678	1	15226	1	65000	15000	hit	214
sub-12_1	18	Response	1	2586601	72951	1
sub-12_1	18	Picture	blank2	2594553	80904	1	15226	1	80000	15000	other	0
sub-12_1	18	Pulse	255	2597980	84330	0
sub-12_1	19	Picture	cross	2609946	0	1	4226	1	0	4000	other	0
sub-12_1	19	Picture	61	2615005	5060	1	15226	1	5000	15000	other	0
sub-12_1	19	Pulse	255	2617980	8035	0
sub-12_1	19	Picture	cross	2630231	20285	1	30227	1	20000	30000	other	0
sub-12_1	19	Pulse	255	2637980	28034	1
sub-12_1	19	Pulse	255	2657980	48035	0
sub-12_1	19	Nothing	90	2660231	50285	1			50000		other	0
sub-12_1	19	Picture	response	2675457	65511	1	15226	1	65000	15000	hit	226
sub-12_1	19	Pulse	255	2677980	68035	0
sub-12_1	19	Response	2	2683010	73065	1
sub-12_1	19	Picture	blank2	2690683	80737	1	20226	1	80000	20000	other	0
sub-12_1	19	Pulse	255	2697981	88036	0
sub-12_1	20	Picture	cross	2711075	0	1	4226	1	0	4000	other	0
sub-12_1	20	Picture	40	2716301	5226	1	15226	1	5000	15000	other	0
sub-12_1	20	Pulse	255	2717981	6906	0
sub-12_1	20	Picture	cross	2731527	20452	1	30227	1	20000	30000	other	0
sub-12_1	20	Pulse	255	2737980	26905	0
sub-12_1	20	Pulse	255	2757981	46905	0
sub-12_1	20	Nothing	45	2761527	50452	1			50000		other	0
sub-12_1	20	Picture	response	2776753	65678	1	15226	1	65000	15000	hit	238
sub-12_1	20	Pulse	255	2777981	66906	0
sub-12_1	20	Response	1	2786080	75005	1
sub-12_1	20	Picture	blank2	2791979	80904	1	30226	1	80000	30000	other	0
sub-12_1	20	Pulse	255	2797981	86906	0
sub-12_1	20	Pulse	255	2817981	106905	0
sub-12_1	21	Picture	cross	2822371	0	1	4226	1	0	4000	other	0
sub-12_1	21	Picture	61	2827598	5226	1	15226	1	5000	15000	other	0
sub-12_1	21	Pulse	255	2837981	15609	0
sub-12_1	21	Picture	cross	2842823	20452	1	30227	1	20000	30000	other	0
sub-12_1	21	Pulse	255	2857980	35609	0
sub-12_1	21	Nothing	90	2872823	50452	1			50000		other	0
sub-12_1	21	Pulse	255	2877981	55609	0
sub-12_1	21	Picture	response	2888049	65678	1	15226	1	65000	15000	hit	251
sub-12_1	21	Pulse	255	2897981	75610	0
sub-12_1	21	Response	1	2899641	77270	1
sub-12_1	21	Picture	blank2	2903275	80904	1	40226	1	80000	40000	other	0
sub-12_1	21	Pulse	255	2917980	95609	0
sub-12_1	21	Pulse	255	2937981	115609	0
sub-12_1	22	Picture	cross	2943668	0	1	4226	1	0	4000	other	0
sub-12_1	22	Picture	20	2948894	5226	1	15226	1	5000	15000	other	0
sub-12_1	22	Pulse	255	2957982	14314	0
sub-12_1	22	Picture	cross	2964119	20452	1	30227	1	20000	30000	other	0
sub-12_1	22	Pulse	255	2977981	34313	0
sub-12_1	22	Nothing	25	2994119	50452	1			50000		other	0
sub-12_1	22	Pulse	255	2997981	54314	0
sub-12_1	22	Picture	response	3009345	65678	1	15226	1	65000	15000	hit	263
sub-12_1	22	Response	1	3017211	73543	1
sub-12_1	22	Pulse	255	3017980	74312	0
sub-12_1	22	Picture	blank2	3024571	80903	1	25226	1	80000	25000	other	0
sub-12_1	22	Pulse	255	3037981	94314	0
sub-12_1	23	Picture	cross	3049963	0	1	4226	1	0	4000	other	0
sub-12_1	23	Picture	41	3055189	5226	1	15226	1	5000	15000	other	0
sub-12_1	23	Pulse	255	3057981	8018	0
sub-12_1	23	Picture	cross	3070415	20452	1	30227	1	20000	30000	other	0
sub-12_1	23	Pulse	255	3077981	28017	0
sub-12_1	23	Pulse	255	3097981	48018	0
sub-12_1	23	Nothing	90	3100415	50452	1			50000		other	0
sub-12_1	23	Picture	response	3115641	65678	1	15226	1	65000	15000	hit	276
sub-12_1	23	Pulse	255	3117981	68018	0
sub-12_1	23	Response	1	3122611	72648	1
sub-12_1	23	Picture	blank2	3130867	80903	1	10226	1	80000	10000	other	0
sub-12_1	23	Pulse	255	3137982	88018	0
sub-12_1	24	Picture	cross	3141259	0	1	4147	1	0	4000	other	0
sub-12_1	24	Picture	60	3146406	5147	1	15226	1	5000	15000	other	0
sub-12_1	24	Pulse	255	3157981	16722	0
sub-12_1	24	Picture	cross	3161632	20373	1	30227	1	20000	30000	other	0
sub-12_1	24	Pulse	255	3177981	36722	0
sub-12_1	24	Nothing	65	3191632	50373	1			50000		other	0
sub-12_1	24	Pulse	255	3197982	56722	0
sub-12_1	24	Picture	response	3206858	65599	1	15226	1	65000	15000	hit	287
sub-12_1	24	Response	1	3214592	73332	1
sub-12_1	24	Pulse	255	3217982	76722	0
sub-12_1	24	Picture	blank2	3222083	80824	1	15226	1	80000	15000	other	0
sub-12_1	25	Picture	cross	3237476	0	1	4226	1	0	4000	other	0
sub-12_1	25	Pulse	255	3237981	505	0
sub-12_1	25	Picture	21	3242702	5226	1	15226	1	5000	15000	other	0
sub-12_1	25	Picture	cross	3257928	20452	1	30227	1	20000	30000	other	0
sub-12_1	25	Pulse	255	3257981	20505	0
sub-12_1	25	Pulse	255	3277981	40506	0
sub-12_1	25	Nothing	90	3287928	50452	1			50000		other	0
sub-12_1	25	Pulse	255	3297981	60505	0
sub-12_1	25	Picture	response	3303154	65678	1	15226	1	65000	15000	hit	299
sub-12_1	25	Response	2	3311901	74425	1
sub-12_1	25	Pulse	255	3317981	80505	0
sub-12_1	25	Picture	blank2	3318380	80904	1	60226	1	80000	60000	other	0
sub-12_1	25	Pulse	255	3337981	100505	0
sub-12_1	25	Pulse	255	3357982	120506	0
sub-12_1	25	Pulse	255	3377982	140506	0
sub-12_1	26	Picture	cross	3378772	0	1	4226	1	0	4000	other	0
sub-12_1	26	Picture	41	3383999	5226	1	15226	1	5000	15000	other	0
sub-12_1	26	Pulse	255	3397982	19210	0
sub-12_1	26	Picture	cross	3399224	20452	1	30227	1	20000	30000	other	0
sub-12_1	26	Pulse	255	3417981	39209	0
sub-12_1	26	Nothing	90	3429224	50452	1			50000		other	0
sub-12_1	26	Pulse	255	3437981	59209	0
sub-12_1	26	Picture	response	3444450	65678	1	15226	1	65000	15000	hit	313
sub-12_1	26	Response	2	3454031	75259	1
sub-12_1	26	Pulse	255	3457982	79209	0
sub-12_1	26	Picture	blank2	3459676	80904	1	40226	1	80000	40000	other	0
sub-12_1	26	Pulse	255	3477982	99209	0
sub-12_1	26	Pulse	255	3497982	119209	0
sub-12_1	27	Picture	cross	3500068	0	1	4226	1	0	4000	other	0
sub-12_1	27	Picture	40	3505294	5226	1	15226	1	5000	15000	other	0
sub-12_1	27	Pulse	255	3517982	17913	0
sub-12_1	27	Picture	cross	3520520	20452	1	30227	1	20000	30000	other	0
sub-12_1	27	Pulse	255	3537981	37913	0
sub-12_1	27	Nothing	45	3550520	50452	1			50000		other	0
sub-12_1	27	Pulse	255	3557982	57913	0
sub-12_1	27	Picture	response	3565746	65678	1	15226	1	65000	15000	hit	326
sub-12_1	27	Response	2	3576642	76574	1
sub-12_1	27	Pulse	255	3577982	77914	0
sub-12_1	27	Picture	blank2	3580972	80903	1	15226	1	80000	15000	other	0
sub-12_1	28	Picture	cross	3596364	0	1	4226	1	0	4000	other	0
sub-12_1	28	Pulse	255	3597982	1618	0
sub-12_1	28	Picture	21	3601590	5226	1	15226	1	5000	15000	other	0
sub-12_1	28	Picture	cross	3616816	20452	1	30227	1	20000	30000	other	0
sub-12_1	28	Pulse	255	3617982	21618	0
sub-12_1	28	Pulse	255	3637982	41618	0
sub-12_1	28	Nothing	90	3646816	50452	1			50000		other	0
sub-12_1	28	Pulse	255	3657982	61618	0
sub-12_1	28	Picture	response	3662042	65678	1	15226	1	65000	15000	hit	338
sub-12_1	28	Response	2	3672043	75678	1
sub-12_1	28	Picture	blank2	3677268	80904	1	50226	1	80000	50000	other	0
sub-12_1	28	Pulse	255	3677983	81619	0
sub-12_1	28	Pulse	255	3697983	101618	0
sub-12_1	28	Pulse	255	3717982	121618	0
sub-12_1	29	Picture	cross	3727661	0	1	4226	1	0	4000	other	0
sub-12_1	29	Picture	60	3732887	5226	1	15226	1	5000	15000	other	0
sub-12_1	29	Pulse	255	3737982	10322	0
sub-12_1	29	Picture	cross	3748113	20452	1	30227	1	20000	30000	other	0
sub-12_1	29	Pulse	255	3757972	30311	0
sub-12_1	29	Pulse	255	3777972	50312	0
sub-12_1	29	Nothing	65	3778113	50452	1			50000		other	0
sub-12_1	29	Picture	response	3793338	65678	1	15226	1	65000	15000	hit	352
sub-12_1	29	Pulse	255	3797972	70312	0
sub-12_1	29	Response	2	3804473	76812	1
sub-12_1	29	Picture	blank2	3808564	80904	1	10226	1	80000	10000	other	0
sub-12_1	29	Pulse	255	3817972	90312	0
sub-12_1	30	Picture	cross	3818957	0	1	4226	1	0	4000	other	0
sub-12_1	30	Picture	41	3824183	5226	1	15226	1	5000	15000	other	0
sub-12_1	30	Pulse	255	3837972	19016	0
sub-12_1	30	Picture	cross	3839408	20452	1	30227	1	20000	30000	other	0
sub-12_1	30	Pulse	255	3857973	39016	0
sub-12_1	30	Nothing	90	3869408	50452	1			50000		other	0
sub-12_1	30	Pulse	255	3877973	59016	0
sub-12_1	30	Picture	response	3884634	65678	1	15226	1	65000	15000	hit	363
sub-12_1	30	Response	2	3892533	73576	1
sub-12_1	30	Pulse	255	3897973	79016	0
sub-12_1	30	Picture	blank2	3899860	80903	1	30226	1	80000	30000	other	0
sub-12_1	30	Pulse	255	3917973	99016	0
sub-12_1	31	Picture	cross	3930252	0	1	4226	1	0	4000	other	0
sub-12_1	31	Picture	21	3935479	5226	1	15226	1	5000	15000	other	0
sub-12_1	31	Pulse	255	3937972	7720	0
sub-12_1	31	Picture	cross	3950705	20452	1	30227	1	20000	30000	other	0
sub-12_1	31	Pulse	255	3957972	27720	0
sub-12_1	31	Pulse	255	3977973	47720	0
sub-12_1	31	Nothing	90	3980705	50452	1			50000		other	0
sub-12_1	31	Picture	response	3995930	65678	1	15226	1	65000	15000	hit	376
sub-12_1	31	Pulse	255	3997973	67720	0
sub-12_1	31	Response	1	4005353	75100	1
sub-12_1	31	Picture	blank2	4011156	80904	1	60226	1	80000	60000	other	0
sub-12_1	31	Pulse	255	4017973	87720	0
sub-12_1	31	Pulse	255	4037973	107720	0
sub-12_1	31	Pulse	255	4057973	127720	0
sub-12_1	32	Picture	cross	4071548	0	1	4226	1	0	4000	other	0
sub-12_1	32	Picture	21	4076608	5059	1	15226	1	5000	15000	other	0
sub-12_1	32	Pulse	255	4077973	6424	0
sub-12_1	32	Picture	cross	4091834	20285	1	30227	1	20000	30000	other	0
sub-12_1	32	Pulse	255	4097973	26425	0
sub-12_1	32	Pulse	255	4117973	46425	0
sub-12_1	32	Nothing	90	4121834	50285	1			50000		other	0
sub-12_1	32	Picture	response	4137059	65511	1	15226	1	65000	15000	hit	390
sub-12_1	32	Pulse	255	4137974	66425	0
sub-12_1	32	Response	1	4144683	73135	1
sub-12_1	32	Picture	blank2	4152285	80737	1	30226	1	80000	30000	other	0
sub-12_1	32	Pulse	255	4157973	86424	0
sub-12_1	32	Pulse	255	4177973	106425	0
sub-12_1	33	Picture	cross	4182677	0	1	4226	1	0	4000	other	0
sub-12_1	33	Picture	21	4187904	5227	1	15226	1	5000	15000	other	0
sub-12_1	33	Pulse	255	4197973	15296	0
sub-12_1	33	Picture	cross	4203130	20452	1	30227	1	20000	30000	other	0
sub-12_1	33	Pulse	255	4217974	35296	0
sub-12_1	33	Nothing	90	4233130	50452	1			50000		other	0
sub-12_1	33	Pulse	255	4237974	55296	0
sub-12_1	33	Picture	response	4248356	65678	1	15226	1	65000	15000	hit	402
sub-12_1	33	Response	1	4256044	73366	1
sub-12_1	33	Pulse	255	4257973	75295	0
sub-12_1	33	Picture	blank2	4263581	80904	1	15226	1	80000	15000	other	0
sub-12_1	33	Pulse	255	4277973	95296	0
sub-12_1	34	Picture	cross	4278974	0	1	4226	1	0	4000	other	0
sub-12_1	34	Picture	40	4284200	5226	1	15226	1	5000	15000	other	0
sub-12_1	34	Pulse	255	4297973	18999	0
sub-12_1	34	Picture	cross	4299426	20452	1	30226	1	20000	30000	other	0
sub-12_1	34	Pulse	255	4317974	39000	0
sub-12_1	34	Nothing	45	4329426	50452	1			50000		other	0
sub-12_1	34	Pulse	255	4337973	58999	0
sub-12_1	34	Picture	response	4344544	65570	1	15226	1	65000	15000	hit	414
sub-12_1	34	Response	2	4355414	76440	1
sub-12_1	34	Pulse	255	4357973	78999	0
sub-12_1	34	Picture	blank2	4359770	80796	1	55226	1	80000	55000	other	0
sub-12_1	34	Pulse	255	4377973	98999	0
sub-12_1	34	Pulse	255	4397973	118999	0
sub-12_1	35	Picture	cross	4415162	0	1	4226	1	0	4000	other	0
sub-12_1	35	Pulse	255	4417973	2811	0
sub-12_1	35	Picture	40	4420389	5226	1	15226	1	5000	15000	other	0
sub-12_1	35	Picture	cross	4435615	20452	1	30227	1	20000	30000	other	0
sub-12_1	35	Pulse	255	4437974	22811	0
sub-12_1	35	Pulse	255	4457973	42811	0
sub-12_1	35	Nothing	45	4465615	50452	1			50000		other	0
sub-12_1	35	Pulse	255	4477974	62812	0
sub-12_1	35	Picture	response	4480840	65678	1	15226	1	65000	15000	hit	428
sub-12_1	35	Response	1	4491244	76082	1
sub-12_1	35	Picture	blank2	4496066	80904	1	40226	1	80000	40000	other	0
sub-12_1	35	Pulse	255	4497974	82811	0
sub-12_1	35	Pulse	255	4517974	102811	0
sub-12_1	36	Picture	cross	4536459	0	1	4226	1	0	4000	other	0
sub-12_1	36	Pulse	255	4537974	1515	0
sub-12_1	36	Picture	60	4541685	5226	1	15226	1	5000	15000	other	0
sub-12_1	36	Picture	cross	4556911	20452	1	30227	1	20000	30000	other	0
sub-12_1	36	Pulse	255	4557974	21515	0
sub-12_1	36	Pulse	255	4577974	41515	0
sub-12_1	36	Nothing	65	4586911	50452	1			50000		other	0
sub-12_1	36	Pulse	255	4597974	61515	0
sub-12_1	36	Picture	response	4602136	65678	1	15226	1	65000	15000	hit	441
sub-12_1	36	Response	2	4611944	75485	1
sub-12_1	36	Picture	blank2	4617362	80903	1	40226	1	80000	40000	other	0
sub-12_1	36	Pulse	255	4617974	81515	0
sub-12_1	36	Pulse	255	4637974	101516	0
sub-12_1	37	Picture	cross	4657755	0	1	4226	1	0	4000	other	0
sub-12_1	37	Pulse	255	4657974	220	0
sub-12_1	37	Picture	41	4662981	5226	1	15226	1	5000	15000	other	0
sub-12_1	37	Pulse	255	4677974	20219	0
sub-12_1	37	Picture	cross	4678207	20452	1	30227	1	20000	30000	other	0
sub-12_1	37	Pulse	255	4697975	40220	0
sub-12_1	37	Nothing	90	4708207	50452	1			50000		other	0
sub-12_1	37	Pulse	255	4717974	60219	0
sub-12_1	37	Picture	response	4723433	65678	1	15226	1	65000	15000	hit	454
sub-12_1	37	Response	2	4733895	76140	1
sub-12_1	37	Pulse	255	4737974	80219	0
sub-12_1	37	Picture	blank2	4738658	80904	1	15226	1	80000	15000	other	0
