Scenario - loca_mveb_bis
Logfile written - 11/26/2018 19:00:43

Subject	Trial	Event Type	Code	Time	TTime	Uncertainty	Duration	Uncertainty	ReqTime	ReqDur	Stim Type	Pair Index

sub-13_2	0	Pulse	255	574475	574475	0
sub-13_2	1	Picture	p_startup	574704	0	1	100226	1	0	100000	other	0
sub-13_2	1	Pulse	255	594475	19771	0
sub-13_2	1	Pulse	255	614475	39771	0
sub-13_2	1	Pulse	255	634475	59771	0
sub-13_2	1	Pulse	255	654475	79771	0
sub-13_2	1	Pulse	255	674475	99772	0
sub-13_2	2	Picture	cross	675096	0	1	4226	1	0	4000	other	0
sub-13_2	2	Picture	20	680322	5226	1	15226	1	5000	15000	other	0
sub-13_2	2	Pulse	255	694475	19379	0
sub-13_2	2	Picture	cross	695548	20452	1	30227	1	20000	30000	other	0
sub-13_2	2	Pulse	255	714476	39379	0
sub-13_2	2	Nothing	25	725548	50452	1			50000		other	0
sub-13_2	2	Pulse	255	734476	59379	0
sub-13_2	2	Picture	response	740774	65678	1	15226	1	65000	15000	miss	0
sub-13_2	2	Pulse	255	754476	79379	0
sub-13_2	2	Picture	blank2	756000	80904	1	20226	1	80000	20000	other	0
sub-13_2	2	Pulse	255	774475	99379	0
sub-13_2	3	Picture	cross	776393	0	1	4226	1	0	4000	other	0
sub-13_2	3	Picture	40	781619	5226	1	15226	1	5000	15000	other	0
sub-13_2	3	Pulse	255	794476	18083	0
sub-13_2	3	Picture	cross	796845	20452	1	30227	1	20000	30000	other	0
sub-13_2	3	Pulse	255	814476	38083	0
sub-13_2	3	Nothing	45	826845	50452	1			50000		other	0
sub-13_2	3	Pulse	255	834476	58083	0
sub-13_2	3	Picture	response	842071	65678	1	15226	1	65000	15000	miss	0
sub-13_2	3	Pulse	255	854476	78083	0
sub-13_2	3	Picture	blank2	857297	80904	1	15226	1	80000	15000	other	0
sub-13_2	4	Picture	cross	872689	0	1	4226	1	0	4000	other	0
sub-13_2	4	Pulse	255	874476	1787	0
sub-13_2	4	Picture	20	877916	5227	1	15226	1	5000	15000	other	0
sub-13_2	4	Picture	cross	893142	20453	1	30227	1	20000	30000	other	0
sub-13_2	4	Pulse	255	894476	21787	0
sub-13_2	4	Pulse	255	914476	41787	0
sub-13_2	4	Nothing	25	923142	50453	1			50000		other	0
sub-13_2	4	Pulse	255	934476	61786	0
sub-13_2	4	Picture	response	938368	65679	1	15226	1	65000	15000	miss	0
sub-13_2	4	Picture	blank2	953594	80905	1	20226	1	80000	20000	other	0
sub-13_2	4	Pulse	255	954476	81786	0
sub-13_2	5	Picture	cross	973986	0	1	4226	1	0	4000	other	0
sub-13_2	5	Pulse	255	974476	490	0
sub-13_2	5	Picture	40	979046	5060	1	15226	1	5000	15000	other	0
sub-13_2	5	Picture	cross	994272	20286	1	30227	1	20000	30000	other	0
sub-13_2	5	Pulse	255	994476	20490	0
sub-13_2	5	Pulse	255	1014476	40490	0
sub-13_2	5	Nothing	45	1024272	50286	1			50000		other	0
sub-13_2	5	Pulse	255	1034476	60490	0
sub-13_2	5	Picture	response	1039498	65512	1	15226	1	65000	15000	miss	0
sub-13_2	5	Pulse	255	1054476	80490	0
sub-13_2	5	Picture	blank2	1054724	80738	1	30226	1	80000	30000	other	0
sub-13_2	5	Pulse	255	1074476	100490	0
sub-13_2	6	Picture	cross	1085117	0	1	4226	1	0	4000	other	0
sub-13_2	6	Picture	61	1090343	5226	1	15226	1	5000	15000	other	0
sub-13_2	6	Pulse	255	1094466	9349	0
sub-13_2	6	Picture	cross	1105569	20452	1	30227	1	20000	30000	other	0
sub-13_2	6	Pulse	255	1114466	29349	0
sub-13_2	6	Pulse	255	1134466	49349	0
sub-13_2	6	Nothing	90	1135569	50452	1			50000		other	0
sub-13_2	6	Picture	response	1150795	65678	1	15226	1	65000	15000	miss	0
sub-13_2	6	Pulse	255	1154467	69349	0
sub-13_2	6	Picture	blank2	1166021	80904	1	40226	1	80000	40000	other	0
sub-13_2	6	Pulse	255	1174466	89349	0
sub-13_2	6	Pulse	255	1194467	109350	0
sub-13_2	7	Picture	cross	1206414	0	1	4226	1	0	4000	other	0
sub-13_2	7	Picture	40	1211640	5226	1	15226	1	5000	15000	other	0
sub-13_2	7	Pulse	255	1214466	8053	0
sub-13_2	7	Picture	cross	1226866	20452	1	30227	1	20000	30000	other	0
sub-13_2	7	Pulse	255	1234466	28053	0
sub-13_2	7	Pulse	255	1254467	48053	0
sub-13_2	7	Nothing	45	1256866	50452	1			50000		other	0
sub-13_2	7	Picture	response	1272092	65678	1	15226	1	65000	15000	miss	0
sub-13_2	7	Pulse	255	1274467	68053	0
sub-13_2	7	Picture	blank2	1287318	80904	1	40226	1	80000	40000	other	0
sub-13_2	7	Pulse	255	1294466	88053	0
sub-13_2	7	Pulse	255	1314467	108053	0
sub-13_2	8	Picture	cross	1327710	0	1	4226	1	0	4000	other	0
sub-13_2	8	Picture	20	1332937	5227	1	15226	1	5000	15000	other	0
sub-13_2	8	Pulse	255	1334467	6756	0
sub-13_2	8	Picture	cross	1348163	20453	1	30227	1	20000	30000	other	0
sub-13_2	8	Pulse	255	1354467	26757	0
sub-13_2	8	Pulse	255	1374467	46757	0
sub-13_2	8	Nothing	25	1378163	50453	1			50000		other	0
sub-13_2	8	Picture	response	1393389	65679	1	15226	1	65000	15000	miss	0
sub-13_2	8	Pulse	255	1394467	66757	0
sub-13_2	8	Picture	blank2	1408615	80905	1	35226	1	80000	35000	other	0
sub-13_2	8	Pulse	255	1414466	86756	0
sub-13_2	8	Pulse	255	1434467	106756	0
sub-13_2	9	Picture	cross	1444008	0	1	4226	1	0	4000	other	0
sub-13_2	9	Picture	41	1449234	5226	1	15226	1	5000	15000	other	0
sub-13_2	9	Pulse	255	1454467	10459	0
sub-13_2	9	Picture	cross	1464460	20452	1	30227	1	20000	30000	other	0
sub-13_2	9	Pulse	255	1474467	30459	0
sub-13_2	9	Nothing	90	1494460	50452	1			50000		other	0
sub-13_2	9	Pulse	255	1494467	50460	0
sub-13_2	9	Picture	response	1509686	65678	1	15226	1	65000	15000	miss	0
sub-13_2	9	Pulse	255	1514467	70460	0
sub-13_2	9	Picture	blank2	1524912	80904	1	30226	1	80000	30000	other	0
sub-13_2	9	Pulse	255	1534467	90459	0
sub-13_2	9	Pulse	255	1554467	110460	0
sub-13_2	10	Picture	cross	1555304	0	1	4226	1	0	4000	other	0
sub-13_2	10	Picture	20	1560531	5226	1	15226	1	5000	15000	other	0
sub-13_2	10	Pulse	255	1574467	19163	0
sub-13_2	10	Picture	cross	1575757	20452	1	30227	1	20000	30000	other	0
sub-13_2	10	Pulse	255	1594468	39163	0
sub-13_2	10	Nothing	25	1605757	50452	1			50000		other	0
sub-13_2	10	Pulse	255	1614468	59163	0
sub-13_2	10	Picture	response	1620983	65679	1	15226	1	65000	15000	miss	0
sub-13_2	10	Pulse	255	1634468	79163	0
sub-13_2	10	Picture	blank2	1636209	80904	1	10226	1	80000	10000	other	0
sub-13_2	11	Picture	cross	1646601	0	1	4226	1	0	4000	other	0
sub-13_2	11	Picture	21	1651827	5226	1	15226	1	5000	15000	other	0
sub-13_2	11	Pulse	255	1654468	7866	0
sub-13_2	11	Picture	cross	1667053	20452	1	30227	1	20000	30000	other	0
sub-13_2	11	Pulse	255	1674467	27866	0
sub-13_2	11	Pulse	255	1694467	47866	0
sub-13_2	11	Nothing	90	1697053	50452	1			50000		other	0
sub-13_2	11	Picture	response	1712279	65678	1	15226	1	65000	15000	miss	0
sub-13_2	11	Pulse	255	1714468	67866	0
sub-13_2	11	Picture	blank2	1727505	80904	1	20226	1	80000	20000	other	0
sub-13_2	11	Pulse	255	1734467	87866	0
sub-13_2	12	Picture	cross	1747898	0	1	4226	1	0	4000	other	0
sub-13_2	12	Picture	41	1753124	5226	1	15226	1	5000	15000	other	0
sub-13_2	12	Pulse	255	1754468	6570	0
sub-13_2	12	Picture	cross	1768350	20452	1	30227	1	20000	30000	other	0
sub-13_2	12	Pulse	255	1774468	26570	0
sub-13_2	12	Pulse	255	1794467	46570	0
sub-13_2	12	Nothing	90	1798350	50452	1			50000		other	0
sub-13_2	12	Picture	response	1813576	65678	1	15226	1	65000	15000	miss	0
sub-13_2	12	Pulse	255	1814468	66570	0
sub-13_2	12	Picture	blank2	1828802	80904	1	20226	1	80000	20000	other	0
sub-13_2	12	Pulse	255	1834468	86570	0
sub-13_2	13	Picture	cross	1849194	0	1	4226	1	0	4000	other	0
sub-13_2	13	Picture	21	1854421	5226	1	15226	1	5000	15000	other	0
sub-13_2	13	Pulse	255	1854468	5274	0
sub-13_2	13	Picture	cross	1869646	20452	1	30227	1	20000	30000	other	0
sub-13_2	13	Pulse	255	1874468	25273	0
sub-13_2	13	Pulse	255	1894468	45274	0
sub-13_2	13	Nothing	90	1899646	50452	1			50000		other	0
sub-13_2	13	Pulse	255	1914468	65274	0
sub-13_2	13	Picture	response	1914872	65678	1	15227	1	65000	15000	miss	0
sub-13_2	13	Picture	blank2	1930099	80905	1	15226	1	80000	15000	other	0
sub-13_2	13	Pulse	255	1934468	85274	0
sub-13_2	14	Picture	cross	1945491	0	1	4226	1	0	4000	other	0
sub-13_2	14	Picture	61	1950718	5226	1	15226	1	5000	15000	other	0
sub-13_2	14	Pulse	255	1954468	8976	0
sub-13_2	14	Picture	cross	1965944	20453	1	30227	1	20000	30000	other	0
sub-13_2	14	Pulse	255	1974468	28977	0
sub-13_2	14	Pulse	255	1994468	48977	0
sub-13_2	14	Nothing	90	1995944	50453	1			50000		other	0
sub-13_2	14	Picture	response	2011170	65678	1	15226	1	65000	15000	miss	0
sub-13_2	14	Pulse	255	2014468	68977	0
sub-13_2	14	Picture	blank2	2026396	80904	1	50226	1	80000	50000	other	0
sub-13_2	14	Pulse	255	2034468	88977	0
sub-13_2	14	Pulse	255	2054468	108977	0
sub-13_2	14	Pulse	255	2074468	128977	0
sub-13_2	15	Picture	cross	2076788	0	1	4226	1	0	4000	other	0
sub-13_2	15	Picture	21	2082015	5227	1	15226	1	5000	15000	other	0
sub-13_2	15	Pulse	255	2094469	17680	0
sub-13_2	15	Picture	cross	2097241	20453	1	30227	1	20000	30000	other	0
sub-13_2	15	Pulse	255	2114468	37680	0
sub-13_2	15	Nothing	90	2127241	50453	1			50000		other	0
sub-13_2	15	Pulse	255	2134469	57680	0
sub-13_2	15	Picture	response	2142467	65679	1	15226	1	65000	15000	miss	0
sub-13_2	15	Pulse	255	2154469	77680	0
sub-13_2	15	Picture	blank2	2157693	80905	1	30226	1	80000	30000	other	0
sub-13_2	15	Pulse	255	2174468	97680	0
sub-13_2	16	Picture	cross	2188086	0	1	4226	1	0	4000	other	0
sub-13_2	16	Picture	60	2193145	5060	1	15226	1	5000	15000	other	0
sub-13_2	16	Pulse	255	2194468	6383	0
sub-13_2	16	Picture	cross	2208371	20286	1	30227	1	20000	30000	other	0
sub-13_2	16	Pulse	255	2214468	26383	0
sub-13_2	16	Pulse	255	2234469	46383	0
sub-13_2	16	Nothing	65	2238371	50286	1			50000		other	0
sub-13_2	16	Picture	response	2253597	65511	1	15226	1	65000	15000	miss	0
sub-13_2	16	Pulse	255	2254469	66383	0
sub-13_2	16	Picture	blank2	2268823	80737	1	20226	1	80000	20000	other	0
sub-13_2	16	Pulse	255	2274469	86383	0
sub-13_2	17	Picture	cross	2289216	0	1	4226	1	0	4000	other	0
sub-13_2	17	Picture	41	2294442	5226	1	15226	1	5000	15000	other	0
sub-13_2	17	Pulse	255	2294469	5254	0
sub-13_2	17	Picture	cross	2309668	20452	1	30227	1	20000	30000	other	0
sub-13_2	17	Pulse	255	2314469	25253	0
sub-13_2	17	Pulse	255	2334469	45253	0
sub-13_2	17	Nothing	90	2339668	50452	1			50000		other	0
sub-13_2	17	Pulse	255	2354469	65253	0
sub-13_2	17	Picture	response	2354894	65678	1	15226	1	65000	15000	miss	0
sub-13_2	17	Picture	blank2	2370120	80904	1	30226	1	80000	30000	other	0
sub-13_2	17	Pulse	255	2374469	85254	0
sub-13_2	17	Pulse	255	2394469	105253	0
sub-13_2	18	Picture	cross	2400512	0	1	4226	1	0	4000	other	0
sub-13_2	18	Picture	61	2405739	5227	1	15226	1	5000	15000	other	0
sub-13_2	18	Pulse	255	2414469	13957	0
sub-13_2	18	Picture	cross	2420965	20453	1	30227	1	20000	30000	other	0
sub-13_2	18	Pulse	255	2434469	33957	0
sub-13_2	18	Nothing	90	2450965	50453	1			50000		other	0
sub-13_2	18	Pulse	255	2454469	53957	0
sub-13_2	18	Picture	response	2466191	65679	1	15226	1	65000	15000	miss	0
sub-13_2	18	Pulse	255	2474469	73957	0
sub-13_2	18	Picture	blank2	2481417	80904	1	15226	1	80000	15000	other	0
sub-13_2	18	Pulse	255	2494469	93957	0
sub-13_2	19	Picture	cross	2496810	0	1	4226	1	0	4000	other	0
sub-13_2	19	Picture	60	2502036	5226	1	15226	1	5000	15000	other	0
sub-13_2	19	Pulse	255	2514470	17660	0
sub-13_2	19	Picture	cross	2517262	20452	1	30227	1	20000	30000	other	0
sub-13_2	19	Pulse	255	2534470	37660	0
sub-13_2	19	Nothing	65	2547262	50452	1			50000		other	0
sub-13_2	19	Pulse	255	2554470	57660	0
sub-13_2	19	Picture	response	2562488	65678	1	15226	1	65000	15000	miss	0
sub-13_2	19	Pulse	255	2574469	77660	0
sub-13_2	19	Picture	blank2	2577713	80904	1	15226	1	80000	15000	other	0
sub-13_2	20	Picture	cross	2593106	0	1	4226	1	0	4000	other	0
sub-13_2	20	Pulse	255	2594470	1364	0
sub-13_2	20	Picture	21	2598332	5226	1	15226	1	5000	15000	other	0
sub-13_2	20	Picture	cross	2613558	20452	1	30227	1	20000	30000	other	0
sub-13_2	20	Pulse	255	2614470	21364	0
sub-13_2	20	Pulse	255	2634470	41364	0
sub-13_2	20	Nothing	90	2643558	50452	1			50000		other	0
sub-13_2	20	Pulse	255	2654469	61363	0
sub-13_2	20	Picture	response	2658784	65678	1	15226	1	65000	15000	miss	0
sub-13_2	20	Picture	blank2	2674010	80904	1	20226	1	80000	20000	other	0
sub-13_2	20	Pulse	255	2674470	81363	0
sub-13_2	21	Picture	cross	2694403	0	1	4226	1	0	4000	other	0
sub-13_2	21	Pulse	255	2694470	67	0
sub-13_2	21	Picture	61	2699630	5227	1	15226	1	5000	15000	other	0
sub-13_2	21	Pulse	255	2714470	20067	0
sub-13_2	21	Picture	cross	2714855	20452	1	30227	1	20000	30000	other	0
sub-13_2	21	Pulse	255	2734470	40067	0
sub-13_2	21	Nothing	90	2744855	50452	1			50000		other	0
sub-13_2	21	Pulse	255	2754470	60067	0
sub-13_2	21	Picture	response	2760081	65678	1	15226	1	65000	15000	miss	0
sub-13_2	21	Pulse	255	2774470	80067	0
sub-13_2	21	Picture	blank2	2775307	80904	1	15226	1	80000	15000	other	0
sub-13_2	22	Picture	cross	2790700	0	1	4226	1	0	4000	other	0
sub-13_2	22	Pulse	255	2794470	3770	0
sub-13_2	22	Picture	40	2795926	5226	1	15226	1	5000	15000	other	0
sub-13_2	22	Picture	cross	2811152	20452	1	30227	1	20000	30000	other	0
sub-13_2	22	Pulse	255	2814470	23771	0
sub-13_2	22	Pulse	255	2834470	43771	0
sub-13_2	22	Nothing	45	2841152	50452	1			50000		other	0
sub-13_2	22	Pulse	255	2854470	63771	0
sub-13_2	22	Picture	response	2856378	65678	1	15226	1	65000	15000	miss	0
sub-13_2	22	Picture	blank2	2871603	80904	1	15226	1	80000	15000	other	0
sub-13_2	22	Pulse	255	2874460	83761	0
sub-13_2	23	Picture	cross	2886996	0	1	4226	1	0	4000	other	0
sub-13_2	23	Picture	60	2892222	5226	1	15226	1	5000	15000	other	0
sub-13_2	23	Pulse	255	2894460	7464	0
sub-13_2	23	Picture	cross	2907448	20452	1	30227	1	20000	30000	other	0
sub-13_2	23	Pulse	255	2914460	27464	0
sub-13_2	23	Pulse	255	2934460	47464	0
sub-13_2	23	Nothing	65	2937448	50452	1			50000		other	0
sub-13_2	23	Picture	response	2952674	65678	1	15226	1	65000	15000	miss	0
sub-13_2	23	Pulse	255	2954460	67464	0
sub-13_2	23	Picture	blank2	2967900	80904	1	10226	1	80000	10000	other	0
sub-13_2	23	Pulse	255	2974461	87465	0
sub-13_2	24	Picture	cross	2978293	0	1	4227	1	0	4000	other	0
sub-13_2	24	Picture	61	2983520	5227	1	15226	1	5000	15000	other	0
sub-13_2	24	Pulse	255	2994461	16168	0
sub-13_2	24	Picture	cross	2998745	20453	1	30227	1	20000	30000	other	0
sub-13_2	24	Pulse	255	3014461	36168	0
sub-13_2	24	Nothing	90	3028745	50453	1			50000		other	0
sub-13_2	24	Pulse	255	3034461	56168	0
sub-13_2	24	Picture	response	3043971	65679	1	15226	1	65000	15000	miss	0
sub-13_2	24	Pulse	255	3054460	76168	0
sub-13_2	24	Picture	blank2	3059197	80905	1	30226	1	80000	30000	other	0
sub-13_2	24	Pulse	255	3074461	96168	0
sub-13_2	25	Picture	cross	3089590	0	1	4226	1	0	4000	other	0
sub-13_2	25	Pulse	255	3094461	4871	0
sub-13_2	25	Picture	60	3094816	5226	1	15226	1	5000	15000	other	0
sub-13_2	25	Picture	cross	3110042	20452	1	30227	1	20000	30000	other	0
sub-13_2	25	Pulse	255	3114461	24871	0
sub-13_2	25	Pulse	255	3134461	44871	0
sub-13_2	25	Nothing	65	3140042	50452	1			50000		other	0
sub-13_2	25	Pulse	255	3154461	64871	0
sub-13_2	25	Picture	response	3155268	65678	1	15226	1	65000	15000	miss	0
sub-13_2	25	Picture	blank2	3170494	80904	1	20226	1	80000	20000	other	0
sub-13_2	25	Pulse	255	3174461	84871	0
sub-13_2	26	Picture	cross	3190886	0	1	4226	1	0	4000	other	0
sub-13_2	26	Pulse	255	3194461	3574	0
sub-13_2	26	Picture	40	3195946	5059	1	15226	1	5000	15000	other	0
sub-13_2	26	Picture	cross	3211172	20285	1	30227	1	20000	30000	other	0
sub-13_2	26	Pulse	255	3214461	23575	0
sub-13_2	26	Pulse	255	3234461	43575	0
sub-13_2	26	Nothing	45	3241172	50285	1			50000		other	0
sub-13_2	26	Pulse	255	3254461	63575	0
sub-13_2	26	Picture	response	3256394	65508	4	15226	4	65000	15000	miss	0
sub-13_2	26	Picture	blank2	3271620	80734	1	20226	1	80000	20000	other	0
sub-13_2	26	Pulse	255	3274461	83575	0
sub-13_2	27	Picture	cross	3292013	0	1	4226	1	0	4000	other	0
sub-13_2	27	Pulse	255	3294461	2448	0
sub-13_2	27	Picture	21	3297240	5226	1	15226	1	5000	15000	other	0
sub-13_2	27	Picture	cross	3312466	20452	1	30227	1	20000	30000	other	0
sub-13_2	27	Pulse	255	3314461	22448	0
sub-13_2	27	Pulse	255	3334461	42448	0
sub-13_2	27	Nothing	90	3342466	50452	1			50000		other	0
sub-13_2	27	Pulse	255	3354461	62448	0
sub-13_2	27	Picture	response	3357691	65678	1	15226	1	65000	15000	miss	0
sub-13_2	27	Picture	blank2	3372917	80904	1	40226	1	80000	40000	other	0
sub-13_2	27	Pulse	255	3374461	82448	0
sub-13_2	27	Pulse	255	3394461	102448	0
sub-13_2	28	Picture	cross	3413310	0	1	4226	1	0	4000	other	0
sub-13_2	28	Pulse	255	3414461	1151	0
sub-13_2	28	Picture	61	3418536	5226	1	15226	1	5000	15000	other	0
sub-13_2	28	Picture	cross	3433762	20452	1	30227	1	20000	30000	other	0
sub-13_2	28	Pulse	255	3434461	21151	0
sub-13_2	28	Pulse	255	3454462	41152	0
sub-13_2	28	Nothing	90	3463762	50452	1			50000		other	0
sub-13_2	28	Pulse	255	3474461	61151	0
sub-13_2	28	Picture	response	3478988	65678	1	15226	1	65000	15000	miss	0
sub-13_2	28	Picture	blank2	3494214	80904	1	30226	1	80000	30000	other	0
sub-13_2	28	Pulse	255	3494462	81152	0
sub-13_2	28	Pulse	255	3514462	101152	0
sub-13_2	29	Picture	cross	3524606	0	1	4226	1	0	4000	other	0
sub-13_2	29	Picture	40	3529833	5226	1	15226	1	5000	15000	other	0
sub-13_2	29	Pulse	255	3534461	9855	0
sub-13_2	29	Picture	cross	3545058	20452	1	30227	1	20000	30000	other	0
sub-13_2	29	Pulse	255	3554462	29856	0
sub-13_2	29	Pulse	255	3574461	49855	0
sub-13_2	29	Nothing	45	3575058	50452	1			50000		other	0
sub-13_2	29	Picture	response	3590284	65678	1	15226	1	65000	15000	miss	0
sub-13_2	29	Pulse	255	3594461	69855	0
sub-13_2	29	Picture	blank2	3605510	80904	1	40226	1	80000	40000	other	0
sub-13_2	29	Pulse	255	3614461	89855	0
sub-13_2	29	Pulse	255	3634462	109856	0
sub-13_2	30	Picture	cross	3645903	0	1	4226	1	0	4000	other	0
sub-13_2	30	Picture	21	3651129	5226	1	15226	1	5000	15000	other	0
sub-13_2	30	Pulse	255	3654462	8559	0
sub-13_2	30	Picture	cross	3666355	20452	1	30227	1	20000	30000	other	0
sub-13_2	30	Pulse	255	3674462	28559	0
sub-13_2	30	Pulse	255	3694462	48559	0
sub-13_2	30	Nothing	90	3696355	50452	1			50000		other	0
sub-13_2	30	Picture	response	3711581	65678	1	15226	1	65000	15000	miss	0
sub-13_2	30	Pulse	255	3714462	68559	0
sub-13_2	30	Picture	blank2	3726807	80904	1	15226	1	80000	15000	other	0
sub-13_2	30	Pulse	255	3734462	88559	0
sub-13_2	31	Picture	cross	3742200	0	1	4226	1	0	4000	other	0
sub-13_2	31	Picture	41	3747426	5227	1	15226	1	5000	15000	other	0
sub-13_2	31	Pulse	255	3754462	12263	0
sub-13_2	31	Picture	cross	3762652	20453	1	30227	1	20000	30000	other	0
sub-13_2	31	Pulse	255	3774462	32263	0
sub-13_2	31	Nothing	90	3792652	50453	1			50000		other	0
sub-13_2	31	Pulse	255	3794462	52263	0
sub-13_2	31	Picture	response	3807878	65679	1	15226	1	65000	15000	miss	0
sub-13_2	31	Pulse	255	3814462	72263	0
sub-13_2	31	Picture	blank2	3823104	80904	1	20226	1	80000	20000	other	0
sub-13_2	31	Pulse	255	3834462	92263	0
sub-13_2	32	Picture	cross	3843497	0	1	4226	1	0	4000	other	0
sub-13_2	32	Picture	41	3848723	5226	1	15226	1	5000	15000	other	0
sub-13_2	32	Pulse	255	3854462	10966	0
sub-13_2	32	Picture	cross	3863949	20452	1	30227	1	20000	30000	other	0
sub-13_2	32	Pulse	255	3874462	30966	0
sub-13_2	32	Nothing	90	3893949	50452	1			50000		other	0
sub-13_2	32	Pulse	255	3894463	50966	0
sub-13_2	32	Picture	response	3909174	65678	1	15226	1	65000	15000	miss	0
sub-13_2	32	Pulse	255	3914462	70966	0
sub-13_2	32	Picture	blank2	3924400	80904	1	15226	1	80000	15000	other	0
sub-13_2	32	Pulse	255	3934463	90966	0
sub-13_2	33	Picture	cross	3939793	0	1	4226	1	0	4000	other	0
sub-13_2	33	Picture	41	3945019	5226	1	15184	1	5000	15000	other	0
sub-13_2	33	Pulse	255	3954463	14670	0
sub-13_2	33	Picture	cross	3960203	20410	1	30227	1	20000	30000	other	0
sub-13_2	33	Pulse	255	3974463	34670	0
sub-13_2	33	Nothing	90	3990203	50410	1			50000		other	0
sub-13_2	33	Pulse	255	3994462	54669	0
sub-13_2	33	Picture	response	4005429	65636	1	15226	1	65000	15000	miss	0
sub-13_2	33	Pulse	255	4014462	74669	0
sub-13_2	33	Picture	blank2	4020655	80862	1	35226	1	80000	35000	other	0
sub-13_2	33	Pulse	255	4034463	94669	0
sub-13_2	33	Pulse	255	4054463	114670	0
sub-13_2	34	Picture	cross	4056048	0	1	4226	1	0	4000	other	0
sub-13_2	34	Picture	60	4061107	5060	1	15226	1	5000	15000	other	0
sub-13_2	34	Pulse	255	4074463	18415	0
sub-13_2	34	Picture	cross	4076333	20285	1	30227	1	20000	30000	other	0
sub-13_2	34	Pulse	255	4094463	38415	0
sub-13_2	34	Nothing	65	4106333	50285	1			50000		other	0
sub-13_2	34	Pulse	255	4114463	58415	0
sub-13_2	34	Picture	response	4121559	65511	1	15226	1	65000	15000	miss	0
sub-13_2	34	Pulse	255	4134463	78415	0
sub-13_2	34	Picture	blank2	4136785	80737	1	20226	1	80000	20000	other	0
sub-13_2	34	Pulse	255	4154463	98415	0
sub-13_2	35	Picture	cross	4157178	0	1	4226	1	0	4000	other	0
sub-13_2	35	Picture	21	4162237	5060	1	15226	1	5000	15000	other	0
sub-13_2	35	Pulse	255	4174463	17286	0
sub-13_2	35	Picture	cross	4177463	20285	1	30227	1	20000	30000	other	0
sub-13_2	35	Pulse	255	4194463	37286	0
sub-13_2	35	Nothing	90	4207463	50285	1			50000		other	0
sub-13_2	35	Pulse	255	4214463	57286	0
sub-13_2	35	Picture	response	4222689	65512	1	15226	1	65000	15000	miss	0
sub-13_2	35	Pulse	255	4234463	77285	0
sub-13_2	35	Picture	blank2	4237915	80737	1	15226	1	80000	15000	other	0
sub-13_2	36	Picture	cross	4253307	0	1	4226	1	0	4000	other	0
sub-13_2	36	Pulse	255	4254463	1155	0
sub-13_2	36	Picture	20	4258534	5227	1	15226	1	5000	15000	other	0
sub-13_2	36	Picture	cross	4273760	20453	1	30227	1	20000	30000	other	0
sub-13_2	36	Pulse	255	4274463	21156	0
sub-13_2	36	Pulse	255	4294463	41156	0
sub-13_2	36	Nothing	25	4303760	50453	1			50000		other	0
sub-13_2	36	Pulse	255	4314463	61156	0
sub-13_2	36	Picture	response	4318986	65679	1	15226	1	65000	15000	miss	0
sub-13_2	36	Picture	blank2	4334213	80905	1	20227	1	80000	20000	other	0
sub-13_2	36	Pulse	255	4334463	81156	0
sub-13_2	36	Pulse	255	4354463	101156	1
sub-13_2	37	Picture	cross	4354606	0	1	4227	1	0	4000	other	0
sub-13_2	37	Picture	61	4359833	5227	1	15226	1	5000	15000	other	0
sub-13_2	37	Pulse	255	4374463	19857	0
sub-13_2	37	Picture	cross	4375059	20453	1	30227	1	20000	30000	other	0
sub-13_2	37	Pulse	255	4394463	39857	0
sub-13_2	37	Nothing	90	4405059	50453	1			50000		other	0
sub-13_2	37	Pulse	255	4414463	59857	0
sub-13_2	37	Picture	response	4420285	65679	1	15226	1	65000	15000	miss	0
sub-13_2	37	Pulse	255	4434463	79858	0
sub-13_2	37	Picture	blank2	4435511	80905	1	40226	1	80000	40000	other	0
sub-13_2	37	Pulse	255	4454464	99858	0
sub-13_2	37	Pulse	255	4474463	119858	0
