Scenario - loca_mveb
Logfile written - 10/24/2018 10:15:49

Subject	Trial	Event Type	Code	Time	TTime	Uncertainty	Duration	Uncertainty	ReqTime	ReqDur	Stim Type	Pair Index

sub-04_1	0	Pulse	255	527652	527652	0
sub-04_1	1	Picture	p_startup	527880	0	1	100226	1	0	100000	other	0
sub-04_1	1	Pulse	255	547652	19772	0
sub-04_1	1	Pulse	255	567652	39772	0
sub-04_1	1	Pulse	255	587652	59772	0
sub-04_1	1	Pulse	255	607652	79772	0
sub-04_1	1	Pulse	255	627652	99772	0
sub-04_1	2	Picture	cross	628273	0	1	4226	1	0	4000	other	0
sub-04_1	2	Picture	61	633499	5226	1	15226	1	5000	15000	other	0
sub-04_1	2	Pulse	255	647652	19379	0
sub-04_1	2	Picture	cross	648725	20452	1	30227	1	20000	30000	other	0
sub-04_1	2	Pulse	255	667652	39379	0
sub-04_1	2	Nothing	90	678725	50452	1			50000		other	0
sub-04_1	2	Pulse	255	687652	59380	0
sub-04_1	2	Picture	response	693951	65678	1	15226	1	65000	15000	hit	16
sub-04_1	2	Response	1	699162	70890	1
sub-04_1	2	Pulse	255	707652	79380	0
sub-04_1	2	Picture	blank2	709177	80904	1	15226	1	80000	15000	other	0
sub-04_1	3	Picture	cross	724569	0	1	4226	1	0	4000	other	0
sub-04_1	3	Pulse	255	727652	3083	0
sub-04_1	3	Picture	40	729795	5226	1	15226	1	5000	15000	other	0
sub-04_1	3	Picture	cross	745021	20452	1	30227	1	20000	30000	other	0
sub-04_1	3	Pulse	255	747653	23084	0
sub-04_1	3	Pulse	255	767652	43083	0
sub-04_1	3	Nothing	45	775021	50452	1			50000		other	0
sub-04_1	3	Pulse	255	787652	63083	0
sub-04_1	3	Picture	response	790247	65678	1	15226	1	65000	15000	hit	28
sub-04_1	3	Response	1	797692	73123	1
sub-04_1	3	Picture	blank2	805473	80904	1	25226	1	80000	25000	other	0
sub-04_1	3	Pulse	255	807652	83083	0
sub-04_1	3	Pulse	255	827653	103084	0
sub-04_1	4	Picture	cross	830865	0	1	4226	1	0	4000	other	0
sub-04_1	4	Picture	60	836091	5226	1	15226	1	5000	15000	other	0
sub-04_1	4	Pulse	255	847652	16787	0
sub-04_1	4	Picture	cross	851317	20452	1	30227	1	20000	30000	other	0
sub-04_1	4	Pulse	255	867653	36787	0
sub-04_1	4	Nothing	65	881317	50452	1			50000		other	0
sub-04_1	4	Pulse	255	887653	56787	0
sub-04_1	4	Picture	response	896543	65678	1	15226	1	65000	15000	hit	40
sub-04_1	4	Response	2	902633	71767	1
sub-04_1	4	Pulse	255	907652	76787	0
sub-04_1	4	Picture	blank2	911769	80904	1	15226	1	80000	15000	other	0
sub-04_1	5	Picture	cross	927162	0	1	4226	1	0	4000	other	0
sub-04_1	5	Pulse	255	927653	491	0
sub-04_1	5	Picture	20	932388	5226	1	15226	1	5000	15000	other	0
sub-04_1	5	Picture	cross	947614	20452	1	30227	1	20000	30000	other	0
sub-04_1	5	Pulse	255	947653	20491	0
sub-04_1	5	Pulse	255	967653	40491	0
sub-04_1	5	Nothing	25	977614	50452	1			50000		other	0
sub-04_1	5	Pulse	255	987653	60491	0
sub-04_1	5	Picture	response	992840	65678	1	15226	1	65000	15000	hit	52
sub-04_1	5	Response	1	998623	71461	1
sub-04_1	5	Pulse	255	1007653	80491	0
sub-04_1	5	Picture	blank2	1008065	80904	1	20226	1	80000	20000	other	0
sub-04_1	5	Pulse	255	1027653	100491	0
sub-04_1	6	Picture	cross	1028458	0	1	4226	1	0	4000	other	0
sub-04_1	6	Picture	60	1033684	5226	1	15226	1	5000	15000	other	0
sub-04_1	6	Pulse	255	1047653	19195	0
sub-04_1	6	Picture	cross	1048910	20452	1	30227	1	20000	30000	other	0
sub-04_1	6	Pulse	255	1067653	39195	0
sub-04_1	6	Nothing	65	1078910	50452	1			50000		other	0
sub-04_1	6	Pulse	255	1087653	59195	0
sub-04_1	6	Picture	response	1094136	65678	1	15226	1	65000	15000	hit	66
sub-04_1	6	Pulse	255	1107653	79195	0
sub-04_1	6	Picture	blank2	1109362	80904	1	45226	1	80000	45000	other	0
sub-04_1	6	Response	1	1110513	82055	1
sub-04_1	6	Pulse	255	1127653	99195	0
sub-04_1	6	Pulse	255	1147653	119195	0
sub-04_1	7	Picture	cross	1154755	0	1	4226	1	0	4000	other	0
sub-04_1	7	Picture	20	1159981	5226	1	15226	1	5000	15000	other	0
sub-04_1	7	Pulse	255	1167653	12898	0
sub-04_1	7	Picture	cross	1175207	20452	1	30227	1	20000	30000	other	0
sub-04_1	7	Pulse	255	1187653	32899	0
sub-04_1	7	Nothing	25	1205207	50452	1			50000		other	0
sub-04_1	7	Pulse	255	1207653	52899	0
sub-04_1	7	Picture	response	1220433	65678	1	15226	1	65000	15000	hit	77
sub-04_1	7	Response	2	1225933	71179	1
sub-04_1	7	Pulse	255	1227653	72899	0
sub-04_1	7	Picture	blank2	1235658	80904	1	35226	1	80000	35000	other	0
sub-04_1	7	Pulse	255	1247653	92899	0
sub-04_1	7	Pulse	255	1267653	112898	0
sub-04_1	8	Picture	cross	1271051	0	1	4226	1	0	4000	other	0
sub-04_1	8	Picture	61	1276277	5226	1	15226	1	5000	15000	other	0
sub-04_1	8	Pulse	255	1287653	16602	0
sub-04_1	8	Picture	cross	1291503	20452	1	30227	1	20000	30000	other	0
sub-04_1	8	Pulse	255	1307653	36602	0
sub-04_1	8	Nothing	90	1321503	50452	1			50000		other	0
sub-04_1	8	Pulse	255	1327653	56602	0
sub-04_1	8	Picture	response	1336729	65678	1	15226	1	65000	15000	hit	90
sub-04_1	8	Response	2	1342443	71392	1
sub-04_1	8	Pulse	255	1347653	76602	0
sub-04_1	8	Picture	blank2	1351955	80904	1	45226	1	80000	45000	other	0
sub-04_1	8	Pulse	255	1367654	96603	0
sub-04_1	8	Pulse	255	1387653	116602	0
sub-04_1	9	Picture	cross	1397348	0	1	4226	1	0	4000	other	0
sub-04_1	9	Picture	41	1402574	5226	1	15226	1	5000	15000	other	0
sub-04_1	9	Pulse	255	1407653	10306	0
sub-04_1	9	Picture	cross	1417800	20452	1	30227	1	20000	30000	other	0
sub-04_1	9	Pulse	255	1427654	30306	0
sub-04_1	9	Pulse	255	1447653	50306	0
sub-04_1	9	Nothing	90	1447800	50452	1			50000		other	0
sub-04_1	9	Picture	response	1463026	65678	1	15226	1	65000	15000	hit	104
sub-04_1	9	Pulse	255	1467654	70306	0
sub-04_1	9	Response	1	1469174	71826	1
sub-04_1	9	Picture	blank2	1478251	80904	1	10226	1	80000	10000	other	0
sub-04_1	9	Pulse	255	1487654	90306	0
sub-04_1	10	Picture	cross	1488644	0	1	4226	1	0	4000	other	0
sub-04_1	10	Picture	20	1493870	5226	1	15226	1	5000	15000	other	0
sub-04_1	10	Pulse	255	1507654	19010	0
sub-04_1	10	Picture	cross	1509096	20452	1	30227	1	20000	30000	other	0
sub-04_1	10	Pulse	255	1527654	39010	0
sub-04_1	10	Nothing	25	1539096	50452	1			50000		other	0
sub-04_1	10	Pulse	255	1547654	59010	0
sub-04_1	10	Picture	response	1554322	65678	1	15226	1	65000	15000	hit	115
sub-04_1	10	Response	2	1559134	70490	1
sub-04_1	10	Pulse	255	1567654	79010	0
sub-04_1	10	Picture	blank2	1569548	80904	1	20226	1	80000	20000	other	0
sub-04_1	10	Pulse	255	1587654	99010	0
sub-04_1	11	Picture	cross	1589940	0	1	4226	1	0	4000	other	0
sub-04_1	11	Picture	41	1595167	5227	1	15226	1	5000	15000	other	0
sub-04_1	11	Pulse	255	1607654	17714	0
sub-04_1	11	Picture	cross	1610393	20453	1	30227	1	20000	30000	other	0
sub-04_1	11	Pulse	255	1627654	37713	0
sub-04_1	11	Nothing	90	1640393	50453	1			50000		other	0
sub-04_1	11	Pulse	255	1647654	57714	0
sub-04_1	11	Picture	response	1655619	65678	1	15226	1	65000	15000	hit	127
sub-04_1	11	Response	1	1661254	71313	1
sub-04_1	11	Pulse	255	1667654	77714	0
sub-04_1	11	Picture	blank2	1670845	80904	1	30226	1	80000	30000	other	0
sub-04_1	11	Pulse	255	1687654	97713	0
sub-04_1	12	Picture	cross	1701237	0	1	4263	1	0	4000	other	0
sub-04_1	12	Picture	40	1706501	5264	1	15226	1	5000	15000	other	0
sub-04_1	12	Pulse	255	1707654	6417	0
sub-04_1	12	Picture	cross	1721727	20490	1	30227	1	20000	30000	other	0
sub-04_1	12	Pulse	255	1727654	26417	0
sub-04_1	12	Pulse	255	1747654	46417	0
sub-04_1	12	Nothing	45	1751727	50490	1			50000		other	0
sub-04_1	12	Picture	response	1766952	65715	1	15226	1	65000	15000	hit	140
sub-04_1	12	Pulse	255	1767654	66417	0
sub-04_1	12	Response	2	1772994	71757	1
sub-04_1	12	Picture	blank2	1782178	80941	1	40226	1	80000	40000	other	0
sub-04_1	12	Pulse	255	1787654	86417	0
sub-04_1	12	Pulse	255	1807654	106417	0
sub-04_1	13	Picture	cross	1822571	0	1	4226	1	0	4000	other	0
sub-04_1	13	Pulse	255	1827655	5084	0
sub-04_1	13	Picture	21	1827797	5226	1	15226	1	5000	15000	other	0
sub-04_1	13	Picture	cross	1843023	20452	1	30227	1	20000	30000	other	0
sub-04_1	13	Pulse	255	1847655	25084	0
sub-04_1	13	Pulse	255	1867654	45084	0
sub-04_1	13	Nothing	90	1873023	50452	1			50000		other	0
sub-04_1	13	Pulse	255	1887655	65084	0
sub-04_1	13	Picture	response	1888248	65678	1	15226	1	65000	15000	hit	153
sub-04_1	13	Response	2	1893845	71274	1
sub-04_1	13	Picture	blank2	1903474	80903	1	10226	1	80000	10000	other	0
sub-04_1	13	Pulse	255	1907654	85084	0
sub-04_1	14	Picture	cross	1913866	0	1	4226	1	0	4000	other	0
sub-04_1	14	Picture	60	1919092	5226	1	15226	1	5000	15000	other	0
sub-04_1	14	Pulse	255	1927655	13788	0
sub-04_1	14	Picture	cross	1934318	20452	1	30227	1	20000	30000	other	0
sub-04_1	14	Pulse	255	1947654	33788	0
sub-04_1	14	Nothing	65	1964318	50452	1			50000		other	0
sub-04_1	14	Pulse	255	1967654	53788	0
sub-04_1	14	Picture	response	1979544	65678	1	15226	1	65000	15000	hit	165
sub-04_1	14	Pulse	255	1987654	73788	0
sub-04_1	14	Response	1	1990125	76259	1
sub-04_1	14	Picture	blank2	1994770	80904	1	30226	1	80000	30000	other	0
sub-04_1	14	Pulse	255	2007655	93789	0
sub-04_1	15	Picture	cross	2025162	0	1	4226	1	0	4000	other	0
sub-04_1	15	Pulse	255	2027654	2492	0
sub-04_1	15	Picture	61	2030389	5226	1	15226	1	5000	15000	other	0
sub-04_1	15	Picture	cross	2045615	20452	1	30227	1	20000	30000	other	0
sub-04_1	15	Pulse	255	2047655	22493	0
sub-04_1	15	Pulse	255	2067655	42493	0
sub-04_1	15	Nothing	90	2075615	50452	1			50000		other	0
sub-04_1	15	Pulse	255	2087654	62492	0
sub-04_1	15	Picture	response	2090840	65678	1	15226	1	65000	15000	hit	177
sub-04_1	15	Response	1	2095224	70062	1
sub-04_1	15	Picture	blank2	2106066	80904	1	15226	1	80000	15000	other	0
sub-04_1	15	Pulse	255	2107655	82492	0
sub-04_1	16	Picture	cross	2121459	0	1	4226	1	0	4000	other	0
sub-04_1	16	Picture	61	2126685	5226	1	15226	1	5000	15000	other	0
sub-04_1	16	Pulse	255	2127655	6196	0
sub-04_1	16	Picture	cross	2141911	20452	1	30227	1	20000	30000	other	0
sub-04_1	16	Pulse	255	2147655	26196	0
sub-04_1	16	Pulse	255	2167655	46196	0
sub-04_1	16	Nothing	90	2171911	50452	1			50000		other	0
sub-04_1	16	Picture	response	2187137	65678	1	15226	1	65000	15000	hit	189
sub-04_1	16	Pulse	255	2187655	66196	0
sub-04_1	16	Response	2	2193785	72326	1
sub-04_1	16	Picture	blank2	2202362	80904	1	20226	1	80000	20000	other	0
sub-04_1	16	Pulse	255	2207645	86186	0
sub-04_1	17	Picture	cross	2222755	0	1	4226	1	0	4000	other	0
sub-04_1	17	Pulse	255	2227645	4890	0
sub-04_1	17	Picture	20	2227981	5226	1	15226	1	5000	15000	other	0
sub-04_1	17	Picture	cross	2243207	20452	1	30227	1	20000	30000	other	0
sub-04_1	17	Pulse	255	2247645	24890	0
sub-04_1	17	Pulse	255	2267645	44890	0
sub-04_1	17	Nothing	25	2273207	50452	1			50000		other	0
sub-04_1	17	Pulse	255	2287645	64890	0
sub-04_1	17	Picture	response	2288433	65678	1	15226	1	65000	15000	hit	201
sub-04_1	17	Response	1	2293535	70780	1
sub-04_1	17	Picture	blank2	2303659	80904	1	40226	1	80000	40000	other	0
sub-04_1	17	Pulse	255	2307645	84890	0
sub-04_1	17	Pulse	255	2327645	104890	0
sub-04_1	18	Picture	cross	2344052	0	1	4226	1	0	4000	other	0
sub-04_1	18	Pulse	255	2347645	3594	0
sub-04_1	18	Picture	20	2349278	5226	1	15226	1	5000	15000	other	0
sub-04_1	18	Picture	cross	2364504	20452	1	30227	1	20000	30000	other	0
sub-04_1	18	Pulse	255	2367645	23593	0
sub-04_1	18	Pulse	255	2387645	43594	0
sub-04_1	18	Nothing	25	2394504	50452	1			50000		other	0
sub-04_1	18	Pulse	255	2407645	63594	0
sub-04_1	18	Picture	response	2409730	65678	1	15226	1	65000	15000	hit	214
sub-04_1	18	Response	1	2418645	74593	1
sub-04_1	18	Picture	blank2	2424955	80904	1	15226	1	80000	15000	other	0
sub-04_1	18	Pulse	255	2427645	83594	0
sub-04_1	19	Picture	cross	2440348	0	1	4226	1	0	4000	other	0
sub-04_1	19	Picture	61	2445574	5226	1	15226	1	5000	15000	other	0
sub-04_1	19	Pulse	255	2447645	7297	0
sub-04_1	19	Picture	cross	2460800	20452	1	30227	1	20000	30000	other	0
sub-04_1	19	Pulse	255	2467646	27298	0
sub-04_1	19	Pulse	255	2487646	47298	0
sub-04_1	19	Nothing	90	2490800	50452	1			50000		other	0
sub-04_1	19	Picture	response	2506026	65678	1	15226	1	65000	15000	hit	226
sub-04_1	19	Pulse	255	2507645	67297	0
sub-04_1	19	Response	2	2511315	70967	1
sub-04_1	19	Picture	blank2	2521251	80904	1	20226	1	80000	20000	other	0
sub-04_1	19	Pulse	255	2527646	87298	0
sub-04_1	20	Picture	cross	2541644	0	1	4226	1	0	4000	other	0
sub-04_1	20	Picture	40	2546870	5226	1	15226	1	5000	15000	other	0
sub-04_1	20	Pulse	255	2547646	6002	0
sub-04_1	20	Picture	cross	2562096	20452	1	30227	1	20000	30000	other	0
sub-04_1	20	Pulse	255	2567645	26001	0
sub-04_1	20	Pulse	255	2587645	46001	0
sub-04_1	20	Nothing	45	2592096	50452	1			50000		other	0
sub-04_1	20	Picture	response	2607322	65678	1	15226	1	65000	15000	hit	238
sub-04_1	20	Pulse	255	2607645	66001	0
sub-04_1	20	Response	1	2612476	70832	1
sub-04_1	20	Picture	blank2	2622548	80904	1	30226	1	80000	30000	other	0
sub-04_1	20	Pulse	255	2627645	86001	0
sub-04_1	20	Pulse	255	2647646	106002	0
sub-04_1	21	Picture	cross	2652940	0	1	4226	1	0	4000	other	0
sub-04_1	21	Picture	61	2658167	5226	1	15226	1	5000	15000	other	0
sub-04_1	21	Pulse	255	2667646	14706	0
sub-04_1	21	Picture	cross	2673393	20452	1	30227	1	20000	30000	other	0
sub-04_1	21	Pulse	255	2687646	34706	0
sub-04_1	21	Nothing	90	2703393	50452	1			50000		other	0
sub-04_1	21	Pulse	255	2707646	54706	0
sub-04_1	21	Picture	response	2718618	65678	1	15226	1	65000	15000	hit	250
sub-04_1	21	Response	1	2723836	70896	1
sub-04_1	21	Pulse	255	2727646	74706	0
sub-04_1	21	Picture	blank2	2733844	80904	1	40226	1	80000	40000	other	0
sub-04_1	21	Pulse	255	2747646	94706	0
sub-04_1	21	Pulse	255	2767646	114706	0
sub-04_1	22	Picture	cross	2774237	0	1	4226	1	0	4000	other	0
sub-04_1	22	Picture	20	2779463	5226	1	15226	1	5000	15000	other	0
sub-04_1	22	Pulse	255	2787646	13409	0
sub-04_1	22	Picture	cross	2794689	20452	1	30227	1	20000	30000	other	0
sub-04_1	22	Pulse	255	2807646	33409	0
sub-04_1	22	Nothing	25	2824689	50452	1			50000		other	0
sub-04_1	22	Pulse	255	2827646	53409	0
sub-04_1	22	Picture	response	2839915	65678	1	15226	1	65000	15000	hit	263
sub-04_1	22	Response	1	2846296	72059	1
sub-04_1	22	Pulse	255	2847646	73409	0
sub-04_1	22	Picture	blank2	2855141	80904	1	25226	1	80000	25000	other	0
sub-04_1	22	Pulse	255	2867646	93409	0
sub-04_1	23	Picture	cross	2880534	0	1	4226	1	0	4000	other	0
sub-04_1	23	Picture	41	2885593	5059	1	15226	1	5000	15000	other	0
sub-04_1	23	Pulse	255	2887646	7112	0
sub-04_1	23	Picture	cross	2900820	20286	1	30227	1	20000	30000	other	0
sub-04_1	23	Pulse	255	2907646	27112	0
sub-04_1	23	Pulse	255	2927646	47112	0
sub-04_1	23	Nothing	90	2930820	50286	1			50000		other	0
sub-04_1	23	Picture	response	2946046	65512	1	15226	1	65000	15000	hit	276
sub-04_1	23	Pulse	255	2947646	67112	0
sub-04_1	23	Response	1	2951066	70532	1
sub-04_1	23	Picture	blank2	2961271	80737	1	10226	1	80000	10000	other	0
sub-04_1	23	Pulse	255	2967646	87112	0
sub-04_1	24	Picture	cross	2971664	0	1	4226	1	0	4000	other	0
sub-04_1	24	Picture	60	2976890	5226	1	15226	1	5000	15000	other	0
sub-04_1	24	Pulse	255	2987646	15983	0
sub-04_1	24	Picture	cross	2992116	20452	1	30227	1	20000	30000	other	0
sub-04_1	24	Pulse	255	3007646	35983	0
sub-04_1	24	Nothing	65	3022116	50452	1			50000		other	0
sub-04_1	24	Pulse	255	3027646	55982	0
sub-04_1	24	Picture	response	3037342	65678	1	15226	1	65000	15000	hit	287
sub-04_1	24	Response	1	3043147	71483	1
sub-04_1	24	Pulse	255	3047647	75983	0
sub-04_1	24	Picture	blank2	3052568	80904	1	15226	1	80000	15000	other	0
sub-04_1	24	Pulse	255	3067647	95983	0
sub-04_1	25	Picture	cross	3067960	0	1	4226	1	0	4000	other	0
sub-04_1	25	Picture	21	3073186	5226	1	15226	1	5000	15000	other	0
sub-04_1	25	Pulse	255	3087646	19686	0
sub-04_1	25	Picture	cross	3088412	20452	1	30227	1	20000	30000	other	0
sub-04_1	25	Pulse	255	3107647	39687	0
sub-04_1	25	Nothing	90	3118412	50452	1			50000		other	0
sub-04_1	25	Pulse	255	3127647	59687	0
sub-04_1	25	Picture	response	3133638	65678	1	15226	1	65000	15000	hit	299
sub-04_1	25	Response	2	3138787	70827	1
sub-04_1	25	Pulse	255	3147647	79687	0
sub-04_1	25	Picture	blank2	3148864	80904	1	60226	1	80000	60000	other	0
sub-04_1	25	Pulse	255	3167646	99686	0
sub-04_1	25	Pulse	255	3187647	119687	0
sub-04_1	25	Pulse	255	3207647	139686	0
sub-04_1	26	Picture	cross	3209256	0	1	4226	1	0	4000	other	0
sub-04_1	26	Picture	41	3214482	5226	1	15226	1	5000	15000	other	0
sub-04_1	26	Pulse	255	3227647	18390	0
sub-04_1	26	Picture	cross	3229708	20452	1	30227	1	20000	30000	other	0
sub-04_1	26	Pulse	255	3247647	38391	0
sub-04_1	26	Nothing	90	3259708	50452	1			50000		other	0
sub-04_1	26	Pulse	255	3267647	58391	0
sub-04_1	26	Picture	response	3274934	65678	1	15226	1	65000	15000	hit	313
sub-04_1	26	Response	2	3280937	71681	1
sub-04_1	26	Pulse	255	3287647	78391	0
sub-04_1	26	Picture	blank2	3290160	80904	1	40226	1	80000	40000	other	0
sub-04_1	26	Pulse	255	3307647	98391	0
sub-04_1	26	Pulse	255	3327647	118391	0
sub-04_1	27	Picture	cross	3330552	0	1	4226	1	0	4000	other	0
sub-04_1	27	Picture	40	3335779	5226	1	15226	1	5000	15000	other	0
sub-04_1	27	Pulse	255	3347647	17094	0
sub-04_1	27	Picture	cross	3351004	20452	1	30227	1	20000	30000	other	0
sub-04_1	27	Pulse	255	3367647	37095	0
sub-04_1	27	Nothing	45	3381004	50452	1			50000		other	0
sub-04_1	27	Pulse	255	3387647	57095	0
sub-04_1	27	Picture	response	3396231	65678	1	15226	1	65000	15000	hit	326
sub-04_1	27	Response	2	3406337	75785	1
sub-04_1	27	Pulse	255	3407647	77095	0
sub-04_1	27	Picture	blank2	3411456	80904	1	15226	1	80000	15000	other	0
sub-04_1	28	Picture	cross	3426849	0	1	4226	1	0	4000	other	0
sub-04_1	28	Pulse	255	3427647	798	0
sub-04_1	28	Picture	21	3432075	5226	1	15226	1	5000	15000	other	0
sub-04_1	28	Picture	cross	3447301	20452	1	30227	1	20000	30000	other	0
sub-04_1	28	Pulse	255	3447647	20799	0
sub-04_1	28	Pulse	255	3467647	40799	0
sub-04_1	28	Nothing	90	3477301	50452	1			50000		other	0
sub-04_1	28	Pulse	255	3487647	60798	0
sub-04_1	28	Picture	response	3492527	65678	1	15226	1	65000	15000	hit	338
sub-04_1	28	Response	2	3500277	73429	1
sub-04_1	28	Pulse	255	3507648	80799	0
sub-04_1	28	Picture	blank2	3507752	80904	1	50226	1	80000	50000	other	0
sub-04_1	28	Pulse	255	3527647	100799	0
sub-04_1	28	Pulse	255	3547647	120798	0
sub-04_1	29	Picture	cross	3558145	0	1	4226	1	0	4000	other	0
sub-04_1	29	Picture	60	3563371	5226	1	15226	1	5000	15000	other	0
sub-04_1	29	Pulse	255	3567647	9502	0
sub-04_1	29	Picture	cross	3578597	20452	1	30227	1	20000	30000	other	0
sub-04_1	29	Pulse	255	3587648	29502	0
sub-04_1	29	Pulse	255	3607648	49502	0
sub-04_1	29	Nothing	65	3608597	50452	1			50000		other	0
sub-04_1	29	Picture	response	3623823	65678	1	15226	1	65000	15000	hit	352
sub-04_1	29	Pulse	255	3627647	69502	0
sub-04_1	29	Response	2	3632378	74233	1
sub-04_1	29	Picture	blank2	3639049	80904	1	10226	1	80000	10000	other	0
sub-04_1	29	Pulse	255	3647648	89503	0
sub-04_1	30	Picture	cross	3649441	0	1	4226	1	0	4000	other	0
sub-04_1	30	Picture	41	3654667	5226	1	15226	1	5000	15000	other	0
sub-04_1	30	Pulse	255	3667648	18206	0
sub-04_1	30	Picture	cross	3669893	20452	1	30227	1	20000	30000	other	0
sub-04_1	30	Pulse	255	3687648	38206	0
sub-04_1	30	Nothing	90	3699893	50452	1			50000		other	0
sub-04_1	30	Pulse	255	3707648	58206	0
sub-04_1	30	Picture	response	3715119	65678	1	15226	1	65000	15000	hit	363
sub-04_1	30	Response	2	3721938	72497	1
sub-04_1	30	Pulse	255	3727647	78206	0
sub-04_1	30	Picture	blank2	3730345	80904	1	30226	1	80000	30000	other	0
sub-04_1	30	Pulse	255	3747648	98206	0
sub-04_1	31	Picture	cross	3760738	0	1	4226	1	0	4000	other	0
sub-04_1	31	Picture	21	3765964	5226	1	15226	1	5000	15000	other	0
sub-04_1	31	Pulse	255	3767648	6910	0
sub-04_1	31	Picture	cross	3781190	20452	1	30227	1	20000	30000	other	0
sub-04_1	31	Pulse	255	3787648	26910	0
sub-04_1	31	Pulse	255	3807647	46910	0
sub-04_1	31	Nothing	90	3811190	50452	1			50000		other	0
sub-04_1	31	Picture	response	3826416	65678	1	15226	1	65000	15000	hit	376
sub-04_1	31	Pulse	255	3827648	66910	0
sub-04_1	31	Response	1	3833097	72360	1
sub-04_1	31	Picture	blank2	3841642	80904	1	60226	1	80000	60000	other	0
sub-04_1	31	Pulse	255	3847648	86910	0
sub-04_1	31	Pulse	255	3867647	106910	0
sub-04_1	31	Pulse	255	3887648	126910	0
sub-04_1	32	Picture	cross	3902034	0	1	4226	1	0	4000	other	0
sub-04_1	32	Picture	21	3907261	5227	1	15226	1	5000	15000	other	0
sub-04_1	32	Pulse	255	3907648	5614	0
sub-04_1	32	Picture	cross	3922487	20453	1	30227	1	20000	30000	other	0
sub-04_1	32	Pulse	255	3927648	25613	0
sub-04_1	32	Pulse	255	3947648	45613	0
sub-04_1	32	Nothing	90	3952487	50453	1			50000		other	0
sub-04_1	32	Pulse	255	3967648	65614	0
sub-04_1	32	Picture	response	3967713	65678	1	15226	1	65000	15000	hit	390
sub-04_1	32	Response	1	3972288	70254	1
sub-04_1	32	Picture	blank2	3982939	80904	1	30226	1	80000	30000	other	0
sub-04_1	32	Pulse	255	3987648	85614	0
sub-04_1	32	Pulse	255	4007648	105613	0
sub-04_1	33	Picture	cross	4013331	0	1	4226	1	0	4000	other	0
sub-04_1	33	Picture	21	4018391	5060	1	15226	1	5000	15000	other	0
sub-04_1	33	Pulse	255	4027648	14317	0
sub-04_1	33	Picture	cross	4033617	20286	1	30227	1	20000	30000	other	0
sub-04_1	33	Pulse	255	4047648	34317	0
sub-04_1	33	Nothing	90	4063617	50286	1			50000		other	0
sub-04_1	33	Pulse	255	4067648	54317	0
sub-04_1	33	Picture	response	4078843	65512	1	15226	1	65000	15000	hit	402
sub-04_1	33	Response	1	4084458	71127	1
sub-04_1	33	Pulse	255	4087648	74317	0
sub-04_1	33	Picture	blank2	4094069	80737	1	15226	1	80000	15000	other	0
sub-04_1	33	Pulse	255	4107638	94307	0
sub-04_1	34	Picture	cross	4109461	0	1	4226	1	0	4000	other	0
sub-04_1	34	Picture	40	4114687	5226	1	15226	1	5000	15000	other	0
sub-04_1	34	Pulse	255	4127638	18177	0
sub-04_1	34	Picture	cross	4129913	20452	1	30227	1	20000	30000	other	0
sub-04_1	34	Pulse	255	4147638	38177	0
sub-04_1	34	Nothing	45	4159913	50452	1			50000		other	0
sub-04_1	34	Pulse	255	4167638	58177	0
sub-04_1	34	Picture	response	4175139	65678	1	15226	1	65000	15000	hit	414
sub-04_1	34	Response	2	4184478	75017	1
sub-04_1	34	Pulse	255	4187638	78177	0
sub-04_1	34	Picture	blank2	4190365	80904	1	55226	1	80000	55000	other	0
sub-04_1	34	Pulse	255	4207639	98177	0
sub-04_1	34	Pulse	255	4227638	118177	0
sub-04_1	35	Picture	cross	4245758	0	1	4226	1	0	4000	other	0
sub-04_1	35	Pulse	255	4247638	1880	0
sub-04_1	35	Picture	40	4250984	5226	1	15226	1	5000	15000	other	0
sub-04_1	35	Picture	cross	4266210	20452	1	30227	1	20000	30000	other	0
sub-04_1	35	Pulse	255	4267639	21881	0
sub-04_1	35	Pulse	255	4287638	41880	0
sub-04_1	35	Nothing	45	4296210	50452	1			50000		other	0
sub-04_1	35	Pulse	255	4307639	61881	0
sub-04_1	35	Picture	response	4311436	65678	1	15226	1	65000	15000	hit	428
sub-04_1	35	Response	1	4318318	72560	1
sub-04_1	35	Picture	blank2	4326662	80904	1	40226	1	80000	40000	other	0
sub-04_1	35	Pulse	255	4327639	81881	0
sub-04_1	35	Pulse	255	4347638	101880	0
sub-04_1	36	Picture	cross	4367054	0	1	4226	1	0	4000	other	0
sub-04_1	36	Pulse	255	4367638	584	0
sub-04_1	36	Picture	60	4372280	5226	1	15226	1	5000	15000	other	0
sub-04_1	36	Picture	cross	4387506	20452	1	30227	1	20000	30000	other	0
sub-04_1	36	Pulse	255	4387639	20585	0
sub-04_1	36	Pulse	255	4407639	40585	0
sub-04_1	36	Nothing	65	4417506	50452	1			50000		other	0
sub-04_1	36	Pulse	255	4427639	60584	0
sub-04_1	36	Picture	response	4432732	65678	1	15226	1	65000	15000	hit	441
sub-04_1	36	Response	2	4441629	74575	1
sub-04_1	36	Pulse	255	4447639	80585	0
sub-04_1	36	Picture	blank2	4447958	80904	1	40226	1	80000	40000	other	0
sub-04_1	36	Pulse	255	4467639	100585	0
sub-04_1	36	Pulse	255	4487639	120585	0
sub-04_1	37	Picture	cross	4488351	0	1	4226	1	0	4000	other	0
sub-04_1	37	Picture	41	4493577	5226	1	15226	1	5000	15000	other	0
sub-04_1	37	Pulse	255	4507639	19288	0
sub-04_1	37	Picture	cross	4508803	20453	1	30227	1	20000	30000	other	0
sub-04_1	37	Pulse	255	4527639	39288	0
sub-04_1	37	Nothing	90	4538803	50453	1			50000		other	0
sub-04_1	37	Pulse	255	4547639	59288	0
sub-04_1	37	Picture	response	4554029	65678	1	15226	1	65000	15000	hit	454
sub-04_1	37	Response	2	4559449	71098	1
sub-04_1	37	Pulse	255	4567639	79289	0
sub-04_1	37	Picture	blank2	4569255	80904	1	15226	1	80000	15000	other	0
