Scenario - loca_mveb_bis
Logfile written - 04/16/2019 14:10:16

Subject	Trial	Event Type	Code	Time	TTime	Uncertainty	Duration	Uncertainty	ReqTime	ReqDur	Stim Type	Pair Index

sub-15_2	0	Pulse	255	693464	693464	0
sub-15_2	1	Picture	p_startup	693693	0	1	100226	1	0	100000	other	0
sub-15_2	1	Pulse	255	713465	19772	0
sub-15_2	1	Pulse	255	733465	39772	0
sub-15_2	1	Pulse	255	753465	59772	0
sub-15_2	1	Pulse	255	773465	79772	0
sub-15_2	1	Pulse	255	793465	99772	0
sub-15_2	2	Picture	cross	794086	0	1	4226	1	0	4000	other	0
sub-15_2	2	Picture	20	799312	5226	1	15226	1	5000	15000	other	0
sub-15_2	2	Pulse	255	813465	19379	0
sub-15_2	2	Picture	cross	814538	20452	1	30227	1	20000	30000	other	0
sub-15_2	2	Pulse	255	833465	39380	0
sub-15_2	2	Nothing	25	844538	50452	1			50000		other	0
sub-15_2	2	Pulse	255	853465	59380	0
sub-15_2	2	Picture	response	859764	65678	1	15226	1	65000	15000	miss	0
sub-15_2	2	Pulse	255	873465	79379	0
sub-15_2	2	Picture	blank2	874990	80904	1	20226	1	80000	20000	other	0
sub-15_2	2	Pulse	255	893465	99380	0
sub-15_2	3	Picture	cross	895382	0	1	4226	1	0	4000	other	0
sub-15_2	3	Picture	40	900609	5226	1	15226	1	5000	15000	other	0
sub-15_2	3	Pulse	255	913465	18083	0
sub-15_2	3	Picture	cross	915835	20453	1	30227	1	20000	30000	other	0
sub-15_2	3	Pulse	255	933465	38083	0
sub-15_2	3	Nothing	45	945835	50453	1			50000		other	0
sub-15_2	3	Pulse	255	953466	58083	0
sub-15_2	3	Picture	response	961061	65678	1	15226	1	65000	15000	miss	0
sub-15_2	3	Pulse	255	973465	78083	0
sub-15_2	3	Picture	blank2	976287	80904	1	15268	1	80000	15000	other	0
sub-15_2	4	Picture	cross	991721	0	1	4226	1	0	4000	other	0
sub-15_2	4	Pulse	255	993466	1744	0
sub-15_2	4	Picture	20	996781	5060	1	15226	1	5000	15000	other	0
sub-15_2	4	Picture	cross	1012007	20286	1	30227	1	20000	30000	other	0
sub-15_2	4	Pulse	255	1013466	21744	0
sub-15_2	4	Pulse	255	1033466	41745	0
sub-15_2	4	Nothing	25	1042007	50286	1			50000		other	0
sub-15_2	4	Pulse	255	1053466	61745	0
sub-15_2	4	Picture	response	1057233	65512	1	15226	1	65000	15000	miss	0
sub-15_2	4	Picture	blank2	1072459	80738	1	20226	1	80000	20000	other	0
sub-15_2	4	Pulse	255	1073466	81744	0
sub-15_2	5	Picture	cross	1092852	0	1	4227	1	0	4000	other	0
sub-15_2	5	Pulse	255	1093466	614	0
sub-15_2	5	Picture	40	1097912	5060	1	15226	1	5000	15000	other	0
sub-15_2	5	Picture	cross	1113138	20286	1	30227	1	20000	30000	other	0
sub-15_2	5	Pulse	255	1113466	20614	0
sub-15_2	5	Pulse	255	1133466	40614	0
sub-15_2	5	Nothing	45	1143138	50286	1			50000		other	0
sub-15_2	5	Pulse	255	1153466	60614	0
sub-15_2	5	Picture	response	1158365	65513	1	15226	1	65000	15000	miss	0
sub-15_2	5	Pulse	255	1173466	80614	0
sub-15_2	5	Picture	blank2	1173590	80738	1	30226	1	80000	30000	other	0
sub-15_2	5	Pulse	255	1193467	100615	0
sub-15_2	6	Picture	cross	1203983	0	1	4226	1	0	4000	other	0
sub-15_2	6	Picture	61	1209210	5227	1	15226	1	5000	15000	other	0
sub-15_2	6	Pulse	255	1213466	9483	0
sub-15_2	6	Picture	cross	1224436	20453	1	30227	1	20000	30000	other	0
sub-15_2	6	Pulse	255	1233467	29484	0
sub-15_2	6	Pulse	255	1253467	49484	0
sub-15_2	6	Nothing	90	1254436	50453	1			50000		other	0
sub-15_2	6	Picture	response	1269662	65679	1	15226	1	65000	15000	miss	0
sub-15_2	6	Pulse	255	1273467	69484	0
sub-15_2	6	Picture	blank2	1284888	80904	1	40226	1	80000	40000	other	0
sub-15_2	6	Pulse	255	1293467	89484	0
sub-15_2	6	Pulse	255	1313467	109484	0
sub-15_2	7	Picture	cross	1325280	0	1	4226	1	0	4000	other	0
sub-15_2	7	Picture	40	1330506	5226	1	15226	1	5000	15000	other	0
sub-15_2	7	Pulse	255	1333467	8187	0
sub-15_2	7	Picture	cross	1345732	20452	1	30227	1	20000	30000	other	0
sub-15_2	7	Pulse	255	1353467	28187	0
sub-15_2	7	Pulse	255	1373467	48187	0
sub-15_2	7	Nothing	45	1375732	50452	1			50000		other	0
sub-15_2	7	Picture	response	1390958	65678	1	15226	1	65000	15000	miss	0
sub-15_2	7	Pulse	255	1393457	68177	0
sub-15_2	7	Picture	blank2	1406184	80904	1	40226	1	80000	40000	other	0
sub-15_2	7	Pulse	255	1413457	88177	0
sub-15_2	7	Pulse	255	1433457	108177	0
sub-15_2	8	Picture	cross	1446576	0	1	4226	1	0	4000	other	0
sub-15_2	8	Picture	20	1451803	5227	1	15226	1	5000	15000	other	0
sub-15_2	8	Pulse	255	1453457	6881	0
sub-15_2	8	Picture	cross	1467029	20453	1	30227	1	20000	30000	other	0
sub-15_2	8	Pulse	255	1473458	26882	0
sub-15_2	8	Pulse	255	1493458	46881	0
sub-15_2	8	Nothing	25	1497029	50453	1			50000		other	0
sub-15_2	8	Picture	response	1512255	65678	1	15226	1	65000	15000	miss	0
sub-15_2	8	Pulse	255	1513458	66881	0
sub-15_2	8	Picture	blank2	1527481	80904	1	35226	1	80000	35000	other	0
sub-15_2	8	Pulse	255	1533458	86882	0
sub-15_2	8	Pulse	255	1553458	106882	0
sub-15_2	9	Picture	cross	1562873	0	1	4226	1	0	4000	other	0
sub-15_2	9	Picture	41	1568100	5226	1	15226	1	5000	15000	other	0
sub-15_2	9	Pulse	255	1573458	10584	0
sub-15_2	9	Picture	cross	1583325	20452	1	30227	1	20000	30000	other	0
sub-15_2	9	Pulse	255	1593458	30585	0
sub-15_2	9	Nothing	90	1613325	50452	1			50000		other	0
sub-15_2	9	Pulse	255	1613458	50585	0
sub-15_2	9	Picture	response	1628551	65678	1	15226	1	65000	15000	miss	0
sub-15_2	9	Pulse	255	1633458	70585	0
sub-15_2	9	Picture	blank2	1643777	80904	1	30226	1	80000	30000	other	0
sub-15_2	9	Pulse	255	1653458	90585	0
sub-15_2	9	Pulse	255	1673459	110585	0
sub-15_2	10	Picture	cross	1674170	0	1	4226	1	0	4000	other	0
sub-15_2	10	Picture	20	1679396	5226	1	15226	1	5000	15000	other	0
sub-15_2	10	Pulse	255	1693459	19289	0
sub-15_2	10	Picture	cross	1694622	20452	1	30227	1	20000	30000	other	0
sub-15_2	10	Pulse	255	1713458	39289	0
sub-15_2	10	Nothing	25	1724622	50452	1			50000		other	0
sub-15_2	10	Pulse	255	1733459	59289	0
sub-15_2	10	Picture	response	1739848	65678	1	15226	1	65000	15000	miss	0
sub-15_2	10	Pulse	255	1753459	79289	0
sub-15_2	10	Picture	blank2	1755074	80904	1	10226	1	80000	10000	other	0
sub-15_2	11	Picture	cross	1765467	0	1	4226	1	0	4000	other	0
sub-15_2	11	Picture	21	1770693	5227	1	15226	1	5000	15000	other	0
sub-15_2	11	Pulse	255	1773459	7992	0
sub-15_2	11	Picture	cross	1785919	20452	1	30227	1	20000	30000	other	0
sub-15_2	11	Pulse	255	1793459	27992	0
sub-15_2	11	Pulse	255	1813459	47992	0
sub-15_2	11	Nothing	90	1815919	50452	1			50000		other	0
sub-15_2	11	Picture	response	1831145	65678	1	15226	1	65000	15000	miss	0
sub-15_2	11	Pulse	255	1833459	67993	0
sub-15_2	11	Picture	blank2	1846371	80904	1	20226	1	80000	20000	other	0
sub-15_2	11	Pulse	255	1853459	87992	0
sub-15_2	12	Picture	cross	1866763	0	1	4226	1	0	4000	other	0
sub-15_2	12	Picture	41	1871990	5226	1	15226	1	5000	15000	other	0
sub-15_2	12	Pulse	255	1873459	6695	0
sub-15_2	12	Picture	cross	1887216	20452	1	30227	1	20000	30000	other	0
sub-15_2	12	Pulse	255	1893459	26696	0
sub-15_2	12	Pulse	255	1913459	46696	0
sub-15_2	12	Nothing	90	1917216	50452	1			50000		other	0
sub-15_2	12	Picture	response	1932442	65678	1	15226	1	65000	15000	miss	0
sub-15_2	12	Pulse	255	1933459	66696	0
sub-15_2	12	Picture	blank2	1947667	80904	1	20226	1	80000	20000	other	0
sub-15_2	12	Pulse	255	1953460	86696	0
sub-15_2	13	Picture	cross	1968060	0	1	4226	1	0	4000	other	0
sub-15_2	13	Picture	21	1973120	5059	1	15226	1	5000	15000	other	0
sub-15_2	13	Pulse	255	1973460	5400	0
sub-15_2	13	Picture	cross	1988345	20285	1	30227	1	20000	30000	other	0
sub-15_2	13	Pulse	255	1993460	25400	0
sub-15_2	13	Pulse	255	2013460	45400	0
sub-15_2	13	Nothing	90	2018345	50285	1			50000		other	0
sub-15_2	13	Pulse	255	2033460	65400	0
sub-15_2	13	Picture	response	2033571	65511	1	15182	1	65000	15000	miss	0
sub-15_2	13	Picture	blank2	2048754	80694	1	15226	1	80000	15000	other	0
sub-15_2	13	Pulse	255	2053460	85400	0
sub-15_2	14	Picture	cross	2064146	0	1	4227	1	0	4000	other	0
sub-15_2	14	Picture	61	2069206	5060	1	15226	1	5000	15000	other	0
sub-15_2	14	Pulse	255	2073460	9314	0
sub-15_2	14	Picture	cross	2084432	20286	1	30227	1	20000	30000	other	0
sub-15_2	14	Pulse	255	2093460	29314	0
sub-15_2	14	Pulse	255	2113460	49314	0
sub-15_2	14	Nothing	90	2114432	50286	1			50000		other	0
sub-15_2	14	Picture	response	2129658	65512	1	15226	1	65000	15000	miss	0
sub-15_2	14	Pulse	255	2133460	69314	0
sub-15_2	14	Picture	blank2	2144884	80738	1	50226	1	80000	50000	other	0
sub-15_2	14	Pulse	255	2153460	89314	0
sub-15_2	14	Pulse	255	2173461	109314	0
sub-15_2	14	Pulse	255	2193461	129315	0
sub-15_2	15	Picture	cross	2195277	0	1	4226	1	0	4000	other	0
sub-15_2	15	Picture	21	2200503	5226	1	15226	1	5000	15000	other	0
sub-15_2	15	Pulse	255	2213460	18184	0
sub-15_2	15	Picture	cross	2215729	20452	1	30227	1	20000	30000	other	0
sub-15_2	15	Pulse	255	2233461	38184	0
sub-15_2	15	Nothing	90	2245729	50452	1			50000		other	0
sub-15_2	15	Pulse	255	2253460	58183	0
sub-15_2	15	Picture	response	2260955	65679	1	15226	1	65000	15000	miss	0
sub-15_2	15	Pulse	255	2273461	78184	0
sub-15_2	15	Picture	blank2	2276181	80904	1	30226	1	80000	30000	other	0
sub-15_2	15	Pulse	255	2293460	98184	0
sub-15_2	16	Picture	cross	2306574	0	1	4226	1	0	4000	other	0
sub-15_2	16	Picture	60	2311800	5226	1	15226	1	5000	15000	other	0
sub-15_2	16	Pulse	255	2313461	6887	0
sub-15_2	16	Picture	cross	2327026	20452	1	30227	1	20000	30000	other	0
sub-15_2	16	Pulse	255	2333461	26887	0
sub-15_2	16	Pulse	255	2353461	46887	0
sub-15_2	16	Nothing	65	2357026	50452	1			50000		other	0
sub-15_2	16	Picture	response	2372252	65678	1	15226	1	65000	15000	miss	0
sub-15_2	16	Pulse	255	2373461	66887	0
sub-15_2	16	Picture	blank2	2387478	80904	1	20227	1	80000	20000	other	0
sub-15_2	16	Pulse	255	2393461	86887	0
sub-15_2	17	Picture	cross	2407872	0	1	4226	1	0	4000	other	0
sub-15_2	17	Picture	41	2413098	5226	1	15226	1	5000	15000	other	0
sub-15_2	17	Pulse	255	2413461	5590	0
sub-15_2	17	Picture	cross	2428324	20452	1	30227	1	20000	30000	other	0
sub-15_2	17	Pulse	255	2433461	25590	0
sub-15_2	17	Pulse	255	2453462	45590	0
sub-15_2	17	Nothing	90	2458324	50452	1			50000		other	0
sub-15_2	17	Pulse	255	2473462	65590	0
sub-15_2	17	Picture	response	2473550	65678	1	15226	1	65000	15000	miss	0
sub-15_2	17	Picture	blank2	2488776	80904	1	30226	1	80000	30000	other	0
sub-15_2	17	Pulse	255	2493462	85590	0
sub-15_2	17	Pulse	255	2513462	105590	0
sub-15_2	18	Picture	cross	2519168	0	1	4226	1	0	4000	other	0
sub-15_2	18	Picture	61	2524395	5226	1	15227	1	5000	15000	other	0
sub-15_2	18	Pulse	255	2533462	14293	0
sub-15_2	18	Picture	cross	2539622	20453	1	30227	1	20000	30000	other	0
sub-15_2	18	Pulse	255	2553462	34294	0
sub-15_2	18	Nothing	90	2569622	50453	1			50000		other	0
sub-15_2	18	Pulse	255	2573462	54294	0
sub-15_2	18	Picture	response	2584848	65679	1	15226	1	65000	15000	miss	0
sub-15_2	18	Pulse	255	2593462	74294	0
sub-15_2	18	Picture	blank2	2600074	80905	1	15226	1	80000	15000	other	0
sub-15_2	18	Pulse	255	2613463	94294	0
sub-15_2	19	Picture	cross	2615466	0	1	4226	1	0	4000	other	0
sub-15_2	19	Picture	60	2620692	5226	1	15226	1	5000	15000	other	0
sub-15_2	19	Pulse	255	2633462	17996	0
sub-15_2	19	Picture	cross	2635918	20452	1	30227	1	20000	30000	other	0
sub-15_2	19	Pulse	255	2653462	37996	0
sub-15_2	19	Nothing	65	2665918	50452	1			50000		other	0
sub-15_2	19	Pulse	255	2673463	57997	0
sub-15_2	19	Picture	response	2681144	65678	1	15226	1	65000	15000	miss	0
sub-15_2	19	Pulse	255	2693462	77996	0
sub-15_2	19	Picture	blank2	2696371	80905	1	15226	1	80000	15000	other	0
sub-15_2	20	Picture	cross	2711763	0	1	4226	1	0	4000	other	0
sub-15_2	20	Pulse	255	2713463	1700	0
sub-15_2	20	Picture	21	2716990	5227	1	15226	1	5000	15000	other	0
sub-15_2	20	Picture	cross	2732216	20453	1	30227	1	20000	30000	other	0
sub-15_2	20	Pulse	255	2733463	21699	0
sub-15_2	20	Pulse	255	2753463	41700	0
sub-15_2	20	Nothing	90	2762216	50453	1			50000		other	0
sub-15_2	20	Pulse	255	2773463	61700	0
sub-15_2	20	Picture	response	2777442	65679	1	15226	1	65000	15000	miss	0
sub-15_2	20	Picture	blank2	2792668	80905	1	20226	1	80000	20000	other	0
sub-15_2	20	Pulse	255	2793463	81700	0
sub-15_2	21	Picture	cross	2813060	0	1	4226	1	0	4000	other	0
sub-15_2	21	Pulse	255	2813463	403	0
sub-15_2	21	Picture	61	2818120	5060	1	15226	1	5000	15000	other	0
sub-15_2	21	Picture	cross	2833346	20286	1	30227	1	20000	30000	other	0
sub-15_2	21	Pulse	255	2833463	20403	0
sub-15_2	21	Pulse	255	2853463	40403	0
sub-15_2	21	Nothing	90	2863346	50286	1			50000		other	0
sub-15_2	21	Pulse	255	2873463	60403	0
sub-15_2	21	Picture	response	2878572	65512	1	15226	1	65000	15000	miss	0
sub-15_2	21	Pulse	255	2893453	80393	0
sub-15_2	21	Picture	blank2	2893798	80737	1	15226	1	80000	15000	other	0
sub-15_2	22	Picture	cross	2909190	0	1	4227	1	0	4000	other	0
sub-15_2	22	Pulse	255	2913453	4263	0
sub-15_2	22	Picture	40	2914417	5227	1	15226	1	5000	15000	other	0
sub-15_2	22	Picture	cross	2929643	20453	1	30227	1	20000	30000	other	0
sub-15_2	22	Pulse	255	2933454	24264	0
sub-15_2	22	Pulse	255	2953453	44263	0
sub-15_2	22	Nothing	45	2959643	50453	1			50000		other	0
sub-15_2	22	Pulse	255	2973454	64263	0
sub-15_2	22	Picture	response	2974869	65679	1	15226	1	65000	15000	miss	0
sub-15_2	22	Picture	blank2	2990095	80905	1	15226	1	80000	15000	other	0
sub-15_2	22	Pulse	255	2993454	84263	0
sub-15_2	23	Picture	cross	3005488	0	1	4226	1	0	4000	other	0
sub-15_2	23	Picture	60	3010714	5227	1	15226	1	5000	15000	other	0
sub-15_2	23	Pulse	255	3013454	7966	0
sub-15_2	23	Picture	cross	3025940	20453	1	30227	1	20000	30000	other	0
sub-15_2	23	Pulse	255	3033454	27966	0
sub-15_2	23	Pulse	255	3053454	47966	0
sub-15_2	23	Nothing	65	3055940	50453	1			50000		other	0
sub-15_2	23	Picture	response	3071167	65679	1	15226	1	65000	15000	miss	0
sub-15_2	23	Pulse	255	3073454	67966	0
sub-15_2	23	Picture	blank2	3086392	80905	1	10226	1	80000	10000	other	0
sub-15_2	23	Pulse	255	3093454	87967	0
sub-15_2	24	Picture	cross	3096785	0	1	4226	1	0	4000	other	0
sub-15_2	24	Picture	61	3102011	5226	1	15226	1	5000	15000	other	0
sub-15_2	24	Pulse	255	3113454	16669	0
sub-15_2	24	Picture	cross	3117237	20452	1	30227	1	20000	30000	other	0
sub-15_2	24	Pulse	255	3133454	36669	0
sub-15_2	24	Nothing	90	3147237	50452	1			50000		other	0
sub-15_2	24	Pulse	255	3153454	56669	0
sub-15_2	24	Picture	response	3162463	65678	1	15226	1	65000	15000	miss	0
sub-15_2	24	Pulse	255	3173454	76669	0
sub-15_2	24	Picture	blank2	3177689	80904	1	30226	1	80000	30000	other	0
sub-15_2	24	Pulse	255	3193455	96670	0
sub-15_2	25	Picture	cross	3208082	0	1	4226	1	0	4000	other	0
sub-15_2	25	Picture	60	3213308	5226	1	15226	1	5000	15000	other	0
sub-15_2	25	Pulse	255	3213455	5373	0
sub-15_2	25	Picture	cross	3228534	20452	1	30227	1	20000	30000	other	0
sub-15_2	25	Pulse	255	3233455	25373	0
sub-15_2	25	Pulse	255	3253455	45373	0
sub-15_2	25	Nothing	65	3258534	50452	1			50000		other	0
sub-15_2	25	Pulse	255	3273455	65373	0
sub-15_2	25	Picture	response	3273760	65678	1	15226	1	65000	15000	miss	0
sub-15_2	25	Picture	blank2	3288986	80904	1	20226	1	80000	20000	other	0
sub-15_2	25	Pulse	255	3293455	85374	0
sub-15_2	26	Picture	cross	3309378	0	1	4226	1	0	4000	other	0
sub-15_2	26	Pulse	255	3313455	4077	0
sub-15_2	26	Picture	40	3314605	5227	1	15226	1	5000	15000	other	0
sub-15_2	26	Picture	cross	3329831	20452	1	30227	1	20000	30000	other	0
sub-15_2	26	Pulse	255	3333455	24077	0
sub-15_2	26	Pulse	255	3353455	44077	0
sub-15_2	26	Nothing	45	3359831	50452	1			50000		other	0
sub-15_2	26	Pulse	255	3373455	64077	0
sub-15_2	26	Picture	response	3375057	65678	1	15226	1	65000	15000	miss	0
sub-15_2	26	Picture	blank2	3390283	80904	1	20226	1	80000	20000	other	0
sub-15_2	26	Pulse	255	3393455	84077	0
sub-15_2	27	Picture	cross	3410675	0	1	4226	1	0	4000	other	0
sub-15_2	27	Pulse	255	3413456	2780	0
sub-15_2	27	Picture	21	3415902	5227	1	15226	1	5000	15000	other	0
sub-15_2	27	Picture	cross	3431128	20453	1	30227	1	20000	30000	other	0
sub-15_2	27	Pulse	255	3433455	22780	0
sub-15_2	27	Pulse	255	3453456	42780	0
sub-15_2	27	Nothing	90	3461128	50453	1			50000		other	0
sub-15_2	27	Pulse	255	3473460	62785	0
sub-15_2	27	Picture	response	3476354	65679	1	15226	1	65000	15000	miss	0
sub-15_2	27	Picture	blank2	3491580	80904	1	40226	1	80000	40000	other	0
sub-15_2	27	Pulse	255	3493457	82781	0
sub-15_2	27	Pulse	255	3513456	102781	0
sub-15_2	28	Picture	cross	3531972	0	1	4226	1	0	4000	other	0
sub-15_2	28	Pulse	255	3533456	1483	0
sub-15_2	28	Picture	61	3537199	5226	1	15226	1	5000	15000	other	0
sub-15_2	28	Picture	cross	3552425	20452	1	30227	1	20000	30000	other	0
sub-15_2	28	Pulse	255	3553456	21483	0
sub-15_2	28	Pulse	255	3573456	41484	0
sub-15_2	28	Nothing	90	3582425	50452	1			50000		other	0
sub-15_2	28	Pulse	255	3593456	61484	0
sub-15_2	28	Picture	response	3597651	65678	1	15226	1	65000	15000	miss	0
sub-15_2	28	Picture	blank2	3612876	80904	1	30226	1	80000	30000	other	0
sub-15_2	28	Pulse	255	3613456	81484	0
sub-15_2	28	Pulse	255	3633456	101484	0
sub-15_2	29	Picture	cross	3643269	0	1	4226	1	0	4000	other	0
sub-15_2	29	Picture	40	3648495	5226	1	15226	1	5000	15000	other	0
sub-15_2	29	Pulse	255	3653456	10187	0
sub-15_2	29	Picture	cross	3663721	20452	1	30227	1	20000	30000	other	0
sub-15_2	29	Pulse	255	3673456	30187	0
sub-15_2	29	Pulse	255	3693457	50188	0
sub-15_2	29	Nothing	45	3693721	50452	1			50000		other	0
sub-15_2	29	Picture	response	3708947	65678	1	15226	1	65000	15000	miss	0
sub-15_2	29	Pulse	255	3713457	70188	0
sub-15_2	29	Picture	blank2	3724173	80904	1	40226	1	80000	40000	other	0
sub-15_2	29	Pulse	255	3733457	90188	0
sub-15_2	29	Pulse	255	3753457	110188	0
sub-15_2	30	Picture	cross	3764566	0	1	4226	1	0	4000	other	0
sub-15_2	30	Picture	21	3769792	5226	1	15226	1	5000	15000	other	0
sub-15_2	30	Pulse	255	3773457	8891	0
sub-15_2	30	Picture	cross	3785018	20452	1	30227	1	20000	30000	other	0
sub-15_2	30	Pulse	255	3793457	28891	0
sub-15_2	30	Pulse	255	3813457	48892	0
sub-15_2	30	Nothing	90	3815018	50452	1			50000		other	0
sub-15_2	30	Picture	response	3830243	65678	1	15226	1	65000	15000	miss	0
sub-15_2	30	Pulse	255	3833457	68891	0
sub-15_2	30	Picture	blank2	3845469	80904	1	15226	1	80000	15000	other	0
sub-15_2	30	Pulse	255	3853457	88892	0
sub-15_2	31	Picture	cross	3860862	0	1	4226	1	0	4000	other	0
sub-15_2	31	Picture	41	3865921	5060	1	15226	1	5000	15000	other	0
sub-15_2	31	Pulse	255	3873458	12596	0
sub-15_2	31	Picture	cross	3881147	20285	1	30227	1	20000	30000	other	0
sub-15_2	31	Pulse	255	3893457	32595	0
sub-15_2	31	Nothing	90	3911147	50285	1			50000		other	0
sub-15_2	31	Pulse	255	3913458	52596	0
sub-15_2	31	Picture	response	3926373	65511	1	15226	1	65000	15000	miss	0
sub-15_2	31	Pulse	255	3933457	72595	0
sub-15_2	31	Picture	blank2	3941599	80737	1	20226	1	80000	20000	other	0
sub-15_2	31	Pulse	255	3953458	92596	0
sub-15_2	32	Picture	cross	3961992	0	1	4226	1	0	4000	other	0
sub-15_2	32	Picture	41	3967218	5226	1	15226	1	5000	15000	other	0
sub-15_2	32	Pulse	255	3973458	11466	0
sub-15_2	32	Picture	cross	3982444	20452	1	30227	1	20000	30000	other	0
sub-15_2	32	Pulse	255	3993458	31466	0
sub-15_2	32	Nothing	90	4012444	50452	1			50000		other	0
sub-15_2	32	Pulse	255	4013458	51466	0
sub-15_2	32	Picture	response	4027670	65678	1	15226	1	65000	15000	miss	0
sub-15_2	32	Pulse	255	4033458	71466	0
sub-15_2	32	Picture	blank2	4042896	80904	1	15226	1	80000	15000	other	0
sub-15_2	32	Pulse	255	4053458	91466	0
sub-15_2	33	Picture	cross	4058289	0	1	4226	1	0	4000	other	0
sub-15_2	33	Picture	41	4063515	5226	1	15226	1	5000	15000	other	0
sub-15_2	33	Pulse	255	4073458	15169	0
sub-15_2	33	Picture	cross	4078741	20452	1	30227	1	20000	30000	other	0
sub-15_2	33	Pulse	255	4093458	35169	0
sub-15_2	33	Nothing	90	4108741	50452	1			50000		other	0
sub-15_2	33	Pulse	255	4113458	55169	0
sub-15_2	33	Picture	response	4123967	65678	1	15226	1	65000	15000	miss	0
sub-15_2	33	Pulse	255	4133458	75170	0
sub-15_2	33	Picture	blank2	4139193	80904	1	35226	1	80000	35000	other	0
sub-15_2	33	Pulse	255	4153458	95170	0
sub-15_2	33	Pulse	255	4173458	115170	0
sub-15_2	34	Picture	cross	4174585	0	1	4227	1	0	4000	other	0
sub-15_2	34	Picture	60	4179812	5227	1	15226	1	5000	15000	other	0
sub-15_2	34	Pulse	255	4193459	18874	0
sub-15_2	34	Picture	cross	4195038	20453	1	30227	1	20000	30000	other	0
sub-15_2	34	Pulse	255	4213459	38874	0
sub-15_2	34	Nothing	65	4225038	50453	1			50000		other	0
sub-15_2	34	Pulse	255	4233459	58874	0
sub-15_2	34	Picture	response	4240264	65679	1	15226	1	65000	15000	miss	0
sub-15_2	34	Pulse	255	4253459	78874	0
sub-15_2	34	Picture	blank2	4255489	80904	1	20226	1	80000	20000	other	0
sub-15_2	34	Pulse	255	4273459	98874	0
sub-15_2	35	Picture	cross	4275882	0	1	4226	1	0	4000	other	0
sub-15_2	35	Picture	21	4281108	5226	1	15226	1	5000	15000	other	0
sub-15_2	35	Pulse	255	4293459	17577	0
sub-15_2	35	Picture	cross	4296334	20452	1	30227	1	20000	30000	other	0
sub-15_2	35	Pulse	255	4313459	37577	0
sub-15_2	35	Nothing	90	4326334	50452	1			50000		other	0
sub-15_2	35	Pulse	255	4333459	57577	0
sub-15_2	35	Picture	response	4341560	65678	1	15226	1	65000	15000	miss	0
sub-15_2	35	Pulse	255	4353459	77577	0
sub-15_2	35	Picture	blank2	4356786	80904	1	15226	1	80000	15000	other	0
sub-15_2	36	Picture	cross	4372179	0	1	4226	1	0	4000	other	0
sub-15_2	36	Pulse	255	4373460	1281	0
sub-15_2	36	Picture	20	4377405	5227	1	15226	1	5000	15000	other	0
sub-15_2	36	Picture	cross	4392631	20452	1	30227	1	20000	30000	other	0
sub-15_2	36	Pulse	255	4393459	21281	0
sub-15_2	36	Pulse	255	4413449	41271	0
sub-15_2	36	Nothing	25	4422631	50452	1			50000		other	0
sub-15_2	36	Pulse	255	4433449	61271	0
sub-15_2	36	Picture	response	4437857	65679	1	15226	1	65000	15000	miss	0
sub-15_2	36	Picture	blank2	4453083	80905	1	20226	1	80000	20000	other	0
sub-15_2	36	Pulse	255	4453450	81271	0
sub-15_2	36	Pulse	255	4473450	101271	0
sub-15_2	37	Picture	cross	4473476	0	1	4227	1	0	4000	other	0
sub-15_2	37	Picture	61	4478703	5227	1	15226	1	5000	15000	other	0
sub-15_2	37	Pulse	255	4493450	19974	0
sub-15_2	37	Picture	cross	4493929	20453	1	30227	1	20000	30000	other	0
sub-15_2	37	Pulse	255	4513450	39974	0
sub-15_2	37	Nothing	90	4523929	50453	1			50000		other	0
sub-15_2	37	Pulse	255	4533450	59974	0
sub-15_2	37	Picture	response	4539155	65679	1	15226	1	65000	15000	miss	0
sub-15_2	37	Pulse	255	4553450	79974	0
sub-15_2	37	Picture	blank2	4554381	80905	1	40226	1	80000	40000	other	0
sub-15_2	37	Pulse	255	4573450	99974	0
sub-15_2	37	Pulse	255	4593450	119974	0
