Scenario - loca_mveb_bis
Logfile written - 06/12/2018 10:55:33

Subject	Trial	Event Type	Code	Time	TTime	Uncertainty	Duration	Uncertainty	ReqTime	ReqDur	Stim Type	Pair Index

sub-12_2	0	Pulse	255	711474	711474	0
sub-12_2	1	Picture	p_startup	711702	0	1	100226	1	0	100000	other	0
sub-12_2	1	Pulse	255	731474	19772	0
sub-12_2	1	Pulse	255	751475	39773	0
sub-12_2	1	Pulse	255	771474	59772	0
sub-12_2	1	Pulse	255	791475	79773	0
sub-12_2	1	Pulse	255	811475	99772	0
sub-12_2	2	Picture	cross	812095	0	1	4226	1	0	4000	other	0
sub-12_2	2	Picture	20	817321	5226	1	15226	1	5000	15000	other	0
sub-12_2	2	Pulse	255	831475	19380	0
sub-12_2	2	Picture	cross	832547	20452	1	30227	1	20000	30000	other	0
sub-12_2	2	Pulse	255	851474	39380	0
sub-12_2	2	Nothing	25	862547	50452	1			50000		other	0
sub-12_2	2	Pulse	255	871475	59380	0
sub-12_2	2	Picture	response	877773	65678	1	15226	1	65000	15000	miss	0
sub-12_2	2	Pulse	255	891475	79380	0
sub-12_2	2	Picture	blank2	892998	80904	1	20226	1	80000	20000	other	0
sub-12_2	2	Pulse	255	911475	99380	0
sub-12_2	3	Picture	cross	913391	0	1	4226	1	0	4000	other	0
sub-12_2	3	Picture	40	918617	5226	1	15226	1	5000	15000	other	0
sub-12_2	3	Pulse	255	931475	18084	0
sub-12_2	3	Picture	cross	933843	20452	1	30227	1	20000	30000	other	0
sub-12_2	3	Pulse	255	951475	38085	0
sub-12_2	3	Nothing	45	963843	50452	1			50000		other	0
sub-12_2	3	Pulse	255	971475	58085	0
sub-12_2	3	Picture	response	979068	65678	1	15226	1	65000	15000	miss	0
sub-12_2	3	Pulse	255	991475	78084	0
sub-12_2	3	Picture	blank2	994294	80903	1	15226	1	80000	15000	other	0
sub-12_2	4	Picture	cross	1009687	0	1	4226	1	0	4000	other	0
sub-12_2	4	Pulse	255	1011475	1789	0
sub-12_2	4	Picture	20	1014746	5059	1	15226	1	5000	15000	other	0
sub-12_2	4	Picture	cross	1029972	20285	1	30227	1	20000	30000	other	0
sub-12_2	4	Pulse	255	1031474	21788	0
sub-12_2	4	Pulse	255	1051475	41789	0
sub-12_2	4	Nothing	25	1059972	50285	1			50000		other	0
sub-12_2	4	Pulse	255	1071476	61789	0
sub-12_2	4	Picture	response	1075198	65511	1	15226	1	65000	15000	miss	0
sub-12_2	4	Picture	blank2	1090424	80737	1	20226	1	80000	20000	other	0
sub-12_2	4	Pulse	255	1091476	81789	0
sub-12_2	5	Picture	cross	1110817	0	1	4226	1	0	4000	other	0
sub-12_2	5	Pulse	255	1111476	659	0
sub-12_2	5	Picture	40	1116043	5226	1	15226	1	5000	15000	other	0
sub-12_2	5	Picture	cross	1131269	20452	1	30227	1	20000	30000	other	0
sub-12_2	5	Pulse	255	1131476	20659	0
sub-12_2	5	Pulse	255	1151476	40659	0
sub-12_2	5	Nothing	45	1161269	50452	1			50000		other	0
sub-12_2	5	Pulse	255	1171475	60659	0
sub-12_2	5	Picture	response	1176494	65678	1	15226	1	65000	15000	miss	0
sub-12_2	5	Pulse	255	1191476	80659	0
sub-12_2	5	Picture	blank2	1191720	80904	1	30226	1	80000	30000	other	0
sub-12_2	5	Pulse	255	1211476	100659	0
sub-12_2	6	Picture	cross	1222113	0	1	4226	1	0	4000	other	0
sub-12_2	6	Picture	61	1227339	5226	1	15226	1	5000	15000	other	0
sub-12_2	6	Pulse	255	1231476	9363	0
sub-12_2	6	Picture	cross	1242565	20452	1	30227	1	20000	30000	other	0
sub-12_2	6	Pulse	255	1251476	29363	0
sub-12_2	6	Pulse	255	1271475	49362	1
sub-12_2	6	Nothing	90	1272565	50452	1			50000		other	0
sub-12_2	6	Picture	response	1287791	65678	1	15226	1	65000	15000	miss	0
sub-12_2	6	Pulse	255	1291476	69363	0
sub-12_2	6	Picture	blank2	1303017	80904	1	40226	1	80000	40000	other	0
sub-12_2	6	Pulse	255	1311476	89363	0
sub-12_2	6	Pulse	255	1331475	109363	0
sub-12_2	7	Picture	cross	1343409	0	1	4226	1	0	4000	other	0
sub-12_2	7	Picture	40	1348635	5226	1	15226	1	5000	15000	other	0
sub-12_2	7	Pulse	255	1351476	8067	0
sub-12_2	7	Picture	cross	1363861	20452	1	30227	1	20000	30000	other	0
sub-12_2	7	Pulse	255	1371475	28066	0
sub-12_2	7	Pulse	255	1391476	48067	0
sub-12_2	7	Nothing	45	1393861	50452	1			50000		other	0
sub-12_2	7	Picture	response	1409087	65678	1	15225	1	65000	15000	miss	0
sub-12_2	7	Pulse	255	1411476	68066	0
sub-12_2	7	Picture	blank2	1424312	80903	1	40226	1	80000	40000	other	0
sub-12_2	7	Pulse	255	1431476	88066	0
sub-12_2	7	Pulse	255	1451477	108067	0
sub-12_2	8	Picture	cross	1464705	0	1	4226	1	0	4000	other	0
sub-12_2	8	Picture	20	1469931	5226	1	15226	1	5000	15000	other	0
sub-12_2	8	Pulse	255	1471476	6771	0
sub-12_2	8	Picture	cross	1485157	20452	1	30227	1	20000	30000	other	0
sub-12_2	8	Pulse	255	1491476	26771	0
sub-12_2	8	Pulse	255	1511475	46770	0
sub-12_2	8	Nothing	25	1515157	50452	1			50000		other	0
sub-12_2	8	Picture	response	1530383	65678	1	15226	1	65000	15000	miss	0
sub-12_2	8	Pulse	255	1531477	66772	0
sub-12_2	8	Picture	blank2	1545609	80904	1	35226	1	80000	35000	other	0
sub-12_2	8	Pulse	255	1551476	86771	0
sub-12_2	8	Pulse	255	1571477	106772	0
sub-12_2	9	Picture	cross	1581001	0	1	4226	1	0	4000	other	0
sub-12_2	9	Picture	41	1586227	5226	1	15226	1	5000	15000	other	0
sub-12_2	9	Pulse	255	1591477	10475	0
sub-12_2	9	Picture	cross	1601453	20452	1	30227	1	20000	30000	other	0
sub-12_2	9	Pulse	255	1611476	30475	0
sub-12_2	9	Nothing	90	1631453	50452	1			50000		other	0
sub-12_2	9	Pulse	255	1631513	50512	0
sub-12_2	9	Picture	response	1646679	65678	1	15226	1	65000	15000	miss	0
sub-12_2	9	Pulse	255	1651477	70476	0
sub-12_2	9	Picture	blank2	1661905	80904	1	30226	1	80000	30000	other	0
sub-12_2	9	Pulse	255	1671477	90476	0
sub-12_2	9	Pulse	255	1691476	110475	0
sub-12_2	10	Picture	cross	1692297	0	1	4226	1	0	4000	other	0
sub-12_2	10	Picture	20	1697523	5226	1	15226	1	5000	15000	other	0
sub-12_2	10	Pulse	255	1711477	19180	0
sub-12_2	10	Picture	cross	1712749	20452	1	30227	1	20000	30000	other	0
sub-12_2	10	Pulse	255	1731476	39179	0
sub-12_2	10	Nothing	25	1742749	50452	1			50000		other	0
sub-12_2	10	Pulse	255	1751477	59180	0
sub-12_2	10	Picture	response	1757975	65678	1	15226	1	65000	15000	miss	0
sub-12_2	10	Pulse	255	1771477	79180	0
sub-12_2	10	Picture	blank2	1773201	80904	1	10226	1	80000	10000	other	0
sub-12_2	11	Picture	cross	1783593	0	1	4226	1	0	4000	other	0
sub-12_2	11	Picture	21	1788819	5226	1	15226	1	5000	15000	other	0
sub-12_2	11	Pulse	255	1791477	7884	0
sub-12_2	11	Picture	cross	1804045	20452	1	30226	1	20000	30000	other	0
sub-12_2	11	Pulse	255	1811477	27884	0
sub-12_2	11	Pulse	255	1831477	47884	0
sub-12_2	11	Nothing	90	1834045	50452	1			50000		other	0
sub-12_2	11	Picture	response	1849271	65678	1	15226	1	65000	15000	miss	0
sub-12_2	11	Pulse	255	1851477	67884	0
sub-12_2	11	Picture	blank2	1864496	80903	1	20226	1	80000	20000	other	0
sub-12_2	11	Pulse	255	1871477	87884	0
sub-12_2	12	Picture	cross	1884889	0	1	4226	1	0	4000	other	0
sub-12_2	12	Picture	41	1890115	5226	1	15226	1	5000	15000	other	0
sub-12_2	12	Pulse	255	1891477	6588	0
sub-12_2	12	Picture	cross	1905341	20452	1	30227	1	20000	30000	other	0
sub-12_2	12	Pulse	255	1911477	26588	0
sub-12_2	12	Pulse	255	1931477	46589	0
sub-12_2	12	Nothing	90	1935341	50452	1			50000		other	0
sub-12_2	12	Picture	response	1950566	65678	1	15226	1	65000	15000	miss	0
sub-12_2	12	Pulse	255	1951478	66589	0
sub-12_2	12	Picture	blank2	1965792	80904	1	20226	1	80000	20000	other	0
sub-12_2	12	Pulse	255	1971477	86589	0
sub-12_2	13	Picture	cross	1986185	0	1	4226	1	0	4000	other	0
sub-12_2	13	Picture	21	1991244	5059	1	15226	1	5000	15000	other	0
sub-12_2	13	Pulse	255	1991478	5293	0
sub-12_2	13	Picture	cross	2006470	20285	1	30227	1	20000	30000	other	0
sub-12_2	13	Pulse	255	2011477	25292	0
sub-12_2	13	Pulse	255	2031477	45293	0
sub-12_2	13	Nothing	90	2036470	50285	1			50000		other	0
sub-12_2	13	Pulse	255	2051478	65293	0
sub-12_2	13	Picture	response	2051696	65511	1	15226	1	65000	15000	miss	0
sub-12_2	13	Picture	blank2	2066921	80736	1	15226	1	80000	15000	other	0
sub-12_2	13	Pulse	255	2071477	85292	0
sub-12_2	14	Picture	cross	2082314	0	1	4226	1	0	4000	other	0
sub-12_2	14	Picture	61	2087540	5226	1	15226	1	5000	15000	other	0
sub-12_2	14	Pulse	255	2091478	9164	0
sub-12_2	14	Picture	cross	2102766	20452	1	30227	1	20000	30000	other	0
sub-12_2	14	Pulse	255	2111478	29164	0
sub-12_2	14	Pulse	255	2131478	49164	0
sub-12_2	14	Nothing	90	2132766	50452	1			50000		other	0
sub-12_2	14	Picture	response	2147992	65678	1	15226	1	65000	15000	miss	0
sub-12_2	14	Pulse	255	2151478	69164	0
sub-12_2	14	Picture	blank2	2163217	80904	1	50226	1	80000	50000	other	0
sub-12_2	14	Pulse	255	2171478	89164	0
sub-12_2	14	Pulse	255	2191478	109164	0
sub-12_2	14	Pulse	255	2211478	129164	0
sub-12_2	15	Picture	cross	2213610	0	1	4226	1	0	4000	other	0
sub-12_2	15	Picture	21	2218836	5226	1	15226	1	5000	15000	other	0
sub-12_2	15	Pulse	255	2231478	17868	0
sub-12_2	15	Picture	cross	2234062	20452	1	30227	1	20000	30000	other	0
sub-12_2	15	Pulse	255	2251478	37868	0
sub-12_2	15	Nothing	90	2264062	50452	1			50000		other	0
sub-12_2	15	Pulse	255	2271478	57868	0
sub-12_2	15	Picture	response	2279288	65678	1	15226	1	65000	15000	miss	0
sub-12_2	15	Pulse	255	2291478	77868	0
sub-12_2	15	Picture	blank2	2294513	80903	1	30226	1	80000	30000	other	0
sub-12_2	15	Pulse	255	2311478	97868	0
sub-12_2	16	Picture	cross	2324906	0	1	4226	1	0	4000	other	0
sub-12_2	16	Picture	60	2330132	5226	1	15226	1	5000	15000	other	0
sub-12_2	16	Pulse	255	2331477	6572	0
sub-12_2	16	Picture	cross	2345358	20452	1	30227	1	20000	30000	other	0
sub-12_2	16	Pulse	255	2351477	26572	0
sub-12_2	16	Pulse	255	2371478	46572	0
sub-12_2	16	Nothing	65	2375358	50452	1			50000		other	0
sub-12_2	16	Picture	response	2390583	65677	1	15226	1	65000	15000	miss	0
sub-12_2	16	Pulse	255	2391479	66573	0
sub-12_2	16	Picture	blank2	2405809	80903	1	20226	1	80000	20000	other	0
sub-12_2	16	Pulse	255	2411478	86573	0
sub-12_2	17	Picture	cross	2426201	0	1	4226	1	0	4000	other	0
sub-12_2	17	Picture	41	2431427	5226	1	15226	1	5000	15000	other	0
sub-12_2	17	Pulse	255	2431478	5277	0
sub-12_2	17	Picture	cross	2446653	20452	1	30227	1	20000	30000	other	0
sub-12_2	17	Pulse	255	2451478	25276	0
sub-12_2	17	Pulse	255	2471468	45267	0
sub-12_2	17	Nothing	90	2476653	50452	1			50000		other	0
sub-12_2	17	Pulse	255	2491468	65266	0
sub-12_2	17	Picture	response	2491879	65678	1	15226	1	65000	15000	miss	0
sub-12_2	17	Picture	blank2	2507105	80903	1	30226	1	80000	30000	other	0
sub-12_2	17	Pulse	255	2511468	85267	0
sub-12_2	17	Pulse	255	2531469	105267	0
sub-12_2	18	Picture	cross	2537497	0	1	4226	1	0	4000	other	0
sub-12_2	18	Picture	61	2542723	5226	1	15226	1	5000	15000	other	0
sub-12_2	18	Pulse	255	2551468	13971	0
sub-12_2	18	Picture	cross	2557949	20452	1	30227	1	20000	30000	other	0
sub-12_2	18	Pulse	255	2571469	33971	0
sub-12_2	18	Nothing	90	2587949	50452	1			50000		other	0
sub-12_2	18	Pulse	255	2591469	53971	0
sub-12_2	18	Picture	response	2603175	65677	1	15226	1	65000	15000	miss	0
sub-12_2	18	Pulse	255	2611468	73971	0
sub-12_2	18	Picture	blank2	2618400	80903	1	15226	1	80000	15000	other	0
sub-12_2	18	Pulse	255	2631469	93972	0
sub-12_2	19	Picture	cross	2633793	0	1	4226	1	0	4000	other	0
sub-12_2	19	Picture	60	2639019	5226	1	15226	1	5000	15000	other	0
sub-12_2	19	Pulse	255	2651468	17676	0
sub-12_2	19	Picture	cross	2654245	20452	1	30227	1	20000	30000	other	0
sub-12_2	19	Pulse	255	2671469	37676	0
sub-12_2	19	Nothing	65	2684245	50452	1			50000		other	0
sub-12_2	19	Pulse	255	2691469	57676	0
sub-12_2	19	Picture	response	2699470	65677	1	15226	1	65000	15000	miss	0
sub-12_2	19	Pulse	255	2711468	77675	0
sub-12_2	19	Picture	blank2	2714696	80903	1	15226	1	80000	15000	other	0
sub-12_2	20	Picture	cross	2730088	0	1	4226	1	0	4000	other	0
sub-12_2	20	Pulse	255	2731468	1380	0
sub-12_2	20	Picture	21	2735315	5226	1	15226	1	5000	15000	other	0
sub-12_2	20	Picture	cross	2750540	20452	1	30227	1	20000	30000	other	0
sub-12_2	20	Pulse	255	2751469	21381	0
sub-12_2	20	Pulse	255	2771469	41381	0
sub-12_2	20	Nothing	90	2780540	50452	1			50000		other	0
sub-12_2	20	Pulse	255	2791469	61381	0
sub-12_2	20	Picture	response	2795766	65678	1	15226	1	65000	15000	miss	0
sub-12_2	20	Picture	blank2	2810992	80904	1	20226	1	80000	20000	other	0
sub-12_2	20	Pulse	255	2811469	81381	0
sub-12_2	21	Picture	cross	2831385	0	1	4226	1	0	4000	other	0
sub-12_2	21	Pulse	255	2831469	85	0
sub-12_2	21	Picture	61	2836444	5060	1	15226	1	5000	15000	other	0
sub-12_2	21	Pulse	255	2851504	20119	0
sub-12_2	21	Picture	cross	2851670	20286	1	30227	1	20000	30000	other	0
sub-12_2	21	Pulse	255	2871469	40084	0
sub-12_2	21	Nothing	90	2881670	50286	1			50000		other	0
sub-12_2	21	Pulse	255	2891469	60084	0
sub-12_2	21	Picture	response	2896896	65511	1	15226	1	65000	15000	miss	0
sub-12_2	21	Pulse	255	2911469	80084	0
sub-12_2	21	Picture	blank2	2912122	80737	1	15226	1	80000	15000	other	0
sub-12_2	22	Picture	cross	2927514	0	1	4226	1	0	4000	other	0
sub-12_2	22	Pulse	255	2931470	3955	0
sub-12_2	22	Picture	40	2932740	5226	1	15226	1	5000	15000	other	0
sub-12_2	22	Picture	cross	2947966	20452	1	30227	1	20000	30000	other	0
sub-12_2	22	Pulse	255	2951469	23954	0
sub-12_2	22	Pulse	255	2971470	43955	0
sub-12_2	22	Nothing	45	2977966	50452	1			50000		other	0
sub-12_2	22	Pulse	255	2991470	63955	0
sub-12_2	22	Picture	response	2993192	65678	1	15226	1	65000	15000	miss	0
sub-12_2	22	Picture	blank2	3008418	80903	1	15226	1	80000	15000	other	0
sub-12_2	22	Pulse	255	3011469	83955	0
sub-12_2	23	Picture	cross	3023810	0	1	4226	1	0	4000	other	0
sub-12_2	23	Picture	60	3029036	5226	1	15226	1	5000	15000	other	0
sub-12_2	23	Pulse	255	3031470	7660	0
sub-12_2	23	Picture	cross	3044262	20452	1	30227	1	20000	30000	other	0
sub-12_2	23	Pulse	255	3051469	27659	0
sub-12_2	23	Pulse	255	3071470	47660	0
sub-12_2	23	Nothing	65	3074262	50452	1			50000		other	0
sub-12_2	23	Picture	response	3089488	65678	1	15226	1	65000	15000	miss	0
sub-12_2	23	Pulse	255	3091469	67659	0
sub-12_2	23	Picture	blank2	3104714	80904	1	10226	1	80000	10000	other	0
sub-12_2	23	Pulse	255	3111470	87660	0
sub-12_2	24	Picture	cross	3115106	0	1	4226	1	0	4000	other	0
sub-12_2	24	Picture	61	3120333	5226	1	15226	1	5000	15000	other	0
sub-12_2	24	Pulse	255	3131470	16364	0
sub-12_2	24	Picture	cross	3135558	20452	1	30227	1	20000	30000	other	0
sub-12_2	24	Pulse	255	3151470	36363	0
sub-12_2	24	Nothing	90	3165558	50452	1			50000		other	0
sub-12_2	24	Pulse	255	3171469	56363	0
sub-12_2	24	Picture	response	3180784	65678	1	15226	1	65000	15000	miss	0
sub-12_2	24	Pulse	255	3191470	76363	0
sub-12_2	24	Picture	blank2	3196010	80904	1	30226	1	80000	30000	other	0
sub-12_2	24	Pulse	255	3211470	96364	0
sub-12_2	25	Picture	cross	3226402	0	1	4226	1	0	4000	other	0
sub-12_2	25	Pulse	255	3231469	5067	0
sub-12_2	25	Picture	60	3231629	5226	1	15226	1	5000	15000	other	0
sub-12_2	25	Picture	cross	3246854	20452	1	30227	1	20000	30000	other	0
sub-12_2	25	Pulse	255	3251469	25067	0
sub-12_2	25	Pulse	255	3271470	45067	0
sub-12_2	25	Nothing	65	3276854	50452	1			50000		other	0
sub-12_2	25	Pulse	255	3291470	65068	0
sub-12_2	25	Picture	response	3292080	65677	1	15226	1	65000	15000	miss	0
sub-12_2	25	Picture	blank2	3307306	80903	1	20226	1	80000	20000	other	0
sub-12_2	25	Pulse	255	3311470	85067	0
sub-12_2	26	Picture	cross	3327698	0	1	4226	1	0	4000	other	0
sub-12_2	26	Pulse	255	3331469	3771	0
sub-12_2	26	Picture	40	3332925	5226	1	15226	1	5000	15000	other	0
sub-12_2	26	Picture	cross	3348151	20452	1	30227	1	20000	30000	other	0
sub-12_2	26	Pulse	255	3351470	23772	0
sub-12_2	26	Pulse	255	3371470	43772	0
sub-12_2	26	Nothing	45	3378151	50452	1			50000		other	0
sub-12_2	26	Pulse	255	3391470	63772	0
sub-12_2	26	Picture	response	3393376	65678	1	15226	1	65000	15000	miss	0
sub-12_2	26	Picture	blank2	3408602	80904	1	20226	1	80000	20000	other	0
sub-12_2	26	Pulse	255	3411470	83772	0
sub-12_2	27	Picture	cross	3428995	0	1	4226	1	0	4000	other	0
sub-12_2	27	Pulse	255	3431470	2475	0
sub-12_2	27	Picture	21	3434221	5226	1	15226	1	5000	15000	other	0
sub-12_2	27	Picture	cross	3449447	20452	1	30227	1	20000	30000	other	0
sub-12_2	27	Pulse	255	3451470	22475	0
sub-12_2	27	Pulse	255	3471470	42475	0
sub-12_2	27	Nothing	90	3479447	50452	1			50000		other	0
sub-12_2	27	Pulse	255	3491471	62476	0
sub-12_2	27	Picture	response	3494672	65678	1	15226	1	65000	15000	miss	0
sub-12_2	27	Picture	blank2	3509898	80903	1	40226	1	80000	40000	other	0
sub-12_2	27	Pulse	255	3511470	82475	0
sub-12_2	27	Pulse	255	3531470	102476	0
sub-12_2	28	Picture	cross	3550290	0	1	4226	1	0	4000	other	0
sub-12_2	28	Pulse	255	3551470	1179	0
sub-12_2	28	Picture	61	3555516	5226	1	15226	1	5000	15000	other	0
sub-12_2	28	Picture	cross	3570742	20452	1	30227	1	20000	30000	other	0
sub-12_2	28	Pulse	255	3571470	21180	0
sub-12_2	28	Pulse	255	3591470	41180	0
sub-12_2	28	Nothing	90	3600742	50452	1			50000		other	0
sub-12_2	28	Pulse	255	3611470	61180	0
sub-12_2	28	Picture	response	3615968	65678	1	15226	1	65000	15000	miss	0
sub-12_2	28	Picture	blank2	3631194	80903	1	30226	1	80000	30000	other	0
sub-12_2	28	Pulse	255	3631471	81180	0
sub-12_2	28	Pulse	255	3651471	101180	0
sub-12_2	29	Picture	cross	3661586	0	1	4226	1	0	4000	other	0
sub-12_2	29	Picture	40	3666646	5059	1	15226	1	5000	15000	other	0
sub-12_2	29	Pulse	255	3671471	9884	0
sub-12_2	29	Picture	cross	3681872	20285	1	30227	1	20000	30000	other	0
sub-12_2	29	Pulse	255	3691471	29884	0
sub-12_2	29	Pulse	255	3711471	49885	0
sub-12_2	29	Nothing	45	3711872	50285	1			50000		other	0
sub-12_2	29	Picture	response	3727097	65511	1	15226	1	65000	15000	miss	0
sub-12_2	29	Pulse	255	3731470	69884	0
sub-12_2	29	Picture	blank2	3742323	80737	1	40226	1	80000	40000	other	0
sub-12_2	29	Pulse	255	3751471	89884	0
sub-12_2	29	Pulse	255	3771471	109885	0
sub-12_2	30	Picture	cross	3782716	0	1	4226	1	0	4000	other	0
sub-12_2	30	Picture	21	3787942	5226	1	15226	1	5000	15000	other	0
sub-12_2	30	Pulse	255	3791471	8755	0
sub-12_2	30	Picture	cross	3803168	20452	1	30227	1	20000	30000	other	0
sub-12_2	30	Pulse	255	3811471	28756	0
sub-12_2	30	Pulse	255	3831471	48755	0
sub-12_2	30	Nothing	90	3833168	50452	1			50000		other	0
sub-12_2	30	Picture	response	3848393	65678	1	15226	1	65000	15000	miss	0
sub-12_2	30	Pulse	255	3851470	68754	0
sub-12_2	30	Picture	blank2	3863619	80903	1	15226	1	80000	15000	other	0
sub-12_2	30	Pulse	255	3871471	88756	0
sub-12_2	31	Picture	cross	3879012	0	1	4226	1	0	4000	other	0
sub-12_2	31	Picture	41	3884238	5226	1	15226	1	5000	15000	other	0
sub-12_2	31	Pulse	255	3891471	12460	0
sub-12_2	31	Picture	cross	3899464	20452	1	30227	1	20000	30000	other	0
sub-12_2	31	Pulse	255	3911471	32460	0
sub-12_2	31	Nothing	90	3929464	50452	1			50000		other	0
sub-12_2	31	Pulse	255	3931471	52459	0
sub-12_2	31	Picture	response	3944689	65678	1	15226	1	65000	15000	miss	0
sub-12_2	31	Pulse	255	3951472	72460	0
sub-12_2	31	Picture	blank2	3959915	80904	1	20226	1	80000	20000	other	0
sub-12_2	31	Pulse	255	3971471	92460	0
sub-12_2	32	Picture	cross	3980307	0	1	4226	1	0	4000	other	0
sub-12_2	32	Picture	41	3985533	5226	1	15226	1	5000	15000	other	0
sub-12_2	32	Pulse	255	3991471	11164	0
sub-12_2	32	Picture	cross	4000759	20452	1	30227	1	20000	30000	other	0
sub-12_2	32	Pulse	255	4011471	31164	0
sub-12_2	32	Nothing	90	4030759	50452	1			50000		other	0
sub-12_2	32	Pulse	255	4031472	51164	0
sub-12_2	32	Picture	response	4045985	65678	1	15226	1	65000	15000	miss	0
sub-12_2	32	Pulse	255	4051472	71164	0
sub-12_2	32	Picture	blank2	4061211	80903	1	15226	1	80000	15000	other	0
sub-12_2	32	Pulse	255	4071472	91164	0
sub-12_2	33	Picture	cross	4076603	0	1	4226	1	0	4000	other	0
sub-12_2	33	Picture	41	4081830	5226	1	15226	1	5000	15000	other	0
sub-12_2	33	Pulse	255	4091472	14868	0
sub-12_2	33	Picture	cross	4097055	20452	1	30227	1	20000	30000	other	0
sub-12_2	33	Pulse	255	4111472	34868	0
sub-12_2	33	Nothing	90	4127055	50452	1			50000		other	0
sub-12_2	33	Pulse	255	4131472	54868	0
sub-12_2	33	Picture	response	4142281	65678	1	15226	1	65000	15000	miss	0
sub-12_2	33	Pulse	255	4151471	74868	0
sub-12_2	33	Picture	blank2	4157507	80903	1	35226	1	80000	35000	other	0
sub-12_2	33	Pulse	255	4171472	94868	0
sub-12_2	33	Pulse	255	4191472	114868	0
sub-12_2	34	Picture	cross	4192900	0	1	4226	1	0	4000	other	0
sub-12_2	34	Picture	60	4198126	5226	1	15226	1	5000	15000	other	0
sub-12_2	34	Pulse	255	4211472	18572	0
sub-12_2	34	Picture	cross	4213351	20452	1	30227	1	20000	30000	other	0
sub-12_2	34	Pulse	255	4231472	38573	0
sub-12_2	34	Nothing	65	4243351	50452	1			50000		other	0
sub-12_2	34	Pulse	255	4251472	58573	0
sub-12_2	34	Picture	response	4258577	65678	1	15226	1	65000	15000	miss	0
sub-12_2	34	Pulse	255	4271471	78572	0
sub-12_2	34	Picture	blank2	4273803	80903	1	20226	1	80000	20000	other	0
sub-12_2	34	Pulse	255	4291472	98573	0
sub-12_2	35	Picture	cross	4294195	0	1	4226	1	0	4000	other	0
sub-12_2	35	Picture	21	4299421	5226	1	15226	1	5000	15000	other	0
sub-12_2	35	Pulse	255	4311472	17277	0
sub-12_2	35	Picture	cross	4314647	20452	1	30227	1	20000	30000	other	0
sub-12_2	35	Pulse	255	4331472	37277	0
sub-12_2	35	Nothing	90	4344647	50452	1			50000		other	0
sub-12_2	35	Pulse	255	4351472	57277	0
sub-12_2	35	Picture	response	4359873	65678	1	15226	1	65000	15000	miss	0
sub-12_2	35	Pulse	255	4371473	77277	0
sub-12_2	35	Picture	blank2	4375099	80903	1	15226	1	80000	15000	other	0
sub-12_2	36	Picture	cross	4390491	0	1	4226	1	0	4000	other	0
sub-12_2	36	Pulse	255	4391472	981	0
sub-12_2	36	Picture	20	4395717	5226	1	15226	1	5000	15000	other	0
sub-12_2	36	Picture	cross	4410943	20452	1	30227	1	20000	30000	other	0
sub-12_2	36	Pulse	255	4411472	20981	0
sub-12_2	36	Pulse	255	4431472	40980	0
sub-12_2	36	Nothing	25	4440943	50452	1			50000		other	0
sub-12_2	36	Pulse	255	4451472	60981	0
sub-12_2	36	Picture	response	4456169	65678	1	15226	1	65000	15000	miss	0
sub-12_2	36	Picture	blank2	4471395	80904	1	20226	1	80000	20000	other	0
sub-12_2	36	Pulse	255	4471473	80981	0
sub-12_2	36	Pulse	255	4491472	100981	0
sub-12_2	37	Picture	cross	4491788	0	1	4226	1	0	4000	other	0
sub-12_2	37	Picture	61	4497014	5226	1	15226	1	5000	15000	other	0
sub-12_2	37	Pulse	255	4511473	19685	0
sub-12_2	37	Picture	cross	4512240	20452	1	30227	1	20000	30000	other	0
sub-12_2	37	Pulse	255	4531473	39685	0
sub-12_2	37	Nothing	90	4542240	50452	1			50000		other	0
sub-12_2	37	Pulse	255	4551473	59685	0
sub-12_2	37	Picture	response	4557465	65678	1	15226	1	65000	15000	miss	0
sub-12_2	37	Pulse	255	4571472	79684	0
sub-12_2	37	Picture	blank2	4572691	80903	1	40226	1	80000	40000	other	0
sub-12_2	37	Pulse	255	4591472	99684	0
sub-12_2	37	Pulse	255	4611472	119684	0
