Scenario - loca_mveb
Logfile written - 05/29/2018 10:31:34

Subject	Trial	Event Type	Code	Time	TTime	Uncertainty	Duration	Uncertainty	ReqTime	ReqDur	Stim Type	Pair Index

sub-11_2	0	Pulse	255	642759	642759	0
sub-11_2	1	Picture	p_startup	642861	0	1	100031	1	0	100000	other	0
sub-11_2	1	Pulse	255	662758	19898	0
sub-11_2	1	Pulse	255	682759	39899	0
sub-11_2	1	Pulse	255	702759	59899	0
sub-11_2	1	Pulse	255	722758	79898	0
sub-11_2	1	Pulse	255	742759	99898	0
sub-11_2	2	Picture	cross	743058	0	1	4168	1	0	4000	other	0
sub-11_2	2	Picture	20	748226	5168	1	15171	1	5000	15000	other	0
sub-11_2	2	Pulse	255	762759	19701	0
sub-11_2	2	Picture	cross	763397	20340	1	30176	1	20000	30000	other	0
sub-11_2	2	Pulse	255	782759	39701	0
sub-11_2	2	Nothing	25	793397	50340	1			50000		other	0
sub-11_2	2	Pulse	255	802759	59701	0
sub-11_2	2	Picture	response	808578	65520	1	15171	1	65000	15000	hit	16
sub-11_2	2	Response	1	815440	72382	1
sub-11_2	2	Pulse	255	822759	79701	0
sub-11_2	2	Picture	blank2	823749	80691	1	20173	1	80000	20000	other	0
sub-11_2	2	Pulse	255	842759	99701	0
sub-11_2	3	Picture	cross	844089	0	1	4168	1	0	4000	other	0
sub-11_2	3	Picture	40	849257	5168	1	15171	1	5000	15000	other	0
sub-11_2	3	Pulse	255	862760	18671	0
sub-11_2	3	Picture	cross	864428	20340	1	30176	1	20000	30000	other	0
sub-11_2	3	Pulse	255	882759	38671	0
sub-11_2	3	Nothing	45	894428	50340	1			50000		other	0
sub-11_2	3	Pulse	255	902759	58670	0
sub-11_2	3	Picture	response	909609	65520	1	15171	1	65000	15000	hit	28
sub-11_2	3	Response	2	917270	73181	1
sub-11_2	3	Pulse	255	922759	78670	0
sub-11_2	3	Picture	blank2	924780	80691	1	15171	1	80000	15000	other	0
sub-11_2	4	Picture	cross	940118	0	1	4168	1	0	4000	other	0
sub-11_2	4	Pulse	255	942760	2642	0
sub-11_2	4	Picture	20	945287	5168	1	15171	1	5000	15000	other	0
sub-11_2	4	Picture	cross	960458	20340	1	30176	1	20000	30000	other	0
sub-11_2	4	Pulse	255	962759	22641	0
sub-11_2	4	Pulse	255	982760	42642	0
sub-11_2	4	Nothing	25	990458	50340	1			50000		other	0
sub-11_2	4	Pulse	255	1002760	62642	0
sub-11_2	4	Picture	response	1005638	65520	1	15171	1	65000	15000	hit	40
sub-11_2	4	Response	1	1010700	70582	1
sub-11_2	4	Picture	blank2	1020810	80691	1	20173	1	80000	20000	other	0
sub-11_2	4	Pulse	255	1022760	82642	0
sub-11_2	5	Picture	cross	1041149	0	1	4168	1	0	4000	other	0
sub-11_2	5	Pulse	255	1042760	1611	0
sub-11_2	5	Picture	40	1046317	5168	1	15171	1	5000	15000	other	0
sub-11_2	5	Picture	cross	1061489	20340	1	30176	1	20000	30000	other	0
sub-11_2	5	Pulse	255	1062760	21611	0
sub-11_2	5	Pulse	255	1082761	41611	0
sub-11_2	5	Nothing	45	1091489	50340	1			50000		other	0
sub-11_2	5	Pulse	255	1102760	61610	0
sub-11_2	5	Picture	response	1106669	65520	1	15171	1	65000	15000	hit	52
sub-11_2	5	Response	1	1113890	72741	1
sub-11_2	5	Picture	blank2	1121841	80691	1	30176	1	80000	30000	other	0
sub-11_2	5	Pulse	255	1122760	81610	0
sub-11_2	5	Pulse	255	1142760	101611	0
sub-11_2	6	Picture	cross	1152183	0	1	4168	1	0	4000	other	0
sub-11_2	6	Picture	61	1157352	5168	1	15171	1	5000	15000	other	0
sub-11_2	6	Pulse	255	1162760	10577	0
sub-11_2	6	Picture	cross	1172523	20340	1	30176	1	20000	30000	other	0
sub-11_2	6	Pulse	255	1182760	30577	0
sub-11_2	6	Nothing	90	1202523	50340	1			50000		other	0
sub-11_2	6	Pulse	255	1202761	50577	0
sub-11_2	6	Picture	response	1217703	65520	1	15171	1	65000	15000	hit	65
sub-11_2	6	Pulse	255	1222762	70578	0
sub-11_2	6	Response	1	1223140	70957	1
sub-11_2	6	Picture	blank2	1232875	80691	1	40179	1	80000	40000	other	0
sub-11_2	6	Pulse	255	1242760	90577	0
sub-11_2	6	Pulse	255	1262761	110578	0
sub-11_2	7	Picture	cross	1273220	0	1	4168	1	0	4000	other	0
sub-11_2	7	Picture	40	1278389	5168	1	15171	1	5000	15000	other	0
sub-11_2	7	Pulse	255	1282761	9540	0
sub-11_2	7	Picture	cross	1293560	20340	1	30176	1	20000	30000	other	0
sub-11_2	7	Pulse	255	1302762	29542	0
sub-11_2	7	Pulse	255	1322761	49541	0
sub-11_2	7	Nothing	45	1323560	50340	1			50000		other	0
sub-11_2	7	Picture	response	1338740	65520	1	15171	1	65000	15000	hit	78
sub-11_2	7	Pulse	255	1342762	69542	0
sub-11_2	7	Response	1	1345452	72231	1
sub-11_2	7	Picture	blank2	1353912	80691	1	40179	1	80000	40000	other	0
sub-11_2	7	Pulse	255	1362761	89540	0
sub-11_2	7	Pulse	255	1382761	109541	0
sub-11_2	8	Picture	cross	1394257	0	1	4168	1	0	4000	other	0
sub-11_2	8	Picture	20	1399426	5168	1	15171	1	5000	15000	other	0
sub-11_2	8	Pulse	255	1402762	8504	0
sub-11_2	8	Picture	cross	1414597	20340	1	30176	1	20000	30000	other	0
sub-11_2	8	Pulse	255	1422762	28505	0
sub-11_2	8	Pulse	255	1442762	48505	0
sub-11_2	8	Nothing	25	1444597	50340	1			50000		other	0
sub-11_2	8	Picture	response	1459778	65520	1	15171	1	65000	15000	hit	91
sub-11_2	8	Pulse	255	1462762	68504	0
sub-11_2	8	Response	2	1466332	72074	1
sub-11_2	8	Picture	blank2	1474949	80691	1	35177	1	80000	35000	other	0
sub-11_2	8	Pulse	255	1482763	88505	0
sub-11_2	8	Pulse	255	1502763	108505	0
sub-11_2	9	Picture	cross	1510293	0	1	4168	1	0	4000	other	0
sub-11_2	9	Picture	41	1515461	5168	1	15171	1	5000	15000	other	0
sub-11_2	9	Pulse	255	1522763	12470	0
sub-11_2	9	Picture	cross	1530633	20340	1	30176	1	20000	30000	other	0
sub-11_2	9	Pulse	255	1542763	32470	0
sub-11_2	9	Nothing	90	1560633	50340	1			50000		other	0
sub-11_2	9	Pulse	255	1562762	52469	0
sub-11_2	9	Picture	response	1575813	65520	1	15171	1	65000	15000	hit	103
sub-11_2	9	Response	1	1582002	71709	1
sub-11_2	9	Pulse	255	1582762	72469	0
sub-11_2	9	Picture	blank2	1590984	80691	1	30176	1	80000	30000	other	0
sub-11_2	9	Pulse	255	1602763	92470	0
sub-11_2	10	Picture	cross	1621327	0	1	4168	1	0	4000	other	0
sub-11_2	10	Pulse	255	1622763	1436	0
sub-11_2	10	Picture	20	1626495	5168	1	15171	1	5000	15000	other	0
sub-11_2	10	Picture	cross	1641667	20340	1	30176	1	20000	30000	other	0
sub-11_2	10	Pulse	255	1642763	21436	0
sub-11_2	10	Pulse	255	1662763	41436	0
sub-11_2	10	Nothing	25	1671667	50340	1			50000		other	0
sub-11_2	10	Pulse	255	1682763	61436	0
sub-11_2	10	Picture	response	1686847	65520	1	15171	1	65000	15000	hit	116
sub-11_2	10	Response	1	1693144	71817	1
sub-11_2	10	Picture	blank2	1702018	80691	1	10170	1	80000	10000	other	0
sub-11_2	10	Pulse	255	1702764	81437	0
sub-11_2	11	Picture	cross	1712355	0	1	4168	1	0	4000	other	0
sub-11_2	11	Picture	21	1717523	5168	1	15171	1	5000	15000	other	0
sub-11_2	11	Pulse	255	1722763	10408	0
sub-11_2	11	Picture	cross	1732695	20340	1	30176	1	20000	30000	other	0
sub-11_2	11	Pulse	255	1742763	30408	0
sub-11_2	11	Nothing	90	1762695	50340	1			50000		other	0
sub-11_2	11	Pulse	255	1762764	50409	0
sub-11_2	11	Picture	response	1777875	65520	1	15171	1	65000	15000	hit	128
sub-11_2	11	Pulse	255	1782763	70408	0
sub-11_2	11	Response	1	1784463	72108	1
sub-11_2	11	Picture	blank2	1793046	80691	1	20173	1	80000	20000	other	0
sub-11_2	11	Pulse	255	1802763	90408	0
sub-11_2	12	Picture	cross	1813386	0	1	4168	1	0	4000	other	0
sub-11_2	12	Picture	41	1818554	5168	1	15171	1	5000	15000	other	0
sub-11_2	12	Pulse	255	1822763	9377	0
sub-11_2	12	Picture	cross	1833725	20340	1	30176	1	20000	30000	other	0
sub-11_2	12	Pulse	255	1842764	29378	0
sub-11_2	12	Pulse	255	1862764	49378	0
sub-11_2	12	Nothing	90	1863725	50340	1			50000		other	0
sub-11_2	12	Picture	response	1878906	65520	1	15171	1	65000	15000	hit	140
sub-11_2	12	Pulse	255	1882763	69378	0
sub-11_2	12	Response	1	1884763	71378	1
sub-11_2	12	Picture	blank2	1894077	80691	1	20173	1	80000	20000	other	0
sub-11_2	12	Pulse	255	1902764	89378	0
sub-11_2	13	Picture	cross	1914417	0	1	4168	1	0	4000	other	0
sub-11_2	13	Picture	21	1919585	5168	1	15171	1	5000	15000	other	0
sub-11_2	13	Pulse	255	1922764	8347	0
sub-11_2	13	Picture	cross	1934756	20340	1	30176	1	20000	30000	other	0
sub-11_2	13	Pulse	255	1942764	28347	0
sub-11_2	13	Pulse	255	1962764	48347	0
sub-11_2	13	Nothing	90	1964756	50340	1			50000		other	0
sub-11_2	13	Picture	response	1979937	65520	1	15171	1	65000	15000	hit	154
sub-11_2	13	Pulse	255	1982764	68347	0
sub-11_2	13	Picture	blank2	1995108	80691	1	15171	1	80000	15000	other	0
sub-11_2	13	Pulse	255	2002765	88348	0
sub-11_2	13	Response	2	2007444	93027	1
sub-11_2	14	Picture	cross	2010446	0	1	4168	1	0	4000	other	0
sub-11_2	14	Picture	61	2015615	5168	1	15171	1	5000	15000	other	0
sub-11_2	14	Pulse	255	2022765	12318	0
sub-11_2	14	Picture	cross	2030786	20340	1	30176	1	20000	30000	other	0
sub-11_2	14	Pulse	255	2042764	32318	0
sub-11_2	14	Nothing	90	2060786	50340	1			50000		other	0
sub-11_2	14	Pulse	255	2062764	52318	0
sub-11_2	14	Picture	response	2075966	65520	1	15171	1	65000	15000	hit	163
sub-11_2	14	Response	2	2082045	71598	1
sub-11_2	14	Pulse	255	2082764	72318	0
sub-11_2	14	Picture	blank2	2091138	80691	1	50182	1	80000	50000	other	0
sub-11_2	14	Pulse	255	2102765	92319	0
sub-11_2	14	Pulse	255	2122764	112318	0
sub-11_2	15	Picture	cross	2141486	0	1	4168	1	0	4000	other	0
sub-11_2	15	Pulse	255	2142765	1279	0
sub-11_2	15	Picture	21	2146655	5168	1	15171	1	5000	15000	other	0
sub-11_2	15	Picture	cross	2161826	20340	1	30176	1	20000	30000	other	0
sub-11_2	15	Pulse	255	2162765	21278	0
sub-11_2	15	Pulse	255	2182765	41279	0
sub-11_2	15	Nothing	90	2191826	50340	1			50000		other	0
sub-11_2	15	Pulse	255	2202766	61279	0
sub-11_2	15	Picture	response	2207007	65520	1	15171	1	65000	15000	hit	177
sub-11_2	15	Response	1	2212915	71428	1
sub-11_2	15	Picture	blank2	2222178	80691	1	30176	1	80000	30000	other	0
sub-11_2	15	Pulse	255	2222766	81279	0
sub-11_2	15	Pulse	255	2242765	101279	0
sub-11_2	16	Picture	cross	2252520	0	1	4168	1	0	4000	other	0
sub-11_2	16	Picture	60	2257689	5168	1	15171	1	5000	15000	other	0
sub-11_2	16	Pulse	255	2262765	10245	0
sub-11_2	16	Picture	cross	2272860	20340	1	30176	1	20000	30000	other	0
sub-11_2	16	Pulse	255	2282765	30245	0
sub-11_2	16	Pulse	255	2302766	50245	0
sub-11_2	16	Nothing	65	2302860	50340	1			50000		other	0
sub-11_2	16	Picture	response	2318041	65520	1	15171	1	65000	15000	hit	191
sub-11_2	16	Pulse	255	2322766	70245	0
sub-11_2	16	Response	2	2324445	71925	1
sub-11_2	16	Response	1	2328845	76325	1
sub-11_2	16	Picture	blank2	2333212	80691	1	20173	1	80000	20000	other	0
sub-11_2	16	Pulse	255	2342766	90245	0
sub-11_2	17	Picture	cross	2353551	0	1	4168	1	0	4000	other	0
sub-11_2	17	Picture	41	2358720	5168	1	15171	1	5000	15000	other	0
sub-11_2	17	Pulse	255	2362766	9215	0
sub-11_2	17	Picture	cross	2373891	20340	1	30176	1	20000	30000	other	0
sub-11_2	17	Pulse	255	2382766	29215	0
sub-11_2	17	Pulse	255	2402766	49215	0
sub-11_2	17	Nothing	90	2403891	50340	1			50000		other	0
sub-11_2	17	Picture	response	2419072	65520	1	15171	1	65000	15000	hit	203
sub-11_2	17	Pulse	255	2422766	69214	0
sub-11_2	17	Response	2	2425096	71545	1
sub-11_2	17	Picture	blank2	2434243	80691	1	30176	1	80000	30000	other	0
sub-11_2	17	Pulse	255	2442765	89214	0
sub-11_2	17	Pulse	255	2462756	109204	0
sub-11_2	18	Picture	cross	2464585	0	1	4168	1	0	4000	other	0
sub-11_2	18	Picture	61	2469754	5168	1	15171	1	5000	15000	other	0
sub-11_2	18	Pulse	255	2482756	18171	0
sub-11_2	18	Picture	cross	2484925	20340	1	30176	1	20000	30000	other	0
sub-11_2	18	Pulse	255	2502756	38171	0
sub-11_2	18	Nothing	90	2514925	50340	1			50000		other	0
sub-11_2	18	Pulse	255	2522756	58171	0
sub-11_2	18	Picture	response	2530106	65520	1	15171	1	65000	15000	hit	215
sub-11_2	18	Response	1	2536157	71571	1
sub-11_2	18	Pulse	255	2542757	78171	0
sub-11_2	18	Picture	blank2	2545277	80691	1	15171	1	80000	15000	other	0
sub-11_2	19	Picture	cross	2560615	0	1	4168	1	0	4000	other	0
sub-11_2	19	Pulse	255	2562757	2142	0
sub-11_2	19	Picture	60	2565783	5168	1	15171	1	5000	15000	other	0
sub-11_2	19	Picture	cross	2580954	20340	1	30176	1	20000	30000	other	0
sub-11_2	19	Pulse	255	2582756	22141	0
sub-11_2	19	Pulse	255	2602757	42142	0
sub-11_2	19	Nothing	65	2610954	50340	1			50000		other	0
sub-11_2	19	Pulse	255	2622757	62143	0
sub-11_2	19	Picture	response	2626135	65520	1	15171	1	65000	15000	hit	227
sub-11_2	19	Response	1	2636577	75962	1
sub-11_2	19	Picture	blank2	2641306	80691	1	15171	1	80000	15000	other	0
sub-11_2	19	Pulse	255	2642757	82142	0
sub-11_2	20	Picture	cross	2656644	0	1	4168	1	0	4000	other	0
sub-11_2	20	Picture	21	2661813	5168	1	15171	1	5000	15000	other	0
sub-11_2	20	Pulse	255	2662758	6113	0
sub-11_2	20	Picture	cross	2676984	20340	1	30176	1	20000	30000	other	0
sub-11_2	20	Pulse	255	2682757	26112	0
sub-11_2	20	Pulse	255	2702757	46113	0
sub-11_2	20	Nothing	90	2706984	50340	1			50000		other	0
sub-11_2	20	Picture	response	2722164	65520	1	15171	1	65000	15000	hit	239
sub-11_2	20	Pulse	255	2722758	66113	0
sub-11_2	20	Response	2	2728867	72223	1
sub-11_2	20	Picture	blank2	2737336	80691	1	20173	1	80000	20000	other	0
sub-11_2	20	Pulse	255	2742757	86113	0
sub-11_2	21	Picture	cross	2757675	0	1	4168	1	0	4000	other	0
sub-11_2	21	Pulse	255	2762758	5083	0
sub-11_2	21	Picture	61	2762844	5168	1	15171	1	5000	15000	other	0
sub-11_2	21	Picture	cross	2778015	20340	1	30176	1	20000	30000	other	0
sub-11_2	21	Pulse	255	2782757	25082	0
sub-11_2	21	Pulse	255	2802757	45082	0
sub-11_2	21	Nothing	90	2808015	50340	1			50000		other	0
sub-11_2	21	Pulse	255	2822758	65083	0
sub-11_2	21	Picture	response	2823195	65520	1	15171	1	65000	15000	hit	251
sub-11_2	21	Response	2	2829108	71433	1
sub-11_2	21	Picture	blank2	2838367	80691	1	15171	1	80000	15000	other	0
sub-11_2	21	Pulse	255	2842758	85083	0
sub-11_2	22	Picture	cross	2853705	0	1	4168	1	0	4000	other	0
sub-11_2	22	Picture	40	2858873	5168	1	15171	1	5000	15000	other	0
sub-11_2	22	Pulse	255	2862757	9053	0
sub-11_2	22	Picture	cross	2874044	20340	1	30176	1	20000	30000	other	0
sub-11_2	22	Pulse	255	2882758	29054	0
sub-11_2	22	Pulse	255	2902758	49054	0
sub-11_2	22	Nothing	45	2904044	50340	1			50000		other	0
sub-11_2	22	Picture	response	2919225	65520	1	15171	1	65000	15000	hit	263
sub-11_2	22	Pulse	255	2922758	69053	0
sub-11_2	22	Response	2	2929638	75933	1
sub-11_2	22	Picture	blank2	2934396	80691	1	15171	1	80000	15000	other	0
sub-11_2	22	Pulse	255	2942759	89054	0
sub-11_2	23	Picture	cross	2949734	0	1	4168	1	0	4000	other	0
sub-11_2	23	Picture	60	2954902	5168	1	15171	1	5000	15000	other	0
sub-11_2	23	Pulse	255	2962758	13024	0
sub-11_2	23	Picture	cross	2970074	20340	1	30176	1	20000	30000	other	0
sub-11_2	23	Pulse	255	2982759	33024	0
sub-11_2	23	Nothing	65	3000074	50340	1			50000		other	0
sub-11_2	23	Pulse	255	3002758	53024	0
sub-11_2	23	Picture	response	3015254	65520	1	15171	1	65000	15000	hit	274
sub-11_2	23	Response	1	3022268	72534	1
sub-11_2	23	Pulse	255	3022757	73023	0
sub-11_2	23	Picture	blank2	3030426	80691	1	10170	1	80000	10000	other	0
sub-11_2	24	Picture	cross	3040762	0	1	4168	1	0	4000	other	0
sub-11_2	24	Pulse	255	3042757	1995	0
sub-11_2	24	Picture	61	3045930	5168	1	15171	1	5000	15000	other	0
sub-11_2	24	Picture	cross	3061102	20340	1	30176	1	20000	30000	other	0
sub-11_2	24	Pulse	255	3062758	21996	0
sub-11_2	24	Pulse	255	3082759	41997	0
sub-11_2	24	Nothing	90	3091102	50340	1			50000		other	0
sub-11_2	24	Pulse	255	3102759	61997	0
sub-11_2	24	Picture	response	3106282	65520	1	15171	1	65000	15000	hit	286
sub-11_2	24	Response	1	3112338	71576	1
sub-11_2	24	Picture	blank2	3121453	80691	1	30176	1	80000	30000	other	0
sub-11_2	24	Pulse	255	3122758	81996	0
sub-11_2	24	Pulse	255	3142758	101996	0
sub-11_2	25	Picture	cross	3151796	0	1	4168	1	0	4000	other	0
sub-11_2	25	Picture	60	3156964	5168	1	15171	1	5000	15000	other	0
sub-11_2	25	Pulse	255	3162759	10963	0
sub-11_2	25	Picture	cross	3172136	20340	1	30176	1	20000	30000	other	0
sub-11_2	25	Pulse	255	3182759	30963	0
sub-11_2	25	Nothing	65	3202136	50340	1			50000		other	0
sub-11_2	25	Pulse	255	3202759	50963	0
sub-11_2	25	Picture	response	3217316	65520	1	15171	1	65000	15000	hit	299
sub-11_2	25	Pulse	255	3222759	70963	0
sub-11_2	25	Response	2	3224299	72502	1
sub-11_2	25	Picture	blank2	3232487	80691	1	20173	1	80000	20000	other	0
sub-11_2	25	Pulse	255	3242759	90963	0
sub-11_2	26	Picture	cross	3252827	0	1	4168	1	0	4000	other	0
sub-11_2	26	Picture	40	3257995	5168	1	15171	1	5000	15000	other	0
sub-11_2	26	Pulse	255	3262758	9931	0
sub-11_2	26	Picture	cross	3273167	20340	1	30176	1	20000	30000	other	0
sub-11_2	26	Pulse	255	3282760	29933	0
sub-11_2	26	Pulse	255	3302758	49931	0
sub-11_2	26	Nothing	45	3303167	50340	1			50000		other	0
sub-11_2	26	Picture	response	3318347	65520	1	15171	1	65000	15000	hit	311
sub-11_2	26	Pulse	255	3322759	69932	0
sub-11_2	26	Response	1	3325300	72473	1
sub-11_2	26	Picture	blank2	3333518	80691	1	20173	1	80000	20000	other	0
sub-11_2	26	Pulse	255	3342760	89933	0
sub-11_2	27	Picture	cross	3353858	0	1	4168	1	0	4000	other	0
sub-11_2	27	Picture	21	3359026	5168	1	15171	1	5000	15000	other	0
sub-11_2	27	Pulse	255	3362759	8901	0
sub-11_2	27	Picture	cross	3374198	20340	1	30176	1	20000	30000	other	0
sub-11_2	27	Pulse	255	3382759	28901	0
sub-11_2	27	Pulse	255	3402760	48902	0
sub-11_2	27	Nothing	90	3404198	50340	1			50000		other	0
sub-11_2	27	Picture	response	3419378	65520	1	15171	1	65000	15000	hit	323
sub-11_2	27	Pulse	255	3422760	68902	0
sub-11_2	27	Response	1	3424869	71011	1
sub-11_2	27	Picture	blank2	3434549	80691	1	40179	1	80000	40000	other	0
sub-11_2	27	Pulse	255	3442760	88902	0
sub-11_2	27	Pulse	255	3462759	108901	0
sub-11_2	28	Picture	cross	3474895	0	1	4168	1	0	4000	other	0
sub-11_2	28	Picture	61	3480063	5168	1	15171	1	5000	15000	other	0
sub-11_2	28	Pulse	255	3482760	7865	0
sub-11_2	28	Picture	cross	3495235	20340	1	30176	1	20000	30000	other	0
sub-11_2	28	Pulse	255	3502760	27865	0
sub-11_2	28	Pulse	255	3522761	47865	0
sub-11_2	28	Nothing	90	3525235	50340	1			50000		other	0
sub-11_2	28	Picture	response	3540415	65520	1	15171	1	65000	15000	hit	336
sub-11_2	28	Pulse	255	3542761	67865	0
sub-11_2	28	Response	2	3547920	73025	1
sub-11_2	28	Picture	blank2	3555587	80691	1	30176	1	80000	30000	other	0
sub-11_2	28	Pulse	255	3562761	87866	0
sub-11_2	28	Pulse	255	3582760	107865	0
sub-11_2	29	Picture	cross	3585929	0	1	4168	1	0	4000	other	0
sub-11_2	29	Picture	40	3591097	5168	1	15171	1	5000	15000	other	0
sub-11_2	29	Pulse	255	3602760	16831	0
sub-11_2	29	Picture	cross	3606269	20340	1	30176	1	20000	30000	other	0
sub-11_2	29	Pulse	255	3622761	36832	0
sub-11_2	29	Nothing	45	3636269	50340	1			50000		other	0
sub-11_2	29	Pulse	255	3642761	56832	0
sub-11_2	29	Picture	response	3651449	65520	1	15171	1	65000	15000	hit	348
sub-11_2	29	Response	2	3660251	74322	1
sub-11_2	29	Pulse	255	3662761	76832	0
sub-11_2	29	Picture	blank2	3666621	80691	1	40179	1	80000	40000	other	0
sub-11_2	29	Pulse	255	3682760	96831	0
sub-11_2	29	Pulse	255	3702761	116832	0
sub-11_2	30	Picture	cross	3706966	0	1	4168	1	0	4000	other	0
sub-11_2	30	Picture	21	3712134	5168	1	15171	1	5000	15000	other	0
sub-11_2	30	Pulse	255	3722761	15795	0
sub-11_2	30	Picture	cross	3727306	20340	1	30176	1	20000	30000	other	0
sub-11_2	30	Pulse	255	3742761	35795	0
sub-11_2	30	Nothing	90	3757306	50340	1			50000		other	0
sub-11_2	30	Pulse	255	3762761	55794	0
sub-11_2	30	Picture	response	3772486	65520	1	15171	1	65000	15000	hit	361
sub-11_2	30	Response	2	3782211	75245	1
sub-11_2	30	Pulse	255	3782760	75794	0
sub-11_2	30	Picture	blank2	3787658	80691	1	15171	1	80000	15000	other	0
sub-11_2	30	Pulse	255	3802762	95795	0
sub-11_2	31	Picture	cross	3802996	0	1	4168	1	0	4000	other	0
sub-11_2	31	Picture	41	3808164	5168	1	15171	1	5000	15000	other	0
sub-11_2	31	Pulse	255	3822762	19766	0
sub-11_2	31	Picture	cross	3823335	20340	1	30176	1	20000	30000	other	0
sub-11_2	31	Pulse	255	3842761	39766	0
sub-11_2	31	Nothing	90	3853335	50340	1			50000		other	0
sub-11_2	31	Pulse	255	3862761	59765	0
sub-11_2	31	Picture	response	3868516	65520	1	15171	1	65000	15000	hit	373
sub-11_2	31	Response	2	3876312	73316	1
sub-11_2	31	Pulse	255	3882762	79766	0
sub-11_2	31	Picture	blank2	3883687	80691	1	20173	1	80000	20000	other	0
sub-11_2	31	Pulse	255	3902762	99766	0
sub-11_2	32	Picture	cross	3904027	0	1	4168	1	0	4000	other	0
sub-11_2	32	Picture	41	3909195	5168	1	15171	1	5000	15000	other	0
sub-11_2	32	Pulse	255	3922762	18735	0
sub-11_2	32	Picture	cross	3924366	20340	1	30176	1	20000	30000	other	0
sub-11_2	32	Pulse	255	3942762	38736	0
sub-11_2	32	Nothing	90	3954366	50340	1			50000		other	0
sub-11_2	32	Pulse	255	3962762	58735	0
sub-11_2	32	Picture	response	3969547	65520	1	15171	1	65000	15000	hit	385
sub-11_2	32	Response	1	3977102	73075	1
sub-11_2	32	Pulse	255	3982762	78736	0
sub-11_2	32	Picture	blank2	3984718	80691	1	15171	1	80000	15000	other	0
sub-11_2	33	Picture	cross	4000056	0	1	4168	1	0	4000	other	0
sub-11_2	33	Pulse	255	4002762	2706	0
sub-11_2	33	Picture	41	4005224	5168	1	15171	1	5000	15000	other	0
sub-11_2	33	Picture	cross	4020396	20340	1	30176	1	20000	30000	other	0
sub-11_2	33	Pulse	255	4022762	22706	0
sub-11_2	33	Pulse	255	4042763	42707	0
sub-11_2	33	Nothing	90	4050396	50340	1			50000		other	0
sub-11_2	33	Pulse	255	4062763	62707	0
sub-11_2	33	Picture	response	4065576	65520	1	15171	1	65000	15000	hit	397
sub-11_2	33	Response	2	4075533	75477	1
sub-11_2	33	Picture	blank2	4080747	80691	1	35177	1	80000	35000	other	0
sub-11_2	33	Pulse	255	4082763	82707	0
sub-11_2	33	Pulse	255	4102763	102706	0
sub-11_2	34	Picture	cross	4116092	0	1	4168	1	0	4000	other	0
sub-11_2	34	Picture	60	4121260	5168	1	15171	1	5000	15000	other	0
sub-11_2	34	Pulse	255	4122762	6671	0
sub-11_2	34	Picture	cross	4136431	20340	1	30176	1	20000	30000	other	0
sub-11_2	34	Pulse	255	4142762	26671	0
sub-11_2	34	Pulse	255	4162763	46671	0
sub-11_2	34	Nothing	65	4166431	50340	1			50000		other	0
sub-11_2	34	Picture	response	4181612	65520	1	15171	1	65000	15000	hit	410
sub-11_2	34	Pulse	255	4182763	66671	0
sub-11_2	34	Response	2	4192033	75941	1
sub-11_2	34	Picture	blank2	4196783	80691	1	20173	1	80000	20000	other	0
sub-11_2	34	Pulse	255	4202762	86671	0
sub-11_2	35	Picture	cross	4217123	0	1	4168	1	0	4000	other	0
sub-11_2	35	Picture	21	4222291	5168	1	15171	1	5000	15000	other	0
sub-11_2	35	Pulse	255	4222763	5641	0
sub-11_2	35	Picture	cross	4237462	20340	1	30176	1	20000	30000	other	0
sub-11_2	35	Pulse	255	4242763	25641	0
sub-11_2	35	Pulse	255	4262763	45640	0
sub-11_2	35	Nothing	90	4267462	50340	1			50000		other	0
sub-11_2	35	Picture	response	4282643	65520	1	15171	1	65000	15000	hit	422
sub-11_2	35	Pulse	255	4282763	65641	0
sub-11_2	35	Response	2	4289243	72120	1
sub-11_2	35	Picture	blank2	4297814	80691	1	15171	1	80000	15000	other	0
sub-11_2	35	Pulse	255	4302764	85641	0
sub-11_2	36	Picture	cross	4313152	0	1	4168	1	0	4000	other	0
sub-11_2	36	Picture	20	4318320	5168	1	15171	1	5000	15000	other	0
sub-11_2	36	Pulse	255	4322763	9611	0
sub-11_2	36	Picture	cross	4333492	20340	1	30176	1	20000	30000	other	0
sub-11_2	36	Pulse	255	4342763	29611	0
sub-11_2	36	Pulse	255	4362763	49611	0
sub-11_2	36	Nothing	25	4363492	50340	1			50000		other	0
sub-11_2	36	Picture	response	4378672	65520	1	15171	1	65000	15000	hit	434
sub-11_2	36	Pulse	255	4382764	69612	0
sub-11_2	36	Response	1	4387863	74711	1
sub-11_2	36	Picture	blank2	4393843	80691	1	20173	1	80000	20000	other	0
sub-11_2	36	Pulse	255	4402764	89612	0
sub-11_2	37	Picture	cross	4414183	0	1	4168	1	0	4000	other	0
sub-11_2	37	Picture	61	4419351	5168	1	15171	1	5000	15000	other	0
sub-11_2	37	Pulse	255	4422763	8580	0
sub-11_2	37	Picture	cross	4434523	20340	1	30176	1	20000	30000	other	0
sub-11_2	37	Pulse	255	4442764	28581	0
sub-11_2	37	Pulse	255	4462763	48580	0
sub-11_2	37	Nothing	90	4464523	50340	1			50000		other	0
sub-11_2	37	Picture	response	4479703	65520	1	15171	1	65000	15000	hit	446
sub-11_2	37	Pulse	255	4482764	68581	0
sub-11_2	37	Response	2	4488773	74590	1
sub-11_2	37	Picture	blank2	4494874	80691	1	40179	1	80000	40000	other	0
sub-11_2	37	Pulse	255	4502763	88580	0
sub-11_2	37	Pulse	255	4522763	108580	0
