Scenario - loca_mveb_bis
Logfile written - 07/02/2018 10:59:08

Subject	Trial	Event Type	Code	Time	TTime	Uncertainty	Duration	Uncertainty	ReqTime	ReqDur	Stim Type	Pair Index

sub-06_2	0	Pulse	255	702723	702723	0
sub-06_2	1	Picture	p_startup	702951	0	1	100226	1	0	100000	other	0
sub-06_2	1	Pulse	255	722724	19773	0
sub-06_2	1	Pulse	255	742724	39773	0
sub-06_2	1	Pulse	255	762724	59772	0
sub-06_2	1	Pulse	255	782724	79773	0
sub-06_2	1	Pulse	255	802724	99773	0
sub-06_2	2	Picture	cross	803344	0	1	4226	1	0	4000	other	0
sub-06_2	2	Picture	20	808403	5059	1	15226	1	5000	15000	other	0
sub-06_2	2	Pulse	255	822724	19380	0
sub-06_2	2	Picture	cross	823629	20285	1	30226	1	20000	30000	other	0
sub-06_2	2	Pulse	255	842724	39380	0
sub-06_2	2	Nothing	25	853629	50285	1			50000		other	0
sub-06_2	2	Pulse	255	862725	59381	0
sub-06_2	2	Picture	response	868855	65511	1	15226	1	65000	15000	miss	0
sub-06_2	2	Pulse	255	882725	79381	0
sub-06_2	2	Picture	blank2	884081	80737	1	20226	1	80000	20000	other	0
sub-06_2	2	Pulse	255	902725	99381	0
sub-06_2	3	Picture	cross	904473	0	1	4226	1	0	4000	other	0
sub-06_2	3	Picture	40	909699	5226	1	15226	1	5000	15000	other	0
sub-06_2	3	Pulse	255	922725	18252	0
sub-06_2	3	Picture	cross	924925	20452	1	30226	1	20000	30000	other	0
sub-06_2	3	Pulse	255	942725	38252	0
sub-06_2	3	Nothing	45	954925	50452	1			50000		other	0
sub-06_2	3	Pulse	255	962725	58252	0
sub-06_2	3	Picture	response	970151	65678	1	15226	1	65000	15000	miss	0
sub-06_2	3	Pulse	255	982725	78252	0
sub-06_2	3	Picture	blank2	985377	80904	1	15226	1	80000	15000	other	0
sub-06_2	4	Picture	cross	1000769	0	1	4226	1	0	4000	other	0
sub-06_2	4	Pulse	255	1002725	1956	0
sub-06_2	4	Picture	20	1005995	5226	1	15226	1	5000	15000	other	0
sub-06_2	4	Picture	cross	1021221	20452	1	30227	1	20000	30000	other	0
sub-06_2	4	Pulse	255	1022725	21956	0
sub-06_2	4	Pulse	255	1042725	41956	0
sub-06_2	4	Nothing	25	1051221	50452	1			50000		other	0
sub-06_2	4	Pulse	255	1062725	61956	0
sub-06_2	4	Picture	response	1066447	65678	1	15226	1	65000	15000	miss	0
sub-06_2	4	Picture	blank2	1081673	80904	1	20226	1	80000	20000	other	0
sub-06_2	4	Pulse	255	1082725	81956	0
sub-06_2	5	Picture	cross	1102065	0	1	4226	1	0	4000	other	0
sub-06_2	5	Pulse	255	1102725	660	0
sub-06_2	5	Picture	40	1107125	5059	1	15226	1	5000	15000	other	0
sub-06_2	5	Picture	cross	1122351	20285	1	30227	1	20000	30000	other	0
sub-06_2	5	Pulse	255	1122725	20660	0
sub-06_2	5	Pulse	255	1142725	40660	0
sub-06_2	5	Nothing	45	1152351	50285	1			50000		other	0
sub-06_2	5	Pulse	255	1162725	60660	0
sub-06_2	5	Picture	response	1167577	65511	1	15226	1	65000	15000	miss	0
sub-06_2	5	Pulse	255	1182726	80661	0
sub-06_2	5	Picture	blank2	1182802	80737	1	30226	1	80000	30000	other	0
sub-06_2	5	Pulse	255	1202725	100660	0
sub-06_2	6	Picture	cross	1213195	0	1	4226	1	0	4000	other	0
sub-06_2	6	Picture	61	1218421	5226	1	15226	1	5000	15000	other	0
sub-06_2	6	Pulse	255	1222726	9531	0
sub-06_2	6	Picture	cross	1233647	20452	1	30227	1	20000	30000	other	0
sub-06_2	6	Pulse	255	1242725	29530	0
sub-06_2	6	Pulse	255	1262726	49531	0
sub-06_2	6	Nothing	90	1263647	50452	1			50000		other	0
sub-06_2	6	Picture	response	1278873	65678	1	15226	1	65000	15000	miss	0
sub-06_2	6	Pulse	255	1282726	69531	0
sub-06_2	6	Picture	blank2	1294099	80904	1	40226	1	80000	40000	other	0
sub-06_2	6	Pulse	255	1302725	89530	0
sub-06_2	6	Pulse	255	1322726	109531	0
sub-06_2	7	Picture	cross	1334491	0	1	4226	1	0	4000	other	0
sub-06_2	7	Picture	40	1339717	5226	1	15226	1	5000	15000	other	0
sub-06_2	7	Pulse	255	1342726	8235	0
sub-06_2	7	Picture	cross	1354943	20452	1	30227	1	20000	30000	other	0
sub-06_2	7	Pulse	255	1362726	28235	0
sub-06_2	7	Pulse	255	1382725	48234	0
sub-06_2	7	Nothing	45	1384943	50452	1			50000		other	0
sub-06_2	7	Picture	response	1400169	65678	1	15226	1	65000	15000	miss	0
sub-06_2	7	Pulse	255	1402726	68235	0
sub-06_2	7	Picture	blank2	1415395	80903	1	40226	1	80000	40000	other	0
sub-06_2	7	Pulse	255	1422726	88235	0
sub-06_2	7	Pulse	255	1442726	108235	0
sub-06_2	8	Picture	cross	1455787	0	1	4226	1	0	4000	other	0
sub-06_2	8	Picture	20	1461013	5226	1	15226	1	5000	15000	other	0
sub-06_2	8	Pulse	255	1462726	6939	0
sub-06_2	8	Picture	cross	1476239	20452	1	30227	1	20000	30000	other	0
sub-06_2	8	Pulse	255	1482726	26939	0
sub-06_2	8	Pulse	255	1502727	46940	0
sub-06_2	8	Nothing	25	1506239	50452	1			50000		other	0
sub-06_2	8	Picture	response	1521465	65678	1	15078	1	65000	15000	miss	0
sub-06_2	8	Pulse	255	1522726	66939	0
sub-06_2	8	Picture	blank2	1536543	80756	1	35226	1	80000	35000	other	0
sub-06_2	8	Pulse	255	1542726	86939	0
sub-06_2	8	Pulse	255	1562726	106939	0
sub-06_2	9	Picture	cross	1571935	0	1	4227	1	0	4000	other	0
sub-06_2	9	Picture	41	1576995	5060	1	15226	1	5000	15000	other	0
sub-06_2	9	Pulse	255	1582727	10792	0
sub-06_2	9	Picture	cross	1592221	20286	1	30227	1	20000	30000	other	0
sub-06_2	9	Pulse	255	1602726	30791	0
sub-06_2	9	Nothing	90	1622221	50286	1			50000		other	0
sub-06_2	9	Pulse	255	1622727	50792	0
sub-06_2	9	Picture	response	1637447	65511	1	15226	1	65000	15000	miss	0
sub-06_2	9	Pulse	255	1642726	70791	0
sub-06_2	9	Picture	blank2	1652673	80737	1	30226	1	80000	30000	other	0
sub-06_2	9	Pulse	255	1662727	90792	0
sub-06_2	9	Pulse	255	1682748	110812	0
sub-06_2	10	Picture	cross	1683065	0	1	4226	1	0	4000	other	0
sub-06_2	10	Picture	20	1688125	5059	1	15226	1	5000	15000	other	0
sub-06_2	10	Pulse	255	1702727	19662	0
sub-06_2	10	Picture	cross	1703350	20285	1	30227	1	20000	30000	other	0
sub-06_2	10	Pulse	255	1722727	39662	0
sub-06_2	10	Nothing	25	1733350	50285	1			50000		other	0
sub-06_2	10	Pulse	255	1742726	59661	0
sub-06_2	10	Picture	response	1748576	65511	1	15226	1	65000	15000	miss	0
sub-06_2	10	Pulse	255	1762727	79662	0
sub-06_2	10	Picture	blank2	1763802	80737	1	10226	1	80000	10000	other	0
sub-06_2	11	Picture	cross	1774195	0	1	4226	1	0	4000	other	0
sub-06_2	11	Picture	21	1779421	5226	1	15226	1	5000	15000	other	0
sub-06_2	11	Pulse	255	1782727	8533	0
sub-06_2	11	Picture	cross	1794647	20452	1	30227	1	20000	30000	other	0
sub-06_2	11	Pulse	255	1802728	28533	0
sub-06_2	11	Pulse	255	1822727	48533	0
sub-06_2	11	Nothing	90	1824647	50452	1			50000		other	0
sub-06_2	11	Picture	response	1839872	65678	1	15226	1	65000	15000	miss	0
sub-06_2	11	Pulse	255	1842727	68533	0
sub-06_2	11	Picture	blank2	1855098	80903	1	20226	1	80000	20000	other	0
sub-06_2	11	Pulse	255	1862728	88533	0
sub-06_2	12	Picture	cross	1875490	0	1	4226	1	0	4000	other	0
sub-06_2	12	Picture	41	1880717	5226	1	15226	1	5000	15000	other	0
sub-06_2	12	Pulse	255	1882728	7237	0
sub-06_2	12	Picture	cross	1895942	20452	1	30227	1	20000	30000	other	0
sub-06_2	12	Pulse	255	1902728	27237	0
sub-06_2	12	Pulse	255	1922727	47237	0
sub-06_2	12	Nothing	90	1925942	50452	1			50000		other	0
sub-06_2	12	Picture	response	1941168	65678	1	15226	1	65000	15000	miss	0
sub-06_2	12	Pulse	255	1942728	67237	0
sub-06_2	12	Picture	blank2	1956394	80904	1	20226	1	80000	20000	other	0
sub-06_2	12	Pulse	255	1962727	87237	0
sub-06_2	13	Picture	cross	1976787	0	1	4226	1	0	4000	other	0
sub-06_2	13	Picture	21	1982013	5226	1	15226	1	5000	15000	other	0
sub-06_2	13	Pulse	255	1982728	5941	0
sub-06_2	13	Picture	cross	1997238	20452	1	30227	1	20000	30000	other	0
sub-06_2	13	Pulse	255	2002728	25942	0
sub-06_2	13	Pulse	255	2022728	45941	0
sub-06_2	13	Nothing	90	2027238	50452	1			50000		other	0
sub-06_2	13	Picture	response	2042464	65677	1	15226	1	65000	15000	miss	0
sub-06_2	13	Pulse	255	2042728	65942	0
sub-06_2	13	Picture	blank2	2057690	80903	1	15226	1	80000	15000	other	0
sub-06_2	13	Pulse	255	2062728	85942	0
sub-06_2	14	Picture	cross	2073082	0	1	4226	1	0	4000	other	0
sub-06_2	14	Picture	61	2078308	5226	1	15226	1	5000	15000	other	0
sub-06_2	14	Pulse	255	2082728	9645	0
sub-06_2	14	Picture	cross	2093534	20452	1	30227	1	20000	30000	other	0
sub-06_2	14	Pulse	255	2102728	29646	0
sub-06_2	14	Pulse	255	2122728	49646	0
sub-06_2	14	Nothing	90	2123534	50452	1			50000		other	0
sub-06_2	14	Picture	response	2138760	65678	1	15226	1	65000	15000	miss	0
sub-06_2	14	Pulse	255	2142728	69646	0
sub-06_2	14	Picture	blank2	2153986	80904	1	50226	1	80000	50000	other	0
sub-06_2	14	Pulse	255	2162729	89646	0
sub-06_2	14	Pulse	255	2182728	109646	0
sub-06_2	14	Pulse	255	2202729	129647	0
sub-06_2	15	Picture	cross	2204378	0	1	4226	1	0	4000	other	0
sub-06_2	15	Picture	21	2209605	5226	1	15226	1	5000	15000	other	0
sub-06_2	15	Pulse	255	2222729	18350	0
sub-06_2	15	Picture	cross	2224830	20452	1	30227	1	20000	30000	other	0
sub-06_2	15	Pulse	255	2242728	38350	0
sub-06_2	15	Nothing	90	2254830	50452	1			50000		other	0
sub-06_2	15	Pulse	255	2262729	58350	0
sub-06_2	15	Picture	response	2270056	65678	1	15226	1	65000	15000	miss	0
sub-06_2	15	Pulse	255	2282729	78351	0
sub-06_2	15	Picture	blank2	2285282	80904	1	30226	1	80000	30000	other	0
sub-06_2	15	Pulse	255	2302719	98341	0
sub-06_2	16	Picture	cross	2315675	0	1	4226	1	0	4000	other	0
sub-06_2	16	Picture	60	2320901	5226	1	15226	1	5000	15000	other	0
sub-06_2	16	Pulse	255	2322718	7044	0
sub-06_2	16	Picture	cross	2336127	20452	1	30227	1	20000	30000	other	0
sub-06_2	16	Pulse	255	2342722	27047	0
sub-06_2	16	Pulse	255	2362719	47045	0
sub-06_2	16	Nothing	65	2366127	50452	1			50000		other	0
sub-06_2	16	Picture	response	2381353	65678	1	15226	1	65000	15000	miss	0
sub-06_2	16	Pulse	255	2382719	67045	0
sub-06_2	16	Picture	blank2	2396578	80904	1	20226	1	80000	20000	other	0
sub-06_2	16	Pulse	255	2402719	87045	0
sub-06_2	17	Picture	cross	2416971	0	1	4226	1	0	4000	other	0
sub-06_2	17	Picture	41	2422197	5226	1	15226	1	5000	15000	other	0
sub-06_2	17	Pulse	255	2422719	5749	0
sub-06_2	17	Picture	cross	2437423	20452	1	30227	1	20000	30000	other	0
sub-06_2	17	Pulse	255	2442719	25749	0
sub-06_2	17	Pulse	255	2462719	45748	0
sub-06_2	17	Nothing	90	2467423	50452	1			50000		other	0
sub-06_2	17	Picture	response	2482649	65678	1	15226	1	65000	15000	miss	0
sub-06_2	17	Pulse	255	2482720	65749	0
sub-06_2	17	Picture	blank2	2497874	80904	1	30226	1	80000	30000	other	0
sub-06_2	17	Pulse	255	2502720	85750	0
sub-06_2	17	Pulse	255	2522720	105749	0
sub-06_2	18	Picture	cross	2528267	0	1	4226	1	0	4000	other	0
sub-06_2	18	Picture	61	2533326	5059	1	15226	1	5000	15000	other	0
sub-06_2	18	Pulse	255	2542719	14452	0
sub-06_2	18	Picture	cross	2548552	20285	1	30227	1	20000	30000	other	0
sub-06_2	18	Pulse	255	2562719	34453	0
sub-06_2	18	Nothing	90	2578552	50285	1			50000		other	0
sub-06_2	18	Pulse	255	2582719	54453	0
sub-06_2	18	Picture	response	2593778	65511	1	15226	1	65000	15000	miss	0
sub-06_2	18	Pulse	255	2602720	74453	0
sub-06_2	18	Picture	blank2	2609004	80737	1	15226	1	80000	15000	other	0
sub-06_2	18	Pulse	255	2622720	94453	0
sub-06_2	19	Picture	cross	2624396	0	1	4226	1	0	4000	other	0
sub-06_2	19	Picture	60	2629622	5226	1	15226	1	5000	15000	other	0
sub-06_2	19	Pulse	255	2642720	18324	0
sub-06_2	19	Picture	cross	2644848	20452	1	30227	1	20000	30000	other	0
sub-06_2	19	Pulse	255	2662720	38324	0
sub-06_2	19	Nothing	65	2674848	50452	1			50000		other	0
sub-06_2	19	Pulse	255	2682719	58323	0
sub-06_2	19	Picture	response	2690074	65678	1	15226	1	65000	15000	miss	0
sub-06_2	19	Pulse	255	2702720	78324	0
sub-06_2	19	Picture	blank2	2705300	80904	1	15226	1	80000	15000	other	0
sub-06_2	20	Picture	cross	2720693	0	1	4226	1	0	4000	other	0
sub-06_2	20	Pulse	255	2722720	2028	0
sub-06_2	20	Picture	21	2725919	5226	1	15226	1	5000	15000	other	0
sub-06_2	20	Picture	cross	2741144	20452	1	30227	1	20000	30000	other	0
sub-06_2	20	Pulse	255	2742721	22028	0
sub-06_2	20	Pulse	255	2762720	42027	0
sub-06_2	20	Nothing	90	2771144	50452	1			50000		other	0
sub-06_2	20	Pulse	255	2782720	62027	0
sub-06_2	20	Picture	response	2786370	65678	1	15226	1	65000	15000	miss	0
sub-06_2	20	Picture	blank2	2801596	80904	1	20226	1	80000	20000	other	0
sub-06_2	20	Pulse	255	2802720	82028	0
sub-06_2	21	Picture	cross	2821988	0	1	4226	1	0	4000	other	0
sub-06_2	21	Pulse	255	2822721	732	0
sub-06_2	21	Picture	61	2827215	5226	1	15226	1	5000	15000	other	0
sub-06_2	21	Picture	cross	2842440	20452	1	30227	1	20000	30000	other	0
sub-06_2	21	Pulse	255	2842721	20732	0
sub-06_2	21	Pulse	255	2862721	40732	0
sub-06_2	21	Nothing	90	2872440	50452	1			50000		other	0
sub-06_2	21	Pulse	255	2882721	60732	0
sub-06_2	21	Picture	response	2887667	65678	1	15226	1	65000	15000	miss	0
sub-06_2	21	Pulse	255	2902751	80763	0
sub-06_2	21	Picture	blank2	2902893	80904	1	15226	1	80000	15000	other	0
sub-06_2	22	Picture	cross	2918285	0	1	4226	1	0	4000	other	0
sub-06_2	22	Pulse	255	2922721	4436	0
sub-06_2	22	Picture	40	2923511	5226	1	15226	1	5000	15000	other	0
sub-06_2	22	Picture	cross	2938737	20452	1	30227	1	20000	30000	other	0
sub-06_2	22	Pulse	255	2942721	24436	0
sub-06_2	22	Pulse	255	2962721	44436	0
sub-06_2	22	Nothing	45	2968737	50452	1			50000		other	0
sub-06_2	22	Pulse	255	2982721	64436	0
sub-06_2	22	Picture	response	2983963	65678	1	15226	1	65000	15000	miss	0
sub-06_2	22	Picture	blank2	2999188	80903	1	15226	1	80000	15000	other	0
sub-06_2	22	Pulse	255	3002721	84436	0
sub-06_2	23	Picture	cross	3014581	0	1	4226	1	0	4000	other	0
sub-06_2	23	Picture	60	3019807	5226	1	15226	1	5000	15000	other	0
sub-06_2	23	Pulse	255	3022721	8140	0
sub-06_2	23	Picture	cross	3035032	20452	1	30227	1	20000	30000	other	0
sub-06_2	23	Pulse	255	3042721	28140	0
sub-06_2	23	Pulse	255	3062721	48140	0
sub-06_2	23	Nothing	65	3065032	50452	1			50000		other	0
sub-06_2	23	Picture	response	3080258	65677	1	15226	1	65000	15000	miss	0
sub-06_2	23	Pulse	255	3082721	68140	0
sub-06_2	23	Picture	blank2	3095484	80903	1	10226	1	80000	10000	other	0
sub-06_2	23	Pulse	255	3102721	88140	0
sub-06_2	24	Picture	cross	3105876	0	1	4226	1	0	4000	other	0
sub-06_2	24	Picture	61	3111102	5226	1	15226	1	5000	15000	other	0
sub-06_2	24	Pulse	255	3122721	16845	0
sub-06_2	24	Picture	cross	3126328	20452	1	30227	1	20000	30000	other	0
sub-06_2	24	Pulse	255	3142721	36845	0
sub-06_2	24	Nothing	90	3156328	50452	1			50000		other	0
sub-06_2	24	Pulse	255	3162721	56845	0
sub-06_2	24	Picture	response	3171554	65677	1	15226	1	65000	15000	miss	0
sub-06_2	24	Pulse	255	3182722	76845	0
sub-06_2	24	Picture	blank2	3186779	80903	1	30226	1	80000	30000	other	0
sub-06_2	24	Pulse	255	3202722	96845	0
sub-06_2	25	Picture	cross	3217172	0	1	4226	1	0	4000	other	0
sub-06_2	25	Picture	60	3222398	5226	1	15226	1	5000	15000	other	0
sub-06_2	25	Pulse	255	3222722	5550	0
sub-06_2	25	Picture	cross	3237624	20452	1	30227	1	20000	30000	other	0
sub-06_2	25	Pulse	255	3242722	25550	0
sub-06_2	25	Pulse	255	3262722	45550	0
sub-06_2	25	Nothing	65	3267624	50452	1			50000		other	0
sub-06_2	25	Pulse	255	3282722	65550	0
sub-06_2	25	Picture	response	3282850	65678	1	15226	1	65000	15000	miss	0
sub-06_2	25	Picture	blank2	3298075	80904	1	20226	1	80000	20000	other	0
sub-06_2	25	Pulse	255	3302722	85550	0
sub-06_2	26	Picture	cross	3318468	0	1	4226	1	0	4000	other	0
sub-06_2	26	Pulse	255	3322722	4255	0
sub-06_2	26	Picture	40	3323694	5226	1	15226	1	5000	15000	other	0
sub-06_2	26	Picture	cross	3338920	20452	1	30227	1	20000	30000	other	0
sub-06_2	26	Pulse	255	3342722	24254	0
sub-06_2	26	Pulse	255	3362722	44254	0
sub-06_2	26	Nothing	45	3368920	50452	1			50000		other	0
sub-06_2	26	Pulse	255	3382721	64254	1
sub-06_2	26	Picture	response	3384145	65678	1	15226	1	65000	15000	miss	0
sub-06_2	26	Picture	blank2	3399371	80904	1	20226	1	80000	20000	other	0
sub-06_2	26	Pulse	255	3402722	84254	0
sub-06_2	27	Picture	cross	3419764	0	1	4226	1	0	4000	other	0
sub-06_2	27	Pulse	255	3422722	2958	0
sub-06_2	27	Picture	21	3424823	5059	1	15226	1	5000	15000	other	0
sub-06_2	27	Picture	cross	3440050	20286	1	30227	1	20000	30000	other	0
sub-06_2	27	Pulse	255	3442722	22958	0
sub-06_2	27	Pulse	255	3462722	42958	0
sub-06_2	27	Nothing	90	3470050	50286	1			50000		other	0
sub-06_2	27	Pulse	255	3482722	62958	0
sub-06_2	27	Picture	response	3485275	65511	1	15226	1	65000	15000	miss	0
sub-06_2	27	Picture	blank2	3500501	80737	1	40226	1	80000	40000	other	0
sub-06_2	27	Pulse	255	3502723	82959	0
sub-06_2	27	Pulse	255	3522723	102959	0
sub-06_2	28	Picture	cross	3540893	0	1	4226	1	0	4000	other	0
sub-06_2	28	Pulse	255	3542723	1829	0
sub-06_2	28	Picture	61	3546120	5226	1	15226	1	5000	15000	other	0
sub-06_2	28	Picture	cross	3561345	20452	1	30227	1	20000	30000	other	0
sub-06_2	28	Pulse	255	3562723	21829	0
sub-06_2	28	Pulse	255	3582723	41829	0
sub-06_2	28	Nothing	90	3591345	50452	1			50000		other	0
sub-06_2	28	Pulse	255	3602723	61829	0
sub-06_2	28	Picture	response	3606571	65678	1	15226	1	65000	15000	miss	0
sub-06_2	28	Picture	blank2	3621797	80903	1	30226	1	80000	30000	other	0
sub-06_2	28	Pulse	255	3622723	81830	0
sub-06_2	28	Pulse	255	3642724	101830	0
sub-06_2	29	Picture	cross	3652189	0	1	4226	1	0	4000	other	0
sub-06_2	29	Picture	40	3657415	5226	1	15226	1	5000	15000	other	0
sub-06_2	29	Pulse	255	3662723	10534	0
sub-06_2	29	Picture	cross	3672641	20452	1	30227	1	20000	30000	other	0
sub-06_2	29	Pulse	255	3682723	30534	0
sub-06_2	29	Nothing	45	3702641	50452	1			50000		other	0
sub-06_2	29	Pulse	255	3702723	50534	0
sub-06_2	29	Picture	response	3717867	65678	1	15226	1	65000	15000	miss	0
sub-06_2	29	Pulse	255	3722723	70534	0
sub-06_2	29	Picture	blank2	3733093	80903	1	40226	1	80000	40000	other	0
sub-06_2	29	Pulse	255	3742723	90534	0
sub-06_2	29	Pulse	255	3762723	110534	0
sub-06_2	30	Picture	cross	3773485	0	1	4226	1	0	4000	other	0
sub-06_2	30	Picture	21	3778711	5226	1	15226	1	5000	15000	other	0
sub-06_2	30	Pulse	255	3782723	9238	0
sub-06_2	30	Picture	cross	3793937	20452	1	30227	1	20000	30000	other	0
sub-06_2	30	Pulse	255	3802724	29239	0
sub-06_2	30	Pulse	255	3822724	49238	0
sub-06_2	30	Nothing	90	3823937	50452	1			50000		other	0
sub-06_2	30	Picture	response	3839163	65678	1	15226	1	65000	15000	miss	0
sub-06_2	30	Pulse	255	3842724	69238	0
sub-06_2	30	Picture	blank2	3854389	80903	1	15226	1	80000	15000	other	0
sub-06_2	30	Pulse	255	3862724	89238	0
sub-06_2	31	Picture	cross	3869781	0	1	4226	1	0	4000	other	0
sub-06_2	31	Picture	41	3875007	5226	1	15226	1	5000	15000	other	0
sub-06_2	31	Pulse	255	3882724	12943	0
sub-06_2	31	Picture	cross	3890233	20452	1	30227	1	20000	30000	other	0
sub-06_2	31	Pulse	255	3902724	32943	0
sub-06_2	31	Nothing	90	3920233	50452	1			50000		other	0
sub-06_2	31	Pulse	255	3922724	52943	0
sub-06_2	31	Picture	response	3935425	65644	1	15226	1	65000	15000	miss	0
sub-06_2	31	Pulse	255	3942724	72943	0
sub-06_2	31	Picture	blank2	3950651	80870	1	20226	1	80000	20000	other	0
sub-06_2	31	Pulse	255	3962724	92943	0
sub-06_2	32	Picture	cross	3971043	0	1	4226	1	0	4000	other	0
sub-06_2	32	Picture	41	3976103	5059	1	15226	1	5000	15000	other	0
sub-06_2	32	Pulse	255	3982724	11681	0
sub-06_2	32	Picture	cross	3991329	20285	1	30227	1	20000	30000	other	0
sub-06_2	32	Pulse	255	4002724	31681	0
sub-06_2	32	Nothing	90	4021329	50285	1			50000		other	0
sub-06_2	32	Pulse	255	4022724	51681	0
sub-06_2	32	Picture	response	4036554	65511	1	15226	1	65000	15000	miss	0
sub-06_2	32	Pulse	255	4042724	71680	0
sub-06_2	32	Picture	blank2	4051780	80737	1	15226	1	80000	15000	other	0
sub-06_2	32	Pulse	255	4062724	91680	0
sub-06_2	33	Picture	cross	4067173	0	1	4226	1	0	4000	other	0
sub-06_2	33	Picture	41	4072399	5226	1	15226	1	5000	15000	other	0
sub-06_2	33	Pulse	255	4082724	15552	0
sub-06_2	33	Picture	cross	4087625	20452	1	30227	1	20000	30000	other	0
sub-06_2	33	Pulse	255	4102724	35552	0
sub-06_2	33	Nothing	90	4117625	50452	1			50000		other	0
sub-06_2	33	Pulse	255	4122724	55552	0
sub-06_2	33	Picture	response	4132850	65678	1	15226	1	65000	15000	miss	0
sub-06_2	33	Pulse	255	4142725	75552	0
sub-06_2	33	Picture	blank2	4148076	80903	1	35226	1	80000	35000	other	0
sub-06_2	33	Pulse	255	4162725	95552	0
sub-06_2	33	Pulse	255	4182725	115552	0
sub-06_2	34	Picture	cross	4183469	0	1	4226	1	0	4000	other	0
sub-06_2	34	Picture	60	4188695	5226	1	15226	1	5000	15000	other	0
sub-06_2	34	Pulse	255	4202724	19256	0
sub-06_2	34	Picture	cross	4203920	20452	1	30227	1	20000	30000	other	0
sub-06_2	34	Pulse	255	4222725	39256	0
sub-06_2	34	Nothing	65	4233920	50452	1			50000		other	0
sub-06_2	34	Pulse	255	4242725	59256	0
sub-06_2	34	Picture	response	4249146	65678	1	15226	1	65000	15000	miss	0
sub-06_2	34	Pulse	255	4262725	79256	0
sub-06_2	34	Picture	blank2	4264372	80904	1	20226	1	80000	20000	other	0
sub-06_2	34	Pulse	255	4282725	99256	0
sub-06_2	35	Picture	cross	4284765	0	1	4226	1	0	4000	other	0
sub-06_2	35	Picture	21	4289824	5059	1	15226	1	5000	15000	other	0
sub-06_2	35	Pulse	255	4302725	17960	0
sub-06_2	35	Picture	cross	4305050	20285	1	30227	1	20000	30000	other	0
sub-06_2	35	Pulse	255	4322725	37960	0
sub-06_2	35	Nothing	90	4335050	50285	1			50000		other	0
sub-06_2	35	Pulse	255	4342725	57961	0
sub-06_2	35	Picture	response	4350275	65511	1	15226	1	65000	15000	miss	0
sub-06_2	35	Pulse	255	4362725	77961	0
sub-06_2	35	Picture	blank2	4365501	80737	1	15226	1	80000	15000	other	0
sub-06_2	36	Picture	cross	4380893	0	1	4226	1	0	4000	other	0
sub-06_2	36	Pulse	255	4382725	1832	0
sub-06_2	36	Picture	20	4386120	5226	1	15226	1	5000	15000	other	0
sub-06_2	36	Picture	cross	4401345	20452	1	30227	1	20000	30000	other	0
sub-06_2	36	Pulse	255	4402725	21832	0
sub-06_2	36	Pulse	255	4422726	41832	0
sub-06_2	36	Nothing	25	4431345	50452	1			50000		other	0
sub-06_2	36	Pulse	255	4442726	61832	0
sub-06_2	36	Picture	response	4446571	65678	1	15226	1	65000	15000	miss	0
sub-06_2	36	Picture	blank2	4461797	80904	1	20226	1	80000	20000	other	0
sub-06_2	36	Pulse	255	4462716	81822	0
sub-06_2	37	Picture	cross	4482189	0	1	4226	1	0	4000	other	0
sub-06_2	37	Pulse	255	4482716	527	0
sub-06_2	37	Picture	61	4487416	5226	1	15226	1	5000	15000	other	0
sub-06_2	37	Picture	cross	4502641	20452	1	30227	1	20000	30000	other	0
sub-06_2	37	Pulse	255	4502715	20526	0
sub-06_2	37	Pulse	255	4522716	40526	0
sub-06_2	37	Nothing	90	4532641	50452	1			50000		other	0
sub-06_2	37	Pulse	255	4542716	60526	0
sub-06_2	37	Picture	response	4547868	65678	1	15226	1	65000	15000	miss	0
sub-06_2	37	Pulse	255	4562716	80527	0
sub-06_2	37	Picture	blank2	4563094	80904	1	40226	1	80000	40000	other	0
sub-06_2	37	Pulse	255	4582716	100526	0
sub-06_2	37	Pulse	255	4602715	120526	0
