Scenario - loca_mveb
Logfile written - 06/27/2018 10:13:23

Subject	Trial	Event Type	Code	Time	TTime	Uncertainty	Duration	Uncertainty	ReqTime	ReqDur	Stim Type	Pair Index

sub-14_1	0	Pulse	255	874671	874671	0
sub-14_1	1	Picture	p_startup	874899	0	1	100226	1	0	100000	other	0
sub-14_1	1	Pulse	255	894670	19771	0
sub-14_1	1	Pulse	255	914671	39772	0
sub-14_1	1	Pulse	255	934670	59771	0
sub-14_1	1	Pulse	255	954671	79772	0
sub-14_1	1	Pulse	255	974670	99771	0
sub-14_1	2	Picture	cross	975292	0	1	4226	1	0	4000	other	0
sub-14_1	2	Picture	61	980351	5060	1	15226	1	5000	15000	other	0
sub-14_1	2	Pulse	255	994670	19379	0
sub-14_1	2	Picture	cross	995577	20285	1	30227	1	20000	30000	other	0
sub-14_1	2	Pulse	255	1014671	39379	0
sub-14_1	2	Nothing	90	1025577	50285	1			50000		other	0
sub-14_1	2	Pulse	255	1034671	59379	0
sub-14_1	2	Picture	response	1040803	65511	1	15226	1	65000	15000	hit	16
sub-14_1	2	Response	1	1048170	72879	1
sub-14_1	2	Pulse	255	1054671	79380	0
sub-14_1	2	Picture	blank2	1056029	80737	1	15226	1	80000	15000	other	0
sub-14_1	3	Picture	cross	1071421	0	1	4226	1	0	4000	other	0
sub-14_1	3	Pulse	255	1074671	3250	0
sub-14_1	3	Picture	40	1076647	5226	1	15226	1	5000	15000	other	0
sub-14_1	3	Picture	cross	1091873	20452	1	30227	1	20000	30000	other	0
sub-14_1	3	Pulse	255	1094671	23250	0
sub-14_1	3	Pulse	255	1114671	43250	0
sub-14_1	3	Nothing	45	1121873	50452	1			50000		other	0
sub-14_1	3	Pulse	255	1134671	63250	0
sub-14_1	3	Picture	response	1137099	65678	1	15226	1	65000	15000	hit	28
sub-14_1	3	Response	1	1152211	80791	1
sub-14_1	3	Picture	blank2	1152325	80904	1	25226	1	80000	25000	other	0
sub-14_1	3	Pulse	255	1154671	83250	0
sub-14_1	3	Pulse	255	1174671	103250	0
sub-14_1	4	Picture	cross	1177718	0	1	4226	1	0	4000	other	0
sub-14_1	4	Picture	60	1182943	5226	1	15226	1	5000	15000	other	0
sub-14_1	4	Pulse	255	1194671	16954	0
sub-14_1	4	Picture	cross	1198169	20452	1	30227	1	20000	30000	other	0
sub-14_1	4	Pulse	255	1214661	36943	0
sub-14_1	4	Nothing	65	1228169	50452	1			50000		other	0
sub-14_1	4	Pulse	255	1234662	56944	0
sub-14_1	4	Picture	response	1243395	65677	1	15226	1	65000	15000	miss	0
sub-14_1	4	Pulse	255	1254661	76943	0
sub-14_1	4	Picture	blank2	1258621	80903	1	15226	1	80000	15000	other	0
sub-14_1	5	Picture	cross	1274013	0	1	4226	1	0	4000	other	0
sub-14_1	5	Pulse	255	1274662	648	0
sub-14_1	5	Picture	20	1279239	5226	1	15226	1	5000	15000	other	0
sub-14_1	5	Picture	cross	1294465	20452	1	30227	1	20000	30000	other	0
sub-14_1	5	Pulse	255	1294662	20648	0
sub-14_1	5	Pulse	255	1314662	40648	0
sub-14_1	5	Nothing	25	1324465	50452	1			50000		other	0
sub-14_1	5	Pulse	255	1334662	60648	0
sub-14_1	5	Picture	response	1339691	65678	1	15226	1	65000	15000	hit	53
sub-14_1	5	Pulse	255	1354661	80648	0
sub-14_1	5	Picture	blank2	1354917	80903	1	20226	1	80000	20000	other	0
sub-14_1	5	Response	1	1361972	87958	1
sub-14_1	5	Pulse	255	1374661	100648	0
sub-14_1	6	Picture	cross	1375309	0	1	4226	1	0	4000	other	0
sub-14_1	6	Picture	60	1380535	5226	1	15226	1	5000	15000	other	0
sub-14_1	6	Pulse	255	1394662	19353	0
sub-14_1	6	Picture	cross	1395761	20452	1	30226	1	20000	30000	other	0
sub-14_1	6	Pulse	255	1414662	39353	0
sub-14_1	6	Nothing	65	1425761	50452	1			50000		other	0
sub-14_1	6	Pulse	255	1434662	59352	0
sub-14_1	6	Picture	response	1440987	65678	1	15226	1	65000	15000	hit	63
sub-14_1	6	Response	1	1454512	79203	1
sub-14_1	6	Pulse	255	1454661	79352	0
sub-14_1	6	Picture	blank2	1456212	80903	1	45226	1	80000	45000	other	0
sub-14_1	6	Pulse	255	1474662	99353	0
sub-14_1	6	Pulse	255	1494662	119353	0
sub-14_1	7	Picture	cross	1501605	0	1	4226	1	0	4000	other	0
sub-14_1	7	Picture	20	1506664	5059	1	15226	1	5000	15000	other	0
sub-14_1	7	Pulse	255	1514662	13057	0
sub-14_1	7	Picture	cross	1521890	20285	1	30227	1	20000	30000	other	0
sub-14_1	7	Pulse	255	1534662	33057	0
sub-14_1	7	Nothing	25	1551890	50285	1			50000		other	0
sub-14_1	7	Pulse	255	1554662	53057	0
sub-14_1	7	Picture	response	1567116	65511	1	15226	1	65000	15000	miss	0
sub-14_1	7	Pulse	255	1574663	73058	0
sub-14_1	7	Picture	blank2	1582341	80737	1	35226	1	80000	35000	other	0
sub-14_1	7	Response	1	1594013	92408	1
sub-14_1	7	Pulse	255	1594662	93057	0
sub-14_1	7	Pulse	255	1614663	113058	0
sub-14_1	8	Picture	cross	1617734	0	1	4226	1	0	4000	other	0
sub-14_1	8	Picture	61	1622960	5226	1	15226	1	5000	15000	other	0
sub-14_1	8	Pulse	255	1634662	16928	0
sub-14_1	8	Picture	cross	1638186	20452	1	30227	1	20000	30000	other	0
sub-14_1	8	Pulse	255	1654663	36928	0
sub-14_1	8	Nothing	90	1668186	50452	1			50000		other	0
sub-14_1	8	Pulse	255	1674662	56928	0
sub-14_1	8	Picture	response	1683412	65678	1	15226	1	65000	15000	miss	0
sub-14_1	8	Pulse	255	1694663	76929	0
sub-14_1	8	Picture	blank2	1698638	80904	1	45226	1	80000	45000	other	0
sub-14_1	8	Pulse	255	1714663	96929	0
sub-14_1	8	Pulse	255	1734662	116928	0
sub-14_1	8	Response	1	1740533	122799	1
sub-14_1	9	Picture	cross	1744030	0	1	4226	1	0	4000	other	0
sub-14_1	9	Picture	41	1749256	5226	1	15226	1	5000	15000	other	0
sub-14_1	9	Pulse	255	1754663	10633	0
sub-14_1	9	Picture	cross	1764482	20452	1	30227	1	20000	30000	other	0
sub-14_1	9	Pulse	255	1774663	30633	0
sub-14_1	9	Nothing	90	1794482	50452	1			50000		other	0
sub-14_1	9	Pulse	255	1794663	50633	0
sub-14_1	9	Picture	response	1809708	65678	1	15226	1	65000	15000	hit	103
sub-14_1	9	Pulse	255	1814663	70633	0
sub-14_1	9	Response	1	1821113	77082	1
sub-14_1	9	Picture	blank2	1824934	80904	1	10226	1	80000	10000	other	0
sub-14_1	9	Pulse	255	1834663	90633	0
sub-14_1	10	Picture	cross	1835326	0	1	4226	1	0	4000	other	0
sub-14_1	10	Picture	20	1840552	5226	1	15226	1	5000	15000	other	0
sub-14_1	10	Pulse	255	1854663	19337	0
sub-14_1	10	Picture	cross	1855778	20452	1	30227	1	20000	30000	other	0
sub-14_1	10	Pulse	255	1874663	39337	0
sub-14_1	10	Nothing	25	1885778	50452	1			50000		other	0
sub-14_1	10	Pulse	255	1894663	59337	0
sub-14_1	10	Picture	response	1901004	65678	1	15226	1	65000	15000	hit	114
sub-14_1	10	Response	2	1911093	75767	1
sub-14_1	10	Pulse	255	1914663	79337	0
sub-14_1	10	Picture	blank2	1916230	80903	1	20226	1	80000	20000	other	0
sub-14_1	10	Pulse	255	1934663	99337	0
sub-14_1	11	Picture	cross	1936622	0	1	4226	1	0	4000	other	0
sub-14_1	11	Picture	41	1941848	5226	1	15226	1	5000	15000	other	0
sub-14_1	11	Pulse	255	1954663	18041	0
sub-14_1	11	Picture	cross	1957074	20452	1	30227	1	20000	30000	other	0
sub-14_1	11	Pulse	255	1974663	38041	0
sub-14_1	11	Nothing	90	1987074	50452	1			50000		other	0
sub-14_1	11	Pulse	255	1994663	58041	0
sub-14_1	11	Picture	response	2002300	65678	1	15226	1	65000	15000	miss	0
sub-14_1	11	Pulse	255	2014663	78041	0
sub-14_1	11	Picture	blank2	2017526	80903	1	30226	1	80000	30000	other	0
sub-14_1	11	Pulse	255	2034664	98042	0
sub-14_1	12	Picture	cross	2047918	0	1	4226	1	0	4000	other	0
sub-14_1	12	Picture	40	2053144	5226	1	15226	1	5000	15000	other	0
sub-14_1	12	Pulse	255	2054663	6745	0
sub-14_1	12	Picture	cross	2068370	20452	1	30227	1	20000	30000	other	0
sub-14_1	12	Pulse	255	2074664	26746	0
sub-14_1	12	Pulse	255	2094664	46746	0
sub-14_1	12	Nothing	45	2098370	50452	1			50000		other	0
sub-14_1	12	Picture	response	2113596	65678	1	15226	1	65000	15000	hit	140
sub-14_1	12	Pulse	255	2114664	66746	0
sub-14_1	12	Picture	blank2	2128821	80903	1	40226	1	80000	40000	other	0
sub-14_1	12	Pulse	255	2134664	86746	0
sub-14_1	12	Response	2	2139084	91166	1
sub-14_1	12	Pulse	255	2154664	106746	0
sub-14_1	13	Picture	cross	2169214	0	1	4226	1	0	4000	other	0
sub-14_1	13	Picture	21	2174440	5226	1	15226	1	5000	15000	other	0
sub-14_1	13	Pulse	255	2174664	5451	0
sub-14_1	13	Picture	cross	2189666	20452	1	30227	1	20000	30000	other	0
sub-14_1	13	Pulse	255	2194664	25450	0
sub-14_1	13	Pulse	255	2214664	45450	0
sub-14_1	13	Nothing	90	2219666	50452	1			50000		other	0
sub-14_1	13	Pulse	255	2234664	65450	0
sub-14_1	13	Picture	response	2234892	65678	1	15226	1	65000	15000	hit	151
sub-14_1	13	Response	2	2244624	75410	1
sub-14_1	13	Picture	blank2	2250117	80904	1	10226	1	80000	10000	other	0
sub-14_1	13	Pulse	255	2254664	85450	0
sub-14_1	14	Picture	cross	2260510	0	1	4226	1	0	4000	other	0
sub-14_1	14	Picture	60	2265736	5226	1	15226	1	5000	15000	other	0
sub-14_1	14	Pulse	255	2274664	14155	0
sub-14_1	14	Picture	cross	2280962	20452	1	30227	1	20000	30000	other	0
sub-14_1	14	Pulse	255	2294665	34155	0
sub-14_1	14	Nothing	65	2310962	50452	1			50000		other	0
sub-14_1	14	Pulse	255	2314665	54155	0
sub-14_1	14	Picture	response	2326188	65678	1	15226	1	65000	15000	miss	0
sub-14_1	14	Response	2	2334014	73504	1
sub-14_1	14	Pulse	255	2334664	74154	0
sub-14_1	14	Picture	blank2	2341414	80904	1	30226	1	80000	30000	other	0
sub-14_1	14	Pulse	255	2354665	94155	0
sub-14_1	15	Picture	cross	2371806	0	1	4226	1	0	4000	other	0
sub-14_1	15	Pulse	255	2374665	2859	0
sub-14_1	15	Picture	61	2377032	5226	1	15226	1	5000	15000	other	0
sub-14_1	15	Picture	cross	2392258	20452	1	30227	1	20000	30000	other	0
sub-14_1	15	Pulse	255	2394665	22859	0
sub-14_1	15	Pulse	255	2414665	42859	0
sub-14_1	15	Nothing	90	2422258	50452	1			50000		other	0
sub-14_1	15	Pulse	255	2434664	62858	0
sub-14_1	15	Picture	response	2437483	65677	1	15226	1	65000	15000	hit	175
sub-14_1	15	Response	1	2446985	75179	1
sub-14_1	15	Picture	blank2	2452709	80903	1	15226	1	80000	15000	other	0
sub-14_1	15	Pulse	255	2454665	82859	0
sub-14_1	16	Picture	cross	2468102	0	1	4226	1	0	4000	other	0
sub-14_1	16	Picture	61	2473161	5060	1	15226	1	5000	15000	other	0
sub-14_1	16	Pulse	255	2474665	6564	0
sub-14_1	16	Picture	cross	2488387	20285	1	30227	1	20000	30000	other	0
sub-14_1	16	Pulse	255	2494665	26564	0
sub-14_1	16	Pulse	255	2514665	46563	0
sub-14_1	16	Nothing	90	2518387	50285	1			50000		other	0
sub-14_1	16	Picture	response	2533613	65511	1	15226	1	65000	15000	hit	188
sub-14_1	16	Pulse	255	2534665	66564	0
sub-14_1	16	Picture	blank2	2548838	80737	1	20226	1	80000	20000	other	0
sub-14_1	16	Response	2	2549365	81264	1
sub-14_1	16	Pulse	255	2554665	86564	0
sub-14_1	17	Picture	cross	2569231	0	1	4226	1	0	4000	other	0
sub-14_1	17	Picture	20	2574457	5226	1	15226	1	5000	15000	other	0
sub-14_1	17	Pulse	255	2574666	5435	0
sub-14_1	17	Picture	cross	2589683	20452	1	30227	1	20000	30000	other	0
sub-14_1	17	Pulse	255	2594665	25435	0
sub-14_1	17	Pulse	255	2614665	45435	0
sub-14_1	17	Nothing	25	2619683	50452	1			50000		other	0
sub-14_1	17	Pulse	255	2634665	65434	0
sub-14_1	17	Picture	response	2634908	65677	1	15226	1	65000	15000	hit	200
sub-14_1	17	Picture	blank2	2650134	80903	1	40226	1	80000	40000	other	0
sub-14_1	17	Response	1	2650906	81675	1
sub-14_1	17	Pulse	255	2654665	85434	0
sub-14_1	17	Pulse	255	2674666	105435	0
sub-14_1	18	Picture	cross	2690527	0	1	4226	1	0	4000	other	0
sub-14_1	18	Pulse	255	2694666	4139	0
sub-14_1	18	Picture	20	2695753	5226	1	15226	1	5000	15000	other	0
sub-14_1	18	Picture	cross	2710978	20452	1	30227	1	20000	30000	other	0
sub-14_1	18	Pulse	255	2714665	24139	0
sub-14_1	18	Pulse	255	2734665	44139	0
sub-14_1	18	Nothing	25	2740978	50452	1			50000		other	0
sub-14_1	18	Pulse	255	2754666	64139	0
sub-14_1	18	Picture	response	2756204	65677	1	15226	1	65000	15000	hit	214
sub-14_1	18	Picture	blank2	2771430	80904	1	15226	1	80000	15000	other	0
sub-14_1	18	Pulse	255	2774666	84139	0
sub-14_1	18	Response	1	2777146	86619	1
sub-14_1	19	Picture	cross	2786823	0	1	4226	1	0	4000	other	0
sub-14_1	19	Picture	61	2792049	5226	1	15226	1	5000	15000	other	0
sub-14_1	19	Pulse	255	2794666	7843	0
sub-14_1	19	Picture	cross	2807275	20452	1	30227	1	20000	30000	other	0
sub-14_1	19	Pulse	255	2814666	27843	0
sub-14_1	19	Pulse	255	2834666	47843	0
sub-14_1	19	Nothing	90	2837275	50452	1			50000		other	0
sub-14_1	19	Picture	response	2852500	65678	1	15226	1	65000	15000	hit	224
sub-14_1	19	Pulse	255	2854666	67843	0
sub-14_1	19	Response	2	2861477	74654	1
sub-14_1	19	Picture	blank2	2867726	80903	1	20226	1	80000	20000	other	0
sub-14_1	19	Pulse	255	2874666	87844	0
sub-14_1	20	Picture	cross	2888118	0	1	4226	1	0	4000	other	0
sub-14_1	20	Picture	40	2893344	5226	1	15226	1	5000	15000	other	0
sub-14_1	20	Pulse	255	2894666	6548	0
sub-14_1	20	Picture	cross	2908570	20452	1	30227	1	20000	30000	other	0
sub-14_1	20	Pulse	255	2914666	26548	0
sub-14_1	20	Pulse	255	2934666	46548	0
sub-14_1	20	Nothing	45	2938570	50452	1			50000		other	0
sub-14_1	20	Picture	response	2953796	65678	1	15226	1	65000	15000	hit	236
sub-14_1	20	Pulse	255	2954666	66548	0
sub-14_1	20	Response	1	2965526	77408	1
sub-14_1	20	Picture	blank2	2969022	80904	1	30226	1	80000	30000	other	0
sub-14_1	20	Pulse	255	2974666	86548	0
sub-14_1	20	Pulse	255	2994667	106548	0
sub-14_1	21	Picture	cross	2999414	0	1	4226	1	0	4000	other	0
sub-14_1	21	Picture	61	3004640	5226	1	15226	1	5000	15000	other	0
sub-14_1	21	Pulse	255	3014665	15251	0
sub-14_1	21	Picture	cross	3019866	20452	1	30227	1	20000	30000	other	0
sub-14_1	21	Pulse	255	3034666	35252	0
sub-14_1	21	Nothing	90	3049866	50452	1			50000		other	0
sub-14_1	21	Pulse	255	3054667	55252	0
sub-14_1	21	Picture	response	3065092	65678	1	15226	1	65000	15000	hit	249
sub-14_1	21	Pulse	255	3074666	75252	0
sub-14_1	21	Response	1	3078717	79302	1
sub-14_1	21	Picture	blank2	3080318	80903	1	40226	1	80000	40000	other	0
sub-14_1	21	Pulse	255	3094667	95252	0
sub-14_1	21	Pulse	255	3114667	115252	0
sub-14_1	22	Picture	cross	3120710	0	1	4226	1	0	4000	other	0
sub-14_1	22	Picture	20	3125936	5226	1	15226	1	5000	15000	other	0
sub-14_1	22	Pulse	255	3134667	13957	0
sub-14_1	22	Picture	cross	3141162	20452	1	30227	1	20000	30000	other	0
sub-14_1	22	Pulse	255	3154666	33956	0
sub-14_1	22	Nothing	25	3171162	50452	1			50000		other	0
sub-14_1	22	Pulse	255	3174667	53957	0
sub-14_1	22	Picture	response	3186388	65678	1	15226	1	65000	15000	hit	262
sub-14_1	22	Pulse	255	3194667	73957	0
sub-14_1	22	Response	1	3198597	77887	1
sub-14_1	22	Picture	blank2	3201613	80903	1	25226	1	80000	25000	other	0
sub-14_1	22	Pulse	255	3214667	93957	0
sub-14_1	23	Picture	cross	3227006	0	1	4226	1	0	4000	other	0
sub-14_1	23	Picture	41	3232065	5059	1	15226	1	5000	15000	other	0
sub-14_1	23	Pulse	255	3234667	7661	0
sub-14_1	23	Picture	cross	3247291	20285	1	30227	1	20000	30000	other	0
sub-14_1	23	Pulse	255	3254667	27661	0
sub-14_1	23	Pulse	255	3274667	47661	0
sub-14_1	23	Nothing	90	3277291	50285	1			50000		other	0
sub-14_1	23	Picture	response	3292517	65511	1	15226	1	65000	15000	miss	0
sub-14_1	23	Pulse	255	3294667	67661	0
sub-14_1	23	Picture	blank2	3307743	80737	1	10226	1	80000	10000	other	0
sub-14_1	23	Pulse	255	3314667	87662	0
sub-14_1	24	Picture	cross	3318135	0	1	4226	1	0	4000	other	0
sub-14_1	24	Picture	60	3323361	5226	1	15226	1	5000	15000	other	0
sub-14_1	24	Pulse	255	3334667	16532	0
sub-14_1	24	Picture	cross	3338587	20452	1	30227	1	20000	30000	other	0
sub-14_1	24	Pulse	255	3354667	36532	0
sub-14_1	24	Nothing	65	3368587	50452	1			50000		other	0
sub-14_1	24	Pulse	255	3374667	56532	0
sub-14_1	24	Picture	response	3383813	65678	1	15226	1	65000	15000	hit	284
sub-14_1	24	Response	1	3392018	73883	1
sub-14_1	24	Pulse	255	3394668	76533	0
sub-14_1	24	Picture	blank2	3399038	80903	1	15226	1	80000	15000	other	0
sub-14_1	25	Picture	cross	3414431	0	1	4226	1	0	4000	other	0
sub-14_1	25	Pulse	255	3414668	237	0
sub-14_1	25	Picture	21	3419657	5226	1	15226	1	5000	15000	other	0
sub-14_1	25	Pulse	255	3434657	20226	1
sub-14_1	25	Picture	cross	3434883	20452	1	30227	1	20000	30000	other	0
sub-14_1	25	Pulse	255	3454658	40227	0
sub-14_1	25	Nothing	90	3464883	50452	1			50000		other	0
sub-14_1	25	Pulse	255	3474658	60228	0
sub-14_1	25	Picture	response	3480109	65678	1	15226	1	65000	15000	hit	296
sub-14_1	25	Response	2	3490488	76057	1
sub-14_1	25	Pulse	255	3494657	80227	0
sub-14_1	25	Picture	blank2	3495334	80903	1	60226	1	80000	60000	other	0
sub-14_1	25	Pulse	255	3514657	100227	0
sub-14_1	25	Pulse	255	3534658	120227	0
sub-14_1	25	Pulse	255	3554658	140227	0
sub-14_1	26	Picture	cross	3555727	0	1	4226	1	0	4000	other	0
sub-14_1	26	Picture	41	3560953	5226	1	15226	1	5000	15000	other	0
sub-14_1	26	Pulse	255	3574658	18931	0
sub-14_1	26	Picture	cross	3576178	20451	1	30226	1	20000	30000	other	0
sub-14_1	26	Pulse	255	3594658	38931	0
sub-14_1	26	Nothing	90	3606178	50451	1			50000		other	0
sub-14_1	26	Pulse	255	3614658	58932	0
sub-14_1	26	Picture	response	3621404	65677	1	15226	1	65000	15000	hit	310
sub-14_1	26	Response	2	3630178	74452	1
sub-14_1	26	Pulse	255	3634658	78931	0
sub-14_1	26	Picture	blank2	3636630	80903	1	40226	1	80000	40000	other	0
sub-14_1	26	Pulse	255	3654658	98932	0
sub-14_1	26	Pulse	255	3674658	118932	0
sub-14_1	27	Picture	cross	3677023	0	1	4226	1	0	4000	other	0
sub-14_1	27	Picture	40	3682249	5226	1	15226	1	5000	15000	other	0
sub-14_1	27	Pulse	255	3694658	17635	0
sub-14_1	27	Picture	cross	3697474	20452	1	30227	1	20000	30000	other	0
sub-14_1	27	Pulse	255	3714658	37636	0
sub-14_1	27	Nothing	45	3727474	50452	1			50000		other	0
sub-14_1	27	Pulse	255	3734659	57636	0
sub-14_1	27	Picture	response	3742700	65678	1	15226	1	65000	15000	hit	323
sub-14_1	27	Response	2	3752269	75246	1
sub-14_1	27	Pulse	255	3754659	77636	0
sub-14_1	27	Picture	blank2	3757926	80903	1	15226	1	80000	15000	other	0
sub-14_1	28	Picture	cross	3773318	0	1	4226	1	0	4000	other	0
sub-14_1	28	Pulse	255	3774659	1340	0
sub-14_1	28	Picture	21	3778544	5226	1	15226	1	5000	15000	other	0
sub-14_1	28	Picture	cross	3793770	20452	1	30227	1	20000	30000	other	0
sub-14_1	28	Pulse	255	3794659	21340	0
sub-14_1	28	Pulse	255	3814659	41340	0
sub-14_1	28	Nothing	90	3823770	50452	1			50000		other	0
sub-14_1	28	Pulse	255	3834659	61340	0
sub-14_1	28	Picture	response	3838996	65677	1	15226	1	65000	15000	hit	335
sub-14_1	28	Response	2	3848589	75271	1
sub-14_1	28	Picture	blank2	3854222	80903	1	50226	1	80000	50000	other	0
sub-14_1	28	Pulse	255	3854659	81341	0
sub-14_1	28	Pulse	255	3874659	101340	0
sub-14_1	28	Pulse	255	3894659	121341	0
sub-14_1	29	Picture	cross	3904614	0	1	4226	1	0	4000	other	0
sub-14_1	29	Picture	60	3909840	5226	1	15226	1	5000	15000	other	0
sub-14_1	29	Pulse	255	3914659	10045	0
sub-14_1	29	Picture	cross	3925066	20452	1	30227	1	20000	30000	other	0
sub-14_1	29	Pulse	255	3934659	30045	0
sub-14_1	29	Pulse	255	3954659	50045	0
sub-14_1	29	Nothing	65	3955066	50452	1			50000		other	0
sub-14_1	29	Picture	response	3970292	65678	1	15226	1	65000	15000	hit	349
sub-14_1	29	Pulse	255	3974659	70045	0
sub-14_1	29	Response	2	3984439	79825	1
sub-14_1	29	Picture	blank2	3985518	80903	1	10226	1	80000	10000	other	0
sub-14_1	29	Pulse	255	3994659	90045	0
sub-14_1	30	Picture	cross	3995910	0	1	4226	1	0	4000	other	0
sub-14_1	30	Picture	41	4001136	5226	1	15225	1	5000	15000	other	0
sub-14_1	30	Pulse	255	4014659	18749	0
sub-14_1	30	Picture	cross	4016361	20451	1	30227	1	20000	30000	other	0
sub-14_1	30	Pulse	255	4034660	38750	0
sub-14_1	30	Nothing	90	4046361	50451	1			50000		other	0
sub-14_1	30	Pulse	255	4054659	58749	0
sub-14_1	30	Picture	response	4061587	65677	1	15226	1	65000	15000	hit	360
sub-14_1	30	Response	2	4068759	72849	1
sub-14_1	30	Pulse	255	4074660	78750	0
sub-14_1	30	Picture	blank2	4076813	80903	1	30226	1	80000	30000	other	0
sub-14_1	30	Pulse	255	4094659	98749	0
sub-14_1	31	Picture	cross	4107206	0	1	4226	1	0	4000	other	0
sub-14_1	31	Picture	21	4112265	5059	1	15226	1	5000	15000	other	0
sub-14_1	31	Pulse	255	4114660	7454	0
sub-14_1	31	Picture	cross	4127491	20285	1	30227	1	20000	30000	other	0
sub-14_1	31	Pulse	255	4134660	27454	0
sub-14_1	31	Pulse	255	4154660	47454	0
sub-14_1	31	Nothing	90	4157491	50285	1			50000		other	0
sub-14_1	31	Picture	response	4172716	65511	1	15226	1	65000	15000	hit	373
sub-14_1	31	Pulse	255	4174660	67455	0
sub-14_1	31	Response	1	4182100	74894	1
sub-14_1	31	Picture	blank2	4187942	80737	1	60226	1	80000	60000	other	0
sub-14_1	31	Pulse	255	4194660	87455	0
sub-14_1	31	Pulse	255	4214659	107454	0
sub-14_1	31	Pulse	255	4234660	127454	0
sub-14_1	32	Picture	cross	4248335	0	1	4226	1	0	4000	other	0
sub-14_1	32	Picture	21	4253561	5226	1	15226	1	5000	15000	other	0
sub-14_1	32	Pulse	255	4254659	6325	0
sub-14_1	32	Picture	cross	4268787	20452	1	30227	1	20000	30000	other	0
sub-14_1	32	Pulse	255	4274660	26325	0
sub-14_1	32	Pulse	255	4294660	46326	0
sub-14_1	32	Nothing	90	4298787	50452	1			50000		other	0
sub-14_1	32	Picture	response	4314013	65678	1	15226	1	65000	15000	hit	387
sub-14_1	32	Pulse	255	4314660	66326	0
sub-14_1	32	Response	1	4321520	73185	1
sub-14_1	32	Picture	blank2	4329239	80904	1	30226	1	80000	30000	other	0
sub-14_1	32	Pulse	255	4334660	86326	0
sub-14_1	32	Pulse	255	4354659	106325	0
sub-14_1	33	Picture	cross	4359631	0	1	4226	1	0	4000	other	0
sub-14_1	33	Picture	21	4364857	5226	1	15226	1	5000	15000	other	0
sub-14_1	33	Pulse	255	4374660	15029	0
sub-14_1	33	Picture	cross	4380083	20452	1	30227	1	20000	30000	other	0
sub-14_1	33	Pulse	255	4394659	35028	0
sub-14_1	33	Nothing	90	4410083	50452	1			50000		other	0
sub-14_1	33	Pulse	255	4414661	55029	0
sub-14_1	33	Picture	response	4425309	65678	1	15226	1	65000	15000	hit	399
sub-14_1	33	Response	1	4434171	74540	1
sub-14_1	33	Pulse	255	4434660	75029	0
sub-14_1	33	Picture	blank2	4440534	80903	1	15226	1	80000	15000	other	0
sub-14_1	33	Pulse	255	4454660	95029	0
sub-14_1	34	Picture	cross	4455927	0	1	4226	1	0	4000	other	0
sub-14_1	34	Picture	40	4461153	5226	1	15226	1	5000	15000	other	0
sub-14_1	34	Pulse	255	4474660	18733	0
sub-14_1	34	Picture	cross	4476379	20452	1	30227	1	20000	30000	other	0
sub-14_1	34	Pulse	255	4494661	38734	0
sub-14_1	34	Nothing	45	4506379	50452	1			50000		other	0
sub-14_1	34	Pulse	255	4514661	58734	0
sub-14_1	34	Picture	response	4521605	65678	1	15226	1	65000	15000	miss	0
sub-14_1	34	Pulse	255	4534661	78734	0
sub-14_1	34	Response	1	4536461	80534	1
sub-14_1	34	Picture	blank2	4536830	80903	1	55226	1	80000	55000	other	0
sub-14_1	34	Pulse	255	4554661	98734	0
sub-14_1	34	Pulse	255	4574660	118733	0
sub-14_1	35	Picture	cross	4592223	0	1	4226	1	0	4000	other	0
sub-14_1	35	Pulse	255	4594661	2438	0
sub-14_1	35	Picture	40	4597449	5226	1	15226	1	5000	15000	other	0
sub-14_1	35	Picture	cross	4612675	20452	1	30227	1	20000	30000	other	0
sub-14_1	35	Pulse	255	4614661	22438	0
sub-14_1	35	Pulse	255	4634661	42438	0
sub-14_1	35	Nothing	45	4642675	50452	1			50000		other	0
sub-14_1	35	Pulse	255	4654661	62438	0
sub-14_1	35	Picture	response	4657901	65678	1	15226	1	65000	15000	hit	425
sub-14_1	35	Response	1	4671062	78839	1
sub-14_1	35	Picture	blank2	4673127	80904	1	40226	1	80000	40000	other	0
sub-14_1	35	Pulse	255	4674662	82439	0
sub-14_1	35	Pulse	255	4694661	102438	0
sub-14_1	36	Picture	cross	4713520	0	1	4169	1	0	4000	other	0
sub-14_1	36	Pulse	255	4714662	1142	0
sub-14_1	36	Picture	60	4718689	5169	1	15226	1	5000	15000	other	0
sub-14_1	36	Picture	cross	4733915	20395	1	30227	1	20000	30000	other	0
sub-14_1	36	Pulse	255	4734661	21142	0
sub-14_1	36	Pulse	255	4754661	41142	0
sub-14_1	36	Nothing	65	4763915	50395	1			50000		other	0
sub-14_1	36	Pulse	255	4774662	61142	0
sub-14_1	36	Picture	response	4779141	65621	1	15226	1	65000	15000	hit	440
sub-14_1	36	Picture	blank2	4794366	80847	1	40226	1	80000	40000	other	0
sub-14_1	36	Pulse	255	4794661	81141	0
sub-14_1	36	Response	2	4794740	81220	1
sub-14_1	36	Pulse	255	4814661	101142	0
sub-14_1	36	Pulse	255	4834662	121142	0
sub-14_1	37	Picture	cross	4834759	0	1	4226	1	0	4000	other	0
sub-14_1	37	Picture	41	4839985	5226	1	15226	1	5000	15000	other	0
sub-14_1	37	Pulse	255	4854662	19903	0
sub-14_1	37	Picture	cross	4855211	20452	1	30227	1	20000	30000	other	0
sub-14_1	37	Pulse	255	4874662	39903	0
sub-14_1	37	Nothing	90	4885211	50452	1			50000		other	0
sub-14_1	37	Pulse	255	4894662	59903	0
sub-14_1	37	Picture	response	4900436	65677	1	15226	1	65000	15000	hit	451
sub-14_1	37	Response	2	4910322	75563	1
sub-14_1	37	Pulse	255	4914662	79903	0
sub-14_1	37	Picture	blank2	4915662	80903	1	15226	1	80000	15000	other	0
