Scenario - loca_mveb
Logfile written - 05/29/2018 09:51:33

Subject	Trial	Event Type	Code	Time	TTime	Uncertainty	Duration	Uncertainty	ReqTime	ReqDur	Stim Type	Pair Index

sub-11_1	0	Pulse	255	724602	724602	0
sub-11_1	1	Picture	p_startup	724719	0	1	100197	1	0	100000	other	0
sub-11_1	1	Pulse	255	744603	19884	0
sub-11_1	1	Pulse	255	764603	39884	0
sub-11_1	1	Pulse	255	784602	59884	0
sub-11_1	1	Pulse	255	804603	79884	0
sub-11_1	1	Pulse	255	824603	99884	0
sub-11_1	2	Picture	cross	825083	0	1	4168	1	0	4000	other	0
sub-11_1	2	Picture	61	830251	5168	1	15171	1	5000	15000	other	0
sub-11_1	2	Pulse	255	844603	19520	0
sub-11_1	2	Picture	cross	845422	20340	1	30176	1	20000	30000	other	0
sub-11_1	2	Pulse	255	864602	39520	0
sub-11_1	2	Nothing	90	875422	50340	1			50000		other	0
sub-11_1	2	Pulse	255	884603	59520	0
sub-11_1	2	Picture	response	890603	65520	1	15171	1	65000	15000	hit	16
sub-11_1	2	Response	1	896643	71560	1
sub-11_1	2	Pulse	255	904603	79520	0
sub-11_1	2	Picture	blank2	905774	80691	1	15171	1	80000	15000	other	0
sub-11_1	3	Picture	cross	921112	0	1	4168	1	0	4000	other	0
sub-11_1	3	Pulse	255	924603	3491	0
sub-11_1	3	Picture	40	926280	5168	1	15171	1	5000	15000	other	0
sub-11_1	3	Picture	cross	941452	20340	1	30176	1	20000	30000	other	0
sub-11_1	3	Pulse	255	944603	23491	0
sub-11_1	3	Pulse	255	964603	43491	0
sub-11_1	3	Nothing	45	971452	50340	1			50000		other	0
sub-11_1	3	Pulse	255	984604	63491	0
sub-11_1	3	Picture	response	986632	65520	1	15171	1	65000	15000	hit	28
sub-11_1	3	Response	1	995694	74581	1
sub-11_1	3	Picture	blank2	1001803	80691	1	25174	1	80000	25000	other	0
sub-11_1	3	Pulse	255	1004603	83491	0
sub-11_1	3	Pulse	255	1024603	103491	0
sub-11_1	4	Picture	cross	1027145	0	1	4168	1	0	4000	other	0
sub-11_1	4	Picture	60	1032313	5168	1	15171	1	5000	15000	other	0
sub-11_1	4	Pulse	255	1044604	17459	0
sub-11_1	4	Picture	cross	1047484	20340	1	30176	1	20000	30000	other	0
sub-11_1	4	Pulse	255	1064604	37459	0
sub-11_1	4	Nothing	65	1077484	50340	1			50000		other	0
sub-11_1	4	Pulse	255	1084603	57459	0
sub-11_1	4	Picture	response	1092665	65520	1	15171	1	65000	15000	hit	40
sub-11_1	4	Response	2	1100603	73459	1
sub-11_1	4	Pulse	255	1104603	77459	0
sub-11_1	4	Picture	blank2	1107836	80691	1	15171	1	80000	15000	other	0
sub-11_1	5	Picture	cross	1123174	0	1	4168	1	0	4000	other	0
sub-11_1	5	Pulse	255	1124604	1430	0
sub-11_1	5	Picture	20	1128342	5168	1	15171	1	5000	15000	other	0
sub-11_1	5	Picture	cross	1143514	20340	1	30176	1	20000	30000	other	0
sub-11_1	5	Pulse	255	1144603	21429	0
sub-11_1	5	Pulse	255	1164604	41430	0
sub-11_1	5	Nothing	25	1173514	50340	1			50000		other	0
sub-11_1	5	Pulse	255	1184604	61430	0
sub-11_1	5	Picture	response	1188694	65520	1	15171	1	65000	15000	miss	0
sub-11_1	5	Response	2	1197744	74570	1
sub-11_1	5	Picture	blank2	1203865	80691	1	20173	1	80000	20000	other	0
sub-11_1	5	Pulse	255	1204604	81430	0
sub-11_1	6	Picture	cross	1224205	0	1	4168	1	0	4000	other	0
sub-11_1	6	Pulse	255	1224605	400	0
sub-11_1	6	Picture	60	1229373	5168	1	15171	1	5000	15000	other	0
sub-11_1	6	Picture	cross	1244544	20340	1	30176	1	20000	30000	other	0
sub-11_1	6	Pulse	255	1244604	20400	0
sub-11_1	6	Pulse	255	1264604	40399	0
sub-11_1	6	Nothing	65	1274544	50340	1			50000		other	0
sub-11_1	6	Pulse	255	1284605	60400	0
sub-11_1	6	Picture	response	1289725	65520	1	15171	1	65000	15000	hit	64
sub-11_1	6	Response	1	1301965	77760	1
sub-11_1	6	Pulse	255	1304604	80400	0
sub-11_1	6	Picture	blank2	1304896	80691	1	45180	1	80000	45000	other	0
sub-11_1	6	Pulse	255	1324605	100400	0
sub-11_1	6	Pulse	255	1344605	120400	0
sub-11_1	7	Picture	cross	1350243	0	1	4168	1	0	4000	other	0
sub-11_1	7	Picture	20	1355412	5168	1	15171	1	5000	15000	other	0
sub-11_1	7	Pulse	255	1364605	14361	0
sub-11_1	7	Picture	cross	1370583	20340	1	30176	1	20000	30000	other	0
sub-11_1	7	Pulse	255	1384605	34362	0
sub-11_1	7	Nothing	25	1400583	50340	1			50000		other	0
sub-11_1	7	Pulse	255	1404605	54361	0
sub-11_1	7	Picture	response	1415764	65520	1	15171	1	65000	15000	hit	77
sub-11_1	7	Response	2	1423085	72842	1
sub-11_1	7	Pulse	255	1424605	74361	0
sub-11_1	7	Picture	blank2	1430935	80691	1	35177	1	80000	35000	other	0
sub-11_1	7	Pulse	255	1444605	94361	0
sub-11_1	7	Pulse	255	1464605	114361	0
sub-11_1	8	Picture	cross	1466279	0	1	4168	1	0	4000	other	0
sub-11_1	8	Picture	61	1471447	5168	1	15171	1	5000	15000	other	0
sub-11_1	8	Pulse	255	1484605	18326	0
sub-11_1	8	Picture	cross	1486619	20340	1	30176	1	20000	30000	other	0
sub-11_1	8	Pulse	255	1504605	38326	0
sub-11_1	8	Nothing	90	1516619	50340	1			50000		other	0
sub-11_1	8	Pulse	255	1524605	58326	0
sub-11_1	8	Picture	response	1531799	65520	1	15171	1	65000	15000	hit	90
sub-11_1	8	Response	2	1539425	73146	1
sub-11_1	8	Pulse	255	1544605	78326	0
sub-11_1	8	Picture	blank2	1546970	80691	1	45180	1	80000	45000	other	0
sub-11_1	8	Pulse	255	1564606	98327	0
sub-11_1	8	Pulse	255	1584606	118327	0
sub-11_1	9	Picture	cross	1592318	0	1	4168	1	0	4000	other	0
sub-11_1	9	Picture	41	1597486	5168	1	15171	1	5000	15000	other	0
sub-11_1	9	Pulse	255	1604605	12288	0
sub-11_1	9	Picture	cross	1612657	20340	1	30176	1	20000	30000	other	0
sub-11_1	9	Pulse	255	1624605	32288	0
sub-11_1	9	Nothing	90	1642657	50340	1			50000		other	0
sub-11_1	9	Pulse	255	1644606	52288	0
sub-11_1	9	Picture	response	1657838	65520	1	15171	1	65000	15000	hit	104
sub-11_1	9	Pulse	255	1664596	72278	0
sub-11_1	9	Response	1	1664895	72578	1
sub-11_1	9	Picture	blank2	1673009	80691	1	10170	1	80000	10000	other	0
sub-11_1	10	Picture	cross	1683345	0	1	4168	1	0	4000	other	0
sub-11_1	10	Pulse	255	1684595	1250	0
sub-11_1	10	Picture	20	1688514	5168	1	15171	1	5000	15000	other	0
sub-11_1	10	Picture	cross	1703685	20340	1	30176	1	20000	30000	other	0
sub-11_1	10	Pulse	255	1704596	21251	0
sub-11_1	10	Pulse	255	1724596	41250	0
sub-11_1	10	Nothing	25	1733685	50340	1			50000		other	0
sub-11_1	10	Pulse	255	1744596	61251	0
sub-11_1	10	Picture	response	1748865	65520	1	15171	1	65000	15000	hit	115
sub-11_1	10	Response	2	1757076	73731	1
sub-11_1	10	Picture	blank2	1764037	80691	1	20173	1	80000	20000	other	0
sub-11_1	10	Pulse	255	1764596	81251	0
sub-11_1	11	Picture	cross	1784376	0	1	4168	1	0	4000	other	0
sub-11_1	11	Pulse	255	1784597	220	0
sub-11_1	11	Picture	41	1789545	5168	1	15171	1	5000	15000	other	0
sub-11_1	11	Pulse	255	1804597	20220	0
sub-11_1	11	Picture	cross	1804716	20340	1	30176	1	20000	30000	other	0
sub-11_1	11	Pulse	255	1824597	40220	0
sub-11_1	11	Nothing	90	1834716	50340	1			50000		other	0
sub-11_1	11	Pulse	255	1844596	60220	0
sub-11_1	11	Picture	response	1849896	65520	1	15171	1	65000	15000	hit	127
sub-11_1	11	Response	1	1857527	73150	1
sub-11_1	11	Pulse	255	1864596	80220	0
sub-11_1	11	Picture	blank2	1865068	80691	1	30176	1	80000	30000	other	0
sub-11_1	11	Pulse	255	1884597	100221	0
sub-11_1	12	Picture	cross	1895410	0	1	4168	1	0	4000	other	0
sub-11_1	12	Picture	40	1900579	5168	1	15171	1	5000	15000	other	0
sub-11_1	12	Pulse	255	1904597	9186	0
sub-11_1	12	Picture	cross	1915750	20340	1	30176	1	20000	30000	other	0
sub-11_1	12	Pulse	255	1924596	29186	0
sub-11_1	12	Pulse	255	1944597	49187	0
sub-11_1	12	Nothing	45	1945750	50340	1			50000		other	0
sub-11_1	12	Picture	response	1960930	65520	1	15171	1	65000	15000	hit	140
sub-11_1	12	Pulse	255	1964596	69186	0
sub-11_1	12	Response	2	1969407	73997	1
sub-11_1	12	Picture	blank2	1976102	80691	1	40179	1	80000	40000	other	0
sub-11_1	12	Pulse	255	1984597	89187	0
sub-11_1	12	Pulse	255	2004597	109186	0
sub-11_1	13	Picture	cross	2016447	0	1	4168	1	0	4000	other	0
sub-11_1	13	Picture	21	2021616	5168	1	15171	1	5000	15000	other	0
sub-11_1	13	Pulse	255	2024597	8150	0
sub-11_1	13	Picture	cross	2036787	20340	1	30176	1	20000	30000	other	0
sub-11_1	13	Pulse	255	2044597	28150	0
sub-11_1	13	Pulse	255	2064597	48150	0
sub-11_1	13	Nothing	90	2066787	50340	1			50000		other	0
sub-11_1	13	Picture	response	2081967	65520	1	15171	1	65000	15000	hit	153
sub-11_1	13	Pulse	255	2084597	68150	0
sub-11_1	13	Response	2	2088067	71620	1
sub-11_1	13	Picture	blank2	2097139	80691	1	10170	1	80000	10000	other	0
sub-11_1	13	Pulse	255	2104598	88150	0
sub-11_1	14	Picture	cross	2107475	0	1	4168	1	0	4000	other	0
sub-11_1	14	Picture	60	2112644	5168	1	15171	1	5000	15000	other	0
sub-11_1	14	Pulse	255	2124596	17121	0
sub-11_1	14	Picture	cross	2127815	20340	1	30176	1	20000	30000	other	0
sub-11_1	14	Pulse	255	2144598	37122	0
sub-11_1	14	Nothing	65	2157815	50340	1			50000		other	0
sub-11_1	14	Pulse	255	2164598	57122	0
sub-11_1	14	Picture	response	2172995	65520	1	15171	1	65000	15000	hit	165
sub-11_1	14	Pulse	255	2184598	77123	0
sub-11_1	14	Response	1	2184927	77452	1
sub-11_1	14	Picture	blank2	2188167	80691	1	30176	1	80000	30000	other	0
sub-11_1	14	Pulse	255	2204598	97123	0
sub-11_1	15	Picture	cross	2218509	0	1	4168	1	0	4000	other	0
sub-11_1	15	Picture	61	2223678	5168	1	15171	1	5000	15000	other	0
sub-11_1	15	Pulse	255	2224598	6089	0
sub-11_1	15	Picture	cross	2238849	20340	1	30176	1	20000	30000	other	0
sub-11_1	15	Pulse	255	2244598	26089	0
sub-11_1	15	Pulse	255	2264598	46089	0
sub-11_1	15	Nothing	90	2268849	50340	1			50000		other	0
sub-11_1	15	Picture	response	2284029	65520	1	15171	1	65000	15000	hit	177
sub-11_1	15	Pulse	255	2284598	66089	0
sub-11_1	15	Response	1	2291377	72867	1
sub-11_1	15	Picture	blank2	2299201	80691	1	15171	1	80000	15000	other	0
sub-11_1	15	Pulse	255	2304598	86089	0
sub-11_1	16	Picture	cross	2314539	0	1	4168	1	0	4000	other	0
sub-11_1	16	Picture	61	2319707	5168	1	15171	1	5000	15000	other	0
sub-11_1	16	Pulse	255	2324598	10060	0
sub-11_1	16	Picture	cross	2334878	20340	1	30176	1	20000	30000	other	0
sub-11_1	16	Pulse	255	2344598	30060	0
sub-11_1	16	Pulse	255	2364597	50058	0
sub-11_1	16	Nothing	90	2364878	50340	1			50000		other	0
sub-11_1	16	Picture	response	2380059	65520	1	15171	1	65000	15000	hit	189
sub-11_1	16	Pulse	255	2384599	70060	0
sub-11_1	16	Response	2	2389759	75220	1
sub-11_1	16	Picture	blank2	2395230	80691	1	20173	1	80000	20000	other	0
sub-11_1	16	Pulse	255	2404599	90060	0
sub-11_1	17	Picture	cross	2415570	0	1	4168	1	0	4000	other	0
sub-11_1	17	Picture	20	2420738	5168	1	15171	1	5000	15000	other	0
sub-11_1	17	Pulse	255	2424598	9029	0
sub-11_1	17	Picture	cross	2435909	20340	1	30176	1	20000	30000	other	0
sub-11_1	17	Pulse	255	2444599	29029	0
sub-11_1	17	Pulse	255	2464598	49029	0
sub-11_1	17	Nothing	25	2465909	50340	1			50000		other	0
sub-11_1	17	Picture	response	2481090	65520	1	15171	1	65000	15000	hit	201
sub-11_1	17	Pulse	255	2484599	69029	0
sub-11_1	17	Response	1	2488319	72749	1
sub-11_1	17	Picture	blank2	2496261	80691	1	40179	1	80000	40000	other	0
sub-11_1	17	Pulse	255	2504598	89029	0
sub-11_1	17	Pulse	255	2524599	109029	0
sub-11_1	18	Picture	cross	2536607	0	1	4168	1	0	4000	other	0
sub-11_1	18	Picture	20	2541775	5168	1	15171	1	5000	15000	other	0
sub-11_1	18	Pulse	255	2544599	7993	0
sub-11_1	18	Picture	cross	2556946	20340	1	30176	1	20000	30000	other	0
sub-11_1	18	Pulse	255	2564599	27992	0
sub-11_1	18	Pulse	255	2584599	47993	0
sub-11_1	18	Nothing	25	2586946	50340	1			50000		other	0
sub-11_1	18	Picture	response	2602127	65520	1	15171	1	65000	15000	hit	214
sub-11_1	18	Pulse	255	2604599	67993	0
sub-11_1	18	Response	1	2612759	76153	1
sub-11_1	18	Picture	blank2	2617298	80691	1	15171	1	80000	15000	other	0
sub-11_1	18	Pulse	255	2624599	87993	0
sub-11_1	19	Picture	cross	2632636	0	1	4168	1	0	4000	other	0
sub-11_1	19	Picture	61	2637804	5168	1	15171	1	5000	15000	other	0
sub-11_1	19	Pulse	255	2644600	11964	0
sub-11_1	19	Picture	cross	2652976	20340	1	30176	1	20000	30000	other	0
sub-11_1	19	Pulse	255	2664600	31963	0
sub-11_1	19	Nothing	90	2682976	50340	1			50000		other	0
sub-11_1	19	Pulse	255	2684600	51964	0
sub-11_1	19	Picture	response	2698156	65520	1	15171	1	65000	15000	hit	226
sub-11_1	19	Pulse	255	2704600	71964	0
sub-11_1	19	Response	2	2707170	74534	1
sub-11_1	19	Picture	blank2	2713327	80691	1	20173	1	80000	20000	other	0
sub-11_1	19	Pulse	255	2724600	91964	0
sub-11_1	20	Picture	cross	2733667	0	1	4168	1	0	4000	other	0
sub-11_1	20	Picture	40	2738835	5168	1	15171	1	5000	15000	other	0
sub-11_1	20	Pulse	255	2744600	10933	0
sub-11_1	20	Picture	cross	2754007	20340	1	30176	1	20000	30000	other	0
sub-11_1	20	Pulse	255	2764600	30933	0
sub-11_1	20	Nothing	45	2784007	50340	1			50000		other	0
sub-11_1	20	Pulse	255	2784600	50933	0
sub-11_1	20	Picture	response	2799187	65520	1	15171	1	65000	15000	hit	238
sub-11_1	20	Pulse	255	2804600	70934	0
sub-11_1	20	Response	1	2808570	74903	1
sub-11_1	20	Picture	blank2	2814358	80691	1	30176	1	80000	30000	other	0
sub-11_1	20	Pulse	255	2824600	90933	0
sub-11_1	20	Pulse	255	2844601	110934	0
sub-11_1	21	Picture	cross	2844701	0	1	4168	1	0	4000	other	0
sub-11_1	21	Picture	61	2849869	5168	1	15171	1	5000	15000	other	0
sub-11_1	21	Pulse	255	2864600	19899	0
sub-11_1	21	Picture	cross	2865041	20340	1	30176	1	20000	30000	other	0
sub-11_1	21	Pulse	255	2884599	39898	0
sub-11_1	21	Nothing	90	2895041	50340	1			50000		other	0
sub-11_1	21	Pulse	255	2904600	59899	0
sub-11_1	21	Picture	response	2910221	65520	1	15171	1	65000	15000	hit	250
sub-11_1	21	Response	1	2920450	75749	1
sub-11_1	21	Pulse	255	2924599	79899	0
sub-11_1	21	Picture	blank2	2925392	80691	1	40179	1	80000	40000	other	0
sub-11_1	21	Pulse	255	2944600	99899	0
sub-11_1	21	Pulse	255	2964601	119900	0
sub-11_1	22	Picture	cross	2965738	0	1	4168	1	0	4000	other	0
sub-11_1	22	Picture	20	2970906	5168	1	15171	1	5000	15000	other	0
sub-11_1	22	Pulse	255	2984600	18862	0
sub-11_1	22	Picture	cross	2986078	20340	1	30176	1	20000	30000	other	0
sub-11_1	22	Pulse	255	3004601	38863	0
sub-11_1	22	Nothing	25	3016078	50340	1			50000		other	0
sub-11_1	22	Pulse	255	3024601	58863	0
sub-11_1	22	Picture	response	3031258	65520	1	15171	1	65000	15000	hit	263
sub-11_1	22	Response	1	3040000	74262	1
sub-11_1	22	Pulse	255	3044601	78863	0
sub-11_1	22	Picture	blank2	3046429	80691	1	25174	1	80000	25000	other	0
sub-11_1	22	Pulse	255	3064601	98863	0
sub-11_1	23	Picture	cross	3071770	0	1	4168	1	0	4000	other	0
sub-11_1	23	Picture	41	3076939	5168	1	15171	1	5000	15000	other	0
sub-11_1	23	Pulse	255	3084601	12831	0
sub-11_1	23	Picture	cross	3092110	20340	1	30176	1	20000	30000	other	0
sub-11_1	23	Pulse	255	3104601	32831	0
sub-11_1	23	Nothing	90	3122110	50340	1			50000		other	0
sub-11_1	23	Pulse	255	3124601	52831	0
sub-11_1	23	Picture	response	3137291	65520	1	15171	1	65000	15000	hit	275
sub-11_1	23	Response	1	3143600	71830	1
sub-11_1	23	Pulse	255	3144601	72831	0
sub-11_1	23	Picture	blank2	3152462	80691	1	10170	1	80000	10000	other	0
sub-11_1	24	Picture	cross	3162798	0	1	4168	1	0	4000	other	0
sub-11_1	24	Pulse	255	3164601	1803	0
sub-11_1	24	Picture	60	3167967	5168	1	15171	1	5000	15000	other	0
sub-11_1	24	Picture	cross	3183138	20340	1	30176	1	20000	30000	other	0
sub-11_1	24	Pulse	255	3184601	21803	0
sub-11_1	24	Pulse	255	3204601	41803	0
sub-11_1	24	Nothing	65	3213138	50340	1			50000		other	0
sub-11_1	24	Pulse	255	3224602	61803	0
sub-11_1	24	Picture	response	3228318	65520	1	15171	1	65000	15000	hit	287
sub-11_1	24	Response	1	3241022	78223	1
sub-11_1	24	Picture	blank2	3243490	80691	1	15171	1	80000	15000	other	0
sub-11_1	24	Pulse	255	3244602	81804	0
sub-11_1	25	Picture	cross	3258828	0	1	4168	1	0	4000	other	0
sub-11_1	25	Picture	21	3263996	5168	1	15171	1	5000	15000	other	0
sub-11_1	25	Pulse	255	3264602	5774	0
sub-11_1	25	Picture	cross	3279167	20340	1	30176	1	20000	30000	other	0
sub-11_1	25	Pulse	255	3284602	25774	0
sub-11_1	25	Pulse	255	3304602	45775	0
sub-11_1	25	Nothing	90	3309167	50340	1			50000		other	0
sub-11_1	25	Picture	response	3324348	65520	1	15171	1	65000	15000	hit	299
sub-11_1	25	Pulse	255	3324601	65773	0
sub-11_1	25	Response	2	3331961	73134	1
sub-11_1	25	Picture	blank2	3339519	80691	1	60185	1	80000	60000	other	0
sub-11_1	25	Pulse	255	3344602	85774	0
sub-11_1	25	Pulse	255	3364602	105775	0
sub-11_1	25	Pulse	255	3384601	125773	0
sub-11_1	26	Picture	cross	3399871	0	1	4168	1	0	4000	other	0
sub-11_1	26	Pulse	255	3404602	4731	0
sub-11_1	26	Picture	41	3405039	5168	1	15171	1	5000	15000	other	0
sub-11_1	26	Picture	cross	3420210	20340	1	30176	1	20000	30000	other	0
sub-11_1	26	Pulse	255	3424602	24731	0
sub-11_1	26	Pulse	255	3444603	44732	0
sub-11_1	26	Nothing	90	3450210	50340	1			50000		other	0
sub-11_1	26	Pulse	255	3464602	64731	0
sub-11_1	26	Picture	response	3465391	65520	1	15171	1	65000	15000	hit	313
sub-11_1	26	Response	2	3471593	71722	1
sub-11_1	26	Picture	blank2	3480562	80691	1	40179	1	80000	40000	other	0
sub-11_1	26	Pulse	255	3484602	84731	0
sub-11_1	26	Pulse	255	3504603	104732	0
sub-11_1	27	Picture	cross	3520908	0	1	4168	1	0	4000	other	0
sub-11_1	27	Pulse	255	3524603	3695	0
sub-11_1	27	Picture	40	3526076	5168	1	15171	1	5000	15000	other	0
sub-11_1	27	Picture	cross	3541248	20340	1	30176	1	20000	30000	other	0
sub-11_1	27	Pulse	255	3544603	23695	0
sub-11_1	27	Pulse	255	3564602	43694	0
sub-11_1	27	Nothing	45	3571248	50340	1			50000		other	0
sub-11_1	27	Pulse	255	3584603	63695	0
sub-11_1	27	Picture	response	3586428	65520	1	15171	1	65000	15000	hit	328
sub-11_1	27	Picture	blank2	3601599	80691	1	15171	1	80000	15000	other	0
sub-11_1	27	Pulse	255	3604603	83695	0
sub-11_1	27	Response	2	3607143	86235	1
sub-11_1	28	Picture	cross	3616937	0	1	4168	1	0	4000	other	0
sub-11_1	28	Picture	21	3622106	5168	1	15171	1	5000	15000	other	0
sub-11_1	28	Pulse	255	3624603	7665	0
sub-11_1	28	Picture	cross	3637277	20340	1	30176	1	20000	30000	other	0
sub-11_1	28	Pulse	255	3644603	27666	0
sub-11_1	28	Pulse	255	3664603	47666	0
sub-11_1	28	Nothing	90	3667277	50340	1			50000		other	0
sub-11_1	28	Picture	response	3682457	65520	1	15171	1	65000	15000	hit	338
sub-11_1	28	Pulse	255	3684603	67666	0
sub-11_1	28	Response	2	3689323	72386	1
sub-11_1	28	Picture	blank2	3697629	80691	1	50182	1	80000	50000	other	0
sub-11_1	28	Pulse	255	3704603	87666	0
sub-11_1	28	Pulse	255	3724602	107665	0
sub-11_1	28	Pulse	255	3744604	127666	0
sub-11_1	29	Picture	cross	3747977	0	1	4168	1	0	4000	other	0
sub-11_1	29	Picture	60	3753146	5168	1	15171	1	5000	15000	other	0
sub-11_1	29	Pulse	255	3764604	16626	0
sub-11_1	29	Picture	cross	3768317	20340	1	30176	1	20000	30000	other	0
sub-11_1	29	Pulse	255	3784604	36626	0
sub-11_1	29	Nothing	65	3798317	50340	1			50000		other	0
sub-11_1	29	Pulse	255	3804604	56626	0
sub-11_1	29	Picture	response	3813498	65520	1	15171	1	65000	15000	hit	351
sub-11_1	29	Response	2	3819512	71535	1
sub-11_1	29	Pulse	255	3824603	76625	1
sub-11_1	29	Picture	blank2	3828669	80691	1	10170	1	80000	10000	other	0
sub-11_1	30	Picture	cross	3839005	0	1	4168	1	0	4000	other	0
sub-11_1	30	Picture	41	3844174	5168	1	15171	1	5000	15000	other	0
sub-11_1	30	Pulse	255	3844603	5598	0
sub-11_1	30	Picture	cross	3859345	20340	1	30176	1	20000	30000	other	0
sub-11_1	30	Pulse	255	3864605	25599	0
sub-11_1	30	Pulse	255	3884604	45599	0
sub-11_1	30	Nothing	90	3889345	50340	1			50000		other	0
sub-11_1	30	Picture	response	3904525	65520	1	15171	1	65000	15000	hit	363
sub-11_1	30	Pulse	255	3904604	65599	0
sub-11_1	30	Response	2	3910564	71558	1
sub-11_1	30	Picture	blank2	3919697	80691	1	30176	1	80000	30000	other	0
sub-11_1	30	Pulse	255	3924604	85599	0
sub-11_1	30	Pulse	255	3944594	105589	0
sub-11_1	31	Picture	cross	3950039	0	1	4168	1	0	4000	other	0
sub-11_1	31	Picture	21	3955208	5168	1	15171	1	5000	15000	other	0
sub-11_1	31	Pulse	255	3964594	14555	0
sub-11_1	31	Picture	cross	3970379	20340	1	30176	1	20000	30000	other	0
sub-11_1	31	Pulse	255	3984594	34555	0
sub-11_1	31	Nothing	90	4000379	50340	1			50000		other	0
sub-11_1	31	Pulse	255	4004595	54555	0
sub-11_1	31	Picture	response	4015559	65520	1	15171	1	65000	15000	hit	375
sub-11_1	31	Response	1	4022205	72165	1
sub-11_1	31	Pulse	255	4024595	74555	0
sub-11_1	31	Picture	blank2	4030731	80691	1	60185	1	80000	60000	other	0
sub-11_1	31	Pulse	255	4044594	94555	0
sub-11_1	31	Pulse	255	4064594	114555	0
sub-11_1	31	Pulse	255	4084595	134556	0
sub-11_1	32	Picture	cross	4091082	0	1	4168	1	0	4000	other	0
sub-11_1	32	Picture	21	4096251	5168	1	15171	1	5000	15000	other	0
sub-11_1	32	Pulse	255	4104595	13513	0
sub-11_1	32	Picture	cross	4111422	20340	1	30176	1	20000	30000	other	0
sub-11_1	32	Pulse	255	4124595	33512	0
sub-11_1	32	Nothing	90	4141422	50340	1			50000		other	0
sub-11_1	32	Pulse	255	4144595	53512	0
sub-11_1	32	Picture	response	4156603	65520	1	15171	1	65000	15000	hit	389
sub-11_1	32	Response	1	4162805	71723	1
sub-11_1	32	Pulse	255	4164595	73513	0
sub-11_1	32	Picture	blank2	4171774	80691	1	30176	1	80000	30000	other	0
sub-11_1	32	Pulse	255	4184595	93513	0
sub-11_1	33	Picture	cross	4202116	0	1	4168	1	0	4000	other	0
sub-11_1	33	Pulse	255	4204595	2479	0
sub-11_1	33	Picture	21	4207285	5168	1	15171	1	5000	15000	other	0
sub-11_1	33	Picture	cross	4222456	20340	1	30176	1	20000	30000	other	0
sub-11_1	33	Pulse	255	4224595	22478	0
sub-11_1	33	Pulse	255	4244595	42478	0
sub-11_1	33	Nothing	90	4252456	50340	1			50000		other	0
sub-11_1	33	Pulse	255	4264595	62479	0
sub-11_1	33	Picture	response	4267637	65520	1	15171	1	65000	15000	hit	402
sub-11_1	33	Response	1	4276616	74499	1
sub-11_1	33	Picture	blank2	4282808	80691	1	15171	1	80000	15000	other	0
sub-11_1	33	Pulse	255	4284595	82479	0
sub-11_1	34	Picture	cross	4298146	0	1	4168	1	0	4000	other	0
sub-11_1	34	Picture	40	4303314	5168	1	15171	1	5000	15000	other	0
sub-11_1	34	Pulse	255	4304596	6450	0
sub-11_1	34	Picture	cross	4318485	20340	1	30176	1	20000	30000	other	0
sub-11_1	34	Pulse	255	4324596	26450	0
sub-11_1	34	Pulse	255	4344596	46450	0
sub-11_1	34	Nothing	45	4348485	50340	1			50000		other	0
sub-11_1	34	Picture	response	4363666	65520	1	15171	1	65000	15000	hit	414
sub-11_1	34	Pulse	255	4364596	66450	0
sub-11_1	34	Response	2	4371886	73740	1
sub-11_1	34	Picture	blank2	4378837	80691	1	55184	1	80000	55000	other	0
sub-11_1	34	Pulse	255	4384595	86449	0
sub-11_1	34	Pulse	255	4404596	106450	0
sub-11_1	34	Pulse	255	4424596	126450	0
sub-11_1	35	Picture	cross	4434188	0	1	4168	1	0	4000	other	0
sub-11_1	35	Picture	40	4439356	5168	1	15171	1	5000	15000	other	0
sub-11_1	35	Pulse	255	4444597	10409	0
sub-11_1	35	Picture	cross	4454527	20340	1	30176	1	20000	30000	other	0
sub-11_1	35	Pulse	255	4464596	30408	0
sub-11_1	35	Nothing	45	4484527	50340	1			50000		other	0
sub-11_1	35	Pulse	255	4484597	50409	0
sub-11_1	35	Picture	response	4499708	65520	1	15171	1	65000	15000	hit	428
sub-11_1	35	Pulse	255	4504596	70409	0
sub-11_1	35	Response	1	4513246	79058	1
sub-11_1	35	Picture	blank2	4514879	80691	1	40179	1	80000	40000	other	0
sub-11_1	35	Pulse	255	4524597	90409	0
sub-11_1	35	Pulse	255	4544597	110409	0
sub-11_1	36	Picture	cross	4555225	0	1	4168	1	0	4000	other	0
sub-11_1	36	Picture	60	4560393	5168	1	15171	1	5000	15000	other	0
sub-11_1	36	Pulse	255	4564597	9372	0
sub-11_1	36	Picture	cross	4575564	20340	1	30176	1	20000	30000	other	0
sub-11_1	36	Pulse	255	4584596	29372	0
sub-11_1	36	Pulse	255	4604597	49372	0
sub-11_1	36	Nothing	65	4605564	50340	1			50000		other	0
sub-11_1	36	Picture	response	4620745	65520	1	15171	1	65000	15000	hit	441
sub-11_1	36	Pulse	255	4624597	69372	0
sub-11_1	36	Response	2	4629677	74452	1
sub-11_1	36	Picture	blank2	4635916	80691	1	40179	1	80000	40000	other	0
sub-11_1	36	Pulse	255	4644597	89372	0
sub-11_1	36	Pulse	255	4664597	109372	0
sub-11_1	37	Picture	cross	4676262	0	1	4168	1	0	4000	other	0
sub-11_1	37	Picture	41	4681430	5168	1	15171	1	5000	15000	other	0
sub-11_1	37	Pulse	255	4684596	8335	0
sub-11_1	37	Picture	cross	4696601	20340	1	30176	1	20000	30000	other	0
sub-11_1	37	Pulse	255	4704597	28335	0
sub-11_1	37	Pulse	255	4724597	48335	0
sub-11_1	37	Nothing	90	4726601	50340	1			50000		other	0
sub-11_1	37	Picture	response	4741782	65520	1	15171	1	65000	15000	hit	454
sub-11_1	37	Pulse	255	4744597	68336	0
sub-11_1	37	Response	2	4749367	73106	1
sub-11_1	37	Picture	blank2	4756953	80691	1	15171	1	80000	15000	other	0
sub-11_1	37	Pulse	255	4764597	88336	0
