Scenario - loca_mveb_bis
Logfile written - 11/12/2018 15:42:50

Subject	Trial	Event Type	Code	Time	TTime	Uncertainty	Duration	Uncertainty	ReqTime	ReqDur	Stim Type	Pair Index

sub-05_2	0	Pulse	255	510342	510342	0
sub-05_2	1	Picture	p_startup	510571	0	1	100226	1	0	100000	other	0
sub-05_2	1	Pulse	255	530342	19771	0
sub-05_2	1	Pulse	255	550342	39771	0
sub-05_2	1	Pulse	255	570342	59771	0
sub-05_2	1	Pulse	255	590343	79771	0
sub-05_2	1	Pulse	255	610342	99771	0
sub-05_2	2	Picture	cross	610964	0	1	4226	1	0	4000	other	0
sub-05_2	2	Picture	20	616190	5226	1	15226	1	5000	15000	other	0
sub-05_2	2	Pulse	255	630342	19379	0
sub-05_2	2	Picture	cross	631416	20452	1	30227	1	20000	30000	other	0
sub-05_2	2	Pulse	255	650343	39379	0
sub-05_2	2	Nothing	25	661416	50452	1			50000		other	0
sub-05_2	2	Pulse	255	670343	59379	0
sub-05_2	2	Picture	response	676642	65678	1	15226	1	65000	15000	miss	0
sub-05_2	2	Pulse	255	690343	79379	0
sub-05_2	2	Picture	blank2	691868	80904	1	20226	1	80000	20000	other	0
sub-05_2	2	Pulse	255	710343	99379	0
sub-05_2	3	Picture	cross	712260	0	1	4226	1	0	4000	other	0
sub-05_2	3	Picture	40	717486	5226	1	15226	1	5000	15000	other	0
sub-05_2	3	Pulse	255	730343	18083	0
sub-05_2	3	Picture	cross	732712	20452	1	30227	1	20000	30000	other	0
sub-05_2	3	Pulse	255	750343	38083	0
sub-05_2	3	Nothing	45	762712	50452	1			50000		other	0
sub-05_2	3	Pulse	255	770343	58083	0
sub-05_2	3	Picture	response	777938	65678	1	15226	1	65000	15000	miss	0
sub-05_2	3	Pulse	255	790343	78083	0
sub-05_2	3	Picture	blank2	793164	80904	1	15226	1	80000	15000	other	0
sub-05_2	4	Picture	cross	808557	0	1	4226	1	0	4000	other	0
sub-05_2	4	Pulse	255	810344	1787	0
sub-05_2	4	Picture	20	813783	5226	1	15226	1	5000	15000	other	0
sub-05_2	4	Picture	cross	829009	20452	1	30227	1	20000	30000	other	0
sub-05_2	4	Pulse	255	830343	21786	0
sub-05_2	4	Pulse	255	850343	41786	0
sub-05_2	4	Nothing	25	859009	50452	1			50000		other	0
sub-05_2	4	Pulse	255	870344	61787	0
sub-05_2	4	Picture	response	874235	65678	1	15226	1	65000	15000	miss	0
sub-05_2	4	Picture	blank2	889461	80904	1	20226	1	80000	20000	other	0
sub-05_2	4	Pulse	255	890344	81787	0
sub-05_2	5	Picture	cross	909854	0	1	4226	1	0	4000	other	0
sub-05_2	5	Pulse	255	910344	490	0
sub-05_2	5	Picture	40	915080	5227	1	15226	1	5000	15000	other	0
sub-05_2	5	Picture	cross	930307	20453	1	30227	1	20000	30000	other	0
sub-05_2	5	Pulse	255	930344	20490	0
sub-05_2	5	Pulse	255	950344	40490	0
sub-05_2	5	Nothing	45	960307	50453	1			50000		other	0
sub-05_2	5	Pulse	255	970344	60490	0
sub-05_2	5	Picture	response	975533	65679	1	15226	1	65000	15000	miss	0
sub-05_2	5	Pulse	255	990343	80490	0
sub-05_2	5	Picture	blank2	990758	80905	1	30226	1	80000	30000	other	0
sub-05_2	5	Pulse	255	1010344	100490	0
sub-05_2	6	Picture	cross	1021151	0	1	4226	1	0	4000	other	0
sub-05_2	6	Picture	61	1026377	5226	1	15226	1	5000	15000	other	0
sub-05_2	6	Pulse	255	1030344	9193	0
sub-05_2	6	Picture	cross	1041603	20452	1	30227	1	20000	30000	other	0
sub-05_2	6	Pulse	255	1050344	29193	0
sub-05_2	6	Pulse	255	1070344	49193	0
sub-05_2	6	Nothing	90	1071603	50452	1			50000		other	0
sub-05_2	6	Picture	response	1086829	65678	1	15226	1	65000	15000	miss	0
sub-05_2	6	Pulse	255	1090344	69193	0
sub-05_2	6	Picture	blank2	1102055	80904	1	40226	1	80000	40000	other	0
sub-05_2	6	Pulse	255	1110345	89194	0
sub-05_2	6	Pulse	255	1130345	109194	0
sub-05_2	7	Picture	cross	1142448	0	1	4227	1	0	4000	other	0
sub-05_2	7	Picture	40	1147675	5227	1	15226	1	5000	15000	other	0
sub-05_2	7	Pulse	255	1150345	7897	0
sub-05_2	7	Picture	cross	1162900	20453	1	30227	1	20000	30000	other	0
sub-05_2	7	Pulse	255	1170345	27897	0
sub-05_2	7	Pulse	255	1190345	47897	0
sub-05_2	7	Nothing	45	1192900	50453	1			50000		other	0
sub-05_2	7	Picture	response	1208126	65679	1	15226	1	65000	15000	miss	0
sub-05_2	7	Pulse	255	1210345	67897	0
sub-05_2	7	Picture	blank2	1223352	80905	1	40226	1	80000	40000	other	0
sub-05_2	7	Pulse	255	1230345	87897	0
sub-05_2	7	Pulse	255	1250345	107897	0
sub-05_2	8	Picture	cross	1263745	0	1	4226	1	0	4000	other	0
sub-05_2	8	Picture	20	1268971	5227	1	15226	1	5000	15000	other	0
sub-05_2	8	Pulse	255	1270345	6600	0
sub-05_2	8	Picture	cross	1284197	20453	1	30227	1	20000	30000	other	0
sub-05_2	8	Pulse	255	1290345	26600	0
sub-05_2	8	Pulse	255	1310345	46601	0
sub-05_2	8	Nothing	25	1314197	50453	1			50000		other	0
sub-05_2	8	Picture	response	1329423	65679	1	15226	1	65000	15000	miss	0
sub-05_2	8	Pulse	255	1330345	66601	0
sub-05_2	8	Picture	blank2	1344650	80905	1	35226	1	80000	35000	other	0
sub-05_2	8	Pulse	255	1350345	86600	0
sub-05_2	8	Pulse	255	1370346	106601	0
sub-05_2	9	Picture	cross	1380042	0	1	4226	1	0	4000	other	0
sub-05_2	9	Picture	41	1385269	5226	1	15226	1	5000	15000	other	0
sub-05_2	9	Pulse	255	1390346	10303	0
sub-05_2	9	Picture	cross	1400495	20452	1	30227	1	20000	30000	other	0
sub-05_2	9	Pulse	255	1410345	30303	0
sub-05_2	9	Pulse	255	1430342	50300	4
sub-05_2	9	Nothing	90	1430495	50452	1			50000		other	0
sub-05_2	9	Picture	response	1445721	65678	1	15226	1	65000	15000	miss	0
sub-05_2	9	Pulse	255	1450346	70304	0
sub-05_2	9	Picture	blank2	1460946	80904	1	30226	1	80000	30000	other	0
sub-05_2	9	Pulse	255	1470346	90303	0
sub-05_2	9	Pulse	255	1490346	110304	0
sub-05_2	10	Picture	cross	1491339	0	1	4226	1	0	4000	other	0
sub-05_2	10	Picture	20	1496566	5227	1	15226	1	5000	15000	other	0
sub-05_2	10	Pulse	255	1510346	19007	0
sub-05_2	10	Picture	cross	1511792	20453	1	30227	1	20000	30000	other	0
sub-05_2	10	Pulse	255	1530346	39007	0
sub-05_2	10	Nothing	25	1541792	50453	1			50000		other	0
sub-05_2	10	Pulse	255	1550347	59008	0
sub-05_2	10	Picture	response	1557018	65679	1	15226	1	65000	15000	miss	0
sub-05_2	10	Pulse	255	1570346	79007	0
sub-05_2	10	Picture	blank2	1572244	80904	1	10226	1	80000	10000	other	0
sub-05_2	11	Picture	cross	1582636	0	1	4226	1	0	4000	other	0
sub-05_2	11	Picture	21	1587862	5226	1	15226	1	5000	15000	other	0
sub-05_2	11	Pulse	255	1590346	7710	0
sub-05_2	11	Picture	cross	1603088	20452	1	30227	1	20000	30000	other	0
sub-05_2	11	Pulse	255	1610346	27710	0
sub-05_2	11	Pulse	255	1630346	47710	0
sub-05_2	11	Nothing	90	1633088	50452	1			50000		other	0
sub-05_2	11	Picture	response	1648314	65678	1	15226	1	65000	15000	miss	0
sub-05_2	11	Pulse	255	1650346	67710	0
sub-05_2	11	Picture	blank2	1663540	80904	1	20226	1	80000	20000	other	0
sub-05_2	11	Pulse	255	1670347	87711	0
sub-05_2	12	Picture	cross	1683933	0	1	4226	1	0	4000	other	0
sub-05_2	12	Picture	41	1689159	5226	1	15226	1	5000	15000	other	0
sub-05_2	12	Pulse	255	1690347	6414	0
sub-05_2	12	Picture	cross	1704385	20452	1	30227	1	20000	30000	other	0
sub-05_2	12	Pulse	255	1710346	26413	0
sub-05_2	12	Pulse	255	1730346	46413	0
sub-05_2	12	Nothing	90	1734385	50452	1			50000		other	0
sub-05_2	12	Picture	response	1749611	65678	1	15226	1	65000	15000	miss	0
sub-05_2	12	Pulse	255	1750347	66414	0
sub-05_2	12	Picture	blank2	1764837	80904	1	20226	1	80000	20000	other	0
sub-05_2	12	Pulse	255	1770347	86414	0
sub-05_2	13	Picture	cross	1785230	0	1	4226	1	0	4000	other	0
sub-05_2	13	Pulse	255	1790347	5117	0
sub-05_2	13	Picture	21	1790456	5226	1	15226	1	5000	15000	other	0
sub-05_2	13	Picture	cross	1805682	20452	1	30227	1	20000	30000	other	0
sub-05_2	13	Pulse	255	1810347	25118	0
sub-05_2	13	Pulse	255	1830347	45117	0
sub-05_2	13	Nothing	90	1835682	50452	1			50000		other	0
sub-05_2	13	Pulse	255	1850347	65118	0
sub-05_2	13	Picture	response	1850907	65678	1	15226	1	65000	15000	miss	0
sub-05_2	13	Picture	blank2	1866133	80904	1	15226	1	80000	15000	other	0
sub-05_2	13	Pulse	255	1870337	85107	0
sub-05_2	14	Picture	cross	1881526	0	1	4226	1	0	4000	other	0
sub-05_2	14	Picture	61	1886752	5226	1	15226	1	5000	15000	other	0
sub-05_2	14	Pulse	255	1890337	8811	0
sub-05_2	14	Picture	cross	1901978	20452	1	30227	1	20000	30000	other	0
sub-05_2	14	Pulse	255	1910337	28812	0
sub-05_2	14	Pulse	255	1930337	48812	0
sub-05_2	14	Nothing	90	1931978	50452	1			50000		other	0
sub-05_2	14	Picture	response	1947204	65678	1	15226	1	65000	15000	miss	0
sub-05_2	14	Pulse	255	1950338	68812	0
sub-05_2	14	Picture	blank2	1962430	80904	1	50226	1	80000	50000	other	0
sub-05_2	14	Pulse	255	1970337	88812	0
sub-05_2	14	Pulse	255	1990337	108812	0
sub-05_2	14	Pulse	255	2010338	128812	0
sub-05_2	15	Picture	cross	2012822	0	1	4226	1	0	4000	other	0
sub-05_2	15	Picture	21	2018049	5227	1	15226	1	5000	15000	other	0
sub-05_2	15	Pulse	255	2030338	17515	0
sub-05_2	15	Picture	cross	2033275	20453	1	30227	1	20000	30000	other	0
sub-05_2	15	Pulse	255	2050338	37515	0
sub-05_2	15	Nothing	90	2063275	50453	1			50000		other	0
sub-05_2	15	Pulse	255	2070338	57515	0
sub-05_2	15	Picture	response	2078501	65679	1	15226	1	65000	15000	miss	0
sub-05_2	15	Pulse	255	2090338	77516	0
sub-05_2	15	Picture	blank2	2093727	80905	1	30239	1	80000	30000	other	0
sub-05_2	15	Pulse	255	2110338	97515	0
sub-05_2	16	Picture	cross	2124133	0	1	4226	1	0	4000	other	0
sub-05_2	16	Picture	60	2129360	5226	1	15226	1	5000	15000	other	0
sub-05_2	16	Pulse	255	2130338	6205	0
sub-05_2	16	Picture	cross	2144585	20452	1	30227	1	20000	30000	other	0
sub-05_2	16	Pulse	255	2150338	26205	0
sub-05_2	16	Pulse	255	2170338	46205	0
sub-05_2	16	Nothing	65	2174585	50452	1			50000		other	0
sub-05_2	16	Picture	response	2189812	65678	1	15226	1	65000	15000	miss	0
sub-05_2	16	Pulse	255	2190339	66205	0
sub-05_2	16	Picture	blank2	2205037	80904	1	20226	1	80000	20000	other	0
sub-05_2	16	Pulse	255	2210338	86205	0
sub-05_2	17	Picture	cross	2225430	0	1	4226	1	0	4000	other	0
sub-05_2	17	Pulse	255	2230339	4909	0
sub-05_2	17	Picture	41	2230657	5227	1	15226	1	5000	15000	other	0
sub-05_2	17	Picture	cross	2245883	20453	1	30227	1	20000	30000	other	0
sub-05_2	17	Pulse	255	2250339	24909	0
sub-05_2	17	Pulse	255	2270338	44908	0
sub-05_2	17	Nothing	90	2275883	50453	1			50000		other	0
sub-05_2	17	Pulse	255	2290339	64909	0
sub-05_2	17	Picture	response	2291108	65678	1	15226	1	65000	15000	miss	0
sub-05_2	17	Picture	blank2	2306334	80904	1	30226	1	80000	30000	other	0
sub-05_2	17	Pulse	255	2310339	84909	0
sub-05_2	17	Pulse	255	2330339	104909	0
sub-05_2	18	Picture	cross	2336727	0	1	4226	1	0	4000	other	0
sub-05_2	18	Picture	61	2341953	5226	1	15226	1	5000	15000	other	0
sub-05_2	18	Pulse	255	2350339	13612	0
sub-05_2	18	Picture	cross	2357179	20452	1	30227	1	20000	30000	other	0
sub-05_2	18	Pulse	255	2370339	33612	0
sub-05_2	18	Nothing	90	2387179	50452	1			50000		other	0
sub-05_2	18	Pulse	255	2390339	53612	0
sub-05_2	18	Picture	response	2402405	65678	1	15226	1	65000	15000	miss	0
sub-05_2	18	Pulse	255	2410339	73613	0
sub-05_2	18	Picture	blank2	2417631	80904	1	15226	1	80000	15000	other	0
sub-05_2	18	Pulse	255	2430339	93613	0
sub-05_2	19	Picture	cross	2433024	0	1	4226	1	0	4000	other	0
sub-05_2	19	Picture	60	2438250	5226	1	15226	1	5000	15000	other	0
sub-05_2	19	Pulse	255	2450339	17316	0
sub-05_2	19	Picture	cross	2453476	20452	1	30227	1	20000	30000	other	0
sub-05_2	19	Pulse	255	2470339	37316	0
sub-05_2	19	Nothing	65	2483476	50452	1			50000		other	0
sub-05_2	19	Pulse	255	2490339	57316	0
sub-05_2	19	Picture	response	2498702	65678	1	15226	1	65000	15000	miss	0
sub-05_2	19	Pulse	255	2510339	77316	0
sub-05_2	19	Picture	blank2	2513928	80904	1	15226	1	80000	15000	other	0
sub-05_2	20	Picture	cross	2529320	0	1	4226	1	0	4000	other	0
sub-05_2	20	Pulse	255	2530339	1019	0
sub-05_2	20	Picture	21	2534547	5226	1	15226	1	5000	15000	other	0
sub-05_2	20	Picture	cross	2549773	20452	1	30227	1	20000	30000	other	0
sub-05_2	20	Pulse	255	2550340	21020	0
sub-05_2	20	Pulse	255	2570340	41019	0
sub-05_2	20	Nothing	90	2579773	50452	1			50000		other	0
sub-05_2	20	Pulse	255	2590340	61020	0
sub-05_2	20	Picture	response	2594999	65678	1	15226	1	65000	15000	miss	0
sub-05_2	20	Picture	blank2	2610224	80904	1	20226	1	80000	20000	other	0
sub-05_2	20	Pulse	255	2610340	81020	0
sub-05_2	20	Pulse	255	2630340	101020	0
sub-05_2	21	Picture	cross	2630617	0	1	4226	1	0	4000	other	0
sub-05_2	21	Picture	61	2635843	5226	1	15226	1	5000	15000	other	0
sub-05_2	21	Pulse	255	2650340	19723	0
sub-05_2	21	Picture	cross	2651069	20452	1	30227	1	20000	30000	other	0
sub-05_2	21	Pulse	255	2670340	39723	0
sub-05_2	21	Nothing	90	2681069	50452	1			50000		other	0
sub-05_2	21	Pulse	255	2690340	59723	0
sub-05_2	21	Picture	response	2696295	65678	1	15226	1	65000	15000	miss	0
sub-05_2	21	Pulse	255	2710340	79723	0
sub-05_2	21	Picture	blank2	2711521	80904	1	15226	1	80000	15000	other	0
sub-05_2	22	Picture	cross	2726913	0	1	4226	1	0	4000	other	0
sub-05_2	22	Pulse	255	2730340	3427	0
sub-05_2	22	Picture	40	2731973	5060	1	15226	1	5000	15000	other	0
sub-05_2	22	Picture	cross	2747199	20286	1	30227	1	20000	30000	other	0
sub-05_2	22	Pulse	255	2750341	23427	0
sub-05_2	22	Pulse	255	2770341	43427	0
sub-05_2	22	Nothing	45	2777199	50286	1			50000		other	0
sub-05_2	22	Pulse	255	2790341	63427	0
sub-05_2	22	Picture	response	2792425	65512	1	15226	1	65000	15000	miss	0
sub-05_2	22	Picture	blank2	2807651	80737	1	15226	1	80000	15000	other	0
sub-05_2	22	Pulse	255	2810341	83427	0
sub-05_2	23	Picture	cross	2823044	0	1	4226	1	0	4000	other	0
sub-05_2	23	Picture	60	2828270	5226	1	15226	1	5000	15000	other	0
sub-05_2	23	Pulse	255	2830341	7298	0
sub-05_2	23	Picture	cross	2843496	20452	1	30227	1	20000	30000	other	0
sub-05_2	23	Pulse	255	2850341	27297	0
sub-05_2	23	Pulse	255	2870341	47298	0
sub-05_2	23	Nothing	65	2873496	50452	1			50000		other	0
sub-05_2	23	Picture	response	2888722	65678	1	15226	1	65000	15000	miss	0
sub-05_2	23	Pulse	255	2890341	67297	0
sub-05_2	23	Picture	blank2	2903948	80904	1	10226	1	80000	10000	other	0
sub-05_2	23	Pulse	255	2910341	87298	0
sub-05_2	24	Picture	cross	2914340	0	1	4226	1	0	4000	other	0
sub-05_2	24	Picture	61	2919566	5226	1	15226	1	5000	15000	other	0
sub-05_2	24	Pulse	255	2930341	16001	0
sub-05_2	24	Picture	cross	2934792	20452	1	30227	1	20000	30000	other	0
sub-05_2	24	Pulse	255	2950341	36001	0
sub-05_2	24	Nothing	90	2964792	50452	1			50000		other	0
sub-05_2	24	Pulse	255	2970341	56001	0
sub-05_2	24	Picture	response	2980018	65678	1	15226	1	65000	15000	miss	0
sub-05_2	24	Pulse	255	2990341	76001	0
sub-05_2	24	Picture	blank2	2995244	80904	1	30226	1	80000	30000	other	0
sub-05_2	24	Pulse	255	3010341	96001	0
sub-05_2	25	Picture	cross	3025637	0	1	4226	1	0	4000	other	0
sub-05_2	25	Pulse	255	3030342	4705	0
sub-05_2	25	Picture	60	3030863	5226	1	15226	1	5000	15000	other	0
sub-05_2	25	Picture	cross	3046089	20452	1	30227	1	20000	30000	other	0
sub-05_2	25	Pulse	255	3050341	24705	0
sub-05_2	25	Pulse	255	3070341	44705	0
sub-05_2	25	Nothing	65	3076089	50452	1			50000		other	0
sub-05_2	25	Pulse	255	3090342	64705	0
sub-05_2	25	Picture	response	3091315	65678	1	15226	1	65000	15000	miss	0
sub-05_2	25	Picture	blank2	3106540	80904	1	20226	1	80000	20000	other	0
sub-05_2	25	Pulse	255	3110342	84705	0
sub-05_2	26	Picture	cross	3126933	0	1	4226	1	0	4000	other	0
sub-05_2	26	Pulse	255	3130342	3409	0
sub-05_2	26	Picture	40	3132159	5226	1	15226	1	5000	15000	other	0
sub-05_2	26	Picture	cross	3147385	20452	1	30227	1	20000	30000	other	0
sub-05_2	26	Pulse	255	3150342	23409	0
sub-05_2	26	Pulse	255	3170342	43409	0
sub-05_2	26	Nothing	45	3177385	50452	1			50000		other	0
sub-05_2	26	Pulse	255	3190342	63409	0
sub-05_2	26	Picture	response	3192611	65678	1	15226	1	65000	15000	miss	0
sub-05_2	26	Picture	blank2	3207837	80904	1	20226	1	80000	20000	other	0
sub-05_2	26	Pulse	255	3210342	83409	0
sub-05_2	27	Picture	cross	3228229	0	1	4226	1	0	4000	other	0
sub-05_2	27	Pulse	255	3230342	2113	0
sub-05_2	27	Picture	21	3233455	5226	1	15226	1	5000	15000	other	0
sub-05_2	27	Picture	cross	3248681	20452	1	30227	1	20000	30000	other	0
sub-05_2	27	Pulse	255	3250342	22113	0
sub-05_2	27	Pulse	255	3270343	42114	0
sub-05_2	27	Nothing	90	3278681	50452	1			50000		other	0
sub-05_2	27	Pulse	255	3290343	62114	0
sub-05_2	27	Picture	response	3293907	65678	1	15226	1	65000	15000	miss	0
sub-05_2	27	Picture	blank2	3309133	80904	1	40226	1	80000	40000	other	0
sub-05_2	27	Pulse	255	3310343	82114	0
sub-05_2	27	Pulse	255	3330342	102113	0
sub-05_2	28	Picture	cross	3349525	0	1	4226	1	0	4000	other	0
sub-05_2	28	Pulse	255	3350343	817	0
sub-05_2	28	Picture	61	3354752	5226	1	15226	1	5000	15000	other	0
sub-05_2	28	Picture	cross	3369978	20452	1	30227	1	20000	30000	other	0
sub-05_2	28	Pulse	255	3370343	20817	0
sub-05_2	28	Pulse	255	3390343	40817	0
sub-05_2	28	Nothing	90	3399978	50452	1			50000		other	0
sub-05_2	28	Pulse	255	3410343	60818	0
sub-05_2	28	Picture	response	3415204	65678	1	15226	1	65000	15000	miss	0
sub-05_2	28	Pulse	255	3430345	80820	0
sub-05_2	28	Picture	blank2	3430430	80904	1	30226	1	80000	30000	other	0
sub-05_2	28	Pulse	255	3450343	100818	0
sub-05_2	29	Picture	cross	3460822	0	1	4226	1	0	4000	other	0
sub-05_2	29	Picture	40	3466048	5226	1	15226	1	5000	15000	other	0
sub-05_2	29	Pulse	255	3470343	9521	0
sub-05_2	29	Picture	cross	3481274	20452	1	30227	1	20000	30000	other	0
sub-05_2	29	Pulse	255	3490343	29521	0
sub-05_2	29	Pulse	255	3510333	49511	0
sub-05_2	29	Nothing	45	3511274	50452	1			50000		other	0
sub-05_2	29	Picture	response	3526500	65678	1	15226	1	65000	15000	miss	0
sub-05_2	29	Pulse	255	3530334	69512	0
sub-05_2	29	Picture	blank2	3541726	80904	1	40226	1	80000	40000	other	0
sub-05_2	29	Pulse	255	3550334	89512	0
sub-05_2	29	Pulse	255	3570334	109512	0
sub-05_2	30	Picture	cross	3582119	0	1	4226	1	0	4000	other	0
sub-05_2	30	Picture	21	3587345	5226	1	15226	1	5000	15000	other	0
sub-05_2	30	Pulse	255	3590334	8215	0
sub-05_2	30	Picture	cross	3602571	20452	1	30227	1	20000	30000	other	0
sub-05_2	30	Pulse	255	3610333	28214	0
sub-05_2	30	Pulse	255	3630333	48214	0
sub-05_2	30	Nothing	90	3632571	50452	1			50000		other	0
sub-05_2	30	Picture	response	3647797	65678	1	15226	1	65000	15000	miss	0
sub-05_2	30	Pulse	255	3650334	68214	0
sub-05_2	30	Picture	blank2	3663023	80904	1	15226	1	80000	15000	other	0
sub-05_2	30	Pulse	255	3670334	88215	0
sub-05_2	31	Picture	cross	3678416	0	1	4226	1	0	4000	other	0
sub-05_2	31	Picture	41	3683475	5060	1	15226	1	5000	15000	other	0
sub-05_2	31	Pulse	255	3690334	11918	0
sub-05_2	31	Picture	cross	3698701	20286	1	30227	1	20000	30000	other	0
sub-05_2	31	Pulse	255	3710334	31918	0
sub-05_2	31	Nothing	90	3728701	50286	1			50000		other	0
sub-05_2	31	Pulse	255	3730334	51919	0
sub-05_2	31	Picture	response	3743927	65512	1	15226	1	65000	15000	miss	0
sub-05_2	31	Pulse	255	3750334	71919	0
sub-05_2	31	Picture	blank2	3759153	80738	1	20226	1	80000	20000	other	0
sub-05_2	31	Pulse	255	3770335	91919	0
sub-05_2	32	Picture	cross	3779546	0	1	4226	1	0	4000	other	0
sub-05_2	32	Picture	41	3784772	5226	1	15226	1	5000	15000	other	0
sub-05_2	32	Pulse	255	3790335	10789	0
sub-05_2	32	Picture	cross	3799998	20452	1	30227	1	20000	30000	other	0
sub-05_2	32	Pulse	255	3810334	30789	0
sub-05_2	32	Nothing	90	3829998	50452	1			50000		other	0
sub-05_2	32	Pulse	255	3830335	50789	0
sub-05_2	32	Picture	response	3845224	65678	1	15226	1	65000	15000	miss	0
sub-05_2	32	Pulse	255	3850335	70789	0
sub-05_2	32	Picture	blank2	3860450	80904	1	15226	1	80000	15000	other	0
sub-05_2	32	Pulse	255	3870334	90789	0
sub-05_2	33	Picture	cross	3875842	0	1	4226	1	0	4000	other	0
sub-05_2	33	Picture	41	3881068	5226	1	15226	1	5000	15000	other	0
sub-05_2	33	Pulse	255	3890334	14492	0
sub-05_2	33	Picture	cross	3896294	20452	1	30227	1	20000	30000	other	0
sub-05_2	33	Pulse	255	3910335	34493	0
sub-05_2	33	Nothing	90	3926294	50452	1			50000		other	0
sub-05_2	33	Pulse	255	3930335	54493	0
sub-05_2	33	Picture	response	3941520	65678	1	15226	1	65000	15000	miss	0
sub-05_2	33	Pulse	255	3950335	74493	0
sub-05_2	33	Picture	blank2	3956746	80904	1	35226	1	80000	35000	other	0
sub-05_2	33	Pulse	255	3970335	94492	0
sub-05_2	33	Pulse	255	3990335	114493	0
sub-05_2	34	Picture	cross	3992139	0	1	4226	1	0	4000	other	0
sub-05_2	34	Picture	60	3997365	5226	1	15226	1	5000	15000	other	0
sub-05_2	34	Pulse	255	4010335	18197	0
sub-05_2	34	Picture	cross	4012591	20452	1	30227	1	20000	30000	other	0
sub-05_2	34	Pulse	255	4030335	38197	0
sub-05_2	34	Nothing	65	4042591	50452	1			50000		other	0
sub-05_2	34	Pulse	255	4050335	58197	0
sub-05_2	34	Picture	response	4057817	65678	1	15226	1	65000	15000	miss	0
sub-05_2	34	Pulse	255	4070336	78197	0
sub-05_2	34	Picture	blank2	4073043	80904	1	20226	1	80000	20000	other	0
sub-05_2	34	Pulse	255	4090335	98196	0
sub-05_2	35	Picture	cross	4093435	0	1	4226	1	0	4000	other	0
sub-05_2	35	Picture	21	4098662	5226	1	15226	1	5000	15000	other	0
sub-05_2	35	Pulse	255	4110335	16900	0
sub-05_2	35	Picture	cross	4113888	20452	1	30227	1	20000	30000	other	0
sub-05_2	35	Pulse	255	4130335	36900	0
sub-05_2	35	Nothing	90	4143888	50452	1			50000		other	0
sub-05_2	35	Pulse	255	4150336	56900	0
sub-05_2	35	Picture	response	4159114	65679	1	15226	1	65000	15000	miss	0
sub-05_2	35	Pulse	255	4170336	76900	0
sub-05_2	35	Picture	blank2	4174340	80904	1	15226	1	80000	15000	other	0
sub-05_2	36	Picture	cross	4189732	0	1	4226	1	0	4000	other	0
sub-05_2	36	Pulse	255	4190336	604	0
sub-05_2	36	Picture	20	4194959	5226	1	15226	1	5000	15000	other	0
sub-05_2	36	Picture	cross	4210185	20452	1	30227	1	20000	30000	other	0
sub-05_2	36	Pulse	255	4210336	20603	0
sub-05_2	36	Pulse	255	4230336	40604	0
sub-05_2	36	Nothing	25	4240185	50452	1			50000		other	0
sub-05_2	36	Pulse	255	4250336	60604	0
sub-05_2	36	Picture	response	4255411	65678	1	15226	1	65000	15000	miss	0
sub-05_2	36	Pulse	255	4270336	80604	0
sub-05_2	36	Picture	blank2	4270636	80904	1	20226	1	80000	20000	other	0
sub-05_2	36	Pulse	255	4290336	100604	0
sub-05_2	37	Picture	cross	4291029	0	1	4226	1	0	4000	other	0
sub-05_2	37	Picture	61	4296255	5227	1	15226	1	5000	15000	other	0
sub-05_2	37	Pulse	255	4310336	19307	0
sub-05_2	37	Picture	cross	4311481	20452	1	30227	1	20000	30000	other	0
sub-05_2	37	Pulse	255	4330336	39307	0
sub-05_2	37	Nothing	90	4341481	50452	1			50000		other	0
sub-05_2	37	Pulse	255	4350336	59307	0
sub-05_2	37	Picture	response	4356707	65678	1	15226	1	65000	15000	miss	0
sub-05_2	37	Pulse	255	4370336	79308	0
sub-05_2	37	Picture	blank2	4371933	80904	1	40226	1	80000	40000	other	0
sub-05_2	37	Pulse	255	4390336	99308	0
sub-05_2	37	Pulse	255	4410337	119308	0
