Scenario - loca_mveb
Logfile written - 07/02/2018 10:21:37

Subject	Trial	Event Type	Code	Time	TTime	Uncertainty	Duration	Uncertainty	ReqTime	ReqDur	Stim Type	Pair Index

sub-06_1	0	Pulse	255	738259	738259	0
sub-06_1	1	Picture	p_startup	738487	0	1	100120	1	0	100000	other	0
sub-06_1	1	Pulse	255	758258	19771	0
sub-06_1	1	Pulse	255	778258	39771	0
sub-06_1	1	Pulse	255	798259	59772	0
sub-06_1	1	Pulse	255	818259	79772	0
sub-06_1	1	Pulse	255	838259	99772	0
sub-06_1	2	Picture	cross	838773	0	1	4226	1	0	4000	other	0
sub-06_1	2	Picture	61	843833	5059	1	15226	1	5000	15000	other	0
sub-06_1	2	Pulse	255	858258	19485	0
sub-06_1	2	Picture	cross	859058	20285	1	30227	1	20000	30000	other	0
sub-06_1	2	Pulse	255	878259	39486	0
sub-06_1	2	Nothing	90	889058	50285	1			50000		other	0
sub-06_1	2	Pulse	255	898259	59485	0
sub-06_1	2	Picture	response	904284	65511	1	15226	1	65000	15000	hit	16
sub-06_1	2	Response	1	908859	70085	1
sub-06_1	2	Pulse	255	918259	79485	0
sub-06_1	2	Picture	blank2	919510	80736	1	15226	1	80000	15000	other	0
sub-06_1	3	Picture	cross	934902	0	1	4226	1	0	4000	other	0
sub-06_1	3	Pulse	255	938259	3357	0
sub-06_1	3	Picture	40	940128	5226	1	15226	1	5000	15000	other	0
sub-06_1	3	Picture	cross	955354	20452	1	30227	1	20000	30000	other	0
sub-06_1	3	Pulse	255	958259	23357	0
sub-06_1	3	Pulse	255	978258	43356	0
sub-06_1	3	Nothing	45	985354	50452	1			50000		other	0
sub-06_1	3	Pulse	255	998259	63357	0
sub-06_1	3	Picture	response	1000580	65678	1	15226	1	65000	15000	hit	28
sub-06_1	3	Response	1	1009198	74296	1
sub-06_1	3	Picture	blank2	1015806	80904	1	25226	1	80000	25000	other	0
sub-06_1	3	Pulse	255	1018259	83357	0
sub-06_1	3	Pulse	255	1038249	103347	0
sub-06_1	4	Picture	cross	1041198	0	1	4226	1	0	4000	other	0
sub-06_1	4	Picture	60	1046424	5226	1	15226	1	5000	15000	other	0
sub-06_1	4	Pulse	255	1058249	17051	0
sub-06_1	4	Picture	cross	1061650	20452	1	30226	1	20000	30000	other	0
sub-06_1	4	Pulse	255	1078249	37051	0
sub-06_1	4	Nothing	65	1091650	50452	1			50000		other	0
sub-06_1	4	Pulse	255	1098249	57051	0
sub-06_1	4	Picture	response	1106876	65678	1	15226	1	65000	15000	hit	40
sub-06_1	4	Response	2	1114709	73511	1
sub-06_1	4	Pulse	255	1118249	77051	0
sub-06_1	4	Picture	blank2	1122102	80904	1	15226	1	80000	15000	other	0
sub-06_1	5	Picture	cross	1137494	0	1	4226	1	0	4000	other	0
sub-06_1	5	Pulse	255	1138249	755	0
sub-06_1	5	Picture	20	1142720	5226	1	15226	1	5000	15000	other	0
sub-06_1	5	Picture	cross	1157946	20452	1	30226	1	20000	30000	other	0
sub-06_1	5	Pulse	255	1158250	20756	0
sub-06_1	5	Pulse	255	1178250	40756	0
sub-06_1	5	Nothing	25	1187946	50452	1			50000		other	0
sub-06_1	5	Pulse	255	1198250	60756	0
sub-06_1	5	Picture	response	1203172	65678	1	15226	1	65000	15000	hit	52
sub-06_1	5	Response	1	1208939	71445	1
sub-06_1	5	Pulse	255	1218250	80756	0
sub-06_1	5	Picture	blank2	1218397	80903	1	20226	1	80000	20000	other	0
sub-06_1	5	Pulse	255	1238250	100756	0
sub-06_1	6	Picture	cross	1238790	0	1	4226	1	0	4000	other	0
sub-06_1	6	Picture	60	1244016	5226	1	15226	1	5000	15000	other	0
sub-06_1	6	Pulse	255	1258250	19460	0
sub-06_1	6	Picture	cross	1259242	20452	1	30227	1	20000	30000	other	0
sub-06_1	6	Pulse	255	1278250	39460	0
sub-06_1	6	Nothing	65	1289242	50452	1			50000		other	0
sub-06_1	6	Pulse	255	1298250	59460	0
sub-06_1	6	Picture	response	1304468	65678	1	15226	1	65000	15000	hit	64
sub-06_1	6	Response	1	1308400	69610	1
sub-06_1	6	Pulse	255	1318250	79460	0
sub-06_1	6	Picture	blank2	1319694	80904	1	45226	1	80000	45000	other	0
sub-06_1	6	Pulse	255	1338250	99460	0
sub-06_1	6	Pulse	255	1358251	119461	0
sub-06_1	7	Picture	cross	1365086	0	1	4226	1	0	4000	other	0
sub-06_1	7	Picture	20	1370146	5060	1	15226	1	5000	15000	other	0
sub-06_1	7	Pulse	255	1378250	13164	0
sub-06_1	7	Picture	cross	1385372	20285	1	30227	1	20000	30000	other	0
sub-06_1	7	Pulse	255	1398250	33164	0
sub-06_1	7	Nothing	25	1415372	50285	1			50000		other	0
sub-06_1	7	Pulse	255	1418250	53164	0
sub-06_1	7	Picture	response	1430598	65511	1	15226	1	65000	15000	hit	77
sub-06_1	7	Response	2	1437590	72504	1
sub-06_1	7	Pulse	255	1438250	73164	0
sub-06_1	7	Picture	blank2	1445823	80737	1	35226	1	80000	35000	other	0
sub-06_1	7	Pulse	255	1458250	93164	0
sub-06_1	7	Pulse	255	1478250	113164	0
sub-06_1	8	Picture	cross	1481216	0	1	4226	1	0	4000	other	0
sub-06_1	8	Picture	61	1486442	5226	1	15226	1	5000	15000	other	0
sub-06_1	8	Pulse	255	1498251	17035	0
sub-06_1	8	Picture	cross	1501668	20452	1	30227	1	20000	30000	other	0
sub-06_1	8	Pulse	255	1518251	37035	0
sub-06_1	8	Nothing	90	1531668	50452	1			50000		other	0
sub-06_1	8	Pulse	255	1538250	57034	0
sub-06_1	8	Picture	response	1546894	65678	1	15226	1	65000	15000	hit	90
sub-06_1	8	Response	2	1553381	72165	1
sub-06_1	8	Pulse	255	1558250	77034	0
sub-06_1	8	Picture	blank2	1562119	80904	1	45226	1	80000	45000	other	0
sub-06_1	8	Pulse	255	1578250	97035	0
sub-06_1	8	Pulse	255	1598251	117035	0
sub-06_1	9	Picture	cross	1607512	0	1	4226	1	0	4000	other	0
sub-06_1	9	Picture	41	1612738	5226	1	15226	1	5000	15000	other	0
sub-06_1	9	Pulse	255	1618251	10739	0
sub-06_1	9	Picture	cross	1627964	20452	1	30227	1	20000	30000	other	0
sub-06_1	9	Pulse	255	1638250	30738	0
sub-06_1	9	Nothing	90	1657964	50452	1			50000		other	0
sub-06_1	9	Pulse	255	1658251	50739	0
sub-06_1	9	Picture	response	1673190	65678	1	15226	1	65000	15000	hit	104
sub-06_1	9	Pulse	255	1678251	70739	0
sub-06_1	9	Response	1	1681231	73719	1
sub-06_1	9	Picture	blank2	1688416	80904	1	10226	1	80000	10000	other	0
sub-06_1	9	Pulse	255	1698251	90739	0
sub-06_1	10	Picture	cross	1698808	0	1	4226	1	0	4000	other	0
sub-06_1	10	Picture	20	1704034	5226	1	15226	1	5000	15000	other	0
sub-06_1	10	Pulse	255	1718251	19443	0
sub-06_1	10	Picture	cross	1719260	20452	1	30227	1	20000	30000	other	0
sub-06_1	10	Pulse	255	1738251	39443	0
sub-06_1	10	Nothing	25	1749260	50452	1			50000		other	0
sub-06_1	10	Pulse	255	1758251	59443	0
sub-06_1	10	Picture	response	1764486	65678	1	15226	1	65000	15000	hit	115
sub-06_1	10	Response	2	1772910	74103	1
sub-06_1	10	Pulse	255	1778252	79444	0
sub-06_1	10	Picture	blank2	1779711	80903	1	20226	1	80000	20000	other	0
sub-06_1	10	Pulse	255	1798252	99444	0
sub-06_1	11	Picture	cross	1800104	0	1	4226	1	0	4000	other	0
sub-06_1	11	Picture	41	1805330	5226	1	15226	1	5000	15000	other	0
sub-06_1	11	Pulse	255	1818251	18148	0
sub-06_1	11	Picture	cross	1820556	20452	1	30227	1	20000	30000	other	0
sub-06_1	11	Pulse	255	1838251	38147	0
sub-06_1	11	Nothing	90	1850556	50452	1			50000		other	0
sub-06_1	11	Pulse	255	1858251	58148	0
sub-06_1	11	Picture	response	1865782	65678	1	15226	1	65000	15000	hit	127
sub-06_1	11	Response	1	1872601	72497	1
sub-06_1	11	Pulse	255	1878251	78147	0
sub-06_1	11	Picture	blank2	1881007	80904	1	30226	1	80000	30000	other	0
sub-06_1	11	Pulse	255	1898252	98148	0
sub-06_1	12	Picture	cross	1911400	0	1	4226	1	0	4000	other	0
sub-06_1	12	Picture	40	1916626	5226	1	15226	1	5000	15000	other	0
sub-06_1	12	Pulse	255	1918251	6851	0
sub-06_1	12	Picture	cross	1931852	20452	1	30227	1	20000	30000	other	0
sub-06_1	12	Pulse	255	1938252	26852	0
sub-06_1	12	Pulse	255	1958252	46852	0
sub-06_1	12	Nothing	45	1961852	50452	1			50000		other	0
sub-06_1	12	Picture	response	1977078	65678	1	15226	1	65000	15000	hit	140
sub-06_1	12	Pulse	255	1978252	66852	0
sub-06_1	12	Response	2	1984501	73101	1
sub-06_1	12	Picture	blank2	1992304	80904	1	40226	1	80000	40000	other	0
sub-06_1	12	Pulse	255	1998251	86851	0
sub-06_1	12	Pulse	255	2018252	106852	0
sub-06_1	13	Picture	cross	2032696	0	1	4226	1	0	4000	other	0
sub-06_1	13	Picture	21	2037923	5226	1	15226	1	5000	15000	other	0
sub-06_1	13	Pulse	255	2038253	5557	0
sub-06_1	13	Picture	cross	2053148	20452	1	30227	1	20000	30000	other	0
sub-06_1	13	Pulse	255	2058252	25556	0
sub-06_1	13	Pulse	255	2078252	45556	0
sub-06_1	13	Nothing	90	2083148	50452	1			50000		other	0
sub-06_1	13	Pulse	255	2098253	65556	0
sub-06_1	13	Picture	response	2098374	65678	1	15226	1	65000	15000	hit	153
sub-06_1	13	Response	2	2107412	74716	1
sub-06_1	13	Picture	blank2	2113600	80904	1	10226	1	80000	10000	other	0
sub-06_1	13	Pulse	255	2118252	85556	0
sub-06_1	14	Picture	cross	2123992	0	1	4226	1	0	4000	other	0
sub-06_1	14	Picture	60	2129218	5226	1	15226	1	5000	15000	other	0
sub-06_1	14	Pulse	255	2138252	14260	0
sub-06_1	14	Picture	cross	2144444	20452	1	30227	1	20000	30000	other	0
sub-06_1	14	Pulse	255	2158252	34260	0
sub-06_1	14	Nothing	65	2174444	50452	1			50000		other	0
sub-06_1	14	Pulse	255	2178251	54259	1
sub-06_1	14	Picture	response	2189670	65678	1	15226	1	65000	15000	hit	165
sub-06_1	14	Pulse	255	2198253	74260	0
sub-06_1	14	Response	1	2202932	78940	1
sub-06_1	14	Picture	blank2	2204896	80903	1	30226	1	80000	30000	other	0
sub-06_1	14	Pulse	255	2218252	94259	0
sub-06_1	15	Picture	cross	2235288	0	1	4226	1	0	4000	other	0
sub-06_1	15	Pulse	255	2238253	2965	0
sub-06_1	15	Picture	61	2240348	5060	1	15226	1	5000	15000	other	0
sub-06_1	15	Picture	cross	2255574	20286	1	30227	1	20000	30000	other	0
sub-06_1	15	Pulse	255	2258252	22964	0
sub-06_1	15	Pulse	255	2278253	42965	0
sub-06_1	15	Nothing	90	2285574	50286	1			50000		other	0
sub-06_1	15	Pulse	255	2298253	62965	0
sub-06_1	15	Picture	response	2300800	65512	1	15226	1	65000	15000	hit	177
sub-06_1	15	Response	1	2306962	71674	1
sub-06_1	15	Picture	blank2	2316026	80737	1	15226	1	80000	15000	other	0
sub-06_1	15	Pulse	255	2318253	82964	0
sub-06_1	16	Picture	cross	2331418	0	1	4226	1	0	4000	other	0
sub-06_1	16	Picture	61	2336644	5226	1	15226	1	5000	15000	other	0
sub-06_1	16	Pulse	255	2338253	6835	0
sub-06_1	16	Picture	cross	2351870	20452	1	30227	1	20000	30000	other	0
sub-06_1	16	Pulse	255	2358253	26835	0
sub-06_1	16	Pulse	255	2378253	46835	0
sub-06_1	16	Nothing	90	2381870	50452	1			50000		other	0
sub-06_1	16	Picture	response	2397095	65678	1	15226	1	65000	15000	hit	189
sub-06_1	16	Pulse	255	2398253	66835	0
sub-06_1	16	Response	2	2404803	73385	1
sub-06_1	16	Picture	blank2	2412321	80903	1	20226	1	80000	20000	other	0
sub-06_1	16	Pulse	255	2418253	86835	0
sub-06_1	17	Picture	cross	2432714	0	1	4219	7	0	4000	other	0
sub-06_1	17	Picture	20	2437940	5226	1	15226	1	5000	15000	other	0
sub-06_1	17	Pulse	255	2438253	5539	0
sub-06_1	17	Picture	cross	2453166	20452	1	30227	1	20000	30000	other	0
sub-06_1	17	Pulse	255	2458253	25539	0
sub-06_1	17	Pulse	255	2478253	45539	0
sub-06_1	17	Nothing	25	2483166	50452	1			50000		other	0
sub-06_1	17	Pulse	255	2498253	65539	0
sub-06_1	17	Picture	response	2498391	65678	1	15226	1	65000	15000	hit	201
sub-06_1	17	Response	1	2505074	72360	1
sub-06_1	17	Picture	blank2	2513617	80903	1	40226	1	80000	40000	other	0
sub-06_1	17	Pulse	255	2518253	85539	0
sub-06_1	17	Pulse	255	2538253	105540	0
sub-06_1	18	Picture	cross	2554010	0	1	4226	1	0	4000	other	0
sub-06_1	18	Pulse	255	2558254	4244	0
sub-06_1	18	Picture	20	2559236	5226	1	15226	1	5000	15000	other	0
sub-06_1	18	Picture	cross	2574462	20452	1	30227	1	20000	30000	other	0
sub-06_1	18	Pulse	255	2578253	24243	0
sub-06_1	18	Pulse	255	2598254	44244	0
sub-06_1	18	Nothing	25	2604462	50452	1			50000		other	0
sub-06_1	18	Pulse	255	2618253	64243	0
sub-06_1	18	Picture	response	2619688	65678	1	15226	1	65000	15000	hit	214
sub-06_1	18	Response	1	2630734	76724	1
sub-06_1	18	Picture	blank2	2634913	80904	1	15226	1	80000	15000	other	0
sub-06_1	18	Pulse	255	2638254	84244	0
sub-06_1	19	Picture	cross	2650306	0	1	4226	1	0	4000	other	0
sub-06_1	19	Picture	61	2655532	5226	1	15226	1	5000	15000	other	0
sub-06_1	19	Pulse	255	2658254	7948	0
sub-06_1	19	Picture	cross	2670757	20452	1	30227	1	20000	30000	other	0
sub-06_1	19	Pulse	255	2678253	27948	0
sub-06_1	19	Pulse	255	2698253	47948	0
sub-06_1	19	Nothing	90	2700757	50452	1			50000		other	0
sub-06_1	19	Picture	response	2715983	65677	1	15226	1	65000	15000	hit	226
sub-06_1	19	Pulse	255	2718253	67948	0
sub-06_1	19	Response	2	2722574	72268	1
sub-06_1	19	Picture	blank2	2731209	80903	1	20226	1	80000	20000	other	0
sub-06_1	19	Pulse	255	2738254	87948	0
sub-06_1	20	Picture	cross	2751602	0	1	4226	1	0	4000	other	0
sub-06_1	20	Picture	40	2756828	5226	1	15226	1	5000	15000	other	0
sub-06_1	20	Pulse	255	2758254	6652	0
sub-06_1	20	Picture	cross	2772054	20452	1	30226	1	20000	30000	other	0
sub-06_1	20	Pulse	255	2778254	26652	0
sub-06_1	20	Pulse	255	2798253	46651	1
sub-06_1	20	Nothing	45	2802054	50452	1			50000		other	0
sub-06_1	20	Picture	response	2817280	65678	1	15226	1	65000	15000	hit	238
sub-06_1	20	Pulse	255	2818253	66651	0
sub-06_1	20	Response	1	2826984	75382	1
sub-06_1	20	Picture	blank2	2832506	80904	1	30226	1	80000	30000	other	0
sub-06_1	20	Pulse	255	2838254	86652	0
sub-06_1	20	Pulse	255	2858254	106652	0
sub-06_1	21	Picture	cross	2862898	0	1	4226	1	0	4000	other	0
sub-06_1	21	Picture	61	2868125	5226	1	15226	1	5000	15000	other	0
sub-06_1	21	Pulse	255	2878254	15356	0
sub-06_1	21	Picture	cross	2883350	20452	1	30227	1	20000	30000	other	0
sub-06_1	21	Pulse	255	2898254	35356	0
sub-06_1	21	Nothing	90	2913350	50452	1			50000		other	0
sub-06_1	21	Pulse	255	2918255	55356	0
sub-06_1	21	Picture	response	2928577	65678	1	15226	1	65000	15000	hit	250
sub-06_1	21	Response	1	2935234	72336	1
sub-06_1	21	Pulse	255	2938254	75356	0
sub-06_1	21	Picture	blank2	2943802	80904	1	40226	1	80000	40000	other	0
sub-06_1	21	Pulse	255	2958255	95356	0
sub-06_1	21	Pulse	255	2978255	115356	0
sub-06_1	22	Picture	cross	2984195	0	1	4226	1	0	4000	other	0
sub-06_1	22	Picture	20	2989421	5226	1	15226	1	5000	15000	other	0
sub-06_1	22	Pulse	255	2998254	14059	0
sub-06_1	22	Picture	cross	3004647	20452	1	30227	1	20000	30000	other	0
sub-06_1	22	Pulse	255	3018255	34060	0
sub-06_1	22	Nothing	25	3034647	50452	1			50000		other	0
sub-06_1	22	Pulse	255	3038255	54060	0
sub-06_1	22	Picture	response	3049873	65678	1	15226	1	65000	15000	hit	263
sub-06_1	22	Response	1	3055645	71450	1
sub-06_1	22	Pulse	255	3058254	74060	0
sub-06_1	22	Picture	blank2	3065098	80904	1	25226	1	80000	25000	other	0
sub-06_1	22	Pulse	255	3078255	94060	0
sub-06_1	23	Picture	cross	3090491	0	1	4226	1	0	4000	other	0
sub-06_1	23	Picture	41	3095717	5226	1	15226	1	5000	15000	other	0
sub-06_1	23	Pulse	255	3098255	7764	0
sub-06_1	23	Picture	cross	3110943	20452	1	30227	1	20000	30000	other	0
sub-06_1	23	Pulse	255	3118255	27764	0
sub-06_1	23	Pulse	255	3138256	47765	0
sub-06_1	23	Nothing	90	3140943	50452	1			50000		other	0
sub-06_1	23	Picture	response	3156169	65678	1	15226	1	65000	15000	hit	276
sub-06_1	23	Pulse	255	3158255	67764	0
sub-06_1	23	Response	1	3163025	72534	1
sub-06_1	23	Picture	blank2	3171395	80904	1	10226	1	80000	10000	other	0
sub-06_1	23	Pulse	255	3178256	87765	0
sub-06_1	24	Picture	cross	3181787	0	1	4226	1	0	4000	other	0
sub-06_1	24	Picture	60	3186846	5059	1	15226	1	5000	15000	other	0
sub-06_1	24	Pulse	255	3198255	16468	0
sub-06_1	24	Picture	cross	3202072	20285	1	30226	1	20000	30000	other	0
sub-06_1	24	Pulse	255	3218245	36458	0
sub-06_1	24	Nothing	65	3232072	50285	1			50000		other	0
sub-06_1	24	Pulse	255	3238245	56458	0
sub-06_1	24	Picture	response	3247298	65511	1	15226	1	65000	15000	hit	287
sub-06_1	24	Response	1	3255065	73278	1
sub-06_1	24	Pulse	255	3258246	76459	0
sub-06_1	24	Picture	blank2	3262524	80737	1	15226	1	80000	15000	other	0
sub-06_1	25	Picture	cross	3277916	0	1	4226	1	0	4000	other	0
sub-06_1	25	Pulse	255	3278246	330	0
sub-06_1	25	Picture	21	3283142	5226	1	15226	1	5000	15000	other	0
sub-06_1	25	Pulse	255	3298246	20330	0
sub-06_1	25	Picture	cross	3298368	20452	1	30227	1	20000	30000	other	0
sub-06_1	25	Pulse	255	3318246	40330	0
sub-06_1	25	Nothing	90	3328368	50452	1			50000		other	0
sub-06_1	25	Pulse	255	3338245	60329	0
sub-06_1	25	Picture	response	3343594	65678	1	15226	1	65000	15000	hit	299
sub-06_1	25	Response	2	3352916	75000	1
sub-06_1	25	Pulse	255	3358246	80330	0
sub-06_1	25	Picture	blank2	3358820	80904	1	60226	1	80000	60000	other	0
sub-06_1	25	Pulse	255	3378246	100330	0
sub-06_1	25	Pulse	255	3398246	120330	0
sub-06_1	25	Pulse	255	3418246	140330	0
sub-06_1	26	Picture	cross	3419212	0	1	4226	1	0	4000	other	0
sub-06_1	26	Picture	41	3424438	5226	1	15226	1	5000	15000	other	0
sub-06_1	26	Pulse	255	3438246	19034	0
sub-06_1	26	Picture	cross	3439664	20452	1	30227	1	20000	30000	other	0
sub-06_1	26	Pulse	255	3458247	39035	0
sub-06_1	26	Nothing	90	3469664	50452	1			50000		other	0
sub-06_1	26	Pulse	255	3478246	59034	0
sub-06_1	26	Picture	response	3484890	65678	1	15226	1	65000	15000	hit	313
sub-06_1	26	Response	2	3495446	76234	1
sub-06_1	26	Pulse	255	3498246	79034	0
sub-06_1	26	Picture	blank2	3500116	80904	1	40226	1	80000	40000	other	0
sub-06_1	26	Pulse	255	3518246	99034	0
sub-06_1	26	Pulse	255	3538246	119034	0
sub-06_1	27	Picture	cross	3540508	0	1	4226	1	0	4000	other	0
sub-06_1	27	Picture	40	3545734	5226	1	15226	1	5000	15000	other	0
sub-06_1	27	Pulse	255	3558246	17738	0
sub-06_1	27	Picture	cross	3560960	20452	1	30227	1	20000	30000	other	0
sub-06_1	27	Pulse	255	3578246	37738	0
sub-06_1	27	Nothing	45	3590960	50452	1			50000		other	0
sub-06_1	27	Pulse	255	3598246	57738	0
sub-06_1	27	Picture	response	3606186	65678	1	15226	1	65000	15000	hit	327
sub-06_1	27	Pulse	255	3618246	77739	0
sub-06_1	27	Response	2	3619726	79218	1
sub-06_1	27	Picture	blank2	3621412	80904	1	15226	1	80000	15000	other	0
sub-06_1	28	Picture	cross	3636805	0	1	4226	1	0	4000	other	0
sub-06_1	28	Pulse	255	3638246	1441	0
sub-06_1	28	Picture	21	3642031	5226	1	15226	1	5000	15000	other	0
sub-06_1	28	Picture	cross	3657257	20452	1	30226	1	20000	30000	other	0
sub-06_1	28	Pulse	255	3658247	21442	0
sub-06_1	28	Pulse	255	3678247	41442	0
sub-06_1	28	Nothing	90	3687257	50452	1			50000		other	0
sub-06_1	28	Pulse	255	3698247	61442	0
sub-06_1	28	Picture	response	3702482	65678	1	15226	1	65000	15000	hit	338
sub-06_1	28	Response	2	3708477	71672	1
sub-06_1	28	Picture	blank2	3717708	80903	1	50226	1	80000	50000	other	0
sub-06_1	28	Pulse	255	3718247	81442	0
sub-06_1	28	Pulse	255	3738247	101442	0
sub-06_1	28	Pulse	255	3758247	121442	0
sub-06_1	29	Picture	cross	3768101	0	1	4226	1	0	4000	other	0
sub-06_1	29	Picture	60	3773327	5226	1	15226	1	5000	15000	other	0
sub-06_1	29	Pulse	255	3778247	10146	0
sub-06_1	29	Picture	cross	3788553	20452	1	30227	1	20000	30000	other	0
sub-06_1	29	Pulse	255	3798247	30146	0
sub-06_1	29	Pulse	255	3818247	50146	0
sub-06_1	29	Nothing	65	3818553	50452	1			50000		other	0
sub-06_1	29	Picture	response	3833779	65678	1	15226	1	65000	15000	hit	352
sub-06_1	29	Pulse	255	3838247	70146	0
sub-06_1	29	Response	2	3843237	75136	1
sub-06_1	29	Picture	blank2	3849005	80904	1	10226	1	80000	10000	other	0
sub-06_1	29	Pulse	255	3858247	90146	0
sub-06_1	30	Picture	cross	3859397	0	1	4226	1	0	4000	other	0
sub-06_1	30	Picture	41	3864623	5226	1	15226	1	5000	15000	other	0
sub-06_1	30	Pulse	255	3878247	18849	0
sub-06_1	30	Picture	cross	3879849	20452	1	30227	1	20000	30000	other	0
sub-06_1	30	Pulse	255	3898247	38850	0
sub-06_1	30	Nothing	90	3909849	50452	1			50000		other	0
sub-06_1	30	Pulse	255	3918247	58850	0
sub-06_1	30	Picture	response	3925075	65678	1	15226	1	65000	15000	hit	363
sub-06_1	30	Response	2	3933717	74320	1
sub-06_1	30	Pulse	255	3938247	78849	0
sub-06_1	30	Picture	blank2	3940301	80903	1	30226	1	80000	30000	other	0
sub-06_1	30	Pulse	255	3958248	98850	0
sub-06_1	31	Picture	cross	3970693	0	1	4226	1	0	4000	other	0
sub-06_1	31	Picture	21	3975919	5226	1	15226	1	5000	15000	other	0
sub-06_1	31	Pulse	255	3978247	7554	0
sub-06_1	31	Picture	cross	3991145	20452	1	30227	1	20000	30000	other	0
sub-06_1	31	Pulse	255	3998247	27554	0
sub-06_1	31	Pulse	255	4018247	47554	0
sub-06_1	31	Nothing	90	4021145	50452	1			50000		other	0
sub-06_1	31	Picture	response	4036371	65678	1	15226	1	65000	15000	hit	376
sub-06_1	31	Pulse	255	4038247	67554	0
sub-06_1	31	Response	1	4043838	73145	1
sub-06_1	31	Picture	blank2	4051597	80904	1	60226	1	80000	60000	other	0
sub-06_1	31	Pulse	255	4058248	87555	0
sub-06_1	31	Pulse	255	4078248	107555	0
sub-06_1	31	Pulse	255	4098248	127555	0
sub-06_1	32	Picture	cross	4111989	0	1	4226	1	0	4000	other	0
sub-06_1	32	Picture	21	4117048	5060	1	15226	1	5000	15000	other	0
sub-06_1	32	Pulse	255	4118248	6259	0
sub-06_1	32	Picture	cross	4132274	20285	1	30227	1	20000	30000	other	0
sub-06_1	32	Pulse	255	4138247	26258	0
sub-06_1	32	Pulse	255	4158248	46259	0
sub-06_1	32	Nothing	90	4162274	50285	1			50000		other	0
sub-06_1	32	Picture	response	4177500	65512	1	15226	1	65000	15000	hit	390
sub-06_1	32	Pulse	255	4178248	66259	0
sub-06_1	32	Response	1	4183658	71669	1
sub-06_1	32	Picture	blank2	4192726	80737	1	30226	1	80000	30000	other	0
sub-06_1	32	Pulse	255	4198248	86259	0
sub-06_1	32	Pulse	255	4218248	106259	0
sub-06_1	33	Picture	cross	4223119	0	1	4226	1	0	4000	other	0
sub-06_1	33	Picture	21	4228345	5226	1	15226	1	5000	15000	other	0
sub-06_1	33	Pulse	255	4238248	15130	0
sub-06_1	33	Picture	cross	4243571	20452	1	30227	1	20000	30000	other	0
sub-06_1	33	Pulse	255	4258249	35130	0
sub-06_1	33	Nothing	90	4273571	50452	1			50000		other	0
sub-06_1	33	Pulse	255	4278248	55129	0
sub-06_1	33	Picture	response	4288797	65678	1	15226	1	65000	15000	hit	402
sub-06_1	33	Response	1	4297488	74369	1
sub-06_1	33	Pulse	255	4298248	75129	0
sub-06_1	33	Picture	blank2	4304023	80904	1	15226	1	80000	15000	other	0
sub-06_1	33	Pulse	255	4318248	95129	0
sub-06_1	34	Picture	cross	4319415	0	1	4226	1	0	4000	other	0
sub-06_1	34	Picture	40	4324641	5226	1	15226	1	5000	15000	other	0
sub-06_1	34	Pulse	255	4338249	18834	0
sub-06_1	34	Picture	cross	4339867	20452	1	30227	1	20000	30000	other	0
sub-06_1	34	Pulse	255	4358248	38833	0
sub-06_1	34	Nothing	45	4369867	50452	1			50000		other	0
sub-06_1	34	Pulse	255	4378249	58834	0
sub-06_1	34	Picture	response	4385092	65678	1	15226	1	65000	15000	hit	414
sub-06_1	34	Response	2	4392859	73444	1
sub-06_1	34	Pulse	255	4398249	78834	0
sub-06_1	34	Picture	blank2	4400318	80903	1	55226	1	80000	55000	other	0
sub-06_1	34	Pulse	255	4418248	98833	0
sub-06_1	34	Pulse	255	4438249	118834	0
sub-06_1	35	Picture	cross	4455710	0	1	4226	1	0	4000	other	0
sub-06_1	35	Pulse	255	4458249	2539	0
sub-06_1	35	Picture	40	4460936	5226	1	15226	1	5000	15000	other	0
sub-06_1	35	Picture	cross	4476162	20452	1	30227	1	20000	30000	other	0
sub-06_1	35	Pulse	255	4478249	22539	0
sub-06_1	35	Pulse	255	4498248	42538	0
sub-06_1	35	Nothing	45	4506162	50452	1			50000		other	0
sub-06_1	35	Pulse	255	4518248	62538	0
sub-06_1	35	Picture	response	4521388	65678	1	15226	1	65000	15000	hit	428
sub-06_1	35	Response	1	4529289	73579	1
sub-06_1	35	Picture	blank2	4536614	80903	1	40226	1	80000	40000	other	0
sub-06_1	35	Pulse	255	4538249	82539	0
sub-06_1	35	Pulse	255	4558248	102538	0
sub-06_1	36	Picture	cross	4577006	0	1	4226	1	0	4000	other	0
sub-06_1	36	Pulse	255	4578249	1243	0
sub-06_1	36	Picture	60	4582232	5226	1	15226	1	5000	15000	other	0
sub-06_1	36	Picture	cross	4597458	20452	1	30227	1	20000	30000	other	0
sub-06_1	36	Pulse	255	4598249	21243	0
sub-06_1	36	Pulse	255	4618249	41243	0
sub-06_1	36	Nothing	65	4627458	50452	1			50000		other	0
sub-06_1	36	Pulse	255	4638249	61243	0
sub-06_1	36	Picture	response	4642684	65678	1	15226	1	65000	15000	hit	441
sub-06_1	36	Response	2	4649530	72523	1
sub-06_1	36	Picture	blank2	4657910	80904	1	40226	1	80000	40000	other	0
sub-06_1	36	Pulse	255	4658250	81243	0
sub-06_1	36	Pulse	255	4678250	101244	0
sub-06_1	36	Pulse	255	4698250	121244	0
sub-06_1	37	Picture	cross	4698302	0	1	4226	1	0	4000	other	0
sub-06_1	37	Picture	41	4703528	5226	1	15226	1	5000	15000	other	0
sub-06_1	37	Pulse	255	4718254	19952	0
sub-06_1	37	Picture	cross	4718754	20452	1	30227	1	20000	30000	other	0
sub-06_1	37	Pulse	255	4738249	39947	0
sub-06_1	37	Nothing	90	4748754	50452	1			50000		other	0
sub-06_1	37	Pulse	255	4758250	59947	0
sub-06_1	37	Picture	response	4763980	65678	1	15226	1	65000	15000	hit	454
sub-06_1	37	Response	2	4776219	77917	1
sub-06_1	37	Pulse	255	4778249	79947	0
sub-06_1	37	Picture	blank2	4779205	80903	1	15226	1	80000	15000	other	0
