Scenario - loca_mveb_bis
Logfile written - 02/13/2019 18:40:32

Subject	Trial	Event Type	Code	Time	TTime	Uncertainty	Duration	Uncertainty	ReqTime	ReqDur	Stim Type	Pair Index

sub-01_2	0	Pulse	255	716651	716651	0
sub-01_2	1	Picture	p_startup	716880	0	1	100226	1	0	100000	other	0
sub-01_2	1	Pulse	255	736652	19772	0
sub-01_2	1	Pulse	255	756652	39772	0
sub-01_2	1	Pulse	255	776652	59772	0
sub-01_2	1	Pulse	255	796652	79772	0
sub-01_2	1	Pulse	255	816652	99772	0
sub-01_2	2	Picture	cross	817272	0	1	4226	1	0	4000	other	0
sub-01_2	2	Picture	20	822332	5059	1	15226	1	5000	15000	other	0
sub-01_2	2	Pulse	255	836652	19380	0
sub-01_2	2	Picture	cross	837557	20285	1	30227	1	20000	30000	other	0
sub-01_2	2	Pulse	255	856652	39380	0
sub-01_2	2	Nothing	25	867557	50285	1			50000		other	0
sub-01_2	2	Pulse	255	876652	59380	0
sub-01_2	2	Picture	response	882784	65511	1	15226	1	65000	15000	miss	0
sub-01_2	2	Pulse	255	896652	79380	0
sub-01_2	2	Picture	blank2	898010	80738	1	20226	1	80000	20000	other	0
sub-01_2	2	Pulse	255	916652	99380	0
sub-01_2	3	Picture	cross	918403	0	1	4226	1	0	4000	other	0
sub-01_2	3	Picture	40	923629	5226	1	15226	1	5000	15000	other	0
sub-01_2	3	Pulse	255	936653	18250	0
sub-01_2	3	Picture	cross	938855	20452	1	30227	1	20000	30000	other	0
sub-01_2	3	Pulse	255	956653	38250	0
sub-01_2	3	Nothing	45	968855	50452	1			50000		other	0
sub-01_2	3	Pulse	255	976653	58250	0
sub-01_2	3	Picture	response	984081	65678	1	15226	1	65000	15000	miss	0
sub-01_2	3	Pulse	255	996653	78250	0
sub-01_2	3	Picture	blank2	999307	80904	1	15226	1	80000	15000	other	0
sub-01_2	4	Picture	cross	1014699	0	1	4226	1	0	4000	other	0
sub-01_2	4	Pulse	255	1016653	1954	0
sub-01_2	4	Picture	20	1019926	5226	1	15226	1	5000	15000	other	0
sub-01_2	4	Picture	cross	1035151	20452	1	30227	1	20000	30000	other	0
sub-01_2	4	Pulse	255	1036652	21953	0
sub-01_2	4	Pulse	255	1056653	41954	0
sub-01_2	4	Nothing	25	1065151	50452	1			50000		other	0
sub-01_2	4	Pulse	255	1076653	61954	0
sub-01_2	4	Picture	response	1080377	65678	1	15226	1	65000	15000	miss	0
sub-01_2	4	Picture	blank2	1095603	80904	1	20226	1	80000	20000	other	0
sub-01_2	4	Pulse	255	1096653	81954	0
sub-01_2	5	Picture	cross	1115996	0	1	4226	1	0	4000	other	0
sub-01_2	5	Pulse	255	1116653	658	0
sub-01_2	5	Picture	40	1121055	5060	1	15226	1	5000	15000	other	0
sub-01_2	5	Picture	cross	1136281	20285	1	30227	1	20000	30000	other	0
sub-01_2	5	Pulse	255	1136653	20658	0
sub-01_2	5	Pulse	255	1156654	40658	0
sub-01_2	5	Nothing	45	1166281	50285	1			50000		other	0
sub-01_2	5	Pulse	255	1176654	60658	0
sub-01_2	5	Picture	response	1181507	65512	1	15226	1	65000	15000	miss	0
sub-01_2	5	Pulse	255	1196653	80658	0
sub-01_2	5	Picture	blank2	1196733	80737	1	30226	1	80000	30000	other	0
sub-01_2	5	Pulse	255	1216654	100658	0
sub-01_2	6	Picture	cross	1227126	0	1	4226	1	0	4000	other	0
sub-01_2	6	Picture	61	1232352	5226	1	15226	1	5000	15000	other	0
sub-01_2	6	Pulse	255	1236654	9528	0
sub-01_2	6	Picture	cross	1247578	20452	1	30227	1	20000	30000	other	0
sub-01_2	6	Pulse	255	1256654	29528	0
sub-01_2	6	Pulse	255	1276654	49528	0
sub-01_2	6	Nothing	90	1277578	50452	1			50000		other	0
sub-01_2	6	Picture	response	1292804	65678	1	15226	1	65000	15000	miss	0
sub-01_2	6	Pulse	255	1296654	69528	0
sub-01_2	6	Picture	blank2	1308030	80904	1	40226	1	80000	40000	other	0
sub-01_2	6	Pulse	255	1316654	89529	0
sub-01_2	6	Pulse	255	1336654	109529	0
sub-01_2	7	Picture	cross	1348422	0	1	4226	1	0	4000	other	0
sub-01_2	7	Picture	40	1353649	5226	1	15226	1	5000	15000	other	0
sub-01_2	7	Pulse	255	1356654	8232	0
sub-01_2	7	Picture	cross	1368875	20452	1	30227	1	20000	30000	other	0
sub-01_2	7	Pulse	255	1376655	28232	0
sub-01_2	7	Pulse	255	1396655	48232	0
sub-01_2	7	Nothing	45	1398875	50452	1			50000		other	0
sub-01_2	7	Picture	response	1414100	65678	1	15226	1	65000	15000	miss	0
sub-01_2	7	Pulse	255	1416655	68232	0
sub-01_2	7	Picture	blank2	1429326	80904	1	40226	1	80000	40000	other	0
sub-01_2	7	Pulse	255	1436655	88232	0
sub-01_2	7	Pulse	255	1456655	108232	0
sub-01_2	8	Picture	cross	1469719	0	1	4226	1	0	4000	other	0
sub-01_2	8	Picture	20	1474945	5227	1	15226	1	5000	15000	other	0
sub-01_2	8	Pulse	255	1476655	6936	0
sub-01_2	8	Picture	cross	1490171	20452	1	30227	1	20000	30000	other	0
sub-01_2	8	Pulse	255	1496655	26936	0
sub-01_2	8	Pulse	255	1516655	46936	0
sub-01_2	8	Nothing	25	1520171	50452	1			50000		other	0
sub-01_2	8	Picture	response	1535397	65678	1	15226	1	65000	15000	miss	0
sub-01_2	8	Pulse	255	1536655	66936	0
sub-01_2	8	Picture	blank2	1550623	80904	1	35226	1	80000	35000	other	0
sub-01_2	8	Pulse	255	1556655	86937	0
sub-01_2	8	Pulse	255	1576655	106937	0
sub-01_2	9	Picture	cross	1586016	0	1	4226	1	0	4000	other	0
sub-01_2	9	Picture	41	1591242	5226	1	15226	1	5000	15000	other	0
sub-01_2	9	Pulse	255	1596655	10640	0
sub-01_2	9	Picture	cross	1606468	20452	1	30227	1	20000	30000	other	0
sub-01_2	9	Pulse	255	1616655	30640	0
sub-01_2	9	Nothing	90	1636468	50452	1			50000		other	0
sub-01_2	9	Pulse	255	1636656	50640	0
sub-01_2	9	Picture	response	1651694	65679	1	15226	1	65000	15000	miss	0
sub-01_2	9	Pulse	255	1656656	70640	0
sub-01_2	9	Picture	blank2	1666920	80905	1	30226	1	80000	30000	other	0
sub-01_2	9	Pulse	255	1676646	90630	0
sub-01_2	9	Pulse	255	1696646	110631	0
sub-01_2	10	Picture	cross	1697313	0	1	4226	1	0	4000	other	0
sub-01_2	10	Picture	20	1702539	5226	1	15226	1	5000	15000	other	0
sub-01_2	10	Pulse	255	1716646	19333	0
sub-01_2	10	Picture	cross	1717765	20452	1	30227	1	20000	30000	other	0
sub-01_2	10	Pulse	255	1736646	39333	0
sub-01_2	10	Nothing	25	1747765	50452	1			50000		other	0
sub-01_2	10	Pulse	255	1756646	59334	0
sub-01_2	10	Picture	response	1762991	65678	1	15226	1	65000	15000	miss	0
sub-01_2	10	Pulse	255	1776646	79333	0
sub-01_2	10	Picture	blank2	1778217	80904	1	10226	1	80000	10000	other	0
sub-01_2	11	Picture	cross	1788609	0	1	4226	1	0	4000	other	0
sub-01_2	11	Picture	21	1793836	5226	1	15226	1	5000	15000	other	0
sub-01_2	11	Pulse	255	1796646	8037	0
sub-01_2	11	Picture	cross	1809061	20452	1	30227	1	20000	30000	other	0
sub-01_2	11	Pulse	255	1816646	28037	0
sub-01_2	11	Pulse	255	1836646	48037	0
sub-01_2	11	Nothing	90	1839061	50452	1			50000		other	0
sub-01_2	11	Picture	response	1854287	65678	1	15226	1	65000	15000	miss	0
sub-01_2	11	Pulse	255	1856647	68037	0
sub-01_2	11	Picture	blank2	1869513	80904	1	20226	1	80000	20000	other	0
sub-01_2	11	Pulse	255	1876647	88037	0
sub-01_2	12	Picture	cross	1889906	0	1	4226	1	0	4000	other	0
sub-01_2	12	Picture	41	1895132	5226	1	15144	1	5000	15000	other	0
sub-01_2	12	Pulse	255	1896647	6741	0
sub-01_2	12	Picture	cross	1910276	20370	1	30227	1	20000	30000	other	0
sub-01_2	12	Pulse	255	1916647	26741	0
sub-01_2	12	Pulse	255	1936647	46741	0
sub-01_2	12	Nothing	90	1940276	50370	1			50000		other	0
sub-01_2	12	Picture	response	1955502	65596	1	15226	1	65000	15000	miss	0
sub-01_2	12	Pulse	255	1956647	66741	0
sub-01_2	12	Picture	blank2	1970728	80822	1	20226	1	80000	20000	other	0
sub-01_2	12	Pulse	255	1976647	86741	0
sub-01_2	13	Picture	cross	1991120	0	1	4226	1	0	4000	other	0
sub-01_2	13	Picture	21	1996347	5226	1	15226	1	5000	15000	other	0
sub-01_2	13	Pulse	255	1996647	5527	0
sub-01_2	13	Picture	cross	2011572	20452	1	30227	1	20000	30000	other	0
sub-01_2	13	Pulse	255	2016647	25527	0
sub-01_2	13	Pulse	255	2036647	45527	0
sub-01_2	13	Nothing	90	2041572	50452	1			50000		other	0
sub-01_2	13	Pulse	255	2056648	65527	0
sub-01_2	13	Picture	response	2056798	65678	1	15226	1	65000	15000	miss	0
sub-01_2	13	Picture	blank2	2072024	80904	1	15226	1	80000	15000	other	0
sub-01_2	13	Pulse	255	2076647	85527	0
sub-01_2	14	Picture	cross	2087417	0	1	4226	1	0	4000	other	0
sub-01_2	14	Picture	61	2092643	5227	1	15226	1	5000	15000	other	0
sub-01_2	14	Pulse	255	2096648	9231	0
sub-01_2	14	Picture	cross	2107869	20453	1	30227	1	20000	30000	other	0
sub-01_2	14	Pulse	255	2116648	29231	0
sub-01_2	14	Pulse	255	2136648	49231	0
sub-01_2	14	Nothing	90	2137869	50453	1			50000		other	0
sub-01_2	14	Picture	response	2153095	65678	1	15226	1	65000	15000	miss	0
sub-01_2	14	Pulse	255	2156648	69231	0
sub-01_2	14	Picture	blank2	2168321	80904	1	50226	1	80000	50000	other	0
sub-01_2	14	Pulse	255	2176648	89231	0
sub-01_2	14	Pulse	255	2196648	109232	0
sub-01_2	14	Pulse	255	2216648	129231	0
sub-01_2	15	Picture	cross	2218714	0	1	4226	1	0	4000	other	0
sub-01_2	15	Picture	21	2223940	5227	1	15226	1	5000	15000	other	0
sub-01_2	15	Pulse	255	2236648	17934	0
sub-01_2	15	Picture	cross	2239167	20453	1	30227	1	20000	30000	other	0
sub-01_2	15	Pulse	255	2256649	37935	0
sub-01_2	15	Nothing	90	2269167	50453	1			50000		other	0
sub-01_2	15	Pulse	255	2276649	57935	0
sub-01_2	15	Picture	response	2284393	65679	1	15226	1	65000	15000	miss	0
sub-01_2	15	Pulse	255	2296649	77935	0
sub-01_2	15	Picture	blank2	2299619	80905	1	30226	1	80000	30000	other	0
sub-01_2	15	Pulse	255	2316649	97935	0
sub-01_2	16	Picture	cross	2330011	0	1	4226	1	0	4000	other	0
sub-01_2	16	Picture	60	2335237	5226	1	15226	1	5000	15000	other	0
sub-01_2	16	Pulse	255	2336649	6638	0
sub-01_2	16	Picture	cross	2350463	20452	1	30226	1	20000	30000	other	0
sub-01_2	16	Pulse	255	2356649	26638	0
sub-01_2	16	Pulse	255	2376649	46638	0
sub-01_2	16	Nothing	65	2380463	50452	1			50000		other	0
sub-01_2	16	Picture	response	2395689	65678	1	15226	1	65000	15000	miss	0
sub-01_2	16	Pulse	255	2396649	66638	0
sub-01_2	16	Picture	blank2	2410915	80904	1	20226	1	80000	20000	other	0
sub-01_2	16	Pulse	255	2416649	86638	0
sub-01_2	17	Picture	cross	2431308	0	1	4227	1	0	4000	other	0
sub-01_2	17	Picture	41	2436535	5227	1	15226	1	5000	15000	other	0
sub-01_2	17	Pulse	255	2436649	5341	0
sub-01_2	17	Picture	cross	2451760	20453	1	30227	1	20000	30000	other	0
sub-01_2	17	Pulse	255	2456649	25342	0
sub-01_2	17	Pulse	255	2476649	45342	0
sub-01_2	17	Nothing	90	2481760	50453	1			50000		other	0
sub-01_2	17	Pulse	255	2496649	65342	0
sub-01_2	17	Picture	response	2496986	65679	1	15226	1	65000	15000	miss	0
sub-01_2	17	Picture	blank2	2512212	80904	1	30226	1	80000	30000	other	0
sub-01_2	17	Pulse	255	2516649	85342	0
sub-01_2	17	Pulse	255	2536650	105342	0
sub-01_2	18	Picture	cross	2542605	0	1	4226	1	0	4000	other	0
sub-01_2	18	Picture	61	2547831	5227	1	15226	1	5000	15000	other	0
sub-01_2	18	Pulse	255	2556650	14045	0
sub-01_2	18	Picture	cross	2563057	20453	1	30227	1	20000	30000	other	0
sub-01_2	18	Pulse	255	2576650	34045	0
sub-01_2	18	Nothing	90	2593057	50453	1			50000		other	0
sub-01_2	18	Pulse	255	2596650	54045	0
sub-01_2	18	Picture	response	2608283	65679	1	15226	1	65000	15000	miss	0
sub-01_2	18	Pulse	255	2616650	74045	0
sub-01_2	18	Picture	blank2	2623509	80904	1	15226	1	80000	15000	other	0
sub-01_2	18	Pulse	255	2636650	94045	0
sub-01_2	19	Picture	cross	2638902	0	1	4226	1	0	4000	other	0
sub-01_2	19	Picture	60	2644128	5226	1	15226	1	5000	15000	other	0
sub-01_2	19	Pulse	255	2656650	17748	0
sub-01_2	19	Picture	cross	2659354	20452	1	30227	1	20000	30000	other	0
sub-01_2	19	Pulse	255	2676650	37749	0
sub-01_2	19	Nothing	65	2689354	50452	1			50000		other	0
sub-01_2	19	Pulse	255	2696650	57749	0
sub-01_2	19	Picture	response	2704580	65678	1	15226	1	65000	15000	miss	0
sub-01_2	19	Pulse	255	2716651	77749	0
sub-01_2	19	Picture	blank2	2719805	80904	1	15226	1	80000	15000	other	0
sub-01_2	20	Picture	cross	2735198	0	1	4226	1	0	4000	other	0
sub-01_2	20	Pulse	255	2736651	1453	0
sub-01_2	20	Picture	21	2740257	5059	1	15226	1	5000	15000	other	0
sub-01_2	20	Picture	cross	2755483	20285	1	30227	1	20000	30000	other	0
sub-01_2	20	Pulse	255	2756651	21453	0
sub-01_2	20	Pulse	255	2776651	41453	0
sub-01_2	20	Nothing	90	2785483	50285	1			50000		other	0
sub-01_2	20	Pulse	255	2796651	61453	0
sub-01_2	20	Picture	response	2800709	65511	1	15226	1	65000	15000	miss	0
sub-01_2	20	Picture	blank2	2815935	80737	1	20226	1	80000	20000	other	0
sub-01_2	20	Pulse	255	2816651	81453	0
sub-01_2	21	Picture	cross	2836328	0	1	4226	1	0	4000	other	0
sub-01_2	21	Pulse	255	2836651	323	0
sub-01_2	21	Picture	61	2841554	5227	1	15226	1	5000	15000	other	0
sub-01_2	21	Pulse	255	2856651	20324	0
sub-01_2	21	Picture	cross	2856780	20453	1	30227	1	20000	30000	other	0
sub-01_2	21	Pulse	255	2876651	40323	0
sub-01_2	21	Nothing	90	2886780	50453	1			50000		other	0
sub-01_2	21	Pulse	255	2896651	60324	0
sub-01_2	21	Picture	response	2902006	65678	1	15226	1	65000	15000	miss	0
sub-01_2	21	Pulse	255	2916651	80323	0
sub-01_2	21	Picture	blank2	2917232	80904	1	15226	1	80000	15000	other	0
sub-01_2	22	Picture	cross	2932624	0	1	4226	1	0	4000	other	0
sub-01_2	22	Pulse	255	2936683	4059	0
sub-01_2	22	Picture	40	2937851	5227	1	15226	1	5000	15000	other	0
sub-01_2	22	Picture	cross	2953077	20452	1	30227	1	20000	30000	other	0
sub-01_2	22	Pulse	255	2956652	24027	0
sub-01_2	22	Pulse	255	2976652	44027	0
sub-01_2	22	Nothing	45	2983077	50452	1			50000		other	0
sub-01_2	22	Pulse	255	2996652	64027	0
sub-01_2	22	Picture	response	2998303	65678	1	15226	1	65000	15000	miss	0
sub-01_2	22	Picture	blank2	3013529	80904	1	15226	1	80000	15000	other	0
sub-01_2	22	Pulse	255	3016652	84028	0
sub-01_2	23	Picture	cross	3028921	0	1	4226	1	0	4000	other	0
sub-01_2	23	Picture	60	3034148	5227	1	15226	1	5000	15000	other	0
sub-01_2	23	Pulse	255	3036651	7730	0
sub-01_2	23	Picture	cross	3049374	20452	1	30227	1	20000	30000	other	0
sub-01_2	23	Pulse	255	3056652	27731	0
sub-01_2	23	Pulse	255	3076652	47731	0
sub-01_2	23	Nothing	65	3079374	50452	1			50000		other	0
sub-01_2	23	Picture	response	3094600	65679	1	15226	1	65000	15000	miss	0
sub-01_2	23	Pulse	255	3096652	67731	0
sub-01_2	23	Picture	blank2	3109826	80905	1	10226	1	80000	10000	other	0
sub-01_2	23	Pulse	255	3116652	87731	0
sub-01_2	24	Picture	cross	3120218	0	1	4226	1	0	4000	other	0
sub-01_2	24	Picture	61	3125444	5226	1	15226	1	5000	15000	other	0
sub-01_2	24	Pulse	255	3136652	16434	0
sub-01_2	24	Picture	cross	3140670	20452	1	30227	1	20000	30000	other	0
sub-01_2	24	Pulse	255	3156652	36434	0
sub-01_2	24	Nothing	90	3170670	50452	1			50000		other	0
sub-01_2	24	Pulse	255	3176653	56434	0
sub-01_2	24	Picture	response	3185896	65678	1	15226	1	65000	15000	miss	0
sub-01_2	24	Pulse	255	3196653	76434	0
sub-01_2	24	Picture	blank2	3201122	80904	1	30226	1	80000	30000	other	0
sub-01_2	24	Pulse	255	3216653	96434	0
sub-01_2	25	Picture	cross	3231515	0	1	4226	1	0	4000	other	0
sub-01_2	25	Pulse	255	3236653	5138	0
sub-01_2	25	Picture	60	3236741	5226	1	15226	1	5000	15000	other	0
sub-01_2	25	Picture	cross	3251967	20452	1	30227	1	20000	30000	other	0
sub-01_2	25	Pulse	255	3256643	25128	0
sub-01_2	25	Pulse	255	3276643	45128	0
sub-01_2	25	Nothing	65	3281967	50452	1			50000		other	0
sub-01_2	25	Pulse	255	3296643	65128	0
sub-01_2	25	Picture	response	3297192	65678	1	15226	1	65000	15000	miss	0
sub-01_2	25	Picture	blank2	3312418	80904	1	20226	1	80000	20000	other	0
sub-01_2	25	Pulse	255	3316643	85129	0
sub-01_2	26	Picture	cross	3332811	0	1	4226	1	0	4000	other	0
sub-01_2	26	Pulse	255	3336643	3832	0
sub-01_2	26	Picture	40	3338037	5226	1	15226	1	5000	15000	other	0
sub-01_2	26	Picture	cross	3353263	20452	1	30227	1	20000	30000	other	0
sub-01_2	26	Pulse	255	3356643	23832	0
sub-01_2	26	Pulse	255	3376643	43832	0
sub-01_2	26	Nothing	45	3383263	50452	1			50000		other	0
sub-01_2	26	Pulse	255	3396643	63832	0
sub-01_2	26	Picture	response	3398489	65678	1	15226	1	65000	15000	miss	0
sub-01_2	26	Picture	blank2	3413715	80904	1	20226	1	80000	20000	other	0
sub-01_2	26	Pulse	255	3416643	83832	0
sub-01_2	27	Picture	cross	3434107	0	1	4226	1	0	4000	other	0
sub-01_2	27	Pulse	255	3436644	2536	0
sub-01_2	27	Picture	21	3439334	5227	1	15226	1	5000	15000	other	0
sub-01_2	27	Picture	cross	3454560	20453	1	30227	1	20000	30000	other	0
sub-01_2	27	Pulse	255	3456644	22536	0
sub-01_2	27	Pulse	255	3476644	42536	0
sub-01_2	27	Nothing	90	3484560	50453	1			50000		other	0
sub-01_2	27	Pulse	255	3496644	62536	0
sub-01_2	27	Picture	response	3499787	65679	1	15226	1	65000	15000	miss	0
sub-01_2	27	Picture	blank2	3515013	80905	1	40226	1	80000	40000	other	0
sub-01_2	27	Pulse	255	3516644	82536	0
sub-01_2	27	Pulse	255	3536644	102537	0
sub-01_2	28	Picture	cross	3555405	0	1	4226	1	0	4000	other	0
sub-01_2	28	Pulse	255	3556644	1239	0
sub-01_2	28	Picture	61	3560631	5226	1	15226	1	5000	15000	other	0
sub-01_2	28	Picture	cross	3575857	20452	1	30227	1	20000	30000	other	0
sub-01_2	28	Pulse	255	3576644	21239	0
sub-01_2	28	Pulse	255	3596644	41239	0
sub-01_2	28	Nothing	90	3605857	50452	1			50000		other	0
sub-01_2	28	Pulse	255	3616645	61240	0
sub-01_2	28	Picture	response	3621083	65678	1	15226	1	65000	15000	miss	0
sub-01_2	28	Picture	blank2	3636309	80904	1	30226	1	80000	30000	other	0
sub-01_2	28	Pulse	255	3636645	81239	0
sub-01_2	28	Pulse	255	3656645	101240	0
sub-01_2	29	Picture	cross	3666701	0	1	4226	1	0	4000	other	0
sub-01_2	29	Picture	40	3671927	5226	1	15226	1	5000	15000	other	0
sub-01_2	29	Pulse	255	3676645	9944	0
sub-01_2	29	Picture	cross	3687153	20452	1	30227	1	20000	30000	other	0
sub-01_2	29	Pulse	255	3696645	29944	0
sub-01_2	29	Pulse	255	3716645	49944	0
sub-01_2	29	Nothing	45	3717153	50452	1			50000		other	0
sub-01_2	29	Picture	response	3732379	65678	1	15226	1	65000	15000	miss	0
sub-01_2	29	Pulse	255	3736645	69944	0
sub-01_2	29	Picture	blank2	3747605	80904	1	40226	1	80000	40000	other	0
sub-01_2	29	Pulse	255	3756645	89944	0
sub-01_2	29	Pulse	255	3776645	109944	0
sub-01_2	30	Picture	cross	3787997	0	1	4226	1	0	4000	other	0
sub-01_2	30	Picture	21	3793057	5059	1	15226	1	5000	15000	other	0
sub-01_2	30	Pulse	255	3796645	8647	0
sub-01_2	30	Picture	cross	3808283	20285	1	30228	1	20000	30000	other	0
sub-01_2	30	Pulse	255	3816646	28648	0
sub-01_2	30	Pulse	255	3836646	48648	0
sub-01_2	30	Nothing	90	3838283	50285	1			50000		other	0
sub-01_2	30	Picture	response	3853509	65511	1	15226	1	65000	15000	miss	0
sub-01_2	30	Pulse	255	3856646	68648	0
sub-01_2	30	Picture	blank2	3868734	80737	1	15226	1	80000	15000	other	0
sub-01_2	30	Pulse	255	3876646	88648	0
sub-01_2	31	Picture	cross	3884127	0	1	4226	1	0	4000	other	0
sub-01_2	31	Picture	41	3889354	5227	1	15226	1	5000	15000	other	0
sub-01_2	31	Pulse	255	3896646	12519	0
sub-01_2	31	Picture	cross	3904580	20453	1	30227	1	20000	30000	other	0
sub-01_2	31	Pulse	255	3916646	32519	0
sub-01_2	31	Nothing	90	3934580	50453	1			50000		other	0
sub-01_2	31	Pulse	255	3936646	52519	0
sub-01_2	31	Picture	response	3949806	65679	1	15226	1	65000	15000	miss	0
sub-01_2	31	Pulse	255	3956645	72518	0
sub-01_2	31	Picture	blank2	3965032	80905	1	20226	1	80000	20000	other	0
sub-01_2	31	Pulse	255	3976646	92519	0
sub-01_2	32	Picture	cross	3985425	0	1	4226	1	0	4000	other	0
sub-01_2	32	Picture	41	3990651	5226	1	15226	1	5000	15000	other	0
sub-01_2	32	Pulse	255	3996646	11222	0
sub-01_2	32	Picture	cross	4005877	20452	1	30227	1	20000	30000	other	0
sub-01_2	32	Pulse	255	4016646	31222	0
sub-01_2	32	Nothing	90	4035877	50452	1			50000		other	0
sub-01_2	32	Pulse	255	4036646	51222	0
sub-01_2	32	Picture	response	4051103	65678	1	15226	1	65000	15000	miss	0
sub-01_2	32	Pulse	255	4056646	71222	0
sub-01_2	32	Picture	blank2	4066328	80904	1	15226	1	80000	15000	other	0
sub-01_2	32	Pulse	255	4076646	91222	0
sub-01_2	33	Picture	cross	4081721	0	1	4226	1	0	4000	other	0
sub-01_2	33	Picture	41	4086947	5226	1	15226	1	5000	15000	other	0
sub-01_2	33	Pulse	255	4096647	14926	0
sub-01_2	33	Picture	cross	4102173	20452	1	30227	1	20000	30000	other	0
sub-01_2	33	Pulse	255	4116647	34926	0
sub-01_2	33	Nothing	90	4132173	50452	1			50000		other	0
sub-01_2	33	Pulse	255	4136647	54926	0
sub-01_2	33	Picture	response	4147399	65678	1	15226	1	65000	15000	miss	0
sub-01_2	33	Pulse	255	4156647	74926	0
sub-01_2	33	Picture	blank2	4162625	80904	1	35226	1	80000	35000	other	0
sub-01_2	33	Pulse	255	4176647	94926	0
sub-01_2	33	Pulse	255	4196647	114926	0
sub-01_2	34	Picture	cross	4198018	0	1	4226	1	0	4000	other	0
sub-01_2	34	Picture	60	4203244	5227	1	15226	1	5000	15000	other	0
sub-01_2	34	Pulse	255	4216647	18629	0
sub-01_2	34	Picture	cross	4218470	20452	1	30227	1	20000	30000	other	0
sub-01_2	34	Pulse	255	4236647	38630	0
sub-01_2	34	Nothing	65	4248470	50452	1			50000		other	0
sub-01_2	34	Pulse	255	4256647	58630	0
sub-01_2	34	Picture	response	4263696	65678	1	15226	1	65000	15000	miss	0
sub-01_2	34	Pulse	255	4276647	78630	0
sub-01_2	34	Picture	blank2	4278922	80904	1	20226	1	80000	20000	other	0
sub-01_2	34	Pulse	255	4296648	98630	0
sub-01_2	35	Picture	cross	4299314	0	1	4226	1	0	4000	other	0
sub-01_2	35	Picture	21	4304540	5226	1	15226	1	5000	15000	other	0
sub-01_2	35	Pulse	255	4316648	17333	0
sub-01_2	35	Picture	cross	4319766	20452	1	30227	1	20000	30000	other	0
sub-01_2	35	Pulse	255	4336648	37333	0
sub-01_2	35	Nothing	90	4349766	50452	1			50000		other	0
sub-01_2	35	Pulse	255	4356648	57333	0
sub-01_2	35	Picture	response	4364992	65678	1	15226	1	65000	15000	miss	0
sub-01_2	35	Pulse	255	4376648	77333	0
sub-01_2	35	Picture	blank2	4380218	80904	1	15226	1	80000	15000	other	0
sub-01_2	36	Picture	cross	4395611	0	1	4226	1	0	4000	other	0
sub-01_2	36	Pulse	255	4396648	1037	0
sub-01_2	36	Picture	20	4400837	5226	1	15226	1	5000	15000	other	0
sub-01_2	36	Picture	cross	4416063	20452	1	30227	1	20000	30000	other	0
sub-01_2	36	Pulse	255	4416648	21037	0
sub-01_2	36	Pulse	255	4436648	41038	0
sub-01_2	36	Nothing	25	4446063	50452	1			50000		other	0
sub-01_2	36	Pulse	255	4456648	61038	0
sub-01_2	36	Picture	response	4461289	65678	1	15226	1	65000	15000	miss	0
sub-01_2	36	Picture	blank2	4476515	80904	1	20226	1	80000	20000	other	0
sub-01_2	36	Pulse	255	4476648	81037	0
sub-01_2	36	Pulse	255	4496649	101038	0
sub-01_2	37	Picture	cross	4496907	0	1	4226	1	0	4000	other	0
sub-01_2	37	Picture	61	4502134	5227	1	15226	1	5000	15000	other	0
sub-01_2	37	Pulse	255	4516648	19741	0
sub-01_2	37	Picture	cross	4517360	20452	1	30227	1	20000	30000	other	0
sub-01_2	37	Pulse	255	4536648	39741	0
sub-01_2	37	Nothing	90	4547360	50452	1			50000		other	0
sub-01_2	37	Pulse	255	4556649	59741	0
sub-01_2	37	Picture	response	4562586	65678	1	15226	1	65000	15000	miss	0
sub-01_2	37	Pulse	255	4576649	79741	0
sub-01_2	37	Picture	blank2	4577812	80905	1	40226	1	80000	40000	other	0
sub-01_2	37	Pulse	255	4596649	99741	0
sub-01_2	37	Pulse	255	4616649	119742	0
