Scenario - loca_mveb
Logfile written - 05/28/2018 10:12:15

Subject	Trial	Event Type	Code	Time	TTime	Uncertainty	Duration	Uncertainty	ReqTime	ReqDur	Stim Type	Pair Index

sub-09_1	0	Pulse	255	718562	718562	0
sub-09_1	1	Picture	p_startup	718717	0	1	100197	1	0	100000	other	0
sub-09_1	1	Pulse	255	738561	19845	0
sub-09_1	1	Pulse	255	758563	39846	0
sub-09_1	1	Pulse	255	778562	59846	0
sub-09_1	1	Pulse	255	798562	79846	0
sub-09_1	1	Pulse	255	818562	99846	0
sub-09_1	2	Picture	cross	819081	0	1	4168	1	0	4000	other	0
sub-09_1	2	Picture	61	824249	5168	1	15171	1	5000	15000	other	0
sub-09_1	2	Pulse	255	838563	19482	0
sub-09_1	2	Picture	cross	839420	20340	1	30176	1	20000	30000	other	0
sub-09_1	2	Pulse	255	858563	39482	0
sub-09_1	2	Nothing	90	869420	50340	1			50000		other	0
sub-09_1	2	Pulse	255	878562	59482	0
sub-09_1	2	Picture	response	884601	65520	1	15171	1	65000	15000	hit	16
sub-09_1	2	Response	1	890373	71292	1
sub-09_1	2	Pulse	255	898563	79482	0
sub-09_1	2	Picture	blank2	899772	80691	1	15171	1	80000	15000	other	0
sub-09_1	3	Picture	cross	915110	0	1	4168	1	0	4000	other	0
sub-09_1	3	Pulse	255	918562	3452	0
sub-09_1	3	Picture	40	920278	5168	1	15171	1	5000	15000	other	0
sub-09_1	3	Picture	cross	935450	20340	1	30176	1	20000	30000	other	0
sub-09_1	3	Pulse	255	938563	23453	0
sub-09_1	3	Pulse	255	958563	43453	0
sub-09_1	3	Nothing	45	965450	50340	1			50000		other	0
sub-09_1	3	Pulse	255	978564	63454	0
sub-09_1	3	Picture	response	980630	65520	1	15171	1	65000	15000	hit	28
sub-09_1	3	Response	1	989743	74633	1
sub-09_1	3	Picture	blank2	995801	80691	1	25174	1	80000	25000	other	0
sub-09_1	3	Pulse	255	998562	83452	0
sub-09_1	3	Pulse	255	1018563	103453	0
sub-09_1	4	Picture	cross	1021142	0	1	4168	1	0	4000	other	0
sub-09_1	4	Picture	60	1026311	5168	1	15171	1	5000	15000	other	0
sub-09_1	4	Pulse	255	1038563	17421	0
sub-09_1	4	Picture	cross	1041482	20340	1	30176	1	20000	30000	other	0
sub-09_1	4	Pulse	255	1058563	37421	0
sub-09_1	4	Nothing	65	1071482	50340	1			50000		other	0
sub-09_1	4	Pulse	255	1078563	57421	0
sub-09_1	4	Picture	response	1086662	65520	1	15171	1	65000	15000	hit	40
sub-09_1	4	Response	2	1096843	75701	1
sub-09_1	4	Pulse	255	1098563	77421	0
sub-09_1	4	Picture	blank2	1101834	80691	1	15171	1	80000	15000	other	0
sub-09_1	5	Picture	cross	1117172	0	1	4168	1	0	4000	other	0
sub-09_1	5	Pulse	255	1118563	1392	0
sub-09_1	5	Picture	20	1122340	5168	1	15171	1	5000	15000	other	0
sub-09_1	5	Picture	cross	1137511	20340	1	30176	1	20000	30000	other	0
sub-09_1	5	Pulse	255	1138564	21392	0
sub-09_1	5	Pulse	255	1158563	41391	0
sub-09_1	5	Nothing	25	1167511	50340	1			50000		other	0
sub-09_1	5	Pulse	255	1178564	61392	0
sub-09_1	5	Picture	response	1182692	65520	1	15171	1	65000	15000	hit	52
sub-09_1	5	Response	1	1189644	72472	1
sub-09_1	5	Picture	blank2	1197863	80691	1	20173	1	80000	20000	other	0
sub-09_1	5	Pulse	255	1198564	81392	0
sub-09_1	6	Picture	cross	1218203	0	1	4168	1	0	4000	other	0
sub-09_1	6	Pulse	255	1218564	361	0
sub-09_1	6	Picture	60	1223371	5168	1	15171	1	5000	15000	other	0
sub-09_1	6	Picture	cross	1238542	20340	1	30176	1	20000	30000	other	0
sub-09_1	6	Pulse	255	1238564	20361	0
sub-09_1	6	Pulse	255	1258564	40361	0
sub-09_1	6	Nothing	65	1268542	50340	1			50000		other	0
sub-09_1	6	Pulse	255	1278564	60361	0
sub-09_1	6	Picture	response	1283723	65520	1	15171	1	65000	15000	hit	64
sub-09_1	6	Response	1	1295614	77411	1
sub-09_1	6	Pulse	255	1298564	80361	0
sub-09_1	6	Picture	blank2	1298894	80691	1	45180	1	80000	45000	other	0
sub-09_1	6	Pulse	255	1318564	100362	0
sub-09_1	6	Pulse	255	1338564	120361	0
sub-09_1	7	Picture	cross	1344241	0	1	4168	1	0	4000	other	0
sub-09_1	7	Picture	20	1349409	5168	1	15171	1	5000	15000	other	0
sub-09_1	7	Pulse	255	1358564	14323	0
sub-09_1	7	Picture	cross	1364581	20340	1	30176	1	20000	30000	other	0
sub-09_1	7	Pulse	255	1378564	34323	0
sub-09_1	7	Nothing	25	1394581	50340	1			50000		other	0
sub-09_1	7	Pulse	255	1398564	54323	0
sub-09_1	7	Picture	response	1409761	65520	1	15171	1	65000	15000	hit	77
sub-09_1	7	Response	2	1418484	74243	1
sub-09_1	7	Pulse	255	1418563	74322	0
sub-09_1	7	Picture	blank2	1424933	80691	1	35177	1	80000	35000	other	0
sub-09_1	7	Pulse	255	1438564	94323	0
sub-09_1	7	Pulse	255	1458565	114323	0
sub-09_1	8	Picture	cross	1460277	0	1	4168	1	0	4000	other	0
sub-09_1	8	Picture	61	1465445	5168	1	15171	1	5000	15000	other	0
sub-09_1	8	Pulse	255	1478564	18288	0
sub-09_1	8	Picture	cross	1480616	20340	1	30176	1	20000	30000	other	0
sub-09_1	8	Pulse	255	1498565	38288	0
sub-09_1	8	Nothing	90	1510616	50340	1			50000		other	0
sub-09_1	8	Pulse	255	1518565	58288	0
sub-09_1	8	Picture	response	1525797	65520	1	15171	1	65000	15000	hit	90
sub-09_1	8	Response	2	1535015	74738	1
sub-09_1	8	Pulse	255	1538565	78289	0
sub-09_1	8	Picture	blank2	1540968	80691	1	45180	1	80000	45000	other	0
sub-09_1	8	Pulse	255	1558564	98287	0
sub-09_1	8	Pulse	255	1578565	118288	0
sub-09_1	9	Picture	cross	1586315	0	1	4168	1	0	4000	other	0
sub-09_1	9	Picture	41	1591483	5168	1	15171	1	5000	15000	other	0
sub-09_1	9	Pulse	255	1598564	12249	0
sub-09_1	9	Picture	cross	1606655	20340	1	30176	1	20000	30000	other	0
sub-09_1	9	Pulse	255	1618565	32250	0
sub-09_1	9	Nothing	90	1636655	50340	1			50000		other	0
sub-09_1	9	Pulse	255	1638565	52250	0
sub-09_1	9	Picture	response	1651835	65520	1	15171	1	65000	15000	hit	104
sub-09_1	9	Pulse	255	1658565	72249	0
sub-09_1	9	Response	1	1660245	73930	1
sub-09_1	9	Picture	blank2	1667007	80691	1	10170	1	80000	10000	other	0
sub-09_1	10	Picture	cross	1677343	0	1	4168	1	0	4000	other	0
sub-09_1	10	Pulse	255	1678565	1222	0
sub-09_1	10	Picture	20	1682511	5168	1	15171	1	5000	15000	other	0
sub-09_1	10	Picture	cross	1697683	20340	1	30176	1	20000	30000	other	0
sub-09_1	10	Pulse	255	1698566	21223	0
sub-09_1	10	Pulse	255	1718565	41222	0
sub-09_1	10	Nothing	25	1727683	50340	1			50000		other	0
sub-09_1	10	Pulse	255	1738565	61222	0
sub-09_1	10	Picture	response	1742863	65520	1	15171	1	65000	15000	hit	115
sub-09_1	10	Response	2	1748625	71282	1
sub-09_1	10	Picture	blank2	1758034	80691	1	20173	1	80000	20000	other	0
sub-09_1	10	Pulse	255	1758565	81222	0
sub-09_1	11	Picture	cross	1778374	0	1	4168	1	0	4000	other	0
sub-09_1	11	Pulse	255	1778565	192	0
sub-09_1	11	Picture	41	1783542	5168	1	15171	1	5000	15000	other	0
sub-09_1	11	Pulse	255	1798565	20191	0
sub-09_1	11	Picture	cross	1798714	20340	1	30176	1	20000	30000	other	0
sub-09_1	11	Pulse	255	1818566	40192	0
sub-09_1	11	Nothing	90	1828714	50340	1			50000		other	0
sub-09_1	11	Pulse	255	1838566	60192	0
sub-09_1	11	Picture	response	1843894	65520	1	15171	1	65000	15000	hit	127
sub-09_1	11	Response	1	1850995	72621	1
sub-09_1	11	Pulse	255	1858565	80191	0
sub-09_1	11	Picture	blank2	1859065	80691	1	30176	1	80000	30000	other	0
sub-09_1	11	Pulse	255	1878566	100192	0
sub-09_1	12	Picture	cross	1889408	0	1	4168	1	0	4000	other	0
sub-09_1	12	Picture	40	1894576	5168	1	15171	1	5000	15000	other	0
sub-09_1	12	Pulse	255	1898565	9157	0
sub-09_1	12	Picture	cross	1909747	20340	1	30176	1	20000	30000	other	0
sub-09_1	12	Pulse	255	1918566	29158	0
sub-09_1	12	Pulse	255	1938565	49157	0
sub-09_1	12	Nothing	45	1939747	50340	1			50000		other	0
sub-09_1	12	Picture	response	1954928	65520	1	15171	1	65000	15000	hit	140
sub-09_1	12	Pulse	255	1958566	69158	0
sub-09_1	12	Response	2	1964026	74619	1
sub-09_1	12	Picture	blank2	1970099	80691	1	40179	1	80000	40000	other	0
sub-09_1	12	Pulse	255	1978566	89158	0
sub-09_1	12	Pulse	255	1998566	109158	0
sub-09_1	13	Picture	cross	2010445	0	1	4168	1	0	4000	other	0
sub-09_1	13	Picture	21	2015613	5168	1	15171	1	5000	15000	other	0
sub-09_1	13	Pulse	255	2018566	8121	0
sub-09_1	13	Picture	cross	2030784	20340	1	30176	1	20000	30000	other	0
sub-09_1	13	Pulse	255	2038566	28121	0
sub-09_1	13	Pulse	255	2058567	48122	0
sub-09_1	13	Nothing	90	2060784	50340	1			50000		other	0
sub-09_1	13	Picture	response	2075965	65520	1	15171	1	65000	15000	hit	153
sub-09_1	13	Pulse	255	2078566	68121	0
sub-09_1	13	Response	2	2084636	74191	1
sub-09_1	13	Picture	blank2	2091136	80691	1	10170	1	80000	10000	other	0
sub-09_1	13	Pulse	255	2098566	88121	0
sub-09_1	14	Picture	cross	2101473	0	1	4168	1	0	4000	other	0
sub-09_1	14	Picture	60	2106641	5168	1	15171	1	5000	15000	other	0
sub-09_1	14	Pulse	255	2118565	17093	0
sub-09_1	14	Picture	cross	2121812	20340	1	30176	1	20000	30000	other	0
sub-09_1	14	Pulse	255	2138567	37094	0
sub-09_1	14	Nothing	65	2151812	50340	1			50000		other	0
sub-09_1	14	Pulse	255	2158566	57093	0
sub-09_1	14	Picture	response	2166993	65520	1	15171	1	65000	15000	hit	165
sub-09_1	14	Pulse	255	2178566	77093	0
sub-09_1	14	Response	1	2180096	78623	1
sub-09_1	14	Picture	blank2	2182164	80691	1	30176	1	80000	30000	other	0
sub-09_1	14	Pulse	255	2198566	97093	0
sub-09_1	15	Picture	cross	2212507	0	1	4168	1	0	4000	other	0
sub-09_1	15	Picture	61	2217675	5168	1	15171	1	5000	15000	other	0
sub-09_1	15	Pulse	255	2218567	6060	0
sub-09_1	15	Picture	cross	2232846	20340	1	30176	1	20000	30000	other	0
sub-09_1	15	Pulse	255	2238566	26059	0
sub-09_1	15	Pulse	255	2258567	46060	0
sub-09_1	15	Nothing	90	2262846	50340	1			50000		other	0
sub-09_1	15	Picture	response	2278027	65520	1	15171	1	65000	15000	hit	177
sub-09_1	15	Pulse	255	2278566	66060	0
sub-09_1	15	Response	1	2288878	76371	1
sub-09_1	15	Picture	blank2	2293198	80691	1	15171	1	80000	15000	other	0
sub-09_1	15	Pulse	255	2298567	86060	0
sub-09_1	16	Picture	cross	2308536	0	1	4168	1	0	4000	other	0
sub-09_1	16	Picture	61	2313704	5168	1	15171	1	5000	15000	other	0
sub-09_1	16	Pulse	255	2318567	10031	0
sub-09_1	16	Picture	cross	2328876	20340	1	30176	1	20000	30000	other	0
sub-09_1	16	Pulse	255	2338567	30031	0
sub-09_1	16	Pulse	255	2358567	50031	0
sub-09_1	16	Nothing	90	2358876	50340	1			50000		other	0
sub-09_1	16	Picture	response	2374056	65520	1	15171	1	65000	15000	hit	189
sub-09_1	16	Pulse	255	2378568	70032	0
sub-09_1	16	Response	2	2383247	74711	1
sub-09_1	16	Picture	blank2	2389227	80691	1	20173	1	80000	20000	other	0
sub-09_1	16	Pulse	255	2398567	90031	0
sub-09_1	17	Picture	cross	2409567	0	1	4168	1	0	4000	other	0
sub-09_1	17	Picture	20	2414735	5168	1	15171	1	5000	15000	other	0
sub-09_1	17	Pulse	255	2418567	9000	0
sub-09_1	17	Picture	cross	2429907	20340	1	30176	1	20000	30000	other	0
sub-09_1	17	Pulse	255	2438567	29000	0
sub-09_1	17	Pulse	255	2458567	49000	0
sub-09_1	17	Nothing	25	2459907	50340	1			50000		other	0
sub-09_1	17	Picture	response	2475087	65520	1	15171	1	65000	15000	hit	201
sub-09_1	17	Pulse	255	2478568	69001	0
sub-09_1	17	Response	1	2482717	73150	1
sub-09_1	17	Picture	blank2	2490258	80691	1	40179	1	80000	40000	other	0
sub-09_1	17	Pulse	255	2498568	89001	0
sub-09_1	17	Pulse	255	2518568	109001	0
sub-09_1	18	Picture	cross	2530604	0	1	4168	1	0	4000	other	0
sub-09_1	18	Picture	20	2535772	5168	1	15171	1	5000	15000	other	0
sub-09_1	18	Pulse	255	2538568	7964	0
sub-09_1	18	Picture	cross	2550943	20340	1	30176	1	20000	30000	other	0
sub-09_1	18	Pulse	255	2558568	27964	0
sub-09_1	18	Pulse	255	2578567	47963	0
sub-09_1	18	Nothing	25	2580943	50340	1			50000		other	0
sub-09_1	18	Picture	response	2596124	65520	1	15171	1	65000	15000	hit	214
sub-09_1	18	Pulse	255	2598567	67963	0
sub-09_1	18	Response	1	2605178	74574	1
sub-09_1	18	Picture	blank2	2611295	80691	1	15171	1	80000	15000	other	0
sub-09_1	18	Pulse	255	2618568	87964	0
sub-09_1	19	Picture	cross	2626633	0	1	4168	1	0	4000	other	0
sub-09_1	19	Picture	61	2631802	5168	1	15171	1	5000	15000	other	0
sub-09_1	19	Pulse	255	2638567	11934	0
sub-09_1	19	Picture	cross	2646973	20340	1	30176	1	20000	30000	other	0
sub-09_1	19	Pulse	255	2658568	31934	0
sub-09_1	19	Nothing	90	2676973	50340	1			50000		other	0
sub-09_1	19	Pulse	255	2678568	51935	0
sub-09_1	19	Picture	response	2692153	65520	1	15171	1	65000	15000	hit	226
sub-09_1	19	Pulse	255	2698568	71935	0
sub-09_1	19	Response	2	2702079	75445	1
sub-09_1	19	Picture	blank2	2707325	80691	1	20173	1	80000	20000	other	0
sub-09_1	19	Pulse	255	2718568	91935	0
sub-09_1	20	Picture	cross	2727664	0	1	4168	1	0	4000	other	0
sub-09_1	20	Picture	40	2732832	5168	1	15171	1	5000	15000	other	0
sub-09_1	20	Pulse	255	2738569	10905	0
sub-09_1	20	Picture	cross	2748004	20340	1	30176	1	20000	30000	other	0
sub-09_1	20	Pulse	255	2758568	30904	0
sub-09_1	20	Nothing	45	2778004	50340	1			50000		other	0
sub-09_1	20	Pulse	255	2778558	50894	0
sub-09_1	20	Picture	response	2793184	65520	1	15171	1	65000	15000	hit	238
sub-09_1	20	Pulse	255	2798558	70894	0
sub-09_1	20	Response	1	2808118	80454	1
sub-09_1	20	Picture	blank2	2808356	80691	1	30176	1	80000	30000	other	0
sub-09_1	20	Pulse	255	2818559	90895	0
sub-09_1	20	Pulse	255	2838559	110895	0
sub-09_1	21	Picture	cross	2838698	0	1	4168	1	0	4000	other	0
sub-09_1	21	Picture	61	2843866	5168	1	15171	1	5000	15000	other	0
sub-09_1	21	Pulse	255	2858559	19860	0
sub-09_1	21	Picture	cross	2859038	20340	1	30176	1	20000	30000	other	0
sub-09_1	21	Pulse	255	2878558	39860	0
sub-09_1	21	Nothing	90	2889038	50340	1			50000		other	0
sub-09_1	21	Pulse	255	2898558	59860	0
sub-09_1	21	Picture	response	2904218	65520	1	15171	1	65000	15000	hit	250
sub-09_1	21	Response	1	2914299	75600	1
sub-09_1	21	Pulse	255	2918558	79860	0
sub-09_1	21	Picture	blank2	2919390	80691	1	40179	1	80000	40000	other	0
sub-09_1	21	Pulse	255	2938558	99860	0
sub-09_1	21	Pulse	255	2958559	119861	0
sub-09_1	22	Picture	cross	2959735	0	1	4168	1	0	4000	other	0
sub-09_1	22	Picture	20	2964903	5168	1	15171	1	5000	15000	other	0
sub-09_1	22	Pulse	255	2978559	18823	0
sub-09_1	22	Picture	cross	2980075	20340	1	30176	1	20000	30000	other	0
sub-09_1	22	Pulse	255	2998559	38824	0
sub-09_1	22	Nothing	25	3010075	50340	1			50000		other	0
sub-09_1	22	Pulse	255	3018559	58824	0
sub-09_1	22	Picture	response	3025255	65520	1	15171	1	65000	15000	hit	263
sub-09_1	22	Response	1	3035399	75664	1
sub-09_1	22	Pulse	255	3038559	78824	0
sub-09_1	22	Picture	blank2	3040427	80691	1	25174	1	80000	25000	other	0
sub-09_1	22	Pulse	255	3058559	98823	0
sub-09_1	23	Picture	cross	3065768	0	1	4168	1	0	4000	other	0
sub-09_1	23	Picture	41	3070936	5168	1	15171	1	5000	15000	other	0
sub-09_1	23	Pulse	255	3078559	12791	0
sub-09_1	23	Picture	cross	3086107	20340	1	30176	1	20000	30000	other	0
sub-09_1	23	Pulse	255	3098559	32791	0
sub-09_1	23	Nothing	90	3116107	50340	1			50000		other	0
sub-09_1	23	Pulse	255	3118559	52792	0
sub-09_1	23	Picture	response	3131288	65520	1	15171	1	65000	15000	hit	276
sub-09_1	23	Pulse	255	3138559	72791	0
sub-09_1	23	Response	1	3140780	75012	1
sub-09_1	23	Picture	blank2	3146459	80691	1	10170	1	80000	10000	other	0
sub-09_1	24	Picture	cross	3156795	0	1	4168	1	0	4000	other	0
sub-09_1	24	Pulse	255	3158559	1764	0
sub-09_1	24	Picture	60	3161964	5168	1	15171	1	5000	15000	other	0
sub-09_1	24	Picture	cross	3177135	20340	1	30176	1	20000	30000	other	0
sub-09_1	24	Pulse	255	3178560	21764	0
sub-09_1	24	Pulse	255	3198560	41764	0
sub-09_1	24	Nothing	65	3207135	50340	1			50000		other	0
sub-09_1	24	Pulse	255	3218559	61764	0
sub-09_1	24	Picture	response	3222315	65520	1	15171	1	65000	15000	hit	287
sub-09_1	24	Response	1	3233150	76354	1
sub-09_1	24	Picture	blank2	3237487	80691	1	15171	1	80000	15000	other	0
sub-09_1	24	Pulse	255	3238559	81764	0
sub-09_1	25	Picture	cross	3252825	0	1	4168	1	0	4000	other	0
sub-09_1	25	Picture	21	3257993	5168	1	15171	1	5000	15000	other	0
sub-09_1	25	Pulse	255	3258559	5734	0
sub-09_1	25	Picture	cross	3273164	20340	1	30176	1	20000	30000	other	0
sub-09_1	25	Pulse	255	3278559	25734	0
sub-09_1	25	Pulse	255	3298560	45735	0
sub-09_1	25	Nothing	90	3303164	50340	1			50000		other	0
sub-09_1	25	Picture	response	3318345	65520	1	15171	1	65000	15000	hit	299
sub-09_1	25	Pulse	255	3318560	65735	0
sub-09_1	25	Response	2	3326900	74075	1
sub-09_1	25	Picture	blank2	3333516	80691	1	60185	1	80000	60000	other	0
sub-09_1	25	Pulse	255	3338560	85735	0
sub-09_1	25	Pulse	255	3358560	105735	0
sub-09_1	25	Pulse	255	3378560	125735	0
sub-09_1	26	Picture	cross	3393868	0	1	4168	1	0	4000	other	0
sub-09_1	26	Pulse	255	3398560	4692	0
sub-09_1	26	Picture	41	3399036	5168	1	15171	1	5000	15000	other	0
sub-09_1	26	Picture	cross	3414207	20340	1	30176	1	20000	30000	other	0
sub-09_1	26	Pulse	255	3418560	24692	0
sub-09_1	26	Pulse	255	3438560	44692	0
sub-09_1	26	Nothing	90	3444207	50340	1			50000		other	0
sub-09_1	26	Pulse	255	3458560	64692	0
sub-09_1	26	Picture	response	3459388	65520	1	15171	1	65000	15000	hit	313
sub-09_1	26	Response	2	3469700	75832	1
sub-09_1	26	Picture	blank2	3474559	80691	1	40179	1	80000	40000	other	0
sub-09_1	26	Pulse	255	3478560	84692	0
sub-09_1	26	Pulse	255	3498561	104693	0
sub-09_1	27	Picture	cross	3514905	0	1	4168	1	0	4000	other	0
sub-09_1	27	Pulse	255	3518560	3655	0
sub-09_1	27	Picture	40	3520073	5168	1	15171	1	5000	15000	other	0
sub-09_1	27	Picture	cross	3535244	20340	1	30176	1	20000	30000	other	0
sub-09_1	27	Pulse	255	3538560	23655	0
sub-09_1	27	Pulse	255	3558560	43655	0
sub-09_1	27	Nothing	45	3565244	50340	1			50000		other	0
sub-09_1	27	Pulse	255	3578560	63656	0
sub-09_1	27	Picture	response	3580425	65520	1	15171	1	65000	15000	hit	326
sub-09_1	27	Response	2	3594721	79816	1
sub-09_1	27	Picture	blank2	3595596	80691	1	15171	1	80000	15000	other	0
sub-09_1	27	Pulse	255	3598560	83655	1
sub-09_1	28	Picture	cross	3610934	0	1	4168	1	0	4000	other	0
sub-09_1	28	Picture	21	3616103	5168	1	15171	1	5000	15000	other	0
sub-09_1	28	Pulse	255	3618560	7626	0
sub-09_1	28	Picture	cross	3631274	20340	1	30176	1	20000	30000	other	0
sub-09_1	28	Pulse	255	3638561	27627	0
sub-09_1	28	Pulse	255	3658560	47626	0
sub-09_1	28	Nothing	90	3661274	50340	1			50000		other	0
sub-09_1	28	Picture	response	3676454	65520	1	15171	1	65000	15000	hit	338
sub-09_1	28	Pulse	255	3678561	67627	0
sub-09_1	28	Response	2	3686591	75657	1
sub-09_1	28	Picture	blank2	3691626	80691	1	50182	1	80000	50000	other	0
sub-09_1	28	Pulse	255	3698560	87626	0
sub-09_1	28	Pulse	255	3718561	107627	0
sub-09_1	28	Pulse	255	3738561	127627	0
sub-09_1	29	Picture	cross	3741974	0	1	4168	1	0	4000	other	0
sub-09_1	29	Picture	60	3747143	5168	1	15171	1	5000	15000	other	0
sub-09_1	29	Pulse	255	3758561	16587	0
sub-09_1	29	Picture	cross	3762314	20340	1	30176	1	20000	30000	other	0
sub-09_1	29	Pulse	255	3778561	36587	0
sub-09_1	29	Nothing	65	3792314	50340	1			50000		other	0
sub-09_1	29	Pulse	255	3798561	56587	0
sub-09_1	29	Picture	response	3807494	65520	1	15171	1	65000	15000	hit	352
sub-09_1	29	Pulse	255	3818561	76586	0
sub-09_1	29	Response	2	3819421	77447	1
sub-09_1	29	Picture	blank2	3822666	80691	1	10170	1	80000	10000	other	0
sub-09_1	30	Picture	cross	3833002	0	1	4168	1	0	4000	other	0
sub-09_1	30	Picture	41	3838170	5168	1	15171	1	5000	15000	other	0
sub-09_1	30	Pulse	255	3838562	5559	0
sub-09_1	30	Picture	cross	3853342	20340	1	30176	1	20000	30000	other	0
sub-09_1	30	Pulse	255	3858561	25559	0
sub-09_1	30	Pulse	255	3878561	45559	0
sub-09_1	30	Nothing	90	3883342	50340	1			50000		other	0
sub-09_1	30	Picture	response	3898522	65520	1	15171	1	65000	15000	hit	363
sub-09_1	30	Pulse	255	3898562	65560	0
sub-09_1	30	Response	2	3906761	73759	1
sub-09_1	30	Picture	blank2	3913694	80691	1	30176	1	80000	30000	other	0
sub-09_1	30	Pulse	255	3918562	85560	0
sub-09_1	30	Pulse	255	3938562	105559	0
sub-09_1	31	Picture	cross	3944036	0	1	4168	1	0	4000	other	0
sub-09_1	31	Picture	21	3949204	5168	1	15171	1	5000	15000	other	0
sub-09_1	31	Pulse	255	3958561	14525	0
sub-09_1	31	Picture	cross	3964376	20340	1	30176	1	20000	30000	other	0
sub-09_1	31	Pulse	255	3978562	34526	0
sub-09_1	31	Nothing	90	3994376	50340	1			50000		other	0
sub-09_1	31	Pulse	255	3998562	54525	0
sub-09_1	31	Picture	response	4009556	65520	1	15171	1	65000	15000	hit	376
sub-09_1	31	Pulse	255	4018562	74526	0
sub-09_1	31	Response	1	4018921	74885	1
sub-09_1	31	Picture	blank2	4024727	80691	1	60185	1	80000	60000	other	0
sub-09_1	31	Pulse	255	4038562	94526	0
sub-09_1	31	Pulse	255	4058562	114526	0
sub-09_1	31	Pulse	255	4078562	134526	0
sub-09_1	32	Picture	cross	4085079	0	1	4168	1	0	4000	other	0
sub-09_1	32	Picture	21	4090247	5168	1	15171	1	5000	15000	other	0
sub-09_1	32	Pulse	255	4098562	13483	0
sub-09_1	32	Picture	cross	4105419	20340	1	30176	1	20000	30000	other	0
sub-09_1	32	Pulse	255	4118562	33483	0
sub-09_1	32	Nothing	90	4135419	50340	1			50000		other	0
sub-09_1	32	Pulse	255	4138562	53483	0
sub-09_1	32	Picture	response	4150599	65520	1	15171	1	65000	15000	hit	390
sub-09_1	32	Pulse	255	4158562	73483	0
sub-09_1	32	Response	1	4160272	75193	1
sub-09_1	32	Picture	blank2	4165771	80691	1	30176	1	80000	30000	other	0
sub-09_1	32	Pulse	255	4178562	93483	0
sub-09_1	33	Picture	cross	4196113	0	1	4168	1	0	4000	other	0
sub-09_1	33	Pulse	255	4198562	2449	0
sub-09_1	33	Picture	21	4201281	5168	1	15171	1	5000	15000	other	0
sub-09_1	33	Picture	cross	4216453	20340	1	30176	1	20000	30000	other	0
sub-09_1	33	Pulse	255	4218562	22449	0
sub-09_1	33	Pulse	255	4238562	42449	0
sub-09_1	33	Nothing	90	4246453	50340	1			50000		other	0
sub-09_1	33	Pulse	255	4258562	62449	0
sub-09_1	33	Picture	response	4261633	65520	1	15171	1	65000	15000	hit	402
sub-09_1	33	Response	1	4273842	77729	1
sub-09_1	33	Picture	blank2	4276805	80691	1	15171	1	80000	15000	other	0
sub-09_1	33	Pulse	255	4278563	82449	0
sub-09_1	34	Picture	cross	4292143	0	1	4168	1	0	4000	other	0
sub-09_1	34	Picture	40	4297311	5168	1	15171	1	5000	15000	other	0
sub-09_1	34	Pulse	255	4298563	6420	0
sub-09_1	34	Picture	cross	4312482	20340	1	30176	1	20000	30000	other	0
sub-09_1	34	Pulse	255	4318563	26420	0
sub-09_1	34	Pulse	255	4338563	46420	0
sub-09_1	34	Nothing	45	4342482	50340	1			50000		other	0
sub-09_1	34	Picture	response	4357663	65520	1	15171	1	65000	15000	hit	414
sub-09_1	34	Pulse	255	4358562	66420	0
sub-09_1	34	Response	2	4370223	78080	1
sub-09_1	34	Picture	blank2	4372834	80691	1	55184	1	80000	55000	other	0
sub-09_1	34	Pulse	255	4378563	86420	0
sub-09_1	34	Pulse	255	4398563	106420	0
sub-09_1	34	Pulse	255	4418563	126420	0
sub-09_1	35	Picture	cross	4428184	0	1	4168	1	0	4000	other	0
sub-09_1	35	Picture	40	4433352	5168	1	15171	1	5000	15000	other	0
sub-09_1	35	Pulse	255	4438563	10379	0
sub-09_1	35	Picture	cross	4448524	20340	1	30176	1	20000	30000	other	0
sub-09_1	35	Pulse	255	4458563	30379	0
sub-09_1	35	Nothing	45	4478524	50340	1			50000		other	0
sub-09_1	35	Pulse	255	4478563	50379	0
sub-09_1	35	Picture	response	4493704	65520	1	15171	1	65000	15000	hit	428
sub-09_1	35	Pulse	255	4498563	70379	0
sub-09_1	35	Response	1	4500674	72490	1
sub-09_1	35	Picture	blank2	4508876	80691	1	40179	1	80000	40000	other	0
sub-09_1	35	Pulse	255	4518563	90379	0
sub-09_1	35	Pulse	255	4538563	110379	0
sub-09_1	36	Picture	cross	4549221	0	1	4168	1	0	4000	other	0
sub-09_1	36	Picture	60	4554389	5168	1	15171	1	5000	15000	other	0
sub-09_1	36	Pulse	255	4558563	9342	0
sub-09_1	36	Picture	cross	4569561	20340	1	30176	1	20000	30000	other	0
sub-09_1	36	Pulse	255	4578563	29342	0
sub-09_1	36	Pulse	255	4598564	49342	0
sub-09_1	36	Nothing	65	4599561	50340	1			50000		other	0
sub-09_1	36	Picture	response	4614741	65520	1	15171	1	65000	15000	hit	441
sub-09_1	36	Pulse	255	4618563	69342	0
sub-09_1	36	Response	2	4628284	79062	1
sub-09_1	36	Picture	blank2	4629913	80691	1	40179	1	80000	40000	other	0
sub-09_1	36	Pulse	255	4638563	89342	0
sub-09_1	36	Pulse	255	4658563	109342	0
sub-09_1	37	Picture	cross	4670258	0	1	4168	1	0	4000	other	0
sub-09_1	37	Picture	41	4675426	5168	1	15171	1	5000	15000	other	0
sub-09_1	37	Pulse	255	4678564	8305	0
sub-09_1	37	Picture	cross	4690598	20340	1	30176	1	20000	30000	other	0
sub-09_1	37	Pulse	255	4698564	28305	0
sub-09_1	37	Pulse	255	4718564	48306	0
sub-09_1	37	Nothing	90	4720598	50340	1			50000		other	0
sub-09_1	37	Picture	response	4735778	65520	1	15171	1	65000	15000	hit	454
sub-09_1	37	Pulse	255	4738564	68306	0
sub-09_1	37	Response	2	4743654	73396	1
sub-09_1	37	Picture	blank2	4750950	80691	1	15171	1	80000	15000	other	0
sub-09_1	37	Pulse	255	4758564	88305	0
