Scenario - loca_mvis
Logfile written - 04/26/2018 14:33:54

Subject	Trial	Event Type	Code	Time	TTime	Uncertainty	Duration	Uncertainty	ReqTime	ReqDur	Stim Type	Pair Index

pilot1	0	Pulse	255	16741	16741	0
pilot1	1	Picture	p_startup	16807	0	1	88065	1	0	88000	other	0
pilot1	2	Picture	grid	105039	0	1	4065	1	0	4000	other	0
pilot1	2	Picture	61	109104	4065	1	15065	1	4000	15000	other	0
pilot1	2	Picture	maintenance	124169	19130	1	30065	1	19000	30000	other	0
pilot1	2	Nothing	90	154039	49000	1			49000		other	0
pilot1	2	Picture	test	169104	64065	1	15065	1	64000	15000	hit	8
pilot1	2	Response	1	176377	71338	1
pilot1	3	Picture	grid	184335	0	1	4065	1	0	4000	other	0
pilot1	3	Picture	20	188401	4065	1	15065	1	4000	15000	other	0
pilot1	3	Picture	maintenance	203466	19130	1	30065	1	19000	30000	other	0
pilot1	3	Nothing	25	233335	49000	1			49000		other	0
pilot1	3	Picture	test	248400	64065	1	25065	1	64000	25000	hit	14
pilot1	3	Response	1	252703	68367	1
pilot1	4	Picture	grid	273632	0	1	4065	1	0	4000	other	0
pilot1	4	Picture	20	277698	4065	1	15065	1	4000	15000	other	0
pilot1	4	Picture	maintenance	292763	19131	1	30065	1	19000	30000	other	0
pilot1	4	Nothing	25	322632	49000	1			49000		other	0
pilot1	4	Picture	test	337698	64065	1	45065	1	64000	45000	hit	20
pilot1	4	Response	2	343319	69687	1
pilot1	5	Picture	grid	382929	0	1	4065	1	0	4000	other	0
pilot1	5	Picture	41	386994	4065	1	15065	1	4000	15000	other	0
pilot1	5	Picture	maintenance	402060	19130	1	30065	1	19000	30000	other	0
pilot1	5	Nothing	90	431929	49000	1			49000		other	0
pilot1	5	Picture	test	446994	64065	1	60065	1	64000	60000	miss	0
pilot1	5	Response	1	455386	72456	1
pilot1	6	Picture	grid	507226	0	1	4065	1	0	4000	other	0
pilot1	6	Picture	21	511292	4065	1	15065	1	4000	15000	other	0
pilot1	6	Picture	maintenance	526357	19130	1	30065	1	19000	30000	other	0
pilot1	6	Nothing	90	556226	49000	1			49000		other	0
pilot1	6	Picture	test	571291	64065	1	20065	1	64000	20000	hit	32
pilot1	6	Response	1	581924	74698	1
pilot1	7	Picture	grid	591523	0	1	4065	1	0	4000	other	0
pilot1	7	Picture	40	595589	4065	1	15065	1	4000	15000	other	0
pilot1	7	Picture	maintenance	610654	19130	1	30065	1	19000	30000	other	0
pilot1	7	Nothing	45	640523	49000	1			49000		other	0
pilot1	7	Picture	test	655588	64065	1	15065	1	64000	15000	miss	0
pilot1	7	Response	1	661152	69629	1
pilot1	8	Picture	grid	670820	0	1	4065	1	0	4000	other	0
pilot1	8	Picture	21	674885	4065	1	15065	1	4000	15000	other	0
pilot1	8	Picture	maintenance	689951	19130	1	30065	1	19000	30000	other	0
pilot1	8	Nothing	90	719820	49000	1			49000		other	0
pilot1	8	Picture	test	734885	64065	1	15065	1	64000	15000	hit	44
pilot1	8	Response	1	743687	72866	1
pilot1	9	Picture	grid	750117	0	1	4065	1	0	4000	other	0
pilot1	9	Picture	60	754182	4065	1	15065	1	4000	15000	other	0
pilot1	9	Picture	maintenance	769248	19130	1	30065	1	19000	30000	other	0
pilot1	9	Nothing	65	799117	49000	1			49000		other	0
pilot1	9	Picture	test	814182	64065	1	45065	1	64000	45000	hit	50
pilot1	9	Response	2	819642	69525	1
pilot1	10	Picture	grid	859414	0	1	4065	1	0	4000	other	0
pilot1	10	Picture	21	863479	4065	1	15065	1	4000	15000	other	0
pilot1	10	Picture	maintenance	878544	19130	1	30065	1	19000	30000	other	0
pilot1	10	Nothing	90	908414	49000	1			49000		other	0
pilot1	10	Picture	test	923479	64065	1	10065	1	64000	10000	hit	56
pilot1	10	Response	2	929937	70523	1
pilot1	11	Picture	grid	933711	0	1	4065	1	0	4000	other	0
pilot1	11	Picture	61	937776	4065	1	15065	1	4000	15000	other	0
pilot1	11	Picture	maintenance	952841	19130	1	30065	1	19000	30000	other	0
pilot1	11	Nothing	90	982711	49000	1			49000		other	0
pilot1	11	Picture	test	997776	64065	1	45065	1	64000	45000	hit	62
pilot1	11	Response	2	1003569	69857	1
pilot1	11	Response	2	1037131	103420	1
pilot1	12	Picture	grid	1043008	0	1	4065	1	0	4000	other	0
pilot1	12	Picture	60	1047073	4065	1	15065	1	4000	15000	other	0
pilot1	12	Picture	maintenance	1062138	19130	1	30065	1	19000	30000	other	0
pilot1	12	Nothing	65	1092008	49000	1			49000		other	0
pilot1	12	Picture	test	1107073	64065	1	35065	1	64000	35000	miss	0
pilot1	12	Response	2	1112073	69065	1
pilot1	13	Picture	grid	1142305	0	1	4065	1	0	4000	other	0
pilot1	13	Picture	21	1146370	4065	1	15065	1	4000	15000	other	0
pilot1	13	Picture	maintenance	1161435	19130	1	30065	1	19000	30000	other	0
pilot1	13	Nothing	90	1191305	49000	1			49000		other	0
pilot1	13	Picture	test	1206370	64065	1	15065	1	64000	15000	hit	75
pilot1	13	Response	2	1214588	72282	1
pilot1	14	Picture	grid	1221602	0	1	4065	1	0	4000	other	0
pilot1	14	Picture	41	1225667	4065	1	15065	1	4000	15000	other	0
pilot1	14	Picture	maintenance	1240732	19130	1	30065	1	19000	30000	other	0
pilot1	14	Nothing	90	1270602	49000	1			49000		other	0
pilot1	14	Picture	test	1285667	64065	1	15065	1	64000	15000	hit	81
pilot1	14	Response	1	1294462	72860	1
pilot1	15	Picture	grid	1300899	0	1	4065	1	0	4000	other	0
pilot1	15	Picture	60	1304964	4065	1	15065	1	4000	15000	other	0
pilot1	15	Picture	maintenance	1320029	19130	1	30065	1	19000	30000	other	0
pilot1	15	Nothing	65	1349899	49000	1			49000		other	0
pilot1	15	Picture	test	1364964	64065	1	25065	1	64000	25000	hit	87
pilot1	15	Response	2	1369996	69097	1
pilot1	16	Picture	grid	1390196	0	1	4065	1	0	4000	other	0
pilot1	16	Picture	41	1394261	4065	1	15065	1	4000	15000	other	0
pilot1	16	Picture	maintenance	1409326	19130	1	30065	1	19000	30000	other	0
pilot1	16	Nothing	90	1439196	49000	1			49000		other	0
pilot1	16	Picture	test	1454261	64065	1	35065	1	64000	35000	hit	93
pilot1	16	Response	2	1460143	69947	1
pilot1	17	Picture	grid	1489493	0	1	4065	1	0	4000	other	0
pilot1	17	Picture	61	1493558	4065	1	15065	1	4000	15000	other	0
pilot1	17	Picture	maintenance	1508623	19130	1	30065	1	19000	30000	other	0
pilot1	17	Nothing	90	1538493	49000	1			49000		other	0
pilot1	17	Picture	test	1553558	64065	1	15065	1	64000	15000	hit	99
pilot1	17	Response	1	1562096	72603	1
pilot1	18	Picture	grid	1568790	0	1	4065	1	0	4000	other	0
pilot1	18	Picture	41	1572855	4065	1	15065	1	4000	15000	other	0
pilot1	18	Picture	maintenance	1587920	19131	1	30065	1	19000	30000	other	0
pilot1	18	Nothing	90	1617790	49000	1			49000		other	0
pilot1	18	Picture	test	1632855	64065	1	20065	1	64000	20000	hit	105
pilot1	18	Response	1	1638722	69932	1
pilot1	19	Picture	grid	1653087	0	1	4065	1	0	4000	other	0
pilot1	19	Picture	40	1657152	4065	1	15065	1	4000	15000	other	0
pilot1	19	Picture	maintenance	1672217	19130	1	30065	1	19000	30000	other	0
pilot1	19	Nothing	45	1702087	49000	1			49000		other	0
pilot1	19	Picture	test	1717152	64065	1	40065	1	64000	40000	hit	111
pilot1	19	Response	1	1722649	69562	1
pilot1	20	Picture	grid	1757384	0	1	4065	1	0	4000	other	0
pilot1	20	Picture	60	1761449	4065	1	15065	1	4000	15000	other	0
pilot1	20	Picture	maintenance	1776514	19130	1	30065	1	19000	30000	other	0
pilot1	20	Nothing	65	1806384	49000	1			49000		other	0
pilot1	20	Picture	test	1821449	64065	1	60065	1	64000	60000	hit	117
pilot1	20	Response	1	1831788	74405	1
pilot1	21	Picture	grid	1881681	0	1	4065	1	0	4000	other	0
pilot1	21	Picture	61	1885746	4065	1	15065	1	4000	15000	other	0
pilot1	21	Picture	maintenance	1900811	19130	1	30065	1	19000	30000	other	0
pilot1	21	Nothing	90	1930681	49000	1			49000		other	0
pilot1	21	Picture	test	1945746	64065	1	30065	1	64000	30000	hit	123
pilot1	21	Response	2	1952902	71222	1
pilot1	22	Picture	grid	1975978	0	1	4065	1	0	4000	other	0
pilot1	22	Picture	61	1980043	4065	1	15065	1	4000	15000	other	0
pilot1	22	Picture	maintenance	1995108	19130	1	30065	1	19000	30000	other	0
pilot1	22	Nothing	90	2024978	49000	1			49000		other	0
pilot1	22	Picture	test	2040043	64065	1	25065	1	64000	25000	hit	129
pilot1	22	Response	1	2046691	70713	1
pilot1	23	Picture	grid	2065275	0	1	4065	1	0	4000	other	0
pilot1	23	Picture	20	2069340	4065	1	15065	1	4000	15000	other	0
pilot1	23	Picture	maintenance	2084405	19130	1	30065	1	19000	30000	other	0
pilot1	23	Nothing	25	2114275	49000	1			49000		other	0
pilot1	23	Picture	test	2129340	64065	1	15065	1	64000	15000	hit	135
pilot1	23	Response	1	2138009	72735	1
pilot1	24	Picture	grid	2144572	0	1	4065	1	0	4000	other	0
pilot1	24	Picture	40	2148637	4065	1	15065	1	4000	15000	other	0
pilot1	24	Picture	maintenance	2163702	19130	1	30065	1	19000	30000	other	0
pilot1	24	Nothing	45	2193572	49000	1			49000		other	0
pilot1	24	Picture	test	2208637	64065	1	15065	1	64000	15000	hit	141
pilot1	24	Response	1	2214993	70421	1
pilot1	25	Picture	grid	2223869	0	1	4065	1	0	4000	other	0
pilot1	25	Picture	41	2227934	4065	1	15065	1	4000	15000	other	0
pilot1	25	Picture	maintenance	2242999	19130	1	30065	1	19000	30000	other	0
pilot1	25	Nothing	90	2272869	49000	1			49000		other	0
pilot1	25	Picture	test	2287934	64065	1	35065	1	64000	35000	hit	147
pilot1	25	Response	1	2294134	70265	1
pilot1	26	Picture	grid	2323166	0	1	4065	1	0	4000	other	0
pilot1	26	Picture	41	2327231	4065	1	15065	1	4000	15000	other	0
pilot1	26	Picture	maintenance	2342296	19130	1	30178	1	19000	30000	other	0
pilot1	26	Nothing	90	2372166	49000	1			49000		other	0
pilot1	26	Picture	test	2387231	64065	1	25065	1	64000	25000	hit	153
pilot1	26	Response	2	2393073	69907	1
pilot1	27	Picture	grid	2412463	0	1	4065	1	0	4000	other	0
pilot1	27	Picture	40	2416528	4065	1	15065	1	4000	15000	other	0
pilot1	27	Picture	maintenance	2431594	19130	1	30065	1	19000	30000	other	0
pilot1	27	Nothing	45	2461463	49000	1			49000		other	0
pilot1	27	Picture	test	2476528	64065	1	30065	1	64000	30000	hit	159
pilot1	27	Response	2	2481183	68719	1
pilot1	28	Picture	grid	2506760	0	1	4065	1	0	4000	other	0
pilot1	28	Picture	20	2510825	4065	1	15065	1	4000	15000	other	0
pilot1	28	Picture	maintenance	2525890	19130	1	30065	1	19000	30000	other	0
pilot1	28	Nothing	25	2555760	49000	1			49000		other	0
pilot1	28	Picture	test	2570825	64065	1	45065	1	64000	45000	hit	165
pilot1	28	Response	2	2575786	69026	1
pilot1	29	Picture	grid	2616057	0	1	4065	1	0	4000	other	0
pilot1	29	Picture	40	2620122	4065	1	15065	1	4000	15000	other	0
pilot1	29	Picture	maintenance	2635187	19130	1	30065	1	19000	30000	other	0
pilot1	29	Nothing	45	2665057	49000	1			49000		other	0
pilot1	29	Picture	test	2680122	64065	1	45065	1	64000	45000	hit	171
pilot1	29	Response	1	2690019	73962	1
pilot1	30	Picture	grid	2725354	0	1	4065	1	0	4000	other	0
pilot1	30	Picture	61	2729419	4065	1	15065	1	4000	15000	other	0
pilot1	30	Picture	maintenance	2744484	19130	1	30065	1	19000	30000	other	0
pilot1	30	Nothing	90	2774354	49000	1			49000		other	0
pilot1	30	Picture	test	2789419	64065	1	30065	1	64000	30000	hit	177
pilot1	30	Response	2	2796811	71457	1
pilot1	31	Picture	grid	2819651	0	1	4065	1	0	4000	other	0
pilot1	31	Picture	21	2823716	4065	1	15065	1	4000	15000	other	0
pilot1	31	Picture	maintenance	2838781	19130	1	30065	1	19000	30000	other	0
pilot1	31	Nothing	90	2868651	49000	1			49000		other	0
pilot1	31	Picture	test	2883716	64065	1	15065	1	64000	15000	hit	183
pilot1	31	Response	1	2892355	72704	1
pilot1	32	Picture	grid	2898948	0	1	4065	1	0	4000	other	0
pilot1	32	Picture	60	2903013	4065	1	15065	1	4000	15000	other	0
pilot1	32	Picture	maintenance	2918078	19130	1	30065	1	19000	30000	other	0
pilot1	32	Nothing	65	2947948	49000	1			49000		other	0
pilot1	32	Picture	test	2963013	64065	1	15065	1	64000	15000	hit	189
pilot1	32	Response	2	2968783	69835	1
pilot1	33	Picture	grid	2978245	0	1	4065	1	0	4000	other	0
pilot1	33	Picture	20	2982310	4065	1	15065	1	4000	15000	other	0
pilot1	33	Picture	maintenance	2997375	19130	1	30065	1	19000	30000	other	0
pilot1	33	Nothing	25	3027245	49000	1			49000		other	0
pilot1	33	Picture	test	3042310	64065	1	50065	1	64000	50000	hit	195
pilot1	33	Response	1	3050106	71861	1
pilot1	34	Picture	grid	3092542	0	1	4065	1	0	4000	other	0
pilot1	34	Picture	20	3096607	4065	1	15065	1	4000	15000	other	0
pilot1	34	Picture	maintenance	3111672	19130	1	30065	1	19000	30000	other	0
pilot1	34	Nothing	25	3141542	49000	1			49000		other	0
pilot1	34	Picture	test	3156607	64065	1	60065	1	64000	60000	hit	201
pilot1	34	Response	2	3164475	71933	1
pilot1	35	Picture	grid	3216839	0	1	4065	1	0	4000	other	0
pilot1	35	Picture	40	3220904	4065	1	15065	1	4000	15000	other	0
pilot1	35	Picture	maintenance	3235969	19130	1	30065	1	19000	30000	other	0
pilot1	35	Nothing	45	3265839	49000	1			49000		other	0
pilot1	35	Picture	test	3280904	64065	1	45065	1	64000	45000	hit	207
pilot1	35	Response	2	3286459	69620	1
pilot1	36	Picture	grid	3326136	0	1	4065	1	0	4000	other	0
pilot1	36	Picture	60	3330201	4065	1	15065	1	4000	15000	other	0
pilot1	36	Picture	maintenance	3345266	19130	1	30065	1	19000	30000	other	0
pilot1	36	Nothing	65	3375136	49000	1			49000		other	0
pilot1	36	Picture	test	3390201	64065	1	40065	1	64000	40000	miss	0
pilot1	36	Response	2	3398301	72165	1
pilot1	37	Picture	grid	3430433	0	1	4065	1	0	4000	other	0
pilot1	37	Picture	21	3434498	4065	1	15065	1	4000	15000	other	0
pilot1	37	Picture	maintenance	3449563	19130	1	30065	1	19000	30000	other	0
pilot1	37	Nothing	90	3479433	49000	1			49000		other	0
pilot1	37	Picture	test	3494498	64065	1	15065	1	64000	15000	hit	219
pilot1	37	Response	2	3507371	76938	1
