Scenario - loca_mvis
Logfile written - 05/17/2018 11:24:39

Subject	Trial	Event Type	Code	Time	TTime	Uncertainty	Duration	Uncertainty	ReqTime	ReqDur	Stim Type	Pair Index

MRI_pilot_1	0	Pulse	255	685555	685555	0
MRI_pilot_1	1	Picture	p_startup	685782	0	1	88226	1	0	88000	other	0
MRI_pilot_1	1	Pulse	255	705555	19774	0
MRI_pilot_1	1	Pulse	255	725555	39774	0
MRI_pilot_1	1	Pulse	255	745555	59774	0
MRI_pilot_1	1	Pulse	255	765555	79773	0
MRI_pilot_1	2	Picture	grid	774174	0	1	4226	1	0	4000	other	0
MRI_pilot_1	2	Picture	61	778400	4226	1	15226	1	4000	15000	other	0
MRI_pilot_1	2	Pulse	255	785555	11381	0
MRI_pilot_1	2	Picture	maintenance	793626	19452	1	30226	1	19000	30000	other	0
MRI_pilot_1	2	Pulse	255	805556	31382	0
MRI_pilot_1	2	Nothing	90	823174	49000	1			49000		other	0
MRI_pilot_1	2	Pulse	255	825556	51381	0
MRI_pilot_1	2	Picture	test	838400	64226	1	15226	1	64000	15000	hit	16
MRI_pilot_1	2	Pulse	255	845556	71381	0
MRI_pilot_1	2	Response	1	848846	74671	1
MRI_pilot_1	3	Picture	grid	853793	0	1	4226	1	0	4000	other	0
MRI_pilot_1	3	Picture	20	858019	4226	1	15226	1	4000	15000	other	0
MRI_pilot_1	3	Pulse	255	865556	11763	0
MRI_pilot_1	3	Picture	maintenance	873244	19452	1	30226	1	19000	30000	other	0
MRI_pilot_1	3	Pulse	255	885556	31763	0
MRI_pilot_1	3	Nothing	25	902793	49000	1			49000		other	0
MRI_pilot_1	3	Pulse	255	905555	51763	0
MRI_pilot_1	3	Picture	test	918019	64226	1	25226	1	64000	25000	hit	25
MRI_pilot_1	3	Response	1	924596	70804	1
MRI_pilot_1	3	Pulse	255	925555	71762	0
MRI_pilot_1	4	Picture	grid	943411	0	1	4226	1	0	4000	other	0
MRI_pilot_1	4	Pulse	255	945556	2145	0
MRI_pilot_1	4	Picture	20	947637	4226	1	15226	1	4000	15000	other	0
MRI_pilot_1	4	Picture	maintenance	962863	19451	1	30226	1	19000	30000	other	0
MRI_pilot_1	4	Pulse	255	965555	22144	0
MRI_pilot_1	4	Pulse	255	985556	42145	0
MRI_pilot_1	4	Nothing	25	992411	49000	1			49000		other	0
MRI_pilot_1	4	Pulse	255	1005556	62145	0
MRI_pilot_1	4	Picture	test	1007637	64226	1	45226	1	64000	45000	hit	36
MRI_pilot_1	4	Response	2	1014866	71455	1
MRI_pilot_1	4	Pulse	255	1025556	82144	0
MRI_pilot_1	4	Pulse	255	1045556	102144	0
MRI_pilot_1	5	Picture	grid	1053029	0	1	4226	1	0	4000	other	0
MRI_pilot_1	5	Picture	41	1057255	4226	1	15226	1	4000	15000	other	0
MRI_pilot_1	5	Pulse	255	1065556	12527	0
MRI_pilot_1	5	Picture	maintenance	1072481	19452	1	30226	1	19000	30000	other	0
MRI_pilot_1	5	Pulse	255	1085555	32526	0
MRI_pilot_1	5	Nothing	90	1102029	49000	1			49000		other	0
MRI_pilot_1	5	Pulse	255	1105557	52527	0
MRI_pilot_1	5	Picture	test	1117255	64226	1	60226	1	64000	60000	miss	0
MRI_pilot_1	5	Pulse	255	1125556	72527	0
MRI_pilot_1	5	Response	1	1128296	75266	1
MRI_pilot_1	5	Pulse	255	1145557	92527	0
MRI_pilot_1	5	Pulse	255	1165556	112527	0
MRI_pilot_1	6	Picture	grid	1177648	0	1	4226	1	0	4000	other	0
MRI_pilot_1	6	Picture	21	1181873	4226	1	15226	1	4000	15000	other	0
MRI_pilot_1	6	Pulse	255	1185556	7908	0
MRI_pilot_1	6	Picture	maintenance	1197099	19452	1	30226	1	19000	30000	other	0
MRI_pilot_1	6	Pulse	255	1205557	27909	0
MRI_pilot_1	6	Pulse	255	1225556	47908	0
MRI_pilot_1	6	Nothing	90	1226648	49000	1			49000		other	0
MRI_pilot_1	6	Picture	test	1241873	64226	1	20226	1	64000	20000	hit	60
MRI_pilot_1	6	Pulse	255	1245557	67909	0
MRI_pilot_1	6	Response	1	1250247	72599	1
MRI_pilot_1	7	Picture	grid	1262266	0	1	4226	1	0	4000	other	0
MRI_pilot_1	7	Pulse	255	1265557	3291	0
MRI_pilot_1	7	Picture	40	1266491	4226	1	15226	1	4000	15000	other	0
MRI_pilot_1	7	Picture	maintenance	1281717	19451	1	30226	1	19000	30000	other	0
MRI_pilot_1	7	Pulse	255	1285556	23290	0
MRI_pilot_1	7	Pulse	255	1305557	43291	0
MRI_pilot_1	7	Nothing	45	1311266	49000	1			49000		other	0
MRI_pilot_1	7	Pulse	255	1325557	63291	0
MRI_pilot_1	7	Picture	test	1326492	64226	1	15226	1	64000	15000	hit	70
MRI_pilot_1	7	Response	2	1335227	72961	1
MRI_pilot_1	8	Picture	grid	1341884	0	1	4226	1	0	4000	other	0
MRI_pilot_1	8	Pulse	255	1345557	3673	0
MRI_pilot_1	8	Picture	21	1346110	4226	1	15226	1	4000	15000	other	0
MRI_pilot_1	8	Picture	maintenance	1361336	19452	1	30226	1	19000	30000	other	0
MRI_pilot_1	8	Pulse	255	1365557	23673	0
MRI_pilot_1	8	Pulse	255	1385557	43673	0
MRI_pilot_1	8	Nothing	90	1390884	49000	1			49000		other	0
MRI_pilot_1	8	Pulse	255	1405557	63673	0
MRI_pilot_1	8	Picture	test	1406110	64226	1	15226	1	64000	15000	hit	80
MRI_pilot_1	8	Response	1	1414627	72743	1
MRI_pilot_1	9	Picture	grid	1421502	0	1	4226	1	0	4000	other	0
MRI_pilot_1	9	Pulse	255	1425578	4075	0
MRI_pilot_1	9	Picture	60	1425728	4226	1	15226	1	4000	15000	other	0
MRI_pilot_1	9	Picture	maintenance	1440954	19451	1	30226	1	19000	30000	other	0
MRI_pilot_1	9	Pulse	255	1445557	24055	0
MRI_pilot_1	9	Pulse	255	1465558	44055	0
MRI_pilot_1	9	Nothing	65	1470502	49000	1			49000		other	0
MRI_pilot_1	9	Pulse	255	1485578	64076	0
MRI_pilot_1	9	Picture	test	1485728	64226	1	45226	1	64000	45000	hit	90
MRI_pilot_1	9	Response	2	1493228	71726	1
MRI_pilot_1	9	Pulse	255	1505558	84055	0
MRI_pilot_1	9	Pulse	255	1525558	104056	0
MRI_pilot_1	10	Picture	grid	1531120	0	1	4226	1	0	4000	other	0
MRI_pilot_1	10	Picture	21	1535346	4226	1	15226	1	4000	15000	other	0
MRI_pilot_1	10	Pulse	255	1545558	14437	0
MRI_pilot_1	10	Picture	maintenance	1550572	19452	1	30226	1	19000	30000	other	0
MRI_pilot_1	10	Pulse	255	1565557	34437	0
MRI_pilot_1	10	Nothing	90	1580120	49000	1			49000		other	0
MRI_pilot_1	10	Pulse	255	1585558	54437	0
MRI_pilot_1	10	Picture	test	1595346	64226	1	10226	1	64000	10000	hit	101
MRI_pilot_1	10	Response	2	1603918	72797	1
MRI_pilot_1	10	Pulse	255	1605558	74438	0
MRI_pilot_1	11	Picture	grid	1605739	0	1	4226	1	0	4000	other	0
MRI_pilot_1	11	Picture	61	1609964	4226	1	15226	1	4000	15000	other	0
MRI_pilot_1	11	Picture	maintenance	1625190	19452	1	30226	1	19000	30000	other	0
MRI_pilot_1	11	Pulse	255	1625557	19819	0
MRI_pilot_1	11	Pulse	255	1645558	39819	0
MRI_pilot_1	11	Nothing	90	1654739	49000	1			49000		other	0
MRI_pilot_1	11	Pulse	255	1665557	59819	0
MRI_pilot_1	11	Picture	test	1669964	64226	1	45226	1	64000	45000	hit	111
MRI_pilot_1	11	Response	2	1678138	72399	1
MRI_pilot_1	11	Pulse	255	1685558	79819	0
MRI_pilot_1	11	Pulse	255	1705557	99819	0
MRI_pilot_1	12	Picture	grid	1715357	0	1	4226	1	0	4000	other	0
MRI_pilot_1	12	Picture	60	1719583	4226	1	15226	1	4000	15000	other	0
MRI_pilot_1	12	Pulse	255	1725558	10201	0
MRI_pilot_1	12	Picture	maintenance	1734808	19451	1	30226	1	19000	30000	other	0
MRI_pilot_1	12	Pulse	255	1745558	30201	0
MRI_pilot_1	12	Nothing	65	1764357	49000	1			49000		other	0
MRI_pilot_1	12	Pulse	255	1765558	50201	0
MRI_pilot_1	12	Picture	test	1779583	64226	1	35226	1	64000	35000	hit	123
MRI_pilot_1	12	Pulse	255	1785558	70201	0
MRI_pilot_1	12	Response	1	1788288	72931	1
MRI_pilot_1	12	Pulse	255	1805558	90201	0
MRI_pilot_1	13	Picture	grid	1814975	0	1	4226	1	0	4000	other	0
MRI_pilot_1	13	Picture	21	1819201	4226	1	15226	1	4000	15000	other	0
MRI_pilot_1	13	Pulse	255	1825558	10583	0
MRI_pilot_1	13	Picture	maintenance	1834427	19452	1	30226	1	19000	30000	other	0
MRI_pilot_1	13	Pulse	255	1845559	30583	0
MRI_pilot_1	13	Nothing	90	1863975	49000	1			49000		other	0
MRI_pilot_1	13	Pulse	255	1865558	50582	0
MRI_pilot_1	13	Picture	test	1879201	64226	1	15226	1	64000	15000	hit	134
MRI_pilot_1	13	Pulse	255	1885558	70583	0
MRI_pilot_1	13	Response	2	1889429	74453	1
MRI_pilot_1	14	Picture	grid	1894594	0	1	4226	1	0	4000	other	0
MRI_pilot_1	14	Picture	41	1898820	4226	1	15226	1	4000	15000	other	0
MRI_pilot_1	14	Pulse	255	1905558	10964	0
MRI_pilot_1	14	Picture	maintenance	1914045	19451	1	30226	1	19000	30000	other	0
MRI_pilot_1	14	Pulse	255	1925558	30965	0
MRI_pilot_1	14	Nothing	90	1943594	49000	1			49000		other	0
MRI_pilot_1	14	Pulse	255	1945558	50965	0
MRI_pilot_1	14	Picture	test	1958820	64226	1	15226	1	64000	15000	hit	144
MRI_pilot_1	14	Pulse	255	1965558	70964	0
MRI_pilot_1	14	Response	1	1972359	77765	1
MRI_pilot_1	15	Picture	grid	1974212	0	1	4226	1	0	4000	other	0
MRI_pilot_1	15	Picture	60	1978438	4226	1	15226	1	4000	15000	other	0
MRI_pilot_1	15	Pulse	255	1985558	11346	0
MRI_pilot_1	15	Picture	maintenance	1993663	19451	1	30226	1	19000	30000	other	0
MRI_pilot_1	15	Pulse	255	2005558	31346	0
MRI_pilot_1	15	Nothing	65	2023212	49000	1			49000		other	0
MRI_pilot_1	15	Pulse	255	2025558	51346	0
MRI_pilot_1	15	Picture	test	2038438	64226	1	25226	1	64000	25000	hit	154
MRI_pilot_1	15	Pulse	255	2045558	71346	0
MRI_pilot_1	15	Response	2	2046428	72216	1
MRI_pilot_1	16	Picture	grid	2063830	0	1	4226	1	0	4000	other	0
MRI_pilot_1	16	Pulse	255	2065559	1728	0
MRI_pilot_1	16	Picture	41	2068056	4226	1	15226	1	4000	15000	other	0
MRI_pilot_1	16	Picture	maintenance	2083282	19452	1	30226	1	19000	30000	other	0
MRI_pilot_1	16	Pulse	255	2085559	21728	0
MRI_pilot_1	16	Pulse	255	2105558	41728	0
MRI_pilot_1	16	Nothing	90	2112830	49000	1			49000		other	0
MRI_pilot_1	16	Pulse	255	2125558	61728	0
MRI_pilot_1	16	Picture	test	2128056	64226	1	35226	1	64000	35000	hit	164
MRI_pilot_1	16	Response	2	2136529	72699	1
MRI_pilot_1	16	Pulse	255	2145559	81728	0
MRI_pilot_1	17	Picture	grid	2163449	0	1	4226	1	0	4000	other	0
MRI_pilot_1	17	Pulse	255	2165559	2110	0
MRI_pilot_1	17	Picture	61	2167674	4226	1	15226	1	4000	15000	other	0
MRI_pilot_1	17	Picture	maintenance	2182900	19452	1	30226	1	19000	30000	other	0
MRI_pilot_1	17	Pulse	255	2185558	22110	0
MRI_pilot_1	17	Pulse	255	2205559	42110	0
MRI_pilot_1	17	Nothing	90	2212449	49000	1			49000		other	0
MRI_pilot_1	17	Pulse	255	2225559	62110	0
MRI_pilot_1	17	Picture	test	2227674	64226	1	15226	1	64000	15000	hit	175
MRI_pilot_1	17	Response	1	2239729	76280	1
MRI_pilot_1	18	Picture	grid	2243067	0	1	4226	1	0	4000	other	0
MRI_pilot_1	18	Pulse	255	2245559	2492	0
MRI_pilot_1	18	Picture	41	2247293	4226	1	15226	1	4000	15000	other	0
MRI_pilot_1	18	Picture	maintenance	2262519	19452	1	30226	1	19000	30000	other	0
MRI_pilot_1	18	Pulse	255	2265558	22491	0
MRI_pilot_1	18	Pulse	255	2285559	42492	0
MRI_pilot_1	18	Nothing	90	2292067	49000	1			49000		other	0
MRI_pilot_1	18	Pulse	255	2305559	62492	0
MRI_pilot_1	18	Picture	test	2307293	64226	1	20226	1	64000	20000	hit	185
MRI_pilot_1	18	Response	1	2315869	72802	1
MRI_pilot_1	18	Pulse	255	2325559	82492	0
MRI_pilot_1	19	Picture	grid	2327685	0	1	4226	1	0	4000	other	0
MRI_pilot_1	19	Picture	40	2331911	4226	1	15226	1	4000	15000	other	0
MRI_pilot_1	19	Pulse	255	2345559	17874	0
MRI_pilot_1	19	Picture	maintenance	2347137	19452	1	30226	1	19000	30000	other	0
MRI_pilot_1	19	Pulse	255	2365559	37874	0
MRI_pilot_1	19	Nothing	45	2376685	49000	1			49000		other	0
MRI_pilot_1	19	Pulse	255	2385559	57874	0
MRI_pilot_1	19	Picture	test	2391911	64226	1	40226	1	64000	40000	hit	195
MRI_pilot_1	19	Response	1	2398908	71223	1
MRI_pilot_1	19	Pulse	255	2405560	77875	0
MRI_pilot_1	19	Pulse	255	2425559	97874	0
MRI_pilot_1	20	Picture	grid	2432303	0	1	4226	1	0	4000	other	0
MRI_pilot_1	20	Picture	60	2436529	4226	1	15226	1	4000	15000	other	0
MRI_pilot_1	20	Pulse	255	2445559	13256	0
MRI_pilot_1	20	Picture	maintenance	2451755	19451	1	30226	1	19000	30000	other	0
MRI_pilot_1	20	Pulse	255	2465559	33256	0
MRI_pilot_1	20	Nothing	65	2481303	49000	1			49000		other	0
MRI_pilot_1	20	Pulse	255	2485559	53256	0
MRI_pilot_1	20	Picture	test	2496529	64226	1	60226	1	64000	60000	hit	206
MRI_pilot_1	20	Response	1	2504910	72607	1
MRI_pilot_1	20	Pulse	255	2505559	73255	0
MRI_pilot_1	20	Pulse	255	2525560	93256	0
MRI_pilot_1	20	Pulse	255	2545560	113257	0
MRI_pilot_1	21	Picture	grid	2556921	0	1	4226	1	0	4000	other	0
MRI_pilot_1	21	Picture	61	2561147	4226	1	15226	1	4000	15000	other	0
MRI_pilot_1	21	Pulse	255	2565560	8638	0
MRI_pilot_1	21	Picture	maintenance	2576373	19452	1	30226	1	19000	30000	other	0
MRI_pilot_1	21	Pulse	255	2585560	28639	0
MRI_pilot_1	21	Pulse	255	2605560	48639	0
MRI_pilot_1	21	Nothing	90	2605921	49000	1			49000		other	0
MRI_pilot_1	21	Picture	test	2621148	64226	1	30226	1	64000	30000	hit	219
MRI_pilot_1	21	Pulse	255	2625560	68639	0
MRI_pilot_1	21	Response	2	2629300	72378	1
MRI_pilot_1	21	Pulse	255	2645559	88638	0
MRI_pilot_1	22	Picture	grid	2651540	0	1	4226	1	0	4000	other	0
MRI_pilot_1	22	Picture	61	2655766	4226	1	15226	1	4000	15000	other	0
MRI_pilot_1	22	Pulse	255	2665559	14019	0
MRI_pilot_1	22	Picture	maintenance	2670991	19451	1	30226	1	19000	30000	other	0
MRI_pilot_1	22	Pulse	255	2685560	34020	0
MRI_pilot_1	22	Nothing	90	2700540	49000	1			49000		other	0
MRI_pilot_1	22	Pulse	255	2705559	54019	0
MRI_pilot_1	22	Picture	test	2715766	64226	1	25226	1	64000	25000	hit	229
MRI_pilot_1	22	Response	1	2723960	72420	1
MRI_pilot_1	22	Pulse	255	2725560	74020	0
MRI_pilot_1	23	Picture	grid	2741158	0	1	4226	1	0	4000	other	0
MRI_pilot_1	23	Picture	20	2745384	4226	1	15226	1	4000	15000	other	0
MRI_pilot_1	23	Pulse	255	2745561	4402	0
MRI_pilot_1	23	Picture	maintenance	2760610	19451	1	30226	1	19000	30000	other	0
MRI_pilot_1	23	Pulse	255	2765561	24402	0
MRI_pilot_1	23	Pulse	255	2785561	44402	0
MRI_pilot_1	23	Nothing	25	2790158	49000	1			49000		other	0
MRI_pilot_1	23	Picture	test	2805384	64226	1	15226	1	64000	15000	hit	240
MRI_pilot_1	23	Pulse	255	2805560	64402	0
MRI_pilot_1	23	Response	1	2811811	70652	1
MRI_pilot_1	24	Picture	grid	2820777	0	1	4226	1	0	4000	other	0
MRI_pilot_1	24	Picture	40	2825003	4226	1	15226	1	4000	15000	other	0
MRI_pilot_1	24	Pulse	255	2825560	4784	0
MRI_pilot_1	24	Picture	maintenance	2840228	19452	1	30226	1	19000	30000	other	0
MRI_pilot_1	24	Pulse	255	2845561	24784	0
MRI_pilot_1	24	Pulse	255	2865551	44774	0
MRI_pilot_1	24	Nothing	45	2869777	49000	1			49000		other	0
MRI_pilot_1	24	Picture	test	2885003	64226	1	15226	1	64000	15000	hit	250
MRI_pilot_1	24	Pulse	255	2885551	64774	0
MRI_pilot_1	24	Response	1	2894711	73934	1
MRI_pilot_1	25	Picture	grid	2900395	0	1	4226	1	0	4000	other	0
MRI_pilot_1	25	Picture	41	2904621	4226	1	15226	1	4000	15000	other	0
MRI_pilot_1	25	Pulse	255	2905550	5155	0
MRI_pilot_1	25	Picture	maintenance	2919847	19452	1	30226	1	19000	30000	other	0
MRI_pilot_1	25	Pulse	255	2925550	25155	0
MRI_pilot_1	25	Pulse	255	2945551	45156	0
MRI_pilot_1	25	Nothing	90	2949395	49000	1			49000		other	0
MRI_pilot_1	25	Picture	test	2964621	64226	1	35226	1	64000	35000	hit	260
MRI_pilot_1	25	Pulse	255	2965550	65155	0
MRI_pilot_1	25	Response	1	2971311	70915	1
MRI_pilot_1	25	Pulse	255	2985550	85155	0
MRI_pilot_1	26	Picture	grid	3000014	0	1	4226	1	0	4000	other	0
MRI_pilot_1	26	Picture	41	3004239	4226	1	15226	1	4000	15000	other	0
MRI_pilot_1	26	Pulse	255	3005550	5537	0
MRI_pilot_1	26	Picture	maintenance	3019465	19452	1	30226	1	19000	30000	other	0
MRI_pilot_1	26	Pulse	255	3025550	25537	0
MRI_pilot_1	26	Pulse	255	3045551	45538	0
MRI_pilot_1	26	Nothing	90	3049014	49000	1			49000		other	0
MRI_pilot_1	26	Picture	test	3064239	64226	1	25226	1	64000	25000	hit	271
MRI_pilot_1	26	Pulse	255	3065551	65537	0
MRI_pilot_1	26	Response	2	3074411	74398	1
MRI_pilot_1	26	Pulse	255	3085550	85537	0
MRI_pilot_1	27	Picture	grid	3089632	0	1	4226	1	0	4000	other	0
MRI_pilot_1	27	Picture	40	3093858	4226	1	15226	1	4000	15000	other	0
MRI_pilot_1	27	Pulse	255	3105551	15919	0
MRI_pilot_1	27	Picture	maintenance	3109084	19452	1	30226	1	19000	30000	other	0
MRI_pilot_1	27	Pulse	255	3125551	35919	0
MRI_pilot_1	27	Nothing	45	3138632	49000	1			49000		other	0
MRI_pilot_1	27	Pulse	255	3145551	55919	0
MRI_pilot_1	27	Picture	test	3153858	64226	1	30226	1	64000	30000	hit	281
MRI_pilot_1	27	Response	2	3162331	72699	1
MRI_pilot_1	27	Pulse	255	3165551	75919	0
MRI_pilot_1	28	Picture	grid	3184251	0	1	4226	1	0	4000	other	0
MRI_pilot_1	28	Pulse	255	3185551	1300	0
MRI_pilot_1	28	Picture	20	3188477	4226	1	15226	1	4000	15000	other	0
MRI_pilot_1	28	Picture	maintenance	3203703	19452	1	30226	1	19000	30000	other	0
MRI_pilot_1	28	Pulse	255	3205551	21300	0
MRI_pilot_1	28	Pulse	255	3225552	41301	0
MRI_pilot_1	28	Nothing	25	3233251	49000	1			49000		other	0
MRI_pilot_1	28	Pulse	255	3245551	61301	0
MRI_pilot_1	28	Picture	test	3248477	64226	1	45226	1	64000	45000	hit	292
MRI_pilot_1	28	Response	2	3258591	74341	1
MRI_pilot_1	28	Pulse	255	3265551	81301	0
MRI_pilot_1	28	Pulse	255	3285552	101301	0
MRI_pilot_1	29	Picture	grid	3293869	0	1	4226	1	0	4000	other	0
MRI_pilot_1	29	Picture	40	3298095	4226	1	15226	1	4000	15000	other	0
MRI_pilot_1	29	Pulse	255	3305551	11682	0
MRI_pilot_1	29	Picture	maintenance	3313321	19452	1	30226	1	19000	30000	other	0
MRI_pilot_1	29	Pulse	255	3325552	31683	0
MRI_pilot_1	29	Nothing	45	3342869	49000	1			49000		other	0
MRI_pilot_1	29	Pulse	255	3345552	51683	0
MRI_pilot_1	29	Picture	test	3358095	64226	1	45226	1	64000	45000	hit	304
MRI_pilot_1	29	Pulse	255	3365551	71682	0
MRI_pilot_1	29	Response	1	3369832	75963	1
MRI_pilot_1	29	Pulse	255	3385551	91682	0
MRI_pilot_1	30	Picture	grid	3403487	0	1	4226	1	0	4000	other	0
MRI_pilot_1	30	Pulse	255	3405551	2064	0
MRI_pilot_1	30	Picture	61	3407713	4226	1	15226	1	4000	15000	other	0
MRI_pilot_1	30	Picture	maintenance	3422939	19452	1	30226	1	19000	30000	other	0
MRI_pilot_1	30	Pulse	255	3425552	22065	0
MRI_pilot_1	30	Pulse	255	3445552	42064	0
MRI_pilot_1	30	Nothing	90	3452487	49000	1			49000		other	0
MRI_pilot_1	30	Pulse	255	3465551	62063	0
MRI_pilot_1	30	Picture	test	3467713	64226	1	30226	1	64000	30000	hit	315
MRI_pilot_1	30	Response	2	3477041	73554	1
MRI_pilot_1	30	Pulse	255	3485552	82064	0
MRI_pilot_1	31	Picture	grid	3498106	0	1	4226	1	0	4000	other	0
MRI_pilot_1	31	Picture	21	3502331	4226	1	15226	1	4000	15000	other	0
MRI_pilot_1	31	Pulse	255	3505551	7445	0
MRI_pilot_1	31	Picture	maintenance	3517557	19452	1	30226	1	19000	30000	other	0
MRI_pilot_1	31	Pulse	255	3525552	27446	0
MRI_pilot_1	31	Pulse	255	3545552	47446	0
MRI_pilot_1	31	Nothing	90	3547106	49000	1			49000		other	0
MRI_pilot_1	31	Picture	test	3562331	64226	1	15226	1	64000	15000	hit	326
MRI_pilot_1	31	Pulse	255	3565552	67446	0
MRI_pilot_1	31	Response	1	3568282	70177	1
MRI_pilot_1	32	Picture	grid	3577724	0	1	4226	1	0	4000	other	0
MRI_pilot_1	32	Picture	60	3581950	4226	1	15226	1	4000	15000	other	0
MRI_pilot_1	32	Pulse	255	3585552	7828	0
MRI_pilot_1	32	Picture	maintenance	3597175	19451	1	30226	1	19000	30000	other	0
MRI_pilot_1	32	Pulse	255	3605552	27828	0
MRI_pilot_1	32	Pulse	255	3625552	47828	0
MRI_pilot_1	32	Nothing	65	3626724	49000	1			49000		other	0
MRI_pilot_1	32	Picture	test	3641950	64226	1	15226	1	64000	15000	hit	336
MRI_pilot_1	32	Pulse	255	3645552	67829	0
MRI_pilot_1	32	Response	2	3651383	73659	1
MRI_pilot_1	33	Picture	grid	3657342	0	1	4226	1	0	4000	other	0
MRI_pilot_1	33	Picture	20	3661568	4226	1	15226	1	4000	15000	other	0
MRI_pilot_1	33	Pulse	255	3665552	8210	0
MRI_pilot_1	33	Picture	maintenance	3676794	19452	1	30226	1	19000	30000	other	0
MRI_pilot_1	33	Pulse	255	3685552	28210	0
MRI_pilot_1	33	Pulse	255	3705553	48211	0
MRI_pilot_1	33	Nothing	25	3706342	49000	1			49000		other	0
MRI_pilot_1	33	Picture	test	3721568	64226	1	50226	1	64000	50000	hit	346
MRI_pilot_1	33	Pulse	255	3725552	68210	0
MRI_pilot_1	33	Response	1	3730862	73520	1
MRI_pilot_1	33	Pulse	255	3745553	88211	0
MRI_pilot_1	33	Pulse	255	3765552	108210	0
MRI_pilot_1	34	Picture	grid	3771960	0	1	4226	1	0	4000	other	0
MRI_pilot_1	34	Picture	20	3776186	4226	1	15226	1	4000	15000	other	0
MRI_pilot_1	34	Pulse	255	3785553	13593	0
MRI_pilot_1	34	Picture	maintenance	3791412	19452	1	30225	1	19000	30000	other	0
MRI_pilot_1	34	Pulse	255	3805553	33593	0
MRI_pilot_1	34	Nothing	25	3820960	49000	1			49000		other	0
MRI_pilot_1	34	Pulse	255	3825553	53593	0
MRI_pilot_1	34	Picture	test	3836186	64226	1	60226	1	64000	60000	hit	357
MRI_pilot_1	34	Response	2	3843143	71183	1
MRI_pilot_1	34	Pulse	255	3845553	73592	0
MRI_pilot_1	34	Pulse	255	3865552	93592	0
MRI_pilot_1	34	Pulse	255	3885553	113593	0
MRI_pilot_1	35	Picture	grid	3896579	0	1	4226	1	0	4000	other	0
MRI_pilot_1	35	Picture	40	3900804	4226	1	15226	1	4000	15000	other	0
MRI_pilot_1	35	Pulse	255	3905553	8974	0
MRI_pilot_1	35	Picture	maintenance	3916030	19452	1	30226	1	19000	30000	other	0
MRI_pilot_1	35	Pulse	255	3925552	28974	0
MRI_pilot_1	35	Pulse	255	3945553	48974	0
MRI_pilot_1	35	Nothing	45	3945579	49000	1			49000		other	0
MRI_pilot_1	35	Picture	test	3960804	64226	1	45226	1	64000	45000	hit	370
MRI_pilot_1	35	Pulse	255	3965553	68975	0
MRI_pilot_1	35	Response	2	3968632	72054	1
MRI_pilot_1	35	Pulse	255	3985554	88975	0
MRI_pilot_1	35	Pulse	255	4005553	108975	0
MRI_pilot_1	36	Picture	grid	4006197	0	1	4226	1	0	4000	other	0
MRI_pilot_1	36	Picture	60	4010423	4226	1	15226	1	4000	15000	other	0
MRI_pilot_1	36	Pulse	255	4025553	19357	0
MRI_pilot_1	36	Picture	maintenance	4025648	19452	1	30226	1	19000	30000	other	0
MRI_pilot_1	36	Pulse	255	4045553	39356	0
MRI_pilot_1	36	Nothing	65	4055197	49000	1			49000		other	0
MRI_pilot_1	36	Pulse	255	4065553	59356	0
MRI_pilot_1	36	Picture	test	4070423	64226	1	40226	1	64000	40000	hit	381
MRI_pilot_1	36	Response	1	4082873	76676	1
MRI_pilot_1	36	Pulse	255	4085554	79357	0
MRI_pilot_1	36	Pulse	255	4105552	99355	0
MRI_pilot_1	37	Picture	grid	4110816	0	1	4226	1	0	4000	other	0
MRI_pilot_1	37	Picture	21	4115041	4226	1	15226	1	4000	15000	other	0
MRI_pilot_1	37	Pulse	255	4125554	14738	0
MRI_pilot_1	37	Picture	maintenance	4130267	19451	1	30226	1	19000	30000	other	0
MRI_pilot_1	37	Pulse	255	4145552	34737	0
MRI_pilot_1	37	Nothing	90	4159816	49000	1			49000		other	0
MRI_pilot_1	37	Pulse	255	4165553	54737	0
MRI_pilot_1	37	Picture	test	4175041	64226	1	15226	1	64000	15000	hit	392
MRI_pilot_1	37	Response	2	4183134	72318	1
MRI_pilot_1	37	Pulse	255	4185553	74738	0
