Scenario - loca_mvis
Logfile written - 05/17/2018 16:41:56

Subject	Trial	Event Type	Code	Time	TTime	Uncertainty	Duration	Uncertainty	ReqTime	ReqDur	Stim Type	Pair Index

phantom-01	0	Pulse	255	530262	530262	0
phantom-01	1	Picture	p_startup	530490	0	1	88226	1	0	88000	other	0
phantom-01	1	Pulse	255	550262	19773	0
phantom-01	1	Pulse	255	570262	39773	0
phantom-01	1	Pulse	255	590262	59772	0
phantom-01	1	Pulse	255	610262	79772	0
phantom-01	2	Picture	grid	618882	0	1	4226	1	0	4000	other	0
phantom-01	2	Picture	61	623109	4226	1	15226	1	4000	15000	other	0
phantom-01	2	Pulse	255	630263	11380	0
phantom-01	2	Picture	maintenance	638334	19452	1	30226	1	19000	30000	other	0
phantom-01	2	Pulse	255	650263	31380	0
phantom-01	2	Nothing	90	667882	49000	1			49000		other	0
phantom-01	2	Pulse	255	670262	51380	0
phantom-01	2	Picture	test	683108	64226	1	15226	1	64000	15000	miss	0
phantom-01	2	Pulse	255	690262	71380	0
phantom-01	3	Picture	grid	698501	0	1	4226	1	0	4000	other	0
phantom-01	3	Picture	20	702726	4226	1	15226	1	4000	15000	other	0
phantom-01	3	Pulse	255	710263	11762	0
phantom-01	3	Picture	maintenance	717952	19451	1	30226	1	19000	30000	other	0
phantom-01	3	Pulse	255	730263	31762	0
phantom-01	3	Nothing	25	747501	49000	1			49000		other	0
phantom-01	3	Pulse	255	750263	51762	0
phantom-01	3	Picture	test	762727	64226	1	25226	1	64000	25000	miss	0
phantom-01	3	Pulse	255	770263	71762	0
phantom-01	4	Picture	grid	788119	0	1	4226	1	0	4000	other	0
phantom-01	4	Pulse	255	790263	2144	0
phantom-01	4	Picture	20	792345	4226	1	15226	1	4000	15000	other	0
phantom-01	4	Picture	maintenance	807570	19451	1	30226	1	19000	30000	other	0
phantom-01	4	Pulse	255	810263	22144	0
phantom-01	4	Pulse	255	830263	42144	0
phantom-01	4	Nothing	25	837119	49000	1			49000		other	0
phantom-01	4	Pulse	255	850263	62144	0
phantom-01	4	Picture	test	852345	64226	1	45226	1	64000	45000	miss	0
phantom-01	4	Pulse	255	870263	82144	0
phantom-01	4	Pulse	255	890263	102144	0
phantom-01	5	Picture	grid	897737	0	1	4226	1	0	4000	other	0
phantom-01	5	Picture	41	901963	4226	1	15226	1	4000	15000	other	0
phantom-01	5	Pulse	255	910263	12526	0
phantom-01	5	Picture	maintenance	917189	19452	1	30226	1	19000	30000	other	0
phantom-01	5	Pulse	255	930263	32526	0
phantom-01	5	Nothing	90	946737	49000	1			49000		other	0
phantom-01	5	Pulse	255	950264	52527	0
phantom-01	5	Picture	test	961963	64226	1	60226	1	64000	60000	miss	0
phantom-01	5	Pulse	255	970263	72526	0
phantom-01	5	Pulse	255	990264	92527	0
phantom-01	5	Pulse	255	1010264	112527	0
phantom-01	6	Picture	grid	1022356	0	1	4226	1	0	4000	other	0
phantom-01	6	Picture	21	1026581	4226	1	15226	1	4000	15000	other	0
phantom-01	6	Pulse	255	1030264	7908	0
phantom-01	6	Picture	maintenance	1041807	19452	1	30226	1	19000	30000	other	0
phantom-01	6	Pulse	255	1050264	27908	0
phantom-01	6	Pulse	255	1070264	47908	0
phantom-01	6	Nothing	90	1071356	49000	1			49000		other	0
phantom-01	6	Picture	test	1086521	64165	1	20226	1	64000	20000	miss	0
phantom-01	6	Pulse	255	1090264	67908	0
phantom-01	7	Picture	grid	1106914	0	1	4226	1	0	4000	other	0
phantom-01	7	Pulse	255	1110263	3350	0
phantom-01	7	Picture	40	1111139	4226	1	15226	1	4000	15000	other	0
phantom-01	7	Picture	maintenance	1126365	19452	1	30226	1	19000	30000	other	0
phantom-01	7	Pulse	255	1130264	23350	0
phantom-01	7	Pulse	255	1150264	43351	0
phantom-01	7	Nothing	45	1155914	49000	1			49000		other	0
phantom-01	7	Pulse	255	1170263	63350	0
phantom-01	7	Picture	test	1171139	64226	1	15226	1	64000	15000	miss	0
phantom-01	8	Picture	grid	1186532	0	1	4226	1	0	4000	other	0
phantom-01	8	Pulse	255	1190264	3732	0
phantom-01	8	Picture	21	1190758	4226	1	15226	1	4000	15000	other	0
phantom-01	8	Picture	maintenance	1205984	19452	1	30226	1	19000	30000	other	0
phantom-01	8	Pulse	255	1210264	23732	0
phantom-01	8	Pulse	255	1230265	43732	0
phantom-01	8	Nothing	90	1235532	49000	1			49000		other	0
phantom-01	8	Pulse	255	1250264	63732	0
phantom-01	8	Picture	test	1250758	64226	1	15226	1	64000	15000	miss	0
phantom-01	9	Picture	grid	1266150	0	1	4226	1	0	4000	other	0
phantom-01	9	Pulse	255	1270264	4114	0
phantom-01	9	Picture	60	1270376	4226	1	15226	1	4000	15000	other	0
phantom-01	9	Picture	maintenance	1285602	19452	1	30226	1	19000	30000	other	0
phantom-01	9	Pulse	255	1290264	24114	0
phantom-01	9	Pulse	255	1310265	44114	0
phantom-01	9	Nothing	65	1315150	49000	1			49000		other	0
phantom-01	9	Pulse	255	1330265	64115	0
phantom-01	9	Picture	test	1330376	64226	1	45226	1	64000	45000	miss	0
phantom-01	9	Pulse	255	1350265	84115	0
phantom-01	9	Pulse	255	1370264	104114	0
phantom-01	10	Picture	grid	1375769	0	1	4226	1	0	4000	other	0
phantom-01	10	Picture	21	1379994	4226	1	15226	1	4000	15000	other	0
phantom-01	10	Pulse	255	1390264	14495	0
phantom-01	10	Picture	maintenance	1395220	19452	1	30226	1	19000	30000	other	0
phantom-01	10	Pulse	255	1410265	34496	0
phantom-01	10	Nothing	90	1424769	49000	1			49000		other	0
phantom-01	10	Pulse	255	1430265	54496	0
phantom-01	10	Picture	test	1439994	64226	1	10226	1	64000	10000	miss	0
phantom-01	10	Pulse	255	1450264	74495	1
phantom-01	11	Picture	grid	1450387	0	1	4226	1	0	4000	other	0
phantom-01	11	Picture	61	1454613	4226	1	15226	1	4000	15000	other	0
phantom-01	11	Picture	maintenance	1469838	19451	1	30226	1	19000	30000	other	0
phantom-01	11	Pulse	255	1470265	19878	0
phantom-01	11	Pulse	255	1490265	39878	0
phantom-01	11	Nothing	90	1499387	49000	1			49000		other	0
phantom-01	11	Pulse	255	1510265	59878	0
phantom-01	11	Picture	test	1514613	64226	1	45226	1	64000	45000	miss	0
phantom-01	11	Pulse	255	1530265	79878	0
phantom-01	11	Pulse	255	1550265	99878	0
phantom-01	12	Picture	grid	1560005	0	1	4226	1	0	4000	other	0
phantom-01	12	Picture	60	1564231	4226	1	15226	1	4000	15000	other	0
phantom-01	12	Pulse	255	1570265	10260	0
phantom-01	12	Picture	maintenance	1579457	19451	1	30226	1	19000	30000	other	0
phantom-01	12	Pulse	255	1590265	30260	0
phantom-01	12	Nothing	65	1609005	49000	1			49000		other	0
phantom-01	12	Pulse	255	1610265	50260	0
phantom-01	12	Picture	test	1624231	64226	1	35226	1	64000	35000	miss	0
phantom-01	12	Pulse	255	1630265	70260	0
phantom-01	12	Pulse	255	1650265	90259	0
phantom-01	13	Picture	grid	1659624	0	1	4226	1	0	4000	other	0
phantom-01	13	Picture	21	1663850	4226	1	15226	1	4000	15000	other	0
phantom-01	13	Pulse	255	1670265	10641	0
phantom-01	13	Picture	maintenance	1679076	19452	1	30226	1	19000	30000	other	0
phantom-01	13	Pulse	255	1690266	30642	0
phantom-01	13	Nothing	90	1708624	49000	1			49000		other	0
phantom-01	13	Pulse	255	1710265	50642	0
phantom-01	13	Picture	test	1723850	64226	1	15226	1	64000	15000	miss	0
phantom-01	13	Pulse	255	1730265	70642	0
phantom-01	14	Picture	grid	1739242	0	1	4226	1	0	4000	other	0
phantom-01	14	Picture	41	1743468	4226	1	15226	1	4000	15000	other	0
phantom-01	14	Pulse	255	1750265	11023	0
phantom-01	14	Picture	maintenance	1758694	19452	1	30226	1	19000	30000	other	0
phantom-01	14	Pulse	255	1770266	31023	0
phantom-01	14	Nothing	90	1788242	49000	1			49000		other	0
phantom-01	14	Pulse	255	1790265	51023	0
phantom-01	14	Picture	test	1803468	64226	1	15226	1	64000	15000	miss	0
phantom-01	14	Pulse	255	1810265	71023	0
phantom-01	15	Picture	grid	1818861	0	1	4226	1	0	4000	other	0
phantom-01	15	Picture	60	1823086	4226	1	15226	1	4000	15000	other	0
phantom-01	15	Pulse	255	1830265	11404	0
phantom-01	15	Picture	maintenance	1838312	19451	1	30226	1	19000	30000	other	0
phantom-01	15	Pulse	255	1850265	31405	0
phantom-01	15	Nothing	65	1867861	49000	1			49000		other	0
phantom-01	15	Pulse	255	1870265	51405	0
phantom-01	15	Picture	test	1883087	64226	1	25226	1	64000	25000	miss	0
phantom-01	15	Pulse	255	1890266	71405	0
phantom-01	16	Picture	grid	1908479	0	1	4226	1	0	4000	other	0
phantom-01	16	Pulse	255	1910256	1776	0
phantom-01	16	Picture	41	1912705	4226	1	15226	1	4000	15000	other	0
phantom-01	16	Picture	maintenance	1927931	19452	1	30226	1	19000	30000	other	0
phantom-01	16	Pulse	255	1930256	21777	0
phantom-01	16	Pulse	255	1950256	41777	0
phantom-01	16	Nothing	90	1957479	49000	1			49000		other	0
phantom-01	16	Pulse	255	1970257	61777	0
phantom-01	16	Picture	test	1972705	64226	1	35226	1	64000	35000	miss	0
phantom-01	16	Pulse	255	1990256	81776	0
phantom-01	17	Picture	grid	2008098	0	1	4226	1	0	4000	other	0
phantom-01	17	Pulse	255	2010257	2159	0
phantom-01	17	Picture	61	2012323	4226	1	15226	1	4000	15000	other	0
phantom-01	17	Picture	maintenance	2027549	19451	1	30226	1	19000	30000	other	0
phantom-01	17	Pulse	255	2030256	22159	0
phantom-01	17	Pulse	255	2050256	42158	0
phantom-01	17	Nothing	90	2057098	49000	1			49000		other	0
phantom-01	17	Pulse	255	2070256	62158	0
phantom-01	17	Picture	test	2072323	64226	1	15226	1	64000	15000	miss	0
phantom-01	18	Picture	grid	2087716	0	1	4226	1	0	4000	other	0
phantom-01	18	Pulse	255	2090256	2540	0
phantom-01	18	Picture	41	2091942	4226	1	15226	1	4000	15000	other	0
phantom-01	18	Picture	maintenance	2107168	19452	1	30226	1	19000	30000	other	0
phantom-01	18	Pulse	255	2110256	22540	0
phantom-01	18	Pulse	255	2130256	42541	0
phantom-01	18	Nothing	90	2136716	49000	1			49000		other	0
phantom-01	18	Pulse	255	2150257	62541	0
phantom-01	18	Picture	test	2151942	64226	1	20226	1	64000	20000	miss	0
phantom-01	18	Pulse	255	2170256	82540	0
phantom-01	19	Picture	grid	2172334	0	1	4226	1	0	4000	other	0
phantom-01	19	Picture	40	2176560	4226	1	15226	1	4000	15000	other	0
phantom-01	19	Pulse	255	2190256	17923	0
phantom-01	19	Picture	maintenance	2191785	19452	1	30226	1	19000	30000	other	0
phantom-01	19	Pulse	255	2210256	37923	0
phantom-01	19	Nothing	45	2221334	49000	1			49000		other	0
phantom-01	19	Pulse	255	2230257	57923	0
phantom-01	19	Picture	test	2236560	64226	1	40226	1	64000	40000	miss	0
phantom-01	19	Pulse	255	2250257	77923	0
phantom-01	19	Pulse	255	2270256	97923	0
phantom-01	20	Picture	grid	2276952	0	1	4226	1	0	4000	other	0
phantom-01	20	Picture	60	2281178	4226	1	15226	1	4000	15000	other	0
phantom-01	20	Pulse	255	2290256	13304	0
phantom-01	20	Picture	maintenance	2296404	19452	1	30226	1	19000	30000	other	0
phantom-01	20	Pulse	255	2310257	33305	0
phantom-01	20	Nothing	65	2325952	49000	1			49000		other	0
phantom-01	20	Pulse	255	2330257	53305	0
phantom-01	20	Picture	test	2341178	64226	1	60226	1	64000	60000	miss	0
phantom-01	20	Pulse	255	2350257	73305	0
phantom-01	20	Pulse	255	2370257	93305	0
phantom-01	20	Pulse	255	2390257	113304	0
phantom-01	21	Picture	grid	2401571	0	1	4226	1	0	4000	other	0
phantom-01	21	Picture	61	2405796	4226	1	15226	1	4000	15000	other	0
phantom-01	21	Pulse	255	2410257	8686	0
phantom-01	21	Picture	maintenance	2421022	19451	1	30226	1	19000	30000	other	0
phantom-01	21	Pulse	255	2430258	28687	0
phantom-01	21	Pulse	255	2450257	48686	0
phantom-01	21	Nothing	90	2450571	49000	1			49000		other	0
phantom-01	21	Picture	test	2465796	64226	1	30226	1	64000	30000	miss	0
phantom-01	21	Pulse	255	2470257	68687	0
phantom-01	21	Pulse	255	2490257	88687	0
phantom-01	22	Picture	grid	2496189	0	1	4226	1	0	4000	other	0
phantom-01	22	Picture	61	2500415	4226	1	15226	1	4000	15000	other	0
phantom-01	22	Pulse	255	2510257	14068	0
phantom-01	22	Picture	maintenance	2515641	19452	1	30225	1	19000	30000	other	0
phantom-01	22	Pulse	255	2530258	34069	0
phantom-01	22	Nothing	90	2545189	49000	1			49000		other	0
phantom-01	22	Pulse	255	2550257	54069	0
phantom-01	22	Picture	test	2560415	64226	1	25226	1	64000	25000	miss	0
phantom-01	22	Pulse	255	2570258	74069	0
phantom-01	23	Picture	grid	2585807	0	1	4226	1	0	4000	other	0
phantom-01	23	Picture	20	2590033	4226	1	15226	1	4000	15000	other	0
phantom-01	23	Pulse	255	2590258	4451	0
phantom-01	23	Picture	maintenance	2605259	19452	1	30226	1	19000	30000	other	0
phantom-01	23	Pulse	255	2610258	24451	0
phantom-01	23	Pulse	255	2630258	44451	0
phantom-01	23	Nothing	25	2634807	49000	1			49000		other	0
phantom-01	23	Picture	test	2650033	64226	1	15226	1	64000	15000	miss	0
phantom-01	23	Pulse	255	2650257	64450	0
phantom-01	24	Picture	grid	2665425	0	1	4226	1	0	4000	other	0
phantom-01	24	Picture	40	2669651	4226	1	15226	1	4000	15000	other	0
phantom-01	24	Pulse	255	2670258	4833	0
phantom-01	24	Picture	maintenance	2684877	19451	1	30226	1	19000	30000	other	0
phantom-01	24	Pulse	255	2690258	24832	0
phantom-01	24	Pulse	255	2710258	44832	0
phantom-01	24	Nothing	45	2714425	49000	1			49000		other	0
phantom-01	24	Picture	test	2729651	64226	1	15226	1	64000	15000	miss	0
phantom-01	24	Pulse	255	2730258	64832	0
phantom-01	25	Picture	grid	2745043	0	1	4226	1	0	4000	other	0
phantom-01	25	Picture	41	2749269	4226	1	15226	1	4000	15000	other	0
phantom-01	25	Pulse	255	2750258	5214	0
phantom-01	25	Picture	maintenance	2764495	19452	1	30226	1	19000	30000	other	0
phantom-01	25	Pulse	255	2770258	25215	0
phantom-01	25	Pulse	255	2790258	45214	0
phantom-01	25	Nothing	90	2794043	49000	1			49000		other	0
phantom-01	25	Picture	test	2809269	64226	1	35226	1	64000	35000	miss	0
phantom-01	25	Pulse	255	2810258	65214	0
phantom-01	25	Pulse	255	2830258	85214	0
phantom-01	26	Picture	grid	2844662	0	1	4226	1	0	4000	other	0
phantom-01	26	Picture	41	2848888	4226	1	15226	1	4000	15000	other	0
phantom-01	26	Pulse	255	2850258	5597	0
phantom-01	26	Picture	maintenance	2864114	19452	1	30226	1	19000	30000	other	0
phantom-01	26	Pulse	255	2870258	25597	0
phantom-01	26	Pulse	255	2890258	45597	0
phantom-01	26	Nothing	90	2893662	49000	1			49000		other	0
phantom-01	26	Picture	test	2908888	64226	1	25226	1	64000	25000	miss	0
phantom-01	26	Pulse	255	2910258	65596	0
phantom-01	26	Pulse	255	2930258	85596	0
phantom-01	27	Picture	grid	2934280	0	1	4226	1	0	4000	other	0
phantom-01	27	Picture	40	2938506	4226	1	15226	1	4000	15000	other	0
phantom-01	27	Pulse	255	2950259	15979	0
phantom-01	27	Picture	maintenance	2953732	19452	1	30226	1	19000	30000	other	0
phantom-01	27	Pulse	255	2970259	35979	0
phantom-01	27	Nothing	45	2983280	49000	1			49000		other	0
phantom-01	27	Pulse	255	2990258	55978	0
phantom-01	27	Picture	test	2998506	64226	1	30226	1	64000	30000	miss	0
phantom-01	27	Pulse	255	3010258	75978	0
phantom-01	28	Picture	grid	3028898	0	1	4226	1	0	4000	other	0
phantom-01	28	Pulse	255	3030259	1361	0
phantom-01	28	Picture	20	3033124	4226	1	15226	1	4000	15000	other	0
phantom-01	28	Picture	maintenance	3048350	19452	1	30226	1	19000	30000	other	0
phantom-01	28	Pulse	255	3050258	21360	0
phantom-01	28	Pulse	255	3070259	41361	0
phantom-01	28	Nothing	25	3077898	49000	1			49000		other	0
phantom-01	28	Pulse	255	3090258	61360	0
phantom-01	28	Picture	test	3093124	64226	1	45226	1	64000	45000	miss	0
phantom-01	28	Pulse	255	3110259	81360	0
phantom-01	28	Pulse	255	3130258	101360	0
phantom-01	29	Picture	grid	3138517	0	1	4226	1	0	4000	other	0
phantom-01	29	Picture	40	3142743	4226	1	15226	1	4000	15000	other	0
phantom-01	29	Pulse	255	3150259	11742	0
phantom-01	29	Picture	maintenance	3157969	19452	1	30226	1	19000	30000	other	0
phantom-01	29	Pulse	255	3170259	31742	0
phantom-01	29	Nothing	45	3187517	49000	1			49000		other	0
phantom-01	29	Pulse	255	3190259	51742	0
phantom-01	29	Picture	test	3202743	64226	1	45226	1	64000	45000	miss	0
phantom-01	29	Pulse	255	3210259	71742	0
phantom-01	29	Pulse	255	3230260	91743	0
phantom-01	30	Picture	grid	3248135	0	1	4226	1	0	4000	other	0
phantom-01	30	Pulse	255	3250259	2124	0
phantom-01	30	Picture	61	3252361	4226	1	15226	1	4000	15000	other	0
phantom-01	30	Picture	maintenance	3267587	19452	1	30226	1	19000	30000	other	0
phantom-01	30	Pulse	255	3270259	22124	0
phantom-01	30	Pulse	255	3290259	42124	0
phantom-01	30	Nothing	90	3297135	49000	1			49000		other	0
phantom-01	30	Pulse	255	3310260	62124	0
phantom-01	30	Picture	test	3312361	64226	1	30226	1	64000	30000	miss	0
phantom-01	30	Pulse	255	3330259	82124	0
phantom-01	31	Picture	grid	3342754	0	1	4226	1	0	4000	other	0
phantom-01	31	Picture	21	3346979	4226	1	15226	1	4000	15000	other	0
phantom-01	31	Pulse	255	3350259	7506	0
phantom-01	31	Picture	maintenance	3362205	19452	1	30226	1	19000	30000	other	0
phantom-01	31	Pulse	255	3370259	27506	0
phantom-01	31	Pulse	255	3390260	47506	0
phantom-01	31	Nothing	90	3391754	49000	1			49000		other	0
phantom-01	31	Picture	test	3406979	64226	1	15226	1	64000	15000	miss	0
phantom-01	31	Pulse	255	3410259	67505	0
phantom-01	32	Picture	grid	3422372	0	1	4226	1	0	4000	other	0
phantom-01	32	Picture	60	3426598	4226	1	15226	1	4000	15000	other	0
phantom-01	32	Pulse	255	3430259	7887	0
phantom-01	32	Picture	maintenance	3441823	19452	1	30226	1	19000	30000	other	0
phantom-01	32	Pulse	255	3450260	27888	0
phantom-01	32	Pulse	255	3470260	47888	0
phantom-01	32	Nothing	65	3471372	49000	1			49000		other	0
phantom-01	32	Picture	test	3486598	64226	1	15226	1	64000	15000	miss	0
phantom-01	32	Pulse	255	3490260	67888	0
phantom-01	33	Picture	grid	3501990	0	1	4226	1	0	4000	other	0
phantom-01	33	Picture	20	3506216	4226	1	15226	1	4000	15000	other	0
phantom-01	33	Pulse	255	3510260	8270	0
phantom-01	33	Picture	maintenance	3521442	19451	1	30226	1	19000	30000	other	0
phantom-01	33	Pulse	255	3530259	28269	0
phantom-01	33	Pulse	255	3550260	48270	0
phantom-01	33	Nothing	25	3550990	49000	1			49000		other	0
phantom-01	33	Picture	test	3566216	64226	1	50226	1	64000	50000	miss	0
phantom-01	33	Pulse	255	3570260	68270	0
phantom-01	33	Pulse	255	3590259	88269	0
phantom-01	33	Pulse	255	3610260	108270	0
phantom-01	34	Picture	grid	3616609	0	1	4226	1	0	4000	other	0
phantom-01	34	Picture	20	3620834	4226	1	15226	1	4000	15000	other	0
phantom-01	34	Pulse	255	3630260	13651	0
phantom-01	34	Picture	maintenance	3636060	19452	1	30226	1	19000	30000	other	0
phantom-01	34	Pulse	255	3650261	33652	0
phantom-01	34	Nothing	25	3665609	49000	1			49000		other	0
phantom-01	34	Pulse	255	3670260	53651	0
phantom-01	34	Picture	test	3680834	64226	1	60226	1	64000	60000	miss	0
phantom-01	34	Pulse	255	3690261	73652	0
phantom-01	34	Pulse	255	3710261	93652	0
phantom-01	34	Pulse	255	3730261	113652	0
phantom-01	35	Picture	grid	3741227	0	1	4226	1	0	4000	other	0
phantom-01	35	Picture	40	3745452	4226	1	15226	1	4000	15000	other	0
phantom-01	35	Pulse	255	3750261	9034	0
phantom-01	35	Picture	maintenance	3760678	19451	1	30226	1	19000	30000	other	0
phantom-01	35	Pulse	255	3770260	29033	0
phantom-01	35	Nothing	45	3790227	49000	1			49000		other	0
phantom-01	35	Pulse	255	3790261	49034	0
phantom-01	35	Picture	test	3805453	64226	1	45226	1	64000	45000	miss	0
phantom-01	35	Pulse	255	3810261	69034	0
phantom-01	35	Pulse	255	3830260	89034	0
phantom-01	35	Pulse	255	3850261	109034	0
phantom-01	36	Picture	grid	3850845	0	1	4226	1	0	4000	other	0
phantom-01	36	Picture	60	3855071	4226	1	15226	1	4000	15000	other	0
phantom-01	36	Pulse	255	3870262	19417	0
phantom-01	36	Picture	maintenance	3870296	19451	1	30226	1	19000	30000	other	0
phantom-01	36	Pulse	255	3890261	39416	0
phantom-01	36	Nothing	65	3899845	49000	1			49000		other	0
phantom-01	36	Pulse	255	3910260	59415	0
phantom-01	36	Picture	test	3915071	64226	1	40226	1	64000	40000	miss	0
phantom-01	36	Pulse	255	3930260	79415	0
phantom-01	36	Pulse	255	3950261	99416	0
phantom-01	37	Picture	grid	3955463	0	1	4226	1	0	4000	other	0
phantom-01	37	Picture	21	3959689	4226	1	15226	1	4000	15000	other	0
phantom-01	37	Pulse	255	3970260	14797	0
phantom-01	37	Picture	maintenance	3974915	19452	1	30226	1	19000	30000	other	0
phantom-01	37	Pulse	255	3990261	34798	0
phantom-01	37	Nothing	90	4004463	49000	1			49000		other	0
phantom-01	37	Pulse	255	4010261	54798	0
phantom-01	37	Picture	test	4019689	64226	1	15226	1	64000	15000	miss	0
