Scenario - loca_mvis
Logfile written - 11/26/2018 19:08:21

Subject	Trial	Event Type	Code	Time	TTime	Uncertainty	Duration	Uncertainty	ReqTime	ReqDur	Stim Type	Pair Index

sub-13_2	0	Pulse	255	583258	583258	0
sub-13_2	1	Picture	p_startup	583487	0	1	88227	1	0	88000	other	0
sub-13_2	1	Pulse	255	603257	19770	0
sub-13_2	1	Pulse	255	623258	39770	0
sub-13_2	1	Pulse	255	643257	59770	0
sub-13_2	1	Pulse	255	663258	79771	0
sub-13_2	2	Picture	grid	671881	0	1	4227	1	0	4000	other	0
sub-13_2	2	Picture	60	676108	4227	1	15227	1	4000	15000	other	0
sub-13_2	2	Pulse	255	683258	11377	0
sub-13_2	2	Picture	maintenance	691334	19454	1	30227	1	19000	30000	other	0
sub-13_2	2	Pulse	255	703258	31377	0
sub-13_2	2	Nothing	65	720881	49000	1			49000		other	0
sub-13_2	2	Pulse	255	723258	51377	0
sub-13_2	2	Picture	test	736107	64227	1	10227	1	64000	10000	miss	0
sub-13_2	2	Pulse	255	743258	71378	0
sub-13_2	3	Picture	grid	746501	0	1	4227	1	0	4000	other	0
sub-13_2	3	Picture	21	750728	4227	1	15227	1	4000	15000	other	0
sub-13_2	3	Pulse	255	763258	16757	0
sub-13_2	3	Picture	maintenance	765954	19454	1	30227	1	19000	30000	other	0
sub-13_2	3	Pulse	255	783258	36758	0
sub-13_2	3	Nothing	90	795501	49000	1			49000		other	0
sub-13_2	3	Pulse	255	803259	56758	0
sub-13_2	3	Picture	test	810727	64227	1	20227	1	64000	20000	miss	0
sub-13_2	3	Pulse	255	823259	76758	0
sub-13_2	4	Picture	grid	831121	0	1	4227	1	0	4000	other	0
sub-13_2	4	Picture	20	835347	4227	1	15227	1	4000	15000	other	0
sub-13_2	4	Pulse	255	843259	12138	0
sub-13_2	4	Picture	maintenance	850574	19453	1	30227	1	19000	30000	other	0
sub-13_2	4	Pulse	255	863259	32138	0
sub-13_2	4	Nothing	25	880121	49000	1			49000		other	0
sub-13_2	4	Pulse	255	883259	52138	0
sub-13_2	4	Picture	test	895347	64227	1	30226	1	64000	30000	miss	0
sub-13_2	4	Pulse	255	903259	72138	0
sub-13_2	4	Pulse	255	923259	92138	0
sub-13_2	5	Picture	grid	925740	0	1	4227	1	0	4000	other	0
sub-13_2	5	Picture	40	929966	4227	1	15227	1	4000	15000	other	0
sub-13_2	5	Pulse	255	943259	17519	0
sub-13_2	5	Picture	maintenance	945193	19453	1	30226	1	19000	30000	other	0
sub-13_2	5	Pulse	255	963259	37520	0
sub-13_2	5	Nothing	45	974740	49000	1			49000		other	0
sub-13_2	5	Pulse	255	983259	57520	0
sub-13_2	5	Picture	test	989966	64226	1	20226	1	64000	20000	miss	0
sub-13_2	5	Pulse	255	1003259	77519	0
sub-13_2	6	Picture	grid	1010359	0	1	4226	1	0	4000	other	0
sub-13_2	6	Picture	61	1014585	4226	1	15226	1	4000	15000	other	0
sub-13_2	6	Pulse	255	1023260	12901	0
sub-13_2	6	Picture	maintenance	1029811	19453	1	30226	1	19000	30000	other	0
sub-13_2	6	Pulse	255	1043260	32901	0
sub-13_2	6	Nothing	90	1059359	49000	1			49000		other	0
sub-13_2	6	Pulse	255	1063259	52901	0
sub-13_2	6	Picture	test	1074585	64226	1	15227	1	64000	15000	miss	0
sub-13_2	6	Pulse	255	1083260	72901	0
sub-13_2	7	Picture	grid	1089979	0	1	4226	1	0	4000	other	0
sub-13_2	7	Picture	40	1094205	4226	1	15227	1	4000	15000	other	0
sub-13_2	7	Pulse	255	1103260	13282	0
sub-13_2	7	Picture	maintenance	1109431	19453	1	30226	1	19000	30000	other	0
sub-13_2	7	Pulse	255	1123260	33281	0
sub-13_2	7	Nothing	45	1138979	49001	1			49000		other	0
sub-13_2	7	Pulse	255	1143260	53282	0
sub-13_2	7	Picture	test	1154205	64226	1	10227	1	64000	10000	miss	0
sub-13_2	7	Pulse	255	1163260	73282	0
sub-13_2	8	Picture	grid	1164598	0	1	4227	1	0	4000	other	0
sub-13_2	8	Picture	41	1168825	4227	1	15227	1	4000	15000	other	0
sub-13_2	8	Pulse	255	1183261	18663	0
sub-13_2	8	Picture	maintenance	1184051	19453	1	30226	1	19000	30000	other	0
sub-13_2	8	Pulse	255	1203260	38662	0
sub-13_2	8	Nothing	90	1213598	49000	1			49000		other	0
sub-13_2	8	Pulse	255	1223261	58663	0
sub-13_2	8	Picture	test	1228824	64226	1	15226	1	64000	15000	miss	0
sub-13_2	8	Pulse	255	1243261	78663	0
sub-13_2	9	Picture	grid	1244217	0	1	4226	1	0	4000	other	0
sub-13_2	9	Picture	61	1248443	4226	1	15226	1	4000	15000	other	0
sub-13_2	9	Pulse	255	1263261	19044	0
sub-13_2	9	Picture	maintenance	1263669	19452	1	30226	1	19000	30000	other	0
sub-13_2	9	Pulse	255	1283261	39044	0
sub-13_2	9	Nothing	90	1293217	49000	1			49000		other	0
sub-13_2	9	Pulse	255	1303261	59044	0
sub-13_2	9	Picture	test	1308443	64226	1	25226	1	64000	25000	miss	0
sub-13_2	9	Pulse	255	1323261	79044	0
sub-13_2	10	Picture	grid	1333836	0	1	4226	1	0	4000	other	0
sub-13_2	10	Picture	41	1338062	4226	1	15227	1	4000	15000	other	0
sub-13_2	10	Pulse	255	1343261	9425	0
sub-13_2	10	Picture	maintenance	1353289	19453	1	30226	1	19000	30000	other	0
sub-13_2	10	Pulse	255	1363261	29425	0
sub-13_2	10	Nothing	90	1382836	49000	1			49000		other	0
sub-13_2	10	Pulse	255	1383262	49426	0
sub-13_2	10	Picture	test	1398062	64226	1	35226	1	64000	35000	miss	0
sub-13_2	10	Pulse	255	1403262	69426	0
sub-13_2	10	Pulse	255	1423262	89426	0
sub-13_2	11	Picture	grid	1433455	0	1	4226	1	0	4000	other	0
sub-13_2	11	Picture	61	1437681	4226	1	15226	1	4000	15000	other	0
sub-13_2	11	Pulse	255	1443262	9806	0
sub-13_2	11	Picture	maintenance	1452907	19452	1	30227	1	19000	30000	other	0
sub-13_2	11	Pulse	255	1463261	29806	0
sub-13_2	11	Nothing	90	1482455	49000	1			49000		other	0
sub-13_2	11	Pulse	255	1483262	49806	0
sub-13_2	11	Picture	test	1497682	64227	1	45226	1	64000	45000	miss	0
sub-13_2	11	Pulse	255	1503262	69807	0
sub-13_2	11	Pulse	255	1523262	89807	0
sub-13_2	12	Picture	grid	1543075	0	1	4226	1	0	4000	other	0
sub-13_2	12	Pulse	255	1543262	187	0
sub-13_2	12	Picture	20	1547301	4226	1	15227	1	4000	15000	other	0
sub-13_2	12	Picture	maintenance	1562527	19453	1	30226	1	19000	30000	other	0
sub-13_2	12	Pulse	255	1563262	20187	0
sub-13_2	12	Pulse	255	1583262	40188	0
sub-13_2	12	Nothing	25	1592075	49000	1			49000		other	0
sub-13_2	12	Pulse	255	1603262	60188	0
sub-13_2	12	Picture	test	1607301	64226	1	15226	1	64000	15000	miss	0
sub-13_2	13	Picture	grid	1622693	0	1	4226	1	0	4000	other	0
sub-13_2	13	Pulse	255	1623262	569	0
sub-13_2	13	Picture	40	1626920	4226	1	15226	1	4000	15000	other	0
sub-13_2	13	Picture	maintenance	1642146	19452	1	30226	1	19000	30000	other	0
sub-13_2	13	Pulse	255	1643262	20569	0
sub-13_2	13	Pulse	255	1663262	40569	0
sub-13_2	13	Nothing	45	1671693	49000	1			49000		other	0
sub-13_2	13	Pulse	255	1683263	60569	0
sub-13_2	13	Picture	test	1686920	64226	1	30226	1	64000	30000	miss	0
sub-13_2	13	Pulse	255	1703263	80569	0
sub-13_2	14	Picture	grid	1717312	0	1	4226	1	0	4000	other	0
sub-13_2	14	Picture	41	1721538	4226	1	15226	1	4000	15000	other	0
sub-13_2	14	Pulse	255	1723263	5950	0
sub-13_2	14	Picture	maintenance	1736764	19452	1	30226	1	19000	30000	other	0
sub-13_2	14	Pulse	255	1743263	25951	0
sub-13_2	14	Pulse	255	1763263	45951	0
sub-13_2	14	Nothing	90	1766312	49000	1			49000		other	0
sub-13_2	14	Picture	test	1781539	64227	1	20227	1	64000	20000	miss	0
sub-13_2	14	Pulse	255	1783263	65950	0
sub-13_2	15	Picture	grid	1801933	0	1	4226	1	0	4000	other	0
sub-13_2	15	Pulse	255	1803263	1331	0
sub-13_2	15	Picture	60	1806159	4226	1	15226	1	4000	15000	other	0
sub-13_2	15	Picture	maintenance	1821385	19452	1	30226	1	19000	30000	other	0
sub-13_2	15	Pulse	255	1823263	21330	0
sub-13_2	15	Pulse	255	1843263	41331	0
sub-13_2	15	Nothing	65	1850933	49000	1			49000		other	0
sub-13_2	15	Pulse	255	1863263	61331	0
sub-13_2	15	Picture	test	1866159	64226	1	15226	1	64000	15000	miss	0
sub-13_2	16	Picture	grid	1881551	0	1	4227	1	0	4000	other	0
sub-13_2	16	Pulse	255	1883263	1712	0
sub-13_2	16	Picture	20	1885778	4227	1	15226	1	4000	15000	other	0
sub-13_2	16	Picture	maintenance	1901005	19453	1	30226	1	19000	30000	other	0
sub-13_2	16	Pulse	255	1903264	21712	0
sub-13_2	16	Pulse	255	1923263	41712	0
sub-13_2	16	Nothing	25	1930551	49000	1			49000		other	0
sub-13_2	16	Pulse	255	1943263	61712	0
sub-13_2	16	Picture	test	1945777	64226	1	40226	1	64000	40000	miss	0
sub-13_2	16	Pulse	255	1963264	81713	0
sub-13_2	16	Pulse	255	1983263	101712	0
sub-13_2	17	Picture	grid	1986170	0	1	4226	1	0	4000	other	0
sub-13_2	17	Picture	21	1990397	4226	1	15226	1	4000	15000	other	0
sub-13_2	17	Pulse	255	2003263	17093	0
sub-13_2	17	Picture	maintenance	2005622	19452	1	30226	1	19000	30000	other	0
sub-13_2	17	Pulse	255	2023254	37084	0
sub-13_2	17	Nothing	90	2035170	49000	1			49000		other	0
sub-13_2	17	Pulse	255	2043254	57084	0
sub-13_2	17	Picture	test	2050397	64226	1	20226	1	64000	20000	miss	0
sub-13_2	17	Pulse	255	2063254	77084	0
sub-13_2	18	Picture	grid	2070789	0	1	4226	1	0	4000	other	0
sub-13_2	18	Picture	20	2075016	4226	1	15226	1	4000	15000	other	0
sub-13_2	18	Pulse	255	2083254	12465	0
sub-13_2	18	Picture	maintenance	2090242	19453	1	30226	1	19000	30000	other	0
sub-13_2	18	Pulse	255	2103254	32465	0
sub-13_2	18	Nothing	25	2119789	49000	1			49000		other	0
sub-13_2	18	Pulse	255	2123254	52465	0
sub-13_2	18	Picture	test	2135016	64226	1	30226	1	64000	30000	miss	0
sub-13_2	18	Pulse	255	2143254	72465	0
sub-13_2	18	Pulse	255	2163255	92465	0
sub-13_2	19	Picture	grid	2165409	0	1	4226	1	0	4000	other	0
sub-13_2	19	Picture	60	2169635	4226	1	15226	1	4000	15000	other	0
sub-13_2	19	Pulse	255	2183254	17846	0
sub-13_2	19	Picture	maintenance	2184861	19452	1	30227	1	19000	30000	other	0
sub-13_2	19	Pulse	255	2203254	37846	0
sub-13_2	19	Nothing	65	2214409	49000	1			49000		other	0
sub-13_2	19	Pulse	255	2223255	57846	0
sub-13_2	19	Picture	test	2229635	64226	1	10227	1	64000	10000	miss	0
sub-13_2	20	Picture	grid	2240028	0	1	4227	1	0	4000	other	0
sub-13_2	20	Pulse	255	2243255	3227	0
sub-13_2	20	Picture	20	2244255	4227	1	15226	1	4000	15000	other	0
sub-13_2	20	Picture	maintenance	2259481	19453	1	30226	1	19000	30000	other	0
sub-13_2	20	Pulse	255	2263255	23226	0
sub-13_2	20	Pulse	255	2283255	43227	0
sub-13_2	20	Nothing	25	2289028	49000	1			49000		other	0
sub-13_2	20	Pulse	255	2303255	63227	0
sub-13_2	20	Picture	test	2304255	64227	1	35226	1	64000	35000	miss	0
sub-13_2	20	Pulse	255	2323255	83227	0
sub-13_2	21	Picture	grid	2339648	0	1	4226	1	0	4000	other	0
sub-13_2	21	Pulse	255	2343255	3607	0
sub-13_2	21	Picture	20	2343874	4226	1	15226	1	4000	15000	other	0
sub-13_2	21	Picture	maintenance	2359100	19452	1	30226	1	19000	30000	other	0
sub-13_2	21	Pulse	255	2363255	23607	0
sub-13_2	21	Pulse	255	2383255	43607	0
sub-13_2	21	Nothing	25	2388648	49000	1			49000		other	0
sub-13_2	21	Pulse	255	2403255	63607	0
sub-13_2	21	Picture	test	2403874	64226	1	25226	1	64000	25000	miss	0
sub-13_2	21	Pulse	255	2423255	83607	0
sub-13_2	22	Picture	grid	2429268	0	1	4226	1	0	4000	other	0
sub-13_2	22	Picture	41	2433494	4226	1	15226	1	4000	15000	other	0
sub-13_2	22	Pulse	255	2443255	13988	0
sub-13_2	22	Picture	maintenance	2448720	19453	1	30226	1	19000	30000	other	0
sub-13_2	22	Pulse	255	2463255	33988	0
sub-13_2	22	Nothing	90	2478268	49000	1			49000		other	0
sub-13_2	22	Pulse	255	2483255	53988	0
sub-13_2	22	Picture	test	2493494	64226	1	55226	1	64000	55000	miss	0
sub-13_2	22	Pulse	255	2503255	73988	0
sub-13_2	22	Pulse	255	2523255	93988	0
sub-13_2	22	Pulse	255	2543256	113988	0
sub-13_2	23	Picture	grid	2548887	0	1	4226	1	0	4000	other	0
sub-13_2	23	Picture	40	2553113	4226	1	15227	1	4000	15000	other	0
sub-13_2	23	Pulse	255	2563256	14369	0
sub-13_2	23	Picture	maintenance	2568340	19453	1	30226	1	19000	30000	other	0
sub-13_2	23	Pulse	255	2583256	34369	0
sub-13_2	23	Nothing	45	2597887	49000	1			49000		other	0
sub-13_2	23	Pulse	255	2603256	54369	0
sub-13_2	23	Picture	test	2613113	64226	1	15227	1	64000	15000	miss	0
sub-13_2	23	Pulse	255	2623256	74369	0
sub-13_2	24	Picture	grid	2628506	0	1	4226	1	0	4000	other	0
sub-13_2	24	Picture	61	2632733	4226	1	15226	1	4000	15000	other	0
sub-13_2	24	Pulse	255	2643256	14750	0
sub-13_2	24	Picture	maintenance	2647959	19453	1	30226	1	19000	30000	other	0
sub-13_2	24	Pulse	255	2663256	34750	0
sub-13_2	24	Nothing	90	2677506	49000	1			49000		other	0
sub-13_2	24	Pulse	255	2683256	54750	0
sub-13_2	24	Picture	test	2692733	64227	1	50227	1	64000	50000	miss	0
sub-13_2	24	Pulse	255	2703257	74750	0
sub-13_2	24	Pulse	255	2723255	94749	2
sub-13_2	25	Picture	grid	2743127	0	1	4226	1	0	4000	other	0
sub-13_2	25	Pulse	255	2743256	130	0
sub-13_2	25	Picture	60	2747353	4226	1	15227	1	4000	15000	other	0
sub-13_2	25	Picture	maintenance	2762579	19453	1	30226	1	19000	30000	other	0
sub-13_2	25	Pulse	255	2763256	20130	0
sub-13_2	25	Pulse	255	2783257	40130	0
sub-13_2	25	Nothing	65	2792127	49000	1			49000		other	0
sub-13_2	25	Pulse	255	2803256	60130	0
sub-13_2	25	Picture	test	2807353	64226	1	60227	1	64000	60000	miss	0
sub-13_2	25	Pulse	255	2823256	80130	0
sub-13_2	25	Pulse	255	2843257	100130	0
sub-13_2	25	Pulse	255	2863257	120130	0
sub-13_2	26	Picture	grid	2867746	0	1	4226	1	0	4000	other	0
sub-13_2	26	Picture	41	2871972	4226	1	15226	1	4000	15000	other	0
sub-13_2	26	Pulse	255	2883257	15511	0
sub-13_2	26	Picture	maintenance	2887198	19453	1	30226	1	19000	30000	other	0
sub-13_2	26	Pulse	255	2903257	35511	0
sub-13_2	26	Nothing	90	2916746	49000	1			49000		other	0
sub-13_2	26	Pulse	255	2923257	55511	0
sub-13_2	26	Picture	test	2931972	64226	1	20226	1	64000	20000	miss	0
sub-13_2	26	Pulse	255	2943258	75512	0
sub-13_2	27	Picture	grid	2952365	0	1	4226	1	0	4000	other	0
sub-13_2	27	Picture	21	2956591	4226	1	15226	1	4000	15000	other	0
sub-13_2	27	Pulse	255	2963258	10893	0
sub-13_2	27	Picture	maintenance	2971817	19453	1	30226	1	19000	30000	other	0
sub-13_2	27	Pulse	255	2983257	30893	0
sub-13_2	27	Nothing	90	3001365	49000	1			49000		other	0
sub-13_2	27	Pulse	255	3003258	50893	0
sub-13_2	27	Picture	test	3016591	64226	1	15226	1	64000	15000	miss	0
sub-13_2	27	Pulse	255	3023257	70893	0
sub-13_2	28	Picture	grid	3031984	0	1	4226	1	0	4000	other	0
sub-13_2	28	Picture	60	3036210	4226	1	15226	1	4000	15000	other	0
sub-13_2	28	Pulse	255	3043258	11274	0
sub-13_2	28	Picture	maintenance	3051436	19452	1	30226	1	19000	30000	other	0
sub-13_2	28	Pulse	255	3063258	31274	0
sub-13_2	28	Nothing	65	3080984	49000	1			49000		other	0
sub-13_2	28	Pulse	255	3083258	51274	0
sub-13_2	28	Picture	test	3096211	64227	1	40226	1	64000	40000	miss	0
sub-13_2	28	Pulse	255	3103258	71274	0
sub-13_2	28	Pulse	255	3123258	91275	0
sub-13_2	29	Picture	grid	3136604	0	1	4226	1	0	4000	other	0
sub-13_2	29	Picture	61	3140830	4226	1	15227	1	4000	15000	other	0
sub-13_2	29	Pulse	255	3143258	6654	0
sub-13_2	29	Picture	maintenance	3156056	19453	1	30226	1	19000	30000	other	0
sub-13_2	29	Pulse	255	3163258	26655	0
sub-13_2	29	Pulse	255	3183259	46655	0
sub-13_2	29	Nothing	90	3185604	49000	1			49000		other	0
sub-13_2	29	Picture	test	3200830	64227	1	60226	1	64000	60000	miss	0
sub-13_2	29	Pulse	255	3203258	66655	0
sub-13_2	29	Pulse	255	3223258	86655	0
sub-13_2	29	Pulse	255	3243258	106655	0
sub-13_2	30	Picture	grid	3261223	0	1	4226	1	0	4000	other	0
sub-13_2	30	Pulse	255	3263258	2035	0
sub-13_2	30	Picture	40	3265449	4226	1	15226	1	4000	15000	other	0
sub-13_2	30	Picture	maintenance	3280675	19452	1	30227	1	19000	30000	other	0
sub-13_2	30	Pulse	255	3283259	22036	0
sub-13_2	30	Pulse	255	3303258	42036	0
sub-13_2	30	Nothing	45	3310223	49000	1			49000		other	0
sub-13_2	30	Pulse	255	3323259	62036	0
sub-13_2	30	Picture	test	3325449	64226	1	30227	1	64000	30000	miss	0
sub-13_2	30	Pulse	255	3343259	82036	0
sub-13_2	31	Picture	grid	3355843	0	1	4226	1	0	4000	other	0
sub-13_2	31	Picture	60	3360069	4226	1	15226	1	4000	15000	other	0
sub-13_2	31	Pulse	255	3363259	7416	0
sub-13_2	31	Picture	maintenance	3375295	19452	1	30226	1	19000	30000	other	0
sub-13_2	31	Pulse	255	3383259	27416	0
sub-13_2	31	Pulse	255	3403259	47417	0
sub-13_2	31	Nothing	65	3404843	49000	1			49000		other	0
sub-13_2	31	Picture	test	3420069	64226	1	40226	1	64000	40000	miss	0
sub-13_2	31	Pulse	255	3423259	67416	0
sub-13_2	31	Pulse	255	3443259	87417	0
sub-13_2	32	Picture	grid	3460461	0	1	4226	1	0	4000	other	0
sub-13_2	32	Pulse	255	3463259	2798	0
sub-13_2	32	Picture	21	3464688	4226	1	15226	1	4000	15000	other	0
sub-13_2	32	Picture	maintenance	3479914	19453	1	30226	1	19000	30000	other	0
sub-13_2	32	Pulse	255	3483259	22798	0
sub-13_2	32	Pulse	255	3503259	42798	0
sub-13_2	32	Nothing	90	3509461	49000	1			49000		other	0
sub-13_2	32	Pulse	255	3523260	62798	0
sub-13_2	32	Picture	test	3524688	64226	1	35226	1	64000	35000	miss	0
sub-13_2	32	Pulse	255	3543260	82798	0
sub-13_2	33	Picture	grid	3560081	0	1	4226	1	0	4000	other	0
sub-13_2	33	Pulse	255	3563260	3179	0
sub-13_2	33	Picture	21	3564307	4226	1	15226	1	4000	15000	other	0
sub-13_2	33	Picture	maintenance	3579533	19452	1	30226	1	19000	30000	other	0
sub-13_2	33	Pulse	255	3583260	23179	0
sub-13_2	33	Pulse	255	3603260	43180	0
sub-13_2	33	Nothing	90	3609081	49000	1			49000		other	0
sub-13_2	33	Pulse	255	3623260	63179	0
sub-13_2	33	Picture	test	3624307	64226	1	15227	1	64000	15000	miss	0
sub-13_2	34	Picture	grid	3639700	0	1	4227	1	0	4000	other	0
sub-13_2	34	Pulse	255	3643260	3560	0
sub-13_2	34	Picture	41	3643927	4227	1	15226	1	4000	15000	other	0
sub-13_2	34	Picture	maintenance	3659153	19453	1	30226	1	19000	30000	other	0
sub-13_2	34	Pulse	255	3663260	23560	0
sub-13_2	34	Pulse	255	3683260	43560	0
sub-13_2	34	Nothing	90	3688700	49000	1			49000		other	0
sub-13_2	34	Pulse	255	3703250	63550	0
sub-13_2	34	Picture	test	3703926	64226	1	20226	1	64000	20000	miss	0
sub-13_2	34	Pulse	255	3723251	83550	0
sub-13_2	35	Picture	grid	3724319	0	1	4226	1	0	4000	other	0
sub-13_2	35	Picture	21	3728546	4226	1	15226	1	4000	15000	other	0
sub-13_2	35	Pulse	255	3743251	18932	0
sub-13_2	35	Picture	maintenance	3743772	19453	1	30226	1	19000	30000	other	0
sub-13_2	35	Pulse	255	3763251	38932	0
sub-13_2	35	Nothing	90	3773319	49000	1			49000		other	0
sub-13_2	35	Pulse	255	3783251	58932	0
sub-13_2	35	Picture	test	3788546	64226	1	55226	1	64000	55000	miss	0
sub-13_2	35	Pulse	255	3803251	78932	0
sub-13_2	35	Pulse	255	3823251	98932	0
sub-13_2	35	Pulse	255	3843251	118932	0
sub-13_2	36	Picture	grid	3843938	0	1	4226	1	0	4000	other	0
sub-13_2	36	Picture	20	3848164	4226	1	15226	1	4000	15000	other	0
sub-13_2	36	Pulse	255	3863251	19313	0
sub-13_2	36	Picture	maintenance	3863390	19452	1	30226	1	19000	30000	other	0
sub-13_2	36	Pulse	255	3883251	39313	0
sub-13_2	36	Nothing	25	3892938	49000	1			49000		other	0
sub-13_2	36	Pulse	255	3903251	59313	0
sub-13_2	36	Picture	test	3908164	64226	1	60226	1	64000	60000	miss	0
sub-13_2	36	Pulse	255	3923252	79313	0
sub-13_2	36	Pulse	255	3943251	99313	0
sub-13_2	36	Pulse	255	3963252	119313	0
sub-13_2	37	Picture	grid	3968557	0	1	4226	1	0	4000	other	0
sub-13_2	37	Picture	61	3972783	4226	1	15226	1	4000	15000	other	0
sub-13_2	37	Pulse	255	3983251	14694	0
sub-13_2	37	Picture	maintenance	3988010	19452	1	30226	1	19000	30000	other	0
sub-13_2	37	Pulse	255	4003251	34694	0
sub-13_2	37	Nothing	90	4017557	49000	1			49000		other	0
sub-13_2	37	Pulse	255	4023251	54694	0
sub-13_2	37	Picture	test	4032784	64226	1	30226	1	64000	30000	miss	0
sub-13_2	37	Pulse	255	4043252	74695	0
sub-13_2	38	Picture	Bfix	4063177	0	1	71959	1	0	60000	other	0
sub-13_2	38	Pulse	255	4063252	76	0
sub-13_2	38	Pulse	255	4083252	20075	0
sub-13_2	38	Pulse	255	4103252	40075	0
