Scenario - loca_mvis
Logfile written - 05/28/2018 17:02:17

Subject	Trial	Event Type	Code	Time	TTime	Uncertainty	Duration	Uncertainty	ReqTime	ReqDur	Stim Type	Pair Index

sub-07_2	0	Pulse	255	559907	559907	0
sub-07_2	1	Picture	p_startup	560001	0	1	88194	1	0	88000	other	0
sub-07_2	1	Pulse	255	579906	19905	0
sub-07_2	1	Pulse	255	599907	39905	0
sub-07_2	1	Pulse	255	619906	59905	0
sub-07_2	1	Pulse	255	639907	79905	0
sub-07_2	2	Picture	grid	648362	0	1	4168	1	0	4000	other	0
sub-07_2	2	Picture	60	652530	4168	1	15171	1	4000	15000	other	0
sub-07_2	2	Pulse	255	659907	11545	0
sub-07_2	2	Picture	maintenance	667701	19339	1	30176	1	19000	30000	other	0
sub-07_2	2	Pulse	255	679907	31545	0
sub-07_2	2	Nothing	65	697362	49000	1			49000		other	0
sub-07_2	2	Pulse	255	699907	51545	0
sub-07_2	2	Picture	test	712381	64020	1	10170	1	64000	10000	hit	16
sub-07_2	2	Pulse	255	719907	71545	0
sub-07_2	2	Response	2	722277	73915	1
sub-07_2	3	Picture	grid	722718	0	1	4168	1	0	4000	other	0
sub-07_2	3	Picture	21	726886	4168	1	15171	1	4000	15000	other	0
sub-07_2	3	Pulse	255	739907	17189	0
sub-07_2	3	Picture	maintenance	742057	19339	1	30176	1	19000	30000	other	0
sub-07_2	3	Pulse	255	759897	37179	0
sub-07_2	3	Nothing	90	771718	49000	1			49000		other	0
sub-07_2	3	Pulse	255	779897	57179	0
sub-07_2	3	Picture	test	786904	64186	1	20173	1	64000	20000	hit	25
sub-07_2	3	Response	2	796107	73389	1
sub-07_2	3	Pulse	255	799898	77180	0
sub-07_2	4	Picture	grid	807244	0	1	4168	1	0	4000	other	0
sub-07_2	4	Picture	20	811412	4168	1	15171	1	4000	15000	other	0
sub-07_2	4	Pulse	255	819897	12653	0
sub-07_2	4	Picture	maintenance	826583	19339	1	30176	1	19000	30000	other	0
sub-07_2	4	Pulse	255	839898	32654	0
sub-07_2	4	Nothing	25	856244	49000	1			49000		other	0
sub-07_2	4	Pulse	255	859897	52653	0
sub-07_2	4	Picture	test	871430	64186	1	30176	1	64000	30000	hit	35
sub-07_2	4	Response	1	878807	71563	1
sub-07_2	4	Pulse	255	879897	72654	0
sub-07_2	4	Pulse	255	899898	92654	0
sub-07_2	5	Picture	grid	901773	0	1	4168	1	0	4000	other	0
sub-07_2	5	Picture	40	905940	4168	1	15171	1	4000	15000	other	0
sub-07_2	5	Pulse	255	919898	18125	0
sub-07_2	5	Picture	maintenance	921112	19339	1	30176	1	19000	30000	other	0
sub-07_2	5	Pulse	255	939898	38125	0
sub-07_2	5	Nothing	45	950773	49000	1			49000		other	0
sub-07_2	5	Pulse	255	959898	58125	0
sub-07_2	5	Picture	test	965959	64186	1	20173	1	64000	20000	hit	46
sub-07_2	5	Response	1	974749	72976	1
sub-07_2	5	Pulse	255	979898	78125	0
sub-07_2	6	Picture	grid	986298	0	1	4168	1	0	4000	other	0
sub-07_2	6	Picture	61	990466	4168	1	15171	1	4000	15000	other	0
sub-07_2	6	Pulse	255	999898	13599	0
sub-07_2	6	Picture	maintenance	1005638	19339	1	30176	1	19000	30000	other	0
sub-07_2	6	Pulse	255	1019898	33600	0
sub-07_2	6	Nothing	90	1035298	49000	1			49000		other	0
sub-07_2	6	Pulse	255	1039898	53600	0
sub-07_2	6	Picture	test	1050485	64186	1	15171	1	64000	15000	miss	0
sub-07_2	6	Response	2	1056478	70180	1
sub-07_2	6	Pulse	255	1059898	73600	0
sub-07_2	7	Picture	grid	1065823	0	1	4168	1	0	4000	other	0
sub-07_2	7	Picture	40	1069991	4168	1	15171	1	4000	15000	other	0
sub-07_2	7	Pulse	255	1079898	14075	0
sub-07_2	7	Picture	maintenance	1085162	19339	1	30176	1	19000	30000	other	0
sub-07_2	7	Pulse	255	1099898	34075	0
sub-07_2	7	Nothing	45	1114823	49000	1			49000		other	0
sub-07_2	7	Pulse	255	1119898	54075	0
sub-07_2	7	Picture	test	1130009	64186	1	10170	1	64000	10000	hit	66
sub-07_2	7	Response	2	1137168	71346	1
sub-07_2	7	Pulse	255	1139898	74075	0
sub-07_2	8	Picture	grid	1140346	0	1	4168	1	0	4000	other	0
sub-07_2	8	Picture	41	1144513	4168	1	15171	1	4000	15000	other	0
sub-07_2	8	Picture	maintenance	1159685	19339	1	30176	1	19000	30000	other	0
sub-07_2	8	Pulse	255	1159898	19553	0
sub-07_2	8	Pulse	255	1179898	39553	0
sub-07_2	8	Nothing	90	1189346	49000	1			49000		other	0
sub-07_2	8	Pulse	255	1199899	59553	0
sub-07_2	8	Picture	test	1204532	64186	1	15171	1	64000	15000	miss	0
sub-07_2	8	Response	2	1212969	72624	1
sub-07_2	9	Picture	grid	1219870	0	1	4168	1	0	4000	other	0
sub-07_2	9	Pulse	255	1219899	29	0
sub-07_2	9	Picture	61	1224038	4168	1	15171	1	4000	15000	other	0
sub-07_2	9	Picture	maintenance	1239209	19339	1	30176	1	19000	30000	other	0
sub-07_2	9	Pulse	255	1239899	20029	0
sub-07_2	9	Pulse	255	1259899	40029	0
sub-07_2	9	Nothing	90	1268870	49000	1			49000		other	0
sub-07_2	9	Pulse	255	1279899	60029	0
sub-07_2	9	Picture	test	1284056	64186	1	25174	1	64000	25000	hit	86
sub-07_2	9	Response	2	1294970	75100	1
sub-07_2	9	Pulse	255	1299899	80029	0
sub-07_2	10	Picture	grid	1309397	0	1	4168	1	0	4000	other	0
sub-07_2	10	Picture	41	1313565	4168	1	15171	1	4000	15000	other	0
sub-07_2	10	Pulse	255	1319898	10501	0
sub-07_2	10	Picture	maintenance	1328736	19339	1	30176	1	19000	30000	other	0
sub-07_2	10	Pulse	255	1339899	30502	0
sub-07_2	10	Nothing	90	1358397	49000	1			49000		other	0
sub-07_2	10	Pulse	255	1359899	50502	0
sub-07_2	10	Picture	test	1373584	64186	1	35177	1	64000	35000	hit	97
sub-07_2	10	Pulse	255	1379900	70503	0
sub-07_2	10	Response	2	1380909	71512	1
sub-07_2	10	Pulse	255	1399899	90502	0
sub-07_2	11	Picture	grid	1408928	0	1	4168	1	0	4000	other	0
sub-07_2	11	Picture	61	1413096	4168	1	15171	1	4000	15000	other	0
sub-07_2	11	Pulse	255	1419899	10972	0
sub-07_2	11	Picture	maintenance	1428267	19339	1	30176	1	19000	30000	other	0
sub-07_2	11	Pulse	255	1439899	30972	0
sub-07_2	11	Nothing	90	1457928	49000	1			49000		other	0
sub-07_2	11	Pulse	255	1459899	50972	0
sub-07_2	11	Picture	test	1473114	64186	1	45180	1	64000	45000	hit	108
sub-07_2	11	Pulse	255	1479899	70972	0
sub-07_2	11	Response	2	1482640	73712	1
sub-07_2	11	Pulse	255	1499900	90972	0
sub-07_2	12	Picture	grid	1518461	0	1	4168	1	0	4000	other	0
sub-07_2	12	Pulse	255	1519900	1439	0
sub-07_2	12	Picture	20	1522629	4168	1	15171	1	4000	15000	other	0
sub-07_2	12	Picture	maintenance	1537800	19339	1	30176	1	19000	30000	other	0
sub-07_2	12	Pulse	255	1539900	21439	0
sub-07_2	12	Pulse	255	1559900	41438	0
sub-07_2	12	Nothing	25	1567461	49000	1			49000		other	0
sub-07_2	12	Pulse	255	1579900	61439	0
sub-07_2	12	Picture	test	1582481	64020	1	15171	1	64000	15000	hit	119
sub-07_2	12	Response	2	1589530	71069	1
sub-07_2	13	Picture	grid	1597819	0	1	4168	1	0	4000	other	0
sub-07_2	13	Pulse	255	1599900	2081	0
sub-07_2	13	Picture	40	1601987	4168	1	15171	1	4000	15000	other	0
sub-07_2	13	Picture	maintenance	1617158	19339	1	30176	1	19000	30000	other	0
sub-07_2	13	Pulse	255	1619900	22081	0
sub-07_2	13	Pulse	255	1639900	42081	0
sub-07_2	13	Nothing	45	1646819	49000	1			49000		other	0
sub-07_2	13	Pulse	255	1659900	62081	0
sub-07_2	13	Picture	test	1662005	64186	1	30176	1	64000	30000	hit	129
sub-07_2	13	Response	1	1669731	71912	1
sub-07_2	13	Pulse	255	1679900	82082	0
sub-07_2	14	Picture	grid	1692348	0	1	4168	1	0	4000	other	0
sub-07_2	14	Picture	41	1696516	4168	1	15171	1	4000	15000	other	0
sub-07_2	14	Pulse	255	1699900	7553	0
sub-07_2	14	Picture	maintenance	1711687	19339	1	30176	1	19000	30000	other	0
sub-07_2	14	Pulse	255	1719900	27553	0
sub-07_2	14	Pulse	255	1739900	47553	0
sub-07_2	14	Nothing	90	1741348	49000	1			49000		other	0
sub-07_2	14	Picture	test	1756534	64186	1	20173	1	64000	20000	miss	0
sub-07_2	14	Pulse	255	1759900	67553	0
sub-07_2	14	Response	2	1764610	72263	1
sub-07_2	15	Picture	grid	1776873	0	1	4168	1	0	4000	other	0
sub-07_2	15	Pulse	255	1779901	3027	0
sub-07_2	15	Picture	60	1781041	4168	1	15171	1	4000	15000	other	0
sub-07_2	15	Picture	maintenance	1796213	19339	1	30176	1	19000	30000	other	0
sub-07_2	15	Pulse	255	1799901	23027	0
sub-07_2	15	Pulse	255	1819901	43027	0
sub-07_2	15	Nothing	65	1825873	49000	1			49000		other	0
sub-07_2	15	Pulse	255	1839901	63027	0
sub-07_2	15	Picture	test	1841060	64186	1	15171	1	64000	15000	hit	150
sub-07_2	15	Response	2	1849121	72247	1
sub-07_2	16	Picture	grid	1856398	0	1	4168	1	0	4000	other	0
sub-07_2	16	Pulse	255	1859901	3503	0
sub-07_2	16	Picture	20	1860566	4168	1	15171	1	4000	15000	other	0
sub-07_2	16	Picture	maintenance	1875737	19339	1	30176	1	19000	30000	other	0
sub-07_2	16	Pulse	255	1879901	23503	0
sub-07_2	16	Pulse	255	1899901	43503	0
sub-07_2	16	Nothing	25	1905398	49000	1			49000		other	0
sub-07_2	16	Pulse	255	1919901	63503	0
sub-07_2	16	Picture	test	1920584	64186	1	40179	1	64000	40000	hit	160
sub-07_2	16	Response	2	1931281	74883	1
sub-07_2	16	Pulse	255	1939901	83503	0
sub-07_2	16	Pulse	255	1959901	103503	0
sub-07_2	17	Picture	grid	1960930	0	1	4168	1	0	4000	other	0
sub-07_2	17	Picture	21	1965098	4168	1	15171	1	4000	15000	other	0
sub-07_2	17	Pulse	255	1979901	18971	0
sub-07_2	17	Picture	maintenance	1980269	19339	1	30176	1	19000	30000	other	0
sub-07_2	17	Pulse	255	1999901	38972	0
sub-07_2	17	Nothing	90	2009930	49000	1			49000		other	0
sub-07_2	17	Pulse	255	2019902	58972	0
sub-07_2	17	Picture	test	2025116	64186	1	20173	1	64000	20000	hit	171
sub-07_2	17	Response	2	2033781	72852	1
sub-07_2	17	Pulse	255	2039900	78971	0
sub-07_2	18	Picture	grid	2045456	0	1	4168	1	0	4000	other	0
sub-07_2	18	Picture	20	2049624	4168	1	15171	1	4000	15000	other	0
sub-07_2	18	Pulse	255	2059902	14446	0
sub-07_2	18	Picture	maintenance	2064795	19339	1	30176	1	19000	30000	other	0
sub-07_2	18	Pulse	255	2079902	34446	0
sub-07_2	18	Nothing	25	2094456	49000	1			49000		other	0
sub-07_2	18	Pulse	255	2099902	54447	0
sub-07_2	18	Picture	test	2109642	64186	1	30176	1	64000	30000	hit	181
sub-07_2	18	Response	1	2118972	73516	1
sub-07_2	18	Pulse	255	2119902	74447	0
sub-07_2	18	Pulse	255	2139902	94446	0
sub-07_2	19	Picture	grid	2139984	0	1	4168	1	0	4000	other	0
sub-07_2	19	Picture	60	2144152	4168	1	15171	1	4000	15000	other	0
sub-07_2	19	Picture	maintenance	2159324	19339	1	30176	1	19000	30000	other	0
sub-07_2	19	Pulse	255	2159902	19918	0
sub-07_2	19	Pulse	255	2179902	39917	0
sub-07_2	19	Nothing	65	2188984	49000	1			49000		other	0
sub-07_2	19	Pulse	255	2199902	59917	0
sub-07_2	19	Picture	test	2204171	64186	1	10170	1	64000	10000	miss	0
sub-07_2	20	Picture	grid	2214507	0	1	4168	1	0	4000	other	0
sub-07_2	20	Response	1	2214852	345	1
sub-07_2	20	Picture	20	2218675	4168	1	15171	1	4000	15000	other	0
sub-07_2	20	Pulse	255	2219902	5395	0
sub-07_2	20	Picture	maintenance	2233847	19339	1	30176	1	19000	30000	other	0
sub-07_2	20	Pulse	255	2239902	25395	0
sub-07_2	20	Pulse	255	2259902	45395	0
sub-07_2	20	Nothing	25	2263507	49000	1			49000		other	0
sub-07_2	20	Picture	test	2278694	64186	1	35177	1	64000	35000	hit	202
sub-07_2	20	Pulse	255	2279902	65395	0
sub-07_2	20	Response	2	2286333	71826	1
sub-07_2	20	Pulse	255	2299902	85395	0
sub-07_2	21	Picture	grid	2314038	0	1	4168	1	0	4000	other	0
sub-07_2	21	Picture	20	2318206	4168	1	15171	1	4000	15000	other	0
sub-07_2	21	Pulse	255	2319903	5865	0
sub-07_2	21	Picture	maintenance	2333377	19339	1	30176	1	19000	30000	other	0
sub-07_2	21	Pulse	255	2339903	25865	0
sub-07_2	21	Pulse	255	2359902	45864	0
sub-07_2	21	Nothing	25	2363038	49000	1			49000		other	0
sub-07_2	21	Picture	test	2378224	64186	1	25174	1	64000	25000	hit	213
sub-07_2	21	Pulse	255	2379903	65865	0
sub-07_2	21	Response	1	2387293	73255	1
sub-07_2	21	Pulse	255	2399903	85865	0
sub-07_2	22	Picture	grid	2403565	0	1	4168	1	0	4000	other	0
sub-07_2	22	Picture	41	2407733	4168	1	15171	1	4000	15000	other	0
sub-07_2	22	Pulse	255	2419903	16338	0
sub-07_2	22	Picture	maintenance	2422904	19339	1	30176	1	19000	30000	other	0
sub-07_2	22	Pulse	255	2439903	36338	0
sub-07_2	22	Nothing	90	2452565	49000	1			49000		other	0
sub-07_2	22	Pulse	255	2459903	56338	0
sub-07_2	22	Picture	test	2467751	64186	1	55184	1	64000	55000	hit	223
sub-07_2	22	Response	2	2478093	74528	1
sub-07_2	22	Pulse	255	2479903	76338	0
sub-07_2	22	Pulse	255	2499903	96338	0
sub-07_2	22	Pulse	255	2519903	116338	0
sub-07_2	23	Picture	grid	2523102	0	1	4168	1	0	4000	other	0
sub-07_2	23	Picture	40	2527270	4168	1	15171	1	4000	15000	other	0
sub-07_2	23	Pulse	255	2539903	16802	0
sub-07_2	23	Picture	maintenance	2542441	19339	1	30176	1	19000	30000	other	0
sub-07_2	23	Pulse	255	2559903	36802	0
sub-07_2	23	Nothing	45	2572102	49000	1			49000		other	0
sub-07_2	23	Pulse	255	2579903	56802	0
sub-07_2	23	Picture	test	2587288	64186	1	15171	1	64000	15000	hit	235
sub-07_2	23	Response	2	2596774	73672	1
sub-07_2	23	Pulse	255	2599904	76802	0
sub-07_2	24	Picture	grid	2602626	0	1	4168	1	0	4000	other	0
sub-07_2	24	Picture	61	2606794	4168	1	15171	1	4000	15000	other	0
sub-07_2	24	Pulse	255	2619903	17278	0
sub-07_2	24	Picture	maintenance	2621965	19339	1	30176	1	19000	30000	other	0
sub-07_2	24	Pulse	255	2639904	37278	0
sub-07_2	24	Nothing	90	2651626	49000	1			49000		other	0
sub-07_2	24	Pulse	255	2659904	57278	0
sub-07_2	24	Picture	test	2666812	64186	1	50182	1	64000	50000	hit	245
sub-07_2	24	Response	2	2674724	72098	1
sub-07_2	24	Pulse	255	2679904	77278	0
sub-07_2	24	Pulse	255	2699904	97278	0
sub-07_2	25	Picture	grid	2717161	0	1	4168	1	0	4000	other	0
sub-07_2	25	Pulse	255	2719904	2743	0
sub-07_2	25	Picture	60	2721329	4168	1	15171	1	4000	15000	other	0
sub-07_2	25	Picture	maintenance	2736500	19339	1	30176	1	19000	30000	other	0
sub-07_2	25	Pulse	255	2739904	22743	0
sub-07_2	25	Pulse	255	2759904	42743	0
sub-07_2	25	Nothing	65	2766161	49000	1			49000		other	0
sub-07_2	25	Pulse	255	2779904	62743	0
sub-07_2	25	Picture	test	2781347	64186	1	60185	1	64000	60000	hit	257
sub-07_2	25	Response	2	2787965	70804	1
sub-07_2	25	Pulse	255	2799904	82743	0
sub-07_2	25	Pulse	255	2819904	102743	0
sub-07_2	25	Pulse	255	2839904	122743	0
sub-07_2	26	Picture	grid	2841699	0	1	4168	1	0	4000	other	0
sub-07_2	26	Picture	41	2845867	4168	1	15171	1	4000	15000	other	0
sub-07_2	26	Pulse	255	2859905	18206	0
sub-07_2	26	Picture	maintenance	2861038	19339	1	30176	1	19000	30000	other	0
sub-07_2	26	Pulse	255	2879904	38204	0
sub-07_2	26	Nothing	90	2890699	49000	1			49000		other	0
sub-07_2	26	Pulse	255	2899904	58205	0
sub-07_2	26	Picture	test	2905885	64186	1	20173	1	64000	20000	hit	269
sub-07_2	26	Response	2	2914215	72516	1
sub-07_2	26	Pulse	255	2919905	78205	0
sub-07_2	27	Picture	grid	2926225	0	1	4168	1	0	4000	other	0
sub-07_2	27	Picture	21	2930393	4168	1	15171	1	4000	15000	other	0
sub-07_2	27	Pulse	255	2939905	13680	0
sub-07_2	27	Picture	maintenance	2945564	19339	1	30176	1	19000	30000	other	0
sub-07_2	27	Pulse	255	2959905	33680	0
sub-07_2	27	Nothing	90	2975225	49000	1			49000		other	0
sub-07_2	27	Pulse	255	2979905	53680	0
sub-07_2	27	Picture	test	2990411	64186	1	15171	1	64000	15000	miss	0
sub-07_2	27	Response	2	2997965	71740	1
sub-07_2	27	Pulse	255	2999905	73680	0
sub-07_2	28	Picture	grid	3005749	0	1	4168	1	0	4000	other	0
sub-07_2	28	Picture	60	3009917	4168	1	15171	1	4000	15000	other	0
sub-07_2	28	Pulse	255	3019905	14156	0
sub-07_2	28	Picture	maintenance	3025088	19339	1	30176	1	19000	30000	other	0
sub-07_2	28	Pulse	255	3039905	34156	0
sub-07_2	28	Nothing	65	3054749	49000	1			49000		other	0
sub-07_2	28	Pulse	255	3059905	54156	0
sub-07_2	28	Picture	test	3069936	64186	1	40179	1	64000	40000	hit	290
sub-07_2	28	Pulse	255	3079905	74156	0
sub-07_2	28	Response	1	3083875	78126	1
sub-07_2	28	Pulse	255	3099895	94146	0
sub-07_2	29	Picture	grid	3110281	0	1	4168	1	0	4000	other	0
sub-07_2	29	Picture	61	3114449	4168	1	15171	1	4000	15000	other	0
sub-07_2	29	Pulse	255	3119895	9614	0
sub-07_2	29	Picture	maintenance	3129620	19339	1	30176	1	19000	30000	other	0
sub-07_2	29	Pulse	255	3139895	29614	0
sub-07_2	29	Nothing	90	3159281	49000	1			49000		other	0
sub-07_2	29	Pulse	255	3159896	49614	0
sub-07_2	29	Picture	test	3174467	64186	1	60185	1	64000	60000	miss	0
sub-07_2	29	Pulse	255	3179895	69614	0
sub-07_2	29	Response	2	3181175	70894	1
sub-07_2	29	Pulse	255	3199895	89614	0
sub-07_2	29	Pulse	255	3219896	109615	0
sub-07_2	30	Picture	grid	3234819	0	1	4168	1	0	4000	other	0
sub-07_2	30	Picture	40	3238987	4168	1	15171	1	4000	15000	other	0
sub-07_2	30	Pulse	255	3239896	5077	0
sub-07_2	30	Picture	maintenance	3254159	19339	1	30176	1	19000	30000	other	0
sub-07_2	30	Pulse	255	3259896	25077	0
sub-07_2	30	Pulse	255	3279896	45077	0
sub-07_2	30	Nothing	45	3283819	49000	1			49000		other	0
sub-07_2	30	Picture	test	3299006	64186	1	30176	1	64000	30000	hit	313
sub-07_2	30	Pulse	255	3299896	65077	0
sub-07_2	30	Response	2	3308367	73547	1
sub-07_2	30	Pulse	255	3319896	85077	0
sub-07_2	31	Picture	grid	3329348	0	1	4168	1	0	4000	other	0
sub-07_2	31	Picture	60	3333516	4168	1	15171	1	4000	15000	other	0
sub-07_2	31	Pulse	255	3339896	10548	0
sub-07_2	31	Picture	maintenance	3348687	19339	1	30176	1	19000	30000	other	0
sub-07_2	31	Pulse	255	3359896	30548	0
sub-07_2	31	Nothing	65	3378348	49000	1			49000		other	0
sub-07_2	31	Pulse	255	3379896	50548	0
sub-07_2	31	Picture	test	3393534	64186	1	40179	1	64000	40000	hit	324
sub-07_2	31	Pulse	255	3399896	70548	0
sub-07_2	31	Response	1	3402046	72698	1
sub-07_2	31	Pulse	255	3419896	90548	0
sub-07_2	32	Picture	grid	3433880	0	1	4168	1	0	4000	other	0
sub-07_2	32	Picture	21	3438048	4168	1	15171	1	4000	15000	other	0
sub-07_2	32	Pulse	255	3439897	6017	0
sub-07_2	32	Picture	maintenance	3453219	19339	1	30176	1	19000	30000	other	0
sub-07_2	32	Pulse	255	3459897	26017	0
sub-07_2	32	Pulse	255	3479897	46016	0
sub-07_2	32	Nothing	90	3482880	49000	1			49000		other	0
sub-07_2	32	Picture	test	3498066	64186	1	35177	1	64000	35000	hit	335
sub-07_2	32	Pulse	255	3499897	66016	0
sub-07_2	32	Response	2	3504887	71007	1
sub-07_2	32	Pulse	255	3519897	86017	0
sub-07_2	33	Picture	grid	3533411	0	1	4168	1	0	4000	other	0
sub-07_2	33	Picture	21	3537579	4168	1	15171	1	4000	15000	other	0
sub-07_2	33	Pulse	255	3539897	6486	0
sub-07_2	33	Picture	maintenance	3552750	19339	1	30176	1	19000	30000	other	0
sub-07_2	33	Pulse	255	3559897	26486	0
sub-07_2	33	Pulse	255	3579897	46486	0
sub-07_2	33	Nothing	90	3582411	49000	1			49000		other	0
sub-07_2	33	Picture	test	3597597	64186	1	15171	1	64000	15000	miss	0
sub-07_2	33	Pulse	255	3599897	66486	0
sub-07_2	33	Response	2	3606946	73536	1
sub-07_2	34	Picture	grid	3612935	0	1	4168	1	0	4000	other	0
sub-07_2	34	Picture	41	3617103	4168	1	15171	1	4000	15000	other	0
sub-07_2	34	Pulse	255	3619897	6962	0
sub-07_2	34	Picture	maintenance	3632274	19339	1	30176	1	19000	30000	other	0
sub-07_2	34	Pulse	255	3639898	26963	0
sub-07_2	34	Pulse	255	3659897	46962	0
sub-07_2	34	Nothing	90	3661935	49000	1			49000		other	0
sub-07_2	34	Picture	test	3677121	64186	1	20173	1	64000	20000	miss	0
sub-07_2	34	Pulse	255	3679898	66963	0
sub-07_2	34	Response	2	3685197	72263	1
sub-07_2	35	Picture	grid	3697461	0	1	4168	1	0	4000	other	0
sub-07_2	35	Pulse	255	3699898	2437	0
sub-07_2	35	Picture	21	3701629	4168	1	15171	1	4000	15000	other	0
sub-07_2	35	Picture	maintenance	3716800	19339	1	30176	1	19000	30000	other	0
sub-07_2	35	Pulse	255	3719898	22437	0
sub-07_2	35	Pulse	255	3739898	42437	0
sub-07_2	35	Nothing	90	3746461	49000	1			49000		other	0
sub-07_2	35	Pulse	255	3759898	62437	0
sub-07_2	35	Picture	test	3761647	64186	1	55184	1	64000	55000	miss	0
sub-07_2	35	Response	2	3770818	73357	1
sub-07_2	35	Pulse	255	3779897	82437	0
sub-07_2	35	Pulse	255	3799898	102437	0
sub-07_2	36	Picture	grid	3816997	0	1	4168	1	0	4000	other	0
sub-07_2	36	Pulse	255	3819898	2901	0
sub-07_2	36	Picture	20	3821165	4168	1	15171	1	4000	15000	other	0
sub-07_2	36	Picture	maintenance	3836337	19339	1	30176	1	19000	30000	other	0
sub-07_2	36	Pulse	255	3839898	22901	0
sub-07_2	36	Pulse	255	3859898	42901	0
sub-07_2	36	Nothing	25	3865997	49000	1			49000		other	0
sub-07_2	36	Pulse	255	3879898	62901	0
sub-07_2	36	Picture	test	3881184	64186	1	60185	1	64000	60000	hit	378
sub-07_2	36	Response	1	3888558	71561	1
sub-07_2	36	Pulse	255	3899898	82901	0
sub-07_2	36	Pulse	255	3919898	102901	0
sub-07_2	36	Pulse	255	3939898	122901	0
sub-07_2	37	Picture	grid	3941535	0	1	4168	1	0	4000	other	0
sub-07_2	37	Picture	61	3945703	4168	1	15171	1	4000	15000	other	0
sub-07_2	37	Pulse	255	3959899	18363	0
sub-07_2	37	Picture	maintenance	3960875	19339	1	30176	1	19000	30000	other	0
sub-07_2	37	Pulse	255	3979899	38363	0
sub-07_2	37	Nothing	90	3990535	49000	1			49000		other	0
sub-07_2	37	Pulse	255	3999898	58363	0
sub-07_2	37	Picture	test	4005722	64186	1	30176	1	64000	30000	miss	0
sub-07_2	37	Response	2	4012079	70543	1
sub-07_2	37	Pulse	255	4019898	78363	0
