Scenario - loca_mvis
Logfile written - 05/29/2018 09:59:04

Subject	Trial	Event Type	Code	Time	TTime	Uncertainty	Duration	Uncertainty	ReqTime	ReqDur	Stim Type	Pair Index

sub-11_1	0	Pulse	255	660319	660319	0
sub-11_1	1	Picture	p_startup	660366	0	1	88194	1	0	88000	other	0
sub-11_1	1	Pulse	255	680319	19953	0
sub-11_1	1	Pulse	255	700319	39953	0
sub-11_1	1	Pulse	255	720318	59953	0
sub-11_1	1	Pulse	255	740319	79953	0
sub-11_1	2	Picture	grid	748726	0	1	4168	1	0	4000	other	0
sub-11_1	2	Picture	61	752894	4168	1	15171	1	4000	15000	other	0
sub-11_1	2	Pulse	255	760319	11593	0
sub-11_1	2	Picture	maintenance	768065	19339	1	30176	1	19000	30000	other	0
sub-11_1	2	Pulse	255	780320	31594	0
sub-11_1	2	Nothing	90	797726	49000	1			49000		other	0
sub-11_1	2	Pulse	255	800320	51594	0
sub-11_1	2	Picture	test	812746	64020	1	15171	1	64000	15000	hit	16
sub-11_1	2	Pulse	255	820320	71594	0
sub-11_1	2	Response	1	823279	74554	1
sub-11_1	3	Picture	grid	828084	0	1	4168	1	0	4000	other	0
sub-11_1	3	Picture	20	832252	4168	1	15171	1	4000	15000	other	0
sub-11_1	3	Pulse	255	840320	12236	0
sub-11_1	3	Picture	maintenance	847423	19339	1	30176	1	19000	30000	other	0
sub-11_1	3	Pulse	255	860320	32236	0
sub-11_1	3	Nothing	25	877084	49000	1			49000		other	0
sub-11_1	3	Pulse	255	880320	52236	0
sub-11_1	3	Picture	test	892270	64186	1	25174	1	64000	25000	hit	25
sub-11_1	3	Response	1	898850	70766	1
sub-11_1	3	Pulse	255	900320	72236	0
sub-11_1	4	Picture	grid	917611	0	1	4168	1	0	4000	other	0
sub-11_1	4	Pulse	255	920320	2709	0
sub-11_1	4	Picture	20	921779	4168	1	15171	1	4000	15000	other	0
sub-11_1	4	Picture	maintenance	936950	19339	1	30176	1	19000	30000	other	0
sub-11_1	4	Pulse	255	940320	22709	0
sub-11_1	4	Pulse	255	960320	42709	0
sub-11_1	4	Nothing	25	966611	49000	1			49000		other	0
sub-11_1	4	Pulse	255	980320	62709	0
sub-11_1	4	Picture	test	981797	64186	1	45181	1	64000	45000	hit	36
sub-11_1	4	Response	2	989560	71949	1
sub-11_1	4	Pulse	255	1000320	82709	0
sub-11_1	4	Pulse	255	1020320	102709	0
sub-11_1	5	Picture	grid	1027145	0	1	4168	1	0	4000	other	0
sub-11_1	5	Picture	41	1031313	4168	1	15171	1	4000	15000	other	0
sub-11_1	5	Pulse	255	1040320	13175	0
sub-11_1	5	Picture	maintenance	1046484	19339	1	30176	1	19000	30000	other	0
sub-11_1	5	Pulse	255	1060320	33176	0
sub-11_1	5	Nothing	90	1076145	49000	1			49000		other	0
sub-11_1	5	Pulse	255	1080320	53176	0
sub-11_1	5	Picture	test	1091331	64186	1	60185	1	64000	60000	miss	0
sub-11_1	5	Pulse	255	1100320	73176	0
sub-11_1	5	Response	1	1100679	73535	1
sub-11_1	5	Pulse	255	1120321	93176	0
sub-11_1	5	Pulse	255	1140321	113176	0
sub-11_1	6	Picture	grid	1151683	0	1	4168	1	0	4000	other	0
sub-11_1	6	Picture	21	1155851	4168	1	15171	1	4000	15000	other	0
sub-11_1	6	Pulse	255	1160320	8638	0
sub-11_1	6	Picture	maintenance	1171022	19339	1	30176	1	19000	30000	other	0
sub-11_1	6	Pulse	255	1180321	28638	0
sub-11_1	6	Pulse	255	1200321	48638	0
sub-11_1	6	Nothing	90	1200683	49000	1			49000		other	0
sub-11_1	6	Picture	test	1215869	64186	1	20173	1	64000	20000	hit	60
sub-11_1	6	Pulse	255	1220321	68638	0
sub-11_1	6	Response	1	1227921	76238	1
sub-11_1	7	Picture	grid	1236209	0	1	4168	1	0	4000	other	0
sub-11_1	7	Pulse	255	1240320	4112	0
sub-11_1	7	Picture	40	1240377	4168	1	15171	1	4000	15000	other	0
sub-11_1	7	Picture	maintenance	1255548	19339	1	30176	1	19000	30000	other	0
sub-11_1	7	Pulse	255	1260321	24113	0
sub-11_1	7	Pulse	255	1280321	44112	0
sub-11_1	7	Nothing	45	1285209	49000	1			49000		other	0
sub-11_1	7	Pulse	255	1300322	64113	0
sub-11_1	7	Picture	test	1300395	64186	1	15171	1	64000	15000	miss	0
sub-11_1	8	Picture	grid	1315733	0	1	4168	1	0	4000	other	0
sub-11_1	8	Response	2	1315911	178	1
sub-11_1	8	Picture	21	1319901	4168	1	15171	1	4000	15000	other	0
sub-11_1	8	Pulse	255	1320321	4588	0
sub-11_1	8	Picture	maintenance	1335072	19339	1	30176	1	19000	30000	other	0
sub-11_1	8	Pulse	255	1340321	24588	0
sub-11_1	8	Pulse	255	1360322	44589	0
sub-11_1	8	Nothing	90	1364733	49000	1			49000		other	0
sub-11_1	8	Picture	test	1379919	64186	1	15171	1	64000	15000	hit	80
sub-11_1	8	Pulse	255	1380320	64587	0
sub-11_1	8	Response	1	1387341	71608	1
sub-11_1	9	Picture	grid	1395257	0	1	4168	1	0	4000	other	0
sub-11_1	9	Picture	60	1399425	4168	1	15171	1	4000	15000	other	0
sub-11_1	9	Pulse	255	1400322	5065	0
sub-11_1	9	Picture	maintenance	1414597	19339	1	30176	1	19000	30000	other	0
sub-11_1	9	Pulse	255	1420322	25064	0
sub-11_1	9	Pulse	255	1440322	45065	0
sub-11_1	9	Nothing	65	1444257	49000	1			49000		other	0
sub-11_1	9	Picture	test	1459444	64186	1	45181	1	64000	45000	hit	90
sub-11_1	9	Pulse	255	1460322	65065	0
sub-11_1	9	Response	2	1467431	72174	1
sub-11_1	9	Pulse	255	1480322	85065	0
sub-11_1	9	Pulse	255	1500322	105064	0
sub-11_1	10	Picture	grid	1504791	0	1	4168	1	0	4000	other	0
sub-11_1	10	Picture	21	1508959	4168	1	15171	1	4000	15000	other	0
sub-11_1	10	Pulse	255	1520322	15531	0
sub-11_1	10	Picture	maintenance	1524130	19339	1	30176	1	19000	30000	other	0
sub-11_1	10	Pulse	255	1540321	35530	0
sub-11_1	10	Nothing	90	1553791	49000	1			49000		other	0
sub-11_1	10	Pulse	255	1560321	55530	0
sub-11_1	10	Picture	test	1568977	64186	1	10170	1	64000	10000	hit	101
sub-11_1	10	Response	2	1573432	68642	1
sub-11_1	11	Picture	grid	1579314	0	1	4168	1	0	4000	other	0
sub-11_1	11	Pulse	255	1580322	1008	0
sub-11_1	11	Picture	61	1583482	4168	1	15171	1	4000	15000	other	0
sub-11_1	11	Picture	maintenance	1598653	19339	1	30176	1	19000	30000	other	0
sub-11_1	11	Pulse	255	1600322	21008	0
sub-11_1	11	Pulse	255	1620322	41008	1
sub-11_1	11	Nothing	90	1628314	49000	1			49000		other	0
sub-11_1	11	Pulse	255	1640321	61008	0
sub-11_1	11	Picture	test	1643500	64186	1	45180	1	64000	45000	hit	111
sub-11_1	11	Response	2	1653483	74169	1
sub-11_1	11	Pulse	255	1660323	81009	0
sub-11_1	11	Pulse	255	1680322	101009	0
sub-11_1	12	Picture	grid	1688847	0	1	4168	1	0	4000	other	0
sub-11_1	12	Picture	60	1693015	4168	1	15171	1	4000	15000	other	0
sub-11_1	12	Pulse	255	1700323	11476	0
sub-11_1	12	Picture	maintenance	1708186	19339	1	30176	1	19000	30000	other	0
sub-11_1	12	Pulse	255	1720322	31475	0
sub-11_1	12	Nothing	65	1737847	49000	1			49000		other	0
sub-11_1	12	Pulse	255	1740322	51475	0
sub-11_1	12	Picture	test	1753033	64186	1	35177	1	64000	35000	hit	123
sub-11_1	12	Pulse	255	1760323	71476	0
sub-11_1	12	Response	1	1761063	72216	1
sub-11_1	12	Pulse	255	1780323	91476	0
sub-11_1	13	Picture	grid	1788378	0	1	4168	1	0	4000	other	0
sub-11_1	13	Picture	21	1792546	4168	1	15171	1	4000	15000	other	0
sub-11_1	13	Pulse	255	1800323	11946	0
sub-11_1	13	Picture	maintenance	1807717	19339	1	30176	1	19000	30000	other	0
sub-11_1	13	Pulse	255	1820323	31946	0
sub-11_1	13	Nothing	90	1837378	49000	1			49000		other	0
sub-11_1	13	Pulse	255	1840323	51945	0
sub-11_1	13	Picture	test	1852564	64186	1	15171	1	64000	15000	hit	133
sub-11_1	13	Response	2	1857903	69526	1
sub-11_1	13	Pulse	255	1860323	71945	0
sub-11_1	14	Picture	grid	1867902	0	1	4168	1	0	4000	other	0
sub-11_1	14	Picture	41	1872070	4168	1	15171	1	4000	15000	other	0
sub-11_1	14	Pulse	255	1880324	12422	0
sub-11_1	14	Picture	maintenance	1887241	19339	1	30176	1	19000	30000	other	0
sub-11_1	14	Pulse	255	1900323	32422	0
sub-11_1	14	Nothing	90	1916902	49000	1			49000		other	0
sub-11_1	14	Pulse	255	1920323	52421	0
sub-11_1	14	Picture	test	1932088	64186	1	15171	1	64000	15000	hit	144
sub-11_1	14	Pulse	255	1940324	72422	0
sub-11_1	14	Response	1	1943454	75552	1
sub-11_1	15	Picture	grid	1947426	0	1	4168	1	0	4000	other	0
sub-11_1	15	Picture	60	1951594	4168	1	15171	1	4000	15000	other	0
sub-11_1	15	Pulse	255	1960324	12898	0
sub-11_1	15	Picture	maintenance	1966766	19339	1	30176	1	19000	30000	other	0
sub-11_1	15	Pulse	255	1980324	32898	0
sub-11_1	15	Nothing	65	1996426	49000	1			49000		other	0
sub-11_1	15	Pulse	255	2000324	52898	0
sub-11_1	15	Picture	test	2011446	64020	1	25174	1	64000	25000	hit	154
sub-11_1	15	Pulse	255	2020323	72897	0
sub-11_1	15	Response	2	2020514	73088	1
sub-11_1	16	Picture	grid	2036787	0	1	4168	1	0	4000	other	0
sub-11_1	16	Pulse	255	2040323	3536	0
sub-11_1	16	Picture	41	2040955	4168	1	15171	1	4000	15000	other	0
sub-11_1	16	Picture	maintenance	2056126	19339	1	30176	1	19000	30000	other	0
sub-11_1	16	Pulse	255	2060323	23536	0
sub-11_1	16	Pulse	255	2080324	43537	0
sub-11_1	16	Nothing	90	2085787	49000	1			49000		other	0
sub-11_1	16	Pulse	255	2100325	63538	0
sub-11_1	16	Picture	test	2100973	64186	1	35177	1	64000	35000	hit	164
sub-11_1	16	Response	2	2109644	72857	1
sub-11_1	16	Pulse	255	2120324	83537	0
sub-11_1	17	Picture	grid	2136317	0	1	4168	1	0	4000	other	0
sub-11_1	17	Pulse	255	2140325	4007	0
sub-11_1	17	Picture	61	2140485	4168	1	15171	1	4000	15000	other	0
sub-11_1	17	Picture	maintenance	2155657	19339	1	30176	1	19000	30000	other	0
sub-11_1	17	Pulse	255	2160323	24006	0
sub-11_1	17	Pulse	255	2180325	44007	0
sub-11_1	17	Nothing	90	2185317	49000	1			49000		other	0
sub-11_1	17	Pulse	255	2200324	64007	0
sub-11_1	17	Picture	test	2200504	64186	1	15171	1	64000	15000	miss	0
sub-11_1	18	Picture	grid	2215842	0	1	4168	1	0	4000	other	0
sub-11_1	18	Picture	41	2220010	4168	1	15171	1	4000	15000	other	0
sub-11_1	18	Pulse	255	2220315	4473	0
sub-11_1	18	Response	2	2232985	17143	1
sub-11_1	18	Picture	maintenance	2235181	19339	1	30176	1	19000	30000	other	0
sub-11_1	18	Pulse	255	2240314	24472	0
sub-11_1	18	Pulse	255	2260315	44473	0
sub-11_1	18	Nothing	90	2264842	49000	1			49000		other	0
sub-11_1	18	Picture	test	2280028	64186	1	20173	1	64000	20000	miss	0
sub-11_1	18	Pulse	255	2280315	64473	0
sub-11_1	18	Pulse	255	2300316	84474	0
sub-11_1	19	Picture	grid	2300368	0	1	4168	1	0	4000	other	0
sub-11_1	19	Picture	40	2304536	4168	1	15171	1	4000	15000	other	0
sub-11_1	19	Picture	maintenance	2319707	19339	1	30176	1	19000	30000	other	0
sub-11_1	19	Pulse	255	2320314	19946	0
sub-11_1	19	Pulse	255	2340314	39947	0
sub-11_1	19	Nothing	45	2349368	49000	1			49000		other	0
sub-11_1	19	Pulse	255	2360315	59948	0
sub-11_1	19	Picture	test	2364554	64186	1	40179	1	64000	40000	hit	196
sub-11_1	19	Response	2	2376525	76157	1
sub-11_1	19	Pulse	255	2380315	79947	0
sub-11_1	19	Response	1	2382846	82478	1
sub-11_1	19	Pulse	255	2400315	99948	0
sub-11_1	20	Picture	grid	2404900	0	1	4168	1	0	4000	other	0
sub-11_1	20	Picture	60	2409068	4168	1	15171	1	4000	15000	other	0
sub-11_1	20	Pulse	255	2420314	15415	0
sub-11_1	20	Picture	maintenance	2424239	19339	1	30176	1	19000	30000	other	0
sub-11_1	20	Pulse	255	2440316	35416	0
sub-11_1	20	Nothing	65	2453900	49000	1			49000		other	0
sub-11_1	20	Pulse	255	2460316	55416	0
sub-11_1	20	Picture	test	2469086	64186	1	60185	1	64000	60000	miss	0
sub-11_1	20	Response	2	2475795	70895	1
sub-11_1	20	Pulse	255	2480315	75415	0
sub-11_1	20	Pulse	255	2500316	95416	0
sub-11_1	20	Pulse	255	2520315	115416	0
sub-11_1	21	Picture	grid	2529438	0	1	4168	1	0	4000	other	0
sub-11_1	21	Picture	61	2533606	4168	1	15171	1	4000	15000	other	0
sub-11_1	21	Pulse	255	2540316	10878	0
sub-11_1	21	Picture	maintenance	2548777	19339	1	30176	1	19000	30000	other	0
sub-11_1	21	Pulse	255	2560316	30878	0
sub-11_1	21	Nothing	90	2578438	49000	1			49000		other	0
sub-11_1	21	Pulse	255	2580316	50878	0
sub-11_1	21	Picture	test	2593624	64186	1	30176	1	64000	30000	hit	219
sub-11_1	21	Pulse	255	2600316	70878	0
sub-11_1	21	Response	2	2601466	72028	1
sub-11_1	21	Pulse	255	2620316	90879	0
sub-11_1	22	Picture	grid	2623967	0	1	4168	1	0	4000	other	0
sub-11_1	22	Picture	61	2628135	4168	1	15171	1	4000	15000	other	0
sub-11_1	22	Pulse	255	2640316	16350	0
sub-11_1	22	Picture	maintenance	2643306	19339	1	30176	1	19000	30000	other	0
sub-11_1	22	Pulse	255	2660316	36350	0
sub-11_1	22	Nothing	90	2672967	49000	1			49000		other	0
sub-11_1	22	Pulse	255	2680316	56349	0
sub-11_1	22	Picture	test	2688153	64186	1	25174	1	64000	25000	hit	230
sub-11_1	22	Pulse	255	2700317	76350	0
sub-11_1	22	Response	1	2702146	78180	1
sub-11_1	23	Picture	grid	2713494	0	1	4168	1	0	4000	other	0
sub-11_1	23	Picture	20	2717662	4168	1	15171	1	4000	15000	other	0
sub-11_1	23	Pulse	255	2720317	6823	0
sub-11_1	23	Picture	maintenance	2732833	19339	1	30176	1	19000	30000	other	0
sub-11_1	23	Pulse	255	2740317	26823	0
sub-11_1	23	Pulse	255	2760317	46823	0
sub-11_1	23	Nothing	25	2762494	49000	1			49000		other	0
sub-11_1	23	Picture	test	2777680	64186	1	15171	1	64000	15000	hit	240
sub-11_1	23	Pulse	255	2780316	66822	0
sub-11_1	23	Response	1	2783746	70252	1
sub-11_1	24	Picture	grid	2793018	0	1	4168	1	0	4000	other	0
sub-11_1	24	Picture	40	2797186	4168	1	15171	1	4000	15000	other	0
sub-11_1	24	Pulse	255	2800317	7299	0
sub-11_1	24	Picture	maintenance	2812358	19339	1	30176	1	19000	30000	other	0
sub-11_1	24	Pulse	255	2820317	27298	0
sub-11_1	24	Pulse	255	2840317	47299	0
sub-11_1	24	Nothing	45	2842018	49000	1			49000		other	0
sub-11_1	24	Picture	test	2857205	64186	1	15171	1	64000	15000	hit	250
sub-11_1	24	Pulse	255	2860317	67299	0
sub-11_1	24	Response	1	2865707	72689	1
sub-11_1	25	Picture	grid	2872543	0	1	4168	1	0	4000	other	0
sub-11_1	25	Picture	41	2876711	4168	1	15171	1	4000	15000	other	0
sub-11_1	25	Pulse	255	2880317	7774	0
sub-11_1	25	Picture	maintenance	2891882	19339	1	30176	1	19000	30000	other	0
sub-11_1	25	Pulse	255	2900317	27774	0
sub-11_1	25	Pulse	255	2920317	47774	0
sub-11_1	25	Nothing	90	2921543	49000	1			49000		other	0
sub-11_1	25	Picture	test	2936729	64186	1	35177	1	64000	35000	hit	260
sub-11_1	25	Pulse	255	2940318	67775	0
sub-11_1	25	Response	1	2943077	70534	1
sub-11_1	25	Pulse	255	2960318	87775	0
sub-11_1	26	Picture	grid	2972073	0	1	4168	1	0	4000	other	0
sub-11_1	26	Picture	41	2976241	4168	1	15171	1	4000	15000	other	0
sub-11_1	26	Pulse	255	2980318	8244	0
sub-11_1	26	Picture	maintenance	2991413	19339	1	30176	1	19000	30000	other	0
sub-11_1	26	Pulse	255	3000318	28244	0
sub-11_1	26	Pulse	255	3020318	48245	0
sub-11_1	26	Nothing	90	3021073	49000	1			49000		other	0
sub-11_1	26	Picture	test	3036260	64186	1	25174	1	64000	25000	hit	271
sub-11_1	26	Pulse	255	3040318	68244	0
sub-11_1	26	Response	2	3045759	73685	1
sub-11_1	26	Pulse	255	3060318	88245	0
sub-11_1	27	Picture	grid	3061601	0	1	4168	1	0	4000	other	0
sub-11_1	27	Picture	40	3065769	4168	1	15171	1	4000	15000	other	0
sub-11_1	27	Pulse	255	3080318	18717	0
sub-11_1	27	Picture	maintenance	3080940	19339	1	30176	1	19000	30000	other	0
sub-11_1	27	Pulse	255	3100318	38718	0
sub-11_1	27	Nothing	45	3110601	49000	1			49000		other	0
sub-11_1	27	Pulse	255	3120318	58717	0
sub-11_1	27	Picture	test	3125787	64186	1	30176	1	64000	30000	hit	281
sub-11_1	27	Response	2	3132898	71297	1
sub-11_1	27	Pulse	255	3140318	78718	0
sub-11_1	28	Picture	grid	3156130	0	1	4168	1	0	4000	other	0
sub-11_1	28	Picture	20	3160298	4168	1	15171	1	4000	15000	other	0
sub-11_1	28	Pulse	255	3160318	4189	0
sub-11_1	28	Picture	maintenance	3175469	19339	1	30176	1	19000	30000	other	0
sub-11_1	28	Pulse	255	3180319	24189	0
sub-11_1	28	Pulse	255	3200318	44189	0
sub-11_1	28	Nothing	25	3205130	49000	1			49000		other	0
sub-11_1	28	Picture	test	3220149	64020	1	45180	1	64000	45000	hit	292
sub-11_1	28	Pulse	255	3220317	64188	0
sub-11_1	28	Response	2	3228787	72658	1
sub-11_1	28	Pulse	255	3240318	84188	0
sub-11_1	28	Pulse	255	3260319	104189	0
sub-11_1	29	Picture	grid	3265496	0	1	4168	1	0	4000	other	0
sub-11_1	29	Picture	40	3269664	4168	1	15171	1	4000	15000	other	0
sub-11_1	29	Pulse	255	3280318	14821	0
sub-11_1	29	Picture	maintenance	3284836	19339	1	30176	1	19000	30000	other	0
sub-11_1	29	Pulse	255	3300318	34821	0
sub-11_1	29	Nothing	45	3314496	49000	1			49000		other	0
sub-11_1	29	Pulse	255	3320319	54822	0
sub-11_1	29	Picture	test	3329683	64186	1	45181	1	64000	45000	hit	303
sub-11_1	29	Response	1	3337439	71943	1
sub-11_1	29	Pulse	255	3340319	74823	0
sub-11_1	29	Pulse	255	3360319	94823	0
sub-11_1	30	Picture	grid	3375030	0	1	4168	1	0	4000	other	0
sub-11_1	30	Picture	61	3379198	4168	1	15171	1	4000	15000	other	0
sub-11_1	30	Pulse	255	3380319	5289	0
sub-11_1	30	Picture	maintenance	3394369	19339	1	30176	1	19000	30000	other	0
sub-11_1	30	Pulse	255	3400319	25289	0
sub-11_1	30	Pulse	255	3420318	45288	0
sub-11_1	30	Nothing	90	3424030	49000	1			49000		other	0
sub-11_1	30	Picture	test	3439050	64020	1	30176	1	64000	30000	hit	315
sub-11_1	30	Pulse	255	3440319	65289	0
sub-11_1	30	Response	2	3445969	70939	1
sub-11_1	30	Pulse	255	3460319	85289	0
sub-11_1	31	Picture	grid	3469392	0	1	4168	1	0	4000	other	0
sub-11_1	31	Picture	21	3473560	4168	1	15171	1	4000	15000	other	0
sub-11_1	31	Pulse	255	3480320	10927	0
sub-11_1	31	Picture	maintenance	3488731	19339	1	30176	1	19000	30000	other	0
sub-11_1	31	Pulse	255	3500319	30927	0
sub-11_1	31	Nothing	90	3518392	49000	1			49000		other	0
sub-11_1	31	Pulse	255	3520320	50928	0
sub-11_1	31	Picture	test	3533578	64186	1	15171	1	64000	15000	hit	326
sub-11_1	31	Pulse	255	3540319	70927	0
sub-11_1	31	Response	1	3543269	73877	1
sub-11_1	32	Picture	grid	3548917	0	1	4168	1	0	4000	other	0
sub-11_1	32	Picture	60	3553084	4168	1	15171	1	4000	15000	other	0
sub-11_1	32	Pulse	255	3560319	11402	0
sub-11_1	32	Picture	maintenance	3568256	19339	1	30176	1	19000	30000	other	0
sub-11_1	32	Pulse	255	3580320	31403	0
sub-11_1	32	Nothing	65	3597917	49000	1			49000		other	0
sub-11_1	32	Pulse	255	3600320	51403	0
sub-11_1	32	Picture	test	3613103	64186	1	15171	1	64000	15000	hit	336
sub-11_1	32	Pulse	255	3620320	71404	0
sub-11_1	32	Response	2	3621730	72813	1
sub-11_1	33	Picture	grid	3628441	0	1	4168	1	0	4000	other	0
sub-11_1	33	Picture	20	3632609	4168	1	15171	1	4000	15000	other	0
sub-11_1	33	Pulse	255	3640320	11879	0
sub-11_1	33	Picture	maintenance	3647780	19339	1	30176	1	19000	30000	other	0
sub-11_1	33	Pulse	255	3660319	31879	0
sub-11_1	33	Nothing	25	3677441	49000	1			49000		other	0
sub-11_1	33	Pulse	255	3680320	51879	0
sub-11_1	33	Picture	test	3692627	64186	1	50182	1	64000	50000	hit	345
sub-11_1	33	Response	1	3699501	71060	1
sub-11_1	33	Pulse	255	3700320	71880	0
sub-11_1	33	Pulse	255	3720320	91879	0
sub-11_1	33	Pulse	255	3740320	111879	0
sub-11_1	34	Picture	grid	3742976	0	1	4168	1	0	4000	other	0
sub-11_1	34	Picture	20	3747144	4168	1	15171	1	4000	15000	other	0
sub-11_1	34	Pulse	255	3760321	17345	0
sub-11_1	34	Picture	maintenance	3762315	19339	1	30176	1	19000	30000	other	0
sub-11_1	34	Pulse	255	3780320	37344	0
sub-11_1	34	Nothing	25	3791976	49000	1			49000		other	0
sub-11_1	34	Pulse	255	3800321	57345	0
sub-11_1	34	Picture	test	3807162	64186	1	60185	1	64000	60000	hit	357
sub-11_1	34	Response	2	3815351	72375	1
sub-11_1	34	Pulse	255	3820321	77345	0
sub-11_1	34	Pulse	255	3840321	97345	0
sub-11_1	34	Pulse	255	3860321	117345	0
sub-11_1	35	Picture	grid	3867514	0	1	4168	1	0	4000	other	0
sub-11_1	35	Picture	40	3871682	4168	1	15171	1	4000	15000	other	0
sub-11_1	35	Pulse	255	3880321	12807	0
sub-11_1	35	Picture	maintenance	3886853	19339	1	30176	1	19000	30000	other	0
sub-11_1	35	Pulse	255	3900320	32806	0
sub-11_1	35	Nothing	45	3916514	49000	1			49000		other	0
sub-11_1	35	Pulse	255	3920321	52807	0
sub-11_1	35	Picture	test	3931700	64186	1	45181	1	64000	45000	hit	369
sub-11_1	35	Response	2	3935180	67666	1
sub-11_1	35	Pulse	255	3940321	72807	0
sub-11_1	35	Pulse	255	3960321	92807	0
sub-11_1	36	Picture	grid	3977048	0	1	4168	1	0	4000	other	0
sub-11_1	36	Pulse	255	3980321	3274	0
sub-11_1	36	Picture	60	3981216	4168	1	15171	1	4000	15000	other	0
sub-11_1	36	Picture	maintenance	3996387	19339	1	30176	1	19000	30000	other	0
sub-11_1	36	Pulse	255	4000321	23273	0
sub-11_1	36	Pulse	255	4020321	43274	0
sub-11_1	36	Nothing	65	4026048	49000	1			49000		other	0
sub-11_1	36	Pulse	255	4040322	63274	0
sub-11_1	36	Picture	test	4041234	64186	1	40179	1	64000	40000	hit	381
sub-11_1	36	Response	1	4059552	82504	1
sub-11_1	36	Pulse	255	4060321	83274	0
sub-11_1	36	Pulse	255	4080322	103274	0
sub-11_1	37	Picture	grid	4081580	0	1	4168	1	0	4000	other	0
sub-11_1	37	Picture	21	4085748	4168	1	15171	1	4000	15000	other	0
sub-11_1	37	Pulse	255	4100321	18741	0
sub-11_1	37	Picture	maintenance	4100919	19339	1	30176	1	19000	30000	other	0
sub-11_1	37	Pulse	255	4120322	38742	0
sub-11_1	37	Nothing	90	4130580	49000	1			49000		other	0
sub-11_1	37	Pulse	255	4140322	58742	0
sub-11_1	37	Picture	test	4145766	64186	1	15171	1	64000	15000	hit	392
sub-11_1	37	Response	2	4157652	76072	1
