Scenario - loca_mvis
Logfile written - 07/02/2018 10:29:12

Subject	Trial	Event Type	Code	Time	TTime	Uncertainty	Duration	Uncertainty	ReqTime	ReqDur	Stim Type	Pair Index

sub-06_1	0	Pulse	255	722222	722222	0
sub-06_1	1	Picture	p_startup	722450	0	1	88226	1	0	88000	other	0
sub-06_1	1	Pulse	255	742222	19771	0
sub-06_1	1	Pulse	255	762222	39772	0
sub-06_1	1	Pulse	255	782221	59771	0
sub-06_1	1	Pulse	255	802221	79771	0
sub-06_1	2	Picture	grid	810843	0	1	4226	1	0	4000	other	0
sub-06_1	2	Picture	61	815069	4226	1	15226	1	4000	15000	other	0
sub-06_1	2	Pulse	255	822222	11380	0
sub-06_1	2	Picture	maintenance	830295	19452	1	30226	1	19000	30000	other	0
sub-06_1	2	Pulse	255	842222	31380	0
sub-06_1	2	Nothing	90	859843	49000	1			49000		other	0
sub-06_1	2	Pulse	255	862222	51379	0
sub-06_1	2	Picture	test	875068	64226	1	15226	1	64000	15000	miss	0
sub-06_1	2	Pulse	255	882223	71380	0
sub-06_1	3	Picture	grid	890461	0	1	4226	1	0	4000	other	0
sub-06_1	3	Picture	20	894687	4226	1	15226	1	4000	15000	other	0
sub-06_1	3	Pulse	255	902223	11762	0
sub-06_1	3	Picture	maintenance	909912	19451	1	30226	1	19000	30000	other	0
sub-06_1	3	Pulse	255	922222	31761	0
sub-06_1	3	Nothing	25	939461	49000	1			49000		other	0
sub-06_1	3	Pulse	255	942223	51762	0
sub-06_1	3	Picture	test	954687	64226	1	25226	1	64000	25000	miss	0
sub-06_1	3	Pulse	255	962213	71752	0
sub-06_1	4	Picture	grid	980079	0	1	4226	1	0	4000	other	0
sub-06_1	4	Pulse	255	982213	2134	0
sub-06_1	4	Picture	20	984305	4226	1	15226	1	4000	15000	other	0
sub-06_1	4	Picture	maintenance	999530	19451	1	30226	1	19000	30000	other	0
sub-06_1	4	Pulse	255	1002213	22134	0
sub-06_1	4	Pulse	255	1022212	42133	0
sub-06_1	4	Nothing	25	1029079	49000	1			49000		other	0
sub-06_1	4	Pulse	255	1042213	62134	0
sub-06_1	4	Picture	test	1044305	64226	1	45226	1	64000	45000	miss	0
sub-06_1	4	Pulse	255	1062213	82134	0
sub-06_1	4	Pulse	255	1082213	102134	0
sub-06_1	5	Picture	grid	1089698	0	1	4226	1	0	4000	other	0
sub-06_1	5	Picture	41	1093924	4226	1	15226	1	4000	15000	other	0
sub-06_1	5	Pulse	255	1102213	12515	0
sub-06_1	5	Picture	maintenance	1109149	19452	1	30226	1	19000	30000	other	0
sub-06_1	5	Pulse	255	1122213	32515	0
sub-06_1	5	Nothing	90	1138698	49000	1			49000		other	0
sub-06_1	5	Pulse	255	1142213	52515	0
sub-06_1	5	Picture	test	1153924	64226	1	60226	1	64000	60000	miss	0
sub-06_1	5	Pulse	255	1162212	72514	0
sub-06_1	5	Pulse	255	1182212	92515	0
sub-06_1	5	Pulse	255	1202213	112516	0
sub-06_1	6	Picture	grid	1214316	0	1	4226	1	0	4000	other	0
sub-06_1	6	Picture	21	1218542	4226	1	15226	1	4000	15000	other	0
sub-06_1	6	Pulse	255	1222213	7897	0
sub-06_1	6	Picture	maintenance	1233768	19451	1	30226	1	19000	30000	other	0
sub-06_1	6	Pulse	255	1242214	27897	0
sub-06_1	6	Pulse	255	1262214	47897	0
sub-06_1	6	Nothing	90	1263316	49000	1			49000		other	0
sub-06_1	6	Picture	test	1278542	64226	1	20226	1	64000	20000	miss	0
sub-06_1	6	Pulse	255	1282214	67898	0
sub-06_1	7	Picture	grid	1298935	0	1	4226	1	0	4000	other	0
sub-06_1	7	Pulse	255	1302213	3279	0
sub-06_1	7	Picture	40	1303160	4226	1	15226	1	4000	15000	other	0
sub-06_1	7	Picture	maintenance	1318386	19452	1	30226	1	19000	30000	other	0
sub-06_1	7	Pulse	255	1322213	23278	0
sub-06_1	7	Pulse	255	1342214	43279	0
sub-06_1	7	Nothing	45	1347935	49000	1			49000		other	0
sub-06_1	7	Pulse	255	1362214	63280	0
sub-06_1	7	Picture	test	1363160	64226	1	15226	1	64000	15000	miss	0
sub-06_1	8	Picture	grid	1378553	0	1	4226	1	0	4000	other	0
sub-06_1	8	Pulse	255	1382213	3660	0
sub-06_1	8	Picture	21	1382779	4226	1	15226	1	4000	15000	other	0
sub-06_1	8	Picture	maintenance	1398004	19451	1	30226	1	19000	30000	other	0
sub-06_1	8	Pulse	255	1402214	23661	0
sub-06_1	8	Pulse	255	1422214	43661	0
sub-06_1	8	Nothing	90	1427553	49000	1			49000		other	0
sub-06_1	8	Pulse	255	1442214	63661	0
sub-06_1	8	Picture	test	1442779	64226	1	15226	1	64000	15000	miss	0
sub-06_1	9	Picture	grid	1458171	0	1	4226	1	0	4000	other	0
sub-06_1	9	Pulse	255	1462245	4073	0
sub-06_1	9	Picture	60	1462397	4226	1	15226	1	4000	15000	other	0
sub-06_1	9	Picture	maintenance	1477623	19452	1	30226	1	19000	30000	other	0
sub-06_1	9	Pulse	255	1482214	24042	0
sub-06_1	9	Pulse	255	1502212	44041	2
sub-06_1	9	Nothing	65	1507171	49000	1			49000		other	0
sub-06_1	9	Pulse	255	1522245	64073	0
sub-06_1	9	Picture	test	1522397	64226	1	45226	1	64000	45000	miss	0
sub-06_1	9	Pulse	255	1542214	84043	0
sub-06_1	9	Pulse	255	1562214	104043	0
sub-06_1	10	Picture	grid	1567790	0	1	4226	1	0	4000	other	0
sub-06_1	10	Picture	21	1572016	4226	1	15226	1	4000	15000	other	0
sub-06_1	10	Pulse	255	1582214	14424	0
sub-06_1	10	Picture	maintenance	1587241	19451	1	30226	1	19000	30000	other	0
sub-06_1	10	Pulse	255	1602215	34425	0
sub-06_1	10	Nothing	90	1616790	49000	1			49000		other	0
sub-06_1	10	Pulse	255	1622214	54424	0
sub-06_1	10	Picture	test	1632016	64226	1	10226	1	64000	10000	miss	0
sub-06_1	10	Pulse	255	1642215	74425	0
sub-06_1	11	Picture	grid	1642408	0	1	4226	1	0	4000	other	0
sub-06_1	11	Picture	61	1646634	4226	1	15226	1	4000	15000	other	0
sub-06_1	11	Picture	maintenance	1661859	19452	1	30226	1	19000	30000	other	0
sub-06_1	11	Pulse	255	1662214	19806	0
sub-06_1	11	Pulse	255	1682215	39807	0
sub-06_1	11	Nothing	90	1691408	49000	1			49000		other	0
sub-06_1	11	Pulse	255	1702215	59807	0
sub-06_1	11	Picture	test	1706634	64226	1	45226	1	64000	45000	miss	0
sub-06_1	11	Pulse	255	1722214	79806	0
sub-06_1	11	Pulse	255	1742214	99806	0
sub-06_1	12	Picture	grid	1752026	0	1	4226	1	0	4000	other	0
sub-06_1	12	Picture	60	1756252	4226	1	15226	1	4000	15000	other	0
sub-06_1	12	Pulse	255	1762214	10188	0
sub-06_1	12	Picture	maintenance	1771478	19452	1	30226	1	19000	30000	other	0
sub-06_1	12	Pulse	255	1782215	30189	0
sub-06_1	12	Nothing	65	1801026	49000	1			49000		other	0
sub-06_1	12	Pulse	255	1802216	50189	0
sub-06_1	12	Picture	test	1816252	64226	1	35226	1	64000	35000	miss	0
sub-06_1	12	Pulse	255	1822215	70189	0
sub-06_1	12	Pulse	255	1842215	90188	0
sub-06_1	13	Picture	grid	1851645	0	1	4226	1	0	4000	other	0
sub-06_1	13	Picture	21	1855870	4226	1	15226	1	4000	15000	other	0
sub-06_1	13	Pulse	255	1862215	10571	0
sub-06_1	13	Picture	maintenance	1871096	19452	1	30226	1	19000	30000	other	0
sub-06_1	13	Pulse	255	1882215	30571	0
sub-06_1	13	Nothing	90	1900645	49000	1			49000		other	0
sub-06_1	13	Pulse	255	1902215	50570	0
sub-06_1	13	Picture	test	1915871	64226	1	15226	1	64000	15000	miss	0
sub-06_1	13	Pulse	255	1922215	70570	0
sub-06_1	14	Picture	grid	1931263	0	1	4226	1	0	4000	other	0
sub-06_1	14	Picture	41	1935489	4226	1	15226	1	4000	15000	other	0
sub-06_1	14	Pulse	255	1942215	10952	0
sub-06_1	14	Picture	maintenance	1950715	19452	1	30226	1	19000	30000	other	0
sub-06_1	14	Pulse	255	1962216	30953	0
sub-06_1	14	Nothing	90	1980263	49000	1			49000		other	0
sub-06_1	14	Pulse	255	1982215	50952	0
sub-06_1	14	Picture	test	1995489	64226	1	15226	1	64000	15000	miss	0
sub-06_1	14	Pulse	255	2002215	70952	0
sub-06_1	15	Picture	grid	2010881	0	1	4226	1	0	4000	other	0
sub-06_1	15	Picture	60	2015107	4226	1	15226	1	4000	15000	other	0
sub-06_1	15	Pulse	255	2022216	11335	0
sub-06_1	15	Picture	maintenance	2030333	19452	1	30226	1	19000	30000	other	0
sub-06_1	15	Pulse	255	2042216	31335	0
sub-06_1	15	Nothing	65	2059881	49000	1			49000		other	0
sub-06_1	15	Pulse	255	2062216	51335	0
sub-06_1	15	Picture	test	2075107	64226	1	25226	1	64000	25000	miss	0
sub-06_1	15	Pulse	255	2082215	71334	0
sub-06_1	16	Picture	grid	2100500	0	1	4226	1	0	4000	other	0
sub-06_1	16	Pulse	255	2102216	1716	0
sub-06_1	16	Picture	41	2104725	4226	1	15226	1	4000	15000	other	0
sub-06_1	16	Picture	maintenance	2119951	19452	1	30226	1	19000	30000	other	0
sub-06_1	16	Pulse	255	2122215	21716	0
sub-06_1	16	Pulse	255	2142215	41716	0
sub-06_1	16	Nothing	90	2149500	49000	1			49000		other	0
sub-06_1	16	Pulse	255	2162216	61717	0
sub-06_1	16	Picture	test	2164725	64226	1	35226	1	64000	35000	miss	0
sub-06_1	16	Pulse	255	2182216	81717	0
sub-06_1	17	Picture	grid	2200118	0	1	4226	1	0	4000	other	0
sub-06_1	17	Pulse	255	2202215	2097	0
sub-06_1	17	Picture	61	2204344	4226	1	15226	1	4000	15000	other	0
sub-06_1	17	Picture	maintenance	2219570	19452	1	30226	1	19000	30000	other	0
sub-06_1	17	Pulse	255	2222216	22098	0
sub-06_1	17	Pulse	255	2242216	42097	0
sub-06_1	17	Nothing	90	2249118	49000	1			49000		other	0
sub-06_1	17	Pulse	255	2262216	62098	0
sub-06_1	17	Picture	test	2264344	64226	1	15226	1	64000	15000	miss	0
sub-06_1	18	Picture	grid	2279737	0	1	4226	1	0	4000	other	0
sub-06_1	18	Pulse	255	2282217	2480	0
sub-06_1	18	Picture	41	2283962	4226	1	15226	1	4000	15000	other	0
sub-06_1	18	Picture	maintenance	2299188	19451	1	30226	1	19000	30000	other	0
sub-06_1	18	Pulse	255	2302216	22480	0
sub-06_1	18	Pulse	255	2322216	42479	0
sub-06_1	18	Nothing	90	2328737	49000	1			49000		other	0
sub-06_1	18	Pulse	255	2342216	62479	0
sub-06_1	18	Picture	test	2343963	64226	1	20226	1	64000	20000	miss	0
sub-06_1	18	Pulse	255	2362217	82480	0
sub-06_1	19	Picture	grid	2364355	0	1	4226	1	0	4000	other	0
sub-06_1	19	Picture	40	2368581	4226	1	15226	1	4000	15000	other	0
sub-06_1	19	Pulse	255	2382217	17862	0
sub-06_1	19	Picture	maintenance	2383806	19451	1	30226	1	19000	30000	other	0
sub-06_1	19	Pulse	255	2402216	37862	0
sub-06_1	19	Nothing	45	2413355	49000	1			49000		other	0
sub-06_1	19	Pulse	255	2422217	57862	0
sub-06_1	19	Picture	test	2428581	64226	1	40226	1	64000	40000	miss	0
sub-06_1	19	Pulse	255	2442217	77862	0
sub-06_1	19	Pulse	255	2462217	97862	0
sub-06_1	20	Picture	grid	2468973	0	1	4226	1	0	4000	other	0
sub-06_1	20	Picture	60	2473199	4226	1	15226	1	4000	15000	other	0
sub-06_1	20	Pulse	255	2482217	13244	0
sub-06_1	20	Picture	maintenance	2488425	19452	1	30226	1	19000	30000	other	0
sub-06_1	20	Pulse	255	2502217	33243	0
sub-06_1	20	Nothing	65	2517973	49000	1			49000		other	0
sub-06_1	20	Pulse	255	2522217	53244	0
sub-06_1	20	Picture	test	2533199	64226	1	60226	1	64000	60000	miss	0
sub-06_1	20	Pulse	255	2542217	73244	0
sub-06_1	20	Pulse	255	2562217	93244	0
sub-06_1	20	Pulse	255	2582217	113244	0
sub-06_1	21	Picture	grid	2593592	0	1	4226	1	0	4000	other	0
sub-06_1	21	Picture	61	2597817	4226	1	15226	1	4000	15000	other	0
sub-06_1	21	Pulse	255	2602217	8625	0
sub-06_1	21	Picture	maintenance	2613043	19452	1	30226	1	19000	30000	other	0
sub-06_1	21	Pulse	255	2622218	28626	0
sub-06_1	21	Pulse	255	2642217	48625	0
sub-06_1	21	Nothing	90	2642592	49000	1			49000		other	0
sub-06_1	21	Picture	test	2657817	64226	1	30226	1	64000	30000	miss	0
sub-06_1	21	Pulse	255	2662218	68626	0
sub-06_1	21	Pulse	255	2682217	88626	0
sub-06_1	22	Picture	grid	2688210	0	1	4226	1	0	4000	other	0
sub-06_1	22	Picture	61	2692436	4226	1	15226	1	4000	15000	other	0
sub-06_1	22	Pulse	255	2702218	14008	0
sub-06_1	22	Picture	maintenance	2707661	19451	1	30225	1	19000	30000	other	0
sub-06_1	22	Pulse	255	2722217	34007	0
sub-06_1	22	Nothing	90	2737210	49000	1			49000		other	0
sub-06_1	22	Pulse	255	2742218	54008	0
sub-06_1	22	Picture	test	2752436	64226	1	25226	1	64000	25000	miss	0
sub-06_1	22	Pulse	255	2762218	74007	0
sub-06_1	23	Picture	grid	2777829	0	1	4226	1	0	4000	other	0
sub-06_1	23	Picture	20	2782054	4226	1	15226	1	4000	15000	other	0
sub-06_1	23	Pulse	255	2782218	4389	0
sub-06_1	23	Picture	maintenance	2797280	19451	1	30226	1	19000	30000	other	0
sub-06_1	23	Pulse	255	2802218	24389	0
sub-06_1	23	Pulse	255	2822218	44389	0
sub-06_1	23	Nothing	25	2826829	49000	1			49000		other	0
sub-06_1	23	Picture	test	2842054	64226	1	15226	1	64000	15000	miss	0
sub-06_1	23	Pulse	255	2842218	64389	0
sub-06_1	24	Picture	grid	2857447	0	1	4226	1	0	4000	other	0
sub-06_1	24	Picture	40	2861672	4226	1	15226	1	4000	15000	other	0
sub-06_1	24	Pulse	255	2862218	4772	0
sub-06_1	24	Picture	maintenance	2876899	19452	1	30226	1	19000	30000	other	0
sub-06_1	24	Pulse	255	2882218	24772	0
sub-06_1	24	Pulse	255	2902217	44771	0
sub-06_1	24	Nothing	45	2906447	49000	1			49000		other	0
sub-06_1	24	Picture	test	2921672	64226	1	15226	1	64000	15000	miss	0
sub-06_1	24	Pulse	255	2922218	64771	0
sub-06_1	25	Picture	grid	2937065	0	1	4226	1	0	4000	other	0
sub-06_1	25	Picture	41	2941291	4226	1	15226	1	4000	15000	other	0
sub-06_1	25	Pulse	255	2942218	5154	0
sub-06_1	25	Picture	maintenance	2956516	19451	1	30226	1	19000	30000	other	0
sub-06_1	25	Pulse	255	2962219	25154	0
sub-06_1	25	Pulse	255	2982218	45153	0
sub-06_1	25	Nothing	90	2986065	49000	1			49000		other	0
sub-06_1	25	Picture	test	3001291	64226	1	35226	1	64000	35000	miss	0
sub-06_1	25	Pulse	255	3002218	65153	0
sub-06_1	25	Pulse	255	3022219	85154	0
sub-06_1	26	Picture	grid	3036683	0	1	4226	1	0	4000	other	0
sub-06_1	26	Picture	41	3040909	4226	1	15226	1	4000	15000	other	0
sub-06_1	26	Pulse	255	3042219	5536	0
sub-06_1	26	Picture	maintenance	3056135	19451	1	30226	1	19000	30000	other	0
sub-06_1	26	Pulse	255	3062219	25536	0
sub-06_1	26	Pulse	255	3082219	45535	0
sub-06_1	26	Nothing	90	3085683	49000	1			49000		other	0
sub-06_1	26	Picture	test	3100909	64226	1	25226	1	64000	25000	miss	0
sub-06_1	26	Pulse	255	3102219	65536	0
sub-06_1	26	Pulse	255	3122209	85526	0
sub-06_1	27	Picture	grid	3126301	0	1	4226	1	0	4000	other	0
sub-06_1	27	Picture	40	3130527	4226	1	15226	1	4000	15000	other	0
sub-06_1	27	Pulse	255	3142208	15907	0
sub-06_1	27	Picture	maintenance	3145753	19451	1	30226	1	19000	30000	other	0
sub-06_1	27	Pulse	255	3162209	35908	0
sub-06_1	27	Nothing	45	3175301	49000	1			49000		other	0
sub-06_1	27	Pulse	255	3182210	55908	0
sub-06_1	27	Picture	test	3190527	64226	1	30226	1	64000	30000	miss	0
sub-06_1	27	Pulse	255	3202209	75908	0
sub-06_1	28	Picture	grid	3220920	0	1	4226	1	0	4000	other	0
sub-06_1	28	Pulse	255	3222209	1289	0
sub-06_1	28	Picture	20	3225146	4226	1	15226	1	4000	15000	other	0
sub-06_1	28	Picture	maintenance	3240371	19451	1	30226	1	19000	30000	other	0
sub-06_1	28	Pulse	255	3242209	21289	0
sub-06_1	28	Pulse	255	3262209	41289	0
sub-06_1	28	Nothing	25	3269920	49000	1			49000		other	0
sub-06_1	28	Pulse	255	3282209	61289	0
sub-06_1	28	Picture	test	3285146	64226	1	45226	1	64000	45000	miss	0
sub-06_1	28	Pulse	255	3302209	81289	0
sub-06_1	28	Pulse	255	3322209	101289	0
sub-06_1	29	Picture	grid	3330538	0	1	4226	1	0	4000	other	0
sub-06_1	29	Picture	40	3334764	4226	1	15226	1	4000	15000	other	0
sub-06_1	29	Pulse	255	3342209	11671	0
sub-06_1	29	Picture	maintenance	3349990	19452	1	30226	1	19000	30000	other	0
sub-06_1	29	Pulse	255	3362210	31672	0
sub-06_1	29	Nothing	45	3379538	49000	1			49000		other	0
sub-06_1	29	Pulse	255	3382210	51672	0
sub-06_1	29	Picture	test	3394764	64226	1	45226	1	64000	45000	miss	0
sub-06_1	29	Pulse	255	3402208	71670	0
sub-06_1	29	Pulse	255	3422210	91672	0
sub-06_1	30	Picture	grid	3440157	0	1	4226	1	0	4000	other	0
sub-06_1	30	Pulse	255	3442209	2053	0
sub-06_1	30	Picture	61	3444382	4226	1	15226	1	4000	15000	other	0
sub-06_1	30	Picture	maintenance	3459608	19451	1	30226	1	19000	30000	other	0
sub-06_1	30	Pulse	255	3462210	22053	0
sub-06_1	30	Pulse	255	3482210	42053	0
sub-06_1	30	Nothing	90	3489157	49000	1			49000		other	0
sub-06_1	30	Pulse	255	3502209	62053	0
sub-06_1	30	Picture	test	3504382	64226	1	30226	1	64000	30000	miss	0
sub-06_1	30	Pulse	255	3522210	82054	0
sub-06_1	31	Picture	grid	3534775	0	1	4226	1	0	4000	other	0
sub-06_1	31	Picture	21	3539001	4226	1	15226	1	4000	15000	other	0
sub-06_1	31	Pulse	255	3542210	7435	0
sub-06_1	31	Picture	maintenance	3554227	19452	1	30226	1	19000	30000	other	0
sub-06_1	31	Pulse	255	3562210	27435	0
sub-06_1	31	Pulse	255	3582211	47436	0
sub-06_1	31	Nothing	90	3583775	49000	1			49000		other	0
sub-06_1	31	Picture	test	3599001	64226	1	15226	1	64000	15000	miss	0
sub-06_1	31	Pulse	255	3602211	67436	0
sub-06_1	32	Picture	grid	3614393	0	1	4226	1	0	4000	other	0
sub-06_1	32	Picture	60	3618619	4226	1	15226	1	4000	15000	other	0
sub-06_1	32	Pulse	255	3622210	7817	0
sub-06_1	32	Picture	maintenance	3633845	19452	1	30226	1	19000	30000	other	0
sub-06_1	32	Pulse	255	3642211	27817	0
sub-06_1	32	Pulse	255	3662210	47817	0
sub-06_1	32	Nothing	65	3663393	49000	1			49000		other	0
sub-06_1	32	Picture	test	3678619	64226	1	15226	1	64000	15000	miss	0
sub-06_1	32	Pulse	255	3682211	67817	0
sub-06_1	33	Picture	grid	3694012	0	1	4226	1	0	4000	other	0
sub-06_1	33	Picture	20	3698237	4226	1	15226	1	4000	15000	other	0
sub-06_1	33	Pulse	255	3702210	8199	0
sub-06_1	33	Picture	maintenance	3713463	19452	1	30225	1	19000	30000	other	0
sub-06_1	33	Pulse	255	3722211	28199	0
sub-06_1	33	Pulse	255	3742211	48199	0
sub-06_1	33	Nothing	25	3743012	49000	1			49000		other	0
sub-06_1	33	Picture	test	3758237	64226	1	50226	1	64000	50000	miss	0
sub-06_1	33	Pulse	255	3762211	68199	0
sub-06_1	33	Pulse	255	3782211	88199	0
sub-06_1	33	Pulse	255	3802211	108199	0
sub-06_1	34	Picture	grid	3808630	0	1	4226	1	0	4000	other	0
sub-06_1	34	Picture	20	3812856	4226	1	15226	1	4000	15000	other	0
sub-06_1	34	Pulse	255	3822211	13581	0
sub-06_1	34	Picture	maintenance	3828081	19452	1	30226	1	19000	30000	other	0
sub-06_1	34	Pulse	255	3842210	33581	0
sub-06_1	34	Nothing	25	3857630	49000	1			49000		other	0
sub-06_1	34	Pulse	255	3862210	53580	0
sub-06_1	34	Picture	test	3872856	64226	1	60226	1	64000	60000	miss	0
sub-06_1	34	Pulse	255	3882210	73580	0
sub-06_1	34	Pulse	255	3902211	93581	0
sub-06_1	34	Pulse	255	3922211	113581	0
sub-06_1	35	Picture	grid	3933248	0	1	4226	1	0	4000	other	0
sub-06_1	35	Picture	40	3937474	4226	1	15226	1	4000	15000	other	0
sub-06_1	35	Pulse	255	3942211	8963	0
sub-06_1	35	Picture	maintenance	3952700	19452	1	30226	1	19000	30000	other	0
sub-06_1	35	Pulse	255	3962211	28963	0
sub-06_1	35	Pulse	255	3982212	48964	0
sub-06_1	35	Nothing	45	3982248	49000	1			49000		other	0
sub-06_1	35	Picture	test	3997474	64226	1	45226	1	64000	45000	miss	0
sub-06_1	35	Pulse	255	4002211	68963	0
sub-06_1	35	Pulse	255	4022212	88964	0
sub-06_1	35	Pulse	255	4042211	108963	0
sub-06_1	36	Picture	grid	4042866	0	1	4226	1	0	4000	other	0
sub-06_1	36	Picture	60	4047092	4226	1	15226	1	4000	15000	other	0
sub-06_1	36	Pulse	255	4062212	19346	0
sub-06_1	36	Picture	maintenance	4062318	19451	1	30226	1	19000	30000	other	0
sub-06_1	36	Pulse	255	4082211	39345	0
sub-06_1	36	Nothing	65	4091866	49000	1			49000		other	0
sub-06_1	36	Pulse	255	4102212	59346	0
sub-06_1	36	Picture	test	4107092	64226	1	40226	1	64000	40000	miss	0
sub-06_1	36	Pulse	255	4122212	79346	0
sub-06_1	36	Pulse	255	4142212	99346	0
sub-06_1	37	Picture	grid	4147485	0	1	4226	1	0	4000	other	0
sub-06_1	37	Picture	21	4151710	4226	1	15226	1	4000	15000	other	0
sub-06_1	37	Pulse	255	4162212	14727	0
sub-06_1	37	Picture	maintenance	4166936	19452	1	30226	1	19000	30000	other	0
sub-06_1	37	Pulse	255	4182212	34727	0
sub-06_1	37	Nothing	90	4196485	49000	1			49000		other	0
sub-06_1	37	Pulse	255	4202212	54728	0
sub-06_1	37	Picture	test	4211710	64226	1	15226	1	64000	15000	miss	0
sub-06_1	37	Pulse	255	4222213	74728	0
sub-06_1	38	Picture	Bfix	4227103	0	1	60226	1	0	60000	other	0
sub-06_1	38	Pulse	255	4242212	15109	0
sub-06_1	38	Pulse	255	4262212	35109	0
