Scenario - loca_mvis
Logfile written - 11/12/2018 15:13:41

Subject	Trial	Event Type	Code	Time	TTime	Uncertainty	Duration	Uncertainty	ReqTime	ReqDur	Stim Type	Pair Index

sub-05_1	0	Pulse	255	625522	625522	0
sub-05_1	1	Picture	p_startup	625751	0	1	88226	1	0	88000	other	0
sub-05_1	1	Pulse	255	645522	19771	0
sub-05_1	1	Pulse	255	665522	39771	0
sub-05_1	1	Pulse	255	685522	59771	0
sub-05_1	1	Pulse	255	705522	79771	0
sub-05_1	2	Picture	grid	714144	0	1	4227	1	0	4000	other	0
sub-05_1	2	Picture	61	718370	4227	1	15226	1	4000	15000	other	0
sub-05_1	2	Pulse	255	725523	11379	0
sub-05_1	2	Picture	maintenance	733596	19453	1	30226	1	19000	30000	other	0
sub-05_1	2	Pulse	255	745523	31379	0
sub-05_1	2	Nothing	90	763144	49000	1			49000		other	0
sub-05_1	2	Pulse	255	765522	51379	0
sub-05_1	2	Picture	test	778370	64226	1	15147	1	64000	15000	miss	0
sub-05_1	2	Pulse	255	785522	71379	0
sub-05_1	3	Picture	grid	793683	0	1	4226	1	0	4000	other	0
sub-05_1	3	Picture	20	797909	4226	1	15226	1	4000	15000	other	0
sub-05_1	3	Pulse	255	805522	11839	0
sub-05_1	3	Picture	maintenance	813135	19452	1	30226	1	19000	30000	other	0
sub-05_1	3	Pulse	255	825523	31839	0
sub-05_1	3	Nothing	25	842683	49000	1			49000		other	0
sub-05_1	3	Pulse	255	845522	51839	0
sub-05_1	3	Picture	test	857909	64226	1	25226	1	64000	25000	miss	0
sub-05_1	3	Pulse	255	865523	71839	0
sub-05_1	4	Picture	grid	883302	0	1	4226	1	0	4000	other	0
sub-05_1	4	Pulse	255	885523	2221	0
sub-05_1	4	Picture	20	887528	4226	1	15226	1	4000	15000	other	0
sub-05_1	4	Picture	maintenance	902754	19452	1	30227	1	19000	30000	other	0
sub-05_1	4	Pulse	255	905523	22221	0
sub-05_1	4	Pulse	255	925523	42221	0
sub-05_1	4	Nothing	25	932302	49000	1			49000		other	0
sub-05_1	4	Pulse	255	945523	62221	0
sub-05_1	4	Picture	test	947528	64226	1	45226	1	64000	45000	miss	0
sub-05_1	4	Pulse	255	965523	82221	0
sub-05_1	4	Pulse	255	985523	102222	0
sub-05_1	5	Picture	grid	992920	0	1	4226	1	0	4000	other	0
sub-05_1	5	Picture	41	997146	4226	1	15226	1	4000	15000	other	0
sub-05_1	5	Pulse	255	1005523	12603	0
sub-05_1	5	Picture	maintenance	1012372	19452	1	30226	1	19000	30000	other	0
sub-05_1	5	Pulse	255	1025523	32603	0
sub-05_1	5	Nothing	90	1041920	49000	1			49000		other	0
sub-05_1	5	Pulse	255	1045524	52603	0
sub-05_1	5	Picture	test	1057146	64226	1	60226	1	64000	60000	miss	0
sub-05_1	5	Pulse	255	1065523	72603	0
sub-05_1	5	Pulse	255	1085524	92603	0
sub-05_1	5	Pulse	255	1105524	112603	0
sub-05_1	6	Picture	grid	1117539	0	1	4226	1	0	4000	other	0
sub-05_1	6	Picture	21	1121764	4226	1	15226	1	4000	15000	other	0
sub-05_1	6	Pulse	255	1125523	7985	0
sub-05_1	6	Picture	maintenance	1136990	19452	1	30226	1	19000	30000	other	0
sub-05_1	6	Pulse	255	1145524	27985	0
sub-05_1	6	Pulse	255	1165524	47985	0
sub-05_1	6	Nothing	90	1166539	49000	1			49000		other	0
sub-05_1	6	Picture	test	1181765	64226	1	20226	1	64000	20000	miss	0
sub-05_1	6	Pulse	255	1185524	67985	0
sub-05_1	7	Picture	grid	1202157	0	1	4226	1	0	4000	other	0
sub-05_1	7	Pulse	255	1205524	3367	0
sub-05_1	7	Picture	40	1206383	4226	1	15226	1	4000	15000	other	0
sub-05_1	7	Picture	maintenance	1221609	19452	1	30226	1	19000	30000	other	0
sub-05_1	7	Pulse	255	1225524	23367	0
sub-05_1	7	Pulse	255	1245524	43367	0
sub-05_1	7	Nothing	45	1251157	49000	1			49000		other	0
sub-05_1	7	Pulse	255	1265524	63367	0
sub-05_1	7	Picture	test	1266383	64226	1	15226	1	64000	15000	miss	0
sub-05_1	8	Picture	grid	1281776	0	1	4226	1	0	4000	other	0
sub-05_1	8	Pulse	255	1285524	3748	0
sub-05_1	8	Picture	21	1286001	4226	1	15226	1	4000	15000	other	0
sub-05_1	8	Picture	maintenance	1301227	19452	1	30226	1	19000	30000	other	0
sub-05_1	8	Pulse	255	1305524	23749	0
sub-05_1	8	Pulse	255	1325525	43749	0
sub-05_1	8	Nothing	90	1330776	49000	1			49000		other	0
sub-05_1	8	Pulse	255	1345525	63749	0
sub-05_1	8	Picture	test	1346001	64226	1	15227	1	64000	15000	miss	0
sub-05_1	9	Picture	grid	1361395	0	1	4226	1	0	4000	other	0
sub-05_1	9	Pulse	255	1365525	4130	0
sub-05_1	9	Picture	60	1365621	4226	1	15226	1	4000	15000	other	0
sub-05_1	9	Picture	maintenance	1380847	19452	1	30226	1	19000	30000	other	0
sub-05_1	9	Pulse	255	1385524	24129	0
sub-05_1	9	Pulse	255	1405525	44130	0
sub-05_1	9	Nothing	65	1410395	49000	1			49000		other	0
sub-05_1	9	Pulse	255	1425525	64130	0
sub-05_1	9	Picture	test	1425621	64226	1	45226	1	64000	45000	miss	0
sub-05_1	9	Pulse	255	1445524	84129	0
sub-05_1	9	Pulse	255	1465525	104130	0
sub-05_1	10	Picture	grid	1471013	0	1	4226	1	0	4000	other	0
sub-05_1	10	Picture	21	1475239	4226	1	15226	1	4000	15000	other	0
sub-05_1	10	Pulse	255	1485525	14511	0
sub-05_1	10	Picture	maintenance	1490465	19452	1	30226	1	19000	30000	other	0
sub-05_1	10	Pulse	255	1505525	34512	0
sub-05_1	10	Nothing	90	1520013	49000	1			49000		other	0
sub-05_1	10	Pulse	255	1525525	54512	0
sub-05_1	10	Picture	test	1535239	64226	1	10226	1	64000	10000	miss	0
sub-05_1	10	Pulse	255	1545525	74512	0
sub-05_1	11	Picture	grid	1545632	0	1	4226	1	0	4000	other	0
sub-05_1	11	Picture	61	1549858	4226	1	15226	1	4000	15000	other	0
sub-05_1	11	Picture	maintenance	1565084	19452	1	30226	1	19000	30000	other	0
sub-05_1	11	Pulse	255	1565525	19894	0
sub-05_1	11	Pulse	255	1585525	39894	0
sub-05_1	11	Nothing	90	1594632	49000	1			49000		other	0
sub-05_1	11	Pulse	255	1605526	59894	0
sub-05_1	11	Picture	test	1609858	64226	1	45226	1	64000	45000	miss	0
sub-05_1	11	Pulse	255	1625526	79894	0
sub-05_1	11	Pulse	255	1645526	99894	0
sub-05_1	12	Picture	grid	1655251	0	1	4226	1	0	4000	other	0
sub-05_1	12	Picture	60	1659476	4226	1	15226	1	4000	15000	other	0
sub-05_1	12	Pulse	255	1665526	10275	0
sub-05_1	12	Picture	maintenance	1674702	19452	1	30226	1	19000	30000	other	0
sub-05_1	12	Pulse	255	1685526	30275	0
sub-05_1	12	Nothing	65	1704251	49000	1			49000		other	0
sub-05_1	12	Pulse	255	1705526	50275	0
sub-05_1	12	Picture	test	1719476	64226	1	35226	1	64000	35000	miss	0
sub-05_1	12	Pulse	255	1725526	70275	0
sub-05_1	12	Pulse	255	1745526	90275	0
sub-05_1	13	Picture	grid	1754869	0	1	4226	1	0	4000	other	0
sub-05_1	13	Picture	21	1759095	4226	1	15226	1	4000	15000	other	0
sub-05_1	13	Pulse	255	1765526	10657	0
sub-05_1	13	Picture	maintenance	1774321	19452	1	30226	1	19000	30000	other	0
sub-05_1	13	Pulse	255	1785526	30657	0
sub-05_1	13	Nothing	90	1803869	49000	1			49000		other	0
sub-05_1	13	Pulse	255	1805526	50657	0
sub-05_1	13	Picture	test	1819095	64226	1	15226	1	64000	15000	miss	0
sub-05_1	13	Pulse	255	1825526	70657	0
sub-05_1	14	Picture	grid	1834488	0	1	4226	1	0	4000	other	0
sub-05_1	14	Picture	41	1838713	4226	1	15226	1	4000	15000	other	0
sub-05_1	14	Pulse	255	1845526	11039	0
sub-05_1	14	Picture	maintenance	1853939	19452	1	30226	1	19000	30000	other	0
sub-05_1	14	Pulse	255	1865527	31039	0
sub-05_1	14	Nothing	90	1883488	49000	1			49000		other	0
sub-05_1	14	Pulse	255	1885526	51038	0
sub-05_1	14	Picture	test	1898714	64226	1	15226	1	64000	15000	miss	0
sub-05_1	14	Pulse	255	1905526	71038	0
sub-05_1	15	Picture	grid	1914106	0	1	4226	1	0	4000	other	0
sub-05_1	15	Picture	60	1918332	4226	1	15226	1	4000	15000	other	0
sub-05_1	15	Pulse	255	1925527	11420	0
sub-05_1	15	Picture	maintenance	1933558	19452	1	30226	1	19000	30000	other	0
sub-05_1	15	Pulse	255	1945527	31420	0
sub-05_1	15	Nothing	65	1963106	49000	1			49000		other	0
sub-05_1	15	Pulse	255	1965517	51411	0
sub-05_1	15	Picture	test	1978332	64226	1	25226	1	64000	25000	miss	0
sub-05_1	15	Pulse	255	1985516	71410	0
sub-05_1	16	Picture	grid	2003725	0	1	4226	1	0	4000	other	0
sub-05_1	16	Pulse	255	2005517	1792	0
sub-05_1	16	Picture	41	2007951	4226	1	15226	1	4000	15000	other	0
sub-05_1	16	Picture	maintenance	2023176	19452	1	30226	1	19000	30000	other	0
sub-05_1	16	Pulse	255	2025517	21792	0
sub-05_1	16	Pulse	255	2045517	41792	0
sub-05_1	16	Nothing	90	2052725	49000	1			49000		other	0
sub-05_1	16	Pulse	255	2065517	61793	0
sub-05_1	16	Picture	test	2067951	64226	1	35226	1	64000	35000	miss	0
sub-05_1	16	Pulse	255	2085517	81793	0
sub-05_1	17	Picture	grid	2103343	0	1	4226	1	0	4000	other	0
sub-05_1	17	Pulse	255	2105517	2174	0
sub-05_1	17	Picture	61	2107569	4226	1	15226	1	4000	15000	other	0
sub-05_1	17	Picture	maintenance	2122795	19452	1	30157	1	19000	30000	other	0
sub-05_1	17	Pulse	255	2125518	22174	0
sub-05_1	17	Pulse	255	2145517	42174	0
sub-05_1	17	Nothing	90	2152343	49000	1			49000		other	0
sub-05_1	17	Pulse	255	2165517	62174	0
sub-05_1	17	Picture	test	2167569	64226	1	15226	1	64000	15000	miss	0
sub-05_1	18	Picture	grid	2182962	0	1	4226	1	0	4000	other	0
sub-05_1	18	Pulse	255	2185518	2556	0
sub-05_1	18	Picture	41	2187188	4226	1	15226	1	4000	15000	other	0
sub-05_1	18	Picture	maintenance	2202414	19452	1	30226	1	19000	30000	other	0
sub-05_1	18	Pulse	255	2205517	22555	0
sub-05_1	18	Pulse	255	2225518	42556	0
sub-05_1	18	Nothing	90	2231962	49000	1			49000		other	0
sub-05_1	18	Pulse	255	2245517	62555	0
sub-05_1	18	Picture	test	2247188	64226	1	20226	1	64000	20000	miss	0
sub-05_1	18	Pulse	255	2265518	82556	0
sub-05_1	19	Picture	grid	2267580	0	1	4226	1	0	4000	other	0
sub-05_1	19	Picture	40	2271806	4226	1	15226	1	4000	15000	other	0
sub-05_1	19	Pulse	255	2285518	17937	0
sub-05_1	19	Picture	maintenance	2287032	19452	1	30226	1	19000	30000	other	0
sub-05_1	19	Pulse	255	2305518	37938	0
sub-05_1	19	Nothing	45	2316580	49000	1			49000		other	0
sub-05_1	19	Pulse	255	2325518	57937	0
sub-05_1	19	Picture	test	2331806	64226	1	40227	1	64000	40000	miss	0
sub-05_1	19	Pulse	255	2345518	77937	0
sub-05_1	19	Pulse	255	2365518	97938	0
sub-05_1	20	Picture	grid	2372200	0	1	4226	1	0	4000	other	0
sub-05_1	20	Picture	60	2376426	4226	1	15226	1	4000	15000	other	0
sub-05_1	20	Pulse	255	2385518	13318	0
sub-05_1	20	Picture	maintenance	2391652	19452	1	30226	1	19000	30000	other	0
sub-05_1	20	Pulse	255	2405518	33318	0
sub-05_1	20	Nothing	65	2421200	49000	1			49000		other	0
sub-05_1	20	Pulse	255	2425518	53319	0
sub-05_1	20	Picture	test	2436426	64226	1	60226	1	64000	60000	miss	0
sub-05_1	20	Pulse	255	2445519	73319	0
sub-05_1	20	Pulse	255	2465518	93318	0
sub-05_1	20	Pulse	255	2485519	113319	0
sub-05_1	21	Picture	grid	2496819	0	1	4226	1	0	4000	other	0
sub-05_1	21	Picture	61	2501044	4226	1	15226	1	4000	15000	other	0
sub-05_1	21	Pulse	255	2505519	8700	0
sub-05_1	21	Picture	maintenance	2516270	19452	1	30226	1	19000	30000	other	0
sub-05_1	21	Pulse	255	2525519	28700	0
sub-05_1	21	Pulse	255	2545519	48700	0
sub-05_1	21	Nothing	90	2545819	49000	1			49000		other	0
sub-05_1	21	Picture	test	2561044	64226	1	30226	1	64000	30000	miss	0
sub-05_1	21	Pulse	255	2565519	68700	0
sub-05_1	21	Pulse	255	2585519	88701	0
sub-05_1	22	Picture	grid	2591437	0	1	4226	1	0	4000	other	0
sub-05_1	22	Picture	61	2595663	4226	1	15226	1	4000	15000	other	0
sub-05_1	22	Pulse	255	2605519	14082	0
sub-05_1	22	Picture	maintenance	2610888	19452	1	30226	1	19000	30000	other	0
sub-05_1	22	Pulse	255	2625519	34083	0
sub-05_1	22	Nothing	90	2640437	49000	1			49000		other	0
sub-05_1	22	Pulse	255	2645519	54082	0
sub-05_1	22	Picture	test	2655663	64226	1	25226	1	64000	25000	miss	0
sub-05_1	22	Pulse	255	2665519	74083	0
sub-05_1	23	Picture	grid	2681056	0	1	4226	1	0	4000	other	0
sub-05_1	23	Picture	20	2685282	4226	1	15226	1	4000	15000	other	0
sub-05_1	23	Pulse	255	2685520	4464	0
sub-05_1	23	Picture	maintenance	2700508	19452	1	30226	1	19000	30000	other	0
sub-05_1	23	Pulse	255	2705520	24464	0
sub-05_1	23	Pulse	255	2725520	44464	0
sub-05_1	23	Nothing	25	2730056	49000	1			49000		other	0
sub-05_1	23	Picture	test	2745282	64226	1	15226	1	64000	15000	miss	0
sub-05_1	23	Pulse	255	2745519	64463	0
sub-05_1	24	Picture	grid	2760675	0	1	4226	1	0	4000	other	0
sub-05_1	24	Picture	40	2764901	4226	1	15226	1	4000	15000	other	0
sub-05_1	24	Pulse	255	2765519	4845	0
sub-05_1	24	Picture	maintenance	2780127	19452	1	30226	1	19000	30000	other	0
sub-05_1	24	Pulse	255	2785520	24845	0
sub-05_1	24	Pulse	255	2805520	44845	0
sub-05_1	24	Nothing	45	2809675	49000	1			49000		other	0
sub-05_1	24	Picture	test	2824900	64226	1	15226	1	64000	15000	miss	0
sub-05_1	24	Pulse	255	2825520	64845	0
sub-05_1	25	Picture	grid	2840293	0	1	4226	1	0	4000	other	0
sub-05_1	25	Picture	41	2844519	4226	1	15226	1	4000	15000	other	0
sub-05_1	25	Pulse	255	2845520	5227	0
sub-05_1	25	Picture	maintenance	2859745	19452	1	30226	1	19000	30000	other	0
sub-05_1	25	Pulse	255	2865520	25227	0
sub-05_1	25	Pulse	255	2885520	45227	0
sub-05_1	25	Nothing	90	2889293	49000	1			49000		other	0
sub-05_1	25	Picture	test	2904519	64226	1	35226	1	64000	35000	miss	0
sub-05_1	25	Pulse	255	2905520	65227	0
sub-05_1	25	Pulse	255	2925520	85227	0
sub-05_1	26	Picture	grid	2939912	0	1	4226	1	0	4000	other	0
sub-05_1	26	Picture	41	2944138	4226	1	15226	1	4000	15000	other	0
sub-05_1	26	Pulse	255	2945520	5609	0
sub-05_1	26	Picture	maintenance	2959364	19452	1	30226	1	19000	30000	other	0
sub-05_1	26	Pulse	255	2965520	25609	0
sub-05_1	26	Pulse	255	2985521	45609	0
sub-05_1	26	Nothing	90	2988912	49000	1			49000		other	0
sub-05_1	26	Picture	test	3004138	64226	1	25226	1	64000	25000	miss	0
sub-05_1	26	Pulse	255	3005520	65608	0
sub-05_1	26	Pulse	255	3025521	85609	0
sub-05_1	27	Picture	grid	3029530	0	1	4226	1	0	4000	other	0
sub-05_1	27	Picture	40	3033756	4226	1	15226	1	4000	15000	other	0
sub-05_1	27	Pulse	255	3045520	15990	0
sub-05_1	27	Picture	maintenance	3048982	19452	1	30226	1	19000	30000	other	0
sub-05_1	27	Pulse	255	3065521	35990	0
sub-05_1	27	Nothing	45	3078530	49000	1			49000		other	0
sub-05_1	27	Pulse	255	3085521	55990	0
sub-05_1	27	Picture	test	3093756	64226	1	30226	1	64000	30000	miss	0
sub-05_1	27	Pulse	255	3105521	75990	0
sub-05_1	28	Picture	grid	3124149	0	1	4226	1	0	4000	other	0
sub-05_1	28	Pulse	255	3125521	1372	0
sub-05_1	28	Picture	20	3128375	4226	1	15226	1	4000	15000	other	0
sub-05_1	28	Picture	maintenance	3143601	19452	1	30226	1	19000	30000	other	0
sub-05_1	28	Pulse	255	3145521	21372	0
sub-05_1	28	Pulse	255	3165521	41372	0
sub-05_1	28	Nothing	25	3173149	49000	1			49000		other	0
sub-05_1	28	Pulse	255	3185521	61372	0
sub-05_1	28	Picture	test	3188376	64227	1	45226	1	64000	45000	miss	0
sub-05_1	28	Pulse	255	3205521	81372	0
sub-05_1	28	Pulse	255	3225521	101372	0
sub-05_1	29	Picture	grid	3233768	0	1	4226	1	0	4000	other	0
sub-05_1	29	Picture	40	3237994	4226	1	15226	1	4000	15000	other	0
sub-05_1	29	Pulse	255	3245521	11752	0
sub-05_1	29	Picture	maintenance	3253220	19452	1	30226	1	19000	30000	other	0
sub-05_1	29	Pulse	255	3265522	31753	0
sub-05_1	29	Nothing	45	3282768	49000	1			49000		other	0
sub-05_1	29	Pulse	255	3285522	51753	0
sub-05_1	29	Picture	test	3297994	64226	1	45226	1	64000	45000	miss	0
sub-05_1	29	Pulse	255	3305521	71753	0
sub-05_1	29	Pulse	255	3325522	91753	0
sub-05_1	30	Picture	grid	3343387	0	1	4226	1	0	4000	other	0
sub-05_1	30	Pulse	255	3345522	2135	0
sub-05_1	30	Picture	61	3347613	4226	1	15226	1	4000	15000	other	0
sub-05_1	30	Picture	maintenance	3362839	19452	1	30227	1	19000	30000	other	0
sub-05_1	30	Pulse	255	3365522	22135	0
sub-05_1	30	Pulse	255	3385522	42135	0
sub-05_1	30	Nothing	90	3392387	49000	1			49000		other	0
sub-05_1	30	Pulse	255	3405522	62135	0
sub-05_1	30	Picture	test	3407613	64226	1	30226	1	64000	30000	miss	0
sub-05_1	30	Pulse	255	3425522	82135	0
sub-05_1	31	Picture	grid	3438005	0	1	4226	1	0	4000	other	0
sub-05_1	31	Picture	21	3442231	4226	1	15226	1	4000	15000	other	0
sub-05_1	31	Pulse	255	3445523	7517	0
sub-05_1	31	Picture	maintenance	3457457	19452	1	30226	1	19000	30000	other	0
sub-05_1	31	Pulse	255	3465522	27517	0
sub-05_1	31	Pulse	255	3485522	47517	0
sub-05_1	31	Nothing	90	3487005	49000	1			49000		other	0
sub-05_1	31	Picture	test	3502231	64226	1	15226	1	64000	15000	miss	0
sub-05_1	31	Pulse	255	3505523	67517	0
sub-05_1	32	Picture	grid	3517624	0	1	4226	1	0	4000	other	0
sub-05_1	32	Picture	60	3521850	4226	1	15226	1	4000	15000	other	0
sub-05_1	32	Pulse	255	3525523	7898	0
sub-05_1	32	Picture	maintenance	3537076	19452	1	30226	1	19000	30000	other	0
sub-05_1	32	Pulse	255	3545523	27898	0
sub-05_1	32	Pulse	255	3565523	47899	0
sub-05_1	32	Nothing	65	3566624	49000	1			49000		other	0
sub-05_1	32	Picture	test	3581850	64226	1	15226	1	64000	15000	miss	0
sub-05_1	32	Pulse	255	3585522	67898	0
sub-05_1	33	Picture	grid	3597243	0	1	4226	1	0	4000	other	0
sub-05_1	33	Picture	20	3601468	4226	1	15226	1	4000	15000	other	0
sub-05_1	33	Pulse	255	3605512	8270	0
sub-05_1	33	Picture	maintenance	3616694	19452	1	30226	1	19000	30000	other	0
sub-05_1	33	Pulse	255	3625513	28270	0
sub-05_1	33	Pulse	255	3645513	48270	0
sub-05_1	33	Nothing	25	3646243	49000	1			49000		other	0
sub-05_1	33	Picture	test	3661468	64226	1	50226	1	64000	50000	miss	0
sub-05_1	33	Pulse	255	3665513	68270	0
sub-05_1	33	Pulse	255	3685513	88271	0
sub-05_1	33	Pulse	255	3705513	108271	0
sub-05_1	34	Picture	grid	3711861	0	1	4226	1	0	4000	other	0
sub-05_1	34	Picture	20	3716087	4226	1	15226	1	4000	15000	other	0
sub-05_1	34	Pulse	255	3725513	13652	0
sub-05_1	34	Picture	maintenance	3731313	19452	1	30226	1	19000	30000	other	0
sub-05_1	34	Pulse	255	3745513	33652	0
sub-05_1	34	Nothing	25	3760861	49000	1			49000		other	0
sub-05_1	34	Pulse	255	3765513	53652	0
sub-05_1	34	Picture	test	3776087	64226	1	60226	1	64000	60000	miss	0
sub-05_1	34	Pulse	255	3785513	73652	0
sub-05_1	34	Pulse	255	3805513	93652	0
sub-05_1	34	Pulse	255	3825514	113653	0
sub-05_1	35	Picture	grid	3836480	0	1	4226	1	0	4000	other	0
sub-05_1	35	Picture	40	3840705	4226	1	15226	1	4000	15000	other	0
sub-05_1	35	Pulse	255	3845514	9034	0
sub-05_1	35	Picture	maintenance	3855931	19452	1	30226	1	19000	30000	other	0
sub-05_1	35	Pulse	255	3865514	29034	0
sub-05_1	35	Nothing	45	3885480	49000	1			49000		other	0
sub-05_1	35	Pulse	255	3885514	49034	0
sub-05_1	35	Picture	test	3900705	64226	1	45226	1	64000	45000	miss	0
sub-05_1	35	Pulse	255	3905513	69034	0
sub-05_1	35	Pulse	255	3925514	89034	0
sub-05_1	35	Pulse	255	3945514	109034	0
sub-05_1	36	Picture	grid	3946098	0	1	4226	1	0	4000	other	0
sub-05_1	36	Picture	60	3950324	4226	1	15226	1	4000	15000	other	0
sub-05_1	36	Pulse	255	3965514	19416	0
sub-05_1	36	Picture	maintenance	3965550	19452	1	30226	1	19000	30000	other	0
sub-05_1	36	Pulse	255	3985514	39416	0
sub-05_1	36	Nothing	65	3995098	49000	1			49000		other	0
sub-05_1	36	Pulse	255	4005514	59416	0
sub-05_1	36	Picture	test	4010324	64226	1	40226	1	64000	40000	miss	0
sub-05_1	36	Pulse	255	4025514	79416	0
sub-05_1	36	Pulse	255	4045514	99416	0
sub-05_1	37	Picture	grid	4050716	0	1	4226	1	0	4000	other	0
sub-05_1	37	Picture	21	4054942	4226	1	15226	1	4000	15000	other	0
sub-05_1	37	Pulse	255	4065515	14798	0
sub-05_1	37	Picture	maintenance	4070168	19452	1	30226	1	19000	30000	other	0
sub-05_1	37	Pulse	255	4085514	34798	0
sub-05_1	37	Nothing	90	4099716	49000	1			49000		other	0
sub-05_1	37	Pulse	255	4105515	54799	0
sub-05_1	37	Picture	test	4114942	64226	1	15226	1	64000	15000	miss	0
sub-05_1	37	Pulse	255	4125515	74798	0
sub-05_1	38	Picture	Bfix	4130335	0	1	71725	1	0	60000	other	0
sub-05_1	38	Pulse	255	4145515	15180	0
sub-05_1	38	Pulse	255	4165515	35180	0
