Scenario - loca_mvis
Logfile written - 02/13/2019 18:48:23

Subject	Trial	Event Type	Code	Time	TTime	Uncertainty	Duration	Uncertainty	ReqTime	ReqDur	Stim Type	Pair Index

sub-01_2	0	Pulse	255	689017	689017	0
sub-01_2	1	Picture	p_startup	689245	0	1	88226	1	0	88000	other	0
sub-01_2	1	Pulse	255	709017	19772	0
sub-01_2	1	Pulse	255	729017	39772	0
sub-01_2	1	Pulse	255	749017	59772	0
sub-01_2	1	Pulse	255	769018	79772	0
sub-01_2	2	Picture	grid	777638	0	1	4226	1	0	4000	other	0
sub-01_2	2	Picture	60	781865	4226	1	15227	1	4000	15000	other	0
sub-01_2	2	Pulse	255	789018	11380	0
sub-01_2	2	Picture	maintenance	797091	19453	1	30226	1	19000	30000	other	0
sub-01_2	2	Pulse	255	809017	31379	0
sub-01_2	2	Nothing	65	826638	49000	1			49000		other	0
sub-01_2	2	Pulse	255	829017	51379	0
sub-01_2	2	Picture	test	841865	64226	1	10226	1	64000	10000	miss	0
sub-01_2	2	Pulse	255	849018	71380	0
sub-01_2	3	Picture	grid	852257	0	1	4226	1	0	4000	other	0
sub-01_2	3	Picture	21	856483	4226	1	15226	1	4000	15000	other	0
sub-01_2	3	Pulse	255	869018	16761	0
sub-01_2	3	Picture	maintenance	871709	19452	1	30226	1	19000	30000	other	0
sub-01_2	3	Pulse	255	889018	36761	0
sub-01_2	3	Nothing	90	901257	49000	1			49000		other	0
sub-01_2	3	Pulse	255	909018	56761	0
sub-01_2	3	Picture	test	916483	64226	1	20226	1	64000	20000	miss	0
sub-01_2	3	Pulse	255	929018	76761	0
sub-01_2	4	Picture	grid	936875	0	1	4226	1	0	4000	other	0
sub-01_2	4	Picture	20	941101	4226	1	15226	1	4000	15000	other	0
sub-01_2	4	Pulse	255	949018	12143	0
sub-01_2	4	Picture	maintenance	956327	19452	1	30226	1	19000	30000	other	0
sub-01_2	4	Pulse	255	969019	32143	0
sub-01_2	4	Nothing	25	985875	49000	1			49000		other	0
sub-01_2	4	Pulse	255	989019	52143	0
sub-01_2	4	Picture	test	1001102	64226	1	30226	1	64000	30000	miss	0
sub-01_2	4	Pulse	255	1009019	72143	0
sub-01_2	4	Pulse	255	1029018	92143	0
sub-01_2	5	Picture	grid	1031494	0	1	4226	1	0	4000	other	0
sub-01_2	5	Picture	40	1035720	4226	1	15226	1	4000	15000	other	0
sub-01_2	5	Pulse	255	1049019	17525	0
sub-01_2	5	Picture	maintenance	1050946	19452	1	30226	1	19000	30000	other	0
sub-01_2	5	Pulse	255	1069019	37525	0
sub-01_2	5	Nothing	45	1080494	49000	1			49000		other	0
sub-01_2	5	Pulse	255	1089019	57525	0
sub-01_2	5	Picture	test	1095720	64226	1	20226	1	64000	20000	miss	0
sub-01_2	5	Pulse	255	1109019	77525	0
sub-01_2	6	Picture	grid	1116113	0	1	4226	1	0	4000	other	0
sub-01_2	6	Picture	61	1120339	4226	1	15226	1	4000	15000	other	0
sub-01_2	6	Pulse	255	1129019	12906	0
sub-01_2	6	Picture	maintenance	1135565	19452	1	30226	1	19000	30000	other	0
sub-01_2	6	Pulse	255	1149020	32907	0
sub-01_2	6	Nothing	90	1165113	49000	1			49000		other	0
sub-01_2	6	Pulse	255	1169020	52907	0
sub-01_2	6	Picture	test	1180339	64226	1	15226	1	64000	15000	miss	0
sub-01_2	6	Pulse	255	1189019	72907	0
sub-01_2	7	Picture	grid	1195731	0	1	4226	1	0	4000	other	0
sub-01_2	7	Picture	40	1199957	4226	1	15226	1	4000	15000	other	0
sub-01_2	7	Pulse	255	1209009	13278	0
sub-01_2	7	Picture	maintenance	1215183	19452	1	30226	1	19000	30000	other	0
sub-01_2	7	Pulse	255	1229010	33278	0
sub-01_2	7	Nothing	45	1244731	49000	1			49000		other	0
sub-01_2	7	Pulse	255	1249009	53278	0
sub-01_2	7	Picture	test	1259957	64226	1	10226	1	64000	10000	miss	0
sub-01_2	7	Pulse	255	1269010	73278	0
sub-01_2	8	Picture	grid	1270350	0	1	4226	1	0	4000	other	0
sub-01_2	8	Picture	41	1274576	4226	1	15226	1	4000	15000	other	0
sub-01_2	8	Pulse	255	1289010	18660	0
sub-01_2	8	Picture	maintenance	1289802	19452	1	30226	1	19000	30000	other	0
sub-01_2	8	Pulse	255	1309010	38660	0
sub-01_2	8	Nothing	90	1319350	49000	1			49000		other	0
sub-01_2	8	Pulse	255	1329010	58660	0
sub-01_2	8	Picture	test	1334576	64226	1	15226	1	64000	15000	miss	0
sub-01_2	8	Pulse	255	1349010	78660	0
sub-01_2	9	Picture	grid	1349968	0	1	4226	1	0	4000	other	0
sub-01_2	9	Picture	61	1354195	4226	1	15226	1	4000	15000	other	0
sub-01_2	9	Pulse	255	1369010	19041	0
sub-01_2	9	Picture	maintenance	1369421	19452	1	30226	1	19000	30000	other	0
sub-01_2	9	Pulse	255	1389010	39042	0
sub-01_2	9	Nothing	90	1398968	49000	1			49000		other	0
sub-01_2	9	Pulse	255	1409010	59042	0
sub-01_2	9	Picture	test	1414195	64227	1	25226	1	64000	25000	miss	0
sub-01_2	9	Pulse	255	1429011	79042	0
sub-01_2	10	Picture	grid	1439588	0	1	4226	1	0	4000	other	0
sub-01_2	10	Picture	41	1443814	4226	1	15226	1	4000	15000	other	0
sub-01_2	10	Pulse	255	1449011	9423	0
sub-01_2	10	Picture	maintenance	1459040	19452	1	30226	1	19000	30000	other	0
sub-01_2	10	Pulse	255	1469010	29422	0
sub-01_2	10	Nothing	90	1488588	49000	1			49000		other	0
sub-01_2	10	Pulse	255	1489011	49423	0
sub-01_2	10	Picture	test	1503814	64226	1	35226	1	64000	35000	miss	0
sub-01_2	10	Pulse	255	1509011	69423	0
sub-01_2	10	Pulse	255	1529011	89423	0
sub-01_2	11	Picture	grid	1539206	0	1	4226	1	0	4000	other	0
sub-01_2	11	Picture	61	1543432	4226	1	15226	1	4000	15000	other	0
sub-01_2	11	Pulse	255	1549011	9805	0
sub-01_2	11	Picture	maintenance	1558658	19452	1	30226	1	19000	30000	other	0
sub-01_2	11	Pulse	255	1569011	29805	0
sub-01_2	11	Nothing	90	1588206	49000	1			49000		other	0
sub-01_2	11	Pulse	255	1589011	49805	0
sub-01_2	11	Picture	test	1603433	64226	1	45226	1	64000	45000	miss	0
sub-01_2	11	Pulse	255	1609011	69805	0
sub-01_2	11	Pulse	255	1629011	89805	0
sub-01_2	12	Picture	grid	1648825	0	1	4226	1	0	4000	other	0
sub-01_2	12	Pulse	255	1649012	187	0
sub-01_2	12	Picture	20	1653051	4226	1	15226	1	4000	15000	other	0
sub-01_2	12	Picture	maintenance	1668277	19452	1	30226	1	19000	30000	other	0
sub-01_2	12	Pulse	255	1669012	20187	0
sub-01_2	12	Pulse	255	1689011	40186	0
sub-01_2	12	Nothing	25	1697825	49000	1			49000		other	0
sub-01_2	12	Pulse	255	1709011	60186	0
sub-01_2	12	Picture	test	1713051	64226	1	15226	1	64000	15000	miss	0
sub-01_2	13	Picture	grid	1728443	0	1	4226	1	0	4000	other	0
sub-01_2	13	Pulse	255	1729012	569	0
sub-01_2	13	Picture	40	1732669	4226	1	15226	1	4000	15000	other	0
sub-01_2	13	Picture	maintenance	1747895	19452	1	30226	1	19000	30000	other	0
sub-01_2	13	Pulse	255	1749012	20568	0
sub-01_2	13	Pulse	255	1769012	40568	0
sub-01_2	13	Nothing	45	1777443	49000	1			49000		other	0
sub-01_2	13	Pulse	255	1789012	60569	0
sub-01_2	13	Picture	test	1792670	64227	1	30226	1	64000	30000	miss	0
sub-01_2	13	Pulse	255	1809012	80568	0
sub-01_2	14	Picture	grid	1823063	0	1	4226	1	0	4000	other	0
sub-01_2	14	Picture	41	1827289	4226	1	15226	1	4000	15000	other	0
sub-01_2	14	Pulse	255	1829013	5950	0
sub-01_2	14	Picture	maintenance	1842514	19452	1	30226	1	19000	30000	other	0
sub-01_2	14	Pulse	255	1849012	25950	0
sub-01_2	14	Pulse	255	1869013	45950	0
sub-01_2	14	Nothing	90	1872063	49000	1			49000		other	0
sub-01_2	14	Picture	test	1887289	64226	1	20226	1	64000	20000	miss	0
sub-01_2	14	Pulse	255	1889013	65950	0
sub-01_2	15	Picture	grid	1907681	0	1	4226	1	0	4000	other	0
sub-01_2	15	Pulse	255	1909013	1331	0
sub-01_2	15	Picture	60	1911907	4226	1	15226	1	4000	15000	other	0
sub-01_2	15	Picture	maintenance	1927133	19452	1	30226	1	19000	30000	other	0
sub-01_2	15	Pulse	255	1929012	21331	0
sub-01_2	15	Pulse	255	1949013	41331	0
sub-01_2	15	Nothing	65	1956681	49000	1			49000		other	0
sub-01_2	15	Pulse	255	1969013	61331	0
sub-01_2	15	Picture	test	1971907	64226	1	15226	1	64000	15000	miss	0
sub-01_2	16	Picture	grid	1987300	0	1	4226	1	0	4000	other	0
sub-01_2	16	Pulse	255	1989013	1713	0
sub-01_2	16	Picture	20	1991526	4226	1	15226	1	4000	15000	other	0
sub-01_2	16	Picture	maintenance	2006752	19452	1	30226	1	19000	30000	other	0
sub-01_2	16	Pulse	255	2009013	21713	0
sub-01_2	16	Pulse	255	2029013	41713	0
sub-01_2	16	Nothing	25	2036300	49000	1			49000		other	0
sub-01_2	16	Pulse	255	2049013	61713	0
sub-01_2	16	Picture	test	2051526	64226	1	40226	1	64000	40000	miss	0
sub-01_2	16	Pulse	255	2069013	81713	0
sub-01_2	16	Pulse	255	2089014	101714	0
sub-01_2	17	Picture	grid	2091918	0	1	4226	1	0	4000	other	0
sub-01_2	17	Picture	21	2096144	4226	1	15226	1	4000	15000	other	0
sub-01_2	17	Pulse	255	2109013	17095	0
sub-01_2	17	Picture	maintenance	2111370	19452	1	30226	1	19000	30000	other	0
sub-01_2	17	Pulse	255	2129013	37095	0
sub-01_2	17	Nothing	90	2140918	49000	1			49000		other	0
sub-01_2	17	Pulse	255	2149014	57095	0
sub-01_2	17	Picture	test	2156144	64226	1	20226	1	64000	20000	miss	0
sub-01_2	17	Pulse	255	2169014	77096	0
sub-01_2	18	Picture	grid	2176537	0	1	4226	1	0	4000	other	0
sub-01_2	18	Picture	20	2180763	4226	1	15226	1	4000	15000	other	0
sub-01_2	18	Pulse	255	2189014	12477	0
sub-01_2	18	Picture	maintenance	2195989	19452	1	30226	1	19000	30000	other	0
sub-01_2	18	Pulse	255	2209014	32477	0
sub-01_2	18	Nothing	25	2225537	49000	1			49000		other	0
sub-01_2	18	Pulse	255	2229014	52477	0
sub-01_2	18	Picture	test	2240763	64226	1	30226	1	64000	30000	miss	0
sub-01_2	18	Pulse	255	2249014	72477	0
sub-01_2	18	Pulse	255	2269014	92477	0
sub-01_2	19	Picture	grid	2271155	0	1	4226	1	0	4000	other	0
sub-01_2	19	Picture	60	2275381	4226	1	15226	1	4000	15000	other	0
sub-01_2	19	Pulse	255	2289014	17859	0
sub-01_2	19	Picture	maintenance	2290607	19452	1	30226	1	19000	30000	other	0
sub-01_2	19	Pulse	255	2309014	37859	0
sub-01_2	19	Nothing	65	2320155	49000	1			49000		other	0
sub-01_2	19	Pulse	255	2329015	57859	0
sub-01_2	19	Picture	test	2335381	64226	1	10226	1	64000	10000	miss	0
sub-01_2	20	Picture	grid	2345774	0	1	4226	1	0	4000	other	0
sub-01_2	20	Pulse	255	2349015	3241	0
sub-01_2	20	Picture	20	2350000	4226	1	15226	1	4000	15000	other	0
sub-01_2	20	Picture	maintenance	2365226	19452	1	30226	1	19000	30000	other	0
sub-01_2	20	Pulse	255	2369015	23241	0
sub-01_2	20	Pulse	255	2389015	43241	0
sub-01_2	20	Nothing	25	2394774	49000	1			49000		other	0
sub-01_2	20	Pulse	255	2409015	63241	0
sub-01_2	20	Picture	test	2410000	64226	1	35226	1	64000	35000	miss	0
sub-01_2	20	Pulse	255	2429015	83241	0
sub-01_2	21	Picture	grid	2445393	0	1	4226	1	0	4000	other	0
sub-01_2	21	Pulse	255	2449015	3622	0
sub-01_2	21	Picture	20	2449618	4226	1	15226	1	4000	15000	other	0
sub-01_2	21	Picture	maintenance	2464844	19452	1	30226	1	19000	30000	other	0
sub-01_2	21	Pulse	255	2469015	23622	0
sub-01_2	21	Pulse	255	2489015	43623	0
sub-01_2	21	Nothing	25	2494393	49000	1			49000		other	0
sub-01_2	21	Pulse	255	2509016	63623	0
sub-01_2	21	Picture	test	2509619	64226	1	25226	1	64000	25000	miss	0
sub-01_2	21	Pulse	255	2529016	83623	0
sub-01_2	22	Picture	grid	2535011	0	1	4226	1	0	4000	other	0
sub-01_2	22	Picture	41	2539237	4226	1	15226	1	4000	15000	other	0
sub-01_2	22	Pulse	255	2549016	14004	0
sub-01_2	22	Picture	maintenance	2554463	19452	1	30226	1	19000	30000	other	0
sub-01_2	22	Pulse	255	2569016	34005	0
sub-01_2	22	Nothing	90	2584011	49000	1			49000		other	0
sub-01_2	22	Pulse	255	2589016	54004	0
sub-01_2	22	Picture	test	2599237	64226	1	55226	1	64000	55000	miss	0
sub-01_2	22	Pulse	255	2609015	74004	0
sub-01_2	22	Pulse	255	2629016	94004	0
sub-01_2	22	Pulse	255	2649016	114004	0
sub-01_2	23	Picture	grid	2654630	0	1	4226	1	0	4000	other	0
sub-01_2	23	Picture	40	2658856	4226	1	15226	1	4000	15000	other	0
sub-01_2	23	Pulse	255	2669016	14386	0
sub-01_2	23	Picture	maintenance	2674082	19452	1	30226	1	19000	30000	other	0
sub-01_2	23	Pulse	255	2689016	34386	0
sub-01_2	23	Nothing	45	2703630	49000	1			49000		other	0
sub-01_2	23	Pulse	255	2709016	54386	0
sub-01_2	23	Picture	test	2718856	64226	1	15226	1	64000	15000	miss	0
sub-01_2	23	Pulse	255	2729016	74386	0
sub-01_2	24	Picture	grid	2734248	0	1	4226	1	0	4000	other	0
sub-01_2	24	Picture	61	2738474	4226	1	15226	1	4000	15000	other	0
sub-01_2	24	Pulse	255	2749016	14768	0
sub-01_2	24	Picture	maintenance	2753700	19452	1	30226	1	19000	30000	other	0
sub-01_2	24	Pulse	255	2769016	34768	0
sub-01_2	24	Nothing	90	2783248	49000	1			49000		other	0
sub-01_2	24	Pulse	255	2789007	54758	0
sub-01_2	24	Picture	test	2798474	64226	1	50226	1	64000	50000	miss	0
sub-01_2	24	Pulse	255	2809007	74758	0
sub-01_2	24	Pulse	255	2829007	94758	0
sub-01_2	25	Picture	grid	2848867	0	1	4226	1	0	4000	other	0
sub-01_2	25	Pulse	255	2849007	140	0
sub-01_2	25	Picture	60	2853093	4226	1	15226	1	4000	15000	other	0
sub-01_2	25	Picture	maintenance	2868319	19452	1	30226	1	19000	30000	other	0
sub-01_2	25	Pulse	255	2869007	20140	0
sub-01_2	25	Pulse	255	2889007	40140	0
sub-01_2	25	Nothing	65	2897867	49000	1			49000		other	0
sub-01_2	25	Pulse	255	2909007	60140	0
sub-01_2	25	Picture	test	2913093	64226	1	60226	1	64000	60000	miss	0
sub-01_2	25	Pulse	255	2929007	80140	0
sub-01_2	25	Pulse	255	2949008	100140	0
sub-01_2	25	Pulse	255	2969007	120140	0
sub-01_2	26	Picture	grid	2973486	0	1	4226	1	0	4000	other	0
sub-01_2	26	Picture	41	2977711	4226	1	15226	1	4000	15000	other	0
sub-01_2	26	Pulse	255	2989008	15522	0
sub-01_2	26	Picture	maintenance	2992937	19452	1	30226	1	19000	30000	other	0
sub-01_2	26	Pulse	255	3009007	35522	0
sub-01_2	26	Nothing	90	3022486	49000	1			49000		other	0
sub-01_2	26	Pulse	255	3029008	55522	0
sub-01_2	26	Picture	test	3037712	64226	1	20226	1	64000	20000	miss	0
sub-01_2	26	Pulse	255	3049007	75522	0
sub-01_2	27	Picture	grid	3058104	0	1	4226	1	0	4000	other	0
sub-01_2	27	Picture	21	3062330	4226	1	15226	1	4000	15000	other	0
sub-01_2	27	Pulse	255	3069008	10904	0
sub-01_2	27	Picture	maintenance	3077556	19452	1	30226	1	19000	30000	other	0
sub-01_2	27	Pulse	255	3089008	30904	0
sub-01_2	27	Nothing	90	3107104	49000	1			49000		other	0
sub-01_2	27	Pulse	255	3109008	50904	0
sub-01_2	27	Picture	test	3122330	64226	1	15226	1	64000	15000	miss	0
sub-01_2	27	Pulse	255	3129008	70904	0
sub-01_2	28	Picture	grid	3137723	0	1	4226	1	0	4000	other	0
sub-01_2	28	Picture	60	3141948	4226	1	15226	1	4000	15000	other	0
sub-01_2	28	Pulse	255	3149008	11285	0
sub-01_2	28	Picture	maintenance	3157174	19452	1	30226	1	19000	30000	other	0
sub-01_2	28	Pulse	255	3169008	31286	0
sub-01_2	28	Nothing	65	3186723	49000	1			49000		other	0
sub-01_2	28	Pulse	255	3189008	51285	0
sub-01_2	28	Picture	test	3201948	64226	1	40226	1	64000	40000	miss	0
sub-01_2	28	Pulse	255	3209008	71286	0
sub-01_2	28	Pulse	255	3229008	91286	0
sub-01_2	29	Picture	grid	3242341	0	1	4226	1	0	4000	other	0
sub-01_2	29	Picture	61	3246567	4226	1	15226	1	4000	15000	other	0
sub-01_2	29	Pulse	255	3249009	6668	0
sub-01_2	29	Picture	maintenance	3261793	19452	1	30226	1	19000	30000	other	0
sub-01_2	29	Pulse	255	3269008	26667	0
sub-01_2	29	Pulse	255	3289009	46668	0
sub-01_2	29	Nothing	90	3291341	49000	1			49000		other	0
sub-01_2	29	Picture	test	3306567	64226	1	60226	1	64000	60000	miss	0
sub-01_2	29	Pulse	255	3309009	66668	0
sub-01_2	29	Pulse	255	3329009	86668	0
sub-01_2	29	Pulse	255	3349009	106668	0
sub-01_2	30	Picture	grid	3366960	0	1	4226	1	0	4000	other	0
sub-01_2	30	Pulse	255	3369009	2050	0
sub-01_2	30	Picture	40	3371185	4226	1	15226	1	4000	15000	other	0
sub-01_2	30	Picture	maintenance	3386411	19452	1	30226	1	19000	30000	other	0
sub-01_2	30	Pulse	255	3389009	22050	0
sub-01_2	30	Pulse	255	3409009	42050	0
sub-01_2	30	Nothing	45	3415960	49000	1			49000		other	0
sub-01_2	30	Pulse	255	3429010	62050	0
sub-01_2	30	Picture	test	3431185	64226	1	30226	1	64000	30000	miss	0
sub-01_2	30	Pulse	255	3449009	82050	0
sub-01_2	31	Picture	grid	3461578	0	1	4056	1	0	4000	other	0
sub-01_2	31	Picture	60	3465634	4056	1	15226	1	4000	15000	other	0
sub-01_2	31	Pulse	255	3469009	7432	0
sub-01_2	31	Picture	maintenance	3480860	19283	1	30226	1	19000	30000	other	0
sub-01_2	31	Pulse	255	3489010	27432	0
sub-01_2	31	Pulse	255	3509010	47432	0
sub-01_2	31	Nothing	65	3510578	49000	1			49000		other	0
sub-01_2	31	Picture	test	3525804	64226	1	40226	1	64000	40000	miss	0
sub-01_2	31	Pulse	255	3529010	67432	0
sub-01_2	31	Pulse	255	3549010	87432	0
sub-01_2	32	Picture	grid	3566196	0	1	4226	1	0	4000	other	0
sub-01_2	32	Pulse	255	3569010	2814	0
sub-01_2	32	Picture	21	3570422	4226	1	15226	1	4000	15000	other	0
sub-01_2	32	Picture	maintenance	3585648	19452	1	30226	1	19000	30000	other	0
sub-01_2	32	Pulse	255	3589010	22814	0
sub-01_2	32	Pulse	255	3609010	42814	0
sub-01_2	32	Nothing	90	3615196	49000	1			49000		other	0
sub-01_2	32	Pulse	255	3629010	62814	0
sub-01_2	32	Picture	test	3630422	64226	1	35226	1	64000	35000	miss	0
sub-01_2	32	Pulse	255	3649011	82814	0
sub-01_2	33	Picture	grid	3665815	0	1	4226	1	0	4000	other	0
sub-01_2	33	Pulse	255	3669010	3196	0
sub-01_2	33	Picture	21	3670040	4226	1	15226	1	4000	15000	other	0
sub-01_2	33	Picture	maintenance	3685266	19452	1	30226	1	19000	30000	other	0
sub-01_2	33	Pulse	255	3689010	23196	0
sub-01_2	33	Pulse	255	3709010	43196	0
sub-01_2	33	Nothing	90	3714815	49000	1			49000		other	0
sub-01_2	33	Pulse	255	3729011	63196	0
sub-01_2	33	Picture	test	3730040	64226	1	15226	1	64000	15000	miss	0
sub-01_2	34	Picture	grid	3745433	0	1	4226	1	0	4000	other	0
sub-01_2	34	Pulse	255	3749011	3578	0
sub-01_2	34	Picture	41	3749659	4226	1	15226	1	4000	15000	other	0
sub-01_2	34	Picture	maintenance	3764885	19452	1	30226	1	19000	30000	other	0
sub-01_2	34	Pulse	255	3769011	23578	0
sub-01_2	34	Pulse	255	3789011	43578	0
sub-01_2	34	Nothing	90	3794433	49000	1			49000		other	0
sub-01_2	34	Pulse	255	3809011	63578	0
sub-01_2	34	Picture	test	3809659	64226	1	20226	1	64000	20000	miss	0
sub-01_2	34	Pulse	255	3829011	83578	0
sub-01_2	35	Picture	grid	3830051	0	1	4226	1	0	4000	other	0
sub-01_2	35	Picture	21	3834277	4226	1	15226	1	4000	15000	other	0
sub-01_2	35	Pulse	255	3849011	18960	0
sub-01_2	35	Picture	maintenance	3849503	19452	1	30226	1	19000	30000	other	0
sub-01_2	35	Pulse	255	3869011	38960	0
sub-01_2	35	Nothing	90	3879051	49000	1			49000		other	0
sub-01_2	35	Pulse	255	3889012	58960	0
sub-01_2	35	Picture	test	3894277	64226	1	55226	1	64000	55000	miss	0
sub-01_2	35	Pulse	255	3909011	78960	0
sub-01_2	35	Pulse	255	3929011	98960	0
sub-01_2	35	Pulse	255	3949012	118960	0
sub-01_2	36	Picture	grid	3949670	0	1	4226	1	0	4000	other	0
sub-01_2	36	Picture	20	3953896	4226	1	15226	1	4000	15000	other	0
sub-01_2	36	Pulse	255	3969012	19343	0
sub-01_2	36	Picture	maintenance	3969121	19452	1	30226	1	19000	30000	other	0
sub-01_2	36	Pulse	255	3989012	39342	0
sub-01_2	36	Nothing	25	3998670	49000	1			49000		other	0
sub-01_2	36	Pulse	255	4009012	59342	0
sub-01_2	36	Picture	test	4013896	64226	1	60226	1	64000	60000	miss	0
sub-01_2	36	Pulse	255	4029012	79342	0
sub-01_2	36	Pulse	255	4049012	99342	0
sub-01_2	36	Pulse	255	4069013	119343	0
sub-01_2	37	Picture	grid	4074288	0	1	4226	1	0	4000	other	0
sub-01_2	37	Picture	61	4078514	4226	1	15226	1	4000	15000	other	0
sub-01_2	37	Pulse	255	4089012	14724	0
sub-01_2	37	Picture	maintenance	4093740	19452	1	30226	1	19000	30000	other	0
sub-01_2	37	Pulse	255	4109012	34724	0
sub-01_2	37	Nothing	90	4123288	49000	1			49000		other	0
sub-01_2	37	Pulse	255	4129013	54724	0
sub-01_2	37	Picture	test	4138514	64226	1	30226	1	64000	30000	miss	0
sub-01_2	37	Pulse	255	4149013	74724	0
sub-01_2	38	Picture	Bfix	4168907	0	1	71663	1	0	60000	other	0
sub-01_2	38	Pulse	255	4169013	106	0
sub-01_2	38	Pulse	255	4189013	20106	0
sub-01_2	38	Pulse	255	4209013	40106	0
