Scenario - loca_mvis
Logfile written - 05/28/2018 10:58:01

Subject	Trial	Event Type	Code	Time	TTime	Uncertainty	Duration	Uncertainty	ReqTime	ReqDur	Stim Type	Pair Index

sub-09_2	0	Pulse	255	672715	672715	0
sub-09_2	1	Picture	p_startup	672869	0	1	88194	1	0	88000	other	0
sub-09_2	1	Pulse	255	692715	19845	0
sub-09_2	1	Pulse	255	712714	39845	0
sub-09_2	1	Pulse	255	732715	59846	0
sub-09_2	1	Pulse	255	752715	79846	0
sub-09_2	2	Picture	grid	761230	0	1	4168	1	0	4000	other	0
sub-09_2	2	Picture	61	765398	4168	1	15171	1	4000	15000	other	0
sub-09_2	2	Pulse	255	772715	11485	0
sub-09_2	2	Picture	maintenance	780569	19339	1	30176	1	19000	30000	other	0
sub-09_2	2	Pulse	255	792715	31486	0
sub-09_2	2	Nothing	90	810230	49000	1			49000		other	0
sub-09_2	2	Pulse	255	812715	51486	0
sub-09_2	2	Picture	test	825416	64186	1	15171	1	64000	15000	miss	0
sub-09_2	2	Pulse	255	832715	71486	0
sub-09_2	3	Picture	grid	840754	0	1	4168	1	0	4000	other	0
sub-09_2	3	Picture	20	844922	4168	1	15171	1	4000	15000	other	0
sub-09_2	3	Pulse	255	852715	11962	0
sub-09_2	3	Picture	maintenance	860093	19339	1	30176	1	19000	30000	other	0
sub-09_2	3	Pulse	255	872716	31962	0
sub-09_2	3	Nothing	25	889754	49000	1			49000		other	0
sub-09_2	3	Pulse	255	892715	51961	0
sub-09_2	3	Picture	test	904940	64186	1	25174	1	64000	25000	miss	0
sub-09_2	3	Pulse	255	912715	71962	0
sub-09_2	4	Picture	grid	930281	0	1	4168	1	0	4000	other	0
sub-09_2	4	Pulse	255	932715	2434	0
sub-09_2	4	Picture	20	934449	4168	1	15171	1	4000	15000	other	0
sub-09_2	4	Picture	maintenance	949621	19339	1	30176	1	19000	30000	other	0
sub-09_2	4	Pulse	255	952715	22434	0
sub-09_2	4	Pulse	255	972716	42434	0
sub-09_2	4	Nothing	25	979281	49000	1			49000		other	0
sub-09_2	4	Pulse	255	992716	62435	0
sub-09_2	4	Picture	test	994468	64186	1	45180	1	64000	45000	miss	0
sub-09_2	4	Pulse	255	1012716	82435	0
sub-09_2	4	Pulse	255	1032716	102435	0
sub-09_2	5	Picture	grid	1039815	0	1	4168	1	0	4000	other	0
sub-09_2	5	Picture	41	1043983	4168	1	15171	1	4000	15000	other	0
sub-09_2	5	Pulse	255	1052716	12901	0
sub-09_2	5	Picture	maintenance	1059154	19339	1	30176	1	19000	30000	other	0
sub-09_2	5	Pulse	255	1072716	32901	0
sub-09_2	5	Nothing	90	1088815	49000	1			49000		other	0
sub-09_2	5	Pulse	255	1092716	52901	0
sub-09_2	5	Picture	test	1104001	64186	1	60185	1	64000	60000	miss	0
sub-09_2	5	Pulse	255	1112716	72902	0
sub-09_2	5	Pulse	255	1132716	92902	0
sub-09_2	5	Pulse	255	1152717	112902	0
sub-09_2	6	Picture	grid	1164353	0	1	4168	1	0	4000	other	0
sub-09_2	6	Picture	21	1168521	4168	1	15171	1	4000	15000	other	0
sub-09_2	6	Pulse	255	1172717	8364	0
sub-09_2	6	Picture	maintenance	1183692	19339	1	30176	1	19000	30000	other	0
sub-09_2	6	Pulse	255	1192716	28363	0
sub-09_2	6	Pulse	255	1212716	48363	0
sub-09_2	6	Nothing	90	1213353	49000	1			49000		other	0
sub-09_2	6	Picture	test	1228539	64186	1	20173	1	64000	20000	miss	0
sub-09_2	6	Pulse	255	1232716	68364	0
sub-09_2	7	Picture	grid	1248879	0	1	4168	1	0	4000	other	0
sub-09_2	7	Pulse	255	1252717	3838	0
sub-09_2	7	Picture	40	1253047	4168	1	15171	1	4000	15000	other	0
sub-09_2	7	Picture	maintenance	1268218	19339	1	30176	1	19000	30000	other	0
sub-09_2	7	Pulse	255	1272717	23838	0
sub-09_2	7	Pulse	255	1292717	43838	0
sub-09_2	7	Nothing	45	1297879	49000	1			49000		other	0
sub-09_2	7	Pulse	255	1312717	63838	0
sub-09_2	7	Picture	test	1313065	64186	1	15171	1	64000	15000	miss	0
sub-09_2	8	Picture	grid	1328403	0	1	4168	1	0	4000	other	0
sub-09_2	8	Picture	21	1332571	4168	1	15171	1	4000	15000	other	0
sub-09_2	8	Pulse	255	1332717	4314	0
sub-09_2	8	Picture	maintenance	1347742	19339	1	30176	1	19000	30000	other	0
sub-09_2	8	Pulse	255	1352717	24314	0
sub-09_2	8	Pulse	255	1372717	44314	0
sub-09_2	8	Nothing	90	1377403	49000	1			49000		other	0
sub-09_2	8	Picture	test	1392589	64186	1	15171	1	64000	15000	miss	0
sub-09_2	8	Pulse	255	1392717	64314	0
sub-09_2	9	Picture	grid	1407927	0	1	4168	1	0	4000	other	0
sub-09_2	9	Picture	60	1412095	4168	1	15171	1	4000	15000	other	0
sub-09_2	9	Pulse	255	1412717	4790	0
sub-09_2	9	Picture	maintenance	1427267	19339	1	30176	1	19000	30000	other	0
sub-09_2	9	Pulse	255	1432717	24790	0
sub-09_2	9	Pulse	255	1452717	44790	0
sub-09_2	9	Nothing	65	1456927	49000	1			49000		other	0
sub-09_2	9	Picture	test	1471947	64020	1	45181	1	64000	45000	miss	0
sub-09_2	9	Pulse	255	1472718	64790	0
sub-09_2	9	Pulse	255	1492717	84790	0
sub-09_2	9	Pulse	255	1512718	104790	0
sub-09_2	10	Picture	grid	1517294	0	1	4168	1	0	4000	other	0
sub-09_2	10	Picture	21	1521462	4168	1	15171	1	4000	15000	other	0
sub-09_2	10	Pulse	255	1532717	15423	0
sub-09_2	10	Picture	maintenance	1536633	19339	1	30176	1	19000	30000	other	0
sub-09_2	10	Pulse	255	1552717	35423	0
sub-09_2	10	Nothing	90	1566294	49000	1			49000		other	0
sub-09_2	10	Pulse	255	1572716	55422	0
sub-09_2	10	Picture	test	1581480	64186	1	10170	1	64000	10000	miss	0
sub-09_2	11	Picture	grid	1591817	0	1	4168	1	0	4000	other	0
sub-09_2	11	Pulse	255	1592717	900	0
sub-09_2	11	Picture	61	1595985	4168	1	15171	1	4000	15000	other	0
sub-09_2	11	Picture	maintenance	1611156	19339	1	30176	1	19000	30000	other	0
sub-09_2	11	Pulse	255	1612718	20901	0
sub-09_2	11	Pulse	255	1632718	40901	0
sub-09_2	11	Nothing	90	1640817	49000	1			49000		other	0
sub-09_2	11	Pulse	255	1652718	60901	0
sub-09_2	11	Picture	test	1656003	64186	1	45180	1	64000	45000	miss	0
sub-09_2	11	Pulse	255	1672718	80901	0
sub-09_2	11	Pulse	255	1692718	100901	0
sub-09_2	12	Picture	grid	1701350	0	1	4168	1	0	4000	other	0
sub-09_2	12	Picture	60	1705518	4168	1	15171	1	4000	15000	other	0
sub-09_2	12	Pulse	255	1712718	11368	0
sub-09_2	12	Picture	maintenance	1720690	19339	1	30176	1	19000	30000	other	0
sub-09_2	12	Pulse	255	1732718	31367	0
sub-09_2	12	Nothing	65	1750350	49000	1			49000		other	0
sub-09_2	12	Pulse	255	1752718	51368	0
sub-09_2	12	Picture	test	1765537	64186	1	35177	1	64000	35000	miss	0
sub-09_2	12	Pulse	255	1772718	71368	0
sub-09_2	12	Pulse	255	1792718	91368	0
sub-09_2	13	Picture	grid	1800881	0	1	4168	1	0	4000	other	0
sub-09_2	13	Picture	21	1805049	4168	1	15171	1	4000	15000	other	0
sub-09_2	13	Pulse	255	1812718	11837	0
sub-09_2	13	Picture	maintenance	1820220	19339	1	30176	1	19000	30000	other	0
sub-09_2	13	Pulse	255	1832718	31837	0
sub-09_2	13	Nothing	90	1849881	49000	1			49000		other	0
sub-09_2	13	Pulse	255	1852717	51836	0
sub-09_2	13	Picture	test	1865067	64186	1	15171	1	64000	15000	miss	0
sub-09_2	13	Pulse	255	1872718	71837	0
sub-09_2	14	Picture	grid	1880405	0	1	4168	1	0	4000	other	0
sub-09_2	14	Picture	41	1884573	4168	1	15171	1	4000	15000	other	0
sub-09_2	14	Pulse	255	1892719	12314	0
sub-09_2	14	Picture	maintenance	1899744	19339	1	30176	1	19000	30000	other	0
sub-09_2	14	Pulse	255	1912718	32313	0
sub-09_2	14	Nothing	90	1929405	49000	1			49000		other	0
sub-09_2	14	Pulse	255	1932719	52313	0
sub-09_2	14	Picture	test	1944591	64186	1	15171	1	64000	15000	miss	0
sub-09_2	14	Pulse	255	1952718	72313	0
sub-09_2	15	Picture	grid	1959929	0	1	4168	1	0	4000	other	0
sub-09_2	15	Picture	60	1964097	4168	1	15171	1	4000	15000	other	0
sub-09_2	15	Pulse	255	1972719	12789	0
sub-09_2	15	Picture	maintenance	1979269	19339	1	30176	1	19000	30000	other	0
sub-09_2	15	Pulse	255	1992719	32789	0
sub-09_2	15	Nothing	65	2008929	49000	1			49000		other	0
sub-09_2	15	Pulse	255	2012719	52789	0
sub-09_2	15	Picture	test	2024116	64186	1	25174	1	64000	25000	miss	0
sub-09_2	15	Pulse	255	2032719	72790	0
sub-09_2	16	Picture	grid	2049457	0	1	4168	1	0	4000	other	0
sub-09_2	16	Pulse	255	2052719	3262	0
sub-09_2	16	Picture	41	2053625	4168	1	15171	1	4000	15000	other	0
sub-09_2	16	Picture	maintenance	2068796	19339	1	30176	1	19000	30000	other	0
sub-09_2	16	Pulse	255	2072719	23262	0
sub-09_2	16	Pulse	255	2092719	43262	0
sub-09_2	16	Nothing	90	2098457	49000	1			49000		other	0
sub-09_2	16	Pulse	255	2112719	63262	0
sub-09_2	16	Picture	test	2113643	64186	1	35177	1	64000	35000	miss	0
sub-09_2	16	Pulse	255	2132719	83263	0
sub-09_2	17	Picture	grid	2148987	0	1	4168	1	0	4000	other	0
sub-09_2	17	Pulse	255	2152719	3732	0
sub-09_2	17	Picture	61	2153155	4168	1	15171	1	4000	15000	other	0
sub-09_2	17	Picture	maintenance	2168326	19339	1	30176	1	19000	30000	other	0
sub-09_2	17	Pulse	255	2172719	23732	0
sub-09_2	17	Pulse	255	2192719	43732	0
sub-09_2	17	Nothing	90	2197987	49000	1			49000		other	0
sub-09_2	17	Pulse	255	2212719	63732	0
sub-09_2	17	Picture	test	2213174	64186	1	15171	1	64000	15000	miss	0
sub-09_2	18	Picture	grid	2228512	0	1	4168	1	0	4000	other	0
sub-09_2	18	Picture	41	2232679	4168	1	15171	1	4000	15000	other	0
sub-09_2	18	Pulse	255	2232720	4208	0
sub-09_2	18	Picture	maintenance	2247851	19339	1	30176	1	19000	30000	other	0
sub-09_2	18	Pulse	255	2252719	24208	0
sub-09_2	18	Pulse	255	2272720	44208	0
sub-09_2	18	Nothing	90	2277512	49000	1			49000		other	0
sub-09_2	18	Picture	test	2292698	64186	1	20173	1	64000	20000	miss	0
sub-09_2	18	Pulse	255	2292720	64209	0
sub-09_2	18	Pulse	255	2312720	84209	0
sub-09_2	19	Picture	grid	2313037	0	1	4168	1	0	4000	other	0
sub-09_2	19	Picture	40	2317205	4168	1	15171	1	4000	15000	other	0
sub-09_2	19	Picture	maintenance	2332377	19339	1	30176	1	19000	30000	other	0
sub-09_2	19	Pulse	255	2332720	19682	0
sub-09_2	19	Pulse	255	2352719	39682	0
sub-09_2	19	Nothing	45	2362037	49000	1			49000		other	0
sub-09_2	19	Pulse	255	2372720	59682	0
sub-09_2	19	Picture	test	2377224	64186	1	40179	1	64000	40000	miss	0
sub-09_2	19	Pulse	255	2392720	79683	0
sub-09_2	19	Pulse	255	2412720	99683	0
sub-09_2	20	Picture	grid	2417569	0	1	4168	1	0	4000	other	0
sub-09_2	20	Picture	60	2421737	4168	1	15171	1	4000	15000	other	0
sub-09_2	20	Pulse	255	2432720	15151	0
sub-09_2	20	Picture	maintenance	2436909	19339	1	30176	1	19000	30000	other	0
sub-09_2	20	Pulse	255	2452720	35151	0
sub-09_2	20	Nothing	65	2466569	49000	1			49000		other	0
sub-09_2	20	Pulse	255	2472710	55141	0
sub-09_2	20	Picture	test	2481756	64186	1	60185	1	64000	60000	miss	0
sub-09_2	20	Pulse	255	2492710	75141	0
sub-09_2	20	Pulse	255	2512710	95141	0
sub-09_2	20	Pulse	255	2532711	115141	0
sub-09_2	21	Picture	grid	2542107	0	1	4168	1	0	4000	other	0
sub-09_2	21	Picture	61	2546275	4168	1	15171	1	4000	15000	other	0
sub-09_2	21	Pulse	255	2552710	10603	0
sub-09_2	21	Picture	maintenance	2561447	19339	1	30176	1	19000	30000	other	0
sub-09_2	21	Pulse	255	2572711	30603	0
sub-09_2	21	Nothing	90	2591107	49000	1			49000		other	0
sub-09_2	21	Pulse	255	2592711	50603	0
sub-09_2	21	Picture	test	2606294	64186	1	30176	1	64000	30000	miss	0
sub-09_2	21	Pulse	255	2612711	70603	0
sub-09_2	21	Pulse	255	2632711	90604	0
sub-09_2	22	Picture	grid	2636636	0	1	4168	1	0	4000	other	0
sub-09_2	22	Picture	61	2640804	4168	1	15171	1	4000	15000	other	0
sub-09_2	22	Pulse	255	2652711	16074	0
sub-09_2	22	Picture	maintenance	2655976	19339	1	30176	1	19000	30000	other	0
sub-09_2	22	Pulse	255	2672711	36074	0
sub-09_2	22	Nothing	90	2685636	49000	1			49000		other	0
sub-09_2	22	Pulse	255	2692711	56075	0
sub-09_2	22	Picture	test	2700823	64186	1	25174	1	64000	25000	miss	0
sub-09_2	22	Pulse	255	2712711	76075	0
sub-09_2	23	Picture	grid	2726164	0	1	4168	1	0	4000	other	0
sub-09_2	23	Picture	20	2730332	4168	1	15171	1	4000	15000	other	0
sub-09_2	23	Pulse	255	2732711	6548	0
sub-09_2	23	Picture	maintenance	2745503	19339	1	30176	1	19000	30000	other	0
sub-09_2	23	Pulse	255	2752711	26547	0
sub-09_2	23	Pulse	255	2772711	46547	0
sub-09_2	23	Nothing	25	2775164	49000	1			49000		other	0
sub-09_2	23	Picture	test	2790350	64186	1	15171	1	64000	15000	miss	0
sub-09_2	23	Pulse	255	2792711	66547	0
sub-09_2	24	Picture	grid	2805688	0	1	4168	1	0	4000	other	0
sub-09_2	24	Picture	40	2809856	4168	1	15171	1	4000	15000	other	0
sub-09_2	24	Pulse	255	2812711	7023	0
sub-09_2	24	Picture	maintenance	2825027	19339	1	30176	1	19000	30000	other	0
sub-09_2	24	Pulse	255	2832711	27023	0
sub-09_2	24	Pulse	255	2852711	47023	0
sub-09_2	24	Nothing	45	2854688	49000	1			49000		other	0
sub-09_2	24	Picture	test	2869874	64186	1	15171	1	64000	15000	miss	0
sub-09_2	24	Pulse	255	2872711	67023	0
sub-09_2	25	Picture	grid	2885212	0	1	4168	1	0	4000	other	0
sub-09_2	25	Picture	41	2889380	4168	1	15171	1	4000	15000	other	0
sub-09_2	25	Pulse	255	2892711	7499	0
sub-09_2	25	Picture	maintenance	2904552	19339	1	30176	1	19000	30000	other	0
sub-09_2	25	Pulse	255	2912712	27500	0
sub-09_2	25	Pulse	255	2932712	47499	0
sub-09_2	25	Nothing	90	2934212	49000	1			49000		other	0
sub-09_2	25	Picture	test	2949399	64186	1	35177	1	64000	35000	miss	0
sub-09_2	25	Pulse	255	2952712	67499	0
sub-09_2	25	Pulse	255	2972712	87499	0
sub-09_2	26	Picture	grid	2984743	0	1	4168	1	0	4000	other	0
sub-09_2	26	Picture	41	2988911	4168	1	15171	1	4000	15000	other	0
sub-09_2	26	Pulse	255	2992712	7969	0
sub-09_2	26	Picture	maintenance	3004082	19339	1	30176	1	19000	30000	other	0
sub-09_2	26	Pulse	255	3012712	27969	0
sub-09_2	26	Pulse	255	3032712	47969	0
sub-09_2	26	Nothing	90	3033743	49000	1			49000		other	0
sub-09_2	26	Picture	test	3048929	64186	1	25174	1	64000	25000	miss	0
sub-09_2	26	Pulse	255	3052712	67969	0
sub-09_2	26	Pulse	255	3072712	87969	0
sub-09_2	27	Picture	grid	3074270	0	1	4168	1	0	4000	other	0
sub-09_2	27	Picture	40	3078438	4168	1	15171	1	4000	15000	other	0
sub-09_2	27	Pulse	255	3092713	18442	0
sub-09_2	27	Picture	maintenance	3093609	19339	1	30176	1	19000	30000	other	0
sub-09_2	27	Pulse	255	3112712	38441	0
sub-09_2	27	Nothing	45	3123270	49000	1			49000		other	0
sub-09_2	27	Pulse	255	3132712	58442	0
sub-09_2	27	Picture	test	3138456	64186	1	30176	1	64000	30000	miss	0
sub-09_2	27	Pulse	255	3152712	78442	0
sub-09_2	28	Picture	grid	3168799	0	1	4168	1	0	4000	other	0
sub-09_2	28	Pulse	255	3172712	3913	0
sub-09_2	28	Picture	20	3172967	4168	1	15171	1	4000	15000	other	0
sub-09_2	28	Picture	maintenance	3188138	19339	1	30176	1	19000	30000	other	0
sub-09_2	28	Pulse	255	3192712	23913	0
sub-09_2	28	Pulse	255	3212712	43913	0
sub-09_2	28	Nothing	25	3217799	49000	1			49000		other	0
sub-09_2	28	Pulse	255	3232712	63913	0
sub-09_2	28	Picture	test	3232985	64186	1	45181	1	64000	45000	miss	0
sub-09_2	28	Pulse	255	3252712	83913	0
sub-09_2	28	Pulse	255	3272713	103913	0
sub-09_2	29	Picture	grid	3278333	0	1	4168	1	0	4000	other	0
sub-09_2	29	Picture	40	3282500	4168	1	15171	1	4000	15000	other	0
sub-09_2	29	Pulse	255	3292713	14380	0
sub-09_2	29	Picture	maintenance	3297672	19339	1	30176	1	19000	30000	other	0
sub-09_2	29	Pulse	255	3312713	34380	0
sub-09_2	29	Nothing	45	3327333	49000	1			49000		other	0
sub-09_2	29	Pulse	255	3332713	54380	0
sub-09_2	29	Picture	test	3342519	64186	1	45180	1	64000	45000	miss	0
sub-09_2	29	Pulse	255	3352713	74380	0
sub-09_2	29	Pulse	255	3372713	94380	0
sub-09_2	30	Picture	grid	3387866	0	1	4168	1	0	4000	other	0
sub-09_2	30	Picture	61	3392034	4168	1	15171	1	4000	15000	other	0
sub-09_2	30	Pulse	255	3392713	4847	0
sub-09_2	30	Picture	maintenance	3407205	19339	1	30176	1	19000	30000	other	0
sub-09_2	30	Pulse	255	3412713	24847	0
sub-09_2	30	Pulse	255	3432714	44848	0
sub-09_2	30	Nothing	90	3436866	49000	1			49000		other	0
sub-09_2	30	Picture	test	3452052	64186	1	30176	1	64000	30000	miss	0
sub-09_2	30	Pulse	255	3452714	64848	0
sub-09_2	30	Pulse	255	3472716	84850	0
sub-09_2	31	Picture	grid	3482395	0	1	4168	1	0	4000	other	0
sub-09_2	31	Picture	21	3486563	4168	1	15171	1	4000	15000	other	0
sub-09_2	31	Pulse	255	3492713	10318	0
sub-09_2	31	Picture	maintenance	3501734	19339	1	30176	1	19000	30000	other	0
sub-09_2	31	Pulse	255	3512713	30318	0
sub-09_2	31	Nothing	90	3531395	49000	1			49000		other	0
sub-09_2	31	Pulse	255	3532713	50318	0
sub-09_2	31	Picture	test	3546581	64186	1	15171	1	64000	15000	miss	0
sub-09_2	31	Pulse	255	3552713	70318	0
sub-09_2	32	Picture	grid	3561919	0	1	4168	1	0	4000	other	0
sub-09_2	32	Picture	60	3566087	4168	1	15171	1	4000	15000	other	0
sub-09_2	32	Pulse	255	3572713	10793	0
sub-09_2	32	Picture	maintenance	3581259	19339	1	30176	1	19000	30000	other	0
sub-09_2	32	Pulse	255	3592713	30794	0
sub-09_2	32	Nothing	65	3610919	49000	1			49000		other	0
sub-09_2	32	Pulse	255	3612714	50795	0
sub-09_2	32	Picture	test	3626106	64186	1	15171	1	64000	15000	miss	0
sub-09_2	32	Pulse	255	3632714	70794	0
sub-09_2	33	Picture	grid	3641444	0	1	4168	1	0	4000	other	0
sub-09_2	33	Picture	20	3645612	4168	1	15171	1	4000	15000	other	0
sub-09_2	33	Pulse	255	3652713	11269	0
sub-09_2	33	Picture	maintenance	3660783	19339	1	30176	1	19000	30000	other	0
sub-09_2	33	Pulse	255	3672714	31270	0
sub-09_2	33	Nothing	25	3690444	49000	1			49000		other	0
sub-09_2	33	Pulse	255	3692714	51270	0
sub-09_2	33	Picture	test	3705630	64186	1	50182	1	64000	50000	miss	0
sub-09_2	33	Pulse	255	3712714	71270	0
sub-09_2	33	Pulse	255	3732714	91270	0
sub-09_2	33	Pulse	255	3752713	111270	0
sub-09_2	34	Picture	grid	3755979	0	1	4168	1	0	4000	other	0
sub-09_2	34	Picture	20	3760147	4168	1	15171	1	4000	15000	other	0
sub-09_2	34	Pulse	255	3772714	16736	0
sub-09_2	34	Picture	maintenance	3775318	19339	1	30176	1	19000	30000	other	0
sub-09_2	34	Pulse	255	3792714	36735	0
sub-09_2	34	Nothing	25	3804979	49000	1			49000		other	0
sub-09_2	34	Pulse	255	3812714	56736	0
sub-09_2	34	Picture	test	3820165	64186	1	60185	1	64000	60000	miss	0
sub-09_2	34	Pulse	255	3832714	76735	0
sub-09_2	34	Pulse	255	3852714	96736	0
sub-09_2	34	Pulse	255	3872714	116736	0
sub-09_2	35	Picture	grid	3880517	0	1	4168	1	0	4000	other	0
sub-09_2	35	Picture	40	3884685	4168	1	15171	1	4000	15000	other	0
sub-09_2	35	Pulse	255	3892714	12198	0
sub-09_2	35	Picture	maintenance	3899856	19339	1	30176	1	19000	30000	other	0
sub-09_2	35	Pulse	255	3912714	32198	0
sub-09_2	35	Nothing	45	3929517	49000	1			49000		other	0
sub-09_2	35	Pulse	255	3932715	52198	0
sub-09_2	35	Picture	test	3944703	64186	1	45180	1	64000	45000	miss	0
sub-09_2	35	Pulse	255	3952714	72198	0
sub-09_2	35	Pulse	255	3972714	92198	0
sub-09_2	36	Picture	grid	3990050	0	1	4168	1	0	4000	other	0
sub-09_2	36	Pulse	255	3992715	2665	0
sub-09_2	36	Picture	60	3994218	4168	1	15171	1	4000	15000	other	0
sub-09_2	36	Picture	maintenance	4009389	19339	1	30176	1	19000	30000	other	0
sub-09_2	36	Pulse	255	4012715	22664	0
sub-09_2	36	Pulse	255	4032715	42665	0
sub-09_2	36	Nothing	65	4039050	49000	1			49000		other	0
sub-09_2	36	Pulse	255	4052715	62665	0
sub-09_2	36	Picture	test	4054236	64186	1	40179	1	64000	40000	miss	0
sub-09_2	36	Pulse	255	4072715	82665	0
sub-09_2	36	Pulse	255	4092715	102665	0
sub-09_2	37	Picture	grid	4094582	0	1	4168	1	0	4000	other	0
sub-09_2	37	Picture	21	4098750	4168	1	15171	1	4000	15000	other	0
sub-09_2	37	Pulse	255	4112715	18133	0
sub-09_2	37	Picture	maintenance	4113921	19339	1	30176	1	19000	30000	other	0
sub-09_2	37	Pulse	255	4132715	38133	0
sub-09_2	37	Nothing	90	4143582	49000	1			49000		other	0
sub-09_2	37	Pulse	255	4152715	58133	0
sub-09_2	37	Picture	test	4158768	64186	1	15171	1	64000	15000	miss	0
