Scenario - loca_mvis
Logfile written - 06/12/2018 11:03:01

Subject	Trial	Event Type	Code	Time	TTime	Uncertainty	Duration	Uncertainty	ReqTime	ReqDur	Stim Type	Pair Index

sub-12_2	0	Pulse	255	700897	700897	0
sub-12_2	1	Picture	p_startup	701125	0	1	88226	1	0	88000	other	0
sub-12_2	1	Pulse	255	720896	19771	0
sub-12_2	1	Pulse	255	740897	39772	0
sub-12_2	1	Pulse	255	760897	59772	0
sub-12_2	1	Pulse	255	780897	79772	0
sub-12_2	2	Picture	grid	789517	0	1	4226	1	0	4000	other	0
sub-12_2	2	Picture	60	793743	4226	1	15226	1	4000	15000	other	0
sub-12_2	2	Pulse	255	800896	11379	0
sub-12_2	2	Picture	maintenance	808969	19452	1	30226	1	19000	30000	other	0
sub-12_2	2	Pulse	255	820896	31379	0
sub-12_2	2	Nothing	65	838517	49000	1			49000		other	0
sub-12_2	2	Pulse	255	840897	51379	0
sub-12_2	2	Picture	test	853743	64226	1	10226	1	64000	10000	miss	0
sub-12_2	2	Pulse	255	860897	71379	0
sub-12_2	3	Picture	grid	864136	0	1	4226	1	0	4000	other	0
sub-12_2	3	Picture	21	868361	4226	1	15226	1	4000	15000	other	0
sub-12_2	3	Pulse	255	880896	16761	0
sub-12_2	3	Picture	maintenance	883587	19452	1	30226	1	19000	30000	other	0
sub-12_2	3	Pulse	255	900896	36761	0
sub-12_2	3	Nothing	90	913136	49000	1			49000		other	0
sub-12_2	3	Pulse	255	920897	56761	0
sub-12_2	3	Picture	test	928361	64226	1	20226	1	64000	20000	miss	0
sub-12_2	3	Pulse	255	940897	76761	0
sub-12_2	4	Picture	grid	948754	0	1	4226	1	0	4000	other	0
sub-12_2	4	Picture	20	952980	4226	1	15226	1	4000	15000	other	0
sub-12_2	4	Pulse	255	960897	12143	0
sub-12_2	4	Picture	maintenance	968206	19452	1	30226	1	19000	30000	other	0
sub-12_2	4	Pulse	255	980898	32144	0
sub-12_2	4	Nothing	25	997754	49000	1			49000		other	0
sub-12_2	4	Pulse	255	1000897	52143	0
sub-12_2	4	Picture	test	1012980	64226	1	30226	1	64000	30000	miss	0
sub-12_2	4	Pulse	255	1020897	72144	0
sub-12_2	4	Pulse	255	1040897	92143	0
sub-12_2	5	Picture	grid	1043372	0	1	4226	1	0	4000	other	0
sub-12_2	5	Picture	40	1047598	4226	1	15226	1	4000	15000	other	0
sub-12_2	5	Pulse	255	1060897	17524	0
sub-12_2	5	Picture	maintenance	1062824	19452	1	30226	1	19000	30000	other	0
sub-12_2	5	Pulse	255	1080898	37525	0
sub-12_2	5	Nothing	45	1092372	49000	1			49000		other	0
sub-12_2	5	Pulse	255	1100897	57524	0
sub-12_2	5	Picture	test	1107598	64226	1	20226	1	64000	20000	miss	0
sub-12_2	5	Pulse	255	1120897	77525	0
sub-12_2	6	Picture	grid	1127991	0	1	4226	1	0	4000	other	0
sub-12_2	6	Picture	61	1132217	4226	1	15226	1	4000	15000	other	0
sub-12_2	6	Pulse	255	1140897	12906	0
sub-12_2	6	Picture	maintenance	1147443	19452	1	30226	1	19000	30000	other	0
sub-12_2	6	Pulse	255	1160897	32906	0
sub-12_2	6	Nothing	90	1176991	49000	1			49000		other	0
sub-12_2	6	Pulse	255	1180898	52907	0
sub-12_2	6	Picture	test	1192217	64226	1	15226	1	64000	15000	miss	0
sub-12_2	6	Pulse	255	1200898	72907	0
sub-12_2	7	Picture	grid	1207609	0	1	4226	1	0	4000	other	0
sub-12_2	7	Picture	40	1211835	4226	1	15226	1	4000	15000	other	0
sub-12_2	7	Pulse	255	1220898	13289	0
sub-12_2	7	Picture	maintenance	1227061	19452	1	30226	1	19000	30000	other	0
sub-12_2	7	Pulse	255	1240898	33289	0
sub-12_2	7	Nothing	45	1256609	49000	1			49000		other	0
sub-12_2	7	Pulse	255	1260897	53288	0
sub-12_2	7	Picture	test	1271835	64226	1	10226	1	64000	10000	miss	0
sub-12_2	7	Pulse	255	1280898	73289	0
sub-12_2	8	Picture	grid	1282228	0	1	4226	1	0	4000	other	0
sub-12_2	8	Picture	41	1286453	4226	1	15226	1	4000	15000	other	0
sub-12_2	8	Pulse	255	1300897	18669	0
sub-12_2	8	Picture	maintenance	1301680	19452	1	30226	1	19000	30000	other	0
sub-12_2	8	Pulse	255	1320897	38669	0
sub-12_2	8	Nothing	90	1331228	49000	1			49000		other	0
sub-12_2	8	Pulse	255	1340897	58669	0
sub-12_2	8	Picture	test	1346453	64226	1	15226	1	64000	15000	miss	0
sub-12_2	8	Pulse	255	1360898	78670	0
sub-12_2	9	Picture	grid	1361846	0	1	4226	1	0	4000	other	0
sub-12_2	9	Picture	61	1366072	4226	1	15226	1	4000	15000	other	0
sub-12_2	9	Pulse	255	1380898	19052	0
sub-12_2	9	Picture	maintenance	1381298	19452	1	30226	1	19000	30000	other	0
sub-12_2	9	Pulse	255	1400898	39052	0
sub-12_2	9	Nothing	90	1410846	49000	1			49000		other	0
sub-12_2	9	Pulse	255	1420898	59052	0
sub-12_2	9	Picture	test	1426072	64226	1	25226	1	64000	25000	miss	0
sub-12_2	9	Pulse	255	1440898	79052	0
sub-12_2	10	Picture	grid	1451464	0	1	4226	1	0	4000	other	0
sub-12_2	10	Picture	41	1455690	4226	1	15226	1	4000	15000	other	0
sub-12_2	10	Pulse	255	1460898	9434	0
sub-12_2	10	Picture	maintenance	1470916	19452	1	30226	1	19000	30000	other	0
sub-12_2	10	Pulse	255	1480898	29434	0
sub-12_2	10	Nothing	90	1500464	49000	1			49000		other	0
sub-12_2	10	Pulse	255	1500898	49433	0
sub-12_2	10	Picture	test	1515690	64226	1	35226	1	64000	35000	miss	0
sub-12_2	10	Pulse	255	1520898	69434	0
sub-12_2	10	Pulse	255	1540898	89434	0
sub-12_2	11	Picture	grid	1551083	0	1	4226	1	0	4000	other	0
sub-12_2	11	Picture	61	1555308	4226	1	15226	1	4000	15000	other	0
sub-12_2	11	Pulse	255	1560899	9816	0
sub-12_2	11	Picture	maintenance	1570534	19452	1	30226	1	19000	30000	other	0
sub-12_2	11	Pulse	255	1580898	29816	0
sub-12_2	11	Nothing	90	1600083	49000	1			49000		other	0
sub-12_2	11	Pulse	255	1600899	49816	0
sub-12_2	11	Picture	test	1615308	64226	1	45226	1	64000	45000	miss	0
sub-12_2	11	Pulse	255	1620898	69815	0
sub-12_2	11	Pulse	255	1640899	89816	0
sub-12_2	12	Picture	grid	1660701	0	1	4226	1	0	4000	other	0
sub-12_2	12	Pulse	255	1660899	198	0
sub-12_2	12	Picture	20	1664927	4226	1	15226	1	4000	15000	other	0
sub-12_2	12	Picture	maintenance	1680152	19451	1	30226	1	19000	30000	other	0
sub-12_2	12	Pulse	255	1680898	20197	0
sub-12_2	12	Pulse	255	1700897	40197	0
sub-12_2	12	Nothing	25	1709701	49000	1			49000		other	0
sub-12_2	12	Pulse	255	1720899	60198	0
sub-12_2	12	Picture	test	1724927	64226	1	15226	1	64000	15000	miss	0
sub-12_2	13	Picture	grid	1740319	0	1	4226	1	0	4000	other	0
sub-12_2	13	Pulse	255	1740899	580	0
sub-12_2	13	Picture	40	1744545	4226	1	15226	1	4000	15000	other	0
sub-12_2	13	Picture	maintenance	1759771	19452	1	30226	1	19000	30000	other	0
sub-12_2	13	Pulse	255	1760899	20580	0
sub-12_2	13	Pulse	255	1780899	40580	0
sub-12_2	13	Nothing	45	1789319	49000	1			49000		other	0
sub-12_2	13	Pulse	255	1800898	60579	0
sub-12_2	13	Picture	test	1804545	64226	1	30226	1	64000	30000	miss	0
sub-12_2	13	Pulse	255	1820899	80580	0
sub-12_2	14	Picture	grid	1834937	0	1	4226	1	0	4000	other	0
sub-12_2	14	Picture	41	1839163	4226	1	15226	1	4000	15000	other	0
sub-12_2	14	Pulse	255	1840899	5962	0
sub-12_2	14	Picture	maintenance	1854389	19451	1	30226	1	19000	30000	other	0
sub-12_2	14	Pulse	255	1860899	25961	0
sub-12_2	14	Pulse	255	1880889	45952	0
sub-12_2	14	Nothing	90	1883937	49000	1			49000		other	0
sub-12_2	14	Picture	test	1899163	64226	1	20226	1	64000	20000	miss	0
sub-12_2	14	Pulse	255	1900889	65951	0
sub-12_2	15	Picture	grid	1919556	0	1	4226	1	0	4000	other	0
sub-12_2	15	Pulse	255	1920889	1333	0
sub-12_2	15	Picture	60	1923782	4226	1	15226	1	4000	15000	other	0
sub-12_2	15	Picture	maintenance	1939008	19452	1	30226	1	19000	30000	other	0
sub-12_2	15	Pulse	255	1940889	21333	0
sub-12_2	15	Pulse	255	1960890	41334	0
sub-12_2	15	Nothing	65	1968556	49000	1			49000		other	0
sub-12_2	15	Pulse	255	1980890	61333	0
sub-12_2	15	Picture	test	1983782	64226	1	15226	1	64000	15000	miss	0
sub-12_2	16	Picture	grid	1999175	0	1	4226	1	0	4000	other	0
sub-12_2	16	Pulse	255	2000889	1715	0
sub-12_2	16	Picture	20	2003400	4226	1	15226	1	4000	15000	other	0
sub-12_2	16	Picture	maintenance	2018626	19452	1	30226	1	19000	30000	other	0
sub-12_2	16	Pulse	255	2020889	21714	0
sub-12_2	16	Pulse	255	2040889	41715	0
sub-12_2	16	Nothing	25	2048175	49000	1			49000		other	0
sub-12_2	16	Pulse	255	2060889	61714	0
sub-12_2	16	Picture	test	2063400	64226	1	40226	1	64000	40000	miss	0
sub-12_2	16	Pulse	255	2080889	81714	0
sub-12_2	16	Pulse	255	2100890	101715	0
sub-12_2	17	Picture	grid	2103793	0	1	4226	1	0	4000	other	0
sub-12_2	17	Picture	21	2108019	4226	1	15226	1	4000	15000	other	0
sub-12_2	17	Pulse	255	2120890	17097	0
sub-12_2	17	Picture	maintenance	2123245	19452	1	30226	1	19000	30000	other	0
sub-12_2	17	Pulse	255	2140890	37097	0
sub-12_2	17	Nothing	90	2152793	49000	1			49000		other	0
sub-12_2	17	Pulse	255	2160890	57097	0
sub-12_2	17	Picture	test	2168019	64226	1	20226	1	64000	20000	miss	0
sub-12_2	17	Pulse	255	2180889	77096	0
sub-12_2	18	Picture	grid	2188411	0	1	4226	1	0	4000	other	0
sub-12_2	18	Picture	20	2192637	4226	1	15226	1	4000	15000	other	0
sub-12_2	18	Pulse	255	2200890	12478	0
sub-12_2	18	Picture	maintenance	2207863	19452	1	30226	1	19000	30000	other	0
sub-12_2	18	Pulse	255	2220890	32478	0
sub-12_2	18	Nothing	25	2237411	49000	1			49000		other	0
sub-12_2	18	Pulse	255	2240890	52479	0
sub-12_2	18	Picture	test	2252637	64226	1	30177	1	64000	30000	miss	0
sub-12_2	18	Pulse	255	2260889	72478	0
sub-12_2	18	Pulse	255	2280890	92479	0
sub-12_2	19	Picture	grid	2282981	0	1	4226	1	0	4000	other	0
sub-12_2	19	Picture	60	2287207	4226	1	15226	1	4000	15000	other	0
sub-12_2	19	Pulse	255	2300889	17908	1
sub-12_2	19	Picture	maintenance	2302433	19452	1	30226	1	19000	30000	other	0
sub-12_2	19	Pulse	255	2320890	37909	0
sub-12_2	19	Nothing	65	2331981	49000	1			49000		other	0
sub-12_2	19	Pulse	255	2340890	57909	0
sub-12_2	19	Picture	test	2347207	64226	1	10226	1	64000	10000	miss	0
sub-12_2	20	Picture	grid	2357599	0	1	4226	1	0	4000	other	0
sub-12_2	20	Pulse	255	2360890	3291	0
sub-12_2	20	Picture	20	2361825	4226	1	15226	1	4000	15000	other	0
sub-12_2	20	Picture	maintenance	2377051	19451	1	30226	1	19000	30000	other	0
sub-12_2	20	Pulse	255	2380890	23290	0
sub-12_2	20	Pulse	255	2400890	43291	0
sub-12_2	20	Nothing	25	2406599	49000	1			49000		other	0
sub-12_2	20	Pulse	255	2420891	63291	0
sub-12_2	20	Picture	test	2421825	64226	1	35226	1	64000	35000	miss	0
sub-12_2	20	Pulse	255	2440890	83291	0
sub-12_2	21	Picture	grid	2457218	0	1	4226	1	0	4000	other	0
sub-12_2	21	Pulse	255	2460890	3673	0
sub-12_2	21	Picture	20	2461443	4226	1	15226	1	4000	15000	other	0
sub-12_2	21	Picture	maintenance	2476669	19452	1	30226	1	19000	30000	other	0
sub-12_2	21	Pulse	255	2480890	23673	0
sub-12_2	21	Pulse	255	2500890	43672	0
sub-12_2	21	Nothing	25	2506218	49000	1			49000		other	0
sub-12_2	21	Pulse	255	2520890	63672	0
sub-12_2	21	Picture	test	2521443	64226	1	25226	1	64000	25000	miss	0
sub-12_2	21	Pulse	255	2540890	83673	0
sub-12_2	22	Picture	grid	2546836	0	1	4226	1	0	4000	other	0
sub-12_2	22	Picture	41	2551062	4226	1	15226	1	4000	15000	other	0
sub-12_2	22	Pulse	255	2560890	14055	0
sub-12_2	22	Picture	maintenance	2566287	19452	1	30226	1	19000	30000	other	0
sub-12_2	22	Pulse	255	2580890	34055	0
sub-12_2	22	Nothing	90	2595836	49000	1			49000		other	0
sub-12_2	22	Pulse	255	2600891	54055	0
sub-12_2	22	Picture	test	2611061	64226	1	55226	1	64000	55000	miss	0
sub-12_2	22	Pulse	255	2620891	74055	0
sub-12_2	22	Pulse	255	2640890	94054	0
sub-12_2	22	Pulse	255	2660890	114054	0
sub-12_2	23	Picture	grid	2666454	0	1	4226	1	0	4000	other	0
sub-12_2	23	Picture	40	2670680	4226	1	15226	1	4000	15000	other	0
sub-12_2	23	Pulse	255	2680891	14437	0
sub-12_2	23	Picture	maintenance	2685905	19452	1	30226	1	19000	30000	other	0
sub-12_2	23	Pulse	255	2700891	34437	0
sub-12_2	23	Nothing	45	2715454	49000	1			49000		other	0
sub-12_2	23	Pulse	255	2720891	54437	0
sub-12_2	23	Picture	test	2730680	64226	1	15226	1	64000	15000	miss	0
sub-12_2	23	Pulse	255	2740890	74436	0
sub-12_2	24	Picture	grid	2746072	0	1	4226	1	0	4000	other	0
sub-12_2	24	Picture	61	2750298	4226	1	15226	1	4000	15000	other	0
sub-12_2	24	Pulse	255	2760891	14818	0
sub-12_2	24	Picture	maintenance	2765524	19452	1	30226	1	19000	30000	other	0
sub-12_2	24	Pulse	255	2780891	34819	0
sub-12_2	24	Nothing	90	2795072	49000	1			49000		other	0
sub-12_2	24	Pulse	255	2800891	54819	0
sub-12_2	24	Picture	test	2810298	64226	1	50226	1	64000	50000	miss	0
sub-12_2	24	Pulse	255	2820891	74819	0
sub-12_2	24	Pulse	255	2840891	94819	0
sub-12_2	25	Picture	grid	2860691	0	1	4226	1	0	4000	other	0
sub-12_2	25	Pulse	255	2860892	201	0
sub-12_2	25	Picture	60	2864916	4226	1	15226	1	4000	15000	other	0
sub-12_2	25	Picture	maintenance	2880142	19452	1	30226	1	19000	30000	other	0
sub-12_2	25	Pulse	255	2880891	20200	0
sub-12_2	25	Pulse	255	2900891	40200	0
sub-12_2	25	Nothing	65	2909691	49000	1			49000		other	0
sub-12_2	25	Pulse	255	2920891	60200	0
sub-12_2	25	Picture	test	2924916	64226	1	60226	1	64000	60000	miss	0
sub-12_2	25	Pulse	255	2940891	80200	0
sub-12_2	25	Pulse	255	2960891	100200	0
sub-12_2	25	Pulse	255	2980891	120200	0
sub-12_2	26	Picture	grid	2985309	0	1	4226	1	0	4000	other	0
sub-12_2	26	Picture	41	2989535	4226	1	15226	1	4000	15000	other	0
sub-12_2	26	Pulse	255	3000891	15582	0
sub-12_2	26	Picture	maintenance	3004761	19452	1	30226	1	19000	30000	other	0
sub-12_2	26	Pulse	255	3020891	35582	0
sub-12_2	26	Nothing	90	3034309	49000	1			49000		other	0
sub-12_2	26	Pulse	255	3040892	55583	0
sub-12_2	26	Picture	test	3049535	64226	1	20226	1	64000	20000	miss	0
sub-12_2	26	Pulse	255	3060891	75582	0
sub-12_2	27	Picture	grid	3069927	0	1	4226	1	0	4000	other	0
sub-12_2	27	Picture	21	3074153	4226	1	15226	1	4000	15000	other	0
sub-12_2	27	Pulse	255	3080892	10965	0
sub-12_2	27	Picture	maintenance	3089379	19452	1	30226	1	19000	30000	other	0
sub-12_2	27	Pulse	255	3100891	30964	0
sub-12_2	27	Nothing	90	3118927	49000	1			49000		other	0
sub-12_2	27	Pulse	255	3120892	50965	0
sub-12_2	27	Picture	test	3134153	64226	1	15226	1	64000	15000	miss	0
sub-12_2	27	Pulse	255	3140892	70964	0
sub-12_2	28	Picture	grid	3149546	0	1	4226	1	0	4000	other	0
sub-12_2	28	Picture	60	3153771	4226	1	15226	1	4000	15000	other	0
sub-12_2	28	Pulse	255	3160892	11347	0
sub-12_2	28	Picture	maintenance	3168997	19452	1	30226	1	19000	30000	other	0
sub-12_2	28	Pulse	255	3180891	31346	0
sub-12_2	28	Nothing	65	3198546	49000	1			49000		other	0
sub-12_2	28	Pulse	255	3200891	51346	0
sub-12_2	28	Picture	test	3213772	64226	1	40226	1	64000	40000	miss	0
sub-12_2	28	Pulse	255	3220891	71345	0
sub-12_2	28	Pulse	255	3240892	91346	0
sub-12_2	29	Picture	grid	3254164	0	1	4226	1	0	4000	other	0
sub-12_2	29	Picture	61	3258390	4226	1	15226	1	4000	15000	other	0
sub-12_2	29	Pulse	255	3260892	6728	0
sub-12_2	29	Picture	maintenance	3273616	19452	1	30226	1	19000	30000	other	0
sub-12_2	29	Pulse	255	3280891	26727	0
sub-12_2	29	Pulse	255	3300892	46728	0
sub-12_2	29	Nothing	90	3303164	49000	1			49000		other	0
sub-12_2	29	Picture	test	3318390	64226	1	60226	1	64000	60000	miss	0
sub-12_2	29	Pulse	255	3320892	66728	0
sub-12_2	29	Pulse	255	3340892	86728	0
sub-12_2	29	Pulse	255	3360892	106728	0
sub-12_2	30	Picture	grid	3378783	0	1	4226	1	0	4000	other	0
sub-12_2	30	Pulse	255	3380892	2109	0
sub-12_2	30	Picture	40	3383008	4226	1	15226	1	4000	15000	other	0
sub-12_2	30	Picture	maintenance	3398234	19452	1	30226	1	19000	30000	other	0
sub-12_2	30	Pulse	255	3400892	22110	0
sub-12_2	30	Pulse	255	3420892	42109	0
sub-12_2	30	Nothing	45	3427783	49000	1			49000		other	0
sub-12_2	30	Pulse	255	3440892	62109	0
sub-12_2	30	Picture	test	3443008	64226	1	30226	1	64000	30000	miss	0
sub-12_2	30	Pulse	255	3460892	82109	0
sub-12_2	31	Picture	grid	3473401	0	1	4226	1	0	4000	other	0
sub-12_2	31	Picture	60	3477627	4226	1	15226	1	4000	15000	other	0
sub-12_2	31	Pulse	255	3480892	7491	0
sub-12_2	31	Picture	maintenance	3492853	19452	1	30226	1	19000	30000	other	0
sub-12_2	31	Pulse	255	3500892	27491	0
sub-12_2	31	Pulse	255	3520892	47491	0
sub-12_2	31	Nothing	65	3522401	49000	1			49000		other	0
sub-12_2	31	Picture	test	3537627	64226	1	40226	1	64000	40000	miss	0
sub-12_2	31	Pulse	255	3540892	67492	0
sub-12_2	31	Pulse	255	3560892	87491	0
sub-12_2	32	Picture	grid	3578019	0	1	4226	1	0	4000	other	0
sub-12_2	32	Pulse	255	3580892	2873	0
sub-12_2	32	Picture	21	3582245	4226	1	15226	1	4000	15000	other	0
sub-12_2	32	Picture	maintenance	3597471	19452	1	30226	1	19000	30000	other	0
sub-12_2	32	Pulse	255	3600892	22873	0
sub-12_2	32	Pulse	255	3620892	42873	0
sub-12_2	32	Nothing	90	3627019	49000	1			49000		other	0
sub-12_2	32	Pulse	255	3640893	62874	0
sub-12_2	32	Picture	test	3642245	64226	1	35226	1	64000	35000	miss	0
sub-12_2	32	Pulse	255	3660893	82874	0
sub-12_2	33	Picture	grid	3677638	0	1	4226	1	0	4000	other	0
sub-12_2	33	Pulse	255	3680892	3255	0
sub-12_2	33	Picture	21	3681863	4226	1	15226	1	4000	15000	other	0
sub-12_2	33	Picture	maintenance	3697089	19452	1	30226	1	19000	30000	other	0
sub-12_2	33	Pulse	255	3700892	23255	0
sub-12_2	33	Pulse	255	3720893	43256	0
sub-12_2	33	Nothing	90	3726638	49000	1			49000		other	0
sub-12_2	33	Pulse	255	3740893	63255	0
sub-12_2	33	Picture	test	3741863	64226	1	15226	1	64000	15000	miss	0
sub-12_2	34	Picture	grid	3757256	0	1	4226	1	0	4000	other	0
sub-12_2	34	Pulse	255	3760892	3636	0
sub-12_2	34	Picture	41	3761482	4226	1	15226	1	4000	15000	other	0
sub-12_2	34	Picture	maintenance	3776707	19451	1	30226	1	19000	30000	other	0
sub-12_2	34	Pulse	255	3780893	23637	0
sub-12_2	34	Pulse	255	3800893	43637	0
sub-12_2	34	Nothing	90	3806256	49000	1			49000		other	0
sub-12_2	34	Pulse	255	3820893	63637	0
sub-12_2	34	Picture	test	3821482	64226	1	20226	1	64000	20000	miss	0
sub-12_2	34	Pulse	255	3840893	83637	0
sub-12_2	35	Picture	grid	3841874	0	1	4226	1	0	4000	other	0
sub-12_2	35	Picture	21	3846100	4226	1	15226	1	4000	15000	other	0
sub-12_2	35	Pulse	255	3860893	19019	0
sub-12_2	35	Picture	maintenance	3861326	19452	1	30226	1	19000	30000	other	0
sub-12_2	35	Pulse	255	3880893	39019	0
sub-12_2	35	Nothing	90	3890874	49000	1			49000		other	0
sub-12_2	35	Pulse	255	3900894	59020	0
sub-12_2	35	Picture	test	3906100	64226	1	55226	1	64000	55000	miss	0
sub-12_2	35	Pulse	255	3920893	79019	0
sub-12_2	35	Pulse	255	3940894	99020	0
sub-12_2	35	Pulse	255	3960894	119020	0
sub-12_2	36	Picture	grid	3961492	0	1	4226	1	0	4000	other	0
sub-12_2	36	Picture	20	3965718	4226	1	15226	1	4000	15000	other	0
sub-12_2	36	Pulse	255	3980893	19401	0
sub-12_2	36	Picture	maintenance	3980944	19452	1	30226	1	19000	30000	other	0
sub-12_2	36	Pulse	255	4000893	39401	0
sub-12_2	36	Nothing	25	4010492	49000	1			49000		other	0
sub-12_2	36	Pulse	255	4020894	59402	0
sub-12_2	36	Picture	test	4025718	64226	1	60226	1	64000	60000	miss	0
sub-12_2	36	Pulse	255	4040893	79400	0
sub-12_2	36	Pulse	255	4060894	99401	0
sub-12_2	36	Pulse	255	4080894	119401	0
sub-12_2	37	Picture	grid	4086111	0	1	4226	1	0	4000	other	0
sub-12_2	37	Picture	61	4090337	4226	1	15226	1	4000	15000	other	0
sub-12_2	37	Pulse	255	4100893	14783	0
sub-12_2	37	Picture	maintenance	4105562	19452	1	30226	1	19000	30000	other	0
sub-12_2	37	Pulse	255	4120884	34773	0
sub-12_2	37	Nothing	90	4135111	49000	1			49000		other	0
sub-12_2	37	Pulse	255	4140884	54773	0
sub-12_2	37	Picture	test	4150337	64226	1	30226	1	64000	30000	miss	0
sub-12_2	37	Pulse	255	4160884	74773	0
