Scenario - loca_mvis
Logfile written - 06/27/2018 10:26:47

Subject	Trial	Event Type	Code	Time	TTime	Uncertainty	Duration	Uncertainty	ReqTime	ReqDur	Stim Type	Pair Index

sub-14_1	0	Pulse	255	751031	751031	0
sub-14_1	1	Picture	p_startup	751259	0	1	88226	1	0	88000	other	0
sub-14_1	1	Pulse	255	771031	19772	0
sub-14_1	1	Pulse	255	791031	39773	0
sub-14_1	1	Pulse	255	811031	59773	0
sub-14_1	1	Pulse	255	831031	79772	0
sub-14_1	2	Picture	grid	839651	0	1	4226	1	0	4000	other	0
sub-14_1	2	Picture	61	843877	4226	1	15226	1	4000	15000	other	0
sub-14_1	2	Pulse	255	851031	11380	0
sub-14_1	2	Picture	maintenance	859103	19452	1	30226	1	19000	30000	other	0
sub-14_1	2	Pulse	255	871032	31381	0
sub-14_1	2	Nothing	90	888651	49000	1			49000		other	0
sub-14_1	2	Pulse	255	891031	51380	0
sub-14_1	2	Picture	test	903877	64226	1	15226	1	64000	15000	miss	0
sub-14_1	2	Pulse	255	911031	71380	0
sub-14_1	3	Picture	grid	919270	0	1	4226	1	0	4000	other	0
sub-14_1	3	Picture	20	923495	4226	1	15226	1	4000	15000	other	0
sub-14_1	3	Pulse	255	931031	11762	0
sub-14_1	3	Picture	maintenance	938721	19452	1	30226	1	19000	30000	other	0
sub-14_1	3	Pulse	255	951031	31762	0
sub-14_1	3	Nothing	25	968270	49000	1			49000		other	0
sub-14_1	3	Pulse	255	971031	51762	0
sub-14_1	3	Picture	test	983495	64226	1	25226	1	64000	25000	miss	0
sub-14_1	3	Pulse	255	991032	71763	0
sub-14_1	4	Picture	grid	1008888	0	1	4226	1	0	4000	other	0
sub-14_1	4	Pulse	255	1011032	2144	0
sub-14_1	4	Picture	20	1013114	4226	1	15226	1	4000	15000	other	0
sub-14_1	4	Picture	maintenance	1028340	19452	1	30226	1	19000	30000	other	0
sub-14_1	4	Pulse	255	1031032	22144	0
sub-14_1	4	Pulse	255	1051032	42144	0
sub-14_1	4	Nothing	25	1057888	49000	1			49000		other	0
sub-14_1	4	Pulse	255	1071032	62144	0
sub-14_1	4	Picture	test	1073114	64226	1	45226	1	64000	45000	miss	0
sub-14_1	4	Pulse	255	1091032	82144	0
sub-14_1	4	Pulse	255	1111032	102145	0
sub-14_1	5	Picture	grid	1118506	0	1	4226	1	0	4000	other	0
sub-14_1	5	Picture	41	1122732	4226	1	15226	1	4000	15000	other	0
sub-14_1	5	Pulse	255	1131032	12526	0
sub-14_1	5	Picture	maintenance	1137958	19452	1	30226	1	19000	30000	other	0
sub-14_1	5	Pulse	255	1151032	32526	0
sub-14_1	5	Nothing	90	1167506	49000	1			49000		other	0
sub-14_1	5	Pulse	255	1171032	52526	0
sub-14_1	5	Picture	test	1182732	64226	1	60226	1	64000	60000	miss	0
sub-14_1	5	Pulse	255	1191032	72526	0
sub-14_1	5	Pulse	255	1211032	92526	0
sub-14_1	5	Pulse	255	1231032	112526	0
sub-14_1	6	Picture	grid	1243125	0	1	4226	1	0	4000	other	0
sub-14_1	6	Picture	21	1247350	4226	1	15226	1	4000	15000	other	0
sub-14_1	6	Pulse	255	1251032	7907	0
sub-14_1	6	Picture	maintenance	1262576	19451	1	30226	1	19000	30000	other	0
sub-14_1	6	Pulse	255	1271032	27907	0
sub-14_1	6	Pulse	255	1291032	47907	0
sub-14_1	6	Nothing	90	1292125	49000	1			49000		other	0
sub-14_1	6	Picture	test	1307350	64226	1	20226	1	64000	20000	miss	0
sub-14_1	6	Pulse	255	1311032	67908	0
sub-14_1	7	Picture	grid	1327743	0	1	4226	1	0	4000	other	0
sub-14_1	7	Pulse	255	1331033	3290	0
sub-14_1	7	Picture	40	1331969	4226	1	15226	1	4000	15000	other	0
sub-14_1	7	Picture	maintenance	1347195	19452	1	30226	1	19000	30000	other	0
sub-14_1	7	Pulse	255	1351032	23290	0
sub-14_1	7	Pulse	255	1371033	43290	0
sub-14_1	7	Nothing	45	1376743	49000	1			49000		other	0
sub-14_1	7	Pulse	255	1391033	63290	0
sub-14_1	7	Picture	test	1391969	64226	1	15226	1	64000	15000	miss	0
sub-14_1	8	Picture	grid	1407361	0	1	4226	1	0	4000	other	0
sub-14_1	8	Pulse	255	1411033	3672	0
sub-14_1	8	Picture	21	1411587	4226	1	15226	1	4000	15000	other	0
sub-14_1	8	Picture	maintenance	1426813	19451	1	30226	1	19000	30000	other	0
sub-14_1	8	Pulse	255	1431033	23671	0
sub-14_1	8	Pulse	255	1451033	43672	0
sub-14_1	8	Nothing	90	1456361	49000	1			49000		other	0
sub-14_1	8	Pulse	255	1471033	63671	0
sub-14_1	8	Picture	test	1471587	64226	1	15226	1	64000	15000	miss	0
sub-14_1	9	Picture	grid	1486979	0	1	4226	1	0	4000	other	0
sub-14_1	9	Pulse	255	1491054	4074	0
sub-14_1	9	Picture	60	1491205	4226	1	15226	1	4000	15000	other	0
sub-14_1	9	Picture	maintenance	1506431	19452	1	30226	1	19000	30000	other	0
sub-14_1	9	Pulse	255	1511033	24054	0
sub-14_1	9	Pulse	255	1531034	44054	0
sub-14_1	9	Nothing	65	1535979	49000	1			49000		other	0
sub-14_1	9	Pulse	255	1551053	64074	0
sub-14_1	9	Picture	test	1551205	64226	1	45226	1	64000	45000	miss	0
sub-14_1	9	Pulse	255	1571034	84055	0
sub-14_1	9	Pulse	255	1591033	104054	0
sub-14_1	10	Picture	grid	1596597	0	1	4226	1	0	4000	other	0
sub-14_1	10	Picture	21	1600823	4226	1	15226	1	4000	15000	other	0
sub-14_1	10	Pulse	255	1611034	14437	0
sub-14_1	10	Picture	maintenance	1616049	19452	1	30225	1	19000	30000	other	0
sub-14_1	10	Pulse	255	1631033	34436	0
sub-14_1	10	Nothing	90	1645597	49000	1			49000		other	0
sub-14_1	10	Pulse	255	1651033	54436	0
sub-14_1	10	Picture	test	1660823	64226	1	10226	1	64000	10000	miss	0
sub-14_1	10	Pulse	255	1671034	74437	0
sub-14_1	11	Picture	grid	1671215	0	1	4226	1	0	4000	other	0
sub-14_1	11	Picture	61	1675441	4226	1	15226	1	4000	15000	other	0
sub-14_1	11	Picture	maintenance	1690667	19451	1	30226	1	19000	30000	other	0
sub-14_1	11	Pulse	255	1691033	19818	0
sub-14_1	11	Pulse	255	1711033	39818	0
sub-14_1	11	Nothing	90	1720215	49000	1			49000		other	0
sub-14_1	11	Pulse	255	1731033	59818	0
sub-14_1	11	Picture	test	1735441	64226	1	45226	1	64000	45000	miss	0
sub-14_1	11	Pulse	255	1751034	79818	0
sub-14_1	11	Pulse	255	1771034	99819	0
sub-14_1	12	Picture	grid	1780833	0	1	4226	1	0	4000	other	0
sub-14_1	12	Picture	60	1785059	4226	1	15226	1	4000	15000	other	0
sub-14_1	12	Pulse	255	1791033	10200	0
sub-14_1	12	Picture	maintenance	1800285	19451	1	30226	1	19000	30000	other	0
sub-14_1	12	Pulse	255	1811034	30201	0
sub-14_1	12	Nothing	65	1829833	49000	1			49000		other	0
sub-14_1	12	Pulse	255	1831034	50200	0
sub-14_1	12	Picture	test	1845059	64226	1	35226	1	64000	35000	miss	0
sub-14_1	12	Pulse	255	1851034	70200	0
sub-14_1	12	Pulse	255	1871034	90200	0
sub-14_1	13	Picture	grid	1880452	0	1	4226	1	0	4000	other	0
sub-14_1	13	Picture	21	1884677	4226	1	15226	1	4000	15000	other	0
sub-14_1	13	Pulse	255	1891034	10582	0
sub-14_1	13	Picture	maintenance	1899903	19451	1	30226	1	19000	30000	other	0
sub-14_1	13	Pulse	255	1911035	30583	0
sub-14_1	13	Nothing	90	1929452	49000	1			49000		other	0
sub-14_1	13	Pulse	255	1931034	50583	0
sub-14_1	13	Picture	test	1944678	64226	1	15226	1	64000	15000	miss	0
sub-14_1	13	Pulse	255	1951034	70582	0
sub-14_1	14	Picture	grid	1960070	0	1	4226	1	0	4000	other	0
sub-14_1	14	Picture	41	1964296	4226	1	15226	1	4000	15000	other	0
sub-14_1	14	Pulse	255	1971034	10964	0
sub-14_1	14	Picture	maintenance	1979522	19452	1	30226	1	19000	30000	other	0
sub-14_1	14	Pulse	255	1991034	30964	0
sub-14_1	14	Nothing	90	2009070	49000	1			49000		other	0
sub-14_1	14	Pulse	255	2011035	50965	0
sub-14_1	14	Picture	test	2024296	64226	1	15226	1	64000	15000	miss	0
sub-14_1	14	Pulse	255	2031034	70964	0
sub-14_1	15	Picture	grid	2039688	0	1	4226	1	0	4000	other	0
sub-14_1	15	Picture	60	2043914	4226	1	15226	1	4000	15000	other	0
sub-14_1	15	Pulse	255	2051034	11346	0
sub-14_1	15	Picture	maintenance	2059140	19452	1	30226	1	19000	30000	other	0
sub-14_1	15	Pulse	255	2071034	31346	0
sub-14_1	15	Nothing	65	2088688	49000	1			49000		other	0
sub-14_1	15	Pulse	255	2091034	51346	0
sub-14_1	15	Picture	test	2103914	64226	1	25226	1	64000	25000	miss	0
sub-14_1	15	Pulse	255	2111034	71346	0
sub-14_1	16	Picture	grid	2129307	0	1	4226	1	0	4000	other	0
sub-14_1	16	Pulse	255	2131035	1729	0
sub-14_1	16	Picture	41	2133532	4226	1	15226	1	4000	15000	other	0
sub-14_1	16	Picture	maintenance	2148758	19452	1	30226	1	19000	30000	other	0
sub-14_1	16	Pulse	255	2151035	21729	0
sub-14_1	16	Pulse	255	2171035	41728	0
sub-14_1	16	Nothing	90	2178307	49000	1			49000		other	0
sub-14_1	16	Pulse	255	2191035	61728	0
sub-14_1	16	Picture	test	2193532	64226	1	35226	1	64000	35000	miss	0
sub-14_1	16	Pulse	255	2211035	81728	0
sub-14_1	17	Picture	grid	2228925	0	1	4226	1	0	4000	other	0
sub-14_1	17	Pulse	255	2231035	2110	0
sub-14_1	17	Picture	61	2233151	4226	1	15226	1	4000	15000	other	0
sub-14_1	17	Picture	maintenance	2248377	19452	1	30226	1	19000	30000	other	0
sub-14_1	17	Pulse	255	2251035	22110	0
sub-14_1	17	Pulse	255	2271035	42110	0
sub-14_1	17	Nothing	90	2277925	49000	1			49000		other	0
sub-14_1	17	Pulse	255	2291035	62110	0
sub-14_1	17	Picture	test	2293151	64226	1	15226	1	64000	15000	miss	0
sub-14_1	18	Picture	grid	2308543	0	1	4226	1	0	4000	other	0
sub-14_1	18	Pulse	255	2311035	2492	0
sub-14_1	18	Picture	41	2312769	4226	1	15226	1	4000	15000	other	0
sub-14_1	18	Picture	maintenance	2327995	19452	1	30226	1	19000	30000	other	0
sub-14_1	18	Pulse	255	2331036	22492	0
sub-14_1	18	Pulse	255	2351036	42492	0
sub-14_1	18	Nothing	90	2357543	49000	1			49000		other	0
sub-14_1	18	Pulse	255	2371036	62493	0
sub-14_1	18	Picture	test	2372769	64226	1	20226	1	64000	20000	miss	0
sub-14_1	18	Pulse	255	2391024	82481	0
sub-14_1	19	Picture	grid	2393162	0	1	4226	1	0	4000	other	0
sub-14_1	19	Picture	40	2397388	4226	1	15226	1	4000	15000	other	0
sub-14_1	19	Pulse	255	2411025	17864	0
sub-14_1	19	Picture	maintenance	2412613	19452	1	30226	1	19000	30000	other	0
sub-14_1	19	Pulse	255	2431025	37864	0
sub-14_1	19	Nothing	45	2442162	49000	1			49000		other	0
sub-14_1	19	Pulse	255	2451025	57864	0
sub-14_1	19	Picture	test	2457387	64226	1	40226	1	64000	40000	miss	0
sub-14_1	19	Pulse	255	2471025	77864	0
sub-14_1	19	Pulse	255	2491026	97864	0
sub-14_1	20	Picture	grid	2497780	0	1	4226	1	0	4000	other	0
sub-14_1	20	Picture	60	2502006	4226	1	15226	1	4000	15000	other	0
sub-14_1	20	Pulse	255	2511026	13246	0
sub-14_1	20	Picture	maintenance	2517231	19452	1	30226	1	19000	30000	other	0
sub-14_1	20	Pulse	255	2531026	33246	0
sub-14_1	20	Nothing	65	2546780	49000	1			49000		other	0
sub-14_1	20	Pulse	255	2551026	53246	0
sub-14_1	20	Picture	test	2562006	64226	1	60226	1	64000	60000	miss	0
sub-14_1	20	Pulse	255	2571026	73246	0
sub-14_1	20	Pulse	255	2591026	93246	0
sub-14_1	20	Pulse	255	2611026	113246	0
sub-14_1	21	Picture	grid	2622398	0	1	4226	1	0	4000	other	0
sub-14_1	21	Picture	61	2626624	4226	1	15226	1	4000	15000	other	0
sub-14_1	21	Pulse	255	2631026	8628	0
sub-14_1	21	Picture	maintenance	2641850	19451	1	30226	1	19000	30000	other	0
sub-14_1	21	Pulse	255	2651026	28628	0
sub-14_1	21	Pulse	255	2671026	48628	0
sub-14_1	21	Nothing	90	2671398	49000	1			49000		other	0
sub-14_1	21	Picture	test	2686624	64226	1	30226	1	64000	30000	miss	0
sub-14_1	21	Pulse	255	2691026	68628	0
sub-14_1	21	Pulse	255	2711026	88628	0
sub-14_1	22	Picture	grid	2717016	0	1	4226	1	0	4000	other	0
sub-14_1	22	Picture	61	2721242	4226	1	15226	1	4000	15000	other	0
sub-14_1	22	Pulse	255	2731026	14010	0
sub-14_1	22	Picture	maintenance	2736468	19451	1	30225	1	19000	30000	other	0
sub-14_1	22	Pulse	255	2751027	34011	0
sub-14_1	22	Nothing	90	2766016	49000	1			49000		other	0
sub-14_1	22	Pulse	255	2771026	54010	0
sub-14_1	22	Picture	test	2781242	64226	1	25226	1	64000	25000	miss	0
sub-14_1	22	Pulse	255	2791026	74010	0
sub-14_1	23	Picture	grid	2806634	0	1	4226	1	0	4000	other	0
sub-14_1	23	Picture	20	2810860	4226	1	15226	1	4000	15000	other	0
sub-14_1	23	Pulse	255	2811027	4392	0
sub-14_1	23	Picture	maintenance	2826086	19452	1	30226	1	19000	30000	other	0
sub-14_1	23	Pulse	255	2831028	24393	0
sub-14_1	23	Pulse	255	2851026	44392	0
sub-14_1	23	Nothing	25	2855634	49000	1			49000		other	0
sub-14_1	23	Picture	test	2870860	64226	1	15226	1	64000	15000	miss	0
sub-14_1	23	Pulse	255	2871027	64393	0
sub-14_1	24	Picture	grid	2886253	0	1	4226	1	0	4000	other	0
sub-14_1	24	Picture	40	2890478	4226	1	15226	1	4000	15000	other	0
sub-14_1	24	Pulse	255	2891027	4774	0
sub-14_1	24	Picture	maintenance	2905704	19451	1	30226	1	19000	30000	other	0
sub-14_1	24	Pulse	255	2911027	24775	0
sub-14_1	24	Pulse	255	2931027	44774	0
sub-14_1	24	Nothing	45	2935253	49000	1			49000		other	0
sub-14_1	24	Picture	test	2950478	64226	1	15226	1	64000	15000	miss	0
sub-14_1	24	Pulse	255	2951027	64774	0
sub-14_1	25	Picture	grid	2965871	0	1	4226	1	0	4000	other	0
sub-14_1	25	Picture	41	2970097	4226	1	15226	1	4000	15000	other	0
sub-14_1	25	Pulse	255	2971027	5156	0
sub-14_1	25	Picture	maintenance	2985322	19452	1	30226	1	19000	30000	other	0
sub-14_1	25	Pulse	255	2991027	25156	0
sub-14_1	25	Pulse	255	3011027	45156	0
sub-14_1	25	Nothing	90	3014871	49000	1			49000		other	0
sub-14_1	25	Picture	test	3030097	64226	1	35226	1	64000	35000	miss	0
sub-14_1	25	Pulse	255	3031027	65156	0
sub-14_1	25	Pulse	255	3051027	85156	0
sub-14_1	26	Picture	grid	3065489	0	1	4226	1	0	4000	other	0
sub-14_1	26	Picture	41	3069715	4226	1	15226	1	4000	15000	other	0
sub-14_1	26	Pulse	255	3071028	5538	0
sub-14_1	26	Picture	maintenance	3084941	19452	1	30226	1	19000	30000	other	0
sub-14_1	26	Pulse	255	3091027	25538	0
sub-14_1	26	Pulse	255	3111028	45538	0
sub-14_1	26	Nothing	90	3114489	49000	1			49000		other	0
sub-14_1	26	Picture	test	3129715	64226	1	25226	1	64000	25000	miss	0
sub-14_1	26	Pulse	255	3131027	65538	0
sub-14_1	26	Pulse	255	3151028	85539	0
sub-14_1	27	Picture	grid	3155108	0	1	4226	1	0	4000	other	0
sub-14_1	27	Picture	40	3159333	4226	1	15226	1	4000	15000	other	0
sub-14_1	27	Pulse	255	3171028	15920	0
sub-14_1	27	Picture	maintenance	3174559	19452	1	30226	1	19000	30000	other	0
sub-14_1	27	Pulse	255	3191027	35920	0
sub-14_1	27	Nothing	45	3204108	49000	1			49000		other	0
sub-14_1	27	Pulse	255	3211027	55920	0
sub-14_1	27	Picture	test	3219333	64226	1	30226	1	64000	30000	miss	0
sub-14_1	27	Pulse	255	3231028	75920	0
sub-14_1	28	Picture	grid	3249726	0	1	4191	1	0	4000	other	0
sub-14_1	28	Pulse	255	3251028	1302	0
sub-14_1	28	Picture	20	3253917	4191	1	15226	1	4000	15000	other	0
sub-14_1	28	Picture	maintenance	3269143	19417	1	30226	1	19000	30000	other	0
sub-14_1	28	Pulse	255	3271028	21302	0
sub-14_1	28	Pulse	255	3291028	41302	0
sub-14_1	28	Nothing	25	3298726	49000	1			49000		other	0
sub-14_1	28	Pulse	255	3311028	61302	0
sub-14_1	28	Picture	test	3313952	64226	1	45226	1	64000	45000	miss	0
sub-14_1	28	Pulse	255	3331028	81302	0
sub-14_1	28	Pulse	255	3351028	101302	0
sub-14_1	29	Picture	grid	3359344	0	1	4226	1	0	4000	other	0
sub-14_1	29	Picture	40	3363570	4226	1	15226	1	4000	15000	other	0
sub-14_1	29	Pulse	255	3371028	11683	0
sub-14_1	29	Picture	maintenance	3378796	19452	1	30226	1	19000	30000	other	0
sub-14_1	29	Pulse	255	3391028	31683	0
sub-14_1	29	Nothing	45	3408344	49000	1			49000		other	0
sub-14_1	29	Pulse	255	3411028	51683	0
sub-14_1	29	Picture	test	3423570	64226	1	45226	1	64000	45000	miss	0
sub-14_1	29	Pulse	255	3431028	71684	0
sub-14_1	29	Pulse	255	3451029	91684	0
sub-14_1	30	Picture	grid	3468963	0	1	4226	1	0	4000	other	0
sub-14_1	30	Pulse	255	3471028	2065	0
sub-14_1	30	Picture	61	3473189	4226	1	15226	1	4000	15000	other	0
sub-14_1	30	Picture	maintenance	3488414	19452	1	30226	1	19000	30000	other	0
sub-14_1	30	Pulse	255	3491028	22065	0
sub-14_1	30	Pulse	255	3511028	42065	0
sub-14_1	30	Nothing	90	3517963	49000	1			49000		other	0
sub-14_1	30	Pulse	255	3531028	62066	0
sub-14_1	30	Picture	test	3533189	64226	1	30226	1	64000	30000	miss	0
sub-14_1	30	Pulse	255	3551028	82065	0
sub-14_1	31	Picture	grid	3563581	0	1	4226	1	0	4000	other	0
sub-14_1	31	Picture	21	3567807	4226	1	15226	1	4000	15000	other	0
sub-14_1	31	Pulse	255	3571029	7448	0
sub-14_1	31	Picture	maintenance	3583033	19452	1	30226	1	19000	30000	other	0
sub-14_1	31	Pulse	255	3591029	27447	0
sub-14_1	31	Pulse	255	3611029	47447	0
sub-14_1	31	Nothing	90	3612581	49000	1			49000		other	0
sub-14_1	31	Picture	test	3627807	64226	1	15226	1	64000	15000	miss	0
sub-14_1	31	Pulse	255	3631029	67448	0
sub-14_1	32	Picture	grid	3643199	0	1	4226	1	0	4000	other	0
sub-14_1	32	Picture	60	3647425	4226	1	15226	1	4000	15000	other	0
sub-14_1	32	Pulse	255	3651029	7830	0
sub-14_1	32	Picture	maintenance	3662651	19452	1	30226	1	19000	30000	other	0
sub-14_1	32	Pulse	255	3671029	27829	0
sub-14_1	32	Pulse	255	3691030	47830	0
sub-14_1	32	Nothing	65	3692199	49000	1			49000		other	0
sub-14_1	32	Picture	test	3707425	64226	1	15226	1	64000	15000	miss	0
sub-14_1	32	Pulse	255	3711029	67830	0
sub-14_1	33	Picture	grid	3722818	0	1	4226	1	0	4000	other	0
sub-14_1	33	Picture	20	3727044	4226	1	15226	1	4000	15000	other	0
sub-14_1	33	Pulse	255	3731029	8211	0
sub-14_1	33	Picture	maintenance	3742270	19452	1	30226	1	19000	30000	other	0
sub-14_1	33	Pulse	255	3751029	28211	0
sub-14_1	33	Pulse	255	3771029	48211	0
sub-14_1	33	Nothing	25	3771818	49000	1			49000		other	0
sub-14_1	33	Picture	test	3787044	64226	1	50226	1	64000	50000	miss	0
sub-14_1	33	Pulse	255	3791029	68212	0
sub-14_1	33	Pulse	255	3811029	88211	0
sub-14_1	33	Pulse	255	3831030	108212	0
sub-14_1	34	Picture	grid	3837436	0	1	4226	1	0	4000	other	0
sub-14_1	34	Picture	20	3841662	4226	1	15226	1	4000	15000	other	0
sub-14_1	34	Pulse	255	3851029	13593	0
sub-14_1	34	Picture	maintenance	3856887	19451	1	30225	1	19000	30000	other	0
sub-14_1	34	Pulse	255	3871029	33593	0
sub-14_1	34	Nothing	25	3886436	49000	1			49000		other	0
sub-14_1	34	Pulse	255	3891030	53594	0
sub-14_1	34	Picture	test	3901662	64226	1	60226	1	64000	60000	miss	0
sub-14_1	34	Pulse	255	3911029	73593	0
sub-14_1	34	Pulse	255	3931030	93594	0
sub-14_1	34	Pulse	255	3951030	113594	0
sub-14_1	35	Picture	grid	3962054	0	1	4226	1	0	4000	other	0
sub-14_1	35	Picture	40	3966280	4226	1	15225	1	4000	15000	other	0
sub-14_1	35	Pulse	255	3971031	8976	0
sub-14_1	35	Picture	maintenance	3981505	19451	1	30225	1	19000	30000	other	0
sub-14_1	35	Pulse	255	3991030	28976	0
sub-14_1	35	Pulse	255	4011030	48976	0
sub-14_1	35	Nothing	45	4011054	49000	1			49000		other	0
sub-14_1	35	Picture	test	4026280	64226	1	45226	1	64000	45000	miss	0
sub-14_1	35	Pulse	255	4031031	68976	0
sub-14_1	35	Pulse	255	4051030	88976	0
sub-14_1	35	Pulse	255	4071030	108976	0
sub-14_1	36	Picture	grid	4071672	0	1	4226	1	0	4000	other	0
sub-14_1	36	Picture	60	4075898	4226	1	15226	1	4000	15000	other	0
sub-14_1	36	Pulse	255	4091031	19358	0
sub-14_1	36	Picture	maintenance	4091124	19452	1	30226	1	19000	30000	other	0
sub-14_1	36	Pulse	255	4111031	39358	0
sub-14_1	36	Nothing	65	4120672	49000	1			49000		other	0
sub-14_1	36	Pulse	255	4131031	59358	0
sub-14_1	36	Picture	test	4135898	64226	1	40226	1	64000	40000	miss	0
sub-14_1	36	Pulse	255	4151031	79358	0
sub-14_1	36	Pulse	255	4171030	99358	0
sub-14_1	37	Picture	grid	4176291	0	1	4226	1	0	4000	other	0
sub-14_1	37	Picture	21	4180516	4226	1	15226	1	4000	15000	other	0
sub-14_1	37	Pulse	255	4191030	14739	0
sub-14_1	37	Picture	maintenance	4195742	19452	1	30226	1	19000	30000	other	0
sub-14_1	37	Pulse	255	4211030	34740	0
sub-14_1	37	Nothing	90	4225291	49000	1			49000		other	0
sub-14_1	37	Pulse	255	4231031	54740	0
sub-14_1	37	Picture	test	4240516	64226	1	15226	1	64000	15000	miss	0
sub-14_1	37	Pulse	255	4251030	74739	0
sub-14_1	38	Picture	Bfix	4255909	0	1	71982	1	0	60000	other	0
sub-14_1	38	Pulse	255	4271030	15121	0
sub-14_1	38	Pulse	255	4291030	35121	0
