Scenario - loca_mvis
Logfile written - 04/16/2019 13:39:59

Subject	Trial	Event Type	Code	Time	TTime	Uncertainty	Duration	Uncertainty	ReqTime	ReqDur	Stim Type	Pair Index

sub-15_1	0	Pulse	255	791060	791060	0
sub-15_1	1	Picture	p_startup	791289	0	1	88226	1	0	88000	other	0
sub-15_1	1	Pulse	255	811060	19771	0
sub-15_1	1	Pulse	255	831060	39771	0
sub-15_1	1	Pulse	255	851060	59771	0
sub-15_1	1	Pulse	255	871060	79771	0
sub-15_1	2	Picture	grid	879682	0	1	4227	1	0	4000	other	0
sub-15_1	2	Picture	61	883908	4227	1	15226	1	4000	15000	other	0
sub-15_1	2	Pulse	255	891060	11378	0
sub-15_1	2	Picture	maintenance	899134	19453	1	30226	1	19000	30000	other	0
sub-15_1	2	Pulse	255	911060	31379	0
sub-15_1	2	Nothing	90	928682	49000	1			49000		other	0
sub-15_1	2	Pulse	255	931060	51379	0
sub-15_1	2	Picture	test	943908	64226	1	15226	1	64000	15000	miss	0
sub-15_1	2	Pulse	255	951060	71378	0
sub-15_1	3	Picture	grid	959300	0	1	4226	1	0	4000	other	0
sub-15_1	3	Picture	20	963526	4226	1	15226	1	4000	15000	other	0
sub-15_1	3	Pulse	255	971060	11760	0
sub-15_1	3	Picture	maintenance	978752	19452	1	30226	1	19000	30000	other	0
sub-15_1	3	Pulse	255	991060	31760	0
sub-15_1	3	Nothing	25	1008300	49000	1			49000		other	0
sub-15_1	3	Pulse	255	1011060	51760	0
sub-15_1	3	Picture	test	1023526	64226	1	25226	1	64000	25000	miss	0
sub-15_1	3	Pulse	255	1031061	71761	0
sub-15_1	4	Picture	grid	1048919	0	1	4226	1	0	4000	other	0
sub-15_1	4	Pulse	255	1051060	2142	0
sub-15_1	4	Picture	20	1053145	4226	1	15226	1	4000	15000	other	0
sub-15_1	4	Picture	maintenance	1068371	19452	1	30226	1	19000	30000	other	0
sub-15_1	4	Pulse	255	1071061	22142	0
sub-15_1	4	Pulse	255	1091060	42142	0
sub-15_1	4	Nothing	25	1097919	49000	1			49000		other	0
sub-15_1	4	Pulse	255	1111061	62142	0
sub-15_1	4	Picture	test	1113145	64226	1	45226	1	64000	45000	miss	0
sub-15_1	4	Pulse	255	1131061	82142	0
sub-15_1	4	Pulse	255	1151061	102142	0
sub-15_1	5	Picture	grid	1158538	0	1	4226	1	0	4000	other	0
sub-15_1	5	Picture	41	1162764	4226	1	15226	1	4000	15000	other	0
sub-15_1	5	Pulse	255	1171061	12523	0
sub-15_1	5	Picture	maintenance	1177990	19452	1	30226	1	19000	30000	other	0
sub-15_1	5	Pulse	255	1191061	32523	0
sub-15_1	5	Nothing	90	1207538	49000	1			49000		other	0
sub-15_1	5	Pulse	255	1211061	52524	0
sub-15_1	5	Picture	test	1222764	64226	1	60226	1	64000	60000	miss	0
sub-15_1	5	Pulse	255	1231061	72523	0
sub-15_1	5	Pulse	255	1251061	92523	0
sub-15_1	5	Pulse	255	1271062	112524	0
sub-15_1	6	Picture	grid	1283157	0	1	4226	1	0	4000	other	0
sub-15_1	6	Picture	21	1287383	4226	1	15226	1	4000	15000	other	0
sub-15_1	6	Pulse	255	1291062	7905	0
sub-15_1	6	Picture	maintenance	1302609	19452	1	30226	1	19000	30000	other	0
sub-15_1	6	Pulse	255	1311061	27905	0
sub-15_1	6	Pulse	255	1331062	47905	0
sub-15_1	6	Nothing	90	1332157	49000	1			49000		other	0
sub-15_1	6	Picture	test	1347384	64227	1	20226	1	64000	20000	miss	0
sub-15_1	6	Pulse	255	1351062	67905	0
sub-15_1	7	Picture	grid	1367776	0	1	4226	1	0	4000	other	0
sub-15_1	7	Pulse	255	1371061	3285	0
sub-15_1	7	Picture	40	1372002	4226	1	15226	1	4000	15000	other	0
sub-15_1	7	Picture	maintenance	1387228	19452	1	30226	1	19000	30000	other	0
sub-15_1	7	Pulse	255	1391062	23286	0
sub-15_1	7	Pulse	255	1411062	43286	0
sub-15_1	7	Nothing	45	1416776	49000	1			49000		other	0
sub-15_1	7	Pulse	255	1431052	63276	0
sub-15_1	7	Picture	test	1432002	64226	1	15226	1	64000	15000	miss	0
sub-15_1	8	Picture	grid	1447395	0	1	4226	1	0	4000	other	0
sub-15_1	8	Pulse	255	1451052	3657	0
sub-15_1	8	Picture	21	1451621	4226	1	15226	1	4000	15000	other	0
sub-15_1	8	Picture	maintenance	1466847	19452	1	30226	1	19000	30000	other	0
sub-15_1	8	Pulse	255	1471052	23657	0
sub-15_1	8	Pulse	255	1491052	43657	0
sub-15_1	8	Nothing	90	1496395	49000	1			49000		other	0
sub-15_1	8	Pulse	255	1511052	63657	0
sub-15_1	8	Picture	test	1511621	64226	1	15226	1	64000	15000	miss	0
sub-15_1	9	Picture	grid	1527013	0	1	4226	1	0	4000	other	0
sub-15_1	9	Pulse	255	1531083	4069	0
sub-15_1	9	Picture	60	1531239	4226	1	15226	1	4000	15000	other	0
sub-15_1	9	Picture	maintenance	1546465	19452	1	30226	1	19000	30000	other	0
sub-15_1	9	Pulse	255	1551052	24039	0
sub-15_1	9	Pulse	255	1571053	44039	0
sub-15_1	9	Nothing	65	1576013	49000	1			49000		other	0
sub-15_1	9	Pulse	255	1591083	64069	0
sub-15_1	9	Picture	test	1591239	64226	1	45226	1	64000	45000	miss	0
sub-15_1	9	Pulse	255	1611053	84039	0
sub-15_1	9	Pulse	255	1631052	104039	0
sub-15_1	10	Picture	grid	1636632	0	1	4226	1	0	4000	other	0
sub-15_1	10	Picture	21	1640858	4226	1	15226	1	4000	15000	other	0
sub-15_1	10	Pulse	255	1651053	14420	0
sub-15_1	10	Picture	maintenance	1656084	19452	1	30226	1	19000	30000	other	0
sub-15_1	10	Pulse	255	1671053	34421	0
sub-15_1	10	Nothing	90	1685632	49000	1			49000		other	0
sub-15_1	10	Pulse	255	1691053	54421	0
sub-15_1	10	Picture	test	1700858	64226	1	10226	1	64000	10000	miss	0
sub-15_1	10	Pulse	255	1711053	74421	0
sub-15_1	11	Picture	grid	1711251	0	1	4226	1	0	4000	other	0
sub-15_1	11	Picture	61	1715477	4226	1	15226	1	4000	15000	other	0
sub-15_1	11	Picture	maintenance	1730703	19452	1	30226	1	19000	30000	other	0
sub-15_1	11	Pulse	255	1731053	19802	0
sub-15_1	11	Pulse	255	1751053	39803	0
sub-15_1	11	Nothing	90	1760251	49000	1			49000		other	0
sub-15_1	11	Pulse	255	1771053	59803	0
sub-15_1	11	Picture	test	1775477	64226	1	45226	1	64000	45000	miss	0
sub-15_1	11	Pulse	255	1791053	79803	0
sub-15_1	11	Pulse	255	1811053	99803	0
sub-15_1	12	Picture	grid	1820869	0	1	4226	1	0	4000	other	0
sub-15_1	12	Picture	60	1825095	4226	1	15226	1	4000	15000	other	0
sub-15_1	12	Pulse	255	1831053	10184	0
sub-15_1	12	Picture	maintenance	1840321	19452	1	30226	1	19000	30000	other	0
sub-15_1	12	Pulse	255	1851053	30184	0
sub-15_1	12	Nothing	65	1869869	49000	1			49000		other	0
sub-15_1	12	Pulse	255	1871054	50184	0
sub-15_1	12	Picture	test	1885095	64226	1	35187	1	64000	35000	miss	0
sub-15_1	12	Pulse	255	1891054	70185	0
sub-15_1	12	Pulse	255	1911054	90184	0
sub-15_1	13	Picture	grid	1920449	0	1	4226	1	0	4000	other	0
sub-15_1	13	Picture	21	1924675	4226	1	15226	1	4000	15000	other	0
sub-15_1	13	Pulse	255	1931054	10605	0
sub-15_1	13	Picture	maintenance	1939901	19452	1	30226	1	19000	30000	other	0
sub-15_1	13	Pulse	255	1951054	30605	0
sub-15_1	13	Nothing	90	1969449	49000	1			49000		other	0
sub-15_1	13	Pulse	255	1971054	50605	0
sub-15_1	13	Picture	test	1984675	64226	1	15226	1	64000	15000	miss	0
sub-15_1	13	Pulse	255	1991054	70605	0
sub-15_1	14	Picture	grid	2000068	0	1	4226	1	0	4000	other	0
sub-15_1	14	Picture	41	2004294	4226	1	15226	1	4000	15000	other	0
sub-15_1	14	Pulse	255	2011054	10986	0
sub-15_1	14	Picture	maintenance	2019520	19452	1	30226	1	19000	30000	other	0
sub-15_1	14	Pulse	255	2031054	30986	0
sub-15_1	14	Nothing	90	2049068	49000	1			49000		other	0
sub-15_1	14	Pulse	255	2051054	50987	0
sub-15_1	14	Picture	test	2064294	64226	1	15226	1	64000	15000	miss	0
sub-15_1	14	Pulse	255	2071054	70987	0
sub-15_1	15	Picture	grid	2079686	0	1	4226	1	0	4000	other	0
sub-15_1	15	Picture	60	2083912	4226	1	15226	1	4000	15000	other	0
sub-15_1	15	Pulse	255	2091054	11368	0
sub-15_1	15	Picture	maintenance	2099138	19452	1	30226	1	19000	30000	other	0
sub-15_1	15	Pulse	255	2111054	31368	0
sub-15_1	15	Nothing	65	2128686	49000	1			49000		other	0
sub-15_1	15	Pulse	255	2131055	51368	0
sub-15_1	15	Picture	test	2143913	64226	1	25226	1	64000	25000	miss	0
sub-15_1	15	Pulse	255	2151055	71368	0
sub-15_1	16	Picture	grid	2169305	0	1	4226	7	0	4000	other	0
sub-15_1	16	Pulse	255	2171055	1750	0
sub-15_1	16	Picture	41	2173531	4226	7	15226	7	4000	15000	other	0
sub-15_1	16	Picture	maintenance	2188757	19452	1	30226	1	19000	30000	other	0
sub-15_1	16	Pulse	255	2191055	21749	0
sub-15_1	16	Pulse	255	2211055	41750	0
sub-15_1	16	Nothing	90	2218305	49000	1			49000		other	0
sub-15_1	16	Pulse	255	2231055	61750	0
sub-15_1	16	Picture	test	2233531	64226	1	35226	1	64000	35000	miss	0
sub-15_1	16	Pulse	255	2251055	81750	0
sub-15_1	17	Picture	grid	2268924	0	1	4226	1	0	4000	other	0
sub-15_1	17	Pulse	255	2271055	2131	0
sub-15_1	17	Picture	61	2273150	4226	1	15226	1	4000	15000	other	0
sub-15_1	17	Picture	maintenance	2288376	19452	1	30226	1	19000	30000	other	0
sub-15_1	17	Pulse	255	2291055	22131	0
sub-15_1	17	Pulse	255	2311055	42131	0
sub-15_1	17	Nothing	90	2317924	49000	1			49000		other	0
sub-15_1	17	Pulse	255	2331055	62131	0
sub-15_1	17	Picture	test	2333150	64226	1	15226	1	64000	15000	miss	0
sub-15_1	18	Picture	grid	2348543	0	1	4226	1	0	4000	other	0
sub-15_1	18	Pulse	255	2351055	2513	0
sub-15_1	18	Picture	41	2352769	4226	1	15226	1	4000	15000	other	0
sub-15_1	18	Picture	maintenance	2367994	19452	1	30226	1	19000	30000	other	0
sub-15_1	18	Pulse	255	2371055	22513	0
sub-15_1	18	Pulse	255	2391055	42513	0
sub-15_1	18	Nothing	90	2397543	49000	1			49000		other	0
sub-15_1	18	Pulse	255	2411056	62513	0
sub-15_1	18	Picture	test	2412769	64226	1	20226	1	64000	20000	miss	0
sub-15_1	18	Pulse	255	2431056	82513	0
sub-15_1	19	Picture	grid	2433162	0	1	4226	1	0	4000	other	0
sub-15_1	19	Picture	40	2437387	4226	1	15226	1	4000	15000	other	0
sub-15_1	19	Pulse	255	2451056	17894	0
sub-15_1	19	Picture	maintenance	2452613	19452	1	30226	1	19000	30000	other	0
sub-15_1	19	Pulse	255	2471056	37895	0
sub-15_1	19	Nothing	45	2482162	49000	1			49000		other	0
sub-15_1	19	Pulse	255	2491056	57894	0
sub-15_1	19	Picture	test	2497387	64226	1	40226	1	64000	40000	miss	0
sub-15_1	19	Pulse	255	2511056	77894	0
sub-15_1	19	Pulse	255	2531056	97895	0
sub-15_1	20	Picture	grid	2537780	0	1	4226	1	0	4000	other	0
sub-15_1	20	Picture	60	2542006	4226	1	15226	1	4000	15000	other	0
sub-15_1	20	Pulse	255	2551056	13276	0
sub-15_1	20	Picture	maintenance	2557232	19452	1	30226	1	19000	30000	other	0
sub-15_1	20	Pulse	255	2571056	33276	0
sub-15_1	20	Nothing	65	2586780	49000	1			49000		other	0
sub-15_1	20	Pulse	255	2591056	53276	0
sub-15_1	20	Picture	test	2602006	64226	1	60226	1	64000	60000	miss	0
sub-15_1	20	Pulse	255	2611056	73276	0
sub-15_1	20	Pulse	255	2631057	93277	0
sub-15_1	20	Pulse	255	2651056	113276	0
sub-15_1	21	Picture	grid	2662399	0	1	4226	1	0	4000	other	0
sub-15_1	21	Picture	61	2666625	4226	1	15226	1	4000	15000	other	0
sub-15_1	21	Pulse	255	2671057	8658	0
sub-15_1	21	Picture	maintenance	2681851	19452	1	30226	1	19000	30000	other	0
sub-15_1	21	Pulse	255	2691057	28658	0
sub-15_1	21	Pulse	255	2711057	48658	0
sub-15_1	21	Nothing	90	2711399	49000	1			49000		other	0
sub-15_1	21	Picture	test	2726625	64226	1	30226	1	64000	30000	miss	0
sub-15_1	21	Pulse	255	2731057	68658	0
sub-15_1	21	Pulse	255	2751057	88658	0
sub-15_1	22	Picture	grid	2757017	0	1	4226	1	0	4000	other	0
sub-15_1	22	Picture	61	2761243	4226	1	15226	1	4000	15000	other	0
sub-15_1	22	Pulse	255	2771057	14040	0
sub-15_1	22	Picture	maintenance	2776469	19452	1	30226	1	19000	30000	other	0
sub-15_1	22	Pulse	255	2791057	34040	0
sub-15_1	22	Nothing	90	2806017	49000	1			49000		other	0
sub-15_1	22	Pulse	255	2811057	54040	0
sub-15_1	22	Picture	test	2821243	64226	1	25226	1	64000	25000	miss	0
sub-15_1	22	Pulse	255	2831057	74040	0
sub-15_1	23	Picture	grid	2846636	0	1	4226	1	0	4000	other	0
sub-15_1	23	Picture	20	2850862	4226	1	15226	1	4000	15000	other	0
sub-15_1	23	Pulse	255	2851057	4422	0
sub-15_1	23	Picture	maintenance	2866088	19452	1	30226	1	19000	30000	other	0
sub-15_1	23	Pulse	255	2871057	24422	0
sub-15_1	23	Pulse	255	2891058	44422	0
sub-15_1	23	Nothing	25	2895636	49000	1			49000		other	0
sub-15_1	23	Picture	test	2910862	64226	1	15226	1	64000	15000	miss	0
sub-15_1	23	Pulse	255	2911058	64422	0
sub-15_1	24	Picture	grid	2926255	0	1	4226	1	0	4000	other	0
sub-15_1	24	Picture	40	2930481	4226	1	15226	1	4000	15000	other	0
sub-15_1	24	Pulse	255	2931058	4803	0
sub-15_1	24	Picture	maintenance	2945706	19452	1	30226	1	19000	30000	other	0
sub-15_1	24	Pulse	255	2951048	24793	0
sub-15_1	24	Pulse	255	2971048	44793	0
sub-15_1	24	Nothing	45	2975255	49000	1			49000		other	0
sub-15_1	24	Picture	test	2990481	64226	1	15226	1	64000	15000	miss	0
sub-15_1	24	Pulse	255	2991048	64793	0
sub-15_1	25	Picture	grid	3005873	0	1	4226	1	0	4000	other	0
sub-15_1	25	Picture	41	3010099	4226	1	15226	1	4000	15000	other	0
sub-15_1	25	Pulse	255	3011048	5175	0
sub-15_1	25	Picture	maintenance	3025325	19452	1	30226	1	19000	30000	other	0
sub-15_1	25	Pulse	255	3031048	25175	0
sub-15_1	25	Pulse	255	3051048	45175	0
sub-15_1	25	Nothing	90	3054873	49000	1			49000		other	0
sub-15_1	25	Picture	test	3070099	64226	1	35226	1	64000	35000	miss	0
sub-15_1	25	Pulse	255	3071048	65175	0
sub-15_1	25	Pulse	255	3091048	85175	0
sub-15_1	26	Picture	grid	3105492	0	1	4226	1	0	4000	other	0
sub-15_1	26	Picture	41	3109718	4226	1	15226	1	4000	15000	other	0
sub-15_1	26	Pulse	255	3111048	5556	0
sub-15_1	26	Picture	maintenance	3124944	19452	1	30226	1	19000	30000	other	0
sub-15_1	26	Pulse	255	3131048	25556	0
sub-15_1	26	Pulse	255	3151048	45556	0
sub-15_1	26	Nothing	90	3154492	49000	1			49000		other	0
sub-15_1	26	Picture	test	3169718	64226	1	25226	1	64000	25000	miss	0
sub-15_1	26	Pulse	255	3171048	65556	0
sub-15_1	26	Pulse	255	3191049	85557	0
sub-15_1	27	Picture	grid	3195111	0	1	4226	1	0	4000	other	0
sub-15_1	27	Picture	40	3199336	4226	1	15226	1	4000	15000	other	0
sub-15_1	27	Pulse	255	3211049	15938	0
sub-15_1	27	Picture	maintenance	3214563	19452	1	30226	1	19000	30000	other	0
sub-15_1	27	Pulse	255	3231049	35938	0
sub-15_1	27	Nothing	45	3244111	49000	1			49000		other	0
sub-15_1	27	Pulse	255	3251049	55938	0
sub-15_1	27	Picture	test	3259336	64226	1	30226	1	64000	30000	miss	0
sub-15_1	27	Pulse	255	3271049	75938	0
sub-15_1	28	Picture	grid	3289729	0	1	4226	1	0	4000	other	0
sub-15_1	28	Pulse	255	3291049	1320	0
sub-15_1	28	Picture	20	3293955	4226	1	15226	1	4000	15000	other	0
sub-15_1	28	Picture	maintenance	3309181	19452	1	30226	1	19000	30000	other	0
sub-15_1	28	Pulse	255	3311049	21320	0
sub-15_1	28	Pulse	255	3331049	41320	0
sub-15_1	28	Nothing	25	3338729	49000	1			49000		other	0
sub-15_1	28	Pulse	255	3351049	61320	0
sub-15_1	28	Picture	test	3353955	64226	1	45226	1	64000	45000	miss	0
sub-15_1	28	Pulse	255	3371049	81320	0
sub-15_1	28	Pulse	255	3391049	101320	0
sub-15_1	29	Picture	grid	3399348	0	1	4226	1	0	4000	other	0
sub-15_1	29	Picture	40	3403574	4226	1	15226	1	4000	15000	other	0
sub-15_1	29	Pulse	255	3411049	11701	0
sub-15_1	29	Picture	maintenance	3418800	19452	1	30226	1	19000	30000	other	0
sub-15_1	29	Pulse	255	3431049	31702	0
sub-15_1	29	Nothing	45	3448348	49000	1			49000		other	0
sub-15_1	29	Pulse	255	3451049	51702	0
sub-15_1	29	Picture	test	3463574	64226	1	45226	1	64000	45000	miss	0
sub-15_1	29	Pulse	255	3471049	71702	0
sub-15_1	29	Pulse	255	3491050	91702	0
sub-15_1	30	Picture	grid	3508966	0	1	4226	1	0	4000	other	0
sub-15_1	30	Pulse	255	3511050	2084	0
sub-15_1	30	Picture	61	3513192	4226	1	15226	1	4000	15000	other	0
sub-15_1	30	Picture	maintenance	3528418	19452	1	30226	1	19000	30000	other	0
sub-15_1	30	Pulse	255	3531050	22084	0
sub-15_1	30	Pulse	255	3551050	42084	0
sub-15_1	30	Nothing	90	3557966	49000	1			49000		other	0
sub-15_1	30	Pulse	255	3571050	62084	0
sub-15_1	30	Picture	test	3573192	64226	1	30226	1	64000	30000	miss	0
sub-15_1	30	Pulse	255	3591050	82084	0
sub-15_1	31	Picture	grid	3603585	0	1	4226	1	0	4000	other	0
sub-15_1	31	Picture	21	3607811	4226	1	15226	1	4000	15000	other	0
sub-15_1	31	Pulse	255	3611050	7465	0
sub-15_1	31	Picture	maintenance	3623036	19452	1	30226	1	19000	30000	other	0
sub-15_1	31	Pulse	255	3631050	27465	0
sub-15_1	31	Pulse	255	3651050	47466	0
sub-15_1	31	Nothing	90	3652585	49000	1			49000		other	0
sub-15_1	31	Picture	test	3667811	64226	1	15226	1	64000	15000	miss	0
sub-15_1	31	Pulse	255	3671050	67466	0
sub-15_1	32	Picture	grid	3683203	0	1	4226	1	0	4000	other	0
sub-15_1	32	Picture	60	3687429	4226	1	15226	1	4000	15000	other	0
sub-15_1	32	Pulse	255	3691050	7847	0
sub-15_1	32	Picture	maintenance	3702655	19452	1	30226	1	19000	30000	other	0
sub-15_1	32	Pulse	255	3711051	27847	0
sub-15_1	32	Pulse	255	3731051	47847	0
sub-15_1	32	Nothing	65	3732203	49000	1			49000		other	0
sub-15_1	32	Picture	test	3747429	64226	1	15226	1	64000	15000	miss	0
sub-15_1	32	Pulse	255	3751051	67848	0
sub-15_1	33	Picture	grid	3762822	0	1	4226	1	0	4000	other	0
sub-15_1	33	Picture	20	3767048	4226	1	15226	1	4000	15000	other	0
sub-15_1	33	Pulse	255	3771051	8229	0
sub-15_1	33	Picture	maintenance	3782274	19452	1	30226	1	19000	30000	other	0
sub-15_1	33	Pulse	255	3791051	28229	0
sub-15_1	33	Pulse	255	3811051	48229	0
sub-15_1	33	Nothing	25	3811822	49000	1			49000		other	0
sub-15_1	33	Picture	test	3827048	64226	1	50226	1	64000	50000	miss	0
sub-15_1	33	Pulse	255	3831051	68229	0
sub-15_1	33	Pulse	255	3851051	88229	0
sub-15_1	33	Pulse	255	3871051	108229	0
sub-15_1	34	Picture	grid	3877440	0	1	4226	1	0	4000	other	0
sub-15_1	34	Picture	20	3881666	4226	1	15226	1	4000	15000	other	0
sub-15_1	34	Pulse	255	3891051	13611	0
sub-15_1	34	Picture	maintenance	3896892	19452	1	30226	1	19000	30000	other	0
sub-15_1	34	Pulse	255	3911051	33611	0
sub-15_1	34	Nothing	25	3926440	49000	1			49000		other	0
sub-15_1	34	Pulse	255	3931051	53611	0
sub-15_1	34	Picture	test	3941666	64226	1	60226	1	64000	60000	miss	0
sub-15_1	34	Pulse	255	3951051	73611	0
sub-15_1	34	Pulse	255	3971051	93611	0
sub-15_1	34	Pulse	255	3991052	113611	0
sub-15_1	35	Picture	grid	4002059	0	1	4226	1	0	4000	other	0
sub-15_1	35	Picture	40	4006285	4226	1	15226	1	4000	15000	other	0
sub-15_1	35	Pulse	255	4011052	8993	0
sub-15_1	35	Picture	maintenance	4021511	19452	1	30226	1	19000	30000	other	0
sub-15_1	35	Pulse	255	4031052	28993	0
sub-15_1	35	Pulse	255	4051052	48993	0
sub-15_1	35	Nothing	45	4051059	49000	1			49000		other	0
sub-15_1	35	Picture	test	4066285	64226	1	45226	1	64000	45000	miss	0
sub-15_1	35	Pulse	255	4071051	68992	0
sub-15_1	35	Pulse	255	4091052	88993	0
sub-15_1	35	Pulse	255	4111052	108993	0
sub-15_1	36	Picture	grid	4111678	0	1	4226	1	0	4000	other	0
sub-15_1	36	Picture	60	4115904	4226	1	15226	1	4000	15000	other	0
sub-15_1	36	Pulse	255	4131052	19375	0
sub-15_1	36	Picture	maintenance	4131130	19452	1	30226	1	19000	30000	other	0
sub-15_1	36	Pulse	255	4151052	39374	0
sub-15_1	36	Nothing	65	4160678	49000	1			49000		other	0
sub-15_1	36	Pulse	255	4171053	59375	0
sub-15_1	36	Picture	test	4175904	64226	1	40226	1	64000	40000	miss	0
sub-15_1	36	Pulse	255	4191052	79374	0
sub-15_1	36	Pulse	255	4211052	99375	0
sub-15_1	37	Picture	grid	4216296	0	1	4226	1	0	4000	other	0
sub-15_1	37	Picture	21	4220522	4226	1	15226	1	4000	15000	other	0
sub-15_1	37	Pulse	255	4231052	14756	0
sub-15_1	37	Picture	maintenance	4235749	19452	1	30226	1	19000	30000	other	0
sub-15_1	37	Pulse	255	4251052	34756	0
sub-15_1	37	Nothing	90	4265296	49000	1			49000		other	0
sub-15_1	37	Pulse	255	4271052	54756	0
sub-15_1	37	Picture	test	4280522	64226	1	15226	1	64000	15000	miss	0
sub-15_1	37	Pulse	255	4291053	74757	0
sub-15_1	38	Picture	Bfix	4295915	0	1	60226	1	0	60000	other	0
sub-15_1	38	Pulse	255	4311053	15138	0
sub-15_1	38	Pulse	255	4331053	35138	0
