Scenario - loca_mvis
Logfile written - 05/29/2018 10:39:14

Subject	Trial	Event Type	Code	Time	TTime	Uncertainty	Duration	Uncertainty	ReqTime	ReqDur	Stim Type	Pair Index

sub-11_2	0	Pulse	255	661359	661359	0
sub-11_2	1	Picture	p_startup	661533	0	1	88194	1	0	88000	other	0
sub-11_2	1	Pulse	255	681359	19826	0
sub-11_2	1	Pulse	255	701359	39826	0
sub-11_2	1	Pulse	255	721359	59826	0
sub-11_2	1	Pulse	255	741359	79826	0
sub-11_2	2	Picture	grid	749893	0	1	4168	1	0	4000	other	0
sub-11_2	2	Picture	60	754061	4168	1	15171	1	4000	15000	other	0
sub-11_2	2	Pulse	255	761359	11466	0
sub-11_2	2	Picture	maintenance	769233	19339	1	30176	1	19000	30000	other	0
sub-11_2	2	Pulse	255	781359	31466	0
sub-11_2	2	Nothing	65	798893	49000	1			49000		other	0
sub-11_2	2	Pulse	255	801359	51466	0
sub-11_2	2	Picture	test	814080	64186	1	10170	1	64000	10000	hit	16
sub-11_2	2	Pulse	255	821359	71466	0
sub-11_2	2	Response	2	821538	71645	1
sub-11_2	3	Picture	grid	824416	0	1	4168	1	0	4000	other	0
sub-11_2	3	Picture	21	828584	4168	1	15171	1	4000	15000	other	0
sub-11_2	3	Pulse	255	841359	16943	0
sub-11_2	3	Picture	maintenance	843755	19339	1	30176	1	19000	30000	other	0
sub-11_2	3	Pulse	255	861360	36944	0
sub-11_2	3	Nothing	90	873416	49000	1			49000		other	0
sub-11_2	3	Pulse	255	881359	56943	0
sub-11_2	3	Picture	test	888602	64186	1	20173	1	64000	20000	hit	25
sub-11_2	3	Response	2	893099	68683	1
sub-11_2	3	Pulse	255	901359	76943	0
sub-11_2	4	Picture	grid	908942	0	1	4168	1	0	4000	other	0
sub-11_2	4	Picture	20	913110	4168	1	15171	1	4000	15000	other	0
sub-11_2	4	Pulse	255	921361	12419	0
sub-11_2	4	Picture	maintenance	928281	19339	1	30176	1	19000	30000	other	0
sub-11_2	4	Pulse	255	941360	32418	0
sub-11_2	4	Nothing	25	957942	49000	1			49000		other	0
sub-11_2	4	Pulse	255	961360	52418	0
sub-11_2	4	Picture	test	973128	64186	1	30176	1	64000	30000	hit	35
sub-11_2	4	Response	1	979711	70769	1
sub-11_2	4	Pulse	255	981360	72418	0
sub-11_2	4	Pulse	255	1001361	92419	0
sub-11_2	5	Picture	grid	1003471	0	1	4168	1	0	4000	other	0
sub-11_2	5	Picture	40	1007639	4168	1	15171	1	4000	15000	other	0
sub-11_2	5	Pulse	255	1021360	17889	0
sub-11_2	5	Picture	maintenance	1022810	19339	1	30176	1	19000	30000	other	0
sub-11_2	5	Pulse	255	1041360	37889	0
sub-11_2	5	Nothing	45	1052471	49000	1			49000		other	0
sub-11_2	5	Pulse	255	1061361	57890	0
sub-11_2	5	Picture	test	1067657	64186	1	20173	1	64000	20000	hit	46
sub-11_2	5	Response	1	1076861	73390	1
sub-11_2	5	Pulse	255	1081360	77889	0
sub-11_2	6	Picture	grid	1087997	0	1	4168	1	0	4000	other	0
sub-11_2	6	Picture	61	1092165	4168	1	15171	1	4000	15000	other	0
sub-11_2	6	Pulse	255	1101361	13364	0
sub-11_2	6	Picture	maintenance	1107336	19339	1	30176	1	19000	30000	other	0
sub-11_2	6	Pulse	255	1121360	33363	0
sub-11_2	6	Nothing	90	1136997	49000	1			49000		other	0
sub-11_2	6	Pulse	255	1141360	53363	0
sub-11_2	6	Picture	test	1152183	64186	1	15171	1	64000	15000	hit	57
sub-11_2	6	Pulse	255	1161361	73364	0
sub-11_2	6	Response	1	1161800	73803	1
sub-11_2	7	Picture	grid	1167521	0	1	4168	1	0	4000	other	0
sub-11_2	7	Picture	40	1171689	4168	1	15171	1	4000	15000	other	0
sub-11_2	7	Pulse	255	1181361	13840	0
sub-11_2	7	Picture	maintenance	1186861	19339	1	30176	1	19000	30000	other	0
sub-11_2	7	Pulse	255	1201361	33840	0
sub-11_2	7	Nothing	45	1216521	49000	1			49000		other	0
sub-11_2	7	Pulse	255	1221361	53839	0
sub-11_2	7	Picture	test	1231708	64186	1	10170	1	64000	10000	hit	66
sub-11_2	7	Response	2	1241031	73510	1
sub-11_2	7	Pulse	255	1241360	73839	0
sub-11_2	8	Picture	grid	1242044	0	1	4168	1	0	4000	other	0
sub-11_2	8	Picture	41	1246212	4168	1	15171	1	4000	15000	other	0
sub-11_2	8	Pulse	255	1261362	19318	0
sub-11_2	8	Picture	maintenance	1261383	19339	1	30176	1	19000	30000	other	0
sub-11_2	8	Pulse	255	1281360	39316	0
sub-11_2	8	Nothing	90	1291044	49000	1			49000		other	0
sub-11_2	8	Pulse	255	1301361	59317	0
sub-11_2	8	Picture	test	1306230	64186	1	15171	1	64000	15000	hit	76
sub-11_2	8	Response	1	1319182	77138	1
sub-11_2	8	Pulse	255	1321362	79318	0
sub-11_2	9	Picture	grid	1321569	0	1	4168	1	0	4000	other	0
sub-11_2	9	Picture	61	1325736	4168	1	15171	1	4000	15000	other	0
sub-11_2	9	Picture	maintenance	1340908	19339	1	30176	1	19000	30000	other	0
sub-11_2	9	Pulse	255	1341362	19793	0
sub-11_2	9	Pulse	255	1361361	39792	0
sub-11_2	9	Nothing	90	1370569	49000	1			49000		other	0
sub-11_2	9	Pulse	255	1381362	59793	0
sub-11_2	9	Picture	test	1385755	64186	1	25174	1	64000	25000	hit	86
sub-11_2	9	Response	2	1393022	71454	1
sub-11_2	9	Pulse	255	1401361	79793	0
sub-11_2	10	Picture	grid	1411096	0	1	4168	1	0	4000	other	0
sub-11_2	10	Picture	41	1415264	4168	1	15171	1	4000	15000	other	0
sub-11_2	10	Pulse	255	1421362	10266	0
sub-11_2	10	Picture	maintenance	1430435	19339	1	30176	1	19000	30000	other	0
sub-11_2	10	Pulse	255	1441362	30266	0
sub-11_2	10	Nothing	90	1460096	49000	1			49000		other	0
sub-11_2	10	Pulse	255	1461362	50267	0
sub-11_2	10	Picture	test	1475282	64186	1	35177	1	64000	35000	hit	96
sub-11_2	10	Response	2	1481132	70036	1
sub-11_2	10	Pulse	255	1481361	70265	0
sub-11_2	10	Pulse	255	1501362	90266	0
sub-11_2	11	Picture	grid	1510626	0	1	4168	1	0	4000	other	0
sub-11_2	11	Picture	61	1514794	4168	1	15171	1	4000	15000	other	0
sub-11_2	11	Pulse	255	1521363	10737	0
sub-11_2	11	Picture	maintenance	1529966	19339	1	30176	1	19000	30000	other	0
sub-11_2	11	Pulse	255	1541362	30736	0
sub-11_2	11	Nothing	90	1559626	49000	1			49000		other	0
sub-11_2	11	Pulse	255	1561353	50726	0
sub-11_2	11	Picture	test	1574813	64186	1	45181	1	64000	45000	hit	108
sub-11_2	11	Pulse	255	1581353	70726	0
sub-11_2	11	Response	2	1582862	72236	1
sub-11_2	11	Pulse	255	1601352	90726	0
sub-11_2	12	Picture	grid	1620160	0	1	4168	1	0	4000	other	0
sub-11_2	12	Pulse	255	1621353	1192	0
sub-11_2	12	Picture	20	1624328	4168	1	15171	1	4000	15000	other	0
sub-11_2	12	Picture	maintenance	1639499	19339	1	30176	1	19000	30000	other	0
sub-11_2	12	Pulse	255	1641352	21192	0
sub-11_2	12	Pulse	255	1661352	41192	0
sub-11_2	12	Nothing	25	1669160	49000	1			49000		other	0
sub-11_2	12	Pulse	255	1681353	61193	0
sub-11_2	12	Picture	test	1684346	64186	1	15171	1	64000	15000	hit	119
sub-11_2	12	Response	2	1692023	71863	1
sub-11_2	13	Picture	grid	1699684	0	1	4168	1	0	4000	other	0
sub-11_2	13	Pulse	255	1701353	1668	0
sub-11_2	13	Picture	40	1703852	4168	1	15171	1	4000	15000	other	0
sub-11_2	13	Picture	maintenance	1719024	19339	1	30176	1	19000	30000	other	0
sub-11_2	13	Pulse	255	1721353	21668	0
sub-11_2	13	Pulse	255	1741353	41668	0
sub-11_2	13	Nothing	45	1748684	49000	1			49000		other	0
sub-11_2	13	Pulse	255	1761353	61668	0
sub-11_2	13	Picture	test	1763871	64186	1	30176	1	64000	30000	hit	129
sub-11_2	13	Response	1	1774553	74869	1
sub-11_2	13	Pulse	255	1781353	81669	0
sub-11_2	14	Picture	grid	1794213	0	1	4168	1	0	4000	other	0
sub-11_2	14	Picture	41	1798381	4168	1	15171	1	4000	15000	other	0
sub-11_2	14	Pulse	255	1801353	7140	0
sub-11_2	14	Picture	maintenance	1813553	19339	1	30176	1	19000	30000	other	0
sub-11_2	14	Pulse	255	1821352	27139	0
sub-11_2	14	Pulse	255	1841353	47140	0
sub-11_2	14	Nothing	90	1843213	49000	1			49000		other	0
sub-11_2	14	Picture	test	1858400	64186	1	20173	1	64000	20000	hit	140
sub-11_2	14	Pulse	255	1861354	67140	0
sub-11_2	14	Response	1	1869643	75430	1
sub-11_2	15	Picture	grid	1878739	0	1	4168	1	0	4000	other	0
sub-11_2	15	Pulse	255	1881354	2615	0
sub-11_2	15	Picture	60	1882907	4168	1	15171	1	4000	15000	other	0
sub-11_2	15	Picture	maintenance	1898079	19339	1	30176	1	19000	30000	other	0
sub-11_2	15	Pulse	255	1901354	22615	0
sub-11_2	15	Pulse	255	1921353	42614	0
sub-11_2	15	Nothing	65	1927739	49000	1			49000		other	0
sub-11_2	15	Pulse	255	1941354	62615	0
sub-11_2	15	Picture	test	1942926	64186	1	15171	1	64000	15000	hit	150
sub-11_2	15	Response	2	1955784	77044	1
sub-11_2	16	Picture	grid	1958264	0	1	4168	1	0	4000	other	0
sub-11_2	16	Pulse	255	1961354	3091	0
sub-11_2	16	Picture	20	1962432	4168	1	15171	1	4000	15000	other	0
sub-11_2	16	Picture	maintenance	1977603	19339	1	30176	1	19000	30000	other	0
sub-11_2	16	Pulse	255	1981355	23091	0
sub-11_2	16	Pulse	255	2001354	43090	0
sub-11_2	16	Nothing	25	2007264	49000	1			49000		other	0
sub-11_2	16	Pulse	255	2021354	63091	0
sub-11_2	16	Picture	test	2022450	64186	1	40179	1	64000	40000	hit	160
sub-11_2	16	Response	2	2035155	76891	1
sub-11_2	16	Pulse	255	2041355	83091	0
sub-11_2	16	Pulse	255	2061354	103091	0
sub-11_2	17	Picture	grid	2062796	0	1	4168	1	0	4000	other	0
sub-11_2	17	Picture	21	2066964	4168	1	15171	1	4000	15000	other	0
sub-11_2	17	Pulse	255	2081354	18558	0
sub-11_2	17	Picture	maintenance	2082135	19339	1	30176	1	19000	30000	other	0
sub-11_2	17	Pulse	255	2101354	38559	0
sub-11_2	17	Nothing	90	2111796	49000	1			49000		other	0
sub-11_2	17	Pulse	255	2121354	58559	0
sub-11_2	17	Picture	test	2126982	64186	1	20173	1	64000	20000	hit	171
sub-11_2	17	Response	2	2134395	71599	1
sub-11_2	17	Pulse	255	2141355	78559	0
sub-11_2	18	Picture	grid	2147322	0	1	4168	1	0	4000	other	0
sub-11_2	18	Picture	20	2151490	4168	1	15171	1	4000	15000	other	0
sub-11_2	18	Pulse	255	2161355	14033	0
sub-11_2	18	Picture	maintenance	2166661	19339	1	30176	1	19000	30000	other	0
sub-11_2	18	Pulse	255	2181355	34034	0
sub-11_2	18	Nothing	25	2196322	49000	1			49000		other	0
sub-11_2	18	Pulse	255	2201355	54033	0
sub-11_2	18	Picture	test	2211508	64186	1	30176	1	64000	30000	hit	182
sub-11_2	18	Pulse	255	2221355	74034	0
sub-11_2	18	Response	1	2222885	75563	1
sub-11_2	18	Pulse	255	2241355	94034	0
sub-11_2	19	Picture	grid	2241851	0	1	4168	1	0	4000	other	0
sub-11_2	19	Picture	60	2246019	4168	1	15171	1	4000	15000	other	0
sub-11_2	19	Picture	maintenance	2261190	19339	1	30176	1	19000	30000	other	0
sub-11_2	19	Pulse	255	2261355	19505	0
sub-11_2	19	Pulse	255	2281355	39505	0
sub-11_2	19	Nothing	65	2290851	49000	1			49000		other	0
sub-11_2	19	Pulse	255	2301355	59504	0
sub-11_2	19	Picture	test	2306037	64186	1	10170	1	64000	10000	miss	0
sub-11_2	20	Picture	grid	2316373	0	1	4168	1	0	4000	other	0
sub-11_2	20	Response	1	2317266	893	1
sub-11_2	20	Picture	20	2320541	4168	1	15171	1	4000	15000	other	0
sub-11_2	20	Pulse	255	2321355	4982	0
sub-11_2	20	Picture	maintenance	2335713	19339	1	30176	1	19000	30000	other	0
sub-11_2	20	Pulse	255	2341355	24981	0
sub-11_2	20	Pulse	255	2361355	44982	0
sub-11_2	20	Nothing	25	2365373	49000	1			49000		other	0
sub-11_2	20	Picture	test	2380560	64186	1	35177	1	64000	35000	hit	202
sub-11_2	20	Pulse	255	2381356	64982	0
sub-11_2	20	Response	2	2394036	77663	1
sub-11_2	20	Pulse	255	2401355	84982	0
sub-11_2	21	Picture	grid	2415904	0	1	4168	1	0	4000	other	0
sub-11_2	21	Picture	20	2420072	4168	1	15171	1	4000	15000	other	0
sub-11_2	21	Pulse	255	2421356	5452	0
sub-11_2	21	Picture	maintenance	2435243	19339	1	30176	1	19000	30000	other	0
sub-11_2	21	Pulse	255	2441356	25452	0
sub-11_2	21	Pulse	255	2461356	45452	0
sub-11_2	21	Nothing	25	2464904	49000	1			49000		other	0
sub-11_2	21	Picture	test	2480090	64186	1	25174	1	64000	25000	hit	213
sub-11_2	21	Pulse	255	2481356	65452	0
sub-11_2	21	Response	1	2490346	74442	1
sub-11_2	21	Pulse	255	2501356	85453	0
sub-11_2	22	Picture	grid	2505431	0	1	4168	1	0	4000	other	0
sub-11_2	22	Picture	41	2509599	4168	1	15171	1	4000	15000	other	0
sub-11_2	22	Pulse	255	2521356	15925	0
sub-11_2	22	Picture	maintenance	2524771	19339	1	30176	1	19000	30000	other	0
sub-11_2	22	Pulse	255	2541356	35925	0
sub-11_2	22	Nothing	90	2554431	49000	1			49000		other	0
sub-11_2	22	Pulse	255	2561357	55925	0
sub-11_2	22	Picture	test	2569618	64186	1	55184	1	64000	55000	hit	223
sub-11_2	22	Response	2	2574027	68596	1
sub-11_2	22	Pulse	255	2581356	75925	0
sub-11_2	22	Pulse	255	2601356	95925	0
sub-11_2	22	Pulse	255	2621357	115925	0
sub-11_2	23	Picture	grid	2624968	0	1	4168	1	0	4000	other	0
sub-11_2	23	Picture	40	2629136	4168	1	15171	1	4000	15000	other	0
sub-11_2	23	Pulse	255	2641357	16389	0
sub-11_2	23	Picture	maintenance	2644307	19339	1	30176	1	19000	30000	other	0
sub-11_2	23	Pulse	255	2661357	36389	0
sub-11_2	23	Nothing	45	2673968	49000	1			49000		other	0
sub-11_2	23	Pulse	255	2681357	56389	0
sub-11_2	23	Picture	test	2689154	64186	1	15171	1	64000	15000	hit	235
sub-11_2	23	Response	2	2697007	72039	1
sub-11_2	23	Pulse	255	2701357	76389	0
sub-11_2	24	Picture	grid	2704492	0	1	4168	1	0	4000	other	0
sub-11_2	24	Picture	61	2708660	4168	1	15171	1	4000	15000	other	0
sub-11_2	24	Pulse	255	2721357	16865	0
sub-11_2	24	Picture	maintenance	2723832	19339	1	30176	1	19000	30000	other	0
sub-11_2	24	Pulse	255	2741358	36865	0
sub-11_2	24	Nothing	90	2753492	49000	1			49000		other	0
sub-11_2	24	Pulse	255	2761357	56865	0
sub-11_2	24	Picture	test	2768512	64020	1	50182	1	64000	50000	hit	245
sub-11_2	24	Response	2	2775998	71505	1
sub-11_2	24	Pulse	255	2781357	76865	0
sub-11_2	24	Pulse	255	2801358	96865	0
sub-11_2	25	Picture	grid	2818861	0	1	4168	1	0	4000	other	0
sub-11_2	25	Pulse	255	2821357	2497	0
sub-11_2	25	Picture	60	2823029	4168	1	15171	1	4000	15000	other	0
sub-11_2	25	Picture	maintenance	2838200	19339	1	30176	1	19000	30000	other	0
sub-11_2	25	Pulse	255	2841358	22497	0
sub-11_2	25	Pulse	255	2861358	42497	0
sub-11_2	25	Nothing	65	2867861	49000	1			49000		other	0
sub-11_2	25	Pulse	255	2881357	62496	0
sub-11_2	25	Picture	test	2883047	64186	1	60185	1	64000	60000	hit	258
sub-11_2	25	Pulse	255	2901357	82497	0
sub-11_2	25	Response	2	2905417	86557	1
sub-11_2	25	Pulse	255	2921358	102497	0
sub-11_2	25	Pulse	255	2941358	122497	0
sub-11_2	26	Picture	grid	2943399	0	1	4168	1	0	4000	other	0
sub-11_2	26	Picture	41	2947567	4168	1	15171	1	4000	15000	other	0
sub-11_2	26	Pulse	255	2961358	17959	0
sub-11_2	26	Picture	maintenance	2962738	19339	1	30176	1	19000	30000	other	0
sub-11_2	26	Pulse	255	2981359	37960	0
sub-11_2	26	Nothing	90	2992399	49000	1			49000		other	0
sub-11_2	26	Pulse	255	3001358	57959	0
sub-11_2	26	Picture	test	3007585	64186	1	20173	1	64000	20000	hit	269
sub-11_2	26	Response	2	3015228	71829	1
sub-11_2	26	Pulse	255	3021359	77960	0
sub-11_2	27	Picture	grid	3027925	0	1	4168	1	0	4000	other	0
sub-11_2	27	Picture	21	3032093	4168	1	15171	1	4000	15000	other	0
sub-11_2	27	Pulse	255	3041357	13433	0
sub-11_2	27	Picture	maintenance	3047264	19339	1	30176	1	19000	30000	other	0
sub-11_2	27	Pulse	255	3061359	33434	0
sub-11_2	27	Nothing	90	3076925	49000	1			49000		other	0
sub-11_2	27	Pulse	255	3081359	53434	0
sub-11_2	27	Picture	test	3092111	64186	1	15171	1	64000	15000	hit	279
sub-11_2	27	Response	1	3099548	71624	1
sub-11_2	27	Pulse	255	3101358	73433	0
sub-11_2	28	Picture	grid	3107449	0	1	4168	1	0	4000	other	0
sub-11_2	28	Picture	60	3111617	4168	1	15171	1	4000	15000	other	0
sub-11_2	28	Pulse	255	3121359	13910	0
sub-11_2	28	Picture	maintenance	3126788	19339	1	30176	1	19000	30000	other	0
sub-11_2	28	Pulse	255	3141358	33909	0
sub-11_2	28	Nothing	65	3156449	49000	1			49000		other	0
sub-11_2	28	Pulse	255	3161359	53910	0
sub-11_2	28	Picture	test	3171636	64186	1	40179	1	64000	40000	hit	290
sub-11_2	28	Pulse	255	3181359	73910	0
sub-11_2	28	Response	1	3183239	75789	1
sub-11_2	28	Pulse	255	3201359	93910	0
sub-11_2	29	Picture	grid	3211981	0	1	4168	1	0	4000	other	0
sub-11_2	29	Picture	61	3216149	4168	1	15171	1	4000	15000	other	0
sub-11_2	29	Pulse	255	3221359	9378	0
sub-11_2	29	Picture	maintenance	3231320	19339	1	30176	1	19000	30000	other	0
sub-11_2	29	Pulse	255	3241359	29378	0
sub-11_2	29	Nothing	90	3260981	49000	1			49000		other	0
sub-11_2	29	Pulse	255	3261360	49379	0
sub-11_2	29	Picture	test	3276168	64186	1	60185	1	64000	60000	hit	301
sub-11_2	29	Pulse	255	3281359	69378	0
sub-11_2	29	Response	1	3287059	75078	1
sub-11_2	29	Pulse	255	3301359	89378	0
sub-11_2	29	Pulse	255	3321359	109378	0
sub-11_2	30	Picture	grid	3336519	0	1	4168	1	0	4000	other	0
sub-11_2	30	Picture	40	3340687	4168	1	15171	1	4000	15000	other	0
sub-11_2	30	Pulse	255	3341360	4841	0
sub-11_2	30	Picture	maintenance	3355859	19339	1	30176	1	19000	30000	other	0
sub-11_2	30	Pulse	255	3361360	24841	0
sub-11_2	30	Pulse	255	3381359	44840	0
sub-11_2	30	Nothing	45	3385519	49000	1			49000		other	0
sub-11_2	30	Picture	test	3400706	64186	1	30176	1	64000	30000	miss	0
sub-11_2	30	Pulse	255	3401360	64840	0
sub-11_2	30	Response	1	3410361	73841	1
sub-11_2	30	Pulse	255	3421360	84840	0
sub-11_2	31	Picture	grid	3431048	0	1	4168	1	0	4000	other	0
sub-11_2	31	Picture	60	3435216	4168	1	15171	1	4000	15000	other	0
sub-11_2	31	Pulse	255	3441360	10311	0
sub-11_2	31	Picture	maintenance	3450388	19339	1	30176	1	19000	30000	other	0
sub-11_2	31	Pulse	255	3461359	30311	0
sub-11_2	31	Nothing	65	3480048	49000	1			49000		other	0
sub-11_2	31	Pulse	255	3481361	50312	0
sub-11_2	31	Picture	test	3495235	64186	1	40179	1	64000	40000	miss	0
sub-11_2	31	Pulse	255	3501361	70312	0
sub-11_2	31	Response	2	3507151	76103	1
sub-11_2	31	Pulse	255	3521361	90312	0
sub-11_2	32	Picture	grid	3535580	0	1	4168	1	0	4000	other	0
sub-11_2	32	Picture	21	3539748	4168	1	15171	1	4000	15000	other	0
sub-11_2	32	Pulse	255	3541360	5780	0
sub-11_2	32	Picture	maintenance	3554920	19339	1	30176	1	19000	30000	other	0
sub-11_2	32	Pulse	255	3561360	25780	0
sub-11_2	32	Pulse	255	3581360	45780	0
sub-11_2	32	Nothing	90	3584580	49000	1			49000		other	0
sub-11_2	32	Picture	test	3599767	64186	1	35177	1	64000	35000	hit	336
sub-11_2	32	Pulse	255	3601361	65780	0
sub-11_2	32	Response	1	3607091	71511	1
sub-11_2	32	Response	2	3612711	77130	1
sub-11_2	32	Pulse	255	3621360	85780	0
sub-11_2	33	Picture	grid	3635111	0	1	4168	1	0	4000	other	0
sub-11_2	33	Picture	21	3639279	4168	1	15171	1	4000	15000	other	0
sub-11_2	33	Pulse	255	3641360	6249	0
sub-11_2	33	Picture	maintenance	3654450	19339	1	30176	1	19000	30000	other	0
sub-11_2	33	Pulse	255	3661360	26249	0
sub-11_2	33	Pulse	255	3681361	46250	0
sub-11_2	33	Nothing	90	3684111	49000	1			49000		other	0
sub-11_2	33	Picture	test	3699297	64186	1	15171	1	64000	15000	hit	347
sub-11_2	33	Pulse	255	3701361	66250	0
sub-11_2	33	Response	1	3706091	70980	1
sub-11_2	34	Picture	grid	3714635	0	1	4168	1	0	4000	other	0
sub-11_2	34	Picture	41	3718803	4168	1	15171	1	4000	15000	other	0
sub-11_2	34	Pulse	255	3721361	6726	0
sub-11_2	34	Picture	maintenance	3733974	19339	1	30176	1	19000	30000	other	0
sub-11_2	34	Pulse	255	3741361	26726	0
sub-11_2	34	Pulse	255	3761362	46726	0
sub-11_2	34	Nothing	90	3763635	49000	1			49000		other	0
sub-11_2	34	Picture	test	3778822	64186	1	20173	1	64000	20000	hit	357
sub-11_2	34	Pulse	255	3781361	66726	0
sub-11_2	34	Response	1	3786212	71577	1
sub-11_2	35	Picture	grid	3799161	0	1	4168	1	0	4000	other	0
sub-11_2	35	Pulse	255	3801361	2200	0
sub-11_2	35	Picture	21	3803329	4168	1	15171	1	4000	15000	other	0
sub-11_2	35	Picture	maintenance	3818500	19339	1	30176	1	19000	30000	other	0
sub-11_2	35	Pulse	255	3821362	22200	0
sub-11_2	35	Pulse	255	3841361	42200	0
sub-11_2	35	Nothing	90	3848161	49000	1			49000		other	0
sub-11_2	35	Pulse	255	3861362	62201	0
sub-11_2	35	Picture	test	3863347	64186	1	55184	1	64000	55000	hit	367
sub-11_2	35	Response	1	3869361	70200	1
sub-11_2	35	Pulse	255	3881362	82200	0
sub-11_2	35	Pulse	255	3901352	102191	0
sub-11_2	36	Picture	grid	3918698	0	1	4168	1	0	4000	other	0
sub-11_2	36	Pulse	255	3921352	2654	0
sub-11_2	36	Picture	20	3922866	4168	1	15171	1	4000	15000	other	0
sub-11_2	36	Picture	maintenance	3938037	19339	1	30176	1	19000	30000	other	0
sub-11_2	36	Pulse	255	3941352	22654	0
sub-11_2	36	Pulse	255	3961351	42653	0
sub-11_2	36	Nothing	25	3967698	49000	1			49000		other	0
sub-11_2	36	Pulse	255	3981352	62654	0
sub-11_2	36	Picture	test	3982884	64186	1	60185	1	64000	60000	hit	379
sub-11_2	36	Response	1	3991922	73224	1
sub-11_2	36	Pulse	255	4001353	82655	0
sub-11_2	36	Pulse	255	4021352	102654	0
sub-11_2	36	Pulse	255	4041352	122654	0
sub-11_2	37	Picture	grid	4043236	0	1	4168	1	0	4000	other	0
sub-11_2	37	Picture	61	4047404	4168	1	15171	1	4000	15000	other	0
sub-11_2	37	Pulse	255	4061352	18116	0
sub-11_2	37	Picture	maintenance	4062575	19339	1	30176	1	19000	30000	other	0
sub-11_2	37	Pulse	255	4081353	38117	0
sub-11_2	37	Nothing	90	4092236	49000	1			49000		other	0
sub-11_2	37	Pulse	255	4101352	58116	0
sub-11_2	37	Picture	test	4107422	64186	1	30176	1	64000	30000	hit	391
sub-11_2	37	Response	1	4118982	75746	1
sub-11_2	37	Pulse	255	4121352	78116	0
