Scenario - loca_mvis
Logfile written - 04/16/2019 14:17:50

Subject	Trial	Event Type	Code	Time	TTime	Uncertainty	Duration	Uncertainty	ReqTime	ReqDur	Stim Type	Pair Index

sub-15_2	0	Pulse	255	550363	550363	0
sub-15_2	1	Picture	p_startup	550592	0	1	88226	1	0	88000	other	0
sub-15_2	1	Pulse	255	570363	19772	0
sub-15_2	1	Pulse	255	590364	39772	0
sub-15_2	1	Pulse	255	610364	59772	0
sub-15_2	1	Pulse	255	630363	79772	0
sub-15_2	2	Picture	grid	638984	0	1	4226	1	0	4000	other	0
sub-15_2	2	Picture	60	643211	4226	1	15226	1	4000	15000	other	0
sub-15_2	2	Pulse	255	650363	11379	0
sub-15_2	2	Picture	maintenance	658437	19452	1	30226	1	19000	30000	other	0
sub-15_2	2	Pulse	255	670364	31380	0
sub-15_2	2	Nothing	65	687984	49000	1			49000		other	0
sub-15_2	2	Pulse	255	690364	51379	0
sub-15_2	2	Picture	test	703210	64226	1	10226	1	64000	10000	miss	0
sub-15_2	2	Pulse	255	710364	71380	0
sub-15_2	3	Picture	grid	713603	0	1	4226	1	0	4000	other	0
sub-15_2	3	Picture	21	717829	4226	1	15226	1	4000	15000	other	0
sub-15_2	3	Pulse	255	730364	16761	0
sub-15_2	3	Picture	maintenance	733055	19452	1	30226	1	19000	30000	other	0
sub-15_2	3	Pulse	255	750364	36761	0
sub-15_2	3	Nothing	90	762603	49000	1			49000		other	0
sub-15_2	3	Pulse	255	770364	56761	0
sub-15_2	3	Picture	test	777829	64226	1	20226	1	64000	20000	miss	0
sub-15_2	3	Pulse	255	790365	76762	0
sub-15_2	4	Picture	grid	798222	0	1	4226	1	0	4000	other	0
sub-15_2	4	Picture	20	802448	4226	1	15226	1	4000	15000	other	0
sub-15_2	4	Pulse	255	810364	12143	0
sub-15_2	4	Picture	maintenance	817674	19452	1	30226	1	19000	30000	other	0
sub-15_2	4	Pulse	255	830364	32143	0
sub-15_2	4	Nothing	25	847222	49000	1			49000		other	0
sub-15_2	4	Pulse	255	850365	52143	0
sub-15_2	4	Picture	test	862448	64226	1	30226	1	64000	30000	miss	0
sub-15_2	4	Pulse	255	870364	72143	0
sub-15_2	4	Pulse	255	890365	92143	0
sub-15_2	5	Picture	grid	892840	0	1	4226	1	0	4000	other	0
sub-15_2	5	Picture	40	897066	4226	1	15227	1	4000	15000	other	0
sub-15_2	5	Pulse	255	910365	17525	0
sub-15_2	5	Picture	maintenance	912293	19452	1	30226	1	19000	30000	other	0
sub-15_2	5	Pulse	255	930365	37524	0
sub-15_2	5	Nothing	45	941840	49000	1			49000		other	0
sub-15_2	5	Pulse	255	950365	57524	0
sub-15_2	5	Picture	test	957066	64226	1	20226	1	64000	20000	miss	0
sub-15_2	5	Pulse	255	970365	77524	0
sub-15_2	6	Picture	grid	977459	0	1	4226	1	0	4000	other	0
sub-15_2	6	Picture	61	981685	4226	1	15226	1	4000	15000	other	0
sub-15_2	6	Pulse	255	990365	12907	0
sub-15_2	6	Picture	maintenance	996911	19452	1	30226	1	19000	30000	other	0
sub-15_2	6	Pulse	255	1010365	32906	0
sub-15_2	6	Nothing	90	1026459	49000	1			49000		other	0
sub-15_2	6	Pulse	255	1030365	52906	0
sub-15_2	6	Picture	test	1041685	64226	1	15226	1	64000	15000	miss	0
sub-15_2	6	Pulse	255	1050365	72907	0
sub-15_2	7	Picture	grid	1057077	0	1	4226	1	0	4000	other	0
sub-15_2	7	Picture	40	1061303	4226	1	15226	1	4000	15000	other	0
sub-15_2	7	Pulse	255	1070365	13288	0
sub-15_2	7	Picture	maintenance	1076529	19452	1	30226	1	19000	30000	other	0
sub-15_2	7	Pulse	255	1090366	33288	0
sub-15_2	7	Nothing	45	1106077	49000	1			49000		other	0
sub-15_2	7	Pulse	255	1110366	53288	0
sub-15_2	7	Picture	test	1121303	64226	1	10226	1	64000	10000	miss	0
sub-15_2	7	Pulse	255	1130366	73288	0
sub-15_2	8	Picture	grid	1131696	0	1	4226	1	0	4000	other	0
sub-15_2	8	Picture	41	1135922	4226	1	15226	1	4000	15000	other	0
sub-15_2	8	Pulse	255	1150366	18670	0
sub-15_2	8	Picture	maintenance	1151148	19452	1	30226	1	19000	30000	other	0
sub-15_2	8	Pulse	255	1170366	38670	0
sub-15_2	8	Nothing	90	1180696	49000	1			49000		other	0
sub-15_2	8	Pulse	255	1190366	58670	0
sub-15_2	8	Picture	test	1195922	64226	1	15226	1	64000	15000	miss	0
sub-15_2	8	Pulse	255	1210366	78670	0
sub-15_2	9	Picture	grid	1211315	0	1	4226	1	0	4000	other	0
sub-15_2	9	Picture	61	1215541	4226	1	15226	1	4000	15000	other	0
sub-15_2	9	Pulse	255	1230366	19051	0
sub-15_2	9	Picture	maintenance	1230767	19452	1	30226	1	19000	30000	other	0
sub-15_2	9	Pulse	255	1250366	39051	0
sub-15_2	9	Nothing	90	1260315	49000	1			49000		other	0
sub-15_2	9	Pulse	255	1270366	59052	0
sub-15_2	9	Picture	test	1275541	64226	1	25226	1	64000	25000	miss	0
sub-15_2	9	Pulse	255	1290366	79051	0
sub-15_2	10	Picture	grid	1300933	0	1	4226	1	0	4000	other	0
sub-15_2	10	Picture	41	1305159	4226	1	15226	1	4000	15000	other	0
sub-15_2	10	Pulse	255	1310366	9433	0
sub-15_2	10	Picture	maintenance	1320385	19452	1	30226	1	19000	30000	other	0
sub-15_2	10	Pulse	255	1330366	29433	0
sub-15_2	10	Nothing	90	1349933	49000	1			49000		other	0
sub-15_2	10	Pulse	255	1350367	49433	0
sub-15_2	10	Picture	test	1365159	64226	1	35226	1	64000	35000	miss	0
sub-15_2	10	Pulse	255	1370366	69433	0
sub-15_2	10	Pulse	255	1390367	89434	0
sub-15_2	11	Picture	grid	1400552	0	1	4226	1	0	4000	other	0
sub-15_2	11	Picture	61	1404778	4226	1	15226	1	4000	15000	other	0
sub-15_2	11	Pulse	255	1410367	9815	0
sub-15_2	11	Picture	maintenance	1420004	19452	1	30226	1	19000	30000	other	0
sub-15_2	11	Pulse	255	1430367	29815	0
sub-15_2	11	Nothing	90	1449552	49000	1			49000		other	0
sub-15_2	11	Pulse	255	1450367	49815	0
sub-15_2	11	Picture	test	1464778	64226	1	45226	1	64000	45000	miss	0
sub-15_2	11	Pulse	255	1470367	69815	0
sub-15_2	11	Pulse	255	1490367	89815	0
sub-15_2	12	Picture	grid	1510171	0	1	4226	1	0	4000	other	0
sub-15_2	12	Pulse	255	1510358	187	0
sub-15_2	12	Picture	20	1514397	4226	1	15226	1	4000	15000	other	0
sub-15_2	12	Picture	maintenance	1529622	19452	1	30226	1	19000	30000	other	0
sub-15_2	12	Pulse	255	1530357	20186	0
sub-15_2	12	Pulse	255	1550357	40187	0
sub-15_2	12	Nothing	25	1559171	49000	1			49000		other	0
sub-15_2	12	Pulse	255	1570358	60187	0
sub-15_2	12	Picture	test	1574397	64226	1	15226	1	64000	15000	miss	0
sub-15_2	13	Picture	grid	1589789	0	1	4226	1	0	4000	other	0
sub-15_2	13	Pulse	255	1590358	569	0
sub-15_2	13	Picture	40	1594015	4226	1	15226	1	4000	15000	other	0
sub-15_2	13	Picture	maintenance	1609241	19452	1	30226	1	19000	30000	other	0
sub-15_2	13	Pulse	255	1610358	20569	0
sub-15_2	13	Pulse	255	1630357	40568	0
sub-15_2	13	Nothing	45	1638789	49000	1			49000		other	0
sub-15_2	13	Pulse	255	1650358	60569	0
sub-15_2	13	Picture	test	1654015	64226	1	30226	1	64000	30000	miss	0
sub-15_2	13	Pulse	255	1670358	80569	0
sub-15_2	14	Picture	grid	1684408	0	1	4226	1	0	4000	other	0
sub-15_2	14	Picture	41	1688634	4226	1	15226	1	4000	15000	other	0
sub-15_2	14	Pulse	255	1690358	5950	0
sub-15_2	14	Picture	maintenance	1703860	19452	1	30226	1	19000	30000	other	0
sub-15_2	14	Pulse	255	1710358	25950	0
sub-15_2	14	Pulse	255	1730358	45950	0
sub-15_2	14	Nothing	90	1733408	49000	1			49000		other	0
sub-15_2	14	Picture	test	1748634	64226	1	20226	1	64000	20000	miss	0
sub-15_2	14	Pulse	255	1750358	65950	0
sub-15_2	15	Picture	grid	1769026	0	1	4226	1	0	4000	other	0
sub-15_2	15	Pulse	255	1770358	1332	0
sub-15_2	15	Picture	60	1773252	4226	1	15226	1	4000	15000	other	0
sub-15_2	15	Picture	maintenance	1788478	19452	1	30226	1	19000	30000	other	0
sub-15_2	15	Pulse	255	1790358	21332	0
sub-15_2	15	Pulse	255	1810359	41332	0
sub-15_2	15	Nothing	65	1818026	49000	1			49000		other	0
sub-15_2	15	Pulse	255	1830358	61332	0
sub-15_2	15	Picture	test	1833252	64226	1	15226	1	64000	15000	miss	0
sub-15_2	16	Picture	grid	1848645	0	1	4226	1	0	4000	other	0
sub-15_2	16	Pulse	255	1850359	1714	0
sub-15_2	16	Picture	20	1852871	4226	1	15226	1	4000	15000	other	0
sub-15_2	16	Picture	maintenance	1868097	19452	1	30226	1	19000	30000	other	0
sub-15_2	16	Pulse	255	1870359	21714	0
sub-15_2	16	Pulse	255	1890359	41714	0
sub-15_2	16	Nothing	25	1897645	49000	1			49000		other	0
sub-15_2	16	Pulse	255	1910359	61714	0
sub-15_2	16	Picture	test	1912871	64226	1	40226	1	64000	40000	miss	0
sub-15_2	16	Pulse	255	1930359	81714	0
sub-15_2	16	Pulse	255	1950359	101714	0
sub-15_2	17	Picture	grid	1953264	0	1	4226	1	0	4000	other	0
sub-15_2	17	Picture	21	1957490	4226	1	15226	1	4000	15000	other	0
sub-15_2	17	Pulse	255	1970359	17095	0
sub-15_2	17	Picture	maintenance	1972716	19452	1	30226	1	19000	30000	other	0
sub-15_2	17	Pulse	255	1990359	37095	0
sub-15_2	17	Nothing	90	2002264	49000	1			49000		other	0
sub-15_2	17	Pulse	255	2010359	57096	0
sub-15_2	17	Picture	test	2017490	64226	1	20226	1	64000	20000	miss	0
sub-15_2	17	Pulse	255	2030359	77096	0
sub-15_2	18	Picture	grid	2037882	0	1	4226	1	0	4000	other	0
sub-15_2	18	Picture	20	2042108	4226	1	15226	1	4000	15000	other	0
sub-15_2	18	Pulse	255	2050359	12477	0
sub-15_2	18	Picture	maintenance	2057334	19452	1	30227	1	19000	30000	other	0
sub-15_2	18	Pulse	255	2070360	32477	0
sub-15_2	18	Nothing	25	2086882	49000	1			49000		other	0
sub-15_2	18	Pulse	255	2090359	52477	0
sub-15_2	18	Picture	test	2102108	64226	1	30226	1	64000	30000	miss	0
sub-15_2	18	Pulse	255	2110359	72477	0
sub-15_2	18	Pulse	255	2130359	92477	0
sub-15_2	19	Picture	grid	2132501	0	1	4226	1	0	4000	other	0
sub-15_2	19	Picture	60	2136727	4226	1	15226	1	4000	15000	other	0
sub-15_2	19	Pulse	255	2150360	17859	0
sub-15_2	19	Picture	maintenance	2151953	19452	1	30226	1	19000	30000	other	0
sub-15_2	19	Pulse	255	2170360	37859	0
sub-15_2	19	Nothing	65	2181501	49000	1			49000		other	0
sub-15_2	19	Pulse	255	2190360	57859	0
sub-15_2	19	Picture	test	2196727	64226	1	10226	1	64000	10000	miss	0
sub-15_2	20	Picture	grid	2207119	0	1	4226	1	0	4000	other	0
sub-15_2	20	Pulse	255	2210360	3241	0
sub-15_2	20	Picture	20	2211345	4226	1	15226	1	4000	15000	other	0
sub-15_2	20	Picture	maintenance	2226571	19452	1	30226	1	19000	30000	other	0
sub-15_2	20	Pulse	255	2230360	23241	0
sub-15_2	20	Pulse	255	2250360	43241	0
sub-15_2	20	Nothing	25	2256119	49000	1			49000		other	0
sub-15_2	20	Pulse	255	2270360	63241	0
sub-15_2	20	Picture	test	2271345	64226	1	35226	1	64000	35000	miss	0
sub-15_2	20	Pulse	255	2290360	83241	0
sub-15_2	21	Picture	grid	2306738	0	1	4229	1	0	4000	other	0
sub-15_2	21	Pulse	255	2310360	3623	0
sub-15_2	21	Picture	20	2310967	4229	1	15226	1	4000	15000	other	0
sub-15_2	21	Picture	maintenance	2326193	19455	1	30226	1	19000	30000	other	0
sub-15_2	21	Pulse	255	2330360	23622	0
sub-15_2	21	Pulse	255	2350361	43623	0
sub-15_2	21	Nothing	25	2355738	49000	1			49000		other	0
sub-15_2	21	Pulse	255	2370361	63623	0
sub-15_2	21	Picture	test	2370964	64226	1	25226	1	64000	25000	miss	0
sub-15_2	21	Pulse	255	2390361	83623	0
sub-15_2	22	Picture	grid	2396357	0	1	4217	1	0	4000	other	0
sub-15_2	22	Picture	41	2400574	4217	1	15226	1	4000	15000	other	0
sub-15_2	22	Pulse	255	2410361	14004	0
sub-15_2	22	Picture	maintenance	2415800	19443	1	30226	1	19000	30000	other	0
sub-15_2	22	Pulse	255	2430361	34004	0
sub-15_2	22	Nothing	90	2445357	49000	1			49000		other	0
sub-15_2	22	Pulse	255	2450361	54004	0
sub-15_2	22	Picture	test	2460583	64226	1	55226	1	64000	55000	miss	0
sub-15_2	22	Pulse	255	2470361	74004	0
sub-15_2	22	Pulse	255	2490361	94005	0
sub-15_2	22	Pulse	255	2510361	114004	0
sub-15_2	23	Picture	grid	2515975	0	1	4226	1	0	4000	other	0
sub-15_2	23	Picture	40	2520201	4226	1	15226	1	4000	15000	other	0
sub-15_2	23	Pulse	255	2530361	14386	0
sub-15_2	23	Picture	maintenance	2535427	19452	1	30226	1	19000	30000	other	0
sub-15_2	23	Pulse	255	2550361	34386	0
sub-15_2	23	Nothing	45	2564975	49000	1			49000		other	0
sub-15_2	23	Pulse	255	2570362	54386	0
sub-15_2	23	Picture	test	2580201	64226	1	15226	1	64000	15000	miss	0
sub-15_2	23	Pulse	255	2590362	74386	0
sub-15_2	24	Picture	grid	2595594	0	1	4226	1	0	4000	other	0
sub-15_2	24	Picture	61	2599820	4226	1	15226	1	4000	15000	other	0
sub-15_2	24	Pulse	255	2610362	14768	0
sub-15_2	24	Picture	maintenance	2615046	19452	1	30226	1	19000	30000	other	0
sub-15_2	24	Pulse	255	2630362	34768	0
sub-15_2	24	Nothing	90	2644594	49000	1			49000		other	0
sub-15_2	24	Pulse	255	2650362	54768	0
sub-15_2	24	Picture	test	2659820	64226	1	50228	1	64000	50000	miss	0
sub-15_2	24	Pulse	255	2670362	74768	0
sub-15_2	24	Pulse	255	2690362	94768	0
sub-15_2	25	Picture	grid	2710215	0	1	4226	1	0	4000	other	0
sub-15_2	25	Pulse	255	2710362	147	0
sub-15_2	25	Picture	60	2714441	4226	1	15226	1	4000	15000	other	0
sub-15_2	25	Picture	maintenance	2729667	19452	1	30226	1	19000	30000	other	0
sub-15_2	25	Pulse	255	2730362	20147	0
sub-15_2	25	Pulse	255	2750362	40147	0
sub-15_2	25	Nothing	65	2759215	49000	1			49000		other	0
sub-15_2	25	Pulse	255	2770362	60148	0
sub-15_2	25	Picture	test	2774441	64226	1	60226	1	64000	60000	miss	0
sub-15_2	25	Pulse	255	2790362	80147	0
sub-15_2	25	Pulse	255	2810363	100148	0
sub-15_2	25	Pulse	255	2830363	120148	0
sub-15_2	26	Picture	grid	2834834	0	1	4226	1	0	4000	other	0
sub-15_2	26	Picture	41	2839059	4226	1	15226	1	4000	15000	other	0
sub-15_2	26	Pulse	255	2850362	15529	0
sub-15_2	26	Picture	maintenance	2854285	19452	1	30226	1	19000	30000	other	0
sub-15_2	26	Pulse	255	2870363	35529	0
sub-15_2	26	Nothing	90	2883834	49000	1			49000		other	0
sub-15_2	26	Pulse	255	2890363	55529	0
sub-15_2	26	Picture	test	2899059	64226	1	20226	1	64000	20000	miss	0
sub-15_2	26	Pulse	255	2910363	75529	0
sub-15_2	27	Picture	grid	2919452	0	1	4226	1	0	4000	other	0
sub-15_2	27	Picture	21	2923678	4226	1	15226	1	4000	15000	other	0
sub-15_2	27	Pulse	255	2930363	10911	0
sub-15_2	27	Picture	maintenance	2938904	19452	1	30226	1	19000	30000	other	0
sub-15_2	27	Pulse	255	2950363	30911	0
sub-15_2	27	Nothing	90	2968452	49000	1			49000		other	0
sub-15_2	27	Pulse	255	2970363	50911	0
sub-15_2	27	Picture	test	2983678	64226	1	15226	1	64000	15000	miss	0
sub-15_2	27	Pulse	255	2990363	70911	0
sub-15_2	28	Picture	grid	2999071	0	1	4226	1	0	4000	other	0
sub-15_2	28	Picture	60	3003297	4226	1	15226	1	4000	15000	other	0
sub-15_2	28	Pulse	255	3010363	11293	0
sub-15_2	28	Picture	maintenance	3018523	19452	1	30226	1	19000	30000	other	0
sub-15_2	28	Pulse	255	3030353	31283	0
sub-15_2	28	Nothing	65	3048071	49000	1			49000		other	0
sub-15_2	28	Pulse	255	3050354	51283	0
sub-15_2	28	Picture	test	3063297	64226	1	40226	1	64000	40000	miss	0
sub-15_2	28	Pulse	255	3070353	71283	0
sub-15_2	28	Pulse	255	3090354	91283	0
sub-15_2	29	Picture	grid	3103689	0	1	4226	1	0	4000	other	0
sub-15_2	29	Picture	61	3107915	4226	1	15226	1	4000	15000	other	0
sub-15_2	29	Pulse	255	3110354	6664	0
sub-15_2	29	Picture	maintenance	3123141	19452	1	30226	1	19000	30000	other	0
sub-15_2	29	Pulse	255	3130353	26664	0
sub-15_2	29	Pulse	255	3150354	46665	0
sub-15_2	29	Nothing	90	3152689	49000	1			49000		other	0
sub-15_2	29	Picture	test	3167915	64226	1	60226	1	64000	60000	miss	0
sub-15_2	29	Pulse	255	3170354	66665	0
sub-15_2	29	Pulse	255	3190354	86664	0
sub-15_2	29	Pulse	255	3210354	106665	0
sub-15_2	30	Picture	grid	3228308	0	1	4226	1	0	4000	other	0
sub-15_2	30	Pulse	255	3230354	2046	0
sub-15_2	30	Picture	40	3232534	4226	1	15226	1	4000	15000	other	0
sub-15_2	30	Picture	maintenance	3247760	19452	1	30226	1	19000	30000	other	0
sub-15_2	30	Pulse	255	3250354	22046	0
sub-15_2	30	Pulse	255	3270354	42046	0
sub-15_2	30	Nothing	45	3277308	49000	1			49000		other	0
sub-15_2	30	Pulse	255	3290354	62046	0
sub-15_2	30	Picture	test	3292534	64226	1	30226	1	64000	30000	miss	0
sub-15_2	30	Pulse	255	3310355	82047	0
sub-15_2	31	Picture	grid	3322926	0	1	4226	1	0	4000	other	0
sub-15_2	31	Picture	60	3327152	4226	1	15226	1	4000	15000	other	0
sub-15_2	31	Pulse	255	3330355	7428	0
sub-15_2	31	Picture	maintenance	3342378	19452	1	30226	1	19000	30000	other	0
sub-15_2	31	Pulse	255	3350355	27428	0
sub-15_2	31	Pulse	255	3370354	47428	0
sub-15_2	31	Nothing	65	3371926	49000	1			49000		other	0
sub-15_2	31	Picture	test	3387152	64226	1	40226	1	64000	40000	miss	0
sub-15_2	31	Pulse	255	3390355	67428	0
sub-15_2	31	Pulse	255	3410355	87429	0
sub-15_2	32	Picture	grid	3427545	0	1	4226	1	0	4000	other	0
sub-15_2	32	Pulse	255	3430355	2810	0
sub-15_2	32	Picture	21	3431771	4226	1	15226	1	4000	15000	other	0
sub-15_2	32	Picture	maintenance	3446997	19452	1	30226	1	19000	30000	other	0
sub-15_2	32	Pulse	255	3450355	22810	0
sub-15_2	32	Pulse	255	3470355	42810	0
sub-15_2	32	Nothing	90	3476545	49000	1			49000		other	0
sub-15_2	32	Pulse	255	3490355	62810	0
sub-15_2	32	Picture	test	3491771	64226	1	35226	1	64000	35000	miss	0
sub-15_2	32	Pulse	255	3510355	82810	0
sub-15_2	33	Picture	grid	3527164	0	1	4226	1	0	4000	other	0
sub-15_2	33	Pulse	255	3530355	3192	0
sub-15_2	33	Picture	21	3531390	4226	1	15226	1	4000	15000	other	0
sub-15_2	33	Picture	maintenance	3546616	19452	1	30226	1	19000	30000	other	0
sub-15_2	33	Pulse	255	3550355	23192	0
sub-15_2	33	Pulse	255	3570355	43192	0
sub-15_2	33	Nothing	90	3576164	49000	1			49000		other	0
sub-15_2	33	Pulse	255	3590355	63191	0
sub-15_2	33	Picture	test	3591389	64226	1	15226	1	64000	15000	miss	0
sub-15_2	34	Picture	grid	3606782	0	1	4226	1	0	4000	other	0
sub-15_2	34	Pulse	255	3610356	3574	0
sub-15_2	34	Picture	41	3611008	4226	1	15226	1	4000	15000	other	0
sub-15_2	34	Picture	maintenance	3626234	19452	1	30226	1	19000	30000	other	0
sub-15_2	34	Pulse	255	3630356	23574	0
sub-15_2	34	Pulse	255	3650356	43574	0
sub-15_2	34	Nothing	90	3655782	49000	1			49000		other	0
sub-15_2	34	Pulse	255	3670356	63574	0
sub-15_2	34	Picture	test	3671008	64226	1	20226	1	64000	20000	miss	0
sub-15_2	34	Pulse	255	3690356	83574	0
sub-15_2	35	Picture	grid	3691401	0	1	4226	1	0	4000	other	0
sub-15_2	35	Picture	21	3695626	4226	1	15226	1	4000	15000	other	0
sub-15_2	35	Pulse	255	3710356	18956	0
sub-15_2	35	Picture	maintenance	3710852	19452	1	30226	1	19000	30000	other	0
sub-15_2	35	Pulse	255	3730356	38955	0
sub-15_2	35	Nothing	90	3740401	49000	1			49000		other	0
sub-15_2	35	Pulse	255	3750356	58955	0
sub-15_2	35	Picture	test	3755627	64226	1	55226	1	64000	55000	miss	0
sub-15_2	35	Pulse	255	3770356	78955	0
sub-15_2	35	Pulse	255	3790356	98956	0
sub-15_2	35	Pulse	255	3810356	118955	0
sub-15_2	36	Picture	grid	3811019	0	1	4226	1	0	4000	other	0
sub-15_2	36	Picture	20	3815245	4226	1	15226	1	4000	15000	other	0
sub-15_2	36	Pulse	255	3830356	19337	0
sub-15_2	36	Picture	maintenance	3830471	19452	1	30226	1	19000	30000	other	0
sub-15_2	36	Pulse	255	3850356	39337	0
sub-15_2	36	Nothing	25	3860019	49000	1			49000		other	0
sub-15_2	36	Pulse	255	3870357	59337	0
sub-15_2	36	Picture	test	3875245	64226	1	60140	1	64000	60000	miss	0
sub-15_2	36	Pulse	255	3890357	79338	0
sub-15_2	36	Pulse	255	3910357	99338	0
sub-15_2	36	Pulse	255	3930357	119338	0
sub-15_2	37	Picture	grid	3935552	0	1	4226	1	0	4000	other	0
sub-15_2	37	Picture	61	3939778	4226	1	15226	1	4000	15000	other	0
sub-15_2	37	Pulse	255	3950357	14805	0
sub-15_2	37	Picture	maintenance	3955004	19452	1	30226	1	19000	30000	other	0
sub-15_2	37	Pulse	255	3970357	34806	0
sub-15_2	37	Nothing	90	3984552	49000	1			49000		other	0
sub-15_2	37	Pulse	255	3990357	54806	0
sub-15_2	37	Picture	test	3999778	64226	1	30226	1	64000	30000	miss	0
sub-15_2	37	Pulse	255	4010357	74805	0
sub-15_2	38	Picture	Bfix	4030171	0	1	74261	1	0	60000	other	0
sub-15_2	38	Pulse	255	4030357	187	0
sub-15_2	38	Pulse	255	4050358	20187	0
sub-15_2	38	Pulse	255	4070358	40187	0
