Scenario - loca_mvis
Logfile written - 10/24/2018 11:00:31

Subject	Trial	Event Type	Code	Time	TTime	Uncertainty	Duration	Uncertainty	ReqTime	ReqDur	Stim Type	Pair Index

sub-04_2	0	Pulse	255	583551	583551	0
sub-04_2	1	Picture	p_startup	583779	0	1	88226	1	0	88000	other	0
sub-04_2	1	Pulse	255	603551	19772	0
sub-04_2	1	Pulse	255	623551	39771	0
sub-04_2	1	Pulse	255	643551	59772	0
sub-04_2	1	Pulse	255	663551	79772	0
sub-04_2	2	Picture	grid	672172	0	1	4226	1	0	4000	other	0
sub-04_2	2	Picture	60	676398	4226	1	15226	1	4000	15000	other	0
sub-04_2	2	Pulse	255	683551	11379	0
sub-04_2	2	Picture	maintenance	691624	19452	1	30226	1	19000	30000	other	0
sub-04_2	2	Pulse	255	703551	31379	0
sub-04_2	2	Nothing	65	721172	49000	1			49000		other	0
sub-04_2	2	Pulse	255	723551	51379	0
sub-04_2	2	Picture	test	736398	64226	1	10226	1	64000	10000	miss	0
sub-04_2	2	Pulse	255	743551	71379	0
sub-04_2	3	Picture	grid	746791	0	1	4226	1	0	4000	other	0
sub-04_2	3	Picture	21	751017	4226	1	15226	1	4000	15000	other	0
sub-04_2	3	Pulse	255	763552	16760	0
sub-04_2	3	Picture	maintenance	766243	19452	1	30226	1	19000	30000	other	0
sub-04_2	3	Pulse	255	783552	36760	0
sub-04_2	3	Nothing	90	795791	49000	1			49000		other	0
sub-04_2	3	Pulse	255	803552	56760	0
sub-04_2	3	Picture	test	811017	64226	1	20226	1	64000	20000	miss	0
sub-04_2	3	Pulse	255	823551	76760	0
sub-04_2	4	Picture	grid	831410	0	1	4226	1	0	4000	other	0
sub-04_2	4	Picture	20	835635	4226	1	15226	1	4000	15000	other	0
sub-04_2	4	Pulse	255	843552	12142	0
sub-04_2	4	Picture	maintenance	850861	19452	1	30226	1	19000	30000	other	0
sub-04_2	4	Pulse	255	863552	32142	0
sub-04_2	4	Nothing	25	880410	49000	1			49000		other	0
sub-04_2	4	Pulse	255	883552	52142	0
sub-04_2	4	Picture	test	895635	64226	1	30226	1	64000	30000	miss	0
sub-04_2	4	Pulse	255	903552	72142	0
sub-04_2	4	Pulse	255	923552	92142	0
sub-04_2	5	Picture	grid	926028	0	1	4226	1	0	4000	other	0
sub-04_2	5	Picture	40	930254	4226	1	15226	1	4000	15000	other	0
sub-04_2	5	Pulse	255	943552	17524	0
sub-04_2	5	Picture	maintenance	945480	19452	1	30226	1	19000	30000	other	0
sub-04_2	5	Pulse	255	963552	37524	0
sub-04_2	5	Nothing	45	975028	49000	1			49000		other	0
sub-04_2	5	Pulse	255	983552	57524	0
sub-04_2	5	Picture	test	990254	64226	1	20226	1	64000	20000	miss	0
sub-04_2	5	Pulse	255	1003552	77524	0
sub-04_2	6	Picture	grid	1010647	0	1	4226	1	0	4000	other	0
sub-04_2	6	Picture	61	1014873	4226	1	15226	1	4000	15000	other	0
sub-04_2	6	Pulse	255	1023552	12906	0
sub-04_2	6	Picture	maintenance	1030099	19452	1	30226	1	19000	30000	other	0
sub-04_2	6	Pulse	255	1043542	32896	0
sub-04_2	6	Nothing	90	1059647	49000	1			49000		other	0
sub-04_2	6	Pulse	255	1063542	52896	0
sub-04_2	6	Picture	test	1074872	64226	1	15226	1	64000	15000	miss	0
sub-04_2	6	Pulse	255	1083542	72896	0
sub-04_2	7	Picture	grid	1090265	0	1	4226	1	0	4000	other	0
sub-04_2	7	Picture	40	1094491	4226	1	15226	1	4000	15000	other	0
sub-04_2	7	Pulse	255	1103542	13277	0
sub-04_2	7	Picture	maintenance	1109717	19452	1	30226	1	19000	30000	other	0
sub-04_2	7	Pulse	255	1123542	33277	0
sub-04_2	7	Nothing	45	1139265	49000	1			49000		other	0
sub-04_2	7	Pulse	255	1143542	53277	0
sub-04_2	7	Picture	test	1154491	64226	1	10226	1	64000	10000	miss	0
sub-04_2	7	Pulse	255	1163542	73277	0
sub-04_2	8	Picture	grid	1164884	0	1	4226	1	0	4000	other	0
sub-04_2	8	Picture	41	1169109	4226	1	15226	1	4000	15000	other	0
sub-04_2	8	Pulse	255	1183542	18659	0
sub-04_2	8	Picture	maintenance	1184335	19452	1	30227	1	19000	30000	other	0
sub-04_2	8	Pulse	255	1203542	38659	0
sub-04_2	8	Nothing	90	1213884	49000	1			49000		other	0
sub-04_2	8	Pulse	255	1223542	58659	0
sub-04_2	8	Picture	test	1229109	64226	1	15226	1	64000	15000	miss	0
sub-04_2	8	Pulse	255	1243543	78659	0
sub-04_2	9	Picture	grid	1244502	0	1	4226	1	0	4000	other	0
sub-04_2	9	Picture	61	1248728	4226	1	15226	1	4000	15000	other	0
sub-04_2	9	Pulse	255	1263543	19041	0
sub-04_2	9	Picture	maintenance	1263954	19452	1	30226	1	19000	30000	other	0
sub-04_2	9	Pulse	255	1283543	39041	0
sub-04_2	9	Nothing	90	1293502	49000	1			49000		other	0
sub-04_2	9	Pulse	255	1303543	59041	0
sub-04_2	9	Picture	test	1308728	64226	1	25226	1	64000	25000	miss	0
sub-04_2	9	Pulse	255	1323543	79041	0
sub-04_2	10	Picture	grid	1334121	0	1	4226	1	0	4000	other	0
sub-04_2	10	Picture	41	1338346	4226	1	15226	1	4000	15000	other	0
sub-04_2	10	Pulse	255	1343543	9422	0
sub-04_2	10	Picture	maintenance	1353572	19452	1	30226	1	19000	30000	other	0
sub-04_2	10	Pulse	255	1363543	29422	0
sub-04_2	10	Nothing	90	1383121	49000	1			49000		other	0
sub-04_2	10	Pulse	255	1383543	49422	0
sub-04_2	10	Picture	test	1398346	64226	1	35226	1	64000	35000	miss	0
sub-04_2	10	Pulse	255	1403543	69422	0
sub-04_2	10	Pulse	255	1423543	89422	0
sub-04_2	11	Picture	grid	1433739	0	1	4226	1	0	4000	other	0
sub-04_2	11	Picture	61	1437965	4226	1	15226	1	4000	15000	other	0
sub-04_2	11	Pulse	255	1443543	9804	0
sub-04_2	11	Picture	maintenance	1453191	19452	1	30226	1	19000	30000	other	0
sub-04_2	11	Pulse	255	1463543	29804	0
sub-04_2	11	Nothing	90	1482739	49000	1			49000		other	0
sub-04_2	11	Pulse	255	1483543	49804	0
sub-04_2	11	Picture	test	1497965	64226	1	45226	1	64000	45000	miss	0
sub-04_2	11	Pulse	255	1503543	69804	0
sub-04_2	11	Pulse	255	1523543	89804	0
sub-04_2	12	Picture	grid	1543357	0	1	4226	1	0	4000	other	0
sub-04_2	12	Pulse	255	1543543	185	0
sub-04_2	12	Picture	20	1547583	4226	1	15226	1	4000	15000	other	0
sub-04_2	12	Picture	maintenance	1562809	19452	1	30226	1	19000	30000	other	0
sub-04_2	12	Pulse	255	1563543	20186	0
sub-04_2	12	Pulse	255	1583543	40186	0
sub-04_2	12	Nothing	25	1592357	49000	1			49000		other	0
sub-04_2	12	Pulse	255	1603543	60186	0
sub-04_2	12	Picture	test	1607583	64226	1	15226	1	64000	15000	miss	0
sub-04_2	13	Picture	grid	1622976	0	1	4226	1	0	4000	other	0
sub-04_2	13	Pulse	255	1623543	567	0
sub-04_2	13	Picture	40	1627202	4226	1	15226	1	4000	15000	other	0
sub-04_2	13	Picture	maintenance	1642427	19452	1	30226	1	19000	30000	other	0
sub-04_2	13	Pulse	255	1643543	20568	0
sub-04_2	13	Pulse	255	1663543	40567	0
sub-04_2	13	Nothing	45	1671976	49000	1			49000		other	0
sub-04_2	13	Pulse	255	1683544	60568	0
sub-04_2	13	Picture	test	1687202	64226	1	30226	1	64000	30000	miss	0
sub-04_2	13	Pulse	255	1703544	80568	0
sub-04_2	14	Picture	grid	1717594	0	1	4226	1	0	4000	other	0
sub-04_2	14	Picture	41	1721820	4226	1	15226	1	4000	15000	other	0
sub-04_2	14	Pulse	255	1723544	5949	0
sub-04_2	14	Picture	maintenance	1737046	19452	1	30226	1	19000	30000	other	0
sub-04_2	14	Pulse	255	1743544	25949	0
sub-04_2	14	Pulse	255	1763544	45949	0
sub-04_2	14	Nothing	90	1766594	49000	1			49000		other	0
sub-04_2	14	Picture	test	1781820	64226	1	20226	1	64000	20000	miss	0
sub-04_2	14	Pulse	255	1783544	65949	0
sub-04_2	15	Picture	grid	1802213	0	1	4226	1	0	4000	other	0
sub-04_2	15	Pulse	255	1803543	1331	0
sub-04_2	15	Picture	60	1806439	4226	1	15226	1	4000	15000	other	0
sub-04_2	15	Picture	maintenance	1821665	19452	1	30226	1	19000	30000	other	0
sub-04_2	15	Pulse	255	1823544	21331	0
sub-04_2	15	Pulse	255	1843544	41331	0
sub-04_2	15	Nothing	65	1851213	49000	1			49000		other	0
sub-04_2	15	Pulse	255	1863544	61331	0
sub-04_2	15	Picture	test	1866439	64226	1	15226	1	64000	15000	miss	0
sub-04_2	16	Picture	grid	1881831	0	1	4226	1	0	4000	other	0
sub-04_2	16	Pulse	255	1883544	1713	0
sub-04_2	16	Picture	20	1886057	4226	1	15226	1	4000	15000	other	0
sub-04_2	16	Picture	maintenance	1901283	19452	1	30226	1	19000	30000	other	0
sub-04_2	16	Pulse	255	1903544	21713	0
sub-04_2	16	Pulse	255	1923544	41712	0
sub-04_2	16	Nothing	25	1930831	49000	1			49000		other	0
sub-04_2	16	Pulse	255	1943544	61713	0
sub-04_2	16	Picture	test	1946057	64226	1	40226	1	64000	40000	miss	0
sub-04_2	16	Pulse	255	1963544	81713	0
sub-04_2	16	Pulse	255	1983544	101712	0
sub-04_2	17	Picture	grid	1986450	0	1	4226	1	0	4000	other	0
sub-04_2	17	Picture	21	1990676	4226	1	15226	1	4000	15000	other	0
sub-04_2	17	Pulse	255	2003544	17094	0
sub-04_2	17	Picture	maintenance	2005902	19452	1	30226	1	19000	30000	other	0
sub-04_2	17	Pulse	255	2023544	37094	0
sub-04_2	17	Nothing	90	2035450	49000	1			49000		other	0
sub-04_2	17	Pulse	255	2043544	57095	0
sub-04_2	17	Picture	test	2050675	64226	1	20226	1	64000	20000	miss	0
sub-04_2	17	Pulse	255	2063544	77094	0
sub-04_2	18	Picture	grid	2071068	0	1	4226	1	0	4000	other	0
sub-04_2	18	Picture	20	2075294	4226	1	15226	1	4000	15000	other	0
sub-04_2	18	Pulse	255	2083544	12476	0
sub-04_2	18	Picture	maintenance	2090520	19452	1	30226	1	19000	30000	other	0
sub-04_2	18	Pulse	255	2103544	32476	0
sub-04_2	18	Nothing	25	2120068	49000	1			49000		other	0
sub-04_2	18	Pulse	255	2123544	52476	0
sub-04_2	18	Picture	test	2135294	64226	1	30226	1	64000	30000	miss	0
sub-04_2	18	Pulse	255	2143544	72476	0
sub-04_2	18	Pulse	255	2163544	92476	0
sub-04_2	19	Picture	grid	2165686	0	1	4226	1	0	4000	other	0
sub-04_2	19	Picture	60	2169912	4226	1	15226	1	4000	15000	other	0
sub-04_2	19	Pulse	255	2183544	17858	0
sub-04_2	19	Picture	maintenance	2185138	19452	1	30226	1	19000	30000	other	0
sub-04_2	19	Pulse	255	2203544	37858	0
sub-04_2	19	Nothing	65	2214686	49000	1			49000		other	0
sub-04_2	19	Pulse	255	2223545	57858	0
sub-04_2	19	Picture	test	2229912	64226	1	10226	1	64000	10000	miss	0
sub-04_2	20	Picture	grid	2240305	0	1	4226	1	0	4000	other	0
sub-04_2	20	Pulse	255	2243544	3239	0
sub-04_2	20	Picture	20	2244531	4226	1	15226	1	4000	15000	other	0
sub-04_2	20	Picture	maintenance	2259757	19452	1	30226	1	19000	30000	other	0
sub-04_2	20	Pulse	255	2263545	23240	0
sub-04_2	20	Pulse	255	2283545	43240	0
sub-04_2	20	Nothing	25	2289305	49000	1			49000		other	0
sub-04_2	20	Pulse	255	2303545	63240	0
sub-04_2	20	Picture	test	2304531	64226	1	35226	1	64000	35000	miss	0
sub-04_2	20	Pulse	255	2323545	83240	0
sub-04_2	21	Picture	grid	2339923	0	1	4226	1	0	4000	other	0
sub-04_2	21	Pulse	255	2343545	3621	0
sub-04_2	21	Picture	20	2344149	4226	1	15226	1	4000	15000	other	0
sub-04_2	21	Picture	maintenance	2359375	19452	1	30226	1	19000	30000	other	0
sub-04_2	21	Pulse	255	2363545	23621	0
sub-04_2	21	Pulse	255	2383545	43622	0
sub-04_2	21	Nothing	25	2388923	49000	1			49000		other	0
sub-04_2	21	Pulse	255	2403545	63622	0
sub-04_2	21	Picture	test	2404149	64226	1	25226	1	64000	25000	miss	0
sub-04_2	21	Pulse	255	2423545	83622	0
sub-04_2	22	Picture	grid	2429542	0	1	4226	1	0	4000	other	0
sub-04_2	22	Picture	41	2433768	4226	1	15226	1	4000	15000	other	0
sub-04_2	22	Pulse	255	2443545	14003	0
sub-04_2	22	Picture	maintenance	2448994	19452	1	30226	1	19000	30000	other	0
sub-04_2	22	Pulse	255	2463545	34003	0
sub-04_2	22	Nothing	90	2478542	49000	1			49000		other	0
sub-04_2	22	Pulse	255	2483545	54003	0
sub-04_2	22	Picture	test	2493768	64226	1	55226	1	64000	55000	miss	0
sub-04_2	22	Pulse	255	2503545	74003	0
sub-04_2	22	Pulse	255	2523545	94003	0
sub-04_2	22	Pulse	255	2543545	114003	0
sub-04_2	23	Picture	grid	2549161	0	1	4226	1	0	4000	other	0
sub-04_2	23	Picture	40	2553386	4226	1	15226	1	4000	15000	other	0
sub-04_2	23	Pulse	255	2563545	14384	0
sub-04_2	23	Picture	maintenance	2568612	19452	1	30226	1	19000	30000	other	0
sub-04_2	23	Pulse	255	2583545	34385	0
sub-04_2	23	Nothing	45	2598161	49000	1			49000		other	0
sub-04_2	23	Pulse	255	2603545	54385	0
sub-04_2	23	Picture	test	2613386	64226	1	15175	1	64000	15000	miss	0
sub-04_2	23	Pulse	255	2623545	74385	0
sub-04_2	24	Picture	grid	2628728	0	1	4226	1	0	4000	other	0
sub-04_2	24	Picture	61	2632954	4226	1	15226	1	4000	15000	other	0
sub-04_2	24	Pulse	255	2643545	14817	0
sub-04_2	24	Picture	maintenance	2648180	19452	1	30226	1	19000	30000	other	0
sub-04_2	24	Pulse	255	2663545	34817	0
sub-04_2	24	Nothing	90	2677728	49000	1			49000		other	0
sub-04_2	24	Pulse	255	2683546	54817	0
sub-04_2	24	Picture	test	2692954	64226	1	50226	1	64000	50000	miss	0
sub-04_2	24	Pulse	255	2703545	74816	0
sub-04_2	24	Pulse	255	2723546	94817	0
sub-04_2	25	Picture	grid	2743347	0	1	4226	1	0	4000	other	0
sub-04_2	25	Pulse	255	2743546	198	0
sub-04_2	25	Picture	60	2747573	4226	1	15226	1	4000	15000	other	0
sub-04_2	25	Picture	maintenance	2762799	19452	1	30226	1	19000	30000	other	0
sub-04_2	25	Pulse	255	2763546	20199	0
sub-04_2	25	Pulse	255	2783546	40199	0
sub-04_2	25	Nothing	65	2792347	49000	1			49000		other	0
sub-04_2	25	Pulse	255	2803545	60198	0
sub-04_2	25	Picture	test	2807573	64226	1	60226	1	64000	60000	miss	0
sub-04_2	25	Pulse	255	2823546	80199	0
sub-04_2	25	Pulse	255	2843546	100199	0
sub-04_2	25	Pulse	255	2863546	120198	0
sub-04_2	26	Picture	grid	2867966	0	1	4226	1	0	4000	other	0
sub-04_2	26	Picture	41	2872192	4226	1	15226	1	4000	15000	other	0
sub-04_2	26	Pulse	255	2883546	15580	0
sub-04_2	26	Picture	maintenance	2887417	19452	1	30226	1	19000	30000	other	0
sub-04_2	26	Pulse	255	2903536	35570	0
sub-04_2	26	Nothing	90	2916966	49000	1			49000		other	0
sub-04_2	26	Pulse	255	2923536	55570	0
sub-04_2	26	Picture	test	2932192	64226	1	20226	1	64000	20000	miss	0
sub-04_2	26	Pulse	255	2943535	75570	0
sub-04_2	27	Picture	grid	2952584	0	1	4226	1	0	4000	other	0
sub-04_2	27	Picture	21	2956810	4226	1	15226	1	4000	15000	other	0
sub-04_2	27	Pulse	255	2963536	10952	0
sub-04_2	27	Picture	maintenance	2972036	19452	1	30226	1	19000	30000	other	0
sub-04_2	27	Pulse	255	2983536	30952	0
sub-04_2	27	Nothing	90	3001584	49000	1			49000		other	0
sub-04_2	27	Pulse	255	3003536	50952	0
sub-04_2	27	Picture	test	3016810	64226	1	15226	1	64000	15000	miss	0
sub-04_2	27	Pulse	255	3023536	70952	0
sub-04_2	28	Picture	grid	3032203	0	1	4226	1	0	4000	other	0
sub-04_2	28	Picture	60	3036429	4226	1	15226	1	4000	15000	other	0
sub-04_2	28	Pulse	255	3043536	11333	0
sub-04_2	28	Picture	maintenance	3051655	19452	1	30226	1	19000	30000	other	0
sub-04_2	28	Pulse	255	3063536	31333	0
sub-04_2	28	Nothing	65	3081203	49000	1			49000		other	0
sub-04_2	28	Pulse	255	3083536	51333	0
sub-04_2	28	Picture	test	3096429	64226	1	40226	1	64000	40000	miss	0
sub-04_2	28	Pulse	255	3103536	71333	0
sub-04_2	28	Pulse	255	3123536	91334	0
sub-04_2	29	Picture	grid	3136821	0	1	4226	1	0	4000	other	0
sub-04_2	29	Picture	61	3141047	4226	1	15226	1	4000	15000	other	0
sub-04_2	29	Pulse	255	3143536	6715	0
sub-04_2	29	Picture	maintenance	3156273	19452	1	30226	1	19000	30000	other	0
sub-04_2	29	Pulse	255	3163537	26715	0
sub-04_2	29	Pulse	255	3183536	46715	0
sub-04_2	29	Nothing	90	3185821	49000	1			49000		other	0
sub-04_2	29	Picture	test	3201047	64226	1	60226	1	64000	60000	miss	0
sub-04_2	29	Pulse	255	3203537	66715	0
sub-04_2	29	Pulse	255	3223537	86715	0
sub-04_2	29	Pulse	255	3243537	106715	0
sub-04_2	30	Picture	grid	3261440	0	1	4226	1	0	4000	other	0
sub-04_2	30	Pulse	255	3263537	2097	0
sub-04_2	30	Picture	40	3265665	4226	1	15226	1	4000	15000	other	0
sub-04_2	30	Picture	maintenance	3280892	19452	1	30226	1	19000	30000	other	0
sub-04_2	30	Pulse	255	3283537	22097	0
sub-04_2	30	Pulse	255	3303537	42097	0
sub-04_2	30	Nothing	45	3310440	49000	1			49000		other	0
sub-04_2	30	Pulse	255	3323537	62097	0
sub-04_2	30	Picture	test	3325666	64226	1	30226	1	64000	30000	miss	0
sub-04_2	30	Pulse	255	3343536	82097	0
sub-04_2	31	Picture	grid	3356058	0	1	4226	1	0	4000	other	0
sub-04_2	31	Picture	60	3360284	4226	1	15226	1	4000	15000	other	0
sub-04_2	31	Pulse	255	3363536	7478	0
sub-04_2	31	Picture	maintenance	3375510	19452	1	30226	1	19000	30000	other	0
sub-04_2	31	Pulse	255	3383537	27479	0
sub-04_2	31	Pulse	255	3403537	47479	0
sub-04_2	31	Nothing	65	3405058	49000	1			49000		other	0
sub-04_2	31	Picture	test	3420284	64226	1	40226	1	64000	40000	miss	0
sub-04_2	31	Pulse	255	3423537	67479	0
sub-04_2	31	Pulse	255	3443537	87479	0
sub-04_2	32	Picture	grid	3460677	0	1	4226	1	0	4000	other	0
sub-04_2	32	Pulse	255	3463537	2861	0
sub-04_2	32	Picture	21	3464902	4226	1	15226	1	4000	15000	other	0
sub-04_2	32	Picture	maintenance	3480128	19452	1	30226	1	19000	30000	other	0
sub-04_2	32	Pulse	255	3483537	22861	0
sub-04_2	32	Pulse	255	3503537	42860	0
sub-04_2	32	Nothing	90	3509677	49000	1			49000		other	0
sub-04_2	32	Pulse	255	3523537	62860	0
sub-04_2	32	Picture	test	3524902	64226	1	35226	1	64000	35000	miss	0
sub-04_2	32	Pulse	255	3543537	82860	0
sub-04_2	33	Picture	grid	3560295	0	1	4226	1	0	4000	other	0
sub-04_2	33	Pulse	255	3563537	3242	0
sub-04_2	33	Picture	21	3564521	4226	1	15226	1	4000	15000	other	0
sub-04_2	33	Picture	maintenance	3579747	19452	1	30226	1	19000	30000	other	0
sub-04_2	33	Pulse	255	3583537	23242	0
sub-04_2	33	Pulse	255	3603537	43242	0
sub-04_2	33	Nothing	90	3609295	49000	1			49000		other	0
sub-04_2	33	Pulse	255	3623538	63243	0
sub-04_2	33	Picture	test	3624521	64226	1	15226	1	64000	15000	miss	0
sub-04_2	34	Picture	grid	3639914	0	1	4226	1	0	4000	other	0
sub-04_2	34	Pulse	255	3643538	3624	0
sub-04_2	34	Picture	41	3644139	4226	1	15226	1	4000	15000	other	0
sub-04_2	34	Picture	maintenance	3659365	19451	1	30225	1	19000	30000	other	0
sub-04_2	34	Pulse	255	3663537	23624	0
sub-04_2	34	Pulse	255	3683538	43624	0
sub-04_2	34	Nothing	90	3688914	49000	1			49000		other	0
sub-04_2	34	Pulse	255	3703538	63624	0
sub-04_2	34	Picture	test	3704139	64226	1	20226	1	64000	20000	miss	0
sub-04_2	34	Pulse	255	3723537	83624	0
sub-04_2	35	Picture	grid	3724532	0	1	4226	1	0	4000	other	0
sub-04_2	35	Picture	21	3728758	4226	1	15226	1	4000	15000	other	0
sub-04_2	35	Pulse	255	3743538	19006	0
sub-04_2	35	Picture	maintenance	3743984	19452	1	30226	1	19000	30000	other	0
sub-04_2	35	Pulse	255	3763538	39006	0
sub-04_2	35	Nothing	90	3773532	49000	1			49000		other	0
sub-04_2	35	Pulse	255	3783538	59006	0
sub-04_2	35	Picture	test	3788758	64226	1	55226	1	64000	55000	miss	0
sub-04_2	35	Pulse	255	3803538	79006	0
sub-04_2	35	Pulse	255	3823538	99006	0
sub-04_2	35	Pulse	255	3843538	119005	0
sub-04_2	36	Picture	grid	3844151	0	1	4226	1	0	4000	other	0
sub-04_2	36	Picture	20	3848376	4226	1	15226	1	4000	15000	other	0
sub-04_2	36	Pulse	255	3863538	19388	0
sub-04_2	36	Picture	maintenance	3863602	19452	1	30226	1	19000	30000	other	0
sub-04_2	36	Pulse	255	3883538	39387	0
sub-04_2	36	Nothing	25	3893151	49000	1			49000		other	0
sub-04_2	36	Pulse	255	3903538	59387	0
sub-04_2	36	Picture	test	3908376	64226	1	60226	1	64000	60000	miss	0
sub-04_2	36	Pulse	255	3923538	79387	0
sub-04_2	36	Pulse	255	3943538	99388	0
sub-04_2	36	Pulse	255	3963538	119388	0
sub-04_2	37	Picture	grid	3968769	0	1	4226	1	0	4000	other	0
sub-04_2	37	Picture	61	3972995	4226	1	15226	1	4000	15000	other	0
sub-04_2	37	Pulse	255	3983538	14769	0
sub-04_2	37	Picture	maintenance	3988221	19452	1	30226	1	19000	30000	other	0
sub-04_2	37	Pulse	255	4003538	34769	0
sub-04_2	37	Nothing	90	4017769	49000	1			49000		other	0
sub-04_2	37	Pulse	255	4023538	54770	0
sub-04_2	37	Picture	test	4032995	64226	1	30226	1	64000	30000	miss	0
sub-04_2	37	Pulse	255	4043538	74769	0
sub-04_2	38	Picture	Bfix	4063387	0	1	71422	1	0	60000	other	0
sub-04_2	38	Pulse	255	4063539	151	0
sub-04_2	38	Pulse	255	4083538	20151	0
sub-04_2	38	Pulse	255	4103538	40151	0
