Scenario - loca_mvis
Logfile written - 11/12/2018 15:50:12

Subject	Trial	Event Type	Code	Time	TTime	Uncertainty	Duration	Uncertainty	ReqTime	ReqDur	Stim Type	Pair Index

sub-05_2	0	Pulse	255	592046	592046	0
sub-05_2	1	Picture	p_startup	592274	0	1	88226	1	0	88000	other	0
sub-05_2	1	Pulse	255	612046	19772	0
sub-05_2	1	Pulse	255	632046	39772	0
sub-05_2	1	Pulse	255	652046	59772	0
sub-05_2	1	Pulse	255	672046	79772	0
sub-05_2	2	Picture	grid	680667	0	1	4226	1	0	4000	other	0
sub-05_2	2	Picture	60	684893	4226	1	15226	1	4000	15000	other	0
sub-05_2	2	Pulse	255	692047	11380	0
sub-05_2	2	Picture	maintenance	700119	19452	1	30226	1	19000	30000	other	0
sub-05_2	2	Pulse	255	712046	31379	0
sub-05_2	2	Nothing	65	729667	49000	1			49000		other	0
sub-05_2	2	Pulse	255	732047	51380	0
sub-05_2	2	Picture	test	744893	64226	1	10226	1	64000	10000	miss	0
sub-05_2	2	Pulse	255	752047	71380	0
sub-05_2	3	Picture	grid	755285	0	1	4226	1	0	4000	other	0
sub-05_2	3	Picture	21	759512	4226	1	15226	1	4000	15000	other	0
sub-05_2	3	Pulse	255	772047	16761	0
sub-05_2	3	Picture	maintenance	774738	19452	1	30226	1	19000	30000	other	0
sub-05_2	3	Pulse	255	792047	36761	0
sub-05_2	3	Nothing	90	804285	49000	1			49000		other	0
sub-05_2	3	Pulse	255	812047	56761	0
sub-05_2	3	Picture	test	819511	64226	1	20226	1	64000	20000	miss	0
sub-05_2	3	Pulse	255	832047	76762	0
sub-05_2	4	Picture	grid	839904	0	1	4226	1	0	4000	other	0
sub-05_2	4	Picture	20	844130	4226	1	15226	1	4000	15000	other	0
sub-05_2	4	Pulse	255	852047	12143	0
sub-05_2	4	Picture	maintenance	859356	19452	1	30226	1	19000	30000	other	0
sub-05_2	4	Pulse	255	872047	32143	0
sub-05_2	4	Nothing	25	888904	49000	1			49000		other	0
sub-05_2	4	Pulse	255	892047	52143	0
sub-05_2	4	Picture	test	904130	64226	1	30226	1	64000	30000	miss	0
sub-05_2	4	Pulse	255	912046	72142	0
sub-05_2	4	Pulse	255	932047	92143	0
sub-05_2	5	Picture	grid	934522	0	1	4226	1	0	4000	other	0
sub-05_2	5	Picture	40	938748	4226	1	15226	1	4000	15000	other	0
sub-05_2	5	Pulse	255	952047	17525	0
sub-05_2	5	Picture	maintenance	953974	19452	1	30226	1	19000	30000	other	0
sub-05_2	5	Pulse	255	972047	37525	0
sub-05_2	5	Nothing	45	983522	49000	1			49000		other	0
sub-05_2	5	Pulse	255	992047	57525	0
sub-05_2	5	Picture	test	998748	64226	1	20226	1	64000	20000	miss	0
sub-05_2	5	Pulse	255	1012047	77525	0
sub-05_2	6	Picture	grid	1019141	0	1	4091	1	0	4000	other	0
sub-05_2	6	Picture	61	1023232	4091	1	15226	1	4000	15000	other	0
sub-05_2	6	Pulse	255	1032047	12906	0
sub-05_2	6	Picture	maintenance	1038458	19317	1	30226	1	19000	30000	other	0
sub-05_2	6	Pulse	255	1052048	32907	0
sub-05_2	6	Nothing	90	1068141	49000	1			49000		other	0
sub-05_2	6	Pulse	255	1072048	52907	0
sub-05_2	6	Picture	test	1083367	64226	1	15226	1	64000	15000	miss	0
sub-05_2	6	Pulse	255	1092048	72907	0
sub-05_2	7	Picture	grid	1098760	0	1	4226	1	0	4000	other	0
sub-05_2	7	Picture	40	1102985	4226	1	15226	1	4000	15000	other	0
sub-05_2	7	Pulse	255	1112048	13288	0
sub-05_2	7	Picture	maintenance	1118211	19452	1	30226	1	19000	30000	other	0
sub-05_2	7	Pulse	255	1132048	33288	0
sub-05_2	7	Nothing	45	1147760	49000	1			49000		other	0
sub-05_2	7	Pulse	255	1152048	53288	0
sub-05_2	7	Picture	test	1162985	64226	1	10226	1	64000	10000	miss	0
sub-05_2	7	Pulse	255	1172048	73288	0
sub-05_2	8	Picture	grid	1173378	0	1	4226	1	0	4000	other	0
sub-05_2	8	Picture	41	1177604	4226	1	15226	1	4000	15000	other	0
sub-05_2	8	Pulse	255	1192048	18670	0
sub-05_2	8	Picture	maintenance	1192830	19452	1	30226	1	19000	30000	other	0
sub-05_2	8	Pulse	255	1212050	38672	0
sub-05_2	8	Nothing	90	1222378	49000	1			49000		other	0
sub-05_2	8	Pulse	255	1232048	58670	0
sub-05_2	8	Picture	test	1237604	64226	1	15226	1	64000	15000	miss	0
sub-05_2	8	Pulse	255	1252048	78670	0
sub-05_2	9	Picture	grid	1252996	0	1	4226	1	0	4000	other	0
sub-05_2	9	Picture	61	1257222	4226	1	15226	1	4000	15000	other	0
sub-05_2	9	Pulse	255	1272048	19052	0
sub-05_2	9	Picture	maintenance	1272448	19452	1	30226	1	19000	30000	other	0
sub-05_2	9	Pulse	255	1292048	39052	0
sub-05_2	9	Nothing	90	1301996	49000	1			49000		other	0
sub-05_2	9	Pulse	255	1312048	59052	0
sub-05_2	9	Picture	test	1317222	64226	1	25226	1	64000	25000	miss	0
sub-05_2	9	Pulse	255	1332048	79052	0
sub-05_2	10	Picture	grid	1342615	0	1	4226	1	0	4000	other	0
sub-05_2	10	Picture	41	1346841	4226	1	15227	1	4000	15000	other	0
sub-05_2	10	Pulse	255	1352048	9434	0
sub-05_2	10	Picture	maintenance	1362067	19452	1	30226	1	19000	30000	other	0
sub-05_2	10	Pulse	255	1372049	29434	0
sub-05_2	10	Nothing	90	1391615	49000	1			49000		other	0
sub-05_2	10	Pulse	255	1392049	49434	0
sub-05_2	10	Picture	test	1406841	64226	1	35226	1	64000	35000	miss	0
sub-05_2	10	Pulse	255	1412049	69434	0
sub-05_2	10	Pulse	255	1432049	89434	0
sub-05_2	11	Picture	grid	1442233	0	1	4226	1	0	4000	other	0
sub-05_2	11	Picture	61	1446459	4226	1	15226	1	4000	15000	other	0
sub-05_2	11	Pulse	255	1452049	9816	0
sub-05_2	11	Picture	maintenance	1461685	19452	1	30226	1	19000	30000	other	0
sub-05_2	11	Pulse	255	1472049	29816	0
sub-05_2	11	Nothing	90	1491233	49000	1			49000		other	0
sub-05_2	11	Pulse	255	1492049	49816	0
sub-05_2	11	Picture	test	1506459	64226	1	45226	1	64000	45000	miss	0
sub-05_2	11	Pulse	255	1512049	69816	0
sub-05_2	11	Pulse	255	1532049	89816	0
sub-05_2	12	Picture	grid	1551852	0	1	4226	1	0	4000	other	0
sub-05_2	12	Pulse	255	1552050	197	0
sub-05_2	12	Picture	20	1556078	4226	1	15226	1	4000	15000	other	0
sub-05_2	12	Picture	maintenance	1571304	19452	1	30226	1	19000	30000	other	0
sub-05_2	12	Pulse	255	1572050	20198	0
sub-05_2	12	Pulse	255	1592050	40197	0
sub-05_2	12	Nothing	25	1600852	49000	1			49000		other	0
sub-05_2	12	Pulse	255	1612050	60197	0
sub-05_2	12	Picture	test	1616078	64226	1	15226	1	64000	15000	miss	0
sub-05_2	13	Picture	grid	1631471	0	1	4226	1	0	4000	other	0
sub-05_2	13	Pulse	255	1632050	579	0
sub-05_2	13	Picture	40	1635696	4226	1	15227	1	4000	15000	other	0
sub-05_2	13	Picture	maintenance	1650923	19452	1	30226	1	19000	30000	other	0
sub-05_2	13	Pulse	255	1652050	20579	0
sub-05_2	13	Pulse	255	1672050	40579	0
sub-05_2	13	Nothing	45	1680471	49000	1			49000		other	0
sub-05_2	13	Pulse	255	1692050	60579	0
sub-05_2	13	Picture	test	1695697	64226	1	30226	1	64000	30000	miss	0
sub-05_2	13	Pulse	255	1712050	80579	0
sub-05_2	14	Picture	grid	1726089	0	1	4226	1	0	4000	other	0
sub-05_2	14	Picture	41	1730315	4226	1	15226	1	4000	15000	other	0
sub-05_2	14	Pulse	255	1732050	5961	0
sub-05_2	14	Picture	maintenance	1745541	19452	1	30226	1	19000	30000	other	0
sub-05_2	14	Pulse	255	1752050	25961	0
sub-05_2	14	Pulse	255	1772050	45961	0
sub-05_2	14	Nothing	90	1775089	49000	1			49000		other	0
sub-05_2	14	Picture	test	1790315	64226	1	20226	1	64000	20000	miss	0
sub-05_2	14	Pulse	255	1792050	65961	0
sub-05_2	15	Picture	grid	1810707	0	1	4226	1	0	4000	other	0
sub-05_2	15	Pulse	255	1812050	1343	0
sub-05_2	15	Picture	60	1814933	4226	1	15226	1	4000	15000	other	0
sub-05_2	15	Picture	maintenance	1830159	19452	1	30226	1	19000	30000	other	0
sub-05_2	15	Pulse	255	1832050	21343	0
sub-05_2	15	Pulse	255	1852051	41343	0
sub-05_2	15	Nothing	65	1859707	49000	1			49000		other	0
sub-05_2	15	Pulse	255	1872041	61333	0
sub-05_2	15	Picture	test	1874933	64226	1	15226	1	64000	15000	miss	0
sub-05_2	16	Picture	grid	1890326	0	1	4226	1	0	4000	other	0
sub-05_2	16	Pulse	255	1892040	1714	0
sub-05_2	16	Picture	20	1894552	4226	1	15226	1	4000	15000	other	0
sub-05_2	16	Picture	maintenance	1909778	19452	1	30226	1	19000	30000	other	0
sub-05_2	16	Pulse	255	1912041	21715	0
sub-05_2	16	Pulse	255	1932041	41715	0
sub-05_2	16	Nothing	25	1939326	49000	1			49000		other	0
sub-05_2	16	Pulse	255	1952040	61714	0
sub-05_2	16	Picture	test	1954552	64226	1	40226	1	64000	40000	miss	0
sub-05_2	16	Pulse	255	1972041	81714	0
sub-05_2	16	Pulse	255	1992041	101715	0
sub-05_2	17	Picture	grid	1994945	0	1	4226	1	0	4000	other	0
sub-05_2	17	Picture	21	1999170	4226	1	15226	1	4000	15000	other	0
sub-05_2	17	Pulse	255	2012041	17097	0
sub-05_2	17	Picture	maintenance	2014396	19452	1	30226	1	19000	30000	other	0
sub-05_2	17	Pulse	255	2032041	37097	0
sub-05_2	17	Nothing	90	2043945	49000	1			49000		other	0
sub-05_2	17	Pulse	255	2052041	57097	0
sub-05_2	17	Picture	test	2059171	64226	1	20226	1	64000	20000	miss	0
sub-05_2	17	Pulse	255	2072041	77096	0
sub-05_2	18	Picture	grid	2079563	0	1	4226	1	0	4000	other	0
sub-05_2	18	Picture	20	2083789	4226	1	15226	1	4000	15000	other	0
sub-05_2	18	Pulse	255	2092041	12478	0
sub-05_2	18	Picture	maintenance	2099015	19452	1	30226	1	19000	30000	other	0
sub-05_2	18	Pulse	255	2112042	32478	0
sub-05_2	18	Nothing	25	2128563	49000	1			49000		other	0
sub-05_2	18	Pulse	255	2132041	52478	0
sub-05_2	18	Picture	test	2143789	64226	1	30226	1	64000	30000	miss	0
sub-05_2	18	Pulse	255	2152042	72479	0
sub-05_2	18	Pulse	255	2172042	92479	0
sub-05_2	19	Picture	grid	2174182	0	1	4226	1	0	4000	other	0
sub-05_2	19	Picture	60	2178407	4226	1	15226	1	4000	15000	other	0
sub-05_2	19	Pulse	255	2192041	17860	0
sub-05_2	19	Picture	maintenance	2193633	19452	1	30165	1	19000	30000	other	0
sub-05_2	19	Pulse	255	2212041	37860	0
sub-05_2	19	Nothing	65	2223182	49000	1			49000		other	0
sub-05_2	19	Pulse	255	2232042	57860	0
sub-05_2	19	Picture	test	2238407	64226	1	10226	1	64000	10000	miss	0
sub-05_2	20	Picture	grid	2248800	0	1	4226	1	0	4000	other	0
sub-05_2	20	Pulse	255	2252041	3241	0
sub-05_2	20	Picture	20	2253026	4226	1	15226	1	4000	15000	other	0
sub-05_2	20	Picture	maintenance	2268252	19452	1	30226	1	19000	30000	other	0
sub-05_2	20	Pulse	255	2272042	23242	0
sub-05_2	20	Pulse	255	2292041	43241	0
sub-05_2	20	Nothing	25	2297800	49000	1			49000		other	0
sub-05_2	20	Pulse	255	2312042	63242	0
sub-05_2	20	Picture	test	2313026	64226	1	35226	1	64000	35000	miss	0
sub-05_2	20	Pulse	255	2332042	83242	0
sub-05_2	21	Picture	grid	2348419	0	1	4226	1	0	4000	other	0
sub-05_2	21	Pulse	255	2352042	3624	0
sub-05_2	21	Picture	20	2352645	4226	1	15226	1	4000	15000	other	0
sub-05_2	21	Picture	maintenance	2367870	19452	1	30226	1	19000	30000	other	0
sub-05_2	21	Pulse	255	2372042	23623	0
sub-05_2	21	Pulse	255	2392042	43624	0
sub-05_2	21	Nothing	25	2397419	49000	1			49000		other	0
sub-05_2	21	Pulse	255	2412043	63624	0
sub-05_2	21	Picture	test	2412644	64226	1	25226	1	64000	25000	miss	0
sub-05_2	21	Pulse	255	2432042	83624	0
sub-05_2	22	Picture	grid	2438037	0	1	4226	1	0	4000	other	0
sub-05_2	22	Picture	41	2442263	4226	1	15226	1	4000	15000	other	0
sub-05_2	22	Pulse	255	2452042	14005	0
sub-05_2	22	Picture	maintenance	2457489	19452	1	30226	1	19000	30000	other	0
sub-05_2	22	Pulse	255	2472043	34006	0
sub-05_2	22	Nothing	90	2487037	49000	1			49000		other	0
sub-05_2	22	Pulse	255	2492043	54006	0
sub-05_2	22	Picture	test	2502263	64226	1	55226	1	64000	55000	miss	0
sub-05_2	22	Pulse	255	2512042	74005	0
sub-05_2	22	Pulse	255	2532043	94005	0
sub-05_2	22	Pulse	255	2552043	114006	0
sub-05_2	23	Picture	grid	2557655	0	1	4226	1	0	4000	other	0
sub-05_2	23	Picture	40	2561881	4226	1	15226	1	4000	15000	other	0
sub-05_2	23	Pulse	255	2572043	14387	0
sub-05_2	23	Picture	maintenance	2577107	19452	1	30226	1	19000	30000	other	0
sub-05_2	23	Pulse	255	2592043	34388	0
sub-05_2	23	Nothing	45	2606655	49000	1			49000		other	0
sub-05_2	23	Pulse	255	2612043	54388	0
sub-05_2	23	Picture	test	2621881	64226	1	15226	1	64000	15000	miss	0
sub-05_2	23	Pulse	255	2632043	74388	0
sub-05_2	24	Picture	grid	2637274	0	1	4226	1	0	4000	other	0
sub-05_2	24	Picture	61	2641500	4226	1	15226	1	4000	15000	other	0
sub-05_2	24	Pulse	255	2652043	14769	0
sub-05_2	24	Picture	maintenance	2656726	19452	1	30226	1	19000	30000	other	0
sub-05_2	24	Pulse	255	2672043	34769	0
sub-05_2	24	Nothing	90	2686274	49000	1			49000		other	0
sub-05_2	24	Pulse	255	2692044	54769	0
sub-05_2	24	Picture	test	2701500	64226	1	50226	1	64000	50000	miss	0
sub-05_2	24	Pulse	255	2712043	74769	0
sub-05_2	24	Pulse	255	2732043	94769	0
sub-05_2	25	Picture	grid	2751893	0	1	4226	1	0	4000	other	0
sub-05_2	25	Pulse	255	2752044	151	0
sub-05_2	25	Picture	60	2756118	4226	1	15226	1	4000	15000	other	0
sub-05_2	25	Picture	maintenance	2771344	19452	1	30226	1	19000	30000	other	0
sub-05_2	25	Pulse	255	2772044	20151	0
sub-05_2	25	Pulse	255	2792043	40151	0
sub-05_2	25	Nothing	65	2800893	49000	1			49000		other	0
sub-05_2	25	Pulse	255	2812044	60151	0
sub-05_2	25	Picture	test	2816118	64226	1	60226	1	64000	60000	miss	0
sub-05_2	25	Pulse	255	2832044	80151	0
sub-05_2	25	Pulse	255	2852044	100151	0
sub-05_2	25	Pulse	255	2872044	120151	0
sub-05_2	26	Picture	grid	2876511	0	1	4226	1	0	4000	other	0
sub-05_2	26	Picture	41	2880737	4226	1	15226	1	4000	15000	other	0
sub-05_2	26	Pulse	255	2892044	15533	0
sub-05_2	26	Picture	maintenance	2895963	19452	1	30226	1	19000	30000	other	0
sub-05_2	26	Pulse	255	2912044	35533	0
sub-05_2	26	Nothing	90	2925511	49000	1			49000		other	0
sub-05_2	26	Pulse	255	2932044	55533	0
sub-05_2	26	Picture	test	2940737	64226	1	20226	1	64000	20000	miss	0
sub-05_2	26	Pulse	255	2952044	75533	0
sub-05_2	27	Picture	grid	2961130	0	1	4226	1	0	4000	other	0
sub-05_2	27	Picture	21	2965356	4226	1	15226	1	4000	15000	other	0
sub-05_2	27	Pulse	255	2972045	10914	0
sub-05_2	27	Picture	maintenance	2980582	19452	1	30226	1	19000	30000	other	0
sub-05_2	27	Pulse	255	2992044	30914	0
sub-05_2	27	Nothing	90	3010130	49000	1			49000		other	0
sub-05_2	27	Pulse	255	3012045	50915	0
sub-05_2	27	Picture	test	3025356	64226	1	15226	1	64000	15000	miss	0
sub-05_2	27	Pulse	255	3032045	70915	0
sub-05_2	28	Picture	grid	3040749	0	1	4226	1	0	4000	other	0
sub-05_2	28	Picture	60	3044975	4226	1	15226	1	4000	15000	other	0
sub-05_2	28	Pulse	255	3052045	11296	0
sub-05_2	28	Picture	maintenance	3060200	19452	1	30226	1	19000	30000	other	0
sub-05_2	28	Pulse	255	3072044	31296	0
sub-05_2	28	Nothing	65	3089749	49000	1			49000		other	0
sub-05_2	28	Pulse	255	3092045	51296	0
sub-05_2	28	Picture	test	3104975	64226	1	40226	1	64000	40000	miss	0
sub-05_2	28	Pulse	255	3112045	71296	0
sub-05_2	28	Pulse	255	3132045	91296	0
sub-05_2	29	Picture	grid	3145367	0	1	4226	1	0	4000	other	0
sub-05_2	29	Picture	61	3149593	4226	1	15226	1	4000	15000	other	0
sub-05_2	29	Pulse	255	3152045	6678	0
sub-05_2	29	Picture	maintenance	3164819	19452	1	30226	1	19000	30000	other	0
sub-05_2	29	Pulse	255	3172045	26678	0
sub-05_2	29	Pulse	255	3192046	46678	0
sub-05_2	29	Nothing	90	3194367	49000	1			49000		other	0
sub-05_2	29	Picture	test	3209593	64226	1	60226	1	64000	60000	miss	0
sub-05_2	29	Pulse	255	3212045	66678	0
sub-05_2	29	Pulse	255	3232045	86678	0
sub-05_2	29	Pulse	255	3252046	106678	0
sub-05_2	30	Picture	grid	3269986	0	1	4226	1	0	4000	other	0
sub-05_2	30	Pulse	255	3272045	2059	0
sub-05_2	30	Picture	40	3274212	4226	1	15226	1	4000	15000	other	0
sub-05_2	30	Picture	maintenance	3289438	19452	1	30226	1	19000	30000	other	0
sub-05_2	30	Pulse	255	3292046	22060	0
sub-05_2	30	Pulse	255	3312046	42060	0
sub-05_2	30	Nothing	45	3318986	49000	1			49000		other	0
sub-05_2	30	Pulse	255	3332045	62059	0
sub-05_2	30	Picture	test	3334212	64226	1	30226	1	64000	30000	miss	0
sub-05_2	30	Pulse	255	3352046	82060	0
sub-05_2	31	Picture	grid	3364605	0	1	4226	1	0	4000	other	0
sub-05_2	31	Picture	60	3368831	4226	1	15226	1	4000	15000	other	0
sub-05_2	31	Pulse	255	3372046	7441	0
sub-05_2	31	Picture	maintenance	3384057	19452	1	30226	1	19000	30000	other	0
sub-05_2	31	Pulse	255	3392046	27441	0
sub-05_2	31	Pulse	255	3412046	47441	0
sub-05_2	31	Nothing	65	3413605	49000	1			49000		other	0
sub-05_2	31	Picture	test	3428831	64226	1	40226	1	64000	40000	miss	0
sub-05_2	31	Pulse	255	3432046	67441	0
sub-05_2	31	Pulse	255	3452046	87441	0
sub-05_2	32	Picture	grid	3469223	0	1	4226	1	0	4000	other	0
sub-05_2	32	Pulse	255	3472046	2823	0
sub-05_2	32	Picture	21	3473449	4226	1	15226	1	4000	15000	other	0
sub-05_2	32	Picture	maintenance	3488675	19452	1	30226	1	19000	30000	other	0
sub-05_2	32	Pulse	255	3492046	22823	0
sub-05_2	32	Pulse	255	3512046	42823	0
sub-05_2	32	Nothing	90	3518223	49000	1			49000		other	0
sub-05_2	32	Pulse	255	3532036	62813	0
sub-05_2	32	Picture	test	3533449	64226	1	35226	1	64000	35000	miss	0
sub-05_2	32	Pulse	255	3552036	82813	0
sub-05_2	33	Picture	grid	3568842	0	1	4226	1	0	4000	other	0
sub-05_2	33	Pulse	255	3572036	3195	0
sub-05_2	33	Picture	21	3573067	4226	1	15226	1	4000	15000	other	0
sub-05_2	33	Picture	maintenance	3588293	19452	1	30226	1	19000	30000	other	0
sub-05_2	33	Pulse	255	3592036	23195	0
sub-05_2	33	Pulse	255	3612037	43195	0
sub-05_2	33	Nothing	90	3617842	49000	1			49000		other	0
sub-05_2	33	Pulse	255	3632037	63195	0
sub-05_2	33	Picture	test	3633067	64226	1	15226	1	64000	15000	miss	0
sub-05_2	34	Picture	grid	3648460	0	1	4226	1	0	4000	other	0
sub-05_2	34	Pulse	255	3652037	3577	0
sub-05_2	34	Picture	41	3652686	4226	1	15226	1	4000	15000	other	0
sub-05_2	34	Picture	maintenance	3667912	19452	1	30226	1	19000	30000	other	0
sub-05_2	34	Pulse	255	3672037	23577	0
sub-05_2	34	Pulse	255	3692037	43577	0
sub-05_2	34	Nothing	90	3697460	49000	1			49000		other	0
sub-05_2	34	Pulse	255	3712037	63577	0
sub-05_2	34	Picture	test	3712686	64226	1	20226	1	64000	20000	miss	0
sub-05_2	34	Pulse	255	3732037	83577	0
sub-05_2	35	Picture	grid	3733078	0	1	4226	1	0	4000	other	0
sub-05_2	35	Picture	21	3737304	4226	1	15226	1	4000	15000	other	0
sub-05_2	35	Pulse	255	3752037	18959	0
sub-05_2	35	Picture	maintenance	3752530	19452	1	30226	1	19000	30000	other	0
sub-05_2	35	Pulse	255	3772037	38959	0
sub-05_2	35	Nothing	90	3782078	49000	1			49000		other	0
sub-05_2	35	Pulse	255	3792037	58959	0
sub-05_2	35	Picture	test	3797304	64226	1	55226	1	64000	55000	miss	0
sub-05_2	35	Pulse	255	3812037	78959	0
sub-05_2	35	Pulse	255	3832038	98959	0
sub-05_2	35	Pulse	255	3852038	118959	0
sub-05_2	36	Picture	grid	3852697	0	1	4226	1	0	4000	other	0
sub-05_2	36	Picture	20	3856923	4226	1	15226	1	4000	15000	other	0
sub-05_2	36	Pulse	255	3872038	19341	0
sub-05_2	36	Picture	maintenance	3872149	19452	1	30226	1	19000	30000	other	0
sub-05_2	36	Pulse	255	3892038	39341	0
sub-05_2	36	Nothing	25	3901697	49000	1			49000		other	0
sub-05_2	36	Pulse	255	3912037	59340	0
sub-05_2	36	Picture	test	3916923	64226	1	60226	1	64000	60000	miss	0
sub-05_2	36	Pulse	255	3932038	79341	0
sub-05_2	36	Pulse	255	3952037	99341	0
sub-05_2	36	Pulse	255	3972038	119341	0
sub-05_2	37	Picture	grid	3977315	0	1	4226	1	0	4000	other	0
sub-05_2	37	Picture	61	3981541	4226	1	15226	1	4000	15000	other	0
sub-05_2	37	Pulse	255	3992038	14723	0
sub-05_2	37	Picture	maintenance	3996767	19452	1	30226	1	19000	30000	other	0
sub-05_2	37	Pulse	255	4012038	34723	0
sub-05_2	37	Nothing	90	4026315	49000	1			49000		other	0
sub-05_2	37	Pulse	255	4032038	54723	0
sub-05_2	37	Picture	test	4041541	64226	1	30226	1	64000	30000	miss	0
sub-05_2	37	Pulse	255	4052039	74723	0
sub-05_2	38	Picture	Bfix	4071934	0	1	71936	1	0	60000	other	0
sub-05_2	38	Pulse	255	4072038	104	0
sub-05_2	38	Pulse	255	4092038	20105	0
sub-05_2	38	Pulse	255	4112038	40105	0
