Scenario - loca_mcse
Logfile written - 05/17/2018 12:06:29

Subject	Trial	Event Type	Code	Time	TTime	Uncertainty	Duration	Uncertainty	ReqTime	ReqDur	Stim Type	Pair Index

mcse_pilot-01_run2	0	Pulse	255	550810	550810	0
mcse_pilot-01_run2	2	Picture	Bfix	561282	0	1	200725	1	0	200000	other	0
mcse_pilot-01_run2	2	Pulse	255	570811	9528	0
mcse_pilot-01_run2	2	Pulse	255	590811	29528	0
mcse_pilot-01_run2	2	Pulse	255	610810	49528	0
mcse_pilot-01_run2	2	Pulse	255	630811	69529	0
mcse_pilot-01_run2	2	Pulse	255	650811	89529	0
mcse_pilot-01_run2	2	Pulse	255	670811	109529	0
mcse_pilot-01_run2	2	Pulse	255	690810	129528	0
mcse_pilot-01_run2	2	Pulse	255	710811	149529	0
mcse_pilot-01_run2	2	Pulse	255	730811	169529	0
mcse_pilot-01_run2	2	Pulse	255	750811	189529	0
mcse_pilot-01_run2	3	Pulse	255	770811	8805	0
mcse_pilot-01_run2	3	Picture	11	772006	10000	1	25226	1	10000	25000	miss	0
mcse_pilot-01_run2	3	Pulse	255	790812	28806	0
mcse_pilot-01_run2	4	Picture	11	807955	10000	1	25226	1	10000	25000	miss	0
mcse_pilot-01_run2	4	Pulse	255	810810	12855	1
mcse_pilot-01_run2	4	Pulse	255	830811	32856	0
mcse_pilot-01_run2	5	Picture	12	843904	10000	1	25226	1	10000	25000	miss	0
mcse_pilot-01_run2	5	Pulse	255	850811	16908	0
mcse_pilot-01_run2	6	Pulse	255	870811	956	0
mcse_pilot-01_run2	6	Picture	11	879855	10000	1	25226	1	10000	25000	miss	0
mcse_pilot-01_run2	6	Pulse	255	890812	20956	0
mcse_pilot-01_run2	7	Pulse	255	910811	5010	0
mcse_pilot-01_run2	7	Picture	11	915802	10000	1	25226	1	10000	25000	miss	0
mcse_pilot-01_run2	7	Pulse	255	930812	25010	0
mcse_pilot-01_run2	8	Pulse	255	950811	9059	0
mcse_pilot-01_run2	8	Picture	11	951752	10000	1	25226	1	10000	25000	miss	0
mcse_pilot-01_run2	8	Pulse	255	970811	29059	0
mcse_pilot-01_run2	9	Picture	11	987699	10000	1	25226	1	10000	25000	miss	0
mcse_pilot-01_run2	9	Pulse	255	990812	13112	0
mcse_pilot-01_run2	9	Pulse	255	1010812	33112	0
mcse_pilot-01_run2	10	Picture	12	1023649	10000	1	25226	1	10000	25000	miss	0
mcse_pilot-01_run2	10	Pulse	255	1030812	17163	0
mcse_pilot-01_run2	11	Pulse	255	1050811	1208	0
mcse_pilot-01_run2	11	Picture	11	1059603	10000	1	25226	1	10000	25000	miss	0
mcse_pilot-01_run2	11	Pulse	255	1070812	21209	0
mcse_pilot-01_run2	12	Pulse	255	1090812	5260	0
mcse_pilot-01_run2	12	Picture	11	1095552	10000	1	25226	1	10000	25000	miss	0
mcse_pilot-01_run2	12	Pulse	255	1110812	25260	0
mcse_pilot-01_run2	13	Picture	Bfix	1120944	0	1	200725	1	0	200000	other	0
mcse_pilot-01_run2	13	Pulse	255	1130812	9868	0
mcse_pilot-01_run2	13	Pulse	255	1150812	29867	0
mcse_pilot-01_run2	13	Pulse	255	1170812	49868	0
mcse_pilot-01_run2	13	Pulse	255	1190813	69868	0
mcse_pilot-01_run2	13	Pulse	255	1210812	89867	0
mcse_pilot-01_run2	13	Pulse	255	1230812	109867	0
mcse_pilot-01_run2	13	Pulse	255	1250812	129868	0
mcse_pilot-01_run2	13	Pulse	255	1270813	149868	0
mcse_pilot-01_run2	13	Pulse	255	1290812	169868	0
mcse_pilot-01_run2	13	Pulse	255	1310812	189868	0
mcse_pilot-01_run2	14	Pulse	255	1330812	9144	0
mcse_pilot-01_run2	14	Picture	61	1331668	10000	1	25226	1	10000	25000	miss	0
mcse_pilot-01_run2	14	Pulse	255	1350812	29144	0
mcse_pilot-01_run2	15	Picture	62	1367676	10000	1	25226	1	10000	25000	miss	0
mcse_pilot-01_run2	15	Pulse	255	1370812	13137	0
mcse_pilot-01_run2	15	Pulse	255	1390813	33137	0
mcse_pilot-01_run2	16	Picture	61	1403622	10000	1	25226	1	10000	25000	miss	0
mcse_pilot-01_run2	16	Pulse	255	1410813	17191	0
mcse_pilot-01_run2	17	Pulse	255	1430813	1226	0
mcse_pilot-01_run2	17	Picture	61	1439588	10000	1	25226	1	10000	25000	miss	0
mcse_pilot-01_run2	17	Pulse	255	1450813	21226	0
mcse_pilot-01_run2	18	Pulse	255	1470810	5274	3
mcse_pilot-01_run2	18	Picture	61	1475536	10000	1	25226	1	10000	25000	miss	0
mcse_pilot-01_run2	18	Pulse	255	1490812	25277	0
mcse_pilot-01_run2	19	Pulse	255	1510813	9328	0
mcse_pilot-01_run2	19	Picture	62	1511484	10000	1	25226	1	10000	25000	miss	0
mcse_pilot-01_run2	19	Pulse	255	1530813	29329	0
mcse_pilot-01_run2	20	Picture	62	1547429	10000	1	25226	1	10000	25000	miss	0
mcse_pilot-01_run2	20	Pulse	255	1550813	13384	0
mcse_pilot-01_run2	20	Pulse	255	1570813	33384	0
mcse_pilot-01_run2	21	Picture	61	1583375	10000	1	25226	1	10000	25000	miss	0
mcse_pilot-01_run2	21	Pulse	255	1590813	17438	0
mcse_pilot-01_run2	22	Pulse	255	1610813	1487	0
mcse_pilot-01_run2	22	Picture	61	1619327	10000	1	25226	1	10000	25000	miss	0
mcse_pilot-01_run2	22	Pulse	255	1630813	21487	0
mcse_pilot-01_run2	23	Pulse	255	1650814	5541	0
mcse_pilot-01_run2	23	Picture	62	1655273	10000	1	25226	1	10000	25000	miss	0
mcse_pilot-01_run2	23	Pulse	255	1670814	25541	0
mcse_pilot-01_run2	24	Picture	Bfix	1680665	0	1	200728	1	0	200000	other	0
mcse_pilot-01_run2	24	Pulse	255	1690813	10148	0
mcse_pilot-01_run2	24	Pulse	255	1710814	30149	0
mcse_pilot-01_run2	24	Pulse	255	1730814	50149	0
mcse_pilot-01_run2	24	Pulse	255	1750814	70149	0
mcse_pilot-01_run2	24	Pulse	255	1770813	90148	0
mcse_pilot-01_run2	24	Pulse	255	1790814	110149	0
mcse_pilot-01_run2	24	Pulse	255	1810813	130148	0
mcse_pilot-01_run2	24	Pulse	255	1830813	150148	0
mcse_pilot-01_run2	24	Pulse	255	1850814	170149	0
mcse_pilot-01_run2	24	Pulse	255	1870814	190149	0
mcse_pilot-01_run2	25	Pulse	255	1890814	9420	0
mcse_pilot-01_run2	25	Picture	11	1891393	10000	1	25226	1	10000	25000	miss	0
mcse_pilot-01_run2	25	Pulse	255	1910814	29421	0
mcse_pilot-01_run2	26	Picture	11	1927341	10000	1	25226	1	10000	25000	miss	0
mcse_pilot-01_run2	26	Pulse	255	1930814	13473	0
mcse_pilot-01_run2	26	Pulse	255	1950815	33473	0
mcse_pilot-01_run2	27	Picture	11	1963292	10000	1	25226	1	10000	25000	miss	0
mcse_pilot-01_run2	27	Pulse	255	1970813	17522	0
mcse_pilot-01_run2	28	Pulse	255	1990814	1574	0
mcse_pilot-01_run2	28	Picture	12	1999240	10000	1	25226	1	10000	25000	miss	0
mcse_pilot-01_run2	28	Pulse	255	2010815	21575	0
mcse_pilot-01_run2	29	Pulse	255	2030814	5625	0
mcse_pilot-01_run2	29	Picture	11	2035188	10000	1	25226	1	10000	25000	miss	0
mcse_pilot-01_run2	29	Pulse	255	2050814	25626	0
mcse_pilot-01_run2	30	Pulse	255	2070815	9673	0
mcse_pilot-01_run2	30	Picture	11	2071141	10000	1	25226	1	10000	25000	miss	0
mcse_pilot-01_run2	30	Pulse	255	2090815	29673	0
mcse_pilot-01_run2	31	Picture	11	2107090	10000	1	25226	1	10000	25000	miss	0
mcse_pilot-01_run2	31	Pulse	255	2110814	13725	0
mcse_pilot-01_run2	31	Pulse	255	2130814	33724	0
mcse_pilot-01_run2	32	Picture	12	2143038	10000	1	25226	1	10000	25000	miss	0
mcse_pilot-01_run2	32	Pulse	255	2150815	17777	0
mcse_pilot-01_run2	33	Pulse	255	2170815	1828	0
mcse_pilot-01_run2	33	Picture	11	2178987	10000	1	25226	1	10000	25000	miss	0
mcse_pilot-01_run2	33	Pulse	255	2190815	21828	0
mcse_pilot-01_run2	34	Pulse	255	2210814	5878	0
mcse_pilot-01_run2	34	Picture	12	2214936	10000	1	25226	1	10000	25000	miss	0
mcse_pilot-01_run2	34	Pulse	255	2230815	25879	0
mcse_pilot-01_run2	35	Picture	Bfix	2240328	0	1	200729	1	0	200000	other	0
mcse_pilot-01_run2	35	Pulse	255	2250815	10486	0
mcse_pilot-01_run2	35	Pulse	255	2270815	30486	0
mcse_pilot-01_run2	35	Pulse	255	2290815	50486	0
mcse_pilot-01_run2	35	Pulse	255	2310815	70487	0
mcse_pilot-01_run2	35	Pulse	255	2330814	90486	0
mcse_pilot-01_run2	35	Pulse	255	2350814	110486	0
mcse_pilot-01_run2	35	Pulse	255	2370815	130486	0
mcse_pilot-01_run2	35	Pulse	255	2390815	150487	0
mcse_pilot-01_run2	35	Pulse	255	2410815	170486	0
mcse_pilot-01_run2	35	Pulse	255	2430815	190487	0
mcse_pilot-01_run2	36	Pulse	255	2450815	9760	0
mcse_pilot-01_run2	36	Picture	61	2451056	10000	1	25226	1	10000	25000	miss	0
mcse_pilot-01_run2	36	Pulse	255	2470815	29759	0
mcse_pilot-01_run2	37	Picture	62	2487004	10000	1	25226	1	10000	25000	miss	0
mcse_pilot-01_run2	37	Pulse	255	2490815	13812	0
mcse_pilot-01_run2	37	Pulse	255	2510815	33811	0
mcse_pilot-01_run2	38	Picture	61	2522994	10000	1	25226	1	10000	25000	miss	0
mcse_pilot-01_run2	38	Pulse	255	2530815	17822	0
mcse_pilot-01_run2	39	Pulse	255	2550815	1874	0
mcse_pilot-01_run2	39	Picture	61	2558941	10000	1	25226	1	10000	25000	miss	0
mcse_pilot-01_run2	39	Pulse	255	2570815	21875	0
mcse_pilot-01_run2	40	Pulse	255	2590815	5902	0
mcse_pilot-01_run2	40	Picture	62	2594913	10000	1	25226	1	10000	25000	miss	0
mcse_pilot-01_run2	40	Pulse	255	2610816	25902	0
mcse_pilot-01_run2	41	Pulse	255	2630816	9958	0
mcse_pilot-01_run2	41	Picture	61	2630858	10000	1	25226	1	10000	25000	miss	0
mcse_pilot-01_run2	41	Pulse	255	2650815	29957	0
mcse_pilot-01_run2	42	Picture	62	2666812	10000	1	25226	1	10000	25000	miss	0
mcse_pilot-01_run2	42	Pulse	255	2670815	14004	0
mcse_pilot-01_run2	42	Pulse	255	2690816	34005	0
mcse_pilot-01_run2	43	Picture	61	2702760	10000	1	25226	1	10000	25000	miss	0
mcse_pilot-01_run2	43	Pulse	255	2710816	18055	0
mcse_pilot-01_run2	44	Pulse	255	2730816	2109	0
mcse_pilot-01_run2	44	Picture	62	2738707	10000	1	25226	1	10000	25000	miss	0
mcse_pilot-01_run2	44	Pulse	255	2750816	22109	0
mcse_pilot-01_run2	45	Pulse	255	2770816	6163	0
mcse_pilot-01_run2	45	Picture	61	2774653	10000	1	25226	1	10000	25000	miss	0
mcse_pilot-01_run2	45	Pulse	255	2790816	26163	0
mcse_pilot-01_run2	46	Picture	Bfix	2800045	0	1	200724	1	0	200000	other	0
mcse_pilot-01_run2	46	Pulse	255	2810817	10772	0
mcse_pilot-01_run2	46	Pulse	255	2830816	30770	0
mcse_pilot-01_run2	46	Pulse	255	2850815	50770	0
mcse_pilot-01_run2	46	Pulse	255	2870816	70770	0
mcse_pilot-01_run2	46	Pulse	255	2890817	90771	0
mcse_pilot-01_run2	46	Pulse	255	2910806	110761	0
mcse_pilot-01_run2	46	Pulse	255	2930806	130761	0
mcse_pilot-01_run2	46	Pulse	255	2950807	150762	0
mcse_pilot-01_run2	46	Pulse	255	2970806	170761	0
mcse_pilot-01_run2	46	Pulse	255	2990807	190762	0
mcse_pilot-01_run2	47	Picture	12	3010769	10000	1	25226	1	10000	25000	miss	0
mcse_pilot-01_run2	47	Pulse	255	3010806	10037	0
mcse_pilot-01_run2	47	Pulse	255	3030807	30039	0
mcse_pilot-01_run2	48	Picture	11	3046717	10000	1	25226	1	10000	25000	miss	0
mcse_pilot-01_run2	48	Pulse	255	3050807	14090	0
mcse_pilot-01_run2	48	Pulse	255	3070807	34090	0
mcse_pilot-01_run2	49	Picture	11	3082665	10000	1	25226	1	10000	25000	miss	0
mcse_pilot-01_run2	49	Pulse	255	3090807	18143	0
mcse_pilot-01_run2	50	Pulse	255	3110808	2191	0
mcse_pilot-01_run2	50	Picture	12	3118617	10000	1	25226	1	10000	25000	miss	0
mcse_pilot-01_run2	50	Pulse	255	3130807	22190	0
mcse_pilot-01_run2	51	Pulse	255	3150806	6243	0
mcse_pilot-01_run2	51	Picture	12	3154564	10000	1	25226	1	10000	25000	miss	0
mcse_pilot-01_run2	51	Pulse	255	3170806	26243	0
mcse_pilot-01_run2	52	Picture	12	3190513	10000	1	25226	1	10000	25000	miss	0
mcse_pilot-01_run2	52	Pulse	255	3190807	10294	0
mcse_pilot-01_run2	52	Pulse	255	3210807	30294	0
mcse_pilot-01_run2	53	Picture	12	3226461	10000	1	25226	1	10000	25000	miss	0
mcse_pilot-01_run2	53	Pulse	255	3230807	14345	0
mcse_pilot-01_run2	53	Pulse	255	3250808	34346	0
mcse_pilot-01_run2	54	Picture	12	3262404	10000	1	25226	1	10000	25000	miss	0
mcse_pilot-01_run2	54	Pulse	255	3270808	18404	0
mcse_pilot-01_run2	55	Pulse	255	3290808	2453	0
mcse_pilot-01_run2	55	Picture	12	3298354	10000	1	25226	1	10000	25000	miss	0
mcse_pilot-01_run2	55	Pulse	255	3310807	22453	0
mcse_pilot-01_run2	56	Picture	Bfix	3323747	0	1	200726	1	0	200000	other	0
mcse_pilot-01_run2	56	Pulse	255	3330807	7060	0
mcse_pilot-01_run2	56	Pulse	255	3350807	27060	0
mcse_pilot-01_run2	56	Pulse	255	3370807	47061	0
mcse_pilot-01_run2	56	Pulse	255	3390808	67061	0
mcse_pilot-01_run2	56	Pulse	255	3410808	87061	0
mcse_pilot-01_run2	56	Pulse	255	3430808	107061	0
mcse_pilot-01_run2	56	Pulse	255	3450809	127062	0
mcse_pilot-01_run2	56	Pulse	255	3470807	147060	0
mcse_pilot-01_run2	56	Pulse	255	3490808	167061	0
mcse_pilot-01_run2	56	Pulse	255	3510808	187062	0
mcse_pilot-01_run2	57	Pulse	255	3530808	6336	0
mcse_pilot-01_run2	57	Picture	62	3534472	10000	1	25226	1	10000	25000	miss	0
mcse_pilot-01_run2	57	Pulse	255	3550807	26335	0
mcse_pilot-01_run2	58	Picture	61	3570421	10000	1	25226	1	10000	25000	miss	0
mcse_pilot-01_run2	58	Pulse	255	3570808	10387	0
mcse_pilot-01_run2	58	Pulse	255	3590808	30387	0
mcse_pilot-01_run2	59	Picture	61	3606367	10000	1	25226	1	10000	25000	miss	0
mcse_pilot-01_run2	59	Pulse	255	3610809	14441	0
mcse_pilot-01_run2	59	Pulse	255	3630809	34441	0
mcse_pilot-01_run2	60	Picture	62	3642316	10000	1	25226	1	10000	25000	miss	0
mcse_pilot-01_run2	60	Pulse	255	3650809	18493	0
mcse_pilot-01_run2	61	Pulse	255	3670809	2532	0
mcse_pilot-01_run2	61	Picture	62	3678277	10000	1	25226	1	10000	25000	miss	0
mcse_pilot-01_run2	61	Pulse	255	3690808	22532	0
mcse_pilot-01_run2	62	Pulse	255	3710809	6586	0
mcse_pilot-01_run2	62	Picture	62	3714223	10000	1	25226	1	10000	25000	miss	0
mcse_pilot-01_run2	62	Pulse	255	3730808	26585	0
mcse_pilot-01_run2	63	Picture	62	3750196	10000	1	25226	1	10000	25000	miss	0
mcse_pilot-01_run2	63	Pulse	255	3750809	10612	0
mcse_pilot-01_run2	63	Pulse	255	3770809	30613	0
mcse_pilot-01_run2	64	Picture	62	3786152	10000	1	25226	1	10000	25000	miss	0
mcse_pilot-01_run2	64	Pulse	255	3790809	14657	0
mcse_pilot-01_run2	64	Pulse	255	3810809	34657	0
mcse_pilot-01_run2	65	Picture	61	3822124	10000	1	25226	1	10000	25000	miss	0
mcse_pilot-01_run2	65	Pulse	255	3830808	18684	0
mcse_pilot-01_run2	66	Pulse	255	3850809	2738	0
mcse_pilot-01_run2	66	Picture	61	3858070	10000	1	25226	1	10000	25000	miss	0
mcse_pilot-01_run2	66	Pulse	255	3870809	22738	0
mcse_pilot-01_run2	67	Picture	Bfix	3883463	0	1	211665	1	0	200000	other	0
mcse_pilot-01_run2	67	Pulse	255	3890808	7345	0
mcse_pilot-01_run2	67	Pulse	255	3910809	27346	0
mcse_pilot-01_run2	67	Pulse	255	3930809	47346	0
mcse_pilot-01_run2	67	Pulse	255	3950809	67346	0
mcse_pilot-01_run2	67	Pulse	255	3970809	87346	0
mcse_pilot-01_run2	67	Pulse	255	3990809	107346	0
mcse_pilot-01_run2	67	Pulse	255	4010809	127346	0
mcse_pilot-01_run2	67	Pulse	255	4030809	147346	0
mcse_pilot-01_run2	67	Pulse	255	4050809	167346	0
mcse_pilot-01_run2	67	Pulse	255	4070809	187346	0
