Scenario - loca_mcse
Logfile written - 05/17/2018 16:24:25

Subject	Trial	Event Type	Code	Time	TTime	Uncertainty	Duration	Uncertainty	ReqTime	ReqDur	Stim Type	Pair Index

phantom-01	0	Pulse	255	547373	547373	0
phantom-01	1	Picture	Bfix	547601	0	1	200945	1	0	200000	other	0
phantom-01	1	Pulse	255	567373	19772	0
phantom-01	1	Pulse	255	587373	39772	0
phantom-01	1	Pulse	255	607373	59772	0
phantom-01	1	Pulse	255	627373	79772	0
phantom-01	1	Pulse	255	647373	99772	0
phantom-01	1	Pulse	255	667373	119772	0
phantom-01	1	Pulse	255	687374	139773	0
phantom-01	1	Pulse	255	707373	159772	0
phantom-01	1	Pulse	255	727374	179772	0
phantom-01	1	Pulse	255	747373	199771	0
phantom-01	2	Picture	11	758545	10000	1	25226	1	10000	25000	miss	0
phantom-01	2	Pulse	255	767373	18828	0
phantom-01	3	Pulse	255	787373	2765	0
phantom-01	3	Picture	11	794608	10000	1	25226	1	10000	25000	miss	0
phantom-01	3	Pulse	255	807374	22766	0
phantom-01	4	Pulse	255	827373	6668	0
phantom-01	4	Picture	12	830706	10000	1	25226	1	10000	25000	miss	0
phantom-01	4	Pulse	255	847374	26669	0
phantom-01	5	Picture	11	866803	10000	1	25226	1	10000	25000	miss	0
phantom-01	5	Pulse	255	867374	10572	0
phantom-01	5	Pulse	255	887374	30571	0
phantom-01	6	Picture	11	902902	10000	1	25226	1	10000	25000	miss	0
phantom-01	6	Pulse	255	907374	14472	0
phantom-01	6	Pulse	255	927374	34473	0
phantom-01	7	Picture	11	938866	10000	1	25226	1	10000	25000	miss	0
phantom-01	7	Pulse	255	947373	18507	0
phantom-01	8	Pulse	255	967374	2445	0
phantom-01	8	Picture	11	974929	10000	1	25226	1	10000	25000	miss	0
phantom-01	8	Pulse	255	987374	22445	0
phantom-01	9	Pulse	255	1007374	6148	0
phantom-01	9	Picture	12	1011226	10000	1	25226	1	10000	25000	miss	0
phantom-01	9	Pulse	255	1027374	26148	0
phantom-01	10	Picture	11	1047188	10000	1	25226	1	10000	25000	miss	0
phantom-01	10	Pulse	255	1047374	10187	0
phantom-01	10	Pulse	255	1067374	30187	0
phantom-01	11	Picture	11	1083236	10000	1	25226	1	10000	25000	miss	0
phantom-01	11	Pulse	255	1087374	14138	0
phantom-01	11	Pulse	255	1107374	34138	0
phantom-01	12	Picture	Bfix	1108629	0	1	200882	1	0	200000	other	0
phantom-01	12	Pulse	255	1127373	18744	0
phantom-01	12	Pulse	255	1147374	38745	0
phantom-01	12	Pulse	255	1167374	58745	0
phantom-01	12	Pulse	255	1187374	78745	0
phantom-01	12	Pulse	255	1207374	98746	0
phantom-01	12	Pulse	255	1227375	118746	0
phantom-01	12	Pulse	255	1247375	138746	0
phantom-01	12	Pulse	255	1267375	158746	0
phantom-01	12	Pulse	255	1287375	178746	0
phantom-01	12	Pulse	255	1307375	198746	0
phantom-01	13	Picture	61	1319510	10000	1	25226	1	10000	25000	miss	0
phantom-01	13	Pulse	255	1327375	17866	0
phantom-01	14	Pulse	255	1347374	1767	0
phantom-01	14	Picture	62	1355608	10000	1	25226	1	10000	25000	miss	0
phantom-01	14	Pulse	255	1367375	21768	0
phantom-01	15	Pulse	255	1387375	5678	0
phantom-01	15	Picture	61	1391698	10000	1	25226	1	10000	25000	miss	0
phantom-01	15	Pulse	255	1407375	25678	0
phantom-01	16	Pulse	255	1427375	9574	0
phantom-01	16	Picture	61	1427801	10000	1	25226	1	10000	25000	miss	0
phantom-01	16	Pulse	255	1447365	29564	0
phantom-01	17	Picture	61	1463889	10000	1	25226	1	10000	25000	miss	0
phantom-01	17	Pulse	255	1467364	13476	0
phantom-01	17	Pulse	255	1487365	33476	0
phantom-01	18	Picture	62	1500027	10000	1	25226	1	10000	25000	miss	0
phantom-01	18	Pulse	255	1507365	17338	0
phantom-01	19	Pulse	255	1527365	1257	0
phantom-01	19	Picture	62	1536108	10000	1	25226	1	10000	25000	miss	0
phantom-01	19	Pulse	255	1547365	21258	0
phantom-01	20	Pulse	255	1567365	5179	0
phantom-01	20	Picture	61	1572187	10000	1	25226	1	10000	25000	miss	0
phantom-01	20	Pulse	255	1587366	25179	0
phantom-01	21	Pulse	255	1607366	9223	0
phantom-01	21	Picture	61	1608143	10000	1	25226	1	10000	25000	miss	0
phantom-01	21	Pulse	255	1627366	29223	0
phantom-01	22	Picture	62	1644219	10000	1	25226	1	10000	25000	miss	0
phantom-01	22	Pulse	255	1647366	13146	0
phantom-01	22	Pulse	255	1667366	33146	0
phantom-01	23	Picture	Bfix	1669612	0	1	200733	1	0	200000	other	0
phantom-01	23	Pulse	255	1687366	17754	0
phantom-01	23	Pulse	255	1707366	37754	0
phantom-01	23	Pulse	255	1727366	57754	0
phantom-01	23	Pulse	255	1747366	77754	0
phantom-01	23	Pulse	255	1767365	97753	0
phantom-01	23	Pulse	255	1787366	117754	0
phantom-01	23	Pulse	255	1807366	137754	0
phantom-01	23	Pulse	255	1827366	157754	0
phantom-01	23	Pulse	255	1847366	177754	0
phantom-01	23	Pulse	255	1867366	197754	0
phantom-01	24	Picture	11	1880344	10000	1	25226	1	10000	25000	miss	0
phantom-01	24	Pulse	255	1887366	17022	0
phantom-01	25	Pulse	255	1907367	898	0
phantom-01	25	Picture	11	1916469	10000	1	25226	1	10000	25000	miss	0
phantom-01	25	Pulse	255	1927366	20898	0
phantom-01	26	Pulse	255	1947366	4802	0
phantom-01	26	Picture	11	1952565	10000	1	25227	1	10000	25000	miss	0
phantom-01	26	Pulse	255	1967366	24801	0
phantom-01	27	Pulse	255	1987367	8693	0
phantom-01	27	Picture	12	1988674	10000	1	25226	1	10000	25000	miss	0
phantom-01	27	Pulse	255	2007366	28692	0
phantom-01	28	Picture	11	2024780	10000	1	25226	1	10000	25000	miss	0
phantom-01	28	Pulse	255	2027366	12586	0
phantom-01	28	Pulse	255	2047367	32587	0
phantom-01	29	Picture	11	2060867	10000	1	25226	1	10000	25000	miss	0
phantom-01	29	Pulse	255	2067366	16500	0
phantom-01	30	Pulse	255	2087367	405	0
phantom-01	30	Picture	11	2096961	10000	1	25226	1	10000	25000	miss	0
phantom-01	30	Pulse	255	2107366	20405	0
phantom-01	31	Pulse	255	2127367	4300	0
phantom-01	31	Picture	12	2133066	10000	1	25226	1	10000	25000	miss	0
phantom-01	31	Pulse	255	2147367	24300	0
phantom-01	32	Pulse	255	2167367	8210	0
phantom-01	32	Picture	11	2169156	10000	1	25226	1	10000	25000	miss	0
phantom-01	32	Pulse	255	2187367	28211	0
phantom-01	33	Picture	12	2205258	10000	1	25226	1	10000	25000	miss	0
phantom-01	33	Pulse	255	2207367	12109	0
phantom-01	33	Pulse	255	2227367	32109	0
phantom-01	34	Picture	Bfix	2230650	0	1	200877	1	0	200000	other	0
phantom-01	34	Pulse	255	2247367	16717	0
phantom-01	34	Pulse	255	2267367	36717	0
phantom-01	34	Pulse	255	2287368	56718	0
phantom-01	34	Pulse	255	2307367	76717	0
phantom-01	34	Pulse	255	2327368	96718	0
phantom-01	34	Pulse	255	2347367	116717	0
phantom-01	34	Pulse	255	2367368	136718	0
phantom-01	34	Pulse	255	2387368	156718	0
phantom-01	34	Pulse	255	2407367	176716	1
phantom-01	34	Pulse	255	2427368	196717	0
phantom-01	35	Picture	61	2441526	10000	1	25226	1	10000	25000	miss	0
phantom-01	35	Pulse	255	2447368	15841	0
phantom-01	35	Pulse	255	2466753	35226	615
phantom-01	36	Picture	62	2477644	10000	1	25226	1	10000	25000	miss	0
phantom-01	36	Pulse	255	2487368	19724	0
phantom-01	37	Pulse	255	2507368	3629	0
phantom-01	37	Picture	61	2513738	10000	1	25226	1	10000	25000	miss	0
phantom-01	37	Pulse	255	2527368	23630	0
phantom-01	38	Pulse	255	2547368	7670	0
phantom-01	38	Picture	61	2549698	10000	1	25226	1	10000	25000	miss	0
phantom-01	38	Pulse	255	2567368	27670	0
phantom-01	39	Picture	62	2585780	10000	1	25226	1	10000	25000	miss	0
phantom-01	39	Pulse	255	2587368	11588	0
phantom-01	39	Pulse	255	2607368	31588	0
phantom-01	40	Picture	61	2621891	10000	1	25226	1	10000	25000	miss	0
phantom-01	40	Pulse	255	2627368	15477	0
phantom-01	40	Pulse	255	2647117	35226	252
phantom-01	41	Picture	62	2657966	10000	1	25226	1	10000	25000	miss	0
phantom-01	41	Pulse	255	2667368	19402	0
phantom-01	42	Pulse	255	2687368	3309	0
phantom-01	42	Picture	61	2694060	10000	1	25226	1	10000	25000	miss	0
phantom-01	42	Pulse	255	2707367	23308	0
phantom-01	43	Pulse	255	2727368	7201	0
phantom-01	43	Picture	62	2730167	10000	1	25226	1	10000	25000	miss	0
phantom-01	43	Pulse	255	2747367	27200	0
phantom-01	44	Picture	61	2766268	10000	1	25226	1	10000	25000	miss	0
phantom-01	44	Pulse	255	2767369	11101	0
phantom-01	44	Pulse	255	2787368	31100	0
phantom-01	45	Picture	Bfix	2791661	0	1	200889	1	0	200000	other	0
phantom-01	45	Pulse	255	2807368	15708	0
phantom-01	45	Pulse	255	2827368	35707	0
phantom-01	45	Pulse	255	2847368	55708	0
phantom-01	45	Pulse	255	2867369	75708	0
phantom-01	45	Pulse	255	2887369	95708	0
phantom-01	45	Pulse	255	2907369	115708	0
phantom-01	45	Pulse	255	2927369	135708	0
phantom-01	45	Pulse	255	2947369	155708	0
phantom-01	45	Pulse	255	2967369	175709	0
phantom-01	45	Pulse	255	2987369	195708	0
phantom-01	46	Picture	12	3002549	10000	1	25226	1	10000	25000	miss	0
phantom-01	46	Pulse	255	3007369	14820	0
phantom-01	46	Pulse	255	3027369	34820	0
phantom-01	47	Picture	11	3038663	10000	1	25226	1	10000	25000	miss	0
phantom-01	47	Pulse	255	3047369	18706	0
phantom-01	48	Pulse	255	3067369	2598	0
phantom-01	48	Picture	11	3074772	10000	1	25226	1	10000	25000	miss	0
phantom-01	48	Pulse	255	3087369	22597	0
phantom-01	49	Pulse	255	3107369	6503	0
phantom-01	49	Picture	12	3110866	10000	1	25226	1	10000	25000	miss	0
phantom-01	49	Pulse	255	3127369	26503	0
phantom-01	50	Picture	12	3146962	10000	1	25226	1	10000	25000	miss	0
phantom-01	50	Pulse	255	3147369	10407	0
phantom-01	50	Pulse	255	3167369	30407	0
phantom-01	51	Picture	12	3183055	10000	1	25226	1	10000	25000	miss	0
phantom-01	51	Pulse	255	3187369	14315	0
phantom-01	51	Pulse	255	3207370	34315	0
phantom-01	52	Picture	12	3219155	10000	1	25226	1	10000	25000	miss	0
phantom-01	52	Pulse	255	3227370	18215	0
phantom-01	53	Pulse	255	3247369	2117	0
phantom-01	53	Picture	12	3255252	10000	1	25226	1	10000	25000	miss	0
phantom-01	53	Pulse	255	3267370	22118	0
phantom-01	54	Pulse	255	3287370	6025	0
phantom-01	54	Picture	12	3291345	10000	1	25226	1	10000	25000	miss	0
phantom-01	54	Pulse	255	3307370	26025	0
phantom-01	55	Picture	Bfix	3316737	0	1	200226	1	0	200000	other	0
phantom-01	55	Pulse	255	3327369	10632	0
phantom-01	55	Pulse	255	3347370	30632	0
phantom-01	55	Pulse	255	3367370	50633	0
phantom-01	55	Pulse	255	3387370	70633	0
phantom-01	55	Pulse	255	3407369	90632	0
phantom-01	55	Pulse	255	3427370	110633	0
phantom-01	55	Pulse	255	3447370	130633	0
phantom-01	55	Pulse	255	3467370	150633	0
phantom-01	55	Pulse	255	3487370	170633	0
phantom-01	55	Pulse	255	3507370	190633	0
phantom-01	56	Pulse	255	3527370	9586	0
phantom-01	56	Picture	62	3527784	10000	1	25226	1	10000	25000	miss	0
phantom-01	56	Pulse	255	3547370	29585	0
phantom-01	57	Picture	61	3563883	10000	1	25226	1	10000	25000	miss	0
phantom-01	57	Pulse	255	3567370	13487	0
phantom-01	57	Pulse	255	3587370	33487	0
phantom-01	58	Picture	61	3599970	10000	1	25226	1	10000	25000	miss	0
phantom-01	58	Pulse	255	3607370	17400	0
phantom-01	59	Pulse	255	3627370	1288	0
phantom-01	59	Picture	62	3636083	10000	1	25226	1	10000	25000	miss	0
phantom-01	59	Pulse	255	3647371	21289	0
phantom-01	60	Pulse	255	3667371	5201	0
phantom-01	60	Picture	62	3672169	10000	1	25226	1	10000	25000	miss	0
phantom-01	60	Pulse	255	3687370	25201	0
phantom-01	61	Pulse	255	3707371	9100	0
phantom-01	61	Picture	62	3708271	10000	1	25226	1	10000	25000	miss	0
phantom-01	61	Pulse	255	3727371	29100	0
phantom-01	62	Picture	62	3744379	10000	1	25226	1	10000	25000	miss	0
phantom-01	62	Pulse	255	3747371	12992	0
phantom-01	62	Pulse	255	3767371	32992	0
phantom-01	63	Picture	62	3780498	10000	1	25226	1	10000	25000	miss	0
phantom-01	63	Pulse	255	3787371	16874	0
phantom-01	64	Pulse	255	3807371	782	0
phantom-01	64	Picture	61	3816588	10000	1	25226	1	10000	25000	miss	0
phantom-01	64	Pulse	255	3827371	20783	0
phantom-01	65	Pulse	255	3847372	4684	0
phantom-01	65	Picture	61	3852687	10000	1	25226	1	10000	25000	miss	0
phantom-01	65	Pulse	255	3867372	24684	0
phantom-01	66	Picture	Bfix	3878080	0	1	211604	1	0	200000	other	0
phantom-01	66	Pulse	255	3887371	9291	0
phantom-01	66	Pulse	255	3907370	29290	0
phantom-01	66	Pulse	255	3927372	49292	0
phantom-01	66	Pulse	255	3947371	69291	0
phantom-01	66	Pulse	255	3967372	89292	0
phantom-01	66	Pulse	255	3987371	109291	0
phantom-01	66	Pulse	255	4007371	129291	0
phantom-01	66	Pulse	255	4027361	149281	0
phantom-01	66	Pulse	255	4047362	169282	0
phantom-01	66	Pulse	255	4067361	189281	0
