Scenario - loca_mcse
Logfile written - 04/26/2018 16:19:37

Subject	Trial	Event Type	Code	Time	TTime	Uncertainty	Duration	Uncertainty	ReqTime	ReqDur	Stim Type	Pair Index

pilot2	0	Pulse	255	23332	23332	0
pilot2	1	Nothing	cut	23411	0	1			0		other	0
pilot2	1	Nothing	cut	28411	5000	1			5000		other	0
pilot2	2	Picture	Bfix	33477	0	1	200942	1	0	200000	other	0
pilot2	3	Picture	11	244251	10000	1	25065	1	10000	25000	incorrect	6
pilot2	3	Response	1	255429	21178	1
pilot2	4	Picture	12	280034	10000	1	25065	1	10000	25000	hit	8
pilot2	4	Response	2	293500	23466	1
pilot2	5	Picture	12	315820	10000	1	25065	1	10000	25000	incorrect	10
pilot2	5	Response	1	325146	19327	1
pilot2	6	Picture	11	351453	10000	1	25065	1	10000	25000	hit	12
pilot2	6	Response	2	358297	16843	1
pilot2	7	Picture	12	387235	10000	1	25065	1	10000	25000	incorrect	14
pilot2	7	Response	1	392557	15322	1
pilot2	8	Picture	12	423019	10000	1	25065	1	10000	25000	hit	16
pilot2	8	Response	2	428907	15888	1
pilot2	9	Picture	12	458806	10000	1	25065	1	10000	25000	incorrect	18
pilot2	9	Response	1	463996	15190	1
pilot2	10	Picture	11	494593	10000	1	25065	1	10000	25000	hit	20
pilot2	10	Response	2	500475	15882	1
pilot2	11	Picture	11	530390	10000	1	25065	1	10000	25000	hit	22
pilot2	11	Response	2	536148	15758	1
pilot2	12	Picture	11	566162	10000	1	25065	1	10000	25000	hit	24
pilot2	12	Response	2	572299	16137	1
pilot2	13	Picture	Bfix	591394	0	1	200896	1	0	200000	other	0
pilot2	14	Picture	61	802123	10000	1	25065	1	10000	25000	hit	27
pilot2	14	Response	2	823748	31626	1
pilot2	15	Picture	62	837913	10000	1	25065	1	10000	25000	hit	29
pilot2	15	Response	2	857833	29920	1
pilot2	16	Picture	61	873690	10000	1	25065	1	10000	25000	incorrect	31
pilot2	16	Response	1	883902	20212	1
pilot2	17	Picture	62	909475	10000	1	25065	1	10000	25000	hit	33
pilot2	17	Response	2	927377	27902	1
pilot2	18	Picture	61	945114	10000	1	25065	1	10000	25000	incorrect	35
pilot2	18	Response	1	963233	28118	1
pilot2	19	Picture	61	980889	10000	1	25065	1	10000	25000	hit	37
pilot2	19	Response	2	997325	26436	1
pilot2	20	Picture	62	1016705	10000	1	25065	1	10000	25000	incorrect	39
pilot2	20	Response	1	1026535	19830	1
pilot2	21	Picture	61	1052459	10000	1	25065	1	10000	25000	hit	41
pilot2	21	Response	2	1071417	28958	1
pilot2	22	Picture	62	1088252	10000	1	25065	1	10000	25000	miss	0
pilot2	23	Picture	62	1124032	10000	1	25065	1	10000	25000	hit	44
pilot2	23	Response	2	1146596	32564	1
pilot2	24	Picture	Bfix	1149264	0	1	200903	1	0	200000	other	0
pilot2	25	Picture	11	1360000	10000	1	25065	1	10000	25000	incorrect	47
pilot2	25	Response	1	1368794	18794	1
pilot2	26	Picture	12	1395778	10000	1	25065	1	10000	25000	incorrect	49
pilot2	26	Response	1	1400876	15098	1
pilot2	27	Picture	12	1431567	10000	1	25065	1	10000	25000	hit	51
pilot2	27	Response	2	1437274	15707	1
pilot2	28	Picture	12	1467397	10000	1	25065	1	10000	25000	hit	53
pilot2	28	Response	2	1473072	15675	1
pilot2	29	Picture	11	1503135	10000	1	25065	1	10000	25000	incorrect	55
pilot2	29	Response	1	1507295	14160	1
pilot2	30	Picture	12	1538920	10000	1	25065	1	10000	25000	incorrect	57
pilot2	30	Response	1	1544077	15157	1
pilot2	31	Picture	11	1574561	10000	1	25065	1	10000	25000	hit	59
pilot2	31	Response	2	1579428	14867	1
pilot2	32	Picture	12	1610333	10000	1	25065	1	10000	25000	incorrect	61
pilot2	32	Response	1	1615682	15349	1
pilot2	33	Picture	12	1646120	10000	1	25065	1	10000	25000	hit	63
pilot2	33	Response	2	1651102	14982	1
pilot2	34	Picture	11	1681908	10000	1	25065	1	10000	25000	incorrect	65
pilot2	34	Response	1	1686237	14329	1
pilot2	35	Picture	Bfix	1707140	0	1	200893	1	0	200000	other	0
pilot2	36	Picture	62	1917865	10000	1	25065	1	10000	25000	hit	68
pilot2	36	Response	2	1938714	30849	1
pilot2	37	Picture	62	1953649	10000	1	25065	1	10000	25000	hit	70
pilot2	37	Response	2	1972478	28830	1
pilot2	38	Picture	62	1989436	10000	1	25065	1	10000	25000	incorrect	72
pilot2	38	Response	1	2002309	22873	1
pilot2	39	Picture	62	2025163	10000	1	25065	1	10000	25000	hit	74
pilot2	39	Response	2	2042151	26988	1
pilot2	40	Picture	62	2061010	10000	1	25065	1	10000	25000	hit	76
pilot2	40	Response	2	2077113	26103	1
pilot2	41	Picture	62	2096722	10000	1	25065	1	10000	25000	hit	78
pilot2	41	Response	2	2112291	25569	1
pilot2	42	Picture	62	2132378	10000	1	25065	1	10000	25000	hit	80
pilot2	42	Response	2	2149220	26842	1
pilot2	43	Picture	61	2168034	10000	1	25065	1	10000	25000	incorrect	82
pilot2	43	Response	1	2189803	31769	1
pilot2	44	Picture	61	2203670	10000	1	25065	1	10000	25000	incorrect	84
pilot2	44	Response	1	2210299	16629	1
pilot2	45	Picture	61	2239461	10000	1	25065	1	10000	25000	hit	86
pilot2	45	Response	2	2259481	30020	1
pilot2	46	Picture	Bfix	2264693	0	1	200741	1	0	200000	other	0
pilot2	47	Picture	11	2475266	10000	1	25065	1	10000	25000	hit	89
pilot2	47	Response	2	2481525	16260	1
pilot2	48	Picture	12	2511054	10000	1	25065	1	10000	25000	hit	91
pilot2	48	Response	2	2516096	15043	1
pilot2	49	Picture	12	2546692	10000	1	25065	1	10000	25000	incorrect	93
pilot2	49	Response	1	2551620	14928	1
pilot2	50	Picture	12	2582491	10000	1	25065	1	10000	25000	incorrect	95
pilot2	50	Response	1	2586922	14432	1
pilot2	51	Picture	12	2618253	10000	1	25065	1	10000	25000	incorrect	97
pilot2	51	Response	1	2622253	14000	1
pilot2	52	Picture	12	2654039	10000	1	25065	1	10000	25000	incorrect	99
pilot2	52	Response	1	2658375	14336	1
pilot2	53	Picture	11	2689824	10000	1	25065	1	10000	25000	hit	101
pilot2	53	Response	2	2696011	16187	1
pilot2	54	Picture	11	2725669	10000	1	25065	1	10000	25000	hit	103
pilot2	54	Response	2	2731848	16179	1
pilot2	55	Picture	11	2761393	10000	1	25065	1	10000	25000	hit	105
pilot2	55	Response	2	2765489	14097	1
pilot2	56	Picture	12	2797040	10000	1	25065	1	10000	25000	hit	107
pilot2	56	Response	2	2803225	16185	1
pilot2	57	Picture	Bfix	2822271	0	1	200908	1	0	200000	other	0
pilot2	58	Picture	61	3033012	10000	1	25065	1	10000	25000	hit	110
pilot2	58	Response	2	3045599	22587	1
pilot2	59	Picture	61	3068775	10000	1	25065	1	10000	25000	hit	112
pilot2	59	Response	2	3091459	32684	1
pilot2	60	Picture	62	3104552	10000	1	25065	1	10000	25000	incorrect	114
pilot2	60	Response	1	3117316	22764	1
pilot2	61	Picture	62	3140348	10000	1	25065	1	10000	25000	miss	0
pilot2	62	Picture	61	3176127	10000	1	25065	1	10000	25000	hit	117
pilot2	62	Response	2	3200316	34189	1
pilot2	63	Picture	61	3211770	10000	1	25065	1	10000	25000	hit	119
pilot2	63	Response	2	3229567	27798	1
pilot2	64	Picture	62	3247538	10000	1	25065	1	10000	25000	miss	0
pilot2	65	Picture	61	3283323	10000	1	25065	1	10000	25000	hit	122
pilot2	65	Response	2	3304218	30894	1
pilot2	66	Picture	61	3319131	10000	1	25065	1	10000	25000	hit	124
pilot2	66	Response	2	3337889	28758	1
pilot2	67	Picture	62	3354919	10000	1	25065	1	10000	25000	hit	126
pilot2	67	Response	2	3374470	29551	1
pilot2	68	Picture	Bfix	3380151	0	1	205014	1	0	200000	other	0
