Scenario - loca_mcse
Logfile written - 04/26/2018 14:17:58

Subject	Trial	Event Type	Code	Time	TTime	Uncertainty	Duration	Uncertainty	ReqTime	ReqDur	Stim Type	Pair Index

pilot1	0	Pulse	255	40348	40348	0
pilot1	2	Picture	Bfix	50496	0	1	200065	1	0	200000	other	0
pilot1	3	Picture	11	261338	10000	1	25065	1	10000	25000	incorrect	4
pilot1	3	Response	1	272824	21486	1
pilot1	4	Picture	11	297201	10000	1	25100	1	10000	25000	hit	6
pilot1	4	Response	2	305501	18300	1
pilot1	5	Picture	12	333060	10000	1	25065	1	10000	25000	incorrect	8
pilot1	5	Response	1	341687	18627	1
pilot1	6	Picture	11	368852	10000	1	25184	1	10000	25000	hit	10
pilot1	6	Response	2	374782	15930	1
pilot1	7	Picture	11	404789	10000	1	25065	1	10000	25000	incorrect	12
pilot1	7	Response	1	412712	17923	1
pilot1	8	Picture	11	440572	10000	1	25065	1	10000	25000	hit	14
pilot1	8	Response	2	446731	16158	1
pilot1	9	Picture	11	476362	10000	1	25065	1	10000	25000	incorrect	16
pilot1	9	Response	1	482413	16051	1
pilot1	10	Picture	12	512142	10000	1	25065	1	10000	25000	incorrect	18
pilot1	10	Response	1	518994	16853	1
pilot1	11	Picture	11	547932	10000	1	25065	1	10000	25000	incorrect	20
pilot1	11	Response	1	554302	16370	1
pilot1	12	Picture	11	583718	10000	1	25065	1	10000	25000	incorrect	22
pilot1	12	Response	1	591058	17340	1
pilot1	13	Picture	Bfix	608950	0	1	200894	1	0	200000	other	0
pilot1	14	Picture	61	819677	10000	1	25065	1	10000	25000	incorrect	25
pilot1	14	Response	1	831872	22195	1
pilot1	15	Picture	62	855460	10000	1	25065	1	10000	25000	miss	0
pilot1	16	Picture	61	891269	10000	1	25065	1	10000	25000	incorrect	28
pilot1	16	Response	1	906779	25510	1
pilot1	17	Picture	61	927027	10000	1	25065	1	10000	25000	hit	30
pilot1	17	Response	2	943254	26227	1
pilot1	18	Picture	61	962815	10000	1	25065	1	10000	25000	incorrect	32
pilot1	18	Response	1	970324	17509	1
pilot1	19	Picture	62	998771	10000	1	25065	1	10000	25000	hit	34
pilot1	19	Response	2	1011327	22555	1
pilot1	20	Picture	62	1034539	10000	1	25065	1	10000	25000	hit	36
pilot1	20	Response	2	1053538	28999	1
pilot1	21	Picture	61	1070182	10000	1	25065	1	10000	25000	hit	38
pilot1	21	Response	2	1090390	30208	1
pilot1	22	Picture	61	1105957	10000	1	25065	1	10000	25000	incorrect	40
pilot1	22	Response	1	1113181	17225	1
pilot1	23	Picture	62	1141738	10000	1	25065	1	10000	25000	miss	0
pilot1	24	Picture	Bfix	1166970	0	1	200901	1	0	200000	other	0
pilot1	25	Picture	11	1377704	10000	1	25065	1	10000	25000	hit	44
pilot1	25	Response	2	1393042	25338	1
pilot1	26	Picture	11	1413497	10000	1	25065	1	10000	25000	incorrect	46
pilot1	26	Response	1	1421478	17981	1
pilot1	27	Picture	11	1449141	10000	1	25065	1	10000	25000	hit	48
pilot1	27	Response	2	1455502	16361	1
pilot1	28	Picture	12	1484903	10000	1	25065	1	10000	25000	incorrect	50
pilot1	28	Response	1	1490539	15636	1
pilot1	29	Picture	11	1520693	10000	1	25065	1	10000	25000	incorrect	52
pilot1	29	Response	1	1527786	17093	1
pilot1	30	Picture	11	1556471	10000	1	25065	1	10000	25000	hit	54
pilot1	30	Response	2	1562077	15606	1
pilot1	31	Picture	11	1592307	10000	1	25065	1	10000	25000	incorrect	56
pilot1	31	Response	1	1598700	16393	1
pilot1	32	Picture	12	1628044	10000	1	25065	1	10000	25000	incorrect	58
pilot1	32	Response	1	1639174	21130	1
pilot1	33	Picture	11	1663829	10000	1	25065	1	10000	25000	incorrect	60
pilot1	33	Response	1	1671053	17224	1
pilot1	34	Picture	12	1699612	10000	1	25065	1	10000	25000	hit	62
pilot1	34	Response	2	1706104	16492	1
pilot1	35	Picture	Bfix	1724844	0	1	200899	1	0	200000	other	0
pilot1	36	Picture	61	1935576	10000	1	25065	1	10000	25000	miss	0
pilot1	37	Picture	62	1971215	10000	1	25065	1	10000	25000	incorrect	66
pilot1	37	Response	1	1981880	20665	1
pilot1	38	Picture	61	2006987	10000	1	25065	1	10000	25000	incorrect	68
pilot1	38	Response	1	2017771	20783	1
pilot1	39	Picture	61	2042948	10000	1	25065	1	10000	25000	incorrect	70
pilot1	39	Response	1	2056387	23439	1
pilot1	40	Picture	62	2078725	10000	1	25065	1	10000	25000	incorrect	72
pilot1	40	Response	1	2086932	18207	1
pilot1	41	Picture	61	2114500	10000	1	25065	1	10000	25000	hit	74
pilot1	41	Response	2	2126971	22471	1
pilot1	42	Picture	62	2150286	10000	1	25065	1	10000	25000	hit	76
pilot1	42	Response	2	2163510	23224	1
pilot1	43	Picture	61	2186070	10000	1	25065	1	10000	25000	incorrect	78
pilot1	43	Response	1	2208275	32205	1
pilot1	44	Picture	62	2221877	10000	1	25065	1	10000	25000	hit	80
pilot1	44	Response	2	2236246	24370	1
pilot1	45	Picture	61	2257639	10000	1	25065	1	10000	25000	hit	82
pilot1	45	Response	2	2277076	29437	1
pilot1	46	Picture	Bfix	2282871	0	1	200746	1	0	200000	other	0
pilot1	47	Picture	12	2493450	10000	1	25065	1	10000	25000	hit	85
pilot1	47	Response	2	2503046	19596	1
pilot1	48	Picture	11	2529095	10000	1	25065	1	10000	25000	hit	87
pilot1	48	Response	2	2534418	15323	1
pilot1	49	Picture	11	2564860	10000	1	25065	1	10000	25000	hit	89
pilot1	49	Response	2	2569561	14702	1
pilot1	50	Picture	12	2600499	10000	1	25065	1	10000	25000	hit	91
pilot1	50	Response	2	2608105	17606	1
pilot1	51	Picture	12	2636277	10000	1	25065	1	10000	25000	hit	93
pilot1	51	Response	2	2642000	15723	1
pilot1	52	Picture	12	2672059	10000	1	25065	1	10000	25000	incorrect	95
pilot1	52	Response	1	2677518	15458	1
pilot1	53	Picture	12	2707844	10000	1	25065	1	10000	25000	incorrect	97
pilot1	53	Response	1	2714304	16461	1
pilot1	54	Picture	12	2743651	10000	1	25065	1	10000	25000	hit	99
pilot1	54	Response	2	2748428	14777	1
pilot1	55	Picture	12	2779411	10000	1	25065	1	10000	25000	incorrect	101
pilot1	55	Response	1	2784918	15507	1
pilot1	56	Picture	Bfix	2804643	0	1	200065	1	0	200000	other	0
pilot1	57	Picture	62	3015409	10000	1	25065	1	10000	25000	incorrect	104
pilot1	57	Response	1	3025381	19973	1
pilot1	58	Picture	61	3051176	10000	1	25065	1	10000	25000	incorrect	106
pilot1	58	Response	1	3066742	25566	1
pilot1	59	Picture	61	3086946	10000	1	25065	1	10000	25000	incorrect	108
pilot1	59	Response	1	3092761	15814	1
pilot1	60	Picture	62	3122738	10000	1	25065	1	10000	25000	incorrect	110
pilot1	60	Response	1	3132134	19397	1
pilot1	61	Picture	62	3158380	10000	1	25065	1	10000	25000	incorrect	112
pilot1	61	Response	1	3165066	16686	1
pilot1	62	Picture	62	3194145	10000	1	25065	1	10000	25000	hit	114
pilot1	62	Response	2	3207921	23776	1
pilot1	63	Picture	62	3229944	10000	1	25065	1	10000	25000	incorrect	116
pilot1	63	Response	1	3235837	15893	1
pilot1	64	Picture	62	3265713	10000	1	25065	1	10000	25000	hit	118
pilot1	64	Response	2	3277719	22006	1
pilot1	65	Picture	61	3301501	10000	1	25065	1	10000	25000	hit	120
pilot1	65	Response	2	3318699	27198	1
pilot1	66	Picture	61	3337288	10000	1	25065	1	10000	25000	incorrect	122
pilot1	66	Response	1	3344026	16738	1
pilot1	67	Picture	Bfix	3362520	0	1	200065	1	0	200000	other	0
