Scenario - loca_mcse
Logfile written - 05/29/2018 09:42:59

Subject	Trial	Event Type	Code	Time	TTime	Uncertainty	Duration	Uncertainty	ReqTime	ReqDur	Stim Type	Pair Index

sub-11_1	0	Pulse	255	683802	683802	0
sub-11_1	1	Picture	Bfix	683873	0	1	200895	1	0	200000	other	0
sub-11_1	1	Pulse	255	703802	19929	0
sub-11_1	1	Pulse	255	723800	39928	1
sub-11_1	1	Pulse	255	743802	59929	0
sub-11_1	1	Pulse	255	763802	79929	0
sub-11_1	1	Pulse	255	783802	99929	0
sub-11_1	1	Pulse	255	803802	119929	0
sub-11_1	1	Pulse	255	823802	139929	0
sub-11_1	1	Pulse	255	843802	159929	0
sub-11_1	1	Pulse	255	863802	179929	0
sub-11_1	1	Pulse	255	883802	199929	0
sub-11_1	2	Picture	11	894771	10000	1	25174	1	10000	25000	hit	15
sub-11_1	2	Pulse	255	903802	19032	0
sub-11_1	2	Response	1	904082	19311	1
sub-11_1	3	Pulse	255	923803	3021	0
sub-11_1	3	Picture	11	930782	10000	1	25174	1	10000	25000	hit	18
sub-11_1	3	Response	1	939782	19000	1
sub-11_1	3	Pulse	255	943802	23021	0
sub-11_1	4	Pulse	255	963802	7009	0
sub-11_1	4	Picture	12	966793	10000	1	25174	1	10000	25000	hit	22
sub-11_1	4	Response	2	972972	16180	1
sub-11_1	4	Pulse	255	983802	27009	0
sub-11_1	5	Picture	11	1002804	10000	1	25174	1	10000	25000	hit	26
sub-11_1	5	Pulse	255	1003802	10998	0
sub-11_1	5	Response	1	1008393	15589	1
sub-11_1	5	Pulse	255	1023802	30999	0
sub-11_1	6	Picture	11	1038648	10000	1	25174	1	10000	25000	hit	29
sub-11_1	6	Response	1	1042903	14255	1
sub-11_1	6	Pulse	255	1043802	15154	0
sub-11_1	6	Pulse	255	1063803	35155	0
sub-11_1	7	Picture	11	1074659	10000	1	25174	1	10000	25000	hit	33
sub-11_1	7	Response	1	1080363	15704	1
sub-11_1	7	Pulse	255	1083803	19144	0
sub-11_1	8	Pulse	255	1103803	3300	0
sub-11_1	8	Picture	11	1110503	10000	1	25174	1	10000	25000	hit	37
sub-11_1	8	Response	1	1117963	17459	1
sub-11_1	8	Pulse	255	1123803	23300	0
sub-11_1	9	Pulse	255	1143803	7456	0
sub-11_1	9	Picture	12	1146348	10000	1	25174	1	10000	25000	hit	41
sub-11_1	9	Response	2	1151242	14895	1
sub-11_1	9	Pulse	255	1163803	27456	0
sub-11_1	10	Picture	11	1182192	10000	1	25174	1	10000	25000	hit	45
sub-11_1	10	Pulse	255	1183803	11611	0
sub-11_1	10	Response	1	1187913	15721	1
sub-11_1	10	Pulse	255	1203804	31612	0
sub-11_1	11	Picture	11	1218203	10000	1	25174	1	10000	25000	hit	49
sub-11_1	11	Pulse	255	1223803	15600	0
sub-11_1	11	Response	1	1225143	16940	1
sub-11_1	12	Picture	Bfix	1243544	0	1	200228	1	0	200000	other	0
sub-11_1	12	Pulse	255	1243803	259	0
sub-11_1	12	Pulse	255	1263804	20259	0
sub-11_1	12	Pulse	255	1283804	40260	0
sub-11_1	12	Pulse	255	1303804	60260	0
sub-11_1	12	Pulse	255	1323804	80260	0
sub-11_1	12	Pulse	255	1343804	100260	0
sub-11_1	12	Pulse	255	1363804	120260	0
sub-11_1	12	Pulse	255	1383804	140260	0
sub-11_1	12	Pulse	255	1403804	160260	0
sub-11_1	12	Pulse	255	1423804	180260	0
sub-11_1	12	Pulse	255	1443773	200229	32
sub-11_1	13	Picture	61	1454442	10000	1	25174	1	10000	25000	hit	64
sub-11_1	13	Pulse	255	1463804	19362	0
sub-11_1	13	Response	1	1470184	25741	2
sub-11_1	14	Pulse	255	1483804	3351	0
sub-11_1	14	Picture	62	1490453	10000	1	25174	1	10000	25000	hit	68
sub-11_1	14	Pulse	255	1503804	23351	0
sub-11_1	14	Response	1	1513313	32860	1
sub-11_1	15	Pulse	255	1523805	7341	0
sub-11_1	15	Picture	61	1526464	10000	1	25174	1	10000	25000	hit	71
sub-11_1	15	Response	1	1535405	18941	1
sub-11_1	15	Pulse	255	1543805	27340	0
sub-11_1	16	Picture	61	1562475	10000	1	25174	1	10000	25000	hit	76
sub-11_1	16	Pulse	255	1563805	11329	0
sub-11_1	16	Pulse	255	1583805	31330	0
sub-11_1	16	Response	1	1586225	33750	1
sub-11_1	17	Picture	61	1598486	10000	1	25174	1	10000	25000	hit	79
sub-11_1	17	Pulse	255	1603805	15319	0
sub-11_1	17	Response	1	1616125	27639	1
sub-11_1	17	Pulse	255	1623661	35175	145
sub-11_1	18	Picture	62	1634330	10000	1	25174	1	10000	25000	incorrect	83
sub-11_1	18	Pulse	255	1643805	19475	0
sub-11_1	18	Response	2	1645705	21374	1
sub-11_1	19	Pulse	255	1663805	3630	0
sub-11_1	19	Picture	62	1670175	10000	1	25174	1	10000	25000	incorrect	86
sub-11_1	19	Response	2	1681845	21670	1
sub-11_1	19	Pulse	255	1683805	23630	0
sub-11_1	20	Pulse	255	1703805	7619	0
sub-11_1	20	Picture	61	1706186	10000	1	25174	1	10000	25000	hit	90
sub-11_1	20	Response	1	1719335	23149	1
sub-11_1	20	Pulse	255	1723805	27619	0
sub-11_1	21	Picture	61	1742197	10000	1	25174	1	10000	25000	hit	94
sub-11_1	21	Pulse	255	1743795	11598	0
sub-11_1	21	Response	1	1756935	24738	1
sub-11_1	21	Pulse	255	1763796	31599	0
sub-11_1	22	Picture	62	1778208	10000	1	25174	1	10000	25000	incorrect	98
sub-11_1	22	Pulse	255	1783795	15588	0
sub-11_1	22	Response	2	1790575	22367	1
sub-11_1	23	Picture	Bfix	1803549	0	1	200228	1	0	200000	other	0
sub-11_1	23	Pulse	255	1803796	247	0
sub-11_1	23	Pulse	255	1823796	20247	0
sub-11_1	23	Pulse	255	1843796	40247	0
sub-11_1	23	Pulse	255	1863796	60247	0
sub-11_1	23	Pulse	255	1883796	80247	0
sub-11_1	23	Pulse	255	1903796	100247	0
sub-11_1	23	Pulse	255	1923796	120247	0
sub-11_1	23	Pulse	255	1943796	140247	0
sub-11_1	23	Pulse	255	1963796	160247	0
sub-11_1	23	Pulse	255	1983796	180247	0
sub-11_1	23	Pulse	255	2003777	200229	23
sub-11_1	24	Picture	11	2014614	10000	1	25174	1	10000	25000	hit	113
sub-11_1	24	Pulse	255	2023796	19183	0
sub-11_1	24	Response	1	2025136	20522	1
sub-11_1	25	Pulse	255	2043796	3172	0
sub-11_1	25	Picture	11	2050625	10000	1	25174	1	10000	25000	hit	116
sub-11_1	25	Response	1	2056226	15602	1
sub-11_1	25	Pulse	255	2063796	23172	0
sub-11_1	26	Pulse	255	2083797	7161	0
sub-11_1	26	Picture	11	2086636	10000	1	25174	1	10000	25000	hit	120
sub-11_1	26	Response	1	2092495	15860	1
sub-11_1	26	Pulse	255	2103796	27160	0
sub-11_1	27	Picture	12	2122647	10000	1	25174	1	10000	25000	hit	124
sub-11_1	27	Pulse	255	2123796	11149	0
sub-11_1	27	Response	2	2127986	15340	1
sub-11_1	27	Pulse	255	2143797	31150	0
sub-11_1	28	Picture	11	2158824	10000	1	25174	1	10000	25000	hit	128
sub-11_1	28	Pulse	255	2163797	14973	0
sub-11_1	28	Response	1	2165927	17103	1
sub-11_1	28	Pulse	255	2183797	34973	0
sub-11_1	29	Picture	11	2195002	10000	1	25174	1	10000	25000	hit	131
sub-11_1	29	Response	1	2201457	16455	1
sub-11_1	29	Pulse	255	2203797	18795	0
sub-11_1	30	Pulse	255	2223797	2784	0
sub-11_1	30	Picture	11	2231013	10000	1	25174	1	10000	25000	hit	135
sub-11_1	30	Response	1	2237447	16434	1
sub-11_1	30	Pulse	255	2243797	22784	0
sub-11_1	31	Pulse	255	2263797	6940	0
sub-11_1	31	Picture	12	2266857	10000	1	25174	1	10000	25000	hit	139
sub-11_1	31	Response	2	2274147	17290	1
sub-11_1	31	Pulse	255	2283797	26940	0
sub-11_1	32	Picture	11	2302868	10000	1	25174	1	10000	25000	hit	143
sub-11_1	32	Pulse	255	2303797	10928	0
sub-11_1	32	Response	1	2308358	15489	1
sub-11_1	32	Pulse	255	2323798	30929	0
sub-11_1	33	Picture	12	2338879	10000	1	25174	1	10000	25000	hit	147
sub-11_1	33	Pulse	255	2343797	14918	0
sub-11_1	33	Response	2	2344627	15747	1
sub-11_1	33	Pulse	255	2363798	34918	0
sub-11_1	34	Picture	Bfix	2364221	0	1	200895	1	0	200000	other	0
sub-11_1	34	Pulse	255	2383798	19577	0
sub-11_1	34	Pulse	255	2403798	39577	0
sub-11_1	34	Pulse	255	2423798	59577	0
sub-11_1	34	Pulse	255	2443798	79577	0
sub-11_1	34	Pulse	255	2463798	99577	0
sub-11_1	34	Pulse	255	2483798	119577	0
sub-11_1	34	Pulse	255	2503798	139578	0
sub-11_1	34	Pulse	255	2523798	159578	0
sub-11_1	34	Pulse	255	2543798	179577	0
sub-11_1	34	Pulse	255	2563797	199577	1
sub-11_1	35	Picture	61	2575118	10000	1	25174	1	10000	25000	incorrect	162
sub-11_1	35	Pulse	255	2583798	18679	0
sub-11_1	35	Response	1	2593419	28300	1
sub-11_1	36	Pulse	255	2603799	2503	0
sub-11_1	36	Picture	62	2611296	10000	1	25174	1	10000	25000	hit	166
sub-11_1	36	Pulse	255	2623798	22502	0
sub-11_1	36	Response	2	2629489	28192	1
sub-11_1	37	Pulse	255	2643799	6491	0
sub-11_1	37	Picture	61	2647307	10000	1	25174	1	10000	25000	incorrect	169
sub-11_1	37	Response	1	2659109	21801	1
sub-11_1	37	Pulse	255	2663799	26491	0
sub-11_1	38	Picture	61	2683485	10000	1	25174	1	10000	25000	miss	0
sub-11_1	38	Pulse	255	2683799	10314	0
sub-11_1	38	Pulse	255	2703799	30314	0
sub-11_1	39	Response	1	2710949	1453	1
sub-11_1	39	Picture	62	2719496	10000	1	25174	1	10000	25000	hit	177
sub-11_1	39	Pulse	255	2723799	14303	0
sub-11_1	39	Response	2	2728709	19213	1
sub-11_1	39	Pulse	255	2743799	34303	0
sub-11_1	40	Picture	61	2755340	10000	1	25174	1	10000	25000	incorrect	181
sub-11_1	40	Pulse	255	2763799	18459	0
sub-11_1	40	Response	1	2768989	23649	1
sub-11_1	41	Pulse	255	2783799	2448	0
sub-11_1	41	Picture	62	2791351	10000	1	25174	1	10000	25000	hit	185
sub-11_1	41	Pulse	255	2803799	22448	0
sub-11_1	41	Response	2	2804729	23377	1
sub-11_1	42	Pulse	255	2823799	6437	0
sub-11_1	42	Picture	61	2827362	10000	1	25174	1	10000	25000	incorrect	189
sub-11_1	42	Pulse	255	2843799	26437	0
sub-11_1	42	Response	1	2846199	28837	1
sub-11_1	43	Picture	62	2863373	10000	1	25174	1	10000	25000	miss	0
sub-11_1	43	Pulse	255	2863800	10426	0
sub-11_1	43	Pulse	255	2883800	30426	0
sub-11_1	44	Response	2	2889489	271	1
sub-11_1	44	Picture	61	2899218	10000	1	25174	1	10000	25000	incorrect	196
sub-11_1	44	Pulse	255	2903800	14582	0
sub-11_1	44	Response	1	2915110	25892	1
sub-11_1	44	Pulse	255	2923800	34582	0
sub-11_1	45	Picture	Bfix	2924559	0	1	200728	1	0	200000	other	0
sub-11_1	45	Pulse	255	2943800	19241	0
sub-11_1	45	Pulse	255	2963799	39241	0
sub-11_1	45	Pulse	255	2983800	59241	0
sub-11_1	45	Pulse	255	3003800	79241	0
sub-11_1	45	Pulse	255	3023800	99242	0
sub-11_1	45	Pulse	255	3043800	119242	0
sub-11_1	45	Pulse	255	3063800	139242	0
sub-11_1	45	Pulse	255	3083800	159241	0
sub-11_1	45	Pulse	255	3103800	179242	0
sub-11_1	45	Pulse	255	3123800	199242	0
sub-11_1	46	Picture	12	3135290	10000	1	25174	1	10000	25000	hit	210
sub-11_1	46	Response	2	3142751	17461	1
sub-11_1	46	Pulse	255	3143800	18510	0
sub-11_1	47	Pulse	255	3163800	2499	0
sub-11_1	47	Picture	11	3171301	10000	1	25174	1	10000	25000	hit	214
sub-11_1	47	Response	1	3176690	15389	1
sub-11_1	47	Pulse	255	3183801	22500	0
sub-11_1	48	Pulse	255	3203801	6489	0
sub-11_1	48	Picture	11	3207312	10000	1	25174	1	10000	25000	hit	218
sub-11_1	48	Response	1	3213109	15797	1
sub-11_1	48	Pulse	255	3223801	26489	0
sub-11_1	49	Picture	12	3243323	10000	1	25174	1	10000	25000	hit	222
sub-11_1	49	Pulse	255	3243801	10478	0
sub-11_1	49	Response	2	3248651	15328	1
sub-11_1	49	Pulse	255	3263801	30478	0
sub-11_1	50	Picture	12	3279501	10000	1	25174	1	10000	25000	hit	226
sub-11_1	50	Pulse	255	3283801	14300	0
sub-11_1	50	Response	2	3285131	15630	1
sub-11_1	50	Pulse	255	3303801	34300	0
sub-11_1	51	Picture	12	3315345	10000	1	25174	1	10000	25000	hit	229
sub-11_1	51	Response	2	3322081	16736	1
sub-11_1	51	Pulse	255	3323801	18456	0
sub-11_1	52	Pulse	255	3343801	2445	0
sub-11_1	52	Picture	12	3351356	10000	1	25174	1	10000	25000	hit	233
sub-11_1	52	Response	2	3357221	15865	1
sub-11_1	52	Pulse	255	3363801	22445	0
sub-11_1	53	Pulse	255	3383801	6434	0
sub-11_1	53	Picture	12	3387367	10000	1	25174	1	10000	25000	hit	237
sub-11_1	53	Response	2	3393281	15914	1
sub-11_1	53	Pulse	255	3403802	26434	0
sub-11_1	54	Picture	12	3423378	10000	1	25174	1	10000	25000	hit	241
sub-11_1	54	Pulse	255	3423802	10423	0
sub-11_1	54	Response	2	3429921	16543	1
sub-11_1	54	Pulse	255	3443802	30424	0
sub-11_1	55	Picture	Bfix	3448719	0	1	200061	1	0	200000	other	0
sub-11_1	55	Pulse	255	3463803	15083	0
sub-11_1	55	Pulse	255	3483802	35083	0
sub-11_1	55	Pulse	255	3503802	55083	0
sub-11_1	55	Pulse	255	3523802	75083	0
sub-11_1	55	Pulse	255	3543802	95083	0
sub-11_1	55	Pulse	255	3563802	115083	0
sub-11_1	55	Pulse	255	3583803	135083	0
sub-11_1	55	Pulse	255	3603802	155083	0
sub-11_1	55	Pulse	255	3623802	175083	0
sub-11_1	55	Pulse	255	3643802	195083	0
sub-11_1	56	Picture	62	3659450	10000	1	25174	1	10000	25000	hit	256
sub-11_1	56	Pulse	255	3663802	14352	0
sub-11_1	56	Response	2	3666702	17252	1
sub-11_1	56	Pulse	255	3683802	34352	0
sub-11_1	57	Picture	61	3695295	10000	1	25174	1	10000	25000	incorrect	260
sub-11_1	57	Pulse	255	3703803	18508	0
sub-11_1	57	Response	1	3706643	21348	1
sub-11_1	58	Pulse	255	3723802	2497	0
sub-11_1	58	Picture	61	3731306	10000	1	25174	1	10000	25000	incorrect	264
sub-11_1	58	Pulse	255	3743802	22497	0
sub-11_1	58	Response	1	3753163	31857	1
sub-11_1	59	Pulse	255	3763803	6653	0
sub-11_1	59	Picture	62	3767150	10000	1	25174	1	10000	25000	hit	267
sub-11_1	59	Response	2	3777293	20143	1
sub-11_1	59	Pulse	255	3783803	26653	0
sub-11_1	60	Picture	62	3803161	10000	1	25174	1	10000	25000	hit	271
sub-11_1	60	Pulse	255	3803803	10642	0
sub-11_1	60	Response	2	3809353	16192	1
sub-11_1	60	Pulse	255	3823803	30642	0
sub-11_1	61	Picture	62	3839172	10000	1	25174	1	10000	25000	hit	275
sub-11_1	61	Pulse	255	3843803	14631	0
sub-11_1	61	Response	2	3859733	30561	1
sub-11_1	61	Pulse	255	3863803	34631	0
sub-11_1	62	Picture	62	3875183	10000	1	25174	1	10000	25000	hit	278
sub-11_1	62	Response	2	3880953	15770	1
sub-11_1	62	Pulse	255	3883803	18620	0
sub-11_1	63	Pulse	255	3903803	2609	0
sub-11_1	63	Picture	62	3911194	10000	1	25174	1	10000	25000	miss	0
sub-11_1	63	Pulse	255	3923803	22609	0
sub-11_1	64	Response	1	3937423	385	1
sub-11_1	64	Pulse	255	3943803	6765	0
sub-11_1	64	Picture	61	3947038	10000	1	25174	1	10000	25000	incorrect	287
sub-11_1	64	Pulse	255	3963804	26765	0
sub-11_1	64	Response	1	3965433	28395	1
sub-11_1	65	Picture	61	3983049	10000	1	25174	1	10000	25000	incorrect	290
sub-11_1	65	Pulse	255	3983804	10754	0
sub-11_1	65	Response	1	3989144	16094	1
sub-11_1	65	Pulse	255	4003794	30744	0
sub-11_1	66	Picture	Bfix	4008391	0	1	211868	1	0	200000	other	0
sub-11_1	66	Pulse	255	4023794	15403	0
sub-11_1	66	Pulse	255	4043794	35403	0
sub-11_1	66	Pulse	255	4063794	55403	0
sub-11_1	66	Pulse	255	4083794	75403	0
sub-11_1	66	Pulse	255	4103794	95404	0
sub-11_1	66	Pulse	255	4123794	115403	0
sub-11_1	66	Pulse	255	4143794	135404	0
sub-11_1	66	Pulse	255	4163794	155404	0
sub-11_1	66	Pulse	255	4183794	175404	0
sub-11_1	66	Pulse	255	4203794	195404	0
