Scenario - loca_mcse
Logfile written - 02/13/2019 17:51:42

Subject	Trial	Event Type	Code	Time	TTime	Uncertainty	Duration	Uncertainty	ReqTime	ReqDur	Stim Type	Pair Index

sub-01	0	Pulse	255	731780	731780	0
sub-01	1	Picture	Bfix	732008	0	1	200833	1	0	200000	other	0
sub-01	1	Pulse	255	751780	19772	0
sub-01	1	Pulse	255	771780	39772	0
sub-01	1	Pulse	255	791781	59772	0
sub-01	1	Pulse	255	811781	79772	0
sub-01	1	Pulse	255	831780	99772	0
sub-01	1	Pulse	255	851781	119772	0
sub-01	1	Pulse	255	871781	139773	0
sub-01	1	Pulse	255	891781	159772	0
sub-01	1	Pulse	255	911781	179773	0
sub-01	1	Pulse	255	931781	199773	0
sub-01	2	Picture	11	942841	10000	1	25226	1	10000	25000	hit	15
sub-01	2	Pulse	255	951781	18940	0
sub-01	2	Response	1	954341	21500	1
sub-01	3	Pulse	255	971781	2960	0
sub-01	3	Picture	11	978821	10000	1	25075	1	10000	25000	hit	18
sub-01	3	Response	1	987511	18690	1
sub-01	3	Pulse	255	991781	22960	0
sub-01	4	Pulse	255	1011781	7062	0
sub-01	4	Picture	12	1014719	10000	1	25226	1	10000	25000	hit	22
sub-01	4	Response	2	1020422	15703	1
sub-01	4	Pulse	255	1031782	27063	0
sub-01	5	Picture	11	1050781	10000	1	25226	1	10000	25000	hit	26
sub-01	5	Pulse	255	1051782	11000	0
sub-01	5	Response	1	1055961	15180	1
sub-01	5	Pulse	255	1071782	31001	0
sub-01	6	Picture	11	1086762	10000	1	25226	1	10000	25000	hit	30
sub-01	6	Pulse	255	1091782	15020	0
sub-01	6	Response	1	1093061	16299	1
sub-01	6	Pulse	255	1111820	35059	0
sub-01	7	Picture	11	1122739	10000	1	25226	1	10000	25000	hit	33
sub-01	7	Response	1	1127952	15213	1
sub-01	7	Pulse	255	1131782	19043	0
sub-01	8	Pulse	255	1151782	2995	0
sub-01	8	Picture	11	1158788	10000	1	25226	1	10000	25000	hit	37
sub-01	8	Response	1	1165472	16684	1
sub-01	8	Pulse	255	1171782	22995	0
sub-01	9	Pulse	255	1191782	6951	0
sub-01	9	Picture	12	1194832	10000	1	25226	1	10000	25000	hit	41
sub-01	9	Response	2	1200752	15921	1
sub-01	9	Pulse	255	1211782	26950	0
sub-01	10	Picture	11	1230880	10000	1	25226	1	10000	25000	hit	45
sub-01	10	Pulse	255	1231783	10903	0
sub-01	10	Response	1	1235893	15013	1
sub-01	10	Pulse	255	1251782	30902	0
sub-01	11	Picture	11	1266857	10000	1	25226	1	10000	25000	hit	48
sub-01	11	Response	1	1271563	14706	1
sub-01	11	Pulse	255	1271782	14925	0
sub-01	11	Pulse	255	1291782	34925	0
sub-01	12	Picture	Bfix	1292250	0	1	200876	1	0	200000	other	0
sub-01	12	Pulse	255	1311782	19533	0
sub-01	12	Pulse	255	1331783	39533	0
sub-01	12	Pulse	255	1351783	59533	0
sub-01	12	Pulse	255	1371783	79533	0
sub-01	12	Pulse	255	1391783	99534	0
sub-01	12	Pulse	255	1411783	119534	0
sub-01	12	Pulse	255	1431783	139533	0
sub-01	12	Pulse	255	1451784	159534	0
sub-01	12	Pulse	255	1471784	179534	0
sub-01	12	Pulse	255	1491783	199534	0
sub-01	13	Picture	61	1503125	10000	1	25226	1	10000	25000	hit	64
sub-01	13	Pulse	255	1511784	18659	0
sub-01	13	Response	1	1517843	24718	1
sub-01	14	Pulse	255	1531783	2668	0
sub-01	14	Picture	62	1539115	10000	1	25226	1	10000	25000	miss	0
sub-01	14	Pulse	255	1551784	22669	0
sub-01	14	Response	2	1565034	35919	1
sub-01	15	Pulse	255	1571784	6561	0
sub-01	15	Picture	61	1575223	10000	1	25226	1	10000	25000	hit	71
sub-01	15	Response	1	1582184	16961	1
sub-01	15	Pulse	255	1591774	26551	0
sub-01	16	Picture	61	1611269	10000	1	25226	1	10000	25000	hit	75
sub-01	16	Pulse	255	1611774	10505	0
sub-01	16	Response	1	1630714	29445	1
sub-01	16	Pulse	255	1631774	30505	0
sub-01	17	Picture	61	1647363	10000	1	25226	1	10000	25000	hit	79
sub-01	17	Pulse	255	1651774	14412	0
sub-01	17	Response	1	1655314	17952	1
sub-01	17	Pulse	255	1671774	34412	0
sub-01	18	Picture	62	1683406	10000	1	25226	1	10000	25000	hit	83
sub-01	18	Pulse	255	1691774	18369	0
sub-01	18	Response	2	1698355	24949	1
sub-01	19	Pulse	255	1711775	2292	0
sub-01	19	Picture	62	1719482	10000	1	25226	1	10000	25000	miss	0
sub-01	19	Pulse	255	1731774	22292	0
sub-01	20	Response	2	1749964	4503	1
sub-01	20	Pulse	255	1751775	6314	0
sub-01	20	Picture	61	1755461	10000	1	25226	1	10000	25000	hit	90
sub-01	20	Response	1	1762724	17263	1
sub-01	20	Pulse	255	1771775	26314	0
sub-01	21	Picture	61	1791511	10000	1	25227	1	10000	25000	hit	94
sub-01	21	Pulse	255	1791775	10263	0
sub-01	21	Response	1	1797785	16273	1
sub-01	21	Pulse	255	1811775	30264	0
sub-01	22	Picture	62	1827565	10000	1	25226	1	10000	25000	hit	98
sub-01	22	Pulse	255	1831775	14210	0
sub-01	22	Response	2	1840595	23030	1
sub-01	22	Pulse	255	1851775	34211	0
sub-01	23	Picture	Bfix	1852957	0	1	200823	1	0	200000	other	0
sub-01	23	Pulse	255	1871775	18818	0
sub-01	23	Pulse	255	1891775	38818	0
sub-01	23	Pulse	255	1911775	58818	0
sub-01	23	Pulse	255	1931775	78818	0
sub-01	23	Pulse	255	1951776	98818	0
sub-01	23	Pulse	255	1971776	118818	0
sub-01	23	Pulse	255	1991776	138818	0
sub-01	23	Pulse	255	2011776	158818	0
sub-01	23	Pulse	255	2031776	178819	0
sub-01	23	Pulse	255	2051776	198819	0
sub-01	24	Picture	11	2063779	10000	1	25226	1	10000	25000	hit	112
sub-01	24	Response	1	2071326	17547	1
sub-01	24	Pulse	255	2071775	17996	0
sub-01	25	Pulse	255	2091776	1951	0
sub-01	25	Picture	11	2099826	10000	1	25226	1	10000	25000	hit	116
sub-01	25	Response	1	2104746	14921	1
sub-01	25	Pulse	255	2111776	21951	0
sub-01	26	Pulse	255	2131776	5904	0
sub-01	26	Picture	11	2135872	10000	1	25226	1	10000	25000	hit	120
sub-01	26	Response	1	2140376	14504	1
sub-01	26	Pulse	255	2151776	25904	0
sub-01	27	Pulse	255	2171777	9861	0
sub-01	27	Picture	12	2171916	10000	1	25226	1	10000	25000	hit	124
sub-01	27	Response	2	2176896	14981	1
sub-01	27	Pulse	255	2191776	29861	0
sub-01	28	Picture	11	2207963	10000	1	25226	1	10000	25000	hit	128
sub-01	28	Pulse	255	2211777	13814	0
sub-01	28	Response	1	2213747	15784	1
sub-01	28	Pulse	255	2231777	33814	0
sub-01	29	Picture	11	2244008	10000	1	25226	1	10000	25000	hit	131
sub-01	29	Response	1	2249077	15069	1
sub-01	29	Pulse	255	2251777	17768	0
sub-01	30	Pulse	255	2271777	1717	0
sub-01	30	Picture	11	2280060	10000	1	25226	1	10000	25000	hit	135
sub-01	30	Response	1	2285517	15457	1
sub-01	30	Pulse	255	2291777	21717	0
sub-01	31	Pulse	255	2311777	5674	0
sub-01	31	Picture	12	2316102	10000	1	25226	1	10000	25000	hit	139
sub-01	31	Response	2	2323607	17505	1
sub-01	31	Pulse	255	2331777	25674	0
sub-01	32	Pulse	255	2351777	9627	0
sub-01	32	Picture	11	2352150	10000	1	25226	1	10000	25000	hit	143
sub-01	32	Response	1	2358007	15857	1
sub-01	32	Pulse	255	2371777	29628	0
sub-01	33	Picture	12	2388204	10000	1	25226	1	10000	25000	hit	147
sub-01	33	Pulse	255	2391778	13574	0
sub-01	33	Response	2	2395747	17543	1
sub-01	33	Pulse	255	2411777	33573	0
sub-01	34	Picture	Bfix	2413597	0	1	200226	1	0	200000	other	0
sub-01	34	Pulse	255	2431778	18181	0
sub-01	34	Pulse	255	2451778	38181	0
sub-01	34	Pulse	255	2471778	58181	0
sub-01	34	Pulse	255	2491778	78181	0
sub-01	34	Pulse	255	2511778	98181	0
sub-01	34	Pulse	255	2531778	118182	0
sub-01	34	Pulse	255	2551778	138182	0
sub-01	34	Pulse	255	2571778	158182	0
sub-01	34	Pulse	255	2591779	178182	0
sub-01	34	Pulse	255	2611779	198182	0
sub-01	35	Picture	61	2624641	10000	1	25226	1	10000	25000	hit	162
sub-01	35	Pulse	255	2631778	17137	0
sub-01	35	Response	1	2642968	28327	1
sub-01	36	Pulse	255	2651779	1143	0
sub-01	36	Picture	62	2660636	10000	1	25226	1	10000	25000	hit	166
sub-01	36	Pulse	255	2671779	21143	0
sub-01	36	Response	2	2682089	31453	1
sub-01	37	Pulse	255	2691779	5167	0
sub-01	37	Picture	61	2696611	10000	1	25226	1	10000	25000	hit	169
sub-01	37	Response	1	2703359	16748	1
sub-01	37	Pulse	255	2711779	25167	0
sub-01	38	Pulse	255	2731779	9122	0
sub-01	38	Picture	61	2732657	10000	1	25226	1	10000	25000	hit	173
sub-01	38	Response	1	2746069	23412	1
sub-01	38	Pulse	255	2751779	29123	0
sub-01	39	Picture	62	2768702	10000	1	25226	1	10000	25000	hit	177
sub-01	39	Pulse	255	2771779	13077	0
sub-01	39	Response	2	2781949	23247	1
sub-01	39	Pulse	255	2791779	33077	0
sub-01	40	Picture	61	2804755	10000	1	25226	1	10000	25000	hit	181
sub-01	40	Pulse	255	2811779	17024	0
sub-01	40	Response	1	2815259	20504	1
sub-01	41	Pulse	255	2831779	976	0
sub-01	41	Picture	62	2840803	10000	1	25226	1	10000	25000	hit	184
sub-01	41	Response	2	2850240	19436	1
sub-01	41	Pulse	255	2851779	20976	0
sub-01	42	Pulse	255	2871780	5002	0
sub-01	42	Picture	61	2876778	10000	1	25226	1	10000	25000	miss	0
sub-01	42	Pulse	255	2891780	25002	0
sub-01	42	Response	1	2902005	35227	593
sub-01	43	Pulse	255	2911780	8956	0
sub-01	43	Picture	62	2912824	10000	1	25226	1	10000	25000	hit	192
sub-01	43	Response	2	2930740	27916	1
sub-01	43	Pulse	255	2931779	28956	0
sub-01	44	Picture	61	2948797	10000	1	25226	1	10000	25000	hit	196
sub-01	44	Pulse	255	2951780	12984	0
sub-01	44	Response	1	2966050	27253	1
sub-01	44	Pulse	255	2971780	32984	0
sub-01	45	Picture	Bfix	2974189	0	1	200822	1	0	200000	other	0
sub-01	45	Pulse	255	2991780	17591	0
sub-01	45	Pulse	255	3011780	37591	0
sub-01	45	Pulse	255	3031781	57591	0
sub-01	45	Pulse	255	3051780	77591	0
sub-01	45	Pulse	255	3071781	97592	0
sub-01	45	Pulse	255	3091781	117592	0
sub-01	45	Pulse	255	3111781	137591	0
sub-01	45	Pulse	255	3131771	157582	0
sub-01	45	Pulse	255	3151771	177581	0
sub-01	45	Pulse	255	3171771	197581	0
sub-01	46	Picture	12	3185011	10000	1	25226	1	10000	25000	hit	211
sub-01	46	Pulse	255	3191771	16760	0
sub-01	46	Response	2	3191790	16779	1
sub-01	47	Pulse	255	3211771	713	0
sub-01	47	Picture	11	3221059	10000	1	25226	1	10000	25000	hit	214
sub-01	47	Response	1	3227301	16243	1
sub-01	47	Pulse	255	3231771	20712	0
sub-01	48	Pulse	255	3251771	4620	0
sub-01	48	Picture	11	3257151	10000	1	25226	1	10000	25000	hit	218
sub-01	48	Response	1	3264071	16920	1
sub-01	48	Pulse	255	3271771	24620	0
sub-01	49	Pulse	255	3291771	8575	0
sub-01	49	Picture	12	3293197	10000	1	25226	1	10000	25000	hit	222
sub-01	49	Response	2	3299732	16535	1
sub-01	49	Pulse	255	3311771	28575	0
sub-01	50	Picture	12	3329254	10000	1	25226	1	10000	25000	hit	226
sub-01	50	Pulse	255	3331772	12518	0
sub-01	50	Response	2	3335642	16388	1
sub-01	50	Pulse	255	3351772	32517	0
sub-01	51	Picture	12	3365296	10000	1	25226	1	10000	25000	hit	230
sub-01	51	Pulse	255	3371772	16476	0
sub-01	51	Response	2	3373001	17705	1
sub-01	52	Pulse	255	3391772	390	0
sub-01	52	Picture	12	3401382	10000	1	25226	1	10000	25000	hit	233
sub-01	52	Response	2	3411443	20061	1
sub-01	52	Pulse	255	3411772	20390	0
sub-01	53	Pulse	255	3431772	4342	0
sub-01	53	Picture	12	3437430	10000	1	25226	1	10000	25000	hit	237
sub-01	53	Response	2	3446222	18792	1
sub-01	53	Pulse	255	3451772	24343	0
sub-01	54	Pulse	255	3471772	8244	0
sub-01	54	Picture	12	3473529	10000	1	25226	1	10000	25000	hit	241
sub-01	54	Response	2	3482792	19264	1
sub-01	54	Pulse	255	3491773	28244	0
sub-01	55	Picture	Bfix	3498921	0	1	200822	1	0	200000	other	0
sub-01	55	Pulse	255	3511772	12851	0
sub-01	55	Pulse	255	3531773	32852	0
sub-01	55	Pulse	255	3551773	52852	0
sub-01	55	Pulse	255	3571773	72851	0
sub-01	55	Pulse	255	3591773	92852	0
sub-01	55	Pulse	255	3611773	112852	0
sub-01	55	Pulse	255	3631773	132852	0
sub-01	55	Pulse	255	3651773	152852	0
sub-01	55	Pulse	255	3671773	172852	0
sub-01	55	Pulse	255	3691774	192852	0
sub-01	56	Picture	62	3709743	10000	1	25226	1	10000	25000	hit	256
sub-01	56	Pulse	255	3711773	12030	0
sub-01	56	Response	2	3720553	20810	1
sub-01	56	Pulse	255	3731773	32030	0
sub-01	57	Picture	61	3745715	10000	1	25226	1	10000	25000	hit	260
sub-01	57	Pulse	255	3751774	16059	0
sub-01	57	Response	1	3757883	22168	1
sub-01	58	Pulse	255	3771774	9	0
sub-01	58	Picture	61	3781764	10000	1	25226	1	10000	25000	hit	264
sub-01	58	Pulse	255	3791774	20009	0
sub-01	58	Response	1	3800083	28319	1
sub-01	59	Pulse	255	3811774	3952	0
sub-01	59	Picture	62	3817822	10000	1	25226	1	10000	25000	hit	267
sub-01	59	Response	2	3827964	20142	1
sub-01	59	Pulse	255	3831774	23952	0
sub-01	60	Pulse	255	3851774	7902	0
sub-01	60	Picture	62	3853872	10000	1	25226	1	10000	25000	hit	271
sub-01	60	Response	2	3867874	24003	1
sub-01	60	Pulse	255	3871774	27903	0
sub-01	61	Picture	62	3889917	10000	1	25226	1	10000	25000	hit	275
sub-01	61	Pulse	255	3891774	11858	0
sub-01	61	Response	2	3906494	26578	1
sub-01	61	Pulse	255	3911774	31858	0
sub-01	62	Picture	62	3925969	10000	1	25226	1	10000	25000	hit	279
sub-01	62	Pulse	255	3931775	15806	0
sub-01	62	Response	2	3937395	21426	1
sub-01	62	Pulse	255	3951195	35227	579
sub-01	63	Picture	62	3962021	10000	1	25226	1	10000	25000	miss	0
sub-01	63	Pulse	255	3971775	19754	0
sub-01	64	Response	2	3988914	844	1
sub-01	64	Pulse	255	3991774	3704	0
sub-01	64	Picture	61	3998070	10000	1	25226	1	10000	25000	hit	287
sub-01	64	Pulse	255	4011774	23705	0
sub-01	64	Response	1	4016524	28455	1
sub-01	65	Pulse	255	4031775	7654	0
sub-01	65	Picture	61	4034121	10000	1	25226	1	10000	25000	hit	290
sub-01	65	Response	1	4043315	19193	1
sub-01	65	Pulse	255	4051775	27654	0
sub-01	66	Picture	Bfix	4059514	0	1	211218	1	0	200000	other	0
sub-01	66	Pulse	255	4071775	12261	0
sub-01	66	Pulse	255	4091775	32261	0
sub-01	66	Pulse	255	4111775	52261	0
sub-01	66	Pulse	255	4131775	72261	0
sub-01	66	Pulse	255	4151776	92261	0
sub-01	66	Pulse	255	4171776	112261	0
sub-01	66	Pulse	255	4191776	132262	0
sub-01	66	Pulse	255	4211776	152262	0
sub-01	66	Pulse	255	4231776	172262	0
sub-01	66	Pulse	255	4251776	192262	0
