Scenario - loca_mcse
Logfile written - 11/12/2018 15:34:59

Subject	Trial	Event Type	Code	Time	TTime	Uncertainty	Duration	Uncertainty	ReqTime	ReqDur	Stim Type	Pair Index

sub-05_2	0	Pulse	255	510338	510338	0
sub-05_2	1	Picture	Bfix	510567	0	1	200814	1	0	200000	other	0
sub-05_2	1	Pulse	255	530339	19772	0
sub-05_2	1	Pulse	255	550339	39772	0
sub-05_2	1	Pulse	255	570339	59772	0
sub-05_2	1	Pulse	255	590339	79772	0
sub-05_2	1	Pulse	255	610339	99772	0
sub-05_2	1	Pulse	255	630339	119772	0
sub-05_2	1	Pulse	255	650339	139773	0
sub-05_2	1	Pulse	255	670339	159772	0
sub-05_2	1	Pulse	255	690339	179773	0
sub-05_2	1	Pulse	255	710339	199773	0
sub-05_2	2	Picture	11	721380	10000	1	25226	1	10000	25000	hit	14
sub-05_2	2	Response	1	728709	17330	1
sub-05_2	2	Pulse	255	730339	18960	0
sub-05_2	3	Pulse	255	750339	2918	0
sub-05_2	3	Picture	12	757421	10000	1	25226	1	10000	25000	hit	18
sub-05_2	3	Response	2	764999	17578	1
sub-05_2	3	Pulse	255	770339	22918	0
sub-05_2	4	Pulse	255	790339	6878	0
sub-05_2	4	Picture	12	793461	10000	1	25226	1	10000	25000	hit	22
sub-05_2	4	Response	2	805260	21799	1
sub-05_2	4	Pulse	255	810339	26878	0
sub-05_2	5	Picture	11	829416	10000	1	25226	1	10000	25000	hit	26
sub-05_2	5	Pulse	255	830340	10924	0
sub-05_2	5	Response	1	837210	17794	1
sub-05_2	5	Pulse	255	850340	30924	0
sub-05_2	6	Picture	12	865458	10000	1	25226	1	10000	25000	hit	30
sub-05_2	6	Pulse	255	870340	14882	0
sub-05_2	6	Response	2	875480	20022	1
sub-05_2	6	Pulse	255	890340	34882	0
sub-05_2	7	Picture	12	901498	10000	1	25226	1	10000	25000	hit	34
sub-05_2	7	Pulse	255	910339	18841	0
sub-05_2	7	Response	2	911379	19881	1
sub-05_2	8	Pulse	255	930340	2877	0
sub-05_2	8	Picture	12	937463	10000	1	25226	1	10000	25000	hit	37
sub-05_2	8	Response	2	943490	16026	1
sub-05_2	8	Pulse	255	950340	22877	0
sub-05_2	9	Pulse	255	970340	6837	0
sub-05_2	9	Picture	11	973504	10000	1	25226	1	10000	25000	hit	41
sub-05_2	9	Response	1	980540	17037	1
sub-05_2	9	Pulse	255	990340	26837	0
sub-05_2	10	Picture	11	1009547	10000	1	25226	1	10000	25000	hit	45
sub-05_2	10	Pulse	255	1010340	10793	0
sub-05_2	10	Response	1	1015870	16323	1
sub-05_2	10	Pulse	255	1030340	30793	0
sub-05_2	11	Picture	11	1045510	10000	1	25226	1	10000	25000	hit	49
sub-05_2	11	Pulse	255	1050340	14830	0
sub-05_2	11	Response	1	1053130	17620	1
sub-05_2	11	Pulse	255	1070340	34830	0
sub-05_2	12	Picture	Bfix	1070903	0	1	200858	1	0	200000	other	0
sub-05_2	12	Pulse	255	1090341	19438	0
sub-05_2	12	Pulse	255	1110341	39438	0
sub-05_2	12	Pulse	255	1130341	59438	0
sub-05_2	12	Pulse	255	1150341	79438	0
sub-05_2	12	Pulse	255	1170340	99438	0
sub-05_2	12	Pulse	255	1190341	119438	0
sub-05_2	12	Pulse	255	1210341	139438	0
sub-05_2	12	Pulse	255	1230341	159438	0
sub-05_2	12	Pulse	255	1250341	179438	0
sub-05_2	12	Pulse	255	1270341	199439	0
sub-05_2	13	Picture	61	1281760	10000	1	25226	1	10000	25000	hit	64
sub-05_2	13	Pulse	255	1290341	18581	0
sub-05_2	13	Response	1	1298521	26761	1
sub-05_2	14	Pulse	255	1310341	2543	0
sub-05_2	14	Picture	62	1317798	10000	1	25226	1	10000	25000	hit	68
sub-05_2	14	Pulse	255	1330341	22543	0
sub-05_2	14	Response	2	1331191	23393	1
sub-05_2	15	Pulse	255	1350342	6447	0
sub-05_2	15	Picture	61	1353894	10000	1	25226	1	10000	25000	hit	71
sub-05_2	15	Response	1	1360732	16837	1
sub-05_2	15	Pulse	255	1370342	26447	0
sub-05_2	16	Picture	62	1389932	10000	1	25224	2	10000	25000	hit	76
sub-05_2	16	Pulse	255	1390342	10410	0
sub-05_2	16	Pulse	255	1410341	30410	0
sub-05_2	16	Response	2	1411361	31430	1
sub-05_2	17	Picture	61	1426024	10000	1	25226	1	10000	25000	hit	79
sub-05_2	17	Pulse	255	1430342	14317	0
sub-05_2	17	Response	1	1432422	16397	1
sub-05_2	17	Pulse	255	1450342	34317	0
sub-05_2	18	Picture	61	1462066	10000	1	25226	1	10000	25000	hit	83
sub-05_2	18	Pulse	255	1470342	18276	0
sub-05_2	18	Response	1	1472841	20776	1
sub-05_2	19	Pulse	255	1490342	2211	0
sub-05_2	19	Picture	62	1498131	10000	5	25226	5	10000	25000	hit	87
sub-05_2	19	Pulse	255	1510342	22211	0
sub-05_2	19	Response	2	1514222	26091	1
sub-05_2	20	Pulse	255	1530342	6173	0
sub-05_2	20	Picture	61	1534169	10000	1	25226	1	10000	25000	incorrect	91
sub-05_2	20	Pulse	255	1550342	26173	0
sub-05_2	20	Response	2	1554862	30693	1
sub-05_2	21	Picture	62	1570280	10000	1	25226	1	10000	25000	miss	0
sub-05_2	21	Pulse	255	1570342	10063	0
sub-05_2	21	Pulse	255	1590332	30053	0
sub-05_2	22	Response	2	1598322	2080	1
sub-05_2	22	Picture	62	1606242	10000	1	25226	1	10000	25000	hit	98
sub-05_2	22	Pulse	255	1610332	14090	0
sub-05_2	22	Response	2	1621892	25650	1
sub-05_2	22	Pulse	255	1630333	34090	0
sub-05_2	23	Picture	Bfix	1631635	0	1	200810	1	0	200000	other	0
sub-05_2	23	Pulse	255	1650333	18698	0
sub-05_2	23	Pulse	255	1670333	38698	0
sub-05_2	23	Pulse	255	1690333	58698	0
sub-05_2	23	Pulse	255	1710333	78698	0
sub-05_2	23	Pulse	255	1730332	98697	0
sub-05_2	23	Pulse	255	1750333	118698	0
sub-05_2	23	Pulse	255	1770333	138698	0
sub-05_2	23	Pulse	255	1790333	158698	0
sub-05_2	23	Pulse	255	1810333	178698	0
sub-05_2	23	Pulse	255	1830333	198698	0
sub-05_2	24	Picture	11	1842444	10000	1	25226	1	10000	25000	hit	113
sub-05_2	24	Pulse	255	1850333	17890	0
sub-05_2	24	Response	1	1855963	23519	1
sub-05_2	25	Pulse	255	1870333	1842	0
sub-05_2	25	Picture	12	1878492	10000	1	25226	1	10000	25000	hit	116
sub-05_2	25	Response	2	1885774	17282	1
sub-05_2	25	Pulse	255	1890334	21842	0
sub-05_2	26	Pulse	255	1910334	5806	0
sub-05_2	26	Picture	12	1914528	10000	1	25226	1	10000	25000	hit	120
sub-05_2	26	Response	2	1929484	24956	1
sub-05_2	26	Pulse	255	1930333	25805	0
sub-05_2	27	Pulse	255	1950334	9763	0
sub-05_2	27	Picture	12	1950570	10000	1	25226	1	10000	25000	hit	124
sub-05_2	27	Response	2	1957054	16483	1
sub-05_2	27	Pulse	255	1970334	29763	0
sub-05_2	28	Picture	11	1986542	10000	1	25226	1	10000	25000	hit	128
sub-05_2	28	Pulse	255	1990334	13792	0
sub-05_2	28	Response	1	1994353	17812	1
sub-05_2	28	Pulse	255	2010334	33792	0
sub-05_2	29	Picture	12	2022578	10000	1	25226	1	10000	25000	hit	132
sub-05_2	29	Pulse	255	2030334	17756	0
sub-05_2	29	Response	2	2030514	17936	1
sub-05_2	30	Pulse	255	2050334	1716	0
sub-05_2	30	Picture	11	2058618	10000	1	25226	1	10000	25000	hit	136
sub-05_2	30	Pulse	255	2070334	21716	0
sub-05_2	30	Response	1	2070814	22196	1
sub-05_2	31	Pulse	255	2090334	5679	0
sub-05_2	31	Picture	12	2094655	10000	1	25226	1	10000	25000	hit	139
sub-05_2	31	Response	2	2103504	18849	1
sub-05_2	31	Pulse	255	2110334	25679	0
sub-05_2	32	Pulse	255	2130334	9636	0
sub-05_2	32	Picture	12	2130698	10000	1	25226	1	10000	25000	hit	143
sub-05_2	32	Response	2	2141304	20607	1
sub-05_2	32	Pulse	255	2150334	29637	0
sub-05_2	33	Picture	11	2166735	10000	1	25226	1	10000	25000	hit	147
sub-05_2	33	Pulse	255	2170334	13600	0
sub-05_2	33	Response	1	2174494	17760	1
sub-05_2	33	Pulse	255	2190335	33600	0
sub-05_2	34	Picture	Bfix	2192127	0	1	200811	1	0	200000	other	0
sub-05_2	34	Pulse	255	2210334	18207	0
sub-05_2	34	Pulse	255	2230335	38207	0
sub-05_2	34	Pulse	255	2250335	58207	0
sub-05_2	34	Pulse	255	2270335	78208	0
sub-05_2	34	Pulse	255	2290335	98208	0
sub-05_2	34	Pulse	255	2310335	118208	0
sub-05_2	34	Pulse	255	2330335	138207	0
sub-05_2	34	Pulse	255	2350335	158208	0
sub-05_2	34	Pulse	255	2370335	178208	0
sub-05_2	34	Pulse	255	2390335	198208	0
sub-05_2	35	Picture	62	2402938	10000	1	25226	1	10000	25000	hit	162
sub-05_2	35	Pulse	255	2410335	17398	0
sub-05_2	35	Response	2	2423295	30357	1
sub-05_2	36	Pulse	255	2430335	1432	0
sub-05_2	36	Picture	62	2438903	10000	1	25226	1	10000	25000	hit	166
sub-05_2	36	Pulse	255	2450336	21433	0
sub-05_2	36	Response	2	2450735	21832	1
sub-05_2	37	Pulse	255	2470336	5389	0
sub-05_2	37	Picture	62	2474947	10000	1	25226	1	10000	25000	hit	169
sub-05_2	37	Response	2	2480875	15928	1
sub-05_2	37	Pulse	255	2490336	25389	0
sub-05_2	38	Pulse	255	2510336	9356	0
sub-05_2	38	Picture	62	2510979	10000	1	25226	1	10000	25000	hit	173
sub-05_2	38	Response	2	2520706	19726	1
sub-05_2	38	Pulse	255	2530336	29356	0
sub-05_2	39	Picture	62	2547015	10000	1	25226	1	10000	25000	hit	177
sub-05_2	39	Pulse	255	2550336	13320	0
sub-05_2	39	Response	2	2558776	21761	1
sub-05_2	39	Pulse	255	2570336	33321	0
sub-05_2	40	Picture	62	2583051	10000	1	25226	1	10000	25000	hit	181
sub-05_2	40	Pulse	255	2590336	17285	0
sub-05_2	40	Response	2	2591096	18045	1
sub-05_2	41	Pulse	255	2610336	1248	0
sub-05_2	41	Picture	62	2619088	10000	1	25226	1	10000	25000	hit	184
sub-05_2	41	Response	2	2628026	18938	1
sub-05_2	41	Pulse	255	2630336	21248	0
sub-05_2	42	Pulse	255	2650336	5209	0
sub-05_2	42	Picture	61	2655128	10000	1	25226	1	10000	25000	hit	189
sub-05_2	42	Pulse	255	2670336	25209	0
sub-05_2	42	Response	1	2676506	31378	1
sub-05_2	43	Pulse	255	2690337	9176	0
sub-05_2	43	Picture	61	2691160	10000	1	25226	1	10000	25000	hit	192
sub-05_2	43	Response	1	2700886	19726	1
sub-05_2	43	Pulse	255	2710336	29176	0
sub-05_2	44	Picture	61	2727125	10000	1	25226	1	10000	25000	hit	196
sub-05_2	44	Pulse	255	2730336	13211	0
sub-05_2	44	Response	1	2737327	20201	1
sub-05_2	44	Pulse	255	2750337	33211	0
sub-05_2	45	Picture	Bfix	2752518	0	1	200814	1	0	200000	other	0
sub-05_2	45	Pulse	255	2770337	17819	0
sub-05_2	45	Pulse	255	2790337	37819	0
sub-05_2	45	Pulse	255	2810337	57819	0
sub-05_2	45	Pulse	255	2830337	77819	0
sub-05_2	45	Pulse	255	2850337	97819	0
sub-05_2	45	Pulse	255	2870337	117819	0
sub-05_2	45	Pulse	255	2890337	137819	0
sub-05_2	45	Pulse	255	2910337	157819	0
sub-05_2	45	Pulse	255	2930337	177819	0
sub-05_2	45	Pulse	255	2950337	197819	0
sub-05_2	46	Picture	11	2963331	10000	1	25226	1	10000	25000	hit	211
sub-05_2	46	Pulse	255	2970338	17006	0
sub-05_2	46	Response	1	2977617	24286	1
sub-05_2	47	Pulse	255	2990338	969	0
sub-05_2	47	Picture	12	2999368	10000	1	25227	1	10000	25000	hit	214
sub-05_2	47	Response	2	3009297	19929	1
sub-05_2	47	Pulse	255	3010337	20969	0
sub-05_2	48	Pulse	255	3030338	4927	0
sub-05_2	48	Picture	12	3035411	10000	1	25226	1	10000	25000	hit	218
sub-05_2	48	Response	2	3045868	20457	1
sub-05_2	48	Pulse	255	3050338	24927	0
sub-05_2	49	Pulse	255	3070338	8960	0
sub-05_2	49	Picture	12	3071378	10000	1	25226	1	10000	25000	hit	222
sub-05_2	49	Response	2	3077028	15650	1
sub-05_2	49	Pulse	255	3090338	28960	0
sub-05_2	50	Picture	12	3107475	10000	1	25226	1	10000	25000	hit	226
sub-05_2	50	Pulse	255	3110338	12863	0
sub-05_2	50	Response	2	3112408	14933	1
sub-05_2	50	Pulse	255	3130338	32863	0
sub-05_2	51	Picture	12	3143510	10000	1	25226	1	10000	25000	hit	229
sub-05_2	51	Response	2	3148438	14929	1
sub-05_2	51	Pulse	255	3150338	16828	0
sub-05_2	52	Pulse	255	3170338	739	0
sub-05_2	52	Picture	11	3179600	10000	1	25226	1	10000	25000	hit	233
sub-05_2	52	Response	1	3188008	18409	1
sub-05_2	52	Pulse	255	3190338	20738	0
sub-05_2	53	Pulse	255	3210339	4699	0
sub-05_2	53	Picture	11	3215640	10000	1	25226	1	10000	25000	hit	237
sub-05_2	53	Response	1	3221568	15929	1
sub-05_2	53	Pulse	255	3230338	24699	0
sub-05_2	54	Pulse	255	3250329	8639	0
sub-05_2	54	Picture	11	3251690	10000	1	25226	1	10000	25000	hit	241
sub-05_2	54	Response	1	3257669	15979	1
sub-05_2	54	Pulse	255	3270329	28639	0
sub-05_2	55	Picture	12	3287732	10000	1	25226	1	10000	25000	hit	245
sub-05_2	55	Pulse	255	3290329	12597	0
sub-05_2	55	Response	2	3296449	18716	1
sub-05_2	55	Pulse	255	3310328	32596	0
sub-05_2	56	Picture	Bfix	3313125	0	1	200226	1	0	200000	other	0
sub-05_2	56	Pulse	255	3330329	17204	0
sub-05_2	56	Pulse	255	3350329	37204	0
sub-05_2	56	Pulse	255	3370329	57204	0
sub-05_2	56	Pulse	255	3390329	77204	0
sub-05_2	56	Pulse	255	3410329	97204	0
sub-05_2	56	Pulse	255	3430329	117205	0
sub-05_2	56	Pulse	255	3450329	137204	0
sub-05_2	56	Pulse	255	3470329	157204	0
sub-05_2	56	Pulse	255	3490330	177205	0
sub-05_2	56	Pulse	255	3510330	197205	0
sub-05_2	57	Picture	61	3524177	10000	1	25226	1	10000	25000	hit	260
sub-05_2	57	Pulse	255	3530330	16152	0
sub-05_2	57	Response	1	3541630	27452	1
sub-05_2	58	Pulse	255	3550329	113	0
sub-05_2	58	Picture	61	3560216	10000	1	25226	1	10000	25000	hit	264
sub-05_2	58	Pulse	255	3570330	20114	0
sub-05_2	58	Response	1	3580540	30324	1
sub-05_2	59	Pulse	255	3590330	4156	0
sub-05_2	59	Picture	62	3596174	10000	1	25226	1	10000	25000	hit	267
sub-05_2	59	Response	2	3604370	18196	1
sub-05_2	59	Pulse	255	3610330	24156	0
sub-05_2	60	Pulse	255	3630330	8114	0
sub-05_2	60	Picture	62	3632216	10000	1	25226	1	10000	25000	hit	271
sub-05_2	60	Response	2	3647870	25654	1
sub-05_2	60	Pulse	255	3650330	28114	0
sub-05_2	61	Picture	61	3668255	10000	1	25226	1	10000	25000	hit	275
sub-05_2	61	Pulse	255	3670330	12075	0
sub-05_2	61	Response	1	3683940	25685	1
sub-05_2	61	Pulse	255	3690330	32075	0
sub-05_2	62	Picture	61	3704294	10000	1	25226	1	10000	25000	hit	279
sub-05_2	62	Pulse	255	3710330	16036	0
sub-05_2	62	Response	1	3713580	19286	1
sub-05_2	63	Pulse	255	3730330	1	0
sub-05_2	63	Picture	62	3740330	10000	1	25226	1	10000	25000	hit	283
sub-05_2	63	Pulse	255	3750330	20001	0
sub-05_2	63	Response	2	3751670	21341	1
sub-05_2	64	Pulse	255	3770330	3964	0
sub-05_2	64	Picture	61	3776366	10000	1	25226	1	10000	25000	hit	287
sub-05_2	64	Pulse	255	3790331	23965	0
sub-05_2	64	Response	1	3795891	29525	1
sub-05_2	65	Pulse	255	3810331	7932	0
sub-05_2	65	Picture	61	3812399	10000	1	25226	1	10000	25000	hit	290
sub-05_2	65	Response	1	3827551	25152	1
sub-05_2	65	Pulse	255	3830331	27932	0
sub-05_2	66	Picture	62	3848436	10000	1	25226	1	10000	25000	hit	295
sub-05_2	66	Pulse	255	3850331	11894	0
sub-05_2	66	Pulse	255	3870331	31895	0
sub-05_2	66	Response	2	3871421	32984	1
sub-05_2	67	Picture	Bfix	3873829	0	1	211513	1	0	200000	other	0
sub-05_2	67	Pulse	255	3890331	16502	0
sub-05_2	67	Pulse	255	3910331	36502	0
sub-05_2	67	Pulse	255	3930331	56502	0
sub-05_2	67	Pulse	255	3950331	76502	0
sub-05_2	67	Pulse	255	3970331	96502	0
sub-05_2	67	Pulse	255	3990331	116503	0
sub-05_2	67	Pulse	255	4010331	136502	0
sub-05_2	67	Pulse	255	4030331	156503	0
