Scenario - loca_mcse
Logfile written - 05/28/2018 10:42:06

Subject	Trial	Event Type	Code	Time	TTime	Uncertainty	Duration	Uncertainty	ReqTime	ReqDur	Stim Type	Pair Index

sub-09_2	0	Pulse	255	646863	646863	0
sub-09_2	1	Picture	Bfix	647028	0	1	200728	1	0	200000	other	0
sub-09_2	1	Pulse	255	666863	19835	0
sub-09_2	1	Pulse	255	686863	39835	0
sub-09_2	1	Pulse	255	706863	59835	0
sub-09_2	1	Pulse	255	726863	79835	0
sub-09_2	1	Pulse	255	746863	99835	0
sub-09_2	1	Pulse	255	766864	119836	0
sub-09_2	1	Pulse	255	786864	139836	0
sub-09_2	1	Pulse	255	806864	159836	0
sub-09_2	1	Pulse	255	826864	179836	0
sub-09_2	1	Pulse	255	846864	199836	0
sub-09_2	2	Picture	11	857759	10000	1	25174	1	10000	25000	miss	0
sub-09_2	2	Pulse	255	866864	19105	0
sub-09_2	3	Pulse	255	886864	3260	0
sub-09_2	3	Picture	12	893603	10000	1	25174	1	10000	25000	miss	0
sub-09_2	3	Pulse	255	906864	23260	0
sub-09_2	4	Pulse	255	926864	7416	0
sub-09_2	4	Picture	12	929448	10000	1	25174	1	10000	25000	miss	0
sub-09_2	4	Pulse	255	946864	27417	0
sub-09_2	5	Picture	11	965292	10000	1	25174	1	10000	25000	miss	0
sub-09_2	5	Pulse	255	966865	11573	0
sub-09_2	5	Pulse	255	986864	31572	0
sub-09_2	6	Picture	12	1001136	10000	1	25174	1	10000	25000	miss	0
sub-09_2	6	Pulse	255	1006864	15728	0
sub-09_2	6	Pulse	255	1026865	35728	0
sub-09_2	7	Picture	12	1036981	10000	1	25174	1	10000	25000	miss	0
sub-09_2	7	Pulse	255	1046864	19883	0
sub-09_2	8	Pulse	255	1066864	4039	0
sub-09_2	8	Picture	12	1072825	10000	1	25174	1	10000	25000	miss	0
sub-09_2	8	Pulse	255	1086864	24039	0
sub-09_2	9	Pulse	255	1106865	8195	0
sub-09_2	9	Picture	11	1108669	10000	1	25174	1	10000	25000	miss	0
sub-09_2	9	Pulse	255	1126865	28196	0
sub-09_2	10	Picture	11	1144513	10000	1	25174	1	10000	25000	miss	0
sub-09_2	10	Pulse	255	1146865	12352	0
sub-09_2	10	Pulse	255	1166864	32351	0
sub-09_2	11	Picture	11	1180358	10000	1	25174	1	10000	25000	miss	0
sub-09_2	11	Pulse	255	1186865	16507	0
sub-09_2	12	Picture	Bfix	1205699	0	1	200728	1	0	200000	other	0
sub-09_2	12	Pulse	255	1206865	1166	0
sub-09_2	12	Pulse	255	1226865	21166	0
sub-09_2	12	Pulse	255	1246865	41166	0
sub-09_2	12	Pulse	255	1266865	61166	0
sub-09_2	12	Pulse	255	1286866	81167	0
sub-09_2	12	Pulse	255	1306865	101167	0
sub-09_2	12	Pulse	255	1326865	121166	0
sub-09_2	12	Pulse	255	1346865	141166	0
sub-09_2	12	Pulse	255	1366866	161167	0
sub-09_2	12	Pulse	255	1386865	181166	0
sub-09_2	13	Pulse	255	1406865	436	0
sub-09_2	13	Picture	61	1416430	10000	1	25174	1	10000	25000	miss	0
sub-09_2	13	Pulse	255	1426865	20435	1
sub-09_2	14	Pulse	255	1446866	4592	0
sub-09_2	14	Picture	62	1452274	10000	1	25174	1	10000	25000	miss	0
sub-09_2	14	Pulse	255	1466865	24591	0
sub-09_2	15	Pulse	255	1486865	8747	0
sub-09_2	15	Picture	61	1488119	10000	1	25174	1	10000	25000	miss	0
sub-09_2	15	Pulse	255	1506866	28747	0
sub-09_2	16	Picture	62	1523963	10000	1	25174	1	10000	25000	miss	0
sub-09_2	16	Pulse	255	1526866	12903	0
sub-09_2	16	Pulse	255	1546866	32903	0
sub-09_2	17	Picture	61	1559807	10000	1	25174	1	10000	25000	miss	0
sub-09_2	17	Pulse	255	1566866	17059	0
sub-09_2	18	Pulse	255	1586866	1214	0
sub-09_2	18	Picture	61	1595651	10000	1	25174	1	10000	25000	miss	0
sub-09_2	18	Pulse	255	1606866	21215	0
sub-09_2	19	Pulse	255	1626866	5370	0
sub-09_2	19	Picture	62	1631496	10000	1	25174	1	10000	25000	miss	0
sub-09_2	19	Pulse	255	1646866	25370	0
sub-09_2	20	Pulse	255	1666866	9526	0
sub-09_2	20	Picture	61	1667340	10000	1	25174	1	10000	25000	miss	0
sub-09_2	20	Pulse	255	1686867	29527	0
sub-09_2	21	Picture	62	1703184	10000	1	25174	1	10000	25000	miss	0
sub-09_2	21	Pulse	255	1706866	13682	0
sub-09_2	21	Pulse	255	1726866	33682	0
sub-09_2	22	Picture	62	1739029	10000	1	25174	1	10000	25000	miss	0
sub-09_2	22	Pulse	255	1746866	17838	0
sub-09_2	23	Picture	Bfix	1764370	0	1	200561	1	0	200000	other	0
sub-09_2	23	Pulse	255	1766866	2497	0
sub-09_2	23	Pulse	255	1786866	22497	0
sub-09_2	23	Pulse	255	1806867	42497	0
sub-09_2	23	Pulse	255	1826866	62497	0
sub-09_2	23	Pulse	255	1846866	82496	0
sub-09_2	23	Pulse	255	1866867	102497	0
sub-09_2	23	Pulse	255	1886867	122497	0
sub-09_2	23	Pulse	255	1906867	142497	0
sub-09_2	23	Pulse	255	1926867	162497	0
sub-09_2	23	Pulse	255	1946867	182498	0
sub-09_2	24	Pulse	255	1966867	1933	0
sub-09_2	24	Picture	11	1974934	10000	1	25174	1	10000	25000	miss	0
sub-09_2	24	Pulse	255	1986868	21934	0
sub-09_2	25	Pulse	255	2006867	6089	0
sub-09_2	25	Picture	12	2010778	10000	1	25174	1	10000	25000	miss	0
sub-09_2	25	Pulse	255	2026867	26089	0
sub-09_2	26	Picture	12	2046623	10000	1	25174	1	10000	25000	miss	0
sub-09_2	26	Pulse	255	2046868	10245	0
sub-09_2	26	Pulse	255	2066867	30245	0
sub-09_2	27	Picture	12	2082467	10000	1	25174	1	10000	25000	miss	0
sub-09_2	27	Pulse	255	2086867	14400	0
sub-09_2	27	Pulse	255	2106867	34400	0
sub-09_2	28	Picture	11	2118311	10000	1	25174	1	10000	25000	miss	0
sub-09_2	28	Pulse	255	2126868	18556	0
sub-09_2	29	Pulse	255	2146868	2712	0
sub-09_2	29	Picture	12	2154156	10000	1	25174	1	10000	25000	miss	0
sub-09_2	29	Pulse	255	2166868	22712	0
sub-09_2	30	Pulse	255	2186868	6868	0
sub-09_2	30	Picture	11	2190000	10000	1	25174	1	10000	25000	miss	0
sub-09_2	30	Pulse	255	2206868	26868	0
sub-09_2	31	Picture	12	2225844	10000	1	25174	1	10000	25000	miss	0
sub-09_2	31	Pulse	255	2226868	11024	0
sub-09_2	31	Pulse	255	2246868	31024	0
sub-09_2	32	Picture	12	2261688	10000	1	25174	1	10000	25000	miss	0
sub-09_2	32	Pulse	255	2266868	15180	0
sub-09_2	32	Pulse	255	2286863	35175	6
sub-09_2	33	Picture	11	2297533	10000	1	25174	1	10000	25000	miss	0
sub-09_2	33	Pulse	255	2306868	19335	0
sub-09_2	34	Picture	Bfix	2322874	0	1	200061	1	0	200000	other	0
sub-09_2	34	Pulse	255	2326867	3993	0
sub-09_2	34	Pulse	255	2346868	23995	0
sub-09_2	34	Pulse	255	2366868	43994	0
sub-09_2	34	Pulse	255	2386869	63995	0
sub-09_2	34	Pulse	255	2406869	83995	0
sub-09_2	34	Pulse	255	2426868	103994	0
sub-09_2	34	Pulse	255	2446869	123995	0
sub-09_2	34	Pulse	255	2466869	143995	0
sub-09_2	34	Pulse	255	2486869	163995	0
sub-09_2	34	Pulse	255	2506869	183995	0
sub-09_2	35	Pulse	255	2526868	3263	0
sub-09_2	35	Picture	62	2533605	10000	1	25174	1	10000	25000	miss	0
sub-09_2	35	Pulse	255	2546869	23264	0
sub-09_2	36	Pulse	255	2566868	7419	0
sub-09_2	36	Picture	62	2569449	10000	1	25174	1	10000	25000	miss	0
sub-09_2	36	Pulse	255	2586869	27420	0
sub-09_2	37	Picture	62	2605293	10000	1	25174	1	10000	25000	miss	0
sub-09_2	37	Pulse	255	2606869	11576	0
sub-09_2	37	Pulse	255	2626869	31576	0
sub-09_2	38	Picture	62	2641138	10000	1	25174	1	10000	25000	miss	0
sub-09_2	38	Pulse	255	2646868	15731	0
sub-09_2	38	Pulse	255	2666868	35731	0
sub-09_2	39	Picture	62	2676982	10000	1	25174	1	10000	25000	miss	0
sub-09_2	39	Pulse	255	2686868	19886	0
sub-09_2	40	Pulse	255	2706869	4043	0
sub-09_2	40	Picture	62	2712826	10000	1	25174	1	10000	25000	miss	0
sub-09_2	40	Pulse	255	2726869	24043	0
sub-09_2	41	Pulse	255	2746869	8199	0
sub-09_2	41	Picture	62	2748671	10000	1	25174	1	10000	25000	miss	0
sub-09_2	41	Pulse	255	2766859	28189	0
sub-09_2	42	Picture	61	2784515	10000	1	25174	1	10000	25000	miss	0
sub-09_2	42	Pulse	255	2786860	12345	0
sub-09_2	42	Pulse	255	2806859	32344	0
sub-09_2	43	Picture	61	2820359	10000	1	25174	1	10000	25000	miss	0
sub-09_2	43	Pulse	255	2826859	16500	0
sub-09_2	44	Pulse	255	2846860	657	0
sub-09_2	44	Picture	61	2856203	10000	1	25174	1	10000	25000	miss	0
sub-09_2	44	Pulse	255	2866859	20655	0
sub-09_2	45	Picture	Bfix	2881545	0	1	200061	1	0	200000	other	0
sub-09_2	45	Pulse	255	2886860	5316	0
sub-09_2	45	Pulse	255	2906860	25316	0
sub-09_2	45	Pulse	255	2926861	45316	0
sub-09_2	45	Pulse	255	2946860	65316	0
sub-09_2	45	Pulse	255	2966860	85316	0
sub-09_2	45	Pulse	255	2986860	105315	0
sub-09_2	45	Pulse	255	3006860	125316	0
sub-09_2	45	Pulse	255	3026860	145315	0
sub-09_2	45	Pulse	255	3046860	165315	0
sub-09_2	45	Pulse	255	3066861	185316	0
sub-09_2	46	Pulse	255	3086860	4585	0
sub-09_2	46	Picture	11	3092276	10000	1	25174	1	10000	25000	miss	0
sub-09_2	46	Pulse	255	3106861	24585	0
sub-09_2	47	Pulse	255	3126861	8741	0
sub-09_2	47	Picture	12	3128120	10000	1	25174	1	10000	25000	miss	0
sub-09_2	47	Pulse	255	3146861	28741	0
sub-09_2	48	Picture	12	3163964	10000	1	25175	1	10000	25000	miss	0
sub-09_2	48	Pulse	255	3166861	12897	0
sub-09_2	48	Pulse	255	3186861	32896	0
sub-09_2	49	Picture	12	3199809	10000	1	25174	1	10000	25000	miss	0
sub-09_2	49	Pulse	255	3206860	17052	0
sub-09_2	50	Pulse	255	3226861	1208	0
sub-09_2	50	Picture	12	3235653	10000	1	25174	1	10000	25000	miss	0
sub-09_2	50	Pulse	255	3246861	21208	0
sub-09_2	51	Pulse	255	3266861	5364	0
sub-09_2	51	Picture	12	3271497	10000	1	25174	1	10000	25000	miss	0
sub-09_2	51	Pulse	255	3286861	25363	0
sub-09_2	52	Pulse	255	3306860	9519	0
sub-09_2	52	Picture	11	3307341	10000	1	25174	1	10000	25000	miss	0
sub-09_2	52	Pulse	255	3326861	29520	0
sub-09_2	53	Picture	11	3343186	10000	1	25174	1	10000	25000	miss	0
sub-09_2	53	Pulse	255	3346861	13675	0
sub-09_2	53	Pulse	255	3366861	33675	0
sub-09_2	54	Picture	11	3379030	10000	1	25174	1	10000	25000	miss	0
sub-09_2	54	Pulse	255	3386861	17831	0
sub-09_2	55	Pulse	255	3406862	1987	0
sub-09_2	55	Picture	12	3414874	10000	1	25174	1	10000	25000	miss	0
sub-09_2	55	Pulse	255	3426861	21987	0
sub-09_2	56	Picture	Bfix	3440215	0	1	200728	1	0	200000	other	0
sub-09_2	56	Pulse	255	3446861	6646	0
sub-09_2	56	Pulse	255	3466862	26646	0
sub-09_2	56	Pulse	255	3486861	46646	0
sub-09_2	56	Pulse	255	3506862	66646	0
sub-09_2	56	Pulse	255	3526862	86646	0
sub-09_2	56	Pulse	255	3546862	106646	0
sub-09_2	56	Pulse	255	3566862	126647	0
sub-09_2	56	Pulse	255	3586862	146646	0
sub-09_2	56	Pulse	255	3606862	166647	0
sub-09_2	56	Pulse	255	3626862	186646	0
sub-09_2	57	Pulse	255	3646862	5916	0
sub-09_2	57	Picture	61	3650947	10000	1	25174	1	10000	25000	miss	0
sub-09_2	57	Pulse	255	3666862	25916	0
sub-09_2	58	Picture	61	3686791	10000	1	25174	1	10000	25000	miss	0
sub-09_2	58	Pulse	255	3686863	10072	0
sub-09_2	58	Pulse	255	3706862	30071	0
sub-09_2	59	Picture	62	3722635	10000	1	25174	1	10000	25000	miss	0
sub-09_2	59	Pulse	255	3726862	14227	0
sub-09_2	59	Pulse	255	3746862	34227	0
sub-09_2	60	Picture	62	3758479	10000	1	25174	1	10000	25000	miss	0
sub-09_2	60	Pulse	255	3766863	18383	0
sub-09_2	61	Pulse	255	3786863	2539	0
sub-09_2	61	Picture	61	3794324	10000	1	25174	1	10000	25000	miss	0
sub-09_2	61	Pulse	255	3806863	22539	0
sub-09_2	62	Pulse	255	3826863	6695	0
sub-09_2	62	Picture	61	3830168	10000	1	25174	1	10000	25000	miss	0
sub-09_2	62	Pulse	255	3846863	26695	0
sub-09_2	63	Picture	62	3866012	10000	1	25174	1	10000	25000	miss	0
sub-09_2	63	Pulse	255	3866863	10851	0
sub-09_2	63	Pulse	255	3886863	30851	0
sub-09_2	64	Picture	61	3901856	10000	1	25175	1	10000	25000	miss	0
sub-09_2	64	Pulse	255	3906862	15006	0
sub-09_2	64	Pulse	255	3926864	35008	0
sub-09_2	65	Picture	61	3937701	10000	1	25174	1	10000	25000	miss	0
sub-09_2	65	Pulse	255	3946863	19162	0
sub-09_2	66	Pulse	255	3966863	3318	0
sub-09_2	66	Picture	62	3973545	10000	1	25174	1	10000	25000	miss	0
sub-09_2	66	Pulse	255	3986863	23318	0
sub-09_2	67	Picture	Bfix	3998886	0	1	212031	1	0	200000	other	0
sub-09_2	67	Pulse	255	4006863	7977	0
sub-09_2	67	Pulse	255	4026863	27977	0
sub-09_2	67	Pulse	255	4046863	47977	0
sub-09_2	67	Pulse	255	4066863	67977	0
sub-09_2	67	Pulse	255	4086863	87977	0
sub-09_2	67	Pulse	255	4106863	107977	0
sub-09_2	67	Pulse	255	4126863	127977	0
sub-09_2	67	Pulse	255	4146864	147977	0
sub-09_2	67	Pulse	255	4166864	167978	0
