Scenario - loca_mcse
Logfile written - 10/24/2018 10:07:23

Subject	Trial	Event Type	Code	Time	TTime	Uncertainty	Duration	Uncertainty	ReqTime	ReqDur	Stim Type	Pair Index

sub-04_1	0	Pulse	255	541139	541139	0
sub-04_1	1	Picture	Bfix	541367	0	1	200807	1	0	200000	other	0
sub-04_1	1	Pulse	255	561138	19771	0
sub-04_1	1	Pulse	255	581139	39772	0
sub-04_1	1	Pulse	255	601139	59772	0
sub-04_1	1	Pulse	255	621139	79772	0
sub-04_1	1	Pulse	255	641139	99772	0
sub-04_1	1	Pulse	255	661139	119772	0
sub-04_1	1	Pulse	255	681139	139772	0
sub-04_1	1	Pulse	255	701139	159772	0
sub-04_1	1	Pulse	255	721139	179772	0
sub-04_1	1	Pulse	255	741139	199772	0
sub-04_1	2	Picture	11	752173	10000	1	25226	1	10000	25000	hit	14
sub-04_1	2	Response	1	758539	16366	1
sub-04_1	2	Pulse	255	761138	18965	0
sub-04_1	3	Pulse	255	781138	2930	0
sub-04_1	3	Picture	11	788208	10000	1	25226	1	10000	25000	hit	18
sub-04_1	3	Response	1	795279	17071	1
sub-04_1	3	Pulse	255	801139	22931	0
sub-04_1	4	Pulse	255	821139	6884	0
sub-04_1	4	Picture	12	824255	10000	1	25226	1	10000	25000	hit	22
sub-04_1	4	Response	2	829419	15164	1
sub-04_1	4	Pulse	255	841139	26884	0
sub-04_1	5	Picture	11	860292	10000	1	25226	1	10000	25000	hit	26
sub-04_1	5	Pulse	255	861139	10847	0
sub-04_1	5	Response	1	865719	15427	1
sub-04_1	5	Pulse	255	881139	30847	0
sub-04_1	6	Picture	11	896331	10000	1	25226	1	10000	25000	hit	30
sub-04_1	6	Pulse	255	901139	14808	0
sub-04_1	6	Response	1	902068	15737	1
sub-04_1	6	Pulse	255	921139	34808	0
sub-04_1	7	Picture	11	932367	10000	1	25226	1	10000	25000	hit	33
sub-04_1	7	Response	1	938059	15692	1
sub-04_1	7	Pulse	255	941139	18772	0
sub-04_1	8	Pulse	255	961139	2740	0
sub-04_1	8	Picture	11	968399	10000	1	25226	1	10000	25000	hit	37
sub-04_1	8	Response	1	974090	15690	1
sub-04_1	8	Pulse	255	981139	22740	0
sub-04_1	9	Pulse	255	1001129	6695	0
sub-04_1	9	Picture	12	1004434	10000	1	25226	1	10000	25000	hit	41
sub-04_1	9	Response	2	1009339	14905	1
sub-04_1	9	Pulse	255	1021129	26695	0
sub-04_1	10	Picture	11	1040466	10000	1	25226	1	10000	25000	hit	45
sub-04_1	10	Pulse	255	1041130	10663	0
sub-04_1	10	Response	1	1045089	14623	1
sub-04_1	10	Pulse	255	1061129	30663	0
sub-04_1	11	Picture	11	1076510	10000	1	25226	1	10000	25000	hit	49
sub-04_1	11	Pulse	255	1081129	14619	0
sub-04_1	11	Response	1	1082649	16139	1
sub-04_1	11	Pulse	255	1101130	34619	0
sub-04_1	12	Picture	Bfix	1101903	0	1	200809	1	0	200000	other	0
sub-04_1	12	Pulse	255	1121129	19226	0
sub-04_1	12	Pulse	255	1141130	39227	0
sub-04_1	12	Pulse	255	1161129	59226	0
sub-04_1	12	Pulse	255	1181130	79227	0
sub-04_1	12	Pulse	255	1201130	99227	0
sub-04_1	12	Pulse	255	1221130	119227	0
sub-04_1	12	Pulse	255	1241129	139226	0
sub-04_1	12	Pulse	255	1261130	159227	0
sub-04_1	12	Pulse	255	1281129	179226	0
sub-04_1	12	Pulse	255	1301129	199226	0
sub-04_1	13	Picture	61	1312711	10000	1	25226	1	10000	25000	hit	64
sub-04_1	13	Pulse	255	1321130	18418	0
sub-04_1	13	Response	1	1323119	20408	1
sub-04_1	14	Pulse	255	1341130	2382	0
sub-04_1	14	Picture	62	1348748	10000	1	25226	1	10000	25000	hit	68
sub-04_1	14	Pulse	255	1361133	22385	0
sub-04_1	14	Response	2	1361259	22511	1
sub-04_1	15	Pulse	255	1381130	6342	0
sub-04_1	15	Picture	61	1384788	10000	1	25226	1	10000	25000	hit	71
sub-04_1	15	Response	1	1389960	15172	1
sub-04_1	15	Pulse	255	1401130	26342	0
sub-04_1	16	Picture	61	1420827	10000	1	25226	1	10000	25000	miss	0
sub-04_1	16	Pulse	255	1421130	10302	0
sub-04_1	16	Pulse	255	1441130	30302	0
sub-04_1	17	Picture	61	1456859	10000	1	25226	1	10000	25000	hit	78
sub-04_1	17	Pulse	255	1461130	14271	0
sub-04_1	17	Response	1	1462870	16010	1
sub-04_1	17	Pulse	255	1481130	34271	0
sub-04_1	18	Picture	62	1492920	10000	1	25226	1	10000	25000	hit	82
sub-04_1	18	Pulse	255	1501130	18210	0
sub-04_1	18	Response	2	1501749	18829	1
sub-04_1	19	Pulse	255	1521130	2170	0
sub-04_1	19	Picture	62	1528959	10000	1	25226	1	10000	25000	hit	85
sub-04_1	19	Response	2	1539020	20061	1
sub-04_1	19	Pulse	255	1541130	22171	0
sub-04_1	20	Pulse	255	1561130	6108	0
sub-04_1	20	Picture	61	1565023	10000	1	25226	1	10000	25000	hit	89
sub-04_1	20	Response	1	1572040	17017	1
sub-04_1	20	Pulse	255	1581130	26108	0
sub-04_1	21	Picture	61	1601055	10000	1	25226	1	10000	25000	hit	93
sub-04_1	21	Pulse	255	1601130	10076	0
sub-04_1	21	Response	1	1611480	20426	1
sub-04_1	21	Pulse	255	1621130	30075	0
sub-04_1	22	Picture	62	1637118	10000	1	25226	1	10000	25000	hit	97
sub-04_1	22	Pulse	255	1641130	14012	0
sub-04_1	22	Response	2	1647510	20392	1
sub-04_1	22	Pulse	255	1661130	34012	0
sub-04_1	23	Picture	Bfix	1662511	0	1	200736	1	0	200000	other	0
sub-04_1	23	Pulse	255	1681130	18620	0
sub-04_1	23	Pulse	255	1701131	38620	0
sub-04_1	23	Pulse	255	1721130	58619	0
sub-04_1	23	Pulse	255	1741131	78620	0
sub-04_1	23	Pulse	255	1761131	98620	0
sub-04_1	23	Pulse	255	1781131	118620	0
sub-04_1	23	Pulse	255	1801131	138620	0
sub-04_1	23	Pulse	255	1821130	158619	0
sub-04_1	23	Pulse	255	1841131	178620	0
sub-04_1	23	Pulse	255	1861131	198620	0
sub-04_1	24	Picture	11	1873246	10000	1	25226	1	10000	25000	hit	111
sub-04_1	24	Response	1	1880601	17355	1
sub-04_1	24	Pulse	255	1881130	17884	0
sub-04_1	25	Pulse	255	1901130	1902	0
sub-04_1	25	Picture	11	1909228	10000	1	25226	1	10000	25000	hit	115
sub-04_1	25	Response	1	1915021	15793	1
sub-04_1	25	Pulse	255	1921131	21903	0
sub-04_1	26	Pulse	255	1941131	5862	0
sub-04_1	26	Picture	11	1945269	10000	1	25226	1	10000	25000	hit	119
sub-04_1	26	Response	1	1950550	15281	1
sub-04_1	26	Pulse	255	1961131	25862	0
sub-04_1	27	Pulse	255	1981151	9849	0
sub-04_1	27	Picture	12	1981302	10000	1	25226	1	10000	25000	hit	123
sub-04_1	27	Response	2	1986631	15329	1
sub-04_1	27	Pulse	255	2001131	29829	0
sub-04_1	28	Picture	11	2017278	10000	1	25226	1	10000	25000	hit	127
sub-04_1	28	Pulse	255	2021131	13853	0
sub-04_1	28	Response	1	2022870	15592	1
sub-04_1	28	Pulse	255	2041131	33853	0
sub-04_1	29	Picture	11	2053310	10000	1	25226	1	10000	25000	hit	130
sub-04_1	29	Response	1	2060141	16831	1
sub-04_1	29	Pulse	255	2061130	17820	0
sub-04_1	30	Pulse	255	2081131	1788	0
sub-04_1	30	Picture	11	2089343	10000	1	25226	1	10000	25000	hit	134
sub-04_1	30	Response	1	2095651	16308	1
sub-04_1	30	Pulse	255	2101131	21788	0
sub-04_1	31	Pulse	255	2121131	5754	0
sub-04_1	31	Picture	12	2125377	10000	1	25226	1	10000	25000	hit	138
sub-04_1	31	Response	2	2131251	15875	1
sub-04_1	31	Pulse	255	2141131	25754	0
sub-04_1	32	Pulse	255	2161131	9719	0
sub-04_1	32	Picture	11	2161412	10000	1	25226	1	10000	25000	hit	142
sub-04_1	32	Response	1	2168771	17359	1
sub-04_1	32	Pulse	255	2181131	29719	0
sub-04_1	33	Picture	12	2197444	10000	1	25226	1	10000	25000	hit	146
sub-04_1	33	Pulse	255	2201131	13687	0
sub-04_1	33	Response	2	2203791	16347	1
sub-04_1	33	Pulse	255	2221131	33687	0
sub-04_1	34	Picture	Bfix	2222837	0	1	200734	1	0	200000	other	0
sub-04_1	34	Pulse	255	2241131	18295	0
sub-04_1	34	Pulse	255	2261131	38295	0
sub-04_1	34	Pulse	255	2281131	58295	0
sub-04_1	34	Pulse	255	2301131	78295	0
sub-04_1	34	Pulse	255	2321132	98295	0
sub-04_1	34	Pulse	255	2341132	118295	0
sub-04_1	34	Pulse	255	2361132	138295	0
sub-04_1	34	Pulse	255	2381132	158295	0
sub-04_1	34	Pulse	255	2401131	178294	0
sub-04_1	34	Pulse	255	2421131	198295	0
sub-04_1	35	Picture	61	2433570	10000	1	25226	1	10000	25000	hit	161
sub-04_1	35	Pulse	255	2441131	17561	0
sub-04_1	35	Response	1	2456802	33232	1
sub-04_1	36	Pulse	255	2461132	1524	0
sub-04_1	36	Picture	62	2469607	10000	1	25226	1	10000	25000	hit	164
sub-04_1	36	Response	2	2475392	15784	1
sub-04_1	36	Pulse	255	2481132	21524	0
sub-04_1	37	Pulse	255	2501132	5556	0
sub-04_1	37	Picture	61	2505576	10000	1	25226	1	10000	25000	hit	168
sub-04_1	37	Response	1	2513592	18016	1
sub-04_1	37	Pulse	255	2521132	25556	0
sub-04_1	38	Pulse	255	2541132	9523	0
sub-04_1	38	Picture	61	2541608	10000	1	25226	1	10000	25000	hit	172
sub-04_1	38	Response	1	2551601	19993	1
sub-04_1	38	Pulse	255	2561132	29523	0
sub-04_1	39	Picture	62	2577646	10000	1	25226	1	10000	25000	hit	176
sub-04_1	39	Pulse	255	2581132	13486	0
sub-04_1	39	Response	2	2584092	16446	1
sub-04_1	39	Pulse	255	2601132	33486	0
sub-04_1	40	Picture	61	2613676	10000	1	25226	1	10000	25000	hit	180
sub-04_1	40	Pulse	255	2621132	17456	0
sub-04_1	40	Response	1	2623932	20256	1
sub-04_1	41	Pulse	255	2641132	1416	0
sub-04_1	41	Picture	62	2649716	10000	1	25226	1	10000	25000	hit	183
sub-04_1	41	Response	2	2655552	15836	1
sub-04_1	41	Pulse	255	2661132	21416	0
sub-04_1	42	Pulse	255	2681132	5380	0
sub-04_1	42	Picture	61	2685751	10000	1	25226	1	10000	25000	hit	187
sub-04_1	42	Response	1	2695302	19551	1
sub-04_1	42	Pulse	255	2701132	25381	0
sub-04_1	43	Pulse	255	2721132	9344	0
sub-04_1	43	Picture	62	2721789	10000	1	25226	1	10000	25000	hit	191
sub-04_1	43	Response	2	2735742	23954	1
sub-04_1	43	Pulse	255	2741132	29343	0
sub-04_1	44	Picture	61	2757823	10000	1	25226	1	10000	25000	hit	195
sub-04_1	44	Pulse	255	2761133	13309	0
sub-04_1	44	Response	1	2764952	17129	1
sub-04_1	44	Pulse	255	2781132	33308	0
sub-04_1	45	Picture	Bfix	2783216	0	1	200805	1	0	200000	other	0
sub-04_1	45	Pulse	255	2801132	17916	0
sub-04_1	45	Pulse	255	2821132	37916	0
sub-04_1	45	Pulse	255	2841132	57916	0
sub-04_1	45	Pulse	255	2861133	77917	0
sub-04_1	45	Pulse	255	2881132	97916	0
sub-04_1	45	Pulse	255	2901123	117907	0
sub-04_1	45	Pulse	255	2921123	137907	0
sub-04_1	45	Pulse	255	2941123	157907	0
sub-04_1	45	Pulse	255	2961122	177906	0
sub-04_1	45	Pulse	255	2981122	197906	0
sub-04_1	46	Picture	12	2994021	10000	1	25226	1	10000	25000	hit	209
sub-04_1	46	Response	2	2999613	15592	1
sub-04_1	46	Pulse	255	3001122	17101	0
sub-04_1	47	Pulse	255	3021123	1042	0
sub-04_1	47	Picture	11	3030081	10000	1	25226	1	10000	25000	hit	213
sub-04_1	47	Response	1	3036242	16161	1
sub-04_1	47	Pulse	255	3041123	21042	0
sub-04_1	48	Pulse	255	3061123	5010	0
sub-04_1	48	Picture	11	3066113	10000	1	25226	1	10000	25000	hit	217
sub-04_1	48	Response	1	3071773	15660	1
sub-04_1	48	Pulse	255	3081123	25010	0
sub-04_1	49	Pulse	255	3101123	9045	0
sub-04_1	49	Picture	12	3102078	10000	1	25226	1	10000	25000	hit	221
sub-04_1	49	Response	2	3108503	16425	1
sub-04_1	49	Pulse	255	3121123	29045	0
sub-04_1	50	Picture	12	3138115	10000	1	25226	1	10000	25000	hit	225
sub-04_1	50	Pulse	255	3141123	13008	0
sub-04_1	50	Response	2	3143263	15148	1
sub-04_1	50	Pulse	255	3161123	33008	0
sub-04_1	51	Picture	12	3174146	10000	1	25226	1	10000	25000	hit	229
sub-04_1	51	Pulse	255	3181123	16977	0
sub-04_1	51	Response	2	3183013	18866	1
sub-04_1	52	Pulse	255	3201123	942	0
sub-04_1	52	Picture	12	3210182	10000	1	25227	1	10000	25000	hit	232
sub-04_1	52	Response	2	3218033	17851	1
sub-04_1	52	Pulse	255	3221123	20941	0
sub-04_1	53	Pulse	255	3241123	4909	0
sub-04_1	53	Picture	12	3246214	10000	1	25226	1	10000	25000	hit	236
sub-04_1	53	Response	2	3252963	16750	1
sub-04_1	53	Pulse	255	3261123	24910	0
sub-04_1	54	Pulse	255	3281123	8879	0
sub-04_1	54	Picture	12	3282245	10000	1	25226	1	10000	25000	hit	240
sub-04_1	54	Response	2	3289853	17609	1
sub-04_1	54	Pulse	255	3301123	28879	0
sub-04_1	55	Picture	Bfix	3307637	0	1	200806	1	0	200000	other	0
sub-04_1	55	Pulse	255	3321123	13486	0
sub-04_1	55	Pulse	255	3341123	33486	0
sub-04_1	55	Pulse	255	3361123	53485	0
sub-04_1	55	Pulse	255	3381124	73486	0
sub-04_1	55	Pulse	255	3401123	93486	0
sub-04_1	55	Pulse	255	3421123	113486	0
sub-04_1	55	Pulse	255	3441123	133486	0
sub-04_1	55	Pulse	255	3461123	153486	0
sub-04_1	55	Pulse	255	3481123	173486	0
sub-04_1	55	Pulse	255	3501124	193486	0
sub-04_1	56	Picture	62	3518443	10000	1	25226	1	10000	25000	hit	255
sub-04_1	56	Pulse	255	3521124	12681	0
sub-04_1	56	Response	2	3525734	17291	1
sub-04_1	56	Pulse	255	3541124	32681	0
sub-04_1	57	Picture	61	3554439	10000	1	25226	1	10000	25000	hit	259
sub-04_1	57	Pulse	255	3561124	16684	0
sub-04_1	57	Response	1	3562923	18484	1
sub-04_1	58	Pulse	255	3581123	654	0
sub-04_1	58	Picture	61	3590469	10000	1	25226	1	10000	25000	hit	262
sub-04_1	58	Response	1	3597804	17334	1
sub-04_1	58	Pulse	255	3601124	20654	0
sub-04_1	59	Pulse	255	3621124	4573	0
sub-04_1	59	Picture	62	3626551	10000	1	25226	1	10000	25000	hit	266
sub-04_1	59	Response	2	3632613	16062	1
sub-04_1	59	Pulse	255	3641123	24572	0
sub-04_1	60	Pulse	255	3661123	8538	0
sub-04_1	60	Picture	62	3662586	10000	1	25226	1	10000	25000	hit	270
sub-04_1	60	Response	2	3668903	16318	1
sub-04_1	60	Pulse	255	3681124	28538	0
sub-04_1	61	Picture	62	3698660	10000	1	25226	1	10000	25000	hit	274
sub-04_1	61	Pulse	255	3701124	12464	0
sub-04_1	61	Response	2	3706324	17664	1
sub-04_1	61	Pulse	255	3721124	32464	0
sub-04_1	62	Picture	62	3734696	10000	1	25226	1	10000	25000	hit	278
sub-04_1	62	Pulse	255	3741124	16428	0
sub-04_1	62	Response	2	3742004	17308	1
sub-04_1	63	Pulse	255	3761123	369	0
sub-04_1	63	Picture	62	3770754	10000	1	25226	1	10000	25000	hit	282
sub-04_1	63	Pulse	255	3781124	20370	0
sub-04_1	63	Response	2	3790434	29679	1
sub-04_1	64	Pulse	255	3801124	4337	0
sub-04_1	64	Picture	61	3806787	10000	1	25226	1	10000	25000	hit	286
sub-04_1	64	Pulse	255	3821124	24337	0
sub-04_1	64	Response	1	3827854	31067	1
sub-04_1	65	Pulse	255	3841124	8275	0
sub-04_1	65	Picture	61	3842849	10000	1	25226	1	10000	25000	hit	289
sub-04_1	65	Response	1	3851324	18475	1
sub-04_1	65	Pulse	255	3861124	28275	0
sub-04_1	66	Picture	Bfix	3868242	0	1	211976	1	0	200000	other	0
sub-04_1	66	Pulse	255	3881124	12883	0
sub-04_1	66	Pulse	255	3901124	32883	0
sub-04_1	66	Pulse	255	3921124	52882	0
sub-04_1	66	Pulse	255	3941124	72883	0
sub-04_1	66	Pulse	255	3961124	92883	0
sub-04_1	66	Pulse	255	3981124	112883	0
sub-04_1	66	Pulse	255	4001124	132883	0
sub-04_1	66	Pulse	255	4021124	152883	0
sub-04_1	66	Pulse	255	4041125	172883	0
sub-04_1	66	Pulse	255	4061125	192883	0
