Scenario - loca_mcse
Logfile written - 07/02/2018 10:50:50

Subject	Trial	Event Type	Code	Time	TTime	Uncertainty	Duration	Uncertainty	ReqTime	ReqDur	Stim Type	Pair Index

sub-06_2	0	Pulse	255	720204	720204	0
sub-06_2	1	Picture	Bfix	720432	0	1	200226	1	0	200000	other	0
sub-06_2	1	Pulse	255	740204	19771	0
sub-06_2	1	Pulse	255	760204	39771	0
sub-06_2	1	Pulse	255	780203	59771	0
sub-06_2	1	Pulse	255	800204	79772	0
sub-06_2	1	Pulse	255	820204	99771	0
sub-06_2	1	Pulse	255	840203	119771	0
sub-06_2	1	Pulse	255	860204	139772	0
sub-06_2	1	Pulse	255	880204	159772	0
sub-06_2	1	Pulse	255	900204	179772	0
sub-06_2	1	Pulse	255	920205	199772	0
sub-06_2	2	Picture	11	931487	10000	1	25226	1	10000	25000	hit	14
sub-06_2	2	Response	1	937814	16328	1
sub-06_2	2	Pulse	255	940204	18717	0
sub-06_2	3	Pulse	255	960204	2760	0
sub-06_2	3	Picture	12	967444	10000	1	25226	1	10000	25000	hit	18
sub-06_2	3	Response	2	972754	15311	1
sub-06_2	3	Pulse	255	980204	22761	0
sub-06_2	4	Pulse	255	1000203	6325	0
sub-06_2	4	Picture	12	1003879	10000	1	25226	1	10000	25000	hit	22
sub-06_2	4	Response	2	1008755	14876	1
sub-06_2	4	Pulse	255	1020204	26326	0
sub-06_2	5	Picture	11	1039827	10000	1	25226	1	10000	25000	hit	26
sub-06_2	5	Pulse	255	1040205	10378	0
sub-06_2	5	Response	1	1044895	15068	1
sub-06_2	5	Pulse	255	1060205	30378	0
sub-06_2	6	Picture	12	1076087	10000	1	25226	1	10000	25000	hit	30
sub-06_2	6	Pulse	255	1080205	14118	0
sub-06_2	6	Response	2	1080843	14757	1
sub-06_2	6	Pulse	255	1100205	34118	0
sub-06_2	7	Picture	12	1112133	10000	1	25226	1	10000	25000	hit	33
sub-06_2	7	Response	2	1117314	15182	1
sub-06_2	7	Pulse	255	1120205	18073	0
sub-06_2	8	Pulse	255	1140205	1977	0
sub-06_2	8	Picture	12	1148228	10000	1	25226	1	10000	25000	hit	37
sub-06_2	8	Response	2	1152515	14287	1
sub-06_2	8	Pulse	255	1160205	21976	0
sub-06_2	9	Pulse	255	1180205	5950	0
sub-06_2	9	Picture	11	1184255	10000	1	25226	1	10000	25000	hit	41
sub-06_2	9	Response	1	1188555	14300	1
sub-06_2	9	Pulse	255	1200205	25950	0
sub-06_2	10	Pulse	255	1220205	9718	0
sub-06_2	10	Picture	11	1220487	10000	1	25226	1	10000	25000	hit	45
sub-06_2	10	Response	1	1224575	14087	1
sub-06_2	10	Pulse	255	1240205	29718	0
sub-06_2	11	Picture	11	1256713	10000	1	25226	1	10000	25000	hit	49
sub-06_2	11	Pulse	255	1260205	13493	0
sub-06_2	11	Response	1	1263746	17034	1
sub-06_2	11	Pulse	255	1280205	33492	0
sub-06_2	12	Picture	Bfix	1282105	0	1	200843	1	0	200000	other	0
sub-06_2	12	Pulse	255	1300205	18100	0
sub-06_2	12	Pulse	255	1320205	38100	0
sub-06_2	12	Pulse	255	1340205	58100	0
sub-06_2	12	Pulse	255	1360206	78100	0
sub-06_2	12	Pulse	255	1380206	98100	0
sub-06_2	12	Pulse	255	1400205	118100	0
sub-06_2	12	Pulse	255	1420205	138100	0
sub-06_2	12	Pulse	255	1440205	158100	0
sub-06_2	12	Pulse	255	1460206	178100	0
sub-06_2	12	Pulse	255	1480206	198100	0
sub-06_2	13	Picture	61	1492948	10000	1	25226	1	10000	25000	hit	64
sub-06_2	13	Pulse	255	1500206	17259	0
sub-06_2	13	Response	1	1512136	29189	1
sub-06_2	14	Pulse	255	1520205	1196	0
sub-06_2	14	Picture	62	1529009	10000	1	25226	1	10000	25000	hit	68
sub-06_2	14	Pulse	255	1540206	21197	0
sub-06_2	14	Response	2	1553376	34367	1
sub-06_2	15	Pulse	255	1560206	4889	0
sub-06_2	15	Picture	61	1565317	10000	1	25226	1	10000	25000	hit	71
sub-06_2	15	Response	1	1570906	15590	1
sub-06_2	15	Pulse	255	1580206	24890	0
sub-06_2	16	Pulse	255	1600206	8783	0
sub-06_2	16	Picture	62	1601423	10000	1	25226	1	10000	25000	hit	75
sub-06_2	16	Response	2	1615066	23644	1
sub-06_2	16	Pulse	255	1620206	28783	0
sub-06_2	17	Picture	61	1637504	10000	1	25226	1	10000	25000	hit	79
sub-06_2	17	Pulse	255	1640206	12702	0
sub-06_2	17	Response	1	1642647	15143	1
sub-06_2	17	Pulse	255	1660206	32702	0
sub-06_2	18	Picture	61	1673730	10000	1	25226	1	10000	25000	hit	83
sub-06_2	18	Pulse	255	1680207	16477	0
sub-06_2	18	Response	1	1685077	21346	1
sub-06_2	19	Pulse	255	1700207	4	0
sub-06_2	19	Picture	62	1710203	10000	1	25226	1	10000	25000	hit	87
sub-06_2	19	Pulse	255	1720207	20004	0
sub-06_2	19	Response	2	1727597	27394	1
sub-06_2	20	Pulse	255	1740207	3955	0
sub-06_2	20	Picture	61	1746252	10000	1	25226	1	10000	25000	hit	90
sub-06_2	20	Response	1	1756887	20635	1
sub-06_2	20	Pulse	255	1760207	23955	0
sub-06_2	21	Pulse	255	1780207	7909	0
sub-06_2	21	Picture	62	1782298	10000	1	25226	1	10000	25000	hit	94
sub-06_2	21	Response	2	1796307	24008	1
sub-06_2	21	Pulse	255	1800208	27909	0
sub-06_2	22	Picture	62	1818378	10000	1	25226	1	10000	25000	hit	98
sub-06_2	22	Pulse	255	1820207	11828	0
sub-06_2	22	Response	2	1834377	25999	1
sub-06_2	22	Pulse	255	1840207	31829	0
sub-06_2	23	Picture	Bfix	1843771	0	1	200226	1	0	200000	other	0
sub-06_2	23	Pulse	255	1860207	16436	0
sub-06_2	23	Pulse	255	1880207	36436	0
sub-06_2	23	Pulse	255	1900207	56437	0
sub-06_2	23	Pulse	255	1920207	76436	0
sub-06_2	23	Pulse	255	1940207	96437	0
sub-06_2	23	Pulse	255	1960207	116437	0
sub-06_2	23	Pulse	255	1980208	136437	0
sub-06_2	23	Pulse	255	2000208	156437	0
sub-06_2	23	Pulse	255	2020208	176437	0
sub-06_2	23	Pulse	255	2040198	196427	0
sub-06_2	24	Picture	11	2055214	10000	1	25226	1	10000	25000	hit	112
sub-06_2	24	Response	1	2059728	14514	1
sub-06_2	24	Pulse	255	2060197	14983	0
sub-06_2	24	Pulse	255	2080198	34983	0
sub-06_2	25	Picture	12	2091651	10000	1	25226	1	10000	25000	hit	116
sub-06_2	25	Response	2	2095608	13956	1
sub-06_2	25	Pulse	255	2100197	18546	0
sub-06_2	26	Pulse	255	2120198	2292	0
sub-06_2	26	Picture	12	2127907	10000	1	25226	1	10000	25000	hit	120
sub-06_2	26	Response	2	2132538	14632	1
sub-06_2	26	Pulse	255	2140198	22292	0
sub-06_2	27	Pulse	255	2160198	6036	0
sub-06_2	27	Picture	12	2164162	10000	1	25226	1	10000	25000	hit	124
sub-06_2	27	Response	2	2169628	15466	1
sub-06_2	27	Pulse	255	2180198	26036	0
sub-06_2	28	Picture	11	2200126	10000	1	25226	1	10000	25000	hit	128
sub-06_2	28	Pulse	255	2200198	10072	0
sub-06_2	28	Response	1	2206498	16372	1
sub-06_2	28	Pulse	255	2220198	30072	0
sub-06_2	29	Picture	12	2236087	10000	1	25226	1	10000	25000	hit	131
sub-06_2	29	Response	2	2240088	14001	1
sub-06_2	29	Pulse	255	2240197	14111	0
sub-06_2	29	Pulse	255	2260199	34112	0
sub-06_2	30	Picture	11	2272192	10000	1	25226	1	10000	25000	hit	135
sub-06_2	30	Response	1	2276818	14627	1
sub-06_2	30	Pulse	255	2280198	18006	0
sub-06_2	31	Pulse	255	2300199	1853	0
sub-06_2	31	Picture	12	2308346	10000	1	25226	1	10000	25000	hit	139
sub-06_2	31	Response	2	2314799	16453	1
sub-06_2	31	Pulse	255	2320198	21852	0
sub-06_2	32	Pulse	255	2340199	5610	0
sub-06_2	32	Picture	12	2344589	10000	1	25226	1	10000	25000	hit	143
sub-06_2	32	Response	2	2350598	16009	1
sub-06_2	32	Pulse	255	2360199	25610	0
sub-06_2	33	Pulse	255	2380198	9477	0
sub-06_2	33	Picture	11	2380721	10000	1	25226	1	10000	25000	hit	147
sub-06_2	33	Response	1	2385289	14567	1
sub-06_2	33	Pulse	255	2400199	29477	0
sub-06_2	34	Picture	Bfix	2406114	0	1	200814	1	0	200000	other	0
sub-06_2	34	Pulse	255	2420199	14085	0
sub-06_2	34	Pulse	255	2440199	34085	0
sub-06_2	34	Pulse	255	2460199	54085	0
sub-06_2	34	Pulse	255	2480198	74084	0
sub-06_2	34	Pulse	255	2500199	94085	0
sub-06_2	34	Pulse	255	2520199	114085	0
sub-06_2	34	Pulse	255	2540199	134085	0
sub-06_2	34	Pulse	255	2560198	154084	0
sub-06_2	34	Pulse	255	2580199	174085	0
sub-06_2	34	Pulse	255	2600199	194085	0
sub-06_2	35	Picture	62	2616928	10000	1	25226	1	10000	25000	hit	163
sub-06_2	35	Pulse	255	2620199	13272	0
sub-06_2	35	Pulse	255	2640200	33272	0
sub-06_2	35	Response	2	2640428	33500	1
sub-06_2	36	Picture	62	2653027	10000	1	25226	1	10000	25000	hit	166
sub-06_2	36	Pulse	255	2660200	17173	0
sub-06_2	36	Response	2	2671350	28323	1
sub-06_2	37	Pulse	255	2680200	1044	0
sub-06_2	37	Picture	62	2689156	10000	1	25226	1	10000	25000	hit	170
sub-06_2	37	Pulse	255	2700200	21044	0
sub-06_2	37	Response	2	2708500	29344	1
sub-06_2	38	Pulse	255	2720200	5083	0
sub-06_2	38	Picture	62	2725117	10000	1	25226	1	10000	25000	hit	173
sub-06_2	38	Response	2	2740130	25013	1
sub-06_2	38	Pulse	255	2740199	25082	0
sub-06_2	39	Pulse	255	2760200	8863	0
sub-06_2	39	Picture	62	2761338	10000	1	25226	1	10000	25000	hit	177
sub-06_2	39	Response	2	2776800	25462	1
sub-06_2	39	Pulse	255	2780200	28863	0
sub-06_2	40	Picture	62	2797385	10000	1	25227	1	10000	25000	hit	181
sub-06_2	40	Pulse	255	2800200	12815	0
sub-06_2	40	Response	2	2813219	25834	1
sub-06_2	40	Pulse	255	2820200	32815	0
sub-06_2	41	Picture	62	2833635	10000	1	25226	1	10000	25000	hit	185
sub-06_2	41	Pulse	255	2840199	16564	0
sub-06_2	41	Response	2	2846930	23295	1
sub-06_2	42	Pulse	255	2860200	527	0
sub-06_2	42	Picture	61	2869674	10000	1	25226	1	10000	25000	hit	189
sub-06_2	42	Pulse	255	2880200	20526	0
sub-06_2	42	Response	1	2882550	22877	1
sub-06_2	43	Pulse	255	2900200	4256	0
sub-06_2	43	Picture	61	2905944	10000	1	25226	1	10000	25000	hit	192
sub-06_2	43	Response	1	2911290	15346	1
sub-06_2	43	Pulse	255	2920200	24256	0
sub-06_2	44	Pulse	255	2940201	8166	0
sub-06_2	44	Picture	61	2942035	10000	1	25226	1	10000	25000	hit	196
sub-06_2	44	Response	1	2954070	22035	1
sub-06_2	44	Pulse	255	2960200	28165	0
sub-06_2	45	Picture	Bfix	2967428	0	1	200736	1	0	200000	other	0
sub-06_2	45	Pulse	255	2980201	12773	0
sub-06_2	45	Pulse	255	3000200	32773	0
sub-06_2	45	Pulse	255	3020201	52773	0
sub-06_2	45	Pulse	255	3040201	72773	0
sub-06_2	45	Pulse	255	3060200	92773	0
sub-06_2	45	Pulse	255	3080201	112773	0
sub-06_2	45	Pulse	255	3100201	132774	0
sub-06_2	45	Pulse	255	3120200	152773	0
sub-06_2	45	Pulse	255	3140201	172773	0
sub-06_2	45	Pulse	255	3160201	192774	0
sub-06_2	46	Picture	11	3178163	10000	1	25246	1	10000	25000	hit	211
sub-06_2	46	Pulse	255	3180201	12038	0
sub-06_2	46	Response	1	3184091	15928	1
sub-06_2	46	Pulse	255	3200201	32037	0
sub-06_2	47	Picture	12	3214277	10000	1	25226	1	10000	25000	hit	214
sub-06_2	47	Response	2	3219581	15305	1
sub-06_2	47	Pulse	255	3220200	15924	0
sub-06_2	47	Pulse	255	3240202	35926	0
sub-06_2	48	Picture	12	3250335	10000	1	25226	1	10000	25000	hit	219
sub-06_2	48	Pulse	255	3260201	19866	0
sub-06_2	48	Response	2	3260690	20355	1
sub-06_2	49	Pulse	255	3280201	3682	0
sub-06_2	49	Picture	12	3286519	10000	1	25226	1	10000	25000	hit	222
sub-06_2	49	Response	2	3291121	14602	1
sub-06_2	49	Pulse	255	3300202	23682	0
sub-06_2	50	Pulse	255	3320201	7710	0
sub-06_2	50	Picture	12	3322491	10000	1	25226	1	10000	25000	hit	226
sub-06_2	50	Response	2	3327691	15201	1
sub-06_2	50	Pulse	255	3340202	27711	0
sub-06_2	51	Picture	12	3358453	10000	1	25226	1	10000	25000	hit	230
sub-06_2	51	Pulse	255	3360202	11749	0
sub-06_2	51	Response	2	3362631	14179	1
sub-06_2	51	Pulse	255	3380202	31749	0
sub-06_2	52	Picture	11	3394410	10000	1	25226	1	10000	25000	hit	233
sub-06_2	52	Response	1	3400192	15782	1
sub-06_2	52	Pulse	255	3400202	15792	0
sub-06_2	52	Pulse	255	3419637	35226	566
sub-06_2	53	Picture	11	3430524	10000	1	25226	1	10000	25000	hit	237
sub-06_2	53	Response	1	3434812	14288	1
sub-06_2	53	Pulse	255	3440202	19678	0
sub-06_2	54	Pulse	255	3460202	3445	0
sub-06_2	54	Picture	11	3466757	10000	1	25226	1	10000	25000	hit	241
sub-06_2	54	Response	1	3471802	15045	1
sub-06_2	54	Pulse	255	3480202	23445	0
sub-06_2	55	Pulse	255	3500203	7481	0
sub-06_2	55	Picture	12	3502721	10000	1	25226	1	10000	25000	hit	245
sub-06_2	55	Response	2	3511182	18461	1
sub-06_2	55	Pulse	255	3520202	27481	0
sub-06_2	56	Picture	Bfix	3528114	0	1	200879	1	0	200000	other	0
sub-06_2	56	Pulse	255	3540202	12088	0
sub-06_2	56	Pulse	255	3560202	32088	0
sub-06_2	56	Pulse	255	3580202	52088	0
sub-06_2	56	Pulse	255	3600203	72088	0
sub-06_2	56	Pulse	255	3620202	92088	0
sub-06_2	56	Pulse	255	3640203	112089	0
sub-06_2	56	Pulse	255	3660203	132089	0
sub-06_2	56	Pulse	255	3680203	152089	0
sub-06_2	56	Pulse	255	3700204	172089	0
sub-06_2	56	Pulse	255	3720203	192089	0
sub-06_2	57	Picture	61	3738992	10000	1	25226	1	10000	25000	hit	260
sub-06_2	57	Pulse	255	3740203	11211	0
sub-06_2	57	Response	1	3747833	18841	1
sub-06_2	57	Pulse	255	3760202	31210	0
sub-06_2	58	Picture	61	3775053	10000	1	25226	1	10000	25000	hit	264
sub-06_2	58	Pulse	255	3780203	15150	0
sub-06_2	58	Response	1	3786893	21840	1
sub-06_2	58	Pulse	255	3800203	35150	0
sub-06_2	59	Picture	62	3811026	10000	1	25226	1	10000	25000	hit	268
sub-06_2	59	Pulse	255	3820203	19177	0
sub-06_2	59	Response	2	3830743	29717	1
sub-06_2	60	Pulse	255	3840203	2952	0
sub-06_2	60	Picture	62	3847251	10000	1	25226	1	10000	25000	hit	272
sub-06_2	60	Pulse	255	3860203	22953	0
sub-06_2	60	Response	2	3862403	25152	1
sub-06_2	61	Pulse	255	3880203	6715	0
sub-06_2	61	Picture	61	3883488	10000	1	25226	1	10000	25000	hit	275
sub-06_2	61	Response	1	3893903	20416	1
sub-06_2	61	Pulse	255	3900203	26716	0
sub-06_2	62	Picture	61	3919524	10000	1	25226	1	10000	25000	hit	279
sub-06_2	62	Pulse	255	3920203	10679	0
sub-06_2	62	Response	1	3930183	20659	1
sub-06_2	62	Pulse	255	3940204	30679	0
sub-06_2	63	Picture	62	3955627	10000	1	25226	1	10000	25000	hit	283
sub-06_2	63	Pulse	255	3960204	14577	0
sub-06_2	63	Response	2	3966113	20486	1
sub-06_2	63	Pulse	255	3980204	34577	0
sub-06_2	64	Picture	61	3991992	10000	1	25226	1	10000	25000	incorrect	287
sub-06_2	64	Pulse	255	4000204	18212	0
sub-06_2	64	Response	2	4003854	21862	1
sub-06_2	64	Response	1	4006954	24962	1
sub-06_2	65	Pulse	255	4020204	1936	0
sub-06_2	65	Picture	61	4028268	10000	1	25226	1	10000	25000	hit	291
sub-06_2	65	Response	1	4036394	18125	1
sub-06_2	65	Pulse	255	4040204	21935	0
sub-06_2	66	Pulse	255	4060203	5905	0
sub-06_2	66	Picture	62	4064299	10000	1	25226	1	10000	25000	hit	295
sub-06_2	66	Response	2	4077144	22845	1
sub-06_2	66	Pulse	255	4080204	25906	0
sub-06_2	67	Picture	Bfix	4089691	0	1	212338	1	0	200000	other	0
sub-06_2	67	Pulse	255	4100204	10513	0
sub-06_2	67	Pulse	255	4120203	30513	0
sub-06_2	67	Pulse	255	4140204	50513	0
sub-06_2	67	Pulse	255	4160204	70513	0
sub-06_2	67	Pulse	255	4180194	90503	0
sub-06_2	67	Pulse	255	4200194	110503	0
sub-06_2	67	Pulse	255	4220194	130503	0
sub-06_2	67	Pulse	255	4240195	150504	0
