Scenario - loca_mcse
Logfile written - 06/27/2018 10:50:07

Subject	Trial	Event Type	Code	Time	TTime	Uncertainty	Duration	Uncertainty	ReqTime	ReqDur	Stim Type	Pair Index

sub-14_2	0	Pulse	255	731500	731500	0
sub-14_2	1	Picture	Bfix	731728	0	1	200226	1	0	200000	other	0
sub-14_2	1	Pulse	255	751500	19772	0
sub-14_2	1	Pulse	255	771500	39772	0
sub-14_2	1	Pulse	255	791500	59772	0
sub-14_2	1	Pulse	255	811499	79771	0
sub-14_2	1	Pulse	255	831500	99772	0
sub-14_2	1	Pulse	255	851500	119773	0
sub-14_2	1	Pulse	255	871499	139772	0
sub-14_2	1	Pulse	255	891500	159772	0
sub-14_2	1	Pulse	255	911500	179772	0
sub-14_2	1	Pulse	255	931500	199772	0
sub-14_2	2	Picture	11	942918	10000	1	25226	1	10000	25000	hit	15
sub-14_2	2	Pulse	255	951500	18582	0
sub-14_2	2	Response	1	952119	19202	1
sub-14_2	3	Pulse	255	971499	2480	0
sub-14_2	3	Picture	12	979019	10000	1	25226	1	10000	25000	hit	18
sub-14_2	3	Response	2	986840	17822	1
sub-14_2	3	Pulse	255	991500	22482	0
sub-14_2	4	Pulse	255	1011500	6373	0
sub-14_2	4	Picture	12	1015127	10000	1	25226	1	10000	25000	hit	22
sub-14_2	4	Response	2	1020800	15674	1
sub-14_2	4	Pulse	255	1031500	26374	0
sub-14_2	5	Picture	11	1051071	10000	1	25226	1	10000	25000	hit	26
sub-14_2	5	Pulse	255	1051500	10429	0
sub-14_2	5	Response	1	1056490	15419	1
sub-14_2	5	Pulse	255	1071500	30429	0
sub-14_2	6	Picture	12	1087413	10000	1	25226	1	10000	25000	hit	30
sub-14_2	6	Pulse	255	1091500	14087	0
sub-14_2	6	Response	2	1097230	19817	1
sub-14_2	6	Pulse	255	1111490	34077	0
sub-14_2	7	Picture	12	1123573	10000	1	25226	1	10000	25000	hit	33
sub-14_2	7	Response	2	1129871	16298	1
sub-14_2	7	Pulse	255	1131490	17917	0
sub-14_2	8	Pulse	255	1151491	1822	0
sub-14_2	8	Picture	12	1159669	10000	1	25226	1	10000	25000	hit	37
sub-14_2	8	Response	2	1166011	16342	1
sub-14_2	8	Pulse	255	1171491	21822	0
sub-14_2	9	Pulse	255	1191491	5729	0
sub-14_2	9	Picture	11	1195762	10000	1	25226	1	10000	25000	hit	41
sub-14_2	9	Response	1	1202961	17199	1
sub-14_2	9	Pulse	255	1211491	25730	0
sub-14_2	10	Pulse	255	1231491	9632	0
sub-14_2	10	Picture	11	1231859	10000	1	25226	1	10000	25000	hit	45
sub-14_2	10	Response	1	1237521	15662	1
sub-14_2	10	Pulse	255	1251491	29633	0
sub-14_2	11	Picture	11	1267957	10000	1	25226	1	10000	25000	hit	49
sub-14_2	11	Pulse	255	1271491	13534	0
sub-14_2	11	Response	1	1277681	19724	1
sub-14_2	11	Pulse	255	1291491	33534	0
sub-14_2	12	Picture	Bfix	1293350	0	1	200880	1	0	200000	other	0
sub-14_2	12	Pulse	255	1311491	18141	0
sub-14_2	12	Pulse	255	1331491	38141	0
sub-14_2	12	Pulse	255	1351491	58141	0
sub-14_2	12	Pulse	255	1371491	78141	0
sub-14_2	12	Pulse	255	1391491	98141	0
sub-14_2	12	Pulse	255	1411491	118142	0
sub-14_2	12	Pulse	255	1431491	138142	0
sub-14_2	12	Pulse	255	1451492	158142	0
sub-14_2	12	Pulse	255	1471492	178142	0
sub-14_2	12	Pulse	255	1491491	198141	0
sub-14_2	13	Picture	61	1504230	10000	1	25226	1	10000	25000	hit	64
sub-14_2	13	Pulse	255	1511492	17262	0
sub-14_2	13	Response	1	1515681	21452	1
sub-14_2	14	Pulse	255	1531491	1150	0
sub-14_2	14	Picture	62	1540341	10000	1	25226	1	10000	25000	miss	0
sub-14_2	14	Pulse	255	1551492	21151	0
sub-14_2	15	Pulse	255	1571492	5050	0
sub-14_2	15	Picture	61	1576442	10000	1	25226	1	10000	25000	hit	71
sub-14_2	15	Pulse	255	1591492	25049	0
sub-14_2	15	Response	1	1592211	25769	1
sub-14_2	16	Pulse	255	1611492	8946	0
sub-14_2	16	Picture	62	1612547	10000	1	25226	1	10000	25000	hit	74
sub-14_2	16	Response	2	1628021	25475	1
sub-14_2	16	Pulse	255	1631492	28945	0
sub-14_2	17	Picture	61	1648648	10000	1	25226	1	10000	25000	hit	78
sub-14_2	17	Pulse	255	1651491	12843	0
sub-14_2	17	Response	1	1657632	18984	1
sub-14_2	17	Pulse	255	1671492	32844	0
sub-14_2	18	Picture	61	1684741	10000	1	25226	1	10000	25000	hit	82
sub-14_2	18	Pulse	255	1691492	16751	0
sub-14_2	18	Response	1	1704632	29891	1
sub-14_2	19	Pulse	255	1711492	662	0
sub-14_2	19	Picture	62	1720830	10000	1	25226	1	10000	25000	hit	86
sub-14_2	19	Pulse	255	1731492	20663	0
sub-14_2	19	Response	2	1739542	28713	1
sub-14_2	20	Pulse	255	1751493	4552	0
sub-14_2	20	Picture	61	1756940	10000	1	25226	1	10000	25000	hit	89
sub-14_2	20	Response	1	1769472	22532	1
sub-14_2	20	Pulse	255	1771492	24552	0
sub-14_2	21	Pulse	255	1791493	8420	0
sub-14_2	21	Picture	62	1793072	10000	1	25226	1	10000	25000	hit	93
sub-14_2	21	Response	2	1808522	25449	1
sub-14_2	21	Pulse	255	1811492	28420	0
sub-14_2	22	Picture	62	1829132	10000	1	25226	1	10000	25000	hit	97
sub-14_2	22	Pulse	255	1831492	12360	0
sub-14_2	22	Response	2	1844333	25201	1
sub-14_2	22	Pulse	255	1851493	32361	0
sub-14_2	23	Picture	Bfix	1854525	0	1	200907	1	0	200000	other	0
sub-14_2	23	Pulse	255	1871493	16969	0
sub-14_2	23	Pulse	255	1891492	36968	0
sub-14_2	23	Pulse	255	1911492	56968	0
sub-14_2	23	Pulse	255	1931493	76968	0
sub-14_2	23	Pulse	255	1951493	96968	0
sub-14_2	23	Pulse	255	1971493	116969	0
sub-14_2	23	Pulse	255	1991493	136969	0
sub-14_2	23	Pulse	255	2011493	156969	0
sub-14_2	23	Pulse	255	2031492	176967	0
sub-14_2	23	Pulse	255	2051493	196969	0
sub-14_2	24	Picture	11	2065431	10000	1	25226	1	10000	25000	hit	112
sub-14_2	24	Pulse	255	2071493	16062	0
sub-14_2	24	Response	1	2075503	20072	1
sub-14_2	24	Pulse	255	2091493	36062	0
sub-14_2	25	Picture	12	2101505	10000	1	25226	1	10000	25000	hit	115
sub-14_2	25	Response	2	2108273	16768	1
sub-14_2	25	Pulse	255	2111493	19988	0
sub-14_2	26	Pulse	255	2131493	3883	0
sub-14_2	26	Picture	12	2137610	10000	1	25226	1	10000	25000	hit	119
sub-14_2	26	Response	2	2144584	16974	1
sub-14_2	26	Pulse	255	2151493	23883	0
sub-14_2	27	Pulse	255	2171493	7778	0
sub-14_2	27	Picture	12	2173715	10000	1	25226	1	10000	25000	hit	123
sub-14_2	27	Response	2	2179954	16238	1
sub-14_2	27	Pulse	255	2191494	27778	0
sub-14_2	28	Picture	11	2209958	10000	1	25226	1	10000	25000	hit	127
sub-14_2	28	Pulse	255	2211494	11536	0
sub-14_2	28	Response	1	2219194	19236	1
sub-14_2	28	Pulse	255	2231494	31537	0
sub-14_2	29	Picture	12	2246062	10000	1	25226	1	10000	25000	hit	131
sub-14_2	29	Pulse	255	2251493	15432	0
sub-14_2	29	Response	2	2252843	16781	1
sub-14_2	29	Pulse	255	2271288	35227	206
sub-14_2	30	Picture	11	2282039	10000	1	25226	1	10000	25000	hit	134
sub-14_2	30	Response	1	2289064	17025	1
sub-14_2	30	Pulse	255	2291494	19455	0
sub-14_2	31	Pulse	255	2311494	3400	0
sub-14_2	31	Picture	12	2318094	10000	1	25226	1	10000	25000	hit	138
sub-14_2	31	Response	2	2323684	15590	1
sub-14_2	31	Pulse	255	2331493	23400	0
sub-14_2	32	Pulse	255	2351494	7307	0
sub-14_2	32	Picture	12	2354187	10000	1	25226	1	10000	25000	hit	142
sub-14_2	32	Response	2	2361714	17527	1
sub-14_2	32	Pulse	255	2371494	27307	0
sub-14_2	33	Picture	11	2390292	10000	1	25226	1	10000	25000	hit	146
sub-14_2	33	Pulse	255	2391494	11202	0
sub-14_2	33	Response	1	2397654	17363	1
sub-14_2	33	Pulse	255	2411494	31202	0
sub-14_2	34	Picture	Bfix	2415684	0	1	200883	1	0	200000	other	0
sub-14_2	34	Pulse	255	2431494	15810	0
sub-14_2	34	Pulse	255	2451494	35810	0
sub-14_2	34	Pulse	255	2471494	55810	0
sub-14_2	34	Pulse	255	2491494	75810	0
sub-14_2	34	Pulse	255	2511495	95811	0
sub-14_2	34	Pulse	255	2531495	115810	0
sub-14_2	34	Pulse	255	2551495	135811	0
sub-14_2	34	Pulse	255	2571495	155810	0
sub-14_2	34	Pulse	255	2591495	175810	0
sub-14_2	34	Pulse	255	2611495	195811	0
sub-14_2	35	Picture	62	2626567	10000	1	25226	1	10000	25000	miss	0
sub-14_2	35	Pulse	255	2631495	14928	0
sub-14_2	35	Pulse	255	2651494	34927	0
sub-14_2	36	Picture	62	2662675	10000	1	25226	1	10000	25000	hit	164
sub-14_2	36	Pulse	255	2671495	18820	0
sub-14_2	36	Response	2	2678845	26170	1
sub-14_2	37	Pulse	255	2691495	2719	0
sub-14_2	37	Picture	62	2698776	10000	1	25226	1	10000	25000	hit	168
sub-14_2	37	Pulse	255	2711495	22719	0
sub-14_2	37	Response	2	2715735	26959	1
sub-14_2	38	Pulse	255	2731495	6629	0
sub-14_2	38	Picture	62	2734866	10000	1	25226	1	10000	25000	incorrect	172
sub-14_2	38	Pulse	255	2751494	26628	0
sub-14_2	38	Response	1	2757155	32289	1
sub-14_2	38	Response	2	2759464	34599	1
sub-14_2	39	Picture	62	2770962	10000	1	25226	1	10000	25000	hit	176
sub-14_2	39	Pulse	255	2771495	10533	0
sub-14_2	39	Response	2	2780795	19833	1
sub-14_2	39	Pulse	255	2791495	30533	0
sub-14_2	40	Picture	62	2807054	10000	1	25226	1	10000	25000	hit	180
sub-14_2	40	Pulse	255	2811495	14441	0
sub-14_2	40	Response	2	2817885	20831	1
sub-14_2	40	Pulse	255	2831495	34441	0
sub-14_2	41	Picture	62	2843166	10000	1	25226	1	10000	25000	hit	184
sub-14_2	41	Pulse	255	2851495	18329	0
sub-14_2	41	Response	2	2853685	20519	1
sub-14_2	42	Pulse	255	2871495	2243	0
sub-14_2	42	Picture	61	2879252	10000	1	25226	1	10000	25000	hit	188
sub-14_2	42	Pulse	255	2891495	22242	0
sub-14_2	42	Response	1	2897546	28293	1
sub-14_2	43	Pulse	255	2911496	6148	0
sub-14_2	43	Picture	61	2915348	10000	1	25226	1	10000	25000	hit	191
sub-14_2	43	Response	1	2927966	22618	1
sub-14_2	43	Pulse	255	2931496	26148	0
sub-14_2	44	Picture	61	2951449	10000	1	25226	1	10000	25000	hit	196
sub-14_2	44	Pulse	255	2951496	10047	0
sub-14_2	44	Pulse	255	2971496	30046	0
sub-14_2	44	Response	1	2976256	34807	1
sub-14_2	45	Picture	Bfix	2976842	0	1	200885	1	0	200000	other	0
sub-14_2	45	Pulse	255	2991496	14654	0
sub-14_2	45	Pulse	255	3011495	34653	0
sub-14_2	45	Pulse	255	3031496	54654	0
sub-14_2	45	Pulse	255	3051496	74654	0
sub-14_2	45	Pulse	255	3071496	94654	0
sub-14_2	45	Pulse	255	3091496	114654	0
sub-14_2	45	Pulse	255	3111496	134655	0
sub-14_2	45	Pulse	255	3131496	154655	0
sub-14_2	45	Pulse	255	3151496	174655	0
sub-14_2	45	Pulse	255	3171496	194655	0
sub-14_2	46	Picture	11	3187726	10000	1	25226	1	10000	25000	miss	0
sub-14_2	46	Pulse	255	3191496	13770	0
sub-14_2	46	Pulse	255	3211496	33769	0
sub-14_2	47	Picture	12	3223822	10000	1	25226	1	10000	25000	miss	0
sub-14_2	47	Pulse	255	3231497	17675	0
sub-14_2	48	Pulse	255	3251496	1576	0
sub-14_2	48	Response	2	3258957	9036	1
sub-14_2	48	Picture	12	3259920	10000	1	25226	1	10000	25000	hit	216
sub-14_2	48	Response	2	3269386	19466	1
sub-14_2	48	Pulse	255	3271496	21576	0
sub-14_2	49	Pulse	255	3291497	5476	0
sub-14_2	49	Picture	12	3296021	10000	1	25226	1	10000	25000	hit	220
sub-14_2	49	Response	2	3302396	16375	1
sub-14_2	49	Pulse	255	3311497	25476	0
sub-14_2	50	Pulse	255	3331497	9379	0
sub-14_2	50	Picture	12	3332118	10000	1	25226	1	10000	25000	hit	224
sub-14_2	50	Response	2	3338727	16609	1
sub-14_2	50	Pulse	255	3351497	29379	0
sub-14_2	51	Picture	12	3368079	10000	1	25226	1	10000	25000	hit	228
sub-14_2	51	Pulse	255	3371487	13408	0
sub-14_2	51	Response	2	3374267	16188	1
sub-14_2	51	Pulse	255	3391487	33408	0
sub-14_2	52	Picture	11	3404198	10000	1	25226	1	10000	25000	hit	232
sub-14_2	52	Pulse	255	3411487	17290	0
sub-14_2	52	Response	1	3411736	17538	1
sub-14_2	53	Pulse	255	3431487	1192	0
sub-14_2	53	Picture	11	3440295	10000	1	25226	1	10000	25000	hit	235
sub-14_2	53	Response	1	3447787	17492	1
sub-14_2	53	Pulse	255	3451487	21192	0
sub-14_2	54	Pulse	255	3471487	5089	0
sub-14_2	54	Picture	11	3476398	10000	1	25226	1	10000	25000	hit	239
sub-14_2	54	Response	1	3483297	16899	1
sub-14_2	54	Pulse	255	3491487	25089	0
sub-14_2	55	Pulse	255	3511487	9002	0
sub-14_2	55	Picture	12	3512484	10000	1	25226	1	10000	25000	hit	243
sub-14_2	55	Response	2	3517547	15063	1
sub-14_2	55	Pulse	255	3531488	29003	0
sub-14_2	56	Picture	Bfix	3537877	0	1	200886	1	0	200000	other	0
sub-14_2	56	Pulse	255	3551488	13610	0
sub-14_2	56	Pulse	255	3571487	33610	0
sub-14_2	56	Pulse	255	3591487	53610	0
sub-14_2	56	Pulse	255	3611488	73610	0
sub-14_2	56	Pulse	255	3631487	93610	0
sub-14_2	56	Pulse	255	3651488	113610	0
sub-14_2	56	Pulse	255	3671488	133611	0
sub-14_2	56	Pulse	255	3691488	153611	0
sub-14_2	56	Pulse	255	3711487	173610	0
sub-14_2	56	Pulse	255	3731487	193610	0
sub-14_2	57	Picture	61	3748763	10000	1	25226	1	10000	25000	hit	258
sub-14_2	57	Pulse	255	3751488	12725	0
sub-14_2	57	Response	1	3761138	22375	1
sub-14_2	57	Pulse	255	3771488	32725	0
sub-14_2	58	Picture	61	3784862	10000	1	25226	1	10000	25000	miss	0
sub-14_2	58	Pulse	255	3791488	16626	0
sub-14_2	59	Pulse	255	3811488	528	0
sub-14_2	59	Picture	62	3820959	10000	1	25226	1	10000	25000	hit	265
sub-14_2	59	Pulse	255	3831488	20529	0
sub-14_2	59	Response	2	3838838	27879	1
sub-14_2	60	Pulse	255	3851488	4427	0
sub-14_2	60	Picture	62	3857061	10000	1	25226	1	10000	25000	hit	269
sub-14_2	60	Pulse	255	3871488	24427	0
sub-14_2	60	Response	2	3871947	24886	1
sub-14_2	61	Pulse	255	3891488	8323	0
sub-14_2	61	Picture	61	3893165	10000	1	25226	1	10000	25000	hit	272
sub-14_2	61	Response	1	3909968	26804	1
sub-14_2	61	Pulse	255	3911488	28323	0
sub-14_2	62	Picture	61	3929283	10000	1	25226	1	10000	25000	hit	276
sub-14_2	62	Pulse	255	3931488	12205	0
sub-14_2	62	Response	1	3941778	22495	1
sub-14_2	62	Pulse	255	3951488	32205	0
sub-14_2	63	Picture	62	3965379	10000	1	25226	1	10000	25000	hit	280
sub-14_2	63	Pulse	255	3971489	16110	0
sub-14_2	63	Response	2	3982649	27270	1
sub-14_2	64	Pulse	255	3991489	17	0
sub-14_2	64	Picture	61	4001472	10000	1	25226	1	10000	25000	hit	284
sub-14_2	64	Pulse	255	4011488	20017	0
sub-14_2	64	Response	1	4019219	27747	1
sub-14_2	65	Pulse	255	4031489	4062	0
sub-14_2	65	Picture	61	4037427	10000	1	25226	1	10000	25000	hit	288
sub-14_2	65	Pulse	255	4051489	24062	0
sub-14_2	65	Response	1	4053799	26372	1
sub-14_2	66	Pulse	255	4071489	7975	0
sub-14_2	66	Picture	62	4073514	10000	1	25226	1	10000	25000	hit	292
sub-14_2	66	Pulse	255	4091489	27975	0
sub-14_2	66	Response	2	4092358	28845	1
sub-14_2	67	Picture	Bfix	4098906	0	1	200226	1	0	200000	other	0
sub-14_2	67	Pulse	255	4111489	12583	0
sub-14_2	67	Pulse	255	4131489	32583	0
sub-14_2	67	Pulse	255	4151489	52583	0
sub-14_2	67	Pulse	255	4171489	72583	0
sub-14_2	67	Pulse	255	4191490	92584	0
sub-14_2	67	Pulse	255	4211489	112583	0
sub-14_2	67	Pulse	255	4231489	132583	0
sub-14_2	67	Pulse	255	4251489	152583	0
