Scenario - loca_mcse
Logfile written - 05/29/2018 10:23:14

Subject	Trial	Event Type	Code	Time	TTime	Uncertainty	Duration	Uncertainty	ReqTime	ReqDur	Stim Type	Pair Index

sub-11_2	0	Pulse	255	779282	779282	0
sub-11_2	1	Picture	Bfix	779402	0	1	201062	1	0	200000	other	0
sub-11_2	1	Pulse	255	799283	19881	0
sub-11_2	1	Pulse	255	819283	39881	0
sub-11_2	1	Pulse	255	839283	59881	0
sub-11_2	1	Pulse	255	859283	79881	0
sub-11_2	1	Pulse	255	879284	99881	0
sub-11_2	1	Pulse	255	899284	119881	0
sub-11_2	1	Pulse	255	919284	139881	0
sub-11_2	1	Pulse	255	939283	159881	0
sub-11_2	1	Pulse	255	959283	179880	0
sub-11_2	1	Pulse	255	979283	199881	0
sub-11_2	2	Picture	11	990300	10000	1	25174	1	10000	25000	hit	14
sub-11_2	2	Response	1	996834	16534	1
sub-11_2	2	Pulse	255	999284	18984	0
sub-11_2	3	Pulse	255	1019284	3140	0
sub-11_2	3	Picture	12	1026145	10000	1	25174	1	10000	25000	hit	18
sub-11_2	3	Response	2	1031865	15720	1
sub-11_2	3	Pulse	255	1039284	23140	0
sub-11_2	4	Pulse	255	1059284	7128	0
sub-11_2	4	Picture	12	1062156	10000	1	25174	1	10000	25000	hit	22
sub-11_2	4	Response	2	1067554	15398	1
sub-11_2	4	Pulse	255	1079285	27129	0
sub-11_2	5	Picture	11	1098000	10000	1	25174	1	10000	25000	hit	26
sub-11_2	5	Pulse	255	1099284	11284	0
sub-11_2	5	Response	1	1102864	14864	1
sub-11_2	5	Pulse	255	1119284	31284	0
sub-11_2	6	Picture	12	1133844	10000	1	25174	1	10000	25000	hit	30
sub-11_2	6	Pulse	255	1139285	15441	0
sub-11_2	6	Response	2	1139524	15679	1
sub-11_2	6	Pulse	255	1159019	35175	266
sub-11_2	7	Picture	12	1169855	10000	1	25174	1	10000	25000	hit	33
sub-11_2	7	Response	2	1175235	15380	1
sub-11_2	7	Pulse	255	1179285	19430	0
sub-11_2	8	Pulse	255	1199285	3419	0
sub-11_2	8	Picture	12	1205866	10000	1	25174	1	10000	25000	hit	37
sub-11_2	8	Response	2	1210565	14699	1
sub-11_2	8	Pulse	255	1219285	23419	0
sub-11_2	9	Pulse	255	1239285	7408	0
sub-11_2	9	Picture	11	1241877	10000	1	25174	1	10000	25000	hit	41
sub-11_2	9	Response	1	1247885	16008	1
sub-11_2	9	Pulse	255	1259285	27408	0
sub-11_2	10	Picture	11	1277722	10000	1	25174	1	10000	25000	hit	45
sub-11_2	10	Pulse	255	1279286	11564	0
sub-11_2	10	Response	1	1284486	16764	1
sub-11_2	10	Pulse	255	1299285	31563	0
sub-11_2	11	Picture	11	1313566	10000	1	25174	1	10000	25000	hit	49
sub-11_2	11	Pulse	255	1319285	15719	0
sub-11_2	11	Response	1	1320765	17199	1
sub-11_2	12	Picture	Bfix	1338907	0	1	200228	1	0	200000	other	0
sub-11_2	12	Pulse	255	1339286	379	0
sub-11_2	12	Pulse	255	1359286	20378	0
sub-11_2	12	Pulse	255	1379285	40378	0
sub-11_2	12	Pulse	255	1399286	60379	0
sub-11_2	12	Pulse	255	1419285	80378	0
sub-11_2	12	Pulse	255	1439286	100379	0
sub-11_2	12	Pulse	255	1459286	120379	0
sub-11_2	12	Pulse	255	1479286	140379	0
sub-11_2	12	Pulse	255	1499286	160379	0
sub-11_2	12	Pulse	255	1519285	180378	0
sub-11_2	12	Pulse	255	1539136	200229	151
sub-11_2	13	Picture	61	1549805	10000	1	25174	1	10000	25000	hit	64
sub-11_2	13	Pulse	255	1559287	19482	0
sub-11_2	13	Response	1	1570996	31191	1
sub-11_2	14	Pulse	255	1579287	3470	0
sub-11_2	14	Picture	62	1585816	10000	1	25174	1	10000	25000	miss	0
sub-11_2	14	Pulse	255	1599287	23471	0
sub-11_2	14	Response	2	1610991	35175	639
sub-11_2	15	Pulse	255	1619287	7460	0
sub-11_2	15	Picture	61	1621827	10000	1	25174	1	10000	25000	hit	71
sub-11_2	15	Response	1	1628487	16660	1
sub-11_2	15	Pulse	255	1639286	27459	0
sub-11_2	16	Picture	62	1657838	10000	1	25174	1	10000	25000	incorrect	75
sub-11_2	16	Pulse	255	1659287	11449	0
sub-11_2	16	Response	2	1673487	25649	1
sub-11_2	16	Pulse	255	1679286	31448	0
sub-11_2	17	Picture	61	1693849	10000	1	25174	1	10000	25000	hit	79
sub-11_2	17	Pulse	255	1699287	15438	0
sub-11_2	17	Response	1	1699396	15547	1
sub-11_2	17	Pulse	255	1719024	35175	264
sub-11_2	18	Picture	61	1729860	10000	1	25174	1	10000	25000	hit	83
sub-11_2	18	Pulse	255	1739287	19426	0
sub-11_2	18	Response	1	1745656	25796	1
sub-11_2	19	Pulse	255	1759287	3416	0
sub-11_2	19	Picture	62	1765871	10000	1	25174	1	10000	25000	incorrect	86
sub-11_2	19	Response	2	1772777	16906	1
sub-11_2	19	Pulse	255	1779287	23416	0
sub-11_2	20	Pulse	255	1799287	7572	0
sub-11_2	20	Picture	61	1801716	10000	1	25174	1	10000	25000	hit	90
sub-11_2	20	Response	1	1813247	21531	1
sub-11_2	20	Pulse	255	1819288	27572	0
sub-11_2	21	Picture	62	1837560	10000	1	25174	1	10000	25000	incorrect	94
sub-11_2	21	Pulse	255	1839286	11726	0
sub-11_2	21	Response	2	1856928	29368	1
sub-11_2	21	Pulse	255	1859287	31727	0
sub-11_2	22	Picture	62	1873571	10000	1	25174	1	10000	25000	incorrect	98
sub-11_2	22	Pulse	255	1879287	15716	0
sub-11_2	22	Response	2	1895998	32427	1
sub-11_2	23	Picture	Bfix	1898912	0	1	200728	1	0	200000	other	0
sub-11_2	23	Pulse	255	1899287	375	0
sub-11_2	23	Pulse	255	1919288	20376	0
sub-11_2	23	Pulse	255	1939287	40375	0
sub-11_2	23	Pulse	255	1959288	60376	0
sub-11_2	23	Pulse	255	1979288	80376	0
sub-11_2	23	Pulse	255	1999288	100376	0
sub-11_2	23	Pulse	255	2019289	120376	0
sub-11_2	23	Pulse	255	2039288	140376	0
sub-11_2	23	Pulse	255	2059289	160377	0
sub-11_2	23	Pulse	255	2079288	180376	0
sub-11_2	23	Pulse	255	2098913	200001	377
sub-11_2	24	Picture	11	2109643	10000	1	25174	1	10000	25000	hit	112
sub-11_2	24	Response	1	2116299	16655	1
sub-11_2	24	Pulse	255	2119289	19646	0
sub-11_2	25	Pulse	255	2139289	3634	0
sub-11_2	25	Picture	12	2145654	10000	1	25174	1	10000	25000	hit	116
sub-11_2	25	Response	2	2150318	14664	1
sub-11_2	25	Pulse	255	2159289	23634	0
sub-11_2	26	Pulse	255	2179289	7624	0
sub-11_2	26	Picture	12	2181665	10000	1	25174	1	10000	25000	hit	120
sub-11_2	26	Response	2	2187608	15943	1
sub-11_2	26	Pulse	255	2199289	27623	0
sub-11_2	27	Picture	12	2217510	10000	1	25174	1	10000	25000	hit	124
sub-11_2	27	Pulse	255	2219289	11779	0
sub-11_2	27	Response	2	2222179	14669	1
sub-11_2	27	Pulse	255	2239289	31779	0
sub-11_2	28	Picture	11	2253521	10000	1	25174	1	10000	25000	hit	128
sub-11_2	28	Pulse	255	2259290	15769	0
sub-11_2	28	Response	1	2262509	18988	1
sub-11_2	28	Pulse	255	2278696	35175	594
sub-11_2	29	Picture	12	2289532	10000	1	25174	1	10000	25000	hit	131
sub-11_2	29	Response	2	2296069	16538	1
sub-11_2	29	Pulse	255	2299288	19757	0
sub-11_2	30	Pulse	255	2319290	3747	0
sub-11_2	30	Picture	11	2325543	10000	1	25174	1	10000	25000	hit	135
sub-11_2	30	Response	1	2332049	16506	1
sub-11_2	30	Pulse	255	2339290	23747	0
sub-11_2	31	Pulse	255	2359290	7736	0
sub-11_2	31	Picture	12	2361554	10000	1	25174	1	10000	25000	hit	139
sub-11_2	31	Response	2	2366800	15246	1
sub-11_2	31	Pulse	255	2379289	27735	0
sub-11_2	32	Picture	12	2397565	10000	1	25174	1	10000	25000	hit	143
sub-11_2	32	Pulse	255	2399290	11725	0
sub-11_2	32	Response	2	2406309	18744	1
sub-11_2	32	Pulse	255	2419289	31724	0
sub-11_2	33	Picture	11	2433409	10000	1	25174	1	10000	25000	hit	147
sub-11_2	33	Pulse	255	2439289	15880	0
sub-11_2	33	Response	1	2441330	17921	1
sub-11_2	34	Picture	Bfix	2458750	0	1	200561	1	0	200000	other	0
sub-11_2	34	Pulse	255	2459290	540	0
sub-11_2	34	Pulse	255	2479290	20540	0
sub-11_2	34	Pulse	255	2499289	40539	0
sub-11_2	34	Pulse	255	2519290	60540	0
sub-11_2	34	Pulse	255	2539290	80540	0
sub-11_2	34	Pulse	255	2559290	100540	0
sub-11_2	34	Pulse	255	2579290	120539	0
sub-11_2	34	Pulse	255	2599290	140540	0
sub-11_2	34	Pulse	255	2619291	160540	0
sub-11_2	34	Pulse	255	2639291	180540	0
sub-11_2	34	Pulse	255	2659291	200541	0
sub-11_2	35	Picture	62	2669315	10000	1	25174	1	10000	25000	hit	162
sub-11_2	35	Pulse	255	2679290	19975	0
sub-11_2	35	Response	1	2691811	32496	1
sub-11_2	36	Pulse	255	2699291	3965	0
sub-11_2	36	Picture	62	2705326	10000	1	25174	1	10000	25000	incorrect	166
sub-11_2	36	Pulse	255	2719291	23965	0
sub-11_2	36	Response	2	2729560	34235	1
sub-11_2	37	Pulse	255	2739291	7954	0
sub-11_2	37	Picture	62	2741337	10000	1	25174	1	10000	25000	incorrect	169
sub-11_2	37	Response	2	2745981	14644	1
sub-11_2	37	Pulse	255	2759291	27954	0
sub-11_2	38	Picture	62	2777348	10000	1	25174	1	10000	25000	incorrect	173
sub-11_2	38	Pulse	255	2779291	11943	0
sub-11_2	38	Response	2	2788661	21313	1
sub-11_2	38	Pulse	255	2799291	31943	0
sub-11_2	39	Picture	62	2813359	10000	1	25174	1	10000	25000	incorrect	177
sub-11_2	39	Pulse	255	2819291	15932	0
sub-11_2	39	Response	2	2831021	27662	1
sub-11_2	39	Pulse	255	2839291	35932	0
sub-11_2	40	Picture	62	2849370	10000	1	25174	1	10000	25000	incorrect	181
sub-11_2	40	Pulse	255	2859292	19921	0
sub-11_2	40	Response	2	2861361	21991	1
sub-11_2	41	Pulse	255	2879291	3910	0
sub-11_2	41	Picture	62	2885381	10000	1	25174	1	10000	25000	incorrect	184
sub-11_2	41	Response	2	2891791	16410	1
sub-11_2	41	Pulse	255	2899292	23911	0
sub-11_2	42	Pulse	255	2919292	8066	0
sub-11_2	42	Picture	61	2921225	10000	1	25174	1	10000	25000	hit	188
sub-11_2	42	Response	1	2938722	27496	1
sub-11_2	42	Pulse	255	2939291	28066	0
sub-11_2	43	Picture	61	2957236	10000	1	25174	1	10000	25000	hit	192
sub-11_2	43	Pulse	255	2959292	12055	0
sub-11_2	43	Response	1	2971212	23975	1
sub-11_2	43	Pulse	255	2979291	32055	0
sub-11_2	44	Picture	61	2993247	10000	1	25174	1	10000	25000	hit	196
sub-11_2	44	Pulse	255	2999291	16044	0
sub-11_2	44	Response	1	3010361	27114	1
sub-11_2	45	Picture	Bfix	3018589	0	1	200061	1	0	200000	other	0
sub-11_2	45	Pulse	255	3019292	704	0
sub-11_2	45	Pulse	255	3039291	20703	0
sub-11_2	45	Pulse	255	3059292	40704	0
sub-11_2	45	Pulse	255	3079282	60693	0
sub-11_2	45	Pulse	255	3099281	80693	0
sub-11_2	45	Pulse	255	3119282	100693	0
sub-11_2	45	Pulse	255	3139282	120694	0
sub-11_2	45	Pulse	255	3159283	140694	0
sub-11_2	45	Pulse	255	3179283	160694	0
sub-11_2	45	Pulse	255	3199283	180694	0
sub-11_2	45	Pulse	255	3218650	200062	633
sub-11_2	46	Picture	11	3229487	10000	1	25174	1	10000	25000	hit	210
sub-11_2	46	Response	1	3235582	16096	1
sub-11_2	46	Pulse	255	3239282	19796	0
sub-11_2	47	Pulse	255	3259283	3952	0
sub-11_2	47	Picture	12	3265331	10000	1	25174	1	10000	25000	hit	214
sub-11_2	47	Response	2	3271053	15722	1
sub-11_2	47	Pulse	255	3279283	23952	0
sub-11_2	48	Pulse	255	3299283	7941	0
sub-11_2	48	Picture	12	3301342	10000	1	25174	1	10000	25000	hit	218
sub-11_2	48	Response	2	3309742	18400	1
sub-11_2	48	Pulse	255	3319283	27941	0
sub-11_2	49	Picture	12	3337186	10000	1	25174	1	10000	25000	hit	222
sub-11_2	49	Pulse	255	3339284	12097	0
sub-11_2	49	Response	2	3341823	14637	1
sub-11_2	49	Pulse	255	3359283	32097	0
sub-11_2	50	Picture	12	3373197	10000	1	25174	1	10000	25000	hit	225
sub-11_2	50	Response	2	3377533	14335	1
sub-11_2	50	Pulse	255	3379283	16086	0
sub-11_2	51	Pulse	255	3399284	75	0
sub-11_2	51	Picture	12	3409208	10000	1	25174	1	10000	25000	hit	229
sub-11_2	51	Response	2	3414502	15294	1
sub-11_2	51	Pulse	255	3419283	20075	0
sub-11_2	52	Pulse	255	3439283	4064	0
sub-11_2	52	Picture	11	3445219	10000	1	25174	1	10000	25000	hit	233
sub-11_2	52	Response	1	3450673	15454	1
sub-11_2	52	Pulse	255	3459284	24065	0
sub-11_2	53	Pulse	255	3479284	8053	0
sub-11_2	53	Picture	11	3481230	10000	1	25174	1	10000	25000	hit	237
sub-11_2	53	Response	1	3486374	15144	1
sub-11_2	53	Pulse	255	3499283	28053	0
sub-11_2	54	Picture	11	3517075	10000	1	25174	1	10000	25000	hit	241
sub-11_2	54	Pulse	255	3519284	12209	0
sub-11_2	54	Response	1	3528614	21539	1
sub-11_2	54	Pulse	255	3539284	32209	0
sub-11_2	55	Picture	12	3553086	10000	1	25174	1	10000	25000	hit	244
sub-11_2	55	Response	2	3559203	16118	1
sub-11_2	55	Pulse	255	3559283	16197	0
sub-11_2	56	Picture	Bfix	3578427	0	1	200728	1	0	200000	other	0
sub-11_2	56	Pulse	255	3579284	857	0
sub-11_2	56	Pulse	255	3599283	20857	0
sub-11_2	56	Pulse	255	3619283	40857	1
sub-11_2	56	Pulse	255	3639284	60857	0
sub-11_2	56	Pulse	255	3659284	80857	0
sub-11_2	56	Pulse	255	3679284	100857	0
sub-11_2	56	Pulse	255	3699284	120858	0
sub-11_2	56	Pulse	255	3719284	140857	0
sub-11_2	56	Pulse	255	3739284	160857	0
sub-11_2	56	Pulse	255	3759285	180858	0
sub-11_2	57	Pulse	255	3779285	127	0
sub-11_2	57	Picture	61	3789158	10000	1	25174	1	10000	25000	incorrect	260
sub-11_2	57	Pulse	255	3799285	20127	0
sub-11_2	57	Response	1	3809525	30367	1
sub-11_2	58	Pulse	255	3819285	4116	0
sub-11_2	58	Picture	61	3825169	10000	1	25174	1	10000	25000	incorrect	263
sub-11_2	58	Response	1	3838305	23136	1
sub-11_2	58	Pulse	255	3839285	24115	0
sub-11_2	59	Pulse	255	3859285	8272	0
sub-11_2	59	Picture	62	3861013	10000	1	25174	1	10000	25000	hit	267
sub-11_2	59	Response	2	3875535	24522	1
sub-11_2	59	Pulse	255	3879285	28272	0
sub-11_2	60	Picture	62	3896858	10000	1	25174	1	10000	25000	hit	271
sub-11_2	60	Pulse	255	3899285	12427	0
sub-11_2	60	Response	2	3913815	26958	1
sub-11_2	60	Pulse	255	3919285	32427	0
sub-11_2	61	Picture	61	3932869	10000	1	25174	1	10000	25000	incorrect	275
sub-11_2	61	Pulse	255	3939285	16416	0
sub-11_2	61	Response	1	3947365	24496	1
sub-11_2	62	Pulse	255	3959285	572	0
sub-11_2	62	Picture	61	3968713	10000	1	25174	1	10000	25000	hit	279
sub-11_2	62	Pulse	255	3979286	20572	0
sub-11_2	62	Response	2	3985616	26903	1
sub-11_2	63	Pulse	255	3999285	4561	0
sub-11_2	63	Picture	62	4004724	10000	1	25174	1	10000	25000	hit	282
sub-11_2	63	Response	2	4017555	22831	1
sub-11_2	63	Pulse	255	4019285	24561	0
sub-11_2	64	Pulse	255	4039285	8550	0
sub-11_2	64	Picture	61	4040735	10000	1	25174	1	10000	25000	incorrect	287
sub-11_2	64	Pulse	255	4059286	28551	0
sub-11_2	64	Response	1	4059864	29129	1
sub-11_2	65	Picture	61	4076746	10000	1	25174	1	10000	25000	incorrect	290
sub-11_2	65	Pulse	255	4079286	12540	0
sub-11_2	65	Response	1	4082555	15809	1
sub-11_2	65	Pulse	255	4099286	32539	0
sub-11_2	66	Picture	62	4112591	10000	1	25174	1	10000	25000	hit	294
sub-11_2	66	Pulse	255	4119286	16696	0
sub-11_2	66	Response	2	4126386	23796	1
sub-11_2	67	Picture	Bfix	4137932	0	1	211763	1	0	200000	other	0
sub-11_2	67	Pulse	255	4139286	1354	0
sub-11_2	67	Pulse	255	4159286	21354	0
sub-11_2	67	Pulse	255	4179286	41355	0
sub-11_2	67	Pulse	255	4199286	61355	0
sub-11_2	67	Pulse	255	4219286	81355	0
sub-11_2	67	Pulse	255	4239310	101378	0
sub-11_2	67	Pulse	255	4259286	121355	0
sub-11_2	67	Pulse	255	4279287	141355	0
sub-11_2	67	Pulse	255	4299287	161355	0
