Scenario - loca_mcse
Logfile written - 06/12/2018 10:07:13

Subject	Trial	Event Type	Code	Time	TTime	Uncertainty	Duration	Uncertainty	ReqTime	ReqDur	Stim Type	Pair Index

sub-12_1	0	Pulse	255	746489	746489	0
sub-12_1	1	Picture	Bfix	746717	0	1	200226	1	0	200000	other	0
sub-12_1	1	Pulse	255	766489	19772	0
sub-12_1	1	Pulse	255	786489	39772	0
sub-12_1	1	Pulse	255	806489	59772	0
sub-12_1	1	Pulse	255	826489	79772	0
sub-12_1	1	Pulse	255	846490	99772	0
sub-12_1	1	Pulse	255	866489	119772	0
sub-12_1	1	Pulse	255	886489	139772	0
sub-12_1	1	Pulse	255	906488	159771	0
sub-12_1	1	Pulse	255	926490	179772	0
sub-12_1	1	Pulse	255	946490	199773	0
sub-12_1	2	Picture	11	957785	10000	1	25226	1	10000	25000	hit	15
sub-12_1	2	Pulse	255	966490	18705	0
sub-12_1	2	Response	1	968339	20554	1
sub-12_1	3	Pulse	255	986489	2608	0
sub-12_1	3	Picture	11	993881	10000	1	25226	1	10000	25000	hit	18
sub-12_1	3	Response	1	1003560	19679	1
sub-12_1	3	Pulse	255	1006489	22609	0
sub-12_1	4	Pulse	255	1026489	6511	0
sub-12_1	4	Picture	12	1029978	10000	1	25226	1	10000	25000	hit	22
sub-12_1	4	Response	2	1037879	17902	1
sub-12_1	4	Pulse	255	1046490	26513	0
sub-12_1	5	Picture	11	1066077	10000	1	25226	1	10000	25000	hit	26
sub-12_1	5	Pulse	255	1066490	10413	0
sub-12_1	5	Response	1	1073530	17453	1
sub-12_1	5	Pulse	255	1086489	30412	0
sub-12_1	6	Picture	11	1102174	10000	1	25226	1	10000	25000	hit	30
sub-12_1	6	Pulse	255	1106489	14316	0
sub-12_1	6	Response	1	1110070	17896	1
sub-12_1	6	Pulse	255	1126490	34316	0
sub-12_1	7	Picture	11	1138272	10000	1	25226	1	10000	25000	hit	33
sub-12_1	7	Response	1	1144530	16258	1
sub-12_1	7	Pulse	255	1146489	18217	0
sub-12_1	8	Pulse	255	1166490	2126	0
sub-12_1	8	Picture	11	1174365	10000	1	25226	1	10000	25000	hit	37
sub-12_1	8	Response	1	1181850	17485	1
sub-12_1	8	Pulse	255	1186490	22125	0
sub-12_1	9	Pulse	255	1206490	6016	0
sub-12_1	9	Picture	12	1210473	10000	1	25226	1	10000	25000	hit	41
sub-12_1	9	Response	2	1215260	14787	1
sub-12_1	9	Pulse	255	1226490	26016	0
sub-12_1	10	Pulse	255	1246490	9903	0
sub-12_1	10	Picture	11	1246588	10000	1	25226	1	10000	25000	hit	45
sub-12_1	10	Response	1	1252300	15713	1
sub-12_1	10	Pulse	255	1266490	29902	0
sub-12_1	11	Picture	11	1282550	10000	1	25226	1	10000	25000	hit	49
sub-12_1	11	Pulse	255	1286490	13940	0
sub-12_1	11	Response	1	1288570	16020	1
sub-12_1	11	Pulse	255	1306490	33940	0
sub-12_1	12	Picture	Bfix	1307943	0	1	200856	1	0	200000	other	0
sub-12_1	12	Pulse	255	1326490	18548	0
sub-12_1	12	Pulse	255	1346490	38547	0
sub-12_1	12	Pulse	255	1366490	58547	0
sub-12_1	12	Pulse	255	1386491	78548	0
sub-12_1	12	Pulse	255	1406491	98548	0
sub-12_1	12	Pulse	255	1426490	118548	0
sub-12_1	12	Pulse	255	1446491	138548	0
sub-12_1	12	Pulse	255	1466490	158548	0
sub-12_1	12	Pulse	255	1486490	178548	0
sub-12_1	12	Pulse	255	1506491	198548	0
sub-12_1	13	Picture	61	1518797	10000	1	25226	1	10000	25000	hit	64
sub-12_1	13	Pulse	255	1526491	17693	0
sub-12_1	13	Response	1	1529280	20483	1
sub-12_1	14	Pulse	255	1546491	1599	0
sub-12_1	14	Picture	62	1554892	10000	1	25226	1	10000	25000	hit	68
sub-12_1	14	Pulse	255	1566491	21599	0
sub-12_1	14	Response	2	1573211	28319	1
sub-12_1	15	Pulse	255	1586491	5494	0
sub-12_1	15	Picture	61	1590997	10000	1	25226	1	10000	25000	hit	71
sub-12_1	15	Response	1	1599830	18833	1
sub-12_1	15	Pulse	255	1606490	25493	0
sub-12_1	16	Pulse	255	1626491	9247	0
sub-12_1	16	Picture	61	1627244	10000	1	25226	1	10000	25000	hit	75
sub-12_1	16	Response	1	1643170	25927	1
sub-12_1	16	Pulse	255	1646491	29247	0
sub-12_1	17	Picture	61	1663203	10000	1	25226	1	10000	25000	hit	79
sub-12_1	17	Pulse	255	1666491	13288	0
sub-12_1	17	Response	1	1671970	18768	1
sub-12_1	17	Pulse	255	1686491	33288	0
sub-12_1	18	Picture	62	1699288	10000	1	25226	1	10000	25000	hit	83
sub-12_1	18	Pulse	255	1706490	17202	0
sub-12_1	18	Response	2	1712351	23062	1
sub-12_1	19	Pulse	255	1726490	1104	0
sub-12_1	19	Picture	62	1735386	10000	1	25226	1	10000	25000	hit	87
sub-12_1	19	Pulse	255	1746491	21104	0
sub-12_1	19	Response	2	1749011	23625	1
sub-12_1	20	Pulse	255	1766491	5009	0
sub-12_1	20	Picture	61	1771482	10000	1	25226	1	10000	25000	hit	91
sub-12_1	20	Pulse	255	1786491	25008	0
sub-12_1	20	Response	1	1786530	25048	1
sub-12_1	21	Pulse	255	1806491	8918	0
sub-12_1	21	Picture	61	1807572	10000	1	25226	1	10000	25000	hit	94
sub-12_1	21	Response	1	1817151	19578	1
sub-12_1	21	Pulse	255	1826491	28919	0
sub-12_1	22	Picture	62	1843671	10000	1	25226	1	10000	25000	hit	98
sub-12_1	22	Pulse	255	1846491	12820	0
sub-12_1	22	Response	2	1855901	22231	1
sub-12_1	22	Pulse	255	1866492	32821	0
sub-12_1	23	Picture	Bfix	1869063	0	1	201042	1	0	200000	other	0
sub-12_1	23	Pulse	255	1886491	17428	0
sub-12_1	23	Pulse	255	1906491	37428	0
sub-12_1	23	Pulse	255	1926491	57428	0
sub-12_1	23	Pulse	255	1946491	77428	0
sub-12_1	23	Pulse	255	1966491	97428	0
sub-12_1	23	Pulse	255	1986491	117428	0
sub-12_1	23	Pulse	255	2006491	137428	0
sub-12_1	23	Pulse	255	2026492	157428	0
sub-12_1	23	Pulse	255	2046491	177428	0
sub-12_1	23	Pulse	255	2066492	197429	0
sub-12_1	24	Picture	11	2080104	10000	1	25226	1	10000	25000	hit	113
sub-12_1	24	Pulse	255	2086491	16387	0
sub-12_1	24	Response	1	2088361	18257	1
sub-12_1	25	Pulse	255	2106492	281	0
sub-12_1	25	Picture	11	2116212	10000	1	25226	1	10000	25000	hit	116
sub-12_1	25	Response	1	2122241	16029	1
sub-12_1	25	Pulse	255	2126492	20280	0
sub-12_1	26	Pulse	255	2146492	4165	0
sub-12_1	26	Picture	11	2152326	10000	1	25226	1	10000	25000	hit	120
sub-12_1	26	Response	1	2157231	14905	1
sub-12_1	26	Pulse	255	2166492	24165	0
sub-12_1	27	Pulse	255	2186492	8052	0
sub-12_1	27	Picture	12	2188440	10000	1	25226	1	10000	25000	hit	124
sub-12_1	27	Response	2	2195462	17022	1
sub-12_1	27	Pulse	255	2206492	28052	0
sub-12_1	28	Picture	11	2224526	10000	1	25226	1	10000	25000	hit	128
sub-12_1	28	Pulse	255	2226492	11966	0
sub-12_1	28	Response	1	2230381	15856	1
sub-12_1	28	Pulse	255	2246492	31966	0
sub-12_1	29	Picture	11	2260616	10000	1	25226	1	10000	25000	hit	132
sub-12_1	29	Pulse	255	2266492	15876	0
sub-12_1	29	Response	1	2266761	16145	1
sub-12_1	29	Pulse	255	2285842	35226	650
sub-12_1	30	Picture	11	2296732	10000	1	25226	1	10000	25000	hit	135
sub-12_1	30	Response	1	2301492	14760	1
sub-12_1	30	Pulse	255	2306491	19759	0
sub-12_1	31	Pulse	255	2326492	3793	0
sub-12_1	31	Picture	12	2332698	10000	1	25226	1	10000	25000	hit	139
sub-12_1	31	Response	2	2340852	18153	1
sub-12_1	31	Pulse	255	2346492	23793	0
sub-12_1	32	Pulse	255	2366491	7736	0
sub-12_1	32	Picture	11	2368755	10000	1	25226	1	10000	25000	hit	143
sub-12_1	32	Response	1	2373042	14287	1
sub-12_1	32	Pulse	255	2386492	27737	0
sub-12_1	33	Picture	12	2404866	10000	1	25226	1	10000	25000	hit	147
sub-12_1	33	Pulse	255	2406492	11626	0
sub-12_1	33	Response	2	2410932	16065	1
sub-12_1	33	Pulse	255	2426492	31625	0
sub-12_1	34	Picture	Bfix	2430259	0	1	200877	1	0	200000	other	0
sub-12_1	34	Pulse	255	2446494	16235	0
sub-12_1	34	Pulse	255	2466498	36240	0
sub-12_1	34	Pulse	255	2486492	56233	0
sub-12_1	34	Pulse	255	2506492	76233	0
sub-12_1	34	Pulse	255	2526492	96233	0
sub-12_1	34	Pulse	255	2546492	116234	0
sub-12_1	34	Pulse	255	2566493	136234	0
sub-12_1	34	Pulse	255	2586491	156233	0
sub-12_1	34	Pulse	255	2606493	176234	0
sub-12_1	34	Pulse	255	2626492	196233	0
sub-12_1	35	Picture	61	2641135	10000	1	25226	1	10000	25000	miss	0
sub-12_1	35	Pulse	255	2646482	15348	0
sub-12_1	35	Response	1	2666361	35227	665
sub-12_1	35	Pulse	255	2666361	35227	122
sub-12_1	36	Picture	62	2677252	10000	1	25226	1	10000	25000	hit	165
sub-12_1	36	Response	2	2685923	18671	1
sub-12_1	36	Pulse	255	2686481	19230	0
sub-12_1	37	Pulse	255	2706482	3141	0
sub-12_1	37	Picture	61	2713341	10000	1	25226	1	10000	25000	hit	169
sub-12_1	37	Response	1	2722602	19262	1
sub-12_1	37	Pulse	255	2726483	23142	0
sub-12_1	38	Pulse	255	2746483	7055	0
sub-12_1	38	Picture	61	2749428	10000	1	25226	1	10000	25000	hit	173
sub-12_1	38	Response	1	2760933	21505	1
sub-12_1	38	Pulse	255	2766483	27055	0
sub-12_1	39	Picture	62	2785540	10000	1	25226	1	10000	25000	hit	177
sub-12_1	39	Pulse	255	2786483	10943	0
sub-12_1	39	Response	2	2792813	17273	1
sub-12_1	39	Pulse	255	2806483	30943	0
sub-12_1	40	Picture	61	2821638	10000	1	25226	1	10000	25000	hit	181
sub-12_1	40	Pulse	255	2826483	14845	0
sub-12_1	40	Response	1	2832312	20675	1
sub-12_1	40	Pulse	255	2846483	34845	0
sub-12_1	41	Picture	62	2857726	10000	1	25226	1	10000	25000	hit	185
sub-12_1	41	Pulse	255	2866482	18756	0
sub-12_1	41	Response	2	2871415	23689	1
sub-12_1	42	Pulse	255	2886483	2666	0
sub-12_1	42	Picture	61	2893817	10000	1	25226	1	10000	25000	hit	189
sub-12_1	42	Pulse	255	2906483	22666	0
sub-12_1	42	Response	1	2907203	23386	1
sub-12_1	43	Pulse	255	2926483	6556	0
sub-12_1	43	Picture	62	2929926	10000	1	25226	1	10000	25000	hit	192
sub-12_1	43	Response	2	2937693	17767	1
sub-12_1	43	Pulse	255	2946483	26556	0
sub-12_1	44	Picture	61	2966024	10000	1	25226	1	10000	25000	hit	196
sub-12_1	44	Pulse	255	2966483	10459	0
sub-12_1	44	Response	1	2976773	20749	1
sub-12_1	44	Pulse	255	2986483	30459	0
sub-12_1	45	Picture	Bfix	2991417	0	1	200901	1	0	200000	other	0
sub-12_1	45	Pulse	255	3006483	15066	0
sub-12_1	45	Pulse	255	3026483	35066	0
sub-12_1	45	Pulse	255	3046484	55067	0
sub-12_1	45	Pulse	255	3066483	75067	0
sub-12_1	45	Pulse	255	3086482	95066	0
sub-12_1	45	Pulse	255	3106484	115067	0
sub-12_1	45	Pulse	255	3126483	135066	0
sub-12_1	45	Pulse	255	3146483	155066	0
sub-12_1	45	Pulse	255	3166483	175067	0
sub-12_1	45	Pulse	255	3186483	195066	0
sub-12_1	46	Picture	12	3202317	10000	1	25226	1	10000	25000	hit	211
sub-12_1	46	Pulse	255	3206484	14167	0
sub-12_1	46	Response	2	3210184	17867	1
sub-12_1	46	Pulse	255	3226483	34166	0
sub-12_1	47	Picture	11	3238388	10000	1	25226	1	10000	25000	hit	214
sub-12_1	47	Response	1	3243064	14676	1
sub-12_1	47	Pulse	255	3246483	18095	0
sub-12_1	48	Pulse	255	3266484	2130	0
sub-12_1	48	Picture	11	3274354	10000	1	25226	1	10000	25000	hit	218
sub-12_1	48	Response	1	3279753	15400	1
sub-12_1	48	Pulse	255	3286483	22129	0
sub-12_1	49	Pulse	255	3306483	6046	0
sub-12_1	49	Picture	12	3310438	10000	1	25226	1	10000	25000	hit	222
sub-12_1	49	Response	2	3317793	17356	1
sub-12_1	49	Pulse	255	3326483	26046	0
sub-12_1	50	Pulse	255	3346484	9955	0
sub-12_1	50	Picture	12	3346530	10000	1	25226	1	10000	25000	hit	226
sub-12_1	50	Response	2	3355194	18664	1
sub-12_1	50	Pulse	255	3366484	29954	0
sub-12_1	51	Picture	12	3382622	10000	1	25226	1	10000	25000	hit	230
sub-12_1	51	Pulse	255	3386484	13862	0
sub-12_1	51	Response	2	3391033	18411	1
sub-12_1	51	Pulse	255	3406483	33861	0
sub-12_1	52	Picture	12	3418728	10000	1	25226	1	10000	25000	hit	234
sub-12_1	52	Pulse	255	3426484	17756	0
sub-12_1	52	Response	2	3430313	21585	1
sub-12_1	53	Pulse	255	3446484	1663	0
sub-12_1	53	Picture	12	3454821	10000	1	25226	1	10000	25000	hit	237
sub-12_1	53	Response	2	3465954	21133	1
sub-12_1	53	Pulse	255	3466483	21663	0
sub-12_1	54	Pulse	255	3486484	5701	0
sub-12_1	54	Picture	12	3490783	10000	1	25226	1	10000	25000	hit	241
sub-12_1	54	Response	2	3499084	18301	1
sub-12_1	54	Pulse	255	3506484	25701	0
sub-12_1	55	Picture	Bfix	3516175	0	1	200881	1	0	200000	other	0
sub-12_1	55	Pulse	255	3526484	10308	0
sub-12_1	55	Pulse	255	3546484	30309	0
sub-12_1	55	Pulse	255	3566484	50308	0
sub-12_1	55	Pulse	255	3586484	70309	0
sub-12_1	55	Pulse	255	3606484	90309	0
sub-12_1	55	Pulse	255	3626485	110309	0
sub-12_1	55	Pulse	255	3646484	130309	0
sub-12_1	55	Pulse	255	3666484	150309	0
sub-12_1	55	Pulse	255	3686484	170309	0
sub-12_1	55	Pulse	255	3706483	190308	0
sub-12_1	56	Pulse	255	3726484	9429	0
sub-12_1	56	Picture	62	3727055	10000	1	25226	1	10000	25000	hit	256
sub-12_1	56	Response	2	3737055	19999	1
sub-12_1	56	Pulse	255	3746484	29429	0
sub-12_1	57	Picture	61	3763152	10000	1	25226	1	10000	25000	hit	260
sub-12_1	57	Pulse	255	3766484	13332	0
sub-12_1	57	Response	1	3771124	17972	1
sub-12_1	57	Pulse	255	3786485	33333	0
sub-12_1	58	Picture	61	3799121	10000	1	25226	1	10000	25000	hit	264
sub-12_1	58	Pulse	255	3806484	17363	0
sub-12_1	58	Response	1	3813714	24593	1
sub-12_1	59	Pulse	255	3826485	1280	0
sub-12_1	59	Picture	62	3835204	10000	1	25226	1	10000	25000	hit	267
sub-12_1	59	Response	2	3842954	17749	1
sub-12_1	59	Pulse	255	3846484	21280	0
sub-12_1	60	Pulse	255	3866485	5178	0
sub-12_1	60	Picture	62	3871307	10000	1	25226	1	10000	25000	hit	271
sub-12_1	60	Response	2	3886285	24978	1
sub-12_1	60	Pulse	255	3886483	25176	0
sub-12_1	61	Pulse	255	3906485	9097	0
sub-12_1	61	Picture	62	3907388	10000	1	25226	1	10000	25000	hit	275
sub-12_1	61	Response	2	3924024	26637	1
sub-12_1	61	Pulse	255	3926485	29097	0
sub-12_1	62	Picture	62	3943489	10000	1	25226	1	10000	25000	incorrect	279
sub-12_1	62	Pulse	255	3946485	12997	0
sub-12_1	62	Response	1	3962484	28996	1
sub-12_1	62	Pulse	255	3966485	32996	0
sub-12_1	63	Picture	62	3979585	10000	1	25226	1	10000	25000	hit	283
sub-12_1	63	Pulse	255	3986484	16900	0
sub-12_1	63	Response	2	3994344	24759	1
sub-12_1	64	Pulse	255	4006484	799	0
sub-12_1	64	Picture	61	4015685	10000	1	25226	1	10000	25000	hit	287
sub-12_1	64	Pulse	255	4026485	20800	0
sub-12_1	64	Response	1	4030045	24359	1
sub-12_1	65	Pulse	255	4046485	4706	0
sub-12_1	65	Picture	61	4051779	10000	1	25226	1	10000	25000	hit	290
sub-12_1	65	Response	1	4061355	19576	1
sub-12_1	65	Pulse	255	4066485	24706	0
sub-12_1	66	Picture	Bfix	4077172	0	1	212337	1	0	200000	other	0
sub-12_1	66	Pulse	255	4086486	9314	0
sub-12_1	66	Pulse	255	4106485	29313	0
sub-12_1	66	Pulse	255	4126485	49313	0
sub-12_1	66	Pulse	255	4146486	69314	0
sub-12_1	66	Pulse	255	4166485	89313	0
sub-12_1	66	Pulse	255	4186485	109313	0
sub-12_1	66	Pulse	255	4206485	129313	0
sub-12_1	66	Pulse	255	4226485	149313	0
sub-12_1	66	Pulse	255	4246486	169314	0
sub-12_1	66	Pulse	255	4266486	189314	0
