Scenario - loca_mcse
Logfile written - 04/16/2019 13:22:39

Subject	Trial	Event Type	Code	Time	TTime	Uncertainty	Duration	Uncertainty	ReqTime	ReqDur	Stim Type	Pair Index

sub-15_1	0	Pulse	255	576415	576415	0
sub-15_1	1	Picture	Bfix	576643	0	1	200830	1	0	200000	other	0
sub-15_1	1	Pulse	255	596415	19772	0
sub-15_1	1	Pulse	255	616415	39772	0
sub-15_1	1	Pulse	255	636415	59772	0
sub-15_1	1	Pulse	255	656415	79772	0
sub-15_1	1	Pulse	255	676415	99772	0
sub-15_1	1	Pulse	255	696415	119773	0
sub-15_1	1	Pulse	255	716415	139772	0
sub-15_1	1	Pulse	255	736416	159773	0
sub-15_1	1	Pulse	255	756416	179773	0
sub-15_1	1	Pulse	255	776415	199772	0
sub-15_1	2	Picture	11	787471	10000	1	25226	1	10000	25000	hit	14
sub-15_1	2	Response	1	794266	16794	1
sub-15_1	2	Pulse	255	796416	18944	0
sub-15_1	3	Pulse	255	816416	2889	0
sub-15_1	3	Picture	11	823527	10000	1	25226	1	10000	25000	hit	18
sub-15_1	3	Response	1	831595	18069	1
sub-15_1	3	Pulse	255	836416	22889	0
sub-15_1	4	Pulse	255	856416	6781	0
sub-15_1	4	Picture	12	859634	10000	1	25226	1	10000	25000	hit	22
sub-15_1	4	Response	2	863686	14051	1
sub-15_1	4	Pulse	255	876416	26781	0
sub-15_1	5	Picture	11	895686	10000	1	25226	1	10000	25000	hit	26
sub-15_1	5	Pulse	255	896416	10730	0
sub-15_1	5	Response	1	901406	15720	1
sub-15_1	5	Pulse	255	916416	30730	0
sub-15_1	6	Picture	11	931747	10000	1	25226	1	10000	25000	hit	30
sub-15_1	6	Pulse	255	936416	14670	0
sub-15_1	6	Response	1	937236	15489	1
sub-15_1	6	Pulse	255	956416	34670	0
sub-15_1	7	Picture	11	967803	10000	1	25226	1	10000	25000	hit	33
sub-15_1	7	Response	1	972246	14443	1
sub-15_1	7	Pulse	255	976416	18614	0
sub-15_1	8	Pulse	255	996416	2541	0
sub-15_1	8	Picture	11	1003876	10000	1	25226	1	10000	25000	hit	37
sub-15_1	8	Response	1	1010696	16820	1
sub-15_1	8	Pulse	255	1016416	22540	0
sub-15_1	9	Pulse	255	1036416	6567	0
sub-15_1	9	Picture	12	1039850	10000	1	25226	1	10000	25000	hit	41
sub-15_1	9	Response	2	1045317	15467	1
sub-15_1	9	Pulse	255	1056416	26566	0
sub-15_1	10	Picture	11	1075824	10000	1	25226	1	10000	25000	hit	45
sub-15_1	10	Pulse	255	1076417	10593	0
sub-15_1	10	Response	1	1080727	14902	1
sub-15_1	10	Pulse	255	1096417	30593	0
sub-15_1	11	Picture	11	1111871	10000	1	25226	1	10000	25000	hit	49
sub-15_1	11	Pulse	255	1116417	14546	0
sub-15_1	11	Response	1	1116746	14875	1
sub-15_1	11	Pulse	255	1136417	34546	0
sub-15_1	12	Picture	Bfix	1137264	0	1	200752	1	0	200000	other	0
sub-15_1	12	Pulse	255	1156417	19153	0
sub-15_1	12	Pulse	255	1176417	39153	0
sub-15_1	12	Pulse	255	1196417	59153	0
sub-15_1	12	Pulse	255	1216417	79153	0
sub-15_1	12	Pulse	255	1236417	99154	0
sub-15_1	12	Pulse	255	1256417	119153	0
sub-15_1	12	Pulse	255	1276417	139154	0
sub-15_1	12	Pulse	255	1296417	159153	0
sub-15_1	12	Pulse	255	1316417	179153	0
sub-15_1	12	Pulse	255	1336418	199154	0
sub-15_1	13	Picture	61	1348015	10000	1	25226	1	10000	25000	hit	64
sub-15_1	13	Pulse	255	1356408	18392	0
sub-15_1	13	Response	1	1360517	22502	1
sub-15_1	14	Pulse	255	1376407	2339	0
sub-15_1	14	Picture	62	1384069	10000	1	25226	1	10000	25000	hit	68
sub-15_1	14	Pulse	255	1396408	22339	0
sub-15_1	14	Response	2	1403928	29859	1
sub-15_1	15	Pulse	255	1416408	6296	0
sub-15_1	15	Picture	61	1420112	10000	1	25226	1	10000	25000	hit	72
sub-15_1	15	Pulse	255	1436408	26296	0
sub-15_1	15	Response	1	1437868	27756	1
sub-15_1	16	Picture	61	1456156	10000	1	25226	1	10000	25000	hit	76
sub-15_1	16	Pulse	255	1456408	10252	0
sub-15_1	16	Pulse	255	1476408	30252	0
sub-15_1	16	Response	1	1480358	34202	1
sub-15_1	17	Picture	61	1492201	10000	1	25226	1	10000	25000	hit	79
sub-15_1	17	Pulse	255	1496408	14206	0
sub-15_1	17	Response	1	1501118	18917	1
sub-15_1	17	Pulse	255	1516408	34207	0
sub-15_1	18	Picture	62	1528256	10000	1	25227	1	10000	25000	hit	83
sub-15_1	18	Pulse	255	1536408	18152	0
sub-15_1	18	Response	2	1540448	22192	1
sub-15_1	19	Pulse	255	1556408	1922	0
sub-15_1	19	Picture	62	1564486	10000	1	25226	1	10000	25000	hit	87
sub-15_1	19	Pulse	255	1576408	21922	0
sub-15_1	19	Response	2	1581798	27312	1
sub-15_1	20	Pulse	255	1596408	5874	0
sub-15_1	20	Picture	61	1600534	10000	1	25226	1	10000	25000	hit	90
sub-15_1	20	Response	1	1615778	25245	1
sub-15_1	20	Pulse	255	1616408	25875	0
sub-15_1	21	Pulse	255	1636439	9852	0
sub-15_1	21	Picture	61	1636587	10000	1	25226	1	10000	25000	hit	94
sub-15_1	21	Response	1	1645798	19212	1
sub-15_1	21	Pulse	255	1656408	29822	0
sub-15_1	22	Picture	62	1672580	10000	1	25226	1	10000	25000	hit	98
sub-15_1	22	Pulse	255	1676409	13829	0
sub-15_1	22	Response	2	1685868	23289	1
sub-15_1	22	Pulse	255	1696409	33829	0
sub-15_1	23	Picture	Bfix	1697973	0	1	200226	1	0	200000	other	0
sub-15_1	23	Pulse	255	1716409	18436	0
sub-15_1	23	Pulse	255	1736409	38436	0
sub-15_1	23	Pulse	255	1756409	58436	0
sub-15_1	23	Pulse	255	1776409	78436	0
sub-15_1	23	Pulse	255	1796409	98436	0
sub-15_1	23	Pulse	255	1816409	118437	0
sub-15_1	23	Pulse	255	1836409	138436	0
sub-15_1	23	Pulse	255	1856409	158437	0
sub-15_1	23	Pulse	255	1876409	178437	0
sub-15_1	23	Pulse	255	1896409	198437	0
sub-15_1	24	Picture	11	1909021	10000	1	25226	1	10000	25000	hit	112
sub-15_1	24	Response	1	1915399	16378	1
sub-15_1	24	Pulse	255	1916409	17388	0
sub-15_1	25	Pulse	255	1936410	1335	0
sub-15_1	25	Picture	11	1945074	10000	1	25226	1	10000	25000	hit	116
sub-15_1	25	Response	1	1949809	14735	1
sub-15_1	25	Pulse	255	1956410	21335	0
sub-15_1	26	Pulse	255	1976410	5279	0
sub-15_1	26	Picture	11	1981131	10000	1	25226	1	10000	25000	hit	120
sub-15_1	26	Response	1	1984930	13799	1
sub-15_1	26	Pulse	255	1996410	25279	0
sub-15_1	27	Pulse	255	2016409	9304	0
sub-15_1	27	Picture	12	2017105	10000	1	25226	1	10000	25000	hit	124
sub-15_1	27	Response	2	2020199	13094	1
sub-15_1	27	Pulse	255	2036410	29305	0
sub-15_1	28	Picture	11	2053150	10000	1	25226	1	10000	25000	hit	128
sub-15_1	28	Pulse	255	2056410	13260	0
sub-15_1	28	Response	1	2057419	14270	1
sub-15_1	28	Pulse	255	2076410	33260	0
sub-15_1	29	Picture	11	2089122	10000	1	25226	1	10000	25000	hit	131
sub-15_1	29	Response	1	2094190	15068	1
sub-15_1	29	Pulse	255	2096410	17288	0
sub-15_1	30	Pulse	255	2116410	1231	0
sub-15_1	30	Picture	11	2125179	10000	1	25226	1	10000	25000	hit	135
sub-15_1	30	Response	1	2129290	14111	1
sub-15_1	30	Pulse	255	2136410	21231	0
sub-15_1	31	Pulse	255	2156410	5184	0
sub-15_1	31	Picture	12	2161226	10000	1	25226	1	10000	25000	hit	139
sub-15_1	31	Response	2	2165100	13874	1
sub-15_1	31	Pulse	255	2176410	25184	0
sub-15_1	32	Pulse	255	2196410	9138	0
sub-15_1	32	Picture	11	2197272	10000	1	25226	1	10000	25000	hit	143
sub-15_1	32	Response	1	2199811	12539	1
sub-15_1	32	Pulse	255	2216411	29139	0
sub-15_1	33	Picture	12	2233324	10000	1	25226	1	10000	25000	hit	147
sub-15_1	33	Pulse	255	2236411	13086	0
sub-15_1	33	Response	2	2237540	14216	1
sub-15_1	33	Pulse	255	2256411	33087	0
sub-15_1	34	Picture	Bfix	2258717	0	1	200818	1	0	200000	other	0
sub-15_1	34	Pulse	255	2276411	17694	0
sub-15_1	34	Pulse	255	2296411	37694	0
sub-15_1	34	Pulse	255	2316411	57694	0
sub-15_1	34	Pulse	255	2336411	77694	0
sub-15_1	34	Pulse	255	2356411	97694	0
sub-15_1	34	Pulse	255	2376411	117694	0
sub-15_1	34	Pulse	255	2396411	137694	0
sub-15_1	34	Pulse	255	2416411	157694	0
sub-15_1	34	Pulse	255	2436411	177695	0
sub-15_1	34	Pulse	255	2456411	197694	0
sub-15_1	35	Picture	61	2469534	10000	1	25226	1	10000	25000	hit	162
sub-15_1	35	Pulse	255	2476411	16877	0
sub-15_1	35	Response	1	2482111	22577	1
sub-15_1	36	Pulse	255	2496411	904	0
sub-15_1	36	Picture	62	2505507	10000	1	25226	1	10000	25000	hit	165
sub-15_1	36	Response	2	2513861	18354	1
sub-15_1	36	Pulse	255	2516412	20905	0
sub-15_1	37	Pulse	255	2536412	4862	0
sub-15_1	37	Picture	61	2541550	10000	1	25226	1	10000	25000	hit	169
sub-15_1	37	Response	1	2550201	18651	1
sub-15_1	37	Pulse	255	2556411	24861	1
sub-15_1	38	Pulse	255	2576412	8816	0
sub-15_1	38	Picture	61	2577596	10000	1	25226	1	10000	25000	hit	173
sub-15_1	38	Response	1	2584821	17226	1
sub-15_1	38	Pulse	255	2596412	28816	0
sub-15_1	39	Picture	62	2613640	10000	1	25226	1	10000	25000	hit	177
sub-15_1	39	Pulse	255	2616412	12772	0
sub-15_1	39	Response	2	2622222	18583	1
sub-15_1	39	Pulse	255	2636412	32773	0
sub-15_1	40	Picture	61	2649688	10000	1	25226	1	10000	25000	hit	181
sub-15_1	40	Pulse	255	2656412	16724	0
sub-15_1	40	Response	1	2666422	26734	1
sub-15_1	41	Pulse	255	2676412	750	0
sub-15_1	41	Picture	62	2685662	10000	1	25226	1	10000	25000	hit	185
sub-15_1	41	Pulse	255	2696412	20751	0
sub-15_1	41	Response	2	2696602	20940	1
sub-15_1	42	Pulse	255	2716412	4702	0
sub-15_1	42	Picture	61	2721710	10000	1	25226	1	10000	25000	hit	188
sub-15_1	42	Response	1	2732312	20602	1
sub-15_1	42	Pulse	255	2736412	24702	0
sub-15_1	43	Pulse	255	2756412	8725	0
sub-15_1	43	Picture	62	2757687	10000	1	25226	1	10000	25000	hit	192
sub-15_1	43	Response	2	2771953	24266	1
sub-15_1	43	Pulse	255	2776413	28726	0
sub-15_1	44	Picture	61	2793737	10000	1	25226	1	10000	25000	hit	196
sub-15_1	44	Pulse	255	2796413	12676	0
sub-15_1	44	Response	1	2802403	18665	1
sub-15_1	44	Pulse	255	2816412	32675	0
sub-15_1	45	Picture	Bfix	2819130	0	1	200823	1	0	200000	other	0
sub-15_1	45	Pulse	255	2836413	17283	0
sub-15_1	45	Pulse	255	2856413	37283	0
sub-15_1	45	Pulse	255	2876403	57273	0
sub-15_1	45	Pulse	255	2896403	77273	0
sub-15_1	45	Pulse	255	2916403	97273	0
sub-15_1	45	Pulse	255	2936403	117273	0
sub-15_1	45	Pulse	255	2956403	137273	0
sub-15_1	45	Pulse	255	2976403	157273	0
sub-15_1	45	Pulse	255	2996403	177274	0
sub-15_1	45	Pulse	255	3016403	197274	0
sub-15_1	46	Picture	12	3029952	10000	1	25226	1	10000	25000	hit	210
sub-15_1	46	Response	2	3036133	16181	1
sub-15_1	46	Pulse	255	3036403	16451	0
sub-15_1	47	Pulse	255	3056404	478	0
sub-15_1	47	Picture	11	3065925	10000	1	25226	1	10000	25000	hit	214
sub-15_1	47	Response	1	3068963	13038	1
sub-15_1	47	Pulse	255	3076403	20478	0
sub-15_1	48	Pulse	255	3096404	4431	0
sub-15_1	48	Picture	11	3101973	10000	1	25227	1	10000	25000	hit	218
sub-15_1	48	Response	1	3106302	14329	3
sub-15_1	48	Pulse	255	3116404	24431	0
sub-15_1	49	Pulse	255	3136404	8438	0
sub-15_1	49	Picture	12	3137966	10000	1	25226	1	10000	25000	hit	222
sub-15_1	49	Response	2	3142064	14097	1
sub-15_1	49	Pulse	255	3156404	28437	0
sub-15_1	50	Picture	12	3174014	10000	1	25226	1	10000	25000	hit	226
sub-15_1	50	Pulse	255	3176404	12390	0
sub-15_1	50	Response	2	3179454	15440	1
sub-15_1	50	Pulse	255	3196404	32390	0
sub-15_1	51	Picture	12	3209988	10000	1	25226	1	10000	25000	hit	229
sub-15_1	51	Response	2	3215774	15786	1
sub-15_1	51	Pulse	255	3216404	16416	0
sub-15_1	52	Pulse	255	3236404	363	0
sub-15_1	52	Picture	12	3246040	10000	1	25226	1	10000	25000	hit	233
sub-15_1	52	Response	2	3250084	14044	1
sub-15_1	52	Pulse	255	3256404	20364	0
sub-15_1	53	Pulse	255	3276404	4316	0
sub-15_1	53	Picture	12	3282089	10000	1	25226	1	10000	25000	hit	237
sub-15_1	53	Response	2	3285844	13755	1
sub-15_1	53	Pulse	255	3296404	24316	0
sub-15_1	54	Pulse	255	3316404	8264	0
sub-15_1	54	Picture	12	3318140	10000	1	25226	1	10000	25000	hit	241
sub-15_1	54	Response	2	3322645	14505	1
sub-15_1	54	Pulse	255	3336405	28265	0
sub-15_1	55	Picture	Bfix	3343533	0	1	200819	1	0	200000	other	0
sub-15_1	55	Pulse	255	3356405	12872	0
sub-15_1	55	Pulse	255	3376405	32872	0
sub-15_1	55	Pulse	255	3396404	52872	0
sub-15_1	55	Pulse	255	3416405	72872	0
sub-15_1	55	Pulse	255	3436405	92872	0
sub-15_1	55	Pulse	255	3456405	112872	0
sub-15_1	55	Pulse	255	3476405	132872	0
sub-15_1	55	Pulse	255	3496405	152873	0
sub-15_1	55	Pulse	255	3516405	172873	0
sub-15_1	55	Pulse	255	3536405	192873	0
sub-15_1	56	Picture	62	3554351	10000	1	25226	1	10000	25000	hit	256
sub-15_1	56	Pulse	255	3556405	12054	0
sub-15_1	56	Response	2	3561685	17335	1
sub-15_1	56	Pulse	255	3576405	32055	0
sub-15_1	57	Picture	61	3590396	10000	1	25226	1	10000	25000	hit	260
sub-15_1	57	Pulse	255	3596406	16010	0
sub-15_1	57	Response	1	3598085	17689	1
sub-15_1	57	Pulse	255	3616405	36009	0
sub-15_1	58	Picture	61	3626444	10000	1	25226	1	10000	25000	hit	263
sub-15_1	58	Response	1	3633646	17202	1
sub-15_1	58	Pulse	255	3636406	19962	0
sub-15_1	59	Pulse	255	3656406	3911	0
sub-15_1	59	Picture	62	3662495	10000	1	25226	1	10000	25000	hit	267
sub-15_1	59	Response	2	3672425	19931	1
sub-15_1	59	Pulse	255	3676406	23911	0
sub-15_1	60	Pulse	255	3696406	7860	0
sub-15_1	60	Picture	62	3698545	10000	1	25226	1	10000	25000	hit	271
sub-15_1	60	Response	2	3709146	20601	1
sub-15_1	60	Pulse	255	3716406	27860	0
sub-15_1	61	Picture	62	3734517	10000	1	25226	1	10000	25000	hit	275
sub-15_1	61	Pulse	255	3736406	11889	0
sub-15_1	61	Response	2	3753066	28549	1
sub-15_1	61	Pulse	255	3756406	31889	0
sub-15_1	62	Picture	62	3770561	10000	1	25226	1	10000	25000	hit	279
sub-15_1	62	Pulse	255	3776406	15846	0
sub-15_1	62	Response	2	3777486	16925	1
sub-15_1	62	Pulse	255	3796406	35845	0
sub-15_1	63	Picture	62	3806609	10000	1	25226	1	10000	25000	hit	282
sub-15_1	63	Response	2	3814126	17517	1
sub-15_1	63	Pulse	255	3816406	19797	0
sub-15_1	64	Pulse	255	3836406	3752	0
sub-15_1	64	Picture	61	3842654	10000	1	25226	1	10000	25000	hit	286
sub-15_1	64	Response	1	3853216	20562	1
sub-15_1	64	Pulse	255	3856406	23752	0
sub-15_1	65	Pulse	255	3876406	7706	0
sub-15_1	65	Picture	61	3878701	10000	1	25226	1	10000	25000	hit	290
sub-15_1	65	Response	1	3887747	19046	1
sub-15_1	65	Pulse	255	3896407	27706	0
sub-15_1	66	Picture	Bfix	3904093	0	1	200226	1	0	200000	other	0
sub-15_1	66	Pulse	255	3916406	12313	0
sub-15_1	66	Pulse	255	3936407	32313	0
sub-15_1	66	Pulse	255	3956407	52314	0
sub-15_1	66	Pulse	255	3976407	72313	0
sub-15_1	66	Pulse	255	3996407	92313	0
sub-15_1	66	Pulse	255	4016407	112314	0
sub-15_1	66	Pulse	255	4036407	132314	0
sub-15_1	66	Pulse	255	4056407	152314	0
sub-15_1	66	Pulse	255	4076407	172314	0
sub-15_1	66	Pulse	255	4096406	192312	2
