Scenario - loca_mcse
Logfile written - 05/28/2018 16:05:31

Subject	Trial	Event Type	Code	Time	TTime	Uncertainty	Duration	Uncertainty	ReqTime	ReqDur	Stim Type	Pair Index

sub-07_1	0	Pulse	255	826055	826055	0
sub-07_1	1	Picture	Bfix	826249	0	1	200895	1	0	200000	other	0
sub-07_1	1	Pulse	255	846055	19806	0
sub-07_1	1	Pulse	255	866055	39806	0
sub-07_1	1	Pulse	255	886055	59806	0
sub-07_1	1	Pulse	255	906055	79806	0
sub-07_1	1	Pulse	255	926055	99806	0
sub-07_1	1	Pulse	255	946056	119806	0
sub-07_1	1	Pulse	255	966056	139806	0
sub-07_1	1	Pulse	255	986056	159806	0
sub-07_1	1	Pulse	255	1006056	179806	0
sub-07_1	1	Pulse	255	1026055	199806	0
sub-07_1	2	Picture	11	1037147	10000	1	25174	1	10000	25000	hit	15
sub-07_1	2	Pulse	255	1046057	18909	0
sub-07_1	2	Response	1	1046486	19339	1
sub-07_1	3	Pulse	255	1066056	2731	0
sub-07_1	3	Picture	11	1073325	10000	1	25174	1	10000	25000	hit	18
sub-07_1	3	Response	1	1082986	19661	1
sub-07_1	3	Pulse	255	1086056	22731	0
sub-07_1	4	Pulse	255	1106056	6720	0
sub-07_1	4	Picture	12	1109336	10000	1	25174	1	10000	25000	hit	22
sub-07_1	4	Response	2	1116646	17310	1
sub-07_1	4	Pulse	255	1126056	26720	0
sub-07_1	5	Picture	11	1145514	10000	1	25174	1	10000	25000	hit	26
sub-07_1	5	Pulse	255	1146056	10543	0
sub-07_1	5	Response	1	1151397	15883	1
sub-07_1	5	Pulse	255	1166056	30542	0
sub-07_1	6	Picture	11	1181358	10000	1	25174	1	10000	25000	hit	30
sub-07_1	6	Pulse	255	1186056	14698	0
sub-07_1	6	Response	1	1188706	17348	1
sub-07_1	6	Pulse	255	1206056	34698	0
sub-07_1	7	Picture	11	1217202	10000	1	25174	1	10000	25000	hit	34
sub-07_1	7	Pulse	255	1226057	18854	0
sub-07_1	7	Response	1	1228167	20964	1
sub-07_1	8	Pulse	255	1246056	2843	0
sub-07_1	8	Picture	11	1253213	10000	1	25174	1	10000	25000	hit	37
sub-07_1	8	Response	1	1260697	17484	1
sub-07_1	8	Pulse	255	1266057	22844	0
sub-07_1	9	Pulse	255	1286056	6832	0
sub-07_1	9	Picture	12	1289224	10000	1	25174	1	10000	25000	hit	41
sub-07_1	9	Response	2	1297897	18673	1
sub-07_1	9	Pulse	255	1306057	26832	0
sub-07_1	10	Picture	11	1325235	10000	1	25174	1	10000	25000	hit	45
sub-07_1	10	Pulse	255	1326057	10821	0
sub-07_1	10	Response	1	1331767	16532	1
sub-07_1	10	Pulse	255	1346057	30822	0
sub-07_1	11	Picture	11	1361080	10000	1	25174	1	10000	25000	hit	49
sub-07_1	11	Pulse	255	1366057	14977	0
sub-07_1	11	Response	1	1368237	17158	1
sub-07_1	11	Pulse	255	1386057	34977	0
sub-07_1	12	Picture	Bfix	1386421	0	1	200895	1	0	200000	other	0
sub-07_1	12	Pulse	255	1406057	19636	0
sub-07_1	12	Pulse	255	1426057	39637	0
sub-07_1	12	Pulse	255	1446057	59636	0
sub-07_1	12	Pulse	255	1466057	79637	0
sub-07_1	12	Pulse	255	1486057	99637	0
sub-07_1	12	Pulse	255	1506057	119637	0
sub-07_1	12	Pulse	255	1526057	139636	0
sub-07_1	12	Pulse	255	1546058	159637	0
sub-07_1	12	Pulse	255	1566058	179637	0
sub-07_1	12	Pulse	255	1586058	199637	0
sub-07_1	13	Picture	61	1597319	10000	1	25174	1	10000	25000	hit	64
sub-07_1	13	Pulse	255	1606057	18739	0
sub-07_1	13	Response	1	1612068	24749	1
sub-07_1	14	Pulse	255	1626057	2894	0
sub-07_1	14	Picture	62	1633163	10000	1	25174	1	10000	25000	incorrect	68
sub-07_1	14	Pulse	255	1646058	22895	0
sub-07_1	14	Response	2	1650337	27174	1
sub-07_1	15	Pulse	255	1666058	7051	0
sub-07_1	15	Picture	61	1669007	10000	1	25174	1	10000	25000	hit	71
sub-07_1	15	Response	1	1678498	19491	1
sub-07_1	15	Pulse	255	1686057	27050	0
sub-07_1	16	Picture	61	1705018	10000	1	25174	1	10000	25000	hit	76
sub-07_1	16	Pulse	255	1706058	11039	0
sub-07_1	16	Pulse	255	1726058	31040	0
sub-07_1	16	Response	1	1727528	32510	1
sub-07_1	17	Picture	61	1740862	10000	1	25174	1	10000	25000	hit	79
sub-07_1	17	Pulse	255	1746049	15186	0
sub-07_1	17	Response	1	1757208	26346	1
sub-07_1	17	Pulse	255	1766037	35175	12
sub-07_1	18	Picture	62	1776873	10000	1	25174	1	10000	25000	miss	0
sub-07_1	18	Pulse	255	1786049	19175	0
sub-07_1	19	Response	2	1802769	51	1
sub-07_1	19	Pulse	255	1806047	3329	0
sub-07_1	19	Picture	62	1812718	10000	1	25174	1	10000	25000	incorrect	86
sub-07_1	19	Response	2	1822058	19341	1
sub-07_1	19	Pulse	255	1826048	23331	0
sub-07_1	20	Pulse	255	1846048	7319	0
sub-07_1	20	Picture	61	1848729	10000	1	25174	1	10000	25000	hit	91
sub-07_1	20	Pulse	255	1866049	27320	0
sub-07_1	20	Response	1	1867869	29140	1
sub-07_1	21	Picture	61	1884740	10000	1	25174	1	10000	25000	hit	94
sub-07_1	21	Pulse	255	1886049	11309	0
sub-07_1	21	Response	1	1896749	22009	1
sub-07_1	21	Pulse	255	1906049	31309	0
sub-07_1	22	Picture	62	1920751	10000	1	25174	1	10000	25000	miss	0
sub-07_1	22	Pulse	255	1926048	15297	0
sub-07_1	22	Pulse	255	1946050	35299	0
sub-07_1	23	Picture	Bfix	1946092	0	1	200895	1	0	200000	other	0
sub-07_1	23	Response	1	1947159	1067	1
sub-07_1	23	Pulse	255	1966049	19957	0
sub-07_1	23	Pulse	255	1986048	39956	0
sub-07_1	23	Pulse	255	2006048	59956	0
sub-07_1	23	Pulse	255	2026049	79957	0
sub-07_1	23	Pulse	255	2046049	99957	0
sub-07_1	23	Pulse	255	2066049	119957	0
sub-07_1	23	Pulse	255	2086049	139957	0
sub-07_1	23	Pulse	255	2106050	159958	0
sub-07_1	23	Pulse	255	2126049	179957	0
sub-07_1	23	Pulse	255	2146049	199957	0
sub-07_1	24	Picture	11	2156990	10000	1	25174	1	10000	25000	hit	112
sub-07_1	24	Response	1	2165770	18780	1
sub-07_1	24	Pulse	255	2166049	19059	0
sub-07_1	25	Pulse	255	2186049	3049	0
sub-07_1	25	Picture	11	2193001	10000	1	25174	1	10000	25000	hit	116
sub-07_1	25	Response	1	2198929	15928	1
sub-07_1	25	Pulse	255	2206050	23049	0
sub-07_1	26	Pulse	255	2226050	7205	0
sub-07_1	26	Picture	11	2228845	10000	1	25174	1	10000	25000	hit	120
sub-07_1	26	Response	1	2235969	17124	1
sub-07_1	26	Pulse	255	2246050	27205	0
sub-07_1	27	Picture	12	2265023	10000	1	25174	1	10000	25000	hit	124
sub-07_1	27	Pulse	255	2266050	11027	0
sub-07_1	27	Response	2	2274420	19397	1
sub-07_1	27	Pulse	255	2286050	31027	0
sub-07_1	28	Picture	11	2301034	10000	1	25174	1	10000	25000	hit	128
sub-07_1	28	Pulse	255	2306049	15015	0
sub-07_1	28	Response	1	2309030	17996	1
sub-07_1	28	Pulse	255	2326051	35017	0
sub-07_1	29	Picture	11	2337045	10000	1	25174	1	10000	25000	hit	131
sub-07_1	29	Response	1	2345870	18825	1
sub-07_1	29	Pulse	255	2346050	19005	0
sub-07_1	30	Pulse	255	2366049	2994	1
sub-07_1	30	Picture	11	2373056	10000	1	25174	1	10000	25000	hit	135
sub-07_1	30	Response	1	2381960	18905	1
sub-07_1	30	Pulse	255	2386049	22994	0
sub-07_1	31	Pulse	255	2406050	7150	0
sub-07_1	31	Picture	12	2408900	10000	1	25174	1	10000	25000	hit	139
sub-07_1	31	Response	2	2416200	17300	1
sub-07_1	31	Pulse	255	2426050	27150	0
sub-07_1	32	Picture	11	2444911	10000	1	25174	1	10000	25000	hit	143
sub-07_1	32	Pulse	255	2446050	11139	0
sub-07_1	32	Response	1	2451521	16609	1
sub-07_1	32	Pulse	255	2466050	31139	0
sub-07_1	33	Picture	12	2480922	10000	1	25174	1	10000	25000	hit	147
sub-07_1	33	Pulse	255	2486050	15128	0
sub-07_1	33	Response	2	2490311	19388	1
sub-07_1	33	Pulse	255	2506051	35129	0
sub-07_1	34	Picture	Bfix	2506263	0	1	200895	1	0	200000	other	0
sub-07_1	34	Pulse	255	2526051	19788	0
sub-07_1	34	Pulse	255	2546051	39788	0
sub-07_1	34	Pulse	255	2566051	59788	0
sub-07_1	34	Pulse	255	2586051	79788	0
sub-07_1	34	Pulse	255	2606051	99788	0
sub-07_1	34	Pulse	255	2626051	119788	0
sub-07_1	34	Pulse	255	2646050	139787	0
sub-07_1	34	Pulse	255	2666051	159788	0
sub-07_1	34	Pulse	255	2686051	179788	0
sub-07_1	34	Pulse	255	2706051	199788	0
sub-07_1	35	Picture	61	2717161	10000	1	25174	1	10000	25000	incorrect	162
sub-07_1	35	Pulse	255	2726051	18890	0
sub-07_1	35	Response	1	2739771	32610	1
sub-07_1	36	Pulse	255	2746050	3045	0
sub-07_1	36	Picture	62	2753005	10000	1	25174	1	10000	25000	hit	165
sub-07_1	36	Response	2	2760831	17826	1
sub-07_1	36	Pulse	255	2766051	23046	0
sub-07_1	37	Pulse	255	2786052	7035	0
sub-07_1	37	Picture	61	2789016	10000	1	25174	1	10000	25000	incorrect	169
sub-07_1	37	Response	1	2797961	18945	1
sub-07_1	37	Pulse	255	2806051	27035	0
sub-07_1	38	Picture	61	2825027	10000	1	25174	1	10000	25000	miss	0
sub-07_1	38	Pulse	255	2826052	11024	0
sub-07_1	38	Pulse	255	2846052	31024	0
sub-07_1	39	Response	1	2854502	3463	1
sub-07_1	39	Picture	62	2861038	10000	1	25174	1	10000	25000	hit	177
sub-07_1	39	Pulse	255	2866052	15013	0
sub-07_1	39	Response	2	2873121	22082	1
sub-07_1	39	Pulse	255	2886053	35014	0
sub-07_1	40	Picture	61	2897049	10000	1	25174	1	10000	25000	incorrect	181
sub-07_1	40	Pulse	255	2906051	19002	0
sub-07_1	40	Response	1	2916282	29233	1
sub-07_1	41	Pulse	255	2926052	2991	0
sub-07_1	41	Picture	62	2933060	10000	1	25174	1	10000	25000	hit	185
sub-07_1	41	Pulse	255	2946051	22990	0
sub-07_1	41	Response	2	2949762	26702	1
sub-07_1	42	Pulse	255	2966052	7147	0
sub-07_1	42	Picture	61	2968905	10000	1	25174	1	10000	25000	hit	189
sub-07_1	42	Pulse	255	2986052	27147	0
sub-07_1	42	Response	2	2992872	33967	1
sub-07_1	43	Picture	62	3004916	10000	1	25174	1	10000	25000	hit	192
sub-07_1	43	Pulse	255	3006051	11136	0
sub-07_1	43	Response	2	3016743	21827	1
sub-07_1	43	Pulse	255	3026053	31137	0
sub-07_1	44	Picture	61	3040927	10000	1	25174	1	10000	25000	incorrect	196
sub-07_1	44	Pulse	255	3046052	15125	1
sub-07_1	44	Response	1	3061742	30816	1
sub-07_1	44	Pulse	255	3066053	35126	0
sub-07_1	45	Picture	Bfix	3066268	0	1	200061	1	0	200000	other	0
sub-07_1	45	Pulse	255	3086052	19784	0
sub-07_1	45	Pulse	255	3106053	39785	0
sub-07_1	45	Pulse	255	3126052	59784	0
sub-07_1	45	Pulse	255	3146052	79785	0
sub-07_1	45	Pulse	255	3166052	99785	0
sub-07_1	45	Pulse	255	3186053	119785	0
sub-07_1	45	Pulse	255	3206053	139785	0
sub-07_1	45	Pulse	255	3226053	159786	0
sub-07_1	45	Pulse	255	3246053	179785	0
sub-07_1	45	Pulse	255	3266053	199785	0
sub-07_1	46	Picture	12	3277332	10000	1	25174	1	10000	25000	hit	211
sub-07_1	46	Pulse	255	3286053	18721	0
sub-07_1	46	Response	2	3299913	32581	1
sub-07_1	47	Pulse	255	3306053	2710	0
sub-07_1	47	Picture	11	3313343	10000	1	25174	1	10000	25000	hit	214
sub-07_1	47	Response	1	3321113	17770	1
sub-07_1	47	Pulse	255	3326053	22710	0
sub-07_1	48	Pulse	255	3346053	6699	0
sub-07_1	48	Picture	11	3349354	10000	1	25174	1	10000	25000	hit	218
sub-07_1	48	Response	1	3359613	20259	1
sub-07_1	48	Pulse	255	3366053	26699	0
sub-07_1	49	Picture	12	3385365	10000	1	25174	1	10000	25000	hit	222
sub-07_1	49	Pulse	255	3386053	10688	0
sub-07_1	49	Response	2	3395974	20608	1
sub-07_1	49	Pulse	255	3406053	30688	0
sub-07_1	50	Picture	12	3421210	10000	1	25174	1	10000	25000	hit	226
sub-07_1	50	Pulse	255	3426053	14844	0
sub-07_1	50	Response	2	3430213	19004	1
sub-07_1	50	Pulse	255	3446053	34844	0
sub-07_1	51	Picture	12	3457221	10000	1	25174	1	10000	25000	hit	230
sub-07_1	51	Pulse	255	3466053	18832	0
sub-07_1	51	Response	2	3473503	26283	1
sub-07_1	52	Pulse	255	3486053	2822	0
sub-07_1	52	Picture	12	3493232	10000	1	25174	1	10000	25000	hit	233
sub-07_1	52	Response	2	3500944	17712	1
sub-07_1	52	Pulse	255	3506053	22822	0
sub-07_1	53	Pulse	255	3526054	6978	0
sub-07_1	53	Picture	12	3529076	10000	1	25174	1	10000	25000	hit	237
sub-07_1	53	Response	2	3536563	17488	1
sub-07_1	53	Pulse	255	3546054	26978	0
sub-07_1	54	Picture	12	3565087	10000	1	25174	1	10000	25000	hit	241
sub-07_1	54	Pulse	255	3566053	10966	0
sub-07_1	54	Response	2	3573734	18647	1
sub-07_1	54	Pulse	255	3586054	30967	0
sub-07_1	55	Picture	Bfix	3590428	0	1	200728	1	0	200000	other	0
sub-07_1	55	Pulse	255	3606054	15626	0
sub-07_1	55	Pulse	255	3626054	35626	0
sub-07_1	55	Pulse	255	3646054	55626	0
sub-07_1	55	Pulse	255	3666054	75626	0
sub-07_1	55	Pulse	255	3686054	95626	0
sub-07_1	55	Pulse	255	3706054	115626	0
sub-07_1	55	Pulse	255	3726054	135626	0
sub-07_1	55	Pulse	255	3746055	155627	0
sub-07_1	55	Pulse	255	3766054	175626	0
sub-07_1	55	Pulse	255	3786054	195626	0
sub-07_1	56	Picture	62	3801159	10000	1	25174	1	10000	25000	hit	256
sub-07_1	56	Pulse	255	3806055	14895	0
sub-07_1	56	Response	2	3812635	21475	1
sub-07_1	56	Pulse	255	3826054	34895	0
sub-07_1	57	Picture	61	3837003	10000	1	25174	1	10000	25000	incorrect	259
sub-07_1	57	Response	1	3844185	17181	1
sub-07_1	57	Pulse	255	3846054	19051	0
sub-07_1	58	Pulse	255	3866055	3207	0
sub-07_1	58	Picture	61	3872848	10000	1	25174	1	10000	25000	incorrect	263
sub-07_1	58	Response	1	3879594	16746	1
sub-07_1	58	Pulse	255	3886054	23207	0
sub-07_1	59	Pulse	255	3906054	7195	0
sub-07_1	59	Picture	62	3908859	10000	1	25174	1	10000	25000	hit	267
sub-07_1	59	Response	2	3917975	19116	1
sub-07_1	59	Pulse	255	3926055	27196	0
sub-07_1	60	Picture	62	3944703	10000	1	25174	1	10000	25000	hit	271
sub-07_1	60	Pulse	255	3946055	11352	0
sub-07_1	60	Response	2	3952515	17812	1
sub-07_1	60	Pulse	255	3966054	31351	0
sub-07_1	61	Picture	62	3980714	10000	1	25174	1	10000	25000	hit	275
sub-07_1	61	Pulse	255	3986054	15340	0
sub-07_1	61	Response	2	3999915	29201	1
sub-07_1	61	Pulse	255	4005889	35175	167
sub-07_1	62	Picture	62	4016725	10000	1	25174	1	10000	25000	incorrect	279
sub-07_1	62	Pulse	255	4026055	19330	0
sub-07_1	62	Response	1	4036905	30180	1
sub-07_1	62	Response	2	4039415	32690	1
sub-07_1	63	Pulse	255	4046045	3142	0
sub-07_1	63	Picture	62	4052903	10000	1	25174	1	10000	25000	miss	0
sub-07_1	63	Pulse	255	4066044	23141	0
sub-07_1	64	Response	1	4080235	1488	1
sub-07_1	64	Pulse	255	4086045	7298	0
sub-07_1	64	Picture	61	4088747	10000	1	25174	1	10000	25000	hit	288
sub-07_1	64	Pulse	255	4106046	27299	0
sub-07_1	64	Response	2	4112645	33898	1
sub-07_1	65	Picture	61	4124758	10000	1	25174	1	10000	25000	incorrect	292
sub-07_1	65	Pulse	255	4126046	11288	0
sub-07_1	65	Pulse	255	4146045	31287	0
sub-07_1	65	Response	1	4146926	32168	1
sub-07_1	66	Picture	Bfix	4150099	0	1	211976	1	0	200000	other	0
sub-07_1	66	Pulse	255	4166045	15946	0
sub-07_1	66	Pulse	255	4186046	35946	0
sub-07_1	66	Pulse	255	4206045	55946	0
sub-07_1	66	Pulse	255	4226046	75947	0
sub-07_1	66	Pulse	255	4246046	95947	0
sub-07_1	66	Pulse	255	4266046	115947	0
sub-07_1	66	Pulse	255	4286044	135945	0
sub-07_1	66	Pulse	255	4306046	155947	0
sub-07_1	66	Pulse	255	4326046	175947	0
sub-07_1	66	Pulse	255	4346046	195947	0
