Scenario - loca_mcse
Logfile written - 06/27/2018 10:04:43

Subject	Trial	Event Type	Code	Time	TTime	Uncertainty	Duration	Uncertainty	ReqTime	ReqDur	Stim Type	Pair Index

sub-14_1	0	Pulse	255	714715	714715	0
sub-14_1	1	Picture	Bfix	714943	0	1	200955	1	0	200000	other	0
sub-14_1	1	Pulse	255	734715	19772	0
sub-14_1	1	Pulse	255	754715	39772	0
sub-14_1	1	Pulse	255	774715	59772	0
sub-14_1	1	Pulse	255	794716	79773	0
sub-14_1	1	Pulse	255	814715	99772	0
sub-14_1	1	Pulse	255	834715	119772	0
sub-14_1	1	Pulse	255	854715	139772	0
sub-14_1	1	Pulse	255	874715	159772	0
sub-14_1	1	Pulse	255	894715	179772	0
sub-14_1	1	Pulse	255	914716	199773	0
sub-14_1	2	Picture	11	925897	10000	1	25226	1	10000	25000	hit	15
sub-14_1	2	Pulse	255	934715	18818	0
sub-14_1	2	Response	1	937225	21328	1
sub-14_1	3	Pulse	255	954716	2733	0
sub-14_1	3	Picture	11	961983	10000	1	25225	1	10000	25000	hit	18
sub-14_1	3	Response	1	968066	16083	1
sub-14_1	3	Pulse	255	974716	22733	0
sub-14_1	4	Pulse	255	994716	6634	0
sub-14_1	4	Picture	12	998082	10000	1	25226	1	10000	25000	hit	22
sub-14_1	4	Response	2	1004996	16914	1
sub-14_1	4	Pulse	255	1014716	26634	0
sub-14_1	5	Picture	11	1034174	10000	1	25226	1	10000	25000	miss	0
sub-14_1	5	Pulse	255	1034716	10541	0
sub-14_1	5	Pulse	255	1054717	30542	0
sub-14_1	6	Picture	11	1070297	10000	1	25226	1	10000	25000	miss	0
sub-14_1	6	Pulse	255	1074716	14420	0
sub-14_1	6	Pulse	255	1094716	34420	0
sub-14_1	7	Picture	11	1106396	10000	1	25226	1	10000	25000	hit	32
sub-14_1	7	Pulse	255	1114717	18321	0
sub-14_1	7	Response	1	1129486	33090	1
sub-14_1	8	Pulse	255	1134717	2364	0
sub-14_1	8	Picture	11	1142352	10000	1	25226	1	10000	25000	hit	35
sub-14_1	8	Response	1	1149217	16865	1
sub-14_1	8	Pulse	255	1154716	22364	0
sub-14_1	9	Pulse	255	1174716	6258	0
sub-14_1	9	Picture	12	1178458	10000	1	25226	1	10000	25000	hit	39
sub-14_1	9	Response	2	1185197	16738	1
sub-14_1	9	Pulse	255	1194716	26258	0
sub-14_1	10	Picture	11	1214556	10000	1	25226	1	10000	25000	hit	43
sub-14_1	10	Pulse	255	1214717	10161	0
sub-14_1	10	Response	1	1219736	15181	1
sub-14_1	10	Pulse	255	1234716	30160	0
sub-14_1	11	Picture	11	1250644	10000	1	25226	1	10000	25000	hit	47
sub-14_1	11	Pulse	255	1254716	14072	0
sub-14_1	11	Response	1	1257387	16743	1
sub-14_1	11	Pulse	255	1274716	34072	0
sub-14_1	12	Picture	Bfix	1276037	0	1	200226	1	0	200000	other	0
sub-14_1	12	Pulse	255	1294716	18680	0
sub-14_1	12	Pulse	255	1314717	38680	0
sub-14_1	12	Pulse	255	1334717	58680	0
sub-14_1	12	Pulse	255	1354717	78680	0
sub-14_1	12	Pulse	255	1374717	98680	0
sub-14_1	12	Pulse	255	1394717	118680	0
sub-14_1	12	Pulse	255	1414717	138681	0
sub-14_1	12	Pulse	255	1434717	158681	0
sub-14_1	12	Pulse	255	1454717	178680	0
sub-14_1	12	Pulse	255	1474717	198680	0
sub-14_1	13	Picture	61	1487084	10000	1	25226	1	10000	25000	miss	0
sub-14_1	13	Pulse	255	1494717	17633	0
sub-14_1	14	Pulse	255	1514718	1670	0
sub-14_1	14	Response	2	1517957	4909	1
sub-14_1	14	Picture	62	1523048	10000	1	25226	1	10000	25000	hit	65
sub-14_1	14	Response	2	1533857	20809	1
sub-14_1	14	Pulse	255	1534717	21669	0
sub-14_1	15	Pulse	255	1554718	5588	0
sub-14_1	15	Picture	61	1559129	10000	1	25226	1	10000	25000	miss	0
sub-14_1	15	Pulse	255	1574718	25589	0
sub-14_1	16	Response	1	1587698	2480	1
sub-14_1	16	Pulse	255	1594718	9501	0
sub-14_1	16	Picture	61	1595218	10000	1	25226	1	10000	25000	miss	0
sub-14_1	16	Pulse	255	1614718	29500	0
sub-14_1	16	Response	2	1620444	35226	664
sub-14_1	17	Picture	61	1631334	10000	1	25226	1	10000	25000	hit	77
sub-14_1	17	Pulse	255	1634718	13384	0
sub-14_1	17	Response	1	1654538	33204	1
sub-14_1	17	Pulse	255	1654717	33383	0
sub-14_1	18	Picture	62	1667420	10000	1	25226	1	10000	25000	hit	81
sub-14_1	18	Pulse	255	1674718	17299	0
sub-14_1	18	Response	2	1685898	28479	1
sub-14_1	19	Pulse	255	1694718	1203	0
sub-14_1	19	Picture	62	1703516	10000	1	25226	1	10000	25000	hit	85
sub-14_1	19	Pulse	255	1714718	21203	0
sub-14_1	19	Response	2	1721838	28323	1
sub-14_1	20	Pulse	255	1734718	5108	0
sub-14_1	20	Picture	61	1739609	10000	1	25226	1	10000	25000	hit	89
sub-14_1	20	Pulse	255	1754718	25109	0
sub-14_1	20	Response	1	1756948	27339	1
sub-14_1	21	Pulse	255	1774718	8985	0
sub-14_1	21	Picture	61	1775733	10000	1	25226	1	10000	25000	hit	93
sub-14_1	21	Pulse	255	1794718	28986	0
sub-14_1	21	Response	1	1796239	30506	1
sub-14_1	22	Picture	62	1811800	10000	1	25226	1	10000	25000	hit	96
sub-14_1	22	Pulse	255	1814718	12919	0
sub-14_1	22	Response	2	1832858	31058	1
sub-14_1	22	Pulse	255	1834718	32919	0
sub-14_1	23	Picture	Bfix	1837192	0	1	200735	1	0	200000	other	0
sub-14_1	23	Pulse	255	1854719	17527	0
sub-14_1	23	Pulse	255	1874718	37526	0
sub-14_1	23	Pulse	255	1894718	57526	0
sub-14_1	23	Pulse	255	1914709	77517	0
sub-14_1	23	Pulse	255	1934709	97517	0
sub-14_1	23	Pulse	255	1954709	117517	0
sub-14_1	23	Pulse	255	1974709	137517	0
sub-14_1	23	Pulse	255	1994708	157516	0
sub-14_1	23	Pulse	255	2014708	177516	0
sub-14_1	23	Pulse	255	2034709	197516	0
sub-14_1	24	Picture	11	2047926	10000	1	25226	1	10000	25000	miss	0
sub-14_1	24	Pulse	255	2054709	16782	0
sub-14_1	25	Pulse	255	2074709	675	0
sub-14_1	25	Response	1	2075128	1095	1
sub-14_1	25	Picture	11	2084033	10000	1	25226	1	10000	25000	hit	114
sub-14_1	25	Response	1	2091819	17785	1
sub-14_1	25	Pulse	255	2094709	20675	0
sub-14_1	26	Pulse	255	2114709	4555	0
sub-14_1	26	Picture	11	2120153	10000	1	25226	1	10000	25000	hit	118
sub-14_1	26	Response	1	2124699	14546	1
sub-14_1	26	Pulse	255	2134709	24556	0
sub-14_1	27	Pulse	255	2154709	8461	0
sub-14_1	27	Picture	12	2156248	10000	1	25226	1	10000	25000	hit	122
sub-14_1	27	Response	2	2165379	19130	1
sub-14_1	27	Pulse	255	2174709	28461	0
sub-14_1	28	Picture	11	2192372	10000	1	25226	1	10000	25000	hit	126
sub-14_1	28	Pulse	255	2194709	12337	0
sub-14_1	28	Response	1	2200699	18327	1
sub-14_1	28	Pulse	255	2214710	32337	0
sub-14_1	29	Picture	11	2228329	10000	1	25226	1	10000	25000	hit	130
sub-14_1	29	Pulse	255	2234709	16380	0
sub-14_1	29	Response	1	2240509	22180	1
sub-14_1	30	Pulse	255	2254709	332	0
sub-14_1	30	Picture	11	2264377	10000	1	25226	1	10000	25000	miss	0
sub-14_1	30	Pulse	255	2274709	20332	0
sub-14_1	31	Pulse	255	2294710	4223	0
sub-14_1	31	Picture	12	2300487	10000	1	25226	1	10000	25000	miss	0
sub-14_1	31	Pulse	255	2314709	24222	0
sub-14_1	32	Pulse	255	2334710	8137	0
sub-14_1	32	Picture	11	2336573	10000	1	25226	1	10000	25000	hit	139
sub-14_1	32	Response	1	2343449	16877	1
sub-14_1	32	Pulse	255	2354710	28137	0
sub-14_1	33	Picture	12	2372681	10000	1	25226	1	10000	25000	miss	0
sub-14_1	33	Pulse	255	2374710	12029	0
sub-14_1	33	Pulse	255	2394710	32030	0
sub-14_1	34	Picture	Bfix	2398073	0	1	200866	1	0	200000	other	0
sub-14_1	34	Pulse	255	2414709	16636	0
sub-14_1	34	Pulse	255	2434710	36637	0
sub-14_1	34	Pulse	255	2454709	56636	0
sub-14_1	34	Pulse	255	2474710	76637	0
sub-14_1	34	Pulse	255	2494711	96637	0
sub-14_1	34	Pulse	255	2514710	116637	0
sub-14_1	34	Pulse	255	2534710	136637	0
sub-14_1	34	Pulse	255	2554710	156637	0
sub-14_1	34	Pulse	255	2574711	176637	0
sub-14_1	34	Pulse	255	2594710	196637	0
sub-14_1	35	Picture	61	2608938	10000	1	25226	1	10000	25000	hit	157
sub-14_1	35	Pulse	255	2614710	15772	0
sub-14_1	35	Response	1	2619450	20512	1
sub-14_1	35	Pulse	255	2634165	35226	547
sub-14_1	36	Picture	62	2645049	10000	1	25226	1	10000	25000	hit	160
sub-14_1	36	Response	2	2652090	17041	1
sub-14_1	36	Pulse	255	2654710	19661	0
sub-14_1	37	Pulse	255	2674710	3706	0
sub-14_1	37	Picture	61	2681004	10000	1	25226	1	10000	25000	hit	165
sub-14_1	37	Pulse	255	2694710	23707	0
sub-14_1	37	Response	1	2701460	30457	1
sub-14_1	38	Pulse	255	2714711	7619	0
sub-14_1	38	Picture	61	2717092	10000	1	25226	1	10000	25000	miss	0
sub-14_1	38	Pulse	255	2734711	27619	0
sub-14_1	39	Picture	62	2753190	10000	1	25226	1	10000	25000	incorrect	171
sub-14_1	39	Pulse	255	2754710	11520	0
sub-14_1	39	Response	1	2762580	19389	1
sub-14_1	39	Pulse	255	2774710	31520	0
sub-14_1	39	Response	2	2775180	31990	1
sub-14_1	40	Picture	61	2789310	10000	1	25226	1	10000	25000	miss	0
sub-14_1	40	Pulse	255	2794711	15401	0
sub-14_1	40	Pulse	255	2814537	35227	175
sub-14_1	41	Response	1	2815651	248	1
sub-14_1	41	Picture	62	2825403	10000	1	25226	1	10000	25000	hit	180
sub-14_1	41	Pulse	255	2834711	19307	0
sub-14_1	41	Response	2	2843261	27857	1
sub-14_1	42	Pulse	255	2854711	3217	0
sub-14_1	42	Picture	61	2861494	10000	1	25226	1	10000	25000	miss	0
sub-14_1	42	Pulse	255	2874711	23217	0
sub-14_1	43	Response	2	2888351	751	1
sub-14_1	43	Pulse	255	2894711	7112	0
sub-14_1	43	Picture	62	2897599	10000	1	25226	1	10000	25000	hit	188
sub-14_1	43	Pulse	255	2914711	27112	0
sub-14_1	43	Response	2	2915581	27981	1
sub-14_1	44	Picture	61	2933707	10000	1	25226	1	10000	25000	hit	191
sub-14_1	44	Pulse	255	2934711	11004	0
sub-14_1	44	Response	1	2952351	28644	1
sub-14_1	44	Pulse	255	2954711	31004	0
sub-14_1	45	Picture	Bfix	2959100	0	1	200226	1	0	200000	other	0
sub-14_1	45	Pulse	255	2974712	15612	0
sub-14_1	45	Pulse	255	2994711	35611	0
sub-14_1	45	Pulse	255	3014711	55612	0
sub-14_1	45	Pulse	255	3034712	75612	0
sub-14_1	45	Pulse	255	3054711	95612	0
sub-14_1	45	Pulse	255	3074712	115612	0
sub-14_1	45	Pulse	255	3094712	135612	0
sub-14_1	45	Pulse	255	3114711	155612	0
sub-14_1	45	Pulse	255	3134711	175612	0
sub-14_1	45	Pulse	255	3154711	195611	0
sub-14_1	46	Picture	12	3170281	10000	1	25226	1	10000	25000	miss	0
sub-14_1	46	Pulse	255	3174712	14431	0
sub-14_1	46	Pulse	255	3194712	34431	0
sub-14_1	47	Picture	11	3206377	10000	1	25226	1	10000	25000	hit	209
sub-14_1	47	Pulse	255	3214712	18335	0
sub-14_1	47	Response	1	3223812	27435	1
sub-14_1	48	Pulse	255	3234712	2234	0
sub-14_1	48	Picture	11	3242478	10000	1	25226	1	10000	25000	hit	212
sub-14_1	48	Response	1	3247683	15205	1
sub-14_1	48	Pulse	255	3254712	22235	0
sub-14_1	49	Pulse	255	3274712	6131	0
sub-14_1	49	Picture	12	3278581	10000	1	25226	1	10000	25000	hit	216
sub-14_1	49	Response	2	3288263	19681	1
sub-14_1	49	Pulse	255	3294712	26131	0
sub-14_1	50	Picture	12	3314678	10000	1	25226	1	10000	25000	miss	0
sub-14_1	50	Pulse	255	3314713	10035	0
sub-14_1	50	Pulse	255	3334712	30034	0
sub-14_1	51	Picture	12	3350782	10000	1	25226	1	10000	25000	miss	0
sub-14_1	51	Pulse	255	3354712	13931	0
sub-14_1	51	Pulse	255	3374712	33930	0
sub-14_1	52	Picture	12	3386741	10000	1	25226	1	10000	25000	miss	0
sub-14_1	52	Pulse	255	3394713	17971	0
sub-14_1	53	Pulse	255	3414712	1899	0
sub-14_1	53	Picture	12	3422813	10000	1	25226	1	10000	25000	hit	229
sub-14_1	53	Pulse	255	3434713	21899	0
sub-14_1	53	Response	2	3441542	28729	1
sub-14_1	54	Pulse	255	3454712	5807	0
sub-14_1	54	Picture	12	3458905	10000	1	25226	1	10000	25000	hit	232
sub-14_1	54	Response	2	3466883	17978	1
sub-14_1	54	Pulse	255	3474712	25807	0
sub-14_1	55	Picture	Bfix	3484298	0	1	200887	1	0	200000	other	0
sub-14_1	55	Pulse	255	3494713	10415	0
sub-14_1	55	Pulse	255	3514713	30415	0
sub-14_1	55	Pulse	255	3534713	50415	0
sub-14_1	55	Pulse	255	3554713	70415	0
sub-14_1	55	Pulse	255	3574713	90415	0
sub-14_1	55	Pulse	255	3594713	110415	0
sub-14_1	55	Pulse	255	3614714	130416	0
sub-14_1	55	Pulse	255	3634713	150415	0
sub-14_1	55	Pulse	255	3654713	170415	0
sub-14_1	55	Pulse	255	3674714	190416	0
sub-14_1	56	Pulse	255	3694714	9530	0
sub-14_1	56	Picture	62	3695184	10000	1	25226	1	10000	25000	hit	247
sub-14_1	56	Response	2	3702013	16829	1
sub-14_1	56	Pulse	255	3714713	29529	0
sub-14_1	57	Picture	61	3731282	10000	1	25226	1	10000	25000	incorrect	252
sub-14_1	57	Pulse	255	3734713	13432	0
sub-14_1	57	Pulse	255	3754714	33432	0
sub-14_1	57	Response	2	3755353	34071	1
sub-14_1	58	Picture	61	3767404	10000	1	25226	1	10000	25000	hit	255
sub-14_1	58	Pulse	255	3774713	17309	0
sub-14_1	58	Response	1	3775693	18289	1
sub-14_1	59	Pulse	255	3794714	1222	0
sub-14_1	59	Picture	62	3803492	10000	1	25136	1	10000	25000	hit	259
sub-14_1	59	Pulse	255	3814713	21221	0
sub-14_1	59	Response	2	3823124	29632	1
sub-14_1	60	Pulse	255	3834714	5128	0
sub-14_1	60	Picture	62	3839586	10000	1	25226	1	10000	25000	hit	263
sub-14_1	60	Pulse	255	3854714	25128	0
sub-14_1	60	Response	2	3857163	27577	1
sub-14_1	61	Pulse	255	3874714	9038	0
sub-14_1	61	Picture	62	3875676	10000	1	25226	1	10000	25000	miss	0
sub-14_1	61	Pulse	255	3894714	29038	0
sub-14_1	62	Picture	62	3911785	10000	1	25226	1	10000	25000	hit	269
sub-14_1	62	Pulse	255	3914714	12929	0
sub-14_1	62	Response	2	3932193	30408	1
sub-14_1	62	Pulse	255	3934714	32930	0
sub-14_1	63	Picture	62	3947873	10000	1	25226	1	10000	25000	hit	273
sub-14_1	63	Pulse	255	3954714	16841	0
sub-14_1	63	Response	2	3971194	33321	1
sub-14_1	64	Pulse	255	3974714	740	0
sub-14_1	64	Picture	61	3983974	10000	1	25226	1	10000	25000	hit	277
sub-14_1	64	Pulse	255	3994715	20740	0
sub-14_1	64	Response	1	3998344	24369	1
sub-14_1	65	Pulse	255	4014714	4651	0
sub-14_1	65	Picture	61	4020063	10000	1	25226	1	10000	25000	miss	0
sub-14_1	65	Pulse	255	4034714	24651	0
sub-14_1	66	Picture	Bfix	4045455	0	1	211655	1	0	200000	other	0
sub-14_1	66	Pulse	255	4054714	9259	0
sub-14_1	66	Pulse	255	4074714	29259	0
sub-14_1	66	Pulse	255	4094714	49259	0
sub-14_1	66	Pulse	255	4114705	69249	0
sub-14_1	66	Pulse	255	4134705	89250	0
sub-14_1	66	Pulse	255	4154704	109249	0
sub-14_1	66	Pulse	255	4174705	129250	0
sub-14_1	66	Pulse	255	4194705	149250	0
sub-14_1	66	Pulse	255	4214705	169249	0
sub-14_1	66	Pulse	255	4234704	189249	1
