Scenario - loca_mcse
Logfile written - 11/26/2018 18:08:28

Subject	Trial	Event Type	Code	Time	TTime	Uncertainty	Duration	Uncertainty	ReqTime	ReqDur	Stim Type	Pair Index

sub-13	0	Pulse	255	580443	580443	0
sub-13	1	Picture	Bfix	580671	0	1	200763	1	0	200000	other	0
sub-13	1	Pulse	255	600443	19771	0
sub-13	1	Pulse	255	620443	39772	0
sub-13	1	Pulse	255	640442	59771	0
sub-13	1	Pulse	255	660443	79772	0
sub-13	1	Pulse	255	680443	99771	0
sub-13	1	Pulse	255	700443	119772	0
sub-13	1	Pulse	255	720443	139772	0
sub-13	1	Pulse	255	740443	159772	0
sub-13	1	Pulse	255	760443	179772	0
sub-13	1	Pulse	255	780443	199771	0
sub-13	2	Picture	11	791433	10000	1	25226	1	10000	25000	hit	15
sub-13	2	Pulse	255	800443	19010	0
sub-13	2	Response	1	803133	21700	1
sub-13	3	Pulse	255	820443	2954	0
sub-13	3	Picture	11	827489	10000	1	25226	1	10000	25000	hit	18
sub-13	3	Response	1	834483	16994	1
sub-13	3	Pulse	255	840443	22954	0
sub-13	4	Pulse	255	860443	6897	0
sub-13	4	Picture	12	863546	10000	1	25226	1	10000	25000	hit	22
sub-13	4	Response	2	871174	17627	1
sub-13	4	Pulse	255	880443	26897	0
sub-13	5	Picture	11	899602	10000	1	25226	1	10000	25000	hit	26
sub-13	5	Pulse	255	900443	10841	0
sub-13	5	Response	1	906624	17021	1
sub-13	5	Pulse	255	920443	30841	0
sub-13	6	Picture	11	935657	10000	1	25226	1	10000	25000	hit	30
sub-13	6	Pulse	255	940443	14786	0
sub-13	6	Response	1	942143	16486	1
sub-13	6	Pulse	255	960444	34786	0
sub-13	7	Picture	11	971714	10000	1	25226	1	10000	25000	hit	33
sub-13	7	Response	1	979953	18240	1
sub-13	7	Pulse	255	980443	18730	0
sub-13	8	Pulse	255	1000443	2673	0
sub-13	8	Picture	11	1007770	10000	1	25226	1	10000	25000	hit	37
sub-13	8	Response	1	1014624	16853	1
sub-13	8	Pulse	255	1020434	22663	0
sub-13	9	Pulse	255	1040433	6606	0
sub-13	9	Picture	12	1043828	10000	1	25226	1	10000	25000	hit	41
sub-13	9	Response	2	1050424	16596	1
sub-13	9	Pulse	255	1060434	26606	0
sub-13	10	Picture	11	1079883	10000	1	25226	1	10000	25000	hit	45
sub-13	10	Pulse	255	1080434	10551	0
sub-13	10	Response	1	1086274	16391	1
sub-13	10	Pulse	255	1100434	30551	0
sub-13	11	Picture	11	1115932	10000	1	25226	1	10000	25000	hit	49
sub-13	11	Pulse	255	1120434	14502	0
sub-13	11	Response	1	1122843	16911	1
sub-13	11	Pulse	255	1140434	34502	0
sub-13	12	Picture	Bfix	1141325	0	1	200830	1	0	200000	other	0
sub-13	12	Pulse	255	1160434	19109	0
sub-13	12	Pulse	255	1180434	39109	0
sub-13	12	Pulse	255	1200434	59109	0
sub-13	12	Pulse	255	1220434	79109	0
sub-13	12	Pulse	255	1240434	99109	0
sub-13	12	Pulse	255	1260434	119109	0
sub-13	12	Pulse	255	1280434	139109	0
sub-13	12	Pulse	255	1300434	159109	0
sub-13	12	Pulse	255	1320434	179109	0
sub-13	12	Pulse	255	1340434	199109	0
sub-13	13	Picture	61	1352154	10000	1	25226	1	10000	25000	hit	64
sub-13	13	Pulse	255	1360434	18281	0
sub-13	13	Response	1	1367264	25111	1
sub-13	14	Pulse	255	1380434	2231	0
sub-13	14	Picture	62	1388203	10000	1	25226	1	10000	25000	incorrect	68
sub-13	14	Pulse	255	1400434	22231	0
sub-13	14	Response	1	1410195	31992	1
sub-13	14	Response	2	1412284	34082	1
sub-13	15	Response	2	1416325	2069	1
sub-13	15	Pulse	255	1420434	6178	0
sub-13	15	Picture	61	1424256	10000	1	25226	1	10000	25000	hit	73
sub-13	15	Response	1	1433995	19739	1
sub-13	15	Pulse	255	1440435	26179	0
sub-13	16	Picture	61	1460303	10000	1	25226	1	10000	25000	hit	77
sub-13	16	Pulse	255	1460434	10132	0
sub-13	16	Response	1	1477794	27491	1
sub-13	16	Pulse	255	1480434	30131	0
sub-13	17	Picture	61	1496353	10000	1	25226	1	10000	25000	hit	81
sub-13	17	Pulse	255	1500435	14082	0
sub-13	17	Response	1	1505194	18842	1
sub-13	17	Pulse	255	1520435	34082	0
sub-13	18	Picture	62	1532408	10000	1	25227	1	10000	25000	hit	85
sub-13	18	Pulse	255	1540435	18026	0
sub-13	18	Response	2	1548314	25906	1
sub-13	19	Pulse	255	1560434	1968	0
sub-13	19	Picture	62	1568466	10000	1	25226	1	10000	25000	hit	89
sub-13	19	Pulse	255	1580434	21968	0
sub-13	19	Response	2	1581855	23388	1
sub-13	20	Pulse	255	1600435	5919	0
sub-13	20	Picture	61	1604516	10000	1	25226	1	10000	25000	hit	92
sub-13	20	Response	1	1617125	22609	1
sub-13	20	Pulse	255	1620434	25919	0
sub-13	21	Pulse	255	1640435	9867	0
sub-13	21	Picture	61	1640568	10000	1	25226	1	10000	25000	hit	96
sub-13	21	Response	1	1646615	16047	1
sub-13	21	Pulse	255	1660435	29867	0
sub-13	22	Picture	62	1676617	10000	1	25226	1	10000	25000	hit	100
sub-13	22	Pulse	255	1680435	13818	0
sub-13	22	Response	2	1693695	27078	1
sub-13	22	Pulse	255	1700435	33818	0
sub-13	23	Picture	Bfix	1702009	0	1	200823	1	0	200000	other	0
sub-13	23	Pulse	255	1720435	18425	0
sub-13	23	Pulse	255	1740435	38426	0
sub-13	23	Pulse	255	1760435	58425	0
sub-13	23	Pulse	255	1780435	78426	0
sub-13	23	Pulse	255	1800435	98425	0
sub-13	23	Pulse	255	1820435	118425	0
sub-13	23	Pulse	255	1840435	138425	0
sub-13	23	Pulse	255	1860435	158425	0
sub-13	23	Pulse	255	1880435	178426	0
sub-13	23	Pulse	255	1900435	198426	0
sub-13	24	Picture	11	1912832	10000	1	25226	1	10000	25000	hit	115
sub-13	24	Pulse	255	1920435	17603	0
sub-13	24	Response	1	1927245	24413	1
sub-13	25	Pulse	255	1940435	1543	0
sub-13	25	Picture	11	1948892	10000	1	25226	1	10000	25000	hit	118
sub-13	25	Response	1	1956635	17743	1
sub-13	25	Pulse	255	1960435	21543	0
sub-13	26	Pulse	255	1980436	5489	0
sub-13	26	Picture	11	1984946	10000	1	25226	1	10000	25000	hit	122
sub-13	26	Response	1	1992195	17249	1
sub-13	26	Pulse	255	2000435	25489	0
sub-13	27	Pulse	255	2020436	9432	0
sub-13	27	Picture	12	2021004	10000	1	25226	1	10000	25000	hit	126
sub-13	27	Response	2	2029256	18252	1
sub-13	27	Pulse	255	2040436	29432	0
sub-13	28	Picture	11	2056981	10000	1	25226	1	10000	25000	hit	130
sub-13	28	Pulse	255	2060436	13454	0
sub-13	28	Response	1	2066216	19235	1
sub-13	28	Pulse	255	2080436	33454	0
sub-13	29	Picture	11	2093034	10000	1	25226	1	10000	25000	hit	134
sub-13	29	Pulse	255	2100436	17402	0
sub-13	29	Response	1	2101455	18421	1
sub-13	30	Pulse	255	2120436	1345	0
sub-13	30	Picture	11	2129091	10000	1	25226	1	10000	25000	hit	137
sub-13	30	Response	1	2137715	18624	1
sub-13	30	Pulse	255	2140436	21345	0
sub-13	31	Pulse	255	2160436	5298	0
sub-13	31	Picture	12	2165138	10000	1	25226	1	10000	25000	hit	141
sub-13	31	Response	2	2175036	19898	1
sub-13	31	Pulse	255	2180436	25298	0
sub-13	32	Pulse	255	2200436	9245	0
sub-13	32	Picture	11	2201191	10000	1	25226	1	10000	25000	hit	145
sub-13	32	Response	1	2209386	18195	1
sub-13	32	Pulse	255	2220436	29245	0
sub-13	33	Picture	12	2237253	10000	1	25226	1	10000	25000	hit	149
sub-13	33	Pulse	255	2240436	13182	0
sub-13	33	Response	2	2245886	18633	1
sub-13	33	Pulse	255	2260436	33182	0
sub-13	34	Picture	Bfix	2262646	0	1	200226	1	0	200000	other	0
sub-13	34	Pulse	255	2280436	17790	0
sub-13	34	Pulse	255	2300436	37790	0
sub-13	34	Pulse	255	2320436	57790	0
sub-13	34	Pulse	255	2340436	77790	0
sub-13	34	Pulse	255	2360436	97790	0
sub-13	34	Pulse	255	2380436	117790	0
sub-13	34	Pulse	255	2400436	137790	0
sub-13	34	Pulse	255	2420436	157790	0
sub-13	34	Pulse	255	2440436	177790	0
sub-13	34	Pulse	255	2460436	197790	0
sub-13	35	Picture	61	2473695	10000	1	25226	1	10000	25000	miss	0
sub-13	35	Pulse	255	2480436	16742	0
sub-13	36	Pulse	255	2500437	688	0
sub-13	36	Picture	62	2509748	10000	1	25226	1	10000	25000	hit	166
sub-13	36	Response	2	2518276	18528	1
sub-13	36	Pulse	255	2520436	20687	0
sub-13	37	Pulse	255	2540437	4631	0
sub-13	37	Picture	61	2545805	10000	1	25226	1	10000	25000	hit	170
sub-13	37	Response	1	2557517	21711	1
sub-13	37	Pulse	255	2560437	24631	0
sub-13	38	Pulse	255	2580437	8585	0
sub-13	38	Picture	61	2581851	10000	1	25226	1	10000	25000	hit	174
sub-13	38	Response	1	2590847	18995	1
sub-13	38	Pulse	255	2600436	28585	0
sub-13	39	Picture	62	2617903	10000	1	25226	1	10000	25000	hit	178
sub-13	39	Pulse	255	2620437	12533	0
sub-13	39	Response	2	2627876	19973	1
sub-13	39	Pulse	255	2640437	32533	0
sub-13	40	Picture	61	2653953	10000	1	25226	1	10000	25000	hit	182
sub-13	40	Pulse	255	2660436	16484	0
sub-13	40	Response	1	2666447	22494	1
sub-13	41	Pulse	255	2680437	434	0
sub-13	41	Picture	62	2690003	10000	1	25226	1	10000	25000	incorrect	186
sub-13	41	Pulse	255	2700437	20434	0
sub-13	41	Response	1	2711487	31484	1
sub-13	42	Pulse	255	2720437	4381	0
sub-13	42	Picture	61	2726056	10000	1	25226	1	10000	25000	hit	190
sub-13	42	Pulse	255	2740437	24381	0
sub-13	42	Response	1	2749387	33331	1
sub-13	43	Pulse	255	2760437	8332	0
sub-13	43	Picture	62	2762105	10000	1	25226	1	10000	25000	hit	193
sub-13	43	Response	2	2779027	26922	1
sub-13	43	Pulse	255	2780427	28322	0
sub-13	44	Picture	61	2798155	10000	1	25227	1	10000	25000	hit	197
sub-13	44	Pulse	255	2800427	12272	0
sub-13	44	Response	1	2814917	26762	1
sub-13	44	Pulse	255	2820427	32271	0
sub-13	45	Picture	Bfix	2823548	0	1	200226	1	0	200000	other	0
sub-13	45	Pulse	255	2840427	16878	0
sub-13	45	Pulse	255	2860427	36879	0
sub-13	45	Pulse	255	2880427	56879	0
sub-13	45	Pulse	255	2900427	76879	0
sub-13	45	Pulse	255	2920427	96879	0
sub-13	45	Pulse	255	2940427	116879	0
sub-13	45	Pulse	255	2960427	136878	0
sub-13	45	Pulse	255	2980428	156879	0
sub-13	45	Pulse	255	3000427	176879	0
sub-13	45	Pulse	255	3020428	196879	0
sub-13	46	Picture	12	3034599	10000	1	25226	1	10000	25000	hit	212
sub-13	46	Pulse	255	3040427	15829	0
sub-13	46	Response	2	3043078	18479	1
sub-13	46	Pulse	255	3060427	35829	0
sub-13	47	Picture	11	3070649	10000	1	25226	1	10000	25000	hit	215
sub-13	47	Response	1	3079808	19159	1
sub-13	47	Pulse	255	3080427	19778	0
sub-13	48	Pulse	255	3100427	3725	0
sub-13	48	Picture	11	3106702	10000	1	25226	1	10000	25000	hit	219
sub-13	48	Response	1	3116128	19426	1
sub-13	48	Pulse	255	3120428	23725	0
sub-13	49	Pulse	255	3140428	7673	0
sub-13	49	Picture	12	3142754	10000	1	25226	1	10000	25000	hit	223
sub-13	49	Response	2	3153388	20634	1
sub-13	49	Pulse	255	3160427	27673	0
sub-13	50	Picture	12	3178803	10000	1	25227	1	10000	25000	hit	227
sub-13	50	Pulse	255	3180428	11625	0
sub-13	50	Response	2	3185208	16405	1
sub-13	50	Pulse	255	3200427	31625	0
sub-13	51	Picture	12	3214848	10000	1	25158	1	10000	25000	hit	231
sub-13	51	Pulse	255	3220428	15580	0
sub-13	51	Response	2	3223078	18230	1
sub-13	51	Pulse	255	3240007	35159	421
sub-13	52	Picture	12	3250833	10000	1	25226	1	10000	25000	hit	235
sub-13	52	Pulse	255	3260428	19595	0
sub-13	52	Response	2	3261208	20375	1
sub-13	53	Pulse	255	3280428	3545	0
sub-13	53	Picture	12	3286882	10000	1	25226	1	10000	25000	hit	238
sub-13	53	Response	2	3298838	21956	1
sub-13	53	Pulse	255	3300428	23546	0
sub-13	54	Pulse	255	3320428	7492	0
sub-13	54	Picture	12	3322936	10000	1	25226	1	10000	25000	hit	242
sub-13	54	Response	2	3329898	16962	1
sub-13	54	Pulse	255	3340428	27492	0
sub-13	55	Picture	Bfix	3348329	0	1	200761	1	0	200000	other	0
sub-13	55	Pulse	255	3360428	12100	0
sub-13	55	Pulse	255	3380428	32099	0
sub-13	55	Pulse	255	3400428	52100	0
sub-13	55	Pulse	255	3420428	72100	0
sub-13	55	Pulse	255	3440428	92100	0
sub-13	55	Pulse	255	3460429	112100	0
sub-13	55	Pulse	255	3480428	132100	0
sub-13	55	Pulse	255	3500428	152100	0
sub-13	55	Pulse	255	3520429	172100	0
sub-13	55	Pulse	255	3540429	192100	0
sub-13	56	Picture	62	3559090	10000	1	25226	1	10000	25000	hit	257
sub-13	56	Pulse	255	3560429	11339	0
sub-13	56	Response	2	3567269	18179	1
sub-13	56	Pulse	255	3580429	31339	0
sub-13	57	Picture	61	3595131	10000	1	25226	1	10000	25000	hit	261
sub-13	57	Pulse	255	3600428	15297	0
sub-13	57	Response	1	3610028	24897	1
sub-13	57	Pulse	255	3620358	35227	70
sub-13	58	Picture	61	3631180	10000	1	25226	1	10000	25000	hit	265
sub-13	58	Pulse	255	3640429	19248	0
sub-13	58	Response	1	3641009	19829	1
sub-13	59	Pulse	255	3660428	3190	0
sub-13	59	Picture	62	3667239	10000	1	25226	1	10000	25000	hit	268
sub-13	59	Response	2	3675878	18639	1
sub-13	59	Pulse	255	3680429	23190	0
sub-13	60	Pulse	255	3700429	7140	0
sub-13	60	Picture	62	3703289	10000	1	25226	1	10000	25000	hit	272
sub-13	60	Response	2	3714599	21310	1
sub-13	60	Pulse	255	3720429	27140	0
sub-13	61	Picture	62	3739338	10000	1	25227	1	10000	25000	hit	276
sub-13	61	Pulse	255	3740429	11091	0
sub-13	61	Response	2	3759479	30141	1
sub-13	61	Pulse	255	3760429	31091	0
sub-13	62	Picture	62	3775385	10000	1	25226	1	10000	25000	hit	280
sub-13	62	Pulse	255	3780429	15044	0
sub-13	62	Response	2	3794159	28774	1
sub-13	62	Pulse	255	3800459	35074	0
sub-13	63	Picture	62	3811435	10000	1	25226	1	10000	25000	hit	284
sub-13	63	Pulse	255	3820429	18995	0
sub-13	63	Response	2	3831349	29915	1
sub-13	64	Pulse	255	3840429	2941	0
sub-13	64	Picture	61	3847488	10000	1	25226	1	10000	25000	miss	0
sub-13	64	Pulse	255	3860429	22941	0
sub-13	65	Response	1	3874859	1325	1
sub-13	65	Pulse	255	3880429	6894	0
sub-13	65	Picture	61	3883535	10000	1	25226	1	10000	25000	hit	291
sub-13	65	Response	1	3892390	18855	1
sub-13	65	Pulse	255	3900429	26894	0
sub-13	66	Picture	Bfix	3908928	0	1	200226	1	0	200000	other	0
sub-13	66	Pulse	255	3920429	11502	0
sub-13	66	Pulse	255	3940429	31502	0
sub-13	66	Pulse	255	3960429	51502	0
sub-13	66	Pulse	255	3980429	71502	0
sub-13	66	Pulse	255	4000430	91502	0
sub-13	66	Pulse	255	4020430	111502	0
sub-13	66	Pulse	255	4040430	131502	0
sub-13	66	Pulse	255	4060430	151502	0
sub-13	66	Pulse	255	4080429	171502	0
sub-13	66	Pulse	255	4100430	191502	0
