Scenario - loca_mcse
Logfile written - 04/16/2019 14:02:02

Subject	Trial	Event Type	Code	Time	TTime	Uncertainty	Duration	Uncertainty	ReqTime	ReqDur	Stim Type	Pair Index

sub-15_2	0	Pulse	255	543233	543233	0
sub-15_2	1	Picture	Bfix	543461	0	1	200753	1	0	200000	other	0
sub-15_2	1	Pulse	255	563233	19772	0
sub-15_2	1	Pulse	255	583233	39771	0
sub-15_2	1	Pulse	255	603233	59772	0
sub-15_2	1	Pulse	255	623234	79772	0
sub-15_2	1	Pulse	255	643234	99772	0
sub-15_2	1	Pulse	255	663233	119772	0
sub-15_2	1	Pulse	255	683234	139772	0
sub-15_2	1	Pulse	255	703234	159772	0
sub-15_2	1	Pulse	255	723234	179772	0
sub-15_2	1	Pulse	255	743234	199773	0
sub-15_2	2	Picture	11	754213	10000	1	25226	1	10000	25000	hit	14
sub-15_2	2	Response	1	759734	15521	1
sub-15_2	2	Pulse	255	763234	19021	0
sub-15_2	3	Pulse	255	783234	3023	0
sub-15_2	3	Picture	12	790211	10000	1	25226	1	10000	25000	hit	18
sub-15_2	3	Response	2	796004	15793	1
sub-15_2	3	Pulse	255	803234	23023	0
sub-15_2	4	Pulse	255	823234	7026	0
sub-15_2	4	Picture	12	826208	10000	1	25226	1	10000	25000	hit	22
sub-15_2	4	Response	2	830814	14606	1
sub-15_2	4	Pulse	255	843234	27026	0
sub-15_2	5	Picture	11	862171	10000	1	25226	1	10000	25000	hit	26
sub-15_2	5	Pulse	255	863235	11063	0
sub-15_2	5	Response	1	865964	13793	1
sub-15_2	5	Pulse	255	883235	31064	0
sub-15_2	6	Picture	12	898167	10000	1	25226	1	10000	25000	hit	30
sub-15_2	6	Pulse	255	903235	15068	0
sub-15_2	6	Response	2	903554	15387	1
sub-15_2	6	Pulse	255	923245	35078	0
sub-15_2	7	Picture	12	934141	10000	1	25226	1	10000	25000	hit	33
sub-15_2	7	Response	2	939395	15254	1
sub-15_2	7	Pulse	255	943235	19094	0
sub-15_2	8	Pulse	255	963235	3043	0
sub-15_2	8	Picture	12	970192	10000	1	25226	1	10000	25000	hit	37
sub-15_2	8	Response	2	974605	14413	1
sub-15_2	8	Pulse	255	983235	23043	0
sub-15_2	9	Pulse	255	1003235	6999	0
sub-15_2	9	Picture	11	1006236	10000	1	25226	1	10000	25000	hit	41
sub-15_2	9	Response	1	1011365	15129	1
sub-15_2	9	Pulse	255	1023235	26999	0
sub-15_2	10	Picture	11	1042215	10000	1	25226	1	10000	25000	hit	45
sub-15_2	10	Pulse	255	1043235	11021	0
sub-15_2	10	Response	1	1049085	16870	1
sub-15_2	10	Pulse	255	1063235	31020	0
sub-15_2	11	Picture	11	1078258	10000	1	25226	1	10000	25000	hit	49
sub-15_2	11	Pulse	255	1083235	14977	0
sub-15_2	11	Response	1	1091696	23438	1
sub-15_2	11	Pulse	255	1103235	34978	0
sub-15_2	12	Picture	Bfix	1103650	0	1	200749	1	0	200000	other	0
sub-15_2	12	Pulse	255	1123235	19585	0
sub-15_2	12	Pulse	255	1143236	39585	0
sub-15_2	12	Pulse	255	1163236	59586	0
sub-15_2	12	Pulse	255	1183236	79586	0
sub-15_2	12	Pulse	255	1203236	99586	0
sub-15_2	12	Pulse	255	1223236	119586	0
sub-15_2	12	Pulse	255	1243236	139586	0
sub-15_2	12	Pulse	255	1263236	159586	0
sub-15_2	12	Pulse	255	1283236	179586	0
sub-15_2	12	Pulse	255	1303236	199586	0
sub-15_2	13	Picture	61	1314398	10000	1	25226	1	10000	25000	hit	64
sub-15_2	13	Pulse	255	1323236	18838	0
sub-15_2	13	Response	1	1335146	30748	1
sub-15_2	14	Pulse	255	1343237	2790	0
sub-15_2	14	Picture	62	1350447	10000	1	25226	1	10000	25000	hit	68
sub-15_2	14	Pulse	255	1363236	22790	0
sub-15_2	14	Response	2	1372316	31870	1
sub-15_2	15	Pulse	255	1383237	6747	0
sub-15_2	15	Picture	61	1386489	10000	1	25226	1	10000	25000	hit	71
sub-15_2	15	Response	1	1400296	23807	1
sub-15_2	15	Pulse	255	1403237	26747	0
sub-15_2	16	Picture	62	1422460	10000	1	25226	1	10000	25000	hit	75
sub-15_2	16	Pulse	255	1423236	10777	0
sub-15_2	16	Response	2	1430846	18386	1
sub-15_2	16	Pulse	255	1443237	30777	0
sub-15_2	17	Picture	61	1458502	10000	1	25226	1	10000	25000	hit	79
sub-15_2	17	Pulse	255	1463237	14735	0
sub-15_2	17	Response	1	1464797	16295	1
sub-15_2	17	Pulse	255	1483237	34735	0
sub-15_2	18	Picture	61	1494548	10000	1	25226	1	10000	25000	hit	83
sub-15_2	18	Pulse	255	1503237	18689	0
sub-15_2	18	Response	1	1505927	21379	1
sub-15_2	19	Pulse	255	1523237	2646	0
sub-15_2	19	Picture	62	1530591	10000	1	25226	1	10000	25000	hit	86
sub-15_2	19	Response	2	1542477	21886	1
sub-15_2	19	Pulse	255	1543237	22646	0
sub-15_2	20	Pulse	255	1563237	6602	0
sub-15_2	20	Picture	61	1566635	10000	1	25226	1	10000	25000	hit	90
sub-15_2	20	Response	1	1572537	15903	1
sub-15_2	20	Pulse	255	1583237	26603	0
sub-15_2	21	Picture	62	1602677	10000	1	25226	1	10000	25000	hit	95
sub-15_2	21	Pulse	255	1603238	10560	0
sub-15_2	21	Pulse	255	1623238	30560	0
sub-15_2	21	Response	2	1623297	30620	1
sub-15_2	22	Picture	62	1638729	10000	1	25226	1	10000	25000	hit	98
sub-15_2	22	Pulse	255	1643237	14508	0
sub-15_2	22	Response	2	1655258	26529	1
sub-15_2	22	Pulse	255	1663238	34509	0
sub-15_2	23	Picture	Bfix	1664121	0	1	200822	1	0	200000	other	0
sub-15_2	23	Pulse	255	1683238	19116	0
sub-15_2	23	Pulse	255	1703238	39116	0
sub-15_2	23	Pulse	255	1723238	59116	0
sub-15_2	23	Pulse	255	1743228	79106	0
sub-15_2	23	Pulse	255	1763228	99107	0
sub-15_2	23	Pulse	255	1783228	119107	0
sub-15_2	23	Pulse	255	1803228	139107	0
sub-15_2	23	Pulse	255	1823228	159107	0
sub-15_2	23	Pulse	255	1843229	179107	0
sub-15_2	23	Pulse	255	1863229	199107	0
sub-15_2	24	Picture	11	1874943	10000	1	25226	1	10000	25000	hit	112
sub-15_2	24	Response	1	1879939	14995	1
sub-15_2	24	Pulse	255	1883229	18285	0
sub-15_2	25	Pulse	255	1903229	2241	0
sub-15_2	25	Picture	12	1910988	10000	1	25226	1	10000	25000	hit	116
sub-15_2	25	Response	2	1914779	13791	1
sub-15_2	25	Pulse	255	1923228	22241	0
sub-15_2	26	Pulse	255	1943229	6198	0
sub-15_2	26	Picture	12	1947031	10000	1	25226	1	10000	25000	hit	120
sub-15_2	26	Response	2	1951479	14448	1
sub-15_2	26	Pulse	255	1963229	26198	0
sub-15_2	27	Picture	12	1983005	10000	1	25226	1	10000	25000	hit	124
sub-15_2	27	Pulse	255	1983229	10224	0
sub-15_2	27	Response	2	1987369	14364	1
sub-15_2	27	Pulse	255	2003229	30224	0
sub-15_2	28	Picture	11	2019056	10000	1	25226	1	10000	25000	hit	128
sub-15_2	28	Pulse	255	2023229	14174	0
sub-15_2	28	Response	1	2023959	14903	1
sub-15_2	28	Pulse	255	2043229	34174	0
sub-15_2	29	Picture	12	2055036	10000	1	25226	1	10000	25000	hit	131
sub-15_2	29	Response	2	2060859	15823	1
sub-15_2	29	Pulse	255	2063229	18193	0
sub-15_2	30	Pulse	255	2083229	2141	0
sub-15_2	30	Picture	11	2091088	10000	1	25226	1	10000	25000	hit	135
sub-15_2	30	Response	1	2100789	19701	1
sub-15_2	30	Pulse	255	2103230	22141	0
sub-15_2	31	Pulse	255	2123230	6171	0
sub-15_2	31	Picture	12	2127059	10000	1	25226	1	10000	25000	hit	139
sub-15_2	31	Response	2	2132230	15171	1
sub-15_2	31	Pulse	255	2143229	26171	0
sub-15_2	32	Picture	12	2163107	10000	1	25226	1	10000	25000	hit	143
sub-15_2	32	Pulse	255	2163230	10123	0
sub-15_2	32	Response	2	2169939	16832	1
sub-15_2	32	Pulse	255	2183229	30122	0
sub-15_2	33	Picture	11	2199084	10000	1	25226	1	10000	25000	hit	147
sub-15_2	33	Pulse	255	2203229	14146	0
sub-15_2	33	Response	1	2206589	17505	1
sub-15_2	33	Pulse	255	2223230	34146	0
sub-15_2	34	Picture	Bfix	2224477	0	1	200818	1	0	200000	other	0
sub-15_2	34	Pulse	255	2243230	18753	0
sub-15_2	34	Pulse	255	2263230	38754	0
sub-15_2	34	Pulse	255	2283230	58753	0
sub-15_2	34	Pulse	255	2303230	78753	0
sub-15_2	34	Pulse	255	2323230	98753	0
sub-15_2	34	Pulse	255	2343230	118753	0
sub-15_2	34	Pulse	255	2363230	138754	0
sub-15_2	34	Pulse	255	2383230	158754	0
sub-15_2	34	Pulse	255	2403231	178754	0
sub-15_2	34	Pulse	255	2423231	198754	0
sub-15_2	35	Picture	62	2435294	10000	1	25226	1	10000	25000	hit	162
sub-15_2	35	Pulse	255	2443231	17937	0
sub-15_2	35	Response	2	2447661	22366	1
sub-15_2	36	Pulse	255	2463231	1889	0
sub-15_2	36	Picture	62	2471342	10000	1	25227	1	10000	25000	hit	165
sub-15_2	36	Response	2	2481861	20519	1
sub-15_2	36	Pulse	255	2483231	21889	0
sub-15_2	37	Pulse	255	2503231	5846	0
sub-15_2	37	Picture	62	2507385	10000	1	25226	1	10000	25000	hit	169
sub-15_2	37	Response	2	2521181	23796	1
sub-15_2	37	Pulse	255	2523231	25846	0
sub-15_2	38	Pulse	255	2543265	9833	0
sub-15_2	38	Picture	62	2543432	10000	1	25226	1	10000	25000	hit	173
sub-15_2	38	Response	2	2557791	24359	1
sub-15_2	38	Pulse	255	2563231	29799	0
sub-15_2	39	Picture	62	2579479	10000	1	25226	1	10000	25000	hit	177
sub-15_2	39	Pulse	255	2583231	13753	0
sub-15_2	39	Response	2	2588951	19473	1
sub-15_2	39	Pulse	255	2603231	33753	0
sub-15_2	40	Picture	62	2615525	10000	1	25226	1	10000	25000	hit	180
sub-15_2	40	Response	2	2620622	15097	1
sub-15_2	40	Pulse	255	2623231	17707	0
sub-15_2	41	Pulse	255	2643232	1712	0
sub-15_2	41	Picture	62	2651520	10000	1	25226	1	10000	25000	hit	184
sub-15_2	41	Response	2	2656832	15312	1
sub-15_2	41	Pulse	255	2663232	21712	0
sub-15_2	42	Pulse	255	2683232	5665	0
sub-15_2	42	Picture	61	2687566	10000	1	25226	1	10000	25000	hit	189
sub-15_2	42	Pulse	255	2703232	25666	0
sub-15_2	42	Response	1	2705082	27515	1
sub-15_2	43	Pulse	255	2723232	9564	0
sub-15_2	43	Picture	61	2723668	10000	1	25226	1	10000	25000	hit	192
sub-15_2	43	Response	1	2734171	20504	1
sub-15_2	43	Pulse	255	2743232	29564	0
sub-15_2	44	Picture	61	2759711	10000	1	25226	1	10000	25000	hit	196
sub-15_2	44	Pulse	255	2763232	13522	0
sub-15_2	44	Response	1	2769972	20261	1
sub-15_2	44	Pulse	255	2783232	33521	0
sub-15_2	45	Picture	Bfix	2785103	0	1	200826	1	0	200000	other	0
sub-15_2	45	Pulse	255	2803232	18129	0
sub-15_2	45	Pulse	255	2823232	38129	0
sub-15_2	45	Pulse	255	2843232	58129	0
sub-15_2	45	Pulse	255	2863233	78129	0
sub-15_2	45	Pulse	255	2883233	98130	0
sub-15_2	45	Pulse	255	2903232	118129	0
sub-15_2	45	Pulse	255	2923233	138130	0
sub-15_2	45	Pulse	255	2943233	158130	0
sub-15_2	45	Pulse	255	2963233	178130	0
sub-15_2	45	Pulse	255	2983233	198129	0
sub-15_2	46	Picture	11	2995928	10000	1	25226	1	10000	25000	hit	211
sub-15_2	46	Pulse	255	3003233	17305	0
sub-15_2	46	Response	1	3003733	17804	1
sub-15_2	47	Pulse	255	3023233	1254	0
sub-15_2	47	Picture	12	3031979	10000	1	25226	1	10000	25000	hit	214
sub-15_2	47	Response	2	3036273	14294	1
sub-15_2	47	Pulse	255	3043233	21254	0
sub-15_2	48	Pulse	255	3063233	5212	0
sub-15_2	48	Picture	12	3068021	10000	1	25226	1	10000	25000	hit	218
sub-15_2	48	Response	2	3076473	18452	1
sub-15_2	48	Pulse	255	3083233	25212	0
sub-15_2	49	Pulse	255	3103233	9166	0
sub-15_2	49	Picture	12	3104067	10000	1	25226	1	10000	25000	hit	222
sub-15_2	49	Response	2	3108323	14256	1
sub-15_2	49	Pulse	255	3123234	29166	0
sub-15_2	50	Picture	12	3140118	10000	1	25226	1	10000	25000	hit	226
sub-15_2	50	Pulse	255	3143234	13116	0
sub-15_2	50	Response	2	3144254	14136	1
sub-15_2	50	Pulse	255	3163233	33116	0
sub-15_2	51	Picture	12	3176164	10000	1	25226	1	10000	25000	hit	229
sub-15_2	51	Response	2	3181044	14880	1
sub-15_2	51	Pulse	255	3183233	17069	0
sub-15_2	52	Pulse	255	3203234	1019	0
sub-15_2	52	Picture	11	3212215	10000	1	25226	1	10000	25000	hit	233
sub-15_2	52	Response	1	3217714	15499	1
sub-15_2	52	Pulse	255	3223234	21019	0
sub-15_2	53	Pulse	255	3243234	4974	0
sub-15_2	53	Picture	11	3248261	10000	1	25226	1	10000	25000	hit	237
sub-15_2	53	Response	1	3254184	15924	1
sub-15_2	53	Pulse	255	3263224	24964	0
sub-15_2	54	Pulse	255	3283224	8915	0
sub-15_2	54	Picture	11	3284308	10000	1	25226	1	10000	25000	hit	241
sub-15_2	54	Response	1	3296224	21916	1
sub-15_2	54	Pulse	255	3303224	28915	0
sub-15_2	55	Picture	12	3320357	10000	1	25226	1	10000	25000	hit	245
sub-15_2	55	Pulse	255	3323224	12867	0
sub-15_2	55	Response	2	3326684	16327	1
sub-15_2	55	Pulse	255	3343224	32867	0
sub-15_2	56	Picture	Bfix	3345750	0	1	200816	1	0	200000	other	0
sub-15_2	56	Pulse	255	3363225	17475	0
sub-15_2	56	Pulse	255	3383225	37475	0
sub-15_2	56	Pulse	255	3403225	57475	0
sub-15_2	56	Pulse	255	3423225	77475	0
sub-15_2	56	Pulse	255	3443225	97475	0
sub-15_2	56	Pulse	255	3463225	117475	0
sub-15_2	56	Pulse	255	3483224	137475	0
sub-15_2	56	Pulse	255	3503225	157475	0
sub-15_2	56	Pulse	255	3523225	177475	0
sub-15_2	56	Pulse	255	3543225	197475	0
sub-15_2	57	Picture	61	3556565	10000	1	25226	1	10000	25000	hit	260
sub-15_2	57	Pulse	255	3563225	16661	0
sub-15_2	57	Response	1	3570445	23881	1
sub-15_2	58	Pulse	255	3583225	685	0
sub-15_2	58	Picture	61	3592540	10000	1	25226	1	10000	25000	hit	263
sub-15_2	58	Response	1	3598975	16436	1
sub-15_2	58	Pulse	255	3603225	20685	0
sub-15_2	59	Pulse	255	3623226	4709	0
sub-15_2	59	Picture	62	3628517	10000	1	25226	1	10000	25000	hit	267
sub-15_2	59	Response	2	3636526	18009	1
sub-15_2	59	Pulse	255	3643226	24709	0
sub-15_2	60	Pulse	255	3663225	8662	0
sub-15_2	60	Picture	62	3664564	10000	1	25226	1	10000	25000	hit	271
sub-15_2	60	Response	2	3672536	17972	1
sub-15_2	60	Pulse	255	3683226	28662	0
sub-15_2	61	Picture	61	3700556	10000	1	25226	1	10000	25000	hit	275
sub-15_2	61	Pulse	255	3703226	12669	0
sub-15_2	61	Response	1	3714866	24310	1
sub-15_2	61	Pulse	255	3723226	32670	0
sub-15_2	62	Picture	61	3736599	10000	1	25226	1	10000	25000	hit	279
sub-15_2	62	Pulse	255	3743226	16628	0
sub-15_2	62	Response	1	3754946	28347	1
sub-15_2	63	Pulse	255	3763226	584	0
sub-15_2	63	Picture	62	3772642	10000	1	25226	1	10000	25000	hit	282
sub-15_2	63	Response	2	3780226	17584	1
sub-15_2	63	Pulse	255	3783226	20584	0
sub-15_2	64	Pulse	255	3803226	4542	0
sub-15_2	64	Picture	61	3808685	10000	1	25226	1	10000	25000	hit	286
sub-15_2	64	Response	1	3820106	21421	1
sub-15_2	64	Pulse	255	3823226	24542	0
sub-15_2	65	Pulse	255	3843226	8495	0
sub-15_2	65	Picture	61	3844731	10000	1	25226	1	10000	25000	hit	290
sub-15_2	65	Response	1	3854576	19845	1
sub-15_2	65	Pulse	255	3863227	28495	0
sub-15_2	66	Picture	62	3880700	10000	1	25226	1	10000	25000	hit	294
sub-15_2	66	Pulse	255	3883226	12526	0
sub-15_2	66	Response	2	3889656	18956	1
sub-15_2	66	Pulse	255	3903227	32526	0
sub-15_2	67	Picture	Bfix	3906093	0	1	213520	1	0	200000	other	0
sub-15_2	67	Pulse	255	3923227	17134	0
sub-15_2	67	Pulse	255	3943227	37134	0
sub-15_2	67	Pulse	255	3963227	57134	0
sub-15_2	67	Pulse	255	3983227	77134	0
sub-15_2	67	Pulse	255	4003227	97134	0
sub-15_2	67	Pulse	255	4023227	117134	0
sub-15_2	67	Pulse	255	4043227	137134	0
sub-15_2	67	Pulse	255	4063227	157134	0
