Scenario - loca_mcse
Logfile written - 07/02/2018 10:12:56

Subject	Trial	Event Type	Code	Time	TTime	Uncertainty	Duration	Uncertainty	ReqTime	ReqDur	Stim Type	Pair Index

sub-06_1	0	Pulse	255	727292	727292	0
sub-06_1	1	Picture	Bfix	727520	0	1	201014	1	0	200000	other	0
sub-06_1	1	Pulse	255	747292	19772	0
sub-06_1	1	Pulse	255	767293	39772	0
sub-06_1	1	Pulse	255	787292	59772	0
sub-06_1	1	Pulse	255	807292	79771	0
sub-06_1	1	Pulse	255	827292	99772	0
sub-06_1	1	Pulse	255	847292	119772	0
sub-06_1	1	Pulse	255	867292	139772	0
sub-06_1	1	Pulse	255	887292	159772	0
sub-06_1	1	Pulse	255	907292	179772	0
sub-06_1	1	Pulse	255	927292	199772	0
sub-06_1	2	Picture	11	938533	10000	1	25226	1	10000	25000	hit	14
sub-06_1	2	Response	1	944683	16149	1
sub-06_1	2	Pulse	255	947292	18759	0
sub-06_1	3	Pulse	255	967293	2801	0
sub-06_1	3	Picture	11	974492	10000	1	25226	1	10000	25000	hit	18
sub-06_1	3	Response	1	979483	14991	1
sub-06_1	3	Pulse	255	987292	22801	0
sub-06_1	4	Pulse	255	1007293	6575	0
sub-06_1	4	Picture	12	1010718	10000	1	25226	1	10000	25000	hit	22
sub-06_1	4	Response	2	1014333	13615	1
sub-06_1	4	Pulse	255	1027293	26575	0
sub-06_1	5	Picture	11	1046957	10000	1	25226	1	10000	25000	hit	26
sub-06_1	5	Pulse	255	1047293	10335	0
sub-06_1	5	Response	1	1051032	14075	1
sub-06_1	5	Pulse	255	1067293	30336	0
sub-06_1	6	Picture	11	1083190	10000	1	25226	1	10000	25000	hit	30
sub-06_1	6	Pulse	255	1087293	14103	0
sub-06_1	6	Response	1	1087522	14333	1
sub-06_1	6	Pulse	255	1107293	34103	0
sub-06_1	7	Picture	11	1119313	10000	1	25226	1	10000	25000	hit	33
sub-06_1	7	Response	1	1124013	14700	1
sub-06_1	7	Pulse	255	1127293	17980	0
sub-06_1	8	Pulse	255	1147293	1957	0
sub-06_1	8	Picture	11	1155336	10000	1	25226	1	10000	25000	hit	37
sub-06_1	8	Response	1	1160673	15337	1
sub-06_1	8	Pulse	255	1167293	21957	0
sub-06_1	9	Pulse	255	1187293	5904	0
sub-06_1	9	Picture	12	1191389	10000	1	25226	1	10000	25000	hit	41
sub-06_1	9	Response	2	1196163	14774	1
sub-06_1	9	Pulse	255	1207294	25905	0
sub-06_1	10	Pulse	255	1227293	9632	0
sub-06_1	10	Picture	11	1227661	10000	1	25226	1	10000	25000	hit	45
sub-06_1	10	Response	1	1232314	14653	1
sub-06_1	10	Pulse	255	1247294	29633	0
sub-06_1	11	Picture	11	1263956	10000	1	25226	1	10000	25000	hit	49
sub-06_1	11	Pulse	255	1267294	13338	0
sub-06_1	11	Response	1	1268773	14817	1
sub-06_1	11	Pulse	255	1287294	33338	0
sub-06_1	12	Picture	Bfix	1289348	0	1	200226	1	0	200000	other	0
sub-06_1	12	Pulse	255	1307294	17945	0
sub-06_1	12	Pulse	255	1327293	37945	0
sub-06_1	12	Pulse	255	1347294	57945	0
sub-06_1	12	Pulse	255	1367294	77946	0
sub-06_1	12	Pulse	255	1387294	97946	0
sub-06_1	12	Pulse	255	1407294	117945	0
sub-06_1	12	Pulse	255	1427294	137946	0
sub-06_1	12	Pulse	255	1447294	157946	0
sub-06_1	12	Pulse	255	1467294	177945	0
sub-06_1	12	Pulse	255	1487295	197946	0
sub-06_1	13	Picture	61	1500592	10000	1	25226	1	10000	25000	hit	64
sub-06_1	13	Pulse	255	1507294	16703	0
sub-06_1	13	Response	1	1517344	26753	1
sub-06_1	14	Pulse	255	1527294	292	0
sub-06_1	14	Picture	62	1537002	10000	1	25226	1	10000	25000	hit	68
sub-06_1	14	Pulse	255	1547294	20292	0
sub-06_1	14	Response	2	1550224	23222	1
sub-06_1	15	Pulse	255	1567295	4041	0
sub-06_1	15	Picture	61	1573254	10000	1	25226	1	10000	25000	hit	71
sub-06_1	15	Response	1	1579165	15910	1
sub-06_1	15	Pulse	255	1587295	24040	0
sub-06_1	16	Pulse	255	1607294	7942	0
sub-06_1	16	Picture	61	1609352	10000	1	25226	1	10000	25000	hit	75
sub-06_1	16	Response	1	1619585	20232	1
sub-06_1	16	Pulse	255	1627294	27942	0
sub-06_1	17	Picture	61	1645386	10000	1	25226	1	10000	25000	hit	79
sub-06_1	17	Pulse	255	1647295	11909	0
sub-06_1	17	Response	1	1652225	16839	1
sub-06_1	17	Pulse	255	1667295	31909	0
sub-06_1	18	Picture	62	1681613	10000	1	25226	1	10000	25000	hit	83
sub-06_1	18	Pulse	255	1687294	15682	0
sub-06_1	18	Response	2	1692935	21322	1
sub-06_1	18	Pulse	255	1706839	35227	457
sub-06_1	19	Picture	62	1717744	10000	1	25226	1	10000	25000	hit	87
sub-06_1	19	Pulse	255	1727295	19551	0
sub-06_1	19	Response	2	1730245	22500	1
sub-06_1	20	Pulse	255	1747295	3597	0
sub-06_1	20	Picture	61	1753698	10000	1	25226	1	10000	25000	hit	90
sub-06_1	20	Response	1	1763625	19927	1
sub-06_1	20	Pulse	255	1767295	23596	0
sub-06_1	21	Pulse	255	1787295	7458	0
sub-06_1	21	Picture	61	1789837	10000	1	25226	1	10000	25000	hit	94
sub-06_1	21	Response	1	1798784	18947	1
sub-06_1	21	Pulse	255	1807294	27457	0
sub-06_1	22	Picture	62	1825964	10000	1	25226	1	10000	25000	hit	98
sub-06_1	22	Pulse	255	1827295	11332	0
sub-06_1	22	Response	2	1835425	19461	1
sub-06_1	22	Pulse	255	1847295	31332	0
sub-06_1	23	Picture	Bfix	1851356	0	1	201064	1	0	200000	other	0
sub-06_1	23	Pulse	255	1867295	15939	0
sub-06_1	23	Pulse	255	1887295	35939	0
sub-06_1	23	Pulse	255	1907296	55939	0
sub-06_1	23	Pulse	255	1927295	75939	0
sub-06_1	23	Pulse	255	1947296	95939	0
sub-06_1	23	Pulse	255	1967296	115940	0
sub-06_1	23	Pulse	255	1987296	135939	0
sub-06_1	23	Pulse	255	2007296	155940	0
sub-06_1	23	Pulse	255	2027296	175939	0
sub-06_1	23	Pulse	255	2047296	195940	0
sub-06_1	24	Picture	11	2062419	10000	1	25226	1	10000	25000	hit	112
sub-06_1	24	Response	1	2067125	14706	1
sub-06_1	24	Pulse	255	2067295	14876	0
sub-06_1	24	Pulse	255	2087296	34877	0
sub-06_1	25	Picture	11	2098647	10000	1	25226	1	10000	25000	hit	116
sub-06_1	25	Response	1	2103606	14959	1
sub-06_1	25	Pulse	255	2107296	18649	0
sub-06_1	26	Pulse	255	2127296	2621	0
sub-06_1	26	Picture	11	2134675	10000	1	25226	1	10000	25000	hit	120
sub-06_1	26	Response	1	2139345	14670	1
sub-06_1	26	Pulse	255	2147296	22621	0
sub-06_1	27	Pulse	255	2167297	6664	0
sub-06_1	27	Picture	12	2170633	10000	1	25226	1	10000	25000	hit	124
sub-06_1	27	Response	2	2176526	15893	1
sub-06_1	27	Pulse	255	2187286	26653	0
sub-06_1	28	Picture	11	2207127	10000	1	25226	1	10000	25000	hit	128
sub-06_1	28	Pulse	255	2207286	10160	0
sub-06_1	28	Response	1	2212106	14980	1
sub-06_1	28	Pulse	255	2227286	30159	0
sub-06_1	29	Picture	11	2243089	10000	1	25226	1	10000	25000	hit	132
sub-06_1	29	Pulse	255	2247286	14197	0
sub-06_1	29	Response	1	2247705	14616	1
sub-06_1	29	Pulse	255	2267286	34197	0
sub-06_1	30	Picture	11	2279129	10000	1	25226	1	10000	25000	hit	135
sub-06_1	30	Response	1	2283397	14267	1
sub-06_1	30	Pulse	255	2287286	18157	0
sub-06_1	31	Pulse	255	2307286	2036	0
sub-06_1	31	Picture	12	2315251	10000	1	25226	1	10000	25000	hit	139
sub-06_1	31	Response	2	2319067	13816	1
sub-06_1	31	Pulse	255	2327288	22037	0
sub-06_1	32	Pulse	255	2347287	5987	0
sub-06_1	32	Picture	11	2351300	10000	1	25226	1	10000	25000	hit	143
sub-06_1	32	Response	1	2355487	14187	1
sub-06_1	32	Pulse	255	2367287	25986	0
sub-06_1	33	Picture	12	2387261	10000	1	25226	1	10000	25000	hit	147
sub-06_1	33	Pulse	255	2387286	10025	0
sub-06_1	33	Response	2	2392637	15376	1
sub-06_1	33	Pulse	255	2407286	30026	0
sub-06_1	34	Picture	Bfix	2412653	0	1	201017	1	0	200000	other	0
sub-06_1	34	Pulse	255	2427287	14634	0
sub-06_1	34	Pulse	255	2447287	34633	0
sub-06_1	34	Pulse	255	2467287	54633	0
sub-06_1	34	Pulse	255	2487287	74633	0
sub-06_1	34	Pulse	255	2507287	94634	0
sub-06_1	34	Pulse	255	2527288	114634	0
sub-06_1	34	Pulse	255	2547287	134634	0
sub-06_1	34	Pulse	255	2567287	154634	0
sub-06_1	34	Pulse	255	2587287	174634	0
sub-06_1	34	Pulse	255	2607288	194635	0
sub-06_1	35	Picture	61	2623669	10000	1	25226	1	10000	25000	hit	162
sub-06_1	35	Pulse	255	2627287	13618	0
sub-06_1	35	Response	1	2631437	17768	1
sub-06_1	35	Pulse	255	2647287	33618	0
sub-06_1	36	Picture	62	2660152	10000	1	25226	1	10000	25000	hit	166
sub-06_1	36	Pulse	255	2667288	17136	0
sub-06_1	36	Response	2	2670767	20616	1
sub-06_1	37	Pulse	255	2687288	875	0
sub-06_1	37	Picture	61	2696413	10000	1	25226	1	10000	25000	hit	169
sub-06_1	37	Response	1	2704797	18384	1
sub-06_1	37	Pulse	255	2707287	20874	0
sub-06_1	38	Pulse	255	2727288	4647	0
sub-06_1	38	Picture	61	2732641	10000	1	25226	1	10000	25000	hit	173
sub-06_1	38	Response	1	2738468	15827	1
sub-06_1	38	Pulse	255	2747288	24647	0
sub-06_1	39	Pulse	255	2767287	8475	0
sub-06_1	39	Picture	62	2768812	10000	1	25226	1	10000	25000	hit	177
sub-06_1	39	Response	2	2775088	16276	1
sub-06_1	39	Pulse	255	2787288	28475	0
sub-06_1	40	Picture	61	2805039	10000	1	25226	1	10000	25000	hit	181
sub-06_1	40	Pulse	255	2807288	12249	0
sub-06_1	40	Response	1	2814608	19570	1
sub-06_1	40	Pulse	255	2827288	32249	0
sub-06_1	41	Picture	62	2841135	10000	1	25226	1	10000	25000	hit	185
sub-06_1	41	Pulse	255	2847288	16153	0
sub-06_1	41	Response	2	2849558	18423	1
sub-06_1	42	Pulse	255	2867288	86	0
sub-06_1	42	Picture	61	2877202	10000	1	25226	1	10000	25000	hit	188
sub-06_1	42	Response	1	2886338	19136	1
sub-06_1	42	Pulse	255	2887287	20085	0
sub-06_1	43	Pulse	255	2907288	3789	0
sub-06_1	43	Picture	62	2913499	10000	1	25226	1	10000	25000	hit	192
sub-06_1	43	Response	2	2923228	19729	1
sub-06_1	43	Pulse	255	2927288	23789	0
sub-06_1	44	Pulse	255	2947288	7833	0
sub-06_1	44	Picture	61	2949456	10000	1	25226	1	10000	25000	incorrect	196
sub-06_1	44	Response	2	2965139	25683	1
sub-06_1	44	Pulse	255	2967288	27833	0
sub-06_1	45	Picture	Bfix	2974849	0	1	201062	1	0	200000	other	0
sub-06_1	45	Pulse	255	2987288	12440	0
sub-06_1	45	Pulse	255	3007289	32440	0
sub-06_1	45	Pulse	255	3027289	52440	0
sub-06_1	45	Pulse	255	3047288	72440	0
sub-06_1	45	Pulse	255	3067289	92440	0
sub-06_1	45	Pulse	255	3087289	112440	0
sub-06_1	45	Pulse	255	3107289	132440	0
sub-06_1	45	Pulse	255	3127289	152441	0
sub-06_1	45	Pulse	255	3147288	172440	0
sub-06_1	45	Pulse	255	3167289	192440	0
sub-06_1	46	Picture	12	3185910	10000	1	25226	1	10000	25000	hit	211
sub-06_1	46	Pulse	255	3187289	11379	0
sub-06_1	46	Response	2	3193119	17209	1
sub-06_1	46	Pulse	255	3207289	31379	0
sub-06_1	47	Picture	11	3222188	10000	1	25226	1	10000	25000	hit	214
sub-06_1	47	Response	1	3226859	14671	1
sub-06_1	47	Pulse	255	3227289	15100	0
sub-06_1	47	Pulse	255	3247290	35101	0
sub-06_1	48	Picture	11	3258336	10000	1	25226	1	10000	25000	hit	218
sub-06_1	48	Response	1	3262429	14094	1
sub-06_1	48	Pulse	255	3267289	18954	0
sub-06_1	49	Pulse	255	3287289	2556	0
sub-06_1	49	Picture	12	3294733	10000	1	25226	1	10000	25000	hit	222
sub-06_1	49	Response	2	3299259	14526	1
sub-06_1	49	Pulse	255	3307289	22556	0
sub-06_1	50	Pulse	255	3327289	6449	0
sub-06_1	50	Picture	12	3330840	10000	1	25226	1	10000	25000	hit	226
sub-06_1	50	Response	2	3336290	15450	1
sub-06_1	50	Pulse	255	3347289	26450	0
sub-06_1	51	Picture	12	3367071	10000	1	25226	1	10000	25000	hit	230
sub-06_1	51	Pulse	255	3367289	10218	0
sub-06_1	51	Response	2	3372890	15819	1
sub-06_1	51	Pulse	255	3387290	30219	0
sub-06_1	52	Picture	12	3403190	10000	1	25226	1	10000	25000	hit	234
sub-06_1	52	Pulse	255	3407290	14100	0
sub-06_1	52	Response	2	3407639	14450	1
sub-06_1	52	Pulse	255	3427289	34100	0
sub-06_1	53	Picture	12	3439269	10000	1	25226	1	10000	25000	hit	237
sub-06_1	53	Response	2	3443030	13760	1
sub-06_1	53	Pulse	255	3447290	18020	0
sub-06_1	54	Pulse	255	3467290	1923	0
sub-06_1	54	Picture	12	3475367	10000	1	25226	1	10000	25000	hit	241
sub-06_1	54	Response	2	3480270	14903	1
sub-06_1	54	Pulse	255	3487290	21923	0
sub-06_1	55	Picture	Bfix	3500759	0	1	201032	1	0	200000	other	0
sub-06_1	55	Pulse	255	3507289	6530	0
sub-06_1	55	Pulse	255	3527290	26531	0
sub-06_1	55	Pulse	255	3547290	46531	0
sub-06_1	55	Pulse	255	3567290	66530	0
sub-06_1	55	Pulse	255	3587290	86531	0
sub-06_1	55	Pulse	255	3607290	106531	0
sub-06_1	55	Pulse	255	3627290	126531	0
sub-06_1	55	Pulse	255	3647290	146531	0
sub-06_1	55	Pulse	255	3667290	166531	0
sub-06_1	55	Pulse	255	3687291	186531	0
sub-06_1	56	Pulse	255	3707290	5500	0
sub-06_1	56	Picture	62	3711790	10000	1	25226	1	10000	25000	hit	256
sub-06_1	56	Response	2	3722450	20659	1
sub-06_1	56	Pulse	255	3727290	25500	0
sub-06_1	57	Pulse	255	3747290	9275	0
sub-06_1	57	Picture	61	3748015	10000	1	25226	1	10000	25000	incorrect	260
sub-06_1	57	Response	2	3764040	26025	1
sub-06_1	57	Pulse	255	3767291	29275	0
sub-06_1	58	Picture	61	3784141	10000	1	25226	1	10000	25000	hit	264
sub-06_1	58	Pulse	255	3787291	13149	0
sub-06_1	58	Response	1	3789891	15749	1
sub-06_1	58	Pulse	255	3807290	33149	0
sub-06_1	59	Picture	62	3820331	10000	1	25226	1	10000	25000	hit	268
sub-06_1	59	Pulse	255	3827291	16959	0
sub-06_1	59	Response	2	3834221	23890	1
sub-06_1	60	Pulse	255	3847290	831	0
sub-06_1	60	Picture	62	3856458	10000	1	25226	1	10000	25000	hit	271
sub-06_1	60	Response	2	3866621	20163	1
sub-06_1	60	Pulse	255	3867290	20832	0
sub-06_1	61	Pulse	255	3887291	4874	0
sub-06_1	61	Picture	62	3892417	10000	1	25226	1	10000	25000	hit	275
sub-06_1	61	Response	2	3906821	24404	1
sub-06_1	61	Pulse	255	3907290	24873	0
sub-06_1	62	Pulse	255	3927291	8623	0
sub-06_1	62	Picture	62	3928668	10000	1	25227	1	10000	25000	hit	279
sub-06_1	62	Response	2	3935341	16673	1
sub-06_1	62	Pulse	255	3947291	28623	0
sub-06_1	63	Picture	62	3964797	10000	1	25226	1	10000	25000	hit	283
sub-06_1	63	Pulse	255	3967291	12494	0
sub-06_1	63	Response	2	3980721	25923	1
sub-06_1	63	Pulse	255	3987291	32494	0
sub-06_1	64	Picture	61	4000922	10000	1	25226	1	10000	25000	hit	287
sub-06_1	64	Pulse	255	4007291	16369	0
sub-06_1	64	Response	1	4015971	25049	1
sub-06_1	65	Pulse	255	4027291	59	0
sub-06_1	65	Picture	61	4037233	10000	1	25226	1	10000	25000	hit	290
sub-06_1	65	Response	1	4046741	19508	1
sub-06_1	65	Pulse	255	4047291	20058	0
sub-06_1	66	Picture	Bfix	4062625	0	1	212152	1	0	200000	other	0
sub-06_1	66	Pulse	255	4067291	4666	0
sub-06_1	66	Pulse	255	4087291	24666	0
sub-06_1	66	Pulse	255	4107291	44666	0
sub-06_1	66	Pulse	255	4127291	64666	0
sub-06_1	66	Pulse	255	4147292	84666	0
sub-06_1	66	Pulse	255	4167291	104666	0
sub-06_1	66	Pulse	255	4187292	124666	0
sub-06_1	66	Pulse	255	4207292	144666	0
sub-06_1	66	Pulse	255	4227293	164667	0
sub-06_1	66	Pulse	255	4247292	184666	0
