Scenario - loca_mcse_ts
Logfile written - 11/26/2018 17:21:59

Subject	Trial	Event Type	Code	Time	TTime	Uncertainty	Duration	Uncertainty	ReqTime	ReqDur	Stim Type	Pair Index

sub-13	0	Pulse	255	31011	31011	0
sub-13	2	Picture	Bfix	41146	0	1	200727	1	0	200000	other	0
sub-13	3	Picture	11	251872	10000	1	25065	1	10000	25000	miss	0
sub-13	4	Picture	12	287588	10000	1	25065	1	10000	25000	miss	0
sub-13	5	Picture	11	323311	10000	1	25065	1	10000	25000	miss	0
sub-13	6	Response	2	354061	5110	1
sub-13	6	Picture	12	358951	10000	1	25065	1	10000	25000	incorrect	8
sub-13	6	Response	1	371863	22912	1
sub-13	7	Picture	11	394735	10000	1	25065	1	10000	25000	hit	10
sub-13	7	Response	2	400426	15691	1
sub-13	8	Picture	Bfix	419967	0	1	200651	1	0	200000	other	0
sub-13	9	Picture	61	630617	10000	1	25065	1	10000	25000	hit	13
sub-13	9	Response	2	652638	32021	1
sub-13	10	Picture	62	666436	10000	1	25065	1	10000	25000	miss	0
sub-13	11	Picture	61	702187	10000	1	25065	1	10000	25000	hit	16
sub-13	11	Response	2	725195	33009	1
sub-13	12	Picture	61	737969	10000	1	25065	1	10000	25000	hit	18
sub-13	12	Response	2	756482	28513	1
sub-13	13	Picture	61	773691	10000	1	25065	1	10000	25000	hit	20
sub-13	13	Response	2	793579	29888	1
sub-13	14	Picture	Bfix	798923	0	1	200697	1	0	200000	other	0
sub-13	15	Picture	11	1009619	10000	1	25065	1	10000	25000	hit	23
sub-13	15	Response	2	1029339	29719	1
sub-13	16	Picture	11	1045399	10000	1	25065	1	10000	25000	hit	25
sub-13	16	Response	2	1054701	19302	1
sub-13	17	Picture	11	1081404	10000	1	25065	1	10000	25000	hit	27
sub-13	17	Response	2	1088907	17504	1
sub-13	18	Picture	12	1117237	10000	1	25065	1	10000	25000	incorrect	29
sub-13	18	Response	1	1127257	20021	1
sub-13	19	Picture	11	1153355	10000	1	25155	1	10000	25000	hit	31
sub-13	19	Response	2	1162311	18956	1
sub-13	20	Picture	Bfix	1178676	0	1	200878	1	0	200000	other	0
sub-13	21	Picture	61	1389553	10000	1	25065	1	10000	25000	hit	34
sub-13	21	Response	2	1410566	31013	1
sub-13	22	Picture	62	1425308	10000	1	25065	1	10000	25000	incorrect	36
sub-13	22	Response	1	1437766	22458	1
sub-13	23	Picture	61	1461088	10000	1	25065	1	10000	25000	hit	38
sub-13	23	Response	2	1471368	20280	1
sub-13	24	Picture	61	1496874	10000	1	25065	1	10000	25000	miss	0
sub-13	25	Response	2	1522953	294	1
sub-13	25	Picture	62	1532660	10000	1	25065	1	10000	25000	incorrect	42
sub-13	25	Response	1	1542711	20051	1
sub-13	26	Picture	Bfix	1557892	0	1	206350	1	0	200000	other	0
