Scenario - loca_moto_bis
Logfile written - 05/17/2018 11:57:30

Subject	Trial	Event Type	Code	Time	TTime	Uncertainty	Duration	Uncertainty	ReqTime	ReqDur	Stim Type	Pair Index

MRI_pilot_01_2	0	Pulse	255	1033954	1033954	0
MRI_pilot_01_2	1	Picture	Ins_repos	1034182	0	1	40226	1	0	40000	other	0
MRI_pilot_01_2	1	Pulse	255	1053954	19772	0
MRI_pilot_01_2	1	Pulse	255	1073953	39771	0
MRI_pilot_01_2	1	Pulse	255	1093953	59771	0
MRI_pilot_01_2	2	Picture	71	1094409	0	1	10226	1	0	10000	other	0
MRI_pilot_01_2	2	Pulse	255	1113954	19545	0
MRI_pilot_01_2	3	Picture	71	1119636	0	1	10226	1	0	10000	other	0
MRI_pilot_01_2	3	Pulse	255	1133954	14318	0
MRI_pilot_01_2	4	Picture	71	1144863	0	1	10226	1	0	10000	other	0
MRI_pilot_01_2	4	Pulse	255	1153954	9092	0
MRI_pilot_01_2	5	Picture	71	1170089	0	1	10226	1	0	10000	other	0
MRI_pilot_01_2	5	Pulse	255	1173954	3865	0
MRI_pilot_01_2	5	Pulse	255	1193954	23864	0
MRI_pilot_01_2	6	Picture	71	1195316	0	1	10226	1	0	10000	other	0
MRI_pilot_01_2	6	Pulse	255	1213954	18638	0
MRI_pilot_01_2	7	Picture	71	1220543	0	1	10226	1	0	10000	other	0
MRI_pilot_01_2	7	Pulse	255	1233954	13412	0
MRI_pilot_01_2	8	Picture	71	1245769	0	1	10226	1	0	10000	other	0
MRI_pilot_01_2	8	Pulse	255	1253954	8185	0
MRI_pilot_01_2	9	Picture	71	1270996	0	1	10226	1	0	10000	other	0
MRI_pilot_01_2	9	Pulse	255	1273955	2958	0
MRI_pilot_01_2	9	Pulse	255	1293954	22958	0
MRI_pilot_01_2	10	Picture	71	1296223	0	1	10226	1	0	10000	other	0
MRI_pilot_01_2	10	Pulse	255	1313954	17731	0
MRI_pilot_01_2	11	Picture	71	1321450	0	1	10226	1	0	10000	other	0
MRI_pilot_01_2	11	Pulse	255	1333954	12504	0
MRI_pilot_01_2	12	Picture	72	1346677	0	1	10226	1	0	10000	other	0
MRI_pilot_01_2	12	Pulse	255	1353945	7268	0
MRI_pilot_01_2	13	Picture	72	1371903	0	1	10226	1	0	10000	other	0
MRI_pilot_01_2	13	Pulse	255	1373944	2041	0
MRI_pilot_01_2	13	Pulse	255	1393944	22041	0
MRI_pilot_01_2	14	Picture	72	1397130	0	1	10226	1	0	10000	other	0
MRI_pilot_01_2	14	Pulse	255	1413944	16814	0
MRI_pilot_01_2	15	Picture	72	1422357	0	1	10226	1	0	10000	other	0
MRI_pilot_01_2	15	Pulse	255	1433945	11588	0
MRI_pilot_01_2	16	Picture	72	1447583	0	1	10226	1	0	10000	other	0
MRI_pilot_01_2	16	Pulse	255	1453945	6361	0
MRI_pilot_01_2	17	Picture	72	1472810	0	1	10226	1	0	10000	other	0
MRI_pilot_01_2	17	Pulse	255	1473944	1133	1
MRI_pilot_01_2	17	Pulse	255	1493944	21134	0
MRI_pilot_01_2	18	Picture	72	1498037	0	1	10226	1	0	10000	other	0
MRI_pilot_01_2	18	Pulse	255	1513945	15908	0
MRI_pilot_01_2	19	Picture	72	1523264	0	1	10226	1	0	10000	other	0
MRI_pilot_01_2	19	Pulse	255	1533945	10681	0
MRI_pilot_01_2	20	Picture	72	1548491	0	1	10226	1	0	10000	other	0
MRI_pilot_01_2	20	Pulse	255	1553945	5454	0
MRI_pilot_01_2	21	Picture	72	1573717	0	1	10226	1	0	10000	other	0
MRI_pilot_01_2	21	Pulse	255	1573945	228	0
MRI_pilot_01_2	21	Pulse	255	1593945	20228	0
MRI_pilot_01_2	22	Picture	Bfix	1598944	0	1	30228	1	0	30000	other	0
MRI_pilot_01_2	22	Pulse	255	1613945	15001	0
MRI_pilot_01_2	23	Picture	Ins_bouche	1629172	0	1	40226	1	0	40000	other	0
MRI_pilot_01_2	23	Pulse	255	1633945	4772	0
MRI_pilot_01_2	23	Pulse	255	1653945	24773	0
MRI_pilot_01_2	23	Pulse	255	1673945	44772	0
MRI_pilot_01_2	24	Picture	61	1689399	0	1	10226	1	0	10000	other	0
MRI_pilot_01_2	24	Pulse	255	1693945	4546	0
MRI_pilot_01_2	24	Pulse	255	1713945	24546	0
MRI_pilot_01_2	25	Picture	61	1714626	0	1	10226	1	0	10000	other	0
MRI_pilot_01_2	25	Pulse	255	1733945	19320	0
MRI_pilot_01_2	26	Picture	61	1739852	0	1	10226	1	0	10000	other	0
MRI_pilot_01_2	26	Pulse	255	1753946	14093	0
MRI_pilot_01_2	27	Picture	61	1765079	0	1	10226	1	0	10000	other	0
MRI_pilot_01_2	27	Pulse	255	1773946	8866	0
MRI_pilot_01_2	28	Picture	61	1790306	0	1	10226	1	0	10000	other	0
MRI_pilot_01_2	28	Pulse	255	1793945	3639	0
MRI_pilot_01_2	28	Pulse	255	1813945	23639	0
MRI_pilot_01_2	29	Picture	61	1815533	0	1	10226	1	0	10000	other	0
MRI_pilot_01_2	29	Pulse	255	1833945	18412	0
MRI_pilot_01_2	30	Picture	61	1840759	0	1	10226	1	0	10000	other	0
MRI_pilot_01_2	30	Pulse	255	1853946	13186	0
MRI_pilot_01_2	31	Picture	61	1865986	0	1	10226	1	0	10000	other	0
MRI_pilot_01_2	31	Pulse	255	1873945	7959	0
MRI_pilot_01_2	32	Picture	61	1891213	0	1	10226	1	0	10000	other	0
MRI_pilot_01_2	32	Pulse	255	1893946	2733	0
MRI_pilot_01_2	32	Pulse	255	1913945	22733	0
MRI_pilot_01_2	33	Picture	61	1916440	0	1	10226	1	0	10000	other	0
MRI_pilot_01_2	33	Pulse	255	1933946	17506	0
MRI_pilot_01_2	34	Picture	62	1941667	0	1	10226	1	0	10000	other	0
MRI_pilot_01_2	34	Pulse	255	1953946	12280	0
MRI_pilot_01_2	35	Picture	62	1966893	0	1	10225	1	0	10000	other	0
MRI_pilot_01_2	35	Pulse	255	1973946	7053	0
MRI_pilot_01_2	36	Picture	62	1992120	0	1	10226	1	0	10000	other	0
MRI_pilot_01_2	36	Pulse	255	1993946	1826	0
MRI_pilot_01_2	36	Pulse	255	2013946	21826	0
MRI_pilot_01_2	37	Picture	62	2017347	0	1	10226	1	0	10000	other	0
MRI_pilot_01_2	37	Pulse	255	2033946	16599	0
MRI_pilot_01_2	38	Picture	62	2042573	0	1	10226	1	0	10000	other	0
MRI_pilot_01_2	38	Pulse	255	2053946	11373	0
MRI_pilot_01_2	39	Picture	62	2067800	0	1	10226	1	0	10000	other	0
MRI_pilot_01_2	39	Pulse	255	2073946	6146	0
MRI_pilot_01_2	40	Picture	62	2093027	0	1	10226	1	0	10000	other	0
MRI_pilot_01_2	40	Pulse	255	2093947	920	0
MRI_pilot_01_2	40	Pulse	255	2113946	20920	0
MRI_pilot_01_2	41	Picture	62	2118253	0	1	10226	1	0	10000	other	0
MRI_pilot_01_2	41	Pulse	255	2133947	15693	0
MRI_pilot_01_2	42	Picture	62	2143480	0	1	10226	1	0	10000	other	0
MRI_pilot_01_2	42	Pulse	255	2153946	10466	0
MRI_pilot_01_2	43	Picture	62	2168707	0	1	10226	1	0	10000	other	0
MRI_pilot_01_2	43	Pulse	255	2173947	5240	0
MRI_pilot_01_2	44	Picture	Bfix	2193934	0	1	30226	1	0	30000	other	0
MRI_pilot_01_2	44	Pulse	255	2193946	12	0
MRI_pilot_01_2	44	Pulse	255	2213946	20012	0
MRI_pilot_01_2	45	Picture	Ins_jambe	2224326	0	1	40226	1	0	40000	other	0
MRI_pilot_01_2	45	Pulse	255	2233947	9620	0
MRI_pilot_01_2	45	Pulse	255	2253947	29621	0
MRI_pilot_01_2	45	Pulse	255	2273946	49620	0
MRI_pilot_01_2	46	Picture	51	2284553	0	1	10226	1	0	10000	other	0
MRI_pilot_01_2	46	Pulse	255	2293947	9394	0
MRI_pilot_01_2	47	Picture	51	2309780	0	1	10226	1	0	10000	other	0
MRI_pilot_01_2	47	Pulse	255	2313946	4166	0
MRI_pilot_01_2	47	Pulse	255	2333947	24167	0
MRI_pilot_01_2	48	Picture	51	2335006	0	1	10226	1	0	10000	other	0
MRI_pilot_01_2	48	Pulse	255	2353946	18940	0
MRI_pilot_01_2	49	Picture	51	2360233	0	1	10226	1	0	10000	other	0
MRI_pilot_01_2	49	Pulse	255	2373947	13714	0
MRI_pilot_01_2	50	Picture	51	2385460	0	1	10226	1	0	10000	other	0
MRI_pilot_01_2	50	Pulse	255	2393947	8487	0
MRI_pilot_01_2	51	Picture	51	2410686	0	1	10226	1	0	10000	other	0
MRI_pilot_01_2	51	Pulse	255	2413947	3260	0
MRI_pilot_01_2	51	Pulse	255	2433947	23260	0
MRI_pilot_01_2	52	Picture	51	2435913	0	1	10226	1	0	10000	other	0
MRI_pilot_01_2	52	Pulse	255	2453947	18034	0
MRI_pilot_01_2	53	Picture	51	2461140	0	1	10226	1	0	10000	other	0
MRI_pilot_01_2	53	Pulse	255	2473947	12807	0
MRI_pilot_01_2	54	Picture	51	2486366	0	1	10226	1	0	10000	other	0
MRI_pilot_01_2	54	Pulse	255	2493947	7581	0
MRI_pilot_01_2	55	Picture	51	2511593	0	1	10226	1	0	10000	other	0
MRI_pilot_01_2	55	Pulse	255	2513947	2354	0
MRI_pilot_01_2	55	Pulse	255	2533947	22354	0
MRI_pilot_01_2	56	Picture	52	2536820	0	1	10226	1	0	10000	other	0
MRI_pilot_01_2	56	Pulse	255	2553947	17127	0
MRI_pilot_01_2	57	Picture	52	2562046	0	1	10226	1	0	10000	other	0
MRI_pilot_01_2	57	Pulse	255	2573948	11901	0
MRI_pilot_01_2	58	Picture	52	2587273	0	1	10225	1	0	10000	other	0
MRI_pilot_01_2	58	Pulse	255	2593947	6674	0
MRI_pilot_01_2	59	Picture	52	2612500	0	1	10225	1	0	10000	other	0
MRI_pilot_01_2	59	Pulse	255	2613947	1447	0
MRI_pilot_01_2	59	Pulse	255	2633948	21448	0
MRI_pilot_01_2	60	Picture	52	2637727	0	1	10226	1	0	10000	other	0
MRI_pilot_01_2	60	Pulse	255	2653948	16221	0
MRI_pilot_01_2	61	Picture	52	2662953	0	1	10226	1	0	10000	other	0
MRI_pilot_01_2	61	Pulse	255	2673948	10995	0
MRI_pilot_01_2	62	Picture	52	2688180	0	1	10226	1	0	10000	other	0
MRI_pilot_01_2	62	Pulse	255	2693947	5767	0
MRI_pilot_01_2	63	Picture	52	2713407	0	1	10226	1	0	10000	other	0
MRI_pilot_01_2	63	Pulse	255	2713948	541	0
MRI_pilot_01_2	63	Pulse	255	2733948	20541	0
MRI_pilot_01_2	64	Picture	52	2738634	0	1	10226	1	0	10000	other	0
MRI_pilot_01_2	64	Pulse	255	2753948	15314	0
MRI_pilot_01_2	65	Picture	52	2763861	0	1	10226	1	0	10000	other	0
MRI_pilot_01_2	65	Pulse	255	2773948	10088	0
MRI_pilot_01_2	66	Picture	Bfix	2789087	0	1	30226	1	0	30000	other	0
MRI_pilot_01_2	66	Pulse	255	2793948	4860	0
MRI_pilot_01_2	66	Pulse	255	2813948	24861	0
MRI_pilot_01_2	67	Picture	Ins_yeux	2819480	0	1	40226	1	0	40000	other	0
MRI_pilot_01_2	67	Pulse	255	2833948	14468	0
MRI_pilot_01_2	67	Pulse	255	2853947	34468	0
MRI_pilot_01_2	67	Pulse	255	2873948	54468	0
MRI_pilot_01_2	68	Picture	31	2879706	0	1	10226	1	0	10000	other	0
MRI_pilot_01_2	68	Pulse	255	2893947	14241	0
MRI_pilot_01_2	69	Picture	31	2904933	0	1	10226	1	0	10000	other	0
MRI_pilot_01_2	69	Pulse	255	2913948	9015	0
MRI_pilot_01_2	70	Picture	31	2930160	0	1	10226	1	0	10000	other	0
MRI_pilot_01_2	70	Pulse	255	2933949	3789	0
MRI_pilot_01_2	70	Pulse	255	2953948	23789	0
MRI_pilot_01_2	71	Picture	31	2955386	0	1	10226	1	0	10000	other	0
MRI_pilot_01_2	71	Pulse	255	2973949	18562	0
MRI_pilot_01_2	72	Picture	31	2980613	0	1	10226	1	0	10000	other	0
MRI_pilot_01_2	72	Pulse	255	2993948	13335	1
MRI_pilot_01_2	73	Picture	31	3005840	0	1	10226	1	0	10000	other	0
MRI_pilot_01_2	73	Pulse	255	3013948	8109	0
MRI_pilot_01_2	74	Picture	31	3031066	0	1	10226	1	0	10000	other	0
MRI_pilot_01_2	74	Pulse	255	3033949	2882	0
MRI_pilot_01_2	74	Pulse	255	3053949	22882	0
MRI_pilot_01_2	75	Picture	31	3056293	0	1	10226	1	0	10000	other	0
MRI_pilot_01_2	75	Pulse	255	3073949	17656	0
MRI_pilot_01_2	76	Picture	31	3081520	0	1	10226	1	0	10000	other	0
MRI_pilot_01_2	76	Pulse	255	3093949	12429	0
MRI_pilot_01_2	77	Picture	31	3106747	0	1	10226	1	0	10000	other	0
MRI_pilot_01_2	77	Pulse	255	3113948	7202	0
MRI_pilot_01_2	78	Picture	32	3131973	0	1	10226	1	0	10000	other	0
MRI_pilot_01_2	78	Pulse	255	3133949	1976	0
MRI_pilot_01_2	78	Pulse	255	3153949	21975	0
MRI_pilot_01_2	79	Picture	32	3157200	0	1	10225	1	0	10000	other	0
MRI_pilot_01_2	79	Pulse	255	3173949	16749	0
MRI_pilot_01_2	80	Picture	32	3182427	0	1	10226	1	0	10000	other	0
MRI_pilot_01_2	80	Pulse	255	3193949	11523	0
MRI_pilot_01_2	81	Picture	32	3207653	0	1	10226	1	0	10000	other	0
MRI_pilot_01_2	81	Pulse	255	3213949	6296	0
MRI_pilot_01_2	82	Picture	32	3232880	0	1	10226	1	0	10000	other	0
MRI_pilot_01_2	82	Pulse	255	3233949	1069	0
MRI_pilot_01_2	82	Pulse	255	3253949	21069	0
MRI_pilot_01_2	83	Picture	32	3258107	0	1	10226	1	0	10000	other	0
MRI_pilot_01_2	83	Pulse	255	3273949	15843	0
MRI_pilot_01_2	84	Picture	32	3283333	0	1	10226	1	0	10000	other	0
MRI_pilot_01_2	84	Pulse	255	3293950	10616	0
MRI_pilot_01_2	85	Picture	32	3308560	0	1	10226	1	0	10000	other	0
MRI_pilot_01_2	85	Pulse	255	3313949	5389	0
MRI_pilot_01_2	86	Picture	32	3333787	0	1	10226	1	0	10000	other	0
MRI_pilot_01_2	86	Pulse	255	3333949	162	0
MRI_pilot_01_2	86	Pulse	255	3353950	20163	0
MRI_pilot_01_2	87	Picture	32	3359014	0	1	10226	1	0	10000	other	0
MRI_pilot_01_2	87	Pulse	255	3373950	14936	0
MRI_pilot_01_2	88	Picture	Bfix	3384241	0	1	30226	1	0	30000	other	0
MRI_pilot_01_2	88	Pulse	255	3393950	9709	0
MRI_pilot_01_2	88	Pulse	255	3413950	29709	0
MRI_pilot_01_2	89	Picture	Ins_index	3414634	0	1	40226	1	0	40000	other	0
MRI_pilot_01_2	89	Pulse	255	3433950	19316	0
MRI_pilot_01_2	89	Pulse	255	3453949	39316	0
MRI_pilot_01_2	89	Pulse	255	3473950	59316	0
MRI_pilot_01_2	90	Picture	21	3474860	0	1	10226	1	0	10000	other	0
MRI_pilot_01_2	90	Response	1	3484189	9329	1
MRI_pilot_01_2	90	Pulse	255	3493950	19090	0
MRI_pilot_01_2	91	Picture	21	3500087	0	1	10226	1	0	10000	other	0
MRI_pilot_01_2	91	Response	1	3510320	10233	1
MRI_pilot_01_2	91	Pulse	255	3513950	13863	0
MRI_pilot_01_2	92	Picture	21	3525314	0	1	10226	1	0	10000	other	0
MRI_pilot_01_2	92	Pulse	255	3533950	8636	0
MRI_pilot_01_2	92	Response	1	3537000	11687	1
MRI_pilot_01_2	93	Picture	21	3550540	0	1	10226	1	0	10000	other	0
MRI_pilot_01_2	93	Pulse	255	3553949	3409	0
MRI_pilot_01_2	93	Response	1	3562630	12090	1
MRI_pilot_01_2	93	Pulse	255	3573950	23410	0
MRI_pilot_01_2	94	Picture	21	3575767	0	1	10226	1	0	10000	other	0
MRI_pilot_01_2	94	Response	1	3586650	10884	1
MRI_pilot_01_2	94	Pulse	255	3593950	18183	0
MRI_pilot_01_2	95	Picture	21	3600993	0	1	10226	1	0	10000	other	0
MRI_pilot_01_2	95	Response	1	3612110	11117	1
MRI_pilot_01_2	95	Pulse	255	3613949	12956	0
MRI_pilot_01_2	96	Picture	21	3626220	0	1	10226	1	0	10000	other	0
MRI_pilot_01_2	96	Pulse	255	3633949	7729	0
MRI_pilot_01_2	96	Response	1	3640890	14670	1
MRI_pilot_01_2	97	Picture	21	3651447	0	1	10226	1	0	10000	other	0
MRI_pilot_01_2	97	Pulse	255	3653950	2503	0
MRI_pilot_01_2	97	Response	1	3663360	11913	1
MRI_pilot_01_2	97	Pulse	255	3673950	22503	0
MRI_pilot_01_2	98	Picture	21	3676674	0	1	10226	1	0	10000	other	0
MRI_pilot_01_2	98	Response	1	3692201	15527	1
MRI_pilot_01_2	98	Pulse	255	3693950	17276	0
MRI_pilot_01_2	99	Picture	21	3701901	0	1	10225	1	0	10000	other	0
MRI_pilot_01_2	99	Pulse	255	3713950	12049	0
MRI_pilot_01_2	99	Response	1	3723490	21590	1
MRI_pilot_01_2	100	Picture	22	3727127	0	1	10225	1	0	10000	other	0
MRI_pilot_01_2	100	Pulse	255	3733950	6823	0
MRI_pilot_01_2	100	Response	2	3740451	13323	1
MRI_pilot_01_2	101	Picture	22	3752354	0	1	10226	1	0	10000	other	0
MRI_pilot_01_2	101	Pulse	255	3753950	1596	0
MRI_pilot_01_2	101	Response	2	3760960	8606	1
MRI_pilot_01_2	101	Pulse	255	3773951	21597	0
MRI_pilot_01_2	102	Picture	22	3777581	0	1	10226	1	0	10000	other	0
MRI_pilot_01_2	102	Response	2	3785991	8410	1
MRI_pilot_01_2	102	Pulse	255	3793950	16370	0
MRI_pilot_01_2	103	Picture	22	3802807	0	1	10226	1	0	10000	other	0
MRI_pilot_01_2	103	Response	2	3810151	7343	1
MRI_pilot_01_2	103	Pulse	255	3813951	11143	0
MRI_pilot_01_2	104	Picture	22	3828034	0	1	10226	1	0	10000	other	0
MRI_pilot_01_2	104	Pulse	255	3833951	5917	0
MRI_pilot_01_2	104	Response	2	3838601	10567	1
MRI_pilot_01_2	105	Picture	22	3853261	0	1	10226	1	0	10000	other	0
MRI_pilot_01_2	105	Pulse	255	3853950	690	0
MRI_pilot_01_2	105	Response	2	3862650	9390	1
MRI_pilot_01_2	105	Pulse	255	3873939	20679	0
MRI_pilot_01_2	106	Picture	22	3878488	0	1	10226	1	0	10000	other	0
MRI_pilot_01_2	106	Response	2	3887681	9193	1
MRI_pilot_01_2	106	Pulse	255	3893941	15453	0
MRI_pilot_01_2	107	Picture	22	3903715	0	1	10226	1	0	10000	other	0
MRI_pilot_01_2	107	Response	2	3912971	9256	1
MRI_pilot_01_2	107	Pulse	255	3913941	10226	0
MRI_pilot_01_2	108	Picture	22	3928942	0	1	10226	1	0	10000	other	0
MRI_pilot_01_2	108	Pulse	255	3933941	5000	0
MRI_pilot_01_2	108	Response	2	3938171	9229	1
MRI_pilot_01_2	108	Pulse	255	3953941	24999	0
MRI_pilot_01_2	109	Picture	22	3954168	0	1	10226	1	0	10000	other	0
MRI_pilot_01_2	109	Response	2	3962661	8493	1
MRI_pilot_01_2	109	Pulse	255	3973940	19771	0
MRI_pilot_01_2	110	Picture	Bfix	3979395	0	1	30228	1	0	30000	other	0
MRI_pilot_01_2	110	Pulse	255	3993942	14547	0
MRI_pilot_01_2	111	Picture	Ins_main	4009623	0	1	40226	1	0	40000	other	0
MRI_pilot_01_2	111	Pulse	255	4013941	4317	0
MRI_pilot_01_2	111	Pulse	255	4033941	24318	0
MRI_pilot_01_2	111	Pulse	255	4053941	44318	0
MRI_pilot_01_2	112	Picture	11	4069850	0	1	10226	1	0	10000	other	0
MRI_pilot_01_2	112	Pulse	255	4073941	4091	0
MRI_pilot_01_2	112	Pulse	255	4093941	24091	0
MRI_pilot_01_2	113	Picture	11	4095077	0	1	10226	1	0	10000	other	0
MRI_pilot_01_2	113	Pulse	255	4113941	18864	0
MRI_pilot_01_2	114	Picture	11	4120303	0	1	10226	1	0	10000	other	0
MRI_pilot_01_2	114	Pulse	255	4133941	13638	0
MRI_pilot_01_2	115	Picture	11	4145530	0	1	10226	1	0	10000	other	0
MRI_pilot_01_2	115	Pulse	255	4153941	8411	0
MRI_pilot_01_2	116	Picture	11	4170757	0	1	10226	1	0	10000	other	0
MRI_pilot_01_2	116	Pulse	255	4173942	3185	0
MRI_pilot_01_2	116	Pulse	255	4193942	23185	0
MRI_pilot_01_2	117	Picture	11	4195983	0	1	10226	1	0	10000	other	0
MRI_pilot_01_2	117	Pulse	255	4213940	17957	0
MRI_pilot_01_2	118	Picture	11	4221210	0	1	10226	1	0	10000	other	0
MRI_pilot_01_2	118	Pulse	255	4233942	12732	0
MRI_pilot_01_2	119	Picture	11	4246437	0	1	10226	1	0	10000	other	0
MRI_pilot_01_2	119	Pulse	255	4253942	7505	0
MRI_pilot_01_2	120	Picture	11	4271663	0	1	10226	1	0	10000	other	0
MRI_pilot_01_2	120	Pulse	255	4273942	2279	0
MRI_pilot_01_2	120	Pulse	255	4293942	22279	0
MRI_pilot_01_2	121	Picture	11	4296890	0	1	10226	1	0	10000	other	0
MRI_pilot_01_2	121	Pulse	255	4313942	17052	0
MRI_pilot_01_2	122	Picture	12	4322117	0	1	10226	1	0	10000	other	0
MRI_pilot_01_2	122	Pulse	255	4333941	11824	0
MRI_pilot_01_2	123	Picture	12	4347343	0	1	10225	1	0	10000	other	0
MRI_pilot_01_2	123	Pulse	255	4353941	6597	0
MRI_pilot_01_2	124	Picture	12	4372570	0	1	10226	1	0	10000	other	0
MRI_pilot_01_2	124	Pulse	255	4373942	1372	0
MRI_pilot_01_2	124	Pulse	255	4393942	21372	0
MRI_pilot_01_2	125	Picture	12	4397797	0	1	10225	1	0	10000	other	0
MRI_pilot_01_2	125	Pulse	255	4413942	16145	0
MRI_pilot_01_2	126	Picture	12	4423024	0	1	10226	1	0	10000	other	0
MRI_pilot_01_2	126	Pulse	255	4433942	10918	0
MRI_pilot_01_2	127	Picture	12	4448251	0	1	10226	1	0	10000	other	0
MRI_pilot_01_2	127	Pulse	255	4453942	5691	0
MRI_pilot_01_2	128	Picture	12	4473478	0	1	10226	1	0	10000	other	0
MRI_pilot_01_2	128	Pulse	255	4473942	464	0
MRI_pilot_01_2	128	Pulse	255	4493942	20464	0
MRI_pilot_01_2	129	Picture	12	4498704	0	1	10226	1	0	10000	other	0
MRI_pilot_01_2	129	Pulse	255	4513943	15238	0
MRI_pilot_01_2	130	Picture	12	4523931	0	1	10226	1	0	10000	other	0
MRI_pilot_01_2	130	Pulse	255	4533942	10011	0
MRI_pilot_01_2	131	Picture	12	4549158	0	1	10226	1	0	10000	other	0
MRI_pilot_01_2	131	Pulse	255	4553943	4785	0
MRI_pilot_01_2	131	Pulse	255	4573942	24784	0
MRI_pilot_01_2	132	Picture	Bfix	4574385	0	1	30226	1	0	30000	other	0
MRI_pilot_01_2	132	Pulse	255	4593942	19557	0
MRI_pilot_01_2	133	Picture	Ins_repos	4604777	0	1	40226	1	0	40000	other	0
MRI_pilot_01_2	133	Pulse	255	4613943	9166	0
MRI_pilot_01_2	133	Pulse	255	4633943	29166	0
MRI_pilot_01_2	133	Pulse	255	4653943	49166	0
MRI_pilot_01_2	134	Picture	71	4665004	0	1	10226	1	0	10000	other	0
MRI_pilot_01_2	134	Pulse	255	4673942	8938	0
MRI_pilot_01_2	135	Picture	71	4690231	0	1	10226	1	0	10000	other	0
MRI_pilot_01_2	135	Pulse	255	4693942	3712	0
MRI_pilot_01_2	135	Pulse	255	4713943	23713	0
MRI_pilot_01_2	136	Picture	71	4715457	0	1	10226	1	0	10000	other	0
MRI_pilot_01_2	136	Pulse	255	4733943	18486	0
MRI_pilot_01_2	137	Picture	71	4740684	0	1	10226	1	0	10000	other	0
MRI_pilot_01_2	137	Pulse	255	4753943	13259	0
MRI_pilot_01_2	138	Picture	71	4765911	0	1	10226	1	0	10000	other	0
MRI_pilot_01_2	138	Pulse	255	4773943	8032	0
MRI_pilot_01_2	139	Picture	71	4791138	0	1	10226	1	0	10000	other	0
MRI_pilot_01_2	139	Pulse	255	4793942	2805	0
MRI_pilot_01_2	139	Pulse	255	4813942	22805	0
MRI_pilot_01_2	140	Picture	71	4816364	0	1	10226	1	0	10000	other	0
MRI_pilot_01_2	140	Pulse	255	4833942	17578	0
MRI_pilot_01_2	141	Picture	71	4841591	0	1	10226	1	0	10000	other	0
MRI_pilot_01_2	141	Pulse	255	4853943	12352	0
MRI_pilot_01_2	142	Picture	71	4866818	0	1	10226	1	0	10000	other	0
MRI_pilot_01_2	142	Pulse	255	4873943	7125	0
MRI_pilot_01_2	143	Picture	71	4892045	0	1	10226	1	0	10000	other	0
MRI_pilot_01_2	143	Pulse	255	4893943	1898	0
MRI_pilot_01_2	143	Pulse	255	4913943	21898	0
MRI_pilot_01_2	144	Picture	72	4917271	0	1	10226	1	0	10000	other	0
MRI_pilot_01_2	144	Pulse	255	4933944	16672	0
MRI_pilot_01_2	145	Picture	72	4942498	0	1	10225	1	0	10000	other	0
MRI_pilot_01_2	145	Pulse	255	4953943	11445	0
MRI_pilot_01_2	146	Picture	72	4967725	0	1	10226	1	0	10000	other	0
MRI_pilot_01_2	146	Pulse	255	4973944	6219	0
MRI_pilot_01_2	147	Picture	72	4992951	0	1	10226	1	0	10000	other	0
MRI_pilot_01_2	147	Pulse	255	4993944	992	0
MRI_pilot_01_2	147	Pulse	255	5013944	20993	0
MRI_pilot_01_2	148	Picture	72	5018178	0	1	10226	1	0	10000	other	0
MRI_pilot_01_2	148	Pulse	255	5033943	15765	0
MRI_pilot_01_2	149	Picture	72	5043405	0	1	10226	1	0	10000	other	0
MRI_pilot_01_2	149	Pulse	255	5053943	10538	0
MRI_pilot_01_2	150	Picture	72	5068632	0	1	10226	1	0	10000	other	0
MRI_pilot_01_2	150	Pulse	255	5073944	5312	0
MRI_pilot_01_2	151	Picture	72	5093858	0	1	10226	1	0	10000	other	0
MRI_pilot_01_2	151	Pulse	255	5093944	85	0
MRI_pilot_01_2	151	Pulse	255	5113944	20086	0
MRI_pilot_01_2	152	Picture	72	5119085	0	1	10226	1	0	10000	other	0
MRI_pilot_01_2	152	Pulse	255	5133943	14858	0
MRI_pilot_01_2	153	Picture	72	5144312	0	1	10226	1	0	10000	other	0
MRI_pilot_01_2	153	Pulse	255	5153943	9632	0
MRI_pilot_01_2	154	Picture	Bfix	5169539	0	1	30226	1	0	30000	other	0
MRI_pilot_01_2	154	Pulse	255	5173943	4405	0
MRI_pilot_01_2	154	Pulse	255	5193944	24405	0
MRI_pilot_01_2	155	Picture	Ins_bouche	5199931	0	1	40226	1	0	40000	other	0
MRI_pilot_01_2	155	Pulse	255	5213944	14013	0
MRI_pilot_01_2	155	Pulse	255	5233944	34013	0
MRI_pilot_01_2	155	Pulse	255	5253944	54012	0
MRI_pilot_01_2	156	Picture	61	5260158	0	1	10226	1	0	10000	other	0
MRI_pilot_01_2	156	Pulse	255	5273944	13786	0
MRI_pilot_01_2	157	Picture	61	5285385	0	1	10226	1	0	10000	other	0
MRI_pilot_01_2	157	Pulse	255	5293944	8559	0
MRI_pilot_01_2	158	Picture	61	5310612	0	1	10226	1	0	10000	other	0
MRI_pilot_01_2	158	Pulse	255	5313944	3332	0
MRI_pilot_01_2	158	Pulse	255	5333945	23333	0
MRI_pilot_01_2	159	Picture	61	5335838	0	1	10226	1	0	10000	other	0
MRI_pilot_01_2	159	Pulse	255	5353944	18106	0
MRI_pilot_01_2	160	Picture	61	5361065	0	1	10226	1	0	10000	other	0
MRI_pilot_01_2	160	Pulse	255	5373944	12879	0
MRI_pilot_01_2	161	Picture	61	5386292	0	1	10226	1	0	10000	other	0
MRI_pilot_01_2	161	Pulse	255	5393945	7653	0
MRI_pilot_01_2	162	Picture	61	5411518	0	1	10226	1	0	10000	other	0
MRI_pilot_01_2	162	Pulse	255	5413944	2426	0
MRI_pilot_01_2	162	Pulse	255	5433944	22426	0
MRI_pilot_01_2	163	Picture	61	5436745	0	1	10226	1	0	10000	other	0
MRI_pilot_01_2	163	Pulse	255	5453944	17199	0
MRI_pilot_01_2	164	Picture	61	5461972	0	1	10226	1	0	10000	other	0
MRI_pilot_01_2	164	Pulse	255	5473945	11973	0
MRI_pilot_01_2	165	Picture	61	5487199	0	1	10226	1	0	10000	other	0
MRI_pilot_01_2	165	Pulse	255	5493945	6746	0
MRI_pilot_01_2	166	Picture	62	5512425	0	1	10226	1	0	10000	other	0
MRI_pilot_01_2	166	Pulse	255	5513945	1520	0
MRI_pilot_01_2	166	Pulse	255	5533944	21519	0
MRI_pilot_01_2	167	Picture	62	5537652	0	1	10226	1	0	10000	other	0
MRI_pilot_01_2	167	Pulse	255	5553945	16293	0
MRI_pilot_01_2	168	Picture	62	5562878	0	1	10226	1	0	10000	other	0
MRI_pilot_01_2	168	Pulse	255	5573944	11066	0
MRI_pilot_01_2	169	Picture	62	5588105	0	1	10226	1	0	10000	other	0
MRI_pilot_01_2	169	Pulse	255	5593945	5840	0
MRI_pilot_01_2	170	Picture	62	5613332	0	1	10226	1	0	10000	other	0
MRI_pilot_01_2	170	Pulse	255	5613945	613	0
MRI_pilot_01_2	170	Pulse	255	5633945	20614	0
MRI_pilot_01_2	171	Picture	62	5638558	0	1	10225	1	0	10000	other	0
MRI_pilot_01_2	171	Pulse	255	5653945	15387	0
MRI_pilot_01_2	172	Picture	62	5663785	0	1	10226	1	0	10000	other	0
MRI_pilot_01_2	172	Pulse	255	5673946	10161	0
MRI_pilot_01_2	173	Picture	62	5689012	0	1	10226	1	0	10000	other	0
MRI_pilot_01_2	173	Pulse	255	5693945	4934	0
MRI_pilot_01_2	173	Pulse	255	5713945	24933	0
MRI_pilot_01_2	174	Picture	62	5714238	0	1	10226	1	0	10000	other	0
MRI_pilot_01_2	174	Pulse	255	5733946	19707	0
MRI_pilot_01_2	175	Picture	62	5739465	0	1	10226	1	0	10000	other	0
MRI_pilot_01_2	175	Pulse	255	5753945	14480	0
MRI_pilot_01_2	176	Picture	Bfix	5764692	0	1	30227	1	0	30000	other	0
MRI_pilot_01_2	176	Pulse	255	5773945	9253	0
MRI_pilot_01_2	176	Pulse	255	5793946	29254	0
MRI_pilot_01_2	177	Picture	Ins_jambe	5794919	0	1	40226	1	0	40000	other	0
MRI_pilot_01_2	177	Pulse	255	5813945	19026	0
MRI_pilot_01_2	177	Pulse	255	5833945	39026	0
MRI_pilot_01_2	177	Pulse	255	5853945	59026	0
MRI_pilot_01_2	178	Picture	51	5855146	0	1	10226	1	0	10000	other	0
MRI_pilot_01_2	178	Pulse	255	5873946	18801	0
MRI_pilot_01_2	179	Picture	51	5880372	0	1	10226	1	0	10000	other	0
MRI_pilot_01_2	179	Pulse	255	5893946	13573	0
MRI_pilot_01_2	180	Picture	51	5905599	0	1	10226	1	0	10000	other	0
MRI_pilot_01_2	180	Pulse	255	5913945	8346	0
MRI_pilot_01_2	181	Picture	51	5930826	0	1	10227	1	0	10000	other	0
MRI_pilot_01_2	181	Pulse	255	5933946	3120	0
MRI_pilot_01_2	181	Pulse	255	5953946	23121	0
MRI_pilot_01_2	182	Picture	51	5956052	0	1	10226	1	0	10000	other	0
MRI_pilot_01_2	182	Pulse	255	5973946	17894	0
MRI_pilot_01_2	183	Picture	51	5981279	0	1	10226	1	0	10000	other	0
MRI_pilot_01_2	183	Pulse	255	5993946	12667	0
MRI_pilot_01_2	184	Picture	51	6006506	0	1	10226	1	0	10000	other	0
MRI_pilot_01_2	184	Pulse	255	6013946	7440	0
MRI_pilot_01_2	185	Picture	51	6031733	0	1	10226	1	0	10000	other	0
MRI_pilot_01_2	185	Pulse	255	6033945	2213	0
MRI_pilot_01_2	185	Pulse	255	6053946	22213	0
MRI_pilot_01_2	186	Picture	51	6056960	0	1	10226	1	0	10000	other	0
MRI_pilot_01_2	186	Pulse	255	6073946	16987	0
MRI_pilot_01_2	187	Picture	51	6082186	0	1	10226	1	0	10000	other	0
MRI_pilot_01_2	187	Pulse	255	6093947	11761	0
MRI_pilot_01_2	188	Picture	52	6107413	0	1	10226	1	0	10000	other	0
MRI_pilot_01_2	188	Pulse	255	6113947	6534	0
MRI_pilot_01_2	189	Picture	52	6132639	0	1	10225	1	0	10000	other	0
MRI_pilot_01_2	189	Pulse	255	6133946	1306	0
MRI_pilot_01_2	189	Pulse	255	6153946	21307	0
MRI_pilot_01_2	190	Picture	52	6157866	0	1	10226	1	0	10000	other	0
MRI_pilot_01_2	190	Pulse	255	6173946	16080	0
MRI_pilot_01_2	191	Picture	52	6183093	0	1	10226	1	0	10000	other	0
MRI_pilot_01_2	191	Pulse	255	6193946	10854	0
MRI_pilot_01_2	192	Picture	52	6208319	0	1	10226	1	0	10000	other	0
MRI_pilot_01_2	192	Pulse	255	6213947	5627	0
MRI_pilot_01_2	193	Picture	52	6233546	0	1	10226	1	0	10000	other	0
MRI_pilot_01_2	193	Pulse	255	6233947	401	0
MRI_pilot_01_2	193	Pulse	255	6253947	20401	0
MRI_pilot_01_2	194	Picture	52	6258773	0	1	10226	1	0	10000	other	0
MRI_pilot_01_2	194	Pulse	255	6273947	15174	0
MRI_pilot_01_2	195	Picture	52	6284000	0	1	10226	1	0	10000	other	0
MRI_pilot_01_2	195	Pulse	255	6293947	9947	0
MRI_pilot_01_2	196	Picture	52	6309227	0	1	10226	1	0	10000	other	0
MRI_pilot_01_2	196	Pulse	255	6313947	4720	0
MRI_pilot_01_2	196	Pulse	255	6333947	24720	0
MRI_pilot_01_2	197	Picture	52	6334453	0	1	10226	1	0	10000	other	0
MRI_pilot_01_2	197	Pulse	255	6353947	19494	0
MRI_pilot_01_2	198	Picture	Bfix	6359680	0	1	30227	1	0	30000	other	0
MRI_pilot_01_2	198	Pulse	255	6373947	14267	0
MRI_pilot_01_2	199	Picture	Ins_yeux	6389907	0	1	40226	1	0	40000	other	0
MRI_pilot_01_2	199	Pulse	255	6393937	4030	0
MRI_pilot_01_2	199	Pulse	255	6413937	24030	0
MRI_pilot_01_2	199	Pulse	255	6433937	44030	0
MRI_pilot_01_2	200	Picture	31	6450134	0	1	10226	1	0	10000	other	0
MRI_pilot_01_2	200	Pulse	255	6453937	3804	0
MRI_pilot_01_2	200	Pulse	255	6473937	23803	0
MRI_pilot_01_2	201	Picture	31	6475361	0	1	10226	1	0	10000	other	0
MRI_pilot_01_2	201	Pulse	255	6493938	18576	0
MRI_pilot_01_2	202	Picture	31	6500588	0	1	10226	1	0	10000	other	0
MRI_pilot_01_2	202	Pulse	255	6513937	13349	0
MRI_pilot_01_2	203	Picture	31	6525815	0	1	10226	1	0	10000	other	0
MRI_pilot_01_2	203	Pulse	255	6533938	8123	0
MRI_pilot_01_2	204	Picture	31	6551042	0	1	10226	1	0	10000	other	0
MRI_pilot_01_2	204	Pulse	255	6553937	2895	0
MRI_pilot_01_2	204	Pulse	255	6573937	22895	0
MRI_pilot_01_2	205	Picture	31	6576268	0	1	10226	1	0	10000	other	0
MRI_pilot_01_2	205	Pulse	255	6593938	17669	0
MRI_pilot_01_2	206	Picture	31	6601495	0	1	10226	1	0	10000	other	0
MRI_pilot_01_2	206	Pulse	255	6613937	12442	0
MRI_pilot_01_2	207	Picture	31	6626722	0	1	10226	1	0	10000	other	0
MRI_pilot_01_2	207	Pulse	255	6633937	7216	0
MRI_pilot_01_2	208	Picture	31	6651949	0	1	10226	1	0	10000	other	0
MRI_pilot_01_2	208	Pulse	255	6653938	1990	0
MRI_pilot_01_2	208	Pulse	255	6673937	21989	0
MRI_pilot_01_2	209	Picture	31	6677175	0	1	10226	1	0	10000	other	0
MRI_pilot_01_2	209	Pulse	255	6693938	16763	0
MRI_pilot_01_2	210	Picture	32	6702402	0	1	10226	1	0	10000	other	0
MRI_pilot_01_2	210	Pulse	255	6713938	11536	0
MRI_pilot_01_2	211	Picture	32	6727629	0	1	10226	1	0	10000	other	0
MRI_pilot_01_2	211	Pulse	255	6733938	6309	0
MRI_pilot_01_2	212	Picture	32	6752856	0	1	10226	1	0	10000	other	0
MRI_pilot_01_2	212	Pulse	255	6753937	1081	0
MRI_pilot_01_2	212	Pulse	255	6773938	21082	0
MRI_pilot_01_2	213	Picture	32	6778083	0	1	10226	1	0	10000	other	0
MRI_pilot_01_2	213	Pulse	255	6793938	15855	0
MRI_pilot_01_2	214	Picture	32	6803309	0	1	10226	1	0	10000	other	0
MRI_pilot_01_2	214	Pulse	255	6813939	10629	0
MRI_pilot_01_2	215	Picture	32	6828536	0	1	10226	1	0	10000	other	0
MRI_pilot_01_2	215	Pulse	255	6833938	5402	0
MRI_pilot_01_2	216	Picture	32	6853763	0	1	10226	1	0	10000	other	0
MRI_pilot_01_2	216	Pulse	255	6853939	176	0
MRI_pilot_01_2	216	Pulse	255	6873938	20175	0
MRI_pilot_01_2	217	Picture	32	6878990	0	1	10226	1	0	10000	other	0
MRI_pilot_01_2	217	Pulse	255	6893938	14948	0
MRI_pilot_01_2	218	Picture	32	6904216	0	1	10226	1	0	10000	other	0
MRI_pilot_01_2	218	Pulse	255	6913938	9722	0
MRI_pilot_01_2	219	Picture	32	6929443	0	1	10226	1	0	10000	other	0
MRI_pilot_01_2	219	Pulse	255	6933939	4496	0
MRI_pilot_01_2	219	Pulse	255	6953939	24496	0
MRI_pilot_01_2	220	Picture	Bfix	6954670	0	1	30227	1	0	30000	other	0
MRI_pilot_01_2	220	Pulse	255	6973938	19268	0
MRI_pilot_01_2	221	Picture	Ins_index	6984897	0	1	40226	1	0	40000	other	0
MRI_pilot_01_2	221	Pulse	255	6993938	9042	0
MRI_pilot_01_2	221	Pulse	255	7013938	29042	0
MRI_pilot_01_2	221	Pulse	255	7033939	49042	0
MRI_pilot_01_2	222	Picture	21	7045123	0	1	10226	1	0	10000	other	0
MRI_pilot_01_2	222	Pulse	255	7053939	8816	0
MRI_pilot_01_2	222	Response	1	7055269	10146	1
MRI_pilot_01_2	223	Picture	21	7070350	0	1	10226	1	0	10000	other	0
MRI_pilot_01_2	223	Pulse	255	7073939	3589	0
MRI_pilot_01_2	223	Response	1	7079789	9439	1
MRI_pilot_01_2	223	Pulse	255	7093939	23589	0
MRI_pilot_01_2	224	Picture	21	7095577	0	1	10226	1	0	10000	other	0
MRI_pilot_01_2	224	Response	1	7104679	9102	1
MRI_pilot_01_2	224	Pulse	255	7113938	18362	0
MRI_pilot_01_2	225	Picture	21	7120803	0	1	10226	1	0	10000	other	0
MRI_pilot_01_2	225	Response	1	7128909	8106	1
MRI_pilot_01_2	225	Pulse	255	7133939	13136	0
MRI_pilot_01_2	226	Picture	21	7146030	0	1	10226	1	0	10000	other	0
MRI_pilot_01_2	226	Pulse	255	7153939	7909	0
MRI_pilot_01_2	226	Response	1	7154768	8738	1
MRI_pilot_01_2	227	Picture	21	7171257	0	1	10226	1	0	10000	other	0
MRI_pilot_01_2	227	Pulse	255	7173938	2682	0
MRI_pilot_01_2	227	Response	1	7181869	10612	1
MRI_pilot_01_2	227	Pulse	255	7193939	22682	0
MRI_pilot_01_2	228	Picture	21	7196484	0	1	10226	1	0	10000	other	0
MRI_pilot_01_2	228	Response	1	7205340	8856	1
MRI_pilot_01_2	228	Response	1	7209719	13236	1
MRI_pilot_01_2	228	Pulse	255	7213939	17455	0
MRI_pilot_01_2	229	Picture	21	7221710	0	1	10226	1	0	10000	other	0
MRI_pilot_01_2	229	Response	1	7229920	8209	1
MRI_pilot_01_2	229	Pulse	255	7233939	12229	0
MRI_pilot_01_2	230	Picture	21	7246937	0	1	10226	1	0	10000	other	0
MRI_pilot_01_2	230	Pulse	255	7253939	7002	0
MRI_pilot_01_2	230	Response	1	7254439	7502	1
MRI_pilot_01_2	231	Picture	21	7272164	0	1	10226	1	0	10000	other	0
MRI_pilot_01_2	231	Pulse	255	7273938	1774	0
MRI_pilot_01_2	231	Response	1	7280920	8756	1
MRI_pilot_01_2	231	Pulse	255	7293939	21775	0
MRI_pilot_01_2	232	Picture	22	7297391	0	1	10226	1	0	10000	other	0
MRI_pilot_01_2	232	Response	2	7306929	9538	1
MRI_pilot_01_2	232	Pulse	255	7313939	16549	0
MRI_pilot_01_2	233	Picture	22	7322617	0	1	10225	1	0	10000	other	0
MRI_pilot_01_2	233	Response	2	7331930	9313	1
MRI_pilot_01_2	233	Pulse	255	7333940	11322	0
MRI_pilot_01_2	234	Picture	22	7347844	0	1	10226	1	0	10000	other	0
MRI_pilot_01_2	234	Pulse	255	7353940	6096	0
MRI_pilot_01_2	234	Response	2	7356370	8526	1
MRI_pilot_01_2	235	Picture	22	7373071	0	1	10226	1	0	10000	other	0
MRI_pilot_01_2	235	Pulse	255	7373940	869	0
MRI_pilot_01_2	235	Response	2	7383030	9959	1
MRI_pilot_01_2	235	Pulse	255	7393940	20869	0
MRI_pilot_01_2	236	Picture	22	7398297	0	1	10226	1	0	10000	other	0
MRI_pilot_01_2	236	Response	2	7406790	8493	1
MRI_pilot_01_2	236	Pulse	255	7413940	15642	0
MRI_pilot_01_2	237	Picture	22	7423524	0	1	10226	1	0	10000	other	0
MRI_pilot_01_2	237	Response	2	7431729	8205	1
MRI_pilot_01_2	237	Pulse	255	7433939	10415	0
MRI_pilot_01_2	238	Picture	22	7448751	0	1	10226	1	0	10000	other	0
MRI_pilot_01_2	238	Pulse	255	7453940	5189	0
MRI_pilot_01_2	238	Response	2	7458300	9549	1
MRI_pilot_01_2	238	Pulse	255	7473940	25190	0
MRI_pilot_01_2	239	Picture	22	7473977	0	1	10226	1	0	10000	other	0
MRI_pilot_01_2	239	Response	2	7483920	9943	1
MRI_pilot_01_2	239	Pulse	255	7493939	19962	0
MRI_pilot_01_2	240	Picture	22	7499204	0	1	10226	1	0	10000	other	0
MRI_pilot_01_2	240	Response	2	7507760	8556	1
MRI_pilot_01_2	240	Pulse	255	7513940	14736	0
MRI_pilot_01_2	241	Picture	22	7524431	0	1	10226	1	0	10000	other	0
MRI_pilot_01_2	241	Pulse	255	7533940	9510	0
MRI_pilot_01_2	241	Response	2	7533959	9529	1
MRI_pilot_01_2	242	Picture	Bfix	7549658	0	1	30227	1	0	30000	other	0
MRI_pilot_01_2	242	Pulse	255	7553940	4283	0
MRI_pilot_01_2	242	Pulse	255	7573939	24282	0
MRI_pilot_01_2	243	Picture	Ins_main	7579885	0	1	40226	1	0	40000	other	0
MRI_pilot_01_2	243	Pulse	255	7593940	14055	0
MRI_pilot_01_2	243	Pulse	255	7613940	34055	0
MRI_pilot_01_2	243	Pulse	255	7633940	54056	0
MRI_pilot_01_2	244	Picture	11	7640111	0	1	10226	1	0	10000	other	0
MRI_pilot_01_2	244	Pulse	255	7653940	13828	0
MRI_pilot_01_2	245	Picture	11	7665338	0	1	10226	1	0	10000	other	0
MRI_pilot_01_2	245	Pulse	255	7673940	8602	0
MRI_pilot_01_2	246	Picture	11	7690565	0	1	10226	1	0	10000	other	0
MRI_pilot_01_2	246	Pulse	255	7693941	3376	0
MRI_pilot_01_2	246	Pulse	255	7713941	23376	0
MRI_pilot_01_2	247	Picture	11	7715791	0	1	10226	1	0	10000	other	0
MRI_pilot_01_2	247	Pulse	255	7733940	18149	0
MRI_pilot_01_2	248	Picture	11	7741018	0	1	10228	1	0	10000	other	0
MRI_pilot_01_2	248	Pulse	255	7753940	12922	0
MRI_pilot_01_2	249	Picture	11	7766245	0	1	10226	1	0	10000	other	0
MRI_pilot_01_2	249	Pulse	255	7773941	7696	0
MRI_pilot_01_2	250	Picture	11	7791472	0	1	10226	1	0	10000	other	0
MRI_pilot_01_2	250	Pulse	255	7793941	2469	0
MRI_pilot_01_2	250	Pulse	255	7813941	22469	0
MRI_pilot_01_2	251	Picture	11	7816699	0	1	10226	1	0	10000	other	0
MRI_pilot_01_2	251	Pulse	255	7833941	17242	0
MRI_pilot_01_2	252	Picture	11	7841926	0	1	10226	1	0	10000	other	0
MRI_pilot_01_2	252	Pulse	255	7853941	12015	0
MRI_pilot_01_2	253	Picture	11	7867153	0	1	10226	1	0	10000	other	0
MRI_pilot_01_2	253	Pulse	255	7873940	6788	0
MRI_pilot_01_2	254	Picture	12	7892379	0	1	10226	1	0	10000	other	0
MRI_pilot_01_2	254	Pulse	255	7893941	1561	0
MRI_pilot_01_2	254	Pulse	255	7913941	21562	0
MRI_pilot_01_2	255	Picture	12	7917606	0	1	10226	1	0	10000	other	0
MRI_pilot_01_2	255	Pulse	255	7933941	16335	0
MRI_pilot_01_2	256	Picture	12	7942833	0	1	10226	1	0	10000	other	0
MRI_pilot_01_2	256	Pulse	255	7953941	11109	0
MRI_pilot_01_2	257	Picture	12	7968059	0	1	10226	1	0	10000	other	0
MRI_pilot_01_2	257	Pulse	255	7973941	5881	0
MRI_pilot_01_2	258	Picture	12	7993286	0	1	10226	1	0	10000	other	0
MRI_pilot_01_2	258	Pulse	255	7993941	655	0
MRI_pilot_01_2	258	Pulse	255	8013941	20656	0
MRI_pilot_01_2	259	Picture	12	8018513	0	1	10226	1	0	10000	other	0
MRI_pilot_01_2	259	Pulse	255	8033941	15429	0
MRI_pilot_01_2	260	Picture	12	8043739	0	1	10226	1	0	10000	other	0
MRI_pilot_01_2	260	Pulse	255	8053942	10203	0
MRI_pilot_01_2	261	Picture	12	8068966	0	1	10226	1	0	10000	other	0
MRI_pilot_01_2	261	Pulse	255	8073941	4975	0
MRI_pilot_01_2	261	Pulse	255	8093941	24975	0
MRI_pilot_01_2	262	Picture	12	8094193	0	1	10226	1	0	10000	other	0
MRI_pilot_01_2	262	Pulse	255	8113942	19749	0
MRI_pilot_01_2	263	Picture	12	8119420	0	1	10226	1	0	10000	other	0
MRI_pilot_01_2	263	Pulse	255	8133942	14522	0
