Scenario - loca_moto
Logfile written - 05/17/2018 10:57:07

Subject	Trial	Event Type	Code	Time	TTime	Uncertainty	Duration	Uncertainty	ReqTime	ReqDur	Stim Type	Pair Index

MRI_pilot_1	0	Pulse	255	1071364	1071364	0
MRI_pilot_1	1	Picture	Ins_main	1071593	0	1	40226	1	0	40000	other	0
MRI_pilot_1	1	Pulse	255	1091364	19772	0
MRI_pilot_1	1	Pulse	255	1111363	39771	0
MRI_pilot_1	1	Pulse	255	1131365	59772	0
MRI_pilot_1	2	Picture	11	1131819	0	1	10226	1	0	10000	other	0
MRI_pilot_1	2	Pulse	255	1151364	19545	0
MRI_pilot_1	3	Picture	11	1157046	0	1	10226	1	0	10000	other	0
MRI_pilot_1	3	Pulse	255	1171364	14318	0
MRI_pilot_1	4	Picture	11	1182273	0	1	10226	1	0	10000	other	0
MRI_pilot_1	4	Pulse	255	1191365	9092	0
MRI_pilot_1	5	Picture	11	1207499	0	1	10226	1	0	10000	other	0
MRI_pilot_1	5	Pulse	255	1211365	3866	0
MRI_pilot_1	5	Pulse	255	1231365	23866	0
MRI_pilot_1	6	Picture	11	1232726	0	1	10226	1	0	10000	other	0
MRI_pilot_1	6	Pulse	255	1251365	18638	0
MRI_pilot_1	7	Picture	11	1257953	0	1	10226	1	0	10000	other	0
MRI_pilot_1	7	Pulse	255	1271365	13412	0
MRI_pilot_1	8	Picture	11	1283180	0	1	10225	1	0	10000	other	0
MRI_pilot_1	8	Pulse	255	1291364	8184	0
MRI_pilot_1	9	Picture	11	1308407	0	1	10226	1	0	10000	other	0
MRI_pilot_1	9	Pulse	255	1311365	2959	0
MRI_pilot_1	9	Pulse	255	1331365	22959	0
MRI_pilot_1	10	Picture	11	1333633	0	1	10226	1	0	10000	other	0
MRI_pilot_1	10	Pulse	255	1351365	17732	0
MRI_pilot_1	11	Picture	11	1358860	0	1	10226	1	0	10000	other	0
MRI_pilot_1	11	Pulse	255	1371365	12505	0
MRI_pilot_1	12	Picture	12	1384087	0	1	10226	1	0	10000	other	0
MRI_pilot_1	12	Pulse	255	1391355	7269	0
MRI_pilot_1	13	Picture	12	1409313	0	1	10226	1	0	10000	other	0
MRI_pilot_1	13	Pulse	255	1411355	2042	0
MRI_pilot_1	13	Pulse	255	1431355	22042	0
MRI_pilot_1	14	Picture	12	1434540	0	1	10226	1	0	10000	other	0
MRI_pilot_1	14	Pulse	255	1451355	16816	0
MRI_pilot_1	15	Picture	12	1459767	0	1	10226	1	0	10000	other	0
MRI_pilot_1	15	Pulse	255	1471356	11589	0
MRI_pilot_1	16	Picture	12	1484993	0	1	10226	1	0	10000	other	0
MRI_pilot_1	16	Pulse	255	1491355	6362	0
MRI_pilot_1	17	Picture	12	1510220	0	1	10226	1	0	10000	other	0
MRI_pilot_1	17	Pulse	255	1511356	1136	0
MRI_pilot_1	17	Pulse	255	1531355	21136	0
MRI_pilot_1	18	Picture	12	1535446	0	1	10226	1	0	10000	other	0
MRI_pilot_1	18	Pulse	255	1551356	15909	0
MRI_pilot_1	19	Picture	12	1560673	0	1	10226	1	0	10000	other	0
MRI_pilot_1	19	Pulse	255	1571356	10683	0
MRI_pilot_1	20	Picture	12	1585900	0	1	10226	1	0	10000	other	0
MRI_pilot_1	20	Pulse	255	1591356	5456	0
MRI_pilot_1	21	Picture	12	1611127	0	1	10226	1	0	10000	other	0
MRI_pilot_1	21	Pulse	255	1611356	229	0
MRI_pilot_1	21	Pulse	255	1631354	20228	0
MRI_pilot_1	22	Picture	Bfix	1636353	0	1	30226	1	0	30000	other	0
MRI_pilot_1	22	Pulse	255	1651356	15003	0
MRI_pilot_1	23	Picture	Ins_index	1666746	0	1	40226	1	0	40000	other	0
MRI_pilot_1	23	Pulse	255	1671356	4610	0
MRI_pilot_1	23	Pulse	255	1691355	24609	0
MRI_pilot_1	23	Pulse	255	1711356	44610	0
MRI_pilot_1	24	Picture	21	1726973	0	1	10226	1	0	10000	other	0
MRI_pilot_1	24	Pulse	255	1731355	4383	0
MRI_pilot_1	24	Response	1	1745186	18213	1
MRI_pilot_1	24	Pulse	255	1751356	24384	0
MRI_pilot_1	25	Picture	21	1752199	0	1	10226	1	0	10000	other	0
MRI_pilot_1	25	Response	1	1763126	10927	1
MRI_pilot_1	25	Pulse	255	1771355	19156	0
MRI_pilot_1	26	Picture	21	1777426	0	1	10226	1	0	10000	other	0
MRI_pilot_1	26	Response	1	1788306	10881	1
MRI_pilot_1	26	Pulse	255	1791356	13930	0
MRI_pilot_1	27	Picture	21	1802653	0	1	10226	1	0	10000	other	0
MRI_pilot_1	27	Response	1	1810526	7873	1
MRI_pilot_1	27	Pulse	255	1811356	8703	0
MRI_pilot_1	28	Picture	21	1827880	0	1	10226	1	0	10000	other	0
MRI_pilot_1	28	Pulse	255	1831356	3477	0
MRI_pilot_1	28	Response	1	1836146	8267	1
MRI_pilot_1	28	Pulse	255	1851355	23476	0
MRI_pilot_1	29	Picture	21	1853106	0	1	10225	1	0	10000	other	0
MRI_pilot_1	29	Response	1	1860136	7030	1
MRI_pilot_1	29	Pulse	255	1871356	18249	0
MRI_pilot_1	30	Picture	21	1878333	0	1	10226	1	0	10000	other	0
MRI_pilot_1	30	Response	1	1884295	5963	1
MRI_pilot_1	30	Pulse	255	1891356	13023	0
MRI_pilot_1	31	Picture	21	1903560	0	1	10226	1	0	10000	other	0
MRI_pilot_1	31	Response	1	1911306	7746	1
MRI_pilot_1	31	Pulse	255	1911355	7796	0
MRI_pilot_1	32	Picture	21	1928786	0	1	10226	1	0	10000	other	0
MRI_pilot_1	32	Pulse	255	1931356	2569	0
MRI_pilot_1	32	Response	1	1938187	9400	1
MRI_pilot_1	32	Pulse	255	1951356	22570	0
MRI_pilot_1	33	Picture	21	1954013	0	1	10226	1	0	10000	other	0
MRI_pilot_1	33	Response	1	1965007	10994	1
MRI_pilot_1	33	Pulse	255	1971356	17343	0
MRI_pilot_1	34	Picture	22	1979240	0	1	10226	1	0	10000	other	0
MRI_pilot_1	34	Response	2	1988107	8867	1
MRI_pilot_1	34	Pulse	255	1991356	12116	0
MRI_pilot_1	35	Picture	22	2004467	0	1	10226	1	0	10000	other	0
MRI_pilot_1	35	Pulse	255	2011357	6890	0
MRI_pilot_1	35	Response	2	2013807	9340	1
MRI_pilot_1	36	Picture	22	2029693	0	1	10226	1	0	10000	other	0
MRI_pilot_1	36	Pulse	255	2031356	1663	0
MRI_pilot_1	36	Response	2	2039537	9844	1
MRI_pilot_1	36	Pulse	255	2051356	21663	0
MRI_pilot_1	37	Picture	22	2054920	0	1	10226	1	0	10000	other	0
MRI_pilot_1	37	Response	2	2062967	8047	1
MRI_pilot_1	37	Pulse	255	2071357	16437	0
MRI_pilot_1	38	Picture	22	2080147	0	1	10226	1	0	10000	other	0
MRI_pilot_1	38	Response	2	2088827	8681	1
MRI_pilot_1	38	Pulse	255	2091357	11210	0
MRI_pilot_1	39	Picture	22	2105373	0	1	10226	1	0	10000	other	0
MRI_pilot_1	39	Pulse	255	2111356	5983	0
MRI_pilot_1	39	Response	2	2113447	8074	1
MRI_pilot_1	40	Picture	22	2130600	0	1	10226	1	0	10000	other	0
MRI_pilot_1	40	Pulse	255	2131357	757	0
MRI_pilot_1	40	Response	2	2139857	9257	1
MRI_pilot_1	40	Pulse	255	2151356	20756	0
MRI_pilot_1	41	Picture	22	2155827	0	1	10226	1	0	10000	other	0
MRI_pilot_1	41	Response	2	2164726	8900	1
MRI_pilot_1	41	Pulse	255	2171356	15530	0
MRI_pilot_1	42	Picture	22	2181053	0	1	10226	1	0	10000	other	0
MRI_pilot_1	42	Response	2	2190027	8974	1
MRI_pilot_1	42	Pulse	255	2191357	10304	0
MRI_pilot_1	43	Picture	22	2206280	0	1	10226	1	0	10000	other	0
MRI_pilot_1	43	Pulse	255	2211356	5076	0
MRI_pilot_1	43	Response	2	2214967	8687	1
MRI_pilot_1	43	Pulse	255	2231357	25077	0
MRI_pilot_1	44	Picture	Bfix	2231507	0	1	30226	1	0	30000	other	0
MRI_pilot_1	44	Pulse	255	2251357	19850	0
MRI_pilot_1	45	Picture	Ins_yeux	2261899	0	1	40226	1	0	40000	other	0
MRI_pilot_1	45	Pulse	255	2271357	9458	0
MRI_pilot_1	45	Pulse	255	2291357	29458	0
MRI_pilot_1	45	Pulse	255	2311357	49458	0
MRI_pilot_1	46	Picture	31	2322126	0	1	10226	1	0	10000	other	0
MRI_pilot_1	46	Pulse	255	2331357	9232	0
MRI_pilot_1	47	Picture	31	2347353	0	1	10226	1	0	10000	other	0
MRI_pilot_1	47	Pulse	255	2351357	4004	0
MRI_pilot_1	47	Pulse	255	2371357	24004	0
MRI_pilot_1	48	Picture	31	2372579	0	1	10226	1	0	10000	other	0
MRI_pilot_1	48	Pulse	255	2391357	18778	0
MRI_pilot_1	49	Picture	31	2397806	0	1	10226	1	0	10000	other	0
MRI_pilot_1	49	Pulse	255	2411358	13552	0
MRI_pilot_1	50	Picture	31	2423032	0	1	10226	1	0	10000	other	0
MRI_pilot_1	50	Pulse	255	2431358	8325	0
MRI_pilot_1	51	Picture	31	2448259	0	1	10226	1	0	10000	other	0
MRI_pilot_1	51	Pulse	255	2451357	3098	0
MRI_pilot_1	51	Pulse	255	2471358	23098	0
MRI_pilot_1	52	Picture	31	2473486	0	1	10226	1	0	10000	other	0
MRI_pilot_1	52	Pulse	255	2491358	17872	0
MRI_pilot_1	53	Picture	31	2498712	0	1	10226	1	0	10000	other	0
MRI_pilot_1	53	Pulse	255	2511357	12645	0
MRI_pilot_1	54	Picture	31	2523939	0	1	10226	1	0	10000	other	0
MRI_pilot_1	54	Pulse	255	2531358	7419	0
MRI_pilot_1	55	Picture	31	2549166	0	1	10225	1	0	10000	other	0
MRI_pilot_1	55	Pulse	255	2551357	2192	0
MRI_pilot_1	55	Pulse	255	2571358	22192	0
MRI_pilot_1	56	Picture	32	2574392	0	1	10226	1	0	10000	other	0
MRI_pilot_1	56	Pulse	255	2591357	16965	0
MRI_pilot_1	57	Picture	32	2599619	0	1	10226	1	0	10000	other	0
MRI_pilot_1	57	Pulse	255	2611358	11739	0
MRI_pilot_1	58	Picture	32	2624846	0	1	10226	1	0	10000	other	0
MRI_pilot_1	58	Pulse	255	2631358	6512	0
MRI_pilot_1	59	Picture	32	2650072	0	1	10226	1	0	10000	other	0
MRI_pilot_1	59	Pulse	255	2651358	1286	0
MRI_pilot_1	59	Pulse	255	2671357	21285	0
MRI_pilot_1	60	Picture	32	2675299	0	1	10226	1	0	10000	other	0
MRI_pilot_1	60	Pulse	255	2691358	16059	0
MRI_pilot_1	61	Picture	32	2700526	0	1	10225	1	0	10000	other	0
MRI_pilot_1	61	Pulse	255	2711359	10833	0
MRI_pilot_1	62	Picture	32	2725752	0	1	10226	1	0	10000	other	0
MRI_pilot_1	62	Pulse	255	2731357	5605	0
MRI_pilot_1	63	Picture	32	2750979	0	1	10226	1	0	10000	other	0
MRI_pilot_1	63	Pulse	255	2751358	379	0
MRI_pilot_1	63	Pulse	255	2771358	20379	0
MRI_pilot_1	64	Picture	32	2776206	0	1	10226	1	0	10000	other	0
MRI_pilot_1	64	Pulse	255	2791358	15152	0
MRI_pilot_1	65	Picture	32	2801433	0	1	10226	1	0	10000	other	0
MRI_pilot_1	65	Pulse	255	2811357	9924	0
MRI_pilot_1	66	Picture	Bfix	2826659	0	1	30228	1	0	30000	other	0
MRI_pilot_1	66	Pulse	255	2831358	4699	0
MRI_pilot_1	66	Pulse	255	2851359	24699	0
MRI_pilot_1	67	Picture	Ins_jambe	2856887	0	1	40226	1	0	40000	other	0
MRI_pilot_1	67	Pulse	255	2871358	14471	0
MRI_pilot_1	67	Pulse	255	2891358	34471	0
MRI_pilot_1	67	Pulse	255	2911359	54471	0
MRI_pilot_1	68	Picture	51	2917114	0	1	10226	1	0	10000	other	0
MRI_pilot_1	68	Pulse	255	2931358	14244	0
MRI_pilot_1	69	Picture	51	2942341	0	1	10226	1	0	10000	other	0
MRI_pilot_1	69	Pulse	255	2951358	9017	0
MRI_pilot_1	70	Picture	51	2967568	0	1	10226	1	0	10000	other	0
MRI_pilot_1	70	Pulse	255	2971358	3790	0
MRI_pilot_1	70	Pulse	255	2991358	23791	0
MRI_pilot_1	71	Picture	51	2992794	0	1	10226	1	0	10000	other	0
MRI_pilot_1	71	Pulse	255	3011358	18564	0
MRI_pilot_1	72	Picture	51	3018021	0	1	10226	1	0	10000	other	0
MRI_pilot_1	72	Pulse	255	3031358	13337	0
MRI_pilot_1	73	Picture	51	3043248	0	1	10226	1	0	10000	other	0
MRI_pilot_1	73	Pulse	255	3051359	8111	0
MRI_pilot_1	74	Picture	51	3068474	0	1	10226	1	0	10000	other	0
MRI_pilot_1	74	Pulse	255	3071359	2885	0
MRI_pilot_1	74	Pulse	255	3091359	22885	0
MRI_pilot_1	75	Picture	51	3093701	0	1	10225	1	0	10000	other	0
MRI_pilot_1	75	Pulse	255	3111358	17657	0
MRI_pilot_1	76	Picture	51	3118928	0	1	10226	1	0	10000	other	0
MRI_pilot_1	76	Pulse	255	3131359	12431	0
MRI_pilot_1	77	Picture	51	3144154	0	1	10226	1	0	10000	other	0
MRI_pilot_1	77	Pulse	255	3151359	7205	0
MRI_pilot_1	78	Picture	52	3169381	0	1	10226	1	0	10000	other	0
MRI_pilot_1	78	Pulse	255	3171359	1978	0
MRI_pilot_1	78	Pulse	255	3191359	21978	0
MRI_pilot_1	79	Picture	52	3194608	0	1	10226	1	0	10000	other	0
MRI_pilot_1	79	Pulse	255	3211358	16750	0
MRI_pilot_1	80	Picture	52	3219835	0	1	10226	1	0	10000	other	0
MRI_pilot_1	80	Pulse	255	3231359	11525	0
MRI_pilot_1	81	Picture	52	3245061	0	1	10226	1	0	10000	other	0
MRI_pilot_1	81	Pulse	255	3251359	6297	0
MRI_pilot_1	82	Picture	52	3270288	0	1	10226	1	0	10000	other	0
MRI_pilot_1	82	Pulse	255	3271356	1068	2
MRI_pilot_1	82	Pulse	255	3291359	21071	0
MRI_pilot_1	83	Picture	52	3295515	0	1	10226	1	0	10000	other	0
MRI_pilot_1	83	Pulse	255	3311359	15844	0
MRI_pilot_1	84	Picture	52	3320742	0	1	10226	1	0	10000	other	0
MRI_pilot_1	84	Pulse	255	3331360	10618	0
MRI_pilot_1	85	Picture	52	3345968	0	1	10226	1	0	10000	other	0
MRI_pilot_1	85	Pulse	255	3351359	5391	0
MRI_pilot_1	86	Picture	52	3371195	0	1	10226	1	0	10000	other	0
MRI_pilot_1	86	Pulse	255	3371360	165	0
MRI_pilot_1	86	Pulse	255	3391360	20165	0
MRI_pilot_1	87	Picture	52	3396422	0	1	10226	1	0	10000	other	0
MRI_pilot_1	87	Pulse	255	3411360	14937	0
MRI_pilot_1	88	Picture	Bfix	3421649	0	1	30228	1	0	30000	other	0
MRI_pilot_1	88	Pulse	255	3431359	9710	0
MRI_pilot_1	88	Pulse	255	3451359	29710	0
MRI_pilot_1	89	Picture	Ins_bouche	3451877	0	1	40226	1	0	40000	other	0
MRI_pilot_1	89	Pulse	255	3471359	19482	0
MRI_pilot_1	89	Pulse	255	3491360	39483	0
MRI_pilot_1	89	Pulse	255	3511360	59483	0
MRI_pilot_1	90	Picture	61	3512104	0	1	10226	1	0	10000	other	0
MRI_pilot_1	90	Pulse	255	3531360	19256	0
MRI_pilot_1	91	Picture	61	3537331	0	1	10226	1	0	10000	other	0
MRI_pilot_1	91	Pulse	255	3551360	14029	0
MRI_pilot_1	92	Picture	61	3562557	0	1	10226	1	0	10000	other	0
MRI_pilot_1	92	Pulse	255	3571359	8801	1
MRI_pilot_1	93	Picture	61	3587784	0	1	10226	1	0	10000	other	0
MRI_pilot_1	93	Pulse	255	3591360	3576	0
MRI_pilot_1	93	Pulse	255	3611360	23576	0
MRI_pilot_1	94	Picture	61	3613011	0	1	10226	1	0	10000	other	0
MRI_pilot_1	94	Pulse	255	3631360	18349	0
MRI_pilot_1	95	Picture	61	3638238	0	1	10190	1	0	10000	other	0
MRI_pilot_1	95	Pulse	255	3651359	13122	0
MRI_pilot_1	96	Picture	61	3663464	0	1	10225	1	0	10000	other	0
MRI_pilot_1	96	Pulse	255	3671360	7895	0
MRI_pilot_1	97	Picture	61	3688691	0	1	10226	1	0	10000	other	0
MRI_pilot_1	97	Pulse	255	3691360	2669	0
MRI_pilot_1	97	Pulse	255	3711360	22669	0
MRI_pilot_1	98	Picture	61	3713918	0	1	10226	1	0	10000	other	0
MRI_pilot_1	98	Pulse	255	3731359	17442	0
MRI_pilot_1	99	Picture	61	3739144	0	1	10226	1	0	10000	other	0
MRI_pilot_1	99	Pulse	255	3751361	12216	0
MRI_pilot_1	100	Picture	62	3764371	0	1	10226	1	0	10000	other	0
MRI_pilot_1	100	Pulse	255	3771361	6990	0
MRI_pilot_1	101	Picture	62	3789598	0	1	10226	1	0	10000	other	0
MRI_pilot_1	101	Pulse	255	3791361	1763	0
MRI_pilot_1	101	Pulse	255	3811361	21763	0
MRI_pilot_1	102	Picture	62	3814824	0	1	10226	1	0	10000	other	0
MRI_pilot_1	102	Pulse	255	3831361	16536	0
MRI_pilot_1	103	Picture	62	3840051	0	1	10226	1	0	10000	other	0
MRI_pilot_1	103	Pulse	255	3851360	11309	0
MRI_pilot_1	104	Picture	62	3865278	0	1	10226	1	0	10000	other	0
MRI_pilot_1	104	Pulse	255	3871350	6072	0
MRI_pilot_1	105	Picture	62	3890504	0	1	10226	1	0	10000	other	0
MRI_pilot_1	105	Pulse	255	3891350	846	0
MRI_pilot_1	105	Pulse	255	3911350	20846	0
MRI_pilot_1	106	Picture	62	3915731	0	1	10226	1	0	10000	other	0
MRI_pilot_1	106	Pulse	255	3931350	15619	0
MRI_pilot_1	107	Picture	62	3940958	0	1	10226	1	0	10000	other	0
MRI_pilot_1	107	Pulse	255	3951351	10393	0
MRI_pilot_1	108	Picture	62	3966184	0	1	10226	1	0	10000	other	0
MRI_pilot_1	108	Pulse	255	3971350	5166	0
MRI_pilot_1	108	Pulse	255	3991351	25167	0
MRI_pilot_1	109	Picture	62	3991411	0	1	10226	1	0	10000	other	0
MRI_pilot_1	109	Pulse	255	4011350	19939	0
MRI_pilot_1	110	Picture	Bfix	4016638	0	1	30229	1	0	30000	other	0
MRI_pilot_1	110	Pulse	255	4031351	14713	0
MRI_pilot_1	111	Picture	Ins_repos	4046866	0	1	40226	1	0	40000	other	0
MRI_pilot_1	111	Pulse	255	4051351	4485	0
MRI_pilot_1	111	Pulse	255	4071351	24485	0
MRI_pilot_1	111	Pulse	255	4091351	44484	0
MRI_pilot_1	112	Picture	71	4107093	0	1	10226	1	0	10000	other	0
MRI_pilot_1	112	Pulse	255	4111351	4258	0
MRI_pilot_1	112	Pulse	255	4131351	24258	0
MRI_pilot_1	113	Picture	71	4132320	0	1	10226	1	0	10000	other	0
MRI_pilot_1	113	Pulse	255	4151351	19032	0
MRI_pilot_1	114	Picture	71	4157546	0	1	10226	1	0	10000	other	0
MRI_pilot_1	114	Pulse	255	4171350	13804	0
MRI_pilot_1	115	Picture	71	4182773	0	1	10226	1	0	10000	other	0
MRI_pilot_1	115	Pulse	255	4191351	8578	0
MRI_pilot_1	116	Picture	71	4208000	0	1	10226	1	0	10000	other	0
MRI_pilot_1	116	Pulse	255	4211352	3352	0
MRI_pilot_1	116	Pulse	255	4231351	23351	0
MRI_pilot_1	117	Picture	71	4233226	0	1	10226	1	0	10000	other	0
MRI_pilot_1	117	Pulse	255	4251351	18124	0
MRI_pilot_1	118	Picture	71	4258453	0	1	10225	1	0	10000	other	0
MRI_pilot_1	118	Pulse	255	4271352	12898	0
MRI_pilot_1	119	Picture	71	4283680	0	1	10226	1	0	10000	other	0
MRI_pilot_1	119	Pulse	255	4291351	7671	0
MRI_pilot_1	120	Picture	71	4308906	0	1	10226	1	0	10000	other	0
MRI_pilot_1	120	Pulse	255	4311351	2444	0
MRI_pilot_1	120	Pulse	255	4331351	22444	0
MRI_pilot_1	121	Picture	71	4334133	0	1	10226	1	0	10000	other	0
MRI_pilot_1	121	Pulse	255	4351352	17219	0
MRI_pilot_1	122	Picture	72	4359360	0	1	10226	1	0	10000	other	0
MRI_pilot_1	122	Pulse	255	4371352	11992	0
MRI_pilot_1	123	Picture	72	4384586	0	1	10226	1	0	10000	other	0
MRI_pilot_1	123	Pulse	255	4391351	6765	0
MRI_pilot_1	124	Picture	72	4409813	0	1	10226	1	0	10000	other	0
MRI_pilot_1	124	Pulse	255	4411352	1539	0
MRI_pilot_1	124	Pulse	255	4431352	21539	0
MRI_pilot_1	125	Picture	72	4435040	0	1	10226	1	0	10000	other	0
MRI_pilot_1	125	Pulse	255	4451351	16311	0
MRI_pilot_1	126	Picture	72	4460267	0	1	10226	1	0	10000	other	0
MRI_pilot_1	126	Pulse	255	4471351	11084	0
MRI_pilot_1	127	Picture	72	4485494	0	1	10226	1	0	10000	other	0
MRI_pilot_1	127	Pulse	255	4491352	5858	0
MRI_pilot_1	128	Picture	72	4510720	0	1	10226	1	0	10000	other	0
MRI_pilot_1	128	Pulse	255	4511352	632	0
MRI_pilot_1	128	Pulse	255	4531352	20632	0
MRI_pilot_1	129	Picture	72	4535947	0	1	10226	1	0	10000	other	0
MRI_pilot_1	129	Pulse	255	4551351	15404	0
MRI_pilot_1	130	Picture	72	4561174	0	1	10226	1	0	10000	other	0
MRI_pilot_1	130	Pulse	255	4571352	10178	0
MRI_pilot_1	131	Picture	72	4586401	0	1	10226	1	0	10000	other	0
MRI_pilot_1	131	Pulse	255	4591352	4952	0
MRI_pilot_1	131	Pulse	255	4611352	24952	0
MRI_pilot_1	132	Picture	Bfix	4611627	0	1	30228	1	0	30000	other	0
MRI_pilot_1	132	Pulse	255	4631351	19724	0
MRI_pilot_1	133	Picture	Ins_main	4641855	0	1	40226	1	0	40000	other	0
MRI_pilot_1	133	Pulse	255	4651353	9498	0
MRI_pilot_1	133	Pulse	255	4671352	29497	0
MRI_pilot_1	133	Pulse	255	4691353	49498	0
MRI_pilot_1	134	Picture	11	4702082	0	1	10226	1	0	10000	other	0
MRI_pilot_1	134	Pulse	255	4711352	9271	0
MRI_pilot_1	135	Picture	11	4727308	0	1	10226	1	0	10000	other	0
MRI_pilot_1	135	Pulse	255	4731353	4044	0
MRI_pilot_1	135	Pulse	255	4751352	24044	0
MRI_pilot_1	136	Picture	11	4752535	0	1	10226	1	0	10000	other	0
MRI_pilot_1	136	Pulse	255	4771352	18817	0
MRI_pilot_1	137	Picture	11	4777762	0	1	10226	1	0	10000	other	0
MRI_pilot_1	137	Pulse	255	4791352	13590	0
MRI_pilot_1	138	Picture	11	4802921	0	1	10226	1	0	10000	other	0
MRI_pilot_1	138	Pulse	255	4811353	8432	0
MRI_pilot_1	139	Picture	11	4828148	0	1	10226	1	0	10000	other	0
MRI_pilot_1	139	Pulse	255	4831353	3205	0
MRI_pilot_1	139	Pulse	255	4851353	23205	0
MRI_pilot_1	140	Picture	11	4853375	0	1	10226	1	0	10000	other	0
MRI_pilot_1	140	Pulse	255	4871353	17978	0
MRI_pilot_1	141	Picture	11	4878601	0	1	10226	1	0	10000	other	0
MRI_pilot_1	141	Pulse	255	4891352	12751	0
MRI_pilot_1	142	Picture	11	4903828	0	1	10226	1	0	10000	other	0
MRI_pilot_1	142	Pulse	255	4911352	7524	0
MRI_pilot_1	143	Picture	11	4929054	0	1	10225	1	0	10000	other	0
MRI_pilot_1	143	Pulse	255	4931353	2298	0
MRI_pilot_1	143	Pulse	255	4951353	22298	0
MRI_pilot_1	144	Picture	12	4954281	0	1	10226	1	0	10000	other	0
MRI_pilot_1	144	Pulse	255	4971353	17072	0
MRI_pilot_1	145	Picture	12	4979508	0	1	10226	1	0	10000	other	0
MRI_pilot_1	145	Pulse	255	4991353	11845	0
MRI_pilot_1	146	Picture	12	5004735	0	1	10226	1	0	10000	other	0
MRI_pilot_1	146	Pulse	255	5011353	6618	0
MRI_pilot_1	147	Picture	12	5029961	0	1	10226	1	0	10000	other	0
MRI_pilot_1	147	Pulse	255	5031353	1392	0
MRI_pilot_1	147	Pulse	255	5051353	21392	0
MRI_pilot_1	148	Picture	12	5055188	0	1	10226	1	0	10000	other	0
MRI_pilot_1	148	Pulse	255	5071353	16165	0
MRI_pilot_1	149	Picture	12	5080415	0	1	10226	1	0	10000	other	0
MRI_pilot_1	149	Pulse	255	5091354	10939	0
MRI_pilot_1	150	Picture	12	5105642	0	1	10226	1	0	10000	other	0
MRI_pilot_1	150	Pulse	255	5111352	5711	0
MRI_pilot_1	151	Picture	12	5130868	0	1	10226	1	0	10000	other	0
MRI_pilot_1	151	Pulse	255	5131353	485	0
MRI_pilot_1	151	Pulse	255	5151353	20484	0
MRI_pilot_1	152	Picture	12	5156095	0	1	10226	1	0	10000	other	0
MRI_pilot_1	152	Pulse	255	5171353	15258	0
MRI_pilot_1	153	Picture	12	5181322	0	1	10226	1	0	10000	other	0
MRI_pilot_1	153	Pulse	255	5191380	10059	0
MRI_pilot_1	154	Picture	Bfix	5206549	0	1	30227	1	0	30000	other	0
MRI_pilot_1	154	Pulse	255	5211354	4805	0
MRI_pilot_1	154	Pulse	255	5231353	24804	0
MRI_pilot_1	155	Picture	Ins_index	5236776	0	1	40226	1	0	40000	other	0
MRI_pilot_1	155	Pulse	255	5251354	14578	0
MRI_pilot_1	155	Pulse	255	5271353	34577	0
MRI_pilot_1	155	Pulse	255	5291354	54578	0
MRI_pilot_1	156	Picture	21	5297003	0	1	10226	1	0	10000	other	0
MRI_pilot_1	156	Response	1	5302344	5341	1
MRI_pilot_1	156	Pulse	255	5311353	14350	0
MRI_pilot_1	156	Response	1	5320724	23721	1
MRI_pilot_1	157	Picture	21	5322229	0	1	10226	1	0	10000	other	0
MRI_pilot_1	157	Pulse	255	5331354	9124	0
MRI_pilot_1	158	Picture	21	5347456	0	1	10226	1	0	10000	other	0
MRI_pilot_1	158	Response	1	5351154	3698	1
MRI_pilot_1	158	Pulse	255	5351353	3897	0
MRI_pilot_1	158	Pulse	255	5371353	23897	0
MRI_pilot_1	159	Picture	21	5372683	0	1	10226	1	0	10000	other	0
MRI_pilot_1	159	Response	1	5376504	3821	1
MRI_pilot_1	159	Pulse	255	5391354	18671	0
MRI_pilot_1	160	Picture	21	5397910	0	1	10226	1	0	10000	other	0
MRI_pilot_1	160	Response	1	5402604	4695	1
MRI_pilot_1	160	Pulse	255	5411353	13444	0
MRI_pilot_1	161	Picture	21	5423136	0	1	10226	1	0	10000	other	0
MRI_pilot_1	161	Response	1	5429473	6337	1
MRI_pilot_1	161	Pulse	255	5431353	8217	0
MRI_pilot_1	162	Picture	21	5448363	0	1	10226	1	0	10000	other	0
MRI_pilot_1	162	Pulse	255	5451353	2990	0
MRI_pilot_1	162	Response	1	5455854	7491	1
MRI_pilot_1	162	Pulse	255	5471354	22991	0
MRI_pilot_1	163	Picture	21	5473590	0	1	10226	1	0	10000	other	0
MRI_pilot_1	163	Response	1	5481884	8295	1
MRI_pilot_1	163	Pulse	255	5491354	17765	0
MRI_pilot_1	164	Picture	21	5498817	0	1	10226	1	0	10000	other	0
MRI_pilot_1	164	Response	1	5505144	6328	1
MRI_pilot_1	164	Pulse	255	5511354	12538	0
MRI_pilot_1	165	Picture	21	5524043	0	1	10226	1	0	10000	other	0
MRI_pilot_1	165	Pulse	255	5531354	7311	0
MRI_pilot_1	165	Response	1	5532604	8561	1
MRI_pilot_1	166	Picture	22	5549270	0	1	10225	1	0	10000	other	0
MRI_pilot_1	166	Pulse	255	5551355	2085	0
MRI_pilot_1	166	Response	2	5557605	8335	1
MRI_pilot_1	166	Pulse	255	5571354	22084	0
MRI_pilot_1	167	Picture	22	5574496	0	1	10226	1	0	10000	other	0
MRI_pilot_1	167	Response	2	5585324	10828	1
MRI_pilot_1	167	Pulse	255	5591354	16858	0
MRI_pilot_1	168	Picture	22	5599723	0	1	10226	1	0	10000	other	0
MRI_pilot_1	168	Response	2	5611055	11332	1
MRI_pilot_1	168	Pulse	255	5611354	11631	0
MRI_pilot_1	169	Picture	22	5624950	0	1	10226	1	0	10000	other	0
MRI_pilot_1	169	Pulse	255	5631355	6405	0
MRI_pilot_1	169	Response	2	5633895	8945	1
MRI_pilot_1	170	Picture	22	5650176	0	1	10226	1	0	10000	other	0
MRI_pilot_1	170	Pulse	255	5651354	1178	0
MRI_pilot_1	170	Response	2	5661105	10928	1
MRI_pilot_1	170	Pulse	255	5671354	21178	0
MRI_pilot_1	171	Picture	22	5675404	0	1	10226	1	0	10000	other	0
MRI_pilot_1	171	Response	2	5686065	10661	1
MRI_pilot_1	171	Pulse	255	5691355	15951	0
MRI_pilot_1	172	Picture	22	5700630	0	1	10226	1	0	10000	other	0
MRI_pilot_1	172	Response	2	5710885	10255	1
MRI_pilot_1	172	Pulse	255	5711354	10723	0
MRI_pilot_1	173	Picture	22	5725857	0	1	10226	1	0	10000	other	0
MRI_pilot_1	173	Pulse	255	5731355	5498	0
MRI_pilot_1	173	Response	2	5736305	10448	1
MRI_pilot_1	174	Picture	22	5751084	0	1	10226	1	0	10000	other	0
MRI_pilot_1	174	Pulse	255	5751355	271	0
MRI_pilot_1	174	Response	2	5761215	10131	1
MRI_pilot_1	174	Pulse	255	5771355	20271	0
MRI_pilot_1	175	Picture	22	5776310	0	1	10226	1	0	10000	other	0
MRI_pilot_1	175	Response	2	5786185	9875	1
MRI_pilot_1	175	Pulse	255	5791354	15044	0
MRI_pilot_1	176	Picture	Bfix	5801537	0	1	30227	1	0	30000	other	0
MRI_pilot_1	176	Pulse	255	5811354	9817	0
MRI_pilot_1	176	Pulse	255	5831355	29818	0
MRI_pilot_1	177	Picture	Ins_yeux	5831764	0	1	40226	1	0	40000	other	0
MRI_pilot_1	177	Pulse	255	5851355	19591	0
MRI_pilot_1	177	Pulse	255	5871355	39591	0
MRI_pilot_1	177	Pulse	255	5891356	59591	0
MRI_pilot_1	178	Picture	31	5891991	0	1	10226	1	0	10000	other	0
MRI_pilot_1	178	Pulse	255	5911355	19364	0
MRI_pilot_1	179	Picture	31	5917218	0	1	10226	1	0	10000	other	0
MRI_pilot_1	179	Pulse	255	5931354	14136	0
MRI_pilot_1	180	Picture	31	5942445	0	1	10226	1	0	10000	other	0
MRI_pilot_1	180	Pulse	255	5951355	8910	0
MRI_pilot_1	181	Picture	31	5967672	0	1	10226	1	0	10000	other	0
MRI_pilot_1	181	Pulse	255	5971355	3684	0
MRI_pilot_1	181	Pulse	255	5991355	23684	0
MRI_pilot_1	182	Picture	31	5992898	0	1	10226	1	0	10000	other	0
MRI_pilot_1	182	Pulse	255	6011356	18457	0
MRI_pilot_1	183	Picture	31	6018125	0	1	10226	1	0	10000	other	0
MRI_pilot_1	183	Pulse	255	6031356	13231	0
MRI_pilot_1	184	Picture	31	6043352	0	1	10226	1	0	10000	other	0
MRI_pilot_1	184	Pulse	255	6051356	8004	0
MRI_pilot_1	185	Picture	31	6068578	0	1	10226	1	0	10000	other	0
MRI_pilot_1	185	Pulse	255	6071356	2777	0
MRI_pilot_1	185	Pulse	255	6091356	22777	0
MRI_pilot_1	186	Picture	31	6093805	0	1	10226	1	0	10000	other	0
MRI_pilot_1	186	Pulse	255	6111355	17550	0
MRI_pilot_1	187	Picture	31	6119032	0	1	10226	1	0	10000	other	0
MRI_pilot_1	187	Pulse	255	6131356	12324	0
MRI_pilot_1	188	Picture	32	6144258	0	1	10226	1	0	10000	other	0
MRI_pilot_1	188	Pulse	255	6151356	7098	0
MRI_pilot_1	189	Picture	32	6169485	0	1	10226	1	0	10000	other	0
MRI_pilot_1	189	Pulse	255	6171356	1871	0
MRI_pilot_1	189	Pulse	255	6191356	21871	0
MRI_pilot_1	190	Picture	32	6194712	0	1	10226	1	0	10000	other	0
MRI_pilot_1	190	Pulse	255	6211355	16644	0
MRI_pilot_1	191	Picture	32	6219938	0	1	10226	1	0	10000	other	0
MRI_pilot_1	191	Pulse	255	6231355	11417	0
MRI_pilot_1	192	Picture	32	6245165	0	1	10226	1	0	10000	other	0
MRI_pilot_1	192	Pulse	255	6251355	6190	0
MRI_pilot_1	193	Picture	32	6270392	0	1	10226	1	0	10000	other	0
MRI_pilot_1	193	Pulse	255	6271355	963	0
MRI_pilot_1	193	Pulse	255	6291355	20964	0
MRI_pilot_1	194	Picture	32	6295619	0	1	10226	1	0	10000	other	0
MRI_pilot_1	194	Pulse	255	6311356	15738	0
MRI_pilot_1	195	Picture	32	6320845	0	1	10226	1	0	10000	other	0
MRI_pilot_1	195	Pulse	255	6331356	10511	0
MRI_pilot_1	196	Picture	32	6346072	0	1	10226	1	0	10000	other	0
MRI_pilot_1	196	Pulse	255	6351346	5274	0
MRI_pilot_1	197	Picture	32	6371299	0	1	10226	1	0	10000	other	0
MRI_pilot_1	197	Pulse	255	6371346	47	0
MRI_pilot_1	197	Pulse	255	6391346	20047	0
MRI_pilot_1	198	Picture	Bfix	6396526	0	1	30227	1	0	30000	other	0
MRI_pilot_1	198	Pulse	255	6411346	14820	0
MRI_pilot_1	199	Picture	Ins_jambe	6426752	0	1	40226	1	0	40000	other	0
MRI_pilot_1	199	Pulse	255	6431347	4594	0
MRI_pilot_1	199	Pulse	255	6451346	24594	0
MRI_pilot_1	199	Pulse	255	6471346	44593	0
MRI_pilot_1	200	Picture	51	6486979	0	1	10226	1	0	10000	other	0
MRI_pilot_1	200	Pulse	255	6491346	4367	0
MRI_pilot_1	200	Pulse	255	6511347	24368	0
MRI_pilot_1	201	Picture	51	6512206	0	1	10226	1	0	10000	other	0
MRI_pilot_1	201	Pulse	255	6531346	19140	0
MRI_pilot_1	202	Picture	51	6537433	0	1	10226	1	0	10000	other	0
MRI_pilot_1	202	Pulse	255	6551347	13914	0
MRI_pilot_1	203	Picture	51	6562660	0	1	10226	1	0	10000	other	0
MRI_pilot_1	203	Pulse	255	6571346	8686	0
MRI_pilot_1	204	Picture	51	6587886	0	1	10226	1	0	10000	other	0
MRI_pilot_1	204	Pulse	255	6591346	3460	0
MRI_pilot_1	204	Pulse	255	6611347	23460	0
MRI_pilot_1	205	Picture	51	6613113	0	1	10226	1	0	10000	other	0
MRI_pilot_1	205	Pulse	255	6631346	18233	0
MRI_pilot_1	206	Picture	51	6638340	0	1	10226	1	0	10000	other	0
MRI_pilot_1	206	Pulse	255	6651346	13007	0
MRI_pilot_1	207	Picture	51	6663566	0	1	10225	1	0	10000	other	0
MRI_pilot_1	207	Pulse	255	6671347	7781	0
MRI_pilot_1	208	Picture	51	6688793	0	1	10226	1	0	10000	other	0
MRI_pilot_1	208	Pulse	255	6691347	2553	0
MRI_pilot_1	208	Pulse	255	6711347	22553	0
MRI_pilot_1	209	Picture	51	6714020	0	1	10226	1	0	10000	other	0
MRI_pilot_1	209	Pulse	255	6731346	17326	0
MRI_pilot_1	210	Picture	52	6739247	0	1	10226	1	0	10000	other	0
MRI_pilot_1	210	Pulse	255	6751347	12101	0
MRI_pilot_1	211	Picture	52	6764473	0	1	10226	1	0	10000	other	0
MRI_pilot_1	211	Pulse	255	6771347	6874	0
MRI_pilot_1	212	Picture	52	6789700	0	1	10226	1	0	10000	other	0
MRI_pilot_1	212	Pulse	255	6791347	1647	0
MRI_pilot_1	212	Pulse	255	6811347	21646	0
MRI_pilot_1	213	Picture	52	6814927	0	1	10226	1	0	10000	other	0
MRI_pilot_1	213	Pulse	255	6831347	16420	0
MRI_pilot_1	214	Picture	52	6840154	0	1	10226	1	0	10000	other	0
MRI_pilot_1	214	Pulse	255	6851347	11193	0
MRI_pilot_1	215	Picture	52	6865381	0	1	10226	1	0	10000	other	0
MRI_pilot_1	215	Pulse	255	6871347	5966	0
MRI_pilot_1	216	Picture	52	6890607	0	1	10226	1	0	10000	other	0
MRI_pilot_1	216	Pulse	255	6891348	741	0
MRI_pilot_1	216	Pulse	255	6911348	20740	0
MRI_pilot_1	217	Picture	52	6915834	0	1	10226	1	0	10000	other	0
MRI_pilot_1	217	Pulse	255	6931347	15513	0
MRI_pilot_1	218	Picture	52	6941061	0	1	10226	1	0	10000	other	0
MRI_pilot_1	218	Pulse	255	6951347	10287	0
MRI_pilot_1	219	Picture	52	6966287	0	1	10226	1	0	10000	other	0
MRI_pilot_1	219	Pulse	255	6971347	5060	0
MRI_pilot_1	219	Pulse	255	6991368	25081	0
MRI_pilot_1	220	Picture	Bfix	6991514	0	1	30227	1	0	30000	other	0
MRI_pilot_1	220	Pulse	255	7011348	19834	0
MRI_pilot_1	221	Picture	Ins_bouche	7021741	0	1	40226	1	0	40000	other	0
MRI_pilot_1	221	Pulse	255	7031347	9606	0
MRI_pilot_1	221	Pulse	255	7051347	29606	0
MRI_pilot_1	221	Pulse	255	7071348	49607	0
MRI_pilot_1	222	Picture	61	7081968	0	1	10226	1	0	10000	other	0
MRI_pilot_1	222	Pulse	255	7091348	9381	0
MRI_pilot_1	223	Picture	61	7107194	0	1	10226	1	0	10000	other	0
MRI_pilot_1	223	Pulse	255	7111347	4153	0
MRI_pilot_1	223	Pulse	255	7131348	24154	0
MRI_pilot_1	224	Picture	61	7132421	0	1	10226	1	0	10000	other	0
MRI_pilot_1	224	Pulse	255	7151348	18927	0
MRI_pilot_1	225	Picture	61	7157648	0	1	10226	1	0	10000	other	0
MRI_pilot_1	225	Pulse	255	7171348	13700	0
MRI_pilot_1	226	Picture	61	7182874	0	1	10226	1	0	10000	other	0
MRI_pilot_1	226	Pulse	255	7191348	8474	0
MRI_pilot_1	227	Picture	61	7208101	0	1	10226	1	0	10000	other	0
MRI_pilot_1	227	Pulse	255	7211347	3246	0
MRI_pilot_1	227	Pulse	255	7231348	23247	0
MRI_pilot_1	228	Picture	61	7233328	0	1	10226	1	0	10000	other	0
MRI_pilot_1	228	Pulse	255	7251349	18021	0
MRI_pilot_1	229	Picture	61	7258555	0	1	10226	1	0	10000	other	0
MRI_pilot_1	229	Pulse	255	7271348	12793	0
MRI_pilot_1	230	Picture	61	7283781	0	1	10226	1	0	10000	other	0
MRI_pilot_1	230	Pulse	255	7291348	7567	0
MRI_pilot_1	231	Picture	61	7309008	0	1	10226	1	0	10000	other	0
MRI_pilot_1	231	Pulse	255	7311349	2341	0
MRI_pilot_1	231	Pulse	255	7331348	22340	0
MRI_pilot_1	232	Picture	62	7334235	0	1	10226	1	0	10000	other	0
MRI_pilot_1	232	Pulse	255	7351349	17114	0
MRI_pilot_1	233	Picture	62	7359461	0	1	10225	1	0	10000	other	0
MRI_pilot_1	233	Pulse	255	7371348	11886	0
MRI_pilot_1	234	Picture	62	7384688	0	1	10226	1	0	10000	other	0
MRI_pilot_1	234	Pulse	255	7391348	6660	0
MRI_pilot_1	235	Picture	62	7409915	0	1	10226	1	0	10000	other	0
MRI_pilot_1	235	Pulse	255	7411349	1434	0
MRI_pilot_1	235	Pulse	255	7431349	21434	0
MRI_pilot_1	236	Picture	62	7435141	0	1	10226	1	0	10000	other	0
MRI_pilot_1	236	Pulse	255	7451348	16207	0
MRI_pilot_1	237	Picture	62	7460368	0	1	10226	1	0	10000	other	0
MRI_pilot_1	237	Pulse	255	7471349	10980	0
MRI_pilot_1	238	Picture	62	7485596	0	1	10226	1	0	10000	other	0
MRI_pilot_1	238	Pulse	255	7491349	5753	0
MRI_pilot_1	239	Picture	62	7510822	0	1	10226	1	0	10000	other	0
MRI_pilot_1	239	Pulse	255	7511349	527	0
MRI_pilot_1	239	Pulse	255	7531348	20526	0
MRI_pilot_1	240	Picture	62	7536049	0	1	10226	1	0	10000	other	0
MRI_pilot_1	240	Pulse	255	7551349	15300	0
MRI_pilot_1	241	Picture	62	7561276	0	1	10226	1	0	10000	other	0
MRI_pilot_1	241	Pulse	255	7571359	10083	0
MRI_pilot_1	242	Picture	Bfix	7586502	0	1	30227	1	0	30000	other	0
MRI_pilot_1	242	Pulse	255	7591348	4846	0
MRI_pilot_1	242	Pulse	255	7611349	24846	0
MRI_pilot_1	243	Picture	Ins_repos	7616729	0	1	40226	1	0	40000	other	0
MRI_pilot_1	243	Pulse	255	7631348	14619	0
MRI_pilot_1	243	Pulse	255	7651349	34620	0
MRI_pilot_1	243	Pulse	255	7671349	54620	0
MRI_pilot_1	244	Picture	71	7676956	0	1	10226	1	0	10000	other	0
MRI_pilot_1	244	Pulse	255	7691349	14393	0
MRI_pilot_1	245	Picture	71	7702183	0	1	10226	1	0	10000	other	0
MRI_pilot_1	245	Pulse	255	7711349	9166	0
MRI_pilot_1	246	Picture	71	7727409	0	1	10226	1	0	10000	other	0
MRI_pilot_1	246	Pulse	255	7731349	3940	0
MRI_pilot_1	246	Pulse	255	7751349	23939	0
MRI_pilot_1	247	Picture	71	7752636	0	1	10226	1	0	10000	other	0
MRI_pilot_1	247	Pulse	255	7771350	18714	0
MRI_pilot_1	248	Picture	71	7777863	0	1	10226	1	0	10000	other	0
MRI_pilot_1	248	Pulse	255	7791350	13487	0
MRI_pilot_1	249	Picture	71	7803089	0	1	10226	1	0	10000	other	0
MRI_pilot_1	249	Pulse	255	7811350	8260	0
MRI_pilot_1	250	Picture	71	7828316	0	1	10226	1	0	10000	other	0
MRI_pilot_1	250	Pulse	255	7831350	3034	0
MRI_pilot_1	250	Pulse	255	7851349	23033	0
MRI_pilot_1	251	Picture	71	7853543	0	1	10226	1	0	10000	other	0
MRI_pilot_1	251	Pulse	255	7871349	17806	0
MRI_pilot_1	252	Picture	71	7878770	0	1	10226	1	0	10000	other	0
MRI_pilot_1	252	Pulse	255	7891349	12580	0
MRI_pilot_1	253	Picture	71	7903996	0	1	10225	1	0	10000	other	0
MRI_pilot_1	253	Pulse	255	7911349	7353	0
MRI_pilot_1	254	Picture	72	7929223	0	1	10225	1	0	10000	other	0
MRI_pilot_1	254	Pulse	255	7931349	2126	0
MRI_pilot_1	254	Pulse	255	7951350	22127	0
MRI_pilot_1	255	Picture	72	7954450	0	1	10226	1	0	10000	other	0
MRI_pilot_1	255	Pulse	255	7971350	16900	0
MRI_pilot_1	256	Picture	72	7979677	0	1	10226	1	0	10000	other	0
MRI_pilot_1	256	Pulse	255	7991350	11673	0
MRI_pilot_1	257	Picture	72	8004903	0	1	10226	1	0	10000	other	0
MRI_pilot_1	257	Pulse	255	8011349	6446	0
MRI_pilot_1	258	Picture	72	8030130	0	1	10226	1	0	10000	other	0
MRI_pilot_1	258	Pulse	255	8031350	1220	0
MRI_pilot_1	258	Pulse	255	8051350	21221	0
MRI_pilot_1	259	Picture	72	8055356	0	1	10226	1	0	10000	other	0
MRI_pilot_1	259	Pulse	255	8071349	15993	0
MRI_pilot_1	260	Picture	72	8080583	0	1	10226	1	0	10000	other	0
MRI_pilot_1	260	Pulse	255	8091350	10767	0
MRI_pilot_1	261	Picture	72	8105810	0	1	10226	1	0	10000	other	0
MRI_pilot_1	261	Pulse	255	8111350	5540	0
MRI_pilot_1	262	Picture	72	8131037	0	1	10226	1	0	10000	other	0
MRI_pilot_1	262	Pulse	255	8131350	314	0
MRI_pilot_1	263	Picture	72	8156263	0	1	10226	1	0	10000	other	0
