Scenario - loca_moto
Logfile written - 05/17/2018 16:14:16

Subject	Trial	Event Type	Code	Time	TTime	Uncertainty	Duration	Uncertainty	ReqTime	ReqDur	Stim Type	Pair Index

phantom-01	0	Pulse	255	1287198	1287198	0
phantom-01	1	Picture	Ins_main	1287427	0	1	40226	1	0	40000	other	0
phantom-01	1	Pulse	255	1307198	19770	0
phantom-01	1	Pulse	255	1327198	39770	0
phantom-01	1	Pulse	255	1347198	59771	0
phantom-01	2	Picture	11	1347654	0	1	10226	1	0	10000	other	0
phantom-01	2	Pulse	255	1367198	19544	0
phantom-01	3	Picture	11	1372881	0	1	10226	1	0	10000	other	0
phantom-01	3	Pulse	255	1387198	14317	0
phantom-01	4	Picture	11	1398108	0	1	10226	1	0	10000	other	0
phantom-01	4	Pulse	255	1407197	9090	0
phantom-01	5	Picture	11	1423334	0	1	10226	1	0	10000	other	0
phantom-01	5	Pulse	255	1427198	3864	0
phantom-01	5	Pulse	255	1447198	23864	0
phantom-01	6	Picture	11	1448561	0	1	10226	1	0	10000	other	0
phantom-01	6	Pulse	255	1467198	18637	0
phantom-01	7	Picture	11	1473788	0	1	10226	1	0	10000	other	0
phantom-01	7	Pulse	255	1487198	13410	0
phantom-01	8	Picture	11	1499015	0	1	10226	1	0	10000	other	0
phantom-01	8	Pulse	255	1507198	8183	0
phantom-01	9	Picture	11	1524242	0	1	10226	1	0	10000	other	0
phantom-01	9	Pulse	255	1527198	2956	0
phantom-01	9	Pulse	255	1547198	22956	0
phantom-01	10	Picture	11	1549468	0	1	10226	1	0	10000	other	0
phantom-01	10	Pulse	255	1567199	17730	0
phantom-01	11	Picture	11	1574695	0	1	10226	1	0	10000	other	0
phantom-01	11	Pulse	255	1587198	12503	0
phantom-01	12	Picture	12	1599922	0	1	10226	1	0	10000	other	0
phantom-01	12	Pulse	255	1607198	7277	0
phantom-01	13	Picture	12	1625149	0	1	10226	1	0	10000	other	0
phantom-01	13	Pulse	255	1627198	2050	0
phantom-01	13	Pulse	255	1647199	22050	0
phantom-01	14	Picture	12	1650375	0	1	10226	1	0	10000	other	0
phantom-01	14	Pulse	255	1667199	16823	0
phantom-01	15	Picture	12	1675602	0	1	10226	1	0	10000	other	0
phantom-01	15	Pulse	255	1687199	11597	0
phantom-01	16	Picture	12	1700829	0	1	10226	1	0	10000	other	0
phantom-01	16	Pulse	255	1707199	6370	0
phantom-01	17	Picture	12	1726055	0	1	10226	1	0	10000	other	0
phantom-01	17	Pulse	255	1727198	1143	0
phantom-01	17	Pulse	255	1747199	21144	0
phantom-01	18	Picture	12	1751282	0	1	10226	1	0	10000	other	0
phantom-01	18	Pulse	255	1767199	15917	0
phantom-01	19	Picture	12	1776509	0	1	10226	1	0	10000	other	0
phantom-01	19	Pulse	255	1787198	10689	0
phantom-01	20	Picture	12	1801736	0	1	10226	1	0	10000	other	0
phantom-01	20	Pulse	255	1807199	5463	0
phantom-01	21	Picture	12	1826963	0	1	10226	1	0	10000	other	0
phantom-01	21	Pulse	255	1827199	236	0
phantom-01	21	Pulse	255	1847199	20237	0
phantom-01	22	Picture	Bfix	1852191	0	1	30226	1	0	30000	other	0
phantom-01	22	Pulse	255	1867199	15008	0
phantom-01	23	Picture	Ins_index	1882583	0	1	40226	1	0	40000	other	0
phantom-01	23	Pulse	255	1887200	4617	0
phantom-01	23	Pulse	255	1907199	24616	0
phantom-01	23	Pulse	255	1927200	44617	0
phantom-01	24	Picture	21	1942810	0	1	10226	1	0	10000	other	0
phantom-01	24	Pulse	255	1947199	4389	0
phantom-01	24	Pulse	255	1967199	24389	0
phantom-01	25	Picture	21	1968037	0	1	10226	1	0	10000	other	0
phantom-01	25	Pulse	255	1987200	19163	0
phantom-01	26	Picture	21	1993263	0	1	10226	1	0	10000	other	0
phantom-01	26	Pulse	255	2007199	13935	0
phantom-01	27	Picture	21	2018490	0	1	10226	1	0	10000	other	0
phantom-01	27	Pulse	255	2027199	8709	0
phantom-01	28	Picture	21	2043717	0	1	10226	1	0	10000	other	0
phantom-01	28	Pulse	255	2047199	3483	0
phantom-01	28	Pulse	255	2067199	23482	0
phantom-01	29	Picture	21	2068944	0	1	10226	1	0	10000	other	0
phantom-01	29	Pulse	255	2087200	18256	0
phantom-01	30	Picture	21	2094171	0	1	10226	1	0	10000	other	0
phantom-01	30	Pulse	255	2107198	13028	0
phantom-01	31	Picture	21	2119397	0	1	10226	1	0	10000	other	0
phantom-01	31	Pulse	255	2127199	7802	0
phantom-01	32	Picture	21	2144624	0	1	10226	1	0	10000	other	0
phantom-01	32	Pulse	255	2147189	2565	0
phantom-01	32	Pulse	255	2167189	22565	0
phantom-01	33	Picture	21	2169851	0	1	10226	1	0	10000	other	0
phantom-01	33	Pulse	255	2187190	17339	0
phantom-01	34	Picture	22	2195078	0	1	10226	1	0	10000	other	0
phantom-01	34	Pulse	255	2207189	12112	0
phantom-01	35	Picture	22	2220304	0	1	10226	1	0	10000	other	0
phantom-01	35	Pulse	255	2227189	6885	0
phantom-01	36	Picture	22	2245531	0	1	10110	1	0	10000	other	0
phantom-01	36	Pulse	255	2247190	1659	0
phantom-01	36	Pulse	255	2267190	21659	0
phantom-01	37	Picture	22	2270758	0	1	10226	1	0	10000	other	0
phantom-01	37	Pulse	255	2287190	16432	0
phantom-01	38	Picture	22	2295985	0	1	10226	1	0	10000	other	0
phantom-01	38	Pulse	255	2307189	11205	0
phantom-01	39	Picture	22	2321211	0	1	10226	1	0	10000	other	0
phantom-01	39	Pulse	255	2327190	5978	0
phantom-01	40	Picture	22	2346438	0	1	10226	1	0	10000	other	0
phantom-01	40	Pulse	255	2347190	752	0
phantom-01	40	Pulse	255	2367189	20751	0
phantom-01	41	Picture	22	2371665	0	1	10226	1	0	10000	other	0
phantom-01	41	Response	2	2377310	5645	1
phantom-01	41	Pulse	255	2387190	15525	0
phantom-01	42	Picture	22	2396892	0	1	10226	1	0	10000	other	0
phantom-01	42	Response	2	2404880	7988	1
phantom-01	42	Pulse	255	2407190	10298	0
phantom-01	43	Picture	22	2422119	0	1	10226	1	0	10000	other	0
phantom-01	43	Pulse	255	2427190	5071	0
phantom-01	43	Response	2	2427879	5761	1
phantom-01	43	Pulse	255	2447199	25081	0
phantom-01	44	Picture	Bfix	2447345	0	1	30229	1	0	30000	other	0
phantom-01	44	Pulse	255	2467190	19845	0
phantom-01	45	Picture	Ins_yeux	2477575	0	1	40226	1	0	40000	other	0
phantom-01	45	Pulse	255	2487191	9617	0
phantom-01	45	Pulse	255	2507190	29616	0
phantom-01	45	Pulse	255	2527191	49616	0
phantom-01	46	Picture	31	2537801	0	1	10226	1	0	10000	other	0
phantom-01	46	Pulse	255	2547190	9389	0
phantom-01	47	Picture	31	2563028	0	1	10226	1	0	10000	other	0
phantom-01	47	Pulse	255	2567190	4162	0
phantom-01	47	Pulse	255	2587190	24162	0
phantom-01	48	Picture	31	2588255	0	1	10226	1	0	10000	other	0
phantom-01	48	Pulse	255	2607190	18936	0
phantom-01	49	Picture	31	2613482	0	1	10226	1	0	10000	other	0
phantom-01	49	Pulse	255	2627191	13709	0
phantom-01	50	Picture	31	2638709	0	1	10226	1	0	10000	other	0
phantom-01	50	Pulse	255	2647191	8482	0
phantom-01	51	Picture	31	2663935	0	1	10226	1	0	10000	other	0
phantom-01	51	Pulse	255	2667191	3256	0
phantom-01	51	Pulse	255	2687190	23255	0
phantom-01	52	Picture	31	2689162	0	1	10226	1	0	10000	other	0
phantom-01	52	Pulse	255	2707191	18029	0
phantom-01	53	Picture	31	2714388	0	1	10226	1	0	10000	other	0
phantom-01	53	Pulse	255	2727190	12802	0
phantom-01	54	Picture	31	2739615	0	1	10226	1	0	10000	other	0
phantom-01	54	Pulse	255	2747190	7575	0
phantom-01	55	Picture	31	2764842	0	1	10226	1	0	10000	other	0
phantom-01	55	Pulse	255	2767191	2349	0
phantom-01	55	Pulse	255	2787191	22350	0
phantom-01	56	Picture	32	2790068	0	1	10226	1	0	10000	other	0
phantom-01	56	Pulse	255	2807191	17122	0
phantom-01	57	Picture	32	2815295	0	1	10226	1	0	10000	other	0
phantom-01	57	Pulse	255	2827191	11896	0
phantom-01	58	Picture	32	2840522	0	1	10226	1	0	10000	other	0
phantom-01	58	Pulse	255	2847191	6669	0
phantom-01	59	Picture	32	2865748	0	1	10226	1	0	10000	other	0
phantom-01	59	Pulse	255	2867191	1443	0
phantom-01	59	Pulse	255	2887191	21443	0
phantom-01	60	Picture	32	2890975	0	1	10226	1	0	10000	other	0
phantom-01	60	Pulse	255	2907191	16216	0
phantom-01	61	Picture	32	2916202	0	1	10226	1	0	10000	other	0
phantom-01	61	Pulse	255	2927191	10990	0
phantom-01	62	Picture	32	2941429	0	1	10226	1	0	10000	other	0
phantom-01	62	Pulse	255	2947191	5762	0
phantom-01	63	Picture	32	2966655	0	1	10226	1	0	10000	other	0
phantom-01	63	Pulse	255	2967191	536	0
phantom-01	63	Pulse	255	2987192	20536	0
phantom-01	64	Picture	32	2991882	0	1	10226	1	0	10000	other	0
phantom-01	64	Pulse	255	3007191	15309	0
phantom-01	65	Picture	32	3017109	0	1	10226	1	0	10000	other	0
phantom-01	65	Pulse	255	3027192	10083	0
phantom-01	66	Picture	Bfix	3042336	0	1	30228	1	0	30000	other	0
phantom-01	66	Pulse	255	3047191	4856	0
phantom-01	66	Pulse	255	3067192	24856	0
phantom-01	67	Picture	Ins_jambe	3072564	0	1	40226	1	0	40000	other	0
phantom-01	67	Pulse	255	3087191	14627	0
phantom-01	67	Pulse	255	3107191	34627	0
phantom-01	67	Pulse	255	3127192	54627	0
phantom-01	68	Picture	51	3132791	0	1	10226	1	0	10000	other	0
phantom-01	68	Pulse	255	3147192	14401	0
phantom-01	69	Picture	51	3158018	0	1	10226	1	0	10000	other	0
phantom-01	69	Pulse	255	3167191	9173	0
phantom-01	70	Picture	51	3183245	0	1	10226	1	0	10000	other	0
phantom-01	70	Pulse	255	3187192	3947	0
phantom-01	70	Pulse	255	3207192	23947	0
phantom-01	71	Picture	51	3208471	0	1	10226	1	0	10000	other	0
phantom-01	71	Pulse	255	3227192	18721	0
phantom-01	72	Picture	51	3233698	0	1	10226	1	0	10000	other	0
phantom-01	72	Pulse	255	3247192	13494	0
phantom-01	73	Picture	51	3258925	0	1	10226	1	0	10000	other	0
phantom-01	73	Pulse	255	3267192	8267	0
phantom-01	74	Picture	51	3284151	0	1	10226	1	0	10000	other	0
phantom-01	74	Pulse	255	3287192	3040	0
phantom-01	74	Pulse	255	3307192	23041	0
phantom-01	75	Picture	51	3309378	0	1	10226	1	0	10000	other	0
phantom-01	75	Pulse	255	3327192	17814	0
phantom-01	76	Picture	51	3334605	0	1	10226	1	0	10000	other	0
phantom-01	76	Pulse	255	3347191	12586	0
phantom-01	77	Picture	51	3359832	0	1	10226	1	0	10000	other	0
phantom-01	77	Pulse	255	3367192	7360	0
phantom-01	78	Picture	52	3385058	0	1	10226	1	0	10000	other	0
phantom-01	78	Pulse	255	3387192	2134	0
phantom-01	78	Pulse	255	3407192	22133	0
phantom-01	79	Picture	52	3410285	0	1	10226	1	0	10000	other	0
phantom-01	79	Pulse	255	3427192	16907	0
phantom-01	80	Picture	52	3435512	0	1	10226	1	0	10000	other	0
phantom-01	80	Pulse	255	3447192	11680	0
phantom-01	81	Picture	52	3460738	0	1	10226	1	0	10000	other	0
phantom-01	81	Pulse	255	3467192	6454	0
phantom-01	82	Picture	52	3485965	0	1	10226	1	0	10000	other	0
phantom-01	82	Pulse	255	3487193	1228	0
phantom-01	82	Pulse	255	3507192	21227	0
phantom-01	83	Picture	52	3511192	0	1	10226	1	0	10000	other	0
phantom-01	83	Pulse	255	3527192	16000	0
phantom-01	84	Picture	52	3536419	0	1	10226	1	0	10000	other	0
phantom-01	84	Pulse	255	3547193	10774	0
phantom-01	85	Picture	52	3561646	0	1	10226	1	0	10000	other	0
phantom-01	85	Pulse	255	3567193	5547	0
phantom-01	86	Picture	52	3586872	0	1	10226	1	0	10000	other	0
phantom-01	86	Pulse	255	3587192	320	0
phantom-01	86	Pulse	255	3607193	20321	0
phantom-01	87	Picture	52	3612099	0	1	10226	1	0	10000	other	0
phantom-01	87	Pulse	255	3627192	15093	0
phantom-01	88	Picture	Bfix	3637326	0	1	30228	1	0	30000	other	0
phantom-01	88	Pulse	255	3647194	9868	0
phantom-01	88	Pulse	255	3667193	29867	0
phantom-01	89	Picture	Ins_bouche	3667554	0	1	40226	1	0	40000	other	0
phantom-01	89	Pulse	255	3687192	19638	0
phantom-01	89	Pulse	255	3707192	39638	0
phantom-01	89	Pulse	255	3727192	59638	0
phantom-01	90	Picture	61	3727781	0	1	10226	1	0	10000	other	0
phantom-01	90	Pulse	255	3747193	19412	0
phantom-01	91	Picture	61	3753008	0	1	10226	1	0	10000	other	0
phantom-01	91	Pulse	255	3767193	14186	0
phantom-01	92	Picture	61	3778234	0	1	10226	1	0	10000	other	0
phantom-01	92	Pulse	255	3787193	8959	0
phantom-01	93	Picture	61	3803461	0	1	10226	1	0	10000	other	0
phantom-01	93	Pulse	255	3807193	3732	0
phantom-01	93	Pulse	255	3827193	23732	0
phantom-01	94	Picture	61	3828688	0	1	10226	1	0	10000	other	0
phantom-01	94	Pulse	255	3847193	18505	0
phantom-01	95	Picture	61	3853915	0	1	10226	1	0	10000	other	0
phantom-01	95	Pulse	255	3867194	13279	0
phantom-01	96	Picture	61	3879142	0	1	10225	1	0	10000	other	0
phantom-01	96	Pulse	255	3887194	8052	0
phantom-01	97	Picture	61	3904368	0	1	10226	1	0	10000	other	0
phantom-01	97	Pulse	255	3907193	2825	0
phantom-01	97	Pulse	255	3927193	22825	1
phantom-01	98	Picture	61	3929595	0	1	10226	1	0	10000	other	0
phantom-01	98	Pulse	255	3947193	17598	0
phantom-01	99	Picture	61	3954822	0	1	10226	1	0	10000	other	0
phantom-01	99	Pulse	255	3967194	12372	0
phantom-01	100	Picture	62	3980048	0	1	10226	1	0	10000	other	0
phantom-01	100	Pulse	255	3987194	7145	0
phantom-01	101	Picture	62	4005275	0	1	10225	1	0	10000	other	0
phantom-01	101	Pulse	255	4007194	1919	0
phantom-01	101	Pulse	255	4027194	21919	0
phantom-01	102	Picture	62	4030502	0	1	10226	1	0	10000	other	0
phantom-01	102	Pulse	255	4047193	16692	0
phantom-01	103	Picture	62	4055687	0	1	10226	1	0	10000	other	0
phantom-01	103	Pulse	255	4067193	11507	0
phantom-01	104	Picture	62	4080913	0	1	10226	1	0	10000	other	0
phantom-01	104	Pulse	255	4087193	6280	0
phantom-01	105	Picture	62	4106140	0	1	10225	1	0	10000	other	0
phantom-01	105	Pulse	255	4107194	1054	0
phantom-01	105	Pulse	255	4127194	21054	0
phantom-01	106	Picture	62	4131367	0	1	10226	1	0	10000	other	0
phantom-01	106	Pulse	255	4147193	15826	0
phantom-01	107	Picture	62	4156594	0	1	10226	1	0	10000	other	0
phantom-01	107	Pulse	255	4167194	10601	0
phantom-01	108	Picture	62	4181820	0	1	10226	1	0	10000	other	0
phantom-01	108	Pulse	255	4187194	5373	0
phantom-01	109	Picture	62	4207047	0	1	10226	1	0	10000	other	0
phantom-01	109	Pulse	255	4207194	147	0
phantom-01	109	Pulse	255	4227193	20146	0
phantom-01	110	Picture	Bfix	4232274	0	1	30230	1	0	30000	other	0
phantom-01	110	Pulse	255	4247194	14920	0
phantom-01	111	Picture	Ins_repos	4262504	0	1	40226	1	0	40000	other	0
phantom-01	111	Pulse	255	4267194	4690	0
phantom-01	111	Pulse	255	4287194	24691	0
phantom-01	111	Pulse	255	4307195	44691	0
phantom-01	112	Picture	71	4322731	0	1	10226	1	0	10000	other	0
phantom-01	112	Pulse	255	4327194	4463	0
phantom-01	112	Pulse	255	4347194	24463	0
phantom-01	113	Picture	71	4347957	0	1	10226	1	0	10000	other	0
phantom-01	113	Pulse	255	4367195	19237	0
phantom-01	114	Picture	71	4373184	0	1	10226	1	0	10000	other	0
phantom-01	114	Pulse	255	4387195	14011	0
phantom-01	115	Picture	71	4398411	0	1	10226	1	0	10000	other	0
phantom-01	115	Pulse	255	4407194	8784	0
phantom-01	116	Picture	71	4423637	0	1	10226	1	0	10000	other	0
phantom-01	116	Pulse	255	4427195	3557	0
phantom-01	116	Pulse	255	4447195	23558	0
phantom-01	117	Picture	71	4448864	0	1	10226	1	0	10000	other	0
phantom-01	117	Pulse	255	4467194	18331	0
phantom-01	118	Picture	71	4474091	0	1	10226	1	0	10000	other	0
phantom-01	118	Pulse	255	4487195	13104	0
phantom-01	119	Picture	71	4499317	0	1	10226	1	0	10000	other	0
phantom-01	119	Pulse	255	4507195	7877	0
phantom-01	120	Picture	71	4524544	0	1	10226	1	0	10000	other	0
phantom-01	120	Pulse	255	4527195	2650	0
phantom-01	120	Pulse	255	4547194	22650	0
phantom-01	121	Picture	71	4549771	0	1	10225	1	0	10000	other	0
phantom-01	121	Pulse	255	4567195	17424	0
phantom-01	122	Picture	72	4574998	0	1	10226	1	0	10000	other	0
phantom-01	122	Pulse	255	4587195	12197	0
phantom-01	123	Picture	72	4600225	0	1	10226	1	0	10000	other	0
phantom-01	123	Pulse	255	4607195	6970	0
phantom-01	124	Picture	72	4625451	0	1	10226	1	0	10000	other	0
phantom-01	124	Pulse	255	4627194	1743	0
phantom-01	124	Pulse	255	4647195	21744	0
phantom-01	125	Picture	72	4650678	0	1	10226	1	0	10000	other	0
phantom-01	125	Pulse	255	4667195	16518	0
phantom-01	126	Picture	72	4675904	0	1	10226	1	0	10000	other	0
phantom-01	126	Pulse	255	4687195	11291	0
phantom-01	127	Picture	72	4701131	0	1	10226	1	0	10000	other	0
phantom-01	127	Pulse	255	4707195	6064	0
phantom-01	128	Picture	72	4726358	0	1	10226	1	0	10000	other	0
phantom-01	128	Pulse	255	4727195	837	0
phantom-01	128	Pulse	255	4747195	20837	0
phantom-01	129	Picture	72	4751585	0	1	10226	1	0	10000	other	0
phantom-01	129	Pulse	255	4767186	15601	0
phantom-01	130	Picture	72	4776811	0	1	10226	1	0	10000	other	0
phantom-01	130	Pulse	255	4787185	10374	0
phantom-01	131	Picture	72	4802038	0	1	10226	1	0	10000	other	0
phantom-01	131	Pulse	255	4807185	5147	0
phantom-01	131	Pulse	255	4827186	25148	0
phantom-01	132	Picture	Bfix	4827265	0	1	30227	1	0	30000	other	0
phantom-01	132	Pulse	255	4847185	19920	0
phantom-01	133	Picture	Ins_main	4857492	0	1	40226	1	0	40000	other	0
phantom-01	133	Pulse	255	4867185	9693	0
phantom-01	133	Pulse	255	4887186	29694	0
phantom-01	133	Pulse	255	4907185	49693	0
phantom-01	134	Picture	11	4917719	0	1	10226	1	0	10000	other	0
phantom-01	134	Pulse	255	4927185	9466	0
phantom-01	135	Picture	11	4942946	0	1	10226	1	0	10000	other	0
phantom-01	135	Pulse	255	4947185	4239	0
phantom-01	135	Pulse	255	4967185	24239	0
phantom-01	136	Picture	11	4968173	0	1	10226	1	0	10000	other	0
phantom-01	136	Pulse	255	4987186	19013	0
phantom-01	137	Picture	11	4993399	0	1	10226	1	0	10000	other	0
phantom-01	137	Pulse	255	5007185	13786	0
phantom-01	138	Picture	11	5018626	0	1	10226	1	0	10000	other	0
phantom-01	138	Pulse	255	5027186	8560	0
phantom-01	139	Picture	11	5043853	0	1	10226	1	0	10000	other	0
phantom-01	139	Pulse	255	5047187	3334	0
phantom-01	139	Pulse	255	5067187	23334	0
phantom-01	140	Picture	11	5069080	0	1	10226	1	0	10000	other	0
phantom-01	140	Pulse	255	5087186	18106	0
phantom-01	141	Picture	11	5094307	0	1	10226	1	0	10000	other	0
phantom-01	141	Pulse	255	5107186	12878	0
phantom-01	142	Picture	11	5119534	0	1	10226	1	0	10000	other	0
phantom-01	142	Pulse	255	5127186	7652	0
phantom-01	143	Picture	11	5144761	0	1	10226	1	0	10000	other	0
phantom-01	143	Pulse	255	5147186	2425	0
phantom-01	143	Pulse	255	5167186	22425	0
phantom-01	144	Picture	12	5169988	0	1	10226	1	0	10000	other	0
phantom-01	144	Pulse	255	5187186	17199	0
phantom-01	145	Picture	12	5195214	0	1	10226	1	0	10000	other	0
phantom-01	145	Pulse	255	5207186	11972	0
phantom-01	146	Picture	12	5220441	0	1	10226	1	0	10000	other	0
phantom-01	146	Pulse	255	5227186	6745	0
phantom-01	147	Picture	12	5245669	0	1	10148	1	0	10000	other	0
phantom-01	147	Pulse	255	5247185	1517	0
phantom-01	147	Pulse	255	5267187	21518	0
phantom-01	148	Picture	12	5270895	0	1	10226	1	0	10000	other	0
phantom-01	148	Pulse	255	5287186	16291	0
phantom-01	149	Picture	12	5296122	0	1	10226	1	0	10000	other	0
phantom-01	149	Pulse	255	5307187	11065	0
phantom-01	150	Picture	12	5321349	0	1	10226	1	0	10000	other	0
phantom-01	150	Pulse	255	5327186	5837	0
phantom-01	151	Picture	12	5346576	0	1	10226	1	0	10000	other	0
phantom-01	151	Pulse	255	5347185	610	0
phantom-01	151	Pulse	255	5367186	20610	0
phantom-01	152	Picture	12	5371803	0	1	10226	1	0	10000	other	0
phantom-01	152	Pulse	255	5387186	15383	0
phantom-01	153	Picture	12	5397029	0	1	10226	1	0	10000	other	0
phantom-01	153	Pulse	255	5407187	10157	0
phantom-01	154	Picture	Bfix	5422256	0	1	30227	1	0	30000	other	0
phantom-01	154	Pulse	255	5427187	4930	0
phantom-01	154	Pulse	255	5447187	24931	0
phantom-01	155	Picture	Ins_index	5452484	0	1	40226	1	0	40000	other	0
phantom-01	155	Pulse	255	5467187	14703	0
phantom-01	155	Pulse	255	5487186	34703	0
phantom-01	155	Pulse	255	5507186	54702	0
phantom-01	156	Picture	21	5512710	0	1	10226	1	0	10000	other	0
phantom-01	156	Pulse	255	5527186	14476	0
phantom-01	157	Picture	21	5537937	0	1	10226	1	0	10000	other	0
phantom-01	157	Pulse	255	5547187	9250	0
phantom-01	158	Picture	21	5563164	0	1	10226	1	0	10000	other	0
phantom-01	158	Pulse	255	5567186	4022	0
phantom-01	158	Pulse	255	5587187	24023	0
phantom-01	159	Picture	21	5588391	0	1	10226	1	0	10000	other	0
phantom-01	159	Pulse	255	5607187	18796	0
phantom-01	160	Picture	21	5613618	0	1	10226	1	0	10000	other	0
phantom-01	160	Pulse	255	5627187	13569	0
phantom-01	161	Picture	21	5638845	0	1	10226	1	0	10000	other	0
phantom-01	161	Pulse	255	5647186	8342	0
phantom-01	162	Picture	21	5664072	0	1	10226	1	0	10000	other	0
phantom-01	162	Pulse	255	5667188	3116	0
phantom-01	162	Pulse	255	5687188	23117	0
phantom-01	163	Picture	21	5689298	0	1	10226	1	0	10000	other	0
phantom-01	163	Pulse	255	5707188	17890	0
phantom-01	164	Picture	21	5714525	0	1	10226	1	0	10000	other	0
phantom-01	164	Pulse	255	5727188	12663	0
phantom-01	165	Picture	21	5739752	0	1	10226	1	0	10000	other	0
phantom-01	165	Pulse	255	5747187	7435	0
phantom-01	166	Picture	22	5764978	0	1	10226	1	0	10000	other	0
phantom-01	166	Pulse	255	5767188	2210	0
phantom-01	166	Pulse	255	5787188	22209	0
phantom-01	167	Picture	22	5790205	0	1	10226	1	0	10000	other	0
phantom-01	167	Pulse	255	5807187	16982	0
phantom-01	168	Picture	22	5815432	0	1	10226	1	0	10000	other	0
phantom-01	168	Pulse	255	5827188	11756	0
phantom-01	169	Picture	22	5840659	0	1	10226	1	0	10000	other	0
phantom-01	169	Pulse	255	5847188	6529	0
phantom-01	170	Picture	22	5865885	0	1	10226	1	0	10000	other	0
phantom-01	170	Pulse	255	5867188	1302	0
phantom-01	170	Pulse	255	5887187	21302	0
phantom-01	171	Picture	22	5891112	0	1	10226	1	0	10000	other	0
phantom-01	171	Pulse	255	5907188	16076	0
phantom-01	172	Picture	22	5916339	0	1	10226	1	0	10000	other	0
phantom-01	172	Pulse	255	5927189	10850	0
phantom-01	173	Picture	22	5941565	0	1	10226	1	0	10000	other	0
phantom-01	173	Pulse	255	5947188	5622	0
phantom-01	174	Picture	22	5966792	0	1	10226	1	0	10000	other	0
phantom-01	174	Pulse	255	5967189	397	0
phantom-01	174	Pulse	255	5987189	20397	0
phantom-01	175	Picture	22	5992019	0	1	10226	1	0	10000	other	0
phantom-01	175	Pulse	255	6007189	15170	0
phantom-01	176	Picture	Bfix	6017246	0	1	30226	1	0	30000	other	0
phantom-01	176	Pulse	255	6027188	9942	0
phantom-01	176	Pulse	255	6047188	29943	0
phantom-01	177	Picture	Ins_yeux	6047638	0	1	40226	1	0	40000	other	0
phantom-01	177	Pulse	255	6067189	19551	0
phantom-01	177	Pulse	255	6087189	39551	0
phantom-01	177	Pulse	255	6107189	59551	0
phantom-01	178	Picture	31	6107865	0	1	10226	1	0	10000	other	0
phantom-01	178	Pulse	255	6127189	19324	0
phantom-01	179	Picture	31	6133092	0	1	10226	1	0	10000	other	0
phantom-01	179	Pulse	255	6147189	14097	0
phantom-01	180	Picture	31	6158318	0	1	10226	1	0	10000	other	0
phantom-01	180	Pulse	255	6167190	8871	0
phantom-01	181	Picture	31	6183545	0	1	10226	1	0	10000	other	0
phantom-01	181	Pulse	255	6187189	3644	0
phantom-01	181	Pulse	255	6207189	23644	0
phantom-01	182	Picture	31	6208772	0	1	10226	1	0	10000	other	0
phantom-01	182	Pulse	255	6227189	18417	0
phantom-01	183	Picture	31	6233999	0	1	10226	1	0	10000	other	0
phantom-01	183	Pulse	255	6247189	13190	0
phantom-01	184	Picture	31	6259226	0	1	10226	1	0	10000	other	0
phantom-01	184	Pulse	255	6267189	7964	0
phantom-01	185	Picture	31	6284452	0	1	10226	1	0	10000	other	0
phantom-01	185	Pulse	255	6287189	2736	0
phantom-01	185	Pulse	255	6307189	22737	0
phantom-01	186	Picture	31	6309679	0	1	10226	1	0	10000	other	0
phantom-01	186	Pulse	255	6327189	17510	0
phantom-01	187	Picture	31	6334906	0	1	10226	1	0	10000	other	0
phantom-01	187	Pulse	255	6347189	12284	0
phantom-01	188	Picture	32	6360132	0	1	10226	1	0	10000	other	0
phantom-01	188	Pulse	255	6367189	7057	0
phantom-01	189	Picture	32	6385359	0	1	10226	1	0	10000	other	0
phantom-01	189	Pulse	255	6387190	1831	0
phantom-01	189	Pulse	255	6407189	21830	0
phantom-01	190	Picture	32	6410586	0	1	10226	1	0	10000	other	0
phantom-01	190	Pulse	255	6427189	16603	0
phantom-01	191	Picture	32	6435812	0	1	10226	1	0	10000	other	0
phantom-01	191	Pulse	255	6447190	11377	0
phantom-01	192	Picture	32	6461039	0	1	10226	1	0	10000	other	0
phantom-01	192	Pulse	255	6467190	6151	0
phantom-01	193	Picture	32	6486266	0	1	10226	1	0	10000	other	0
phantom-01	193	Pulse	255	6487190	925	0
phantom-01	193	Pulse	255	6507190	20924	0
phantom-01	194	Picture	32	6511493	0	1	10226	1	0	10000	other	0
phantom-01	194	Pulse	255	6527190	15697	0
phantom-01	195	Picture	32	6536719	0	1	10226	1	0	10000	other	0
phantom-01	195	Pulse	255	6547190	10470	0
phantom-01	196	Picture	32	6561946	0	1	10226	1	0	10000	other	0
phantom-01	196	Pulse	255	6567190	5244	0
phantom-01	197	Picture	32	6587173	0	1	10226	1	0	10000	other	0
phantom-01	197	Pulse	255	6587190	17	0
phantom-01	197	Pulse	255	6607190	20017	0
phantom-01	198	Picture	Bfix	6612400	0	1	30227	1	0	30000	other	0
phantom-01	198	Pulse	255	6627191	14791	0
phantom-01	199	Picture	Ins_jambe	6642627	0	1	40226	1	0	40000	other	0
phantom-01	199	Pulse	255	6647190	4563	0
phantom-01	199	Pulse	255	6667190	24563	0
phantom-01	199	Pulse	255	6687190	44563	0
phantom-01	200	Picture	51	6702854	0	1	10226	1	0	10000	other	0
phantom-01	200	Pulse	255	6707190	4337	0
phantom-01	200	Pulse	255	6727190	24337	0
phantom-01	201	Picture	51	6728080	0	1	10226	1	0	10000	other	0
phantom-01	201	Pulse	255	6747190	19110	0
phantom-01	202	Picture	51	6753307	0	1	10226	1	0	10000	other	0
phantom-01	202	Pulse	255	6767191	13884	0
phantom-01	203	Picture	51	6778534	0	1	10226	1	0	10000	other	0
phantom-01	203	Pulse	255	6787191	8657	0
phantom-01	204	Picture	51	6803761	0	1	10226	1	0	10000	other	0
phantom-01	204	Pulse	255	6807190	3429	0
phantom-01	204	Pulse	255	6827190	23430	0
phantom-01	205	Picture	51	6828987	0	1	10226	1	0	10000	other	0
phantom-01	205	Pulse	255	6847191	18204	0
phantom-01	206	Picture	51	6854214	0	1	10226	1	0	10000	other	0
phantom-01	206	Pulse	255	6867191	12977	0
phantom-01	207	Picture	51	6879441	0	1	10225	1	0	10000	other	0
phantom-01	207	Pulse	255	6887190	7750	0
phantom-01	208	Picture	51	6904667	0	1	10226	1	0	10000	other	0
phantom-01	208	Pulse	255	6907191	2523	0
phantom-01	208	Pulse	255	6927190	22523	0
phantom-01	209	Picture	51	6929894	0	1	10226	1	0	10000	other	0
phantom-01	209	Pulse	255	6947190	17296	0
phantom-01	210	Picture	52	6955121	0	1	10226	1	0	10000	other	0
phantom-01	210	Pulse	255	6967192	12071	0
phantom-01	211	Picture	52	6980348	0	1	10226	1	0	10000	other	0
phantom-01	211	Pulse	255	6987191	6843	0
phantom-01	212	Picture	52	7005574	0	1	10226	1	0	10000	other	0
phantom-01	212	Pulse	255	7007191	1617	0
phantom-01	212	Pulse	255	7027191	21617	0
phantom-01	213	Picture	52	7030801	0	1	10226	1	0	10000	other	0
phantom-01	213	Pulse	255	7047192	16390	0
phantom-01	214	Picture	52	7055862	0	1	10226	1	0	10000	other	0
phantom-01	214	Pulse	255	7067192	11330	0
phantom-01	215	Picture	52	7081089	0	1	10226	1	0	10000	other	0
phantom-01	215	Pulse	255	7087191	6103	0
phantom-01	216	Picture	52	7106315	0	1	10226	1	0	10000	other	0
phantom-01	216	Pulse	255	7107191	876	0
phantom-01	216	Pulse	255	7127192	20877	0
phantom-01	217	Picture	52	7131542	0	1	10226	1	0	10000	other	0
phantom-01	217	Pulse	255	7147192	15650	0
phantom-01	218	Picture	52	7156769	0	1	10226	1	0	10000	other	0
phantom-01	218	Pulse	255	7167192	10423	0
phantom-01	219	Picture	52	7181996	0	1	10226	1	0	10000	other	0
phantom-01	219	Pulse	255	7187192	5196	0
phantom-01	219	Pulse	255	7207192	25196	0
phantom-01	220	Picture	Bfix	7207223	0	1	30227	1	0	30000	other	0
phantom-01	220	Pulse	255	7227191	19969	0
phantom-01	221	Picture	Ins_bouche	7237450	0	1	40226	1	0	40000	other	0
phantom-01	221	Pulse	255	7247191	9742	0
phantom-01	221	Pulse	255	7267191	29742	0
phantom-01	221	Pulse	255	7287191	49742	0
phantom-01	222	Picture	61	7297676	0	1	10226	1	0	10000	other	0
phantom-01	222	Pulse	255	7307182	9505	0
phantom-01	223	Picture	61	7322903	0	1	10226	1	0	10000	other	0
phantom-01	223	Pulse	255	7327182	4279	0
phantom-01	223	Pulse	255	7347182	24279	0
phantom-01	224	Picture	61	7348130	0	1	10226	1	0	10000	other	0
phantom-01	224	Pulse	255	7367182	19052	0
phantom-01	225	Picture	61	7373357	0	1	10226	1	0	10000	other	0
phantom-01	225	Pulse	255	7387183	13826	0
phantom-01	226	Picture	61	7398584	0	1	10226	1	0	10000	other	0
phantom-01	226	Pulse	255	7407182	8599	0
phantom-01	227	Picture	61	7423810	0	1	10226	1	0	10000	other	0
phantom-01	227	Pulse	255	7427182	3372	0
phantom-01	227	Pulse	255	7447183	23373	0
phantom-01	228	Picture	61	7449037	0	1	10226	1	0	10000	other	0
phantom-01	228	Pulse	255	7467182	18145	0
phantom-01	229	Picture	61	7474264	0	1	10226	1	0	10000	other	0
phantom-01	229	Pulse	255	7487183	12919	0
phantom-01	230	Picture	61	7499491	0	1	10226	1	0	10000	other	0
phantom-01	230	Pulse	255	7507182	7691	0
phantom-01	231	Picture	61	7524717	0	1	10225	1	0	10000	other	0
phantom-01	231	Pulse	255	7527182	2465	0
phantom-01	231	Pulse	255	7547182	22465	0
phantom-01	232	Picture	62	7549944	0	1	10225	1	0	10000	other	0
phantom-01	232	Pulse	255	7567182	17238	0
phantom-01	233	Picture	62	7575171	0	1	10226	1	0	10000	other	0
phantom-01	233	Pulse	255	7587183	12012	0
phantom-01	234	Picture	62	7600397	0	1	10226	1	0	10000	other	0
phantom-01	234	Pulse	255	7607182	6785	0
phantom-01	235	Picture	62	7625624	0	1	10226	1	0	10000	other	0
phantom-01	235	Pulse	255	7627183	1559	0
phantom-01	235	Pulse	255	7647183	21559	0
phantom-01	236	Picture	62	7650851	0	1	10226	1	0	10000	other	0
phantom-01	236	Pulse	255	7667182	16332	0
phantom-01	237	Picture	62	7676077	0	1	10226	1	0	10000	other	0
phantom-01	237	Pulse	255	7687183	11105	0
phantom-01	238	Picture	62	7701304	0	1	10226	1	0	10000	other	0
phantom-01	238	Pulse	255	7707183	5879	0
phantom-01	239	Picture	62	7726531	0	1	10226	1	0	10000	other	0
phantom-01	239	Pulse	255	7727183	652	0
phantom-01	239	Pulse	255	7747182	20651	0
phantom-01	240	Picture	62	7751757	0	1	10226	1	0	10000	other	0
phantom-01	240	Pulse	255	7767183	15425	0
phantom-01	241	Picture	62	7776984	0	1	10226	1	0	10000	other	0
phantom-01	241	Pulse	255	7787184	10200	0
phantom-01	242	Picture	Bfix	7802211	0	1	30227	1	0	30000	other	0
phantom-01	242	Pulse	255	7807182	4972	0
phantom-01	242	Pulse	255	7827183	24972	0
phantom-01	243	Picture	Ins_repos	7832438	0	1	40226	1	0	40000	other	0
phantom-01	243	Pulse	255	7847183	14746	0
phantom-01	243	Pulse	255	7867183	34745	0
phantom-01	243	Pulse	255	7887183	54746	0
phantom-01	244	Picture	71	7892664	0	1	10226	1	0	10000	other	0
phantom-01	244	Pulse	255	7907184	14520	0
phantom-01	245	Picture	71	7917891	0	1	10226	1	0	10000	other	0
phantom-01	245	Pulse	255	7927183	9292	0
phantom-01	246	Picture	71	7943118	0	1	10226	1	0	10000	other	0
phantom-01	246	Pulse	255	7947183	4066	0
phantom-01	246	Pulse	255	7967183	24065	0
phantom-01	247	Picture	71	7968344	0	1	10226	1	0	10000	other	0
phantom-01	247	Pulse	255	7987184	18840	0
phantom-01	248	Picture	71	7993571	0	1	10226	1	0	10000	other	0
phantom-01	248	Pulse	255	8007183	13612	0
phantom-01	249	Picture	71	8018798	0	1	10226	1	0	10000	other	0
phantom-01	249	Pulse	255	8027184	8386	0
phantom-01	250	Picture	71	8044025	0	1	10226	1	0	10000	other	0
phantom-01	250	Pulse	255	8047184	3159	0
phantom-01	250	Pulse	255	8067184	23159	0
phantom-01	251	Picture	71	8069251	0	1	10226	1	0	10000	other	0
phantom-01	251	Pulse	255	8087183	17932	0
phantom-01	252	Picture	71	8094478	0	1	10226	1	0	10000	other	0
phantom-01	252	Pulse	255	8107183	12705	0
phantom-01	253	Picture	71	8119705	0	1	10226	1	0	10000	other	0
phantom-01	253	Pulse	255	8127184	7480	0
phantom-01	254	Picture	72	8144931	0	1	10226	1	0	10000	other	0
phantom-01	254	Pulse	255	8147184	2253	0
phantom-01	254	Pulse	255	8167184	22253	0
phantom-01	255	Picture	72	8170158	0	1	10226	1	0	10000	other	0
phantom-01	255	Pulse	255	8187184	17027	0
phantom-01	256	Picture	72	8195385	0	1	10225	1	0	10000	other	0
phantom-01	256	Pulse	255	8207185	11800	0
phantom-01	257	Picture	72	8220611	0	1	10226	1	0	10000	other	0
phantom-01	257	Pulse	255	8227184	6573	0
phantom-01	258	Picture	72	8245838	0	1	10217	1	0	10000	other	0
phantom-01	258	Pulse	255	8247185	1347	0
phantom-01	258	Pulse	255	8267184	21346	0
phantom-01	259	Picture	72	8271065	0	1	10226	1	0	10000	other	0
phantom-01	259	Pulse	255	8287185	16120	0
phantom-01	260	Picture	72	8296291	0	1	10226	1	0	10000	other	0
phantom-01	260	Pulse	255	8307184	10893	0
phantom-01	261	Picture	72	8321518	0	1	10226	1	0	10000	other	0
phantom-01	261	Pulse	255	8327185	5667	0
phantom-01	262	Picture	72	8346745	0	1	10226	1	0	10000	other	0
phantom-01	262	Pulse	255	8347185	440	0
phantom-01	262	Pulse	255	8367184	20440	0
phantom-01	263	Picture	72	8371971	0	1	10226	1	0	10000	other	0
phantom-01	263	Pulse	255	8387184	15213	0
