Scenario - loca_moto_bis
Logfile written - 11/26/2018 18:43:52

Subject	Trial	Event Type	Code	Time	TTime	Uncertainty	Duration	Uncertainty	ReqTime	ReqDur	Stim Type	Pair Index

sub-13_2	0	Pulse	255	560045	560045	0
sub-13_2	1	Picture	Ins_repos	560274	0	1	40226	1	0	40000	other	0
sub-13_2	1	Pulse	255	580045	19771	0
sub-13_2	1	Pulse	255	600046	39771	0
sub-13_2	1	Pulse	255	620045	59771	0
sub-13_2	2	Picture	71	620501	0	1	10226	1	0	10000	other	0
sub-13_2	2	Pulse	255	640045	19544	0
sub-13_2	3	Picture	71	645728	0	1	10226	1	0	10000	other	0
sub-13_2	3	Pulse	255	660046	14318	0
sub-13_2	4	Picture	71	670955	0	1	10226	1	0	10000	other	0
sub-13_2	4	Pulse	255	680046	9091	0
sub-13_2	5	Picture	71	696182	0	1	10226	1	0	10000	other	0
sub-13_2	5	Pulse	255	700045	3864	0
sub-13_2	5	Pulse	255	720046	23864	0
sub-13_2	6	Picture	71	721409	0	1	10226	1	0	10000	other	0
sub-13_2	6	Pulse	255	740046	18637	0
sub-13_2	7	Picture	71	746636	0	1	10226	1	0	10000	other	0
sub-13_2	7	Pulse	255	760046	13410	0
sub-13_2	8	Picture	71	771863	0	1	10226	1	0	10000	other	0
sub-13_2	8	Pulse	255	780046	8183	0
sub-13_2	9	Picture	71	797090	0	1	10226	1	0	10000	other	0
sub-13_2	9	Pulse	255	800046	2956	0
sub-13_2	9	Pulse	255	820046	22956	0
sub-13_2	10	Picture	71	822317	0	1	10226	1	0	10000	other	0
sub-13_2	10	Pulse	255	840046	17729	0
sub-13_2	11	Picture	71	847544	0	1	10226	1	0	10000	other	0
sub-13_2	11	Pulse	255	860046	12502	0
sub-13_2	12	Picture	72	872771	0	1	10226	1	0	10000	other	0
sub-13_2	12	Pulse	255	880046	7275	0
sub-13_2	13	Picture	72	897998	0	1	10226	1	0	10000	other	0
sub-13_2	13	Pulse	255	900046	2049	0
sub-13_2	13	Pulse	255	920046	22049	0
sub-13_2	14	Picture	72	923225	0	1	10226	1	0	10000	other	0
sub-13_2	14	Pulse	255	940046	16822	0
sub-13_2	15	Picture	72	948452	0	1	10226	1	0	10000	other	0
sub-13_2	15	Pulse	255	960046	11595	0
sub-13_2	16	Picture	72	973679	0	1	10226	1	0	10000	other	0
sub-13_2	16	Pulse	255	980046	6368	0
sub-13_2	17	Picture	72	998905	0	1	10226	1	0	10000	other	0
sub-13_2	17	Pulse	255	1000046	1141	0
sub-13_2	17	Pulse	255	1020046	21141	0
sub-13_2	18	Picture	72	1024132	0	1	10226	1	0	10000	other	0
sub-13_2	18	Pulse	255	1040046	15914	0
sub-13_2	19	Picture	72	1049359	0	1	10226	1	0	10000	other	0
sub-13_2	19	Pulse	255	1060046	10687	0
sub-13_2	20	Picture	72	1074586	0	1	10226	1	0	10000	other	0
sub-13_2	20	Pulse	255	1080046	5460	0
sub-13_2	21	Picture	72	1099813	0	1	10226	1	0	10000	other	0
sub-13_2	21	Pulse	255	1100046	233	0
sub-13_2	21	Pulse	255	1120046	20233	0
sub-13_2	22	Picture	Bfix	1125042	0	1	30228	1	0	30000	other	0
sub-13_2	22	Pulse	255	1140046	15005	0
sub-13_2	23	Picture	Ins_bouche	1155270	0	1	40226	1	0	40000	other	0
sub-13_2	23	Pulse	255	1160046	4777	0
sub-13_2	23	Pulse	255	1180047	24777	0
sub-13_2	23	Pulse	255	1200047	44777	0
sub-13_2	24	Picture	61	1215497	0	1	10226	1	0	10000	other	0
sub-13_2	24	Pulse	255	1220047	4550	0
sub-13_2	24	Pulse	255	1240046	24550	0
sub-13_2	25	Picture	61	1240723	0	1	10226	1	0	10000	other	0
sub-13_2	25	Pulse	255	1260047	19324	0
sub-13_2	26	Picture	61	1265951	0	1	10226	1	0	10000	other	0
sub-13_2	26	Pulse	255	1280047	14096	0
sub-13_2	27	Picture	61	1291178	0	1	10226	1	0	10000	other	0
sub-13_2	27	Pulse	255	1300047	8869	0
sub-13_2	28	Picture	61	1316405	0	1	10226	1	0	10000	other	0
sub-13_2	28	Pulse	255	1320047	3642	0
sub-13_2	28	Pulse	255	1340047	23642	0
sub-13_2	29	Picture	61	1341632	0	1	10226	1	0	10000	other	0
sub-13_2	29	Pulse	255	1360047	18415	0
sub-13_2	30	Picture	61	1366859	0	1	10226	1	0	10000	other	0
sub-13_2	30	Pulse	255	1380047	13189	0
sub-13_2	31	Picture	61	1392085	0	1	10226	1	0	10000	other	0
sub-13_2	31	Pulse	255	1400047	7961	0
sub-13_2	32	Picture	61	1417312	0	1	10226	1	0	10000	other	0
sub-13_2	32	Pulse	255	1420047	2735	0
sub-13_2	32	Pulse	255	1440047	22735	0
sub-13_2	33	Picture	61	1442540	0	1	10226	1	0	10000	other	0
sub-13_2	33	Pulse	255	1460047	17508	0
sub-13_2	34	Picture	62	1467767	0	1	10226	1	0	10000	other	0
sub-13_2	34	Pulse	255	1480047	12281	0
sub-13_2	35	Picture	62	1492994	0	1	10226	1	0	10000	other	0
sub-13_2	35	Pulse	255	1500047	7054	0
sub-13_2	36	Picture	62	1518221	0	1	10226	1	0	10000	other	0
sub-13_2	36	Pulse	255	1520048	1827	0
sub-13_2	36	Pulse	255	1540048	21827	0
sub-13_2	37	Picture	62	1543448	0	1	10226	1	0	10000	other	0
sub-13_2	37	Pulse	255	1560048	16600	0
sub-13_2	38	Picture	62	1568675	0	1	10226	1	0	10000	other	0
sub-13_2	38	Pulse	255	1580048	11373	0
sub-13_2	39	Picture	62	1593902	0	1	10226	1	0	10000	other	0
sub-13_2	39	Pulse	255	1600048	6146	0
sub-13_2	40	Picture	62	1619129	0	1	10226	1	0	10000	other	0
sub-13_2	40	Pulse	255	1620048	919	0
sub-13_2	40	Pulse	255	1640048	20919	0
sub-13_2	41	Picture	62	1644356	0	1	10226	1	0	10000	other	0
sub-13_2	41	Pulse	255	1660048	15692	0
sub-13_2	42	Picture	62	1669583	0	1	10226	1	0	10000	other	0
sub-13_2	42	Pulse	255	1680047	10465	0
sub-13_2	43	Picture	62	1694810	0	1	10226	1	0	10000	other	0
sub-13_2	43	Pulse	255	1700047	5238	0
sub-13_2	44	Picture	Bfix	1720037	0	1	30228	1	0	30000	other	0
sub-13_2	44	Pulse	255	1720048	11	0
sub-13_2	44	Pulse	255	1740048	20011	0
sub-13_2	45	Picture	Ins_jambe	1750265	0	1	40226	1	0	40000	other	0
sub-13_2	45	Pulse	255	1760048	9783	0
sub-13_2	45	Pulse	255	1780048	29783	0
sub-13_2	45	Pulse	255	1800048	49783	0
sub-13_2	46	Picture	51	1810492	0	1	10226	1	0	10000	other	0
sub-13_2	46	Pulse	255	1820048	9556	0
sub-13_2	47	Picture	51	1835719	0	1	10226	1	0	10000	other	0
sub-13_2	47	Pulse	255	1840048	4329	0
sub-13_2	47	Pulse	255	1860048	24330	0
sub-13_2	48	Picture	51	1860945	0	1	10226	1	0	10000	other	0
sub-13_2	48	Pulse	255	1880048	19103	0
sub-13_2	49	Picture	51	1886172	0	1	10226	1	0	10000	other	0
sub-13_2	49	Pulse	255	1900048	13876	0
sub-13_2	50	Picture	51	1911399	0	1	10226	1	0	10000	other	0
sub-13_2	50	Pulse	255	1920048	8649	0
sub-13_2	51	Picture	51	1936626	0	1	10226	1	0	10000	other	0
sub-13_2	51	Pulse	255	1940048	3422	0
sub-13_2	51	Pulse	255	1960048	23422	0
sub-13_2	52	Picture	51	1961853	0	1	10226	1	0	10000	other	0
sub-13_2	52	Pulse	255	1980048	18195	0
sub-13_2	53	Picture	51	1987080	0	1	10226	1	0	10000	other	0
sub-13_2	53	Pulse	255	2000049	12968	0
sub-13_2	54	Picture	51	2012307	0	1	10226	1	0	10000	other	0
sub-13_2	54	Pulse	255	2020049	7742	0
sub-13_2	55	Picture	51	2037534	0	1	10226	1	0	10000	other	0
sub-13_2	55	Pulse	255	2040048	2514	0
sub-13_2	55	Pulse	255	2060048	22514	0
sub-13_2	56	Picture	52	2062761	0	1	10226	1	0	10000	other	0
sub-13_2	56	Pulse	255	2080049	17288	0
sub-13_2	57	Picture	52	2087988	0	1	10226	1	0	10000	other	0
sub-13_2	57	Pulse	255	2100049	12061	0
sub-13_2	58	Picture	52	2113215	0	1	10227	1	0	10000	other	0
sub-13_2	58	Pulse	255	2120049	6834	0
sub-13_2	59	Picture	52	2138442	0	1	10226	1	0	10000	other	0
sub-13_2	59	Pulse	255	2140048	1606	0
sub-13_2	59	Pulse	255	2160049	21607	0
sub-13_2	60	Picture	52	2163669	0	1	10226	1	0	10000	other	0
sub-13_2	60	Pulse	255	2180048	16379	0
sub-13_2	61	Picture	52	2188896	0	1	10226	1	0	10000	other	0
sub-13_2	61	Pulse	255	2200049	11153	0
sub-13_2	62	Picture	52	2214123	0	1	10226	1	0	10000	other	0
sub-13_2	62	Pulse	255	2220049	5926	0
sub-13_2	63	Picture	52	2239350	0	1	10226	1	0	10000	other	0
sub-13_2	63	Pulse	255	2240049	699	0
sub-13_2	63	Pulse	255	2260049	20699	0
sub-13_2	64	Picture	52	2264577	0	1	10226	1	0	10000	other	0
sub-13_2	64	Pulse	255	2280049	15472	0
sub-13_2	65	Picture	52	2289804	0	1	10226	1	0	10000	other	0
sub-13_2	65	Pulse	255	2300049	10245	0
sub-13_2	66	Picture	Bfix	2315031	0	1	30228	1	0	30000	other	0
sub-13_2	66	Pulse	255	2320049	5018	0
sub-13_2	66	Pulse	255	2340049	25019	0
sub-13_2	67	Picture	Ins_yeux	2345259	0	1	40226	1	0	40000	other	0
sub-13_2	67	Pulse	255	2360039	14780	0
sub-13_2	67	Pulse	255	2380039	34780	0
sub-13_2	67	Pulse	255	2400039	54780	0
sub-13_2	68	Picture	31	2405486	0	1	10226	1	0	10000	other	0
sub-13_2	68	Pulse	255	2420039	14553	0
sub-13_2	69	Picture	31	2430713	0	1	10226	1	0	10000	other	0
sub-13_2	69	Pulse	255	2440039	9326	0
sub-13_2	70	Picture	31	2455940	0	1	10226	1	0	10000	other	0
sub-13_2	70	Pulse	255	2460039	4099	0
sub-13_2	70	Pulse	255	2480040	24100	0
sub-13_2	71	Picture	31	2481167	0	1	10226	1	0	10000	other	0
sub-13_2	71	Pulse	255	2500039	18872	0
sub-13_2	72	Picture	31	2506394	0	1	10226	1	0	10000	other	0
sub-13_2	72	Pulse	255	2520040	13646	0
sub-13_2	73	Picture	31	2531621	0	1	10226	1	0	10000	other	0
sub-13_2	73	Pulse	255	2540040	8419	0
sub-13_2	74	Picture	31	2556848	0	1	10226	1	0	10000	other	0
sub-13_2	74	Pulse	255	2560040	3192	0
sub-13_2	74	Pulse	255	2580039	23192	0
sub-13_2	75	Picture	31	2582074	0	1	10226	1	0	10000	other	0
sub-13_2	75	Pulse	255	2600040	17965	0
sub-13_2	76	Picture	31	2607301	0	1	10226	1	0	10000	other	0
sub-13_2	76	Pulse	255	2620039	12738	0
sub-13_2	77	Picture	31	2632528	0	1	10226	1	0	10000	other	0
sub-13_2	77	Pulse	255	2640039	7511	0
sub-13_2	78	Picture	32	2657755	0	1	10226	1	0	10000	other	0
sub-13_2	78	Pulse	255	2660040	2285	0
sub-13_2	78	Pulse	255	2680040	22285	0
sub-13_2	79	Picture	32	2682982	0	1	10226	1	0	10000	other	0
sub-13_2	79	Pulse	255	2700040	17058	0
sub-13_2	80	Picture	32	2708209	0	1	10226	1	0	10000	other	0
sub-13_2	80	Pulse	255	2720040	11831	0
sub-13_2	81	Picture	32	2733436	0	1	10226	1	0	10000	other	0
sub-13_2	81	Pulse	255	2740040	6604	0
sub-13_2	82	Picture	32	2758663	0	1	10226	1	0	10000	other	0
sub-13_2	82	Pulse	255	2760040	1377	0
sub-13_2	82	Pulse	255	2780040	21377	0
sub-13_2	83	Picture	32	2783890	0	1	10226	1	0	10000	other	0
sub-13_2	83	Pulse	255	2800040	16150	0
sub-13_2	84	Picture	32	2809117	0	1	10226	1	0	10000	other	0
sub-13_2	84	Pulse	255	2820040	10924	0
sub-13_2	85	Picture	32	2834344	0	1	10226	1	0	10000	other	0
sub-13_2	85	Pulse	255	2840040	5696	0
sub-13_2	86	Picture	32	2859571	0	1	10226	1	0	10000	other	0
sub-13_2	86	Pulse	255	2860040	470	0
sub-13_2	86	Pulse	255	2880040	20470	0
sub-13_2	87	Picture	32	2884798	0	1	10226	1	0	10000	other	0
sub-13_2	87	Pulse	255	2900040	15243	0
sub-13_2	88	Picture	Bfix	2910025	0	1	30229	1	0	30000	other	0
sub-13_2	88	Pulse	255	2920040	10016	0
sub-13_2	88	Pulse	255	2940041	30016	0
sub-13_2	89	Picture	Ins_index	2940253	0	1	40226	1	0	40000	other	0
sub-13_2	89	Pulse	255	2960040	19787	0
sub-13_2	89	Pulse	255	2980040	39787	0
sub-13_2	89	Pulse	255	3000041	59787	0
sub-13_2	90	Picture	21	3000480	0	1	10226	1	0	10000	hit	214
sub-13_2	90	Response	1	3004980	4500	1
sub-13_2	90	Pulse	255	3020041	19560	0
sub-13_2	91	Picture	21	3025707	0	1	10226	1	0	10000	hit	217
sub-13_2	91	Response	1	3029741	4033	1
sub-13_2	91	Pulse	255	3040040	14333	0
sub-13_2	92	Picture	21	3050934	0	1	10226	1	0	10000	hit	220
sub-13_2	92	Response	1	3055371	4436	1
sub-13_2	92	Pulse	255	3060040	9106	0
sub-13_2	93	Picture	21	3076161	0	1	10226	1	0	10000	hit	223
sub-13_2	93	Response	1	3079441	3280	1
sub-13_2	93	Pulse	255	3080040	3879	0
sub-13_2	93	Pulse	255	3100040	23879	0
sub-13_2	94	Picture	21	3101388	0	1	10226	1	0	10000	hit	227
sub-13_2	94	Response	1	3104210	2822	1
sub-13_2	94	Pulse	255	3120041	18653	0
sub-13_2	95	Picture	21	3126615	0	1	10226	1	0	10000	hit	230
sub-13_2	95	Response	1	3130401	3786	1
sub-13_2	95	Pulse	255	3140041	13426	0
sub-13_2	96	Picture	21	3151842	0	1	10226	1	0	10000	hit	233
sub-13_2	96	Response	1	3156011	4169	1
sub-13_2	96	Pulse	255	3160041	8199	0
sub-13_2	97	Picture	21	3177069	0	1	10226	1	0	10000	hit	237
sub-13_2	97	Pulse	255	3180041	2972	0
sub-13_2	97	Response	1	3181621	4552	1
sub-13_2	97	Pulse	255	3200041	22972	0
sub-13_2	98	Picture	21	3202296	0	1	10226	1	0	10000	hit	240
sub-13_2	98	Response	1	3206291	3995	1
sub-13_2	98	Pulse	255	3220041	17744	0
sub-13_2	99	Picture	21	3227523	0	1	10227	1	0	10000	hit	243
sub-13_2	99	Response	1	3232281	4757	1
sub-13_2	99	Pulse	255	3240041	12517	0
sub-13_2	100	Picture	22	3252750	0	1	10226	1	0	10000	hit	247
sub-13_2	100	Pulse	255	3260041	7291	0
sub-13_2	100	Response	2	3270291	17540	1
sub-13_2	101	Picture	22	3277977	0	1	10226	1	0	10000	hit	250
sub-13_2	101	Pulse	255	3280041	2064	0
sub-13_2	101	Response	2	3286131	8153	1
sub-13_2	101	Pulse	255	3300041	22064	0
sub-13_2	102	Picture	22	3303204	0	1	10226	1	0	10000	hit	253
sub-13_2	102	Response	2	3306351	3147	1
sub-13_2	102	Pulse	255	3320041	16837	0
sub-13_2	103	Picture	22	3328431	0	1	10226	1	0	10000	hit	256
sub-13_2	103	Response	2	3331831	3400	1
sub-13_2	103	Pulse	255	3340041	11609	0
sub-13_2	104	Picture	22	3353658	0	1	10226	1	0	10000	hit	259
sub-13_2	104	Response	2	3356501	2843	1
sub-13_2	104	Pulse	255	3360041	6383	0
sub-13_2	105	Picture	22	3378885	0	1	10226	1	0	10000	hit	263
sub-13_2	105	Pulse	255	3380041	1156	0
sub-13_2	105	Response	2	3382001	3115	1
sub-13_2	105	Pulse	255	3400041	21156	0
sub-13_2	106	Picture	22	3404112	0	1	10226	1	0	10000	hit	266
sub-13_2	106	Response	2	3406651	2539	1
sub-13_2	106	Pulse	255	3420041	15929	0
sub-13_2	107	Picture	22	3429339	0	1	10226	1	0	10000	hit	269
sub-13_2	107	Response	2	3432341	3002	1
sub-13_2	107	Pulse	255	3440041	10702	0
sub-13_2	108	Picture	22	3454566	0	1	10226	1	0	10000	hit	272
sub-13_2	108	Response	2	3458482	3915	1
sub-13_2	108	Pulse	255	3460041	5475	0
sub-13_2	109	Picture	22	3479793	0	1	10226	1	0	10000	hit	276
sub-13_2	109	Pulse	255	3480041	248	0
sub-13_2	109	Response	2	3483841	4048	1
sub-13_2	109	Pulse	255	3500041	20248	0
sub-13_2	110	Picture	Bfix	3505020	0	1	30229	1	0	30000	other	0
sub-13_2	110	Pulse	255	3520042	15021	0
sub-13_2	111	Picture	Ins_main	3535249	0	1	40226	1	0	40000	other	0
sub-13_2	111	Pulse	255	3540042	4793	0
sub-13_2	111	Pulse	255	3560042	24793	0
sub-13_2	111	Pulse	255	3580042	44793	0
sub-13_2	112	Picture	11	3595476	0	1	10226	1	0	10000	other	0
sub-13_2	112	Pulse	255	3600042	4566	0
sub-13_2	112	Pulse	255	3620042	24566	0
sub-13_2	113	Picture	11	3620703	0	1	10226	1	0	10000	other	0
sub-13_2	113	Pulse	255	3640041	19339	0
sub-13_2	114	Picture	11	3645930	0	1	10226	1	0	10000	other	0
sub-13_2	114	Pulse	255	3660042	14112	0
sub-13_2	115	Picture	11	3671157	0	1	10226	1	0	10000	other	0
sub-13_2	115	Pulse	255	3680042	8885	0
sub-13_2	116	Picture	11	3696384	0	1	10226	1	0	10000	other	0
sub-13_2	116	Pulse	255	3700042	3658	0
sub-13_2	116	Pulse	255	3720042	23658	0
sub-13_2	117	Picture	11	3721611	0	1	10226	1	0	10000	other	0
sub-13_2	117	Pulse	255	3740042	18431	0
sub-13_2	118	Picture	11	3746838	0	1	10226	1	0	10000	other	0
sub-13_2	118	Pulse	255	3760042	13204	0
sub-13_2	119	Picture	11	3772065	0	1	10226	1	0	10000	other	0
sub-13_2	119	Pulse	255	3780042	7978	0
sub-13_2	120	Picture	11	3797292	0	1	10226	1	0	10000	other	0
sub-13_2	120	Pulse	255	3800042	2750	0
sub-13_2	120	Pulse	255	3820042	22750	0
sub-13_2	121	Picture	11	3822518	0	1	10226	1	0	10000	other	0
sub-13_2	121	Pulse	255	3840042	17523	0
sub-13_2	122	Picture	12	3847745	0	1	10226	1	0	10000	other	0
sub-13_2	122	Pulse	255	3860042	12297	0
sub-13_2	123	Picture	12	3872973	0	1	10226	1	0	10000	other	0
sub-13_2	123	Pulse	255	3880042	7069	0
sub-13_2	124	Picture	12	3898200	0	1	10226	1	0	10000	other	0
sub-13_2	124	Pulse	255	3900042	1842	0
sub-13_2	124	Pulse	255	3920042	21842	0
sub-13_2	125	Picture	12	3923427	0	1	10226	1	0	10000	other	0
sub-13_2	125	Pulse	255	3940042	16615	0
sub-13_2	126	Picture	12	3948654	0	1	10226	1	0	10000	other	0
sub-13_2	126	Pulse	255	3960042	11388	0
sub-13_2	127	Picture	12	3973881	0	1	10226	1	0	10000	other	0
sub-13_2	127	Pulse	255	3980042	6161	0
sub-13_2	128	Picture	12	3999108	0	1	10226	1	0	10000	other	0
sub-13_2	128	Pulse	255	4000043	935	0
sub-13_2	128	Pulse	255	4020042	20934	0
sub-13_2	129	Picture	12	4024335	0	1	10226	1	0	10000	other	0
sub-13_2	129	Pulse	255	4040042	15708	0
sub-13_2	130	Picture	12	4049562	0	1	10226	1	0	10000	other	0
sub-13_2	130	Pulse	255	4060043	10481	0
sub-13_2	131	Picture	12	4074789	0	1	10226	1	0	10000	other	0
sub-13_2	131	Pulse	255	4080042	5254	0
sub-13_2	132	Picture	Bfix	4100016	0	1	30227	1	0	30000	other	0
sub-13_2	132	Pulse	255	4100043	27	0
sub-13_2	132	Pulse	255	4120043	20027	0
sub-13_2	133	Picture	Ins_repos	4130243	0	1	40226	1	0	40000	other	0
sub-13_2	133	Pulse	255	4140042	9799	0
sub-13_2	133	Pulse	255	4160032	29789	0
sub-13_2	133	Pulse	255	4180033	49790	0
sub-13_2	134	Picture	71	4190470	0	1	10226	1	0	10000	other	0
sub-13_2	134	Pulse	255	4200033	9563	0
sub-13_2	135	Picture	71	4215697	0	1	10226	1	0	10000	other	0
sub-13_2	135	Pulse	255	4220033	4336	0
sub-13_2	135	Pulse	255	4240033	24336	0
sub-13_2	136	Picture	71	4240924	0	1	10226	1	0	10000	other	0
sub-13_2	136	Pulse	255	4260033	19109	0
sub-13_2	137	Picture	71	4266151	0	1	10226	1	0	10000	other	0
sub-13_2	137	Pulse	255	4280033	13882	0
sub-13_2	138	Picture	71	4291378	0	1	10226	1	0	10000	other	0
sub-13_2	138	Pulse	255	4300033	8656	0
sub-13_2	139	Picture	71	4316605	0	1	10226	1	0	10000	other	0
sub-13_2	139	Pulse	255	4320033	3429	0
sub-13_2	139	Pulse	255	4340033	23429	0
sub-13_2	140	Picture	71	4341832	0	1	10226	1	0	10000	other	0
sub-13_2	140	Pulse	255	4360033	18202	0
sub-13_2	141	Picture	71	4367059	0	1	10226	1	0	10000	other	0
sub-13_2	141	Pulse	255	4380033	12974	0
sub-13_2	142	Picture	71	4392286	0	1	10226	1	0	10000	other	0
sub-13_2	142	Pulse	255	4400033	7748	0
sub-13_2	143	Picture	71	4417512	0	1	10226	1	0	10000	other	0
sub-13_2	143	Pulse	255	4420033	2521	0
sub-13_2	143	Pulse	255	4440033	22521	0
sub-13_2	144	Picture	72	4442739	0	1	10226	1	0	10000	other	0
sub-13_2	144	Pulse	255	4460033	17294	0
sub-13_2	145	Picture	72	4467966	0	1	10226	1	0	10000	other	0
sub-13_2	145	Pulse	255	4480033	12067	0
sub-13_2	146	Picture	72	4493193	0	1	10226	1	0	10000	other	0
sub-13_2	146	Pulse	255	4500034	6840	0
sub-13_2	147	Picture	72	4518420	0	1	10226	1	0	10000	other	0
sub-13_2	147	Pulse	255	4520033	1613	0
sub-13_2	147	Pulse	255	4540033	21613	0
sub-13_2	148	Picture	72	4543647	0	1	10226	1	0	10000	other	0
sub-13_2	148	Pulse	255	4560033	16386	0
sub-13_2	149	Picture	72	4568874	0	1	10226	1	0	10000	other	0
sub-13_2	149	Pulse	255	4580033	11159	0
sub-13_2	150	Picture	72	4594101	0	1	10226	1	0	10000	other	0
sub-13_2	150	Pulse	255	4600034	5933	0
sub-13_2	151	Picture	72	4619328	0	1	10226	1	0	10000	other	0
sub-13_2	151	Pulse	255	4620034	706	0
sub-13_2	151	Pulse	255	4640033	20705	0
sub-13_2	152	Picture	72	4644555	0	1	10226	1	0	10000	other	0
sub-13_2	152	Pulse	255	4660034	15479	0
sub-13_2	153	Picture	72	4669782	0	1	10226	1	0	10000	other	0
sub-13_2	153	Pulse	255	4680034	10252	0
sub-13_2	154	Picture	Bfix	4695009	0	1	30226	1	0	30000	other	0
sub-13_2	154	Pulse	255	4700034	5025	0
sub-13_2	154	Pulse	255	4720034	25025	0
sub-13_2	155	Picture	Ins_bouche	4725402	0	1	40226	1	0	40000	other	0
sub-13_2	155	Pulse	255	4740034	14632	0
sub-13_2	155	Pulse	255	4760034	34632	0
sub-13_2	155	Pulse	255	4780034	54632	0
sub-13_2	156	Picture	61	4785629	0	1	10226	1	0	10000	other	0
sub-13_2	156	Pulse	255	4800034	14405	0
sub-13_2	157	Picture	61	4810856	0	1	10226	1	0	10000	other	0
sub-13_2	157	Pulse	255	4820034	9178	0
sub-13_2	158	Picture	61	4836083	0	1	10226	1	0	10000	other	0
sub-13_2	158	Pulse	255	4840034	3951	0
sub-13_2	158	Pulse	255	4860034	23951	0
sub-13_2	159	Picture	61	4861310	0	1	10226	1	0	10000	other	0
sub-13_2	159	Pulse	255	4880034	18725	0
sub-13_2	160	Picture	61	4886537	0	1	10226	1	0	10000	other	0
sub-13_2	160	Pulse	255	4900034	13497	0
sub-13_2	161	Picture	61	4911764	0	1	10226	1	0	10000	other	0
sub-13_2	161	Pulse	255	4920034	8270	0
sub-13_2	162	Picture	61	4936991	0	1	10226	1	0	10000	other	0
sub-13_2	162	Pulse	255	4940034	3043	0
sub-13_2	162	Pulse	255	4960035	23044	0
sub-13_2	163	Picture	61	4962218	0	1	10226	1	0	10000	other	0
sub-13_2	163	Pulse	255	4980035	17817	0
sub-13_2	164	Picture	61	4987445	0	1	10226	1	0	10000	other	0
sub-13_2	164	Pulse	255	5000035	12590	0
sub-13_2	165	Picture	61	5012672	0	1	10226	1	0	10000	other	0
sub-13_2	165	Pulse	255	5020034	7362	0
sub-13_2	166	Picture	62	5037899	0	1	10226	1	0	10000	other	0
sub-13_2	166	Pulse	255	5040034	2135	0
sub-13_2	166	Pulse	255	5060034	22135	0
sub-13_2	167	Picture	62	5063126	0	1	10226	1	0	10000	other	0
sub-13_2	167	Pulse	255	5080035	16909	0
sub-13_2	168	Picture	62	5088353	0	1	10226	1	0	10000	other	0
sub-13_2	168	Pulse	255	5100035	11682	0
sub-13_2	169	Picture	62	5113580	0	1	10226	1	0	10000	other	0
sub-13_2	169	Pulse	255	5120034	6455	0
sub-13_2	170	Picture	62	5138807	0	1	10226	1	0	10000	other	0
sub-13_2	170	Pulse	255	5140035	1228	0
sub-13_2	170	Pulse	255	5160035	21228	0
sub-13_2	171	Picture	62	5164034	0	1	10226	1	0	10000	other	0
sub-13_2	171	Pulse	255	5180035	16001	0
sub-13_2	172	Picture	62	5189260	0	1	10226	1	0	10000	other	0
sub-13_2	172	Pulse	255	5200035	10775	0
sub-13_2	173	Picture	62	5214488	0	1	10226	1	0	10000	other	0
sub-13_2	173	Pulse	255	5220035	5547	0
sub-13_2	174	Picture	62	5239714	0	1	10226	1	0	10000	other	0
sub-13_2	174	Pulse	255	5240035	321	0
sub-13_2	174	Pulse	255	5260035	20320	0
sub-13_2	175	Picture	62	5264941	0	1	10226	1	0	10000	other	0
sub-13_2	175	Pulse	255	5280035	15094	0
sub-13_2	176	Picture	Bfix	5290168	0	1	30227	1	0	30000	other	0
sub-13_2	176	Pulse	255	5300035	9867	0
sub-13_2	176	Pulse	255	5320035	29867	0
sub-13_2	177	Picture	Ins_jambe	5320395	0	1	40226	1	0	40000	other	0
sub-13_2	177	Pulse	255	5340035	19640	0
sub-13_2	177	Pulse	255	5360035	39640	0
sub-13_2	177	Pulse	255	5380035	59640	0
sub-13_2	178	Picture	51	5380622	0	1	10226	1	0	10000	other	0
sub-13_2	178	Pulse	255	5400035	19413	0
sub-13_2	179	Picture	51	5405849	0	1	10226	1	0	10000	other	0
sub-13_2	179	Pulse	255	5420035	14186	0
sub-13_2	180	Picture	51	5431076	0	1	10226	1	0	10000	other	0
sub-13_2	180	Pulse	255	5440035	8959	0
sub-13_2	181	Picture	51	5456303	0	1	10226	1	0	10000	other	0
sub-13_2	181	Pulse	255	5460035	3732	0
sub-13_2	181	Pulse	255	5480035	23732	0
sub-13_2	182	Picture	51	5481530	0	1	10226	1	0	10000	other	0
sub-13_2	182	Pulse	255	5500035	18505	0
sub-13_2	183	Picture	51	5506757	0	1	10226	1	0	10000	other	0
sub-13_2	183	Pulse	255	5520036	13278	0
sub-13_2	184	Picture	51	5531984	0	1	10226	1	0	10000	other	0
sub-13_2	184	Pulse	255	5540035	8051	0
sub-13_2	185	Picture	51	5557211	0	1	10226	1	0	10000	other	0
sub-13_2	185	Pulse	255	5560035	2824	0
sub-13_2	185	Pulse	255	5580036	22825	0
sub-13_2	186	Picture	51	5582438	0	1	10226	1	0	10000	other	0
sub-13_2	186	Pulse	255	5600036	17598	0
sub-13_2	187	Picture	51	5607665	0	1	10226	1	0	10000	other	0
sub-13_2	187	Pulse	255	5620036	12371	0
sub-13_2	188	Picture	52	5632892	0	1	10226	1	0	10000	other	0
sub-13_2	188	Pulse	255	5640036	7144	0
sub-13_2	189	Picture	52	5658119	0	1	10226	1	0	10000	other	0
sub-13_2	189	Pulse	255	5660036	1917	0
sub-13_2	189	Pulse	255	5680036	21917	0
sub-13_2	190	Picture	52	5683346	0	1	10226	1	0	10000	other	0
sub-13_2	190	Pulse	255	5700036	16690	0
sub-13_2	191	Picture	52	5708573	0	1	10226	1	0	10000	other	0
sub-13_2	191	Pulse	255	5720036	11463	0
sub-13_2	192	Picture	52	5733800	0	1	10226	1	0	10000	other	0
sub-13_2	192	Pulse	255	5740036	6236	0
sub-13_2	193	Picture	52	5759027	0	1	10226	1	0	10000	other	0
sub-13_2	193	Pulse	255	5760036	1009	0
sub-13_2	193	Pulse	255	5780036	21009	0
sub-13_2	194	Picture	52	5784254	0	1	10226	1	0	10000	other	0
sub-13_2	194	Pulse	255	5800036	15782	0
sub-13_2	195	Picture	52	5809481	0	1	10226	1	0	10000	other	0
sub-13_2	195	Pulse	255	5820037	10556	0
sub-13_2	196	Picture	52	5834708	0	1	10226	1	0	10000	other	0
sub-13_2	196	Pulse	255	5840036	5328	0
sub-13_2	197	Picture	52	5859935	0	1	10226	1	0	10000	other	0
sub-13_2	197	Pulse	255	5860036	101	0
sub-13_2	197	Pulse	255	5880036	20101	0
sub-13_2	198	Picture	Bfix	5885162	0	1	30227	1	0	30000	other	0
sub-13_2	198	Pulse	255	5900036	14874	0
sub-13_2	199	Picture	Ins_yeux	5915389	0	1	40226	1	0	40000	other	0
sub-13_2	199	Pulse	255	5920036	4647	0
sub-13_2	199	Pulse	255	5940036	24647	0
sub-13_2	199	Pulse	255	5960026	44637	0
sub-13_2	200	Picture	31	5975616	0	1	10226	1	0	10000	other	0
sub-13_2	200	Pulse	255	5980027	4411	0
sub-13_2	200	Pulse	255	6000027	24411	0
sub-13_2	201	Picture	31	6000843	0	1	10226	1	0	10000	other	0
sub-13_2	201	Pulse	255	6020027	19184	0
sub-13_2	202	Picture	31	6026070	0	1	10226	1	0	10000	other	0
sub-13_2	202	Pulse	255	6040027	13957	0
sub-13_2	203	Picture	31	6051297	0	1	10226	1	0	10000	other	0
sub-13_2	203	Pulse	255	6060027	8730	0
sub-13_2	204	Picture	31	6076524	0	1	10226	1	0	10000	other	0
sub-13_2	204	Pulse	255	6080027	3503	0
sub-13_2	204	Pulse	255	6100027	23503	0
sub-13_2	205	Picture	31	6101751	0	1	10226	1	0	10000	other	0
sub-13_2	205	Pulse	255	6120027	18276	0
sub-13_2	206	Picture	31	6126978	0	1	10226	1	0	10000	other	0
sub-13_2	206	Pulse	255	6140026	13048	0
sub-13_2	207	Picture	31	6152205	0	1	10226	1	0	10000	other	0
sub-13_2	207	Pulse	255	6160027	7822	0
sub-13_2	208	Picture	31	6177432	0	1	10226	1	0	10000	other	0
sub-13_2	208	Pulse	255	6180027	2595	0
sub-13_2	208	Pulse	255	6200027	22595	0
sub-13_2	209	Picture	31	6202659	0	1	10226	1	0	10000	other	0
sub-13_2	209	Pulse	255	6220027	17368	0
sub-13_2	210	Picture	32	6227886	0	1	10226	1	0	10000	other	0
sub-13_2	210	Pulse	255	6240027	12141	0
sub-13_2	211	Picture	32	6253113	0	1	10226	1	0	10000	other	0
sub-13_2	211	Pulse	255	6260027	6914	0
sub-13_2	212	Picture	32	6278340	0	1	10226	1	0	10000	other	0
sub-13_2	212	Pulse	255	6280027	1687	0
sub-13_2	212	Pulse	255	6300027	21687	0
sub-13_2	213	Picture	32	6303567	0	1	10226	1	0	10000	other	0
sub-13_2	213	Pulse	255	6320027	16460	0
sub-13_2	214	Picture	32	6328794	0	1	10226	1	0	10000	other	0
sub-13_2	214	Pulse	255	6340027	11233	0
sub-13_2	215	Picture	32	6354022	0	1	10226	1	0	10000	other	0
sub-13_2	215	Pulse	255	6360027	6005	0
sub-13_2	216	Picture	32	6379249	0	1	10226	1	0	10000	other	0
sub-13_2	216	Pulse	255	6380027	778	0
sub-13_2	216	Pulse	255	6400027	20778	0
sub-13_2	217	Picture	32	6404476	0	1	10226	1	0	10000	other	0
sub-13_2	217	Pulse	255	6420027	15552	0
sub-13_2	218	Picture	32	6429703	0	1	10226	1	0	10000	other	0
sub-13_2	218	Pulse	255	6440027	10324	0
sub-13_2	219	Picture	32	6454930	0	1	10226	1	0	10000	other	0
sub-13_2	219	Pulse	255	6460028	5098	0
sub-13_2	219	Pulse	255	6480028	25098	0
sub-13_2	220	Picture	Bfix	6480157	0	1	30227	1	0	30000	other	0
sub-13_2	220	Pulse	255	6500028	19871	0
sub-13_2	221	Picture	Ins_index	6510384	0	1	40226	1	0	40000	other	0
sub-13_2	221	Pulse	255	6520027	9643	0
sub-13_2	221	Pulse	255	6540028	29644	0
sub-13_2	221	Pulse	255	6560028	49644	0
sub-13_2	222	Picture	21	6570611	0	1	10226	1	0	10000	hit	544
sub-13_2	222	Response	1	6574958	4347	1
sub-13_2	222	Pulse	255	6580027	9416	0
sub-13_2	223	Picture	21	6595838	0	1	10226	1	0	10000	hit	547
sub-13_2	223	Response	1	6599208	3369	1
sub-13_2	223	Pulse	255	6600027	4189	0
sub-13_2	223	Pulse	255	6620028	24190	0
sub-13_2	224	Picture	21	6621065	0	1	10226	1	0	10000	hit	551
sub-13_2	224	Response	1	6624228	3162	1
sub-13_2	224	Pulse	255	6640028	18962	0
sub-13_2	225	Picture	21	6646292	0	1	10226	1	0	10000	hit	554
sub-13_2	225	Response	1	6649508	3216	1
sub-13_2	225	Pulse	255	6660028	13735	0
sub-13_2	226	Picture	21	6671519	0	1	10226	1	0	10000	hit	557
sub-13_2	226	Response	1	6674388	2869	1
sub-13_2	226	Response	1	6678298	6779	1
sub-13_2	226	Pulse	255	6680028	8508	0
sub-13_2	227	Picture	21	6696746	0	1	10226	1	0	10000	hit	562
sub-13_2	227	Pulse	255	6700028	3282	0
sub-13_2	227	Response	1	6700278	3531	1
sub-13_2	227	Pulse	255	6720028	23282	0
sub-13_2	228	Picture	21	6721973	0	1	10226	1	0	10000	hit	565
sub-13_2	228	Response	1	6724478	2505	1
sub-13_2	228	Pulse	255	6740028	18055	0
sub-13_2	229	Picture	21	6747200	0	1	10226	1	0	10000	hit	568
sub-13_2	229	Response	1	6749928	2728	1
sub-13_2	229	Pulse	255	6760028	12828	0
sub-13_2	230	Picture	21	6772427	0	1	10226	1	0	10000	hit	571
sub-13_2	230	Response	1	6773568	1141	1
sub-13_2	230	Pulse	255	6780028	7601	0
sub-13_2	231	Picture	21	6797654	0	1	10226	1	0	10000	hit	575
sub-13_2	231	Pulse	255	6800028	2374	0
sub-13_2	231	Response	1	6801378	3724	1
sub-13_2	231	Pulse	255	6820028	22374	0
sub-13_2	231	Response	2	6822358	24704	1
sub-13_2	232	Picture	22	6822881	0	1	10226	1	0	10000	miss	0
sub-13_2	232	Pulse	255	6840028	17147	0
sub-13_2	233	Picture	22	6848108	0	1	10226	1	0	10000	hit	581
sub-13_2	233	Response	2	6848418	310	1
sub-13_2	233	Pulse	255	6860028	11920	0
sub-13_2	234	Picture	22	6873335	0	1	10226	1	0	10000	hit	584
sub-13_2	234	Response	2	6876068	2733	1
sub-13_2	234	Pulse	255	6880028	6692	0
sub-13_2	235	Picture	22	6898562	0	1	10226	1	0	10000	hit	588
sub-13_2	235	Pulse	255	6900028	1466	0
sub-13_2	235	Response	2	6900308	1746	1
sub-13_2	235	Pulse	255	6920028	21466	0
sub-13_2	236	Picture	22	6923789	0	1	10226	1	0	10000	hit	591
sub-13_2	236	Response	2	6926058	2269	1
sub-13_2	236	Pulse	255	6940029	16239	0
sub-13_2	237	Picture	22	6949016	0	1	10226	1	0	10000	hit	594
sub-13_2	237	Response	2	6951138	2122	1
sub-13_2	237	Pulse	255	6960028	11012	0
sub-13_2	238	Picture	22	6974243	0	1	10226	1	0	10000	hit	597
sub-13_2	238	Response	2	6976868	2625	1
sub-13_2	238	Pulse	255	6980029	5785	0
sub-13_2	239	Picture	22	6999470	0	1	10226	1	0	10000	hit	601
sub-13_2	239	Pulse	255	7000028	558	0
sub-13_2	239	Response	2	7002158	2688	1
sub-13_2	239	Pulse	255	7020029	20559	0
sub-13_2	240	Picture	22	7024697	0	1	10226	1	0	10000	hit	604
sub-13_2	240	Response	2	7027309	2611	1
sub-13_2	240	Pulse	255	7040029	15331	0
sub-13_2	241	Picture	22	7049925	0	1	10226	1	0	10000	hit	607
sub-13_2	241	Response	2	7052239	2314	1
sub-13_2	241	Pulse	255	7060029	10104	0
sub-13_2	242	Picture	Bfix	7075152	0	1	30227	1	0	30000	other	0
sub-13_2	242	Pulse	255	7080029	4877	0
sub-13_2	242	Pulse	255	7100029	24877	0
sub-13_2	243	Picture	Ins_main	7105379	0	1	40226	1	0	40000	other	0
sub-13_2	243	Pulse	255	7120029	14650	0
sub-13_2	243	Pulse	255	7140029	34650	0
sub-13_2	243	Pulse	255	7160029	54650	0
sub-13_2	244	Picture	11	7165605	0	1	10226	1	0	10000	other	0
sub-13_2	244	Pulse	255	7180029	14424	0
sub-13_2	245	Picture	11	7190833	0	1	10226	1	0	10000	other	0
sub-13_2	245	Pulse	255	7200029	9197	0
sub-13_2	246	Picture	11	7216059	0	1	10227	1	0	10000	other	0
sub-13_2	246	Pulse	255	7220029	3969	0
sub-13_2	246	Pulse	255	7240029	23969	0
sub-13_2	247	Picture	11	7241287	0	1	10226	1	0	10000	other	0
sub-13_2	247	Pulse	255	7260029	18742	0
sub-13_2	248	Picture	11	7266514	0	1	10226	1	0	10000	other	0
sub-13_2	248	Pulse	255	7280029	13516	0
sub-13_2	249	Picture	11	7291740	0	1	10226	1	0	10000	other	0
sub-13_2	249	Pulse	255	7300029	8288	0
sub-13_2	250	Picture	11	7316967	0	1	10226	1	0	10000	other	0
sub-13_2	250	Pulse	255	7320029	3062	0
sub-13_2	250	Pulse	255	7340029	23062	0
sub-13_2	251	Picture	11	7342194	0	1	10226	1	0	10000	other	0
sub-13_2	251	Pulse	255	7360029	17835	0
sub-13_2	252	Picture	11	7367421	0	1	10226	1	0	10000	other	0
sub-13_2	252	Pulse	255	7380030	12608	0
sub-13_2	253	Picture	11	7392648	0	1	10226	1	0	10000	other	0
sub-13_2	253	Pulse	255	7400029	7381	0
sub-13_2	254	Picture	12	7417875	0	1	10226	1	0	10000	other	0
sub-13_2	254	Pulse	255	7420029	2154	0
sub-13_2	254	Pulse	255	7440029	22154	0
sub-13_2	255	Picture	12	7443103	0	1	10226	1	0	10000	other	0
sub-13_2	255	Pulse	255	7460030	16927	0
sub-13_2	256	Picture	12	7468330	0	1	10226	1	0	10000	other	0
sub-13_2	256	Pulse	255	7480029	11699	0
sub-13_2	257	Picture	12	7493557	0	1	10226	1	0	10000	other	0
sub-13_2	257	Pulse	255	7500030	6473	0
sub-13_2	258	Picture	12	7518784	0	1	10226	1	0	10000	other	0
sub-13_2	258	Pulse	255	7520029	1245	0
sub-13_2	258	Pulse	255	7540030	21246	0
sub-13_2	259	Picture	12	7544011	0	1	10226	1	0	10000	other	0
sub-13_2	259	Pulse	255	7560030	16019	0
sub-13_2	260	Picture	12	7569238	0	1	10226	1	0	10000	other	0
sub-13_2	260	Pulse	255	7580030	10792	0
sub-13_2	261	Picture	12	7594465	0	1	10226	1	0	10000	other	0
sub-13_2	261	Pulse	255	7600030	5565	0
sub-13_2	262	Picture	12	7619692	0	1	10226	1	0	10000	other	0
sub-13_2	262	Pulse	255	7620030	338	0
sub-13_2	262	Pulse	255	7640030	20338	0
sub-13_2	263	Picture	12	7644919	0	1	10226	1	0	10000	other	0
sub-13_2	263	Pulse	255	7660030	15111	0
sub-13_2	264	Picture	Bfix	7670146	0	1	71802	1	0	60000	other	0
sub-13_2	264	Pulse	255	7680030	9884	0
sub-13_2	264	Pulse	255	7700030	29884	0
sub-13_2	264	Pulse	255	7720030	49884	0
