Scenario - loca_moto
Logfile written - 02/13/2019 17:43:13

Subject	Trial	Event Type	Code	Time	TTime	Uncertainty	Duration	Uncertainty	ReqTime	ReqDur	Stim Type	Pair Index

sub-01	0	Pulse	255	732478	732478	0
sub-01	1	Picture	Ins_main	732707	0	1	40227	1	0	40000	other	0
sub-01	1	Pulse	255	752478	19771	0
sub-01	1	Pulse	255	772478	39770	0
sub-01	1	Pulse	255	792478	59771	0
sub-01	2	Picture	11	792934	0	1	10226	1	0	10000	other	0
sub-01	2	Pulse	255	812478	19544	0
sub-01	3	Picture	11	818161	0	1	10226	1	0	10000	other	0
sub-01	3	Pulse	255	832478	14317	0
sub-01	4	Picture	11	843388	0	1	10226	1	0	10000	other	0
sub-01	4	Pulse	255	852478	9090	0
sub-01	5	Picture	11	868615	0	1	10226	1	0	10000	other	0
sub-01	5	Pulse	255	872478	3863	0
sub-01	5	Pulse	255	892478	23863	0
sub-01	6	Picture	11	893842	0	1	10226	1	0	10000	other	0
sub-01	6	Pulse	255	912478	18637	0
sub-01	7	Picture	11	919068	0	1	10226	1	0	10000	other	0
sub-01	7	Pulse	255	932478	13410	0
sub-01	8	Picture	11	944295	0	1	10226	1	0	10000	other	0
sub-01	8	Pulse	255	952478	8183	0
sub-01	9	Picture	11	969522	0	1	10226	1	0	10000	other	0
sub-01	9	Pulse	255	972479	2956	0
sub-01	9	Pulse	255	992478	22956	0
sub-01	10	Picture	11	994750	0	1	10226	1	0	10000	other	0
sub-01	10	Pulse	255	1012479	17729	0
sub-01	11	Picture	11	1019978	0	1	10226	1	0	10000	other	0
sub-01	11	Pulse	255	1032479	12501	0
sub-01	12	Picture	12	1045205	0	1	10226	1	0	10000	other	0
sub-01	12	Pulse	255	1052479	7274	0
sub-01	13	Picture	12	1070432	0	1	10226	1	0	10000	other	0
sub-01	13	Pulse	255	1072479	2047	0
sub-01	13	Pulse	255	1092479	22047	0
sub-01	14	Picture	12	1095659	0	1	10226	1	0	10000	other	0
sub-01	14	Pulse	255	1112479	16821	0
sub-01	15	Picture	12	1120886	0	1	10226	1	0	10000	other	0
sub-01	15	Pulse	255	1132479	11594	0
sub-01	16	Picture	12	1146112	0	1	10226	1	0	10000	other	0
sub-01	16	Pulse	255	1152479	6367	0
sub-01	17	Picture	12	1171339	0	1	10226	1	0	10000	other	0
sub-01	17	Pulse	255	1172479	1140	0
sub-01	17	Pulse	255	1192479	21140	0
sub-01	18	Picture	12	1196566	0	1	10226	1	0	10000	other	0
sub-01	18	Pulse	255	1212479	15913	0
sub-01	19	Picture	12	1221793	0	1	10226	1	0	10000	other	0
sub-01	19	Pulse	255	1232480	10687	0
sub-01	20	Picture	12	1247020	0	1	10226	1	0	10000	other	0
sub-01	20	Pulse	255	1252480	5460	0
sub-01	21	Picture	12	1272247	0	1	10226	1	0	10000	other	0
sub-01	21	Pulse	255	1272480	233	0
sub-01	21	Pulse	255	1292480	20233	0
sub-01	22	Picture	Bfix	1297475	0	1	30228	1	0	30000	other	0
sub-01	22	Pulse	255	1312479	15004	0
sub-01	23	Picture	Ins_index	1327703	0	1	40226	1	0	40000	other	0
sub-01	23	Pulse	255	1332480	4777	0
sub-01	23	Pulse	255	1352480	24776	0
sub-01	23	Pulse	255	1372480	44777	0
sub-01	24	Picture	21	1387930	0	1	10226	1	0	10000	hit	59
sub-01	24	Pulse	255	1392480	4550	0
sub-01	24	Response	1	1392999	5069	1
sub-01	24	Pulse	255	1412480	24550	0
sub-01	25	Picture	21	1413157	0	1	10226	1	0	10000	hit	62
sub-01	25	Response	1	1419570	6413	1
sub-01	25	Pulse	255	1432480	19323	0
sub-01	26	Picture	21	1438384	0	1	10226	1	0	10000	hit	65
sub-01	26	Response	1	1441820	3436	1
sub-01	26	Pulse	255	1452480	14096	0
sub-01	27	Picture	21	1463611	0	1	10226	1	0	10000	hit	68
sub-01	27	Response	1	1468670	5059	1
sub-01	27	Pulse	255	1472480	8869	0
sub-01	28	Picture	21	1488838	0	1	10226	1	0	10000	hit	72
sub-01	28	Pulse	255	1492481	3643	0
sub-01	28	Response	1	1493511	4673	1
sub-01	28	Pulse	255	1512481	23643	0
sub-01	29	Picture	21	1514065	0	1	10226	1	0	10000	hit	75
sub-01	29	Response	1	1517941	3876	1
sub-01	29	Pulse	255	1532481	18416	0
sub-01	30	Picture	21	1539292	0	1	10226	1	0	10000	hit	78
sub-01	30	Response	1	1544311	5019	1
sub-01	30	Pulse	255	1552481	13189	0
sub-01	31	Picture	21	1564519	0	1	10226	1	0	10000	hit	81
sub-01	31	Response	1	1570131	5612	1
sub-01	31	Pulse	255	1572481	7962	0
sub-01	32	Picture	21	1589746	0	1	10226	1	0	10000	hit	85
sub-01	32	Pulse	255	1592481	2735	0
sub-01	32	Response	1	1595731	5985	1
sub-01	32	Pulse	255	1612481	22735	0
sub-01	33	Picture	21	1614973	0	1	10226	1	0	10000	hit	88
sub-01	33	Response	1	1620271	5298	1
sub-01	33	Pulse	255	1632481	17508	0
sub-01	34	Picture	22	1640199	0	1	10226	1	0	10000	hit	91
sub-01	34	Response	2	1644871	4672	1
sub-01	34	Pulse	255	1652481	12282	0
sub-01	35	Picture	22	1665426	0	1	10226	1	0	10000	hit	94
sub-01	35	Response	2	1668361	2935	1
sub-01	35	Pulse	255	1672481	7055	0
sub-01	36	Picture	22	1690653	0	1	10226	1	0	10000	hit	98
sub-01	36	Pulse	255	1692482	1829	0
sub-01	36	Response	2	1693651	2998	1
sub-01	36	Pulse	255	1712482	21828	0
sub-01	37	Picture	22	1715880	0	1	10226	1	0	10000	hit	101
sub-01	37	Response	2	1718832	2952	1
sub-01	37	Pulse	255	1732481	16601	0
sub-01	38	Picture	22	1741107	0	1	10226	1	0	10000	hit	104
sub-01	38	Response	2	1744682	3575	1
sub-01	38	Pulse	255	1752482	11375	0
sub-01	39	Picture	22	1766334	0	1	10226	1	0	10000	hit	107
sub-01	39	Response	2	1770312	3978	1
sub-01	39	Pulse	255	1772481	6147	0
sub-01	40	Picture	22	1791561	0	1	10226	1	0	10000	hit	111
sub-01	40	Pulse	255	1792482	921	0
sub-01	40	Response	2	1795662	4101	1
sub-01	40	Pulse	255	1812482	20921	0
sub-01	41	Picture	22	1816788	0	1	10226	1	0	10000	hit	114
sub-01	41	Response	2	1820782	3994	1
sub-01	41	Pulse	255	1832482	15694	0
sub-01	42	Picture	22	1842015	0	1	10226	1	0	10000	hit	117
sub-01	42	Response	2	1845482	3467	1
sub-01	42	Pulse	255	1852482	10467	0
sub-01	43	Picture	22	1867242	0	1	10226	1	0	10000	hit	120
sub-01	43	Response	2	1871092	3850	1
sub-01	43	Pulse	255	1872482	5240	0
sub-01	44	Picture	Bfix	1892469	0	1	30229	1	0	30000	other	0
sub-01	44	Pulse	255	1892482	14	0
sub-01	44	Pulse	255	1912482	20014	0
sub-01	45	Picture	Ins_yeux	1922697	0	1	40226	1	0	40000	other	0
sub-01	45	Pulse	255	1932483	9785	0
sub-01	45	Pulse	255	1952482	29785	0
sub-01	45	Pulse	255	1972482	49785	0
sub-01	46	Picture	31	1982924	0	1	10226	1	0	10000	other	0
sub-01	46	Pulse	255	1992482	9558	0
sub-01	47	Picture	31	2008151	0	1	10226	1	0	10000	other	0
sub-01	47	Pulse	255	2012483	4332	0
sub-01	47	Pulse	255	2032483	24332	0
sub-01	48	Picture	31	2033378	0	1	10226	1	0	10000	other	0
sub-01	48	Pulse	255	2052483	19105	0
sub-01	49	Picture	31	2058605	0	1	10226	1	0	10000	other	0
sub-01	49	Pulse	255	2072483	13878	0
sub-01	50	Picture	31	2083832	0	1	10226	1	0	10000	other	0
sub-01	50	Pulse	255	2092483	8651	0
sub-01	51	Picture	31	2109059	0	1	10226	1	0	10000	other	0
sub-01	51	Pulse	255	2112483	3425	0
sub-01	51	Pulse	255	2132483	23425	0
sub-01	52	Picture	31	2134286	0	1	10226	1	0	10000	other	0
sub-01	52	Pulse	255	2152483	18198	0
sub-01	53	Picture	31	2159512	0	1	10226	1	0	10000	other	0
sub-01	53	Pulse	255	2172483	12971	0
sub-01	54	Picture	31	2184739	0	1	10226	1	0	10000	other	0
sub-01	54	Pulse	255	2192483	7744	0
sub-01	55	Picture	31	2209966	0	1	10226	1	0	10000	other	0
sub-01	55	Pulse	255	2212474	2507	0
sub-01	55	Pulse	255	2232473	22507	0
sub-01	56	Picture	32	2235193	0	1	10226	1	0	10000	other	0
sub-01	56	Pulse	255	2252473	17280	0
sub-01	57	Picture	32	2260420	0	1	10226	1	0	10000	other	0
sub-01	57	Pulse	255	2272474	12053	0
sub-01	58	Picture	32	2285647	0	1	10226	1	0	10000	other	0
sub-01	58	Pulse	255	2292474	6827	0
sub-01	59	Picture	32	2310874	0	1	10226	1	0	10000	other	0
sub-01	59	Pulse	255	2312474	1600	0
sub-01	59	Pulse	255	2332474	21600	0
sub-01	60	Picture	32	2336101	0	1	10226	1	0	10000	other	0
sub-01	60	Pulse	255	2352474	16373	0
sub-01	61	Picture	32	2361328	0	1	10226	1	0	10000	other	0
sub-01	61	Pulse	255	2372474	11146	0
sub-01	62	Picture	32	2386554	0	1	10226	1	0	10000	other	0
sub-01	62	Pulse	255	2392474	5920	0
sub-01	63	Picture	32	2411781	0	1	10226	1	0	10000	other	0
sub-01	63	Pulse	255	2412474	693	0
sub-01	63	Pulse	255	2432474	20693	0
sub-01	64	Picture	32	2437008	0	1	10226	1	0	10000	other	0
sub-01	64	Pulse	255	2452475	15466	0
sub-01	65	Picture	32	2462235	0	1	10226	1	0	10000	other	0
sub-01	65	Pulse	255	2472474	10239	0
sub-01	66	Picture	Bfix	2487462	0	1	30228	1	0	30000	other	0
sub-01	66	Pulse	255	2492475	5012	0
sub-01	66	Pulse	255	2512475	25013	0
sub-01	67	Picture	Ins_jambe	2517691	0	1	40226	1	0	40000	other	0
sub-01	67	Pulse	255	2532475	14784	0
sub-01	67	Pulse	255	2552475	34784	0
sub-01	67	Pulse	255	2572475	54784	0
sub-01	68	Picture	51	2577918	0	1	10226	1	0	10000	other	0
sub-01	68	Pulse	255	2592475	14557	0
sub-01	69	Picture	51	2603145	0	1	10226	1	0	10000	other	0
sub-01	69	Pulse	255	2612475	9330	0
sub-01	70	Picture	51	2628372	0	1	10226	1	0	10000	other	0
sub-01	70	Pulse	255	2632475	4103	0
sub-01	70	Pulse	255	2652475	24103	0
sub-01	71	Picture	51	2653599	0	1	10226	1	0	10000	other	0
sub-01	71	Pulse	255	2672475	18876	0
sub-01	72	Picture	51	2678826	0	1	10226	1	0	10000	other	0
sub-01	72	Pulse	255	2692475	13649	0
sub-01	73	Picture	51	2704053	0	1	10226	1	0	10000	other	0
sub-01	73	Pulse	255	2712475	8423	0
sub-01	74	Picture	51	2729280	0	1	10226	1	0	10000	other	0
sub-01	74	Pulse	255	2732476	3196	0
sub-01	74	Pulse	255	2752476	23196	0
sub-01	75	Picture	51	2754507	0	1	10226	1	0	10000	other	0
sub-01	75	Pulse	255	2772476	17969	0
sub-01	76	Picture	51	2779734	0	1	10226	1	0	10000	other	0
sub-01	76	Pulse	255	2792476	12742	0
sub-01	77	Picture	51	2804961	0	1	10226	1	0	10000	other	0
sub-01	77	Pulse	255	2812476	7515	0
sub-01	78	Picture	52	2830187	0	1	10226	1	0	10000	other	0
sub-01	78	Pulse	255	2832476	2289	0
sub-01	78	Pulse	255	2852476	22289	0
sub-01	79	Picture	52	2855414	0	1	10229	1	0	10000	other	0
sub-01	79	Pulse	255	2872476	17062	0
sub-01	80	Picture	52	2880641	0	1	10226	1	0	10000	other	0
sub-01	80	Pulse	255	2892476	11835	0
sub-01	81	Picture	52	2905868	0	1	10226	1	0	10000	other	0
sub-01	81	Pulse	255	2912476	6608	0
sub-01	82	Picture	52	2931095	0	1	10226	1	0	10000	other	0
sub-01	82	Pulse	255	2932477	1381	0
sub-01	82	Pulse	255	2952476	21381	0
sub-01	83	Picture	52	2956322	0	1	10226	1	0	10000	other	0
sub-01	83	Pulse	255	2972476	16155	0
sub-01	84	Picture	52	2981549	0	1	10226	1	0	10000	other	0
sub-01	84	Pulse	255	2992477	10928	0
sub-01	85	Picture	52	3006776	0	1	10226	1	0	10000	other	0
sub-01	85	Pulse	255	3012477	5701	0
sub-01	86	Picture	52	3032003	0	1	10226	1	0	10000	other	0
sub-01	86	Pulse	255	3032477	474	0
sub-01	86	Pulse	255	3052477	20474	0
sub-01	87	Picture	52	3057230	0	1	10226	1	0	10000	other	0
sub-01	87	Pulse	255	3072477	15247	0
sub-01	88	Picture	Bfix	3082457	0	1	30226	1	0	30000	other	0
sub-01	88	Pulse	255	3092477	10020	0
sub-01	88	Pulse	255	3112514	30057	0
sub-01	89	Picture	Ins_bouche	3112850	0	1	40226	1	0	40000	other	0
sub-01	89	Pulse	255	3132477	19628	0
sub-01	89	Pulse	255	3152477	39628	0
sub-01	89	Pulse	255	3172477	59628	0
sub-01	90	Picture	61	3173076	0	1	10226	1	0	10000	other	0
sub-01	90	Pulse	255	3192477	19401	0
sub-01	91	Picture	61	3198304	0	1	10226	1	0	10000	other	0
sub-01	91	Pulse	255	3212477	14174	0
sub-01	92	Picture	61	3223530	0	1	10226	1	0	10000	other	0
sub-01	92	Pulse	255	3232478	8947	0
sub-01	93	Picture	61	3248757	0	1	10226	1	0	10000	other	0
sub-01	93	Pulse	255	3252478	3720	0
sub-01	93	Pulse	255	3272478	23721	0
sub-01	94	Picture	61	3273984	0	1	10226	1	0	10000	other	0
sub-01	94	Pulse	255	3292478	18494	0
sub-01	95	Picture	61	3299211	0	1	10226	1	0	10000	other	0
sub-01	95	Pulse	255	3312478	13267	0
sub-01	96	Picture	61	3324438	0	1	10226	1	0	10000	other	0
sub-01	96	Pulse	255	3332478	8040	0
sub-01	97	Picture	61	3349665	0	1	10226	1	0	10000	other	0
sub-01	97	Pulse	255	3352479	2813	0
sub-01	97	Pulse	255	3372479	22813	0
sub-01	98	Picture	61	3374892	0	1	10226	1	0	10000	other	0
sub-01	98	Pulse	255	3392479	17586	0
sub-01	99	Picture	61	3400119	0	1	10226	1	0	10000	other	0
sub-01	99	Pulse	255	3412479	12360	0
sub-01	100	Picture	62	3425346	0	1	10226	1	0	10000	other	0
sub-01	100	Pulse	255	3432478	7132	0
sub-01	101	Picture	62	3450573	0	1	10226	1	0	10000	other	0
sub-01	101	Pulse	255	3452478	1906	0
sub-01	101	Pulse	255	3472479	21906	0
sub-01	102	Picture	62	3475800	0	1	10226	1	0	10000	other	0
sub-01	102	Pulse	255	3492479	16679	0
sub-01	103	Picture	62	3501026	0	1	10226	1	0	10000	other	0
sub-01	103	Pulse	255	3512479	11452	0
sub-01	104	Picture	62	3526254	0	1	10226	1	0	10000	other	0
sub-01	104	Pulse	255	3532479	6225	0
sub-01	105	Picture	62	3551481	0	1	10226	1	0	10000	other	0
sub-01	105	Pulse	255	3552479	998	0
sub-01	105	Pulse	255	3572479	20998	0
sub-01	106	Picture	62	3576708	0	1	10226	1	0	10000	other	0
sub-01	106	Pulse	255	3592479	15772	0
sub-01	107	Picture	62	3601935	0	1	10226	1	0	10000	other	0
sub-01	107	Pulse	255	3612480	10545	0
sub-01	108	Picture	62	3627162	0	1	10226	1	0	10000	other	0
sub-01	108	Pulse	255	3632479	5318	0
sub-01	109	Picture	62	3652388	0	1	10226	1	0	10000	other	0
sub-01	109	Pulse	255	3652480	91	0
sub-01	109	Pulse	255	3672479	20091	0
sub-01	110	Picture	Bfix	3677615	0	1	30226	1	0	30000	other	0
sub-01	110	Pulse	255	3692480	14864	0
sub-01	111	Picture	Ins_repos	3708008	0	1	40226	1	0	40000	other	0
sub-01	111	Pulse	255	3712480	4472	0
sub-01	111	Pulse	255	3732480	24472	0
sub-01	111	Pulse	255	3752480	44472	0
sub-01	112	Picture	71	3768235	0	1	10226	1	0	10000	other	0
sub-01	112	Pulse	255	3772480	4245	0
sub-01	112	Pulse	255	3792470	24235	0
sub-01	113	Picture	71	3793462	0	1	10226	1	0	10000	other	0
sub-01	113	Pulse	255	3812470	19008	0
sub-01	114	Picture	71	3818689	0	1	10226	1	0	10000	other	0
sub-01	114	Pulse	255	3832470	13781	0
sub-01	115	Picture	71	3843915	0	1	10226	1	0	10000	other	0
sub-01	115	Pulse	255	3852470	8555	0
sub-01	116	Picture	71	3869142	0	1	10226	1	0	10000	other	0
sub-01	116	Pulse	255	3872470	3328	0
sub-01	116	Pulse	255	3892470	23328	0
sub-01	117	Picture	71	3894369	0	1	10226	1	0	10000	other	0
sub-01	117	Pulse	255	3912470	18101	0
sub-01	118	Picture	71	3919596	0	1	10226	1	0	10000	other	0
sub-01	118	Pulse	255	3932471	12875	0
sub-01	119	Picture	71	3944823	0	1	10226	1	0	10000	other	0
sub-01	119	Pulse	255	3952471	7648	0
sub-01	120	Picture	71	3970050	0	1	10226	1	0	10000	other	0
sub-01	120	Pulse	255	3972471	2421	0
sub-01	120	Pulse	255	3992471	22421	0
sub-01	121	Picture	71	3995277	0	1	10226	1	0	10000	other	0
sub-01	121	Pulse	255	4012471	17194	0
sub-01	122	Picture	72	4020504	0	1	10226	1	0	10000	other	0
sub-01	122	Pulse	255	4032471	11967	0
sub-01	123	Picture	72	4045731	0	1	10226	1	0	10000	other	0
sub-01	123	Pulse	255	4052471	6740	0
sub-01	124	Picture	72	4070958	0	1	10226	1	0	10000	other	0
sub-01	124	Pulse	255	4072471	1513	0
sub-01	124	Pulse	255	4092471	21513	0
sub-01	125	Picture	72	4096185	0	1	10226	1	0	10000	other	0
sub-01	125	Pulse	255	4112471	16286	0
sub-01	126	Picture	72	4121412	0	1	10226	1	0	10000	other	0
sub-01	126	Pulse	255	4132471	11060	0
sub-01	127	Picture	72	4146639	0	1	10226	1	0	10000	other	0
sub-01	127	Pulse	255	4152471	5833	0
sub-01	128	Picture	72	4171866	0	1	10226	1	0	10000	other	0
sub-01	128	Pulse	255	4172472	606	0
sub-01	128	Pulse	255	4192472	20606	0
sub-01	129	Picture	72	4197093	0	1	10226	1	0	10000	other	0
sub-01	129	Pulse	255	4212472	15379	0
sub-01	130	Picture	72	4222319	0	1	10226	1	0	10000	other	0
sub-01	130	Pulse	255	4232472	10153	0
sub-01	131	Picture	72	4247547	0	1	10226	1	0	10000	other	0
sub-01	131	Pulse	255	4252472	4925	0
sub-01	131	Pulse	255	4272472	24925	0
sub-01	132	Picture	Bfix	4272774	0	1	30227	1	0	30000	other	0
sub-01	132	Pulse	255	4292472	19699	0
sub-01	133	Picture	Ins_main	4303001	0	1	40110	1	0	40000	other	0
sub-01	133	Pulse	255	4312472	9472	0
sub-01	133	Pulse	255	4332472	29472	0
sub-01	133	Pulse	255	4352472	49472	0
sub-01	134	Picture	11	4363228	0	1	10226	1	0	10000	other	0
sub-01	134	Pulse	255	4372473	9245	0
sub-01	135	Picture	11	4388455	0	1	10226	1	0	10000	other	0
sub-01	135	Pulse	255	4392473	4018	0
sub-01	135	Pulse	255	4412473	24018	0
sub-01	136	Picture	11	4413682	0	1	10226	1	0	10000	other	0
sub-01	136	Pulse	255	4432473	18791	0
sub-01	137	Picture	11	4438908	0	1	10226	1	0	10000	other	0
sub-01	137	Pulse	255	4452473	13565	0
sub-01	138	Picture	11	4464135	0	1	10226	1	0	10000	other	0
sub-01	138	Pulse	255	4472473	8338	0
sub-01	139	Picture	11	4489362	0	1	10226	1	0	10000	other	0
sub-01	139	Pulse	255	4492473	3111	0
sub-01	139	Pulse	255	4512473	23111	0
sub-01	140	Picture	11	4514589	0	1	10226	1	0	10000	other	0
sub-01	140	Pulse	255	4532473	17884	0
sub-01	141	Picture	11	4539816	0	1	10226	1	0	10000	other	0
sub-01	141	Pulse	255	4552473	12657	0
sub-01	142	Picture	11	4565043	0	1	10226	1	0	10000	other	0
sub-01	142	Pulse	255	4572474	7431	0
sub-01	143	Picture	11	4590270	0	1	10226	1	0	10000	other	0
sub-01	143	Pulse	255	4592473	2204	0
sub-01	143	Pulse	255	4612473	22204	0
sub-01	144	Picture	12	4615497	0	1	10226	1	0	10000	other	0
sub-01	144	Pulse	255	4632474	16977	0
sub-01	145	Picture	12	4640546	0	1	10226	1	0	10000	other	0
sub-01	145	Pulse	255	4652474	11928	0
sub-01	146	Picture	12	4665773	0	1	10226	1	0	10000	other	0
sub-01	146	Pulse	255	4672474	6701	0
sub-01	147	Picture	12	4691000	0	1	10226	1	0	10000	other	0
sub-01	147	Pulse	255	4692474	1474	0
sub-01	147	Pulse	255	4712474	21475	0
sub-01	148	Picture	12	4716227	0	1	10226	1	0	10000	other	0
sub-01	148	Pulse	255	4732474	16248	0
sub-01	149	Picture	12	4741453	0	1	10226	1	0	10000	other	0
sub-01	149	Pulse	255	4752474	11021	0
sub-01	150	Picture	12	4766680	0	1	10226	1	0	10000	other	0
sub-01	150	Pulse	255	4772474	5794	0
sub-01	151	Picture	12	4791907	0	1	10226	1	0	10000	other	0
sub-01	151	Pulse	255	4792475	567	0
sub-01	151	Pulse	255	4812475	20567	0
sub-01	152	Picture	12	4817134	0	1	10226	1	0	10000	other	0
sub-01	152	Pulse	255	4832474	15340	0
sub-01	153	Picture	12	4842361	0	1	10226	1	0	10000	other	0
sub-01	153	Pulse	255	4852475	10114	0
sub-01	154	Picture	Bfix	4867589	0	1	30227	1	0	30000	other	0
sub-01	154	Pulse	255	4872475	4886	0
sub-01	154	Pulse	255	4892475	24886	0
sub-01	155	Picture	Ins_index	4897816	0	1	40226	1	0	40000	other	0
sub-01	155	Pulse	255	4912475	14659	0
sub-01	155	Pulse	255	4932475	34659	0
sub-01	155	Pulse	255	4952475	54659	0
sub-01	156	Picture	21	4958043	0	1	10226	1	0	10000	hit	389
sub-01	156	Response	1	4962295	4252	1
sub-01	156	Pulse	255	4972475	14432	0
sub-01	157	Picture	21	4983270	0	1	10226	1	0	10000	hit	392
sub-01	157	Response	1	4986715	3445	1
sub-01	157	Pulse	255	4992475	9206	0
sub-01	158	Picture	21	5008497	0	1	10226	1	0	10000	hit	396
sub-01	158	Pulse	255	5012475	3979	0
sub-01	158	Response	1	5012565	4068	1
sub-01	158	Pulse	255	5032476	23979	0
sub-01	159	Picture	21	5033724	0	1	10226	1	0	10000	hit	399
sub-01	159	Response	1	5036795	3072	1
sub-01	159	Pulse	255	5052476	18752	0
sub-01	160	Picture	21	5058951	0	1	10226	1	0	10000	hit	402
sub-01	160	Response	1	5061376	2425	1
sub-01	160	Pulse	255	5072475	13525	0
sub-01	161	Picture	21	5084178	0	1	10226	1	0	10000	hit	405
sub-01	161	Response	1	5086846	2668	1
sub-01	161	Pulse	255	5092476	8298	0
sub-01	162	Picture	21	5109405	0	1	10226	1	0	10000	hit	409
sub-01	162	Pulse	255	5112476	3071	0
sub-01	162	Response	1	5112815	3410	1
sub-01	162	Pulse	255	5132476	23071	0
sub-01	163	Picture	21	5134632	0	1	10226	1	0	10000	hit	412
sub-01	163	Response	1	5138186	3554	1
sub-01	163	Pulse	255	5152476	17845	0
sub-01	164	Picture	21	5159859	0	1	10226	1	0	10000	hit	415
sub-01	164	Response	1	5162726	2867	1
sub-01	164	Pulse	255	5172476	12618	0
sub-01	165	Picture	21	5185085	0	1	10226	1	0	10000	hit	418
sub-01	165	Response	1	5187966	2881	1
sub-01	165	Pulse	255	5192476	7390	0
sub-01	166	Picture	22	5210312	0	1	10226	1	0	10000	incorrect	422
sub-01	166	Pulse	255	5212476	2164	0
sub-01	166	Response	1	5213186	2873	1
sub-01	166	Pulse	255	5232476	22164	0
sub-01	167	Picture	22	5235539	0	1	10226	1	0	10000	hit	425
sub-01	167	Response	2	5238076	2537	1
sub-01	167	Pulse	255	5252476	16937	0
sub-01	168	Picture	22	5260766	0	1	10226	1	0	10000	hit	428
sub-01	168	Response	2	5262866	2100	1
sub-01	168	Pulse	255	5272477	11710	0
sub-01	169	Picture	22	5285993	0	1	10226	1	0	10000	hit	431
sub-01	169	Response	2	5287987	1994	1
sub-01	169	Pulse	255	5292477	6484	0
sub-01	170	Picture	22	5311220	0	1	10226	1	0	10000	hit	435
sub-01	170	Pulse	255	5312477	1257	0
sub-01	170	Response	2	5312766	1546	1
sub-01	170	Pulse	255	5332477	21256	0
sub-01	171	Picture	22	5336447	0	1	10226	1	0	10000	hit	438
sub-01	171	Response	2	5339227	2780	1
sub-01	171	Pulse	255	5352467	16020	0
sub-01	172	Picture	22	5361674	0	1	10226	1	0	10000	hit	441
sub-01	172	Response	2	5364867	3193	1
sub-01	172	Pulse	255	5372467	10793	0
sub-01	173	Picture	22	5386901	0	1	10226	1	0	10000	hit	444
sub-01	173	Response	2	5389977	3076	1
sub-01	173	Pulse	255	5392467	5566	0
sub-01	174	Picture	22	5412128	0	1	10226	1	0	10000	hit	448
sub-01	174	Pulse	255	5412467	340	0
sub-01	174	Response	2	5414237	2109	1
sub-01	174	Pulse	255	5432467	20340	0
sub-01	175	Picture	22	5437355	0	1	10226	1	0	10000	hit	451
sub-01	175	Response	2	5441107	3753	1
sub-01	175	Pulse	255	5452467	15113	0
sub-01	175	Response	2	5461857	24503	1
sub-01	176	Picture	Bfix	5462581	0	1	30226	1	0	30000	other	0
sub-01	176	Pulse	255	5472467	9886	0
sub-01	176	Pulse	255	5492467	29886	0
sub-01	177	Picture	Ins_yeux	5492974	0	1	40226	1	0	40000	other	0
sub-01	177	Pulse	255	5512467	19494	0
sub-01	177	Pulse	255	5532468	39494	0
sub-01	177	Pulse	255	5552468	59494	0
sub-01	178	Picture	31	5553201	0	1	10226	1	0	10000	other	0
sub-01	178	Pulse	255	5572468	19267	0
sub-01	179	Picture	31	5578428	0	1	10226	1	0	10000	other	0
sub-01	179	Pulse	255	5592468	14040	0
sub-01	180	Picture	31	5603654	0	1	10226	1	0	10000	other	0
sub-01	180	Pulse	255	5612468	8813	0
sub-01	181	Picture	31	5628881	0	1	10226	1	0	10000	other	0
sub-01	181	Pulse	255	5632468	3586	0
sub-01	181	Pulse	255	5652468	23586	0
sub-01	182	Picture	31	5654108	0	1	10226	1	0	10000	other	0
sub-01	182	Pulse	255	5672468	18360	0
sub-01	183	Picture	31	5679335	0	1	10226	1	0	10000	other	0
sub-01	183	Pulse	255	5692468	13133	0
sub-01	184	Picture	31	5704562	0	1	10226	1	0	10000	other	0
sub-01	184	Pulse	255	5712468	7906	0
sub-01	185	Picture	31	5729789	0	1	10226	1	0	10000	other	0
sub-01	185	Pulse	255	5732468	2679	0
sub-01	185	Pulse	255	5752468	22679	0
sub-01	186	Picture	31	5755016	0	1	10226	1	0	10000	other	0
sub-01	186	Pulse	255	5772468	17452	0
sub-01	187	Picture	31	5780243	0	1	10226	1	0	10000	other	0
sub-01	187	Pulse	255	5792469	12225	0
sub-01	188	Picture	32	5805470	0	1	10226	1	0	10000	other	0
sub-01	188	Pulse	255	5812469	6999	0
sub-01	189	Picture	32	5830697	0	1	10226	1	0	10000	other	0
sub-01	189	Pulse	255	5832469	1772	0
sub-01	189	Pulse	255	5852469	21772	0
sub-01	190	Picture	32	5855924	0	1	10226	1	0	10000	other	0
sub-01	190	Pulse	255	5872469	16545	0
sub-01	191	Picture	32	5881151	0	1	10226	1	0	10000	other	0
sub-01	191	Pulse	255	5892469	11318	0
sub-01	192	Picture	32	5906378	0	1	10226	1	0	10000	other	0
sub-01	192	Pulse	255	5912469	6092	0
sub-01	193	Picture	32	5931605	0	1	10226	1	0	10000	other	0
sub-01	193	Pulse	255	5932469	865	0
sub-01	193	Pulse	255	5952469	20865	0
sub-01	194	Picture	32	5956832	0	1	10226	1	0	10000	other	0
sub-01	194	Pulse	255	5972470	15638	0
sub-01	195	Picture	32	5982058	0	1	10252	1	0	10000	other	0
sub-01	195	Pulse	255	5992470	10411	0
sub-01	196	Picture	32	6007285	0	1	10226	1	0	10000	other	0
sub-01	196	Pulse	255	6012470	5184	0
sub-01	196	Pulse	255	6032470	25184	0
sub-01	197	Picture	32	6032512	0	1	10226	1	0	10000	other	0
sub-01	197	Pulse	255	6052470	19958	0
sub-01	198	Picture	Bfix	6057739	0	1	30227	1	0	30000	other	0
sub-01	198	Pulse	255	6072470	14731	0
sub-01	199	Picture	Ins_jambe	6087966	0	1	40226	1	0	40000	other	0
sub-01	199	Pulse	255	6092470	4504	0
sub-01	199	Pulse	255	6112470	24504	0
sub-01	199	Pulse	255	6132470	44504	0
sub-01	200	Picture	51	6148193	0	1	10226	1	0	10000	other	0
sub-01	200	Pulse	255	6152470	4277	0
sub-01	200	Pulse	255	6172470	24277	0
sub-01	201	Picture	51	6173420	0	1	10226	1	0	10000	other	0
sub-01	201	Pulse	255	6192470	19050	0
sub-01	202	Picture	51	6198647	0	1	10226	1	0	10000	other	0
sub-01	202	Pulse	255	6212470	13824	0
sub-01	203	Picture	51	6223874	0	1	10226	1	0	10000	other	0
sub-01	203	Pulse	255	6232471	8597	0
sub-01	204	Picture	51	6249101	0	1	10226	1	0	10000	other	0
sub-01	204	Pulse	255	6252471	3370	0
sub-01	204	Pulse	255	6272471	23370	0
sub-01	205	Picture	51	6274328	0	1	10226	1	0	10000	other	0
sub-01	205	Pulse	255	6292471	18143	0
sub-01	206	Picture	51	6299555	0	1	10226	1	0	10000	other	0
sub-01	206	Pulse	255	6312471	12916	0
sub-01	207	Picture	51	6324782	0	1	10226	1	0	10000	other	0
sub-01	207	Pulse	255	6332471	7690	0
sub-01	208	Picture	51	6350008	0	1	10226	1	0	10000	other	0
sub-01	208	Pulse	255	6352471	2463	0
sub-01	208	Pulse	255	6372471	22463	0
sub-01	209	Picture	51	6375235	0	1	10226	1	0	10000	other	0
sub-01	209	Pulse	255	6392471	17236	0
sub-01	210	Picture	52	6400462	0	1	10226	1	0	10000	other	0
sub-01	210	Pulse	255	6412471	12009	0
sub-01	211	Picture	52	6425689	0	1	10229	1	0	10000	other	0
sub-01	211	Pulse	255	6432471	6782	0
sub-01	212	Picture	52	6450916	0	1	10226	1	0	10000	other	0
sub-01	212	Pulse	255	6452471	1555	0
sub-01	212	Pulse	255	6472471	21555	0
sub-01	213	Picture	52	6476143	0	1	10226	1	0	10000	other	0
sub-01	213	Pulse	255	6492472	16328	0
sub-01	214	Picture	52	6501370	0	1	10226	1	0	10000	other	0
sub-01	214	Pulse	255	6512472	11101	0
sub-01	215	Picture	52	6526597	0	1	10226	1	0	10000	other	0
sub-01	215	Pulse	255	6532472	5875	0
sub-01	216	Picture	52	6551824	0	1	10226	1	0	10000	other	0
sub-01	216	Pulse	255	6552472	648	0
sub-01	216	Pulse	255	6572472	20648	0
sub-01	217	Picture	52	6577051	0	1	10226	1	0	10000	other	0
sub-01	217	Pulse	255	6592472	15421	0
sub-01	218	Picture	52	6602278	0	1	10226	1	0	10000	other	0
sub-01	218	Pulse	255	6612473	10195	0
sub-01	219	Picture	52	6627505	0	1	10226	1	0	10000	other	0
sub-01	219	Pulse	255	6632472	4968	0
sub-01	219	Pulse	255	6652472	24968	0
sub-01	220	Picture	Bfix	6652732	0	1	30228	1	0	30000	other	0
sub-01	220	Pulse	255	6672473	19741	0
sub-01	221	Picture	Ins_bouche	6682960	0	1	40226	1	0	40000	other	0
sub-01	221	Pulse	255	6692473	9513	0
sub-01	221	Pulse	255	6712472	29513	0
sub-01	221	Pulse	255	6732473	49513	0
sub-01	222	Picture	61	6743187	0	1	10226	1	0	10000	other	0
sub-01	222	Pulse	255	6752473	9286	0
sub-01	223	Picture	61	6768414	0	1	10226	1	0	10000	other	0
sub-01	223	Pulse	255	6772473	4059	0
sub-01	223	Pulse	255	6792473	24059	0
sub-01	224	Picture	61	6793641	0	1	10226	1	0	10000	other	0
sub-01	224	Pulse	255	6812473	18833	0
sub-01	225	Picture	61	6818868	0	1	10226	1	0	10000	other	0
sub-01	225	Pulse	255	6832473	13606	0
sub-01	226	Picture	61	6844094	0	1	10226	1	0	10000	other	0
sub-01	226	Pulse	255	6852473	8379	0
sub-01	227	Picture	61	6869321	0	1	10226	1	0	10000	other	0
sub-01	227	Pulse	255	6872473	3152	0
sub-01	227	Pulse	255	6892463	23142	0
sub-01	228	Picture	61	6894548	0	1	10226	1	0	10000	other	0
sub-01	228	Pulse	255	6912463	17915	0
sub-01	229	Picture	61	6919775	0	1	10226	1	0	10000	other	0
sub-01	229	Pulse	255	6932464	12688	0
sub-01	230	Picture	61	6945002	0	1	10226	1	0	10000	other	0
sub-01	230	Pulse	255	6952464	7462	0
sub-01	231	Picture	61	6970229	0	1	10226	1	0	10000	other	0
sub-01	231	Pulse	255	6972464	2235	0
sub-01	231	Pulse	255	6992464	22235	0
sub-01	232	Picture	62	6995456	0	1	10226	1	0	10000	other	0
sub-01	232	Pulse	255	7012464	17008	0
sub-01	233	Picture	62	7020682	0	1	10226	1	0	10000	other	0
sub-01	233	Pulse	255	7032464	11782	0
sub-01	234	Picture	62	7045909	0	1	10226	1	0	10000	other	0
sub-01	234	Pulse	255	7052464	6555	0
sub-01	235	Picture	62	7071136	0	1	10226	1	0	10000	other	0
sub-01	235	Pulse	255	7072464	1328	0
sub-01	235	Pulse	255	7092464	21328	0
sub-01	236	Picture	62	7096363	0	1	10226	1	0	10000	other	0
sub-01	236	Pulse	255	7112464	16101	0
sub-01	237	Picture	62	7121591	0	1	10226	1	0	10000	other	0
sub-01	237	Pulse	255	7132464	10874	0
sub-01	238	Picture	62	7146818	0	1	10226	1	0	10000	other	0
sub-01	238	Pulse	255	7152465	5647	0
sub-01	239	Picture	62	7172044	0	1	10181	1	0	10000	other	0
sub-01	239	Pulse	255	7172465	420	0
sub-01	239	Pulse	255	7192465	20420	0
sub-01	240	Picture	62	7197271	0	1	10226	1	0	10000	other	0
sub-01	240	Pulse	255	7212465	15193	0
sub-01	241	Picture	62	7222498	0	1	10226	1	0	10000	other	0
sub-01	241	Pulse	255	7232465	9966	0
sub-01	242	Picture	Bfix	7247725	0	1	30227	1	0	30000	other	0
sub-01	242	Pulse	255	7252465	4739	0
sub-01	242	Pulse	255	7272465	24740	0
sub-01	243	Picture	Ins_repos	7277953	0	1	40226	1	0	40000	other	0
sub-01	243	Pulse	255	7292465	14512	0
sub-01	243	Pulse	255	7312465	34513	0
sub-01	243	Pulse	255	7332465	54513	0
sub-01	244	Picture	71	7338180	0	1	10226	1	0	10000	other	0
sub-01	244	Pulse	255	7352465	14285	0
sub-01	245	Picture	71	7363407	0	1	10226	1	0	10000	other	0
sub-01	245	Pulse	255	7372466	9058	0
sub-01	246	Picture	71	7388634	0	1	10226	1	0	10000	other	0
sub-01	246	Pulse	255	7392465	3831	0
sub-01	246	Pulse	255	7412466	23831	0
sub-01	247	Picture	71	7413861	0	1	10205	1	0	10000	other	0
sub-01	247	Pulse	255	7432466	18605	0
sub-01	248	Picture	71	7439088	0	1	10226	1	0	10000	other	0
sub-01	248	Pulse	255	7452466	13378	0
sub-01	249	Picture	71	7464315	0	1	10226	1	0	10000	other	0
sub-01	249	Pulse	255	7472466	8151	0
sub-01	250	Picture	71	7489542	0	1	10226	1	0	10000	other	0
sub-01	250	Pulse	255	7492466	2925	0
sub-01	250	Pulse	255	7512466	22925	0
sub-01	251	Picture	71	7514769	0	1	10226	1	0	10000	other	0
sub-01	251	Pulse	255	7532466	17698	0
sub-01	252	Picture	71	7539995	0	1	10226	1	0	10000	other	0
sub-01	252	Pulse	255	7552466	12471	0
sub-01	253	Picture	71	7565222	0	1	10226	1	0	10000	other	0
sub-01	253	Pulse	255	7572466	7244	0
sub-01	254	Picture	72	7590450	0	1	10226	1	0	10000	other	0
sub-01	254	Pulse	255	7592466	2016	0
sub-01	254	Pulse	255	7612466	22016	0
sub-01	255	Picture	72	7615677	0	1	10226	1	0	10000	other	0
sub-01	255	Pulse	255	7632467	16790	0
sub-01	256	Picture	72	7640904	0	1	10226	1	0	10000	other	0
sub-01	256	Pulse	255	7652467	11563	0
sub-01	257	Picture	72	7666131	0	1	10226	1	0	10000	other	0
sub-01	257	Pulse	255	7672467	6336	0
sub-01	258	Picture	72	7691358	0	1	10226	1	0	10000	other	0
sub-01	258	Pulse	255	7692467	1109	0
sub-01	258	Pulse	255	7712467	21109	0
sub-01	259	Picture	72	7716585	0	1	10226	1	0	10000	other	0
sub-01	259	Pulse	255	7732467	15882	0
sub-01	260	Picture	72	7741812	0	1	10226	1	0	10000	other	0
sub-01	260	Pulse	255	7752467	10655	0
sub-01	261	Picture	72	7767039	0	1	10226	1	0	10000	other	0
sub-01	261	Pulse	255	7772467	5428	0
sub-01	262	Picture	72	7792265	0	1	10226	1	0	10000	other	0
sub-01	262	Pulse	255	7792467	202	0
sub-01	262	Pulse	255	7812467	20202	0
sub-01	263	Picture	72	7817493	0	1	10226	1	0	10000	other	0
sub-01	263	Pulse	255	7832468	14974	0
sub-01	264	Picture	Bfix	7842721	0	1	71984	1	0	60000	other	0
sub-01	264	Pulse	255	7852468	9747	0
sub-01	264	Pulse	255	7872467	29747	0
sub-01	264	Pulse	255	7892468	49747	0
