Scenario - loca_moto
Logfile written - 07/02/2018 10:05:00

Subject	Trial	Event Type	Code	Time	TTime	Uncertainty	Duration	Uncertainty	ReqTime	ReqDur	Stim Type	Pair Index

sub-06_1	0	Pulse	255	734224	734224	0
sub-06_1	1	Picture	Ins_main	734452	0	1	40226	1	0	40000	other	0
sub-06_1	1	Pulse	255	754224	19772	0
sub-06_1	1	Pulse	255	774224	39772	0
sub-06_1	1	Pulse	255	794225	59773	0
sub-06_1	2	Picture	11	794679	0	1	10226	1	0	10000	other	0
sub-06_1	2	Pulse	255	814224	19545	0
sub-06_1	3	Picture	11	819906	0	1	10226	1	0	10000	other	0
sub-06_1	3	Pulse	255	834225	14319	0
sub-06_1	4	Picture	11	845133	0	1	10226	1	0	10000	other	0
sub-06_1	4	Pulse	255	854226	9093	0
sub-06_1	5	Picture	11	870359	0	1	10226	1	0	10000	other	0
sub-06_1	5	Pulse	255	874225	3866	0
sub-06_1	5	Pulse	255	894225	23866	0
sub-06_1	6	Picture	11	895586	0	1	10226	1	0	10000	other	0
sub-06_1	6	Pulse	255	914225	18639	0
sub-06_1	7	Picture	11	920813	0	1	10225	1	0	10000	other	0
sub-06_1	7	Pulse	255	934225	13412	0
sub-06_1	8	Picture	11	946040	0	1	10226	1	0	10000	other	0
sub-06_1	8	Pulse	255	954225	8185	0
sub-06_1	9	Picture	11	971267	0	1	10226	1	0	10000	other	0
sub-06_1	9	Pulse	255	974225	2958	0
sub-06_1	9	Pulse	255	994225	22959	0
sub-06_1	10	Picture	11	996494	0	1	10226	1	0	10000	other	0
sub-06_1	10	Pulse	255	1014225	17731	0
sub-06_1	11	Picture	11	1021720	0	1	10226	1	0	10000	other	0
sub-06_1	11	Pulse	255	1034225	12505	0
sub-06_1	12	Picture	12	1046947	0	1	10226	1	0	10000	other	0
sub-06_1	12	Pulse	255	1054225	7278	0
sub-06_1	13	Picture	12	1072174	0	1	10226	1	0	10000	other	0
sub-06_1	13	Pulse	255	1074225	2051	0
sub-06_1	13	Pulse	255	1094225	22052	0
sub-06_1	14	Picture	12	1097401	0	1	10226	1	0	10000	other	0
sub-06_1	14	Pulse	255	1114226	16825	0
sub-06_1	15	Picture	12	1122627	0	1	10226	1	0	10000	other	0
sub-06_1	15	Pulse	255	1134225	11598	0
sub-06_1	16	Picture	12	1147854	0	1	10226	1	0	10000	other	0
sub-06_1	16	Pulse	255	1154225	6371	0
sub-06_1	17	Picture	12	1173081	0	1	10226	1	0	10000	other	0
sub-06_1	17	Pulse	255	1174226	1145	0
sub-06_1	17	Pulse	255	1194226	21145	0
sub-06_1	18	Picture	12	1198308	0	1	10226	1	0	10000	other	0
sub-06_1	18	Pulse	255	1214226	15918	0
sub-06_1	19	Picture	12	1223535	0	1	10226	1	0	10000	other	0
sub-06_1	19	Pulse	255	1234226	10691	0
sub-06_1	20	Picture	12	1248762	0	1	10226	1	0	10000	other	0
sub-06_1	20	Pulse	255	1254226	5464	0
sub-06_1	21	Picture	12	1273988	0	1	10226	1	0	10000	other	0
sub-06_1	21	Pulse	255	1274226	238	0
sub-06_1	21	Pulse	255	1294226	20238	0
sub-06_1	22	Picture	Bfix	1299216	0	1	30228	1	0	30000	other	0
sub-06_1	22	Pulse	255	1314226	15010	0
sub-06_1	23	Picture	Ins_index	1329444	0	1	40226	1	0	40000	other	0
sub-06_1	23	Pulse	255	1334226	4781	0
sub-06_1	23	Pulse	255	1354226	24782	0
sub-06_1	23	Pulse	255	1374226	44781	0
sub-06_1	24	Picture	21	1389671	0	1	10226	1	0	10000	hit	59
sub-06_1	24	Pulse	255	1394225	4555	0
sub-06_1	24	Response	1	1394265	4594	1
sub-06_1	24	Pulse	255	1414225	24554	0
sub-06_1	25	Picture	21	1414898	0	1	10226	1	0	10000	hit	62
sub-06_1	25	Response	1	1418276	3378	1
sub-06_1	25	Pulse	255	1434226	19328	0
sub-06_1	26	Picture	21	1440125	0	1	10226	1	0	10000	hit	65
sub-06_1	26	Response	1	1443296	3171	1
sub-06_1	26	Pulse	255	1454226	14101	0
sub-06_1	27	Picture	21	1465351	0	1	10226	1	0	10000	hit	68
sub-06_1	27	Response	1	1469236	3884	1
sub-06_1	27	Pulse	255	1474226	8874	0
sub-06_1	28	Picture	21	1490578	0	1	10226	1	0	10000	hit	71
sub-06_1	28	Response	1	1493676	3098	1
sub-06_1	28	Pulse	255	1494225	3647	0
sub-06_1	28	Pulse	255	1514226	23648	0
sub-06_1	29	Picture	21	1515805	0	1	10226	1	0	10000	hit	75
sub-06_1	29	Response	1	1518676	2871	1
sub-06_1	29	Pulse	255	1534226	18421	0
sub-06_1	30	Picture	21	1541032	0	1	10226	1	0	10000	hit	78
sub-06_1	30	Response	1	1544516	3484	1
sub-06_1	30	Pulse	255	1554226	13194	0
sub-06_1	31	Picture	21	1566259	0	1	10226	1	0	10000	hit	81
sub-06_1	31	Response	1	1569916	3658	1
sub-06_1	31	Pulse	255	1574226	7968	0
sub-06_1	32	Picture	21	1591485	0	1	10226	1	0	10000	hit	84
sub-06_1	32	Response	1	1593856	2371	1
sub-06_1	32	Pulse	255	1594225	2740	0
sub-06_1	32	Pulse	255	1614226	22741	0
sub-06_1	33	Picture	21	1616712	0	1	10226	1	0	10000	hit	88
sub-06_1	33	Response	1	1619195	2483	1
sub-06_1	33	Pulse	255	1634227	17515	0
sub-06_1	34	Picture	22	1641939	0	1	10226	1	0	10000	hit	91
sub-06_1	34	Response	2	1645866	3927	1
sub-06_1	34	Pulse	255	1654226	12287	0
sub-06_1	35	Picture	22	1667166	0	1	10226	1	0	10000	hit	94
sub-06_1	35	Response	2	1669736	2571	1
sub-06_1	35	Pulse	255	1674226	7060	0
sub-06_1	36	Picture	22	1692393	0	1	10226	1	0	10000	hit	98
sub-06_1	36	Pulse	255	1694226	1833	0
sub-06_1	36	Response	2	1694596	2203	1
sub-06_1	36	Pulse	255	1714227	21834	0
sub-06_1	37	Picture	22	1717619	0	1	10226	1	0	10000	hit	101
sub-06_1	37	Response	2	1720096	2477	1
sub-06_1	37	Pulse	255	1734226	16607	0
sub-06_1	38	Picture	22	1742846	0	1	10226	1	0	10000	hit	104
sub-06_1	38	Response	2	1745747	2900	1
sub-06_1	38	Pulse	255	1754227	11381	0
sub-06_1	39	Picture	22	1768073	0	1	10226	1	0	10000	hit	107
sub-06_1	39	Response	2	1771117	3044	1
sub-06_1	39	Pulse	255	1774226	6153	0
sub-06_1	40	Picture	22	1793299	0	1	10226	1	0	10000	hit	111
sub-06_1	40	Pulse	255	1794227	928	0
sub-06_1	40	Response	2	1796406	3106	1
sub-06_1	40	Pulse	255	1814227	20927	0
sub-06_1	41	Picture	22	1818526	0	1	10226	1	0	10000	hit	114
sub-06_1	41	Response	2	1821567	3041	1
sub-06_1	41	Pulse	255	1834227	15701	0
sub-06_1	42	Picture	22	1843753	0	1	10226	1	0	10000	hit	117
sub-06_1	42	Response	2	1846757	3004	1
sub-06_1	42	Pulse	255	1854227	10474	0
sub-06_1	43	Picture	22	1868980	0	1	10226	1	0	10000	hit	120
sub-06_1	43	Response	2	1871537	2557	1
sub-06_1	43	Pulse	255	1874227	5247	0
sub-06_1	44	Picture	Bfix	1894206	0	1	30229	1	0	30000	other	0
sub-06_1	44	Pulse	255	1894227	20	0
sub-06_1	44	Pulse	255	1914227	20021	0
sub-06_1	45	Picture	Ins_yeux	1924435	0	1	40226	1	0	40000	other	0
sub-06_1	45	Pulse	255	1934227	9791	0
sub-06_1	45	Pulse	255	1954227	29792	0
sub-06_1	45	Pulse	255	1974226	49791	0
sub-06_1	46	Picture	31	1984662	0	1	10226	1	0	10000	other	0
sub-06_1	46	Pulse	255	1994227	9565	0
sub-06_1	47	Picture	31	2009889	0	1	10226	1	0	10000	other	0
sub-06_1	47	Pulse	255	2014227	4338	0
sub-06_1	47	Pulse	255	2034227	24338	0
sub-06_1	48	Picture	31	2035115	0	1	10226	1	0	10000	other	0
sub-06_1	48	Pulse	255	2054227	19112	0
sub-06_1	49	Picture	31	2060342	0	1	10226	1	0	10000	other	0
sub-06_1	49	Pulse	255	2074227	13885	0
sub-06_1	50	Picture	31	2085569	0	1	10226	1	0	10000	other	0
sub-06_1	50	Pulse	255	2094227	8659	0
sub-06_1	51	Picture	31	2110796	0	1	10226	1	0	10000	other	0
sub-06_1	51	Pulse	255	2114227	3431	0
sub-06_1	51	Pulse	255	2134227	23432	0
sub-06_1	52	Picture	31	2136022	0	1	10226	1	0	10000	other	0
sub-06_1	52	Pulse	255	2154227	18205	0
sub-06_1	53	Picture	31	2161249	0	1	10226	1	0	10000	other	0
sub-06_1	53	Pulse	255	2174228	12978	0
sub-06_1	54	Picture	31	2186476	0	1	10226	1	0	10000	other	0
sub-06_1	54	Pulse	255	2194228	7751	0
sub-06_1	55	Picture	31	2211703	0	1	10226	1	0	10000	other	0
sub-06_1	55	Pulse	255	2214228	2525	0
sub-06_1	55	Pulse	255	2234228	22525	0
sub-06_1	56	Picture	32	2236930	0	1	10226	1	0	10000	other	0
sub-06_1	56	Pulse	255	2254228	17298	0
sub-06_1	57	Picture	32	2262156	0	1	10226	1	0	10000	other	0
sub-06_1	57	Pulse	255	2274228	12071	0
sub-06_1	58	Picture	32	2287383	0	1	10226	1	0	10000	other	0
sub-06_1	58	Pulse	255	2294228	6845	0
sub-06_1	59	Picture	32	2312610	0	1	10226	1	0	10000	other	0
sub-06_1	59	Pulse	255	2314228	1618	0
sub-06_1	59	Pulse	255	2334228	21618	0
sub-06_1	60	Picture	32	2337837	0	1	10226	1	0	10000	other	0
sub-06_1	60	Pulse	255	2354228	16391	0
sub-06_1	61	Picture	32	2363064	0	1	10226	1	0	10000	other	0
sub-06_1	61	Pulse	255	2374228	11164	0
sub-06_1	62	Picture	32	2388291	0	1	10226	1	0	10000	other	0
sub-06_1	62	Pulse	255	2394228	5937	0
sub-06_1	63	Picture	32	2413518	0	1	10226	1	0	10000	other	0
sub-06_1	63	Pulse	255	2414227	709	0
sub-06_1	63	Pulse	255	2434228	20710	0
sub-06_1	64	Picture	32	2438745	0	1	10226	1	0	10000	other	0
sub-06_1	64	Pulse	255	2454228	15483	0
sub-06_1	65	Picture	32	2463972	0	1	10226	1	0	10000	other	0
sub-06_1	65	Pulse	255	2474228	10256	0
sub-06_1	66	Picture	Bfix	2489199	0	1	30228	1	0	30000	other	0
sub-06_1	66	Pulse	255	2494228	5029	0
sub-06_1	66	Pulse	255	2514228	25029	0
sub-06_1	67	Picture	Ins_jambe	2519427	0	1	40226	1	0	40000	other	0
sub-06_1	67	Pulse	255	2534228	14801	0
sub-06_1	67	Pulse	255	2554228	34801	0
sub-06_1	67	Pulse	255	2574229	54802	0
sub-06_1	68	Picture	51	2579654	0	1	10226	1	0	10000	other	0
sub-06_1	68	Pulse	255	2594229	14575	0
sub-06_1	69	Picture	51	2604881	0	1	10226	1	0	10000	other	0
sub-06_1	69	Pulse	255	2614229	9348	0
sub-06_1	70	Picture	51	2630108	0	1	10226	1	0	10000	other	0
sub-06_1	70	Pulse	255	2634229	4121	0
sub-06_1	70	Pulse	255	2654229	24121	0
sub-06_1	71	Picture	51	2655334	0	1	10226	1	0	10000	other	0
sub-06_1	71	Pulse	255	2674229	18894	0
sub-06_1	72	Picture	51	2680561	0	1	10226	1	0	10000	other	0
sub-06_1	72	Pulse	255	2694229	13668	0
sub-06_1	73	Picture	51	2705788	0	1	10226	1	0	10000	other	0
sub-06_1	73	Pulse	255	2714230	8442	0
sub-06_1	74	Picture	51	2731015	0	1	10226	1	0	10000	other	0
sub-06_1	74	Pulse	255	2734229	3214	0
sub-06_1	74	Pulse	255	2754229	23215	0
sub-06_1	75	Picture	51	2756241	0	1	10226	1	0	10000	other	0
sub-06_1	75	Pulse	255	2774228	17987	0
sub-06_1	76	Picture	51	2781468	0	1	10226	1	0	10000	other	0
sub-06_1	76	Pulse	255	2794229	12761	0
sub-06_1	77	Picture	51	2806695	0	1	10226	1	0	10000	other	0
sub-06_1	77	Pulse	255	2814229	7534	0
sub-06_1	78	Picture	52	2831922	0	1	10226	1	0	10000	other	0
sub-06_1	78	Pulse	255	2834229	2307	0
sub-06_1	78	Pulse	255	2854229	22307	0
sub-06_1	79	Picture	52	2857148	0	1	10226	1	0	10000	other	0
sub-06_1	79	Pulse	255	2874229	17081	0
sub-06_1	80	Picture	52	2882375	0	1	10226	1	0	10000	other	0
sub-06_1	80	Pulse	255	2894229	11854	0
sub-06_1	81	Picture	52	2907602	0	1	10226	1	0	10000	other	0
sub-06_1	81	Pulse	255	2914229	6627	0
sub-06_1	82	Picture	52	2932829	0	1	10226	1	0	10000	other	0
sub-06_1	82	Pulse	255	2934230	1401	0
sub-06_1	82	Pulse	255	2954229	21400	0
sub-06_1	83	Picture	52	2958056	0	1	10226	1	0	10000	other	0
sub-06_1	83	Pulse	255	2974229	16173	0
sub-06_1	84	Picture	52	2983283	0	1	10226	1	0	10000	other	0
sub-06_1	84	Pulse	255	2994230	10947	0
sub-06_1	85	Picture	52	3008509	0	1	10226	1	0	10000	other	0
sub-06_1	85	Pulse	255	3014230	5720	0
sub-06_1	86	Picture	52	3033736	0	1	10226	1	0	10000	other	0
sub-06_1	86	Pulse	255	3034230	494	0
sub-06_1	86	Pulse	255	3054230	20494	0
sub-06_1	87	Picture	52	3058963	0	1	10226	1	0	10000	other	0
sub-06_1	87	Pulse	255	3074220	15257	0
sub-06_1	88	Picture	Bfix	3084190	0	1	30226	1	0	30000	other	0
sub-06_1	88	Pulse	255	3094220	10030	0
sub-06_1	88	Pulse	255	3114249	30059	0
sub-06_1	89	Picture	Ins_bouche	3114583	0	1	40226	1	0	40000	other	0
sub-06_1	89	Pulse	255	3134220	19638	0
sub-06_1	89	Pulse	255	3154220	39637	0
sub-06_1	89	Pulse	255	3174220	59637	0
sub-06_1	90	Picture	61	3174809	0	1	10226	1	0	10000	other	0
sub-06_1	90	Pulse	255	3194220	19410	0
sub-06_1	91	Picture	61	3200036	0	1	10226	1	0	10000	other	0
sub-06_1	91	Pulse	255	3214220	14184	0
sub-06_1	92	Picture	61	3225263	0	1	10226	1	0	10000	other	0
sub-06_1	92	Pulse	255	3234220	8957	0
sub-06_1	93	Picture	61	3250490	0	1	10226	1	0	10000	other	0
sub-06_1	93	Pulse	255	3254220	3731	0
sub-06_1	93	Pulse	255	3274220	23731	0
sub-06_1	94	Picture	61	3275716	0	1	10226	1	0	10000	other	0
sub-06_1	94	Pulse	255	3294220	18504	0
sub-06_1	95	Picture	61	3300943	0	1	10226	1	0	10000	other	0
sub-06_1	95	Pulse	255	3314220	13277	0
sub-06_1	96	Picture	61	3326170	0	1	10226	1	0	10000	other	0
sub-06_1	96	Pulse	255	3334220	8051	0
sub-06_1	97	Picture	61	3351396	0	1	10226	1	0	10000	other	0
sub-06_1	97	Pulse	255	3354220	2824	0
sub-06_1	97	Pulse	255	3374221	22824	0
sub-06_1	98	Picture	61	3376623	0	1	10226	1	0	10000	other	0
sub-06_1	98	Pulse	255	3394220	17597	0
sub-06_1	99	Picture	61	3401850	0	1	10226	1	0	10000	other	0
sub-06_1	99	Pulse	255	3414220	12370	0
sub-06_1	100	Picture	62	3427077	0	1	10226	1	0	10000	other	0
sub-06_1	100	Pulse	255	3434220	7143	0
sub-06_1	101	Picture	62	3452304	0	1	10226	1	0	10000	other	0
sub-06_1	101	Pulse	255	3454220	1916	0
sub-06_1	101	Pulse	255	3474220	21917	0
sub-06_1	102	Picture	62	3477531	0	1	10226	1	0	10000	other	0
sub-06_1	102	Pulse	255	3494220	16689	0
sub-06_1	103	Picture	62	3502757	0	1	10226	1	0	10000	other	0
sub-06_1	103	Pulse	255	3514221	11464	0
sub-06_1	104	Picture	62	3527984	0	1	10226	1	0	10000	other	0
sub-06_1	104	Pulse	255	3534221	6237	0
sub-06_1	105	Picture	62	3553211	0	1	10226	1	0	10000	other	0
sub-06_1	105	Pulse	255	3554222	1011	0
sub-06_1	105	Pulse	255	3574221	21010	0
sub-06_1	106	Picture	62	3578438	0	1	10226	1	0	10000	other	0
sub-06_1	106	Pulse	255	3594221	15783	0
sub-06_1	107	Picture	62	3603664	0	1	10226	1	0	10000	other	0
sub-06_1	107	Pulse	255	3614221	10557	0
sub-06_1	108	Picture	62	3628891	0	1	10226	1	0	10000	other	0
sub-06_1	108	Pulse	255	3634220	5329	0
sub-06_1	109	Picture	62	3654118	0	1	10226	1	0	10000	other	0
sub-06_1	109	Pulse	255	3654221	103	0
sub-06_1	109	Pulse	255	3674221	20103	0
sub-06_1	110	Picture	Bfix	3679345	0	1	30229	1	0	30000	other	0
sub-06_1	110	Pulse	255	3694221	14876	0
sub-06_1	111	Picture	Ins_repos	3709574	0	1	40226	1	0	40000	other	0
sub-06_1	111	Pulse	255	3714221	4648	0
sub-06_1	111	Pulse	255	3734220	24646	0
sub-06_1	111	Pulse	255	3754221	44648	0
sub-06_1	112	Picture	71	3769800	0	1	10226	1	0	10000	other	0
sub-06_1	112	Pulse	255	3774221	4421	0
sub-06_1	112	Pulse	255	3794221	24421	0
sub-06_1	113	Picture	71	3795027	0	1	10226	1	0	10000	other	0
sub-06_1	113	Pulse	255	3814220	19193	0
sub-06_1	114	Picture	71	3820254	0	1	10226	1	0	10000	other	0
sub-06_1	114	Pulse	255	3834221	13967	0
sub-06_1	115	Picture	71	3845480	0	1	10226	1	0	10000	other	0
sub-06_1	115	Pulse	255	3854221	8741	0
sub-06_1	116	Picture	71	3870707	0	1	10226	1	0	10000	other	0
sub-06_1	116	Pulse	255	3874221	3514	0
sub-06_1	116	Pulse	255	3894222	23514	0
sub-06_1	117	Picture	71	3895934	0	1	10226	1	0	10000	other	0
sub-06_1	117	Pulse	255	3914221	18287	0
sub-06_1	118	Picture	71	3921161	0	1	10226	1	0	10000	other	0
sub-06_1	118	Pulse	255	3934221	13060	0
sub-06_1	119	Picture	71	3946388	0	1	10226	1	0	10000	other	0
sub-06_1	119	Pulse	255	3954221	7834	0
sub-06_1	120	Picture	71	3971615	0	1	10226	1	0	10000	other	0
sub-06_1	120	Pulse	255	3974221	2606	0
sub-06_1	120	Pulse	255	3994221	22606	0
sub-06_1	121	Picture	71	3996841	0	1	10226	1	0	10000	other	0
sub-06_1	121	Pulse	255	4014222	17380	0
sub-06_1	122	Picture	72	4022068	0	1	10226	1	0	10000	other	0
sub-06_1	122	Pulse	255	4034221	12153	0
sub-06_1	123	Picture	72	4047295	0	1	10226	1	0	10000	other	0
sub-06_1	123	Pulse	255	4054222	6927	0
sub-06_1	124	Picture	72	4072522	0	1	10226	1	0	10000	other	0
sub-06_1	124	Pulse	255	4074222	1701	0
sub-06_1	124	Pulse	255	4094222	21700	0
sub-06_1	125	Picture	72	4097748	0	1	10225	1	0	10000	other	0
sub-06_1	125	Pulse	255	4114222	16474	0
sub-06_1	126	Picture	72	4122975	0	1	10225	1	0	10000	other	0
sub-06_1	126	Pulse	255	4134222	11247	0
sub-06_1	127	Picture	72	4148202	0	1	10226	1	0	10000	other	0
sub-06_1	127	Pulse	255	4154222	6020	0
sub-06_1	128	Picture	72	4173429	0	1	10225	1	0	10000	other	0
sub-06_1	128	Pulse	255	4174223	794	0
sub-06_1	128	Pulse	255	4194222	20793	0
sub-06_1	129	Picture	72	4198656	0	1	10226	1	0	10000	other	0
sub-06_1	129	Pulse	255	4214222	15566	0
sub-06_1	130	Picture	72	4223883	0	1	10226	1	0	10000	other	0
sub-06_1	130	Pulse	255	4234223	10340	0
sub-06_1	131	Picture	72	4249110	0	1	10226	1	0	10000	other	0
sub-06_1	131	Pulse	255	4254222	5113	0
sub-06_1	131	Pulse	255	4274222	25113	0
sub-06_1	132	Picture	Bfix	4274336	0	1	30227	1	0	30000	other	0
sub-06_1	132	Pulse	255	4294222	19886	0
sub-06_1	133	Picture	Ins_main	4304563	0	1	40226	1	0	40000	other	0
sub-06_1	133	Pulse	255	4314223	9659	0
sub-06_1	133	Pulse	255	4334222	29659	0
sub-06_1	133	Pulse	255	4354223	49660	0
sub-06_1	134	Picture	11	4364790	0	1	10226	1	0	10000	other	0
sub-06_1	134	Pulse	255	4374222	9432	0
sub-06_1	135	Picture	11	4390017	0	1	10226	1	0	10000	other	0
sub-06_1	135	Pulse	255	4394223	4206	0
sub-06_1	135	Pulse	255	4414223	24206	0
sub-06_1	136	Picture	11	4415244	0	1	10226	1	0	10000	other	0
sub-06_1	136	Pulse	255	4434223	18979	0
sub-06_1	137	Picture	11	4440471	0	1	10226	1	0	10000	other	0
sub-06_1	137	Pulse	255	4454222	13752	0
sub-06_1	138	Picture	11	4465697	0	1	10226	1	0	10000	other	0
sub-06_1	138	Pulse	255	4474223	8525	0
sub-06_1	139	Picture	11	4490924	0	1	10226	1	0	10000	other	0
sub-06_1	139	Pulse	255	4494223	3299	0
sub-06_1	139	Pulse	255	4514223	23299	0
sub-06_1	140	Picture	11	4516151	0	1	10226	1	0	10000	other	0
sub-06_1	140	Pulse	255	4534222	18071	0
sub-06_1	141	Picture	11	4541378	0	1	10226	1	0	10000	other	0
sub-06_1	141	Pulse	255	4554223	12845	0
sub-06_1	142	Picture	11	4566605	0	1	10226	1	0	10000	other	0
sub-06_1	142	Pulse	255	4574223	7618	0
sub-06_1	143	Picture	11	4591831	0	1	10226	1	0	10000	other	0
sub-06_1	143	Pulse	255	4594223	2392	0
sub-06_1	143	Pulse	255	4614223	22392	0
sub-06_1	144	Picture	12	4617058	0	1	10226	1	0	10000	other	0
sub-06_1	144	Pulse	255	4634223	17165	0
sub-06_1	145	Picture	12	4642285	0	1	10226	1	0	10000	other	0
sub-06_1	145	Pulse	255	4654223	11938	0
sub-06_1	146	Picture	12	4667512	0	1	10226	1	0	10000	other	0
sub-06_1	146	Pulse	255	4674223	6711	0
sub-06_1	147	Picture	12	4692739	0	1	10226	1	0	10000	other	0
sub-06_1	147	Pulse	255	4694223	1485	0
sub-06_1	147	Pulse	255	4714224	21485	0
sub-06_1	148	Picture	12	4717966	0	1	10226	1	0	10000	other	0
sub-06_1	148	Pulse	255	4734223	16258	0
sub-06_1	149	Picture	12	4743192	0	1	10226	1	0	10000	other	0
sub-06_1	149	Pulse	255	4754224	11031	0
sub-06_1	150	Picture	12	4768419	0	1	10226	1	0	10000	other	0
sub-06_1	150	Pulse	255	4774224	5805	0
sub-06_1	151	Picture	12	4793646	0	1	10226	1	0	10000	other	0
sub-06_1	151	Pulse	255	4794224	578	0
sub-06_1	151	Pulse	255	4814224	20578	0
sub-06_1	152	Picture	12	4818873	0	1	10226	1	0	10000	other	0
sub-06_1	152	Pulse	255	4834224	15351	0
sub-06_1	153	Picture	12	4844099	0	1	10226	1	0	10000	other	0
sub-06_1	153	Pulse	255	4854224	10125	0
sub-06_1	154	Picture	Bfix	4869326	0	1	30226	1	0	30000	other	0
sub-06_1	154	Pulse	255	4874224	4898	0
sub-06_1	154	Pulse	255	4894224	24898	0
sub-06_1	155	Picture	Ins_index	4899718	0	1	40226	1	0	40000	other	0
sub-06_1	155	Pulse	255	4914224	14505	0
sub-06_1	155	Pulse	255	4934224	34506	0
sub-06_1	155	Pulse	255	4954224	54506	0
sub-06_1	156	Picture	21	4959945	0	1	10226	1	0	10000	hit	389
sub-06_1	156	Response	1	4965144	5199	1
sub-06_1	156	Pulse	255	4974224	14279	0
sub-06_1	157	Picture	21	4985172	0	1	10226	1	0	10000	hit	392
sub-06_1	157	Response	1	4988124	2952	1
sub-06_1	157	Pulse	255	4994224	9052	0
sub-06_1	158	Picture	21	5010399	0	1	10226	1	0	10000	hit	395
sub-06_1	158	Response	1	5013444	3045	1
sub-06_1	158	Pulse	255	5014224	3825	0
sub-06_1	158	Pulse	255	5034224	23825	0
sub-06_1	159	Picture	21	5035626	0	1	10226	1	0	10000	hit	399
sub-06_1	159	Response	1	5038844	3218	1
sub-06_1	159	Pulse	255	5054224	18598	0
sub-06_1	160	Picture	21	5060853	0	1	10226	1	0	10000	hit	402
sub-06_1	160	Response	1	5064064	3212	1
sub-06_1	160	Pulse	255	5074224	13372	0
sub-06_1	161	Picture	21	5086079	0	1	10226	1	0	10000	hit	405
sub-06_1	161	Response	1	5089645	3565	1
sub-06_1	161	Pulse	255	5094224	8145	0
sub-06_1	162	Picture	21	5111306	0	1	10226	1	0	10000	hit	409
sub-06_1	162	Pulse	255	5114224	2918	0
sub-06_1	162	Response	1	5114404	3098	1
sub-06_1	162	Pulse	255	5134225	22919	0
sub-06_1	163	Picture	21	5136533	0	1	10226	1	0	10000	hit	412
sub-06_1	163	Response	1	5139565	3032	1
sub-06_1	163	Pulse	255	5154224	17691	0
sub-06_1	164	Picture	21	5161760	0	1	10226	1	0	10000	hit	415
sub-06_1	164	Response	1	5165245	3485	1
sub-06_1	164	Pulse	255	5174224	12464	0
sub-06_1	165	Picture	21	5186987	0	1	10226	1	0	10000	hit	418
sub-06_1	165	Response	1	5190084	3098	1
sub-06_1	165	Pulse	255	5194224	7238	0
sub-06_1	166	Picture	22	5212213	0	1	10226	1	0	10000	hit	422
sub-06_1	166	Pulse	255	5214224	2011	0
sub-06_1	166	Response	2	5216434	4221	1
sub-06_1	166	Pulse	255	5234225	22012	0
sub-06_1	167	Picture	22	5237440	0	1	10225	1	0	10000	hit	425
sub-06_1	167	Response	2	5240715	3275	1
sub-06_1	167	Pulse	255	5254225	16785	0
sub-06_1	168	Picture	22	5262667	0	1	10226	1	0	10000	hit	428
sub-06_1	168	Response	2	5265535	2868	1
sub-06_1	168	Pulse	255	5274214	11547	0
sub-06_1	169	Picture	22	5287894	0	1	10225	1	0	10000	hit	431
sub-06_1	169	Response	2	5291085	3191	1
sub-06_1	169	Pulse	255	5294215	6321	0
sub-06_1	170	Picture	22	5313120	0	1	10226	1	0	10000	hit	435
sub-06_1	170	Pulse	255	5314216	1095	0
sub-06_1	170	Response	2	5316075	2954	1
sub-06_1	170	Pulse	255	5334215	21095	0
sub-06_1	171	Picture	22	5338347	0	1	10226	1	0	10000	hit	438
sub-06_1	171	Response	2	5341175	2828	1
sub-06_1	171	Pulse	255	5354215	15868	0
sub-06_1	172	Picture	22	5363574	0	1	10226	1	0	10000	hit	441
sub-06_1	172	Response	2	5365665	2091	1
sub-06_1	172	Pulse	255	5374215	10641	0
sub-06_1	173	Picture	22	5388801	0	1	10226	1	0	10000	hit	444
sub-06_1	173	Response	2	5390905	2104	1
sub-06_1	173	Pulse	255	5394215	5414	0
sub-06_1	174	Picture	22	5414028	0	1	10226	1	0	10000	hit	448
sub-06_1	174	Pulse	255	5414215	188	0
sub-06_1	174	Response	2	5416565	2537	1
sub-06_1	174	Pulse	255	5434215	20188	0
sub-06_1	175	Picture	22	5439254	0	1	10226	1	0	10000	hit	451
sub-06_1	175	Response	2	5442115	2861	1
sub-06_1	175	Pulse	255	5454215	14961	0
sub-06_1	176	Picture	Bfix	5464481	0	1	30227	1	0	30000	other	0
sub-06_1	176	Pulse	255	5474215	9734	0
sub-06_1	176	Pulse	255	5494215	29734	0
sub-06_1	177	Picture	Ins_yeux	5494708	0	1	40225	1	0	40000	other	0
sub-06_1	177	Pulse	255	5514216	19508	0
sub-06_1	177	Pulse	255	5534215	39507	0
sub-06_1	177	Pulse	255	5554215	59507	0
sub-06_1	178	Picture	31	5554935	0	1	10226	1	0	10000	other	0
sub-06_1	178	Pulse	255	5574215	19281	0
sub-06_1	179	Picture	31	5580162	0	1	10225	1	0	10000	other	0
sub-06_1	179	Pulse	255	5594216	14054	0
sub-06_1	180	Picture	31	5605388	0	1	10226	1	0	10000	other	0
sub-06_1	180	Pulse	255	5614216	8827	0
sub-06_1	181	Picture	31	5630615	0	1	10225	1	0	10000	other	0
sub-06_1	181	Pulse	255	5634216	3601	0
sub-06_1	181	Pulse	255	5654215	23600	0
sub-06_1	182	Picture	31	5655842	0	1	10226	1	0	10000	other	0
sub-06_1	182	Pulse	255	5674216	18374	0
sub-06_1	183	Picture	31	5681069	0	1	10226	1	0	10000	other	0
sub-06_1	183	Pulse	255	5694216	13148	0
sub-06_1	184	Picture	31	5706295	0	1	10226	1	0	10000	other	0
sub-06_1	184	Pulse	255	5714216	7920	0
sub-06_1	185	Picture	31	5731522	0	1	10226	1	0	10000	other	0
sub-06_1	185	Pulse	255	5734216	2694	0
sub-06_1	185	Pulse	255	5754216	22694	0
sub-06_1	186	Picture	31	5756749	0	1	10226	1	0	10000	other	0
sub-06_1	186	Pulse	255	5774216	17467	0
sub-06_1	187	Picture	31	5781976	0	1	10226	1	0	10000	other	0
sub-06_1	187	Pulse	255	5794216	12240	0
sub-06_1	188	Picture	32	5807202	0	1	10226	1	0	10000	other	0
sub-06_1	188	Pulse	255	5814215	7013	0
sub-06_1	189	Picture	32	5832429	0	1	10226	1	0	10000	other	0
sub-06_1	189	Pulse	255	5834217	1787	0
sub-06_1	189	Pulse	255	5854216	21787	0
sub-06_1	190	Picture	32	5857656	0	1	10226	1	0	10000	other	0
sub-06_1	190	Pulse	255	5874217	16561	0
sub-06_1	191	Picture	32	5882883	0	1	10226	1	0	10000	other	0
sub-06_1	191	Pulse	255	5894217	11334	0
sub-06_1	192	Picture	32	5908110	0	1	10226	1	0	10000	other	0
sub-06_1	192	Pulse	255	5914216	6107	0
sub-06_1	193	Picture	32	5933336	0	1	10226	1	0	10000	other	0
sub-06_1	193	Pulse	255	5934216	880	0
sub-06_1	193	Pulse	255	5954216	20880	0
sub-06_1	194	Picture	32	5958563	0	1	10225	1	0	10000	other	0
sub-06_1	194	Pulse	255	5974218	15655	0
sub-06_1	195	Picture	32	5983790	0	1	10226	1	0	10000	other	0
sub-06_1	195	Pulse	255	5994216	10426	0
sub-06_1	196	Picture	32	6009017	0	1	10226	1	0	10000	other	0
sub-06_1	196	Pulse	255	6014217	5199	0
sub-06_1	196	Pulse	255	6034217	25199	0
sub-06_1	197	Picture	32	6034244	0	1	10226	1	0	10000	other	0
sub-06_1	197	Pulse	255	6054217	19973	0
sub-06_1	198	Picture	Bfix	6059471	0	1	30227	1	0	30000	other	0
sub-06_1	198	Pulse	255	6074217	14746	0
sub-06_1	199	Picture	Ins_jambe	6089698	0	1	40226	1	0	40000	other	0
sub-06_1	199	Pulse	255	6094217	4519	0
sub-06_1	199	Pulse	255	6114217	24519	0
sub-06_1	199	Pulse	255	6134217	44519	0
sub-06_1	200	Picture	51	6149925	0	1	10226	1	0	10000	other	0
sub-06_1	200	Pulse	255	6154217	4292	0
sub-06_1	200	Pulse	255	6174217	24292	0
sub-06_1	201	Picture	51	6175151	0	1	10226	1	0	10000	other	0
sub-06_1	201	Pulse	255	6194217	19066	0
sub-06_1	202	Picture	51	6200378	0	1	10226	1	0	10000	other	0
sub-06_1	202	Pulse	255	6214217	13839	0
sub-06_1	203	Picture	51	6225605	0	1	10226	1	0	10000	other	0
sub-06_1	203	Pulse	255	6234217	8612	0
sub-06_1	204	Picture	51	6250833	0	1	10227	1	0	10000	other	0
sub-06_1	204	Pulse	255	6254218	3385	0
sub-06_1	204	Pulse	255	6274217	23384	0
sub-06_1	205	Picture	51	6276060	0	1	10226	1	0	10000	other	0
sub-06_1	205	Pulse	255	6294217	18158	0
sub-06_1	206	Picture	51	6301287	0	1	10226	1	0	10000	other	0
sub-06_1	206	Pulse	255	6314218	12931	0
sub-06_1	207	Picture	51	6326513	0	1	10226	1	0	10000	other	0
sub-06_1	207	Pulse	255	6334218	7704	0
sub-06_1	208	Picture	51	6351740	0	1	10226	1	0	10000	other	0
sub-06_1	208	Pulse	255	6354218	2478	0
sub-06_1	208	Pulse	255	6374218	22478	0
sub-06_1	209	Picture	51	6376967	0	1	10226	1	0	10000	other	0
sub-06_1	209	Pulse	255	6394217	17250	0
sub-06_1	210	Picture	52	6402194	0	1	10226	1	0	10000	other	0
sub-06_1	210	Pulse	255	6414218	12025	0
sub-06_1	211	Picture	52	6427420	0	1	10226	1	0	10000	other	0
sub-06_1	211	Pulse	255	6434218	6798	0
sub-06_1	212	Picture	52	6452647	0	1	10226	1	0	10000	other	0
sub-06_1	212	Pulse	255	6454218	1571	0
sub-06_1	212	Pulse	255	6474218	21571	0
sub-06_1	213	Picture	52	6477874	0	1	10226	1	0	10000	other	0
sub-06_1	213	Pulse	255	6494218	16344	0
sub-06_1	214	Picture	52	6503100	0	1	10226	1	0	10000	other	0
sub-06_1	214	Pulse	255	6514218	11118	0
sub-06_1	215	Picture	52	6528327	0	1	10226	1	0	10000	other	0
sub-06_1	215	Pulse	255	6534218	5891	0
sub-06_1	216	Picture	52	6553554	0	1	10226	1	0	10000	other	0
sub-06_1	216	Pulse	255	6554217	663	0
sub-06_1	216	Pulse	255	6574218	20664	0
sub-06_1	217	Picture	52	6578781	0	1	10226	1	0	10000	other	0
sub-06_1	217	Pulse	255	6594218	15437	0
sub-06_1	218	Picture	52	6604008	0	1	10226	1	0	10000	other	0
sub-06_1	218	Pulse	255	6614219	10211	0
sub-06_1	219	Picture	52	6629234	0	1	10226	1	0	10000	other	0
sub-06_1	219	Pulse	255	6634218	4984	0
sub-06_1	219	Pulse	255	6654218	24984	0
sub-06_1	220	Picture	Bfix	6654461	0	1	30227	1	0	30000	other	0
sub-06_1	220	Pulse	255	6674218	19757	0
sub-06_1	221	Picture	Ins_bouche	6684688	0	1	40226	1	0	40000	other	0
sub-06_1	221	Pulse	255	6694218	9531	0
sub-06_1	221	Pulse	255	6714218	29531	0
sub-06_1	221	Pulse	255	6734219	49531	0
sub-06_1	222	Picture	61	6744914	0	1	10226	1	0	10000	other	0
sub-06_1	222	Pulse	255	6754219	9304	0
sub-06_1	223	Picture	61	6770141	0	1	10226	1	0	10000	other	0
sub-06_1	223	Pulse	255	6774219	4077	0
sub-06_1	223	Pulse	255	6794219	24078	0
sub-06_1	224	Picture	61	6795368	0	1	10226	1	0	10000	other	0
sub-06_1	224	Pulse	255	6814219	18851	0
sub-06_1	225	Picture	61	6820594	0	1	10226	1	0	10000	other	0
sub-06_1	225	Pulse	255	6834219	13625	0
sub-06_1	226	Picture	61	6845821	0	1	10226	1	0	10000	other	0
sub-06_1	226	Pulse	255	6854219	8397	0
sub-06_1	227	Picture	61	6871048	0	1	10226	1	0	10000	other	0
sub-06_1	227	Pulse	255	6874219	3171	0
sub-06_1	227	Pulse	255	6894219	23171	0
sub-06_1	228	Picture	61	6896275	0	1	10226	1	0	10000	other	0
sub-06_1	228	Pulse	255	6914219	17944	0
sub-06_1	229	Picture	61	6921501	0	1	10226	1	0	10000	other	0
sub-06_1	229	Pulse	255	6934219	12718	0
sub-06_1	230	Picture	61	6946728	0	1	10226	1	0	10000	other	0
sub-06_1	230	Pulse	255	6954219	7491	0
sub-06_1	231	Picture	61	6971955	0	1	10226	1	0	10000	other	0
sub-06_1	231	Pulse	255	6974219	2264	0
sub-06_1	231	Pulse	255	6994219	22264	0
sub-06_1	232	Picture	62	6997182	0	1	10226	1	0	10000	other	0
sub-06_1	232	Pulse	255	7014219	17038	0
sub-06_1	233	Picture	62	7022409	0	1	10226	1	0	10000	other	0
sub-06_1	233	Pulse	255	7034219	11811	0
sub-06_1	234	Picture	62	7047635	0	1	10226	1	0	10000	other	0
sub-06_1	234	Pulse	255	7054218	6583	0
sub-06_1	235	Picture	62	7072862	0	1	10226	1	0	10000	other	0
sub-06_1	235	Pulse	255	7074220	1358	0
sub-06_1	235	Pulse	255	7094219	21357	0
sub-06_1	236	Picture	62	7098089	0	1	10226	1	0	10000	other	0
sub-06_1	236	Pulse	255	7114220	16131	0
sub-06_1	237	Picture	62	7123316	0	1	10226	1	0	10000	other	0
sub-06_1	237	Pulse	255	7134219	10904	0
sub-06_1	238	Picture	62	7148543	0	1	10226	1	0	10000	other	0
sub-06_1	238	Pulse	255	7154219	5677	0
sub-06_1	239	Picture	62	7173769	0	1	10226	1	0	10000	other	0
sub-06_1	239	Pulse	255	7174220	450	0
sub-06_1	239	Pulse	255	7194220	20451	0
sub-06_1	240	Picture	62	7198997	0	1	10226	1	0	10000	other	0
sub-06_1	240	Pulse	255	7214220	15223	0
sub-06_1	241	Picture	62	7224223	0	1	10226	1	0	10000	other	0
sub-06_1	241	Pulse	255	7234219	9996	0
sub-06_1	242	Picture	Bfix	7249450	0	1	30227	1	0	30000	other	0
sub-06_1	242	Pulse	255	7254220	4770	0
sub-06_1	242	Pulse	255	7274220	24770	0
sub-06_1	243	Picture	Ins_repos	7279677	0	1	40226	1	0	40000	other	0
sub-06_1	243	Pulse	255	7294220	14543	0
sub-06_1	243	Pulse	255	7314220	34543	0
sub-06_1	243	Pulse	255	7334220	54543	0
sub-06_1	244	Picture	71	7339904	0	1	10226	1	0	10000	other	0
sub-06_1	244	Pulse	255	7354221	14317	0
sub-06_1	245	Picture	71	7365130	0	1	10226	1	0	10000	other	0
sub-06_1	245	Pulse	255	7374220	9090	0
sub-06_1	246	Picture	71	7390357	0	1	10226	1	0	10000	other	0
sub-06_1	246	Pulse	255	7394220	3863	0
sub-06_1	246	Pulse	255	7414220	23863	0
sub-06_1	247	Picture	71	7415584	0	1	10226	1	0	10000	other	0
sub-06_1	247	Pulse	255	7434221	18637	0
sub-06_1	248	Picture	71	7440810	0	1	10226	1	0	10000	other	0
sub-06_1	248	Pulse	255	7454221	13410	0
sub-06_1	249	Picture	71	7466037	0	1	10225	1	0	10000	other	0
sub-06_1	249	Pulse	255	7474220	8183	0
sub-06_1	250	Picture	71	7491264	0	1	10226	1	0	10000	other	0
sub-06_1	250	Pulse	255	7494210	2946	0
sub-06_1	250	Pulse	255	7514210	22946	0
sub-06_1	251	Picture	71	7516491	0	1	10226	1	0	10000	other	0
sub-06_1	251	Pulse	255	7534211	17720	0
sub-06_1	252	Picture	71	7541718	0	1	10226	1	0	10000	other	0
sub-06_1	252	Pulse	255	7554210	12493	0
sub-06_1	253	Picture	71	7566945	0	1	10226	1	0	10000	other	0
sub-06_1	253	Pulse	255	7574211	7266	0
sub-06_1	254	Picture	72	7592171	0	1	10226	1	0	10000	other	0
sub-06_1	254	Pulse	255	7594210	2039	0
sub-06_1	254	Pulse	255	7614211	22040	0
sub-06_1	255	Picture	72	7617398	0	1	10226	1	0	10000	other	0
sub-06_1	255	Pulse	255	7634211	16813	0
sub-06_1	256	Picture	72	7642625	0	1	10226	1	0	10000	other	0
sub-06_1	256	Pulse	255	7654210	11586	0
sub-06_1	257	Picture	72	7667852	0	1	10226	1	0	10000	other	0
sub-06_1	257	Pulse	255	7674211	6359	0
sub-06_1	258	Picture	72	7693078	0	1	10226	1	0	10000	other	0
sub-06_1	258	Pulse	255	7694211	1133	0
sub-06_1	258	Pulse	255	7714211	21133	0
sub-06_1	259	Picture	72	7718305	0	1	10226	1	0	10000	other	0
sub-06_1	259	Pulse	255	7734211	15906	0
sub-06_1	260	Picture	72	7743532	0	1	10226	1	0	10000	other	0
sub-06_1	260	Pulse	255	7754211	10679	0
sub-06_1	261	Picture	72	7768759	0	1	10225	1	0	10000	other	0
sub-06_1	261	Pulse	255	7774211	5452	0
sub-06_1	262	Picture	72	7793985	0	1	10226	1	0	10000	other	0
sub-06_1	262	Pulse	255	7794212	226	0
sub-06_1	262	Pulse	255	7814211	20225	0
sub-06_1	263	Picture	72	7819212	0	1	10226	1	0	10000	other	0
sub-06_1	263	Pulse	255	7834208	14996	3
sub-06_1	264	Picture	Bfix	7844439	0	1	72143	1	0	60000	other	0
sub-06_1	264	Pulse	255	7854211	9772	0
sub-06_1	264	Pulse	255	7874212	29773	0
sub-06_1	264	Pulse	255	7894212	49773	0
