Scenario - loca_moto_bis
Logfile written - 05/28/2018 16:35:21

Subject	Trial	Event Type	Code	Time	TTime	Uncertainty	Duration	Uncertainty	ReqTime	ReqDur	Stim Type	Pair Index

sub-07_2	0	Pulse	255	571710	571710	0
sub-07_2	1	Picture	Ins_repos	571838	0	1	40179	1	0	40000	other	0
sub-07_2	1	Pulse	255	591710	19871	0
sub-07_2	1	Pulse	255	611710	39871	0
sub-07_2	1	Pulse	255	631710	59871	0
sub-07_2	2	Picture	71	632023	0	1	10170	1	0	10000	other	0
sub-07_2	2	Pulse	255	651710	19687	0
sub-07_2	3	Picture	71	657198	0	1	10170	1	0	10000	other	0
sub-07_2	3	Pulse	255	671710	14512	0
sub-07_2	4	Picture	71	682372	0	1	10170	1	0	10000	other	0
sub-07_2	4	Pulse	255	691710	9338	0
sub-07_2	5	Picture	71	707546	0	1	10170	1	0	10000	other	0
sub-07_2	5	Pulse	255	711710	4163	1
sub-07_2	5	Pulse	255	731710	24164	0
sub-07_2	6	Picture	71	732721	0	1	10170	1	0	10000	other	0
sub-07_2	6	Pulse	255	751710	18989	0
sub-07_2	7	Picture	71	757895	0	1	10170	1	0	10000	other	0
sub-07_2	7	Pulse	255	771710	13815	0
sub-07_2	8	Picture	71	783070	0	1	10170	1	0	10000	other	0
sub-07_2	8	Pulse	255	791710	8641	0
sub-07_2	9	Picture	71	808244	0	1	10170	1	0	10000	other	0
sub-07_2	9	Pulse	255	811711	3467	0
sub-07_2	9	Pulse	255	831710	23466	0
sub-07_2	10	Picture	71	833418	0	1	10170	1	0	10000	other	0
sub-07_2	10	Pulse	255	851711	18292	0
sub-07_2	11	Picture	71	858593	0	1	10170	1	0	10000	other	0
sub-07_2	11	Pulse	255	871711	13118	0
sub-07_2	12	Picture	72	883767	0	1	10170	1	0	10000	other	0
sub-07_2	12	Pulse	255	891711	7944	0
sub-07_2	13	Picture	72	908941	0	1	10170	1	0	10000	other	0
sub-07_2	13	Pulse	255	911711	2769	0
sub-07_2	13	Pulse	255	931711	22769	0
sub-07_2	14	Picture	72	934116	0	1	10170	1	0	10000	other	0
sub-07_2	14	Pulse	255	951711	17595	0
sub-07_2	15	Picture	72	959290	0	1	10170	1	0	10000	other	0
sub-07_2	15	Pulse	255	971711	12421	0
sub-07_2	16	Picture	72	984464	0	1	10170	1	0	10000	other	0
sub-07_2	16	Pulse	255	991711	7247	0
sub-07_2	17	Picture	72	1009639	0	1	10170	1	0	10000	other	0
sub-07_2	17	Pulse	255	1011711	2072	0
sub-07_2	17	Pulse	255	1031711	22072	0
sub-07_2	18	Picture	72	1034813	0	1	10170	1	0	10000	other	0
sub-07_2	18	Pulse	255	1051711	16898	0
sub-07_2	19	Picture	72	1059988	0	1	10170	1	0	10000	other	0
sub-07_2	19	Pulse	255	1071711	11724	0
sub-07_2	20	Picture	72	1085162	0	1	10170	1	0	10000	other	0
sub-07_2	20	Pulse	255	1091711	6550	0
sub-07_2	21	Picture	72	1110336	0	1	10170	1	0	10000	other	0
sub-07_2	21	Pulse	255	1111712	1375	0
sub-07_2	21	Pulse	255	1131712	21376	0
sub-07_2	22	Picture	Bfix	1135511	0	1	30176	1	0	30000	other	0
sub-07_2	22	Pulse	255	1151711	16200	1
sub-07_2	23	Picture	Ins_bouche	1165687	0	1	40179	1	0	40000	other	0
sub-07_2	23	Pulse	255	1171712	6025	0
sub-07_2	23	Pulse	255	1191712	26025	0
sub-07_2	23	Pulse	255	1211712	46025	0
sub-07_2	24	Picture	61	1225872	0	1	10170	1	0	10000	other	0
sub-07_2	24	Pulse	255	1231712	5840	0
sub-07_2	25	Picture	61	1251046	0	1	10170	1	0	10000	other	0
sub-07_2	25	Pulse	255	1251712	666	0
sub-07_2	25	Pulse	255	1271711	20665	0
sub-07_2	26	Picture	61	1276220	0	1	10170	1	0	10000	other	0
sub-07_2	26	Pulse	255	1291712	15492	0
sub-07_2	27	Picture	61	1301395	0	1	10170	1	0	10000	other	0
sub-07_2	27	Pulse	255	1311712	10317	0
sub-07_2	28	Picture	61	1326569	0	1	10170	1	0	10000	other	0
sub-07_2	28	Pulse	255	1331712	5143	0
sub-07_2	28	Pulse	255	1351712	25143	0
sub-07_2	29	Picture	61	1351743	0	1	10170	1	0	10000	other	0
sub-07_2	29	Pulse	255	1371712	19969	0
sub-07_2	30	Picture	61	1376918	0	1	10170	1	0	10000	other	0
sub-07_2	30	Pulse	255	1391712	14795	0
sub-07_2	31	Picture	61	1402092	0	1	10170	1	0	10000	other	0
sub-07_2	31	Pulse	255	1411712	9620	0
sub-07_2	32	Picture	61	1427267	0	1	10170	1	0	10000	other	0
sub-07_2	32	Pulse	255	1431712	4446	0
sub-07_2	32	Pulse	255	1451712	24446	0
sub-07_2	33	Picture	61	1452441	0	1	10170	1	0	10000	other	0
sub-07_2	33	Pulse	255	1471713	19272	0
sub-07_2	34	Picture	62	1477615	0	1	10170	1	0	10000	other	0
sub-07_2	34	Pulse	255	1491713	14097	0
sub-07_2	35	Picture	62	1502790	0	1	10170	1	0	10000	other	0
sub-07_2	35	Pulse	255	1511713	8923	0
sub-07_2	36	Picture	62	1527964	0	1	10170	1	0	10000	other	0
sub-07_2	36	Pulse	255	1531712	3748	0
sub-07_2	36	Pulse	255	1551712	23748	0
sub-07_2	37	Picture	62	1553138	0	1	10170	1	0	10000	other	0
sub-07_2	37	Pulse	255	1571713	18574	0
sub-07_2	38	Picture	62	1578313	0	1	10170	1	0	10000	other	0
sub-07_2	38	Pulse	255	1591713	13401	0
sub-07_2	39	Picture	62	1603487	0	1	10170	1	0	10000	other	0
sub-07_2	39	Pulse	255	1611713	8226	0
sub-07_2	40	Picture	62	1628661	0	1	10170	1	0	10000	other	0
sub-07_2	40	Pulse	255	1631712	3051	0
sub-07_2	40	Pulse	255	1651713	23051	0
sub-07_2	41	Picture	62	1653836	0	1	10170	1	0	10000	other	0
sub-07_2	41	Pulse	255	1671713	17877	0
sub-07_2	42	Picture	62	1679010	0	1	10170	1	0	10000	other	0
sub-07_2	42	Pulse	255	1691714	12703	0
sub-07_2	43	Picture	62	1704185	0	1	10170	1	0	10000	other	0
sub-07_2	43	Pulse	255	1711713	7529	0
sub-07_2	44	Picture	Bfix	1729359	0	1	30176	1	0	30000	other	0
sub-07_2	44	Pulse	255	1731712	2353	0
sub-07_2	44	Pulse	255	1751713	22355	0
sub-07_2	45	Picture	Ins_jambe	1759702	0	1	40179	1	0	40000	other	0
sub-07_2	45	Pulse	255	1771713	12012	0
sub-07_2	45	Pulse	255	1791713	32011	0
sub-07_2	45	Pulse	255	1811713	52012	0
sub-07_2	46	Picture	51	1819887	0	1	10170	1	0	10000	other	0
sub-07_2	46	Pulse	255	1831714	11827	0
sub-07_2	47	Picture	51	1845061	0	1	10170	1	0	10000	other	0
sub-07_2	47	Pulse	255	1851714	6653	0
sub-07_2	48	Picture	51	1870235	0	1	10170	1	0	10000	other	0
sub-07_2	48	Pulse	255	1871714	1478	0
sub-07_2	48	Pulse	255	1891714	21479	0
sub-07_2	49	Picture	51	1895410	0	1	10170	1	0	10000	other	0
sub-07_2	49	Pulse	255	1911714	16304	0
sub-07_2	50	Picture	51	1920584	0	1	10170	1	0	10000	other	0
sub-07_2	50	Pulse	255	1931714	11130	0
sub-07_2	51	Picture	51	1945758	0	1	10170	1	0	10000	other	0
sub-07_2	51	Pulse	255	1951714	5955	1
sub-07_2	52	Picture	51	1970933	0	1	10170	1	0	10000	other	0
sub-07_2	52	Pulse	255	1971714	782	0
sub-07_2	52	Pulse	255	1991714	20781	0
sub-07_2	53	Picture	51	1996107	0	1	10170	1	0	10000	other	0
sub-07_2	53	Pulse	255	2011714	15607	0
sub-07_2	54	Picture	51	2021282	0	1	10170	1	0	10000	other	0
sub-07_2	54	Pulse	255	2031714	10433	0
sub-07_2	55	Picture	51	2046456	0	1	10170	1	0	10000	other	0
sub-07_2	55	Pulse	255	2051714	5258	0
sub-07_2	56	Picture	52	2071630	0	1	10170	1	0	10000	other	0
sub-07_2	56	Pulse	255	2071714	84	0
sub-07_2	56	Pulse	255	2091714	20084	0
sub-07_2	57	Picture	52	2096805	0	1	10170	1	0	10000	other	0
sub-07_2	57	Pulse	255	2111714	14910	0
sub-07_2	58	Picture	52	2121979	0	1	10170	1	0	10000	other	0
sub-07_2	58	Pulse	255	2131715	9736	0
sub-07_2	59	Picture	52	2147153	0	1	10170	1	0	10000	other	0
sub-07_2	59	Pulse	255	2151715	4561	0
sub-07_2	59	Pulse	255	2171715	24561	0
sub-07_2	60	Picture	52	2172328	0	1	10170	1	0	10000	other	0
sub-07_2	60	Pulse	255	2191715	19387	0
sub-07_2	61	Picture	52	2197502	0	1	10170	1	0	10000	other	0
sub-07_2	61	Pulse	255	2211715	14213	0
sub-07_2	62	Picture	52	2222676	0	1	10170	1	0	10000	other	0
sub-07_2	62	Pulse	255	2231715	9038	0
sub-07_2	63	Picture	52	2247851	0	1	10170	1	0	10000	other	0
sub-07_2	63	Pulse	255	2251714	3863	0
sub-07_2	63	Pulse	255	2271715	23864	0
sub-07_2	64	Picture	52	2273025	0	1	10170	1	0	10000	other	0
sub-07_2	64	Pulse	255	2291715	18690	0
sub-07_2	65	Picture	52	2298200	0	1	10170	1	0	10000	other	0
sub-07_2	65	Pulse	255	2311715	13516	0
sub-07_2	66	Picture	Bfix	2323374	0	1	30176	1	0	30000	other	0
sub-07_2	66	Pulse	255	2331715	8342	0
sub-07_2	66	Pulse	255	2351715	28341	0
sub-07_2	67	Picture	Ins_yeux	2353550	0	1	40179	1	0	40000	other	0
sub-07_2	67	Pulse	255	2371715	18165	0
sub-07_2	67	Pulse	255	2391715	38166	0
sub-07_2	67	Pulse	255	2411715	58166	0
sub-07_2	68	Picture	31	2413735	0	1	10170	1	0	10000	other	0
sub-07_2	68	Pulse	255	2431715	17981	0
sub-07_2	69	Picture	31	2438909	0	1	10170	1	0	10000	other	0
sub-07_2	69	Pulse	255	2451716	12806	0
sub-07_2	70	Picture	31	2464084	0	1	10170	1	0	10000	other	0
sub-07_2	70	Pulse	255	2471716	7632	0
sub-07_2	71	Picture	31	2489258	0	1	10170	1	0	10000	other	0
sub-07_2	71	Pulse	255	2491716	2458	0
sub-07_2	71	Pulse	255	2511716	22458	0
sub-07_2	72	Picture	31	2514432	0	1	10170	1	0	10000	other	0
sub-07_2	72	Pulse	255	2531716	17283	0
sub-07_2	73	Picture	31	2539607	0	1	10170	1	0	10000	other	0
sub-07_2	73	Pulse	255	2551716	12110	0
sub-07_2	74	Picture	31	2564781	0	1	10170	1	0	10000	other	0
sub-07_2	74	Pulse	255	2571715	6934	0
sub-07_2	75	Picture	31	2589955	0	1	10170	1	0	10000	other	0
sub-07_2	75	Pulse	255	2591716	1761	0
sub-07_2	75	Pulse	255	2611716	21761	0
sub-07_2	76	Picture	31	2615130	0	1	10170	1	0	10000	other	0
sub-07_2	76	Pulse	255	2631715	16585	0
sub-07_2	77	Picture	31	2640304	0	1	10170	1	0	10000	other	0
sub-07_2	77	Pulse	255	2651716	11412	0
sub-07_2	78	Picture	32	2665478	0	1	10170	1	0	10000	other	0
sub-07_2	78	Pulse	255	2671716	6238	0
sub-07_2	79	Picture	32	2690653	0	1	10170	1	0	10000	other	0
sub-07_2	79	Pulse	255	2691716	1063	0
sub-07_2	79	Pulse	255	2711717	21064	0
sub-07_2	80	Picture	32	2715827	0	1	10170	1	0	10000	other	0
sub-07_2	80	Pulse	255	2731716	15889	0
sub-07_2	81	Picture	32	2741002	0	1	10170	1	0	10000	other	0
sub-07_2	81	Pulse	255	2751717	10715	0
sub-07_2	82	Picture	32	2766176	0	1	10170	1	0	10000	other	0
sub-07_2	82	Pulse	255	2771706	5530	0
sub-07_2	83	Picture	32	2791338	0	1	10170	1	0	10000	other	0
sub-07_2	83	Pulse	255	2791706	368	0
sub-07_2	83	Pulse	255	2811706	20368	0
sub-07_2	84	Picture	32	2816513	0	1	10170	1	0	10000	other	0
sub-07_2	84	Pulse	255	2831707	15194	0
sub-07_2	85	Picture	32	2841687	0	1	10170	1	0	10000	other	0
sub-07_2	85	Pulse	255	2851707	10020	0
sub-07_2	86	Picture	32	2866861	0	1	10170	1	0	10000	other	0
sub-07_2	86	Pulse	255	2871707	4845	0
sub-07_2	86	Pulse	255	2891707	24846	0
sub-07_2	87	Picture	32	2892036	0	1	10170	1	0	10000	other	0
sub-07_2	87	Pulse	255	2911707	19671	0
sub-07_2	88	Picture	Bfix	2917210	0	1	30176	1	0	30000	other	0
sub-07_2	88	Pulse	255	2931707	14497	0
sub-07_2	89	Picture	Ins_index	2947386	0	1	40179	1	0	40000	other	0
sub-07_2	89	Pulse	255	2951708	4322	0
sub-07_2	89	Pulse	255	2971707	24321	0
sub-07_2	89	Pulse	255	2991706	44320	0
sub-07_2	90	Picture	21	3007571	0	1	10170	1	0	10000	hit	213
sub-07_2	90	Response	1	3010877	3306	1
sub-07_2	90	Pulse	255	3011707	4136	1
sub-07_2	90	Response	1	3015988	8417	1
sub-07_2	90	Pulse	255	3031708	24136	0
sub-07_2	91	Picture	21	3032745	0	1	10170	1	0	10000	hit	218
sub-07_2	91	Response	1	3040416	7671	1
sub-07_2	91	Pulse	255	3051708	18962	0
sub-07_2	92	Picture	21	3057920	0	1	10170	1	0	10000	hit	221
sub-07_2	92	Response	1	3063548	5628	1
sub-07_2	92	Pulse	255	3071707	13787	0
sub-07_2	93	Picture	21	3083094	0	1	10170	1	0	10000	hit	224
sub-07_2	93	Response	1	3088618	5524	1
sub-07_2	93	Pulse	255	3091708	8614	0
sub-07_2	94	Picture	21	3108269	0	1	10170	1	0	10000	hit	228
sub-07_2	94	Pulse	255	3111708	3440	0
sub-07_2	94	Response	1	3113637	5369	1
sub-07_2	94	Pulse	255	3131699	23430	12
sub-07_2	95	Picture	21	3133443	0	1	10170	1	0	10000	hit	231
sub-07_2	95	Response	1	3137468	4025	1
sub-07_2	95	Pulse	255	3151708	18265	0
sub-07_2	96	Picture	21	3158617	0	1	10170	1	0	10000	hit	234
sub-07_2	96	Response	1	3162758	4141	1
sub-07_2	96	Pulse	255	3171708	13091	0
sub-07_2	97	Picture	21	3183792	0	1	10170	1	0	10000	hit	237
sub-07_2	97	Response	1	3186528	2736	1
sub-07_2	97	Pulse	255	3191708	7916	0
sub-07_2	98	Picture	21	3208966	0	1	10170	1	0	10000	hit	241
sub-07_2	98	Pulse	255	3211708	2742	0
sub-07_2	98	Response	1	3213178	4212	1
sub-07_2	98	Pulse	255	3231708	22742	0
sub-07_2	99	Picture	21	3234140	0	1	10170	1	0	10000	hit	244
sub-07_2	99	Response	1	3236868	2727	1
sub-07_2	99	Pulse	255	3251708	17567	0
sub-07_2	100	Picture	22	3259315	0	1	10170	1	0	10000	hit	247
sub-07_2	100	Response	2	3266088	6774	1
sub-07_2	100	Pulse	255	3271708	12393	0
sub-07_2	101	Picture	22	3284489	0	1	10170	1	0	10000	hit	250
sub-07_2	101	Response	2	3287208	2719	1
sub-07_2	101	Pulse	255	3291708	7219	0
sub-07_2	102	Picture	22	3309663	0	1	10170	1	0	10000	hit	254
sub-07_2	102	Pulse	255	3311709	2046	0
sub-07_2	102	Response	2	3312408	2745	1
sub-07_2	102	Pulse	255	3331708	22045	0
sub-07_2	103	Picture	22	3334838	0	1	10170	1	0	10000	hit	257
sub-07_2	103	Response	2	3337089	2251	1
sub-07_2	103	Pulse	255	3351709	16871	0
sub-07_2	104	Picture	22	3360012	0	1	10170	1	0	10000	hit	260
sub-07_2	104	Response	2	3363178	3166	1
sub-07_2	104	Pulse	255	3371709	11697	0
sub-07_2	105	Picture	22	3385187	0	1	10170	1	0	10000	hit	263
sub-07_2	105	Response	2	3390039	4852	1
sub-07_2	105	Pulse	255	3391709	6522	0
sub-07_2	106	Picture	22	3410361	0	1	10170	1	0	10000	hit	267
sub-07_2	106	Pulse	255	3411709	1348	0
sub-07_2	106	Response	2	3415029	4668	1
sub-07_2	106	Pulse	255	3431709	21348	0
sub-07_2	107	Picture	22	3435535	0	1	10170	1	0	10000	hit	270
sub-07_2	107	Response	2	3438588	3053	1
sub-07_2	107	Pulse	255	3451709	16173	0
sub-07_2	108	Picture	22	3460710	0	1	10170	1	0	10000	hit	273
sub-07_2	108	Response	2	3464659	3950	1
sub-07_2	108	Pulse	255	3471709	10999	0
sub-07_2	109	Picture	22	3485884	0	1	10170	1	0	10000	hit	276
sub-07_2	109	Response	2	3490149	4265	1
sub-07_2	109	Pulse	255	3491709	5825	0
sub-07_2	110	Picture	Bfix	3511058	0	1	30176	1	0	30000	other	0
sub-07_2	110	Pulse	255	3511709	651	0
sub-07_2	110	Pulse	255	3531709	20651	0
sub-07_2	111	Picture	Ins_main	3541401	0	1	40179	1	0	40000	other	0
sub-07_2	111	Pulse	255	3551709	10308	0
sub-07_2	111	Pulse	255	3571709	30308	0
sub-07_2	111	Pulse	255	3591709	50308	0
sub-07_2	112	Picture	11	3601586	0	1	10170	1	0	10000	other	0
sub-07_2	112	Pulse	255	3611710	10124	0
sub-07_2	113	Picture	11	3626760	0	1	10170	1	0	10000	other	0
sub-07_2	113	Pulse	255	3631708	4948	0
sub-07_2	113	Pulse	255	3651710	24949	0
sub-07_2	114	Picture	11	3651935	0	1	10170	1	0	10000	other	0
sub-07_2	114	Pulse	255	3671709	19774	0
sub-07_2	115	Picture	11	3677109	0	1	10170	1	0	10000	other	0
sub-07_2	115	Pulse	255	3691709	14600	0
sub-07_2	116	Picture	11	3702283	0	1	10170	1	0	10000	other	0
sub-07_2	116	Pulse	255	3711709	9425	0
sub-07_2	117	Picture	11	3727458	0	1	10170	1	0	10000	other	0
sub-07_2	117	Pulse	255	3731710	4252	0
sub-07_2	117	Pulse	255	3751710	24252	0
sub-07_2	118	Picture	11	3752632	0	1	10170	1	0	10000	other	0
sub-07_2	118	Pulse	255	3771709	19077	0
sub-07_2	119	Picture	11	3777807	0	1	10170	1	0	10000	other	0
sub-07_2	119	Pulse	255	3791710	13903	0
sub-07_2	120	Picture	11	3802981	0	1	10170	1	0	10000	other	0
sub-07_2	120	Pulse	255	3811710	8729	0
sub-07_2	121	Picture	11	3828155	0	1	10170	1	0	10000	other	0
sub-07_2	121	Pulse	255	3831710	3555	0
sub-07_2	121	Pulse	255	3851710	23555	0
sub-07_2	122	Picture	12	3853330	0	1	10170	1	0	10000	other	0
sub-07_2	122	Pulse	255	3871710	18380	0
sub-07_2	123	Picture	12	3878504	0	1	10170	1	0	10000	other	0
sub-07_2	123	Pulse	255	3891710	13206	0
sub-07_2	124	Picture	12	3903678	0	1	10170	1	0	10000	other	0
sub-07_2	124	Pulse	255	3911711	8032	0
sub-07_2	125	Picture	12	3928853	0	1	10170	1	0	10000	other	0
sub-07_2	125	Pulse	255	3931710	2857	0
sub-07_2	125	Pulse	255	3951710	22858	0
sub-07_2	126	Picture	12	3954027	0	1	10170	1	0	10000	other	0
sub-07_2	126	Pulse	255	3971711	17683	0
sub-07_2	127	Picture	12	3979202	0	1	10170	1	0	10000	other	0
sub-07_2	127	Pulse	255	3991711	12509	0
sub-07_2	128	Picture	12	4004376	0	1	10170	1	0	10000	other	0
sub-07_2	128	Pulse	255	4011711	7335	0
sub-07_2	129	Picture	12	4029550	0	1	10170	1	0	10000	other	0
sub-07_2	129	Pulse	255	4031711	2161	0
sub-07_2	129	Pulse	255	4051711	22161	0
sub-07_2	130	Picture	12	4054725	0	1	10170	1	0	10000	other	0
sub-07_2	130	Pulse	255	4071711	16986	0
sub-07_2	131	Picture	12	4079899	0	1	10170	1	0	10000	other	0
sub-07_2	131	Pulse	255	4091711	11812	0
sub-07_2	132	Picture	Bfix	4105073	0	1	30176	1	0	30000	other	0
sub-07_2	132	Pulse	255	4111711	6638	0
sub-07_2	132	Pulse	255	4131711	26638	0
sub-07_2	133	Picture	Ins_repos	4135249	0	1	40179	1	0	40000	other	0
sub-07_2	133	Pulse	255	4151711	16462	0
sub-07_2	133	Pulse	255	4171711	36462	0
sub-07_2	133	Pulse	255	4191712	56463	0
sub-07_2	134	Picture	71	4195434	0	1	10170	1	0	10000	other	0
sub-07_2	134	Pulse	255	4211711	16277	0
sub-07_2	135	Picture	71	4220609	0	1	10170	1	0	10000	other	0
sub-07_2	135	Pulse	255	4231711	11103	0
sub-07_2	136	Picture	71	4245783	0	1	10170	1	0	10000	other	0
sub-07_2	136	Pulse	255	4251711	5928	0
sub-07_2	137	Picture	71	4270957	0	1	10170	1	0	10000	other	0
sub-07_2	137	Pulse	255	4271712	754	0
sub-07_2	137	Pulse	255	4291712	20754	0
sub-07_2	138	Picture	71	4296132	0	1	10170	1	0	10000	other	0
sub-07_2	138	Pulse	255	4311711	15579	0
sub-07_2	139	Picture	71	4321306	0	1	10170	1	0	10000	other	0
sub-07_2	139	Pulse	255	4331711	10405	0
sub-07_2	140	Picture	71	4346480	0	1	10170	1	0	10000	other	0
sub-07_2	140	Pulse	255	4351711	5231	0
sub-07_2	141	Picture	71	4371655	0	1	10170	1	0	10000	other	0
sub-07_2	141	Pulse	255	4371711	57	0
sub-07_2	141	Pulse	255	4391712	20057	0
sub-07_2	142	Picture	71	4396829	0	1	10170	1	0	10000	other	0
sub-07_2	142	Pulse	255	4411712	14883	0
sub-07_2	143	Picture	71	4422004	0	1	10170	1	0	10000	other	0
sub-07_2	143	Pulse	255	4431712	9708	0
sub-07_2	144	Picture	72	4447178	0	1	10170	1	0	10000	other	0
sub-07_2	144	Pulse	255	4451712	4534	0
sub-07_2	144	Pulse	255	4471712	24534	0
sub-07_2	145	Picture	72	4472352	0	1	10170	1	0	10000	other	0
sub-07_2	145	Pulse	255	4491712	19360	0
sub-07_2	146	Picture	72	4497527	0	1	10170	1	0	10000	other	0
sub-07_2	146	Pulse	255	4511712	14186	0
sub-07_2	147	Picture	72	4522701	0	1	10170	1	0	10000	other	0
sub-07_2	147	Pulse	255	4531712	9011	0
sub-07_2	148	Picture	72	4547875	0	1	10170	1	0	10000	other	0
sub-07_2	148	Pulse	255	4551713	3837	0
sub-07_2	148	Pulse	255	4571712	23837	0
sub-07_2	149	Picture	72	4573050	0	1	10170	1	0	10000	other	0
sub-07_2	149	Pulse	255	4591712	18663	0
sub-07_2	150	Picture	72	4598224	0	1	10170	1	0	10000	other	0
sub-07_2	150	Pulse	255	4611713	13488	0
sub-07_2	151	Picture	72	4623398	0	1	10170	1	0	10000	other	0
sub-07_2	151	Pulse	255	4631713	8314	0
sub-07_2	152	Picture	72	4648573	0	1	10170	1	0	10000	other	0
sub-07_2	152	Pulse	255	4651713	3140	0
sub-07_2	152	Pulse	255	4671713	23140	0
sub-07_2	153	Picture	72	4673747	0	1	10170	1	0	10000	other	0
sub-07_2	153	Pulse	255	4691713	17966	0
sub-07_2	154	Picture	Bfix	4698922	0	1	30176	1	0	30000	other	0
sub-07_2	154	Pulse	255	4711713	12791	0
sub-07_2	155	Picture	Ins_bouche	4729097	0	1	40179	1	0	40000	other	0
sub-07_2	155	Pulse	255	4731713	2616	0
sub-07_2	155	Pulse	255	4751713	22616	0
sub-07_2	155	Pulse	255	4771713	42616	0
sub-07_2	156	Picture	61	4789283	0	1	10170	1	0	10000	other	0
sub-07_2	156	Pulse	255	4791714	2431	0
sub-07_2	156	Pulse	255	4811713	22431	0
sub-07_2	157	Picture	61	4814457	0	1	10170	1	0	10000	other	0
sub-07_2	157	Pulse	255	4831713	17257	0
sub-07_2	158	Picture	61	4839631	0	1	10170	1	0	10000	other	0
sub-07_2	158	Pulse	255	4851714	12083	0
sub-07_2	159	Picture	61	4864806	0	1	10170	1	0	10000	other	0
sub-07_2	159	Pulse	255	4871713	6908	0
sub-07_2	160	Picture	61	4889980	0	1	10170	1	0	10000	other	0
sub-07_2	160	Pulse	255	4891714	1734	0
sub-07_2	160	Pulse	255	4911714	21734	0
sub-07_2	161	Picture	61	4915154	0	1	10170	1	0	10000	other	0
sub-07_2	161	Pulse	255	4931714	16559	0
sub-07_2	162	Picture	61	4940329	0	1	10170	1	0	10000	other	0
sub-07_2	162	Pulse	255	4951714	11385	0
sub-07_2	163	Picture	61	4965503	0	1	10170	1	0	10000	other	0
sub-07_2	163	Pulse	255	4971713	6210	0
sub-07_2	164	Picture	61	4990677	0	1	10170	1	0	10000	other	0
sub-07_2	164	Pulse	255	4991714	1036	0
sub-07_2	164	Pulse	255	5011715	21037	0
sub-07_2	165	Picture	61	5015852	0	1	10170	1	0	10000	other	0
sub-07_2	165	Pulse	255	5031714	15862	0
sub-07_2	166	Picture	62	5041026	0	1	10170	1	0	10000	other	0
sub-07_2	166	Pulse	255	5051704	10678	0
sub-07_2	167	Picture	62	5066201	0	1	10170	1	0	10000	other	0
sub-07_2	167	Pulse	255	5071704	5504	0
sub-07_2	168	Picture	62	5091375	0	1	10170	1	0	10000	other	0
sub-07_2	168	Pulse	255	5091704	329	0
sub-07_2	168	Pulse	255	5111704	20329	0
sub-07_2	169	Picture	62	5116549	0	1	10170	1	0	10000	other	0
sub-07_2	169	Pulse	255	5131704	15155	0
sub-07_2	170	Picture	62	5141724	0	1	10170	1	0	10000	other	0
sub-07_2	170	Pulse	255	5151705	9981	0
sub-07_2	171	Picture	62	5166898	0	1	10170	1	0	10000	other	0
sub-07_2	171	Pulse	255	5171705	4807	0
sub-07_2	171	Pulse	255	5191705	24807	0
sub-07_2	172	Picture	62	5192072	0	1	10170	1	0	10000	other	0
sub-07_2	172	Pulse	255	5211705	19632	0
sub-07_2	173	Picture	62	5217247	0	1	10170	1	0	10000	other	0
sub-07_2	173	Pulse	255	5231705	14458	0
sub-07_2	174	Picture	62	5242421	0	1	10170	1	0	10000	other	0
sub-07_2	174	Pulse	255	5251705	9284	0
sub-07_2	175	Picture	62	5267595	0	1	10170	1	0	10000	other	0
sub-07_2	175	Pulse	255	5271705	4109	0
sub-07_2	175	Pulse	255	5291705	24109	0
sub-07_2	176	Picture	Bfix	5292770	0	1	30176	1	0	30000	other	0
sub-07_2	176	Pulse	255	5311705	18935	0
sub-07_2	177	Picture	Ins_jambe	5323112	0	1	40179	1	0	40000	other	0
sub-07_2	177	Pulse	255	5331705	8593	0
sub-07_2	177	Pulse	255	5351705	28592	0
sub-07_2	177	Pulse	255	5371705	48593	0
sub-07_2	178	Picture	51	5383298	0	1	10170	1	0	10000	other	0
sub-07_2	178	Pulse	255	5391705	8408	0
sub-07_2	179	Picture	51	5408472	0	1	10170	1	0	10000	other	0
sub-07_2	179	Pulse	255	5411705	3233	0
sub-07_2	179	Pulse	255	5431705	23233	0
sub-07_2	180	Picture	51	5433646	0	1	10170	1	0	10000	other	0
sub-07_2	180	Pulse	255	5451705	18059	0
sub-07_2	181	Picture	51	5458821	0	1	10170	1	0	10000	other	0
sub-07_2	181	Pulse	255	5471704	12884	0
sub-07_2	182	Picture	51	5483995	0	1	10170	1	0	10000	other	0
sub-07_2	182	Pulse	255	5491706	7711	0
sub-07_2	183	Picture	51	5509169	0	1	10170	1	0	10000	other	0
sub-07_2	183	Pulse	255	5511705	2536	0
sub-07_2	183	Pulse	255	5531706	22536	0
sub-07_2	184	Picture	51	5534344	0	1	10170	1	0	10000	other	0
sub-07_2	184	Pulse	255	5551706	17362	0
sub-07_2	185	Picture	51	5559518	0	1	10170	1	0	10000	other	0
sub-07_2	185	Pulse	255	5571706	12188	0
sub-07_2	186	Picture	51	5584692	0	1	10170	1	0	10000	other	0
sub-07_2	186	Pulse	255	5591706	7013	0
sub-07_2	187	Picture	51	5609867	0	1	10170	1	0	10000	other	0
sub-07_2	187	Pulse	255	5611706	1839	0
sub-07_2	187	Pulse	255	5631706	21839	0
sub-07_2	188	Picture	52	5635041	0	1	10170	1	0	10000	other	0
sub-07_2	188	Pulse	255	5651706	16665	0
sub-07_2	189	Picture	52	5660216	0	1	10170	1	0	10000	other	0
sub-07_2	189	Pulse	255	5671706	11490	0
sub-07_2	190	Picture	52	5685390	0	1	10170	1	0	10000	other	0
sub-07_2	190	Pulse	255	5691707	6317	0
sub-07_2	191	Picture	52	5710564	0	1	10170	1	0	10000	other	0
sub-07_2	191	Pulse	255	5711706	1142	0
sub-07_2	191	Pulse	255	5731706	21142	0
sub-07_2	192	Picture	52	5735739	0	1	10170	1	0	10000	other	0
sub-07_2	192	Pulse	255	5751706	15967	0
sub-07_2	193	Picture	52	5760913	0	1	10170	1	0	10000	other	0
sub-07_2	193	Pulse	255	5771706	10794	0
sub-07_2	194	Picture	52	5786087	0	1	10170	1	0	10000	other	0
sub-07_2	194	Pulse	255	5791707	5619	0
sub-07_2	195	Picture	52	5811262	0	1	10170	1	0	10000	other	0
sub-07_2	195	Pulse	255	5811706	445	0
sub-07_2	195	Pulse	255	5831707	20445	0
sub-07_2	196	Picture	52	5836436	0	1	10170	1	0	10000	other	0
sub-07_2	196	Pulse	255	5851707	15270	0
sub-07_2	197	Picture	52	5861610	0	1	10170	1	0	10000	other	0
sub-07_2	197	Pulse	255	5871707	10097	0
sub-07_2	198	Picture	Bfix	5886785	0	1	30176	1	0	30000	other	0
sub-07_2	198	Pulse	255	5891707	4922	0
sub-07_2	198	Pulse	255	5911707	24922	0
sub-07_2	199	Picture	Ins_yeux	5916961	0	1	40179	1	0	40000	other	0
sub-07_2	199	Pulse	255	5931707	14746	0
sub-07_2	199	Pulse	255	5951707	34746	0
sub-07_2	199	Pulse	255	5971707	54746	0
sub-07_2	200	Picture	31	5977146	0	1	10170	1	0	10000	other	0
sub-07_2	200	Pulse	255	5991707	14561	0
sub-07_2	201	Picture	31	6002320	0	1	10170	1	0	10000	other	0
sub-07_2	201	Pulse	255	6011707	9387	0
sub-07_2	202	Picture	31	6027494	0	1	10170	1	0	10000	other	0
sub-07_2	202	Pulse	255	6031707	4213	0
sub-07_2	202	Pulse	255	6051707	24213	0
sub-07_2	203	Picture	31	6052669	0	1	10170	1	0	10000	other	0
sub-07_2	203	Pulse	255	6071707	19038	0
sub-07_2	204	Picture	31	6077843	0	1	10170	1	0	10000	other	0
sub-07_2	204	Pulse	255	6091707	13864	0
sub-07_2	205	Picture	31	6103018	0	1	10170	1	0	10000	other	0
sub-07_2	205	Pulse	255	6111707	8690	0
sub-07_2	206	Picture	31	6128192	0	1	10170	1	0	10000	other	0
sub-07_2	206	Pulse	255	6131707	3515	0
sub-07_2	206	Pulse	255	6151708	23516	0
sub-07_2	207	Picture	31	6153366	0	1	10170	1	0	10000	other	0
sub-07_2	207	Pulse	255	6171708	18341	0
sub-07_2	208	Picture	31	6178541	0	1	10170	1	0	10000	other	0
sub-07_2	208	Pulse	255	6191707	13167	0
sub-07_2	209	Picture	31	6203715	0	1	10170	1	0	10000	other	0
sub-07_2	209	Pulse	255	6211708	7993	0
sub-07_2	210	Picture	32	6228889	0	1	10170	1	0	10000	other	0
sub-07_2	210	Pulse	255	6231708	2818	0
sub-07_2	210	Pulse	255	6251708	22819	0
sub-07_2	211	Picture	32	6254064	0	1	10170	1	0	10000	other	0
sub-07_2	211	Pulse	255	6271708	17644	0
sub-07_2	212	Picture	32	6279238	0	1	10170	1	0	10000	other	0
sub-07_2	212	Pulse	255	6291708	12470	0
sub-07_2	213	Picture	32	6304412	0	1	10170	1	0	10000	other	0
sub-07_2	213	Pulse	255	6311708	7295	0
sub-07_2	214	Picture	32	6329587	0	1	10170	1	0	10000	other	0
sub-07_2	214	Pulse	255	6331708	2121	0
sub-07_2	214	Pulse	255	6351708	22121	0
sub-07_2	215	Picture	32	6354761	0	1	10170	1	0	10000	other	0
sub-07_2	215	Pulse	255	6371707	16946	0
sub-07_2	216	Picture	32	6379936	0	1	10170	1	0	10000	other	0
sub-07_2	216	Pulse	255	6391708	11773	0
sub-07_2	217	Picture	32	6405110	0	1	10170	1	0	10000	other	0
sub-07_2	217	Pulse	255	6411708	6598	0
sub-07_2	218	Picture	32	6430284	0	1	10170	1	0	10000	other	0
sub-07_2	218	Pulse	255	6431708	1424	0
sub-07_2	218	Pulse	255	6451708	21424	0
sub-07_2	219	Picture	32	6455459	0	1	10170	1	0	10000	other	0
sub-07_2	219	Pulse	255	6471708	16250	0
sub-07_2	220	Picture	Bfix	6480633	0	1	30176	1	0	30000	other	0
sub-07_2	220	Pulse	255	6491709	11076	0
sub-07_2	221	Picture	Ins_index	6510809	0	1	40179	1	0	40000	other	0
sub-07_2	221	Pulse	255	6511709	900	0
sub-07_2	221	Pulse	255	6531708	20899	0
sub-07_2	221	Pulse	255	6551709	40900	0
sub-07_2	222	Picture	21	6570994	0	1	10170	1	0	10000	hit	545
sub-07_2	222	Pulse	255	6571709	715	0
sub-07_2	222	Response	1	6575069	4075	1
sub-07_2	222	Response	1	6576328	5334	1
sub-07_2	222	Pulse	255	6591709	20715	0
sub-07_2	223	Picture	21	6596168	0	1	10170	1	0	10000	hit	549
sub-07_2	223	Response	1	6599629	3460	1
sub-07_2	223	Pulse	255	6611709	15541	0
sub-07_2	224	Picture	21	6621343	0	1	10170	1	0	10000	hit	552
sub-07_2	224	Response	1	6624459	3116	1
sub-07_2	224	Pulse	255	6631709	10366	0
sub-07_2	225	Picture	21	6646517	0	1	10170	1	0	10000	hit	555
sub-07_2	225	Response	1	6649450	2933	1
sub-07_2	225	Pulse	255	6651709	5192	0
sub-07_2	226	Picture	21	6671691	0	1	10170	1	0	10000	hit	559
sub-07_2	226	Pulse	255	6671709	17	0
sub-07_2	226	Response	1	6675059	3368	1
sub-07_2	226	Pulse	255	6691709	20018	0
sub-07_2	227	Picture	21	6696866	0	1	10170	1	0	10000	hit	562
sub-07_2	227	Response	1	6700149	3283	1
sub-07_2	227	Pulse	255	6711709	14843	0
sub-07_2	228	Picture	21	6722040	0	1	10170	1	0	10000	hit	565
sub-07_2	228	Response	1	6724859	2819	1
sub-07_2	228	Pulse	255	6731709	9669	0
sub-07_2	229	Picture	21	6747215	0	1	10170	1	0	10000	hit	568
sub-07_2	229	Response	1	6751130	3915	1
sub-07_2	229	Pulse	255	6751709	4495	0
sub-07_2	229	Pulse	255	6771709	24495	0
sub-07_2	230	Picture	21	6772389	0	1	10170	1	0	10000	hit	572
sub-07_2	230	Response	1	6775890	3501	1
sub-07_2	230	Pulse	255	6791710	19321	0
sub-07_2	231	Picture	21	6797563	0	1	10170	1	0	10000	hit	575
sub-07_2	231	Response	1	6801206	3642	1
sub-07_2	231	Pulse	255	6811710	14146	0
sub-07_2	232	Picture	22	6822738	0	1	10170	1	0	10000	hit	578
sub-07_2	232	Response	2	6828900	6162	1
sub-07_2	232	Pulse	255	6831710	8972	0
sub-07_2	233	Picture	22	6847912	0	1	10170	1	0	10000	hit	581
sub-07_2	233	Response	2	6851260	3348	1
sub-07_2	233	Pulse	255	6851710	3798	0
sub-07_2	233	Pulse	255	6871710	23798	0
sub-07_2	234	Picture	22	6873086	0	1	10170	1	0	10000	hit	585
sub-07_2	234	Response	2	6876300	3213	1
sub-07_2	234	Pulse	255	6891710	18623	0
sub-07_2	234	Response	2	6897510	24424	1
sub-07_2	235	Picture	22	6898261	0	1	10170	1	0	10000	miss	0
sub-07_2	235	Pulse	255	6911710	13449	0
sub-07_2	236	Picture	22	6923435	0	1	10170	1	0	10000	hit	591
sub-07_2	236	Response	2	6926440	3004	1
sub-07_2	236	Pulse	255	6931710	8275	0
sub-07_2	237	Picture	22	6948609	0	1	10170	1	0	10000	hit	594
sub-07_2	237	Response	2	6951470	2861	1
sub-07_2	237	Pulse	255	6951710	3100	0
sub-07_2	237	Pulse	255	6971710	23101	0
sub-07_2	238	Picture	22	6973784	0	1	10170	1	0	10000	hit	598
sub-07_2	238	Response	2	6976440	2656	1
sub-07_2	238	Pulse	255	6991709	17926	0
sub-07_2	239	Picture	22	6998958	0	1	10170	1	0	10000	hit	601
sub-07_2	239	Response	2	7001360	2402	1
sub-07_2	239	Pulse	255	7011711	12752	0
sub-07_2	240	Picture	22	7024133	0	1	10170	1	0	10000	hit	604
sub-07_2	240	Response	2	7026490	2357	1
sub-07_2	240	Pulse	255	7031710	7578	0
sub-07_2	241	Picture	22	7049307	0	1	10170	1	0	10000	hit	608
sub-07_2	241	Pulse	255	7051710	2403	0
sub-07_2	241	Response	2	7051770	2463	1
sub-07_2	241	Pulse	255	7071710	22403	0
sub-07_2	242	Picture	Bfix	7074481	0	1	30176	1	0	30000	other	0
sub-07_2	242	Pulse	255	7091710	17229	0
sub-07_2	243	Picture	Ins_main	7104824	0	1	40179	1	0	40000	other	0
sub-07_2	243	Pulse	255	7111710	6887	0
sub-07_2	243	Pulse	255	7131711	26887	0
sub-07_2	243	Pulse	255	7151711	46887	0
sub-07_2	244	Picture	11	7165009	0	1	10170	1	0	10000	other	0
sub-07_2	244	Pulse	255	7171711	6702	0
sub-07_2	245	Picture	11	7190183	0	1	10170	1	0	10000	other	0
sub-07_2	245	Pulse	255	7191711	1527	0
sub-07_2	245	Pulse	255	7211711	21527	0
sub-07_2	246	Picture	11	7215358	0	1	10170	1	0	10000	other	0
sub-07_2	246	Pulse	255	7231711	16354	0
sub-07_2	247	Picture	11	7240532	0	1	10170	1	0	10000	other	0
sub-07_2	247	Pulse	255	7251711	11179	0
sub-07_2	248	Picture	11	7265706	0	1	10170	1	0	10000	other	0
sub-07_2	248	Pulse	255	7271711	6005	0
sub-07_2	249	Picture	11	7290881	0	1	10170	1	0	10000	other	0
sub-07_2	249	Pulse	255	7291711	831	0
sub-07_2	249	Pulse	255	7311711	20830	0
sub-07_2	250	Picture	11	7316055	0	1	10170	1	0	10000	other	0
sub-07_2	250	Pulse	255	7331711	15656	0
sub-07_2	251	Picture	11	7341229	0	1	10170	1	0	10000	other	0
sub-07_2	251	Pulse	255	7351712	10483	0
sub-07_2	252	Picture	11	7366404	0	1	10170	1	0	10000	other	0
sub-07_2	252	Pulse	255	7371702	5298	0
sub-07_2	253	Picture	11	7391578	0	1	10170	1	0	10000	other	0
sub-07_2	253	Pulse	255	7391702	124	0
sub-07_2	253	Pulse	255	7411701	20123	0
sub-07_2	254	Picture	12	7416753	0	1	10170	1	0	10000	other	0
sub-07_2	254	Pulse	255	7431702	14949	0
sub-07_2	255	Picture	12	7441927	0	1	10170	1	0	10000	other	0
sub-07_2	255	Pulse	255	7451702	9775	0
sub-07_2	256	Picture	12	7467101	0	1	10170	1	0	10000	other	0
sub-07_2	256	Pulse	255	7471701	4599	0
sub-07_2	256	Pulse	255	7491702	24601	0
sub-07_2	257	Picture	12	7492276	0	1	10170	1	0	10000	other	0
sub-07_2	257	Pulse	255	7511702	19426	0
sub-07_2	258	Picture	12	7517450	0	1	10170	1	0	10000	other	0
sub-07_2	258	Pulse	255	7531702	14252	0
sub-07_2	259	Picture	12	7542624	0	1	10170	1	0	10000	other	0
sub-07_2	259	Pulse	255	7551702	9077	0
sub-07_2	260	Picture	12	7567799	0	1	10170	1	0	10000	other	0
sub-07_2	260	Pulse	255	7571702	3903	0
sub-07_2	260	Pulse	255	7591702	23903	0
sub-07_2	261	Picture	12	7592973	0	1	10170	1	0	10000	other	0
sub-07_2	261	Pulse	255	7611702	18729	0
sub-07_2	262	Picture	12	7618148	0	1	10170	1	0	10000	other	0
sub-07_2	262	Pulse	255	7631702	13555	0
sub-07_2	263	Picture	12	7643322	0	1	10170	1	0	10000	other	0
sub-07_2	263	Pulse	255	7651702	8380	0
