Scenario - loca_moto_bis
Logfile written - 11/12/2018 15:27:28

Subject	Trial	Event Type	Code	Time	TTime	Uncertainty	Duration	Uncertainty	ReqTime	ReqDur	Stim Type	Pair Index

sub-05_2	0	Pulse	255	516597	516597	0
sub-05_2	1	Picture	Ins_repos	516826	0	1	40226	1	0	40000	other	0
sub-05_2	1	Pulse	255	536597	19771	0
sub-05_2	1	Pulse	255	556597	39771	0
sub-05_2	1	Pulse	255	576597	59772	0
sub-05_2	2	Picture	71	577052	0	1	10226	1	0	10000	other	0
sub-05_2	2	Pulse	255	596597	19545	0
sub-05_2	3	Picture	71	602280	0	1	10226	1	0	10000	other	0
sub-05_2	3	Pulse	255	616597	14318	0
sub-05_2	4	Picture	71	627506	0	1	10226	1	0	10000	other	0
sub-05_2	4	Pulse	255	636597	9091	0
sub-05_2	5	Picture	71	652733	0	1	10226	1	0	10000	other	0
sub-05_2	5	Pulse	255	656597	3864	0
sub-05_2	5	Pulse	255	676597	23864	0
sub-05_2	6	Picture	71	677960	0	1	10226	1	0	10000	other	0
sub-05_2	6	Pulse	255	696597	18637	0
sub-05_2	7	Picture	71	703187	0	1	10226	1	0	10000	other	0
sub-05_2	7	Pulse	255	716598	13410	0
sub-05_2	8	Picture	71	728414	0	1	10226	1	0	10000	other	0
sub-05_2	8	Pulse	255	736598	8183	0
sub-05_2	9	Picture	71	753641	0	1	10226	1	0	10000	other	0
sub-05_2	9	Pulse	255	756597	2956	0
sub-05_2	9	Pulse	255	776588	22946	0
sub-05_2	10	Picture	71	778868	0	1	10226	1	0	10000	other	0
sub-05_2	10	Pulse	255	796588	17720	0
sub-05_2	11	Picture	71	804095	0	1	10046	1	0	10000	other	0
sub-05_2	11	Pulse	255	816588	12493	0
sub-05_2	12	Picture	72	829322	0	1	10226	1	0	10000	other	0
sub-05_2	12	Pulse	255	836588	7265	0
sub-05_2	13	Picture	72	854549	0	1	10226	1	0	10000	other	0
sub-05_2	13	Pulse	255	856588	2039	0
sub-05_2	13	Pulse	255	876588	22039	0
sub-05_2	14	Picture	72	879776	0	1	10226	1	0	10000	other	0
sub-05_2	14	Pulse	255	896588	16812	0
sub-05_2	15	Picture	72	905003	0	1	10226	1	0	10000	other	0
sub-05_2	15	Pulse	255	916588	11585	0
sub-05_2	16	Picture	72	930230	0	1	10226	1	0	10000	other	0
sub-05_2	16	Pulse	255	936588	6358	0
sub-05_2	17	Picture	72	955457	0	1	10226	1	0	10000	other	0
sub-05_2	17	Pulse	255	956588	1131	0
sub-05_2	17	Pulse	255	976588	21131	0
sub-05_2	18	Picture	72	980684	0	1	10226	1	0	10000	other	0
sub-05_2	18	Pulse	255	996588	15904	0
sub-05_2	19	Picture	72	1005911	0	1	10226	1	0	10000	other	0
sub-05_2	19	Pulse	255	1016588	10677	0
sub-05_2	20	Picture	72	1031138	0	1	10226	1	0	10000	other	0
sub-05_2	20	Pulse	255	1036588	5450	0
sub-05_2	21	Picture	72	1056365	0	1	10226	1	0	10000	other	0
sub-05_2	21	Pulse	255	1056588	223	0
sub-05_2	21	Pulse	255	1076589	20224	0
sub-05_2	22	Picture	Bfix	1081594	0	1	30228	1	0	30000	other	0
sub-05_2	22	Pulse	255	1096589	14995	0
sub-05_2	23	Picture	Ins_bouche	1111822	0	1	40226	1	0	40000	other	0
sub-05_2	23	Pulse	255	1116589	4767	0
sub-05_2	23	Pulse	255	1136589	24767	0
sub-05_2	23	Pulse	255	1156589	44767	0
sub-05_2	24	Picture	61	1172049	0	1	10226	1	0	10000	other	0
sub-05_2	24	Pulse	255	1176589	4540	0
sub-05_2	24	Pulse	255	1196589	24540	0
sub-05_2	25	Picture	61	1197276	0	1	10226	1	0	10000	other	0
sub-05_2	25	Pulse	255	1216589	19313	0
sub-05_2	26	Picture	61	1222503	0	1	10226	1	0	10000	other	0
sub-05_2	26	Pulse	255	1236589	14086	0
sub-05_2	27	Picture	61	1247730	0	1	10226	1	0	10000	other	0
sub-05_2	27	Pulse	255	1256589	8859	0
sub-05_2	28	Picture	61	1272957	0	1	10226	1	0	10000	other	0
sub-05_2	28	Pulse	255	1276589	3632	0
sub-05_2	28	Pulse	255	1296589	23632	0
sub-05_2	29	Picture	61	1298184	0	1	10226	1	0	10000	other	0
sub-05_2	29	Pulse	255	1316590	18406	0
sub-05_2	30	Picture	61	1323411	0	1	10226	1	0	10000	other	0
sub-05_2	30	Pulse	255	1336590	13179	0
sub-05_2	31	Picture	61	1348638	0	1	10226	1	0	10000	other	0
sub-05_2	31	Pulse	255	1356589	7951	0
sub-05_2	32	Picture	61	1373865	0	1	10226	1	0	10000	other	0
sub-05_2	32	Pulse	255	1376590	2725	0
sub-05_2	32	Pulse	255	1396590	22725	0
sub-05_2	33	Picture	61	1399092	0	1	10226	1	0	10000	other	0
sub-05_2	33	Pulse	255	1416590	17498	0
sub-05_2	34	Picture	62	1424319	0	1	10226	1	0	10000	other	0
sub-05_2	34	Pulse	255	1436590	12271	0
sub-05_2	35	Picture	62	1449546	0	1	10226	1	0	10000	other	0
sub-05_2	35	Pulse	255	1456590	7045	0
sub-05_2	36	Picture	62	1474775	0	1	10226	1	0	10000	other	0
sub-05_2	36	Pulse	255	1476590	1815	0
sub-05_2	36	Pulse	255	1496590	21815	0
sub-05_2	37	Picture	62	1500002	0	1	10226	1	0	10000	other	0
sub-05_2	37	Pulse	255	1516590	16588	0
sub-05_2	38	Picture	62	1525229	0	1	10226	1	0	10000	other	0
sub-05_2	38	Pulse	255	1536590	11361	0
sub-05_2	39	Picture	62	1550456	0	1	10226	1	0	10000	other	0
sub-05_2	39	Pulse	255	1556590	6134	0
sub-05_2	40	Picture	62	1575683	0	1	10226	1	0	10000	other	0
sub-05_2	40	Pulse	255	1576590	907	0
sub-05_2	40	Pulse	255	1596590	20907	0
sub-05_2	41	Picture	62	1600910	0	1	10226	1	0	10000	other	0
sub-05_2	41	Pulse	255	1616591	15681	0
sub-05_2	42	Picture	62	1626137	0	1	10226	1	0	10000	other	0
sub-05_2	42	Pulse	255	1636591	10454	0
sub-05_2	43	Picture	62	1651364	0	1	10226	1	0	10000	other	0
sub-05_2	43	Pulse	255	1656590	5226	0
sub-05_2	43	Pulse	255	1676590	25227	0
sub-05_2	44	Picture	Bfix	1676592	0	1	30228	1	0	30000	other	0
sub-05_2	44	Pulse	255	1696591	19999	0
sub-05_2	45	Picture	Ins_jambe	1706820	0	1	40226	1	0	40000	other	0
sub-05_2	45	Pulse	255	1716591	9771	0
sub-05_2	45	Pulse	255	1736591	29771	0
sub-05_2	45	Pulse	255	1756591	49771	0
sub-05_2	46	Picture	51	1767047	0	1	10226	1	0	10000	other	0
sub-05_2	46	Pulse	255	1776591	9544	0
sub-05_2	47	Picture	51	1792274	0	1	10226	1	0	10000	other	0
sub-05_2	47	Pulse	255	1796591	4317	0
sub-05_2	47	Pulse	255	1816591	24317	0
sub-05_2	48	Picture	51	1817501	0	1	10226	1	0	10000	other	0
sub-05_2	48	Pulse	255	1836591	19090	0
sub-05_2	49	Picture	51	1842728	0	1	10226	1	0	10000	other	0
sub-05_2	49	Pulse	255	1856591	13864	0
sub-05_2	50	Picture	51	1867955	0	1	10226	1	0	10000	other	0
sub-05_2	50	Pulse	255	1876592	8637	0
sub-05_2	51	Picture	51	1893182	0	1	10226	1	0	10000	other	0
sub-05_2	51	Pulse	255	1896592	3410	0
sub-05_2	51	Pulse	255	1916592	23410	0
sub-05_2	52	Picture	51	1918409	0	1	10226	1	0	10000	other	0
sub-05_2	52	Pulse	255	1936592	18183	0
sub-05_2	53	Picture	51	1943636	0	1	10226	1	0	10000	other	0
sub-05_2	53	Pulse	255	1956592	12956	0
sub-05_2	54	Picture	51	1968863	0	1	10226	1	0	10000	other	0
sub-05_2	54	Pulse	255	1976592	7729	0
sub-05_2	55	Picture	51	1994091	0	1	10226	1	0	10000	other	0
sub-05_2	55	Pulse	255	1996591	2501	0
sub-05_2	55	Pulse	255	2016592	22501	0
sub-05_2	56	Picture	52	2019318	0	1	10226	1	0	10000	other	0
sub-05_2	56	Pulse	255	2036592	17274	0
sub-05_2	57	Picture	52	2044545	0	1	10226	1	0	10000	other	0
sub-05_2	57	Pulse	255	2056592	12047	0
sub-05_2	58	Picture	52	2069772	0	1	10226	1	0	10000	other	0
sub-05_2	58	Pulse	255	2076592	6820	0
sub-05_2	59	Picture	52	2094999	0	1	10226	1	0	10000	other	0
sub-05_2	59	Pulse	255	2096592	1593	0
sub-05_2	59	Pulse	255	2116592	21593	0
sub-05_2	60	Picture	52	2120226	0	1	10226	1	0	10000	other	0
sub-05_2	60	Pulse	255	2136592	16367	0
sub-05_2	61	Picture	52	2145453	0	1	10226	1	0	10000	other	0
sub-05_2	61	Pulse	255	2156592	11139	0
sub-05_2	62	Picture	52	2170680	0	1	10226	1	0	10000	other	0
sub-05_2	62	Pulse	255	2176593	5912	0
sub-05_2	63	Picture	52	2195907	0	1	10226	1	0	10000	other	0
sub-05_2	63	Pulse	255	2196592	685	0
sub-05_2	63	Pulse	255	2216593	20686	0
sub-05_2	64	Picture	52	2221134	0	1	10226	1	0	10000	other	0
sub-05_2	64	Pulse	255	2236593	15459	0
sub-05_2	65	Picture	52	2246361	0	1	10226	1	0	10000	other	0
sub-05_2	65	Pulse	255	2256593	10231	0
sub-05_2	66	Picture	Bfix	2271588	0	1	30228	1	0	30000	other	0
sub-05_2	66	Pulse	255	2276593	5005	0
sub-05_2	66	Pulse	255	2296593	25005	0
sub-05_2	67	Picture	Ins_yeux	2301817	0	1	40226	1	0	40000	other	0
sub-05_2	67	Pulse	255	2316593	14777	0
sub-05_2	67	Pulse	255	2336593	34776	0
sub-05_2	67	Pulse	255	2356593	54776	0
sub-05_2	68	Picture	31	2362043	0	1	10226	1	0	10000	other	0
sub-05_2	68	Pulse	255	2376593	14550	0
sub-05_2	69	Picture	31	2387270	0	1	10226	1	0	10000	other	0
sub-05_2	69	Pulse	255	2396593	9323	0
sub-05_2	70	Picture	31	2412497	0	1	10226	1	0	10000	other	0
sub-05_2	70	Pulse	255	2416583	4086	0
sub-05_2	70	Pulse	255	2436583	24086	0
sub-05_2	71	Picture	31	2437725	0	1	10226	1	0	10000	other	0
sub-05_2	71	Pulse	255	2456583	18859	0
sub-05_2	72	Picture	31	2462952	0	1	10226	1	0	10000	other	0
sub-05_2	72	Pulse	255	2476584	13632	0
sub-05_2	73	Picture	31	2488179	0	1	10226	1	0	10000	other	0
sub-05_2	73	Pulse	255	2496584	8405	0
sub-05_2	74	Picture	31	2513406	0	1	10226	1	0	10000	other	0
sub-05_2	74	Pulse	255	2516583	3177	0
sub-05_2	74	Pulse	255	2536584	23178	0
sub-05_2	75	Picture	31	2538633	0	1	10226	1	0	10000	other	0
sub-05_2	75	Pulse	255	2556584	17951	0
sub-05_2	76	Picture	31	2563860	0	1	10226	1	0	10000	other	0
sub-05_2	76	Pulse	255	2576584	12724	0
sub-05_2	77	Picture	31	2589087	0	1	10226	1	0	10000	other	0
sub-05_2	77	Pulse	255	2596584	7497	0
sub-05_2	78	Picture	32	2614268	0	1	10226	1	0	10000	other	0
sub-05_2	78	Pulse	255	2616584	2316	0
sub-05_2	78	Pulse	255	2636584	22316	0
sub-05_2	79	Picture	32	2639495	0	1	10226	1	0	10000	other	0
sub-05_2	79	Pulse	255	2656584	17089	0
sub-05_2	80	Picture	32	2664723	0	1	10226	1	0	10000	other	0
sub-05_2	80	Pulse	255	2676584	11861	0
sub-05_2	81	Picture	32	2689907	0	1	10226	1	0	10000	other	0
sub-05_2	81	Pulse	255	2696584	6677	0
sub-05_2	82	Picture	32	2715134	0	1	10226	1	0	10000	other	0
sub-05_2	82	Pulse	255	2716584	1450	0
sub-05_2	82	Pulse	255	2736584	21450	0
sub-05_2	83	Picture	32	2740361	0	1	10226	1	0	10000	other	0
sub-05_2	83	Pulse	255	2756585	16224	0
sub-05_2	84	Picture	32	2765588	0	1	10226	1	0	10000	other	0
sub-05_2	84	Pulse	255	2776584	10996	0
sub-05_2	85	Picture	32	2790815	0	1	10226	1	0	10000	other	0
sub-05_2	85	Pulse	255	2796585	5770	0
sub-05_2	86	Picture	32	2816042	0	1	10226	1	0	10000	other	0
sub-05_2	86	Pulse	255	2816585	542	0
sub-05_2	86	Pulse	255	2836585	20543	0
sub-05_2	87	Picture	32	2841269	0	1	10226	1	0	10000	other	0
sub-05_2	87	Pulse	255	2856585	15316	0
sub-05_2	88	Picture	Bfix	2866496	0	1	30229	1	0	30000	other	0
sub-05_2	88	Pulse	255	2876585	10089	0
sub-05_2	88	Pulse	255	2896585	30089	0
sub-05_2	89	Picture	Ins_index	2896725	0	1	40226	1	0	40000	other	0
sub-05_2	89	Pulse	255	2916585	19860	0
sub-05_2	89	Pulse	255	2936585	39861	0
sub-05_2	89	Pulse	255	2956585	59861	0
sub-05_2	90	Picture	21	2956951	0	1	10226	1	0	10000	hit	214
sub-05_2	90	Response	1	2962925	5974	1
sub-05_2	90	Pulse	255	2976585	19634	0
sub-05_2	91	Picture	21	2982178	0	1	10226	1	0	10000	hit	217
sub-05_2	91	Response	1	2985555	3377	1
sub-05_2	91	Pulse	255	2996585	14407	0
sub-05_2	92	Picture	21	3007405	0	1	10226	1	0	10000	hit	220
sub-05_2	92	Response	1	3011156	3750	1
sub-05_2	92	Pulse	255	3016585	9180	0
sub-05_2	93	Picture	21	3032632	0	1	10226	1	0	10000	hit	223
sub-05_2	93	Response	1	3036015	3383	1
sub-05_2	93	Pulse	255	3036585	3953	0
sub-05_2	93	Pulse	255	3056586	23953	0
sub-05_2	94	Picture	21	3057859	0	1	10226	1	0	10000	hit	227
sub-05_2	94	Response	1	3061166	3306	1
sub-05_2	94	Pulse	255	3076585	18726	0
sub-05_2	95	Picture	21	3083086	0	1	10226	1	0	10000	hit	230
sub-05_2	95	Response	1	3085956	2870	1
sub-05_2	95	Pulse	255	3096586	13500	0
sub-05_2	96	Picture	21	3108314	0	1	10227	1	0	10000	hit	233
sub-05_2	96	Response	1	3111586	3272	1
sub-05_2	96	Pulse	255	3116586	8272	0
sub-05_2	97	Picture	21	3133541	0	1	10226	1	0	10000	hit	237
sub-05_2	97	Pulse	255	3136586	3045	0
sub-05_2	97	Response	1	3136715	3175	1
sub-05_2	97	Pulse	255	3156586	23045	0
sub-05_2	98	Picture	21	3158767	0	1	10226	1	0	10000	hit	240
sub-05_2	98	Response	1	3161866	3098	1
sub-05_2	98	Pulse	255	3176586	17819	0
sub-05_2	99	Picture	21	3183994	0	1	10226	1	0	10000	hit	243
sub-05_2	99	Response	1	3187546	3552	1
sub-05_2	99	Pulse	255	3196586	12592	0
sub-05_2	100	Picture	22	3209221	0	1	10226	1	0	10000	hit	246
sub-05_2	100	Response	2	3214076	4855	1
sub-05_2	100	Pulse	255	3216586	7365	0
sub-05_2	101	Picture	22	3234448	0	1	10226	1	0	10000	hit	249
sub-05_2	101	Response	2	3236206	1758	1
sub-05_2	101	Pulse	255	3236585	2137	0
sub-05_2	101	Pulse	255	3256586	22138	0
sub-05_2	102	Picture	22	3259675	0	1	10226	1	0	10000	hit	253
sub-05_2	102	Response	2	3262286	2611	1
sub-05_2	102	Pulse	255	3276586	16910	0
sub-05_2	103	Picture	22	3284902	0	1	10226	1	0	10000	hit	256
sub-05_2	103	Response	2	3288086	3184	1
sub-05_2	103	Pulse	255	3296587	11684	0
sub-05_2	104	Picture	22	3310129	0	1	10226	1	0	10000	hit	259
sub-05_2	104	Response	2	3313297	3168	1
sub-05_2	104	Pulse	255	3316587	6457	0
sub-05_2	105	Picture	22	3335356	0	1	10226	1	0	10000	hit	263
sub-05_2	105	Pulse	255	3336587	1231	0
sub-05_2	105	Response	2	3339627	4270	1
sub-05_2	105	Pulse	255	3356586	21230	0
sub-05_2	106	Picture	22	3360583	0	1	10226	1	0	10000	miss	0
sub-05_2	106	Pulse	255	3376587	16004	0
sub-05_2	107	Picture	22	3385810	0	1	10226	1	0	10000	hit	268
sub-05_2	107	Response	2	3387987	2177	1
sub-05_2	107	Pulse	255	3396587	10777	0
sub-05_2	108	Picture	22	3411037	0	1	10226	1	0	10000	hit	271
sub-05_2	108	Response	2	3413706	2669	1
sub-05_2	108	Pulse	255	3416587	5550	0
sub-05_2	109	Picture	22	3436264	0	1	10226	1	0	10000	hit	275
sub-05_2	109	Pulse	255	3436587	323	0
sub-05_2	109	Response	2	3438777	2513	1
sub-05_2	109	Pulse	255	3456587	20323	0
sub-05_2	110	Picture	Bfix	3461491	0	1	30229	1	0	30000	other	0
sub-05_2	110	Pulse	255	3476586	15095	0
sub-05_2	111	Picture	Ins_main	3491720	0	1	40226	1	0	40000	other	0
sub-05_2	111	Pulse	255	3496587	4867	0
sub-05_2	111	Pulse	255	3516587	24868	0
sub-05_2	111	Pulse	255	3536587	44868	0
sub-05_2	112	Picture	11	3551947	0	1	10226	1	0	10000	other	0
sub-05_2	112	Pulse	255	3556587	4640	0
sub-05_2	112	Pulse	255	3576587	24641	0
sub-05_2	113	Picture	11	3577174	0	1	10226	1	0	10000	other	0
sub-05_2	113	Pulse	255	3596587	19413	0
sub-05_2	114	Picture	11	3602401	0	1	10226	1	0	10000	other	0
sub-05_2	114	Pulse	255	3616588	14187	0
sub-05_2	115	Picture	11	3627628	0	1	10226	1	0	10000	other	0
sub-05_2	115	Pulse	255	3636588	8960	0
sub-05_2	116	Picture	11	3652854	0	1	10226	1	0	10000	other	0
sub-05_2	116	Pulse	255	3656588	3733	0
sub-05_2	116	Pulse	255	3676588	23733	0
sub-05_2	117	Picture	11	3678081	0	1	10226	1	0	10000	other	0
sub-05_2	117	Pulse	255	3696587	18506	0
sub-05_2	118	Picture	11	3703308	0	1	10226	1	0	10000	other	0
sub-05_2	118	Pulse	255	3716588	13280	0
sub-05_2	119	Picture	11	3728535	0	1	10226	1	0	10000	other	0
sub-05_2	119	Pulse	255	3736588	8053	0
sub-05_2	120	Picture	11	3753762	0	1	10226	1	0	10000	other	0
sub-05_2	120	Pulse	255	3756588	2826	0
sub-05_2	120	Pulse	255	3776588	22826	0
sub-05_2	121	Picture	11	3778989	0	1	10226	1	0	10000	other	0
sub-05_2	121	Pulse	255	3796588	17599	0
sub-05_2	122	Picture	12	3804216	0	1	10130	1	0	10000	other	0
sub-05_2	122	Pulse	255	3816588	12372	0
sub-05_2	123	Picture	12	3829443	0	1	10226	1	0	10000	other	0
sub-05_2	123	Pulse	255	3836588	7145	0
sub-05_2	124	Picture	12	3854670	0	1	10226	1	0	10000	other	0
sub-05_2	124	Pulse	255	3856589	1918	0
sub-05_2	124	Pulse	255	3876589	21919	0
sub-05_2	125	Picture	12	3879897	0	1	10226	1	0	10000	other	0
sub-05_2	125	Pulse	255	3896589	16691	0
sub-05_2	126	Picture	12	3905124	0	1	10226	1	0	10000	other	0
sub-05_2	126	Pulse	255	3916589	11465	0
sub-05_2	127	Picture	12	3930351	0	1	10226	1	0	10000	other	0
sub-05_2	127	Pulse	255	3936589	6238	0
sub-05_2	128	Picture	12	3955578	0	1	10226	1	0	10000	other	0
sub-05_2	128	Pulse	255	3956589	1011	0
sub-05_2	128	Pulse	255	3976589	21011	0
sub-05_2	129	Picture	12	3980805	0	1	10226	1	0	10000	other	0
sub-05_2	129	Pulse	255	3996589	15784	0
sub-05_2	130	Picture	12	4006032	0	1	10226	1	0	10000	other	0
sub-05_2	130	Pulse	255	4016589	10557	0
sub-05_2	131	Picture	12	4031259	0	1	10226	1	0	10000	other	0
sub-05_2	131	Pulse	255	4036589	5330	0
sub-05_2	132	Picture	Bfix	4056486	0	1	30227	1	0	30000	other	0
sub-05_2	132	Pulse	255	4056579	93	0
sub-05_2	132	Pulse	255	4076579	20093	0
sub-05_2	133	Picture	Ins_repos	4086713	0	1	40226	1	0	40000	other	0
sub-05_2	133	Pulse	255	4096579	9866	0
sub-05_2	133	Pulse	255	4116579	29866	0
sub-05_2	133	Pulse	255	4136579	49866	0
sub-05_2	134	Picture	71	4146940	0	1	10226	1	0	10000	other	0
sub-05_2	134	Pulse	255	4156580	9639	0
sub-05_2	135	Picture	71	4172167	0	1	10226	1	0	10000	other	0
sub-05_2	135	Pulse	255	4176579	4412	0
sub-05_2	135	Pulse	255	4196580	24412	0
sub-05_2	136	Picture	71	4197394	0	1	10226	1	0	10000	other	0
sub-05_2	136	Pulse	255	4216580	19186	0
sub-05_2	137	Picture	71	4222621	0	1	10226	1	0	10000	other	0
sub-05_2	137	Pulse	255	4236579	13958	0
sub-05_2	138	Picture	71	4247848	0	1	10226	1	0	10000	other	0
sub-05_2	138	Pulse	255	4256580	8732	0
sub-05_2	139	Picture	71	4273075	0	1	10226	1	0	10000	other	0
sub-05_2	139	Pulse	255	4276580	3505	0
sub-05_2	139	Pulse	255	4296580	23505	0
sub-05_2	140	Picture	71	4298302	0	1	10226	1	0	10000	other	0
sub-05_2	140	Pulse	255	4316580	18278	0
sub-05_2	141	Picture	71	4323529	0	1	10226	1	0	10000	other	0
sub-05_2	141	Pulse	255	4336580	13051	0
sub-05_2	142	Picture	71	4348756	0	1	10226	1	0	10000	other	0
sub-05_2	142	Pulse	255	4356580	7824	0
sub-05_2	143	Picture	71	4373983	0	1	10226	1	0	10000	other	0
sub-05_2	143	Pulse	255	4376580	2598	0
sub-05_2	143	Pulse	255	4396580	22597	0
sub-05_2	144	Picture	72	4399210	0	1	10226	1	0	10000	other	0
sub-05_2	144	Pulse	255	4416580	17370	0
sub-05_2	145	Picture	72	4424437	0	1	10226	1	0	10000	other	0
sub-05_2	145	Pulse	255	4436580	12143	0
sub-05_2	146	Picture	72	4449664	0	1	10226	1	0	10000	other	0
sub-05_2	146	Pulse	255	4456581	6916	0
sub-05_2	147	Picture	72	4474891	0	1	10226	1	0	10000	other	0
sub-05_2	147	Pulse	255	4476581	1690	0
sub-05_2	147	Pulse	255	4496581	21690	0
sub-05_2	148	Picture	72	4500118	0	1	10226	1	0	10000	other	0
sub-05_2	148	Pulse	255	4516581	16463	0
sub-05_2	149	Picture	72	4525345	0	1	10226	1	0	10000	other	0
sub-05_2	149	Pulse	255	4536581	11236	0
sub-05_2	150	Picture	72	4550572	0	1	10226	1	0	10000	other	0
sub-05_2	150	Pulse	255	4556581	6009	0
sub-05_2	151	Picture	72	4575799	0	1	10226	1	0	10000	other	0
sub-05_2	151	Pulse	255	4576581	782	0
sub-05_2	151	Pulse	255	4596581	20782	0
sub-05_2	152	Picture	72	4601026	0	1	10226	1	0	10000	other	0
sub-05_2	152	Pulse	255	4616581	15555	0
sub-05_2	153	Picture	72	4626253	0	1	10226	1	0	10000	other	0
sub-05_2	153	Pulse	255	4636581	10328	0
sub-05_2	154	Picture	Bfix	4651480	0	1	30227	1	0	30000	other	0
sub-05_2	154	Pulse	255	4656581	5101	0
sub-05_2	154	Pulse	255	4676581	25101	0
sub-05_2	155	Picture	Ins_bouche	4681707	0	1	40226	1	0	40000	other	0
sub-05_2	155	Pulse	255	4696581	14874	0
sub-05_2	155	Pulse	255	4716582	34874	0
sub-05_2	155	Pulse	255	4736581	54874	0
sub-05_2	156	Picture	61	4741934	0	1	10226	1	0	10000	other	0
sub-05_2	156	Pulse	255	4756582	14648	0
sub-05_2	157	Picture	61	4767161	0	1	10226	1	0	10000	other	0
sub-05_2	157	Pulse	255	4776582	9421	0
sub-05_2	158	Picture	61	4792388	0	1	10226	1	0	10000	other	0
sub-05_2	158	Pulse	255	4796582	4194	0
sub-05_2	158	Pulse	255	4816581	24193	0
sub-05_2	159	Picture	61	4817615	0	1	10226	1	0	10000	other	0
sub-05_2	159	Pulse	255	4836582	18967	0
sub-05_2	160	Picture	61	4842842	0	1	10226	1	0	10000	other	0
sub-05_2	160	Pulse	255	4856582	13740	0
sub-05_2	161	Picture	61	4868069	0	1	10226	1	0	10000	other	0
sub-05_2	161	Pulse	255	4876582	8513	0
sub-05_2	162	Picture	61	4893296	0	1	10226	1	0	10000	other	0
sub-05_2	162	Pulse	255	4896582	3286	0
sub-05_2	162	Pulse	255	4916582	23286	0
sub-05_2	163	Picture	61	4918523	0	1	10226	1	0	10000	other	0
sub-05_2	163	Pulse	255	4936582	18059	0
sub-05_2	164	Picture	61	4943750	0	1	10226	1	0	10000	other	0
sub-05_2	164	Pulse	255	4956582	12832	0
sub-05_2	165	Picture	61	4968977	0	1	10226	1	0	10000	other	0
sub-05_2	165	Pulse	255	4976583	7606	0
sub-05_2	166	Picture	62	4994204	0	1	10226	1	0	10000	other	0
sub-05_2	166	Pulse	255	4996583	2378	0
sub-05_2	166	Pulse	255	5016583	22378	0
sub-05_2	167	Picture	62	5019431	0	1	10226	1	0	10000	other	0
sub-05_2	167	Pulse	255	5036583	17152	0
sub-05_2	168	Picture	62	5044658	0	1	10226	1	0	10000	other	0
sub-05_2	168	Pulse	255	5056583	11925	0
sub-05_2	169	Picture	62	5069885	0	1	10226	1	0	10000	other	0
sub-05_2	169	Pulse	255	5076583	6698	0
sub-05_2	170	Picture	62	5095112	0	1	10226	1	0	10000	other	0
sub-05_2	170	Pulse	255	5096583	1471	0
sub-05_2	170	Pulse	255	5116583	21471	0
sub-05_2	171	Picture	62	5120339	0	1	10226	1	0	10000	other	0
sub-05_2	171	Pulse	255	5136583	16244	0
sub-05_2	172	Picture	62	5145566	0	1	10226	1	0	10000	other	0
sub-05_2	172	Pulse	255	5156583	11017	0
sub-05_2	173	Picture	62	5170793	0	1	10226	1	0	10000	other	0
sub-05_2	173	Pulse	255	5176583	5790	0
sub-05_2	174	Picture	62	5196020	0	1	10226	1	0	10000	other	0
sub-05_2	174	Pulse	255	5196583	563	0
sub-05_2	174	Pulse	255	5216583	20563	0
sub-05_2	175	Picture	62	5221247	0	1	10226	1	0	10000	other	0
sub-05_2	175	Pulse	255	5236583	15336	0
sub-05_2	176	Picture	Bfix	5246474	0	1	30226	1	0	30000	other	0
sub-05_2	176	Pulse	255	5256584	10110	0
sub-05_2	176	Pulse	255	5276584	30110	0
sub-05_2	177	Picture	Ins_jambe	5276867	0	1	40226	1	0	40000	other	0
sub-05_2	177	Pulse	255	5296583	19717	0
sub-05_2	177	Pulse	255	5316584	39717	0
sub-05_2	177	Pulse	255	5336584	59717	0
sub-05_2	178	Picture	51	5337093	0	1	10226	1	0	10000	other	0
sub-05_2	178	Pulse	255	5356584	19490	0
sub-05_2	179	Picture	51	5362320	0	1	10226	1	0	10000	other	0
sub-05_2	179	Pulse	255	5376584	14263	0
sub-05_2	180	Picture	51	5387548	0	1	10226	1	0	10000	other	0
sub-05_2	180	Pulse	255	5396584	9036	0
sub-05_2	181	Picture	51	5412775	0	1	10226	1	0	10000	other	0
sub-05_2	181	Pulse	255	5416584	3809	0
sub-05_2	181	Pulse	255	5436584	23810	0
sub-05_2	182	Picture	51	5438002	0	1	10226	1	0	10000	other	0
sub-05_2	182	Pulse	255	5456584	18583	0
sub-05_2	183	Picture	51	5463229	0	1	10226	1	0	10000	other	0
sub-05_2	183	Pulse	255	5476584	13356	0
sub-05_2	184	Picture	51	5488455	0	1	10226	1	0	10000	other	0
sub-05_2	184	Pulse	255	5496585	8129	0
sub-05_2	185	Picture	51	5513683	0	1	10226	1	0	10000	other	0
sub-05_2	185	Pulse	255	5516585	2902	0
sub-05_2	185	Pulse	255	5536584	22902	0
sub-05_2	186	Picture	51	5538910	0	1	10226	1	0	10000	other	0
sub-05_2	186	Pulse	255	5556585	17675	0
sub-05_2	187	Picture	51	5564137	0	1	10226	1	0	10000	other	0
sub-05_2	187	Pulse	255	5576585	12448	0
sub-05_2	188	Picture	52	5589364	0	1	10226	1	0	10000	other	0
sub-05_2	188	Pulse	255	5596585	7221	0
sub-05_2	189	Picture	52	5614512	0	1	10226	1	0	10000	other	0
sub-05_2	189	Pulse	255	5616585	2073	0
sub-05_2	189	Pulse	255	5636585	22073	0
sub-05_2	190	Picture	52	5639739	0	1	10226	1	0	10000	other	0
sub-05_2	190	Pulse	255	5656585	16846	0
sub-05_2	191	Picture	52	5664966	0	1	10226	1	0	10000	other	0
sub-05_2	191	Pulse	255	5676585	11620	0
sub-05_2	192	Picture	52	5690192	0	1	10226	1	0	10000	other	0
sub-05_2	192	Pulse	255	5696585	6392	0
sub-05_2	193	Picture	52	5715419	0	1	10226	1	0	10000	other	0
sub-05_2	193	Pulse	255	5716575	1156	0
sub-05_2	193	Pulse	255	5736575	21156	0
sub-05_2	194	Picture	52	5740646	0	1	10226	1	0	10000	other	0
sub-05_2	194	Pulse	255	5756575	15929	0
sub-05_2	195	Picture	52	5765873	0	1	10226	1	0	10000	other	0
sub-05_2	195	Pulse	255	5776575	10702	0
sub-05_2	196	Picture	52	5791100	0	1	10226	1	0	10000	other	0
sub-05_2	196	Pulse	255	5796575	5475	0
sub-05_2	197	Picture	52	5816327	0	1	10226	1	0	10000	other	0
sub-05_2	197	Pulse	255	5816576	249	0
sub-05_2	197	Pulse	255	5836576	20248	0
sub-05_2	198	Picture	Bfix	5841555	0	1	30226	1	0	30000	other	0
sub-05_2	198	Pulse	255	5856575	15021	0
sub-05_2	199	Picture	Ins_yeux	5871947	0	1	40226	1	0	40000	other	0
sub-05_2	199	Pulse	255	5876576	4628	0
sub-05_2	199	Pulse	255	5896576	24629	0
sub-05_2	199	Pulse	255	5916575	44628	0
sub-05_2	200	Picture	31	5932174	0	1	10226	1	0	10000	other	0
sub-05_2	200	Pulse	255	5936576	4401	0
sub-05_2	200	Pulse	255	5956576	24402	0
sub-05_2	201	Picture	31	5957401	0	1	10226	1	0	10000	other	0
sub-05_2	201	Pulse	255	5976576	19175	0
sub-05_2	202	Picture	31	5982576	0	1	10226	1	0	10000	other	0
sub-05_2	202	Pulse	255	5996576	14000	0
sub-05_2	203	Picture	31	6007803	0	1	10226	1	0	10000	other	0
sub-05_2	203	Pulse	255	6016576	8773	0
sub-05_2	204	Picture	31	6033030	0	1	10226	1	0	10000	other	0
sub-05_2	204	Pulse	255	6036576	3546	0
sub-05_2	204	Pulse	255	6056576	23546	0
sub-05_2	205	Picture	31	6058257	0	1	10226	1	0	10000	other	0
sub-05_2	205	Pulse	255	6076576	18319	0
sub-05_2	206	Picture	31	6083484	0	1	10226	1	0	10000	other	0
sub-05_2	206	Pulse	255	6096577	13093	0
sub-05_2	207	Picture	31	6108711	0	1	10226	1	0	10000	other	0
sub-05_2	207	Pulse	255	6116576	7865	0
sub-05_2	208	Picture	31	6133938	0	1	10226	1	0	10000	other	0
sub-05_2	208	Pulse	255	6136577	2639	0
sub-05_2	208	Pulse	255	6156577	22639	0
sub-05_2	209	Picture	31	6159165	0	1	10226	1	0	10000	other	0
sub-05_2	209	Pulse	255	6176577	17412	0
sub-05_2	210	Picture	32	6184392	0	1	10226	1	0	10000	other	0
sub-05_2	210	Pulse	255	6196577	12185	0
sub-05_2	211	Picture	32	6209619	0	1	10226	1	0	10000	other	0
sub-05_2	211	Pulse	255	6216577	6958	0
sub-05_2	212	Picture	32	6234846	0	1	10226	1	0	10000	other	0
sub-05_2	212	Pulse	255	6236577	1731	0
sub-05_2	212	Pulse	255	6256577	21731	0
sub-05_2	213	Picture	32	6260073	0	1	10226	1	0	10000	other	0
sub-05_2	213	Pulse	255	6276577	16504	0
sub-05_2	214	Picture	32	6285300	0	1	10226	1	0	10000	other	0
sub-05_2	214	Pulse	255	6296577	11277	0
sub-05_2	215	Picture	32	6310527	0	1	10226	1	0	10000	other	0
sub-05_2	215	Pulse	255	6316577	6050	0
sub-05_2	216	Picture	32	6335754	0	1	10226	1	0	10000	other	0
sub-05_2	216	Pulse	255	6336577	823	0
sub-05_2	216	Pulse	255	6356577	20823	0
sub-05_2	217	Picture	32	6360981	0	1	10226	1	0	10000	other	0
sub-05_2	217	Pulse	255	6376577	15597	0
sub-05_2	218	Picture	32	6386208	0	1	10226	1	0	10000	other	0
sub-05_2	218	Pulse	255	6396578	10370	0
sub-05_2	219	Picture	32	6411435	0	1	10226	1	0	10000	other	0
sub-05_2	219	Pulse	255	6416578	5143	0
sub-05_2	219	Pulse	255	6436578	25143	0
sub-05_2	220	Picture	Bfix	6436662	0	1	30227	1	0	30000	other	0
sub-05_2	220	Pulse	255	6456578	19916	0
sub-05_2	221	Picture	Ins_index	6466889	0	1	40226	1	0	40000	other	0
sub-05_2	221	Pulse	255	6476578	9689	0
sub-05_2	221	Pulse	255	6496578	29689	0
sub-05_2	221	Pulse	255	6516578	49689	0
sub-05_2	222	Picture	21	6527116	0	1	10226	1	0	10000	miss	0
sub-05_2	222	Pulse	255	6536578	9462	0
sub-05_2	223	Picture	21	6552343	0	1	10226	1	0	10000	miss	0
sub-05_2	223	Pulse	255	6556578	4235	0
sub-05_2	223	Pulse	255	6576578	24235	0
sub-05_2	224	Picture	21	6577570	0	1	10226	1	0	10000	miss	0
sub-05_2	224	Pulse	255	6596578	19009	0
sub-05_2	225	Picture	21	6602797	0	1	10226	1	0	10000	miss	0
sub-05_2	225	Pulse	255	6616578	13782	0
sub-05_2	226	Picture	21	6628024	0	1	10226	1	0	10000	miss	0
sub-05_2	226	Pulse	255	6636578	8555	0
sub-05_2	227	Picture	21	6653251	0	1	10226	1	0	10000	miss	0
sub-05_2	227	Pulse	255	6656578	3328	0
sub-05_2	227	Pulse	255	6676578	23328	0
sub-05_2	228	Picture	21	6678478	0	1	10226	1	0	10000	miss	0
sub-05_2	228	Pulse	255	6696579	18101	0
sub-05_2	229	Picture	21	6703705	0	1	10226	1	0	10000	miss	0
sub-05_2	229	Pulse	255	6716579	12874	0
sub-05_2	230	Picture	21	6728932	0	1	10226	1	0	10000	miss	0
sub-05_2	230	Pulse	255	6736579	7647	0
sub-05_2	231	Picture	21	6754159	0	1	10226	1	0	10000	miss	0
sub-05_2	231	Pulse	255	6756579	2420	0
sub-05_2	231	Pulse	255	6776579	22420	0
sub-05_2	232	Picture	22	6779386	0	1	10226	1	0	10000	miss	0
sub-05_2	232	Pulse	255	6796579	17193	0
sub-05_2	233	Picture	22	6804613	0	1	10155	1	0	10000	miss	0
sub-05_2	233	Pulse	255	6816579	11966	0
sub-05_2	234	Picture	22	6829840	0	1	10226	1	0	10000	miss	0
sub-05_2	234	Pulse	255	6836579	6739	0
sub-05_2	235	Picture	22	6855068	0	1	10226	1	0	10000	miss	0
sub-05_2	235	Pulse	255	6856579	1512	0
sub-05_2	235	Pulse	255	6876579	21512	0
sub-05_2	236	Picture	22	6880295	0	1	10226	1	0	10000	miss	0
sub-05_2	236	Pulse	255	6896579	16285	0
sub-05_2	237	Picture	22	6905522	0	1	10226	1	0	10000	miss	0
sub-05_2	237	Pulse	255	6916579	11058	0
sub-05_2	238	Picture	22	6930749	0	1	10226	1	0	10000	miss	0
sub-05_2	238	Pulse	255	6936580	5831	0
sub-05_2	239	Picture	22	6955976	0	1	10226	1	0	10000	miss	0
sub-05_2	239	Pulse	255	6956579	604	0
sub-05_2	239	Pulse	255	6976580	20604	0
sub-05_2	240	Picture	22	6981203	0	1	10226	1	0	10000	miss	0
sub-05_2	240	Pulse	255	6996579	15377	0
sub-05_2	241	Picture	22	7006430	0	1	10226	1	0	10000	miss	0
sub-05_2	241	Pulse	255	7016580	10151	0
sub-05_2	242	Picture	Bfix	7031656	0	1	30227	1	0	30000	other	0
sub-05_2	242	Pulse	255	7036580	4923	0
sub-05_2	242	Pulse	255	7056580	24924	0
sub-05_2	243	Picture	Ins_main	7061884	0	1	40226	1	0	40000	other	0
sub-05_2	243	Pulse	255	7076580	14696	0
sub-05_2	243	Pulse	255	7096580	34696	0
sub-05_2	243	Pulse	255	7116580	54697	0
sub-05_2	244	Picture	11	7122110	0	1	10226	1	0	10000	other	0
sub-05_2	244	Pulse	255	7136580	14470	0
sub-05_2	245	Picture	11	7147337	0	1	10226	1	0	10000	other	0
sub-05_2	245	Pulse	255	7156580	9243	0
sub-05_2	246	Picture	11	7172564	0	1	10226	1	0	10000	other	0
sub-05_2	246	Pulse	255	7176580	4016	0
sub-05_2	246	Pulse	255	7196580	24016	0
sub-05_2	247	Picture	11	7197791	0	1	10226	1	0	10000	other	0
sub-05_2	247	Pulse	255	7216581	18789	0
sub-05_2	248	Picture	11	7223018	0	1	10226	1	0	10000	other	0
sub-05_2	248	Pulse	255	7236581	13562	0
sub-05_2	249	Picture	11	7248246	0	1	10226	1	0	10000	other	0
sub-05_2	249	Pulse	255	7256580	8335	0
sub-05_2	250	Picture	11	7273473	0	1	10226	1	0	10000	other	0
sub-05_2	250	Pulse	255	7276581	3108	0
sub-05_2	250	Pulse	255	7296580	23108	0
sub-05_2	251	Picture	11	7298700	0	1	10226	1	0	10000	other	0
sub-05_2	251	Pulse	255	7316581	17881	0
sub-05_2	252	Picture	11	7323927	0	1	10226	1	0	10000	other	0
sub-05_2	252	Pulse	255	7336581	12654	0
sub-05_2	253	Picture	11	7349154	0	1	10226	1	0	10000	other	0
sub-05_2	253	Pulse	255	7356571	7417	0
sub-05_2	254	Picture	12	7374381	0	1	10226	1	0	10000	other	0
sub-05_2	254	Pulse	255	7376571	2191	0
sub-05_2	254	Pulse	255	7396571	22191	0
sub-05_2	255	Picture	12	7399608	0	1	10226	1	0	10000	other	0
sub-05_2	255	Pulse	255	7416571	16964	0
sub-05_2	256	Picture	12	7424834	0	1	10226	1	0	10000	other	0
sub-05_2	256	Pulse	255	7436571	11737	0
sub-05_2	257	Picture	12	7450061	0	1	10226	1	0	10000	other	0
sub-05_2	257	Pulse	255	7456571	6510	0
sub-05_2	258	Picture	12	7475288	0	1	10226	1	0	10000	other	0
sub-05_2	258	Pulse	255	7476571	1283	0
sub-05_2	258	Pulse	255	7496572	21283	0
sub-05_2	259	Picture	12	7500515	0	1	10226	1	0	10000	other	0
sub-05_2	259	Pulse	255	7516572	16056	0
sub-05_2	260	Picture	12	7525742	0	1	10226	1	0	10000	other	0
sub-05_2	260	Pulse	255	7536571	10829	0
sub-05_2	261	Picture	12	7550969	0	1	10226	1	0	10000	other	0
sub-05_2	261	Pulse	255	7556572	5603	0
sub-05_2	262	Picture	12	7576196	0	1	10226	1	0	10000	other	0
sub-05_2	262	Pulse	255	7576572	376	0
sub-05_2	262	Pulse	255	7596572	20376	0
sub-05_2	263	Picture	12	7601423	0	1	10226	1	0	10000	other	0
sub-05_2	263	Pulse	255	7616572	15149	0
sub-05_2	264	Picture	Bfix	7626650	0	1	71760	1	0	60000	other	0
sub-05_2	264	Pulse	255	7636572	9922	0
sub-05_2	264	Pulse	255	7656572	29922	0
sub-05_2	264	Pulse	255	7676572	49922	0
