Scenario - loca_moto
Logfile written - 06/27/2018 09:55:47

Subject	Trial	Event Type	Code	Time	TTime	Uncertainty	Duration	Uncertainty	ReqTime	ReqDur	Stim Type	Pair Index

sub-14_1	0	Pulse	255	714245	714245	0
sub-14_1	1	Picture	Ins_main	714474	0	1	40226	1	0	40000	other	0
sub-14_1	1	Pulse	255	734245	19770	0
sub-14_1	1	Pulse	255	754245	39771	0
sub-14_1	1	Pulse	255	774245	59770	0
sub-14_1	2	Picture	11	774701	0	1	10226	1	0	10000	other	0
sub-14_1	2	Pulse	255	794246	19545	0
sub-14_1	3	Picture	11	799929	0	1	10226	1	0	10000	other	0
sub-14_1	3	Pulse	255	814245	14316	0
sub-14_1	4	Picture	11	825092	0	1	10226	1	0	10000	other	0
sub-14_1	4	Pulse	255	834245	9154	0
sub-14_1	5	Picture	11	850319	0	1	10226	1	0	10000	other	0
sub-14_1	5	Pulse	255	854236	3917	0
sub-14_1	5	Pulse	255	874236	23917	0
sub-14_1	6	Picture	11	875546	0	1	10226	1	0	10000	other	0
sub-14_1	6	Pulse	255	894236	18691	0
sub-14_1	7	Picture	11	900773	0	1	10226	1	0	10000	other	0
sub-14_1	7	Pulse	255	914236	13464	0
sub-14_1	8	Picture	11	926000	0	1	10226	1	0	10000	other	0
sub-14_1	8	Pulse	255	934236	8237	0
sub-14_1	9	Picture	11	951226	0	1	10226	1	0	10000	other	0
sub-14_1	9	Pulse	255	954236	3009	0
sub-14_1	9	Pulse	255	974236	23009	0
sub-14_1	10	Picture	11	976453	0	1	10226	1	0	10000	other	0
sub-14_1	10	Pulse	255	994236	17782	0
sub-14_1	11	Picture	11	1001680	0	1	10226	1	0	10000	other	0
sub-14_1	11	Pulse	255	1014236	12556	0
sub-14_1	12	Picture	12	1026907	0	1	10226	1	0	10000	other	0
sub-14_1	12	Pulse	255	1034237	7329	0
sub-14_1	13	Picture	12	1052134	0	1	10226	1	0	10000	other	0
sub-14_1	13	Pulse	255	1054237	2102	0
sub-14_1	13	Pulse	255	1074237	22102	0
sub-14_1	14	Picture	12	1077362	0	1	10226	1	0	10000	other	0
sub-14_1	14	Pulse	255	1094236	16875	0
sub-14_1	15	Picture	12	1102589	0	1	10226	1	0	10000	other	0
sub-14_1	15	Pulse	255	1114237	11648	0
sub-14_1	16	Picture	12	1127816	0	1	10226	1	0	10000	other	0
sub-14_1	16	Pulse	255	1134237	6421	0
sub-14_1	17	Picture	12	1153042	0	1	10226	1	0	10000	other	0
sub-14_1	17	Pulse	255	1154236	1194	0
sub-14_1	17	Pulse	255	1174236	21194	0
sub-14_1	18	Picture	12	1178269	0	1	10226	1	0	10000	other	0
sub-14_1	18	Pulse	255	1194237	15968	0
sub-14_1	19	Picture	12	1203496	0	1	10226	1	0	10000	other	0
sub-14_1	19	Pulse	255	1214237	10741	0
sub-14_1	20	Picture	12	1228723	0	1	10226	1	0	10000	other	0
sub-14_1	20	Pulse	255	1234237	5514	0
sub-14_1	21	Picture	12	1253950	0	1	10226	1	0	10000	other	0
sub-14_1	21	Pulse	255	1254237	287	0
sub-14_1	21	Pulse	255	1274237	20287	0
sub-14_1	22	Picture	Bfix	1279179	0	1	30226	1	0	30000	other	0
sub-14_1	22	Pulse	255	1294236	15058	0
sub-14_1	23	Picture	Ins_index	1309571	0	1	40226	1	0	40000	other	0
sub-14_1	23	Pulse	255	1314237	4666	0
sub-14_1	23	Pulse	255	1334237	24666	0
sub-14_1	23	Pulse	255	1354238	44666	0
sub-14_1	24	Picture	21	1369798	0	1	10226	1	0	10000	hit	59
sub-14_1	24	Pulse	255	1374237	4439	0
sub-14_1	24	Response	1	1381718	11919	1
sub-14_1	24	Pulse	255	1394236	24438	0
sub-14_1	25	Picture	21	1395025	0	1	10227	1	0	10000	hit	62
sub-14_1	25	Response	1	1398607	3582	1
sub-14_1	25	Pulse	255	1414237	19212	0
sub-14_1	26	Picture	21	1420252	0	1	10226	1	0	10000	hit	65
sub-14_1	26	Response	1	1422818	2566	1
sub-14_1	26	Pulse	255	1434237	13985	0
sub-14_1	27	Picture	21	1445479	0	1	10226	1	0	10000	hit	68
sub-14_1	27	Response	1	1448747	3268	1
sub-14_1	27	Pulse	255	1454237	8758	0
sub-14_1	28	Picture	21	1470706	0	1	10226	1	0	10000	hit	72
sub-14_1	28	Pulse	255	1474237	3531	0
sub-14_1	28	Response	1	1474676	3970	1
sub-14_1	28	Pulse	255	1494238	23531	0
sub-14_1	29	Picture	21	1495933	0	1	10226	1	0	10000	hit	75
sub-14_1	29	Response	1	1509348	13415	1
sub-14_1	29	Pulse	255	1514238	18305	0
sub-14_1	30	Picture	21	1521160	0	1	10226	1	0	10000	hit	78
sub-14_1	30	Response	1	1526857	5697	1
sub-14_1	30	Pulse	255	1534238	13078	0
sub-14_1	31	Picture	21	1546387	0	1	10226	1	0	10000	hit	81
sub-14_1	31	Response	1	1550627	4240	1
sub-14_1	31	Pulse	255	1554237	7850	0
sub-14_1	32	Picture	21	1571614	0	1	10226	1	0	10000	hit	85
sub-14_1	32	Pulse	255	1574238	2624	0
sub-14_1	32	Response	1	1576247	4634	1
sub-14_1	32	Pulse	255	1594238	22624	0
sub-14_1	33	Picture	21	1596841	0	1	10226	1	0	10000	hit	88
sub-14_1	33	Response	1	1605137	8297	1
sub-14_1	33	Pulse	255	1614238	17397	0
sub-14_1	34	Picture	22	1622067	0	1	10226	1	0	10000	miss	0
sub-14_1	34	Pulse	255	1634237	12170	0
sub-14_1	35	Picture	22	1647294	0	1	10226	1	0	10000	hit	93
sub-14_1	35	Response	2	1652498	5204	1
sub-14_1	35	Pulse	255	1654238	6944	0
sub-14_1	36	Picture	22	1672521	0	1	10226	1	0	10000	hit	97
sub-14_1	36	Pulse	255	1674238	1717	0
sub-14_1	36	Response	2	1676067	3546	1
sub-14_1	36	Pulse	255	1694238	21717	0
sub-14_1	37	Picture	22	1697748	0	1	10226	1	0	10000	hit	100
sub-14_1	37	Response	2	1698428	680	1
sub-14_1	37	Pulse	255	1714238	16490	0
sub-14_1	38	Picture	22	1722975	0	1	10226	1	0	10000	hit	103
sub-14_1	38	Response	2	1724658	1684	1
sub-14_1	38	Pulse	255	1734238	11264	0
sub-14_1	38	Response	2	1747118	24144	1
sub-14_1	39	Picture	22	1748201	0	1	10226	1	0	10000	hit	108
sub-14_1	39	Pulse	255	1754238	6037	0
sub-14_1	39	Response	2	1770079	21877	1
sub-14_1	40	Picture	22	1773428	0	1	10226	1	0	10000	miss	0
sub-14_1	40	Pulse	255	1774238	810	0
sub-14_1	40	Pulse	255	1794238	20810	0
sub-14_1	41	Picture	22	1798655	0	1	10226	1	0	10000	hit	113
sub-14_1	41	Response	2	1802388	3733	1
sub-14_1	41	Pulse	255	1814239	15584	0
sub-14_1	42	Picture	22	1823882	0	1	10226	1	0	10000	hit	116
sub-14_1	42	Response	2	1825369	1487	1
sub-14_1	42	Response	2	1826348	2466	1
sub-14_1	42	Pulse	255	1834239	10357	0
sub-14_1	43	Picture	22	1849109	0	1	10226	1	0	10000	hit	121
sub-14_1	43	Pulse	255	1854239	5130	0
sub-14_1	43	Response	2	1861589	12480	1
sub-14_1	43	Pulse	255	1874239	25130	0
sub-14_1	44	Picture	Bfix	1874335	0	1	30229	1	0	30000	other	0
sub-14_1	44	Pulse	255	1894239	19903	0
sub-14_1	45	Picture	Ins_yeux	1904564	0	1	40226	1	0	40000	other	0
sub-14_1	45	Pulse	255	1914239	9674	0
sub-14_1	45	Pulse	255	1934239	29674	0
sub-14_1	45	Pulse	255	1954239	49674	0
sub-14_1	46	Picture	31	1964791	0	1	10226	1	0	10000	other	0
sub-14_1	46	Pulse	255	1974239	9448	0
sub-14_1	47	Picture	31	1990018	0	1	10226	1	0	10000	other	0
sub-14_1	47	Pulse	255	1994239	4221	0
sub-14_1	47	Pulse	255	2014239	24221	0
sub-14_1	48	Picture	31	2015245	0	1	10143	1	0	10000	other	0
sub-14_1	48	Pulse	255	2034239	18994	0
sub-14_1	49	Picture	31	2040471	0	1	10226	1	0	10000	other	0
sub-14_1	49	Pulse	255	2054239	13767	0
sub-14_1	50	Picture	31	2065698	0	1	10226	1	0	10000	other	0
sub-14_1	50	Pulse	255	2074239	8541	0
sub-14_1	51	Picture	31	2090925	0	1	10226	1	0	10000	other	0
sub-14_1	51	Pulse	255	2094239	3314	0
sub-14_1	51	Pulse	255	2114239	23314	0
sub-14_1	52	Picture	31	2116151	0	1	10226	1	0	10000	other	0
sub-14_1	52	Pulse	255	2134239	18088	0
sub-14_1	53	Picture	31	2141378	0	1	10226	1	0	10000	other	0
sub-14_1	53	Pulse	255	2154239	12860	0
sub-14_1	54	Picture	31	2166605	0	1	10226	1	0	10000	other	0
sub-14_1	54	Pulse	255	2174239	7634	0
sub-14_1	55	Picture	31	2191832	0	1	10226	1	0	10000	other	0
sub-14_1	55	Pulse	255	2194239	2407	0
sub-14_1	55	Pulse	255	2214239	22407	0
sub-14_1	56	Picture	32	2217059	0	1	10226	1	0	10000	other	0
sub-14_1	56	Pulse	255	2234239	17180	0
sub-14_1	57	Picture	32	2242286	0	1	10226	1	0	10000	other	0
sub-14_1	57	Pulse	255	2254240	11954	0
sub-14_1	58	Picture	32	2267512	0	1	10226	1	0	10000	other	0
sub-14_1	58	Pulse	255	2274239	6727	0
sub-14_1	59	Picture	32	2292739	0	1	10226	1	0	10000	other	0
sub-14_1	59	Pulse	255	2294240	1500	0
sub-14_1	59	Pulse	255	2314239	21500	0
sub-14_1	60	Picture	32	2317966	0	1	10226	1	0	10000	other	0
sub-14_1	60	Pulse	255	2334239	16273	0
sub-14_1	61	Picture	32	2343193	0	1	10225	1	0	10000	other	0
sub-14_1	61	Pulse	255	2354240	11047	0
sub-14_1	62	Picture	32	2368420	0	1	10226	1	0	10000	other	0
sub-14_1	62	Pulse	255	2374240	5820	0
sub-14_1	63	Picture	32	2393647	0	1	10226	1	0	10000	other	0
sub-14_1	63	Pulse	255	2394240	593	0
sub-14_1	63	Pulse	255	2414240	20594	0
sub-14_1	64	Picture	32	2418873	0	1	10226	1	0	10000	other	0
sub-14_1	64	Pulse	255	2434240	15366	0
sub-14_1	65	Picture	32	2444100	0	1	10226	1	0	10000	other	0
sub-14_1	65	Pulse	255	2454240	10140	0
sub-14_1	66	Picture	Bfix	2469327	0	1	30229	1	0	30000	other	0
sub-14_1	66	Pulse	255	2474240	4913	0
sub-14_1	66	Pulse	255	2494239	24912	0
sub-14_1	67	Picture	Ins_jambe	2499555	0	1	40226	1	0	40000	other	0
sub-14_1	67	Pulse	255	2514240	14685	0
sub-14_1	67	Pulse	255	2534240	34684	0
sub-14_1	67	Pulse	255	2554240	54685	0
sub-14_1	68	Picture	51	2559782	0	1	10226	1	0	10000	other	0
sub-14_1	68	Pulse	255	2574240	14458	0
sub-14_1	69	Picture	51	2585009	0	1	10226	1	0	10000	other	0
sub-14_1	69	Pulse	255	2594241	9232	0
sub-14_1	70	Picture	51	2610236	0	1	10226	1	0	10000	other	0
sub-14_1	70	Pulse	255	2614240	4004	0
sub-14_1	70	Pulse	255	2634240	24004	0
sub-14_1	71	Picture	51	2635463	0	1	10226	1	0	10000	other	0
sub-14_1	71	Pulse	255	2654240	18777	0
sub-14_1	72	Picture	51	2660690	0	1	10226	1	0	10000	other	0
sub-14_1	72	Pulse	255	2674241	13551	0
sub-14_1	73	Picture	51	2685917	0	1	10226	1	0	10000	other	0
sub-14_1	73	Pulse	255	2694240	8323	0
sub-14_1	74	Picture	51	2711143	0	1	10226	1	0	10000	other	0
sub-14_1	74	Pulse	255	2714241	3097	0
sub-14_1	74	Pulse	255	2734241	23097	0
sub-14_1	75	Picture	51	2736370	0	1	10226	1	0	10000	other	0
sub-14_1	75	Pulse	255	2754241	17870	0
sub-14_1	76	Picture	51	2761597	0	1	10226	1	0	10000	other	0
sub-14_1	76	Pulse	255	2774241	12644	0
sub-14_1	77	Picture	51	2786824	0	1	10226	1	0	10000	other	0
sub-14_1	77	Pulse	255	2794240	7416	0
sub-14_1	78	Picture	52	2812051	0	1	10226	1	0	10000	other	0
sub-14_1	78	Pulse	255	2814241	2190	0
sub-14_1	78	Pulse	255	2834241	22190	0
sub-14_1	79	Picture	52	2837278	0	1	10226	1	0	10000	other	0
sub-14_1	79	Pulse	255	2854241	16963	0
sub-14_1	80	Picture	52	2862505	0	1	10226	1	0	10000	other	0
sub-14_1	80	Pulse	255	2874241	11736	0
sub-14_1	81	Picture	52	2887731	0	1	10226	1	0	10000	other	0
sub-14_1	81	Pulse	255	2894241	6510	0
sub-14_1	82	Picture	52	2912958	0	1	10226	1	0	10000	other	0
sub-14_1	82	Pulse	255	2914241	1283	0
sub-14_1	82	Pulse	255	2934241	21283	0
sub-14_1	83	Picture	52	2938185	0	1	10226	1	0	10000	other	0
sub-14_1	83	Pulse	255	2954241	16056	0
sub-14_1	84	Picture	52	2963411	0	1	10226	1	0	10000	other	0
sub-14_1	84	Pulse	255	2974241	10830	0
sub-14_1	85	Picture	52	2988638	0	1	10226	1	0	10000	other	0
sub-14_1	85	Pulse	255	2994241	5603	0
sub-14_1	86	Picture	52	3013865	0	1	10226	1	0	10000	other	0
sub-14_1	86	Pulse	255	3014241	376	0
sub-14_1	86	Pulse	255	3034241	20376	0
sub-14_1	87	Picture	52	3039092	0	1	10226	1	0	10000	other	0
sub-14_1	87	Pulse	255	3054241	15149	0
sub-14_1	88	Picture	Bfix	3064319	0	1	30229	1	0	30000	other	0
sub-14_1	88	Pulse	255	3074241	9923	0
sub-14_1	88	Pulse	255	3094241	29922	0
sub-14_1	89	Picture	Ins_bouche	3094548	0	1	40226	1	0	40000	other	0
sub-14_1	89	Pulse	255	3114232	19684	0
sub-14_1	89	Pulse	255	3134232	39684	0
sub-14_1	89	Pulse	255	3154231	59683	0
sub-14_1	90	Picture	61	3154775	0	1	10226	1	0	10000	other	0
sub-14_1	90	Pulse	255	3174232	19456	0
sub-14_1	91	Picture	61	3180002	0	1	10226	1	0	10000	other	0
sub-14_1	91	Pulse	255	3194232	14229	0
sub-14_1	92	Picture	61	3205229	0	1	10226	1	0	10000	other	0
sub-14_1	92	Pulse	255	3214231	9002	0
sub-14_1	93	Picture	61	3230456	0	1	10226	1	0	10000	other	0
sub-14_1	93	Pulse	255	3234232	3776	0
sub-14_1	93	Pulse	255	3254232	23776	0
sub-14_1	94	Picture	61	3255683	0	1	10226	1	0	10000	other	0
sub-14_1	94	Pulse	255	3274232	18549	0
sub-14_1	95	Picture	61	3280941	0	1	10226	1	0	10000	other	0
sub-14_1	95	Pulse	255	3294232	13290	0
sub-14_1	96	Picture	61	3306168	0	1	10226	1	0	10000	other	0
sub-14_1	96	Pulse	255	3314232	8064	0
sub-14_1	97	Picture	61	3331395	0	1	10226	1	0	10000	other	0
sub-14_1	97	Pulse	255	3334232	2837	0
sub-14_1	97	Pulse	255	3354231	22836	0
sub-14_1	98	Picture	61	3356622	0	1	10226	1	0	10000	other	0
sub-14_1	98	Pulse	255	3374233	17611	0
sub-14_1	99	Picture	61	3381849	0	1	10226	1	0	10000	other	0
sub-14_1	99	Pulse	255	3394231	12383	0
sub-14_1	100	Picture	62	3407075	0	1	10226	1	0	10000	other	0
sub-14_1	100	Pulse	255	3414232	7157	0
sub-14_1	101	Picture	62	3432302	0	1	10226	1	0	10000	other	0
sub-14_1	101	Pulse	255	3434232	1930	0
sub-14_1	101	Pulse	255	3454231	21929	0
sub-14_1	102	Picture	62	3457529	0	1	10226	1	0	10000	other	0
sub-14_1	102	Pulse	255	3474232	16703	0
sub-14_1	103	Picture	62	3482756	0	1	10226	1	0	10000	other	0
sub-14_1	103	Pulse	255	3494233	11477	0
sub-14_1	104	Picture	62	3507983	0	1	10226	1	0	10000	other	0
sub-14_1	104	Pulse	255	3514233	6250	0
sub-14_1	105	Picture	62	3533210	0	1	10226	1	0	10000	other	0
sub-14_1	105	Pulse	255	3534232	1022	0
sub-14_1	105	Pulse	255	3554233	21023	0
sub-14_1	106	Picture	62	3558437	0	1	10226	1	0	10000	other	0
sub-14_1	106	Pulse	255	3574233	15796	0
sub-14_1	107	Picture	62	3583664	0	1	10226	1	0	10000	other	0
sub-14_1	107	Pulse	255	3594233	10569	0
sub-14_1	108	Picture	62	3608891	0	1	10226	1	0	10000	other	0
sub-14_1	108	Pulse	255	3614233	5342	0
sub-14_1	109	Picture	62	3634117	0	1	10226	1	0	10000	other	0
sub-14_1	109	Pulse	255	3634233	116	0
sub-14_1	109	Pulse	255	3654233	20115	0
sub-14_1	110	Picture	Bfix	3659344	0	1	30226	1	0	30000	other	0
sub-14_1	110	Pulse	255	3674233	14889	0
sub-14_1	111	Picture	Ins_repos	3689737	0	1	40226	1	0	40000	other	0
sub-14_1	111	Pulse	255	3694233	4496	0
sub-14_1	111	Pulse	255	3714233	24496	0
sub-14_1	111	Pulse	255	3734233	44496	0
sub-14_1	112	Picture	71	3749963	0	1	10126	1	0	10000	other	0
sub-14_1	112	Pulse	255	3754233	4270	0
sub-14_1	112	Pulse	255	3774232	24269	0
sub-14_1	113	Picture	71	3775190	0	1	10226	1	0	10000	other	0
sub-14_1	113	Pulse	255	3794233	19043	0
sub-14_1	114	Picture	71	3800417	0	1	10226	1	0	10000	other	0
sub-14_1	114	Pulse	255	3814233	13816	0
sub-14_1	115	Picture	71	3825603	0	1	10226	1	0	10000	other	0
sub-14_1	115	Pulse	255	3834232	8630	0
sub-14_1	116	Picture	71	3850829	0	1	10226	1	0	10000	other	0
sub-14_1	116	Pulse	255	3854233	3403	0
sub-14_1	116	Pulse	255	3874233	23404	0
sub-14_1	117	Picture	71	3876056	0	1	10226	1	0	10000	other	0
sub-14_1	117	Pulse	255	3894233	18177	0
sub-14_1	118	Picture	71	3901283	0	1	10226	1	0	10000	other	0
sub-14_1	118	Pulse	255	3914233	12950	0
sub-14_1	119	Picture	71	3926510	0	1	10226	1	0	10000	other	0
sub-14_1	119	Pulse	255	3934233	7724	0
sub-14_1	120	Picture	71	3951736	0	1	10227	1	0	10000	other	0
sub-14_1	120	Pulse	255	3954234	2497	0
sub-14_1	120	Pulse	255	3974233	22497	0
sub-14_1	121	Picture	71	3976963	0	1	10226	1	0	10000	other	0
sub-14_1	121	Pulse	255	3994233	17270	0
sub-14_1	122	Picture	72	4002190	0	1	10226	1	0	10000	other	0
sub-14_1	122	Pulse	255	4014234	12043	0
sub-14_1	123	Picture	72	4027418	0	1	10226	1	0	10000	other	0
sub-14_1	123	Pulse	255	4034233	6816	0
sub-14_1	124	Picture	72	4052645	0	1	10226	1	0	10000	other	0
sub-14_1	124	Pulse	255	4054234	1590	0
sub-14_1	124	Pulse	255	4074234	21590	0
sub-14_1	125	Picture	72	4077871	0	1	10226	1	0	10000	other	0
sub-14_1	125	Pulse	255	4094234	16363	0
sub-14_1	126	Picture	72	4103098	0	1	10226	1	0	10000	other	0
sub-14_1	126	Pulse	255	4114234	11135	0
sub-14_1	127	Picture	72	4128325	0	1	10226	1	0	10000	other	0
sub-14_1	127	Pulse	255	4134234	5908	0
sub-14_1	128	Picture	72	4153552	0	1	10226	1	0	10000	other	0
sub-14_1	128	Pulse	255	4154233	681	0
sub-14_1	128	Pulse	255	4174234	20682	0
sub-14_1	129	Picture	72	4178779	0	1	10226	1	0	10000	other	0
sub-14_1	129	Pulse	255	4194234	15455	0
sub-14_1	130	Picture	72	4204006	0	1	10226	1	0	10000	other	0
sub-14_1	130	Pulse	255	4214235	10229	0
sub-14_1	131	Picture	72	4229233	0	1	10226	1	0	10000	other	0
sub-14_1	131	Pulse	255	4234234	5002	0
sub-14_1	131	Pulse	255	4254233	25001	1
sub-14_1	132	Picture	Bfix	4254460	0	1	30227	1	0	30000	other	0
sub-14_1	132	Pulse	255	4274234	19775	0
sub-14_1	133	Picture	Ins_main	4284687	0	1	40226	1	0	40000	other	0
sub-14_1	133	Pulse	255	4294234	9548	0
sub-14_1	133	Pulse	255	4314234	29548	0
sub-14_1	133	Pulse	255	4334234	49548	0
sub-14_1	134	Picture	11	4344913	0	1	10226	1	0	10000	other	0
sub-14_1	134	Pulse	255	4354234	9321	0
sub-14_1	135	Picture	11	4370140	0	1	10226	1	0	10000	other	0
sub-14_1	135	Pulse	255	4374234	4094	0
sub-14_1	135	Pulse	255	4394234	24094	0
sub-14_1	136	Picture	11	4395367	0	1	10226	1	0	10000	other	0
sub-14_1	136	Pulse	255	4414235	18868	0
sub-14_1	137	Picture	11	4420594	0	1	10226	1	0	10000	other	0
sub-14_1	137	Pulse	255	4434235	13641	0
sub-14_1	138	Picture	11	4445821	0	1	10226	1	0	10000	other	0
sub-14_1	138	Pulse	255	4454235	8414	0
sub-14_1	139	Picture	11	4471048	0	1	10226	1	0	10000	other	0
sub-14_1	139	Pulse	255	4474234	3187	0
sub-14_1	139	Pulse	255	4494235	23187	0
sub-14_1	140	Picture	11	4496274	0	1	10226	1	0	10000	other	0
sub-14_1	140	Pulse	255	4514235	17960	0
sub-14_1	141	Picture	11	4521501	0	1	10226	1	0	10000	other	0
sub-14_1	141	Pulse	255	4534235	12734	0
sub-14_1	142	Picture	11	4546728	0	1	10226	1	0	10000	other	0
sub-14_1	142	Pulse	255	4554235	7507	0
sub-14_1	143	Picture	11	4571955	0	1	10226	1	0	10000	other	0
sub-14_1	143	Pulse	255	4574235	2280	0
sub-14_1	143	Pulse	255	4594234	22280	0
sub-14_1	144	Picture	12	4597181	0	1	10226	1	0	10000	other	0
sub-14_1	144	Pulse	255	4614235	17054	0
sub-14_1	145	Picture	12	4622408	0	1	10226	1	0	10000	other	0
sub-14_1	145	Pulse	255	4634235	11827	0
sub-14_1	146	Picture	12	4647635	0	1	10226	1	0	10000	other	0
sub-14_1	146	Pulse	255	4654236	6601	0
sub-14_1	147	Picture	12	4672862	0	1	10226	1	0	10000	other	0
sub-14_1	147	Pulse	255	4674235	1373	0
sub-14_1	147	Pulse	255	4694235	21373	0
sub-14_1	148	Picture	12	4698089	0	1	10226	1	0	10000	other	0
sub-14_1	148	Pulse	255	4714235	16147	0
sub-14_1	149	Picture	12	4723315	0	1	10226	1	0	10000	other	0
sub-14_1	149	Pulse	255	4734235	10920	0
sub-14_1	150	Picture	12	4748542	0	1	10226	1	0	10000	other	0
sub-14_1	150	Pulse	255	4754236	5693	0
sub-14_1	151	Picture	12	4773769	0	1	10226	1	0	10000	other	0
sub-14_1	151	Pulse	255	4774236	467	0
sub-14_1	151	Pulse	255	4794236	20467	0
sub-14_1	152	Picture	12	4798996	0	1	10226	1	0	10000	other	0
sub-14_1	152	Pulse	255	4814236	15240	0
sub-14_1	153	Picture	12	4824223	0	1	10226	1	0	10000	other	0
sub-14_1	153	Pulse	255	4834281	10058	0
sub-14_1	154	Picture	Bfix	4849449	0	1	30226	1	0	30000	other	0
sub-14_1	154	Pulse	255	4854236	4786	0
sub-14_1	154	Pulse	255	4874235	24786	0
sub-14_1	155	Picture	Ins_index	4879842	0	1	40226	1	0	40000	other	0
sub-14_1	155	Pulse	255	4894235	14393	0
sub-14_1	155	Pulse	255	4914235	34393	0
sub-14_1	155	Pulse	255	4934235	54393	0
sub-14_1	156	Picture	21	4940069	0	1	10226	1	0	10000	hit	389
sub-14_1	156	Response	1	4946666	6597	1
sub-14_1	156	Pulse	255	4954236	14167	0
sub-14_1	157	Picture	21	4965296	0	1	10226	1	0	10000	hit	392
sub-14_1	157	Response	1	4971706	6410	1
sub-14_1	157	Pulse	255	4974235	8939	0
sub-14_1	158	Picture	21	4990523	0	1	10226	1	0	10000	hit	396
sub-14_1	158	Pulse	255	4994236	3713	0
sub-14_1	158	Response	1	4996775	6252	1
sub-14_1	158	Pulse	255	5014236	23713	0
sub-14_1	159	Picture	21	5015750	0	1	10164	1	0	10000	hit	399
sub-14_1	159	Response	1	5018476	2726	1
sub-14_1	159	Pulse	255	5034236	18487	0
sub-14_1	160	Picture	21	5040977	0	1	10226	1	0	10000	hit	402
sub-14_1	160	Response	1	5041437	460	1
sub-14_1	160	Pulse	255	5054236	13259	0
sub-14_1	161	Picture	21	5066203	0	1	10226	1	0	10000	hit	405
sub-14_1	161	Response	1	5068946	2743	1
sub-14_1	161	Pulse	255	5074236	8033	0
sub-14_1	162	Picture	21	5091430	0	1	10226	1	0	10000	hit	408
sub-14_1	162	Response	1	5093426	1996	1
sub-14_1	162	Pulse	255	5094236	2805	0
sub-14_1	162	Pulse	255	5114236	22806	0
sub-14_1	163	Picture	21	5116657	0	1	10226	1	0	10000	hit	412
sub-14_1	163	Response	1	5118456	1799	1
sub-14_1	163	Pulse	255	5134236	17579	0
sub-14_1	164	Picture	21	5141884	0	1	10226	1	0	10000	hit	415
sub-14_1	164	Response	1	5144406	2523	1
sub-14_1	164	Pulse	255	5154236	12352	0
sub-14_1	165	Picture	21	5167111	0	1	10226	1	0	10000	hit	418
sub-14_1	165	Response	1	5169616	2506	1
sub-14_1	165	Pulse	255	5174236	7126	0
sub-14_1	166	Picture	22	5192338	0	1	10226	1	0	10000	hit	422
sub-14_1	166	Pulse	255	5194237	1899	0
sub-14_1	166	Response	2	5198877	6539	1
sub-14_1	166	Pulse	255	5214237	21899	0
sub-14_1	167	Picture	22	5217564	0	1	10226	1	0	10000	hit	425
sub-14_1	167	Response	2	5220287	2722	1
sub-14_1	167	Pulse	255	5234236	16672	0
sub-14_1	168	Picture	22	5242791	0	1	10226	1	0	10000	hit	428
sub-14_1	168	Response	2	5245367	2576	1
sub-14_1	168	Pulse	255	5254237	11446	0
sub-14_1	169	Picture	22	5268018	0	1	10226	1	0	10000	hit	431
sub-14_1	169	Response	2	5268097	79	1
sub-14_1	169	Pulse	255	5274237	6219	0
sub-14_1	170	Picture	22	5293245	0	1	10226	1	0	10000	hit	435
sub-14_1	170	Pulse	255	5294237	992	0
sub-14_1	170	Response	2	5296186	2942	1
sub-14_1	170	Pulse	255	5314237	20992	0
sub-14_1	171	Picture	22	5318472	0	1	10226	1	0	10000	hit	438
sub-14_1	171	Response	2	5322157	3685	1
sub-14_1	171	Pulse	255	5334237	15765	0
sub-14_1	172	Picture	22	5343698	0	1	10226	1	0	10000	hit	441
sub-14_1	172	Response	2	5347137	3439	1
sub-14_1	172	Pulse	255	5354237	10539	0
sub-14_1	173	Picture	22	5368925	0	1	10226	1	0	10000	hit	445
sub-14_1	173	Pulse	255	5374226	5301	0
sub-14_1	173	Response	2	5374256	5330	1
sub-14_1	174	Picture	22	5394152	0	1	10226	1	0	10000	hit	448
sub-14_1	174	Pulse	255	5394227	74	0
sub-14_1	174	Response	2	5397177	3025	1
sub-14_1	174	Pulse	255	5414227	20075	0
sub-14_1	175	Picture	22	5419379	0	1	10226	1	0	10000	hit	451
sub-14_1	175	Response	2	5423667	4288	1
sub-14_1	175	Pulse	255	5434227	14848	0
sub-14_1	176	Picture	Bfix	5444606	0	1	30226	1	0	30000	other	0
sub-14_1	176	Pulse	255	5454227	9621	0
sub-14_1	176	Pulse	255	5474227	29621	0
sub-14_1	177	Picture	Ins_yeux	5474998	0	1	40226	1	0	40000	other	0
sub-14_1	177	Pulse	255	5494227	19229	0
sub-14_1	177	Pulse	255	5514228	39229	0
sub-14_1	177	Pulse	255	5534228	59229	0
sub-14_1	178	Picture	31	5535225	0	1	10226	1	0	10000	other	0
sub-14_1	178	Pulse	255	5554227	19001	0
sub-14_1	179	Picture	31	5560452	0	1	10226	1	0	10000	other	0
sub-14_1	179	Pulse	255	5574228	13776	0
sub-14_1	180	Picture	31	5585679	0	1	10226	1	0	10000	other	0
sub-14_1	180	Pulse	255	5594228	8549	0
sub-14_1	181	Picture	31	5610906	0	1	10226	1	0	10000	other	0
sub-14_1	181	Pulse	255	5614228	3321	0
sub-14_1	181	Pulse	255	5634228	23321	0
sub-14_1	182	Picture	31	5636133	0	1	10226	1	0	10000	other	0
sub-14_1	182	Pulse	255	5654228	18095	0
sub-14_1	183	Picture	31	5661360	0	1	10226	1	0	10000	other	0
sub-14_1	183	Pulse	255	5674227	12868	0
sub-14_1	184	Picture	31	5686587	0	1	10226	1	0	10000	other	0
sub-14_1	184	Pulse	255	5694228	7641	0
sub-14_1	185	Picture	31	5711813	0	1	10226	1	0	10000	other	0
sub-14_1	185	Pulse	255	5714227	2414	0
sub-14_1	185	Pulse	255	5734227	22414	1
sub-14_1	186	Picture	31	5737040	0	1	10226	1	0	10000	other	0
sub-14_1	186	Pulse	255	5754227	17187	0
sub-14_1	187	Picture	31	5762267	0	1	10226	1	0	10000	other	0
sub-14_1	187	Pulse	255	5774228	11961	0
sub-14_1	188	Picture	32	5787494	0	1	10226	1	0	10000	other	0
sub-14_1	188	Pulse	255	5794228	6734	0
sub-14_1	189	Picture	32	5812721	0	1	10226	1	0	10000	other	0
sub-14_1	189	Pulse	255	5814228	1507	0
sub-14_1	189	Pulse	255	5834228	21507	0
sub-14_1	190	Picture	32	5837948	0	1	10226	1	0	10000	other	0
sub-14_1	190	Pulse	255	5854228	16280	0
sub-14_1	191	Picture	32	5863175	0	1	10225	1	0	10000	other	0
sub-14_1	191	Pulse	255	5874228	11054	0
sub-14_1	192	Picture	32	5888401	0	1	10226	1	0	10000	other	0
sub-14_1	192	Pulse	255	5894228	5827	0
sub-14_1	193	Picture	32	5913628	0	1	10226	1	0	10000	other	0
sub-14_1	193	Pulse	255	5914228	600	0
sub-14_1	193	Pulse	255	5934228	20600	0
sub-14_1	194	Picture	32	5938855	0	1	10226	1	0	10000	other	0
sub-14_1	194	Pulse	255	5954228	15373	0
sub-14_1	195	Picture	32	5964082	0	1	10226	1	0	10000	other	0
sub-14_1	195	Pulse	255	5974228	10146	0
sub-14_1	196	Picture	32	5989309	0	1	10226	1	0	10000	other	0
sub-14_1	196	Pulse	255	5994228	4919	0
sub-14_1	196	Pulse	255	6014228	24919	0
sub-14_1	197	Picture	32	6014535	0	1	10226	1	0	10000	other	0
sub-14_1	197	Pulse	255	6034228	19692	0
sub-14_1	198	Picture	Bfix	6039762	0	1	30227	1	0	30000	other	0
sub-14_1	198	Pulse	255	6054228	14465	0
sub-14_1	199	Picture	Ins_jambe	6069989	0	1	40226	1	0	40000	other	0
sub-14_1	199	Pulse	255	6074228	4238	0
sub-14_1	199	Pulse	255	6094228	24239	0
sub-14_1	199	Pulse	255	6114228	44239	0
sub-14_1	200	Picture	51	6130217	0	1	10226	1	0	10000	other	0
sub-14_1	200	Pulse	255	6134228	4012	0
sub-14_1	200	Pulse	255	6154229	24012	0
sub-14_1	201	Picture	51	6155444	0	1	10226	1	0	10000	other	0
sub-14_1	201	Pulse	255	6174229	18785	0
sub-14_1	202	Picture	51	6180672	0	1	10226	1	0	10000	other	0
sub-14_1	202	Pulse	255	6194229	13557	0
sub-14_1	203	Picture	51	6205899	0	1	10226	1	0	10000	other	0
sub-14_1	203	Pulse	255	6214229	8330	0
sub-14_1	204	Picture	51	6231126	0	1	10226	1	0	10000	other	0
sub-14_1	204	Pulse	255	6234229	3104	0
sub-14_1	204	Pulse	255	6254229	23104	0
sub-14_1	205	Picture	51	6256353	0	1	10226	1	0	10000	other	0
sub-14_1	205	Pulse	255	6274229	17876	0
sub-14_1	206	Picture	51	6281579	0	1	10226	1	0	10000	other	0
sub-14_1	206	Pulse	255	6294229	12649	0
sub-14_1	207	Picture	51	6306806	0	1	10226	1	0	10000	other	0
sub-14_1	207	Pulse	255	6314229	7423	0
sub-14_1	208	Picture	51	6332033	0	1	10226	1	0	10000	other	0
sub-14_1	208	Pulse	255	6334229	2196	0
sub-14_1	208	Pulse	255	6354229	22196	0
sub-14_1	209	Picture	51	6357260	0	1	10226	1	0	10000	other	0
sub-14_1	209	Pulse	255	6374229	16969	0
sub-14_1	210	Picture	52	6382487	0	1	10226	1	0	10000	other	0
sub-14_1	210	Pulse	255	6394229	11743	0
sub-14_1	211	Picture	52	6407714	0	1	10226	1	0	10000	other	0
sub-14_1	211	Pulse	255	6414230	6516	0
sub-14_1	212	Picture	52	6432941	0	1	10226	1	0	10000	other	0
sub-14_1	212	Pulse	255	6434230	1289	0
sub-14_1	212	Pulse	255	6454229	21289	0
sub-14_1	213	Picture	52	6458167	0	1	10226	1	0	10000	other	0
sub-14_1	213	Pulse	255	6474230	16063	0
sub-14_1	214	Picture	52	6483394	0	1	10226	1	0	10000	other	0
sub-14_1	214	Pulse	255	6494230	10836	0
sub-14_1	215	Picture	52	6508621	0	1	10226	1	0	10000	other	0
sub-14_1	215	Pulse	255	6514230	5609	0
sub-14_1	216	Picture	52	6533848	0	1	10226	1	0	10000	other	0
sub-14_1	216	Pulse	255	6534229	382	0
sub-14_1	216	Pulse	255	6554229	20382	0
sub-14_1	217	Picture	52	6559075	0	1	10226	1	0	10000	other	0
sub-14_1	217	Pulse	255	6574230	15156	0
sub-14_1	218	Picture	52	6584301	0	1	10226	1	0	10000	other	0
sub-14_1	218	Pulse	255	6594229	9928	0
sub-14_1	219	Picture	52	6609528	0	1	10226	1	0	10000	other	0
sub-14_1	219	Pulse	255	6614231	4703	0
sub-14_1	219	Pulse	255	6634230	24702	0
sub-14_1	220	Picture	Bfix	6634755	0	1	30227	1	0	30000	other	0
sub-14_1	220	Pulse	255	6654231	19476	0
sub-14_1	221	Picture	Ins_bouche	6664982	0	1	40226	1	0	40000	other	0
sub-14_1	221	Pulse	255	6674230	9247	0
sub-14_1	221	Pulse	255	6694230	29248	0
sub-14_1	221	Pulse	255	6714231	49248	0
sub-14_1	222	Picture	61	6725209	0	1	10226	1	0	10000	other	0
sub-14_1	222	Pulse	255	6734231	9022	0
sub-14_1	223	Picture	61	6750436	0	1	10226	1	0	10000	other	0
sub-14_1	223	Pulse	255	6754231	3795	0
sub-14_1	223	Pulse	255	6774231	23795	0
sub-14_1	224	Picture	61	6775663	0	1	10226	1	0	10000	other	0
sub-14_1	224	Pulse	255	6794231	18568	0
sub-14_1	225	Picture	61	6800890	0	1	10226	1	0	10000	other	0
sub-14_1	225	Pulse	255	6814231	13341	0
sub-14_1	226	Picture	61	6826151	0	1	10226	1	0	10000	other	0
sub-14_1	226	Pulse	255	6834231	8080	0
sub-14_1	227	Picture	61	6851377	0	1	10226	1	0	10000	other	0
sub-14_1	227	Pulse	255	6854231	2853	0
sub-14_1	227	Pulse	255	6874230	22853	0
sub-14_1	228	Picture	61	6876604	0	1	10226	1	0	10000	other	0
sub-14_1	228	Pulse	255	6894231	17627	0
sub-14_1	229	Picture	61	6901831	0	1	10226	1	0	10000	other	0
sub-14_1	229	Pulse	255	6914232	12401	0
sub-14_1	230	Picture	61	6927058	0	1	10226	1	0	10000	other	0
sub-14_1	230	Pulse	255	6934231	7173	0
sub-14_1	231	Picture	61	6952285	0	1	10226	1	0	10000	other	0
sub-14_1	231	Pulse	255	6954232	1947	0
sub-14_1	231	Pulse	255	6974232	21947	0
sub-14_1	232	Picture	62	6977512	0	1	10226	1	0	10000	other	0
sub-14_1	232	Pulse	255	6994232	16720	0
sub-14_1	233	Picture	62	7002738	0	1	10226	1	0	10000	other	0
sub-14_1	233	Pulse	255	7014232	11493	0
sub-14_1	234	Picture	62	7027966	0	1	10226	1	0	10000	other	0
sub-14_1	234	Pulse	255	7034231	6265	0
sub-14_1	235	Picture	62	7053193	0	1	10226	1	0	10000	other	0
sub-14_1	235	Pulse	255	7054231	1039	0
sub-14_1	235	Pulse	255	7074231	21039	0
sub-14_1	236	Picture	62	7078419	0	1	10226	1	0	10000	other	0
sub-14_1	236	Pulse	255	7094232	15813	0
sub-14_1	237	Picture	62	7103646	0	1	10226	1	0	10000	other	0
sub-14_1	237	Pulse	255	7114232	10586	0
sub-14_1	238	Picture	62	7128873	0	1	10226	1	0	10000	other	0
sub-14_1	238	Pulse	255	7134232	5359	0
sub-14_1	239	Picture	62	7154100	0	1	10226	1	0	10000	other	0
sub-14_1	239	Pulse	255	7154233	133	0
sub-14_1	239	Pulse	255	7174232	20133	0
sub-14_1	240	Picture	62	7179326	0	1	10226	1	0	10000	other	0
sub-14_1	240	Pulse	255	7194231	14905	0
sub-14_1	241	Picture	62	7204553	0	1	10226	1	0	10000	other	0
sub-14_1	241	Pulse	255	7214232	9679	0
sub-14_1	242	Picture	Bfix	7229780	0	1	30227	1	0	30000	other	0
sub-14_1	242	Pulse	255	7234232	4452	0
sub-14_1	242	Pulse	255	7254232	24452	0
sub-14_1	243	Picture	Ins_repos	7260007	0	1	40226	1	0	40000	other	0
sub-14_1	243	Pulse	255	7274233	14226	0
sub-14_1	243	Pulse	255	7294232	34225	0
sub-14_1	243	Pulse	255	7314233	54226	0
sub-14_1	244	Picture	71	7320234	0	1	10226	1	0	10000	other	0
sub-14_1	244	Pulse	255	7334233	13999	0
sub-14_1	245	Picture	71	7345461	0	1	10226	1	0	10000	other	0
sub-14_1	245	Pulse	255	7354233	8773	0
sub-14_1	246	Picture	71	7370688	0	1	10226	1	0	10000	other	0
sub-14_1	246	Pulse	255	7374233	3545	0
sub-14_1	246	Pulse	255	7394233	23545	0
sub-14_1	247	Picture	71	7395915	0	1	10226	1	0	10000	other	0
sub-14_1	247	Pulse	255	7414233	18318	0
sub-14_1	248	Picture	71	7421141	0	1	10226	1	0	10000	other	0
sub-14_1	248	Pulse	255	7434233	13091	0
sub-14_1	249	Picture	71	7446368	0	1	10226	1	0	10000	other	0
sub-14_1	249	Pulse	255	7454233	7865	0
sub-14_1	250	Picture	71	7471595	0	1	10226	1	0	10000	other	0
sub-14_1	250	Pulse	255	7474233	2638	0
sub-14_1	250	Pulse	255	7494233	22638	0
sub-14_1	251	Picture	71	7496822	0	1	10226	1	0	10000	other	0
sub-14_1	251	Pulse	255	7514233	17411	0
sub-14_1	252	Picture	71	7522049	0	1	10226	1	0	10000	other	0
sub-14_1	252	Pulse	255	7534233	12184	0
sub-14_1	253	Picture	71	7547276	0	1	10226	1	0	10000	other	0
sub-14_1	253	Pulse	255	7554232	6957	0
sub-14_1	254	Picture	72	7572503	0	1	10226	1	0	10000	other	0
sub-14_1	254	Pulse	255	7574233	1731	0
sub-14_1	254	Pulse	255	7594224	21721	0
sub-14_1	255	Picture	72	7597730	0	1	10226	1	0	10000	other	0
sub-14_1	255	Pulse	255	7614223	16493	0
sub-14_1	256	Picture	72	7622956	0	1	10226	1	0	10000	other	0
sub-14_1	256	Pulse	255	7634224	11267	0
sub-14_1	257	Picture	72	7648183	0	1	10226	1	0	10000	other	0
sub-14_1	257	Pulse	255	7654223	6040	0
sub-14_1	258	Picture	72	7673410	0	1	10226	1	0	10000	other	0
sub-14_1	258	Pulse	255	7674224	814	0
sub-14_1	258	Pulse	255	7694223	20813	0
sub-14_1	259	Picture	72	7698637	0	1	10226	1	0	10000	other	0
sub-14_1	259	Pulse	255	7714223	15586	0
sub-14_1	260	Picture	72	7723864	0	1	10226	1	0	10000	other	0
sub-14_1	260	Pulse	255	7734224	10360	0
sub-14_1	261	Picture	72	7749091	0	1	10226	1	0	10000	other	0
sub-14_1	261	Pulse	255	7754223	5132	0
sub-14_1	261	Pulse	255	7774224	25133	0
sub-14_1	262	Picture	72	7774317	0	1	10226	1	0	10000	other	0
sub-14_1	262	Pulse	255	7794223	19906	0
sub-14_1	263	Picture	72	7799544	0	1	10226	1	0	10000	other	0
sub-14_1	263	Pulse	255	7814224	14680	0
sub-14_1	264	Picture	Bfix	7824771	0	1	72966	1	0	60000	other	0
sub-14_1	264	Pulse	255	7834224	9453	0
sub-14_1	264	Pulse	255	7854224	29453	0
sub-14_1	264	Pulse	255	7874224	49453	0
