Scenario - loca_moto_bis
Logfile written - 02/13/2019 18:24:09

Subject	Trial	Event Type	Code	Time	TTime	Uncertainty	Duration	Uncertainty	ReqTime	ReqDur	Stim Type	Pair Index

sub-01_2	0	Pulse	255	711068	711068	0
sub-01_2	1	Picture	Ins_repos	711297	0	1	40226	1	0	40000	other	0
sub-01_2	1	Pulse	255	731068	19771	0
sub-01_2	1	Pulse	255	751068	39772	0
sub-01_2	1	Pulse	255	771068	59772	0
sub-01_2	2	Picture	71	771523	0	1	10226	1	0	10000	other	0
sub-01_2	2	Pulse	255	791069	19545	0
sub-01_2	3	Picture	71	796750	0	1	10226	1	0	10000	other	0
sub-01_2	3	Pulse	255	811069	14318	0
sub-01_2	4	Picture	71	821977	0	1	10226	1	0	10000	other	0
sub-01_2	4	Pulse	255	831069	9092	0
sub-01_2	5	Picture	71	847204	0	1	10226	1	0	10000	other	0
sub-01_2	5	Pulse	255	851069	3865	0
sub-01_2	5	Pulse	255	871069	23865	0
sub-01_2	6	Picture	71	872431	0	1	10226	1	0	10000	other	0
sub-01_2	6	Pulse	255	891069	18638	0
sub-01_2	7	Picture	71	897658	0	1	10226	1	0	10000	other	0
sub-01_2	7	Pulse	255	911069	13411	0
sub-01_2	8	Picture	71	922885	0	1	10226	1	0	10000	other	0
sub-01_2	8	Pulse	255	931069	8184	0
sub-01_2	9	Picture	71	948112	0	1	10226	1	0	10000	other	0
sub-01_2	9	Pulse	255	951069	2957	0
sub-01_2	9	Pulse	255	971069	22958	0
sub-01_2	10	Picture	71	973338	0	1	10226	1	0	10000	other	0
sub-01_2	10	Pulse	255	991070	17731	0
sub-01_2	11	Picture	71	998565	0	1	10226	1	0	10000	other	0
sub-01_2	11	Pulse	255	1011070	12504	0
sub-01_2	12	Picture	72	1023792	0	1	10226	1	0	10000	other	0
sub-01_2	12	Pulse	255	1031070	7277	0
sub-01_2	13	Picture	72	1049019	0	1	10226	1	0	10000	other	0
sub-01_2	13	Pulse	255	1051070	2050	0
sub-01_2	13	Pulse	255	1071070	22051	0
sub-01_2	14	Picture	72	1074247	0	1	10226	1	0	10000	other	0
sub-01_2	14	Pulse	255	1091071	16824	0
sub-01_2	15	Picture	72	1099474	0	1	10226	1	0	10000	other	0
sub-01_2	15	Pulse	255	1111070	11596	0
sub-01_2	16	Picture	72	1124701	0	1	10226	1	0	10000	other	0
sub-01_2	16	Pulse	255	1131070	6369	0
sub-01_2	17	Picture	72	1149928	0	1	10226	1	0	10000	other	0
sub-01_2	17	Pulse	255	1151070	1142	0
sub-01_2	17	Pulse	255	1171070	21142	0
sub-01_2	18	Picture	72	1175155	0	1	10226	1	0	10000	other	0
sub-01_2	18	Pulse	255	1191070	15915	0
sub-01_2	19	Picture	72	1200382	0	1	10226	1	0	10000	other	0
sub-01_2	19	Pulse	255	1211071	10689	0
sub-01_2	20	Picture	72	1225609	0	1	10226	1	0	10000	other	0
sub-01_2	20	Pulse	255	1231070	5462	0
sub-01_2	21	Picture	72	1250836	0	1	10226	1	0	10000	other	0
sub-01_2	21	Pulse	255	1251071	235	0
sub-01_2	21	Pulse	255	1271071	20235	0
sub-01_2	22	Picture	Bfix	1276064	0	1	30229	1	0	30000	other	0
sub-01_2	22	Pulse	255	1291071	15007	0
sub-01_2	23	Picture	Ins_bouche	1306292	0	1	40226	1	0	40000	other	0
sub-01_2	23	Pulse	255	1311071	4779	0
sub-01_2	23	Pulse	255	1331071	24779	0
sub-01_2	23	Pulse	255	1351071	44779	0
sub-01_2	24	Picture	61	1366519	0	1	10226	1	0	10000	other	0
sub-01_2	24	Pulse	255	1371071	4552	0
sub-01_2	24	Pulse	255	1391072	24552	0
sub-01_2	25	Picture	61	1391746	0	1	10226	1	0	10000	other	0
sub-01_2	25	Pulse	255	1411071	19325	0
sub-01_2	26	Picture	61	1416973	0	1	10226	1	0	10000	other	0
sub-01_2	26	Pulse	255	1431071	14099	0
sub-01_2	27	Picture	61	1442200	0	1	10226	1	0	10000	other	0
sub-01_2	27	Pulse	255	1451072	8872	0
sub-01_2	28	Picture	61	1467427	0	1	10226	1	0	10000	other	0
sub-01_2	28	Pulse	255	1471071	3645	0
sub-01_2	28	Pulse	255	1491072	23645	0
sub-01_2	29	Picture	61	1492653	0	1	10226	1	0	10000	other	0
sub-01_2	29	Pulse	255	1511072	18418	0
sub-01_2	30	Picture	61	1517880	0	1	10226	1	0	10000	other	0
sub-01_2	30	Pulse	255	1531072	13191	0
sub-01_2	31	Picture	61	1543107	0	1	10226	1	0	10000	other	0
sub-01_2	31	Pulse	255	1551072	7965	0
sub-01_2	32	Picture	61	1568334	0	1	10226	1	0	10000	other	0
sub-01_2	32	Pulse	255	1571072	2738	0
sub-01_2	32	Pulse	255	1591072	22738	0
sub-01_2	33	Picture	61	1593561	0	1	10226	1	0	10000	other	0
sub-01_2	33	Pulse	255	1611072	17512	0
sub-01_2	34	Picture	62	1618788	0	1	10226	1	0	10000	other	0
sub-01_2	34	Pulse	255	1631072	12285	0
sub-01_2	35	Picture	62	1644015	0	1	10226	1	0	10000	other	0
sub-01_2	35	Pulse	255	1651072	7058	0
sub-01_2	36	Picture	62	1669242	0	1	10226	1	0	10000	other	0
sub-01_2	36	Pulse	255	1671073	1831	0
sub-01_2	36	Pulse	255	1691073	21831	0
sub-01_2	37	Picture	62	1694469	0	1	10226	1	0	10000	other	0
sub-01_2	37	Pulse	255	1711073	16604	0
sub-01_2	38	Picture	62	1719696	0	1	10226	1	0	10000	other	0
sub-01_2	38	Pulse	255	1731072	11377	0
sub-01_2	39	Picture	62	1744923	0	1	10226	1	0	10000	other	0
sub-01_2	39	Pulse	255	1751073	6151	0
sub-01_2	40	Picture	62	1770150	0	1	10226	1	0	10000	other	0
sub-01_2	40	Pulse	255	1771073	924	0
sub-01_2	40	Pulse	255	1791073	20924	0
sub-01_2	41	Picture	62	1795376	0	1	10226	1	0	10000	other	0
sub-01_2	41	Pulse	255	1811073	15696	0
sub-01_2	42	Picture	62	1820603	0	1	10226	1	0	10000	other	0
sub-01_2	42	Pulse	255	1831073	10470	0
sub-01_2	43	Picture	62	1845830	0	1	10226	1	0	10000	other	0
sub-01_2	43	Pulse	255	1851073	5243	0
sub-01_2	44	Picture	Bfix	1871057	0	1	30229	1	0	30000	other	0
sub-01_2	44	Pulse	255	1871073	16	0
sub-01_2	44	Pulse	255	1891073	20016	0
sub-01_2	45	Picture	Ins_jambe	1901286	0	1	40226	1	0	40000	other	0
sub-01_2	45	Pulse	255	1911074	9788	0
sub-01_2	45	Pulse	255	1931074	29788	0
sub-01_2	45	Pulse	255	1951074	49788	0
sub-01_2	46	Picture	51	1961513	0	1	10226	1	0	10000	other	0
sub-01_2	46	Pulse	255	1971074	9561	0
sub-01_2	47	Picture	51	1986739	0	1	10226	1	0	10000	other	0
sub-01_2	47	Pulse	255	1991074	4334	0
sub-01_2	47	Pulse	255	2011074	24335	0
sub-01_2	48	Picture	51	2011966	0	1	10226	1	0	10000	other	0
sub-01_2	48	Pulse	255	2031074	19108	0
sub-01_2	49	Picture	51	2037193	0	1	10226	1	0	10000	other	0
sub-01_2	49	Pulse	255	2051074	13881	0
sub-01_2	50	Picture	51	2062420	0	1	10226	1	0	10000	other	0
sub-01_2	50	Pulse	255	2071064	8644	0
sub-01_2	51	Picture	51	2087647	0	1	10226	1	0	10000	other	0
sub-01_2	51	Pulse	255	2091064	3417	0
sub-01_2	51	Pulse	255	2111064	23417	0
sub-01_2	52	Picture	51	2112874	0	1	10226	1	0	10000	other	0
sub-01_2	52	Pulse	255	2131065	18190	0
sub-01_2	53	Picture	51	2138101	0	1	10226	1	0	10000	other	0
sub-01_2	53	Pulse	255	2151065	12964	0
sub-01_2	54	Picture	51	2163328	0	1	10226	1	0	10000	other	0
sub-01_2	54	Pulse	255	2171065	7737	0
sub-01_2	55	Picture	51	2188555	0	1	10226	1	0	10000	other	0
sub-01_2	55	Pulse	255	2191065	2510	0
sub-01_2	55	Pulse	255	2211065	22510	0
sub-01_2	56	Picture	52	2213782	0	1	10226	1	0	10000	other	0
sub-01_2	56	Pulse	255	2231065	17283	0
sub-01_2	57	Picture	52	2239009	0	1	10226	1	0	10000	other	0
sub-01_2	57	Pulse	255	2251065	12056	0
sub-01_2	58	Picture	52	2264235	0	1	10226	1	0	10000	other	0
sub-01_2	58	Pulse	255	2271065	6830	0
sub-01_2	59	Picture	52	2289462	0	1	10226	1	0	10000	other	0
sub-01_2	59	Pulse	255	2291065	1603	0
sub-01_2	59	Pulse	255	2311065	21603	0
sub-01_2	60	Picture	52	2314689	0	1	10226	1	0	10000	other	0
sub-01_2	60	Pulse	255	2331065	16376	0
sub-01_2	61	Picture	52	2339916	0	1	10226	1	0	10000	other	0
sub-01_2	61	Pulse	255	2351066	11149	0
sub-01_2	62	Picture	52	2365143	0	1	10226	1	0	10000	other	0
sub-01_2	62	Pulse	255	2371066	5922	0
sub-01_2	63	Picture	52	2390370	0	1	10226	1	0	10000	other	0
sub-01_2	63	Pulse	255	2391066	695	0
sub-01_2	63	Pulse	255	2411066	20696	0
sub-01_2	64	Picture	52	2415597	0	1	10226	1	0	10000	other	0
sub-01_2	64	Pulse	255	2431066	15469	0
sub-01_2	65	Picture	52	2440824	0	1	10226	1	0	10000	other	0
sub-01_2	65	Pulse	255	2451066	10242	0
sub-01_2	66	Picture	Bfix	2466051	0	1	30229	1	0	30000	other	0
sub-01_2	66	Pulse	255	2471066	5015	0
sub-01_2	66	Pulse	255	2491066	25015	0
sub-01_2	67	Picture	Ins_yeux	2496280	0	1	40226	1	0	40000	other	0
sub-01_2	67	Pulse	255	2511066	14786	0
sub-01_2	67	Pulse	255	2531066	34786	0
sub-01_2	67	Pulse	255	2551066	54786	0
sub-01_2	68	Picture	31	2556507	0	1	10226	1	0	10000	other	0
sub-01_2	68	Pulse	255	2571066	14560	0
sub-01_2	69	Picture	31	2581734	0	1	10226	1	0	10000	other	0
sub-01_2	69	Pulse	255	2591066	9333	0
sub-01_2	70	Picture	31	2606961	0	1	10226	1	0	10000	other	0
sub-01_2	70	Pulse	255	2611067	4105	0
sub-01_2	70	Pulse	255	2631067	24105	0
sub-01_2	71	Picture	31	2632188	0	1	10226	1	0	10000	other	0
sub-01_2	71	Pulse	255	2651066	18878	0
sub-01_2	72	Picture	31	2657415	0	1	10226	1	0	10000	other	0
sub-01_2	72	Pulse	255	2671067	13652	0
sub-01_2	73	Picture	31	2682642	0	1	10226	1	0	10000	other	0
sub-01_2	73	Pulse	255	2691067	8425	0
sub-01_2	74	Picture	31	2707869	0	1	10226	1	0	10000	other	0
sub-01_2	74	Pulse	255	2711067	3198	0
sub-01_2	74	Pulse	255	2731067	23198	0
sub-01_2	75	Picture	31	2733096	0	1	10226	1	0	10000	other	0
sub-01_2	75	Pulse	255	2751067	17971	0
sub-01_2	76	Picture	31	2758323	0	1	10226	1	0	10000	other	0
sub-01_2	76	Pulse	255	2771067	12745	0
sub-01_2	77	Picture	31	2783550	0	1	10226	1	0	10000	other	0
sub-01_2	77	Pulse	255	2791067	7517	0
sub-01_2	78	Picture	32	2808776	0	1	10226	1	0	10000	other	0
sub-01_2	78	Pulse	255	2811067	2291	0
sub-01_2	78	Pulse	255	2831068	22291	0
sub-01_2	79	Picture	32	2834003	0	1	10226	1	0	10000	other	0
sub-01_2	79	Pulse	255	2851068	17064	0
sub-01_2	80	Picture	32	2859230	0	1	10226	1	0	10000	other	0
sub-01_2	80	Pulse	255	2871067	11837	0
sub-01_2	81	Picture	32	2884457	0	1	10226	1	0	10000	other	0
sub-01_2	81	Pulse	255	2891068	6611	0
sub-01_2	82	Picture	32	2909684	0	1	10226	1	0	10000	other	0
sub-01_2	82	Pulse	255	2911068	1383	0
sub-01_2	82	Pulse	255	2931068	21384	0
sub-01_2	83	Picture	32	2934911	0	1	10226	1	0	10000	other	0
sub-01_2	83	Pulse	255	2951068	16157	0
sub-01_2	84	Picture	32	2960138	0	1	10226	1	0	10000	other	0
sub-01_2	84	Pulse	255	2971068	10931	0
sub-01_2	85	Picture	32	2985365	0	1	10226	1	0	10000	other	0
sub-01_2	85	Pulse	255	2991068	5703	0
sub-01_2	86	Picture	32	3010591	0	1	10226	1	0	10000	other	0
sub-01_2	86	Pulse	255	3011068	477	0
sub-01_2	86	Pulse	255	3031069	20477	0
sub-01_2	87	Picture	32	3035818	0	1	10226	1	0	10000	other	0
sub-01_2	87	Pulse	255	3051069	15250	0
sub-01_2	88	Picture	Bfix	3061045	0	1	30226	1	0	30000	other	0
sub-01_2	88	Pulse	255	3071069	10024	0
sub-01_2	88	Pulse	255	3091104	30059	0
sub-01_2	89	Picture	Ins_index	3091438	0	1	40226	1	0	40000	other	0
sub-01_2	89	Pulse	255	3111069	19631	0
sub-01_2	89	Pulse	255	3131069	39631	0
sub-01_2	89	Pulse	255	3151069	59631	0
sub-01_2	90	Picture	21	3151665	0	1	10226	1	0	10000	hit	214
sub-01_2	90	Response	1	3156479	4814	1
sub-01_2	90	Pulse	255	3171069	19404	0
sub-01_2	91	Picture	21	3176892	0	1	10226	1	0	10000	hit	217
sub-01_2	91	Response	1	3181069	4177	1
sub-01_2	91	Pulse	255	3191069	14177	0
sub-01_2	92	Picture	21	3202119	0	1	10226	1	0	10000	hit	220
sub-01_2	92	Response	1	3206919	4800	1
sub-01_2	92	Pulse	255	3211069	8950	0
sub-01_2	93	Picture	21	3227346	0	1	10226	1	0	10000	hit	224
sub-01_2	93	Pulse	255	3231069	3724	0
sub-01_2	93	Response	1	3233329	5984	1
sub-01_2	93	Pulse	255	3251069	23724	0
sub-01_2	94	Picture	21	3252574	0	1	10226	1	0	10000	hit	227
sub-01_2	94	Response	1	3255879	3306	1
sub-01_2	94	Pulse	255	3271069	18495	0
sub-01_2	95	Picture	21	3277801	0	1	10226	1	0	10000	hit	230
sub-01_2	95	Response	1	3281250	3449	1
sub-01_2	95	Pulse	255	3291070	13269	0
sub-01_2	96	Picture	21	3303028	0	1	10226	1	0	10000	hit	233
sub-01_2	96	Response	1	3306440	3412	1
sub-01_2	96	Pulse	255	3311069	8041	0
sub-01_2	97	Picture	21	3328255	0	1	10226	1	0	10000	hit	237
sub-01_2	97	Pulse	255	3331069	2815	0
sub-01_2	97	Response	1	3332230	3975	1
sub-01_2	97	Pulse	255	3351070	22815	0
sub-01_2	98	Picture	21	3353482	0	1	10226	1	0	10000	hit	240
sub-01_2	98	Response	1	3356090	2608	1
sub-01_2	98	Pulse	255	3371070	17588	0
sub-01_2	99	Picture	21	3378708	0	1	10226	1	0	10000	hit	243
sub-01_2	99	Response	1	3381300	2592	1
sub-01_2	99	Pulse	255	3391070	12362	0
sub-01_2	100	Picture	22	3403935	0	1	10226	1	0	10000	hit	246
sub-01_2	100	Response	2	3406640	2705	1
sub-01_2	100	Pulse	255	3411070	7134	0
sub-01_2	101	Picture	22	3429162	0	1	10226	1	0	10000	hit	250
sub-01_2	101	Pulse	255	3431070	1908	0
sub-01_2	101	Response	2	3431540	2378	1
sub-01_2	101	Pulse	255	3451070	21908	0
sub-01_2	102	Picture	22	3454389	0	1	10226	1	0	10000	hit	253
sub-01_2	102	Response	2	3457490	3101	1
sub-01_2	102	Pulse	255	3471070	16681	0
sub-01_2	103	Picture	22	3479616	0	1	10226	1	0	10000	hit	256
sub-01_2	103	Response	2	3481470	1854	1
sub-01_2	103	Pulse	255	3491071	11454	0
sub-01_2	104	Picture	22	3504843	0	1	10226	1	0	10000	hit	259
sub-01_2	104	Response	2	3508770	3927	1
sub-01_2	104	Pulse	255	3511070	6227	0
sub-01_2	105	Picture	22	3530070	0	1	10226	1	0	10000	hit	263
sub-01_2	105	Pulse	255	3531071	1001	0
sub-01_2	105	Response	2	3532781	2711	1
sub-01_2	105	Pulse	255	3551071	21001	0
sub-01_2	106	Picture	22	3555297	0	1	10226	1	0	10000	hit	266
sub-01_2	106	Response	2	3557260	1963	1
sub-01_2	106	Pulse	255	3571071	15774	0
sub-01_2	107	Picture	22	3580524	0	1	10226	1	0	10000	hit	269
sub-01_2	107	Response	2	3582080	1557	1
sub-01_2	107	Pulse	255	3591071	10547	0
sub-01_2	108	Picture	22	3605750	0	1	10226	1	0	10000	hit	272
sub-01_2	108	Response	2	3607801	2050	1
sub-01_2	108	Pulse	255	3611071	5321	0
sub-01_2	109	Picture	22	3630977	0	1	10226	1	0	10000	hit	276
sub-01_2	109	Pulse	255	3631071	94	0
sub-01_2	109	Response	2	3632931	1954	1
sub-01_2	109	Pulse	255	3651061	20084	0
sub-01_2	110	Picture	Bfix	3656204	0	1	30228	1	0	30000	other	0
sub-01_2	110	Pulse	255	3671061	14857	0
sub-01_2	111	Picture	Ins_main	3686432	0	1	40226	1	0	40000	other	0
sub-01_2	111	Pulse	255	3691061	4629	0
sub-01_2	111	Pulse	255	3711061	24629	0
sub-01_2	111	Pulse	255	3731061	44629	0
sub-01_2	112	Picture	11	3746659	0	1	10226	1	0	10000	other	0
sub-01_2	112	Pulse	255	3751062	4402	0
sub-01_2	112	Pulse	255	3771062	24402	0
sub-01_2	113	Picture	11	3771886	0	1	10226	1	0	10000	other	0
sub-01_2	113	Pulse	255	3791061	19175	0
sub-01_2	114	Picture	11	3797113	0	1	10226	1	0	10000	other	0
sub-01_2	114	Pulse	255	3811061	13948	0
sub-01_2	115	Picture	11	3822340	0	1	10226	1	0	10000	other	0
sub-01_2	115	Pulse	255	3831062	8722	0
sub-01_2	116	Picture	11	3847567	0	1	10226	1	0	10000	other	0
sub-01_2	116	Pulse	255	3851062	3495	0
sub-01_2	116	Pulse	255	3871062	23495	0
sub-01_2	117	Picture	11	3872794	0	1	10226	1	0	10000	other	0
sub-01_2	117	Pulse	255	3891062	18269	0
sub-01_2	118	Picture	11	3898021	0	1	10226	1	0	10000	other	0
sub-01_2	118	Pulse	255	3911062	13042	0
sub-01_2	119	Picture	11	3923247	0	1	10226	1	0	10000	other	0
sub-01_2	119	Pulse	255	3931062	7815	0
sub-01_2	120	Picture	11	3948474	0	1	10226	1	0	10000	other	0
sub-01_2	120	Pulse	255	3951063	2588	0
sub-01_2	120	Pulse	255	3971063	22588	0
sub-01_2	121	Picture	11	3973701	0	1	10226	1	0	10000	other	0
sub-01_2	121	Pulse	255	3991062	17361	0
sub-01_2	122	Picture	12	3998928	0	1	10226	1	0	10000	other	0
sub-01_2	122	Pulse	255	4011062	12134	0
sub-01_2	123	Picture	12	4024155	0	1	10226	1	0	10000	other	0
sub-01_2	123	Pulse	255	4031063	6908	0
sub-01_2	124	Picture	12	4049382	0	1	10226	1	0	10000	other	0
sub-01_2	124	Pulse	255	4051063	1681	0
sub-01_2	124	Pulse	255	4071063	21681	0
sub-01_2	125	Picture	12	4074609	0	1	10226	1	0	10000	other	0
sub-01_2	125	Pulse	255	4091063	16454	0
sub-01_2	126	Picture	12	4099836	0	1	10226	1	0	10000	other	0
sub-01_2	126	Pulse	255	4111063	11227	0
sub-01_2	127	Picture	12	4125063	0	1	10226	1	0	10000	other	0
sub-01_2	127	Pulse	255	4131063	6000	0
sub-01_2	128	Picture	12	4150290	0	1	10226	1	0	10000	other	0
sub-01_2	128	Pulse	255	4151063	773	0
sub-01_2	128	Pulse	255	4171063	20774	0
sub-01_2	129	Picture	12	4175517	0	1	10226	1	0	10000	other	0
sub-01_2	129	Pulse	255	4191063	15547	0
sub-01_2	130	Picture	12	4200743	0	1	10226	1	0	10000	other	0
sub-01_2	130	Pulse	255	4211064	10320	0
sub-01_2	131	Picture	12	4225970	0	1	10226	1	0	10000	other	0
sub-01_2	131	Pulse	255	4231064	5093	0
sub-01_2	131	Pulse	255	4251064	25094	0
sub-01_2	132	Picture	Bfix	4251197	0	1	30227	1	0	30000	other	0
sub-01_2	132	Pulse	255	4271063	19866	0
sub-01_2	133	Picture	Ins_repos	4281425	0	1	40226	1	0	40000	other	0
sub-01_2	133	Pulse	255	4291064	9640	0
sub-01_2	133	Pulse	255	4311064	29640	0
sub-01_2	133	Pulse	255	4331064	49640	0
sub-01_2	134	Picture	71	4341651	0	1	10226	1	0	10000	other	0
sub-01_2	134	Pulse	255	4351064	9413	0
sub-01_2	135	Picture	71	4366878	0	1	10226	1	0	10000	other	0
sub-01_2	135	Pulse	255	4371064	4186	0
sub-01_2	135	Pulse	255	4391065	24186	0
sub-01_2	136	Picture	71	4392105	0	1	10226	1	0	10000	other	0
sub-01_2	136	Pulse	255	4411064	18959	0
sub-01_2	137	Picture	71	4417332	0	1	10226	1	0	10000	other	0
sub-01_2	137	Pulse	255	4431064	13732	0
sub-01_2	138	Picture	71	4442559	0	1	10226	1	0	10000	other	0
sub-01_2	138	Pulse	255	4451065	8506	0
sub-01_2	139	Picture	71	4467786	0	1	10226	1	0	10000	other	0
sub-01_2	139	Pulse	255	4471064	3278	0
sub-01_2	139	Pulse	255	4491065	23279	0
sub-01_2	140	Picture	71	4493013	0	1	10226	1	0	10000	other	0
sub-01_2	140	Pulse	255	4511065	18052	0
sub-01_2	141	Picture	71	4518240	0	1	10226	1	0	10000	other	0
sub-01_2	141	Pulse	255	4531065	12825	0
sub-01_2	142	Picture	71	4543467	0	1	10226	1	0	10000	other	0
sub-01_2	142	Pulse	255	4551065	7598	0
sub-01_2	143	Picture	71	4568694	0	1	10226	1	0	10000	other	0
sub-01_2	143	Pulse	255	4571065	2371	0
sub-01_2	143	Pulse	255	4591065	22371	0
sub-01_2	144	Picture	72	4593921	0	1	10226	1	0	10000	other	0
sub-01_2	144	Pulse	255	4611065	17144	0
sub-01_2	145	Picture	72	4619148	0	1	10226	1	0	10000	other	0
sub-01_2	145	Pulse	255	4631065	11918	0
sub-01_2	146	Picture	72	4644375	0	1	10226	1	0	10000	other	0
sub-01_2	146	Pulse	255	4651066	6691	0
sub-01_2	147	Picture	72	4669602	0	1	10227	1	0	10000	other	0
sub-01_2	147	Pulse	255	4671066	1463	0
sub-01_2	147	Pulse	255	4691066	21463	0
sub-01_2	148	Picture	72	4694829	0	1	10226	1	0	10000	other	0
sub-01_2	148	Pulse	255	4711066	16237	0
sub-01_2	149	Picture	72	4720056	0	1	10226	1	0	10000	other	0
sub-01_2	149	Pulse	255	4731066	11010	0
sub-01_2	150	Picture	72	4745283	0	1	10226	1	0	10000	other	0
sub-01_2	150	Pulse	255	4751066	5783	0
sub-01_2	151	Picture	72	4770510	0	1	10226	1	0	10000	other	0
sub-01_2	151	Pulse	255	4771066	556	0
sub-01_2	151	Pulse	255	4791066	20556	0
sub-01_2	152	Picture	72	4795737	0	1	10226	1	0	10000	other	0
sub-01_2	152	Pulse	255	4811066	15330	0
sub-01_2	153	Picture	72	4820963	0	1	10226	1	0	10000	other	0
sub-01_2	153	Pulse	255	4831066	10103	0
sub-01_2	154	Picture	Bfix	4846190	0	1	30227	1	0	30000	other	0
sub-01_2	154	Pulse	255	4851066	4876	0
sub-01_2	154	Pulse	255	4871067	24876	0
sub-01_2	155	Picture	Ins_bouche	4876417	0	1	40226	1	0	40000	other	0
sub-01_2	155	Pulse	255	4891067	14649	0
sub-01_2	155	Pulse	255	4911067	34649	0
sub-01_2	155	Pulse	255	4931067	54649	0
sub-01_2	156	Picture	61	4936644	0	1	10226	1	0	10000	other	0
sub-01_2	156	Pulse	255	4951067	14422	0
sub-01_2	157	Picture	61	4961871	0	1	10226	1	0	10000	other	0
sub-01_2	157	Pulse	255	4971067	9196	0
sub-01_2	158	Picture	61	4987098	0	1	10226	1	0	10000	other	0
sub-01_2	158	Pulse	255	4991067	3969	0
sub-01_2	158	Pulse	255	5011067	23969	0
sub-01_2	159	Picture	61	5012325	0	1	10226	1	0	10000	other	0
sub-01_2	159	Pulse	255	5031067	18742	0
sub-01_2	160	Picture	61	5037552	0	1	10226	1	0	10000	other	0
sub-01_2	160	Pulse	255	5051067	13515	0
sub-01_2	161	Picture	61	5062779	0	1	10226	1	0	10000	other	0
sub-01_2	161	Pulse	255	5071067	8289	0
sub-01_2	162	Picture	61	5088006	0	1	10226	1	0	10000	other	0
sub-01_2	162	Pulse	255	5091067	3062	0
sub-01_2	162	Pulse	255	5111067	23062	0
sub-01_2	163	Picture	61	5113233	0	1	10227	1	0	10000	other	0
sub-01_2	163	Pulse	255	5131068	17835	0
sub-01_2	164	Picture	61	5138459	0	1	10226	1	0	10000	other	0
sub-01_2	164	Pulse	255	5151067	12608	0
sub-01_2	165	Picture	61	5163686	0	1	10226	1	0	10000	other	0
sub-01_2	165	Pulse	255	5171068	7382	0
sub-01_2	166	Picture	62	5188913	0	1	10226	1	0	10000	other	0
sub-01_2	166	Pulse	255	5191068	2155	0
sub-01_2	166	Pulse	255	5211067	22154	0
sub-01_2	167	Picture	62	5214140	0	1	10226	1	0	10000	other	0
sub-01_2	167	Pulse	255	5231068	16928	0
sub-01_2	168	Picture	62	5239367	0	1	10226	1	0	10000	other	0
sub-01_2	168	Pulse	255	5251058	11691	0
sub-01_2	169	Picture	62	5264594	0	1	10226	1	0	10000	other	0
sub-01_2	169	Pulse	255	5271058	6464	0
sub-01_2	170	Picture	62	5289821	0	1	10226	1	0	10000	other	0
sub-01_2	170	Pulse	255	5291058	1237	0
sub-01_2	170	Pulse	255	5311059	21238	0
sub-01_2	171	Picture	62	5315048	0	1	10226	1	0	10000	other	0
sub-01_2	171	Pulse	255	5331059	16011	0
sub-01_2	172	Picture	62	5340275	0	1	10226	1	0	10000	other	0
sub-01_2	172	Pulse	255	5351059	10784	0
sub-01_2	173	Picture	62	5365502	0	1	10226	1	0	10000	other	0
sub-01_2	173	Pulse	255	5371059	5557	0
sub-01_2	174	Picture	62	5390728	0	1	10226	1	0	10000	other	0
sub-01_2	174	Pulse	255	5391059	331	0
sub-01_2	174	Pulse	255	5411059	20330	0
sub-01_2	175	Picture	62	5415955	0	1	10226	1	0	10000	other	0
sub-01_2	175	Pulse	255	5431059	15104	0
sub-01_2	176	Picture	Bfix	5441183	0	1	30227	1	0	30000	other	0
sub-01_2	176	Pulse	255	5451059	9876	0
sub-01_2	176	Pulse	255	5471058	29876	0
sub-01_2	177	Picture	Ins_jambe	5471410	0	1	40226	1	0	40000	other	0
sub-01_2	177	Pulse	255	5491059	19649	0
sub-01_2	177	Pulse	255	5511059	39650	0
sub-01_2	177	Pulse	255	5531059	59649	0
sub-01_2	178	Picture	51	5531636	0	1	10226	1	0	10000	other	0
sub-01_2	178	Pulse	255	5551060	19423	0
sub-01_2	179	Picture	51	5556863	0	1	10226	1	0	10000	other	0
sub-01_2	179	Pulse	255	5571060	14196	0
sub-01_2	180	Picture	51	5582090	0	1	10226	1	0	10000	other	0
sub-01_2	180	Pulse	255	5591060	8969	0
sub-01_2	181	Picture	51	5607317	0	1	10226	1	0	10000	other	0
sub-01_2	181	Pulse	255	5611059	3742	0
sub-01_2	181	Pulse	255	5631060	23742	0
sub-01_2	182	Picture	51	5632544	0	1	10226	1	0	10000	other	0
sub-01_2	182	Pulse	255	5651060	18515	0
sub-01_2	183	Picture	51	5657771	0	1	10226	1	0	10000	other	0
sub-01_2	183	Pulse	255	5671060	13289	0
sub-01_2	184	Picture	51	5682998	0	1	10226	1	0	10000	other	0
sub-01_2	184	Pulse	255	5691060	8062	0
sub-01_2	185	Picture	51	5708225	0	1	10226	1	0	10000	other	0
sub-01_2	185	Pulse	255	5711060	2835	0
sub-01_2	185	Pulse	255	5731060	22835	0
sub-01_2	186	Picture	51	5733452	0	1	10226	1	0	10000	other	0
sub-01_2	186	Pulse	255	5751060	17608	0
sub-01_2	187	Picture	51	5758679	0	1	10226	1	0	10000	other	0
sub-01_2	187	Pulse	255	5771060	12382	0
sub-01_2	188	Picture	52	5783906	0	1	10226	1	0	10000	other	0
sub-01_2	188	Pulse	255	5791060	7154	0
sub-01_2	189	Picture	52	5809133	0	1	10226	1	0	10000	other	0
sub-01_2	189	Pulse	255	5811060	1928	0
sub-01_2	189	Pulse	255	5831061	21928	0
sub-01_2	190	Picture	52	5834359	0	1	10226	1	0	10000	other	0
sub-01_2	190	Pulse	255	5851060	16701	0
sub-01_2	191	Picture	52	5859586	0	1	10226	1	0	10000	other	0
sub-01_2	191	Pulse	255	5871060	11474	0
sub-01_2	192	Picture	52	5884813	0	1	10226	1	0	10000	other	0
sub-01_2	192	Pulse	255	5891061	6247	0
sub-01_2	193	Picture	52	5910040	0	1	10226	1	0	10000	other	0
sub-01_2	193	Pulse	255	5911061	1021	0
sub-01_2	193	Pulse	255	5931061	21021	0
sub-01_2	194	Picture	52	5935267	0	1	10226	1	0	10000	other	0
sub-01_2	194	Pulse	255	5951061	15794	0
sub-01_2	195	Picture	52	5960494	0	1	10226	1	0	10000	other	0
sub-01_2	195	Pulse	255	5971061	10567	0
sub-01_2	196	Picture	52	5985721	0	1	10226	1	0	10000	other	0
sub-01_2	196	Pulse	255	5991061	5341	0
sub-01_2	197	Picture	52	6010948	0	1	10226	1	0	10000	other	0
sub-01_2	197	Pulse	255	6011062	114	0
sub-01_2	197	Pulse	255	6031061	20113	0
sub-01_2	198	Picture	Bfix	6036175	0	1	30227	1	0	30000	other	0
sub-01_2	198	Pulse	255	6051061	14887	0
sub-01_2	199	Picture	Ins_yeux	6066402	0	1	40226	1	0	40000	other	0
sub-01_2	199	Pulse	255	6071062	4660	0
sub-01_2	199	Pulse	255	6091062	24660	0
sub-01_2	199	Pulse	255	6111062	44660	0
sub-01_2	200	Picture	31	6126629	0	1	10226	1	0	10000	other	0
sub-01_2	200	Pulse	255	6131062	4433	0
sub-01_2	200	Pulse	255	6151062	24433	0
sub-01_2	201	Picture	31	6151856	0	1	10226	1	0	10000	other	0
sub-01_2	201	Pulse	255	6171062	19206	0
sub-01_2	202	Picture	31	6177083	0	1	10226	1	0	10000	other	0
sub-01_2	202	Pulse	255	6191062	13979	0
sub-01_2	203	Picture	31	6202310	0	1	10226	1	0	10000	other	0
sub-01_2	203	Pulse	255	6211062	8753	0
sub-01_2	204	Picture	31	6227537	0	1	10226	1	0	10000	other	0
sub-01_2	204	Pulse	255	6231063	3526	0
sub-01_2	204	Pulse	255	6251062	23525	0
sub-01_2	205	Picture	31	6252764	0	1	10226	1	0	10000	other	0
sub-01_2	205	Pulse	255	6271063	18299	0
sub-01_2	206	Picture	31	6277991	0	1	10226	1	0	10000	other	0
sub-01_2	206	Pulse	255	6291063	13072	0
sub-01_2	207	Picture	31	6303217	0	1	10226	1	0	10000	other	0
sub-01_2	207	Pulse	255	6311063	7845	0
sub-01_2	208	Picture	31	6328444	0	1	10226	1	0	10000	other	0
sub-01_2	208	Pulse	255	6331063	2619	0
sub-01_2	208	Pulse	255	6351063	22619	0
sub-01_2	209	Picture	31	6353671	0	1	10226	1	0	10000	other	0
sub-01_2	209	Pulse	255	6371063	17392	0
sub-01_2	210	Picture	32	6378898	0	1	10226	1	0	10000	other	0
sub-01_2	210	Pulse	255	6391063	12164	0
sub-01_2	211	Picture	32	6404125	0	1	10226	1	0	10000	other	0
sub-01_2	211	Pulse	255	6411063	6938	0
sub-01_2	212	Picture	32	6429352	0	1	10226	1	0	10000	other	0
sub-01_2	212	Pulse	255	6431063	1711	0
sub-01_2	212	Pulse	255	6451063	21712	0
sub-01_2	213	Picture	32	6454579	0	1	10226	1	0	10000	other	0
sub-01_2	213	Pulse	255	6471063	16484	0
sub-01_2	214	Picture	32	6479806	0	1	10226	1	0	10000	other	0
sub-01_2	214	Pulse	255	6491064	11257	0
sub-01_2	215	Picture	32	6505034	0	1	10226	1	0	10000	other	0
sub-01_2	215	Pulse	255	6511063	6030	0
sub-01_2	216	Picture	32	6530260	0	1	10226	1	0	10000	other	0
sub-01_2	216	Pulse	255	6531064	803	0
sub-01_2	216	Pulse	255	6551064	20803	0
sub-01_2	217	Picture	32	6555487	0	1	10226	1	0	10000	other	0
sub-01_2	217	Pulse	255	6571064	15577	0
sub-01_2	218	Picture	32	6580714	0	1	10226	1	0	10000	other	0
sub-01_2	218	Pulse	255	6591064	10350	0
sub-01_2	219	Picture	32	6605941	0	1	10226	1	0	10000	other	0
sub-01_2	219	Pulse	255	6611064	5123	0
sub-01_2	219	Pulse	255	6631064	25123	0
sub-01_2	220	Picture	Bfix	6631168	0	1	30226	1	0	30000	other	0
sub-01_2	220	Pulse	255	6651064	19896	0
sub-01_2	221	Picture	Ins_index	6661561	0	1	40227	1	0	40000	other	0
sub-01_2	221	Pulse	255	6671064	9504	0
sub-01_2	221	Pulse	255	6691065	29504	0
sub-01_2	221	Pulse	255	6711065	49504	0
sub-01_2	222	Picture	21	6721792	0	1	10226	1	0	10000	hit	544
sub-01_2	222	Response	1	6725205	3413	1
sub-01_2	222	Pulse	255	6731065	9273	0
sub-01_2	223	Picture	21	6747019	0	1	10226	1	0	10000	hit	548
sub-01_2	223	Pulse	255	6751064	4046	0
sub-01_2	223	Response	1	6751604	4585	1
sub-01_2	223	Pulse	255	6771065	24046	0
sub-01_2	224	Picture	21	6772246	0	1	10226	1	0	10000	hit	551
sub-01_2	224	Response	1	6776114	3869	1
sub-01_2	224	Pulse	255	6791065	18819	0
sub-01_2	225	Picture	21	6797472	0	1	10226	1	0	10000	hit	554
sub-01_2	225	Response	1	6800145	2673	1
sub-01_2	225	Pulse	255	6811065	13592	0
sub-01_2	226	Picture	21	6822699	0	1	10226	1	0	10000	hit	557
sub-01_2	226	Response	1	6825565	2866	1
sub-01_2	226	Pulse	255	6831055	8356	0
sub-01_2	227	Picture	21	6847926	0	1	10226	1	0	10000	hit	561
sub-01_2	227	Pulse	255	6851055	3129	0
sub-01_2	227	Response	1	6851145	3219	1
sub-01_2	227	Pulse	255	6871055	23129	0
sub-01_2	228	Picture	21	6873153	0	1	10226	1	0	10000	hit	564
sub-01_2	228	Response	1	6877865	4712	1
sub-01_2	228	Pulse	255	6891055	17902	0
sub-01_2	229	Picture	21	6898380	0	1	10226	1	0	10000	hit	567
sub-01_2	229	Response	1	6901305	2925	1
sub-01_2	229	Pulse	255	6911055	12675	0
sub-01_2	230	Picture	21	6923607	0	1	10226	1	0	10000	hit	570
sub-01_2	230	Response	1	6926595	2988	1
sub-01_2	230	Pulse	255	6931055	7448	0
sub-01_2	231	Picture	21	6948834	0	1	10226	1	0	10000	hit	574
sub-01_2	231	Pulse	255	6951056	2221	0
sub-01_2	231	Response	1	6951715	2881	1
sub-01_2	231	Pulse	255	6971056	22221	0
sub-01_2	232	Picture	22	6974061	0	1	10226	1	0	10000	hit	577
sub-01_2	232	Response	2	6978246	4185	1
sub-01_2	232	Pulse	255	6991055	16994	0
sub-01_2	233	Picture	22	6999288	0	1	10226	1	0	10000	hit	580
sub-01_2	233	Response	2	7001536	2248	1
sub-01_2	233	Pulse	255	7011056	11768	0
sub-01_2	234	Picture	22	7024515	0	1	10226	1	0	10000	hit	583
sub-01_2	234	Response	2	7027276	2761	1
sub-01_2	234	Pulse	255	7031056	6541	0
sub-01_2	235	Picture	22	7049742	0	1	10226	1	0	10000	hit	587
sub-01_2	235	Pulse	255	7051056	1314	0
sub-01_2	235	Response	2	7052616	2874	1
sub-01_2	235	Pulse	255	7071056	21314	0
sub-01_2	236	Picture	22	7074969	0	1	10226	1	0	10000	hit	590
sub-01_2	236	Response	2	7078546	3577	1
sub-01_2	236	Pulse	255	7091056	16087	0
sub-01_2	237	Picture	22	7100196	0	1	10226	1	0	10000	hit	593
sub-01_2	237	Response	2	7103526	3330	1
sub-01_2	237	Pulse	255	7111056	10861	0
sub-01_2	238	Picture	22	7125423	0	1	10226	1	0	10000	hit	596
sub-01_2	238	Response	2	7127416	1993	1
sub-01_2	238	Pulse	255	7131056	5634	0
sub-01_2	239	Picture	22	7150649	0	1	10226	1	0	10000	hit	600
sub-01_2	239	Pulse	255	7151057	407	0
sub-01_2	239	Response	2	7152976	2326	1
sub-01_2	239	Pulse	255	7171057	20407	0
sub-01_2	240	Picture	22	7175877	0	1	10226	1	0	10000	hit	603
sub-01_2	240	Response	2	7178716	2839	1
sub-01_2	240	Pulse	255	7191056	15179	0
sub-01_2	241	Picture	22	7201104	0	1	10226	1	0	10000	hit	606
sub-01_2	241	Response	2	7203377	2273	1
sub-01_2	241	Pulse	255	7211057	9953	0
sub-01_2	242	Picture	Bfix	7226331	0	1	30227	1	0	30000	other	0
sub-01_2	242	Pulse	255	7231057	4726	0
sub-01_2	242	Pulse	255	7251057	24726	0
sub-01_2	243	Picture	Ins_main	7256558	0	1	40226	1	0	40000	other	0
sub-01_2	243	Pulse	255	7271057	14499	0
sub-01_2	243	Pulse	255	7291057	34499	0
sub-01_2	243	Pulse	255	7311057	54499	0
sub-01_2	244	Picture	11	7316785	0	1	10226	1	0	10000	other	0
sub-01_2	244	Pulse	255	7331057	14273	0
sub-01_2	245	Picture	11	7342011	0	1	10226	1	0	10000	other	0
sub-01_2	245	Pulse	255	7351057	9046	0
sub-01_2	246	Picture	11	7367238	0	1	10226	1	0	10000	other	0
sub-01_2	246	Pulse	255	7371057	3819	0
sub-01_2	246	Pulse	255	7391058	23819	0
sub-01_2	247	Picture	11	7392466	0	1	10226	1	0	10000	other	0
sub-01_2	247	Pulse	255	7411058	18592	0
sub-01_2	248	Picture	11	7417693	0	1	10226	1	0	10000	other	0
sub-01_2	248	Pulse	255	7431058	13365	0
sub-01_2	249	Picture	11	7442920	0	1	10226	1	0	10000	other	0
sub-01_2	249	Pulse	255	7451058	8138	0
sub-01_2	250	Picture	11	7468147	0	1	10226	1	0	10000	other	0
sub-01_2	250	Pulse	255	7471058	2911	0
sub-01_2	250	Pulse	255	7491058	22911	0
sub-01_2	251	Picture	11	7493373	0	1	10226	1	0	10000	other	0
sub-01_2	251	Pulse	255	7511058	17685	0
sub-01_2	252	Picture	11	7518600	0	1	10226	1	0	10000	other	0
sub-01_2	252	Pulse	255	7531058	12458	0
sub-01_2	253	Picture	11	7543827	0	1	10226	1	0	10000	other	0
sub-01_2	253	Pulse	255	7551058	7231	0
sub-01_2	254	Picture	12	7569054	0	1	10226	1	0	10000	other	0
sub-01_2	254	Pulse	255	7571058	2004	0
sub-01_2	254	Pulse	255	7591058	22004	0
sub-01_2	255	Picture	12	7594281	0	1	10226	1	0	10000	other	0
sub-01_2	255	Pulse	255	7611059	16777	0
sub-01_2	256	Picture	12	7619508	0	1	10226	1	0	10000	other	0
sub-01_2	256	Pulse	255	7631059	11551	0
sub-01_2	257	Picture	12	7644735	0	1	10226	1	0	10000	other	0
sub-01_2	257	Pulse	255	7651058	6324	0
sub-01_2	258	Picture	12	7669962	0	1	10226	1	0	10000	other	0
sub-01_2	258	Pulse	255	7671059	1097	0
sub-01_2	258	Pulse	255	7691058	21097	0
sub-01_2	259	Picture	12	7695189	0	1	10226	1	0	10000	other	0
sub-01_2	259	Pulse	255	7711059	15870	0
sub-01_2	260	Picture	12	7720416	0	1	10226	1	0	10000	other	0
sub-01_2	260	Pulse	255	7731059	10644	0
sub-01_2	261	Picture	12	7745643	0	1	10226	1	0	10000	other	0
sub-01_2	261	Pulse	255	7751059	5417	0
sub-01_2	262	Picture	12	7770870	0	1	10226	1	0	10000	other	0
sub-01_2	262	Pulse	255	7771060	190	0
sub-01_2	262	Pulse	255	7791059	20190	0
sub-01_2	263	Picture	12	7796097	0	1	10226	1	0	10000	other	0
sub-01_2	263	Pulse	255	7811059	14963	0
sub-01_2	264	Picture	Bfix	7821323	0	1	71934	1	0	60000	other	0
sub-01_2	264	Pulse	255	7831060	9736	0
sub-01_2	264	Pulse	255	7851060	29736	0
sub-01_2	264	Pulse	255	7871060	49736	0
