Scenario - loca_moto_bis
Logfile written - 06/12/2018 10:37:49

Subject	Trial	Event Type	Code	Time	TTime	Uncertainty	Duration	Uncertainty	ReqTime	ReqDur	Stim Type	Pair Index

sub-12_2	0	Pulse	255	870073	870073	0
sub-12_2	1	Picture	Ins_repos	870302	0	1	40226	1	0	40000	other	0
sub-12_2	1	Pulse	255	890072	19771	0
sub-12_2	1	Pulse	255	910073	39772	0
sub-12_2	1	Pulse	255	930074	59772	0
sub-12_2	2	Picture	71	930529	0	1	10226	1	0	10000	other	0
sub-12_2	2	Pulse	255	950073	19544	0
sub-12_2	3	Picture	71	955755	0	1	10226	1	0	10000	other	0
sub-12_2	3	Pulse	255	970073	14318	0
sub-12_2	4	Picture	71	980982	0	1	10226	1	0	10000	other	0
sub-12_2	4	Pulse	255	990073	9090	0
sub-12_2	5	Picture	71	1006209	0	1	10226	1	0	10000	other	0
sub-12_2	5	Pulse	255	1010073	3864	0
sub-12_2	5	Pulse	255	1030073	23864	0
sub-12_2	6	Picture	71	1031436	0	1	10226	1	0	10000	other	0
sub-12_2	6	Pulse	255	1050073	18637	0
sub-12_2	7	Picture	71	1056663	0	1	10226	1	0	10000	other	0
sub-12_2	7	Pulse	255	1070073	13411	0
sub-12_2	8	Picture	71	1081890	0	1	10226	1	0	10000	other	0
sub-12_2	8	Pulse	255	1090073	8183	0
sub-12_2	9	Picture	71	1107116	0	1	10226	1	0	10000	other	0
sub-12_2	9	Pulse	255	1110073	2956	0
sub-12_2	9	Pulse	255	1130073	22957	0
sub-12_2	10	Picture	71	1132343	0	1	10226	1	0	10000	other	0
sub-12_2	10	Pulse	255	1150073	17730	0
sub-12_2	11	Picture	71	1157570	0	1	10226	1	0	10000	other	0
sub-12_2	11	Pulse	255	1170073	12503	0
sub-12_2	12	Picture	72	1182797	0	1	10226	1	0	10000	other	0
sub-12_2	12	Pulse	255	1190074	7277	0
sub-12_2	13	Picture	72	1208024	0	1	10226	1	0	10000	other	0
sub-12_2	13	Pulse	255	1210073	2050	0
sub-12_2	13	Pulse	255	1230072	22049	0
sub-12_2	14	Picture	72	1233250	0	1	10226	1	0	10000	other	0
sub-12_2	14	Pulse	255	1250073	16823	0
sub-12_2	15	Picture	72	1258477	0	1	10226	1	0	10000	other	0
sub-12_2	15	Pulse	255	1270073	11596	0
sub-12_2	16	Picture	72	1283704	0	1	10226	1	0	10000	other	0
sub-12_2	16	Pulse	255	1290074	6370	0
sub-12_2	17	Picture	72	1308931	0	1	10226	1	0	10000	other	0
sub-12_2	17	Pulse	255	1310073	1143	0
sub-12_2	17	Pulse	255	1330074	21144	0
sub-12_2	18	Picture	72	1334157	0	1	10226	1	0	10000	other	0
sub-12_2	18	Pulse	255	1350073	15916	0
sub-12_2	19	Picture	72	1359384	0	1	10226	1	0	10000	other	0
sub-12_2	19	Pulse	255	1370074	10690	0
sub-12_2	20	Picture	72	1384611	0	1	10226	1	0	10000	other	0
sub-12_2	20	Pulse	255	1390074	5463	0
sub-12_2	21	Picture	72	1409838	0	1	10226	1	0	10000	other	0
sub-12_2	21	Pulse	255	1410074	236	0
sub-12_2	21	Pulse	255	1430074	20236	0
sub-12_2	22	Picture	Bfix	1435066	0	1	30228	1	0	30000	other	0
sub-12_2	22	Pulse	255	1450074	15008	0
sub-12_2	23	Picture	Ins_bouche	1465294	0	1	40226	1	0	40000	other	0
sub-12_2	23	Pulse	255	1470074	4780	0
sub-12_2	23	Pulse	255	1490074	24780	0
sub-12_2	23	Pulse	255	1510075	44781	0
sub-12_2	24	Picture	61	1525521	0	1	10226	1	0	10000	other	0
sub-12_2	24	Pulse	255	1530074	4553	0
sub-12_2	24	Pulse	255	1550074	24553	0
sub-12_2	25	Picture	61	1550747	0	1	10226	1	0	10000	other	0
sub-12_2	25	Pulse	255	1570075	19327	0
sub-12_2	26	Picture	61	1575974	0	1	10226	1	0	10000	other	0
sub-12_2	26	Pulse	255	1590074	14100	0
sub-12_2	27	Picture	61	1601201	0	1	10226	1	0	10000	other	0
sub-12_2	27	Pulse	255	1610074	8873	0
sub-12_2	28	Picture	61	1626428	0	1	10226	1	0	10000	other	0
sub-12_2	28	Pulse	255	1630074	3646	0
sub-12_2	28	Pulse	255	1650064	23636	0
sub-12_2	29	Picture	61	1651654	0	1	10226	1	0	10000	other	0
sub-12_2	29	Pulse	255	1670065	18410	0
sub-12_2	30	Picture	61	1676881	0	1	10226	1	0	10000	other	0
sub-12_2	30	Pulse	255	1690063	13182	0
sub-12_2	31	Picture	61	1702108	0	1	10226	1	0	10000	other	0
sub-12_2	31	Pulse	255	1710065	7957	0
sub-12_2	32	Picture	61	1727335	0	1	10226	1	0	10000	other	0
sub-12_2	32	Pulse	255	1730065	2730	0
sub-12_2	32	Pulse	255	1750064	22730	0
sub-12_2	33	Picture	61	1752562	0	1	10226	1	0	10000	other	0
sub-12_2	33	Pulse	255	1770064	17503	0
sub-12_2	34	Picture	62	1777789	0	1	10226	1	0	10000	other	0
sub-12_2	34	Pulse	255	1790065	12276	0
sub-12_2	35	Picture	62	1803015	0	1	10226	1	0	10000	other	0
sub-12_2	35	Pulse	255	1810064	7049	0
sub-12_2	36	Picture	62	1828242	0	1	10226	1	0	10000	other	0
sub-12_2	36	Pulse	255	1830065	1823	0
sub-12_2	36	Pulse	255	1850065	21823	0
sub-12_2	37	Picture	62	1853469	0	1	10226	1	0	10000	other	0
sub-12_2	37	Pulse	255	1870065	16596	0
sub-12_2	38	Picture	62	1878695	0	1	10226	1	0	10000	other	0
sub-12_2	38	Pulse	255	1890065	11370	0
sub-12_2	39	Picture	62	1903922	0	1	10226	1	0	10000	other	0
sub-12_2	39	Pulse	255	1910065	6143	0
sub-12_2	40	Picture	62	1929149	0	1	10226	1	0	10000	other	0
sub-12_2	40	Pulse	255	1930065	916	0
sub-12_2	40	Pulse	255	1950065	20916	0
sub-12_2	41	Picture	62	1954376	0	1	10226	1	0	10000	other	0
sub-12_2	41	Pulse	255	1970065	15690	0
sub-12_2	42	Picture	62	1979602	0	1	10226	1	0	10000	other	0
sub-12_2	42	Pulse	255	1990065	10463	0
sub-12_2	43	Picture	62	2004829	0	1	10226	1	0	10000	other	0
sub-12_2	43	Pulse	255	2010065	5236	0
sub-12_2	44	Picture	Bfix	2030056	0	1	30228	1	0	30000	other	0
sub-12_2	44	Pulse	255	2030066	10	0
sub-12_2	44	Pulse	255	2050065	20009	0
sub-12_2	45	Picture	Ins_jambe	2060284	0	1	40226	1	0	40000	other	0
sub-12_2	45	Pulse	255	2070066	9781	0
sub-12_2	45	Pulse	255	2090065	29781	0
sub-12_2	45	Pulse	255	2110065	49781	0
sub-12_2	46	Picture	51	2120511	0	1	10226	1	0	10000	other	0
sub-12_2	46	Pulse	255	2130066	9555	0
sub-12_2	47	Picture	51	2145738	0	1	10226	1	0	10000	other	0
sub-12_2	47	Pulse	255	2150065	4328	0
sub-12_2	47	Pulse	255	2170065	24327	0
sub-12_2	48	Picture	51	2170965	0	1	10226	1	0	10000	other	0
sub-12_2	48	Pulse	255	2190066	19101	0
sub-12_2	49	Picture	51	2196191	0	1	10226	1	0	10000	other	0
sub-12_2	49	Pulse	255	2210066	13874	0
sub-12_2	50	Picture	51	2221418	0	1	10225	1	0	10000	other	0
sub-12_2	50	Pulse	255	2230065	8647	0
sub-12_2	51	Picture	51	2246645	0	1	10226	1	0	10000	other	0
sub-12_2	51	Pulse	255	2250066	3421	0
sub-12_2	51	Pulse	255	2270066	23421	0
sub-12_2	52	Picture	51	2271872	0	1	10226	1	0	10000	other	0
sub-12_2	52	Pulse	255	2290066	18194	0
sub-12_2	53	Picture	51	2297099	0	1	10226	1	0	10000	other	0
sub-12_2	53	Pulse	255	2310066	12967	0
sub-12_2	54	Picture	51	2322325	0	1	10226	1	0	10000	other	0
sub-12_2	54	Pulse	255	2330067	7741	0
sub-12_2	55	Picture	51	2347552	0	1	10226	1	0	10000	other	0
sub-12_2	55	Pulse	255	2350066	2514	0
sub-12_2	55	Pulse	255	2370066	22513	0
sub-12_2	56	Picture	52	2372779	0	1	10226	1	0	10000	other	0
sub-12_2	56	Pulse	255	2390066	17287	0
sub-12_2	57	Picture	52	2398006	0	1	10226	1	0	10000	other	0
sub-12_2	57	Pulse	255	2410066	12060	0
sub-12_2	58	Picture	52	2423233	0	1	10226	1	0	10000	other	0
sub-12_2	58	Pulse	255	2430066	6833	0
sub-12_2	59	Picture	52	2448460	0	1	10226	1	0	10000	other	0
sub-12_2	59	Pulse	255	2450066	1607	0
sub-12_2	59	Pulse	255	2470066	21606	0
sub-12_2	60	Picture	52	2473686	0	1	10226	1	0	10000	other	0
sub-12_2	60	Pulse	255	2490066	16380	0
sub-12_2	61	Picture	52	2498913	0	1	10226	1	0	10000	other	0
sub-12_2	61	Pulse	255	2510066	11153	0
sub-12_2	62	Picture	52	2524140	0	1	10226	1	0	10000	other	0
sub-12_2	62	Pulse	255	2530066	5926	0
sub-12_2	63	Picture	52	2549366	0	1	10226	1	0	10000	other	0
sub-12_2	63	Pulse	255	2550067	700	0
sub-12_2	63	Pulse	255	2570066	20700	0
sub-12_2	64	Picture	52	2574593	0	1	10226	1	0	10000	other	0
sub-12_2	64	Pulse	255	2590066	15473	0
sub-12_2	65	Picture	52	2599820	0	1	10226	1	0	10000	other	0
sub-12_2	65	Pulse	255	2610065	10245	0
sub-12_2	66	Picture	Bfix	2625047	0	1	30229	1	0	30000	other	0
sub-12_2	66	Pulse	255	2630066	5019	0
sub-12_2	66	Pulse	255	2650067	25020	0
sub-12_2	67	Picture	Ins_yeux	2655275	0	1	40226	1	0	40000	other	0
sub-12_2	67	Pulse	255	2670066	14791	0
sub-12_2	67	Pulse	255	2690066	34791	0
sub-12_2	67	Pulse	255	2710066	54791	0
sub-12_2	68	Picture	31	2715502	0	1	10226	1	0	10000	other	0
sub-12_2	68	Pulse	255	2730067	14565	0
sub-12_2	69	Picture	31	2740729	0	1	10226	1	0	10000	other	0
sub-12_2	69	Pulse	255	2750067	9338	0
sub-12_2	70	Picture	31	2765956	0	1	10226	1	0	10000	other	0
sub-12_2	70	Pulse	255	2770066	4111	0
sub-12_2	70	Pulse	255	2790067	24111	0
sub-12_2	71	Picture	31	2791182	0	1	10226	1	0	10000	other	0
sub-12_2	71	Pulse	255	2810067	18884	0
sub-12_2	72	Picture	31	2816409	0	1	10226	1	0	10000	other	0
sub-12_2	72	Pulse	255	2830067	13658	0
sub-12_2	73	Picture	31	2841636	0	1	10226	1	0	10000	other	0
sub-12_2	73	Pulse	255	2850067	8431	0
sub-12_2	74	Picture	31	2866863	0	1	10226	1	0	10000	other	0
sub-12_2	74	Pulse	255	2870067	3204	0
sub-12_2	74	Pulse	255	2890067	23204	0
sub-12_2	75	Picture	31	2892090	0	1	10225	1	0	10000	other	0
sub-12_2	75	Pulse	255	2910066	17976	0
sub-12_2	76	Picture	31	2917317	0	1	10226	1	0	10000	other	0
sub-12_2	76	Pulse	255	2930067	12751	0
sub-12_2	77	Picture	31	2942543	0	1	10225	1	0	10000	other	0
sub-12_2	77	Pulse	255	2950067	7523	0
sub-12_2	78	Picture	32	2967770	0	1	10226	1	0	10000	other	0
sub-12_2	78	Pulse	255	2970067	2297	0
sub-12_2	78	Pulse	255	2990066	22296	1
sub-12_2	79	Picture	32	2992997	0	1	10226	1	0	10000	other	0
sub-12_2	79	Pulse	255	3010067	17070	0
sub-12_2	80	Picture	32	3018224	0	1	10226	1	0	10000	other	0
sub-12_2	80	Pulse	255	3030066	11843	0
sub-12_2	81	Picture	32	3043450	0	1	10226	1	0	10000	other	0
sub-12_2	81	Pulse	255	3050067	6616	0
sub-12_2	82	Picture	32	3068677	0	1	10226	1	0	10000	other	0
sub-12_2	82	Pulse	255	3070067	1390	0
sub-12_2	82	Pulse	255	3090068	21391	0
sub-12_2	83	Picture	32	3093904	0	1	10226	1	0	10000	other	0
sub-12_2	83	Pulse	255	3110067	16163	0
sub-12_2	84	Picture	32	3119131	0	1	10226	1	0	10000	other	0
sub-12_2	84	Pulse	255	3130067	10937	0
sub-12_2	85	Picture	32	3144357	0	1	10226	1	0	10000	other	0
sub-12_2	85	Pulse	255	3150067	5710	0
sub-12_2	86	Picture	32	3169584	0	1	10226	1	0	10000	other	0
sub-12_2	86	Pulse	255	3170067	483	0
sub-12_2	86	Pulse	255	3190067	20483	0
sub-12_2	87	Picture	32	3194811	0	1	10226	1	0	10000	other	0
sub-12_2	87	Pulse	255	3210068	15257	0
sub-12_2	88	Picture	Bfix	3220038	0	1	30228	1	0	30000	other	0
sub-12_2	88	Pulse	255	3230067	10030	0
sub-12_2	88	Pulse	255	3250099	30061	0
sub-12_2	89	Picture	Ins_index	3250266	0	1	40226	1	0	40000	other	0
sub-12_2	89	Pulse	255	3270067	19802	0
sub-12_2	89	Pulse	255	3290067	39801	0
sub-12_2	89	Pulse	255	3310068	59802	0
sub-12_2	90	Picture	21	3310457	0	1	10226	1	0	10000	hit	214
sub-12_2	90	Response	1	3320808	10351	1
sub-12_2	90	Pulse	255	3330068	19611	0
sub-12_2	91	Picture	21	3335683	0	1	10226	1	0	10000	hit	217
sub-12_2	91	Response	1	3345158	9474	1
sub-12_2	91	Pulse	255	3350067	14384	0
sub-12_2	92	Picture	21	3360910	0	1	10226	1	0	10000	hit	220
sub-12_2	92	Response	1	3368588	7677	1
sub-12_2	92	Pulse	255	3370067	9157	0
sub-12_2	93	Picture	21	3386137	0	1	10226	1	0	10000	hit	224
sub-12_2	93	Pulse	255	3390068	3930	0
sub-12_2	93	Response	1	3394578	8441	1
sub-12_2	93	Pulse	255	3410068	23930	0
sub-12_2	94	Picture	21	3411364	0	1	10226	1	0	10000	hit	227
sub-12_2	94	Response	1	3420588	9224	1
sub-12_2	94	Pulse	255	3430068	18704	0
sub-12_2	95	Picture	21	3436591	0	1	10226	1	0	10000	hit	230
sub-12_2	95	Response	1	3444318	7727	1
sub-12_2	95	Pulse	255	3450068	13477	0
sub-12_2	96	Picture	21	3461817	0	1	10226	1	0	10000	hit	234
sub-12_2	96	Pulse	255	3470068	8250	0
sub-12_2	96	Response	1	3471138	9320	1
sub-12_2	97	Picture	21	3487044	0	1	10226	1	0	10000	hit	237
sub-12_2	97	Pulse	255	3490069	3024	0
sub-12_2	97	Response	1	3495928	8884	1
sub-12_2	97	Pulse	255	3510068	23024	0
sub-12_2	98	Picture	21	3512271	0	1	10226	1	0	10000	hit	240
sub-12_2	98	Response	1	3521958	9687	1
sub-12_2	98	Pulse	255	3530068	17797	0
sub-12_2	99	Picture	21	3537498	0	1	10226	1	0	10000	hit	243
sub-12_2	99	Response	1	3545298	7800	1
sub-12_2	99	Pulse	255	3550068	12570	0
sub-12_2	100	Picture	22	3562725	0	1	10225	1	0	10000	hit	247
sub-12_2	100	Pulse	255	3570068	7343	0
sub-12_2	100	Response	2	3572018	9293	1
sub-12_2	101	Picture	22	3587952	0	1	10226	1	0	10000	hit	250
sub-12_2	101	Pulse	255	3590068	2117	0
sub-12_2	101	Response	2	3596928	8976	1
sub-12_2	101	Pulse	255	3610068	22117	0
sub-12_2	102	Picture	22	3613178	0	1	10226	1	0	10000	hit	253
sub-12_2	102	Response	2	3622148	8970	1
sub-12_2	102	Pulse	255	3630069	16890	0
sub-12_2	103	Picture	22	3638405	0	1	10226	1	0	10000	hit	256
sub-12_2	103	Response	2	3647108	8703	1
sub-12_2	103	Pulse	255	3650069	11663	0
sub-12_2	104	Picture	22	3663632	0	1	10226	1	0	10000	hit	260
sub-12_2	104	Pulse	255	3670069	6437	0
sub-12_2	104	Response	2	3673417	9785	1
sub-12_2	105	Picture	22	3688859	0	1	10226	1	0	10000	hit	263
sub-12_2	105	Pulse	255	3690069	1210	0
sub-12_2	105	Response	2	3698358	9499	1
sub-12_2	105	Pulse	255	3710068	21209	0
sub-12_2	106	Picture	22	3714086	0	1	10226	1	0	10000	hit	266
sub-12_2	106	Response	2	3721219	7133	1
sub-12_2	106	Pulse	255	3730069	15983	0
sub-12_2	107	Picture	22	3739313	0	1	10226	1	0	10000	hit	269
sub-12_2	107	Response	2	3747149	7836	1
sub-12_2	107	Pulse	255	3750069	10756	0
sub-12_2	108	Picture	22	3764540	0	1	10226	1	0	10000	hit	273
sub-12_2	108	Pulse	255	3770068	5529	0
sub-12_2	108	Response	2	3774779	10239	1
sub-12_2	109	Picture	22	3789766	0	1	10226	1	0	10000	hit	276
sub-12_2	109	Pulse	255	3790069	303	0
sub-12_2	109	Response	2	3797278	7512	1
sub-12_2	109	Pulse	255	3810068	20302	0
sub-12_2	110	Picture	Bfix	3814993	0	1	30226	1	0	30000	other	0
sub-12_2	110	Pulse	255	3830069	15075	0
sub-12_2	111	Picture	Ins_main	3845386	0	1	40226	1	0	40000	other	0
sub-12_2	111	Pulse	255	3850068	4683	0
sub-12_2	111	Pulse	255	3870059	24673	0
sub-12_2	111	Pulse	255	3890058	44672	0
sub-12_2	112	Picture	11	3905613	0	1	10226	1	0	10000	other	0
sub-12_2	112	Pulse	255	3910059	4446	0
sub-12_2	112	Pulse	255	3930058	24445	0
sub-12_2	113	Picture	11	3930839	0	1	10226	1	0	10000	other	0
sub-12_2	113	Pulse	255	3950059	19220	0
sub-12_2	114	Picture	11	3956066	0	1	10226	1	0	10000	other	0
sub-12_2	114	Pulse	255	3970058	13992	0
sub-12_2	115	Picture	11	3981293	0	1	10225	1	0	10000	other	0
sub-12_2	115	Pulse	255	3990059	8767	0
sub-12_2	116	Picture	11	4006520	0	1	10226	1	0	10000	other	0
sub-12_2	116	Pulse	255	4010059	3539	0
sub-12_2	116	Pulse	255	4030059	23539	0
sub-12_2	117	Picture	11	4031747	0	1	10226	1	0	10000	other	0
sub-12_2	117	Pulse	255	4050059	18312	0
sub-12_2	118	Picture	11	4056974	0	1	10226	1	0	10000	other	0
sub-12_2	118	Pulse	255	4070059	13085	0
sub-12_2	119	Picture	11	4082201	0	1	10226	1	0	10000	other	0
sub-12_2	119	Pulse	255	4090059	7858	0
sub-12_2	120	Picture	11	4107428	0	1	10226	1	0	10000	other	0
sub-12_2	120	Pulse	255	4110059	2631	0
sub-12_2	120	Pulse	255	4130058	22631	0
sub-12_2	121	Picture	11	4132654	0	1	10226	1	0	10000	other	0
sub-12_2	121	Pulse	255	4150059	17405	0
sub-12_2	122	Picture	12	4157881	0	1	10226	1	0	10000	other	0
sub-12_2	122	Pulse	255	4170060	12178	0
sub-12_2	123	Picture	12	4183108	0	1	10226	1	0	10000	other	0
sub-12_2	123	Pulse	255	4190060	6952	0
sub-12_2	124	Picture	12	4208335	0	1	10226	1	0	10000	other	0
sub-12_2	124	Pulse	255	4210060	1725	0
sub-12_2	124	Pulse	255	4230059	21725	0
sub-12_2	125	Picture	12	4233562	0	1	10226	1	0	10000	other	0
sub-12_2	125	Pulse	255	4250059	16497	0
sub-12_2	126	Picture	12	4258789	0	1	10226	1	0	10000	other	0
sub-12_2	126	Pulse	255	4270059	11271	0
sub-12_2	127	Picture	12	4284015	0	1	10226	1	0	10000	other	0
sub-12_2	127	Pulse	255	4290060	6045	0
sub-12_2	128	Picture	12	4309242	0	1	10226	1	0	10000	other	0
sub-12_2	128	Pulse	255	4310060	817	0
sub-12_2	128	Pulse	255	4330060	20818	0
sub-12_2	129	Picture	12	4334469	0	1	10226	1	0	10000	other	0
sub-12_2	129	Pulse	255	4350060	15591	0
sub-12_2	130	Picture	12	4359696	0	1	10226	1	0	10000	other	0
sub-12_2	130	Pulse	255	4370060	10364	0
sub-12_2	131	Picture	12	4384923	0	1	10226	1	0	10000	other	0
sub-12_2	131	Pulse	255	4390060	5138	0
sub-12_2	131	Pulse	255	4410061	25138	0
sub-12_2	132	Picture	Bfix	4410149	0	1	30227	1	0	30000	other	0
sub-12_2	132	Pulse	255	4430060	19910	0
sub-12_2	133	Picture	Ins_repos	4440376	0	1	40226	1	0	40000	other	0
sub-12_2	133	Pulse	255	4450060	9684	0
sub-12_2	133	Pulse	255	4470060	29684	0
sub-12_2	133	Pulse	255	4490060	49684	0
sub-12_2	134	Picture	71	4500603	0	1	10226	1	0	10000	other	0
sub-12_2	134	Pulse	255	4510060	9457	0
sub-12_2	135	Picture	71	4525830	0	1	10226	1	0	10000	other	0
sub-12_2	135	Pulse	255	4530060	4230	0
sub-12_2	135	Pulse	255	4550059	24229	0
sub-12_2	136	Picture	71	4551056	0	1	10226	1	0	10000	other	0
sub-12_2	136	Pulse	255	4570060	19004	0
sub-12_2	137	Picture	71	4576283	0	1	10226	1	0	10000	other	0
sub-12_2	137	Pulse	255	4590060	13777	0
sub-12_2	138	Picture	71	4601510	0	1	10226	1	0	10000	other	0
sub-12_2	138	Pulse	255	4610060	8550	0
sub-12_2	139	Picture	71	4626737	0	1	10226	1	0	10000	other	0
sub-12_2	139	Pulse	255	4630060	3323	0
sub-12_2	139	Pulse	255	4650060	23323	0
sub-12_2	140	Picture	71	4651963	0	1	10226	1	0	10000	other	0
sub-12_2	140	Pulse	255	4670061	18098	0
sub-12_2	141	Picture	71	4677190	0	1	10226	1	0	10000	other	0
sub-12_2	141	Pulse	255	4690061	12871	0
sub-12_2	142	Picture	71	4702417	0	1	10226	1	0	10000	other	0
sub-12_2	142	Pulse	255	4710060	7643	0
sub-12_2	143	Picture	71	4727644	0	1	10226	1	0	10000	other	0
sub-12_2	143	Pulse	255	4730060	2417	0
sub-12_2	143	Pulse	255	4750060	22417	0
sub-12_2	144	Picture	72	4752871	0	1	10226	1	0	10000	other	0
sub-12_2	144	Pulse	255	4770060	17190	0
sub-12_2	145	Picture	72	4778097	0	1	10226	1	0	10000	other	0
sub-12_2	145	Pulse	255	4790061	11964	0
sub-12_2	146	Picture	72	4803324	0	1	10226	1	0	10000	other	0
sub-12_2	146	Pulse	255	4810060	6736	0
sub-12_2	147	Picture	72	4828551	0	1	10226	1	0	10000	other	0
sub-12_2	147	Pulse	255	4830060	1510	0
sub-12_2	147	Pulse	255	4850061	21510	0
sub-12_2	148	Picture	72	4853778	0	1	10226	1	0	10000	other	0
sub-12_2	148	Pulse	255	4870061	16283	0
sub-12_2	149	Picture	72	4879004	0	1	10226	1	0	10000	other	0
sub-12_2	149	Pulse	255	4890061	11057	0
sub-12_2	150	Picture	72	4904231	0	1	10226	1	0	10000	other	0
sub-12_2	150	Pulse	255	4910061	5830	0
sub-12_2	151	Picture	72	4929458	0	1	10226	1	0	10000	other	0
sub-12_2	151	Pulse	255	4930061	602	0
sub-12_2	151	Pulse	255	4950061	20603	0
sub-12_2	152	Picture	72	4954685	0	1	10226	1	0	10000	other	0
sub-12_2	152	Pulse	255	4970061	15375	0
sub-12_2	153	Picture	72	4979912	0	1	10226	1	0	10000	other	0
sub-12_2	153	Pulse	255	4990061	10150	0
sub-12_2	154	Picture	Bfix	5005138	0	1	30227	1	0	30000	other	0
sub-12_2	154	Pulse	255	5010061	4922	0
sub-12_2	154	Pulse	255	5030061	24922	0
sub-12_2	155	Picture	Ins_bouche	5035365	0	1	40226	1	0	40000	other	0
sub-12_2	155	Pulse	255	5050061	14695	0
sub-12_2	155	Pulse	255	5070061	34695	0
sub-12_2	155	Pulse	255	5090060	54695	0
sub-12_2	156	Picture	61	5095592	0	1	10226	1	0	10000	other	0
sub-12_2	156	Pulse	255	5110061	14468	0
sub-12_2	157	Picture	61	5120819	0	1	10226	1	0	10000	other	0
sub-12_2	157	Pulse	255	5130061	9242	0
sub-12_2	158	Picture	61	5146046	0	1	10226	1	0	10000	other	0
sub-12_2	158	Pulse	255	5150061	4015	0
sub-12_2	158	Pulse	255	5170061	24015	0
sub-12_2	159	Picture	61	5171273	0	1	10226	1	0	10000	other	0
sub-12_2	159	Pulse	255	5190062	18789	0
sub-12_2	160	Picture	61	5196500	0	1	10226	1	0	10000	other	0
sub-12_2	160	Pulse	255	5210061	13562	0
sub-12_2	161	Picture	61	5221726	0	1	10226	1	0	10000	other	0
sub-12_2	161	Pulse	255	5230061	8335	0
sub-12_2	162	Picture	61	5246953	0	1	10226	1	0	10000	other	0
sub-12_2	162	Pulse	255	5250061	3108	0
sub-12_2	162	Pulse	255	5270061	23108	0
sub-12_2	163	Picture	61	5272180	0	1	10226	1	0	10000	other	0
sub-12_2	163	Pulse	255	5290062	17882	0
sub-12_2	164	Picture	61	5297407	0	1	10226	1	0	10000	other	0
sub-12_2	164	Pulse	255	5310062	12655	0
sub-12_2	165	Picture	61	5322633	0	1	10226	1	0	10000	other	0
sub-12_2	165	Pulse	255	5330062	7429	0
sub-12_2	166	Picture	62	5347860	0	1	10226	1	0	10000	other	0
sub-12_2	166	Pulse	255	5350061	2201	0
sub-12_2	166	Pulse	255	5370062	22202	0
sub-12_2	167	Picture	62	5373087	0	1	10226	1	0	10000	other	0
sub-12_2	167	Pulse	255	5390061	16974	0
sub-12_2	168	Picture	62	5398314	0	1	10226	1	0	10000	other	0
sub-12_2	168	Pulse	255	5410062	11748	0
sub-12_2	169	Picture	62	5423541	0	1	10226	1	0	10000	other	0
sub-12_2	169	Pulse	255	5430061	6521	0
sub-12_2	170	Picture	62	5448768	0	1	10226	1	0	10000	other	0
sub-12_2	170	Pulse	255	5450062	1294	0
sub-12_2	170	Pulse	255	5470062	21295	0
sub-12_2	171	Picture	62	5473994	0	1	10226	1	0	10000	other	0
sub-12_2	171	Pulse	255	5490062	16068	0
sub-12_2	172	Picture	62	5499221	0	1	10226	1	0	10000	other	0
sub-12_2	172	Pulse	255	5510062	10840	0
sub-12_2	173	Picture	62	5524448	0	1	10226	1	0	10000	other	0
sub-12_2	173	Pulse	255	5530062	5614	0
sub-12_2	174	Picture	62	5549675	0	1	10226	1	0	10000	other	0
sub-12_2	174	Pulse	255	5550062	387	0
sub-12_2	174	Pulse	255	5570062	20387	0
sub-12_2	175	Picture	62	5574901	0	1	10226	1	0	10000	other	0
sub-12_2	175	Pulse	255	5590063	15161	0
sub-12_2	176	Picture	Bfix	5600128	0	1	30227	1	0	30000	other	0
sub-12_2	176	Pulse	255	5610062	9934	0
sub-12_2	176	Pulse	255	5630063	29935	0
sub-12_2	177	Picture	Ins_jambe	5630355	0	1	40226	1	0	40000	other	0
sub-12_2	177	Pulse	255	5650062	19707	0
sub-12_2	177	Pulse	255	5670062	39707	0
sub-12_2	177	Pulse	255	5690062	59707	0
sub-12_2	178	Picture	51	5690582	0	1	10226	1	0	10000	other	0
sub-12_2	178	Pulse	255	5710063	19481	0
sub-12_2	179	Picture	51	5715809	0	1	10226	1	0	10000	other	0
sub-12_2	179	Pulse	255	5730062	14254	0
sub-12_2	180	Picture	51	5741035	0	1	10226	1	0	10000	other	0
sub-12_2	180	Pulse	255	5750062	9027	0
sub-12_2	181	Picture	51	5766262	0	1	10226	1	0	10000	other	0
sub-12_2	181	Pulse	255	5770062	3800	0
sub-12_2	181	Pulse	255	5790062	23800	0
sub-12_2	182	Picture	51	5791489	0	1	10226	1	0	10000	other	0
sub-12_2	182	Pulse	255	5810062	18573	0
sub-12_2	183	Picture	51	5816716	0	1	10226	1	0	10000	other	0
sub-12_2	183	Pulse	255	5830063	13347	0
sub-12_2	184	Picture	51	5841942	0	1	10226	1	0	10000	other	0
sub-12_2	184	Pulse	255	5850063	8120	0
sub-12_2	185	Picture	51	5867169	0	1	10226	1	0	10000	other	0
sub-12_2	185	Pulse	255	5870062	2893	0
sub-12_2	185	Pulse	255	5890063	22893	0
sub-12_2	186	Picture	51	5892396	0	1	10226	1	0	10000	other	0
sub-12_2	186	Pulse	255	5910063	17666	0
sub-12_2	187	Picture	51	5917623	0	1	10226	1	0	10000	other	0
sub-12_2	187	Pulse	255	5930062	12439	0
sub-12_2	188	Picture	52	5942850	0	1	10226	1	0	10000	other	0
sub-12_2	188	Pulse	255	5950063	7213	0
sub-12_2	189	Picture	52	5968077	0	1	10226	1	0	10000	other	0
sub-12_2	189	Pulse	255	5970063	1986	0
sub-12_2	189	Pulse	255	5990063	21986	0
sub-12_2	190	Picture	52	5993304	0	1	10226	1	0	10000	other	0
sub-12_2	190	Pulse	255	6010063	16759	0
sub-12_2	191	Picture	52	6018531	0	1	10226	1	0	10000	other	0
sub-12_2	191	Pulse	255	6030063	11533	0
sub-12_2	192	Picture	52	6043757	0	1	10226	1	0	10000	other	0
sub-12_2	192	Pulse	255	6050063	6305	0
sub-12_2	193	Picture	52	6068984	0	1	10226	1	0	10000	other	0
sub-12_2	193	Pulse	255	6070063	1079	0
sub-12_2	193	Pulse	255	6090063	21079	0
sub-12_2	194	Picture	52	6094211	0	1	10226	1	0	10000	other	0
sub-12_2	194	Pulse	255	6110063	15852	0
sub-12_2	195	Picture	52	6119438	0	1	10226	1	0	10000	other	0
sub-12_2	195	Pulse	255	6130053	10615	0
sub-12_2	196	Picture	52	6144665	0	1	10226	1	0	10000	other	0
sub-12_2	196	Pulse	255	6150053	5388	0
sub-12_2	197	Picture	52	6169891	0	1	10226	1	0	10000	other	0
sub-12_2	197	Pulse	255	6170053	162	0
sub-12_2	197	Pulse	255	6190054	20162	0
sub-12_2	198	Picture	Bfix	6195118	0	1	30227	1	0	30000	other	0
sub-12_2	198	Pulse	255	6210053	14935	0
sub-12_2	199	Picture	Ins_yeux	6225345	0	1	40226	1	0	40000	other	0
sub-12_2	199	Pulse	255	6230053	4708	0
sub-12_2	199	Pulse	255	6250054	24708	0
sub-12_2	199	Pulse	255	6270053	44708	0
sub-12_2	200	Picture	31	6285572	0	1	10226	1	0	10000	other	0
sub-12_2	200	Pulse	255	6290053	4481	0
sub-12_2	200	Pulse	255	6310053	24481	0
sub-12_2	201	Picture	31	6310609	0	1	10226	1	0	10000	other	0
sub-12_2	201	Pulse	255	6330053	19445	0
sub-12_2	202	Picture	31	6335835	0	1	10226	1	0	10000	other	0
sub-12_2	202	Pulse	255	6350053	14218	0
sub-12_2	203	Picture	31	6361062	0	1	10226	1	0	10000	other	0
sub-12_2	203	Pulse	255	6370053	8991	0
sub-12_2	204	Picture	31	6386289	0	1	10226	1	0	10000	other	0
sub-12_2	204	Pulse	255	6390053	3764	0
sub-12_2	204	Pulse	255	6410054	23765	0
sub-12_2	205	Picture	31	6411516	0	1	10226	1	0	10000	other	0
sub-12_2	205	Pulse	255	6430054	18538	0
sub-12_2	206	Picture	31	6436743	0	1	10226	1	0	10000	other	0
sub-12_2	206	Pulse	255	6450054	13311	0
sub-12_2	207	Picture	31	6461970	0	1	10225	1	0	10000	other	0
sub-12_2	207	Pulse	255	6470054	8084	0
sub-12_2	208	Picture	31	6487196	0	1	10226	1	0	10000	other	0
sub-12_2	208	Pulse	255	6490054	2857	0
sub-12_2	208	Pulse	255	6510054	22857	0
sub-12_2	209	Picture	31	6512423	0	1	10226	1	0	10000	other	0
sub-12_2	209	Pulse	255	6530054	17631	0
sub-12_2	210	Picture	32	6537650	0	1	10226	1	0	10000	other	0
sub-12_2	210	Pulse	255	6550054	12404	0
sub-12_2	211	Picture	32	6562877	0	1	10226	1	0	10000	other	0
sub-12_2	211	Pulse	255	6570054	7177	0
sub-12_2	212	Picture	32	6588104	0	1	10226	1	0	10000	other	0
sub-12_2	212	Pulse	255	6590054	1951	0
sub-12_2	212	Pulse	255	6610054	21950	0
sub-12_2	213	Picture	32	6613330	0	1	10226	1	0	10000	other	0
sub-12_2	213	Pulse	255	6630054	16724	0
sub-12_2	214	Picture	32	6638557	0	1	10226	1	0	10000	other	0
sub-12_2	214	Pulse	255	6650054	11497	0
sub-12_2	215	Picture	32	6663785	0	1	10226	1	0	10000	other	0
sub-12_2	215	Pulse	255	6670054	6269	0
sub-12_2	216	Picture	32	6689012	0	1	10226	1	0	10000	other	0
sub-12_2	216	Pulse	255	6690054	1042	0
sub-12_2	216	Pulse	255	6710055	21043	0
sub-12_2	217	Picture	32	6714238	0	1	10226	1	0	10000	other	0
sub-12_2	217	Pulse	255	6730054	15816	0
sub-12_2	218	Picture	32	6739465	0	1	10226	1	0	10000	other	0
sub-12_2	218	Pulse	255	6750055	10590	0
sub-12_2	219	Picture	32	6764692	0	1	10226	1	0	10000	other	0
sub-12_2	219	Pulse	255	6770055	5363	0
sub-12_2	220	Picture	Bfix	6789919	0	1	30226	1	0	30000	other	0
sub-12_2	220	Pulse	255	6790054	136	0
sub-12_2	220	Pulse	255	6810054	20136	0
sub-12_2	221	Picture	Ins_index	6820311	0	1	40226	1	0	40000	other	0
sub-12_2	221	Pulse	255	6830055	9743	0
sub-12_2	221	Pulse	255	6850054	29743	0
sub-12_2	221	Pulse	255	6870055	49743	0
sub-12_2	222	Picture	21	6880538	0	1	10226	1	0	10000	hit	544
sub-12_2	222	Response	1	6889025	8487	1
sub-12_2	222	Pulse	255	6890055	9517	0
sub-12_2	223	Picture	21	6905765	0	1	10226	1	0	10000	hit	548
sub-12_2	223	Pulse	255	6910055	4290	0
sub-12_2	223	Response	1	6915615	9850	1
sub-12_2	223	Pulse	255	6930055	24290	0
sub-12_2	224	Picture	21	6930992	0	1	10226	1	0	10000	hit	551
sub-12_2	224	Response	1	6940155	9163	1
sub-12_2	224	Pulse	255	6950055	19063	0
sub-12_2	225	Picture	21	6956218	0	1	10226	1	0	10000	hit	554
sub-12_2	225	Response	1	6964775	8556	1
sub-12_2	225	Pulse	255	6970055	13836	0
sub-12_2	226	Picture	21	6981445	0	1	10226	1	0	10000	hit	558
sub-12_2	226	Pulse	255	6990054	8609	0
sub-12_2	226	Response	1	6991394	9949	1
sub-12_2	227	Picture	21	7006672	0	1	10226	1	0	10000	hit	561
sub-12_2	227	Pulse	255	7010055	3382	0
sub-12_2	227	Response	1	7014456	7783	1
sub-12_2	227	Pulse	255	7030055	23382	0
sub-12_2	228	Picture	21	7031899	0	1	10226	1	0	10000	hit	564
sub-12_2	228	Response	1	7040855	8956	1
sub-12_2	228	Pulse	255	7050055	18156	0
sub-12_2	229	Picture	21	7057126	0	1	10226	1	0	10000	hit	567
sub-12_2	229	Response	1	7066175	9049	1
sub-12_2	229	Pulse	255	7070054	12928	0
sub-12_2	230	Picture	21	7082352	0	1	10225	1	0	10000	hit	571
sub-12_2	230	Pulse	255	7090054	7702	0
sub-12_2	230	Response	1	7091394	9042	1
sub-12_2	231	Picture	21	7107579	0	1	10226	1	0	10000	hit	574
sub-12_2	231	Pulse	255	7110055	2476	0
sub-12_2	231	Response	1	7116015	8436	1
sub-12_2	231	Pulse	255	7130055	22476	0
sub-12_2	232	Picture	22	7132806	0	1	10226	1	0	10000	hit	577
sub-12_2	232	Response	2	7142755	9949	1
sub-12_2	232	Pulse	255	7150055	17249	0
sub-12_2	233	Picture	22	7158033	0	1	10226	1	0	10000	hit	580
sub-12_2	233	Response	2	7163505	5472	1
sub-12_2	233	Pulse	255	7170054	12022	0
sub-12_2	234	Picture	22	7183260	0	1	10226	1	0	10000	hit	583
sub-12_2	234	Response	2	7186875	3616	1
sub-12_2	234	Pulse	255	7190055	6796	0
sub-12_2	235	Picture	22	7208486	0	1	10226	1	0	10000	hit	587
sub-12_2	235	Pulse	255	7210055	1569	0
sub-12_2	235	Response	2	7212545	4059	1
sub-12_2	235	Pulse	255	7230055	21569	0
sub-12_2	236	Picture	22	7233713	0	1	10226	1	0	10000	hit	590
sub-12_2	236	Response	2	7236965	3252	1
sub-12_2	236	Pulse	255	7250055	16342	0
sub-12_2	237	Picture	22	7258940	0	1	10226	1	0	10000	hit	593
sub-12_2	237	Response	2	7261456	2516	1
sub-12_2	237	Pulse	255	7270056	11116	0
sub-12_2	238	Picture	22	7284167	0	1	10226	1	0	10000	hit	596
sub-12_2	238	Response	2	7287205	3038	1
sub-12_2	238	Pulse	255	7290055	5888	0
sub-12_2	239	Picture	22	7309394	0	1	10226	1	0	10000	hit	599
sub-12_2	239	Response	2	7309726	332	1
sub-12_2	239	Pulse	255	7310054	661	0
sub-12_2	239	Pulse	255	7330056	20662	0
sub-12_2	240	Picture	22	7334621	0	1	10226	1	0	10000	hit	603
sub-12_2	240	Response	2	7334996	375	1
sub-12_2	240	Pulse	255	7350055	15435	0
sub-12_2	241	Picture	22	7359847	0	1	10226	1	0	10000	hit	606
sub-12_2	241	Response	2	7361675	1827	1
sub-12_2	241	Pulse	255	7370056	10209	0
sub-12_2	242	Picture	Bfix	7385074	0	1	30227	1	0	30000	other	0
sub-12_2	242	Pulse	255	7390055	4981	0
sub-12_2	242	Pulse	255	7410056	24982	0
sub-12_2	243	Picture	Ins_main	7415301	0	1	40226	1	0	40000	other	0
sub-12_2	243	Pulse	255	7430056	14755	0
sub-12_2	243	Pulse	255	7450056	34754	0
sub-12_2	243	Pulse	255	7470056	54755	0
sub-12_2	244	Picture	11	7475528	0	1	10226	1	0	10000	other	0
sub-12_2	244	Pulse	255	7490055	14527	0
sub-12_2	245	Picture	11	7500755	0	1	10226	1	0	10000	other	0
sub-12_2	245	Pulse	255	7510056	9301	0
sub-12_2	246	Picture	11	7525982	0	1	10226	1	0	10000	other	0
sub-12_2	246	Pulse	255	7530056	4074	0
sub-12_2	246	Pulse	255	7550055	24074	0
sub-12_2	247	Picture	11	7551209	0	1	10226	1	0	10000	other	0
sub-12_2	247	Pulse	255	7570056	18847	0
sub-12_2	248	Picture	11	7576435	0	1	10226	1	0	10000	other	0
sub-12_2	248	Pulse	255	7590056	13620	0
sub-12_2	249	Picture	11	7601662	0	1	10226	1	0	10000	other	0
sub-12_2	249	Pulse	255	7610056	8394	0
sub-12_2	250	Picture	11	7626889	0	1	10226	1	0	10000	other	0
sub-12_2	250	Pulse	255	7630056	3167	0
sub-12_2	250	Pulse	255	7650056	23167	0
sub-12_2	251	Picture	11	7652116	0	1	10226	1	0	10000	other	0
sub-12_2	251	Pulse	255	7670056	17941	0
sub-12_2	252	Picture	11	7677342	0	1	10226	1	0	10000	other	0
sub-12_2	252	Pulse	255	7690056	12714	0
sub-12_2	253	Picture	11	7702569	0	1	10225	1	0	10000	other	0
sub-12_2	253	Pulse	255	7710056	7487	0
sub-12_2	254	Picture	12	7727796	0	1	10226	1	0	10000	other	0
sub-12_2	254	Pulse	255	7730056	2260	0
sub-12_2	254	Pulse	255	7750056	22260	0
sub-12_2	255	Picture	12	7753023	0	1	10226	1	0	10000	other	0
sub-12_2	255	Pulse	255	7770056	17033	0
sub-12_2	256	Picture	12	7778250	0	1	10226	1	0	10000	other	0
sub-12_2	256	Pulse	255	7790057	11807	0
sub-12_2	257	Picture	12	7803476	0	1	10226	1	0	10000	other	0
sub-12_2	257	Pulse	255	7810056	6580	0
sub-12_2	258	Picture	12	7828703	0	1	10226	1	0	10000	other	0
sub-12_2	258	Pulse	255	7830056	1353	0
sub-12_2	258	Pulse	255	7850057	21354	0
sub-12_2	259	Picture	12	7853930	0	1	10226	1	0	10000	other	0
sub-12_2	259	Pulse	255	7870057	16127	0
sub-12_2	260	Picture	12	7879157	0	1	10226	1	0	10000	other	0
sub-12_2	260	Pulse	255	7890056	10899	0
sub-12_2	261	Picture	12	7904384	0	1	10226	1	0	10000	other	0
sub-12_2	261	Pulse	255	7910055	5672	0
sub-12_2	262	Picture	12	7929610	0	1	10226	1	0	10000	other	0
sub-12_2	262	Pulse	255	7930057	447	0
sub-12_2	262	Pulse	255	7950056	20446	0
sub-12_2	263	Picture	12	7954837	0	1	10226	1	0	10000	other	0
sub-12_2	263	Pulse	255	7970057	15219	0
