Scenario - loca_moto_bis
Logfile written - 06/27/2018 10:41:44

Subject	Trial	Event Type	Code	Time	TTime	Uncertainty	Duration	Uncertainty	ReqTime	ReqDur	Stim Type	Pair Index

sub-14_2	0	Pulse	255	753712	753712	0
sub-14_2	1	Picture	Ins_repos	753941	0	1	40226	1	0	40000	other	0
sub-14_2	1	Pulse	255	773712	19770	0
sub-14_2	1	Pulse	255	793711	39770	0
sub-14_2	1	Pulse	255	813712	59771	0
sub-14_2	2	Picture	71	814168	0	1	10226	1	0	10000	other	0
sub-14_2	2	Pulse	255	833711	19543	0
sub-14_2	3	Picture	71	839395	0	1	10226	1	0	10000	other	0
sub-14_2	3	Pulse	255	853711	14316	0
sub-14_2	4	Picture	71	864622	0	1	10226	1	0	10000	other	0
sub-14_2	4	Pulse	255	873713	9091	0
sub-14_2	5	Picture	71	889849	0	1	10226	1	0	10000	other	0
sub-14_2	5	Pulse	255	893712	3863	0
sub-14_2	5	Pulse	255	913712	23864	0
sub-14_2	6	Picture	71	915075	0	1	10226	1	0	10000	other	0
sub-14_2	6	Pulse	255	933712	18637	0
sub-14_2	7	Picture	71	940302	0	1	10226	1	0	10000	other	0
sub-14_2	7	Pulse	255	953713	13411	0
sub-14_2	8	Picture	71	965529	0	1	10226	1	0	10000	other	0
sub-14_2	8	Pulse	255	973712	8183	0
sub-14_2	9	Picture	71	990756	0	1	10226	1	0	10000	other	0
sub-14_2	9	Pulse	255	993712	2956	0
sub-14_2	9	Pulse	255	1013712	22957	0
sub-14_2	10	Picture	71	1015982	0	1	10226	1	0	10000	other	0
sub-14_2	10	Pulse	255	1033711	17729	0
sub-14_2	11	Picture	71	1041209	0	1	10226	1	0	10000	other	0
sub-14_2	11	Pulse	255	1053713	12503	0
sub-14_2	12	Picture	72	1066436	0	1	10226	1	0	10000	other	0
sub-14_2	12	Pulse	255	1073713	7277	0
sub-14_2	13	Picture	72	1091663	0	1	10226	1	0	10000	other	0
sub-14_2	13	Pulse	255	1093712	2049	0
sub-14_2	13	Pulse	255	1113713	22050	0
sub-14_2	14	Picture	72	1116889	0	1	10226	1	0	10000	other	0
sub-14_2	14	Pulse	255	1133713	16823	0
sub-14_2	15	Picture	72	1142116	0	1	10226	1	0	10000	other	0
sub-14_2	15	Pulse	255	1153713	11597	0
sub-14_2	16	Picture	72	1167343	0	1	10226	1	0	10000	other	0
sub-14_2	16	Pulse	255	1173713	6370	0
sub-14_2	17	Picture	72	1192570	0	1	10226	1	0	10000	other	0
sub-14_2	17	Pulse	255	1193713	1143	0
sub-14_2	17	Pulse	255	1213713	21143	0
sub-14_2	18	Picture	72	1217796	0	1	10226	1	0	10000	other	0
sub-14_2	18	Pulse	255	1233713	15917	0
sub-14_2	19	Picture	72	1243023	0	1	10226	1	0	10000	other	0
sub-14_2	19	Pulse	255	1253713	10690	0
sub-14_2	20	Picture	72	1268250	0	1	10226	1	0	10000	other	0
sub-14_2	20	Pulse	255	1273713	5463	0
sub-14_2	21	Picture	72	1293477	0	1	10226	1	0	10000	other	0
sub-14_2	21	Pulse	255	1293713	236	0
sub-14_2	21	Pulse	255	1313714	20237	0
sub-14_2	22	Picture	Bfix	1318705	0	1	30228	1	0	30000	other	0
sub-14_2	22	Pulse	255	1333713	15008	0
sub-14_2	23	Picture	Ins_bouche	1348933	0	1	40226	1	0	40000	other	0
sub-14_2	23	Pulse	255	1353713	4780	0
sub-14_2	23	Pulse	255	1373713	24780	0
sub-14_2	23	Pulse	255	1393713	44780	0
sub-14_2	24	Picture	61	1409160	0	1	10226	1	0	10000	other	0
sub-14_2	24	Pulse	255	1413713	4554	0
sub-14_2	24	Pulse	255	1433713	24553	0
sub-14_2	25	Picture	61	1434386	0	1	10226	1	0	10000	other	0
sub-14_2	25	Pulse	255	1453714	19327	0
sub-14_2	26	Picture	61	1459613	0	1	10226	1	0	10000	other	0
sub-14_2	26	Pulse	255	1473714	14100	0
sub-14_2	27	Picture	61	1484840	0	1	10226	1	0	10000	other	0
sub-14_2	27	Pulse	255	1493714	8874	0
sub-14_2	28	Picture	61	1510067	0	1	10226	1	0	10000	other	0
sub-14_2	28	Pulse	255	1513713	3646	0
sub-14_2	28	Pulse	255	1533714	23647	0
sub-14_2	29	Picture	61	1535294	0	1	10226	1	0	10000	other	0
sub-14_2	29	Pulse	255	1553714	18419	0
sub-14_2	30	Picture	61	1560521	0	1	10226	1	0	10000	other	0
sub-14_2	30	Pulse	255	1573714	13193	0
sub-14_2	31	Picture	61	1585748	0	1	10226	1	0	10000	other	0
sub-14_2	31	Pulse	255	1593714	7966	0
sub-14_2	32	Picture	61	1610974	0	1	10226	1	0	10000	other	0
sub-14_2	32	Pulse	255	1613714	2739	0
sub-14_2	32	Pulse	255	1633714	22739	0
sub-14_2	33	Picture	61	1636201	0	1	10226	1	0	10000	other	0
sub-14_2	33	Pulse	255	1653704	17503	0
sub-14_2	34	Picture	62	1661428	0	1	10226	1	0	10000	other	0
sub-14_2	34	Pulse	255	1673704	12276	0
sub-14_2	35	Picture	62	1686655	0	1	10226	1	0	10000	other	0
sub-14_2	35	Pulse	255	1693704	7050	0
sub-14_2	36	Picture	62	1711881	0	1	10226	1	0	10000	other	0
sub-14_2	36	Pulse	255	1713704	1823	0
sub-14_2	36	Pulse	255	1733704	21823	0
sub-14_2	37	Picture	62	1737108	0	1	10226	1	0	10000	other	0
sub-14_2	37	Pulse	255	1753705	16596	0
sub-14_2	38	Picture	62	1762335	0	1	10226	1	0	10000	other	0
sub-14_2	38	Pulse	255	1773704	11369	0
sub-14_2	39	Picture	62	1787562	0	1	10226	1	0	10000	other	0
sub-14_2	39	Pulse	255	1793704	6142	0
sub-14_2	40	Picture	62	1812788	0	1	10226	1	0	10000	other	0
sub-14_2	40	Pulse	255	1813703	915	0
sub-14_2	40	Pulse	255	1833705	20916	0
sub-14_2	41	Picture	62	1838015	0	1	10226	1	0	10000	other	0
sub-14_2	41	Pulse	255	1853705	15689	0
sub-14_2	42	Picture	62	1863242	0	1	10226	1	0	10000	other	0
sub-14_2	42	Pulse	255	1873705	10463	0
sub-14_2	43	Picture	62	1888468	0	1	10226	1	0	10000	other	0
sub-14_2	43	Pulse	255	1893705	5236	0
sub-14_2	44	Picture	Bfix	1913695	0	1	30228	1	0	30000	other	0
sub-14_2	44	Pulse	255	1913705	10	0
sub-14_2	44	Pulse	255	1933705	20010	0
sub-14_2	45	Picture	Ins_jambe	1943924	0	1	40226	1	0	40000	other	0
sub-14_2	45	Pulse	255	1953705	9781	0
sub-14_2	45	Pulse	255	1973705	29781	0
sub-14_2	45	Pulse	255	1993705	49781	0
sub-14_2	46	Picture	51	2004151	0	1	10226	1	0	10000	other	0
sub-14_2	46	Pulse	255	2013705	9554	0
sub-14_2	47	Picture	51	2029377	0	1	10226	1	0	10000	other	0
sub-14_2	47	Pulse	255	2033705	4328	0
sub-14_2	47	Pulse	255	2053705	24328	0
sub-14_2	48	Picture	51	2054604	0	1	10226	1	0	10000	other	0
sub-14_2	48	Pulse	255	2073705	19101	0
sub-14_2	49	Picture	51	2079830	0	1	10225	1	0	10000	other	0
sub-14_2	49	Pulse	255	2093704	13874	0
sub-14_2	50	Picture	51	2105057	0	1	10226	1	0	10000	other	0
sub-14_2	50	Pulse	255	2113705	8648	0
sub-14_2	51	Picture	51	2130284	0	1	10226	1	0	10000	other	0
sub-14_2	51	Pulse	255	2133705	3421	0
sub-14_2	51	Pulse	255	2153705	23421	0
sub-14_2	52	Picture	51	2155511	0	1	10226	1	0	10000	other	0
sub-14_2	52	Pulse	255	2173706	18195	0
sub-14_2	53	Picture	51	2180737	0	1	10226	1	0	10000	other	0
sub-14_2	53	Pulse	255	2193706	12968	0
sub-14_2	54	Picture	51	2205964	0	1	10226	1	0	10000	other	0
sub-14_2	54	Pulse	255	2213706	7742	0
sub-14_2	55	Picture	51	2231191	0	1	10226	1	0	10000	other	0
sub-14_2	55	Pulse	255	2233706	2515	0
sub-14_2	55	Pulse	255	2253705	22514	0
sub-14_2	56	Picture	52	2256418	0	1	10226	1	0	10000	other	0
sub-14_2	56	Pulse	255	2273706	17288	0
sub-14_2	57	Picture	52	2281645	0	1	10226	1	0	10000	other	0
sub-14_2	57	Pulse	255	2293706	12061	0
sub-14_2	58	Picture	52	2306871	0	1	10226	1	0	10000	other	0
sub-14_2	58	Pulse	255	2313706	6835	0
sub-14_2	59	Picture	52	2332098	0	1	10226	1	0	10000	other	0
sub-14_2	59	Pulse	255	2333706	1607	0
sub-14_2	59	Pulse	255	2353706	21607	0
sub-14_2	60	Picture	52	2357325	0	1	10226	1	0	10000	other	0
sub-14_2	60	Pulse	255	2373706	16381	0
sub-14_2	61	Picture	52	2382552	0	1	10226	1	0	10000	other	0
sub-14_2	61	Pulse	255	2393706	11154	0
sub-14_2	62	Picture	52	2407779	0	1	10226	1	0	10000	other	0
sub-14_2	62	Pulse	255	2413706	5927	0
sub-14_2	63	Picture	52	2433006	0	1	10226	1	0	10000	other	0
sub-14_2	63	Pulse	255	2433706	701	0
sub-14_2	63	Pulse	255	2453706	20700	0
sub-14_2	64	Picture	52	2458232	0	1	10226	1	0	10000	other	0
sub-14_2	64	Pulse	255	2473706	15474	0
sub-14_2	65	Picture	52	2483459	0	1	10226	1	0	10000	other	0
sub-14_2	65	Pulse	255	2493706	10247	0
sub-14_2	66	Picture	Bfix	2508686	0	1	30229	1	0	30000	other	0
sub-14_2	66	Pulse	255	2513706	5021	0
sub-14_2	66	Pulse	255	2533706	25020	0
sub-14_2	67	Picture	Ins_yeux	2538915	0	1	40226	1	0	40000	other	0
sub-14_2	67	Pulse	255	2553706	14791	0
sub-14_2	67	Pulse	255	2573707	34791	0
sub-14_2	67	Pulse	255	2593707	54792	0
sub-14_2	68	Picture	31	2599142	0	1	10226	1	0	10000	other	0
sub-14_2	68	Pulse	255	2613706	14564	0
sub-14_2	69	Picture	31	2624369	0	1	10226	1	0	10000	other	0
sub-14_2	69	Pulse	255	2633707	9338	0
sub-14_2	70	Picture	31	2649595	0	1	10225	1	0	10000	other	0
sub-14_2	70	Pulse	255	2653707	4111	0
sub-14_2	70	Pulse	255	2673706	24111	0
sub-14_2	71	Picture	31	2674822	0	1	10226	1	0	10000	other	0
sub-14_2	71	Pulse	255	2693707	18885	0
sub-14_2	72	Picture	31	2700049	0	1	10226	1	0	10000	other	0
sub-14_2	72	Pulse	255	2713706	13657	0
sub-14_2	73	Picture	31	2725276	0	1	10226	1	0	10000	other	0
sub-14_2	73	Pulse	255	2733707	8432	0
sub-14_2	74	Picture	31	2750502	0	1	10226	1	0	10000	other	0
sub-14_2	74	Pulse	255	2753707	3205	0
sub-14_2	74	Pulse	255	2773707	23205	0
sub-14_2	75	Picture	31	2775729	0	1	10226	1	0	10000	other	0
sub-14_2	75	Pulse	255	2793707	17978	0
sub-14_2	76	Picture	31	2800956	0	1	10226	1	0	10000	other	0
sub-14_2	76	Pulse	255	2813707	12751	0
sub-14_2	77	Picture	31	2826183	0	1	10226	1	0	10000	other	0
sub-14_2	77	Pulse	255	2833707	7525	0
sub-14_2	78	Picture	32	2851409	0	1	10226	1	0	10000	other	0
sub-14_2	78	Pulse	255	2853707	2298	0
sub-14_2	78	Pulse	255	2873707	22298	0
sub-14_2	79	Picture	32	2876636	0	1	10226	1	0	10000	other	0
sub-14_2	79	Pulse	255	2893708	17071	0
sub-14_2	80	Picture	32	2901863	0	1	10226	1	0	10000	other	0
sub-14_2	80	Pulse	255	2913708	11845	0
sub-14_2	81	Picture	32	2927090	0	1	10226	1	0	10000	other	0
sub-14_2	81	Pulse	255	2933708	6618	0
sub-14_2	82	Picture	32	2952316	0	1	10226	1	0	10000	other	0
sub-14_2	82	Pulse	255	2953707	1391	0
sub-14_2	82	Pulse	255	2973708	21391	0
sub-14_2	83	Picture	32	2977543	0	1	10226	1	0	10000	other	0
sub-14_2	83	Pulse	255	2993707	16164	0
sub-14_2	84	Picture	32	3002770	0	1	10226	1	0	10000	other	0
sub-14_2	84	Pulse	255	3013708	10938	0
sub-14_2	85	Picture	32	3027997	0	1	10226	1	0	10000	other	0
sub-14_2	85	Pulse	255	3033708	5711	0
sub-14_2	86	Picture	32	3053223	0	1	10226	1	0	10000	other	0
sub-14_2	86	Pulse	255	3053708	485	0
sub-14_2	86	Pulse	255	3073708	20485	0
sub-14_2	87	Picture	32	3078450	0	1	10226	1	0	10000	other	0
sub-14_2	87	Pulse	255	3093708	15258	0
sub-14_2	88	Picture	Bfix	3103677	0	1	30229	1	0	30000	other	0
sub-14_2	88	Pulse	255	3113707	10031	0
sub-14_2	88	Pulse	255	3133739	30062	0
sub-14_2	89	Picture	Ins_index	3133905	0	1	40226	1	0	40000	other	0
sub-14_2	89	Pulse	255	3153708	19802	0
sub-14_2	89	Pulse	255	3173708	39802	0
sub-14_2	89	Pulse	255	3193708	59803	0
sub-14_2	90	Picture	21	3194132	0	1	10226	1	0	10000	hit	214
sub-14_2	90	Response	1	3198218	4085	1
sub-14_2	90	Pulse	255	3213708	19575	0
sub-14_2	91	Picture	21	3219359	0	1	10226	1	0	10000	miss	0
sub-14_2	91	Pulse	255	3233708	14349	0
sub-14_2	92	Picture	21	3244586	0	1	10226	1	0	10000	hit	219
sub-14_2	92	Response	1	3247738	3152	1
sub-14_2	92	Pulse	255	3253709	9123	0
sub-14_2	93	Picture	21	3269813	0	1	10225	1	0	10000	hit	223
sub-14_2	93	Pulse	255	3273709	3896	0
sub-14_2	93	Response	1	3277119	7306	1
sub-14_2	93	Pulse	255	3293708	23896	0
sub-14_2	94	Picture	21	3295039	0	1	10225	1	0	10000	hit	226
sub-14_2	94	Response	1	3298978	3939	1
sub-14_2	94	Pulse	255	3313709	18670	0
sub-14_2	95	Picture	21	3320266	0	1	10225	1	0	10000	hit	229
sub-14_2	95	Response	1	3322158	1892	1
sub-14_2	95	Pulse	255	3333709	13443	0
sub-14_2	96	Picture	21	3345493	0	1	10226	1	0	10000	hit	232
sub-14_2	96	Response	1	3348859	3366	1
sub-14_2	96	Pulse	255	3353709	8216	0
sub-14_2	97	Picture	21	3370720	0	1	10226	1	0	10000	hit	236
sub-14_2	97	Pulse	255	3373709	2989	0
sub-14_2	97	Response	1	3374569	3849	1
sub-14_2	97	Pulse	255	3393709	22989	0
sub-14_2	98	Picture	21	3395947	0	1	10226	1	0	10000	hit	239
sub-14_2	98	Response	1	3398389	2442	1
sub-14_2	98	Pulse	255	3413709	17762	0
sub-14_2	99	Picture	21	3421174	0	1	10226	1	0	10000	hit	242
sub-14_2	99	Response	1	3422588	1415	1
sub-14_2	99	Pulse	255	3433709	12535	0
sub-14_2	100	Picture	22	3446400	0	1	10226	1	0	10000	incorrect	245
sub-14_2	100	Response	1	3449529	3129	1
sub-14_2	100	Pulse	255	3453709	7308	0
sub-14_2	100	Response	2	3454459	8059	1
sub-14_2	100	Response	2	3470489	24089	1
sub-14_2	101	Picture	22	3471627	0	1	10226	1	0	10000	miss	0
sub-14_2	101	Pulse	255	3473709	2082	0
sub-14_2	101	Pulse	255	3493709	22082	0
sub-14_2	102	Picture	22	3496854	0	1	10226	1	0	10000	hit	253
sub-14_2	102	Response	2	3497659	805	1
sub-14_2	102	Pulse	255	3513709	16855	0
sub-14_2	103	Picture	22	3522081	0	1	10226	1	0	10000	hit	256
sub-14_2	103	Response	2	3524139	2058	1
sub-14_2	103	Pulse	255	3533709	11628	0
sub-14_2	104	Picture	22	3547308	0	1	10226	1	0	10000	hit	259
sub-14_2	104	Response	2	3549659	2351	1
sub-14_2	104	Pulse	255	3553709	6401	0
sub-14_2	105	Picture	22	3572535	0	1	10226	1	0	10000	hit	263
sub-14_2	105	Pulse	255	3573709	1175	0
sub-14_2	105	Response	2	3574819	2285	1
sub-14_2	105	Pulse	255	3593710	21175	0
sub-14_2	106	Picture	22	3597761	0	1	10226	1	0	10000	hit	266
sub-14_2	106	Response	2	3600319	2558	1
sub-14_2	106	Pulse	255	3613709	15947	0
sub-14_2	107	Picture	22	3622988	0	1	10226	1	0	10000	hit	269
sub-14_2	107	Response	2	3624839	1850	1
sub-14_2	107	Pulse	255	3633709	10721	0
sub-14_2	108	Picture	22	3648215	0	1	10226	1	0	10000	hit	272
sub-14_2	108	Response	2	3650769	2554	1
sub-14_2	108	Pulse	255	3653710	5495	0
sub-14_2	109	Picture	22	3673442	0	1	10226	1	0	10000	hit	276
sub-14_2	109	Pulse	255	3673709	267	0
sub-14_2	109	Response	2	3675630	2188	1
sub-14_2	109	Pulse	255	3693710	20268	0
sub-14_2	110	Picture	Bfix	3698669	0	1	30229	1	0	30000	other	0
sub-14_2	110	Pulse	255	3713710	15041	0
sub-14_2	111	Picture	Ins_main	3728898	0	1	40226	1	0	40000	other	0
sub-14_2	111	Pulse	255	3733710	4812	0
sub-14_2	111	Pulse	255	3753710	24812	0
sub-14_2	111	Pulse	255	3773709	44812	0
sub-14_2	112	Picture	11	3789124	0	1	10226	1	0	10000	other	0
sub-14_2	112	Pulse	255	3793710	4585	0
sub-14_2	112	Pulse	255	3813710	24586	0
sub-14_2	113	Picture	11	3814351	0	1	10226	1	0	10000	other	0
sub-14_2	113	Pulse	255	3833710	19359	0
sub-14_2	114	Picture	11	3839578	0	1	10226	1	0	10000	other	0
sub-14_2	114	Pulse	255	3853710	14132	0
sub-14_2	115	Picture	11	3864805	0	1	10226	1	0	10000	other	0
sub-14_2	115	Pulse	255	3873710	8905	0
sub-14_2	116	Picture	11	3890032	0	1	10226	1	0	10000	other	0
sub-14_2	116	Pulse	255	3893710	3679	0
sub-14_2	116	Pulse	255	3913710	23679	0
sub-14_2	117	Picture	11	3915259	0	1	10226	1	0	10000	other	0
sub-14_2	117	Pulse	255	3933700	18441	0
sub-14_2	118	Picture	11	3940485	0	1	10226	1	0	10000	other	0
sub-14_2	118	Pulse	255	3953700	13215	0
sub-14_2	119	Picture	11	3965712	0	1	10226	1	0	10000	other	0
sub-14_2	119	Pulse	255	3973700	7988	0
sub-14_2	120	Picture	11	3990939	0	1	10226	1	0	10000	other	0
sub-14_2	120	Pulse	255	3993700	2761	0
sub-14_2	120	Pulse	255	4013700	22762	0
sub-14_2	121	Picture	11	4016166	0	1	10226	1	0	10000	other	0
sub-14_2	121	Pulse	255	4033700	17535	0
sub-14_2	122	Picture	12	4041393	0	1	10226	1	0	10000	other	0
sub-14_2	122	Pulse	255	4053701	12308	0
sub-14_2	123	Picture	12	4066619	0	1	10226	1	0	10000	other	0
sub-14_2	123	Pulse	255	4073701	7081	0
sub-14_2	124	Picture	12	4091846	0	1	10226	1	0	10000	other	0
sub-14_2	124	Pulse	255	4093701	1854	0
sub-14_2	124	Pulse	255	4113701	21855	0
sub-14_2	125	Picture	12	4117073	0	1	10226	1	0	10000	other	0
sub-14_2	125	Pulse	255	4133701	16628	0
sub-14_2	126	Picture	12	4142300	0	1	10226	1	0	10000	other	0
sub-14_2	126	Pulse	255	4153701	11401	0
sub-14_2	127	Picture	12	4167527	0	1	10226	1	0	10000	other	0
sub-14_2	127	Pulse	255	4173701	6175	0
sub-14_2	128	Picture	12	4192753	0	1	10226	1	0	10000	other	0
sub-14_2	128	Pulse	255	4193701	948	0
sub-14_2	128	Pulse	255	4213701	20948	0
sub-14_2	129	Picture	12	4217980	0	1	10226	1	0	10000	other	0
sub-14_2	129	Pulse	255	4233701	15721	0
sub-14_2	130	Picture	12	4243207	0	1	10226	1	0	10000	other	0
sub-14_2	130	Pulse	255	4253701	10494	0
sub-14_2	131	Picture	12	4268434	0	1	10226	1	0	10000	other	0
sub-14_2	131	Pulse	255	4273701	5268	0
sub-14_2	132	Picture	Bfix	4293661	0	1	30227	1	0	30000	other	0
sub-14_2	132	Pulse	255	4293702	41	0
sub-14_2	132	Pulse	255	4313702	20041	0
sub-14_2	133	Picture	Ins_repos	4323888	0	1	40226	1	0	40000	other	0
sub-14_2	133	Pulse	255	4333701	9813	0
sub-14_2	133	Pulse	255	4353701	29813	0
sub-14_2	133	Pulse	255	4373701	49814	0
sub-14_2	134	Picture	71	4384115	0	1	10226	1	0	10000	other	0
sub-14_2	134	Pulse	255	4393702	9587	0
sub-14_2	135	Picture	71	4409341	0	1	10226	1	0	10000	other	0
sub-14_2	135	Pulse	255	4413702	4360	0
sub-14_2	135	Pulse	255	4433702	24360	0
sub-14_2	136	Picture	71	4434568	0	1	10226	1	0	10000	other	0
sub-14_2	136	Pulse	255	4453701	19133	0
sub-14_2	137	Picture	71	4459795	0	1	10226	1	0	10000	other	0
sub-14_2	137	Pulse	255	4473701	13906	0
sub-14_2	138	Picture	71	4485022	0	1	10225	1	0	10000	other	0
sub-14_2	138	Pulse	255	4493702	8680	0
sub-14_2	139	Picture	71	4510249	0	1	10226	1	0	10000	other	0
sub-14_2	139	Pulse	255	4513701	3453	0
sub-14_2	139	Pulse	255	4533702	23454	0
sub-14_2	140	Picture	71	4535475	0	1	10226	1	0	10000	other	0
sub-14_2	140	Pulse	255	4553702	18226	0
sub-14_2	141	Picture	71	4560702	0	1	10226	1	0	10000	other	0
sub-14_2	141	Pulse	255	4573702	13000	0
sub-14_2	142	Picture	71	4585929	0	1	10226	1	0	10000	other	0
sub-14_2	142	Pulse	255	4593702	7773	0
sub-14_2	143	Picture	71	4611156	0	1	10226	1	0	10000	other	0
sub-14_2	143	Pulse	255	4613702	2546	0
sub-14_2	143	Pulse	255	4633702	22546	0
sub-14_2	144	Picture	72	4636383	0	1	10226	1	0	10000	other	0
sub-14_2	144	Pulse	255	4653702	17320	0
sub-14_2	145	Picture	72	4661609	0	1	10226	1	0	10000	other	0
sub-14_2	145	Pulse	255	4673702	12093	0
sub-14_2	146	Picture	72	4686836	0	1	10226	1	0	10000	other	0
sub-14_2	146	Pulse	255	4693703	6866	0
sub-14_2	147	Picture	72	4712063	0	1	10226	1	0	10000	other	0
sub-14_2	147	Pulse	255	4713702	1639	0
sub-14_2	147	Pulse	255	4733702	21639	0
sub-14_2	148	Picture	72	4737290	0	1	10226	1	0	10000	other	0
sub-14_2	148	Pulse	255	4753702	16412	0
sub-14_2	149	Picture	72	4762517	0	1	10226	1	0	10000	other	0
sub-14_2	149	Pulse	255	4773703	11186	0
sub-14_2	150	Picture	72	4787744	0	1	10226	1	0	10000	other	0
sub-14_2	150	Pulse	255	4793702	5958	0
sub-14_2	151	Picture	72	4812970	0	1	10226	1	0	10000	other	0
sub-14_2	151	Pulse	255	4813703	732	0
sub-14_2	151	Pulse	255	4833703	20732	0
sub-14_2	152	Picture	72	4838197	0	1	10226	1	0	10000	other	0
sub-14_2	152	Pulse	255	4853703	15506	0
sub-14_2	153	Picture	72	4863424	0	1	10226	1	0	10000	other	0
sub-14_2	153	Pulse	255	4873702	10278	0
sub-14_2	154	Picture	Bfix	4888651	0	1	30227	1	0	30000	other	0
sub-14_2	154	Pulse	255	4893703	5052	0
sub-14_2	154	Pulse	255	4913703	25052	0
sub-14_2	155	Picture	Ins_bouche	4918878	0	1	40226	1	0	40000	other	0
sub-14_2	155	Pulse	255	4933703	14825	0
sub-14_2	155	Pulse	255	4953703	34825	0
sub-14_2	155	Pulse	255	4973703	54825	0
sub-14_2	156	Picture	61	4979105	0	1	10226	1	0	10000	other	0
sub-14_2	156	Pulse	255	4993703	14598	0
sub-14_2	157	Picture	61	5004332	0	1	10226	1	0	10000	other	0
sub-14_2	157	Pulse	255	5013702	9371	0
sub-14_2	158	Picture	61	5029558	0	1	10226	1	0	10000	other	0
sub-14_2	158	Pulse	255	5033703	4145	0
sub-14_2	158	Pulse	255	5053703	24144	0
sub-14_2	159	Picture	61	5054785	0	1	10226	1	0	10000	other	0
sub-14_2	159	Pulse	255	5073703	18918	0
sub-14_2	160	Picture	61	5080012	0	1	10225	1	0	10000	other	0
sub-14_2	160	Pulse	255	5093703	13691	0
sub-14_2	161	Picture	61	5105239	0	1	10226	1	0	10000	other	0
sub-14_2	161	Pulse	255	5113703	8464	0
sub-14_2	162	Picture	61	5130465	0	1	10226	1	0	10000	other	0
sub-14_2	162	Pulse	255	5133704	3238	0
sub-14_2	162	Pulse	255	5153703	23238	0
sub-14_2	163	Picture	61	5155692	0	1	10226	1	0	10000	other	0
sub-14_2	163	Pulse	255	5173703	18011	0
sub-14_2	164	Picture	61	5180919	0	1	10226	1	0	10000	other	0
sub-14_2	164	Pulse	255	5193703	12784	0
sub-14_2	165	Picture	61	5206146	0	1	10226	1	0	10000	other	0
sub-14_2	165	Pulse	255	5213704	7559	0
sub-14_2	166	Picture	62	5231372	0	1	10226	1	0	10000	other	0
sub-14_2	166	Pulse	255	5233704	2332	0
sub-14_2	166	Pulse	255	5253704	22331	0
sub-14_2	167	Picture	62	5256599	0	1	10226	1	0	10000	other	0
sub-14_2	167	Pulse	255	5273704	17105	0
sub-14_2	168	Picture	62	5281826	0	1	10226	1	0	10000	other	0
sub-14_2	168	Pulse	255	5293704	11878	0
sub-14_2	169	Picture	62	5307053	0	1	10226	1	0	10000	other	0
sub-14_2	169	Pulse	255	5313703	6651	0
sub-14_2	170	Picture	62	5332280	0	1	10226	1	0	10000	other	0
sub-14_2	170	Pulse	255	5333704	1425	0
sub-14_2	170	Pulse	255	5353704	21425	0
sub-14_2	171	Picture	62	5357506	0	1	10226	1	0	10000	other	0
sub-14_2	171	Pulse	255	5373703	16197	0
sub-14_2	172	Picture	62	5382733	0	1	10226	1	0	10000	other	0
sub-14_2	172	Pulse	255	5393704	10971	0
sub-14_2	173	Picture	62	5407960	0	1	10226	1	0	10000	other	0
sub-14_2	173	Pulse	255	5413704	5744	0
sub-14_2	174	Picture	62	5433187	0	1	10226	1	0	10000	other	0
sub-14_2	174	Pulse	255	5433704	518	0
sub-14_2	174	Pulse	255	5453705	20518	0
sub-14_2	175	Picture	62	5458414	0	1	10226	1	0	10000	other	0
sub-14_2	175	Pulse	255	5473704	15291	0
sub-14_2	176	Picture	Bfix	5483640	0	1	30227	1	0	30000	other	0
sub-14_2	176	Pulse	255	5493705	10064	0
sub-14_2	176	Pulse	255	5513725	30085	0
sub-14_2	177	Picture	Ins_jambe	5513867	0	1	40226	1	0	40000	other	0
sub-14_2	177	Pulse	255	5533705	19837	0
sub-14_2	177	Pulse	255	5553705	39838	0
sub-14_2	177	Pulse	255	5573705	59837	0
sub-14_2	178	Picture	51	5574094	0	1	10226	1	0	10000	other	0
sub-14_2	178	Pulse	255	5593705	19611	0
sub-14_2	179	Picture	51	5599321	0	1	10226	1	0	10000	other	0
sub-14_2	179	Pulse	255	5613705	14384	0
sub-14_2	180	Picture	51	5624548	0	1	10226	1	0	10000	other	0
sub-14_2	180	Pulse	255	5633705	9157	0
sub-14_2	181	Picture	51	5649775	0	1	10226	1	0	10000	other	0
sub-14_2	181	Pulse	255	5653705	3930	0
sub-14_2	181	Pulse	255	5673705	23930	0
sub-14_2	182	Picture	51	5675001	0	1	10226	1	0	10000	other	0
sub-14_2	182	Pulse	255	5693705	18704	0
sub-14_2	183	Picture	51	5700228	0	1	10226	1	0	10000	other	0
sub-14_2	183	Pulse	255	5713704	13476	0
sub-14_2	184	Picture	51	5725455	0	1	10226	1	0	10000	other	0
sub-14_2	184	Pulse	255	5733705	8250	0
sub-14_2	185	Picture	51	5750682	0	1	10226	1	0	10000	other	0
sub-14_2	185	Pulse	255	5753705	3023	0
sub-14_2	185	Pulse	255	5773705	23024	0
sub-14_2	186	Picture	51	5775909	0	1	10226	1	0	10000	other	0
sub-14_2	186	Pulse	255	5793705	17796	0
sub-14_2	187	Picture	51	5801135	0	1	10226	1	0	10000	other	0
sub-14_2	187	Pulse	255	5813706	12571	0
sub-14_2	188	Picture	52	5826362	0	1	10226	1	0	10000	other	0
sub-14_2	188	Pulse	255	5833706	7344	0
sub-14_2	189	Picture	52	5851589	0	1	10226	1	0	10000	other	0
sub-14_2	189	Pulse	255	5853705	2117	0
sub-14_2	189	Pulse	255	5873705	22116	0
sub-14_2	190	Picture	52	5876816	0	1	10226	1	0	10000	other	0
sub-14_2	190	Pulse	255	5893706	16890	0
sub-14_2	191	Picture	52	5902042	0	1	10226	1	0	10000	other	0
sub-14_2	191	Pulse	255	5913706	11663	0
sub-14_2	192	Picture	52	5927269	0	1	10226	1	0	10000	other	0
sub-14_2	192	Pulse	255	5933706	6436	0
sub-14_2	193	Picture	52	5952496	0	1	10226	1	0	10000	other	0
sub-14_2	193	Pulse	255	5953706	1209	0
sub-14_2	193	Pulse	255	5973706	21209	0
sub-14_2	194	Picture	52	5977723	0	1	10226	1	0	10000	other	0
sub-14_2	194	Pulse	255	5993705	15982	0
sub-14_2	195	Picture	52	6002950	0	1	10226	1	0	10000	other	0
sub-14_2	195	Pulse	255	6013706	10756	0
sub-14_2	196	Picture	52	6028177	0	1	10226	1	0	10000	other	0
sub-14_2	196	Pulse	255	6033706	5529	0
sub-14_2	197	Picture	52	6053403	0	1	10226	1	0	10000	other	0
sub-14_2	197	Pulse	255	6053706	303	0
sub-14_2	197	Pulse	255	6073706	20303	0
sub-14_2	198	Picture	Bfix	6078630	0	1	30227	1	0	30000	other	0
sub-14_2	198	Pulse	255	6093706	15075	0
sub-14_2	199	Picture	Ins_yeux	6108857	0	1	40226	1	0	40000	other	0
sub-14_2	199	Pulse	255	6113706	4849	0
sub-14_2	199	Pulse	255	6133707	24850	0
sub-14_2	199	Pulse	255	6153706	44849	0
sub-14_2	200	Picture	31	6169084	0	1	10226	1	0	10000	other	0
sub-14_2	200	Pulse	255	6173707	4623	0
sub-14_2	200	Pulse	255	6193696	24612	0
sub-14_2	201	Picture	31	6194311	0	1	10226	1	0	10000	other	0
sub-14_2	201	Pulse	255	6213696	19385	0
sub-14_2	202	Picture	31	6219538	0	1	10226	1	0	10000	other	0
sub-14_2	202	Pulse	255	6233696	14159	0
sub-14_2	203	Picture	31	6244764	0	1	10226	1	0	10000	other	0
sub-14_2	203	Pulse	255	6253697	8932	0
sub-14_2	204	Picture	31	6269991	0	1	10226	1	0	10000	other	0
sub-14_2	204	Pulse	255	6273696	3705	0
sub-14_2	204	Pulse	255	6293697	23706	0
sub-14_2	205	Picture	31	6295218	0	1	10225	1	0	10000	other	0
sub-14_2	205	Pulse	255	6313697	18479	0
sub-14_2	206	Picture	31	6320445	0	1	10226	1	0	10000	other	0
sub-14_2	206	Pulse	255	6333697	13252	0
sub-14_2	207	Picture	31	6345671	0	1	10226	1	0	10000	other	0
sub-14_2	207	Pulse	255	6353697	8025	0
sub-14_2	208	Picture	31	6370898	0	1	10226	1	0	10000	other	0
sub-14_2	208	Pulse	255	6373697	2799	0
sub-14_2	208	Pulse	255	6393697	22799	0
sub-14_2	209	Picture	31	6396125	0	1	10226	1	0	10000	other	0
sub-14_2	209	Pulse	255	6413697	17572	0
sub-14_2	210	Picture	32	6421351	0	1	10226	1	0	10000	other	0
sub-14_2	210	Pulse	255	6433697	12346	0
sub-14_2	211	Picture	32	6446578	0	1	10226	1	0	10000	other	0
sub-14_2	211	Pulse	255	6453697	7119	0
sub-14_2	212	Picture	32	6471805	0	1	10226	1	0	10000	other	0
sub-14_2	212	Pulse	255	6473697	1891	0
sub-14_2	212	Pulse	255	6493697	21892	0
sub-14_2	213	Picture	32	6497032	0	1	10226	1	0	10000	other	0
sub-14_2	213	Pulse	255	6513698	16666	0
sub-14_2	214	Picture	32	6522259	0	1	10226	1	0	10000	other	0
sub-14_2	214	Pulse	255	6533697	11438	0
sub-14_2	215	Picture	32	6547486	0	1	10226	1	0	10000	other	0
sub-14_2	215	Pulse	255	6553697	6211	0
sub-14_2	216	Picture	32	6572712	0	1	10226	1	0	10000	other	0
sub-14_2	216	Pulse	255	6573697	985	0
sub-14_2	216	Pulse	255	6593698	20986	0
sub-14_2	217	Picture	32	6597939	0	1	10226	1	0	10000	other	0
sub-14_2	217	Pulse	255	6613698	15758	0
sub-14_2	218	Picture	32	6623166	0	1	10226	1	0	10000	other	0
sub-14_2	218	Pulse	255	6633698	10532	0
sub-14_2	219	Picture	32	6648393	0	1	10226	1	0	10000	other	0
sub-14_2	219	Pulse	255	6653697	5304	0
sub-14_2	220	Picture	Bfix	6673620	0	1	30227	1	0	30000	other	0
sub-14_2	220	Pulse	255	6673698	78	0
sub-14_2	220	Pulse	255	6693698	20078	0
sub-14_2	221	Picture	Ins_index	6703847	0	1	40226	1	0	40000	other	0
sub-14_2	221	Pulse	255	6713698	9851	0
sub-14_2	221	Pulse	255	6733698	29851	0
sub-14_2	221	Pulse	255	6753698	49851	0
sub-14_2	222	Picture	21	6764074	0	1	10226	1	0	10000	miss	0
sub-14_2	222	Pulse	255	6773698	9624	0
sub-14_2	223	Picture	21	6789301	0	1	10226	1	0	10000	miss	0
sub-14_2	223	Pulse	255	6793698	4397	0
sub-14_2	223	Pulse	255	6813698	24398	0
sub-14_2	224	Picture	21	6814527	0	1	10226	1	0	10000	hit	549
sub-14_2	224	Response	1	6815698	1170	1
sub-14_2	224	Pulse	255	6833698	19171	0
sub-14_2	225	Picture	21	6839754	0	1	10226	1	0	10000	hit	552
sub-14_2	225	Response	1	6841488	1735	1
sub-14_2	225	Pulse	255	6853698	13944	0
sub-14_2	226	Picture	21	6864981	0	1	10226	1	0	10000	hit	555
sub-14_2	226	Response	1	6868118	3138	1
sub-14_2	226	Pulse	255	6873698	8718	0
sub-14_2	227	Picture	21	6890207	0	1	10226	1	0	10000	hit	558
sub-14_2	227	Response	1	6892788	2581	1
sub-14_2	227	Pulse	255	6893698	3491	0
sub-14_2	227	Response	1	6902969	12761	1
sub-14_2	227	Pulse	255	6913698	23491	0
sub-14_2	228	Picture	21	6915434	0	1	10226	1	0	10000	hit	563
sub-14_2	228	Response	1	6917498	2064	1
sub-14_2	228	Pulse	255	6933698	18264	0
sub-14_2	229	Picture	21	6940660	0	1	10226	1	0	10000	hit	566
sub-14_2	229	Response	1	6941649	988	1
sub-14_2	229	Pulse	255	6953698	13038	0
sub-14_2	230	Picture	21	6965887	0	1	10226	1	0	10000	hit	569
sub-14_2	230	Response	1	6968079	2192	1
sub-14_2	230	Pulse	255	6973698	7811	0
sub-14_2	231	Picture	21	6991114	0	1	10226	1	0	10000	hit	573
sub-14_2	231	Pulse	255	6993699	2585	0
sub-14_2	231	Response	1	6994308	3194	1
sub-14_2	231	Response	1	6995308	4194	1
sub-14_2	231	Response	1	6997569	6455	1
sub-14_2	231	Response	1	6998558	7444	1
sub-14_2	231	Response	1	7000128	9014	1
sub-14_2	231	Pulse	255	7013699	22585	0
sub-14_2	232	Picture	22	7016341	0	1	10226	1	0	10000	hit	580
sub-14_2	232	Response	2	7024599	8258	1
sub-14_2	232	Pulse	255	7033699	17358	0
sub-14_2	233	Picture	22	7041568	0	1	10226	1	0	10000	hit	583
sub-14_2	233	Response	2	7044499	2931	1
sub-14_2	233	Pulse	255	7053699	12131	0
sub-14_2	234	Picture	22	7066795	0	1	10226	1	0	10000	hit	586
sub-14_2	234	Response	2	7069548	2754	1
sub-14_2	234	Pulse	255	7073699	6904	0
sub-14_2	235	Picture	22	7092021	0	1	10226	1	0	10000	hit	590
sub-14_2	235	Pulse	255	7093699	1678	0
sub-14_2	235	Response	2	7094358	2337	1
sub-14_2	235	Pulse	255	7113699	21678	0
sub-14_2	236	Picture	22	7117248	0	1	10226	1	0	10000	hit	593
sub-14_2	236	Response	2	7120428	3180	1
sub-14_2	236	Pulse	255	7133699	16451	0
sub-14_2	237	Picture	22	7142475	0	1	10226	1	0	10000	hit	596
sub-14_2	237	Response	2	7145349	2874	1
sub-14_2	237	Pulse	255	7153699	11224	0
sub-14_2	238	Picture	22	7167702	0	1	10226	1	0	10000	hit	599
sub-14_2	238	Response	2	7171059	3357	1
sub-14_2	238	Pulse	255	7173699	5997	0
sub-14_2	239	Picture	22	7192929	0	1	10226	1	0	10000	hit	603
sub-14_2	239	Pulse	255	7193699	771	0
sub-14_2	239	Response	2	7195988	3059	1
sub-14_2	239	Pulse	255	7213699	20771	0
sub-14_2	240	Picture	22	7218155	0	1	10226	1	0	10000	hit	606
sub-14_2	240	Response	2	7220909	2754	1
sub-14_2	240	Pulse	255	7233699	15543	0
sub-14_2	241	Picture	22	7243382	0	1	10226	1	0	10000	hit	609
sub-14_2	241	Response	2	7243729	346	1
sub-14_2	241	Pulse	255	7253699	10317	0
sub-14_2	242	Picture	Bfix	7268609	0	1	30227	1	0	30000	other	0
sub-14_2	242	Pulse	255	7273699	5090	0
sub-14_2	242	Pulse	255	7293700	25091	0
sub-14_2	243	Picture	Ins_main	7298836	0	1	40226	1	0	40000	other	0
sub-14_2	243	Pulse	255	7313699	14863	0
sub-14_2	243	Pulse	255	7333699	34863	0
sub-14_2	243	Pulse	255	7353699	54863	0
sub-14_2	244	Picture	11	7359063	0	1	10226	1	0	10000	other	0
sub-14_2	244	Pulse	255	7373700	14637	0
sub-14_2	245	Picture	11	7384290	0	1	10226	1	0	10000	other	0
sub-14_2	245	Pulse	255	7393700	9410	0
sub-14_2	246	Picture	11	7409517	0	1	10226	1	0	10000	other	0
sub-14_2	246	Pulse	255	7413700	4183	0
sub-14_2	246	Pulse	255	7433699	24183	0
sub-14_2	247	Picture	11	7434744	0	1	10226	1	0	10000	other	0
sub-14_2	247	Pulse	255	7453700	18956	0
sub-14_2	248	Picture	11	7459971	0	1	10226	1	0	10000	other	0
sub-14_2	248	Pulse	255	7473700	13729	0
sub-14_2	249	Picture	11	7485198	0	1	10226	1	0	10000	other	0
sub-14_2	249	Pulse	255	7493700	8502	0
sub-14_2	250	Picture	11	7510425	0	1	10226	1	0	10000	other	0
sub-14_2	250	Pulse	255	7513699	3275	0
sub-14_2	250	Pulse	255	7533700	23275	0
sub-14_2	251	Picture	11	7535652	0	1	10226	1	0	10000	other	0
sub-14_2	251	Pulse	255	7553700	18048	0
sub-14_2	252	Picture	11	7560878	0	1	10226	1	0	10000	other	0
sub-14_2	252	Pulse	255	7573700	12822	0
sub-14_2	253	Picture	11	7586105	0	1	10226	1	0	10000	other	0
sub-14_2	253	Pulse	255	7593700	7595	0
sub-14_2	254	Picture	12	7611332	0	1	10225	1	0	10000	other	0
sub-14_2	254	Pulse	255	7613700	2368	0
sub-14_2	254	Pulse	255	7633701	22369	0
sub-14_2	255	Picture	12	7636559	0	1	10226	1	0	10000	other	0
sub-14_2	255	Pulse	255	7653701	17142	0
sub-14_2	256	Picture	12	7661786	0	1	10226	1	0	10000	other	0
sub-14_2	256	Pulse	255	7673701	11915	0
sub-14_2	257	Picture	12	7687012	0	1	10226	1	0	10000	other	0
sub-14_2	257	Pulse	255	7693700	6687	0
sub-14_2	258	Picture	12	7712239	0	1	10226	1	0	10000	other	0
sub-14_2	258	Pulse	255	7713701	1462	0
sub-14_2	258	Pulse	255	7733701	21462	0
sub-14_2	259	Picture	12	7737466	0	1	10226	1	0	10000	other	0
sub-14_2	259	Pulse	255	7753701	16235	0
sub-14_2	260	Picture	12	7762693	0	1	10226	1	0	10000	other	0
sub-14_2	260	Pulse	255	7773701	11008	0
sub-14_2	261	Picture	12	7787919	0	1	10226	1	0	10000	other	0
sub-14_2	261	Pulse	255	7793701	5781	0
sub-14_2	262	Picture	12	7813146	0	1	10226	1	0	10000	other	0
sub-14_2	262	Pulse	255	7813700	554	0
sub-14_2	262	Pulse	255	7833701	20555	0
sub-14_2	263	Picture	12	7838373	0	1	10226	1	0	10000	other	0
sub-14_2	263	Pulse	255	7853701	15328	0
sub-14_2	264	Picture	Bfix	7863600	0	1	60226	1	0	60000	other	0
sub-14_2	264	Pulse	255	7873701	10101	0
sub-14_2	264	Pulse	255	7893701	30101	0
sub-14_2	264	Pulse	255	7913701	50102	0
