Scenario - loca_moto
Logfile written - 11/12/2018 14:50:03

Subject	Trial	Event Type	Code	Time	TTime	Uncertainty	Duration	Uncertainty	ReqTime	ReqDur	Stim Type	Pair Index

sub-05_1	0	Pulse	255	1383467	1383467	0
sub-05_1	1	Picture	Ins_main	1383696	0	1	40226	1	0	40000	other	0
sub-05_1	1	Pulse	255	1403468	19771	0
sub-05_1	1	Pulse	255	1423468	39771	0
sub-05_1	1	Pulse	255	1443468	59772	0
sub-05_1	2	Picture	11	1443923	0	1	10226	1	0	10000	other	0
sub-05_1	2	Pulse	255	1463468	19545	0
sub-05_1	3	Picture	11	1469150	0	1	10226	1	0	10000	other	0
sub-05_1	3	Pulse	255	1483467	14318	0
sub-05_1	4	Picture	11	1494377	0	1	10226	1	0	10000	other	0
sub-05_1	4	Pulse	255	1503468	9091	0
sub-05_1	5	Picture	11	1519603	0	1	10226	1	0	10000	other	0
sub-05_1	5	Pulse	255	1523468	3864	0
sub-05_1	5	Pulse	255	1543468	23864	0
sub-05_1	6	Picture	11	1544830	0	1	10226	1	0	10000	other	0
sub-05_1	6	Pulse	255	1563468	18637	0
sub-05_1	7	Picture	11	1570057	0	1	10226	1	0	10000	other	0
sub-05_1	7	Pulse	255	1583468	13411	0
sub-05_1	8	Picture	11	1595286	0	1	10226	1	0	10000	other	0
sub-05_1	8	Pulse	255	1603468	8182	0
sub-05_1	9	Picture	11	1620513	0	1	10226	1	0	10000	other	0
sub-05_1	9	Pulse	255	1623468	2955	0
sub-05_1	9	Pulse	255	1643468	22955	0
sub-05_1	10	Picture	11	1645740	0	1	10226	1	0	10000	other	0
sub-05_1	10	Pulse	255	1663468	17728	0
sub-05_1	11	Picture	11	1670967	0	1	10226	1	0	10000	other	0
sub-05_1	11	Pulse	255	1683468	12501	0
sub-05_1	12	Picture	12	1696194	0	1	10226	1	0	10000	other	0
sub-05_1	12	Pulse	255	1703468	7274	0
sub-05_1	13	Picture	12	1721421	0	1	10226	1	0	10000	other	0
sub-05_1	13	Pulse	255	1723468	2047	0
sub-05_1	13	Pulse	255	1743468	22047	0
sub-05_1	14	Picture	12	1746648	0	1	10226	1	0	10000	other	0
sub-05_1	14	Pulse	255	1763468	16820	0
sub-05_1	15	Picture	12	1771875	0	1	10226	1	0	10000	other	0
sub-05_1	15	Pulse	255	1783468	11594	0
sub-05_1	16	Picture	12	1797101	0	1	10226	1	0	10000	other	0
sub-05_1	16	Pulse	255	1803468	6367	0
sub-05_1	17	Picture	12	1822328	0	1	10226	1	0	10000	other	0
sub-05_1	17	Pulse	255	1823469	1140	0
sub-05_1	17	Pulse	255	1843469	21140	0
sub-05_1	18	Picture	12	1847555	0	1	10226	1	0	10000	other	0
sub-05_1	18	Pulse	255	1863469	15914	0
sub-05_1	19	Picture	12	1872782	0	1	10226	1	0	10000	other	0
sub-05_1	19	Pulse	255	1883469	10687	0
sub-05_1	20	Picture	12	1898009	0	1	10226	1	0	10000	other	0
sub-05_1	20	Pulse	255	1903469	5460	0
sub-05_1	21	Picture	12	1923236	0	1	10226	1	0	10000	other	0
sub-05_1	21	Pulse	255	1923469	233	0
sub-05_1	21	Pulse	255	1943469	20233	0
sub-05_1	22	Picture	Bfix	1948464	0	1	30226	1	0	30000	other	0
sub-05_1	22	Pulse	255	1963469	15005	0
sub-05_1	23	Picture	Ins_index	1978857	0	1	40226	1	0	40000	other	0
sub-05_1	23	Pulse	255	1983469	4612	0
sub-05_1	23	Pulse	255	2003469	24612	0
sub-05_1	23	Pulse	255	2023470	44613	0
sub-05_1	24	Picture	21	2039084	0	1	10231	1	0	10000	hit	59
sub-05_1	24	Pulse	255	2043469	4385	0
sub-05_1	24	Response	1	2043639	4555	1
sub-05_1	24	Pulse	255	2063469	24385	0
sub-05_1	25	Picture	21	2064311	0	1	10226	1	0	10000	hit	62
sub-05_1	25	Response	1	2069290	4979	1
sub-05_1	25	Response	1	2070289	5978	1
sub-05_1	25	Pulse	255	2083470	19159	0
sub-05_1	26	Picture	21	2089538	0	1	10226	1	0	10000	hit	66
sub-05_1	26	Response	1	2093020	3482	1
sub-05_1	26	Response	1	2094010	4471	1
sub-05_1	26	Pulse	255	2103469	13931	0
sub-05_1	27	Picture	21	2114765	0	1	10226	1	0	10000	hit	70
sub-05_1	27	Response	1	2118220	3455	1
sub-05_1	27	Pulse	255	2123470	8705	0
sub-05_1	28	Picture	21	2139992	0	1	10226	1	0	10000	hit	73
sub-05_1	28	Response	1	2142770	2778	1
sub-05_1	28	Pulse	255	2143459	3467	0
sub-05_1	28	Pulse	255	2163460	23468	0
sub-05_1	29	Picture	21	2165219	0	1	10226	1	0	10000	hit	77
sub-05_1	29	Response	1	2168450	3231	1
sub-05_1	29	Pulse	255	2183460	18241	0
sub-05_1	30	Picture	21	2190446	0	1	10226	1	0	10000	miss	0
sub-05_1	30	Pulse	255	2203460	13014	0
sub-05_1	31	Picture	21	2215673	0	1	10226	1	0	10000	hit	82
sub-05_1	31	Response	1	2218360	2687	1
sub-05_1	31	Pulse	255	2223460	7788	0
sub-05_1	32	Picture	21	2240900	0	1	10226	1	0	10000	hit	85
sub-05_1	32	Response	1	2243390	2490	1
sub-05_1	32	Pulse	255	2243459	2560	0
sub-05_1	32	Pulse	255	2263460	22560	0
sub-05_1	33	Picture	21	2266127	0	1	10226	1	0	10000	hit	89
sub-05_1	33	Response	1	2269250	3124	1
sub-05_1	33	Pulse	255	2283460	17334	0
sub-05_1	34	Picture	22	2291354	0	1	10226	1	0	10000	hit	92
sub-05_1	34	Response	2	2296770	5417	1
sub-05_1	34	Pulse	255	2303460	12107	0
sub-05_1	35	Picture	22	2316580	0	1	10226	1	0	10000	hit	95
sub-05_1	35	Response	2	2320060	3480	1
sub-05_1	35	Pulse	255	2323461	6880	0
sub-05_1	36	Picture	22	2341807	0	1	10226	1	0	10000	hit	99
sub-05_1	36	Pulse	255	2343460	1653	0
sub-05_1	36	Response	2	2345830	4023	1
sub-05_1	36	Pulse	255	2363461	21653	0
sub-05_1	36	Response	2	2366011	24203	1
sub-05_1	37	Picture	22	2367034	0	1	10226	1	0	10000	miss	0
sub-05_1	37	Pulse	255	2383461	16426	0
sub-05_1	38	Picture	22	2392261	0	1	10226	1	0	10000	hit	106
sub-05_1	38	Pulse	255	2403461	11199	0
sub-05_1	38	Response	2	2407251	14989	1
sub-05_1	39	Picture	22	2417488	0	1	10226	1	0	10000	hit	108
sub-05_1	39	Response	2	2421431	3943	1
sub-05_1	39	Pulse	255	2423460	5972	0
sub-05_1	40	Picture	22	2442715	0	1	10226	1	0	10000	hit	112
sub-05_1	40	Pulse	255	2443461	746	0
sub-05_1	40	Response	2	2445371	2656	1
sub-05_1	40	Pulse	255	2463461	20746	0
sub-05_1	41	Picture	22	2467942	0	1	10226	1	0	10000	hit	115
sub-05_1	41	Response	2	2473061	5119	1
sub-05_1	41	Pulse	255	2483461	15519	0
sub-05_1	42	Picture	22	2493169	0	1	10226	1	0	10000	miss	0
sub-05_1	42	Pulse	255	2503461	10292	0
sub-05_1	43	Picture	22	2518396	0	1	10226	1	0	10000	hit	120
sub-05_1	43	Response	2	2520731	2335	1
sub-05_1	43	Pulse	255	2523461	5065	0
sub-05_1	43	Pulse	255	2543471	25075	0
sub-05_1	44	Picture	Bfix	2543624	0	1	30226	1	0	30000	other	0
sub-05_1	44	Pulse	255	2563461	19838	0
sub-05_1	45	Picture	Ins_yeux	2574016	0	1	40226	1	0	40000	other	0
sub-05_1	45	Pulse	255	2583461	9445	0
sub-05_1	45	Pulse	255	2603461	29445	0
sub-05_1	45	Pulse	255	2623461	49445	0
sub-05_1	46	Picture	31	2634243	0	1	10226	1	0	10000	other	0
sub-05_1	46	Pulse	255	2643462	9219	0
sub-05_1	47	Picture	31	2659470	0	1	10226	1	0	10000	other	0
sub-05_1	47	Pulse	255	2663462	3992	0
sub-05_1	47	Pulse	255	2683462	23992	0
sub-05_1	48	Picture	31	2684697	0	1	10226	1	0	10000	other	0
sub-05_1	48	Pulse	255	2703462	18765	0
sub-05_1	49	Picture	31	2709924	0	1	10226	1	0	10000	other	0
sub-05_1	49	Pulse	255	2723462	13538	0
sub-05_1	50	Picture	31	2735151	0	1	10226	1	0	10000	other	0
sub-05_1	50	Pulse	255	2743462	8311	0
sub-05_1	51	Picture	31	2760378	0	1	10226	1	0	10000	other	0
sub-05_1	51	Pulse	255	2763462	3084	0
sub-05_1	51	Pulse	255	2783462	23084	0
sub-05_1	52	Picture	31	2785605	0	1	10226	1	0	10000	other	0
sub-05_1	52	Pulse	255	2803462	17857	0
sub-05_1	53	Picture	31	2810832	0	1	10226	1	0	10000	other	0
sub-05_1	53	Pulse	255	2823462	12631	0
sub-05_1	54	Picture	31	2836059	0	1	10226	1	0	10000	other	0
sub-05_1	54	Pulse	255	2843462	7404	0
sub-05_1	55	Picture	31	2861286	0	1	10226	1	0	10000	other	0
sub-05_1	55	Pulse	255	2863462	2177	0
sub-05_1	55	Pulse	255	2883462	22177	0
sub-05_1	56	Picture	32	2886512	0	1	10226	1	0	10000	other	0
sub-05_1	56	Pulse	255	2903463	16950	0
sub-05_1	57	Picture	32	2911739	0	1	10226	1	0	10000	other	0
sub-05_1	57	Pulse	255	2923463	11723	0
sub-05_1	58	Picture	32	2936966	0	1	10226	1	0	10000	other	0
sub-05_1	58	Pulse	255	2943462	6496	0
sub-05_1	59	Picture	32	2962193	0	1	10226	1	0	10000	other	0
sub-05_1	59	Pulse	255	2963463	1269	0
sub-05_1	59	Pulse	255	2983463	21269	0
sub-05_1	60	Picture	32	2987420	0	1	10226	1	0	10000	other	0
sub-05_1	60	Pulse	255	3003463	16043	0
sub-05_1	61	Picture	32	3012647	0	1	10226	1	0	10000	other	0
sub-05_1	61	Pulse	255	3023462	10815	0
sub-05_1	62	Picture	32	3037872	0	4	10226	4	0	10000	other	0
sub-05_1	62	Pulse	255	3043463	5590	0
sub-05_1	63	Picture	32	3063099	0	1	10226	1	0	10000	other	0
sub-05_1	63	Pulse	255	3063463	363	0
sub-05_1	63	Pulse	255	3083463	20363	0
sub-05_1	64	Picture	32	3088326	0	1	10226	1	0	10000	other	0
sub-05_1	64	Pulse	255	3103463	15136	0
sub-05_1	65	Picture	32	3113553	0	1	10226	1	0	10000	other	0
sub-05_1	65	Pulse	255	3123463	9909	0
sub-05_1	66	Picture	Bfix	3138780	0	1	30229	1	0	30000	other	0
sub-05_1	66	Pulse	255	3143463	4683	0
sub-05_1	66	Pulse	255	3163463	24683	0
sub-05_1	67	Picture	Ins_jambe	3169009	0	1	40226	1	0	40000	other	0
sub-05_1	67	Pulse	255	3183463	14454	0
sub-05_1	67	Pulse	255	3203463	34454	0
sub-05_1	67	Pulse	255	3223463	54454	0
sub-05_1	68	Picture	51	3229236	0	1	10226	1	0	10000	other	0
sub-05_1	68	Pulse	255	3243464	14227	0
sub-05_1	69	Picture	51	3254464	0	1	10226	1	0	10000	other	0
sub-05_1	69	Pulse	255	3263464	9000	0
sub-05_1	70	Picture	51	3279691	0	1	10226	1	0	10000	other	0
sub-05_1	70	Pulse	255	3283464	3773	0
sub-05_1	70	Pulse	255	3303463	23773	0
sub-05_1	71	Picture	51	3304918	0	1	10226	1	0	10000	other	0
sub-05_1	71	Pulse	255	3323463	18546	0
sub-05_1	72	Picture	51	3330145	0	1	10226	1	0	10000	other	0
sub-05_1	72	Pulse	255	3343464	13318	0
sub-05_1	73	Picture	51	3355372	0	1	10226	1	0	10000	other	0
sub-05_1	73	Pulse	255	3363464	8091	0
sub-05_1	74	Picture	51	3380599	0	1	10226	1	0	10000	other	0
sub-05_1	74	Pulse	255	3383464	2864	0
sub-05_1	74	Pulse	255	3403464	22865	0
sub-05_1	75	Picture	51	3405826	0	1	10226	1	0	10000	other	0
sub-05_1	75	Pulse	255	3423464	17638	0
sub-05_1	76	Picture	51	3431053	0	1	10226	1	0	10000	other	0
sub-05_1	76	Pulse	255	3443464	12411	0
sub-05_1	77	Picture	51	3456280	0	1	10226	1	0	10000	other	0
sub-05_1	77	Pulse	255	3463464	7184	0
sub-05_1	78	Picture	52	3481507	0	1	10226	1	0	10000	other	0
sub-05_1	78	Pulse	255	3483464	1957	0
sub-05_1	78	Pulse	255	3503464	21957	0
sub-05_1	79	Picture	52	3506734	0	1	10226	1	0	10000	other	0
sub-05_1	79	Pulse	255	3523465	16731	0
sub-05_1	80	Picture	52	3531961	0	1	10226	1	0	10000	other	0
sub-05_1	80	Pulse	255	3543464	11503	0
sub-05_1	81	Picture	52	3557188	0	1	10226	1	0	10000	other	0
sub-05_1	81	Pulse	255	3563464	6277	1
sub-05_1	82	Picture	52	3582414	0	1	10226	1	0	10000	other	0
sub-05_1	82	Pulse	255	3583464	1050	0
sub-05_1	82	Pulse	255	3603464	21050	0
sub-05_1	83	Picture	52	3607641	0	1	10226	1	0	10000	other	0
sub-05_1	83	Pulse	255	3623464	15823	0
sub-05_1	84	Picture	52	3632868	0	1	10226	1	0	10000	other	0
sub-05_1	84	Pulse	255	3643465	10597	0
sub-05_1	85	Picture	52	3658095	0	1	10226	1	0	10000	other	0
sub-05_1	85	Pulse	255	3663465	5370	0
sub-05_1	86	Picture	52	3683322	0	1	10226	1	0	10000	other	0
sub-05_1	86	Pulse	255	3683465	142	0
sub-05_1	86	Pulse	255	3703465	20142	0
sub-05_1	87	Picture	52	3708550	0	1	10226	1	0	10000	other	0
sub-05_1	87	Pulse	255	3723465	14915	0
sub-05_1	88	Picture	Bfix	3733777	0	1	30228	1	0	30000	other	0
sub-05_1	88	Pulse	255	3743465	9688	0
sub-05_1	88	Pulse	255	3763455	29679	0
sub-05_1	89	Picture	Ins_bouche	3764005	0	1	40226	1	0	40000	other	0
sub-05_1	89	Pulse	255	3783455	19450	0
sub-05_1	89	Pulse	255	3803455	39451	0
sub-05_1	89	Pulse	255	3823455	59451	0
sub-05_1	90	Picture	61	3824232	0	1	10226	1	0	10000	other	0
sub-05_1	90	Pulse	255	3843455	19224	0
sub-05_1	91	Picture	61	3849459	0	1	10226	1	0	10000	other	0
sub-05_1	91	Pulse	255	3863455	13997	0
sub-05_1	92	Picture	61	3874686	0	1	10226	1	0	10000	other	0
sub-05_1	92	Pulse	255	3883456	8770	0
sub-05_1	93	Picture	61	3899913	0	1	10226	1	0	10000	other	0
sub-05_1	93	Pulse	255	3903455	3543	0
sub-05_1	93	Pulse	255	3923456	23543	0
sub-05_1	94	Picture	61	3925140	0	1	10226	1	0	10000	other	0
sub-05_1	94	Pulse	255	3943456	18316	0
sub-05_1	95	Picture	61	3950366	0	1	10226	1	0	10000	other	0
sub-05_1	95	Pulse	255	3963456	13089	0
sub-05_1	96	Picture	61	3975594	0	1	10226	1	0	10000	other	0
sub-05_1	96	Pulse	255	3983456	7862	0
sub-05_1	97	Picture	61	4000821	0	1	10226	1	0	10000	other	0
sub-05_1	97	Pulse	255	4003456	2635	0
sub-05_1	97	Pulse	255	4023456	22635	0
sub-05_1	98	Picture	61	4026048	0	1	10226	1	0	10000	other	0
sub-05_1	98	Pulse	255	4043456	17409	0
sub-05_1	99	Picture	61	4051275	0	1	10226	1	0	10000	other	0
sub-05_1	99	Pulse	255	4063456	12182	0
sub-05_1	100	Picture	62	4076501	0	1	10226	1	0	10000	other	0
sub-05_1	100	Pulse	255	4083456	6955	0
sub-05_1	101	Picture	62	4101728	0	1	10226	1	0	10000	other	0
sub-05_1	101	Pulse	255	4103456	1728	0
sub-05_1	101	Pulse	255	4123456	21728	0
sub-05_1	102	Picture	62	4126955	0	1	10226	1	0	10000	other	0
sub-05_1	102	Pulse	255	4143457	16501	0
sub-05_1	103	Picture	62	4152183	0	1	10226	1	0	10000	other	0
sub-05_1	103	Pulse	255	4163456	11274	0
sub-05_1	104	Picture	62	4177409	0	1	10226	1	0	10000	other	0
sub-05_1	104	Pulse	255	4183457	6047	0
sub-05_1	105	Picture	62	4202636	0	1	10226	1	0	10000	other	0
sub-05_1	105	Pulse	255	4203457	820	0
sub-05_1	105	Pulse	255	4223457	20820	0
sub-05_1	106	Picture	62	4227863	0	1	10226	1	0	10000	other	0
sub-05_1	106	Pulse	255	4243456	15593	0
sub-05_1	107	Picture	62	4253090	0	1	10226	1	0	10000	other	0
sub-05_1	107	Pulse	255	4263457	10367	0
sub-05_1	108	Picture	62	4278317	0	1	10226	1	0	10000	other	0
sub-05_1	108	Pulse	255	4283457	5140	0
sub-05_1	108	Pulse	255	4303457	25140	0
sub-05_1	109	Picture	62	4303544	0	1	10226	1	0	10000	other	0
sub-05_1	109	Pulse	255	4323457	19913	0
sub-05_1	110	Picture	Bfix	4328771	0	1	30229	1	0	30000	other	0
sub-05_1	110	Pulse	255	4343457	14685	0
sub-05_1	111	Picture	Ins_repos	4359000	0	1	40226	1	0	40000	other	0
sub-05_1	111	Pulse	255	4363457	4457	0
sub-05_1	111	Pulse	255	4383457	24457	0
sub-05_1	111	Pulse	255	4403457	44458	0
sub-05_1	112	Picture	71	4419227	0	1	10226	1	0	10000	other	0
sub-05_1	112	Pulse	255	4423457	4231	0
sub-05_1	112	Pulse	255	4443457	24231	0
sub-05_1	113	Picture	71	4444454	0	1	10226	1	0	10000	other	0
sub-05_1	113	Pulse	255	4463458	19004	0
sub-05_1	114	Picture	71	4469681	0	1	10226	1	0	10000	other	0
sub-05_1	114	Pulse	255	4483458	13777	0
sub-05_1	115	Picture	71	4494907	0	1	10226	1	0	10000	other	0
sub-05_1	115	Pulse	255	4503458	8550	0
sub-05_1	116	Picture	71	4520134	0	1	10226	1	0	10000	other	0
sub-05_1	116	Pulse	255	4523458	3323	0
sub-05_1	116	Pulse	255	4543457	23323	0
sub-05_1	117	Picture	71	4545361	0	1	10226	1	0	10000	other	0
sub-05_1	117	Pulse	255	4563458	18097	0
sub-05_1	118	Picture	71	4570588	0	1	10226	1	0	10000	other	0
sub-05_1	118	Pulse	255	4583458	12870	0
sub-05_1	119	Picture	71	4595815	0	1	10226	1	0	10000	other	0
sub-05_1	119	Pulse	255	4603458	7643	0
sub-05_1	120	Picture	71	4621042	0	1	10226	1	0	10000	other	0
sub-05_1	120	Pulse	255	4623458	2416	0
sub-05_1	120	Pulse	255	4643458	22416	0
sub-05_1	121	Picture	71	4646269	0	1	10226	1	0	10000	other	0
sub-05_1	121	Pulse	255	4663458	17189	0
sub-05_1	122	Picture	72	4671496	0	1	10226	1	0	10000	other	0
sub-05_1	122	Pulse	255	4683458	11962	0
sub-05_1	123	Picture	72	4696723	0	1	10226	1	0	10000	other	0
sub-05_1	123	Pulse	255	4703458	6735	0
sub-05_1	124	Picture	72	4721950	0	1	10226	1	0	10000	other	0
sub-05_1	124	Pulse	255	4723459	1509	0
sub-05_1	124	Pulse	255	4743458	21508	0
sub-05_1	125	Picture	72	4747177	0	1	10226	1	0	10000	other	0
sub-05_1	125	Pulse	255	4763458	16281	0
sub-05_1	126	Picture	72	4772404	0	1	10226	1	0	10000	other	0
sub-05_1	126	Pulse	255	4783459	11055	0
sub-05_1	127	Picture	72	4797631	0	1	10226	1	0	10000	other	0
sub-05_1	127	Pulse	255	4803459	5828	0
sub-05_1	128	Picture	72	4822858	0	1	10226	1	0	10000	other	0
sub-05_1	128	Pulse	255	4823459	601	0
sub-05_1	128	Pulse	255	4843458	20601	0
sub-05_1	129	Picture	72	4848085	0	1	10226	1	0	10000	other	0
sub-05_1	129	Pulse	255	4863459	15374	0
sub-05_1	130	Picture	72	4873312	0	1	10226	1	0	10000	other	0
sub-05_1	130	Pulse	255	4883462	10151	0
sub-05_1	131	Picture	72	4898539	0	1	10226	1	0	10000	other	0
sub-05_1	131	Pulse	255	4903459	4920	0
sub-05_1	131	Pulse	255	4923459	24920	0
sub-05_1	132	Picture	Bfix	4923766	0	1	30227	1	0	30000	other	0
sub-05_1	132	Pulse	255	4943459	19693	0
sub-05_1	133	Picture	Ins_main	4953993	0	1	40226	1	0	40000	other	0
sub-05_1	133	Pulse	255	4963459	9465	0
sub-05_1	133	Pulse	255	4983459	29465	0
sub-05_1	133	Pulse	255	5003459	49466	0
sub-05_1	134	Picture	11	5014220	0	1	10226	1	0	10000	other	0
sub-05_1	134	Pulse	255	5023459	9239	0
sub-05_1	135	Picture	11	5039447	0	1	10226	1	0	10000	other	0
sub-05_1	135	Pulse	255	5043460	4012	0
sub-05_1	135	Pulse	255	5063459	24012	0
sub-05_1	136	Picture	11	5064674	0	1	10226	1	0	10000	other	0
sub-05_1	136	Pulse	255	5083459	18785	0
sub-05_1	137	Picture	11	5089901	0	1	10226	1	0	10000	other	0
sub-05_1	137	Pulse	255	5103460	13559	0
sub-05_1	138	Picture	11	5115128	0	1	10226	1	0	10000	other	0
sub-05_1	138	Pulse	255	5123460	8332	0
sub-05_1	139	Picture	11	5140355	0	1	10226	1	0	10000	other	0
sub-05_1	139	Pulse	255	5143460	3105	0
sub-05_1	139	Pulse	255	5163460	23105	0
sub-05_1	140	Picture	11	5165582	0	1	10226	1	0	10000	other	0
sub-05_1	140	Pulse	255	5183460	17878	0
sub-05_1	141	Picture	11	5190809	0	1	10226	1	0	10000	other	0
sub-05_1	141	Pulse	255	5203460	12651	0
sub-05_1	142	Picture	11	5216035	0	1	10226	1	0	10000	other	0
sub-05_1	142	Pulse	255	5223460	7424	0
sub-05_1	143	Picture	11	5241262	0	1	10226	1	0	10000	other	0
sub-05_1	143	Pulse	255	5243460	2198	0
sub-05_1	143	Pulse	255	5263460	22198	0
sub-05_1	144	Picture	12	5266489	0	1	10226	1	0	10000	other	0
sub-05_1	144	Pulse	255	5283460	16971	0
sub-05_1	145	Picture	12	5291716	0	1	10226	1	0	10000	other	0
sub-05_1	145	Pulse	255	5303460	11744	0
sub-05_1	146	Picture	12	5316943	0	1	10226	1	0	10000	other	0
sub-05_1	146	Pulse	255	5323460	6517	0
sub-05_1	147	Picture	12	5342170	0	1	10226	1	0	10000	other	0
sub-05_1	147	Pulse	255	5343461	1290	0
sub-05_1	147	Pulse	255	5363461	21290	0
sub-05_1	148	Picture	12	5367398	0	1	10226	1	0	10000	other	0
sub-05_1	148	Pulse	255	5383451	16053	0
sub-05_1	149	Picture	12	5392625	0	1	10226	1	0	10000	other	0
sub-05_1	149	Pulse	255	5403451	10826	0
sub-05_1	150	Picture	12	5417852	0	1	10226	1	0	10000	other	0
sub-05_1	150	Pulse	255	5423450	5598	0
sub-05_1	151	Picture	12	5443079	0	1	10226	1	0	10000	other	0
sub-05_1	151	Pulse	255	5443451	372	0
sub-05_1	151	Pulse	255	5463451	20372	0
sub-05_1	152	Picture	12	5468306	0	1	10226	1	0	10000	other	0
sub-05_1	152	Pulse	255	5483451	15145	0
sub-05_1	153	Picture	12	5493533	0	1	10226	1	0	10000	other	0
sub-05_1	153	Pulse	255	5503451	9918	0
sub-05_1	154	Picture	Bfix	5518759	0	1	30227	1	0	30000	other	0
sub-05_1	154	Pulse	255	5523451	4691	0
sub-05_1	154	Pulse	255	5543451	24691	0
sub-05_1	155	Picture	Ins_index	5548987	0	1	40226	1	0	40000	other	0
sub-05_1	155	Pulse	255	5563451	14465	0
sub-05_1	155	Pulse	255	5583451	34465	0
sub-05_1	155	Pulse	255	5603451	54465	0
sub-05_1	156	Picture	21	5609214	0	1	10226	1	0	10000	hit	389
sub-05_1	156	Response	1	5614411	5198	1
sub-05_1	156	Pulse	255	5623451	14238	0
sub-05_1	157	Picture	21	5634440	0	1	10226	1	0	10000	hit	392
sub-05_1	157	Response	1	5638402	3961	1
sub-05_1	157	Pulse	255	5643451	9011	0
sub-05_1	158	Picture	21	5659667	0	1	10226	1	0	10000	hit	395
sub-05_1	158	Response	1	5662812	3144	1
sub-05_1	158	Pulse	255	5663451	3784	0
sub-05_1	158	Pulse	255	5683452	23784	0
sub-05_1	159	Picture	21	5684895	0	1	10226	1	0	10000	hit	399
sub-05_1	159	Response	1	5688061	3167	1
sub-05_1	159	Pulse	255	5703451	18557	0
sub-05_1	160	Picture	21	5710122	0	1	10226	1	0	10000	hit	402
sub-05_1	160	Response	1	5716601	6480	1
sub-05_1	160	Pulse	255	5723451	13330	0
sub-05_1	161	Picture	21	5735348	0	1	10226	1	0	10000	hit	406
sub-05_1	161	Pulse	255	5743451	8103	0
sub-05_1	161	Response	1	5744131	8783	1
sub-05_1	162	Picture	21	5760576	0	1	10226	1	0	10000	hit	409
sub-05_1	162	Pulse	255	5763452	2876	0
sub-05_1	162	Response	1	5764511	3936	1
sub-05_1	162	Pulse	255	5783452	22876	0
sub-05_1	163	Picture	21	5785802	0	1	10226	1	0	10000	hit	412
sub-05_1	163	Response	1	5791951	6149	1
sub-05_1	163	Pulse	255	5803452	17649	0
sub-05_1	164	Picture	21	5811030	0	1	10226	1	0	10000	hit	415
sub-05_1	164	Response	1	5822052	11023	1
sub-05_1	164	Pulse	255	5823452	12422	0
sub-05_1	165	Picture	21	5836257	0	1	10226	1	0	10000	miss	0
sub-05_1	165	Pulse	255	5843452	7195	0
sub-05_1	166	Picture	22	5861483	0	1	10226	1	0	10000	hit	421
sub-05_1	166	Pulse	255	5863452	1969	0
sub-05_1	166	Response	2	5876822	15339	1
sub-05_1	166	Pulse	255	5883452	21968	0
sub-05_1	167	Picture	22	5886710	0	1	10226	1	0	10000	hit	424
sub-05_1	167	Response	2	5889992	3282	1
sub-05_1	167	Pulse	255	5903452	16742	0
sub-05_1	168	Picture	22	5911937	0	1	10226	1	0	10000	hit	427
sub-05_1	168	Response	2	5914473	2535	1
sub-05_1	168	Pulse	255	5923452	11515	0
sub-05_1	169	Picture	22	5937165	0	1	10226	1	0	10000	hit	430
sub-05_1	169	Response	2	5939963	2798	1
sub-05_1	169	Pulse	255	5943453	6288	0
sub-05_1	170	Picture	22	5962391	0	1	10226	1	0	10000	hit	434
sub-05_1	170	Pulse	255	5963453	1061	0
sub-05_1	170	Response	2	5968743	6351	1
sub-05_1	170	Pulse	255	5983453	21061	0
sub-05_1	171	Picture	22	5987618	0	1	10226	1	0	10000	miss	0
sub-05_1	171	Pulse	255	6003452	15834	0
sub-05_1	172	Picture	22	6012845	0	1	10226	1	0	10000	miss	0
sub-05_1	172	Pulse	255	6023452	10607	0
sub-05_1	173	Picture	22	6038073	0	1	10226	1	0	10000	hit	442
sub-05_1	173	Pulse	255	6043452	5380	0
sub-05_1	173	Response	2	6056903	18830	1
sub-05_1	174	Picture	22	6063300	0	1	10226	1	0	10000	hit	445
sub-05_1	174	Pulse	255	6063453	153	0
sub-05_1	174	Response	2	6067193	3893	1
sub-05_1	174	Pulse	255	6083453	20153	0
sub-05_1	175	Picture	22	6088527	0	1	10226	1	0	10000	miss	0
sub-05_1	175	Pulse	255	6103453	14926	0
sub-05_1	176	Picture	Bfix	6113754	0	1	30227	1	0	30000	other	0
sub-05_1	176	Pulse	255	6123453	9699	0
sub-05_1	176	Pulse	255	6143453	29699	0
sub-05_1	177	Picture	Ins_yeux	6143981	0	1	40226	1	0	40000	other	0
sub-05_1	177	Pulse	255	6163453	19472	0
sub-05_1	177	Pulse	255	6183453	39472	0
sub-05_1	177	Pulse	255	6203453	59472	0
sub-05_1	178	Picture	31	6204208	0	1	10226	1	0	10000	other	0
sub-05_1	178	Pulse	255	6223453	19245	0
sub-05_1	179	Picture	31	6229435	0	1	10226	1	0	10000	other	0
sub-05_1	179	Pulse	255	6243453	14018	0
sub-05_1	180	Picture	31	6254662	0	1	10226	1	0	10000	other	0
sub-05_1	180	Pulse	255	6263454	8792	0
sub-05_1	181	Picture	31	6279889	0	1	10226	1	0	10000	other	0
sub-05_1	181	Pulse	255	6283454	3565	0
sub-05_1	181	Pulse	255	6303453	23565	0
sub-05_1	182	Picture	31	6305115	0	1	10226	1	0	10000	other	0
sub-05_1	182	Pulse	255	6323454	18338	0
sub-05_1	183	Picture	31	6330342	0	1	10226	1	0	10000	other	0
sub-05_1	183	Pulse	255	6343454	13112	0
sub-05_1	184	Picture	31	6355569	0	1	10226	1	0	10000	other	0
sub-05_1	184	Pulse	255	6363454	7885	0
sub-05_1	185	Picture	31	6380796	0	1	10226	1	0	10000	other	0
sub-05_1	185	Pulse	255	6383454	2658	0
sub-05_1	185	Pulse	255	6403454	22658	0
sub-05_1	186	Picture	31	6406023	0	1	10226	1	0	10000	other	0
sub-05_1	186	Pulse	255	6423454	17431	0
sub-05_1	187	Picture	31	6431250	0	1	10226	1	0	10000	other	0
sub-05_1	187	Pulse	255	6443454	12204	0
sub-05_1	188	Picture	32	6456477	0	1	10226	1	0	10000	other	0
sub-05_1	188	Pulse	255	6463454	6977	0
sub-05_1	189	Picture	32	6481704	0	1	10226	1	0	10000	other	0
sub-05_1	189	Pulse	255	6483454	1750	0
sub-05_1	189	Pulse	255	6503454	21750	0
sub-05_1	190	Picture	32	6506931	0	1	10226	1	0	10000	other	0
sub-05_1	190	Pulse	255	6523454	16523	0
sub-05_1	191	Picture	32	6532158	0	1	10226	1	0	10000	other	0
sub-05_1	191	Pulse	255	6543455	11296	0
sub-05_1	192	Picture	32	6557385	0	1	10226	1	0	10000	other	0
sub-05_1	192	Pulse	255	6563454	6069	0
sub-05_1	193	Picture	32	6582612	0	1	10226	1	0	10000	other	0
sub-05_1	193	Pulse	255	6583454	842	0
sub-05_1	193	Pulse	255	6603454	20842	0
sub-05_1	194	Picture	32	6607839	0	1	10226	1	0	10000	other	0
sub-05_1	194	Pulse	255	6623454	15615	0
sub-05_1	195	Picture	32	6633066	0	1	10226	1	0	10000	other	0
sub-05_1	195	Pulse	255	6643455	10389	0
sub-05_1	196	Picture	32	6658293	0	1	10226	1	0	10000	other	0
sub-05_1	196	Pulse	255	6663455	5162	0
sub-05_1	196	Pulse	255	6683455	25162	0
sub-05_1	197	Picture	32	6683520	0	1	10226	1	0	10000	other	0
sub-05_1	197	Pulse	255	6703455	19935	0
sub-05_1	198	Picture	Bfix	6708747	0	1	30228	1	0	30000	other	0
sub-05_1	198	Pulse	255	6723455	14708	0
sub-05_1	199	Picture	Ins_jambe	6738975	0	1	40226	1	0	40000	other	0
sub-05_1	199	Pulse	255	6743455	4480	0
sub-05_1	199	Pulse	255	6763455	24480	0
sub-05_1	199	Pulse	255	6783455	44480	0
sub-05_1	200	Picture	51	6799202	0	1	10226	1	0	10000	other	0
sub-05_1	200	Pulse	255	6803455	4254	0
sub-05_1	200	Pulse	255	6823455	24254	0
sub-05_1	201	Picture	51	6824428	0	1	10226	1	0	10000	other	0
sub-05_1	201	Pulse	255	6843456	19027	0
sub-05_1	202	Picture	51	6849655	0	1	10226	1	0	10000	other	0
sub-05_1	202	Pulse	255	6863455	13800	0
sub-05_1	203	Picture	51	6874882	0	1	10226	1	0	10000	other	0
sub-05_1	203	Pulse	255	6883455	8573	0
sub-05_1	204	Picture	51	6900109	0	1	10226	1	0	10000	other	0
sub-05_1	204	Pulse	255	6903455	3346	0
sub-05_1	204	Pulse	255	6923456	23347	0
sub-05_1	205	Picture	51	6925336	0	1	10226	1	0	10000	other	0
sub-05_1	205	Pulse	255	6943456	18120	0
sub-05_1	206	Picture	51	6950563	0	1	10226	1	0	10000	other	0
sub-05_1	206	Pulse	255	6963456	12893	0
sub-05_1	207	Picture	51	6975790	0	1	10226	1	0	10000	other	0
sub-05_1	207	Pulse	255	6983456	7666	0
sub-05_1	208	Picture	51	7001017	0	1	10226	1	0	10000	other	0
sub-05_1	208	Pulse	255	7003446	2429	0
sub-05_1	208	Pulse	255	7023446	22429	0
sub-05_1	209	Picture	51	7026244	0	1	10107	1	0	10000	other	0
sub-05_1	209	Pulse	255	7043446	17202	0
sub-05_1	210	Picture	52	7051471	0	1	10226	1	0	10000	other	0
sub-05_1	210	Pulse	255	7063446	11976	0
sub-05_1	211	Picture	52	7076698	0	1	10226	1	0	10000	other	0
sub-05_1	211	Pulse	255	7083446	6748	0
sub-05_1	212	Picture	52	7101925	0	1	10226	1	0	10000	other	0
sub-05_1	212	Pulse	255	7103446	1522	0
sub-05_1	212	Pulse	255	7123446	21521	0
sub-05_1	213	Picture	52	7127152	0	1	10226	1	0	10000	other	0
sub-05_1	213	Pulse	255	7143446	16295	0
sub-05_1	214	Picture	52	7152379	0	1	10226	1	0	10000	other	0
sub-05_1	214	Pulse	255	7163447	11068	0
sub-05_1	215	Picture	52	7177606	0	1	10226	1	0	10000	other	0
sub-05_1	215	Pulse	255	7183447	5841	0
sub-05_1	216	Picture	52	7202832	0	1	10226	1	0	10000	other	0
sub-05_1	216	Pulse	255	7203447	614	0
sub-05_1	216	Pulse	255	7223447	20614	0
sub-05_1	217	Picture	52	7228059	0	1	10226	1	0	10000	other	0
sub-05_1	217	Pulse	255	7243447	15387	0
sub-05_1	218	Picture	52	7253286	0	1	10226	1	0	10000	other	0
sub-05_1	218	Pulse	255	7263447	10161	0
sub-05_1	219	Picture	52	7278513	0	1	10226	1	0	10000	other	0
sub-05_1	219	Pulse	255	7283447	4934	0
sub-05_1	219	Pulse	255	7303447	24934	0
sub-05_1	220	Picture	Bfix	7303740	0	1	30226	1	0	30000	other	0
sub-05_1	220	Pulse	255	7323447	19707	0
sub-05_1	221	Picture	Ins_bouche	7334133	0	1	40226	1	0	40000	other	0
sub-05_1	221	Pulse	255	7343447	9315	0
sub-05_1	221	Pulse	255	7363447	29315	0
sub-05_1	221	Pulse	255	7383447	49314	0
sub-05_1	222	Picture	61	7394359	0	1	10226	1	0	10000	other	0
sub-05_1	222	Pulse	255	7403447	9088	0
sub-05_1	223	Picture	61	7419586	0	1	10226	1	0	10000	other	0
sub-05_1	223	Pulse	255	7423448	3861	0
sub-05_1	223	Pulse	255	7443447	23861	0
sub-05_1	224	Picture	61	7444813	0	1	10226	1	0	10000	other	0
sub-05_1	224	Pulse	255	7463448	18635	0
sub-05_1	225	Picture	61	7470040	0	1	10226	1	0	10000	other	0
sub-05_1	225	Pulse	255	7483448	13407	0
sub-05_1	226	Picture	61	7495267	0	1	10226	1	0	10000	other	0
sub-05_1	226	Pulse	255	7503447	8180	0
sub-05_1	227	Picture	61	7520494	0	1	10226	1	0	10000	other	0
sub-05_1	227	Pulse	255	7523447	2954	0
sub-05_1	227	Pulse	255	7543448	22954	0
sub-05_1	228	Picture	61	7545721	0	1	10226	1	0	10000	other	0
sub-05_1	228	Pulse	255	7563448	17727	0
sub-05_1	229	Picture	61	7570948	0	1	10226	1	0	10000	other	0
sub-05_1	229	Pulse	255	7583448	12500	0
sub-05_1	230	Picture	61	7596175	0	1	10226	1	0	10000	other	0
sub-05_1	230	Pulse	255	7603448	7273	0
sub-05_1	231	Picture	61	7621402	0	1	10226	1	0	10000	other	0
sub-05_1	231	Pulse	255	7623448	2046	0
sub-05_1	231	Pulse	255	7643448	22047	0
sub-05_1	232	Picture	62	7646629	0	1	10226	1	0	10000	other	0
sub-05_1	232	Pulse	255	7663448	16819	0
sub-05_1	233	Picture	62	7671856	0	1	10226	1	0	10000	other	0
sub-05_1	233	Pulse	255	7683448	11592	0
sub-05_1	234	Picture	62	7697083	0	1	10226	1	0	10000	other	0
sub-05_1	234	Pulse	255	7703449	6365	0
sub-05_1	235	Picture	62	7722310	0	1	10226	1	0	10000	other	0
sub-05_1	235	Pulse	255	7723448	1138	0
sub-05_1	235	Pulse	255	7743449	21138	0
sub-05_1	236	Picture	62	7747537	0	1	10226	1	0	10000	other	0
sub-05_1	236	Pulse	255	7763449	15911	0
sub-05_1	237	Picture	62	7772764	0	1	10226	1	0	10000	other	0
sub-05_1	237	Pulse	255	7783448	10684	0
sub-05_1	238	Picture	62	7797991	0	1	10226	1	0	10000	other	0
sub-05_1	238	Pulse	255	7803449	5458	0
sub-05_1	239	Picture	62	7823218	0	1	10226	1	0	10000	other	0
sub-05_1	239	Pulse	255	7823449	231	0
sub-05_1	239	Pulse	255	7843449	20231	0
sub-05_1	240	Picture	62	7848445	0	1	10226	1	0	10000	other	0
sub-05_1	240	Pulse	255	7863449	15004	0
sub-05_1	241	Picture	62	7873673	0	1	10226	1	0	10000	other	0
sub-05_1	241	Pulse	255	7883449	9777	0
sub-05_1	242	Picture	Bfix	7898900	0	1	30227	1	0	30000	other	0
sub-05_1	242	Pulse	255	7903449	4550	0
sub-05_1	242	Pulse	255	7923449	24550	0
sub-05_1	243	Picture	Ins_repos	7929127	0	1	40226	1	0	40000	other	0
sub-05_1	243	Pulse	255	7943449	14322	0
sub-05_1	243	Pulse	255	7963449	34322	0
sub-05_1	243	Pulse	255	7983450	54323	0
sub-05_1	244	Picture	71	7989354	0	1	10226	1	0	10000	other	0
sub-05_1	244	Pulse	255	8003449	14095	0
sub-05_1	245	Picture	71	8014581	0	1	10226	1	0	10000	other	0
sub-05_1	245	Pulse	255	8023450	8869	0
sub-05_1	246	Picture	71	8039808	0	1	10226	1	0	10000	other	0
sub-05_1	246	Pulse	255	8043449	3642	0
sub-05_1	246	Pulse	255	8063449	23642	0
sub-05_1	247	Picture	71	8065035	0	1	10226	1	0	10000	other	0
sub-05_1	247	Pulse	255	8083450	18415	0
sub-05_1	248	Picture	71	8090262	0	1	10226	1	0	10000	other	0
sub-05_1	248	Pulse	255	8103450	13188	0
sub-05_1	249	Picture	71	8115489	0	1	10226	1	0	10000	other	0
sub-05_1	249	Pulse	255	8123450	7961	0
sub-05_1	250	Picture	71	8140716	0	1	10226	1	0	10000	other	0
sub-05_1	250	Pulse	255	8143450	2734	0
sub-05_1	250	Pulse	255	8163450	22734	0
sub-05_1	251	Picture	71	8165943	0	1	10226	1	0	10000	other	0
sub-05_1	251	Pulse	255	8183450	17508	0
sub-05_1	252	Picture	71	8191170	0	1	10226	1	0	10000	other	0
sub-05_1	252	Pulse	255	8203450	12281	0
sub-05_1	253	Picture	71	8216397	0	1	10226	1	0	10000	other	0
sub-05_1	253	Pulse	255	8223450	7054	0
sub-05_1	254	Picture	72	8241624	0	1	10226	1	0	10000	other	0
sub-05_1	254	Pulse	255	8243450	1826	0
sub-05_1	254	Pulse	255	8263450	21826	0
sub-05_1	255	Picture	72	8266851	0	1	10226	1	0	10000	other	0
sub-05_1	255	Pulse	255	8283450	16599	0
sub-05_1	256	Picture	72	8292078	0	1	10226	1	0	10000	other	0
sub-05_1	256	Pulse	255	8303451	11373	0
sub-05_1	257	Picture	72	8317305	0	1	10226	1	0	10000	other	0
sub-05_1	257	Pulse	255	8323451	6146	0
sub-05_1	258	Picture	72	8342532	0	1	10226	1	0	10000	other	0
sub-05_1	258	Pulse	255	8343451	919	0
sub-05_1	258	Pulse	255	8363451	20919	0
sub-05_1	259	Picture	72	8367759	0	1	10226	1	0	10000	other	0
sub-05_1	259	Pulse	255	8383451	15692	0
sub-05_1	260	Picture	72	8392986	0	1	10226	1	0	10000	other	0
sub-05_1	260	Pulse	255	8403451	10465	0
sub-05_1	261	Picture	72	8418213	0	1	10226	1	0	10000	other	0
sub-05_1	261	Pulse	255	8423451	5238	0
sub-05_1	262	Picture	72	8443440	0	1	10226	1	0	10000	other	0
sub-05_1	262	Pulse	255	8443451	11	0
sub-05_1	262	Pulse	255	8463451	20011	0
sub-05_1	263	Picture	72	8468667	0	1	10226	1	0	10000	other	0
sub-05_1	263	Pulse	255	8483451	14785	0
sub-05_1	264	Picture	Bfix	8493894	0	1	60226	1	0	60000	other	0
sub-05_1	264	Pulse	255	8503451	9557	0
sub-05_1	264	Pulse	255	8523452	29558	0
sub-05_1	264	Pulse	255	8543451	49558	0
