Scenario - loca_moto
Logfile written - 10/24/2018 09:59:06

Subject	Trial	Event Type	Code	Time	TTime	Uncertainty	Duration	Uncertainty	ReqTime	ReqDur	Stim Type	Pair Index

sub-04_1	0	Pulse	255	948776	948776	0
sub-04_1	1	Picture	Ins_main	949005	0	1	40226	1	0	40000	other	0
sub-04_1	1	Pulse	255	968776	19771	0
sub-04_1	1	Pulse	255	988776	39771	0
sub-04_1	1	Pulse	255	1008776	59771	0
sub-04_1	2	Picture	11	1009232	0	1	10226	1	0	10000	other	0
sub-04_1	2	Pulse	255	1028776	19545	0
sub-04_1	3	Picture	11	1034458	0	1	10226	1	0	10000	other	0
sub-04_1	3	Pulse	255	1048776	14317	0
sub-04_1	4	Picture	11	1059685	0	1	10226	1	0	10000	other	0
sub-04_1	4	Pulse	255	1068776	9091	0
sub-04_1	5	Picture	11	1084912	0	1	10226	1	0	10000	other	0
sub-04_1	5	Pulse	255	1088776	3864	0
sub-04_1	5	Pulse	255	1108776	23864	0
sub-04_1	6	Picture	11	1110139	0	1	10226	1	0	10000	other	0
sub-04_1	6	Pulse	255	1128776	18637	0
sub-04_1	7	Picture	11	1135366	0	1	10226	1	0	10000	other	0
sub-04_1	7	Pulse	255	1148776	13410	0
sub-04_1	8	Picture	11	1160593	0	1	10226	1	0	10000	other	0
sub-04_1	8	Pulse	255	1168776	8183	0
sub-04_1	9	Picture	11	1185820	0	1	10226	1	0	10000	other	0
sub-04_1	9	Pulse	255	1188776	2956	0
sub-04_1	9	Pulse	255	1208776	22956	0
sub-04_1	10	Picture	11	1211047	0	1	10226	1	0	10000	other	0
sub-04_1	10	Pulse	255	1228776	17729	0
sub-04_1	11	Picture	11	1236274	0	1	10226	1	0	10000	other	0
sub-04_1	11	Pulse	255	1248777	12502	0
sub-04_1	12	Picture	12	1261501	0	1	10226	1	0	10000	other	0
sub-04_1	12	Pulse	255	1268777	7276	0
sub-04_1	13	Picture	12	1286728	0	1	10226	1	0	10000	other	0
sub-04_1	13	Pulse	255	1288777	2049	0
sub-04_1	13	Pulse	255	1308777	22049	0
sub-04_1	14	Picture	12	1311955	0	1	10226	1	0	10000	other	0
sub-04_1	14	Pulse	255	1328777	16822	0
sub-04_1	15	Picture	12	1337181	0	1	10226	1	0	10000	other	0
sub-04_1	15	Pulse	255	1348777	11595	0
sub-04_1	16	Picture	12	1362408	0	1	10226	1	0	10000	other	0
sub-04_1	16	Pulse	255	1368776	6368	0
sub-04_1	17	Picture	12	1387635	0	1	10226	1	0	10000	other	0
sub-04_1	17	Pulse	255	1388777	1142	0
sub-04_1	17	Pulse	255	1408777	21142	0
sub-04_1	18	Picture	12	1412862	0	1	10226	1	0	10000	other	0
sub-04_1	18	Pulse	255	1428777	15915	0
sub-04_1	19	Picture	12	1438089	0	1	10226	1	0	10000	other	0
sub-04_1	19	Pulse	255	1448777	10688	0
sub-04_1	20	Picture	12	1463316	0	1	10226	1	0	10000	other	0
sub-04_1	20	Pulse	255	1468777	5461	0
sub-04_1	21	Picture	12	1488543	0	1	10226	1	0	10000	other	0
sub-04_1	21	Pulse	255	1488777	234	0
sub-04_1	21	Pulse	255	1508777	20234	0
sub-04_1	22	Picture	Bfix	1513771	0	1	30228	1	0	30000	other	0
sub-04_1	22	Pulse	255	1528776	15005	0
sub-04_1	23	Picture	Ins_index	1543999	0	1	40226	1	0	40000	other	0
sub-04_1	23	Pulse	255	1548777	4778	0
sub-04_1	23	Pulse	255	1568777	24778	0
sub-04_1	23	Pulse	255	1588777	44778	0
sub-04_1	24	Picture	21	1604226	0	1	10226	1	0	10000	hit	59
sub-04_1	24	Pulse	255	1608777	4551	0
sub-04_1	24	Response	1	1610537	6310	1
sub-04_1	24	Response	1	1614447	10221	1
sub-04_1	24	Pulse	255	1628777	24551	0
sub-04_1	25	Picture	21	1629453	0	1	10226	1	0	10000	hit	63
sub-04_1	25	Response	1	1634307	4854	1
sub-04_1	25	Response	1	1636847	7394	1
sub-04_1	25	Pulse	255	1648777	19324	0
sub-04_1	26	Picture	21	1654680	0	1	10226	1	0	10000	hit	67
sub-04_1	26	Response	1	1658547	3867	1
sub-04_1	26	Response	1	1659537	4857	1
sub-04_1	26	Response	1	1662487	7807	1
sub-04_1	26	Pulse	255	1668777	14097	0
sub-04_1	27	Picture	21	1679907	0	1	10226	1	0	10000	hit	72
sub-04_1	27	Response	1	1683547	3640	1
sub-04_1	27	Response	1	1687167	7260	1
sub-04_1	27	Pulse	255	1688777	8870	0
sub-04_1	28	Picture	21	1705134	0	1	10226	1	0	10000	hit	77
sub-04_1	28	Pulse	255	1708777	3643	0
sub-04_1	28	Response	1	1709126	3993	1
sub-04_1	28	Response	1	1714497	9363	1
sub-04_1	28	Pulse	255	1728777	23643	0
sub-04_1	29	Picture	21	1730361	0	1	10226	1	0	10000	hit	81
sub-04_1	29	Response	1	1733707	3346	1
sub-04_1	29	Response	1	1737437	7076	1
sub-04_1	29	Pulse	255	1748777	18416	0
sub-04_1	30	Picture	21	1755588	0	1	10226	1	0	10000	hit	85
sub-04_1	30	Response	1	1759457	3869	1
sub-04_1	30	Response	1	1760446	4859	1
sub-04_1	30	Pulse	255	1768777	13189	0
sub-04_1	31	Picture	21	1780815	0	1	10226	1	0	10000	hit	89
sub-04_1	31	Response	1	1785997	5182	1
sub-04_1	31	Response	1	1787267	6452	1
sub-04_1	31	Pulse	255	1788777	7962	0
sub-04_1	31	Response	1	1790096	9282	1
sub-04_1	31	Response	1	1791977	11163	1
sub-04_1	32	Picture	21	1806042	0	1	10226	1	0	10000	hit	96
sub-04_1	32	Pulse	255	1808777	2736	0
sub-04_1	32	Response	1	1809436	3395	1
sub-04_1	32	Response	1	1810467	4425	1
sub-04_1	32	Response	1	1816267	10226	1
sub-04_1	32	Pulse	255	1828777	22735	0
sub-04_1	33	Picture	21	1831268	0	1	10226	1	0	10000	hit	101
sub-04_1	33	Response	1	1834327	3059	1
sub-04_1	33	Response	1	1841807	10539	1
sub-04_1	33	Pulse	255	1848777	17508	0
sub-04_1	34	Picture	22	1856495	0	1	10226	1	0	10000	hit	105
sub-04_1	34	Response	2	1862367	5872	1
sub-04_1	34	Pulse	255	1868777	12282	0
sub-04_1	35	Picture	22	1881722	0	1	10226	1	0	10000	hit	108
sub-04_1	35	Response	2	1884407	2685	1
sub-04_1	35	Pulse	255	1888777	7054	0
sub-04_1	36	Picture	22	1906949	0	1	10226	1	0	10000	hit	112
sub-04_1	36	Pulse	255	1908777	1828	0
sub-04_1	36	Response	2	1909507	2558	1
sub-04_1	36	Pulse	255	1928777	21828	0
sub-04_1	37	Picture	22	1932176	0	1	10226	1	0	10000	hit	115
sub-04_1	37	Response	2	1935187	3011	1
sub-04_1	37	Pulse	255	1948777	16601	0
sub-04_1	38	Picture	22	1957403	0	1	10226	1	0	10000	hit	118
sub-04_1	38	Response	2	1959987	2584	1
sub-04_1	38	Pulse	255	1968777	11374	0
sub-04_1	39	Picture	22	1982630	0	1	10226	1	0	10000	hit	121
sub-04_1	39	Response	2	1985627	2997	1
sub-04_1	39	Pulse	255	1988777	6147	0
sub-04_1	40	Picture	22	2007857	0	1	10226	1	0	10000	hit	125
sub-04_1	40	Pulse	255	2008777	920	0
sub-04_1	40	Response	2	2010317	2460	1
sub-04_1	40	Pulse	255	2028777	20920	0
sub-04_1	41	Picture	22	2033084	0	1	10226	1	0	10000	hit	128
sub-04_1	41	Response	2	2035717	2634	1
sub-04_1	41	Pulse	255	2048777	15693	0
sub-04_1	42	Picture	22	2058311	0	1	10226	1	0	10000	hit	131
sub-04_1	42	Response	2	2060867	2556	1
sub-04_1	42	Pulse	255	2068777	10466	0
sub-04_1	43	Picture	22	2083538	0	1	10226	1	0	10000	hit	134
sub-04_1	43	Response	2	2086227	2689	1
sub-04_1	43	Pulse	255	2088777	5239	0
sub-04_1	44	Picture	Bfix	2108765	0	1	30228	1	0	30000	other	0
sub-04_1	44	Pulse	255	2108778	13	0
sub-04_1	44	Pulse	255	2128777	20012	0
sub-04_1	45	Picture	Ins_yeux	2138993	0	1	40226	1	0	40000	other	0
sub-04_1	45	Pulse	255	2148777	9784	0
sub-04_1	45	Pulse	255	2168778	29784	0
sub-04_1	45	Pulse	255	2188778	49784	0
sub-04_1	46	Picture	31	2199220	0	1	10226	1	0	10000	other	0
sub-04_1	47	Picture	31	2224348	0	1	10226	1	0	10000	other	0
sub-04_1	47	Pulse	255	2248777	24429	0
sub-04_1	48	Picture	31	2249525	0	1	10226	1	0	10000	other	0
sub-04_1	48	Pulse	255	2268777	19252	0
sub-04_1	49	Picture	31	2274752	0	1	10226	1	0	10000	other	0
sub-04_1	49	Pulse	255	2288777	14026	0
sub-04_1	50	Picture	31	2299979	0	1	10226	1	0	10000	other	0
sub-04_1	50	Pulse	255	2308778	8799	0
sub-04_1	51	Picture	31	2325206	0	1	10226	1	0	10000	other	0
sub-04_1	51	Pulse	255	2328778	3572	0
sub-04_1	51	Pulse	255	2348777	23572	0
sub-04_1	52	Picture	31	2350432	0	1	10226	1	0	10000	other	0
sub-04_1	52	Pulse	255	2368778	18345	0
sub-04_1	53	Picture	31	2375659	0	1	10226	1	0	10000	other	0
sub-04_1	53	Pulse	255	2388768	13108	0
sub-04_1	54	Picture	31	2400744	0	1	10226	1	0	10000	other	0
sub-04_1	54	Pulse	255	2408768	8024	0
sub-04_1	55	Picture	31	2425971	0	1	10226	1	0	10000	other	0
sub-04_1	55	Pulse	255	2428767	2797	0
sub-04_1	55	Pulse	255	2448768	22797	0
sub-04_1	56	Picture	32	2451198	0	1	10226	1	0	10000	other	0
sub-04_1	56	Pulse	255	2468768	17570	0
sub-04_1	57	Picture	32	2476425	0	1	10226	1	0	10000	other	0
sub-04_1	57	Pulse	255	2488768	12343	0
sub-04_1	58	Picture	32	2501652	0	1	10226	1	0	10000	other	0
sub-04_1	58	Pulse	255	2508768	7116	0
sub-04_1	59	Picture	32	2526879	0	1	10226	1	0	10000	other	0
sub-04_1	59	Pulse	255	2528768	1889	0
sub-04_1	59	Pulse	255	2548768	21889	0
sub-04_1	60	Picture	32	2552106	0	1	10212	1	0	10000	other	0
sub-04_1	60	Pulse	255	2568768	16662	0
sub-04_1	61	Picture	32	2577332	0	1	10226	1	0	10000	other	0
sub-04_1	61	Pulse	255	2588768	11436	0
sub-04_1	62	Picture	32	2602559	0	1	10226	1	0	10000	other	0
sub-04_1	62	Pulse	255	2608768	6209	0
sub-04_1	63	Picture	32	2627786	0	1	10226	1	0	10000	other	0
sub-04_1	63	Pulse	255	2628768	982	0
sub-04_1	63	Pulse	255	2648768	20982	0
sub-04_1	64	Picture	32	2653013	0	1	10226	1	0	10000	other	0
sub-04_1	64	Pulse	255	2668768	15755	0
sub-04_1	65	Picture	32	2678284	0	1	10226	1	0	10000	other	0
sub-04_1	65	Pulse	255	2688768	10484	0
sub-04_1	66	Picture	Bfix	2703511	0	1	30229	1	0	30000	other	0
sub-04_1	66	Pulse	255	2708768	5257	0
sub-04_1	66	Pulse	255	2728768	25257	0
sub-04_1	67	Picture	Ins_jambe	2733739	0	1	40226	1	0	40000	other	0
sub-04_1	67	Pulse	255	2748768	15029	0
sub-04_1	67	Pulse	255	2768768	35029	0
sub-04_1	67	Pulse	255	2788768	55029	0
sub-04_1	68	Picture	51	2793966	0	1	10226	1	0	10000	other	0
sub-04_1	68	Pulse	255	2808768	14802	0
sub-04_1	69	Picture	51	2819193	0	1	10226	1	0	10000	other	0
sub-04_1	69	Pulse	255	2828768	9575	0
sub-04_1	70	Picture	51	2844420	0	1	10226	1	0	10000	other	0
sub-04_1	70	Pulse	255	2848768	4348	0
sub-04_1	70	Pulse	255	2868769	24348	0
sub-04_1	71	Picture	51	2869647	0	1	10226	1	0	10000	other	0
sub-04_1	71	Pulse	255	2888768	19121	0
sub-04_1	72	Picture	51	2894874	0	1	10226	1	0	10000	other	0
sub-04_1	72	Pulse	255	2908768	13894	0
sub-04_1	73	Picture	51	2920101	0	1	10226	1	0	10000	other	0
sub-04_1	73	Pulse	255	2928769	8668	0
sub-04_1	74	Picture	51	2945328	0	1	10226	1	0	10000	other	0
sub-04_1	74	Pulse	255	2948768	3440	0
sub-04_1	74	Pulse	255	2968768	23441	0
sub-04_1	75	Picture	51	2970555	0	1	10226	1	0	10000	other	0
sub-04_1	75	Pulse	255	2988769	18214	0
sub-04_1	76	Picture	51	2995782	0	1	10226	1	0	10000	other	0
sub-04_1	76	Pulse	255	3008768	12986	0
sub-04_1	77	Picture	51	3021009	0	1	10226	1	0	10000	other	0
sub-04_1	77	Pulse	255	3028769	7760	0
sub-04_1	78	Picture	52	3046236	0	1	10226	1	0	10000	other	0
sub-04_1	78	Pulse	255	3048769	2533	0
sub-04_1	78	Pulse	255	3068769	22533	0
sub-04_1	79	Picture	52	3071463	0	1	10226	1	0	10000	other	0
sub-04_1	79	Pulse	255	3088769	17306	0
sub-04_1	80	Picture	52	3096690	0	1	10226	1	0	10000	other	0
sub-04_1	80	Pulse	255	3108769	12079	0
sub-04_1	81	Picture	52	3121917	0	1	10226	1	0	10000	other	0
sub-04_1	81	Pulse	255	3128769	6852	0
sub-04_1	82	Picture	52	3147144	0	1	10226	1	0	10000	other	0
sub-04_1	82	Pulse	255	3148769	1625	0
sub-04_1	82	Pulse	255	3168768	21625	0
sub-04_1	83	Picture	52	3172370	0	1	10226	1	0	10000	other	0
sub-04_1	83	Pulse	255	3188769	16398	0
sub-04_1	84	Picture	52	3197598	0	1	10226	1	0	10000	other	0
sub-04_1	84	Pulse	255	3208769	11171	0
sub-04_1	85	Picture	52	3222827	0	1	10226	1	0	10000	other	0
sub-04_1	85	Pulse	255	3228769	5941	0
sub-04_1	86	Picture	52	3248054	0	1	10226	1	0	10000	other	0
sub-04_1	86	Pulse	255	3248769	714	0
sub-04_1	86	Pulse	255	3268769	20714	0
sub-04_1	87	Picture	52	3273281	0	1	10226	1	0	10000	other	0
sub-04_1	87	Pulse	255	3288769	15488	0
sub-04_1	88	Picture	Bfix	3298508	0	1	30228	1	0	30000	other	0
sub-04_1	88	Pulse	255	3308769	10261	0
sub-04_1	89	Picture	Ins_bouche	3328736	0	1	40226	1	0	40000	other	0
sub-04_1	89	Pulse	255	3328769	33	0
sub-04_1	89	Pulse	255	3348769	20033	0
sub-04_1	89	Pulse	255	3368799	40063	0
sub-04_1	89	Pulse	255	3388809	60073	0
sub-04_1	90	Picture	61	3388963	0	1	10226	1	0	10000	other	0
sub-04_1	90	Pulse	255	3408769	19806	0
sub-04_1	91	Picture	61	3414190	0	1	10226	1	0	10000	other	0
sub-04_1	91	Pulse	255	3428769	14579	0
sub-04_1	92	Picture	61	3439417	0	1	10226	1	0	10000	other	0
sub-04_1	92	Pulse	255	3448769	9352	0
sub-04_1	93	Picture	61	3464643	0	1	10226	1	0	10000	other	0
sub-04_1	93	Pulse	255	3468769	4126	0
sub-04_1	93	Pulse	255	3488769	24126	0
sub-04_1	94	Picture	61	3489870	0	1	10226	1	0	10000	other	0
sub-04_1	94	Pulse	255	3508769	18899	0
sub-04_1	95	Picture	61	3515097	0	1	10226	1	0	10000	other	0
sub-04_1	95	Pulse	255	3528769	13672	0
sub-04_1	96	Picture	61	3540324	0	1	10226	1	0	10000	other	0
sub-04_1	96	Pulse	255	3548769	8445	0
sub-04_1	97	Picture	61	3565551	0	1	10226	1	0	10000	other	0
sub-04_1	97	Pulse	255	3568769	3218	0
sub-04_1	97	Pulse	255	3588769	23218	0
sub-04_1	98	Picture	61	3590778	0	1	10226	1	0	10000	other	0
sub-04_1	98	Pulse	255	3608769	17991	0
sub-04_1	99	Picture	61	3616005	0	1	10226	1	0	10000	other	0
sub-04_1	99	Pulse	255	3628769	12764	0
sub-04_1	100	Picture	62	3641232	0	1	10226	1	0	10000	other	0
sub-04_1	100	Pulse	255	3648769	7538	0
sub-04_1	101	Picture	62	3666459	0	1	10226	1	0	10000	other	0
sub-04_1	101	Pulse	255	3668769	2311	0
sub-04_1	101	Pulse	255	3688769	22310	0
sub-04_1	102	Picture	62	3691686	0	1	10226	1	0	10000	other	0
sub-04_1	102	Pulse	255	3708769	17084	0
sub-04_1	103	Picture	62	3716913	0	1	10226	1	0	10000	other	0
sub-04_1	103	Pulse	255	3728770	11857	0
sub-04_1	104	Picture	62	3742140	0	1	10226	1	0	10000	other	0
sub-04_1	104	Pulse	255	3748770	6630	0
sub-04_1	105	Picture	62	3767367	0	1	10226	1	0	10000	other	0
sub-04_1	105	Pulse	255	3768770	1403	0
sub-04_1	105	Pulse	255	3788769	21402	0
sub-04_1	106	Picture	62	3792594	0	1	10226	1	0	10000	other	0
sub-04_1	106	Pulse	255	3808770	16176	0
sub-04_1	107	Picture	62	3817821	0	1	10226	1	0	10000	other	0
sub-04_1	107	Pulse	255	3828769	10949	0
sub-04_1	108	Picture	62	3842967	0	1	10226	1	0	10000	other	0
sub-04_1	108	Pulse	255	3848770	5803	0
sub-04_1	109	Picture	62	3868195	0	1	10171	1	0	10000	other	0
sub-04_1	109	Pulse	255	3868769	575	0
sub-04_1	109	Pulse	255	3888769	20575	0
sub-04_1	110	Picture	Bfix	3893421	0	1	30228	1	0	30000	other	0
sub-04_1	110	Pulse	255	3908770	15348	0
sub-04_1	111	Picture	Ins_repos	3923650	0	1	40226	1	0	40000	other	0
sub-04_1	111	Pulse	255	3928770	5120	0
sub-04_1	111	Pulse	255	3948770	25120	0
sub-04_1	111	Pulse	255	3968769	45119	0
sub-04_1	112	Picture	71	3983877	0	1	10226	1	0	10000	other	0
sub-04_1	112	Pulse	255	3988770	4893	0
sub-04_1	112	Pulse	255	4008769	24893	0
sub-04_1	113	Picture	71	4009103	0	1	10226	1	0	10000	other	0
sub-04_1	113	Pulse	255	4028770	19666	0
sub-04_1	114	Picture	71	4034330	0	1	10226	1	0	10000	other	0
sub-04_1	114	Pulse	255	4048770	14439	0
sub-04_1	115	Picture	71	4059557	0	1	10226	1	0	10000	other	0
sub-04_1	115	Pulse	255	4068770	9213	0
sub-04_1	116	Picture	71	4084784	0	1	10226	1	0	10000	other	0
sub-04_1	116	Pulse	255	4088770	3986	0
sub-04_1	116	Pulse	255	4108770	23986	0
sub-04_1	117	Picture	71	4110011	0	1	10226	1	0	10000	other	0
sub-04_1	117	Pulse	255	4128770	18759	0
sub-04_1	118	Picture	71	4135238	0	1	10226	1	0	10000	other	0
sub-04_1	118	Pulse	255	4148770	13532	0
sub-04_1	119	Picture	71	4160465	0	1	10226	1	0	10000	other	0
sub-04_1	119	Pulse	255	4168770	8305	0
sub-04_1	120	Picture	71	4185692	0	1	10226	1	0	10000	other	0
sub-04_1	120	Pulse	255	4188770	3079	0
sub-04_1	120	Pulse	255	4208770	23078	0
sub-04_1	121	Picture	71	4210918	0	1	10226	1	0	10000	other	0
sub-04_1	121	Pulse	255	4228770	17852	0
sub-04_1	122	Picture	72	4236145	0	1	10226	1	0	10000	other	0
sub-04_1	122	Pulse	255	4248770	12625	0
sub-04_1	123	Picture	72	4261372	0	1	10226	1	0	10000	other	0
sub-04_1	123	Pulse	255	4268770	7398	0
sub-04_1	124	Picture	72	4286599	0	1	10226	1	0	10000	other	0
sub-04_1	124	Pulse	255	4288770	2171	0
sub-04_1	124	Pulse	255	4308770	22171	0
sub-04_1	125	Picture	72	4311826	0	1	10226	1	0	10000	other	0
sub-04_1	125	Pulse	255	4328760	16934	0
sub-04_1	126	Picture	72	4337053	0	1	10226	1	0	10000	other	0
sub-04_1	126	Pulse	255	4348760	11707	0
sub-04_1	127	Picture	72	4362280	0	1	10226	1	0	10000	other	0
sub-04_1	127	Pulse	255	4368760	6480	0
sub-04_1	128	Picture	72	4387507	0	1	10226	1	0	10000	other	0
sub-04_1	128	Pulse	255	4388760	1254	0
sub-04_1	128	Pulse	255	4408761	21254	0
sub-04_1	129	Picture	72	4412733	0	1	10226	1	0	10000	other	0
sub-04_1	129	Pulse	255	4428760	16027	0
sub-04_1	130	Picture	72	4437960	0	1	10226	1	0	10000	other	0
sub-04_1	130	Pulse	255	4448760	10800	0
sub-04_1	131	Picture	72	4463187	0	1	10226	1	0	10000	other	0
sub-04_1	131	Pulse	255	4468761	5573	0
sub-04_1	132	Picture	Bfix	4488414	0	1	30227	1	0	30000	other	0
sub-04_1	132	Pulse	255	4488760	346	0
sub-04_1	132	Pulse	255	4508760	20346	0
sub-04_1	133	Picture	Ins_main	4518642	0	1	40226	1	0	40000	other	0
sub-04_1	133	Pulse	255	4528760	10119	0
sub-04_1	133	Pulse	255	4548760	30119	0
sub-04_1	133	Pulse	255	4568760	50119	0
sub-04_1	134	Picture	11	4578868	0	1	10226	1	0	10000	other	0
sub-04_1	134	Pulse	255	4588761	9892	0
sub-04_1	135	Picture	11	4604095	0	1	10226	1	0	10000	other	0
sub-04_1	135	Pulse	255	4608761	4665	0
sub-04_1	135	Pulse	255	4628761	24666	0
sub-04_1	136	Picture	11	4629322	0	1	10226	1	0	10000	other	0
sub-04_1	136	Pulse	255	4648761	19439	0
sub-04_1	137	Picture	11	4654549	0	1	10226	1	0	10000	other	0
sub-04_1	137	Pulse	255	4668761	14212	0
sub-04_1	138	Picture	11	4679776	0	1	10225	1	0	10000	other	0
sub-04_1	138	Pulse	255	4688761	8985	0
sub-04_1	139	Picture	11	4705003	0	1	10226	1	0	10000	other	0
sub-04_1	139	Pulse	255	4708761	3758	0
sub-04_1	139	Pulse	255	4728761	23758	0
sub-04_1	140	Picture	11	4730230	0	1	10226	1	0	10000	other	0
sub-04_1	140	Pulse	255	4748761	18531	0
sub-04_1	141	Picture	11	4755457	0	1	10226	1	0	10000	other	0
sub-04_1	141	Pulse	255	4768761	13304	0
sub-04_1	142	Picture	11	4780684	0	1	10226	1	0	10000	other	0
sub-04_1	142	Pulse	255	4788761	8077	0
sub-04_1	143	Picture	11	4805910	0	1	10226	1	0	10000	other	0
sub-04_1	143	Pulse	255	4808761	2850	0
sub-04_1	143	Pulse	255	4828761	22851	0
sub-04_1	144	Picture	12	4831137	0	1	10226	1	0	10000	other	0
sub-04_1	144	Pulse	255	4848761	17623	0
sub-04_1	145	Picture	12	4856364	0	1	10226	1	0	10000	other	0
sub-04_1	145	Pulse	255	4868761	12397	0
sub-04_1	146	Picture	12	4881591	0	1	10226	1	0	10000	other	0
sub-04_1	146	Pulse	255	4888761	7170	0
sub-04_1	147	Picture	12	4906818	0	1	10226	1	0	10000	other	0
sub-04_1	147	Pulse	255	4908761	1943	0
sub-04_1	147	Pulse	255	4928761	21943	0
sub-04_1	148	Picture	12	4932045	0	1	10226	1	0	10000	other	0
sub-04_1	148	Pulse	255	4948761	16716	0
sub-04_1	149	Picture	12	4957272	0	1	10226	1	0	10000	other	0
sub-04_1	149	Pulse	255	4968761	11490	0
sub-04_1	150	Picture	12	4982499	0	1	10226	1	0	10000	other	0
sub-04_1	150	Pulse	255	4988761	6262	0
sub-04_1	151	Picture	12	5007726	0	1	10226	1	0	10000	other	0
sub-04_1	151	Pulse	255	5008762	1036	0
sub-04_1	151	Pulse	255	5028761	21036	0
sub-04_1	152	Picture	12	5032953	0	1	10226	1	0	10000	other	0
sub-04_1	152	Pulse	255	5048761	15809	0
sub-04_1	153	Picture	12	5058180	0	1	10226	1	0	10000	other	0
sub-04_1	153	Pulse	255	5068761	10582	0
sub-04_1	154	Picture	Bfix	5083406	0	1	30226	1	0	30000	other	0
sub-04_1	154	Pulse	255	5088761	5355	0
sub-04_1	154	Pulse	255	5108761	25355	0
sub-04_1	155	Picture	Ins_index	5113799	0	1	40226	1	0	40000	other	0
sub-04_1	155	Pulse	255	5128761	14962	0
sub-04_1	155	Pulse	255	5148761	34962	0
sub-04_1	155	Pulse	255	5168762	54963	0
sub-04_1	156	Picture	21	5174026	0	1	10226	1	0	10000	hit	401
sub-04_1	156	Response	1	5178222	4196	1
sub-04_1	156	Response	1	5182322	8296	1
sub-04_1	156	Pulse	255	5188762	14736	0
sub-04_1	157	Picture	21	5199253	0	1	10226	1	0	10000	hit	405
sub-04_1	157	Response	1	5202712	3459	1
sub-04_1	157	Response	1	5206972	7719	1
sub-04_1	157	Pulse	255	5208761	9509	0
sub-04_1	158	Picture	21	5224480	0	1	10226	1	0	10000	hit	409
sub-04_1	158	Response	1	5226772	2292	1
sub-04_1	158	Response	1	5227771	3292	1
sub-04_1	158	Pulse	255	5228761	4282	0
sub-04_1	158	Response	1	5229251	4772	1
sub-04_1	158	Response	1	5230672	6192	1
sub-04_1	158	Pulse	255	5248762	24282	0
sub-04_1	159	Picture	21	5249706	0	1	10226	1	0	10000	hit	416
sub-04_1	159	Response	1	5252402	2695	1
sub-04_1	159	Response	1	5253392	3685	1
sub-04_1	159	Response	1	5254401	4695	1
sub-04_1	159	Pulse	255	5268762	19055	0
sub-04_1	160	Picture	21	5274933	0	1	10226	1	0	10000	hit	421
sub-04_1	160	Response	1	5277862	2928	1
sub-04_1	160	Pulse	255	5288762	13828	0
sub-04_1	161	Picture	21	5300160	0	1	10226	1	0	10000	hit	424
sub-04_1	161	Response	1	5302582	2422	1
sub-04_1	161	Response	1	5303561	3401	1
sub-04_1	161	Pulse	255	5308761	8601	0
sub-04_1	162	Picture	21	5325387	0	1	10226	1	0	10000	hit	428
sub-04_1	162	Response	1	5327812	2425	1
sub-04_1	162	Pulse	255	5328762	3375	0
sub-04_1	162	Response	1	5329341	3954	1
sub-04_1	162	Pulse	255	5348762	23375	0
sub-04_1	163	Picture	21	5350614	0	1	10225	1	0	10000	hit	433
sub-04_1	163	Response	1	5352342	1728	1
sub-04_1	163	Response	1	5359912	9298	1
sub-04_1	163	Pulse	255	5368762	18148	0
sub-04_1	164	Picture	21	5375841	0	1	10226	1	0	10000	hit	437
sub-04_1	164	Response	1	5377772	1931	1
sub-04_1	164	Response	1	5383332	7491	1
sub-04_1	164	Response	1	5384322	8481	1
sub-04_1	164	Response	1	5386422	10581	1
sub-04_1	164	Pulse	255	5388762	12921	0
sub-04_1	165	Picture	21	5401068	0	1	10226	1	0	10000	hit	443
sub-04_1	165	Response	1	5404012	2944	1
sub-04_1	165	Response	1	5406272	5204	1
sub-04_1	165	Response	1	5407802	6734	1
sub-04_1	165	Pulse	255	5408761	7694	0
sub-04_1	165	Response	1	5409441	8374	1
sub-04_1	166	Picture	22	5426295	0	1	10226	1	0	10000	hit	449
sub-04_1	166	Response	2	5428592	2297	1
sub-04_1	166	Pulse	255	5428761	2466	0
sub-04_1	166	Pulse	255	5448762	22467	0
sub-04_1	167	Picture	22	5451522	0	1	10226	1	0	10000	hit	453
sub-04_1	167	Response	2	5453192	1670	1
sub-04_1	167	Pulse	255	5468762	17240	0
sub-04_1	168	Picture	22	5476749	0	1	10226	1	0	10000	hit	456
sub-04_1	168	Response	2	5478832	2083	1
sub-04_1	168	Pulse	255	5488762	12013	0
sub-04_1	169	Picture	22	5501976	0	1	10226	1	0	10000	hit	459
sub-04_1	169	Response	2	5504072	2096	1
sub-04_1	169	Pulse	255	5508762	6786	0
sub-04_1	170	Picture	22	5527203	0	1	10226	1	0	10000	hit	463
sub-04_1	170	Pulse	255	5528762	1560	0
sub-04_1	170	Response	2	5528811	1609	1
sub-04_1	170	Pulse	255	5548762	21560	0
sub-04_1	171	Picture	22	5552429	0	1	10226	1	0	10000	hit	466
sub-04_1	171	Response	2	5554462	2032	1
sub-04_1	171	Pulse	255	5568762	16332	0
sub-04_1	172	Picture	22	5577656	0	1	10226	1	0	10000	hit	469
sub-04_1	172	Response	2	5579902	2246	1
sub-04_1	172	Pulse	255	5588762	11106	0
sub-04_1	173	Picture	22	5602883	0	1	10226	1	0	10000	hit	472
sub-04_1	173	Response	2	5603352	469	1
sub-04_1	173	Pulse	255	5608762	5879	0
sub-04_1	174	Picture	22	5628110	0	1	10226	1	0	10000	hit	476
sub-04_1	174	Pulse	255	5628762	652	0
sub-04_1	174	Response	2	5630232	2122	1
sub-04_1	174	Pulse	255	5648762	20652	0
sub-04_1	175	Picture	22	5653337	0	1	10226	1	0	10000	hit	479
sub-04_1	175	Response	2	5655062	1725	1
sub-04_1	175	Pulse	255	5668762	15425	0
sub-04_1	176	Picture	Bfix	5678564	0	1	30227	1	0	30000	other	0
sub-04_1	176	Pulse	255	5688762	10198	0
sub-04_1	176	Pulse	255	5708763	30199	0
sub-04_1	177	Picture	Ins_yeux	5708791	0	1	40226	1	0	40000	other	0
sub-04_1	177	Pulse	255	5728762	19971	0
sub-04_1	177	Pulse	255	5748762	39971	0
sub-04_1	177	Pulse	255	5768762	59971	0
sub-04_1	178	Picture	31	5769018	0	1	10226	1	0	10000	other	0
sub-04_1	178	Pulse	255	5788762	19744	0
sub-04_1	179	Picture	31	5794245	0	1	10226	1	0	10000	other	0
sub-04_1	179	Pulse	255	5808763	14518	0
sub-04_1	180	Picture	31	5819472	0	1	10226	1	0	10000	other	0
sub-04_1	180	Pulse	255	5828763	9290	0
sub-04_1	181	Picture	31	5844699	0	1	10226	1	0	10000	other	0
sub-04_1	181	Pulse	255	5848763	4064	0
sub-04_1	181	Pulse	255	5868762	24063	0
sub-04_1	182	Picture	31	5869926	0	1	10226	1	0	10000	other	0
sub-04_1	182	Pulse	255	5888763	18837	0
sub-04_1	183	Picture	31	5895153	0	1	10226	1	0	10000	other	0
sub-04_1	183	Pulse	255	5908763	13610	0
sub-04_1	184	Picture	31	5920380	0	1	10226	1	0	10000	other	0
sub-04_1	184	Pulse	255	5928763	8383	0
sub-04_1	185	Picture	31	5945607	0	1	10226	1	0	10000	other	0
sub-04_1	185	Pulse	255	5948762	3156	0
sub-04_1	185	Pulse	255	5968763	23156	0
sub-04_1	186	Picture	31	5970833	0	1	10226	1	0	10000	other	0
sub-04_1	186	Pulse	255	5988763	17930	0
sub-04_1	187	Picture	31	5996060	0	1	10227	1	0	10000	other	0
sub-04_1	187	Pulse	255	6008763	12703	0
sub-04_1	188	Picture	32	6021287	0	1	10226	1	0	10000	other	0
sub-04_1	188	Pulse	255	6028763	7476	0
sub-04_1	189	Picture	32	6046514	0	1	10226	1	0	10000	other	0
sub-04_1	189	Pulse	255	6048763	2249	0
sub-04_1	189	Pulse	255	6068763	22248	0
sub-04_1	190	Picture	32	6071741	0	1	10226	1	0	10000	other	0
sub-04_1	190	Pulse	255	6088763	17022	0
sub-04_1	191	Picture	32	6096968	0	1	10226	1	0	10000	other	0
sub-04_1	191	Pulse	255	6108763	11795	0
sub-04_1	192	Picture	32	6122195	0	1	10226	1	0	10000	other	0
sub-04_1	192	Pulse	255	6128763	6568	0
sub-04_1	193	Picture	32	6147422	0	1	10226	1	0	10000	other	0
sub-04_1	193	Pulse	255	6148763	1341	0
sub-04_1	193	Pulse	255	6168763	21341	0
sub-04_1	194	Picture	32	6172649	0	1	10226	1	0	10000	other	0
sub-04_1	194	Pulse	255	6188763	16114	0
sub-04_1	195	Picture	32	6197876	0	1	10226	1	0	10000	other	0
sub-04_1	195	Pulse	255	6208763	10887	0
sub-04_1	196	Picture	32	6223103	0	1	10226	1	0	10000	other	0
sub-04_1	196	Pulse	255	6228763	5660	0
sub-04_1	197	Picture	32	6248330	0	1	10226	1	0	10000	other	0
sub-04_1	197	Pulse	255	6248753	423	0
sub-04_1	197	Pulse	255	6268753	20423	0
sub-04_1	198	Picture	Bfix	6273557	0	1	30227	1	0	30000	other	0
sub-04_1	198	Pulse	255	6288753	15196	0
sub-04_1	199	Picture	Ins_jambe	6303785	0	1	40226	1	0	40000	other	0
sub-04_1	199	Pulse	255	6308753	4969	0
sub-04_1	199	Pulse	255	6328753	24969	0
sub-04_1	199	Pulse	255	6348754	44969	0
sub-04_1	200	Picture	51	6364012	0	1	10226	1	0	10000	other	0
sub-04_1	200	Pulse	255	6368753	4742	0
sub-04_1	200	Pulse	255	6388753	24742	0
sub-04_1	201	Picture	51	6389239	0	1	10226	1	0	10000	other	0
sub-04_1	201	Pulse	255	6408753	19514	0
sub-04_1	202	Picture	51	6414466	0	1	10226	1	0	10000	other	0
sub-04_1	202	Pulse	255	6428753	14287	0
sub-04_1	203	Picture	51	6439693	0	1	10226	1	0	10000	other	0
sub-04_1	203	Pulse	255	6448753	9060	0
sub-04_1	204	Picture	51	6464920	0	1	10226	1	0	10000	other	0
sub-04_1	204	Pulse	255	6468754	3834	0
sub-04_1	204	Pulse	255	6488753	23834	0
sub-04_1	205	Picture	51	6490147	0	1	10226	1	0	10000	other	0
sub-04_1	205	Pulse	255	6508753	18606	0
sub-04_1	206	Picture	51	6515374	0	1	10226	1	0	10000	other	0
sub-04_1	206	Pulse	255	6528753	13380	0
sub-04_1	207	Picture	51	6540600	0	1	10226	1	0	10000	other	0
sub-04_1	207	Pulse	255	6548753	8153	0
sub-04_1	208	Picture	51	6565827	0	1	10226	1	0	10000	other	0
sub-04_1	208	Pulse	255	6568754	2926	0
sub-04_1	208	Pulse	255	6588753	22926	0
sub-04_1	209	Picture	51	6591054	0	1	10226	1	0	10000	other	0
sub-04_1	209	Pulse	255	6608753	17699	0
sub-04_1	210	Picture	52	6616281	0	1	10226	1	0	10000	other	0
sub-04_1	210	Pulse	255	6628754	12472	0
sub-04_1	211	Picture	52	6641508	0	1	10226	1	0	10000	other	0
sub-04_1	211	Pulse	255	6648753	7245	0
sub-04_1	212	Picture	52	6666735	0	1	10226	1	0	10000	other	0
sub-04_1	212	Pulse	255	6668754	2019	0
sub-04_1	212	Pulse	255	6688754	22019	0
sub-04_1	213	Picture	52	6691962	0	1	10226	1	0	10000	other	0
sub-04_1	213	Pulse	255	6708754	16792	0
sub-04_1	214	Picture	52	6717189	0	1	10226	1	0	10000	other	0
sub-04_1	214	Pulse	255	6728754	11565	0
sub-04_1	215	Picture	52	6742416	0	1	10226	1	0	10000	other	0
sub-04_1	215	Pulse	255	6748754	6338	0
sub-04_1	216	Picture	52	6767642	0	1	10226	1	0	10000	other	0
sub-04_1	216	Pulse	255	6768754	1112	0
sub-04_1	216	Pulse	255	6788754	21112	0
sub-04_1	217	Picture	52	6792869	0	1	10226	1	0	10000	other	0
sub-04_1	217	Pulse	255	6808754	15885	0
sub-04_1	218	Picture	52	6818096	0	1	10226	1	0	10000	other	0
sub-04_1	218	Pulse	255	6828754	10658	0
sub-04_1	219	Picture	52	6843323	0	1	10226	1	0	10000	other	0
sub-04_1	219	Pulse	255	6848754	5431	0
sub-04_1	220	Picture	Bfix	6868550	0	1	30227	1	0	30000	other	0
sub-04_1	220	Pulse	255	6868754	204	0
sub-04_1	220	Pulse	255	6888754	20204	0
sub-04_1	221	Picture	Ins_bouche	6898777	0	1	40226	1	0	40000	other	0
sub-04_1	221	Pulse	255	6908754	9977	0
sub-04_1	221	Pulse	255	6928754	29976	0
sub-04_1	221	Pulse	255	6948754	49977	0
sub-04_1	222	Picture	61	6959004	0	1	10226	1	0	10000	other	0
sub-04_1	222	Pulse	255	6968754	9750	0
sub-04_1	223	Picture	61	6984231	0	1	10226	1	0	10000	other	0
sub-04_1	223	Pulse	255	6988754	4523	0
sub-04_1	223	Pulse	255	7008754	24523	0
sub-04_1	224	Picture	61	7009458	0	1	10226	1	0	10000	other	0
sub-04_1	224	Pulse	255	7028754	19296	0
sub-04_1	225	Picture	61	7034685	0	1	10226	1	0	10000	other	0
sub-04_1	225	Pulse	255	7048754	14069	0
sub-04_1	226	Picture	61	7059912	0	1	10226	1	0	10000	other	0
sub-04_1	226	Pulse	255	7068754	8843	0
sub-04_1	227	Picture	61	7085139	0	1	10226	1	0	10000	other	0
sub-04_1	227	Pulse	255	7088754	3615	0
sub-04_1	227	Pulse	255	7108755	23616	0
sub-04_1	228	Picture	61	7110366	0	1	10226	1	0	10000	other	0
sub-04_1	228	Pulse	255	7128754	18389	0
sub-04_1	229	Picture	61	7135593	0	1	10226	1	0	10000	other	0
sub-04_1	229	Pulse	255	7148755	13162	0
sub-04_1	230	Picture	61	7160820	0	1	10226	1	0	10000	other	0
sub-04_1	230	Pulse	255	7168755	7935	0
sub-04_1	231	Picture	61	7186047	0	1	10226	1	0	10000	other	0
sub-04_1	231	Pulse	255	7188755	2708	0
sub-04_1	231	Pulse	255	7208754	22708	0
sub-04_1	232	Picture	62	7211274	0	1	10226	1	0	10000	other	0
sub-04_1	232	Pulse	255	7228755	17481	0
sub-04_1	233	Picture	62	7236501	0	1	10226	1	0	10000	other	0
sub-04_1	233	Pulse	255	7248754	12254	0
sub-04_1	234	Picture	62	7261727	0	1	10226	1	0	10000	other	0
sub-04_1	234	Pulse	255	7268755	7027	0
sub-04_1	235	Picture	62	7286954	0	1	10226	1	0	10000	other	0
sub-04_1	235	Pulse	255	7288754	1800	0
sub-04_1	235	Pulse	255	7308755	21800	0
sub-04_1	236	Picture	62	7312181	0	1	10226	1	0	10000	other	0
sub-04_1	236	Pulse	255	7328755	16574	0
sub-04_1	237	Picture	62	7337408	0	1	10226	1	0	10000	other	0
sub-04_1	237	Pulse	255	7348755	11346	0
sub-04_1	238	Picture	62	7362635	0	1	10226	1	0	10000	other	0
sub-04_1	238	Pulse	255	7368754	6119	0
sub-04_1	239	Picture	62	7387862	0	1	10226	1	0	10000	other	0
sub-04_1	239	Pulse	255	7388755	892	0
sub-04_1	239	Pulse	255	7408755	20893	0
sub-04_1	240	Picture	62	7413089	0	1	10226	1	0	10000	other	0
sub-04_1	240	Pulse	255	7428755	15666	0
sub-04_1	241	Picture	62	7438316	0	1	10226	1	0	10000	other	0
sub-04_1	241	Pulse	255	7448755	10439	0
sub-04_1	242	Picture	Bfix	7463543	0	1	30228	1	0	30000	other	0
sub-04_1	242	Pulse	255	7468755	5212	0
sub-04_1	242	Pulse	255	7488755	25212	0
sub-04_1	243	Picture	Ins_repos	7493771	0	1	40226	1	0	40000	other	0
sub-04_1	243	Pulse	255	7508755	14984	0
sub-04_1	243	Pulse	255	7528755	34984	0
sub-04_1	243	Pulse	255	7548755	54985	0
sub-04_1	244	Picture	71	7553998	0	1	10226	1	0	10000	other	0
sub-04_1	244	Pulse	255	7568755	14758	0
sub-04_1	245	Picture	71	7579113	0	1	10226	1	0	10000	other	0
sub-04_1	245	Pulse	255	7588755	9642	0
sub-04_1	246	Picture	71	7604340	0	1	10226	1	0	10000	other	0
sub-04_1	246	Pulse	255	7608755	4416	0
sub-04_1	246	Pulse	255	7628755	24415	0
sub-04_1	247	Picture	71	7629567	0	1	10226	1	0	10000	other	0
sub-04_1	247	Pulse	255	7648755	19188	0
sub-04_1	248	Picture	71	7654793	0	1	10226	1	0	10000	other	0
sub-04_1	248	Pulse	255	7668755	13962	0
sub-04_1	249	Picture	71	7680020	0	1	10226	1	0	10000	other	0
sub-04_1	249	Pulse	255	7688755	8735	0
sub-04_1	250	Picture	71	7705247	0	1	10226	1	0	10000	other	0
sub-04_1	250	Pulse	255	7708756	3509	0
sub-04_1	250	Pulse	255	7728755	23508	0
sub-04_1	251	Picture	71	7730474	0	1	10226	1	0	10000	other	0
sub-04_1	251	Pulse	255	7748755	18281	0
sub-04_1	252	Picture	71	7755701	0	1	10226	1	0	10000	other	0
sub-04_1	252	Pulse	255	7768755	13054	0
sub-04_1	253	Picture	71	7780928	0	1	10226	1	0	10000	other	0
sub-04_1	253	Pulse	255	7788756	7828	0
sub-04_1	254	Picture	72	7806155	0	1	10226	1	0	10000	other	0
sub-04_1	254	Pulse	255	7808755	2601	0
sub-04_1	254	Pulse	255	7828756	22601	0
sub-04_1	255	Picture	72	7831381	0	1	10226	1	0	10000	other	0
sub-04_1	255	Pulse	255	7848756	17374	0
sub-04_1	256	Picture	72	7856608	0	1	10226	1	0	10000	other	0
sub-04_1	256	Pulse	255	7868755	12147	0
sub-04_1	257	Picture	72	7881835	0	1	10226	1	0	10000	other	0
sub-04_1	257	Pulse	255	7888756	6920	0
sub-04_1	258	Picture	72	7907062	0	1	10226	1	0	10000	other	0
sub-04_1	258	Pulse	255	7908756	1694	0
sub-04_1	258	Pulse	255	7928756	21694	0
sub-04_1	259	Picture	72	7932289	0	1	10226	1	0	10000	other	0
sub-04_1	259	Pulse	255	7948755	16466	0
sub-04_1	260	Picture	72	7957516	0	1	10226	1	0	10000	other	0
sub-04_1	260	Pulse	255	7968756	11240	0
sub-04_1	261	Picture	72	7982743	0	1	10226	1	0	10000	other	0
sub-04_1	261	Pulse	255	7988756	6013	0
sub-04_1	262	Picture	72	8007970	0	1	10226	1	0	10000	other	0
sub-04_1	262	Pulse	255	8008756	786	0
sub-04_1	262	Pulse	255	8028756	20786	0
sub-04_1	263	Picture	72	8033197	0	1	10226	1	0	10000	other	0
sub-04_1	263	Pulse	255	8048756	15559	0
sub-04_1	264	Picture	Bfix	8058424	0	1	71820	1	0	60000	other	0
sub-04_1	264	Pulse	255	8068756	10332	0
sub-04_1	264	Pulse	255	8088756	30332	0
sub-04_1	264	Pulse	255	8108756	50332	0
