Scenario - loca_moto
Logfile written - 05/28/2018 10:34:28

Subject	Trial	Event Type	Code	Time	TTime	Uncertainty	Duration	Uncertainty	ReqTime	ReqDur	Stim Type	Pair Index

sub-09_2	0	Pulse	255	571594	571594	0
sub-09_2	1	Picture	Ins_main	571672	0	1	40179	1	0	40000	other	0
sub-09_2	1	Pulse	255	591594	19922	0
sub-09_2	1	Pulse	255	611594	39922	0
sub-09_2	1	Pulse	255	631594	59922	0
sub-09_2	2	Picture	11	631857	0	1	10170	1	0	10000	other	0
sub-09_2	2	Pulse	255	651594	19737	0
sub-09_2	3	Picture	11	657031	0	1	10170	1	0	10000	other	0
sub-09_2	3	Pulse	255	671594	14563	0
sub-09_2	4	Picture	11	682205	0	1	10170	1	0	10000	other	0
sub-09_2	4	Pulse	255	691594	9389	0
sub-09_2	5	Picture	11	707380	0	1	10170	1	0	10000	other	0
sub-09_2	5	Pulse	255	711594	4214	0
sub-09_2	5	Pulse	255	731594	24214	0
sub-09_2	6	Picture	11	732554	0	1	10170	1	0	10000	other	0
sub-09_2	6	Pulse	255	751595	19040	0
sub-09_2	7	Picture	11	757729	0	1	10170	1	0	10000	other	0
sub-09_2	7	Pulse	255	771595	13866	0
sub-09_2	8	Picture	11	782903	0	1	10170	1	0	10000	other	0
sub-09_2	8	Pulse	255	791595	8692	0
sub-09_2	9	Picture	11	808077	0	1	10170	1	0	10000	other	0
sub-09_2	9	Pulse	255	811594	3517	0
sub-09_2	9	Pulse	255	831594	23517	0
sub-09_2	10	Picture	11	833252	0	1	10170	1	0	10000	other	0
sub-09_2	10	Pulse	255	851595	18343	0
sub-09_2	11	Picture	11	858426	0	1	10170	1	0	10000	other	0
sub-09_2	11	Pulse	255	871594	13168	0
sub-09_2	12	Picture	12	883600	0	1	10170	1	0	10000	other	0
sub-09_2	12	Pulse	255	891595	7995	0
sub-09_2	13	Picture	12	908775	0	1	10170	1	0	10000	other	0
sub-09_2	13	Pulse	255	911595	2820	0
sub-09_2	13	Pulse	255	931595	22820	0
sub-09_2	14	Picture	12	933949	0	1	10170	1	0	10000	other	0
sub-09_2	14	Pulse	255	951595	17646	0
sub-09_2	15	Picture	12	959123	0	1	10170	1	0	10000	other	0
sub-09_2	15	Pulse	255	971595	12472	0
sub-09_2	16	Picture	12	984298	0	1	10170	1	0	10000	other	0
sub-09_2	16	Pulse	255	991595	7297	0
sub-09_2	17	Picture	12	1009472	0	1	10170	1	0	10000	other	0
sub-09_2	17	Pulse	255	1011595	2123	0
sub-09_2	17	Pulse	255	1031595	22122	0
sub-09_2	18	Picture	12	1034647	0	1	10170	1	0	10000	other	0
sub-09_2	18	Pulse	255	1051595	16948	0
sub-09_2	19	Picture	12	1059821	0	1	10170	1	0	10000	other	0
sub-09_2	19	Pulse	255	1071596	11775	0
sub-09_2	20	Picture	12	1084995	0	1	10170	1	0	10000	other	0
sub-09_2	20	Pulse	255	1091595	6600	0
sub-09_2	21	Picture	12	1110170	0	1	10170	1	0	10000	other	0
sub-09_2	21	Pulse	255	1111596	1426	0
sub-09_2	21	Pulse	255	1131595	21426	0
sub-09_2	22	Picture	Bfix	1135344	0	1	30176	1	0	30000	other	0
sub-09_2	22	Pulse	255	1151595	16251	0
sub-09_2	23	Picture	Ins_index	1165520	0	1	40179	1	0	40000	other	0
sub-09_2	23	Pulse	255	1171595	6075	0
sub-09_2	23	Pulse	255	1191596	26076	0
sub-09_2	23	Pulse	255	1211595	46076	0
sub-09_2	24	Picture	21	1225705	0	1	10170	1	0	10000	hit	58
sub-09_2	24	Response	1	1228826	3121	1
sub-09_2	24	Pulse	255	1231595	5890	0
sub-09_2	25	Picture	21	1250879	0	1	10170	1	0	10000	hit	62
sub-09_2	25	Pulse	255	1251595	716	0
sub-09_2	25	Response	1	1254156	3276	1
sub-09_2	25	Pulse	255	1271595	20716	0
sub-09_2	26	Picture	21	1276054	0	1	10170	1	0	10000	hit	65
sub-09_2	26	Response	1	1278966	2913	1
sub-09_2	26	Pulse	255	1291596	15542	0
sub-09_2	27	Picture	21	1301228	0	1	10170	1	0	10000	hit	68
sub-09_2	27	Response	1	1303756	2528	1
sub-09_2	27	Pulse	255	1311596	10368	0
sub-09_2	28	Picture	21	1326402	0	1	10170	1	0	10000	hit	71
sub-09_2	28	Response	1	1329886	3484	1
sub-09_2	28	Pulse	255	1331597	5194	0
sub-09_2	29	Picture	21	1351577	0	1	10170	1	0	10000	hit	75
sub-09_2	29	Pulse	255	1351596	19	0
sub-09_2	29	Response	1	1355176	3599	1
sub-09_2	29	Pulse	255	1371595	20018	0
sub-09_2	30	Picture	21	1376751	0	1	10170	1	0	10000	hit	78
sub-09_2	30	Response	1	1379755	3004	1
sub-09_2	30	Pulse	255	1391596	14845	0
sub-09_2	31	Picture	21	1401925	0	1	10170	1	0	10000	hit	81
sub-09_2	31	Response	1	1404167	2241	1
sub-09_2	31	Pulse	255	1411596	9670	0
sub-09_2	32	Picture	21	1427100	0	1	10170	1	0	10000	hit	84
sub-09_2	32	Response	1	1429936	2836	1
sub-09_2	32	Pulse	255	1431596	4496	0
sub-09_2	32	Pulse	255	1451596	24497	0
sub-09_2	33	Picture	21	1452274	0	1	10170	1	0	10000	hit	88
sub-09_2	33	Response	1	1454997	2723	1
sub-09_2	33	Pulse	255	1471596	19322	0
sub-09_2	34	Picture	22	1477449	0	1	10170	1	0	10000	hit	91
sub-09_2	34	Response	2	1481947	4498	1
sub-09_2	34	Pulse	255	1491596	14148	0
sub-09_2	35	Picture	22	1502623	0	1	10170	1	0	10000	hit	94
sub-09_2	35	Response	2	1505617	2994	1
sub-09_2	35	Pulse	255	1511597	8974	0
sub-09_2	36	Picture	22	1527797	0	1	10170	1	0	10000	hit	97
sub-09_2	36	Response	2	1530587	2789	1
sub-09_2	36	Pulse	255	1531596	3799	0
sub-09_2	36	Pulse	255	1551597	23799	0
sub-09_2	37	Picture	22	1552972	0	1	10170	1	0	10000	hit	101
sub-09_2	37	Response	2	1554856	1885	1
sub-09_2	37	Pulse	255	1571596	18625	0
sub-09_2	38	Picture	22	1578146	0	1	10170	1	0	10000	hit	104
sub-09_2	38	Response	2	1582307	4160	1
sub-09_2	38	Pulse	255	1591597	13451	0
sub-09_2	39	Picture	22	1603320	0	1	10170	1	0	10000	hit	107
sub-09_2	39	Response	2	1611047	7726	1
sub-09_2	39	Pulse	255	1611596	8276	0
sub-09_2	40	Picture	22	1628495	0	1	10170	1	0	10000	hit	110
sub-09_2	40	Response	2	1631497	3002	1
sub-09_2	40	Pulse	255	1631597	3102	0
sub-09_2	40	Pulse	255	1651597	23102	0
sub-09_2	41	Picture	22	1653669	0	1	10170	1	0	10000	hit	114
sub-09_2	41	Response	2	1659407	5738	1
sub-09_2	41	Pulse	255	1671597	17928	0
sub-09_2	42	Picture	22	1678843	0	1	10170	1	0	10000	hit	117
sub-09_2	42	Response	2	1682237	3393	1
sub-09_2	42	Pulse	255	1691597	12753	0
sub-09_2	43	Picture	22	1704018	0	1	10170	1	0	10000	hit	120
sub-09_2	43	Response	2	1707637	3619	1
sub-09_2	43	Pulse	255	1711597	7579	0
sub-09_2	44	Picture	Bfix	1729192	0	1	30176	1	0	30000	other	0
sub-09_2	44	Pulse	255	1731597	2405	0
sub-09_2	44	Pulse	255	1751597	22405	0
sub-09_2	45	Picture	Ins_yeux	1759368	0	1	40179	1	0	40000	other	0
sub-09_2	45	Pulse	255	1771597	12229	0
sub-09_2	45	Pulse	255	1791597	32229	0
sub-09_2	45	Pulse	255	1811597	52229	0
sub-09_2	46	Picture	31	1819553	0	1	10170	1	0	10000	other	0
sub-09_2	46	Pulse	255	1831587	12034	0
sub-09_2	47	Picture	31	1844728	0	1	10170	1	0	10000	other	0
sub-09_2	47	Pulse	255	1851588	6860	0
sub-09_2	48	Picture	31	1869902	0	1	10170	1	0	10000	other	0
sub-09_2	48	Pulse	255	1871587	1685	0
sub-09_2	48	Pulse	255	1891587	21685	0
sub-09_2	49	Picture	31	1895076	0	1	10170	1	0	10000	other	0
sub-09_2	49	Pulse	255	1911588	16512	0
sub-09_2	50	Picture	31	1920251	0	1	10170	1	0	10000	other	0
sub-09_2	50	Pulse	255	1931587	11337	0
sub-09_2	51	Picture	31	1945425	0	1	10170	1	0	10000	other	0
sub-09_2	51	Pulse	255	1951588	6163	0
sub-09_2	52	Picture	31	1970599	0	1	10170	1	0	10000	other	0
sub-09_2	52	Pulse	255	1971587	988	0
sub-09_2	52	Pulse	255	1991588	20989	0
sub-09_2	53	Picture	31	1995774	0	1	10170	1	0	10000	other	0
sub-09_2	53	Pulse	255	2011588	15815	0
sub-09_2	54	Picture	31	2020948	0	1	10170	1	0	10000	other	0
sub-09_2	54	Pulse	255	2031589	10641	0
sub-09_2	55	Picture	31	2046122	0	1	10170	1	0	10000	other	0
sub-09_2	55	Pulse	255	2051588	5465	0
sub-09_2	56	Picture	32	2071297	0	1	10170	1	0	10000	other	0
sub-09_2	56	Pulse	255	2071588	291	0
sub-09_2	56	Pulse	255	2091588	20291	0
sub-09_2	57	Picture	32	2096471	0	1	10170	1	0	10000	other	0
sub-09_2	57	Pulse	255	2111589	15117	0
sub-09_2	58	Picture	32	2121646	0	1	10170	1	0	10000	other	0
sub-09_2	58	Pulse	255	2131588	9943	0
sub-09_2	59	Picture	32	2146820	0	1	10170	1	0	10000	other	0
sub-09_2	59	Pulse	255	2151588	4769	0
sub-09_2	59	Pulse	255	2171589	24769	0
sub-09_2	60	Picture	32	2171994	0	1	10170	1	0	10000	other	0
sub-09_2	60	Pulse	255	2191589	19595	0
sub-09_2	61	Picture	32	2197169	0	1	10170	1	0	10000	other	0
sub-09_2	61	Pulse	255	2211588	14420	0
sub-09_2	62	Picture	32	2222343	0	1	10170	1	0	10000	other	0
sub-09_2	62	Pulse	255	2231589	9246	0
sub-09_2	63	Picture	32	2247517	0	1	10170	1	0	10000	other	0
sub-09_2	63	Pulse	255	2251589	4071	0
sub-09_2	63	Pulse	255	2271588	24071	0
sub-09_2	64	Picture	32	2272692	0	1	10170	1	0	10000	other	0
sub-09_2	64	Pulse	255	2291588	18897	0
sub-09_2	65	Picture	32	2297866	0	1	10170	1	0	10000	other	0
sub-09_2	65	Pulse	255	2311589	13723	0
sub-09_2	66	Picture	Bfix	2323040	0	1	30176	1	0	30000	other	0
sub-09_2	66	Pulse	255	2331590	8549	0
sub-09_2	66	Pulse	255	2351589	28548	0
sub-09_2	67	Picture	Ins_jambe	2353216	0	1	40179	1	0	40000	other	0
sub-09_2	67	Pulse	255	2371589	18373	0
sub-09_2	67	Pulse	255	2391589	38373	0
sub-09_2	67	Pulse	255	2411589	58372	0
sub-09_2	68	Picture	51	2413401	0	1	10170	1	0	10000	other	0
sub-09_2	68	Pulse	255	2431589	18188	0
sub-09_2	69	Picture	51	2438576	0	1	10170	1	0	10000	other	0
sub-09_2	69	Pulse	255	2451589	13013	0
sub-09_2	70	Picture	51	2463750	0	1	10170	1	0	10000	other	0
sub-09_2	70	Pulse	255	2471589	7839	0
sub-09_2	71	Picture	51	2488925	0	1	10170	1	0	10000	other	0
sub-09_2	71	Pulse	255	2491590	2665	0
sub-09_2	71	Pulse	255	2511589	22665	0
sub-09_2	72	Picture	51	2514099	0	1	10170	1	0	10000	other	0
sub-09_2	72	Pulse	255	2531589	17491	0
sub-09_2	73	Picture	51	2539273	0	1	10170	1	0	10000	other	0
sub-09_2	73	Pulse	255	2551590	12316	0
sub-09_2	74	Picture	51	2564448	0	1	10170	1	0	10000	other	0
sub-09_2	74	Pulse	255	2571589	7142	0
sub-09_2	75	Picture	51	2589622	0	1	10170	1	0	10000	other	0
sub-09_2	75	Pulse	255	2591590	1968	0
sub-09_2	75	Pulse	255	2611589	21967	0
sub-09_2	76	Picture	51	2614796	0	1	10170	1	0	10000	other	0
sub-09_2	76	Pulse	255	2631592	16795	0
sub-09_2	77	Picture	51	2639971	0	1	10170	1	0	10000	other	0
sub-09_2	77	Pulse	255	2651590	11619	0
sub-09_2	78	Picture	52	2665145	0	1	10170	1	0	10000	other	0
sub-09_2	78	Pulse	255	2671590	6445	0
sub-09_2	79	Picture	52	2690319	0	1	10170	1	0	10000	other	0
sub-09_2	79	Pulse	255	2691590	1270	0
sub-09_2	79	Pulse	255	2711590	21271	0
sub-09_2	80	Picture	52	2715494	0	1	10170	1	0	10000	other	0
sub-09_2	80	Pulse	255	2731590	16096	0
sub-09_2	81	Picture	52	2740668	0	1	10170	1	0	10000	other	0
sub-09_2	81	Pulse	255	2751590	10922	0
sub-09_2	82	Picture	52	2765843	0	1	10170	1	0	10000	other	0
sub-09_2	82	Pulse	255	2771590	5748	0
sub-09_2	83	Picture	52	2791017	0	1	10170	1	0	10000	other	0
sub-09_2	83	Pulse	255	2791590	573	0
sub-09_2	83	Pulse	255	2811590	20573	0
sub-09_2	84	Picture	52	2816191	0	1	10170	1	0	10000	other	0
sub-09_2	84	Pulse	255	2831590	15399	0
sub-09_2	85	Picture	52	2841366	0	1	10170	1	0	10000	other	0
sub-09_2	85	Pulse	255	2851590	10225	0
sub-09_2	86	Picture	52	2866540	0	1	10170	1	0	10000	other	0
sub-09_2	86	Pulse	255	2871590	5051	0
sub-09_2	86	Pulse	255	2891590	25050	0
sub-09_2	87	Picture	52	2891714	0	1	10170	1	0	10000	other	0
sub-09_2	87	Pulse	255	2911591	19876	0
sub-09_2	88	Picture	Bfix	2916889	0	1	30176	1	0	30000	other	0
sub-09_2	88	Pulse	255	2931590	14702	0
sub-09_2	89	Picture	Ins_bouche	2947231	0	1	40179	1	0	40000	other	0
sub-09_2	89	Pulse	255	2951590	4359	0
sub-09_2	89	Pulse	255	2971591	24360	0
sub-09_2	89	Pulse	255	2991591	44359	0
sub-09_2	90	Picture	61	3007416	0	1	10170	1	0	10000	other	0
sub-09_2	90	Pulse	255	3011591	4175	0
sub-09_2	90	Pulse	255	3031591	24174	0
sub-09_2	91	Picture	61	3032591	0	1	10170	1	0	10000	other	0
sub-09_2	91	Pulse	255	3051591	19000	0
sub-09_2	92	Picture	61	3057765	0	1	10170	1	0	10000	other	0
sub-09_2	92	Pulse	255	3071591	13826	0
sub-09_2	93	Picture	61	3082939	0	1	10170	1	0	10000	other	0
sub-09_2	93	Pulse	255	3091591	8652	0
sub-09_2	94	Picture	61	3108114	0	1	10170	1	0	10000	other	0
sub-09_2	94	Pulse	255	3111591	3477	0
sub-09_2	94	Pulse	255	3131592	23478	0
sub-09_2	95	Picture	61	3133288	0	1	10170	1	0	10000	other	0
sub-09_2	95	Pulse	255	3151590	18302	0
sub-09_2	96	Picture	61	3158463	0	1	10170	1	0	10000	other	0
sub-09_2	96	Pulse	255	3171591	13128	0
sub-09_2	97	Picture	61	3183637	0	1	10170	1	0	10000	other	0
sub-09_2	97	Pulse	255	3191591	7954	0
sub-09_2	98	Picture	61	3208811	0	1	10170	1	0	10000	other	0
sub-09_2	98	Pulse	255	3211591	2780	0
sub-09_2	98	Pulse	255	3231591	22780	0
sub-09_2	99	Picture	61	3233986	0	1	10170	1	0	10000	other	0
sub-09_2	99	Pulse	255	3251591	17605	0
sub-09_2	100	Picture	62	3259160	0	1	10170	1	0	10000	other	0
sub-09_2	100	Pulse	255	3271592	12432	0
sub-09_2	101	Picture	62	3284334	0	1	10170	1	0	10000	other	0
sub-09_2	101	Pulse	255	3291591	7257	0
sub-09_2	102	Picture	62	3309509	0	1	10170	1	0	10000	other	0
sub-09_2	102	Pulse	255	3311592	2083	0
sub-09_2	102	Pulse	255	3331592	22083	0
sub-09_2	103	Picture	62	3334683	0	1	10170	1	0	10000	other	0
sub-09_2	103	Pulse	255	3351592	16908	0
sub-09_2	104	Picture	62	3359857	0	1	10170	1	0	10000	other	0
sub-09_2	104	Pulse	255	3371592	11734	0
sub-09_2	105	Picture	62	3385032	0	1	10170	1	0	10000	other	0
sub-09_2	105	Pulse	255	3391592	6560	0
sub-09_2	106	Picture	62	3410206	0	1	10170	1	0	10000	other	0
sub-09_2	106	Pulse	255	3411592	1386	0
sub-09_2	106	Pulse	255	3431592	21386	0
sub-09_2	107	Picture	62	3435381	0	1	10170	1	0	10000	other	0
sub-09_2	107	Pulse	255	3451592	16211	0
sub-09_2	108	Picture	62	3460555	0	1	10170	1	0	10000	other	0
sub-09_2	108	Pulse	255	3471592	11037	0
sub-09_2	109	Picture	62	3485729	0	1	10170	1	0	10000	other	0
sub-09_2	109	Pulse	255	3491592	5863	0
sub-09_2	110	Picture	Bfix	3510904	0	1	30176	1	0	30000	other	0
sub-09_2	110	Pulse	255	3511592	689	0
sub-09_2	110	Pulse	255	3531592	20688	0
sub-09_2	111	Picture	Ins_repos	3541080	0	1	40179	1	0	40000	other	0
sub-09_2	111	Pulse	255	3551592	10513	0
sub-09_2	111	Pulse	255	3571592	30512	0
sub-09_2	111	Pulse	255	3591593	50513	0
sub-09_2	112	Picture	71	3601265	0	1	10170	1	0	10000	other	0
sub-09_2	112	Pulse	255	3611593	10328	0
sub-09_2	113	Picture	71	3626439	0	1	10170	1	0	10000	other	0
sub-09_2	113	Pulse	255	3631593	5154	0
sub-09_2	113	Pulse	255	3651593	25154	0
sub-09_2	114	Picture	71	3651613	0	1	10170	1	0	10000	other	0
sub-09_2	114	Pulse	255	3671593	19979	0
sub-09_2	115	Picture	71	3676788	0	1	10170	1	0	10000	other	0
sub-09_2	115	Pulse	255	3691592	14805	0
sub-09_2	116	Picture	71	3701962	0	1	10170	1	0	10000	other	0
sub-09_2	116	Pulse	255	3711593	9631	0
sub-09_2	117	Picture	71	3727136	0	1	10170	1	0	10000	other	0
sub-09_2	117	Pulse	255	3731593	4456	0
sub-09_2	117	Pulse	255	3751593	24456	0
sub-09_2	118	Picture	71	3752311	0	1	10170	1	0	10000	other	0
sub-09_2	118	Pulse	255	3771593	19282	0
sub-09_2	119	Picture	71	3777485	0	1	10170	1	0	10000	other	0
sub-09_2	119	Pulse	255	3791593	14107	0
sub-09_2	120	Picture	71	3802660	0	1	10170	1	0	10000	other	0
sub-09_2	120	Pulse	255	3811593	8933	0
sub-09_2	121	Picture	71	3827834	0	1	10170	1	0	10000	other	0
sub-09_2	121	Pulse	255	3831593	3759	0
sub-09_2	121	Pulse	255	3851593	23759	0
sub-09_2	122	Picture	72	3853008	0	1	10170	1	0	10000	other	0
sub-09_2	122	Pulse	255	3871593	18585	0
sub-09_2	123	Picture	72	3878183	0	1	10170	1	0	10000	other	0
sub-09_2	123	Pulse	255	3891593	13411	0
sub-09_2	124	Picture	72	3903357	0	1	10170	1	0	10000	other	0
sub-09_2	124	Pulse	255	3911593	8236	0
sub-09_2	125	Picture	72	3928531	0	1	10170	1	0	10000	other	0
sub-09_2	125	Pulse	255	3931594	3062	0
sub-09_2	125	Pulse	255	3951594	23062	0
sub-09_2	126	Picture	72	3953706	0	1	10170	1	0	10000	other	0
sub-09_2	126	Pulse	255	3971593	17888	0
sub-09_2	127	Picture	72	3978880	0	1	10170	1	0	10000	other	0
sub-09_2	127	Pulse	255	3991594	12714	0
sub-09_2	128	Picture	72	4004054	0	1	10170	1	0	10000	other	0
sub-09_2	128	Pulse	255	4011593	7539	0
sub-09_2	129	Picture	72	4029229	0	1	10170	1	0	10000	other	0
sub-09_2	129	Pulse	255	4031594	2365	0
sub-09_2	129	Pulse	255	4051593	22364	0
sub-09_2	130	Picture	72	4054403	0	1	10170	1	0	10000	other	0
sub-09_2	130	Pulse	255	4071594	17191	0
sub-09_2	131	Picture	72	4079578	0	1	10170	1	0	10000	other	0
sub-09_2	131	Pulse	255	4091594	12016	0
sub-09_2	132	Picture	Bfix	4104752	0	1	30176	1	0	30000	other	0
sub-09_2	132	Pulse	255	4111594	6842	0
sub-09_2	132	Pulse	255	4131594	26842	0
sub-09_2	133	Picture	Ins_main	4134928	0	1	40179	1	0	40000	other	0
sub-09_2	133	Pulse	255	4151594	16666	0
sub-09_2	133	Pulse	255	4171584	36656	0
sub-09_2	133	Pulse	255	4191584	56656	0
sub-09_2	134	Picture	11	4195113	0	1	10170	1	0	10000	other	0
sub-09_2	134	Pulse	255	4211585	16472	0
sub-09_2	135	Picture	11	4220287	0	1	10170	1	0	10000	other	0
sub-09_2	135	Pulse	255	4231584	11297	0
sub-09_2	136	Picture	11	4245462	0	1	10170	1	0	10000	other	0
sub-09_2	136	Pulse	255	4251584	6123	0
sub-09_2	137	Picture	11	4270636	0	1	10170	1	0	10000	other	0
sub-09_2	137	Pulse	255	4271584	948	0
sub-09_2	137	Pulse	255	4291584	20948	0
sub-09_2	138	Picture	11	4295810	0	1	10170	1	0	10000	other	0
sub-09_2	138	Pulse	255	4311584	15773	0
sub-09_2	139	Picture	11	4320985	0	1	10170	1	0	10000	other	0
sub-09_2	139	Pulse	255	4331585	10601	0
sub-09_2	140	Picture	11	4346159	0	1	10170	1	0	10000	other	0
sub-09_2	140	Pulse	255	4351584	5425	0
sub-09_2	141	Picture	11	4371333	0	1	10170	1	0	10000	other	0
sub-09_2	141	Pulse	255	4371585	251	0
sub-09_2	141	Pulse	255	4391585	20252	0
sub-09_2	142	Picture	11	4396508	0	1	10170	1	0	10000	other	0
sub-09_2	142	Pulse	255	4411585	15078	0
sub-09_2	143	Picture	11	4421597	0	1	10170	1	0	10000	other	0
sub-09_2	143	Pulse	255	4431585	9988	0
sub-09_2	144	Picture	12	4446771	0	1	10170	1	0	10000	other	0
sub-09_2	144	Pulse	255	4451585	4814	0
sub-09_2	144	Pulse	255	4471585	24814	0
sub-09_2	145	Picture	12	4471945	0	1	10170	1	0	10000	other	0
sub-09_2	145	Pulse	255	4491585	19640	0
sub-09_2	146	Picture	12	4497120	0	1	10170	1	0	10000	other	0
sub-09_2	146	Pulse	255	4511586	14466	0
sub-09_2	147	Picture	12	4522294	0	1	10170	1	0	10000	other	0
sub-09_2	147	Pulse	255	4531585	9291	0
sub-09_2	148	Picture	12	4547468	0	1	10170	1	0	10000	other	0
sub-09_2	148	Pulse	255	4551585	4117	0
sub-09_2	148	Pulse	255	4571586	24117	0
sub-09_2	149	Picture	12	4572643	0	1	10170	1	0	10000	other	0
sub-09_2	149	Pulse	255	4591585	18942	0
sub-09_2	150	Picture	12	4597817	0	1	10170	1	0	10000	other	0
sub-09_2	150	Pulse	255	4611585	13768	0
sub-09_2	151	Picture	12	4622991	0	1	10170	1	0	10000	other	0
sub-09_2	151	Pulse	255	4631585	8594	0
sub-09_2	152	Picture	12	4648166	0	1	10170	1	0	10000	other	0
sub-09_2	152	Pulse	255	4651585	3419	0
sub-09_2	152	Pulse	255	4671585	23420	0
sub-09_2	153	Picture	12	4673340	0	1	10170	1	0	10000	other	0
sub-09_2	153	Pulse	255	4691585	18245	0
sub-09_2	154	Picture	Bfix	4698515	0	1	30176	1	0	30000	other	0
sub-09_2	154	Pulse	255	4711586	13071	0
sub-09_2	155	Picture	Ins_index	4728690	0	1	40179	1	0	40000	other	0
sub-09_2	155	Pulse	255	4731586	2895	0
sub-09_2	155	Pulse	255	4751586	22896	0
sub-09_2	155	Pulse	255	4771585	42895	0
sub-09_2	156	Picture	21	4788875	0	1	10170	1	0	10000	hit	389
sub-09_2	156	Pulse	255	4791586	2710	0
sub-09_2	156	Response	1	4793956	5080	1
sub-09_2	156	Pulse	255	4811586	22710	0
sub-09_2	157	Picture	21	4814050	0	1	10170	1	0	10000	hit	392
sub-09_2	157	Response	1	4818906	4856	1
sub-09_2	157	Pulse	255	4831586	17536	0
sub-09_2	158	Picture	21	4839224	0	1	10170	1	0	10000	hit	395
sub-09_2	158	Response	1	4843237	4013	1
sub-09_2	158	Pulse	255	4851586	12362	0
sub-09_2	159	Picture	21	4864399	0	1	10170	1	0	10000	hit	398
sub-09_2	159	Response	1	4868286	3887	1
sub-09_2	159	Pulse	255	4871586	7187	0
sub-09_2	160	Picture	21	4889573	0	1	10170	1	0	10000	hit	402
sub-09_2	160	Pulse	255	4891586	2013	0
sub-09_2	160	Response	1	4892446	2873	1
sub-09_2	160	Pulse	255	4911586	22013	0
sub-09_2	161	Picture	21	4914747	0	1	10170	1	0	10000	hit	405
sub-09_2	161	Response	1	4918186	3439	1
sub-09_2	161	Pulse	255	4931586	16839	0
sub-09_2	162	Picture	21	4939922	0	1	10170	1	0	10000	hit	408
sub-09_2	162	Response	1	4943327	3405	1
sub-09_2	162	Pulse	255	4951587	11665	0
sub-09_2	163	Picture	21	4965096	0	1	10170	1	0	10000	hit	411
sub-09_2	163	Response	1	4968676	3580	1
sub-09_2	163	Pulse	255	4971586	6490	0
sub-09_2	164	Picture	21	4990270	0	1	10170	1	0	10000	hit	415
sub-09_2	164	Pulse	255	4991588	1317	0
sub-09_2	164	Response	1	4993077	2807	1
sub-09_2	164	Pulse	255	5011587	21317	0
sub-09_2	165	Picture	21	5015445	0	1	10170	1	0	10000	hit	418
sub-09_2	165	Response	1	5017977	2532	1
sub-09_2	165	Pulse	255	5031587	16142	0
sub-09_2	166	Picture	22	5040619	0	1	10170	1	0	10000	hit	421
sub-09_2	166	Response	2	5044877	4258	1
sub-09_2	166	Pulse	255	5051587	10968	0
sub-09_2	167	Picture	22	5065793	0	1	10170	1	0	10000	hit	424
sub-09_2	167	Response	2	5068636	2843	1
sub-09_2	167	Pulse	255	5071586	5793	0
sub-09_2	168	Picture	22	5090968	0	1	10170	1	0	10000	hit	428
sub-09_2	168	Pulse	255	5091587	619	0
sub-09_2	168	Response	2	5094296	3329	1
sub-09_2	168	Pulse	255	5111587	20619	0
sub-09_2	169	Picture	22	5116142	0	1	10170	1	0	10000	hit	431
sub-09_2	169	Response	2	5118646	2504	1
sub-09_2	169	Pulse	255	5131587	15445	0
sub-09_2	170	Picture	22	5141317	0	1	10170	1	0	10000	hit	434
sub-09_2	170	Response	2	5144918	3601	1
sub-09_2	170	Pulse	255	5151587	10270	0
sub-09_2	171	Picture	22	5166491	0	1	10170	1	0	10000	hit	437
sub-09_2	171	Response	2	5169067	2576	1
sub-09_2	171	Pulse	255	5171587	5096	0
sub-09_2	171	Pulse	255	5191588	25097	0
sub-09_2	172	Picture	22	5191665	0	1	10170	1	0	10000	hit	441
sub-09_2	172	Response	2	5197108	5443	1
sub-09_2	172	Pulse	255	5211588	19922	0
sub-09_2	173	Picture	22	5216840	0	1	10170	1	0	10000	hit	444
sub-09_2	173	Response	2	5219347	2507	1
sub-09_2	173	Pulse	255	5231587	14747	0
sub-09_2	174	Picture	22	5242014	0	1	10170	1	0	10000	hit	447
sub-09_2	174	Response	2	5244878	2864	1
sub-09_2	174	Pulse	255	5251587	9573	0
sub-09_2	175	Picture	22	5267188	0	1	10170	1	0	10000	hit	450
sub-09_2	175	Response	2	5270507	3319	1
sub-09_2	175	Pulse	255	5271587	4398	0
sub-09_2	175	Pulse	255	5291587	24399	0
sub-09_2	176	Picture	Bfix	5292363	0	1	30176	1	0	30000	other	0
sub-09_2	176	Pulse	255	5311588	19225	0
sub-09_2	177	Picture	Ins_yeux	5322539	0	1	40179	1	0	40000	other	0
sub-09_2	177	Pulse	255	5331587	9049	0
sub-09_2	177	Pulse	255	5351588	29049	0
sub-09_2	177	Pulse	255	5371587	49049	0
sub-09_2	178	Picture	31	5382724	0	1	10170	1	0	10000	other	0
sub-09_2	178	Pulse	255	5391587	8864	0
sub-09_2	179	Picture	31	5407898	0	1	10170	1	0	10000	other	0
sub-09_2	179	Pulse	255	5411587	3689	0
sub-09_2	179	Pulse	255	5431588	23690	0
sub-09_2	180	Picture	31	5433072	0	1	10170	1	0	10000	other	0
sub-09_2	180	Pulse	255	5451587	18515	0
sub-09_2	181	Picture	31	5458247	0	1	10170	1	0	10000	other	0
sub-09_2	181	Pulse	255	5471588	13341	0
sub-09_2	182	Picture	31	5483421	0	1	10170	1	0	10000	other	0
sub-09_2	182	Pulse	255	5491588	8167	0
sub-09_2	183	Picture	31	5508596	0	1	10170	1	0	10000	other	0
sub-09_2	183	Pulse	255	5511588	2992	0
sub-09_2	183	Pulse	255	5531588	22992	0
sub-09_2	184	Picture	31	5533770	0	1	10170	1	0	10000	other	0
sub-09_2	184	Pulse	255	5551589	17819	0
sub-09_2	185	Picture	31	5558944	0	1	10170	1	0	10000	other	0
sub-09_2	185	Pulse	255	5571588	12644	0
sub-09_2	186	Picture	31	5584119	0	1	10170	1	0	10000	other	0
sub-09_2	186	Pulse	255	5591588	7469	0
sub-09_2	187	Picture	31	5609293	0	1	10170	1	0	10000	other	0
sub-09_2	187	Pulse	255	5611588	2295	0
sub-09_2	187	Pulse	255	5631589	22296	0
sub-09_2	188	Picture	32	5634467	0	1	10170	1	0	10000	other	0
sub-09_2	188	Pulse	255	5651588	17121	0
sub-09_2	189	Picture	32	5659642	0	1	10170	1	0	10000	other	0
sub-09_2	189	Pulse	255	5671588	11947	0
sub-09_2	190	Picture	32	5684816	0	1	10170	1	0	10000	other	0
sub-09_2	190	Pulse	255	5691588	6772	0
sub-09_2	191	Picture	32	5709990	0	1	10170	1	0	10000	other	0
sub-09_2	191	Pulse	255	5711589	1599	0
sub-09_2	191	Pulse	255	5731589	21598	0
sub-09_2	192	Picture	32	5735165	0	1	10170	1	0	10000	other	0
sub-09_2	192	Pulse	255	5751589	16424	0
sub-09_2	193	Picture	32	5760339	0	1	10170	1	0	10000	other	0
sub-09_2	193	Pulse	255	5771589	11250	0
sub-09_2	194	Picture	32	5785514	0	1	10170	1	0	10000	other	0
sub-09_2	194	Pulse	255	5791589	6076	0
sub-09_2	195	Picture	32	5810688	0	1	10170	1	0	10000	other	0
sub-09_2	195	Pulse	255	5811589	901	0
sub-09_2	195	Pulse	255	5831589	20901	0
sub-09_2	196	Picture	32	5835862	0	1	10170	1	0	10000	other	0
sub-09_2	196	Pulse	255	5851589	15727	0
sub-09_2	197	Picture	32	5861037	0	1	10170	1	0	10000	other	0
sub-09_2	197	Pulse	255	5871589	10553	0
sub-09_2	198	Picture	Bfix	5886211	0	1	30176	1	0	30000	other	0
sub-09_2	198	Pulse	255	5891589	5378	0
sub-09_2	198	Pulse	255	5911589	25378	0
sub-09_2	199	Picture	Ins_jambe	5916387	0	1	40179	1	0	40000	other	0
sub-09_2	199	Pulse	255	5931589	15202	0
sub-09_2	199	Pulse	255	5951589	35202	0
sub-09_2	199	Pulse	255	5971588	55201	0
sub-09_2	200	Picture	51	5976572	0	1	10170	1	0	10000	other	0
sub-09_2	200	Pulse	255	5991589	15017	0
sub-09_2	201	Picture	51	6001746	0	1	10170	1	0	10000	other	0
sub-09_2	201	Pulse	255	6011590	9843	0
sub-09_2	202	Picture	51	6026921	0	1	10170	1	0	10000	other	0
sub-09_2	202	Pulse	255	6031590	4669	0
sub-09_2	202	Pulse	255	6051589	24669	0
sub-09_2	203	Picture	51	6052095	0	1	10170	1	0	10000	other	0
sub-09_2	203	Pulse	255	6071589	19494	0
sub-09_2	204	Picture	51	6077269	0	1	10170	1	0	10000	other	0
sub-09_2	204	Pulse	255	6091589	14320	0
sub-09_2	205	Picture	51	6102444	0	1	10170	1	0	10000	other	0
sub-09_2	205	Pulse	255	6111589	9146	0
sub-09_2	206	Picture	51	6127618	0	1	10170	1	0	10000	other	0
sub-09_2	206	Pulse	255	6131589	3971	0
sub-09_2	206	Pulse	255	6151590	23972	0
sub-09_2	207	Picture	51	6152793	0	1	10170	1	0	10000	other	0
sub-09_2	207	Pulse	255	6171590	18797	0
sub-09_2	208	Picture	51	6177967	0	1	10170	1	0	10000	other	0
sub-09_2	208	Pulse	255	6191590	13623	0
sub-09_2	209	Picture	51	6203141	0	1	10170	1	0	10000	other	0
sub-09_2	209	Pulse	255	6211590	8449	0
sub-09_2	210	Picture	52	6228316	0	1	10170	1	0	10000	other	0
sub-09_2	210	Pulse	255	6231590	3274	0
sub-09_2	210	Pulse	255	6251590	23274	0
sub-09_2	211	Picture	52	6253490	0	1	10170	1	0	10000	other	0
sub-09_2	211	Pulse	255	6271590	18100	0
sub-09_2	212	Picture	52	6278664	0	1	10170	1	0	10000	other	0
sub-09_2	212	Pulse	255	6291590	12926	0
sub-09_2	213	Picture	52	6303839	0	1	10170	1	0	10000	other	0
sub-09_2	213	Pulse	255	6311591	7752	0
sub-09_2	214	Picture	52	6329013	0	1	10170	1	0	10000	other	0
sub-09_2	214	Pulse	255	6331590	2577	0
sub-09_2	214	Pulse	255	6351590	22577	0
sub-09_2	215	Picture	52	6354187	0	1	10170	1	0	10000	other	0
sub-09_2	215	Pulse	255	6371591	17403	0
sub-09_2	216	Picture	52	6379362	0	1	10170	1	0	10000	other	0
sub-09_2	216	Pulse	255	6391590	12229	0
sub-09_2	217	Picture	52	6404536	0	1	10170	1	0	10000	other	0
sub-09_2	217	Pulse	255	6411591	7054	0
sub-09_2	218	Picture	52	6429711	0	1	10170	1	0	10000	other	0
sub-09_2	218	Pulse	255	6431590	1880	0
sub-09_2	218	Pulse	255	6451591	21880	0
sub-09_2	219	Picture	52	6454885	0	1	10170	1	0	10000	other	0
sub-09_2	219	Pulse	255	6471591	16706	0
sub-09_2	220	Picture	Bfix	6480059	0	1	30176	1	0	30000	other	0
sub-09_2	220	Pulse	255	6491591	11532	0
sub-09_2	221	Picture	Ins_bouche	6510235	0	1	40179	1	0	40000	other	0
sub-09_2	221	Pulse	255	6511581	1346	0
sub-09_2	221	Pulse	255	6531580	21345	0
sub-09_2	221	Pulse	255	6551581	41346	0
sub-09_2	222	Picture	61	6570420	0	1	10170	1	0	10000	other	0
sub-09_2	222	Pulse	255	6571581	1161	0
sub-09_2	222	Pulse	255	6591581	21161	0
sub-09_2	223	Picture	61	6595595	0	1	10170	1	0	10000	other	0
sub-09_2	223	Pulse	255	6611581	15986	0
sub-09_2	224	Picture	61	6620769	0	1	10170	1	0	10000	other	0
sub-09_2	224	Pulse	255	6631581	10812	0
sub-09_2	225	Picture	61	6645943	0	1	10170	1	0	10000	other	0
sub-09_2	225	Pulse	255	6651582	5638	0
sub-09_2	226	Picture	61	6671118	0	1	10170	1	0	10000	other	0
sub-09_2	226	Pulse	255	6671582	464	0
sub-09_2	226	Pulse	255	6691581	20464	0
sub-09_2	227	Picture	61	6696292	0	1	10170	1	0	10000	other	0
sub-09_2	227	Pulse	255	6711581	15289	0
sub-09_2	228	Picture	61	6721466	0	1	10170	1	0	10000	other	0
sub-09_2	228	Pulse	255	6731581	10115	0
sub-09_2	229	Picture	61	6746641	0	1	10170	1	0	10000	other	0
sub-09_2	229	Pulse	255	6751582	4941	0
sub-09_2	229	Pulse	255	6771581	24940	0
sub-09_2	230	Picture	61	6771815	0	1	10170	1	0	10000	other	0
sub-09_2	230	Pulse	255	6791582	19767	0
sub-09_2	231	Picture	61	6796989	0	1	10170	1	0	10000	other	0
sub-09_2	231	Pulse	255	6811582	14592	0
sub-09_2	232	Picture	62	6822164	0	1	10170	1	0	10000	other	0
sub-09_2	232	Pulse	255	6831581	9418	0
sub-09_2	233	Picture	62	6847338	0	1	10170	1	0	10000	other	0
sub-09_2	233	Pulse	255	6851581	4243	0
sub-09_2	233	Pulse	255	6871582	24244	0
sub-09_2	234	Picture	62	6872513	0	1	10170	1	0	10000	other	0
sub-09_2	234	Pulse	255	6891582	19070	0
sub-09_2	235	Picture	62	6897687	0	1	10170	1	0	10000	other	0
sub-09_2	235	Pulse	255	6911582	13895	0
sub-09_2	236	Picture	62	6922861	0	1	10170	1	0	10000	other	0
sub-09_2	236	Pulse	255	6931582	8721	0
sub-09_2	237	Picture	62	6948036	0	1	10170	1	0	10000	other	0
sub-09_2	237	Pulse	255	6951583	3547	0
sub-09_2	237	Pulse	255	6971582	23547	0
sub-09_2	238	Picture	62	6973210	0	1	10170	1	0	10000	other	0
sub-09_2	238	Pulse	255	6991582	18372	0
sub-09_2	239	Picture	62	6998384	0	1	10170	1	0	10000	other	0
sub-09_2	239	Pulse	255	7011582	13198	0
sub-09_2	240	Picture	62	7023559	0	1	10170	1	0	10000	other	0
sub-09_2	240	Pulse	255	7031582	8023	0
sub-09_2	241	Picture	62	7048733	0	1	10170	1	0	10000	other	0
sub-09_2	241	Pulse	255	7051582	2849	0
sub-09_2	241	Pulse	255	7071581	22848	0
sub-09_2	242	Picture	Bfix	7073907	0	1	30176	1	0	30000	other	0
sub-09_2	242	Pulse	255	7091583	17675	0
sub-09_2	243	Picture	Ins_repos	7104083	0	1	40179	1	0	40000	other	0
sub-09_2	243	Pulse	255	7111583	7499	0
sub-09_2	243	Pulse	255	7131583	27499	0
sub-09_2	243	Pulse	255	7151583	47499	0
sub-09_2	244	Picture	71	7164268	0	1	10170	1	0	10000	other	0
sub-09_2	244	Pulse	255	7171583	7314	0
sub-09_2	245	Picture	71	7189443	0	1	10170	1	0	10000	other	0
sub-09_2	245	Pulse	255	7191583	2140	0
sub-09_2	245	Pulse	255	7211583	22141	0
sub-09_2	246	Picture	71	7214617	0	1	10170	1	0	10000	other	0
sub-09_2	246	Pulse	255	7231583	16966	0
sub-09_2	247	Picture	71	7239792	0	1	10170	1	0	10000	other	0
sub-09_2	247	Pulse	255	7251583	11791	0
sub-09_2	248	Picture	71	7264966	0	1	10170	1	0	10000	other	0
sub-09_2	248	Pulse	255	7271583	6617	0
sub-09_2	249	Picture	71	7290140	0	1	10170	1	0	10000	other	0
sub-09_2	249	Pulse	255	7291583	1443	0
sub-09_2	249	Pulse	255	7311584	21443	0
sub-09_2	250	Picture	71	7315315	0	1	10170	1	0	10000	other	0
sub-09_2	250	Pulse	255	7331583	16269	0
sub-09_2	251	Picture	71	7340489	0	1	10170	1	0	10000	other	0
sub-09_2	251	Pulse	255	7351583	11094	0
sub-09_2	252	Picture	71	7365663	0	1	10170	1	0	10000	other	0
sub-09_2	252	Pulse	255	7371583	5920	0
sub-09_2	253	Picture	71	7390838	0	1	10170	1	0	10000	other	0
sub-09_2	253	Pulse	255	7391583	746	0
sub-09_2	253	Pulse	255	7411584	20746	0
sub-09_2	254	Picture	72	7416012	0	1	10170	1	0	10000	other	0
sub-09_2	254	Pulse	255	7431583	15571	0
sub-09_2	255	Picture	72	7441186	0	1	10170	1	0	10000	other	0
sub-09_2	255	Pulse	255	7451584	10397	0
sub-09_2	256	Picture	72	7466361	0	1	10170	1	0	10000	other	0
sub-09_2	256	Pulse	255	7471583	5223	0
sub-09_2	257	Picture	72	7491535	0	1	10170	1	0	10000	other	0
sub-09_2	257	Pulse	255	7491584	49	0
sub-09_2	257	Pulse	255	7511584	20049	0
sub-09_2	258	Picture	72	7516710	0	1	10170	1	0	10000	other	0
sub-09_2	258	Pulse	255	7531584	14874	0
sub-09_2	259	Picture	72	7541884	0	1	10170	1	0	10000	other	0
sub-09_2	259	Pulse	255	7551584	9700	0
sub-09_2	260	Picture	72	7567058	0	1	10170	1	0	10000	other	0
sub-09_2	260	Pulse	255	7571583	4525	0
sub-09_2	260	Pulse	255	7591584	24526	0
sub-09_2	261	Picture	72	7592233	0	1	10170	1	0	10000	other	0
sub-09_2	261	Pulse	255	7611584	19351	0
sub-09_2	262	Picture	72	7617407	0	1	10170	1	0	10000	other	0
sub-09_2	262	Pulse	255	7631585	14178	0
sub-09_2	263	Picture	72	7642581	0	1	10170	1	0	10000	other	0
sub-09_2	263	Pulse	255	7651584	9002	0
