Scenario - loca_moto_bis
Logfile written - 04/16/2019 13:53:56

Subject	Trial	Event Type	Code	Time	TTime	Uncertainty	Duration	Uncertainty	ReqTime	ReqDur	Stim Type	Pair Index

sub-15_2	0	Pulse	255	563629	563629	0
sub-15_2	1	Picture	Ins_repos	563858	0	1	40226	1	0	40000	other	0
sub-15_2	1	Pulse	255	583629	19771	0
sub-15_2	1	Pulse	255	603630	39771	0
sub-15_2	1	Pulse	255	623629	59771	0
sub-15_2	2	Picture	71	624085	0	1	10226	1	0	10000	other	0
sub-15_2	2	Pulse	255	643630	19545	0
sub-15_2	3	Picture	71	649312	0	1	10226	1	0	10000	other	0
sub-15_2	3	Pulse	255	663630	14318	0
sub-15_2	4	Picture	71	674539	0	1	10226	1	0	10000	other	0
sub-15_2	4	Pulse	255	683630	9091	0
sub-15_2	5	Picture	71	699766	0	1	10226	1	0	10000	other	0
sub-15_2	5	Pulse	255	703630	3864	0
sub-15_2	5	Pulse	255	723630	23864	0
sub-15_2	6	Picture	71	724993	0	1	10226	1	0	10000	other	0
sub-15_2	6	Pulse	255	743630	18637	0
sub-15_2	7	Picture	71	750220	0	1	10226	1	0	10000	other	0
sub-15_2	7	Pulse	255	763630	13410	0
sub-15_2	8	Picture	71	775447	0	1	10226	1	0	10000	other	0
sub-15_2	8	Pulse	255	783630	8183	0
sub-15_2	9	Picture	71	800674	0	1	10226	1	0	10000	other	0
sub-15_2	9	Pulse	255	803630	2956	0
sub-15_2	9	Pulse	255	823630	22956	0
sub-15_2	10	Picture	71	825901	0	1	10226	1	0	10000	other	0
sub-15_2	10	Pulse	255	843630	17729	0
sub-15_2	11	Picture	71	851128	0	1	10226	1	0	10000	other	0
sub-15_2	11	Pulse	255	863631	12502	0
sub-15_2	12	Picture	72	876355	0	1	10226	1	0	10000	other	0
sub-15_2	12	Pulse	255	883631	7275	0
sub-15_2	13	Picture	72	901582	0	1	10226	1	0	10000	other	0
sub-15_2	13	Pulse	255	903631	2048	0
sub-15_2	13	Pulse	255	923631	22049	0
sub-15_2	14	Picture	72	926809	0	1	10226	1	0	10000	other	0
sub-15_2	14	Pulse	255	943631	16821	0
sub-15_2	15	Picture	72	952036	0	1	10226	1	0	10000	other	0
sub-15_2	15	Pulse	255	963631	11595	0
sub-15_2	16	Picture	72	977263	0	1	10226	1	0	10000	other	0
sub-15_2	16	Pulse	255	983631	6368	0
sub-15_2	17	Picture	72	1002490	0	1	10226	1	0	10000	other	0
sub-15_2	17	Pulse	255	1003621	1131	0
sub-15_2	17	Pulse	255	1023621	21131	0
sub-15_2	18	Picture	72	1027717	0	1	10226	1	0	10000	other	0
sub-15_2	18	Pulse	255	1043621	15904	0
sub-15_2	19	Picture	72	1052944	0	1	10226	1	0	10000	other	0
sub-15_2	19	Pulse	255	1063621	10677	0
sub-15_2	20	Picture	72	1078171	0	1	10226	1	0	10000	other	0
sub-15_2	20	Pulse	255	1083621	5450	0
sub-15_2	21	Picture	72	1103398	0	1	10226	1	0	10000	other	0
sub-15_2	21	Pulse	255	1103621	223	0
sub-15_2	21	Pulse	255	1123621	20223	0
sub-15_2	22	Picture	Bfix	1128627	0	1	30228	1	0	30000	other	0
sub-15_2	22	Pulse	255	1143622	14995	0
sub-15_2	23	Picture	Ins_bouche	1158855	0	1	40226	1	0	40000	other	0
sub-15_2	23	Pulse	255	1163621	4766	0
sub-15_2	23	Pulse	255	1183622	24767	0
sub-15_2	23	Pulse	255	1203622	44767	0
sub-15_2	24	Picture	61	1219084	0	1	10226	1	0	10000	other	0
sub-15_2	24	Pulse	255	1223622	4538	0
sub-15_2	24	Pulse	255	1243622	24538	0
sub-15_2	25	Picture	61	1244311	0	1	10226	1	0	10000	other	0
sub-15_2	25	Pulse	255	1263622	19311	0
sub-15_2	26	Picture	61	1269538	0	1	10226	1	0	10000	other	0
sub-15_2	26	Pulse	255	1283622	14084	0
sub-15_2	27	Picture	61	1294765	0	1	10226	1	0	10000	other	0
sub-15_2	27	Pulse	255	1303622	8857	0
sub-15_2	28	Picture	61	1319992	0	1	10226	1	0	10000	other	0
sub-15_2	28	Pulse	255	1323622	3630	0
sub-15_2	28	Pulse	255	1343622	23630	0
sub-15_2	29	Picture	61	1345219	0	1	10226	1	0	10000	other	0
sub-15_2	29	Pulse	255	1363622	18403	0
sub-15_2	30	Picture	61	1370446	0	1	10226	1	0	10000	other	0
sub-15_2	30	Pulse	255	1383622	13176	0
sub-15_2	31	Picture	61	1395673	0	1	10226	1	0	10000	other	0
sub-15_2	31	Pulse	255	1403622	7950	0
sub-15_2	32	Picture	61	1420900	0	1	10227	1	0	10000	other	0
sub-15_2	32	Pulse	255	1423623	2723	0
sub-15_2	32	Pulse	255	1443623	22723	0
sub-15_2	33	Picture	61	1446127	0	1	10226	1	0	10000	other	0
sub-15_2	33	Pulse	255	1463623	17496	0
sub-15_2	34	Picture	62	1471354	0	1	10226	1	0	10000	other	0
sub-15_2	34	Pulse	255	1483623	12269	0
sub-15_2	35	Picture	62	1496581	0	1	10227	1	0	10000	other	0
sub-15_2	35	Pulse	255	1503623	7042	0
sub-15_2	36	Picture	62	1521808	0	1	10226	1	0	10000	other	0
sub-15_2	36	Pulse	255	1523623	1815	0
sub-15_2	36	Pulse	255	1543623	21815	0
sub-15_2	37	Picture	62	1547035	0	1	10226	1	0	10000	other	0
sub-15_2	37	Pulse	255	1563623	16588	0
sub-15_2	38	Picture	62	1572262	0	1	10226	1	0	10000	other	0
sub-15_2	38	Pulse	255	1583623	11362	0
sub-15_2	39	Picture	62	1597489	0	1	10226	1	0	10000	other	0
sub-15_2	39	Pulse	255	1603623	6135	0
sub-15_2	40	Picture	62	1622716	0	1	10226	1	0	10000	other	0
sub-15_2	40	Pulse	255	1623624	908	0
sub-15_2	40	Pulse	255	1643624	20908	0
sub-15_2	41	Picture	62	1647943	0	1	10227	1	0	10000	other	0
sub-15_2	41	Pulse	255	1663623	15681	0
sub-15_2	42	Picture	62	1673170	0	1	10226	1	0	10000	other	0
sub-15_2	42	Pulse	255	1683624	10454	0
sub-15_2	43	Picture	62	1698397	0	1	10226	1	0	10000	other	0
sub-15_2	43	Pulse	255	1703624	5227	0
sub-15_2	43	Pulse	255	1723624	25227	0
sub-15_2	44	Picture	Bfix	1723624	0	1	30229	1	0	30000	other	0
sub-15_2	44	Pulse	255	1743624	19999	0
sub-15_2	45	Picture	Ins_jambe	1753853	0	1	40226	1	0	40000	other	0
sub-15_2	45	Pulse	255	1763624	9771	0
sub-15_2	45	Pulse	255	1783624	29771	0
sub-15_2	45	Pulse	255	1803624	49771	0
sub-15_2	46	Picture	51	1814080	0	1	10226	1	0	10000	other	0
sub-15_2	46	Pulse	255	1823624	9544	0
sub-15_2	47	Picture	51	1839307	0	1	10226	1	0	10000	other	0
sub-15_2	47	Pulse	255	1843624	4317	0
sub-15_2	47	Pulse	255	1863624	24317	0
sub-15_2	48	Picture	51	1864534	0	1	10226	1	0	10000	other	0
sub-15_2	48	Pulse	255	1883624	19090	0
sub-15_2	49	Picture	51	1889761	0	1	10226	1	0	10000	other	0
sub-15_2	49	Pulse	255	1903624	13863	0
sub-15_2	50	Picture	51	1914988	0	1	10226	1	0	10000	other	0
sub-15_2	50	Pulse	255	1923625	8637	0
sub-15_2	51	Picture	51	1940216	0	1	10226	1	0	10000	other	0
sub-15_2	51	Pulse	255	1943624	3408	0
sub-15_2	51	Pulse	255	1963625	23408	0
sub-15_2	52	Picture	51	1965443	0	1	10226	1	0	10000	other	0
sub-15_2	52	Pulse	255	1983625	18181	0
sub-15_2	53	Picture	51	1990670	0	1	10226	1	0	10000	other	0
sub-15_2	53	Pulse	255	2003624	12954	0
sub-15_2	54	Picture	51	2015897	0	1	10226	1	0	10000	other	0
sub-15_2	54	Pulse	255	2023625	7728	0
sub-15_2	55	Picture	51	2041124	0	1	10226	1	0	10000	other	0
sub-15_2	55	Pulse	255	2043625	2501	0
sub-15_2	55	Pulse	255	2063625	22501	0
sub-15_2	56	Picture	52	2066351	0	1	10226	1	0	10000	other	0
sub-15_2	56	Pulse	255	2083625	17274	0
sub-15_2	57	Picture	52	2091578	0	1	10226	1	0	10000	other	0
sub-15_2	57	Pulse	255	2103625	12047	0
sub-15_2	58	Picture	52	2116805	0	1	10226	1	0	10000	other	0
sub-15_2	58	Pulse	255	2123625	6820	0
sub-15_2	59	Picture	52	2142032	0	1	10226	1	0	10000	other	0
sub-15_2	59	Pulse	255	2143625	1593	0
sub-15_2	59	Pulse	255	2163625	21594	0
sub-15_2	60	Picture	52	2167260	0	1	10226	1	0	10000	other	0
sub-15_2	60	Pulse	255	2183625	16366	0
sub-15_2	61	Picture	52	2192486	0	1	10226	1	0	10000	other	0
sub-15_2	61	Pulse	255	2203626	11139	0
sub-15_2	62	Picture	52	2217713	0	1	10226	1	0	10000	other	0
sub-15_2	62	Pulse	255	2223626	5912	0
sub-15_2	63	Picture	52	2242941	0	1	10226	1	0	10000	other	0
sub-15_2	63	Pulse	255	2243626	685	0
sub-15_2	63	Pulse	255	2263626	20685	0
sub-15_2	64	Picture	52	2268168	0	1	10226	1	0	10000	other	0
sub-15_2	64	Pulse	255	2283626	15458	0
sub-15_2	65	Picture	52	2293395	0	1	10226	1	0	10000	other	0
sub-15_2	65	Pulse	255	2303626	10231	0
sub-15_2	66	Picture	Bfix	2318622	0	1	30229	1	0	30000	other	0
sub-15_2	66	Pulse	255	2323626	5004	0
sub-15_2	66	Pulse	255	2343626	25005	0
sub-15_2	67	Picture	Ins_yeux	2348850	0	1	40226	1	0	40000	other	0
sub-15_2	67	Pulse	255	2363626	14776	0
sub-15_2	67	Pulse	255	2383626	34776	0
sub-15_2	67	Pulse	255	2403626	54776	0
sub-15_2	68	Picture	31	2409077	0	1	10226	1	0	10000	other	0
sub-15_2	68	Pulse	255	2423627	14549	0
sub-15_2	69	Picture	31	2434304	0	1	10226	1	0	10000	other	0
sub-15_2	69	Pulse	255	2443626	9322	0
sub-15_2	70	Picture	31	2459531	0	1	10226	1	0	10000	other	0
sub-15_2	70	Pulse	255	2463626	4095	0
sub-15_2	70	Pulse	255	2483627	24095	0
sub-15_2	71	Picture	31	2484758	0	1	10227	1	0	10000	other	0
sub-15_2	71	Pulse	255	2503627	18869	0
sub-15_2	72	Picture	31	2509986	0	1	10226	1	0	10000	other	0
sub-15_2	72	Pulse	255	2523617	13631	0
sub-15_2	73	Picture	31	2535213	0	1	10226	1	0	10000	other	0
sub-15_2	73	Pulse	255	2543617	8404	0
sub-15_2	74	Picture	31	2560440	0	1	10226	1	0	10000	other	0
sub-15_2	74	Pulse	255	2563617	3177	0
sub-15_2	74	Pulse	255	2583617	23177	0
sub-15_2	75	Picture	31	2585667	0	1	10226	1	0	10000	other	0
sub-15_2	75	Pulse	255	2603617	17950	0
sub-15_2	76	Picture	31	2610894	0	1	10227	1	0	10000	other	0
sub-15_2	76	Pulse	255	2623617	12723	0
sub-15_2	77	Picture	31	2636121	0	1	10226	1	0	10000	other	0
sub-15_2	77	Pulse	255	2643617	7496	0
sub-15_2	78	Picture	32	2661348	0	1	10226	1	0	10000	other	0
sub-15_2	78	Pulse	255	2663617	2269	0
sub-15_2	78	Pulse	255	2683617	22269	0
sub-15_2	79	Picture	32	2686575	0	1	10226	1	0	10000	other	0
sub-15_2	79	Pulse	255	2703618	17042	0
sub-15_2	80	Picture	32	2711802	0	1	10226	1	0	10000	other	0
sub-15_2	80	Pulse	255	2723618	11816	0
sub-15_2	81	Picture	32	2737029	0	1	10226	1	0	10000	other	0
sub-15_2	81	Pulse	255	2743618	6588	0
sub-15_2	82	Picture	32	2762256	0	1	10226	1	0	10000	other	0
sub-15_2	82	Pulse	255	2763618	1362	0
sub-15_2	82	Pulse	255	2783618	21362	0
sub-15_2	83	Picture	32	2787483	0	1	10226	1	0	10000	other	0
sub-15_2	83	Pulse	255	2803618	16135	0
sub-15_2	84	Picture	32	2812710	0	1	10226	1	0	10000	other	0
sub-15_2	84	Pulse	255	2823618	10908	0
sub-15_2	85	Picture	32	2837937	0	1	10227	1	0	10000	other	0
sub-15_2	85	Pulse	255	2843618	5681	0
sub-15_2	86	Picture	32	2863164	0	1	10226	1	0	10000	other	0
sub-15_2	86	Pulse	255	2863618	454	0
sub-15_2	86	Pulse	255	2883618	20454	0
sub-15_2	87	Picture	32	2888391	0	1	10226	1	0	10000	other	0
sub-15_2	87	Pulse	255	2903618	15227	0
sub-15_2	88	Picture	Bfix	2913618	0	1	30229	1	0	30000	other	0
sub-15_2	88	Pulse	255	2923618	10000	0
sub-15_2	88	Pulse	255	2943618	30000	0
sub-15_2	89	Picture	Ins_index	2943847	0	1	40093	1	0	40000	other	0
sub-15_2	89	Pulse	255	2963618	19772	0
sub-15_2	89	Pulse	255	2983618	39772	0
sub-15_2	89	Pulse	255	3003619	59772	0
sub-15_2	90	Picture	21	3004074	0	1	10226	1	0	10000	hit	214
sub-15_2	90	Response	1	3008359	4285	1
sub-15_2	90	Pulse	255	3023619	19545	0
sub-15_2	91	Picture	21	3029301	0	1	10226	1	0	10000	hit	217
sub-15_2	91	Response	1	3032889	3588	1
sub-15_2	91	Pulse	255	3043619	14318	0
sub-15_2	92	Picture	21	3054528	0	1	10226	1	0	10000	hit	220
sub-15_2	92	Response	1	3057319	2791	1
sub-15_2	92	Pulse	255	3063619	9091	0
sub-15_2	93	Picture	21	3079755	0	1	10226	1	0	10000	hit	223
sub-15_2	93	Response	1	3082399	2644	1
sub-15_2	93	Pulse	255	3083619	3864	0
sub-15_2	93	Pulse	255	3103619	23865	0
sub-15_2	94	Picture	21	3104982	0	1	10226	1	0	10000	hit	227
sub-15_2	94	Response	1	3107489	2507	1
sub-15_2	94	Pulse	255	3123619	18637	0
sub-15_2	95	Picture	21	3130209	0	1	10226	1	0	10000	hit	230
sub-15_2	95	Response	1	3133119	2910	1
sub-15_2	95	Pulse	255	3143619	13410	0
sub-15_2	96	Picture	21	3155436	0	1	10226	1	0	10000	hit	233
sub-15_2	96	Response	1	3157539	2103	1
sub-15_2	96	Response	1	3162359	6923	1
sub-15_2	96	Pulse	255	3163619	8183	0
sub-15_2	97	Picture	21	3180663	0	1	10226	1	0	10000	hit	237
sub-15_2	97	Response	1	3182990	2327	1
sub-15_2	97	Pulse	255	3183619	2956	0
sub-15_2	97	Pulse	255	3203619	22956	0
sub-15_2	98	Picture	21	3205890	0	1	10226	1	0	10000	hit	241
sub-15_2	98	Response	1	3208749	2860	1
sub-15_2	98	Pulse	255	3223620	17730	0
sub-15_2	99	Picture	21	3231117	0	1	10226	1	0	10000	hit	244
sub-15_2	99	Response	1	3232109	993	1
sub-15_2	99	Pulse	255	3243620	12503	0
sub-15_2	100	Picture	22	3256344	0	1	10226	1	0	10000	hit	247
sub-15_2	100	Response	2	3259330	2986	1
sub-15_2	100	Pulse	255	3263620	7276	0
sub-15_2	101	Picture	22	3281571	0	1	10226	1	0	10000	hit	250
sub-15_2	101	Response	2	3282350	779	1
sub-15_2	101	Pulse	255	3283620	2049	0
sub-15_2	101	Pulse	255	3303620	22049	0
sub-15_2	102	Picture	22	3306798	0	1	10226	1	0	10000	hit	254
sub-15_2	102	Response	2	3308280	1482	1
sub-15_2	102	Pulse	255	3323620	16822	0
sub-15_2	102	Response	2	3331920	25122	1
sub-15_2	103	Picture	22	3332025	0	1	10226	1	0	10000	miss	0
sub-15_2	103	Pulse	255	3343620	11595	0
sub-15_2	104	Picture	22	3357252	0	1	10226	1	0	10000	hit	260
sub-15_2	104	Response	2	3359330	2078	1
sub-15_2	104	Pulse	255	3363620	6368	0
sub-15_2	105	Picture	22	3382479	0	1	10226	1	0	10000	hit	264
sub-15_2	105	Pulse	255	3383620	1141	0
sub-15_2	105	Response	2	3384820	2342	1
sub-15_2	105	Pulse	255	3403620	21141	0
sub-15_2	105	Response	2	3407560	25082	1
sub-15_2	106	Picture	22	3407706	0	1	10226	1	0	10000	miss	0
sub-15_2	106	Pulse	255	3423620	15915	0
sub-15_2	107	Picture	22	3432933	0	1	10226	1	0	10000	hit	270
sub-15_2	107	Response	2	3435310	2378	1
sub-15_2	107	Pulse	255	3443620	10688	0
sub-15_2	108	Picture	22	3458160	0	1	10226	1	0	10000	hit	273
sub-15_2	108	Response	2	3460310	2151	1
sub-15_2	108	Pulse	255	3463620	5461	0
sub-15_2	109	Picture	22	3483387	0	1	10226	1	0	10000	hit	277
sub-15_2	109	Pulse	255	3483621	234	0
sub-15_2	109	Response	2	3485620	2234	1
sub-15_2	109	Pulse	255	3503620	20234	0
sub-15_2	110	Picture	Bfix	3508614	0	1	30230	1	0	30000	other	0
sub-15_2	110	Pulse	255	3523621	15007	0
sub-15_2	111	Picture	Ins_main	3538844	0	1	40226	1	0	40000	other	0
sub-15_2	111	Pulse	255	3543621	4777	0
sub-15_2	111	Pulse	255	3563621	24777	0
sub-15_2	111	Pulse	255	3583621	44777	0
sub-15_2	112	Picture	11	3599071	0	1	10226	1	0	10000	other	0
sub-15_2	112	Pulse	255	3603621	4550	0
sub-15_2	112	Pulse	255	3623621	24550	0
sub-15_2	113	Picture	11	3624298	0	1	10226	1	0	10000	other	0
sub-15_2	113	Pulse	255	3643621	19323	0
sub-15_2	114	Picture	11	3649525	0	1	10226	1	0	10000	other	0
sub-15_2	114	Pulse	255	3663621	14096	0
sub-15_2	115	Picture	11	3674752	0	1	10226	1	0	10000	other	0
sub-15_2	115	Pulse	255	3683621	8869	0
sub-15_2	116	Picture	11	3699979	0	1	10226	1	0	10000	other	0
sub-15_2	116	Pulse	255	3703622	3643	0
sub-15_2	116	Pulse	255	3723622	23643	0
sub-15_2	117	Picture	11	3725206	0	1	10226	1	0	10000	other	0
sub-15_2	117	Pulse	255	3743621	18415	0
sub-15_2	118	Picture	11	3750433	0	1	10226	1	0	10000	other	0
sub-15_2	118	Pulse	255	3763622	13189	0
sub-15_2	119	Picture	11	3775660	0	1	10226	1	0	10000	other	0
sub-15_2	119	Pulse	255	3783622	7962	0
sub-15_2	120	Picture	11	3800887	0	1	10226	1	0	10000	other	0
sub-15_2	120	Pulse	255	3803622	2735	0
sub-15_2	120	Pulse	255	3823622	22735	0
sub-15_2	121	Picture	11	3826114	0	1	10227	1	0	10000	other	0
sub-15_2	121	Pulse	255	3843622	17508	0
sub-15_2	122	Picture	12	3851341	0	1	10226	1	0	10000	other	0
sub-15_2	122	Pulse	255	3863622	12281	0
sub-15_2	123	Picture	12	3876568	0	1	10226	1	0	10000	other	0
sub-15_2	123	Pulse	255	3883622	7054	0
sub-15_2	124	Picture	12	3901795	0	1	10226	1	0	10000	other	0
sub-15_2	124	Pulse	255	3903622	1827	0
sub-15_2	124	Pulse	255	3923622	21827	0
sub-15_2	125	Picture	12	3927022	0	1	10226	1	0	10000	other	0
sub-15_2	125	Pulse	255	3943622	16600	0
sub-15_2	126	Picture	12	3952249	0	1	10226	1	0	10000	other	0
sub-15_2	126	Pulse	255	3963622	11373	0
sub-15_2	127	Picture	12	3977476	0	1	10226	1	0	10000	other	0
sub-15_2	127	Pulse	255	3983623	6146	0
sub-15_2	128	Picture	12	4002703	0	1	10226	1	0	10000	other	0
sub-15_2	128	Pulse	255	4003623	919	0
sub-15_2	128	Pulse	255	4023623	20919	0
sub-15_2	129	Picture	12	4027930	0	1	10226	1	0	10000	other	0
sub-15_2	129	Pulse	255	4043613	15682	0
sub-15_2	130	Picture	12	4053157	0	1	10226	1	0	10000	other	0
sub-15_2	130	Pulse	255	4063613	10456	0
sub-15_2	131	Picture	12	4078384	0	1	10226	1	0	10000	other	0
sub-15_2	131	Pulse	255	4083613	5228	0
sub-15_2	132	Picture	Bfix	4103611	0	1	30227	1	0	30000	other	0
sub-15_2	132	Pulse	255	4103613	2	0
sub-15_2	132	Pulse	255	4123613	20001	0
sub-15_2	133	Picture	Ins_repos	4133839	0	1	40226	1	0	40000	other	0
sub-15_2	133	Pulse	255	4143613	9774	0
sub-15_2	133	Pulse	255	4163614	29775	0
sub-15_2	133	Pulse	255	4183613	49774	0
sub-15_2	134	Picture	71	4194066	0	1	10226	1	0	10000	other	0
sub-15_2	134	Pulse	255	4203613	9548	0
sub-15_2	135	Picture	71	4219293	0	1	10226	1	0	10000	other	0
sub-15_2	135	Pulse	255	4223613	4320	0
sub-15_2	135	Pulse	255	4243614	24321	0
sub-15_2	136	Picture	71	4244520	0	1	10226	1	0	10000	other	0
sub-15_2	136	Pulse	255	4263613	19094	0
sub-15_2	137	Picture	71	4269747	0	1	10226	1	0	10000	other	0
sub-15_2	137	Pulse	255	4283614	13867	0
sub-15_2	138	Picture	71	4294974	0	1	10226	1	0	10000	other	0
sub-15_2	138	Pulse	255	4303614	8640	0
sub-15_2	139	Picture	71	4320201	0	1	10226	1	0	10000	other	0
sub-15_2	139	Pulse	255	4323614	3413	0
sub-15_2	139	Pulse	255	4343614	23413	0
sub-15_2	140	Picture	71	4345428	0	1	10226	1	0	10000	other	0
sub-15_2	140	Pulse	255	4363614	18186	0
sub-15_2	141	Picture	71	4370655	0	1	10227	1	0	10000	other	0
sub-15_2	141	Pulse	255	4383614	12959	0
sub-15_2	142	Picture	71	4395882	0	1	10226	1	0	10000	other	0
sub-15_2	142	Pulse	255	4403614	7732	0
sub-15_2	143	Picture	71	4421109	0	1	10226	1	0	10000	other	0
sub-15_2	143	Pulse	255	4423614	2505	0
sub-15_2	143	Pulse	255	4443614	22505	0
sub-15_2	144	Picture	72	4446336	0	1	10226	1	0	10000	other	0
sub-15_2	144	Pulse	255	4463614	17278	0
sub-15_2	145	Picture	72	4471563	0	1	10226	1	0	10000	other	0
sub-15_2	145	Pulse	255	4483615	12051	0
sub-15_2	146	Picture	72	4496790	0	1	10226	1	0	10000	other	0
sub-15_2	146	Pulse	255	4503615	6825	0
sub-15_2	147	Picture	72	4522017	0	1	10226	1	0	10000	other	0
sub-15_2	147	Pulse	255	4523615	1597	0
sub-15_2	147	Pulse	255	4543614	21597	0
sub-15_2	148	Picture	72	4547244	0	1	10226	1	0	10000	other	0
sub-15_2	148	Pulse	255	4563615	16371	0
sub-15_2	149	Picture	72	4572471	0	1	10226	1	0	10000	other	0
sub-15_2	149	Pulse	255	4583615	11144	0
sub-15_2	150	Picture	72	4597698	0	1	10226	1	0	10000	other	0
sub-15_2	150	Pulse	255	4603615	5917	0
sub-15_2	151	Picture	72	4622925	0	1	10226	1	0	10000	other	0
sub-15_2	151	Pulse	255	4623615	690	0
sub-15_2	151	Pulse	255	4643615	20690	0
sub-15_2	152	Picture	72	4648152	0	1	10226	1	0	10000	other	0
sub-15_2	152	Pulse	255	4663615	15463	0
sub-15_2	153	Picture	72	4673379	0	1	10226	1	0	10000	other	0
sub-15_2	153	Pulse	255	4683615	10236	0
sub-15_2	154	Picture	Bfix	4698606	0	1	30227	1	0	30000	other	0
sub-15_2	154	Pulse	255	4703615	5009	0
sub-15_2	154	Pulse	255	4723615	25009	0
sub-15_2	155	Picture	Ins_bouche	4728833	0	1	40226	1	0	40000	other	0
sub-15_2	155	Pulse	255	4743615	14782	0
sub-15_2	155	Pulse	255	4763615	34782	0
sub-15_2	155	Pulse	255	4783615	54782	0
sub-15_2	156	Picture	61	4789100	0	1	10226	1	0	10000	other	0
sub-15_2	156	Pulse	255	4803616	14516	0
sub-15_2	157	Picture	61	4814327	0	1	10226	1	0	10000	other	0
sub-15_2	157	Pulse	255	4823616	9288	0
sub-15_2	158	Picture	61	4839554	0	1	10226	1	0	10000	other	0
sub-15_2	158	Pulse	255	4843616	4062	0
sub-15_2	158	Pulse	255	4863616	24062	0
sub-15_2	159	Picture	61	4864781	0	1	10226	1	0	10000	other	0
sub-15_2	159	Pulse	255	4883616	18835	0
sub-15_2	160	Picture	61	4890008	0	1	10226	1	0	10000	other	0
sub-15_2	160	Pulse	255	4903616	13608	0
sub-15_2	161	Picture	61	4915235	0	1	10226	1	0	10000	other	0
sub-15_2	161	Pulse	255	4923616	8381	0
sub-15_2	162	Picture	61	4940462	0	1	10226	1	0	10000	other	0
sub-15_2	162	Pulse	255	4943616	3154	0
sub-15_2	162	Pulse	255	4963616	23154	0
sub-15_2	163	Picture	61	4965689	0	1	10226	1	0	10000	other	0
sub-15_2	163	Pulse	255	4983617	17927	0
sub-15_2	164	Picture	61	4990916	0	1	10226	1	0	10000	other	0
sub-15_2	164	Pulse	255	5003617	12700	0
sub-15_2	165	Picture	61	5016143	0	1	10226	1	0	10000	other	0
sub-15_2	165	Pulse	255	5023616	7473	0
sub-15_2	166	Picture	62	5041370	0	1	10226	1	0	10000	other	0
sub-15_2	166	Pulse	255	5043617	2246	0
sub-15_2	166	Pulse	255	5063617	22247	0
sub-15_2	167	Picture	62	5066597	0	1	10226	1	0	10000	other	0
sub-15_2	167	Pulse	255	5083617	17020	0
sub-15_2	168	Picture	62	5091824	0	1	10226	1	0	10000	other	0
sub-15_2	168	Pulse	255	5103617	11793	0
sub-15_2	169	Picture	62	5117052	0	1	10226	1	0	10000	other	0
sub-15_2	169	Pulse	255	5123617	6565	0
sub-15_2	170	Picture	62	5142279	0	1	10226	1	0	10000	other	0
sub-15_2	170	Pulse	255	5143617	1338	0
sub-15_2	170	Pulse	255	5163617	21339	0
sub-15_2	171	Picture	62	5167506	0	1	10226	1	0	10000	other	0
sub-15_2	171	Pulse	255	5183617	16111	0
sub-15_2	172	Picture	62	5192733	0	1	10226	1	0	10000	other	0
sub-15_2	172	Pulse	255	5203617	10884	0
sub-15_2	173	Picture	62	5217960	0	1	10226	1	0	10000	other	0
sub-15_2	173	Pulse	255	5223618	5657	0
sub-15_2	174	Picture	62	5243187	0	1	10226	1	0	10000	other	0
sub-15_2	174	Pulse	255	5243617	430	0
sub-15_2	174	Pulse	255	5263618	20430	0
sub-15_2	175	Picture	62	5268414	0	1	10226	1	0	10000	other	0
sub-15_2	175	Pulse	255	5283618	15204	0
sub-15_2	176	Picture	Bfix	5293641	0	1	30226	1	0	30000	other	0
sub-15_2	176	Pulse	255	5303617	9976	0
sub-15_2	176	Pulse	255	5323618	29976	0
sub-15_2	177	Picture	Ins_jambe	5324034	0	1	40226	1	0	40000	other	0
sub-15_2	177	Pulse	255	5343618	19584	0
sub-15_2	177	Pulse	255	5363618	39584	0
sub-15_2	177	Pulse	255	5383618	59584	0
sub-15_2	178	Picture	51	5384261	0	1	10226	1	0	10000	other	0
sub-15_2	178	Pulse	255	5403618	19357	0
sub-15_2	179	Picture	51	5409488	0	1	10226	1	0	10000	other	0
sub-15_2	179	Pulse	255	5423618	14130	0
sub-15_2	180	Picture	51	5434715	0	1	10226	1	0	10000	other	0
sub-15_2	180	Pulse	255	5443618	8903	0
sub-15_2	181	Picture	51	5459942	0	1	10226	1	0	10000	other	0
sub-15_2	181	Pulse	255	5463618	3677	0
sub-15_2	181	Pulse	255	5483618	23677	0
sub-15_2	182	Picture	51	5485169	0	1	10226	1	0	10000	other	0
sub-15_2	182	Pulse	255	5503618	18450	0
sub-15_2	183	Picture	51	5510396	0	1	10226	1	0	10000	other	0
sub-15_2	183	Pulse	255	5523619	13223	0
sub-15_2	184	Picture	51	5535622	0	1	10226	1	0	10000	other	0
sub-15_2	184	Pulse	255	5543618	7996	0
sub-15_2	185	Picture	51	5560850	0	1	10226	1	0	10000	other	0
sub-15_2	185	Pulse	255	5563609	2759	0
sub-15_2	185	Pulse	255	5583609	22759	0
sub-15_2	186	Picture	51	5586077	0	1	10226	1	0	10000	other	0
sub-15_2	186	Pulse	255	5603609	17532	0
sub-15_2	187	Picture	51	5611304	0	1	10226	1	0	10000	other	0
sub-15_2	187	Pulse	255	5623609	12305	0
sub-15_2	188	Picture	52	5636531	0	1	10226	1	0	10000	other	0
sub-15_2	188	Pulse	255	5643609	7079	0
sub-15_2	189	Picture	52	5661757	0	1	10226	1	0	10000	other	0
sub-15_2	189	Pulse	255	5663609	1852	0
sub-15_2	189	Pulse	255	5683609	21851	0
sub-15_2	190	Picture	52	5686985	0	1	10226	1	0	10000	other	0
sub-15_2	190	Pulse	255	5703609	16624	0
sub-15_2	191	Picture	52	5712212	0	1	10226	1	0	10000	other	0
sub-15_2	191	Pulse	255	5723609	11398	0
sub-15_2	192	Picture	52	5737439	0	1	10226	1	0	10000	other	0
sub-15_2	192	Pulse	255	5743609	6171	0
sub-15_2	193	Picture	52	5762666	0	1	10226	1	0	10000	other	0
sub-15_2	193	Pulse	255	5763609	944	0
sub-15_2	193	Pulse	255	5783609	20944	0
sub-15_2	194	Picture	52	5787893	0	1	10226	1	0	10000	other	0
sub-15_2	194	Pulse	255	5803609	15717	0
sub-15_2	195	Picture	52	5813120	0	1	10226	1	0	10000	other	0
sub-15_2	195	Pulse	255	5823609	10490	0
sub-15_2	196	Picture	52	5838347	0	1	10226	1	0	10000	other	0
sub-15_2	196	Pulse	255	5843610	5263	0
sub-15_2	197	Picture	52	5863574	0	1	10226	1	0	10000	other	0
sub-15_2	197	Pulse	255	5863610	36	0
sub-15_2	197	Pulse	255	5883610	20036	0
sub-15_2	198	Picture	Bfix	5888802	0	1	30227	1	0	30000	other	0
sub-15_2	198	Pulse	255	5903609	14808	0
sub-15_2	199	Picture	Ins_yeux	5919029	0	1	40226	1	0	40000	other	0
sub-15_2	199	Pulse	255	5923610	4581	0
sub-15_2	199	Pulse	255	5943610	24581	0
sub-15_2	199	Pulse	255	5963610	44581	0
sub-15_2	200	Picture	31	5979256	0	1	10100	1	0	10000	other	0
sub-15_2	200	Pulse	255	5983610	4355	0
sub-15_2	200	Pulse	255	6003610	24354	0
sub-15_2	201	Picture	31	6004483	0	1	10226	1	0	10000	other	0
sub-15_2	201	Pulse	255	6023610	19127	0
sub-15_2	202	Picture	31	6029710	0	1	10226	1	0	10000	other	0
sub-15_2	202	Pulse	255	6043611	13901	0
sub-15_2	203	Picture	31	6054937	0	1	10226	1	0	10000	other	0
sub-15_2	203	Pulse	255	6063610	8673	0
sub-15_2	204	Picture	31	6080164	0	1	10226	1	0	10000	other	0
sub-15_2	204	Pulse	255	6083611	3447	0
sub-15_2	204	Pulse	255	6103611	23447	0
sub-15_2	205	Picture	31	6105391	0	1	10226	1	0	10000	other	0
sub-15_2	205	Pulse	255	6123611	18220	0
sub-15_2	206	Picture	31	6130618	0	1	10226	1	0	10000	other	0
sub-15_2	206	Pulse	255	6143611	12993	0
sub-15_2	207	Picture	31	6155845	0	1	10226	1	0	10000	other	0
sub-15_2	207	Pulse	255	6163611	7766	0
sub-15_2	208	Picture	31	6181072	0	1	10226	1	0	10000	other	0
sub-15_2	208	Pulse	255	6183611	2539	0
sub-15_2	208	Pulse	255	6203611	22539	0
sub-15_2	209	Picture	31	6206299	0	1	10226	1	0	10000	other	0
sub-15_2	209	Pulse	255	6223611	17312	0
sub-15_2	210	Picture	32	6231526	0	1	10226	1	0	10000	other	0
sub-15_2	210	Pulse	255	6243611	12085	0
sub-15_2	211	Picture	32	6256753	0	1	10226	1	0	10000	other	0
sub-15_2	211	Pulse	255	6263611	6858	0
sub-15_2	212	Picture	32	6281980	0	1	10226	1	0	10000	other	0
sub-15_2	212	Pulse	255	6283611	1631	0
sub-15_2	212	Pulse	255	6303611	21631	0
sub-15_2	213	Picture	32	6307207	0	1	10226	1	0	10000	other	0
sub-15_2	213	Pulse	255	6323612	16405	0
sub-15_2	214	Picture	32	6332434	0	1	10226	1	0	10000	other	0
sub-15_2	214	Pulse	255	6343612	11178	0
sub-15_2	215	Picture	32	6357661	0	1	10226	1	0	10000	other	0
sub-15_2	215	Pulse	255	6363612	5951	0
sub-15_2	216	Picture	32	6382888	0	1	10226	1	0	10000	other	0
sub-15_2	216	Pulse	255	6383612	724	0
sub-15_2	216	Pulse	255	6403612	20724	0
sub-15_2	217	Picture	32	6408115	0	1	10226	1	0	10000	other	0
sub-15_2	217	Pulse	255	6423612	15497	0
sub-15_2	218	Picture	32	6433342	0	1	10226	1	0	10000	other	0
sub-15_2	218	Pulse	255	6443612	10270	0
sub-15_2	219	Picture	32	6458569	0	1	10226	1	0	10000	other	0
sub-15_2	219	Pulse	255	6463612	5043	0
sub-15_2	219	Pulse	255	6483652	25083	0
sub-15_2	220	Picture	Bfix	6483796	0	1	30227	1	0	30000	other	0
sub-15_2	220	Pulse	255	6503612	19816	0
sub-15_2	221	Picture	Ins_index	6514023	0	1	40226	1	0	40000	other	0
sub-15_2	221	Pulse	255	6523612	9589	0
sub-15_2	221	Pulse	255	6543612	29589	0
sub-15_2	221	Pulse	255	6563612	49589	0
sub-15_2	222	Picture	21	6574250	0	1	10226	1	0	10000	hit	545
sub-15_2	222	Response	1	6577623	3373	1
sub-15_2	222	Pulse	255	6583612	9362	0
sub-15_2	223	Picture	21	6599477	0	1	10226	1	0	10000	hit	548
sub-15_2	223	Response	1	6602113	2636	1
sub-15_2	223	Pulse	255	6603612	4135	0
sub-15_2	223	Pulse	255	6623613	24136	0
sub-15_2	224	Picture	21	6624704	0	1	10226	1	0	10000	hit	552
sub-15_2	224	Response	1	6625073	369	1
sub-15_2	224	Pulse	255	6643613	18909	0
sub-15_2	225	Picture	21	6649931	0	1	10226	1	0	10000	hit	555
sub-15_2	225	Response	1	6651683	1752	1
sub-15_2	225	Pulse	255	6663613	13682	0
sub-15_2	226	Picture	21	6675158	0	1	10226	1	0	10000	hit	558
sub-15_2	226	Response	1	6677943	2785	1
sub-15_2	226	Pulse	255	6683613	8455	0
sub-15_2	227	Picture	21	6700385	0	1	10226	1	0	10000	hit	561
sub-15_2	227	Response	1	6702143	1758	1
sub-15_2	227	Pulse	255	6703613	3228	0
sub-15_2	227	Pulse	255	6723613	23228	0
sub-15_2	228	Picture	21	6725613	0	1	10226	1	0	10000	hit	565
sub-15_2	228	Response	1	6730643	5030	1
sub-15_2	228	Pulse	255	6743613	18000	0
sub-15_2	229	Picture	21	6750840	0	1	10226	1	0	10000	hit	568
sub-15_2	229	Response	1	6751993	1154	1
sub-15_2	229	Pulse	255	6763613	12774	0
sub-15_2	230	Picture	21	6776067	0	1	10226	1	0	10000	hit	571
sub-15_2	230	Response	1	6779483	3416	1
sub-15_2	230	Pulse	255	6783613	7546	0
sub-15_2	231	Picture	21	6801294	0	1	10226	1	0	10000	hit	575
sub-15_2	231	Pulse	255	6803614	2320	0
sub-15_2	231	Response	1	6804603	3309	1
sub-15_2	231	Pulse	255	6823614	22320	0
sub-15_2	232	Picture	22	6826521	0	1	10226	1	0	10000	hit	578
sub-15_2	232	Response	2	6832114	5593	1
sub-15_2	232	Pulse	255	6843614	17093	0
sub-15_2	232	Response	2	6850793	24273	1
sub-15_2	233	Picture	22	6851748	0	1	10226	1	0	10000	miss	0
sub-15_2	233	Pulse	255	6863614	11866	0
sub-15_2	234	Picture	22	6876975	0	1	10226	1	0	10000	hit	584
sub-15_2	234	Response	2	6877754	779	1
sub-15_2	234	Pulse	255	6883614	6639	0
sub-15_2	235	Picture	22	6902202	0	1	10227	1	0	10000	hit	588
sub-15_2	235	Pulse	255	6903614	1412	0
sub-15_2	235	Response	2	6904983	2781	1
sub-15_2	235	Pulse	255	6923614	21412	0
sub-15_2	236	Picture	22	6927429	0	1	10226	1	0	10000	hit	591
sub-15_2	236	Response	2	6929944	2515	1
sub-15_2	236	Pulse	255	6943614	16185	0
sub-15_2	237	Picture	22	6952656	0	1	10226	1	0	10000	hit	594
sub-15_2	237	Response	2	6954794	2138	1
sub-15_2	237	Pulse	255	6963614	10958	0
sub-15_2	237	Response	2	6976924	24268	1
sub-15_2	238	Picture	22	6977883	0	1	10226	1	0	10000	miss	0
sub-15_2	238	Pulse	255	6983614	5731	0
sub-15_2	239	Picture	22	7003110	0	1	10226	1	0	10000	hit	601
sub-15_2	239	Pulse	255	7003614	504	0
sub-15_2	239	Response	2	7005194	2084	1
sub-15_2	239	Pulse	255	7023614	20504	0
sub-15_2	240	Picture	22	7028337	0	1	10226	1	0	10000	hit	604
sub-15_2	240	Response	2	7030404	2067	1
sub-15_2	240	Pulse	255	7043615	15278	0
sub-15_2	241	Picture	22	7053564	0	1	10226	1	0	10000	hit	607
sub-15_2	241	Response	2	7053825	261	1
sub-15_2	241	Pulse	255	7063645	10081	0
sub-15_2	242	Picture	Bfix	7078791	0	1	30227	1	0	30000	other	0
sub-15_2	242	Pulse	255	7083605	4814	0
sub-15_2	242	Pulse	255	7103605	24814	0
sub-15_2	243	Picture	Ins_main	7109018	0	1	40226	1	0	40000	other	0
sub-15_2	243	Pulse	255	7123605	14586	0
sub-15_2	243	Pulse	255	7143605	34587	0
sub-15_2	243	Pulse	255	7163605	54587	0
sub-15_2	244	Picture	11	7169245	0	1	10226	1	0	10000	other	0
sub-15_2	244	Pulse	255	7183605	14360	0
sub-15_2	245	Picture	11	7194472	0	1	10226	1	0	10000	other	0
sub-15_2	245	Pulse	255	7203605	9133	0
sub-15_2	246	Picture	11	7219699	0	1	10226	1	0	10000	other	0
sub-15_2	246	Pulse	255	7223605	3906	0
sub-15_2	246	Pulse	255	7243605	23906	0
sub-15_2	247	Picture	11	7244927	0	1	10226	1	0	10000	other	0
sub-15_2	247	Pulse	255	7263605	18679	0
sub-15_2	248	Picture	11	7270153	0	1	10226	1	0	10000	other	0
sub-15_2	248	Pulse	255	7283606	13452	0
sub-15_2	249	Picture	11	7295380	0	1	10226	1	0	10000	other	0
sub-15_2	249	Pulse	255	7303606	8225	0
sub-15_2	250	Picture	11	7320607	0	1	10226	1	0	10000	other	0
sub-15_2	250	Pulse	255	7323606	2998	0
sub-15_2	250	Pulse	255	7343606	22998	0
sub-15_2	251	Picture	11	7345834	0	1	10226	1	0	10000	other	0
sub-15_2	251	Pulse	255	7363606	17771	0
sub-15_2	252	Picture	11	7371061	0	1	10226	1	0	10000	other	0
sub-15_2	252	Pulse	255	7383606	12545	0
sub-15_2	253	Picture	11	7396289	0	1	10226	1	0	10000	other	0
sub-15_2	253	Pulse	255	7403606	7317	0
sub-15_2	254	Picture	12	7421516	0	1	10226	1	0	10000	other	0
sub-15_2	254	Pulse	255	7423606	2090	0
sub-15_2	254	Pulse	255	7443606	22090	0
sub-15_2	255	Picture	12	7446743	0	1	10226	1	0	10000	other	0
sub-15_2	255	Pulse	255	7463606	16863	0
sub-15_2	256	Picture	12	7471970	0	1	10226	1	0	10000	other	0
sub-15_2	256	Pulse	255	7483606	11636	0
sub-15_2	257	Picture	12	7497197	0	1	10226	1	0	10000	other	0
sub-15_2	257	Pulse	255	7503606	6409	0
sub-15_2	258	Picture	12	7522424	0	1	10226	1	0	10000	other	0
sub-15_2	258	Pulse	255	7523607	1183	0
sub-15_2	258	Pulse	255	7543606	21182	0
sub-15_2	259	Picture	12	7547651	0	1	10226	1	0	10000	other	0
sub-15_2	259	Pulse	255	7563606	15956	0
sub-15_2	260	Picture	12	7572878	0	1	10226	1	0	10000	other	0
sub-15_2	260	Pulse	255	7583606	10728	0
sub-15_2	261	Picture	12	7598105	0	1	10226	1	0	10000	other	0
sub-15_2	261	Pulse	255	7603606	5502	0
sub-15_2	262	Picture	12	7623332	0	1	10226	1	0	10000	other	0
sub-15_2	262	Pulse	255	7623607	275	0
sub-15_2	262	Pulse	255	7643607	20275	0
sub-15_2	263	Picture	12	7648559	0	1	10226	1	0	10000	other	0
sub-15_2	263	Pulse	255	7663607	15048	0
sub-15_2	264	Picture	Bfix	7673786	0	1	60226	1	0	60000	other	0
sub-15_2	264	Pulse	255	7683607	9821	0
sub-15_2	264	Pulse	255	7703607	29821	0
sub-15_2	264	Pulse	255	7723607	49821	0
