Scenario - loca_lec2
Logfile written - 06/05/2018 14:52:39

Subject	Trial	Event Type	Code	Time	TTime	Uncertainty	Duration	Uncertainty	ReqTime	ReqDur	Stim Type	Pair Index

phantom_1	0	Pulse	255	622520	622520	0
phantom_1	1	Nothing	cut	622748	0	1			0		other	0
phantom_1	1	Nothing	cut	627748	5000	1			5000		other	0
phantom_1	2	Picture	20	632984	0	1	2226	1	0	2000	other	0
phantom_1	2	Pulse	255	642520	9535	0
phantom_1	3	Picture	10	658103	0	1	2226	1	0	2000	other	0
phantom_1	3	Pulse	255	662520	4417	0
phantom_1	4	Picture	10	675721	0	1	2226	1	0	2000	other	0
phantom_1	4	Pulse	255	682519	6799	0
phantom_1	5	Picture	10	693339	0	1	2226	1	0	2000	other	0
phantom_1	5	Pulse	255	702519	9180	0
phantom_1	6	Picture	20	718457	0	1	2226	1	0	2000	other	0
phantom_1	6	Pulse	255	722519	4062	0
phantom_1	6	Pulse	255	742520	24062	0
phantom_1	7	Picture	20	743576	0	1	2226	1	0	2000	other	0
phantom_1	8	Picture	20	761194	0	1	2226	1	0	2000	other	0
phantom_1	8	Pulse	255	762520	1326	0
phantom_1	8	Pulse	255	782520	21326	0
phantom_1	9	Picture	10	793812	0	1	2226	1	0	2000	other	0
phantom_1	9	Pulse	255	802520	8708	0
phantom_1	10	Picture	20	811430	0	1	2226	1	0	2000	other	0
phantom_1	10	Pulse	255	822520	11089	0
phantom_1	10	Pulse	255	842520	31089	0
phantom_1	11	Picture	20	844048	0	1	2226	1	0	2000	other	0
phantom_1	12	Picture	10	861667	0	1	2226	1	0	2000	other	0
phantom_1	12	Pulse	255	862520	853	0
phantom_1	13	Picture	10	879154	0	1	2226	1	0	2000	other	0
phantom_1	13	Pulse	255	882520	3366	0
phantom_1	13	Pulse	255	902520	23366	0
phantom_1	14	Picture	20	904272	0	1	2226	1	0	2000	other	0
phantom_1	14	Pulse	255	922520	18248	0
phantom_1	15	Picture	20	936890	0	1	2226	1	0	2000	other	0
phantom_1	15	Pulse	255	942519	5629	0
phantom_1	15	Pulse	255	962520	25629	0
phantom_1	16	Picture	10	969509	0	1	2226	1	0	2000	other	0
phantom_1	16	Pulse	255	982520	13012	0
phantom_1	17	Picture	20	987127	0	1	2226	1	0	2000	other	0
phantom_1	17	Pulse	255	1002520	15393	0
phantom_1	18	Picture	10	1012245	0	1	2226	1	0	2000	other	0
phantom_1	18	Pulse	255	1022520	10275	0
phantom_1	19	Picture	10	1037363	0	1	2226	1	0	2000	other	0
phantom_1	19	Pulse	255	1042520	5157	0
phantom_1	19	Pulse	255	1062520	25157	0
phantom_1	20	Picture	10	1069905	0	1	2226	1	0	2000	other	0
phantom_1	20	Pulse	255	1082520	12615	0
phantom_1	21	Picture	20	1087523	0	1	2226	1	0	2000	other	0
phantom_1	21	Pulse	255	1102520	14997	0
phantom_1	22	Picture	10	1105142	0	1	2220	1	0	2000	other	0
phantom_1	22	Pulse	255	1122520	17378	0
phantom_1	23	Picture	20	1130255	0	1	2226	1	0	2000	other	0
phantom_1	23	Pulse	255	1142520	12265	0
phantom_1	23	Pulse	255	1162551	32296	0
phantom_1	24	Picture	10	1162873	0	1	2226	1	0	2000	other	0
phantom_1	25	Picture	20	1180491	0	1	2226	1	0	2000	other	0
phantom_1	25	Pulse	255	1182552	2061	0
phantom_1	26	Picture	10	1198110	0	1	2226	1	0	2000	other	0
phantom_1	26	Pulse	255	1202520	4410	0
phantom_1	26	Pulse	255	1222520	24410	0
phantom_1	27	Picture	10	1223228	0	1	2226	1	0	2000	other	0
phantom_1	28	Picture	20	1240847	0	1	2226	1	0	2000	other	0
phantom_1	28	Pulse	255	1242520	1674	0
phantom_1	28	Pulse	255	1262520	21674	0
phantom_1	29	Picture	10	1265965	0	1	2226	1	0	2000	other	0
phantom_1	29	Pulse	255	1282520	16555	0
phantom_1	30	Picture	20	1283584	0	1	2226	1	0	2000	other	0
phantom_1	30	Pulse	255	1302521	18937	0
phantom_1	31	Picture	20	1316202	0	1	2226	1	0	2000	other	0
phantom_1	31	Pulse	255	1322520	6318	0
phantom_1	32	Picture	20	1333821	0	1	2226	1	0	2000	other	0
phantom_1	32	Pulse	255	1342521	8701	0
phantom_1	33	Picture	20	1351439	0	1	2226	1	0	2000	other	0
phantom_1	33	Pulse	255	1362521	11082	0
phantom_1	34	Picture	20	1369057	0	1	2226	1	0	2000	other	0
phantom_1	34	Pulse	255	1382521	13464	0
phantom_1	35	Picture	Bfix	1386676	0	1	150239	1	0	150000	other	0
phantom_1	35	Pulse	255	1402520	15845	0
phantom_1	35	Pulse	255	1422521	35845	0
phantom_1	35	Pulse	255	1442521	55846	0
phantom_1	35	Pulse	255	1462521	75846	0
phantom_1	35	Pulse	255	1482521	95845	0
phantom_1	35	Pulse	255	1502521	115846	0
phantom_1	35	Pulse	255	1522520	135844	1
phantom_1	36	Picture	10	1536915	0	1	2226	1	0	2000	other	0
phantom_1	36	Pulse	255	1542521	5606	0
phantom_1	37	Picture	10	1562033	0	1	2226	1	0	2000	other	0
phantom_1	37	Pulse	255	1562521	488	0
phantom_1	37	Pulse	255	1582521	20488	0
phantom_1	38	Picture	20	1594651	0	1	2226	1	0	2000	other	0
phantom_1	38	Pulse	255	1602521	7870	0
phantom_1	39	Picture	20	1612270	0	1	2226	1	0	2000	other	0
phantom_1	39	Pulse	255	1622521	10251	0
phantom_1	40	Picture	10	1629888	0	1	2226	1	0	2000	other	0
phantom_1	40	Pulse	255	1642521	12633	0
phantom_1	41	Picture	20	1647506	0	1	2226	1	0	2000	other	0
phantom_1	41	Pulse	255	1662521	15015	0
phantom_1	42	Picture	10	1680124	0	1	2226	1	0	2000	other	0
phantom_1	42	Pulse	255	1682522	2397	0
phantom_1	42	Pulse	255	1702521	22397	0
phantom_1	43	Picture	20	1712743	0	1	2226	1	0	2000	other	0
phantom_1	43	Pulse	255	1722521	9778	0
phantom_1	43	Pulse	255	1742521	29779	0
phantom_1	44	Picture	10	1745361	0	1	2226	1	0	2000	other	0
phantom_1	44	Pulse	255	1762521	17160	0
phantom_1	45	Picture	10	1770480	0	1	2226	1	0	2000	other	0
phantom_1	45	Pulse	255	1782521	12041	0
phantom_1	46	Picture	20	1795599	0	1	2226	1	0	2000	other	0
phantom_1	46	Pulse	255	1802521	6923	0
phantom_1	47	Picture	20	1820717	0	1	2226	1	0	2000	other	0
phantom_1	47	Pulse	255	1822522	1805	0
phantom_1	47	Pulse	255	1842521	21804	0
phantom_1	48	Picture	10	1845835	0	1	2226	1	0	2000	other	0
phantom_1	48	Pulse	255	1862521	16686	0
phantom_1	49	Picture	10	1878454	0	1	2226	1	0	2000	other	0
phantom_1	49	Pulse	255	1882521	4067	0
phantom_1	49	Pulse	255	1902522	24068	0
phantom_1	50	Picture	20	1911072	0	1	2226	1	0	2000	other	0
phantom_1	50	Pulse	255	1922522	11450	0
phantom_1	51	Picture	10	1936191	0	1	2226	1	0	2000	other	0
phantom_1	51	Pulse	255	1942521	6331	0
phantom_1	51	Pulse	255	1962522	26331	0
phantom_1	52	Picture	20	1968809	0	1	2226	1	0	2000	other	0
phantom_1	52	Pulse	255	1982522	13713	0
phantom_1	53	Picture	20	1993927	0	1	2226	1	0	2000	other	0
phantom_1	53	Pulse	255	2002522	8595	0
phantom_1	53	Pulse	255	2022521	28594	0
phantom_1	54	Picture	10	2026546	0	1	2226	1	0	2000	other	0
phantom_1	54	Pulse	255	2042522	15976	0
phantom_1	55	Picture	20	2059164	0	1	2226	1	0	2000	other	0
phantom_1	55	Pulse	255	2062522	3357	0
phantom_1	56	Picture	10	2076783	0	1	2220	1	0	2000	other	0
phantom_1	56	Pulse	255	2082522	5739	0
phantom_1	57	Picture	20	2094396	0	1	2167	1	0	2000	other	0
phantom_1	57	Pulse	255	2102522	8126	0
phantom_1	58	Picture	20	2111956	0	1	2226	1	0	2000	other	0
phantom_1	58	Pulse	255	2122522	10566	0
phantom_1	59	Picture	10	2137074	0	1	2226	1	0	2000	other	0
phantom_1	59	Pulse	255	2142522	5447	0
phantom_1	59	Pulse	255	2162522	25447	0
phantom_1	60	Picture	20	2169692	0	1	2226	1	0	2000	other	0
phantom_1	60	Pulse	255	2182521	12829	0
phantom_1	61	Picture	20	2202311	0	1	2226	1	0	2000	other	0
phantom_1	61	Pulse	255	2202522	211	0
phantom_1	62	Picture	20	2219929	0	1	2226	1	0	2000	other	0
phantom_1	62	Pulse	255	2222522	2593	0
phantom_1	62	Pulse	255	2242522	22593	0
phantom_1	63	Picture	10	2252548	0	1	2226	1	0	2000	other	0
phantom_1	63	Pulse	255	2262522	9975	0
phantom_1	64	Picture	20	2277666	0	1	2226	1	0	2000	other	0
phantom_1	64	Pulse	255	2282522	4856	0
phantom_1	64	Pulse	255	2302522	24857	0
phantom_1	65	Picture	10	2310284	0	1	2226	1	0	2000	other	0
phantom_1	65	Pulse	255	2322522	12238	0
phantom_1	66	Picture	20	2327903	0	1	2226	1	0	2000	other	0
phantom_1	66	Pulse	255	2342522	14619	0
phantom_1	67	Picture	20	2345521	0	1	2226	1	0	2000	other	0
phantom_1	67	Pulse	255	2362521	17000	0
phantom_1	68	Picture	10	2378140	0	1	2226	1	0	2000	other	0
phantom_1	68	Pulse	255	2382522	4382	0
phantom_1	68	Pulse	255	2402523	24383	0
phantom_1	69	Picture	Bfix	2410758	0	1	150232	1	0	150000	other	0
phantom_1	69	Pulse	255	2422522	11764	0
phantom_1	69	Pulse	255	2442522	31764	0
phantom_1	69	Pulse	255	2462522	51764	0
phantom_1	69	Pulse	255	2482523	71764	0
phantom_1	69	Pulse	255	2502523	91764	0
phantom_1	69	Pulse	255	2522523	111765	0
phantom_1	69	Pulse	255	2542523	131764	0
phantom_1	70	Picture	20	2560990	0	1	2226	1	0	2000	other	0
phantom_1	70	Pulse	255	2562523	1532	0
phantom_1	70	Pulse	255	2582523	21532	0
phantom_1	71	Picture	20	2593609	0	1	2226	1	0	2000	other	0
phantom_1	71	Pulse	255	2602523	8914	0
phantom_1	71	Pulse	255	2622523	28914	0
phantom_1	72	Picture	20	2626227	0	1	2226	1	0	2000	other	0
phantom_1	72	Pulse	255	2642522	16295	0
phantom_1	73	Picture	20	2658845	0	1	2226	1	0	2000	other	0
phantom_1	73	Pulse	255	2662513	3667	0
phantom_1	73	Pulse	255	2682513	23668	0
phantom_1	74	Picture	20	2683964	0	1	2190	1	0	2000	other	0
phantom_1	75	Picture	20	2701546	0	1	2226	1	0	2000	other	0
phantom_1	75	Pulse	255	2702513	967	0
phantom_1	76	Picture	20	2719164	0	1	2226	1	0	2000	other	0
phantom_1	76	Pulse	255	2722513	3348	0
phantom_1	76	Pulse	255	2742513	23348	0
phantom_1	77	Picture	10	2744283	0	1	2227	1	0	2000	other	0
phantom_1	78	Picture	10	2761902	0	1	2226	1	0	2000	other	0
phantom_1	78	Pulse	255	2762513	611	0
phantom_1	79	Picture	20	2779520	0	1	2226	1	0	2000	other	0
phantom_1	79	Pulse	255	2782513	2992	0
phantom_1	79	Pulse	255	2802513	22993	0
phantom_1	80	Picture	10	2804639	0	1	2226	1	0	2000	other	0
phantom_1	80	Pulse	255	2822513	17875	0
phantom_1	81	Picture	20	2829757	0	1	2226	1	0	2000	other	0
phantom_1	81	Pulse	255	2842513	12756	0
phantom_1	82	Picture	20	2854875	0	1	2226	1	0	2000	other	0
phantom_1	82	Pulse	255	2862513	7638	0
phantom_1	83	Picture	10	2872494	0	1	2226	1	0	2000	other	0
phantom_1	83	Pulse	255	2882513	10019	0
phantom_1	84	Picture	20	2890112	0	1	2226	1	0	2000	other	0
phantom_1	84	Pulse	255	2902513	12401	0
phantom_1	85	Picture	10	2915231	0	1	2226	1	0	2000	other	0
phantom_1	85	Pulse	255	2922513	7282	0
phantom_1	86	Picture	10	2932849	0	1	2226	1	0	2000	other	0
phantom_1	86	Pulse	255	2942513	9664	0
phantom_1	86	Pulse	255	2962513	29664	0
phantom_1	87	Picture	10	2965468	0	1	2220	1	0	2000	other	0
phantom_1	87	Pulse	255	2982513	17046	0
phantom_1	88	Picture	20	2998081	0	1	2226	1	0	2000	other	0
phantom_1	88	Pulse	255	3002513	4433	0
phantom_1	88	Pulse	255	3022513	24432	0
phantom_1	89	Picture	10	3030699	0	1	2226	1	0	2000	other	0
phantom_1	89	Pulse	255	3042513	11814	0
phantom_1	90	Picture	20	3055818	0	1	2226	1	0	2000	other	0
phantom_1	90	Pulse	255	3062513	6696	0
phantom_1	91	Picture	10	3080936	0	1	2226	1	0	2000	other	0
phantom_1	91	Pulse	255	3082514	1578	0
phantom_1	91	Pulse	255	3102514	21578	0
phantom_1	92	Picture	20	3106055	0	1	2226	1	0	2000	other	0
phantom_1	92	Pulse	255	3122513	16458	0
phantom_1	93	Picture	10	3131173	0	1	2226	1	0	2000	other	0
phantom_1	93	Pulse	255	3142513	11340	0
phantom_1	94	Picture	10	3156291	0	1	2226	1	0	2000	other	0
phantom_1	94	Pulse	255	3162513	6222	0
phantom_1	95	Picture	20	3173909	0	1	2125	1	0	2000	other	0
phantom_1	95	Pulse	255	3182513	8604	0
phantom_1	95	Pulse	255	3202514	28604	0
phantom_1	96	Picture	10	3206427	0	1	2226	1	0	2000	other	0
phantom_1	96	Pulse	255	3222513	16086	0
phantom_1	97	Picture	10	3239046	0	1	2226	1	0	2000	other	0
phantom_1	97	Pulse	255	3242513	3467	0
phantom_1	97	Pulse	255	3262514	23468	0
phantom_1	98	Picture	20	3271664	0	1	2226	1	0	2000	other	0
phantom_1	98	Pulse	255	3282514	10850	0
phantom_1	99	Picture	10	3296783	0	1	2226	1	0	2000	other	0
phantom_1	99	Pulse	255	3302513	5731	0
phantom_1	100	Picture	20	3321901	0	1	2226	1	0	2000	other	0
phantom_1	100	Pulse	255	3322514	613	0
phantom_1	100	Pulse	255	3342514	20613	0
phantom_1	101	Picture	Bfix	3347019	0	1	150226	1	0	150000	other	0
phantom_1	101	Pulse	255	3362514	15494	0
phantom_1	101	Pulse	255	3382514	35494	0
phantom_1	101	Pulse	255	3402514	55494	0
phantom_1	101	Pulse	255	3422514	75495	0
phantom_1	101	Pulse	255	3442513	95494	0
phantom_1	101	Pulse	255	3462514	115495	0
phantom_1	101	Pulse	255	3482514	135495	0
phantom_1	102	Picture	20	3497412	0	1	2226	1	0	2000	other	0
phantom_1	102	Pulse	255	3502513	5102	0
phantom_1	103	Picture	10	3515030	0	1	2226	1	0	2000	other	0
phantom_1	103	Pulse	255	3522514	7484	0
phantom_1	103	Pulse	255	3542514	27484	0
phantom_1	104	Picture	20	3547649	0	1	2226	1	0	2000	other	0
phantom_1	104	Pulse	255	3562514	14865	0
phantom_1	105	Picture	10	3580267	0	1	2226	1	0	2000	other	0
phantom_1	105	Pulse	255	3582514	2247	0
phantom_1	106	Picture	20	3597885	0	1	2226	1	0	2000	other	0
phantom_1	106	Pulse	255	3602514	4629	0
phantom_1	106	Pulse	255	3622514	24629	0
phantom_1	107	Picture	20	3630503	0	1	2226	1	0	2000	other	0
phantom_1	107	Pulse	255	3642514	12010	0
phantom_1	107	Pulse	255	3662514	32011	0
phantom_1	108	Picture	20	3663121	0	1	2226	1	0	2000	other	0
phantom_1	109	Picture	10	3680739	0	1	2226	1	0	2000	other	0
phantom_1	109	Pulse	255	3682514	1775	0
phantom_1	109	Pulse	255	3702514	21775	0
phantom_1	110	Picture	10	3705858	0	1	2226	1	0	2000	other	0
phantom_1	110	Pulse	255	3722514	16656	0
phantom_1	111	Picture	20	3730976	0	1	2226	1	0	2000	other	0
phantom_1	111	Pulse	255	3742514	11539	0
phantom_1	112	Picture	20	3748594	0	1	2226	1	0	2000	other	0
phantom_1	112	Pulse	255	3762514	13920	0
phantom_1	113	Picture	10	3766212	0	1	2226	1	0	2000	other	0
phantom_1	113	Pulse	255	3782514	16302	0
phantom_1	114	Picture	20	3791331	0	1	2226	1	0	2000	other	0
phantom_1	114	Pulse	255	3802514	11184	0
phantom_1	115	Picture	20	3808949	0	1	2226	1	0	2000	other	0
phantom_1	115	Pulse	255	3822514	13565	0
phantom_1	116	Picture	10	3841567	0	1	2226	1	0	2000	other	0
phantom_1	116	Pulse	255	3842515	947	0
phantom_1	117	Picture	20	3859186	0	1	2226	1	0	2000	other	0
phantom_1	117	Pulse	255	3862514	3329	0
phantom_1	117	Pulse	255	3882514	23328	0
phantom_1	118	Picture	20	3891804	0	1	2226	1	0	2000	other	0
phantom_1	118	Pulse	255	3902514	10710	0
phantom_1	119	Picture	10	3916922	0	1	2226	1	0	2000	other	0
phantom_1	119	Pulse	255	3922514	5592	0
phantom_1	119	Pulse	255	3942514	25592	0
phantom_1	120	Picture	20	3949540	0	1	2226	1	0	2000	other	0
phantom_1	120	Pulse	255	3962515	12974	0
phantom_1	121	Picture	20	3974659	0	1	2226	1	0	2000	other	0
phantom_1	121	Pulse	255	3982515	7856	0
phantom_1	122	Picture	10	3992277	0	1	2226	1	0	2000	other	0
phantom_1	122	Pulse	255	4002515	10238	0
phantom_1	123	Picture	20	4017292	0	1	2226	1	0	2000	other	0
phantom_1	123	Pulse	255	4022515	5223	0
phantom_1	124	Picture	20	4042410	0	1	2226	1	0	2000	other	0
phantom_1	124	Pulse	255	4042515	105	0
phantom_1	124	Pulse	255	4062514	20104	0
phantom_1	125	Picture	20	4067529	0	1	2223	4	0	2000	other	0
phantom_1	125	Pulse	255	4082515	14986	0
phantom_1	126	Picture	10	4085144	0	1	2167	1	0	2000	other	0
phantom_1	126	Pulse	255	4102515	17371	0
phantom_1	127	Picture	10	4110204	0	1	2226	1	0	2000	other	0
phantom_1	127	Pulse	255	4122515	12311	0
phantom_1	128	Picture	20	4135322	0	1	2226	1	0	2000	other	0
phantom_1	128	Pulse	255	4142515	7193	0
phantom_1	128	Pulse	255	4162515	27193	0
phantom_1	129	Picture	10	4167940	0	1	2226	1	0	2000	other	0
phantom_1	129	Pulse	255	4182515	14574	0
phantom_1	130	Picture	20	4193059	0	1	2226	1	0	2000	other	0
phantom_1	130	Pulse	255	4202515	9456	0
phantom_1	131	Picture	10	4218177	0	1	2226	1	0	2000	other	0
phantom_1	131	Pulse	255	4222515	4337	0
phantom_1	132	Picture	20	4235796	0	1	2226	1	0	2000	other	0
phantom_1	132	Pulse	255	4242515	6720	0
phantom_1	133	Picture	20	4260914	0	1	2226	1	0	2000	other	0
phantom_1	133	Pulse	255	4262515	1601	0
phantom_1	133	Pulse	255	4282515	21601	0
phantom_1	134	Picture	Bfix	4286033	0	1	150241	1	0	150000	other	0
phantom_1	134	Pulse	255	4302515	16482	0
phantom_1	134	Pulse	255	4322515	36483	0
phantom_1	134	Pulse	255	4342515	56482	0
phantom_1	134	Pulse	255	4362515	76482	0
phantom_1	134	Pulse	255	4382515	96483	0
phantom_1	134	Pulse	255	4402515	116482	0
phantom_1	134	Pulse	255	4422515	136482	0
phantom_1	135	Picture	10	4436274	0	1	2226	1	0	2000	other	0
phantom_1	135	Pulse	255	4442515	6242	0
phantom_1	136	Picture	20	4453892	0	1	2226	1	0	2000	other	0
phantom_1	136	Pulse	255	4462515	8623	0
phantom_1	137	Picture	10	4471510	0	1	2226	1	0	2000	other	0
phantom_1	137	Pulse	255	4482515	11005	0
phantom_1	138	Picture	20	4496628	0	1	2226	1	0	2000	other	0
phantom_1	138	Pulse	255	4502516	5887	0
phantom_1	138	Pulse	255	4522515	25887	0
phantom_1	139	Picture	10	4529247	0	1	2226	1	0	2000	other	0
phantom_1	139	Pulse	255	4542515	13268	0
phantom_1	140	Picture	10	4561865	0	1	2226	1	0	2000	other	0
phantom_1	140	Pulse	255	4562516	651	0
phantom_1	140	Pulse	255	4582515	20650	0
phantom_1	141	Picture	20	4594483	0	1	2226	1	0	2000	other	0
phantom_1	141	Pulse	255	4602515	8032	0
phantom_1	142	Picture	10	4612101	0	1	2226	1	0	2000	other	0
phantom_1	142	Pulse	255	4622516	10414	0
phantom_1	143	Picture	20	4637220	0	1	2226	1	0	2000	other	0
phantom_1	143	Pulse	255	4642515	5296	0
phantom_1	144	Picture	20	4654838	0	1	2226	1	0	2000	other	0
phantom_1	144	Pulse	255	4662515	7677	0
phantom_1	145	Picture	20	4672457	0	1	2226	1	0	2000	other	0
phantom_1	145	Pulse	255	4682516	10059	0
phantom_1	146	Picture	10	4697575	0	1	2226	1	0	2000	other	0
phantom_1	146	Pulse	255	4702516	4940	0
phantom_1	147	Picture	20	4715194	0	1	2226	1	0	2000	other	0
phantom_1	147	Pulse	255	4722516	7322	0
phantom_1	148	Picture	10	4740312	0	1	2225	2	0	2000	other	0
phantom_1	148	Pulse	255	4742516	2204	0
phantom_1	149	Picture	10	4757930	0	1	2226	1	0	2000	other	0
phantom_1	149	Pulse	255	4762516	4586	0
phantom_1	150	Picture	20	4775549	0	1	2226	1	0	2000	other	0
phantom_1	150	Pulse	255	4782516	6967	0
phantom_1	151	Picture	10	4800668	0	1	2226	1	0	2000	other	0
phantom_1	151	Pulse	255	4802515	1847	0
phantom_1	151	Pulse	255	4822506	21838	0
phantom_1	152	Picture	20	4833287	0	1	2226	1	0	2000	other	0
phantom_1	152	Pulse	255	4842506	9220	0
phantom_1	153	Picture	10	4850905	0	1	2226	1	0	2000	other	0
phantom_1	153	Pulse	255	4862506	11601	0
phantom_1	154	Picture	10	4868524	0	1	2226	1	0	2000	other	0
phantom_1	154	Pulse	255	4882506	13982	0
phantom_1	155	Picture	10	4901142	0	1	2226	1	0	2000	other	0
phantom_1	155	Pulse	255	4902506	1364	0
phantom_1	156	Picture	20	4918760	0	1	2226	1	0	2000	other	0
phantom_1	156	Pulse	255	4922506	3746	0
phantom_1	156	Pulse	255	4942506	23746	0
phantom_1	157	Picture	20	4943879	0	1	2226	1	0	2000	other	0
phantom_1	158	Picture	10	4961497	0	1	2226	1	0	2000	other	0
phantom_1	158	Pulse	255	4962506	1009	0
phantom_1	158	Pulse	255	4982506	21009	0
phantom_1	159	Picture	10	4994115	0	1	2226	1	0	2000	other	0
phantom_1	159	Pulse	255	5002506	8391	0
phantom_1	160	Picture	10	5019234	0	1	2226	1	0	2000	other	0
phantom_1	160	Pulse	255	5022509	3275	0
phantom_1	160	Pulse	255	5042505	23272	1
phantom_1	161	Picture	10	5044352	0	1	2226	1	0	2000	other	0
phantom_1	161	Pulse	255	5062506	18154	0
phantom_1	162	Picture	10	5076971	0	1	2220	1	0	2000	other	0
phantom_1	162	Pulse	255	5082506	5536	0
phantom_1	162	Pulse	255	5102506	25536	0
phantom_1	163	Picture	20	5109583	0	1	2226	1	0	2000	other	0
phantom_1	163	Pulse	255	5122506	12923	0
phantom_1	164	Picture	10	5127202	0	1	2226	1	0	2000	other	0
phantom_1	164	Pulse	255	5142506	15304	0
phantom_1	165	Picture	20	5159821	0	1	2226	1	0	2000	other	0
phantom_1	165	Pulse	255	5162506	2686	0
phantom_1	166	Picture	20	5177439	0	1	2226	1	0	2000	other	0
phantom_1	166	Pulse	255	5182507	5068	0
phantom_1	166	Pulse	255	5202507	25068	0
phantom_1	167	Picture	10	5210057	0	1	2226	1	0	2000	other	0
phantom_1	167	Pulse	255	5222506	12449	0
phantom_1	168	Picture	20	5235175	0	1	2167	1	0	2000	other	0
phantom_1	168	Pulse	255	5242507	7332	0
phantom_1	169	Picture	10	5252735	0	1	2226	1	0	2000	other	0
phantom_1	169	Pulse	255	5262507	9772	0
phantom_1	169	Pulse	255	5282507	29772	0
phantom_1	170	Picture	20	5285353	0	1	2226	1	0	2000	other	0
phantom_1	170	Pulse	255	5302506	17154	0
phantom_1	171	Picture	10	5310471	0	1	2226	1	0	2000	other	0
phantom_1	171	Pulse	255	5322507	12035	0
phantom_1	172	Picture	Suite	5328090	0	1	50226	1	0	50000	other	0
phantom_1	172	Pulse	255	5342507	14417	0
phantom_1	172	Pulse	255	5362507	34417	0
phantom_1	172	Pulse	255	5382507	54417	0
phantom_1	173	Picture	Bfix	5398317	0	1	60226	1	0	60000	other	0
phantom_1	173	Pulse	255	5402507	4190	0
phantom_1	173	Pulse	255	5422507	24190	0
phantom_1	173	Pulse	255	5442507	44191	0


Event Type	Code	Type	Response	RT	RT Uncertainty	Time	Uncertainty	Duration	Uncertainty	ReqTime	ReqDur

Nothing	cut	other				622748	1			0
Nothing	cut	other				627748	1			5000
Picture	20	other				632984	1	2226	1	0	2000
Picture	10	other				658103	1	2226	1	0	2000
Picture	10	other				675721	1	2226	1	0	2000
Picture	10	other				693339	1	2226	1	0	2000
Picture	20	other				718457	1	2226	1	0	2000
Picture	20	other				743576	1	2226	1	0	2000
Picture	20	other				761194	1	2226	1	0	2000
Picture	10	other				793812	1	2226	1	0	2000
Picture	20	other				811430	1	2226	1	0	2000
Picture	20	other				844048	1	2226	1	0	2000
Picture	10	other				861667	1	2226	1	0	2000
Picture	10	other				879154	1	2226	1	0	2000
Picture	20	other				904272	1	2226	1	0	2000
Picture	20	other				936890	1	2226	1	0	2000
Picture	10	other				969509	1	2226	1	0	2000
Picture	20	other				987127	1	2226	1	0	2000
Picture	10	other				1012245	1	2226	1	0	2000
Picture	10	other				1037363	1	2226	1	0	2000
Picture	10	other				1069905	1	2226	1	0	2000
Picture	20	other				1087523	1	2226	1	0	2000
Picture	10	other				1105142	1	2220	1	0	2000
Picture	20	other				1130255	1	2226	1	0	2000
Picture	10	other				1162873	1	2226	1	0	2000
Picture	20	other				1180491	1	2226	1	0	2000
Picture	10	other				1198110	1	2226	1	0	2000
Picture	10	other				1223228	1	2226	1	0	2000
Picture	20	other				1240847	1	2226	1	0	2000
Picture	10	other				1265965	1	2226	1	0	2000
Picture	20	other				1283584	1	2226	1	0	2000
Picture	20	other				1316202	1	2226	1	0	2000
Picture	20	other				1333821	1	2226	1	0	2000
Picture	20	other				1351439	1	2226	1	0	2000
Picture	20	other				1369057	1	2226	1	0	2000
Picture	Bfix	other				1386676	1	150239	1	0	150000
Picture	10	other				1536915	1	2226	1	0	2000
Picture	10	other				1562033	1	2226	1	0	2000
Picture	20	other				1594651	1	2226	1	0	2000
Picture	20	other				1612270	1	2226	1	0	2000
Picture	10	other				1629888	1	2226	1	0	2000
Picture	20	other				1647506	1	2226	1	0	2000
Picture	10	other				1680124	1	2226	1	0	2000
Picture	20	other				1712743	1	2226	1	0	2000
Picture	10	other				1745361	1	2226	1	0	2000
Picture	10	other				1770480	1	2226	1	0	2000
Picture	20	other				1795599	1	2226	1	0	2000
Picture	20	other				1820717	1	2226	1	0	2000
Picture	10	other				1845835	1	2226	1	0	2000
Picture	10	other				1878454	1	2226	1	0	2000
Picture	20	other				1911072	1	2226	1	0	2000
Picture	10	other				1936191	1	2226	1	0	2000
Picture	20	other				1968809	1	2226	1	0	2000
Picture	20	other				1993927	1	2226	1	0	2000
Picture	10	other				2026546	1	2226	1	0	2000
Picture	20	other				2059164	1	2226	1	0	2000
Picture	10	other				2076783	1	2220	1	0	2000
Picture	20	other				2094396	1	2167	1	0	2000
Picture	20	other				2111956	1	2226	1	0	2000
Picture	10	other				2137074	1	2226	1	0	2000
Picture	20	other				2169692	1	2226	1	0	2000
Picture	20	other				2202311	1	2226	1	0	2000
Picture	20	other				2219929	1	2226	1	0	2000
Picture	10	other				2252548	1	2226	1	0	2000
Picture	20	other				2277666	1	2226	1	0	2000
Picture	10	other				2310284	1	2226	1	0	2000
Picture	20	other				2327903	1	2226	1	0	2000
Picture	20	other				2345521	1	2226	1	0	2000
Picture	10	other				2378140	1	2226	1	0	2000
Picture	Bfix	other				2410758	1	150232	1	0	150000
Picture	20	other				2560990	1	2226	1	0	2000
Picture	20	other				2593609	1	2226	1	0	2000
Picture	20	other				2626227	1	2226	1	0	2000
Picture	20	other				2658845	1	2226	1	0	2000
Picture	20	other				2683964	1	2190	1	0	2000
Picture	20	other				2701546	1	2226	1	0	2000
Picture	20	other				2719164	1	2226	1	0	2000
Picture	10	other				2744283	1	2227	1	0	2000
Picture	10	other				2761902	1	2226	1	0	2000
Picture	20	other				2779520	1	2226	1	0	2000
Picture	10	other				2804639	1	2226	1	0	2000
Picture	20	other				2829757	1	2226	1	0	2000
Picture	20	other				2854875	1	2226	1	0	2000
Picture	10	other				2872494	1	2226	1	0	2000
Picture	20	other				2890112	1	2226	1	0	2000
Picture	10	other				2915231	1	2226	1	0	2000
Picture	10	other				2932849	1	2226	1	0	2000
Picture	10	other				2965468	1	2220	1	0	2000
Picture	20	other				2998081	1	2226	1	0	2000
Picture	10	other				3030699	1	2226	1	0	2000
Picture	20	other				3055818	1	2226	1	0	2000
Picture	10	other				3080936	1	2226	1	0	2000
Picture	20	other				3106055	1	2226	1	0	2000
Picture	10	other				3131173	1	2226	1	0	2000
Picture	10	other				3156291	1	2226	1	0	2000
Picture	20	other				3173909	1	2125	1	0	2000
Picture	10	other				3206427	1	2226	1	0	2000
Picture	10	other				3239046	1	2226	1	0	2000
Picture	20	other				3271664	1	2226	1	0	2000
Picture	10	other				3296783	1	2226	1	0	2000
Picture	20	other				3321901	1	2226	1	0	2000
Picture	Bfix	other				3347019	1	150226	1	0	150000
Picture	20	other				3497412	1	2226	1	0	2000
Picture	10	other				3515030	1	2226	1	0	2000
Picture	20	other				3547649	1	2226	1	0	2000
Picture	10	other				3580267	1	2226	1	0	2000
Picture	20	other				3597885	1	2226	1	0	2000
Picture	20	other				3630503	1	2226	1	0	2000
Picture	20	other				3663121	1	2226	1	0	2000
Picture	10	other				3680739	1	2226	1	0	2000
Picture	10	other				3705858	1	2226	1	0	2000
Picture	20	other				3730976	1	2226	1	0	2000
Picture	20	other				3748594	1	2226	1	0	2000
Picture	10	other				3766212	1	2226	1	0	2000
Picture	20	other				3791331	1	2226	1	0	2000
Picture	20	other				3808949	1	2226	1	0	2000
Picture	10	other				3841567	1	2226	1	0	2000
Picture	20	other				3859186	1	2226	1	0	2000
Picture	20	other				3891804	1	2226	1	0	2000
Picture	10	other				3916922	1	2226	1	0	2000
Picture	20	other				3949540	1	2226	1	0	2000
Picture	20	other				3974659	1	2226	1	0	2000
Picture	10	other				3992277	1	2226	1	0	2000
Picture	20	other				4017292	1	2226	1	0	2000
Picture	20	other				4042410	1	2226	1	0	2000
Picture	20	other				4067529	1	2223	4	0	2000
Picture	10	other				4085144	1	2167	1	0	2000
Picture	10	other				4110204	1	2226	1	0	2000
Picture	20	other				4135322	1	2226	1	0	2000
Picture	10	other				4167940	1	2226	1	0	2000
Picture	20	other				4193059	1	2226	1	0	2000
Picture	10	other				4218177	1	2226	1	0	2000
Picture	20	other				4235796	1	2226	1	0	2000
Picture	20	other				4260914	1	2226	1	0	2000
Picture	Bfix	other				4286033	1	150241	1	0	150000
Picture	10	other				4436274	1	2226	1	0	2000
Picture	20	other				4453892	1	2226	1	0	2000
Picture	10	other				4471510	1	2226	1	0	2000
Picture	20	other				4496628	1	2226	1	0	2000
Picture	10	other				4529247	1	2226	1	0	2000
Picture	10	other				4561865	1	2226	1	0	2000
Picture	20	other				4594483	1	2226	1	0	2000
Picture	10	other				4612101	1	2226	1	0	2000
Picture	20	other				4637220	1	2226	1	0	2000
Picture	20	other				4654838	1	2226	1	0	2000
Picture	20	other				4672457	1	2226	1	0	2000
Picture	10	other				4697575	1	2226	1	0	2000
Picture	20	other				4715194	1	2226	1	0	2000
Picture	10	other				4740312	1	2225	2	0	2000
Picture	10	other				4757930	1	2226	1	0	2000
Picture	20	other				4775549	1	2226	1	0	2000
Picture	10	other				4800668	1	2226	1	0	2000
Picture	20	other				4833287	1	2226	1	0	2000
Picture	10	other				4850905	1	2226	1	0	2000
Picture	10	other				4868524	1	2226	1	0	2000
Picture	10	other				4901142	1	2226	1	0	2000
Picture	20	other				4918760	1	2226	1	0	2000
Picture	20	other				4943879	1	2226	1	0	2000
Picture	10	other				4961497	1	2226	1	0	2000
Picture	10	other				4994115	1	2226	1	0	2000
Picture	10	other				5019234	1	2226	1	0	2000
Picture	10	other				5044352	1	2226	1	0	2000
Picture	10	other				5076971	1	2220	1	0	2000
Picture	20	other				5109583	1	2226	1	0	2000
Picture	10	other				5127202	1	2226	1	0	2000
Picture	20	other				5159821	1	2226	1	0	2000
Picture	20	other				5177439	1	2226	1	0	2000
Picture	10	other				5210057	1	2226	1	0	2000
Picture	20	other				5235175	1	2167	1	0	2000
Picture	10	other				5252735	1	2226	1	0	2000
Picture	20	other				5285353	1	2226	1	0	2000
Picture	10	other				5310471	1	2226	1	0	2000
Picture	Suite	other				5328090	1	50226	1	0	50000
Picture	Bfix	other				5398317	1	60226	1	0	60000
