Scenario - loca_lec2
Logfile written - 06/04/2018 13:43:29

Subject	Trial	Event Type	Code	Time	TTime	Uncertainty	Duration	Uncertainty	ReqTime	ReqDur	Stim Type	Pair Index

pilot-35_1	0	Pulse	255	760406	760406	0
pilot-35_1	1	Nothing	cut	760635	0	1			0		other	0
pilot-35_1	1	Nothing	cut	765635	5000	1			5000		other	0
pilot-35_1	2	Picture	20	770894	0	1	2226	1	0	2000	other	0
pilot-35_1	2	Pulse	255	780407	9513	0
pilot-35_1	3	Picture	10	796012	0	1	2226	1	0	2000	other	0
pilot-35_1	3	Pulse	255	800406	4394	0
pilot-35_1	3	Pulse	255	820406	24394	0
pilot-35_1	4	Picture	10	821131	0	1	2226	1	0	2000	other	0
pilot-35_1	5	Picture	10	838749	0	1	2226	1	0	2000	other	0
pilot-35_1	5	Pulse	255	840407	1658	0
pilot-35_1	5	Pulse	255	860406	21657	0
pilot-35_1	6	Picture	20	871367	0	1	2226	1	0	2000	other	0
pilot-35_1	6	Pulse	255	880407	9039	0
pilot-35_1	6	Pulse	255	900406	29039	0
pilot-35_1	7	Picture	20	903985	0	1	2226	1	0	2000	other	0
pilot-35_1	7	Pulse	255	920407	16421	0
pilot-35_1	8	Picture	20	921604	0	1	2226	1	0	2000	other	0
pilot-35_1	8	Pulse	255	940407	18803	0
pilot-35_1	9	Picture	10	954222	0	1	2226	1	0	2000	other	0
pilot-35_1	9	Pulse	255	960407	6185	0
pilot-35_1	10	Picture	20	979340	0	1	2226	1	0	2000	other	0
pilot-35_1	10	Pulse	255	980406	1066	0
pilot-35_1	10	Pulse	255	1000406	21066	0
pilot-35_1	11	Picture	20	1011958	0	1	2226	1	0	2000	other	0
pilot-35_1	11	Pulse	255	1020407	8448	0
pilot-35_1	12	Picture	10	1029577	0	1	2226	1	0	2000	other	0
pilot-35_1	12	Pulse	255	1040407	10830	0
pilot-35_1	13	Picture	10	1047195	0	1	2226	1	0	2000	other	0
pilot-35_1	13	Pulse	255	1060406	13211	0
pilot-35_1	14	Picture	20	1064813	0	1	2227	1	0	2000	other	0
pilot-35_1	14	Pulse	255	1080407	15593	0
pilot-35_1	15	Picture	20	1082432	0	1	2226	1	0	2000	other	0
pilot-35_1	15	Pulse	255	1100406	17974	0
pilot-35_1	16	Picture	10	1115051	0	1	2226	1	0	2000	other	0
pilot-35_1	16	Pulse	255	1120406	5356	0
pilot-35_1	16	Pulse	255	1140407	25356	0
pilot-35_1	17	Picture	20	1147669	0	1	2226	1	0	2000	other	0
pilot-35_1	17	Pulse	255	1160406	12737	0
pilot-35_1	18	Picture	10	1172787	0	1	2226	1	0	2000	other	0
pilot-35_1	18	Pulse	255	1180407	7620	0
pilot-35_1	19	Picture	10	1190405	0	1	2226	1	0	2000	other	0
pilot-35_1	19	Pulse	255	1200406	10001	0
pilot-35_1	19	Pulse	255	1220407	30001	0
pilot-35_1	20	Picture	10	1223024	0	1	2226	1	0	2000	other	0
pilot-35_1	20	Pulse	255	1240407	17384	0
pilot-35_1	21	Picture	20	1248142	0	1	2226	1	0	2000	other	0
pilot-35_1	21	Pulse	255	1260407	12265	0
pilot-35_1	22	Picture	10	1273260	0	1	2226	1	0	2000	other	0
pilot-35_1	22	Pulse	255	1280406	7146	0
pilot-35_1	22	Pulse	255	1300407	27146	0
pilot-35_1	23	Picture	20	1305879	0	1	2226	1	0	2000	other	0
pilot-35_1	23	Pulse	255	1320407	14529	0
pilot-35_1	24	Picture	10	1323497	0	1	2226	1	0	2000	other	0
pilot-35_1	24	Pulse	255	1340407	16910	0
pilot-35_1	25	Picture	20	1348615	0	1	2226	1	0	2000	other	0
pilot-35_1	25	Pulse	255	1360407	11791	0
pilot-35_1	25	Pulse	255	1380407	31791	0
pilot-35_1	26	Picture	10	1381233	0	1	2226	1	0	2000	other	0
pilot-35_1	26	Pulse	255	1400407	19173	0
pilot-35_1	27	Picture	10	1413852	0	1	2226	1	0	2000	other	0
pilot-35_1	27	Pulse	255	1420407	6555	0
pilot-35_1	27	Pulse	255	1440407	26555	0
pilot-35_1	28	Picture	20	1446470	0	1	2226	1	0	2000	other	0
pilot-35_1	28	Pulse	255	1460407	13937	0
pilot-35_1	29	Picture	10	1479088	0	1	2226	1	0	2000	other	0
pilot-35_1	29	Pulse	255	1480407	1319	0
pilot-35_1	30	Picture	20	1496706	0	1	2226	1	0	2000	other	0
pilot-35_1	30	Pulse	255	1500407	3701	0
pilot-35_1	31	Picture	20	1514325	0	1	2226	1	0	2000	other	0
pilot-35_1	31	Pulse	255	1520407	6083	0
pilot-35_1	31	Pulse	255	1540406	26082	0
pilot-35_1	32	Picture	20	1546943	0	1	2226	1	0	2000	other	0
pilot-35_1	32	Pulse	255	1560407	13464	0
pilot-35_1	33	Picture	20	1572061	0	1	2226	1	0	2000	other	0
pilot-35_1	33	Pulse	255	1580407	8346	0
pilot-35_1	34	Picture	20	1597179	0	1	2226	1	0	2000	other	0
pilot-35_1	34	Pulse	255	1600407	3228	0
pilot-35_1	35	Picture	Bfix	1614798	0	1	150240	1	0	150000	other	0
pilot-35_1	35	Pulse	255	1620408	5610	0
pilot-35_1	35	Pulse	255	1640406	25608	0
pilot-35_1	35	Pulse	255	1660407	45609	0
pilot-35_1	35	Pulse	255	1680408	65610	0
pilot-35_1	35	Pulse	255	1700408	85610	0
pilot-35_1	35	Pulse	255	1720407	105609	0
pilot-35_1	35	Pulse	255	1740408	125610	0
pilot-35_1	35	Pulse	255	1760408	145610	0
pilot-35_1	36	Picture	10	1765037	0	1	2226	1	0	2000	other	0
pilot-35_1	36	Pulse	255	1780407	15370	0
pilot-35_1	37	Picture	10	1790156	0	1	2226	1	0	2000	other	0
pilot-35_1	37	Pulse	255	1800408	10252	0
pilot-35_1	38	Picture	20	1815274	0	1	2226	1	0	2000	other	0
pilot-35_1	38	Pulse	255	1820408	5134	0
pilot-35_1	38	Pulse	255	1840408	25134	0
pilot-35_1	39	Picture	20	1847893	0	1	2226	1	0	2000	other	0
pilot-35_1	39	Pulse	255	1860408	12515	0
pilot-35_1	40	Picture	10	1865511	0	1	2226	1	0	2000	other	0
pilot-35_1	40	Pulse	255	1880408	14897	0
pilot-35_1	41	Picture	20	1883130	0	1	2226	1	0	2000	other	0
pilot-35_1	41	Pulse	255	1900408	17278	0
pilot-35_1	42	Picture	10	1908248	0	1	2226	1	0	2000	other	0
pilot-35_1	42	Pulse	255	1920408	12160	0
pilot-35_1	43	Picture	20	1925866	0	1	2226	1	0	2000	other	0
pilot-35_1	43	Pulse	255	1940408	14542	0
pilot-35_1	44	Picture	10	1958484	0	1	2226	1	0	2000	other	0
pilot-35_1	44	Pulse	255	1960409	1924	0
pilot-35_1	44	Pulse	255	1980408	21924	0
pilot-35_1	45	Picture	10	1991103	0	1	2226	1	0	2000	other	0
pilot-35_1	45	Pulse	255	2000398	9295	0
pilot-35_1	46	Picture	20	2016221	0	1	2226	1	0	2000	other	0
pilot-35_1	46	Pulse	255	2020397	4176	0
pilot-35_1	47	Picture	20	2033839	0	1	2226	1	0	2000	other	0
pilot-35_1	47	Pulse	255	2040398	6559	0
pilot-35_1	48	Picture	10	2051457	0	1	2226	1	0	2000	other	0
pilot-35_1	48	Pulse	255	2060398	8941	0
pilot-35_1	49	Picture	10	2076576	0	1	2226	1	0	2000	other	0
pilot-35_1	49	Pulse	255	2080398	3822	0
pilot-35_1	50	Picture	20	2094194	0	1	2226	1	0	2000	other	0
pilot-35_1	50	Pulse	255	2100398	6204	0
pilot-35_1	50	Pulse	255	2120398	26204	0
pilot-35_1	51	Picture	10	2126812	0	1	2226	1	0	2000	other	0
pilot-35_1	51	Pulse	255	2140398	13585	0
pilot-35_1	52	Picture	20	2151931	0	1	2226	1	0	2000	other	0
pilot-35_1	52	Pulse	255	2160398	8467	0
pilot-35_1	53	Picture	20	2177049	0	1	2226	1	0	2000	other	0
pilot-35_1	53	Pulse	255	2180398	3349	0
pilot-35_1	54	Picture	10	2194667	0	1	2226	1	0	2000	other	0
pilot-35_1	54	Pulse	255	2200398	5731	0
pilot-35_1	55	Picture	20	2212286	0	1	2226	1	0	2000	other	0
pilot-35_1	55	Pulse	255	2220398	8112	0
pilot-35_1	55	Pulse	255	2240398	28113	0
pilot-35_1	56	Picture	10	2244904	0	1	2226	1	0	2000	other	0
pilot-35_1	56	Pulse	255	2260398	15494	0
pilot-35_1	57	Picture	20	2262522	0	1	2226	1	0	2000	other	0
pilot-35_1	58	Picture	20	2280140	0	1	2226	1	0	2000	other	0
pilot-35_1	58	Pulse	255	2280398	258	0
pilot-35_1	58	Pulse	255	2300398	20258	0
pilot-35_1	59	Picture	10	2305259	0	1	2226	1	0	2000	other	0
pilot-35_1	59	Pulse	255	2320398	15139	0
pilot-35_1	60	Picture	20	2322877	0	1	2226	1	0	2000	other	0
pilot-35_1	60	Pulse	255	2340399	17522	0
pilot-35_1	61	Picture	20	2340495	0	1	2226	1	0	2000	other	0
pilot-35_1	62	Picture	20	2358113	0	1	2226	1	0	2000	other	0
pilot-35_1	62	Pulse	255	2360399	2285	0
pilot-35_1	62	Pulse	255	2380398	22285	0
pilot-35_1	63	Picture	10	2383232	0	1	2226	1	0	2000	other	0
pilot-35_1	63	Pulse	255	2400398	17167	0
pilot-35_1	64	Picture	20	2408350	0	1	2226	1	0	2000	other	0
pilot-35_1	64	Pulse	255	2420398	12048	0
pilot-35_1	65	Picture	10	2425969	0	1	2226	1	0	2000	other	0
pilot-35_1	65	Pulse	255	2440398	14429	0
pilot-35_1	66	Picture	20	2458587	0	1	2226	1	0	2000	other	0
pilot-35_1	66	Pulse	255	2460398	1811	0
pilot-35_1	67	Picture	20	2476205	0	1	2226	1	0	2000	other	0
pilot-35_1	67	Pulse	255	2480398	4193	0
pilot-35_1	67	Pulse	255	2500398	24193	0
pilot-35_1	68	Picture	10	2508824	0	1	2226	1	0	2000	other	0
pilot-35_1	68	Pulse	255	2520398	11575	0
pilot-35_1	69	Picture	Bfix	2533942	0	1	150234	1	0	150000	other	0
pilot-35_1	69	Pulse	255	2540398	6456	0
pilot-35_1	69	Pulse	255	2560399	26456	0
pilot-35_1	69	Pulse	255	2580398	46456	0
pilot-35_1	69	Pulse	255	2600399	66456	0
pilot-35_1	69	Pulse	255	2620398	86456	0
pilot-35_1	69	Pulse	255	2640399	106456	0
pilot-35_1	69	Pulse	255	2660399	126456	0
pilot-35_1	69	Pulse	255	2680397	146455	0
pilot-35_1	70	Picture	20	2684176	0	1	2226	1	0	2000	other	0
pilot-35_1	70	Pulse	255	2700399	16223	0
pilot-35_1	71	Picture	20	2701794	0	1	2226	1	0	2000	other	0
pilot-35_1	72	Picture	20	2719412	0	1	2226	1	0	2000	other	0
pilot-35_1	72	Pulse	255	2720399	986	0
pilot-35_1	72	Pulse	255	2740398	20986	0
pilot-35_1	73	Picture	20	2744531	0	1	2226	1	0	2000	other	0
pilot-35_1	73	Pulse	255	2760398	15868	0
pilot-35_1	74	Picture	20	2777149	0	1	2226	1	0	2000	other	0
pilot-35_1	74	Pulse	255	2780399	3250	0
pilot-35_1	74	Pulse	255	2800398	23249	0
pilot-35_1	75	Picture	20	2809767	0	1	2226	1	0	2000	other	0
pilot-35_1	75	Pulse	255	2820398	10631	0
pilot-35_1	75	Pulse	255	2840399	30632	0
pilot-35_1	76	Picture	20	2842385	0	1	2226	1	0	2000	other	0
pilot-35_1	77	Picture	10	2860003	0	1	2226	1	0	2000	other	0
pilot-35_1	77	Pulse	255	2860399	395	0
pilot-35_1	77	Pulse	255	2880399	20396	0
pilot-35_1	78	Picture	10	2885122	0	1	2226	1	0	2000	other	0
pilot-35_1	78	Pulse	255	2900399	15277	0
pilot-35_1	79	Picture	20	2902740	0	1	2226	1	0	2000	other	0
pilot-35_1	79	Pulse	255	2920399	17659	0
pilot-35_1	80	Picture	10	2935358	0	1	2226	1	0	2000	other	0
pilot-35_1	80	Pulse	255	2940399	5041	0
pilot-35_1	80	Pulse	255	2960399	25041	0
pilot-35_1	81	Picture	20	2967976	0	1	2226	1	0	2000	other	0
pilot-35_1	81	Pulse	255	2980399	12423	0
pilot-35_1	81	Pulse	255	3000400	32423	0
pilot-35_1	82	Picture	20	3000595	0	1	2226	1	0	2000	other	0
pilot-35_1	83	Picture	10	3018213	0	1	2226	1	0	2000	other	0
pilot-35_1	83	Pulse	255	3020400	2187	0
pilot-35_1	83	Pulse	255	3040399	22186	0
pilot-35_1	84	Picture	20	3050831	0	1	2226	1	0	2000	other	0
pilot-35_1	84	Pulse	255	3060399	9568	0
pilot-35_1	85	Picture	10	3075950	0	1	2226	1	0	2000	other	0
pilot-35_1	85	Pulse	255	3080399	4450	0
pilot-35_1	85	Pulse	255	3100399	24449	0
pilot-35_1	86	Picture	10	3108568	0	1	2226	1	0	2000	other	0
pilot-35_1	86	Pulse	255	3120399	11831	0
pilot-35_1	87	Picture	10	3126186	0	1	2226	1	0	2000	other	0
pilot-35_1	87	Pulse	255	3140400	14213	0
pilot-35_1	88	Picture	20	3151304	0	1	2226	1	0	2000	other	0
pilot-35_1	88	Pulse	255	3160399	9095	0
pilot-35_1	89	Picture	10	3176423	0	1	2226	1	0	2000	other	0
pilot-35_1	89	Pulse	255	3180399	3976	0
pilot-35_1	89	Pulse	255	3200399	23977	0
pilot-35_1	90	Picture	20	3209041	0	1	2226	1	0	2000	other	0
pilot-35_1	90	Pulse	255	3220399	11358	0
pilot-35_1	90	Pulse	255	3240399	31358	0
pilot-35_1	91	Picture	10	3241659	0	1	2226	1	0	2000	other	0
pilot-35_1	91	Pulse	255	3260399	18740	0
pilot-35_1	92	Picture	20	3266778	0	1	2226	1	0	2000	other	0
pilot-35_1	92	Pulse	255	3280399	13622	0
pilot-35_1	93	Picture	10	3284396	0	1	2226	1	0	2000	other	0
pilot-35_1	93	Pulse	255	3300400	16004	0
pilot-35_1	94	Picture	10	3309514	0	1	2226	1	0	2000	other	0
pilot-35_1	94	Pulse	255	3320400	10885	0
pilot-35_1	94	Pulse	255	3340399	30885	0
pilot-35_1	95	Picture	20	3342133	0	1	2226	1	0	2000	other	0
pilot-35_1	95	Pulse	255	3360400	18267	0
pilot-35_1	96	Picture	10	3367251	0	1	2226	1	0	2000	other	0
pilot-35_1	96	Pulse	255	3380399	13148	0
pilot-35_1	97	Picture	10	3392369	0	1	2226	1	0	2000	other	0
pilot-35_1	97	Pulse	255	3400399	8030	0
pilot-35_1	97	Pulse	255	3420400	28030	0
pilot-35_1	98	Picture	20	3424987	0	1	2226	1	0	2000	other	0
pilot-35_1	98	Pulse	255	3440399	15412	0
pilot-35_1	99	Picture	10	3450105	0	1	2226	1	0	2000	other	0
pilot-35_1	99	Pulse	255	3460399	10294	0
pilot-35_1	99	Pulse	255	3480400	30294	0
pilot-35_1	100	Picture	20	3482724	0	1	2226	1	0	2000	other	0
pilot-35_1	100	Pulse	255	3500400	17676	0
pilot-35_1	101	Picture	Bfix	3515342	0	1	150232	1	0	150000	other	0
pilot-35_1	101	Pulse	255	3520400	5058	0
pilot-35_1	101	Pulse	255	3540399	25058	0
pilot-35_1	101	Pulse	255	3560399	45058	0
pilot-35_1	101	Pulse	255	3580400	65058	0
pilot-35_1	101	Pulse	255	3600400	85058	0
pilot-35_1	101	Pulse	255	3620399	105057	0
pilot-35_1	101	Pulse	255	3640399	125058	0
pilot-35_1	101	Pulse	255	3660400	145058	0
pilot-35_1	102	Picture	20	3665574	0	1	2226	1	0	2000	other	0
pilot-35_1	102	Pulse	255	3680400	14826	0
pilot-35_1	103	Picture	10	3690692	0	1	2226	1	0	2000	other	0
pilot-35_1	103	Pulse	255	3700399	9707	0
pilot-35_1	104	Picture	20	3708311	0	1	2226	1	0	2000	other	0
pilot-35_1	104	Pulse	255	3720400	12089	0
pilot-35_1	105	Picture	10	3733429	0	1	2226	1	0	2000	other	0
pilot-35_1	105	Pulse	255	3740400	6971	0
pilot-35_1	106	Picture	20	3758547	0	1	2226	1	0	2000	other	0
pilot-35_1	106	Pulse	255	3760400	1853	0
pilot-35_1	106	Pulse	255	3780400	21852	0
pilot-35_1	107	Picture	20	3791166	0	1	2226	1	0	2000	other	0
pilot-35_1	107	Pulse	255	3800400	9234	0
pilot-35_1	108	Picture	20	3816284	0	1	2226	1	0	2000	other	0
pilot-35_1	108	Pulse	255	3820400	4116	0
pilot-35_1	108	Pulse	255	3840400	24116	0
pilot-35_1	109	Picture	10	3848902	0	1	2226	1	0	2000	other	0
pilot-35_1	109	Pulse	255	3860400	11497	0
pilot-35_1	110	Picture	10	3866520	0	1	2226	1	0	2000	other	0
pilot-35_1	110	Pulse	255	3880400	13880	0
pilot-35_1	111	Picture	20	3891639	0	1	2226	1	0	2000	other	0
pilot-35_1	111	Pulse	255	3900400	8761	0
pilot-35_1	112	Picture	20	3916757	0	1	2226	1	0	2000	other	0
pilot-35_1	112	Pulse	255	3920400	3643	0
pilot-35_1	112	Pulse	255	3940399	23642	0
pilot-35_1	113	Picture	10	3941875	0	1	2226	1	0	2000	other	0
pilot-35_1	113	Pulse	255	3960400	18525	0
pilot-35_1	114	Picture	20	3974493	0	1	2226	1	0	2000	other	0
pilot-35_1	114	Pulse	255	3980400	5907	0
pilot-35_1	115	Picture	20	3992111	0	1	2226	1	0	2000	other	0
pilot-35_1	115	Pulse	255	4000399	8288	0
pilot-35_1	115	Pulse	255	4020400	28289	0
pilot-35_1	116	Picture	10	4024729	0	1	2226	1	0	2000	other	0
pilot-35_1	116	Pulse	255	4040400	15671	0
pilot-35_1	117	Picture	20	4057348	0	1	2226	1	0	2000	other	0
pilot-35_1	117	Pulse	255	4060401	3053	0
pilot-35_1	117	Pulse	255	4080400	23053	0
pilot-35_1	118	Picture	20	4082466	0	1	2226	1	0	2000	other	0
pilot-35_1	118	Pulse	255	4100400	17934	0
pilot-35_1	119	Picture	10	4115084	0	1	2226	1	0	2000	other	0
pilot-35_1	119	Pulse	255	4120400	5317	0
pilot-35_1	120	Picture	20	4132702	0	1	2226	1	0	2000	other	0
pilot-35_1	120	Pulse	255	4140400	7698	0
pilot-35_1	120	Pulse	255	4160401	27699	0
pilot-35_1	121	Picture	20	4165320	0	1	2226	1	0	2000	other	0
pilot-35_1	121	Pulse	255	4180400	15080	0
pilot-35_1	122	Picture	10	4197938	0	1	2226	1	0	2000	other	0
pilot-35_1	122	Pulse	255	4200401	2462	0
pilot-35_1	122	Pulse	255	4220390	22452	0
pilot-35_1	123	Picture	20	4223057	0	1	2225	1	0	2000	other	0
pilot-35_1	123	Pulse	255	4240391	17334	0
pilot-35_1	124	Picture	20	4255675	0	1	2226	1	0	2000	other	0
pilot-35_1	124	Pulse	255	4260390	4715	0
pilot-35_1	125	Picture	20	4273293	0	1	2226	1	0	2000	other	0
pilot-35_1	125	Pulse	255	4280391	7098	0
pilot-35_1	125	Pulse	255	4300390	27097	0
pilot-35_1	126	Picture	10	4305911	0	1	2226	1	0	2000	other	0
pilot-35_1	126	Pulse	255	4320390	14479	0
pilot-35_1	127	Picture	10	4331029	0	1	2226	1	0	2000	other	0
pilot-35_1	127	Pulse	255	4340390	9361	0
pilot-35_1	127	Pulse	255	4360391	29362	0
pilot-35_1	128	Picture	20	4363647	0	1	2226	1	0	2000	other	0
pilot-35_1	128	Pulse	255	4380391	16743	0
pilot-35_1	129	Picture	10	4381266	0	1	2226	1	0	2000	other	0
pilot-35_1	129	Pulse	255	4400391	19125	0
pilot-35_1	130	Picture	20	4406384	0	1	2226	1	0	2000	other	0
pilot-35_1	130	Pulse	255	4420390	14006	0
pilot-35_1	131	Picture	10	4431502	0	1	2226	1	0	2000	other	0
pilot-35_1	131	Pulse	255	4440391	8889	0
pilot-35_1	132	Picture	20	4449121	0	1	2226	1	0	2000	other	0
pilot-35_1	132	Pulse	255	4460391	11270	0
pilot-35_1	133	Picture	20	4474239	0	1	2226	1	0	2000	other	0
pilot-35_1	133	Pulse	255	4480391	6151	0
pilot-35_1	134	Picture	Bfix	4499358	0	1	150239	1	0	150000	other	0
pilot-35_1	134	Pulse	255	4500391	1033	0
pilot-35_1	134	Pulse	255	4520391	21033	0
pilot-35_1	134	Pulse	255	4540391	41033	0
pilot-35_1	134	Pulse	255	4560391	61033	0
pilot-35_1	134	Pulse	255	4580391	81034	0
pilot-35_1	134	Pulse	255	4600391	101033	0
pilot-35_1	134	Pulse	255	4620391	121034	0
pilot-35_1	134	Pulse	255	4640391	141034	0
pilot-35_1	135	Picture	10	4649597	0	1	2226	1	0	2000	other	0
pilot-35_1	135	Pulse	255	4660391	10794	0
pilot-35_1	136	Picture	20	4674716	0	1	2226	1	0	2000	other	0
pilot-35_1	136	Pulse	255	4680390	5674	0
pilot-35_1	136	Pulse	255	4700391	25676	0
pilot-35_1	137	Picture	10	4707334	0	1	2226	1	0	2000	other	0
pilot-35_1	137	Pulse	255	4720390	13056	0
pilot-35_1	138	Picture	20	4724952	0	1	2226	1	0	2000	other	0
pilot-35_1	138	Pulse	255	4740391	15439	0
pilot-35_1	139	Picture	10	4750070	0	1	2226	1	0	2000	other	0
pilot-35_1	139	Pulse	255	4760391	10321	0
pilot-35_1	139	Pulse	255	4780391	30321	0
pilot-35_1	140	Picture	10	4782688	0	1	2226	1	0	2000	other	0
pilot-35_1	140	Pulse	255	4800391	17702	0
pilot-35_1	141	Picture	20	4815307	0	1	2226	1	0	2000	other	0
pilot-35_1	141	Pulse	255	4820391	5084	0
pilot-35_1	141	Pulse	255	4840392	25085	0
pilot-35_1	142	Picture	10	4840425	0	1	2226	1	0	2000	other	0
pilot-35_1	143	Picture	20	4858044	0	1	2226	1	0	2000	other	0
pilot-35_1	143	Pulse	255	4860392	2348	0
pilot-35_1	143	Pulse	255	4880391	22347	0
pilot-35_1	144	Picture	20	4890662	0	1	2226	1	0	2000	other	0
pilot-35_1	144	Pulse	255	4900391	9730	0
pilot-35_1	145	Picture	20	4915780	0	1	2226	1	0	2000	other	0
pilot-35_1	145	Pulse	255	4920391	4611	0
pilot-35_1	146	Picture	10	4933398	0	1	2226	1	0	2000	other	0
pilot-35_1	146	Pulse	255	4940391	6993	0
pilot-35_1	147	Picture	20	4958516	0	1	2226	1	0	2000	other	0
pilot-35_1	147	Pulse	255	4960392	1875	0
pilot-35_1	147	Pulse	255	4980392	21875	0
pilot-35_1	148	Picture	10	4983635	0	1	2226	1	0	2000	other	0
pilot-35_1	148	Pulse	255	5000392	16757	0
pilot-35_1	149	Picture	10	5001253	0	1	2226	1	0	2000	other	0
pilot-35_1	149	Pulse	255	5020390	19138	0
pilot-35_1	150	Picture	20	5033871	0	1	2226	1	0	2000	other	0
pilot-35_1	150	Pulse	255	5040391	6520	0
pilot-35_1	150	Pulse	255	5060392	26521	0
pilot-35_1	151	Picture	10	5066489	0	1	2226	1	0	2000	other	0
pilot-35_1	151	Pulse	255	5080391	13902	0
pilot-35_1	152	Picture	20	5099107	0	1	2226	1	0	2000	other	0
pilot-35_1	152	Pulse	255	5100391	1284	0
pilot-35_1	153	Picture	10	5116726	0	1	2226	1	0	2000	other	0
pilot-35_1	153	Pulse	255	5120391	3666	0
pilot-35_1	154	Picture	10	5134344	0	1	2226	1	0	2000	other	0
pilot-35_1	154	Pulse	255	5140393	6049	0
pilot-35_1	155	Picture	10	5151962	0	1	2226	1	0	2000	other	0
pilot-35_1	155	Pulse	255	5160391	8429	0
pilot-35_1	156	Picture	20	5169580	0	1	2226	1	0	2000	other	0
pilot-35_1	156	Pulse	255	5180392	10811	0
pilot-35_1	157	Picture	20	5194586	0	1	2226	1	0	2000	other	0
pilot-35_1	157	Pulse	255	5200391	5805	0
pilot-35_1	158	Picture	10	5212204	0	1	2226	1	0	2000	other	0
pilot-35_1	158	Pulse	255	5220391	8187	0
pilot-35_1	159	Picture	10	5237323	0	1	2226	1	0	2000	other	0
pilot-35_1	159	Pulse	255	5240391	3069	0
pilot-35_1	159	Pulse	255	5260391	23069	0
pilot-35_1	160	Picture	10	5269941	0	1	2226	1	0	2000	other	0
pilot-35_1	160	Pulse	255	5280391	10451	0
pilot-35_1	161	Picture	10	5295059	0	1	2226	1	0	2000	other	0
pilot-35_1	161	Pulse	255	5300391	5332	0
pilot-35_1	162	Picture	10	5320177	0	1	2226	1	0	2000	other	0
pilot-35_1	162	Pulse	255	5320392	215	0
pilot-35_1	163	Picture	20	5337795	0	1	2226	1	0	2000	other	0
pilot-35_1	163	Pulse	255	5340392	2597	0
pilot-35_1	163	Pulse	255	5360392	22596	0
pilot-35_1	164	Picture	10	5370393	0	1	2226	1	0	2000	other	0
pilot-35_1	164	Pulse	255	5380392	9999	0
pilot-35_1	165	Picture	20	5395511	0	1	2226	1	0	2000	other	0
pilot-35_1	165	Pulse	255	5400392	4881	0
pilot-35_1	165	Pulse	255	5420392	24881	0
pilot-35_1	166	Picture	20	5420629	0	1	2226	1	0	2000	other	0
pilot-35_1	167	Picture	10	5438248	0	1	2226	1	0	2000	other	0
pilot-35_1	167	Pulse	255	5440392	2144	0
pilot-35_1	167	Pulse	255	5460392	22144	0
pilot-35_1	168	Picture	20	5470866	0	1	2226	1	0	2000	other	0
pilot-35_1	168	Pulse	255	5480392	9526	0
pilot-35_1	168	Pulse	255	5500392	29526	0
pilot-35_1	169	Picture	10	5503484	0	1	2226	1	0	2000	other	0
pilot-35_1	169	Pulse	255	5520392	16908	0
pilot-35_1	170	Picture	20	5528602	0	1	2226	1	0	2000	other	0
pilot-35_1	170	Pulse	255	5540392	11790	0
pilot-35_1	171	Picture	10	5546220	0	1	2226	1	0	2000	other	0
pilot-35_1	171	Pulse	255	5560392	14172	0
pilot-35_1	172	Picture	Suite	5571339	0	1	50226	1	0	50000	other	0
pilot-35_1	172	Pulse	255	5580392	9054	0
pilot-35_1	172	Pulse	255	5600392	29053	0
pilot-35_1	172	Pulse	255	5620392	49053	0
pilot-35_1	172	Pulse	255	5640392	69053	0


Event Type	Code	Type	Response	RT	RT Uncertainty	Time	Uncertainty	Duration	Uncertainty	ReqTime	ReqDur

Nothing	cut	other				760635	1			0
Nothing	cut	other				765635	1			5000
Picture	20	other				770894	1	2226	1	0	2000
Picture	10	other				796012	1	2226	1	0	2000
Picture	10	other				821131	1	2226	1	0	2000
Picture	10	other				838749	1	2226	1	0	2000
Picture	20	other				871367	1	2226	1	0	2000
Picture	20	other				903985	1	2226	1	0	2000
Picture	20	other				921604	1	2226	1	0	2000
Picture	10	other				954222	1	2226	1	0	2000
Picture	20	other				979340	1	2226	1	0	2000
Picture	20	other				1011958	1	2226	1	0	2000
Picture	10	other				1029577	1	2226	1	0	2000
Picture	10	other				1047195	1	2226	1	0	2000
Picture	20	other				1064813	1	2227	1	0	2000
Picture	20	other				1082432	1	2226	1	0	2000
Picture	10	other				1115051	1	2226	1	0	2000
Picture	20	other				1147669	1	2226	1	0	2000
Picture	10	other				1172787	1	2226	1	0	2000
Picture	10	other				1190405	1	2226	1	0	2000
Picture	10	other				1223024	1	2226	1	0	2000
Picture	20	other				1248142	1	2226	1	0	2000
Picture	10	other				1273260	1	2226	1	0	2000
Picture	20	other				1305879	1	2226	1	0	2000
Picture	10	other				1323497	1	2226	1	0	2000
Picture	20	other				1348615	1	2226	1	0	2000
Picture	10	other				1381233	1	2226	1	0	2000
Picture	10	other				1413852	1	2226	1	0	2000
Picture	20	other				1446470	1	2226	1	0	2000
Picture	10	other				1479088	1	2226	1	0	2000
Picture	20	other				1496706	1	2226	1	0	2000
Picture	20	other				1514325	1	2226	1	0	2000
Picture	20	other				1546943	1	2226	1	0	2000
Picture	20	other				1572061	1	2226	1	0	2000
Picture	20	other				1597179	1	2226	1	0	2000
Picture	Bfix	other				1614798	1	150240	1	0	150000
Picture	10	other				1765037	1	2226	1	0	2000
Picture	10	other				1790156	1	2226	1	0	2000
Picture	20	other				1815274	1	2226	1	0	2000
Picture	20	other				1847893	1	2226	1	0	2000
Picture	10	other				1865511	1	2226	1	0	2000
Picture	20	other				1883130	1	2226	1	0	2000
Picture	10	other				1908248	1	2226	1	0	2000
Picture	20	other				1925866	1	2226	1	0	2000
Picture	10	other				1958484	1	2226	1	0	2000
Picture	10	other				1991103	1	2226	1	0	2000
Picture	20	other				2016221	1	2226	1	0	2000
Picture	20	other				2033839	1	2226	1	0	2000
Picture	10	other				2051457	1	2226	1	0	2000
Picture	10	other				2076576	1	2226	1	0	2000
Picture	20	other				2094194	1	2226	1	0	2000
Picture	10	other				2126812	1	2226	1	0	2000
Picture	20	other				2151931	1	2226	1	0	2000
Picture	20	other				2177049	1	2226	1	0	2000
Picture	10	other				2194667	1	2226	1	0	2000
Picture	20	other				2212286	1	2226	1	0	2000
Picture	10	other				2244904	1	2226	1	0	2000
Picture	20	other				2262522	1	2226	1	0	2000
Picture	20	other				2280140	1	2226	1	0	2000
Picture	10	other				2305259	1	2226	1	0	2000
Picture	20	other				2322877	1	2226	1	0	2000
Picture	20	other				2340495	1	2226	1	0	2000
Picture	20	other				2358113	1	2226	1	0	2000
Picture	10	other				2383232	1	2226	1	0	2000
Picture	20	other				2408350	1	2226	1	0	2000
Picture	10	other				2425969	1	2226	1	0	2000
Picture	20	other				2458587	1	2226	1	0	2000
Picture	20	other				2476205	1	2226	1	0	2000
Picture	10	other				2508824	1	2226	1	0	2000
Picture	Bfix	other				2533942	1	150234	1	0	150000
Picture	20	other				2684176	1	2226	1	0	2000
Picture	20	other				2701794	1	2226	1	0	2000
Picture	20	other				2719412	1	2226	1	0	2000
Picture	20	other				2744531	1	2226	1	0	2000
Picture	20	other				2777149	1	2226	1	0	2000
Picture	20	other				2809767	1	2226	1	0	2000
Picture	20	other				2842385	1	2226	1	0	2000
Picture	10	other				2860003	1	2226	1	0	2000
Picture	10	other				2885122	1	2226	1	0	2000
Picture	20	other				2902740	1	2226	1	0	2000
Picture	10	other				2935358	1	2226	1	0	2000
Picture	20	other				2967976	1	2226	1	0	2000
Picture	20	other				3000595	1	2226	1	0	2000
Picture	10	other				3018213	1	2226	1	0	2000
Picture	20	other				3050831	1	2226	1	0	2000
Picture	10	other				3075950	1	2226	1	0	2000
Picture	10	other				3108568	1	2226	1	0	2000
Picture	10	other				3126186	1	2226	1	0	2000
Picture	20	other				3151304	1	2226	1	0	2000
Picture	10	other				3176423	1	2226	1	0	2000
Picture	20	other				3209041	1	2226	1	0	2000
Picture	10	other				3241659	1	2226	1	0	2000
Picture	20	other				3266778	1	2226	1	0	2000
Picture	10	other				3284396	1	2226	1	0	2000
Picture	10	other				3309514	1	2226	1	0	2000
Picture	20	other				3342133	1	2226	1	0	2000
Picture	10	other				3367251	1	2226	1	0	2000
Picture	10	other				3392369	1	2226	1	0	2000
Picture	20	other				3424987	1	2226	1	0	2000
Picture	10	other				3450105	1	2226	1	0	2000
Picture	20	other				3482724	1	2226	1	0	2000
Picture	Bfix	other				3515342	1	150232	1	0	150000
Picture	20	other				3665574	1	2226	1	0	2000
Picture	10	other				3690692	1	2226	1	0	2000
Picture	20	other				3708311	1	2226	1	0	2000
Picture	10	other				3733429	1	2226	1	0	2000
Picture	20	other				3758547	1	2226	1	0	2000
Picture	20	other				3791166	1	2226	1	0	2000
Picture	20	other				3816284	1	2226	1	0	2000
Picture	10	other				3848902	1	2226	1	0	2000
Picture	10	other				3866520	1	2226	1	0	2000
Picture	20	other				3891639	1	2226	1	0	2000
Picture	20	other				3916757	1	2226	1	0	2000
Picture	10	other				3941875	1	2226	1	0	2000
Picture	20	other				3974493	1	2226	1	0	2000
Picture	20	other				3992111	1	2226	1	0	2000
Picture	10	other				4024729	1	2226	1	0	2000
Picture	20	other				4057348	1	2226	1	0	2000
Picture	20	other				4082466	1	2226	1	0	2000
Picture	10	other				4115084	1	2226	1	0	2000
Picture	20	other				4132702	1	2226	1	0	2000
Picture	20	other				4165320	1	2226	1	0	2000
Picture	10	other				4197938	1	2226	1	0	2000
Picture	20	other				4223057	1	2225	1	0	2000
Picture	20	other				4255675	1	2226	1	0	2000
Picture	20	other				4273293	1	2226	1	0	2000
Picture	10	other				4305911	1	2226	1	0	2000
Picture	10	other				4331029	1	2226	1	0	2000
Picture	20	other				4363647	1	2226	1	0	2000
Picture	10	other				4381266	1	2226	1	0	2000
Picture	20	other				4406384	1	2226	1	0	2000
Picture	10	other				4431502	1	2226	1	0	2000
Picture	20	other				4449121	1	2226	1	0	2000
Picture	20	other				4474239	1	2226	1	0	2000
Picture	Bfix	other				4499358	1	150239	1	0	150000
Picture	10	other				4649597	1	2226	1	0	2000
Picture	20	other				4674716	1	2226	1	0	2000
Picture	10	other				4707334	1	2226	1	0	2000
Picture	20	other				4724952	1	2226	1	0	2000
Picture	10	other				4750070	1	2226	1	0	2000
Picture	10	other				4782688	1	2226	1	0	2000
Picture	20	other				4815307	1	2226	1	0	2000
Picture	10	other				4840425	1	2226	1	0	2000
Picture	20	other				4858044	1	2226	1	0	2000
Picture	20	other				4890662	1	2226	1	0	2000
Picture	20	other				4915780	1	2226	1	0	2000
Picture	10	other				4933398	1	2226	1	0	2000
Picture	20	other				4958516	1	2226	1	0	2000
Picture	10	other				4983635	1	2226	1	0	2000
Picture	10	other				5001253	1	2226	1	0	2000
Picture	20	other				5033871	1	2226	1	0	2000
Picture	10	other				5066489	1	2226	1	0	2000
Picture	20	other				5099107	1	2226	1	0	2000
Picture	10	other				5116726	1	2226	1	0	2000
Picture	10	other				5134344	1	2226	1	0	2000
Picture	10	other				5151962	1	2226	1	0	2000
Picture	20	other				5169580	1	2226	1	0	2000
Picture	20	other				5194586	1	2226	1	0	2000
Picture	10	other				5212204	1	2226	1	0	2000
Picture	10	other				5237323	1	2226	1	0	2000
Picture	10	other				5269941	1	2226	1	0	2000
Picture	10	other				5295059	1	2226	1	0	2000
Picture	10	other				5320177	1	2226	1	0	2000
Picture	20	other				5337795	1	2226	1	0	2000
Picture	10	other				5370393	1	2226	1	0	2000
Picture	20	other				5395511	1	2226	1	0	2000
Picture	20	other				5420629	1	2226	1	0	2000
Picture	10	other				5438248	1	2226	1	0	2000
Picture	20	other				5470866	1	2226	1	0	2000
Picture	10	other				5503484	1	2226	1	0	2000
Picture	20	other				5528602	1	2226	1	0	2000
Picture	10	other				5546220	1	2226	1	0	2000
Picture	Suite	other				5571339	1	50226	1	0	50000
