Scenario - loca_lec2
Logfile written - 03/26/2019 18:36:39

Subject	Trial	Event Type	Code	Time	TTime	Uncertainty	Duration	Uncertainty	ReqTime	ReqDur	Stim Type	Pair Index

sub-01_2	0	Pulse	255	652427	652427	0
sub-01_2	1	Nothing	cut	652655	0	1			0		other	0
sub-01_2	1	Nothing	cut	657655	5000	1			5000		other	0
sub-01_2	2	Picture	20	662894	0	1	2226	1	0	2000	other	0
sub-01_2	2	Pulse	255	672427	9534	0
sub-01_2	3	Picture	10	674512	0	1	2226	1	0	2000	other	0
sub-01_2	4	Picture	20	688131	0	1	2226	1	0	2000	other	0
sub-01_2	4	Pulse	255	692427	4296	0
sub-01_2	5	Picture	10	701750	0	1	2226	1	0	2000	other	0
sub-01_2	5	Pulse	255	712427	10677	0
sub-01_2	6	Picture	10	714369	0	1	2226	1	0	2000	other	0
sub-01_2	7	Picture	20	725987	0	1	2226	1	0	2000	other	0
sub-01_2	7	Pulse	255	732427	6440	0
sub-01_2	8	Picture	10	737606	0	1	2226	1	0	2000	other	0
sub-01_2	9	Picture	10	751225	0	1	2226	1	0	2000	other	0
sub-01_2	9	Pulse	255	752427	1203	0
sub-01_2	10	Picture	20	762843	0	1	2226	1	0	2000	other	0
sub-01_2	10	Pulse	255	772427	9584	0
sub-01_2	11	Picture	10	774462	0	1	2226	1	0	2000	other	0
sub-01_2	12	Picture	20	786081	0	1	2226	1	0	2000	other	0
sub-01_2	12	Pulse	255	792427	6347	0
sub-01_2	13	Picture	10	797699	0	1	2226	1	0	2000	other	0
sub-01_2	14	Picture	10	810318	0	1	2226	1	0	2000	other	0
sub-01_2	14	Pulse	255	812428	2110	0
sub-01_2	15	Picture	10	823937	0	1	2226	1	0	2000	other	0
sub-01_2	15	Pulse	255	832428	8491	0
sub-01_2	16	Picture	10	836555	0	1	2226	1	0	2000	other	0
sub-01_2	17	Picture	10	850174	0	1	2226	1	0	2000	other	0
sub-01_2	17	Pulse	255	852428	2253	0
sub-01_2	18	Picture	10	862793	0	1	2226	1	0	2000	other	0
sub-01_2	18	Pulse	255	872428	9635	0
sub-01_2	19	Picture	20	876411	0	1	2226	1	0	2000	other	0
sub-01_2	20	Picture	20	889030	0	1	2226	1	0	2000	other	0
sub-01_2	20	Pulse	255	892428	3398	0
sub-01_2	21	Picture	20	900649	0	1	2226	1	0	2000	other	0
sub-01_2	21	Pulse	255	912428	11780	0
sub-01_2	22	Picture	10	914268	0	1	2226	1	0	2000	other	0
sub-01_2	23	Picture	20	927886	0	1	2226	1	0	2000	other	0
sub-01_2	23	Pulse	255	932429	4542	0
sub-01_2	24	Picture	20	941505	0	1	2226	1	0	2000	other	0
sub-01_2	24	Pulse	255	952428	10923	0
sub-01_2	25	Picture	20	955124	0	1	2226	1	0	2000	other	0
sub-01_2	26	Picture	10	967742	0	1	2226	1	0	2000	other	0
sub-01_2	26	Pulse	255	972429	4687	0
sub-01_2	27	Picture	20	981361	0	1	2226	1	0	2000	other	0
sub-01_2	27	Pulse	255	992429	11068	0
sub-01_2	28	Picture	10	993979	0	1	2226	1	0	2000	other	0
sub-01_2	29	Picture	20	1005598	0	1	2226	1	0	2000	other	0
sub-01_2	29	Pulse	255	1012429	6830	0
sub-01_2	30	Picture	20	1017217	0	1	2226	1	0	2000	other	0
sub-01_2	31	Picture	10	1029835	0	1	2226	1	0	2000	other	0
sub-01_2	31	Pulse	255	1032429	2594	0
sub-01_2	32	Picture	20	1043454	0	1	2227	1	0	2000	other	0
sub-01_2	32	Pulse	255	1052429	8975	0
sub-01_2	33	Picture	20	1055073	0	1	2226	1	0	2000	other	0
sub-01_2	34	Picture	Bfix	1066692	0	1	150235	1	0	150000	other	0
sub-01_2	34	Pulse	255	1072429	5737	0
sub-01_2	34	Pulse	255	1092429	25737	0
sub-01_2	34	Pulse	255	1112429	45737	0
sub-01_2	34	Pulse	255	1132429	65736	0
sub-01_2	34	Pulse	255	1152429	85737	0
sub-01_2	34	Pulse	255	1172429	105737	0
sub-01_2	34	Pulse	255	1192429	125737	0
sub-01_2	34	Pulse	255	1212430	145737	0
sub-01_2	35	Picture	20	1216928	0	1	2226	1	0	2000	other	0
sub-01_2	36	Picture	10	1230546	0	1	2226	1	0	2000	other	0
sub-01_2	36	Pulse	255	1232430	1884	0
sub-01_2	37	Picture	20	1243165	0	1	2226	1	0	2000	other	0
sub-01_2	37	Pulse	255	1252430	9265	0
sub-01_2	38	Picture	10	1255783	0	1	2226	1	0	2000	other	0
sub-01_2	39	Picture	10	1269402	0	1	2226	1	0	2000	other	0
sub-01_2	39	Pulse	255	1272430	3028	0
sub-01_2	40	Picture	20	1283021	0	1	2226	1	0	2000	other	0
sub-01_2	40	Pulse	255	1292430	9408	0
sub-01_2	41	Picture	10	1296640	0	1	2226	1	0	2000	other	0
sub-01_2	42	Picture	20	1309259	0	1	2226	1	0	2000	other	0
sub-01_2	42	Pulse	255	1312430	3172	0
sub-01_2	43	Picture	20	1322877	0	1	2226	1	0	2000	other	0
sub-01_2	43	Pulse	255	1332430	9553	0
sub-01_2	44	Picture	10	1334496	0	1	2226	1	0	2000	other	0
sub-01_2	45	Picture	10	1348115	0	1	2226	1	0	2000	other	0
sub-01_2	45	Pulse	255	1352430	4315	0
sub-01_2	46	Picture	20	1361733	0	1	2226	1	0	2000	other	0
sub-01_2	46	Pulse	255	1372430	10697	0
sub-01_2	47	Picture	10	1373352	0	1	2226	1	0	2000	other	0
sub-01_2	48	Picture	20	1385971	0	1	2226	1	0	2000	other	0
sub-01_2	48	Pulse	255	1392430	6459	0
sub-01_2	49	Picture	10	1399590	0	1	2226	1	0	2000	other	0
sub-01_2	50	Picture	10	1411208	0	1	2226	1	0	2000	other	0
sub-01_2	50	Pulse	255	1412430	1222	0
sub-01_2	51	Picture	20	1422827	0	1	2226	1	0	2000	other	0
sub-01_2	51	Pulse	255	1432430	9603	0
sub-01_2	52	Picture	20	1435446	0	1	2226	1	0	2000	other	0
sub-01_2	53	Picture	10	1448065	0	1	2226	1	0	2000	other	0
sub-01_2	53	Pulse	255	1452431	4365	0
sub-01_2	54	Picture	20	1460684	0	1	2226	1	0	2000	other	0
sub-01_2	55	Picture	10	1472303	0	1	2226	1	0	2000	other	0
sub-01_2	55	Pulse	255	1472431	128	0
sub-01_2	56	Picture	10	1483921	0	1	2226	1	0	2000	other	0
sub-01_2	56	Pulse	255	1492431	8509	0
sub-01_2	57	Picture	20	1495540	0	1	2226	1	0	2000	other	0
sub-01_2	58	Picture	10	1509158	0	1	2226	1	0	2000	other	0
sub-01_2	58	Pulse	255	1512431	3273	0
sub-01_2	59	Picture	10	1520777	0	1	2226	1	0	2000	other	0
sub-01_2	60	Picture	20	1532396	0	1	2226	1	0	2000	other	0
sub-01_2	60	Pulse	255	1532431	35	0
sub-01_2	61	Picture	10	1544015	0	1	2226	1	0	2000	other	0
sub-01_2	61	Pulse	255	1552431	8417	0
sub-01_2	62	Picture	20	1555633	0	1	2226	1	0	2000	other	0
sub-01_2	63	Picture	10	1569252	0	1	2227	1	0	2000	other	0
sub-01_2	63	Pulse	255	1572431	3179	0
sub-01_2	64	Picture	20	1582871	0	1	2226	1	0	2000	other	0
sub-01_2	64	Pulse	255	1592431	9560	0
sub-01_2	65	Picture	10	1596490	0	1	2226	1	0	2000	other	0
sub-01_2	66	Picture	20	1610108	0	1	2226	1	0	2000	other	0
sub-01_2	66	Pulse	255	1612432	2323	0
sub-01_2	67	Picture	Bfix	1622727	0	1	150238	1	0	150000	other	0
sub-01_2	67	Pulse	255	1632431	9705	0
sub-01_2	67	Pulse	255	1652431	29705	0
sub-01_2	67	Pulse	255	1672431	49705	0
sub-01_2	67	Pulse	255	1692432	69705	0
sub-01_2	67	Pulse	255	1712432	89705	0
sub-01_2	67	Pulse	255	1732432	109705	0
sub-01_2	67	Pulse	255	1752432	129705	0
sub-01_2	67	Pulse	255	1772432	149705	0
sub-01_2	68	Picture	20	1772964	0	1	2226	1	0	2000	other	0
sub-01_2	69	Picture	10	1784583	0	1	2226	1	0	2000	other	0
sub-01_2	69	Pulse	255	1792432	7850	0
sub-01_2	70	Picture	20	1796201	0	1	2226	1	0	2000	other	0
sub-01_2	71	Picture	10	1807736	0	1	2226	1	0	2000	other	0
sub-01_2	71	Pulse	255	1812432	4696	0
sub-01_2	72	Picture	20	1820355	0	1	2226	1	0	2000	other	0
sub-01_2	72	Pulse	255	1832432	12077	0
sub-01_2	73	Picture	10	1832974	0	1	2226	1	0	2000	other	0
sub-01_2	74	Picture	10	1846593	0	1	2226	1	0	2000	other	0
sub-01_2	74	Pulse	255	1852432	5840	0
sub-01_2	75	Picture	20	1860212	0	1	2226	1	0	2000	other	0
sub-01_2	75	Pulse	255	1872432	12221	0
sub-01_2	76	Picture	10	1873830	0	1	2226	1	0	2000	other	0
sub-01_2	77	Picture	10	1887449	0	1	2226	1	0	2000	other	0
sub-01_2	77	Pulse	255	1892433	4984	0
sub-01_2	78	Picture	10	1900068	0	1	2226	1	0	2000	other	0
sub-01_2	78	Pulse	255	1912433	12365	0
sub-01_2	79	Picture	10	1912687	0	1	2226	1	0	2000	other	0
sub-01_2	80	Picture	20	1926305	0	1	2226	1	0	2000	other	0
sub-01_2	80	Pulse	255	1932433	6128	0
sub-01_2	81	Picture	10	1937924	0	1	2226	1	0	2000	other	0
sub-01_2	82	Picture	10	1951542	0	1	2226	1	0	2000	other	0
sub-01_2	82	Pulse	255	1952433	891	0
sub-01_2	83	Picture	20	1964161	0	1	2226	1	0	2000	other	0
sub-01_2	83	Pulse	255	1972433	8272	0
sub-01_2	84	Picture	10	1977780	0	1	2226	1	0	2000	other	0
sub-01_2	85	Picture	10	1991398	0	1	2226	1	0	2000	other	0
sub-01_2	85	Pulse	255	1992433	1035	0
sub-01_2	86	Picture	20	2004017	0	1	2226	1	0	2000	other	0
sub-01_2	86	Pulse	255	2012433	8417	0
sub-01_2	87	Picture	10	2017636	0	1	2226	1	0	2000	other	0
sub-01_2	88	Picture	10	2029254	0	1	2226	1	0	2000	other	0
sub-01_2	88	Pulse	255	2032433	3179	0
sub-01_2	89	Picture	10	2041873	0	1	2226	1	0	2000	other	0
sub-01_2	89	Pulse	255	2052433	10560	0
sub-01_2	90	Picture	20	2054491	0	1	2226	1	0	2000	other	0
sub-01_2	91	Picture	10	2066111	0	1	2226	1	0	2000	other	0
sub-01_2	91	Pulse	255	2072433	6323	0
sub-01_2	92	Picture	20	2077729	0	1	2226	1	0	2000	other	0
sub-01_2	93	Picture	20	2089348	0	1	2226	1	0	2000	other	0
sub-01_2	93	Pulse	255	2092434	3085	0
sub-01_2	94	Picture	10	2102967	0	1	2226	1	0	2000	other	0
sub-01_2	94	Pulse	255	2112424	9456	0
sub-01_2	95	Picture	10	2114586	0	1	2226	1	0	2000	other	0
sub-01_2	96	Picture	20	2126204	0	1	2226	1	0	2000	other	0
sub-01_2	96	Pulse	255	2132424	6219	0
sub-01_2	97	Picture	10	2138823	0	1	2226	1	0	2000	other	0
sub-01_2	98	Picture	20	2151442	0	1	2226	1	0	2000	other	0
sub-01_2	98	Pulse	255	2152424	982	0
sub-01_2	99	Picture	20	2165061	0	1	2226	1	0	2000	other	0
sub-01_2	99	Pulse	255	2172424	7363	0
sub-01_2	100	Picture	Bfix	2177679	0	1	150226	1	0	150000	other	0
sub-01_2	100	Pulse	255	2192424	14745	0
sub-01_2	100	Pulse	255	2212424	34745	0
sub-01_2	100	Pulse	255	2232424	54745	0
sub-01_2	100	Pulse	255	2252424	74745	0
sub-01_2	100	Pulse	255	2272424	94745	0
sub-01_2	100	Pulse	255	2292425	114746	0
sub-01_2	100	Pulse	255	2312425	134746	0
sub-01_2	101	Picture	10	2328071	0	1	2226	1	0	2000	other	0
sub-01_2	101	Pulse	255	2332424	4353	0
sub-01_2	102	Picture	10	2339690	0	1	2226	1	0	2000	other	0
sub-01_2	103	Picture	20	2352308	0	1	2226	1	0	2000	other	0
sub-01_2	103	Pulse	255	2352425	116	0
sub-01_2	104	Picture	10	2365927	0	1	2226	1	0	2000	other	0
sub-01_2	104	Pulse	255	2372425	6498	0
sub-01_2	105	Picture	20	2379546	0	1	2226	1	0	2000	other	0
sub-01_2	105	Pulse	255	2392425	12880	0
sub-01_2	106	Picture	10	2393165	0	1	2226	1	0	2000	other	0
sub-01_2	107	Picture	20	2404783	0	1	2167	1	0	2000	other	0
sub-01_2	107	Pulse	255	2412425	7642	0
sub-01_2	108	Picture	20	2417343	0	1	2226	1	0	2000	other	0
sub-01_2	109	Picture	20	2430961	0	1	2226	1	0	2000	other	0
sub-01_2	109	Pulse	255	2432425	1464	0
sub-01_2	110	Picture	10	2442580	0	1	2226	1	0	2000	other	0
sub-01_2	110	Pulse	255	2452425	9845	0
sub-01_2	111	Picture	20	2454198	0	1	2226	1	0	2000	other	0
sub-01_2	112	Picture	10	2466817	0	1	2226	1	0	2000	other	0
sub-01_2	112	Pulse	255	2472425	5609	0
sub-01_2	113	Picture	20	2478435	0	1	2226	1	0	2000	other	0
sub-01_2	114	Picture	20	2490054	0	1	2226	1	0	2000	other	0
sub-01_2	114	Pulse	255	2492426	2372	0
sub-01_2	115	Picture	20	2503672	0	1	2226	1	0	2000	other	0
sub-01_2	115	Pulse	255	2512425	8753	0
sub-01_2	116	Picture	10	2517291	0	1	2226	1	0	2000	other	0
sub-01_2	117	Picture	10	2529909	0	1	2226	1	0	2000	other	0
sub-01_2	117	Pulse	255	2532426	2516	0
sub-01_2	118	Picture	20	2543528	0	1	2226	1	0	2000	other	0
sub-01_2	118	Pulse	255	2552426	8897	0
sub-01_2	119	Picture	10	2556147	0	1	2226	1	0	2000	other	0
sub-01_2	120	Picture	20	2567765	0	1	2226	1	0	2000	other	0
sub-01_2	120	Pulse	255	2572426	4661	0
sub-01_2	121	Picture	10	2579384	0	1	2226	1	0	2000	other	0
sub-01_2	122	Picture	20	2591002	0	1	2226	1	0	2000	other	0
sub-01_2	122	Pulse	255	2592426	1424	0
sub-01_2	123	Picture	10	2602621	0	1	2226	1	0	2000	other	0
sub-01_2	123	Pulse	255	2612426	9805	0
sub-01_2	124	Picture	20	2614240	0	1	2226	1	0	2000	other	0
sub-01_2	125	Picture	20	2626859	0	1	2226	1	0	2000	other	0
sub-01_2	125	Pulse	255	2632426	5567	0
sub-01_2	126	Picture	20	2639478	0	1	2226	1	0	2000	other	0
sub-01_2	127	Picture	10	2652096	0	1	2227	1	0	2000	other	0
sub-01_2	127	Pulse	255	2652426	330	0
sub-01_2	128	Picture	10	2663715	0	1	2226	1	0	2000	other	0
sub-01_2	128	Pulse	255	2672426	8711	0
sub-01_2	129	Picture	10	2676334	0	1	2226	1	0	2000	other	0
sub-01_2	130	Picture	20	2689953	0	1	2226	1	0	2000	other	0
sub-01_2	130	Pulse	255	2692426	2473	0
sub-01_2	131	Picture	10	2702571	0	1	2226	1	0	2000	other	0
sub-01_2	131	Pulse	255	2712427	9855	0
sub-01_2	132	Picture	20	2715190	0	1	2226	1	0	2000	other	0
sub-01_2	133	Picture	Bfix	2728808	0	1	150226	1	0	150000	other	0
sub-01_2	133	Pulse	255	2732426	3618	0
sub-01_2	133	Pulse	255	2752427	23618	0
sub-01_2	133	Pulse	255	2772427	43619	0
sub-01_2	133	Pulse	255	2792427	63619	0
sub-01_2	133	Pulse	255	2812427	83619	0
sub-01_2	133	Pulse	255	2832427	103619	0
sub-01_2	133	Pulse	255	2852427	123619	0
sub-01_2	133	Pulse	255	2872427	143619	0
sub-01_2	134	Picture	20	2879201	0	1	2226	1	0	2000	other	0
sub-01_2	135	Picture	10	2890820	0	1	2226	1	0	2000	other	0
sub-01_2	135	Pulse	255	2892427	1608	0
sub-01_2	136	Picture	10	2903438	0	1	2226	1	0	2000	other	0
sub-01_2	136	Pulse	255	2912427	8989	0
sub-01_2	137	Picture	10	2916057	0	1	2226	1	0	2000	other	0
sub-01_2	138	Picture	20	2929675	0	1	2226	1	0	2000	other	0
sub-01_2	138	Pulse	255	2932428	2752	0
sub-01_2	139	Picture	10	2943295	0	1	2226	1	0	2000	other	0
sub-01_2	139	Pulse	255	2952428	9133	0
sub-01_2	140	Picture	20	2956913	0	1	2226	1	0	2000	other	0
sub-01_2	141	Picture	10	2970532	0	1	2226	1	0	2000	other	0
sub-01_2	141	Pulse	255	2972428	1896	0
sub-01_2	142	Picture	10	2982150	0	1	2226	1	0	2000	other	0
sub-01_2	142	Pulse	255	2992428	10278	0
sub-01_2	143	Picture	10	2994769	0	1	2226	1	0	2000	other	0
sub-01_2	144	Picture	20	3007322	0	1	2226	1	0	2000	other	0
sub-01_2	144	Pulse	255	3012428	5106	0
sub-01_2	145	Picture	10	3019940	0	1	2226	1	0	2000	other	0
sub-01_2	145	Pulse	255	3032428	12488	0
sub-01_2	146	Picture	20	3033558	0	1	2226	1	0	2000	other	0
sub-01_2	147	Picture	20	3046177	0	1	2226	1	0	2000	other	0
sub-01_2	147	Pulse	255	3052428	6251	0
sub-01_2	148	Picture	10	3059796	0	1	2226	1	0	2000	other	0
sub-01_2	149	Picture	10	3071415	0	1	2226	1	0	2000	other	0
sub-01_2	149	Pulse	255	3072428	1013	0
sub-01_2	150	Picture	10	3085033	0	1	2226	1	0	2000	other	0
sub-01_2	150	Pulse	255	3092428	7395	0
sub-01_2	151	Picture	20	3097652	0	1	2226	1	0	2000	other	0
sub-01_2	152	Picture	10	3111270	0	1	2226	1	0	2000	other	0
sub-01_2	152	Pulse	255	3112428	1158	0
sub-01_2	153	Picture	20	3124889	0	1	2226	1	0	2000	other	0
sub-01_2	153	Pulse	255	3132429	7540	0
sub-01_2	154	Picture	10	3136507	0	1	2226	1	0	2000	other	0
sub-01_2	155	Picture	20	3150126	0	1	2226	1	0	2000	other	0
sub-01_2	155	Pulse	255	3152429	2303	0
sub-01_2	156	Picture	10	3163744	0	1	2226	1	0	2000	other	0
sub-01_2	156	Pulse	255	3172429	8684	0
sub-01_2	157	Picture	10	3177363	0	1	2226	1	0	2000	other	0
sub-01_2	158	Picture	20	3190982	0	1	2226	1	0	2000	other	0
sub-01_2	158	Pulse	255	3192429	1446	0
sub-01_2	159	Picture	20	3204601	0	1	2226	1	0	2000	other	0
sub-01_2	159	Pulse	255	3212429	7828	0
sub-01_2	160	Picture	20	3216219	0	1	2226	1	0	2000	other	0
sub-01_2	161	Picture	10	3227839	0	1	2226	1	0	2000	other	0
sub-01_2	161	Pulse	255	3232429	4590	0
sub-01_2	162	Picture	10	3239457	0	1	2226	1	0	2000	other	0
sub-01_2	162	Pulse	255	3252429	12972	0
sub-01_2	163	Picture	20	3253076	0	1	2226	1	0	2000	other	0
sub-01_2	164	Picture	10	3265694	0	1	2226	1	0	2000	other	0
sub-01_2	164	Pulse	255	3272429	6735	0
sub-01_2	165	Picture	10	3277313	0	1	2226	1	0	2000	other	0
sub-01_2	166	Picture	20	3289931	0	1	2226	1	0	2000	other	0
sub-01_2	166	Pulse	255	3292429	2498	0
sub-01_2	167	Picture	20	3301551	0	1	2226	1	0	2000	other	0
sub-01_2	167	Pulse	255	3312429	10879	0
sub-01_2	168	Picture	10	3314169	0	1	2226	1	0	2000	other	0
sub-01_2	169	Picture	Bfix	3327788	0	1	60226	1	0	60000	other	0
sub-01_2	169	Pulse	255	3332429	4641	0
sub-01_2	169	Pulse	255	3352429	24641	0
sub-01_2	169	Pulse	255	3372430	44642	0


Event Type	Code	Type	Response	RT	RT Uncertainty	Time	Uncertainty	Duration	Uncertainty	ReqTime	ReqDur

Nothing	cut	other				652655	1			0
Nothing	cut	other				657655	1			5000
Picture	20	other				662894	1	2226	1	0	2000
Picture	10	other				674512	1	2226	1	0	2000
Picture	20	other				688131	1	2226	1	0	2000
Picture	10	other				701750	1	2226	1	0	2000
Picture	10	other				714369	1	2226	1	0	2000
Picture	20	other				725987	1	2226	1	0	2000
Picture	10	other				737606	1	2226	1	0	2000
Picture	10	other				751225	1	2226	1	0	2000
Picture	20	other				762843	1	2226	1	0	2000
Picture	10	other				774462	1	2226	1	0	2000
Picture	20	other				786081	1	2226	1	0	2000
Picture	10	other				797699	1	2226	1	0	2000
Picture	10	other				810318	1	2226	1	0	2000
Picture	10	other				823937	1	2226	1	0	2000
Picture	10	other				836555	1	2226	1	0	2000
Picture	10	other				850174	1	2226	1	0	2000
Picture	10	other				862793	1	2226	1	0	2000
Picture	20	other				876411	1	2226	1	0	2000
Picture	20	other				889030	1	2226	1	0	2000
Picture	20	other				900649	1	2226	1	0	2000
Picture	10	other				914268	1	2226	1	0	2000
Picture	20	other				927886	1	2226	1	0	2000
Picture	20	other				941505	1	2226	1	0	2000
Picture	20	other				955124	1	2226	1	0	2000
Picture	10	other				967742	1	2226	1	0	2000
Picture	20	other				981361	1	2226	1	0	2000
Picture	10	other				993979	1	2226	1	0	2000
Picture	20	other				1005598	1	2226	1	0	2000
Picture	20	other				1017217	1	2226	1	0	2000
Picture	10	other				1029835	1	2226	1	0	2000
Picture	20	other				1043454	1	2227	1	0	2000
Picture	20	other				1055073	1	2226	1	0	2000
Picture	Bfix	other				1066692	1	150235	1	0	150000
Picture	20	other				1216928	1	2226	1	0	2000
Picture	10	other				1230546	1	2226	1	0	2000
Picture	20	other				1243165	1	2226	1	0	2000
Picture	10	other				1255783	1	2226	1	0	2000
Picture	10	other				1269402	1	2226	1	0	2000
Picture	20	other				1283021	1	2226	1	0	2000
Picture	10	other				1296640	1	2226	1	0	2000
Picture	20	other				1309259	1	2226	1	0	2000
Picture	20	other				1322877	1	2226	1	0	2000
Picture	10	other				1334496	1	2226	1	0	2000
Picture	10	other				1348115	1	2226	1	0	2000
Picture	20	other				1361733	1	2226	1	0	2000
Picture	10	other				1373352	1	2226	1	0	2000
Picture	20	other				1385971	1	2226	1	0	2000
Picture	10	other				1399590	1	2226	1	0	2000
Picture	10	other				1411208	1	2226	1	0	2000
Picture	20	other				1422827	1	2226	1	0	2000
Picture	20	other				1435446	1	2226	1	0	2000
Picture	10	other				1448065	1	2226	1	0	2000
Picture	20	other				1460684	1	2226	1	0	2000
Picture	10	other				1472303	1	2226	1	0	2000
Picture	10	other				1483921	1	2226	1	0	2000
Picture	20	other				1495540	1	2226	1	0	2000
Picture	10	other				1509158	1	2226	1	0	2000
Picture	10	other				1520777	1	2226	1	0	2000
Picture	20	other				1532396	1	2226	1	0	2000
Picture	10	other				1544015	1	2226	1	0	2000
Picture	20	other				1555633	1	2226	1	0	2000
Picture	10	other				1569252	1	2227	1	0	2000
Picture	20	other				1582871	1	2226	1	0	2000
Picture	10	other				1596490	1	2226	1	0	2000
Picture	20	other				1610108	1	2226	1	0	2000
Picture	Bfix	other				1622727	1	150238	1	0	150000
Picture	20	other				1772964	1	2226	1	0	2000
Picture	10	other				1784583	1	2226	1	0	2000
Picture	20	other				1796201	1	2226	1	0	2000
Picture	10	other				1807736	1	2226	1	0	2000
Picture	20	other				1820355	1	2226	1	0	2000
Picture	10	other				1832974	1	2226	1	0	2000
Picture	10	other				1846593	1	2226	1	0	2000
Picture	20	other				1860212	1	2226	1	0	2000
Picture	10	other				1873830	1	2226	1	0	2000
Picture	10	other				1887449	1	2226	1	0	2000
Picture	10	other				1900068	1	2226	1	0	2000
Picture	10	other				1912687	1	2226	1	0	2000
Picture	20	other				1926305	1	2226	1	0	2000
Picture	10	other				1937924	1	2226	1	0	2000
Picture	10	other				1951542	1	2226	1	0	2000
Picture	20	other				1964161	1	2226	1	0	2000
Picture	10	other				1977780	1	2226	1	0	2000
Picture	10	other				1991398	1	2226	1	0	2000
Picture	20	other				2004017	1	2226	1	0	2000
Picture	10	other				2017636	1	2226	1	0	2000
Picture	10	other				2029254	1	2226	1	0	2000
Picture	10	other				2041873	1	2226	1	0	2000
Picture	20	other				2054491	1	2226	1	0	2000
Picture	10	other				2066111	1	2226	1	0	2000
Picture	20	other				2077729	1	2226	1	0	2000
Picture	20	other				2089348	1	2226	1	0	2000
Picture	10	other				2102967	1	2226	1	0	2000
Picture	10	other				2114586	1	2226	1	0	2000
Picture	20	other				2126204	1	2226	1	0	2000
Picture	10	other				2138823	1	2226	1	0	2000
Picture	20	other				2151442	1	2226	1	0	2000
Picture	20	other				2165061	1	2226	1	0	2000
Picture	Bfix	other				2177679	1	150226	1	0	150000
Picture	10	other				2328071	1	2226	1	0	2000
Picture	10	other				2339690	1	2226	1	0	2000
Picture	20	other				2352308	1	2226	1	0	2000
Picture	10	other				2365927	1	2226	1	0	2000
Picture	20	other				2379546	1	2226	1	0	2000
Picture	10	other				2393165	1	2226	1	0	2000
Picture	20	other				2404783	1	2167	1	0	2000
Picture	20	other				2417343	1	2226	1	0	2000
Picture	20	other				2430961	1	2226	1	0	2000
Picture	10	other				2442580	1	2226	1	0	2000
Picture	20	other				2454198	1	2226	1	0	2000
Picture	10	other				2466817	1	2226	1	0	2000
Picture	20	other				2478435	1	2226	1	0	2000
Picture	20	other				2490054	1	2226	1	0	2000
Picture	20	other				2503672	1	2226	1	0	2000
Picture	10	other				2517291	1	2226	1	0	2000
Picture	10	other				2529909	1	2226	1	0	2000
Picture	20	other				2543528	1	2226	1	0	2000
Picture	10	other				2556147	1	2226	1	0	2000
Picture	20	other				2567765	1	2226	1	0	2000
Picture	10	other				2579384	1	2226	1	0	2000
Picture	20	other				2591002	1	2226	1	0	2000
Picture	10	other				2602621	1	2226	1	0	2000
Picture	20	other				2614240	1	2226	1	0	2000
Picture	20	other				2626859	1	2226	1	0	2000
Picture	20	other				2639478	1	2226	1	0	2000
Picture	10	other				2652096	1	2227	1	0	2000
Picture	10	other				2663715	1	2226	1	0	2000
Picture	10	other				2676334	1	2226	1	0	2000
Picture	20	other				2689953	1	2226	1	0	2000
Picture	10	other				2702571	1	2226	1	0	2000
Picture	20	other				2715190	1	2226	1	0	2000
Picture	Bfix	other				2728808	1	150226	1	0	150000
Picture	20	other				2879201	1	2226	1	0	2000
Picture	10	other				2890820	1	2226	1	0	2000
Picture	10	other				2903438	1	2226	1	0	2000
Picture	10	other				2916057	1	2226	1	0	2000
Picture	20	other				2929675	1	2226	1	0	2000
Picture	10	other				2943295	1	2226	1	0	2000
Picture	20	other				2956913	1	2226	1	0	2000
Picture	10	other				2970532	1	2226	1	0	2000
Picture	10	other				2982150	1	2226	1	0	2000
Picture	10	other				2994769	1	2226	1	0	2000
Picture	20	other				3007322	1	2226	1	0	2000
Picture	10	other				3019940	1	2226	1	0	2000
Picture	20	other				3033558	1	2226	1	0	2000
Picture	20	other				3046177	1	2226	1	0	2000
Picture	10	other				3059796	1	2226	1	0	2000
Picture	10	other				3071415	1	2226	1	0	2000
Picture	10	other				3085033	1	2226	1	0	2000
Picture	20	other				3097652	1	2226	1	0	2000
Picture	10	other				3111270	1	2226	1	0	2000
Picture	20	other				3124889	1	2226	1	0	2000
Picture	10	other				3136507	1	2226	1	0	2000
Picture	20	other				3150126	1	2226	1	0	2000
Picture	10	other				3163744	1	2226	1	0	2000
Picture	10	other				3177363	1	2226	1	0	2000
Picture	20	other				3190982	1	2226	1	0	2000
Picture	20	other				3204601	1	2226	1	0	2000
Picture	20	other				3216219	1	2226	1	0	2000
Picture	10	other				3227839	1	2226	1	0	2000
Picture	10	other				3239457	1	2226	1	0	2000
Picture	20	other				3253076	1	2226	1	0	2000
Picture	10	other				3265694	1	2226	1	0	2000
Picture	10	other				3277313	1	2226	1	0	2000
Picture	20	other				3289931	1	2226	1	0	2000
Picture	20	other				3301551	1	2226	1	0	2000
Picture	10	other				3314169	1	2226	1	0	2000
Picture	Bfix	other				3327788	1	60226	1	0	60000
