Scenario - loca_lec2
Logfile written - 10/30/2018 10:28:33

Subject	Trial	Event Type	Code	Time	TTime	Uncertainty	Duration	Uncertainty	ReqTime	ReqDur	Stim Type	Pair Index

sub-14_2	0	Pulse	255	611806	611806	0
sub-14_2	1	Nothing	cut	612035	0	1			0		other	0
sub-14_2	1	Nothing	cut	617035	5000	1			5000		other	0
sub-14_2	2	Picture	20	622267	0	1	2226	1	0	2000	other	0
sub-14_2	2	Pulse	255	631806	9539	0
sub-14_2	3	Picture	10	633885	0	1	2226	1	0	2000	other	0
sub-14_2	4	Picture	20	645504	0	1	2226	1	0	2000	other	0
sub-14_2	4	Pulse	255	651806	6302	0
sub-14_2	5	Picture	10	658123	0	1	2226	1	0	2000	other	0
sub-14_2	6	Picture	10	670741	0	1	2226	1	0	2000	other	0
sub-14_2	6	Pulse	255	671806	1065	0
sub-14_2	7	Picture	20	682360	0	1	2226	1	0	2000	other	0
sub-14_2	7	Pulse	255	691806	9446	0
sub-14_2	8	Picture	10	694979	0	1	2226	1	0	2000	other	0
sub-14_2	9	Picture	10	706597	0	1	2226	1	0	2000	other	0
sub-14_2	9	Pulse	255	711806	5209	0
sub-14_2	10	Picture	20	719216	0	1	2226	1	0	2000	other	0
sub-14_2	10	Pulse	255	731806	12590	0
sub-14_2	11	Picture	10	731834	0	1	2226	1	0	2000	other	0
sub-14_2	12	Picture	20	743453	0	1	2226	1	0	2000	other	0
sub-14_2	12	Pulse	255	751806	8353	0
sub-14_2	13	Picture	10	755072	0	1	2226	1	0	2000	other	0
sub-14_2	14	Picture	10	768690	0	1	2168	1	0	2000	other	0
sub-14_2	14	Pulse	255	771806	3116	0
sub-14_2	15	Picture	10	780250	0	1	2226	1	0	2000	other	0
sub-14_2	15	Pulse	255	791806	11556	0
sub-14_2	16	Picture	10	793869	0	1	2226	1	0	2000	other	0
sub-14_2	17	Picture	10	805487	0	1	2226	1	0	2000	other	0
sub-14_2	17	Pulse	255	811806	6319	0
sub-14_2	18	Picture	10	817106	0	1	2226	1	0	2000	other	0
sub-14_2	19	Picture	20	829724	0	1	2226	1	0	2000	other	0
sub-14_2	19	Pulse	255	831806	2082	0
sub-14_2	20	Picture	20	841343	0	1	2226	1	0	2000	other	0
sub-14_2	20	Pulse	255	851806	10464	0
sub-14_2	21	Picture	20	852961	0	1	2226	1	0	2000	other	0
sub-14_2	22	Picture	10	864580	0	1	2226	1	0	2000	other	0
sub-14_2	22	Pulse	255	871806	7226	0
sub-14_2	23	Picture	20	876198	0	1	2226	1	0	2000	other	0
sub-14_2	24	Picture	20	888817	0	1	2226	1	0	2000	other	0
sub-14_2	24	Pulse	255	891806	2990	0
sub-14_2	25	Picture	20	901435	0	1	2226	1	0	2000	other	0
sub-14_2	25	Pulse	255	911807	10372	0
sub-14_2	26	Picture	10	913053	0	1	2226	1	0	2000	other	0
sub-14_2	27	Picture	20	925673	0	1	2226	1	0	2000	other	0
sub-14_2	27	Pulse	255	931806	6134	0
sub-14_2	28	Picture	10	938291	0	1	2226	1	0	2000	other	0
sub-14_2	28	Pulse	255	951807	13516	0
sub-14_2	29	Picture	20	951910	0	1	2226	1	0	2000	other	0
sub-14_2	30	Picture	20	964528	0	1	2227	1	0	2000	other	0
sub-14_2	30	Pulse	255	971807	7279	0
sub-14_2	31	Picture	10	977148	0	1	2226	1	0	2000	other	0
sub-14_2	32	Picture	20	990766	0	1	2226	1	0	2000	other	0
sub-14_2	32	Pulse	255	991807	1041	0
sub-14_2	33	Picture	20	1004385	0	1	2226	1	0	2000	other	0
sub-14_2	33	Pulse	255	1011807	7422	0
sub-14_2	34	Picture	Bfix	1018004	0	1	150234	1	0	150000	other	0
sub-14_2	34	Pulse	255	1031807	13803	0
sub-14_2	34	Pulse	255	1051807	33803	0
sub-14_2	34	Pulse	255	1071807	53804	0
sub-14_2	34	Pulse	255	1091807	73804	0
sub-14_2	34	Pulse	255	1111807	93804	0
sub-14_2	34	Pulse	255	1131807	113803	0
sub-14_2	34	Pulse	255	1151807	133803	0
sub-14_2	35	Picture	20	1168238	0	1	2226	1	0	2000	other	0
sub-14_2	35	Pulse	255	1171807	3569	0
sub-14_2	36	Picture	10	1179857	0	1	2226	1	0	2000	other	0
sub-14_2	36	Pulse	255	1191807	11951	0
sub-14_2	37	Picture	20	1192475	0	1	2226	1	0	2000	other	0
sub-14_2	38	Picture	10	1206094	0	1	2226	1	0	2000	other	0
sub-14_2	38	Pulse	255	1211807	5713	0
sub-14_2	39	Picture	10	1218712	0	1	2226	1	0	2000	other	0
sub-14_2	39	Pulse	255	1231807	13095	0
sub-14_2	40	Picture	20	1232331	0	1	2227	1	0	2000	other	0
sub-14_2	41	Picture	10	1243950	0	1	2226	1	0	2000	other	0
sub-14_2	41	Pulse	255	1251808	7858	0
sub-14_2	42	Picture	20	1256568	0	1	2226	1	0	2000	other	0
sub-14_2	43	Picture	20	1270187	0	1	2226	1	0	2000	other	0
sub-14_2	43	Pulse	255	1271807	1620	0
sub-14_2	44	Picture	10	1283805	0	1	2226	1	0	2000	other	0
sub-14_2	44	Pulse	255	1291807	8002	0
sub-14_2	45	Picture	10	1296424	0	1	2226	1	0	2000	other	0
sub-14_2	46	Picture	20	1309042	0	1	2226	1	0	2000	other	0
sub-14_2	46	Pulse	255	1311807	2765	0
sub-14_2	47	Picture	10	1321661	0	1	2226	1	0	2000	other	0
sub-14_2	47	Pulse	255	1331807	10146	0
sub-14_2	48	Picture	20	1334280	0	1	2226	1	0	2000	other	0
sub-14_2	49	Picture	10	1345898	0	1	2226	1	0	2000	other	0
sub-14_2	49	Pulse	255	1351808	5909	0
sub-14_2	50	Picture	10	1359517	0	1	2226	1	0	2000	other	0
sub-14_2	51	Picture	20	1371136	0	1	2226	1	0	2000	other	0
sub-14_2	51	Pulse	255	1371797	662	0
sub-14_2	52	Picture	20	1383754	0	1	2226	1	0	2000	other	0
sub-14_2	52	Pulse	255	1391798	8044	0
sub-14_2	53	Picture	10	1395372	0	1	2226	1	0	2000	other	0
sub-14_2	54	Picture	20	1406991	0	1	2226	1	0	2000	other	0
sub-14_2	54	Pulse	255	1411797	4807	0
sub-14_2	55	Picture	10	1418610	0	1	2226	1	0	2000	other	0
sub-14_2	56	Picture	10	1431228	0	1	2226	1	0	2000	other	0
sub-14_2	56	Pulse	255	1431798	569	0
sub-14_2	57	Picture	20	1443847	0	1	2226	1	0	2000	other	0
sub-14_2	57	Pulse	255	1451798	7950	0
sub-14_2	58	Picture	10	1455466	0	1	2226	1	0	2000	other	0
sub-14_2	59	Picture	10	1469084	0	1	2226	1	0	2000	other	0
sub-14_2	59	Pulse	255	1471798	2714	0
sub-14_2	60	Picture	20	1480702	0	1	2226	1	0	2000	other	0
sub-14_2	60	Pulse	255	1491798	11095	0
sub-14_2	61	Picture	10	1494321	0	1	2226	1	0	2000	other	0
sub-14_2	62	Picture	20	1507939	0	1	2226	1	0	2000	other	0
sub-14_2	62	Pulse	255	1511798	3859	0
sub-14_2	63	Picture	10	1519558	0	1	2226	1	0	2000	other	0
sub-14_2	63	Pulse	255	1531841	12284	0
sub-14_2	64	Picture	20	1532176	0	1	2226	1	0	2000	other	0
sub-14_2	65	Picture	10	1543794	0	1	2226	1	0	2000	other	0
sub-14_2	65	Pulse	255	1551798	8003	0
sub-14_2	66	Picture	20	1557413	0	1	2226	1	0	2000	other	0
sub-14_2	67	Picture	Bfix	1570031	0	1	150238	1	0	150000	other	0
sub-14_2	67	Pulse	255	1571798	1766	0
sub-14_2	67	Pulse	255	1591798	21766	0
sub-14_2	67	Pulse	255	1611798	41766	0
sub-14_2	67	Pulse	255	1631798	61767	0
sub-14_2	67	Pulse	255	1651798	81766	0
sub-14_2	67	Pulse	255	1671798	101767	0
sub-14_2	67	Pulse	255	1691798	121767	0
sub-14_2	67	Pulse	255	1711799	141767	0
sub-14_2	68	Picture	20	1720270	0	1	2226	1	0	2000	other	0
sub-14_2	68	Pulse	255	1731798	11528	0
sub-14_2	69	Picture	10	1731888	0	1	2226	1	0	2000	other	0
sub-14_2	70	Picture	20	1744507	0	1	2226	1	0	2000	other	0
sub-14_2	70	Pulse	255	1751799	7292	0
sub-14_2	71	Picture	10	1757125	0	1	2226	1	0	2000	other	0
sub-14_2	72	Picture	20	1769744	0	1	2226	1	0	2000	other	0
sub-14_2	72	Pulse	255	1771818	2074	0
sub-14_2	73	Picture	10	1781363	0	1	2226	1	0	2000	other	0
sub-14_2	73	Pulse	255	1791799	10436	0
sub-14_2	74	Picture	10	1794982	0	1	2226	1	0	2000	other	0
sub-14_2	75	Picture	20	1807600	0	1	2226	1	0	2000	other	0
sub-14_2	75	Pulse	255	1811799	4199	0
sub-14_2	76	Picture	10	1820219	0	1	2226	1	0	2000	other	0
sub-14_2	76	Pulse	255	1831799	11580	0
sub-14_2	77	Picture	10	1833837	0	1	2226	1	0	2000	other	0
sub-14_2	78	Picture	10	1847456	0	1	2226	1	0	2000	other	0
sub-14_2	78	Pulse	255	1851799	4343	0
sub-14_2	79	Picture	10	1860075	0	1	2226	1	0	2000	other	0
sub-14_2	79	Pulse	255	1871799	11724	0
sub-14_2	80	Picture	20	1872693	0	1	2226	1	0	2000	other	0
sub-14_2	81	Picture	10	1885312	0	1	2226	1	0	2000	other	0
sub-14_2	81	Pulse	255	1891799	6487	0
sub-14_2	82	Picture	10	1897930	0	1	2226	1	0	2000	other	0
sub-14_2	83	Picture	20	1909549	0	1	2226	1	0	2000	other	0
sub-14_2	83	Pulse	255	1911798	2250	0
sub-14_2	84	Picture	10	1921167	0	1	2226	1	0	2000	other	0
sub-14_2	84	Pulse	255	1931799	10632	0
sub-14_2	85	Picture	10	1934785	0	1	2226	1	0	2000	other	0
sub-14_2	86	Picture	20	1947404	0	1	2226	1	0	2000	other	0
sub-14_2	86	Pulse	255	1951799	4395	0
sub-14_2	87	Picture	10	1961023	0	1	2226	1	0	2000	other	0
sub-14_2	87	Pulse	255	1971799	10776	0
sub-14_2	88	Picture	10	1974642	0	1	2226	1	0	2000	other	0
sub-14_2	89	Picture	10	1987260	0	1	2226	1	0	2000	other	0
sub-14_2	89	Pulse	255	1991799	4539	0
sub-14_2	90	Picture	20	2000878	0	1	2226	1	0	2000	other	0
sub-14_2	90	Pulse	255	2011799	10920	0
sub-14_2	91	Picture	10	2012497	0	1	2226	1	0	2000	other	0
sub-14_2	92	Picture	20	2025116	0	1	2226	1	0	2000	other	0
sub-14_2	92	Pulse	255	2031798	6683	0
sub-14_2	93	Picture	20	2038734	0	1	2226	1	0	2000	other	0
sub-14_2	93	Pulse	255	2051799	13065	0
sub-14_2	94	Picture	10	2052353	0	1	2226	1	0	2000	other	0
sub-14_2	95	Picture	10	2064972	0	1	2226	1	0	2000	other	0
sub-14_2	95	Pulse	255	2071799	6827	0
sub-14_2	96	Picture	20	2078591	0	1	2226	1	0	2000	other	0
sub-14_2	97	Picture	10	2091209	0	1	2226	1	0	2000	other	0
sub-14_2	97	Pulse	255	2091799	590	0
sub-14_2	98	Picture	20	2102828	0	1	2226	1	0	2000	other	0
sub-14_2	98	Pulse	255	2111799	8971	0
sub-14_2	99	Picture	20	2114446	0	1	2226	1	0	2000	other	0
sub-14_2	100	Picture	Bfix	2128064	0	1	150233	1	0	150000	other	0
sub-14_2	100	Pulse	255	2131799	3735	0
sub-14_2	100	Pulse	255	2151799	23735	0
sub-14_2	100	Pulse	255	2171799	43735	0
sub-14_2	100	Pulse	255	2191799	63735	0
sub-14_2	100	Pulse	255	2211799	83735	0
sub-14_2	100	Pulse	255	2231799	103735	0
sub-14_2	100	Pulse	255	2251800	123735	0
sub-14_2	100	Pulse	255	2271800	143735	0
sub-14_2	101	Picture	10	2278297	0	1	2226	1	0	2000	other	0
sub-14_2	102	Picture	10	2290916	0	1	2226	1	0	2000	other	0
sub-14_2	102	Pulse	255	2291799	884	0
sub-14_2	103	Picture	20	2302535	0	1	2226	1	0	2000	other	0
sub-14_2	103	Pulse	255	2311799	9265	0
sub-14_2	104	Picture	10	2316153	0	1	2227	1	0	2000	other	0
sub-14_2	105	Picture	20	2329773	0	1	2226	1	0	2000	other	0
sub-14_2	105	Pulse	255	2331831	2058	0
sub-14_2	106	Picture	10	2343391	0	1	2226	1	0	2000	other	0
sub-14_2	106	Pulse	255	2351799	8408	0
sub-14_2	107	Picture	20	2357010	0	1	2226	1	0	2000	other	0
sub-14_2	108	Picture	20	2369628	0	1	2226	1	0	2000	other	0
sub-14_2	108	Pulse	255	2371800	2171	0
sub-14_2	109	Picture	20	2383247	0	1	2226	1	0	2000	other	0
sub-14_2	109	Pulse	255	2391800	8553	0
sub-14_2	110	Picture	10	2394866	0	1	2226	1	0	2000	other	0
sub-14_2	111	Picture	20	2407484	0	1	2226	1	0	2000	other	0
sub-14_2	111	Pulse	255	2411800	4316	0
sub-14_2	112	Picture	10	2421102	0	1	2226	1	0	2000	other	0
sub-14_2	112	Pulse	255	2431800	10697	0
sub-14_2	113	Picture	20	2433721	0	1	2226	1	0	2000	other	0
sub-14_2	114	Picture	20	2447339	0	1	2226	1	0	2000	other	0
sub-14_2	114	Pulse	255	2451800	4461	0
sub-14_2	115	Picture	20	2460958	0	1	2226	1	0	2000	other	0
sub-14_2	115	Pulse	255	2471800	10841	0
sub-14_2	116	Picture	10	2472577	0	1	2226	1	0	2000	other	0
sub-14_2	117	Picture	10	2485195	0	1	2226	1	0	2000	other	0
sub-14_2	117	Pulse	255	2491800	6604	0
sub-14_2	118	Picture	20	2496814	0	1	2226	1	0	2000	other	0
sub-14_2	119	Picture	10	2510432	0	1	2226	1	0	2000	other	0
sub-14_2	119	Pulse	255	2511800	1368	0
sub-14_2	120	Picture	20	2523050	0	1	2226	1	0	2000	other	0
sub-14_2	120	Pulse	255	2531800	8750	0
sub-14_2	121	Picture	10	2535669	0	1	2226	1	0	2000	other	0
sub-14_2	122	Picture	20	2548287	0	1	2226	1	0	2000	other	0
sub-14_2	122	Pulse	255	2551800	3513	0
sub-14_2	123	Picture	10	2560906	0	1	2226	1	0	2000	other	0
sub-14_2	123	Pulse	255	2571800	10894	0
sub-14_2	124	Picture	20	2574524	0	1	2226	1	0	2000	other	0
sub-14_2	125	Picture	20	2588143	0	1	2226	1	0	2000	other	0
sub-14_2	125	Pulse	255	2591800	3657	0
sub-14_2	126	Picture	20	2600761	0	1	2226	1	0	2000	other	0
sub-14_2	126	Pulse	255	2611800	11039	0
sub-14_2	127	Picture	10	2614841	0	1	2226	1	0	2000	other	0
sub-14_2	128	Picture	10	2627459	0	1	2226	1	0	2000	other	0
sub-14_2	128	Pulse	255	2631800	4341	0
sub-14_2	129	Picture	10	2641078	0	1	2226	1	0	2000	other	0
sub-14_2	129	Pulse	255	2651800	10723	0
sub-14_2	130	Picture	20	2653696	0	1	2226	1	0	2000	other	0
sub-14_2	131	Picture	10	2666315	0	1	2226	1	0	2000	other	0
sub-14_2	131	Pulse	255	2671800	5485	0
sub-14_2	132	Picture	20	2678933	0	1	2226	1	0	2000	other	0
sub-14_2	132	Pulse	255	2691801	12868	0
sub-14_2	133	Picture	Bfix	2692551	0	1	150234	1	0	150000	other	0
sub-14_2	133	Pulse	255	2711800	19249	0
sub-14_2	133	Pulse	255	2731801	39249	0
sub-14_2	133	Pulse	255	2751800	59249	0
sub-14_2	133	Pulse	255	2771801	79249	0
sub-14_2	133	Pulse	255	2791800	99249	0
sub-14_2	133	Pulse	255	2811801	119249	0
sub-14_2	133	Pulse	255	2831801	139249	0
sub-14_2	134	Picture	20	2842785	0	1	2226	1	0	2000	other	0
sub-14_2	134	Pulse	255	2851800	9015	0
sub-14_2	135	Picture	10	2855404	0	1	2226	1	0	2000	other	0
sub-14_2	136	Picture	10	2867023	0	1	2226	1	0	2000	other	0
sub-14_2	136	Pulse	255	2871801	4778	0
sub-14_2	137	Picture	10	2880641	0	1	2226	1	0	2000	other	0
sub-14_2	137	Pulse	255	2891800	11159	0
sub-14_2	138	Picture	20	2894259	0	1	2226	1	0	2000	other	0
sub-14_2	139	Picture	10	2905879	0	1	2226	1	0	2000	other	0
sub-14_2	139	Pulse	255	2911801	5922	0
sub-14_2	140	Picture	20	2917497	0	1	2226	1	0	2000	other	0
sub-14_2	141	Picture	10	2931116	0	1	2226	1	0	2000	other	0
sub-14_2	141	Pulse	255	2931801	685	0
sub-14_2	142	Picture	10	2943734	0	1	2226	1	0	2000	other	0
sub-14_2	142	Pulse	255	2951801	8066	0
sub-14_2	143	Picture	10	2956352	0	1	2226	1	0	2000	other	0
sub-14_2	144	Picture	20	2968971	0	1	2226	1	0	2000	other	0
sub-14_2	144	Pulse	255	2971801	2830	0
sub-14_2	145	Picture	10	2980590	0	1	2226	1	0	2000	other	0
sub-14_2	145	Pulse	255	2991801	11211	0
sub-14_2	146	Picture	20	2994208	0	1	2226	1	0	2000	other	0
sub-14_2	147	Picture	20	3005826	0	1	2226	1	0	2000	other	0
sub-14_2	147	Pulse	255	3011801	5974	0
sub-14_2	148	Picture	10	3019445	0	1	2226	1	0	2000	other	0
sub-14_2	149	Picture	10	3031064	0	1	2226	1	0	2000	other	0
sub-14_2	149	Pulse	255	3031801	737	0
sub-14_2	150	Picture	10	3044683	0	1	2226	1	0	2000	other	0
sub-14_2	150	Pulse	255	3051801	7119	0
sub-14_2	151	Picture	20	3057301	0	1	2226	1	0	2000	other	0
sub-14_2	152	Picture	10	3070920	0	1	2226	1	0	2000	other	0
sub-14_2	152	Pulse	255	3071801	880	0
sub-14_2	153	Picture	20	3083539	0	1	2226	1	0	2000	other	0
sub-14_2	153	Pulse	255	3091801	8262	0
sub-14_2	154	Picture	10	3097157	0	1	2226	1	0	2000	other	0
sub-14_2	155	Picture	20	3109776	0	1	2226	1	0	2000	other	0
sub-14_2	155	Pulse	255	3111835	2058	0
sub-14_2	156	Picture	10	3123395	0	1	2226	1	0	2000	other	0
sub-14_2	156	Pulse	255	3131801	8406	0
sub-14_2	157	Picture	10	3136014	0	1	2226	1	0	2000	other	0
sub-14_2	158	Picture	20	3147632	0	1	2226	1	0	2000	other	0
sub-14_2	158	Pulse	255	3151801	4169	0
sub-14_2	159	Picture	20	3159251	0	1	2226	1	0	2000	other	0
sub-14_2	160	Picture	20	3171777	0	1	2226	1	0	2000	other	0
sub-14_2	160	Pulse	255	3171801	24	0
sub-14_2	161	Picture	10	3185396	0	1	2226	1	0	2000	other	0
sub-14_2	161	Pulse	255	3191802	6405	0
sub-14_2	162	Picture	10	3198015	0	1	2226	1	0	2000	other	0
sub-14_2	163	Picture	20	3211634	0	1	2226	1	0	2000	other	0
sub-14_2	163	Pulse	255	3211791	158	0
sub-14_2	164	Picture	10	3224252	0	1	2226	1	0	2000	other	0
sub-14_2	164	Pulse	255	3231791	7539	0
sub-14_2	165	Picture	10	3237871	0	1	2226	1	0	2000	other	0
sub-14_2	166	Picture	20	3250490	0	1	2226	1	0	2000	other	0
sub-14_2	166	Pulse	255	3251792	1302	0
sub-14_2	167	Picture	20	3263108	0	1	2226	1	0	2000	other	0
sub-14_2	167	Pulse	255	3271792	8684	0
sub-14_2	168	Picture	10	3276727	0	1	2226	1	0	2000	other	0
sub-14_2	169	Picture	Bfix	3290346	0	1	60226	1	0	60000	other	0
sub-14_2	169	Pulse	255	3291792	1446	0
sub-14_2	169	Pulse	255	3311792	21446	0
sub-14_2	169	Pulse	255	3331791	41446	0


Event Type	Code	Type	Response	RT	RT Uncertainty	Time	Uncertainty	Duration	Uncertainty	ReqTime	ReqDur

Nothing	cut	other				612035	1			0
Nothing	cut	other				617035	1			5000
Picture	20	other				622267	1	2226	1	0	2000
Picture	10	other				633885	1	2226	1	0	2000
Picture	20	other				645504	1	2226	1	0	2000
Picture	10	other				658123	1	2226	1	0	2000
Picture	10	other				670741	1	2226	1	0	2000
Picture	20	other				682360	1	2226	1	0	2000
Picture	10	other				694979	1	2226	1	0	2000
Picture	10	other				706597	1	2226	1	0	2000
Picture	20	other				719216	1	2226	1	0	2000
Picture	10	other				731834	1	2226	1	0	2000
Picture	20	other				743453	1	2226	1	0	2000
Picture	10	other				755072	1	2226	1	0	2000
Picture	10	other				768690	1	2168	1	0	2000
Picture	10	other				780250	1	2226	1	0	2000
Picture	10	other				793869	1	2226	1	0	2000
Picture	10	other				805487	1	2226	1	0	2000
Picture	10	other				817106	1	2226	1	0	2000
Picture	20	other				829724	1	2226	1	0	2000
Picture	20	other				841343	1	2226	1	0	2000
Picture	20	other				852961	1	2226	1	0	2000
Picture	10	other				864580	1	2226	1	0	2000
Picture	20	other				876198	1	2226	1	0	2000
Picture	20	other				888817	1	2226	1	0	2000
Picture	20	other				901435	1	2226	1	0	2000
Picture	10	other				913053	1	2226	1	0	2000
Picture	20	other				925673	1	2226	1	0	2000
Picture	10	other				938291	1	2226	1	0	2000
Picture	20	other				951910	1	2226	1	0	2000
Picture	20	other				964528	1	2227	1	0	2000
Picture	10	other				977148	1	2226	1	0	2000
Picture	20	other				990766	1	2226	1	0	2000
Picture	20	other				1004385	1	2226	1	0	2000
Picture	Bfix	other				1018004	1	150234	1	0	150000
Picture	20	other				1168238	1	2226	1	0	2000
Picture	10	other				1179857	1	2226	1	0	2000
Picture	20	other				1192475	1	2226	1	0	2000
Picture	10	other				1206094	1	2226	1	0	2000
Picture	10	other				1218712	1	2226	1	0	2000
Picture	20	other				1232331	1	2227	1	0	2000
Picture	10	other				1243950	1	2226	1	0	2000
Picture	20	other				1256568	1	2226	1	0	2000
Picture	20	other				1270187	1	2226	1	0	2000
Picture	10	other				1283805	1	2226	1	0	2000
Picture	10	other				1296424	1	2226	1	0	2000
Picture	20	other				1309042	1	2226	1	0	2000
Picture	10	other				1321661	1	2226	1	0	2000
Picture	20	other				1334280	1	2226	1	0	2000
Picture	10	other				1345898	1	2226	1	0	2000
Picture	10	other				1359517	1	2226	1	0	2000
Picture	20	other				1371136	1	2226	1	0	2000
Picture	20	other				1383754	1	2226	1	0	2000
Picture	10	other				1395372	1	2226	1	0	2000
Picture	20	other				1406991	1	2226	1	0	2000
Picture	10	other				1418610	1	2226	1	0	2000
Picture	10	other				1431228	1	2226	1	0	2000
Picture	20	other				1443847	1	2226	1	0	2000
Picture	10	other				1455466	1	2226	1	0	2000
Picture	10	other				1469084	1	2226	1	0	2000
Picture	20	other				1480702	1	2226	1	0	2000
Picture	10	other				1494321	1	2226	1	0	2000
Picture	20	other				1507939	1	2226	1	0	2000
Picture	10	other				1519558	1	2226	1	0	2000
Picture	20	other				1532176	1	2226	1	0	2000
Picture	10	other				1543794	1	2226	1	0	2000
Picture	20	other				1557413	1	2226	1	0	2000
Picture	Bfix	other				1570031	1	150238	1	0	150000
Picture	20	other				1720270	1	2226	1	0	2000
Picture	10	other				1731888	1	2226	1	0	2000
Picture	20	other				1744507	1	2226	1	0	2000
Picture	10	other				1757125	1	2226	1	0	2000
Picture	20	other				1769744	1	2226	1	0	2000
Picture	10	other				1781363	1	2226	1	0	2000
Picture	10	other				1794982	1	2226	1	0	2000
Picture	20	other				1807600	1	2226	1	0	2000
Picture	10	other				1820219	1	2226	1	0	2000
Picture	10	other				1833837	1	2226	1	0	2000
Picture	10	other				1847456	1	2226	1	0	2000
Picture	10	other				1860075	1	2226	1	0	2000
Picture	20	other				1872693	1	2226	1	0	2000
Picture	10	other				1885312	1	2226	1	0	2000
Picture	10	other				1897930	1	2226	1	0	2000
Picture	20	other				1909549	1	2226	1	0	2000
Picture	10	other				1921167	1	2226	1	0	2000
Picture	10	other				1934785	1	2226	1	0	2000
Picture	20	other				1947404	1	2226	1	0	2000
Picture	10	other				1961023	1	2226	1	0	2000
Picture	10	other				1974642	1	2226	1	0	2000
Picture	10	other				1987260	1	2226	1	0	2000
Picture	20	other				2000878	1	2226	1	0	2000
Picture	10	other				2012497	1	2226	1	0	2000
Picture	20	other				2025116	1	2226	1	0	2000
Picture	20	other				2038734	1	2226	1	0	2000
Picture	10	other				2052353	1	2226	1	0	2000
Picture	10	other				2064972	1	2226	1	0	2000
Picture	20	other				2078591	1	2226	1	0	2000
Picture	10	other				2091209	1	2226	1	0	2000
Picture	20	other				2102828	1	2226	1	0	2000
Picture	20	other				2114446	1	2226	1	0	2000
Picture	Bfix	other				2128064	1	150233	1	0	150000
Picture	10	other				2278297	1	2226	1	0	2000
Picture	10	other				2290916	1	2226	1	0	2000
Picture	20	other				2302535	1	2226	1	0	2000
Picture	10	other				2316153	1	2227	1	0	2000
Picture	20	other				2329773	1	2226	1	0	2000
Picture	10	other				2343391	1	2226	1	0	2000
Picture	20	other				2357010	1	2226	1	0	2000
Picture	20	other				2369628	1	2226	1	0	2000
Picture	20	other				2383247	1	2226	1	0	2000
Picture	10	other				2394866	1	2226	1	0	2000
Picture	20	other				2407484	1	2226	1	0	2000
Picture	10	other				2421102	1	2226	1	0	2000
Picture	20	other				2433721	1	2226	1	0	2000
Picture	20	other				2447339	1	2226	1	0	2000
Picture	20	other				2460958	1	2226	1	0	2000
Picture	10	other				2472577	1	2226	1	0	2000
Picture	10	other				2485195	1	2226	1	0	2000
Picture	20	other				2496814	1	2226	1	0	2000
Picture	10	other				2510432	1	2226	1	0	2000
Picture	20	other				2523050	1	2226	1	0	2000
Picture	10	other				2535669	1	2226	1	0	2000
Picture	20	other				2548287	1	2226	1	0	2000
Picture	10	other				2560906	1	2226	1	0	2000
Picture	20	other				2574524	1	2226	1	0	2000
Picture	20	other				2588143	1	2226	1	0	2000
Picture	20	other				2600761	1	2226	1	0	2000
Picture	10	other				2614841	1	2226	1	0	2000
Picture	10	other				2627459	1	2226	1	0	2000
Picture	10	other				2641078	1	2226	1	0	2000
Picture	20	other				2653696	1	2226	1	0	2000
Picture	10	other				2666315	1	2226	1	0	2000
Picture	20	other				2678933	1	2226	1	0	2000
Picture	Bfix	other				2692551	1	150234	1	0	150000
Picture	20	other				2842785	1	2226	1	0	2000
Picture	10	other				2855404	1	2226	1	0	2000
Picture	10	other				2867023	1	2226	1	0	2000
Picture	10	other				2880641	1	2226	1	0	2000
Picture	20	other				2894259	1	2226	1	0	2000
Picture	10	other				2905879	1	2226	1	0	2000
Picture	20	other				2917497	1	2226	1	0	2000
Picture	10	other				2931116	1	2226	1	0	2000
Picture	10	other				2943734	1	2226	1	0	2000
Picture	10	other				2956352	1	2226	1	0	2000
Picture	20	other				2968971	1	2226	1	0	2000
Picture	10	other				2980590	1	2226	1	0	2000
Picture	20	other				2994208	1	2226	1	0	2000
Picture	20	other				3005826	1	2226	1	0	2000
Picture	10	other				3019445	1	2226	1	0	2000
Picture	10	other				3031064	1	2226	1	0	2000
Picture	10	other				3044683	1	2226	1	0	2000
Picture	20	other				3057301	1	2226	1	0	2000
Picture	10	other				3070920	1	2226	1	0	2000
Picture	20	other				3083539	1	2226	1	0	2000
Picture	10	other				3097157	1	2226	1	0	2000
Picture	20	other				3109776	1	2226	1	0	2000
Picture	10	other				3123395	1	2226	1	0	2000
Picture	10	other				3136014	1	2226	1	0	2000
Picture	20	other				3147632	1	2226	1	0	2000
Picture	20	other				3159251	1	2226	1	0	2000
Picture	20	other				3171777	1	2226	1	0	2000
Picture	10	other				3185396	1	2226	1	0	2000
Picture	10	other				3198015	1	2226	1	0	2000
Picture	20	other				3211634	1	2226	1	0	2000
Picture	10	other				3224252	1	2226	1	0	2000
Picture	10	other				3237871	1	2226	1	0	2000
Picture	20	other				3250490	1	2226	1	0	2000
Picture	20	other				3263108	1	2226	1	0	2000
Picture	10	other				3276727	1	2226	1	0	2000
Picture	Bfix	other				3290346	1	60226	1	0	60000
