Scenario - loca_lec2
Logfile written - 01/09/2019 17:04:46

Subject	Trial	Event Type	Code	Time	TTime	Uncertainty	Duration	Uncertainty	ReqTime	ReqDur	Stim Type	Pair Index

sub-05_2	0	Pulse	255	550898	550898	0
sub-05_2	1	Nothing	cut	551127	0	1			0		other	0
sub-05_2	1	Nothing	cut	556127	5000	1			5000		other	0
sub-05_2	2	Picture	20	561359	0	1	2226	1	0	2000	other	0
sub-05_2	2	Pulse	255	570898	9539	0
sub-05_2	3	Picture	10	572977	0	1	2226	1	0	2000	other	0
sub-05_2	4	Picture	20	585595	0	1	2226	1	0	2000	other	0
sub-05_2	4	Pulse	255	590898	5303	0
sub-05_2	5	Picture	10	599214	0	1	2226	1	0	2000	other	0
sub-05_2	6	Picture	10	610833	0	1	2226	1	0	2000	other	0
sub-05_2	6	Pulse	255	610899	66	0
sub-05_2	7	Picture	20	623451	0	1	2226	1	0	2000	other	0
sub-05_2	7	Pulse	255	630898	7447	0
sub-05_2	8	Picture	10	637070	0	1	2226	1	0	2000	other	0
sub-05_2	9	Picture	10	650689	0	1	2226	1	0	2000	other	0
sub-05_2	9	Pulse	255	650898	210	0
sub-05_2	10	Picture	20	664307	0	1	2226	1	0	2000	other	0
sub-05_2	10	Pulse	255	670899	6591	0
sub-05_2	11	Picture	10	677926	0	1	2226	1	0	2000	other	0
sub-05_2	11	Pulse	255	690899	12973	0
sub-05_2	12	Picture	20	691545	0	1	2226	1	0	2000	other	0
sub-05_2	13	Picture	10	703163	0	1	2226	1	0	2000	other	0
sub-05_2	13	Pulse	255	710899	7735	0
sub-05_2	14	Picture	10	716782	0	1	2226	1	0	2000	other	0
sub-05_2	15	Picture	10	730400	0	1	2226	1	0	2000	other	0
sub-05_2	15	Pulse	255	730899	499	0
sub-05_2	16	Picture	10	743019	0	1	2226	1	0	2000	other	0
sub-05_2	16	Pulse	255	750899	7880	0
sub-05_2	17	Picture	10	755637	0	1	2226	1	0	2000	other	0
sub-05_2	18	Picture	10	769256	0	1	2226	1	0	2000	other	0
sub-05_2	18	Pulse	255	770899	1643	0
sub-05_2	19	Picture	20	782875	0	1	2226	1	0	2000	other	0
sub-05_2	19	Pulse	255	790899	8024	0
sub-05_2	20	Picture	20	795493	0	1	2226	1	0	2000	other	0
sub-05_2	21	Picture	20	807112	0	1	2226	1	0	2000	other	0
sub-05_2	21	Pulse	255	810899	3787	0
sub-05_2	22	Picture	10	818730	0	1	2226	1	0	2000	other	0
sub-05_2	23	Picture	20	830349	0	1	2226	1	0	2000	other	0
sub-05_2	23	Pulse	255	830899	550	0
sub-05_2	24	Picture	20	843967	0	1	2226	1	0	2000	other	0
sub-05_2	24	Pulse	255	850899	6932	0
sub-05_2	25	Picture	20	857586	0	1	2226	1	0	2000	other	0
sub-05_2	25	Pulse	255	870899	13313	0
sub-05_2	26	Picture	10	871204	0	1	2226	1	0	2000	other	0
sub-05_2	27	Picture	20	883823	0	1	2226	1	0	2000	other	0
sub-05_2	27	Pulse	255	890899	7077	0
sub-05_2	28	Picture	10	897441	0	1	2226	1	0	2000	other	0
sub-05_2	29	Picture	20	910060	0	1	2226	1	0	2000	other	0
sub-05_2	29	Pulse	255	910899	839	0
sub-05_2	30	Picture	20	923678	0	1	2226	1	0	2000	other	0
sub-05_2	30	Pulse	255	930899	7221	0
sub-05_2	31	Picture	10	937297	0	1	2226	1	0	2000	other	0
sub-05_2	32	Picture	20	949916	0	1	2227	1	0	2000	other	0
sub-05_2	32	Pulse	255	950889	973	0
sub-05_2	33	Picture	20	962535	0	1	2226	1	0	2000	other	0
sub-05_2	33	Pulse	255	970890	8354	0
sub-05_2	34	Picture	Bfix	974154	0	1	150235	1	0	150000	other	0
sub-05_2	34	Pulse	255	990890	16736	0
sub-05_2	34	Pulse	255	1010890	36736	0
sub-05_2	34	Pulse	255	1030890	56736	0
sub-05_2	34	Pulse	255	1050890	76736	0
sub-05_2	34	Pulse	255	1070890	96736	0
sub-05_2	34	Pulse	255	1090890	116736	0
sub-05_2	34	Pulse	255	1110890	136736	0
sub-05_2	35	Picture	20	1124389	0	1	2226	1	0	2000	other	0
sub-05_2	35	Pulse	255	1130890	6502	0
sub-05_2	36	Picture	10	1138007	0	1	2226	1	0	2000	other	0
sub-05_2	36	Pulse	255	1150890	12883	0
sub-05_2	37	Picture	20	1151626	0	1	2226	1	0	2000	other	0
sub-05_2	38	Picture	10	1163244	0	1	2226	1	0	2000	other	0
sub-05_2	38	Pulse	255	1170890	7646	0
sub-05_2	39	Picture	10	1175863	0	1	2226	1	0	2000	other	0
sub-05_2	40	Picture	20	1189481	0	1	2226	1	0	2000	other	0
sub-05_2	40	Pulse	255	1190890	1409	0
sub-05_2	41	Picture	10	1201100	0	1	2226	1	0	2000	other	0
sub-05_2	41	Pulse	255	1210890	9790	0
sub-05_2	42	Picture	20	1213719	0	1	2226	1	0	2000	other	0
sub-05_2	43	Picture	20	1225338	0	1	2226	1	0	2000	other	0
sub-05_2	43	Pulse	255	1230890	5553	0
sub-05_2	44	Picture	10	1237957	0	1	2226	1	0	2000	other	0
sub-05_2	45	Picture	10	1250575	0	1	2226	1	0	2000	other	0
sub-05_2	45	Pulse	255	1250890	315	0
sub-05_2	46	Picture	20	1262193	0	1	2226	1	0	2000	other	0
sub-05_2	46	Pulse	255	1270890	8697	0
sub-05_2	47	Picture	10	1273812	0	1	2226	1	0	2000	other	0
sub-05_2	48	Picture	20	1287430	0	1	2226	1	0	2000	other	0
sub-05_2	48	Pulse	255	1290890	3460	0
sub-05_2	49	Picture	10	1300049	0	1	2226	1	0	2000	other	0
sub-05_2	49	Pulse	255	1310890	10841	0
sub-05_2	50	Picture	10	1311667	0	1	2226	1	0	2000	other	0
sub-05_2	51	Picture	20	1324286	0	1	2226	1	0	2000	other	0
sub-05_2	51	Pulse	255	1330890	6604	0
sub-05_2	52	Picture	20	1337905	0	1	2226	1	0	2000	other	0
sub-05_2	53	Picture	10	1350524	0	1	2226	1	0	2000	other	0
sub-05_2	53	Pulse	255	1350890	367	0
sub-05_2	54	Picture	20	1364142	0	1	2226	1	0	2000	other	0
sub-05_2	54	Pulse	255	1370891	6748	0
sub-05_2	55	Picture	10	1375761	0	1	2226	1	0	2000	other	0
sub-05_2	56	Picture	10	1389380	0	1	2226	1	0	2000	other	0
sub-05_2	56	Pulse	255	1390891	1511	0
sub-05_2	57	Picture	20	1400999	0	1	2226	1	0	2000	other	0
sub-05_2	57	Pulse	255	1410891	9892	0
sub-05_2	58	Picture	10	1414617	0	1	2226	1	0	2000	other	0
sub-05_2	59	Picture	10	1426236	0	1	2226	1	0	2000	other	0
sub-05_2	59	Pulse	255	1430891	4655	0
sub-05_2	60	Picture	20	1439774	0	1	2226	1	0	2000	other	0
sub-05_2	60	Pulse	255	1450890	11117	0
sub-05_2	61	Picture	10	1452392	0	1	2226	1	0	2000	other	0
sub-05_2	62	Picture	20	1466010	0	1	2226	1	0	2000	other	0
sub-05_2	62	Pulse	255	1470891	4881	0
sub-05_2	63	Picture	10	1477629	0	1	2226	1	0	2000	other	0
sub-05_2	63	Pulse	255	1490921	13292	0
sub-05_2	64	Picture	20	1491248	0	1	2226	1	0	2000	other	0
sub-05_2	65	Picture	10	1504867	0	1	2226	1	0	2000	other	0
sub-05_2	65	Pulse	255	1510891	6025	0
sub-05_2	66	Picture	20	1516485	0	1	2226	1	0	2000	other	0
sub-05_2	67	Picture	Bfix	1530104	0	1	150238	1	0	150000	other	0
sub-05_2	67	Pulse	255	1530891	788	0
sub-05_2	67	Pulse	255	1550891	20788	0
sub-05_2	67	Pulse	255	1570891	40787	0
sub-05_2	67	Pulse	255	1590891	60787	0
sub-05_2	67	Pulse	255	1610891	80788	0
sub-05_2	67	Pulse	255	1630891	100788	0
sub-05_2	67	Pulse	255	1650892	120788	0
sub-05_2	67	Pulse	255	1670892	140788	0
sub-05_2	68	Picture	20	1680342	0	1	2226	1	0	2000	other	0
sub-05_2	68	Pulse	255	1690892	10550	0
sub-05_2	69	Picture	10	1691960	0	1	2226	1	0	2000	other	0
sub-05_2	70	Picture	20	1703579	0	1	2226	1	0	2000	other	0
sub-05_2	70	Pulse	255	1710892	7313	0
sub-05_2	71	Picture	10	1717197	0	1	2226	1	0	2000	other	0
sub-05_2	72	Picture	20	1728816	0	1	2226	1	0	2000	other	0
sub-05_2	72	Pulse	255	1730892	2076	0
sub-05_2	73	Picture	10	1742434	0	1	2226	1	0	2000	other	0
sub-05_2	73	Pulse	255	1750892	8457	0
sub-05_2	74	Picture	10	1755052	0	1	2226	1	0	2000	other	0
sub-05_2	75	Picture	20	1766671	0	1	2226	1	0	2000	other	0
sub-05_2	75	Pulse	255	1770892	4220	0
sub-05_2	76	Picture	10	1779290	0	1	2226	1	0	2000	other	0
sub-05_2	76	Pulse	255	1790892	11602	0
sub-05_2	77	Picture	10	1791908	0	1	2227	1	0	2000	other	0
sub-05_2	78	Picture	10	1805527	0	1	2226	1	0	2000	other	0
sub-05_2	78	Pulse	255	1810892	5365	0
sub-05_2	79	Picture	10	1817146	0	1	2226	1	0	2000	other	0
sub-05_2	80	Picture	20	1828765	0	1	2226	1	0	2000	other	0
sub-05_2	80	Pulse	255	1830892	2127	0
sub-05_2	81	Picture	10	1842383	0	1	2226	1	0	2000	other	0
sub-05_2	81	Pulse	255	1850892	8509	0
sub-05_2	82	Picture	10	1855002	0	1	2226	1	0	2000	other	0
sub-05_2	83	Picture	20	1866621	0	1	2226	1	0	2000	other	0
sub-05_2	83	Pulse	255	1870892	4271	0
sub-05_2	84	Picture	10	1879239	0	1	2226	1	0	2000	other	0
sub-05_2	84	Pulse	255	1890892	11653	0
sub-05_2	85	Picture	10	1892858	0	1	2226	1	0	2000	other	0
sub-05_2	86	Picture	20	1906476	0	1	2226	1	0	2000	other	0
sub-05_2	86	Pulse	255	1910892	4416	0
sub-05_2	87	Picture	10	1920095	0	1	2226	1	0	2000	other	0
sub-05_2	87	Pulse	255	1930892	10798	0
sub-05_2	88	Picture	10	1931713	0	1	2226	1	0	2000	other	0
sub-05_2	89	Picture	10	1944331	0	1	2226	1	0	2000	other	0
sub-05_2	89	Pulse	255	1950893	6561	0
sub-05_2	90	Picture	20	1956950	0	1	2226	1	0	2000	other	0
sub-05_2	91	Picture	10	1969569	0	1	2226	1	0	2000	other	0
sub-05_2	91	Pulse	255	1970893	1324	0
sub-05_2	92	Picture	20	1983187	0	1	2226	1	0	2000	other	0
sub-05_2	92	Pulse	255	1990893	7706	0
sub-05_2	93	Picture	20	1996806	0	1	2226	1	0	2000	other	0
sub-05_2	94	Picture	10	2009424	0	1	2226	1	0	2000	other	0
sub-05_2	94	Pulse	255	2010893	1469	0
sub-05_2	95	Picture	10	2023043	0	1	2226	1	0	2000	other	0
sub-05_2	95	Pulse	255	2030893	7850	0
sub-05_2	96	Picture	20	2034662	0	1	2226	1	0	2000	other	0
sub-05_2	97	Picture	10	2048281	0	1	2226	1	0	2000	other	0
sub-05_2	97	Pulse	255	2050893	2612	0
sub-05_2	98	Picture	20	2060899	0	1	2226	1	0	2000	other	0
sub-05_2	98	Pulse	255	2070892	9993	0
sub-05_2	99	Picture	20	2074518	0	1	2226	1	0	2000	other	0
sub-05_2	100	Picture	Bfix	2086136	0	1	150233	1	0	150000	other	0
sub-05_2	100	Pulse	255	2090893	4757	0
sub-05_2	100	Pulse	255	2110893	24757	0
sub-05_2	100	Pulse	255	2130893	44757	0
sub-05_2	100	Pulse	255	2150893	64757	0
sub-05_2	100	Pulse	255	2170893	84757	0
sub-05_2	100	Pulse	255	2190893	104757	0
sub-05_2	100	Pulse	255	2210894	124757	0
sub-05_2	100	Pulse	255	2230894	144758	0
sub-05_2	101	Picture	10	2236369	0	1	2226	1	0	2000	other	0
sub-05_2	102	Picture	10	2248987	0	1	2226	1	0	2000	other	0
sub-05_2	102	Pulse	255	2250894	1907	0
sub-05_2	103	Picture	20	2262606	0	1	2226	1	0	2000	other	0
sub-05_2	103	Pulse	255	2270894	8288	0
sub-05_2	104	Picture	10	2275224	0	1	2226	1	0	2000	other	0
sub-05_2	105	Picture	20	2288843	0	1	2226	1	0	2000	other	0
sub-05_2	105	Pulse	255	2290924	2081	0
sub-05_2	106	Picture	10	2301461	0	1	2226	1	0	2000	other	0
sub-05_2	106	Pulse	255	2310894	9433	0
sub-05_2	107	Picture	20	2313080	0	1	2226	1	0	2000	other	0
sub-05_2	108	Picture	20	2325698	0	1	2226	1	0	2000	other	0
sub-05_2	108	Pulse	255	2330894	5196	0
sub-05_2	109	Picture	20	2338317	0	1	2226	1	0	2000	other	0
sub-05_2	109	Pulse	255	2350894	12577	0
sub-05_2	110	Picture	10	2351936	0	1	2226	1	0	2000	other	0
sub-05_2	111	Picture	20	2364554	0	1	2226	1	0	2000	other	0
sub-05_2	111	Pulse	255	2370894	6340	0
sub-05_2	112	Picture	10	2378172	0	1	2226	1	0	2000	other	0
sub-05_2	113	Picture	20	2389791	0	1	2226	1	0	2000	other	0
sub-05_2	113	Pulse	255	2390894	1102	0
sub-05_2	114	Picture	20	2403410	0	1	2226	1	0	2000	other	0
sub-05_2	114	Pulse	255	2410894	7484	0
sub-05_2	115	Picture	20	2417029	0	1	2226	1	0	2000	other	0
sub-05_2	116	Picture	10	2430647	0	1	2226	1	0	2000	other	0
sub-05_2	116	Pulse	255	2430894	247	0
sub-05_2	117	Picture	10	2442266	0	1	2226	1	0	2000	other	0
sub-05_2	117	Pulse	255	2450894	8629	0
sub-05_2	118	Picture	20	2453885	0	1	2226	1	0	2000	other	0
sub-05_2	119	Picture	10	2466503	0	1	2226	1	0	2000	other	0
sub-05_2	119	Pulse	255	2470894	4391	0
sub-05_2	120	Picture	20	2480121	0	1	2226	1	0	2000	other	0
sub-05_2	120	Pulse	255	2490894	10773	0
sub-05_2	121	Picture	10	2491740	0	1	2226	1	0	2000	other	0
sub-05_2	122	Picture	20	2505358	0	1	2226	1	0	2000	other	0
sub-05_2	122	Pulse	255	2510894	5536	0
sub-05_2	123	Picture	10	2518977	0	1	2226	1	0	2000	other	0
sub-05_2	123	Pulse	255	2530894	11918	0
sub-05_2	124	Picture	20	2531595	0	1	2226	1	0	2000	other	0
sub-05_2	125	Picture	20	2545213	0	1	2226	1	0	2000	other	0
sub-05_2	125	Pulse	255	2550884	5671	0
sub-05_2	126	Picture	20	2557832	0	1	2226	1	0	2000	other	0
sub-05_2	127	Picture	10	2569450	0	1	2226	1	0	2000	other	0
sub-05_2	127	Pulse	255	2570885	1434	0
sub-05_2	128	Picture	10	2583069	0	1	2226	1	0	2000	other	0
sub-05_2	128	Pulse	255	2590884	7816	0
sub-05_2	129	Picture	10	2594687	0	1	2226	1	0	2000	other	0
sub-05_2	130	Picture	20	2606306	0	1	2226	1	0	2000	other	0
sub-05_2	130	Pulse	255	2610885	4579	0
sub-05_2	131	Picture	10	2617925	0	1	2226	1	0	2000	other	0
sub-05_2	131	Pulse	255	2630885	12960	0
sub-05_2	132	Picture	20	2631543	0	1	2226	1	0	2000	other	0
sub-05_2	133	Picture	Bfix	2644161	0	1	150226	1	0	150000	other	0
sub-05_2	133	Pulse	255	2650885	6724	0
sub-05_2	133	Pulse	255	2670885	26723	0
sub-05_2	133	Pulse	255	2690885	46724	0
sub-05_2	133	Pulse	255	2710885	66724	0
sub-05_2	133	Pulse	255	2730885	86723	0
sub-05_2	133	Pulse	255	2750885	106724	0
sub-05_2	133	Pulse	255	2770885	126724	0
sub-05_2	133	Pulse	255	2790885	146724	0
sub-05_2	134	Picture	20	2794554	0	1	2226	1	0	2000	other	0
sub-05_2	135	Picture	10	2807173	0	1	2226	1	0	2000	other	0
sub-05_2	135	Pulse	255	2810886	3713	0
sub-05_2	136	Picture	10	2819792	0	1	2226	1	0	2000	other	0
sub-05_2	136	Pulse	255	2830886	11094	0
sub-05_2	137	Picture	10	2831410	0	1	2226	1	0	2000	other	0
sub-05_2	138	Picture	20	2843029	0	1	2227	1	0	2000	other	0
sub-05_2	138	Pulse	255	2850886	7857	0
sub-05_2	139	Picture	10	2855648	0	1	2226	1	0	2000	other	0
sub-05_2	140	Picture	20	2868267	0	1	2226	1	0	2000	other	0
sub-05_2	140	Pulse	255	2870886	2619	0
sub-05_2	141	Picture	10	2879886	0	1	2226	1	0	2000	other	0
sub-05_2	141	Pulse	255	2890886	11000	0
sub-05_2	142	Picture	10	2893504	0	1	2226	1	0	2000	other	0
sub-05_2	143	Picture	10	2906123	0	1	2226	1	0	2000	other	0
sub-05_2	143	Pulse	255	2910886	4763	0
sub-05_2	144	Picture	20	2918741	0	1	2226	1	0	2000	other	0
sub-05_2	145	Picture	10	2930360	0	1	2226	1	0	2000	other	0
sub-05_2	145	Pulse	255	2930886	526	0
sub-05_2	146	Picture	20	2941978	0	1	2226	1	0	2000	other	0
sub-05_2	146	Pulse	255	2950886	8907	0
sub-05_2	147	Picture	20	2955597	0	1	2226	1	0	2000	other	0
sub-05_2	148	Picture	10	2967216	0	1	2226	1	0	2000	other	0
sub-05_2	148	Pulse	255	2970886	3670	0
sub-05_2	149	Picture	10	2979835	0	1	2226	1	0	2000	other	0
sub-05_2	149	Pulse	255	2990886	11051	0
sub-05_2	150	Picture	10	2993454	0	1	2226	1	0	2000	other	0
sub-05_2	151	Picture	20	3005072	0	1	2227	1	0	2000	other	0
sub-05_2	151	Pulse	255	3010886	5814	0
sub-05_2	152	Picture	10	3016691	0	1	2226	1	0	2000	other	0
sub-05_2	153	Picture	20	3030310	0	1	2227	1	0	2000	other	0
sub-05_2	153	Pulse	255	3030886	577	0
sub-05_2	154	Picture	10	3043929	0	1	2226	1	0	2000	other	0
sub-05_2	154	Pulse	255	3050886	6957	0
sub-05_2	155	Picture	20	3055547	0	1	2226	1	0	2000	other	0
sub-05_2	156	Picture	10	3069166	0	1	2226	1	0	2000	other	0
sub-05_2	156	Pulse	255	3070886	1721	0
sub-05_2	157	Picture	10	3080784	0	1	2226	1	0	2000	other	0
sub-05_2	157	Pulse	255	3090886	10102	0
sub-05_2	158	Picture	20	3093403	0	1	2226	1	0	2000	other	0
sub-05_2	159	Picture	20	3107021	0	1	2226	1	0	2000	other	0
sub-05_2	159	Pulse	255	3110887	3866	0
sub-05_2	160	Picture	20	3120639	0	1	2226	1	0	2000	other	0
sub-05_2	160	Pulse	255	3130886	10247	0
sub-05_2	161	Picture	10	3134258	0	1	2226	1	0	2000	other	0
sub-05_2	162	Picture	10	3146876	0	1	2226	1	0	2000	other	0
sub-05_2	162	Pulse	255	3150886	4010	0
sub-05_2	163	Picture	20	3158495	0	1	2226	1	0	2000	other	0
sub-05_2	163	Pulse	255	3170887	12392	0
sub-05_2	164	Picture	10	3171113	0	1	2226	1	0	2000	other	0
sub-05_2	165	Picture	10	3184732	0	1	2226	1	0	2000	other	0
sub-05_2	165	Pulse	255	3190887	6155	0
sub-05_2	166	Picture	20	3196350	0	1	2226	1	0	2000	other	0
sub-05_2	167	Picture	20	3208969	0	1	2226	1	0	2000	other	0
sub-05_2	167	Pulse	255	3210887	1918	0
sub-05_2	168	Picture	10	3220588	0	1	2226	1	0	2000	other	0
sub-05_2	168	Pulse	255	3230887	10299	0
sub-05_2	169	Picture	Bfix	3233206	0	1	71872	1	0	60000	other	0
sub-05_2	169	Pulse	255	3250887	17681	0
sub-05_2	169	Pulse	255	3270887	37681	0


Event Type	Code	Type	Response	RT	RT Uncertainty	Time	Uncertainty	Duration	Uncertainty	ReqTime	ReqDur

Nothing	cut	other				551127	1			0
Nothing	cut	other				556127	1			5000
Picture	20	other				561359	1	2226	1	0	2000
Picture	10	other				572977	1	2226	1	0	2000
Picture	20	other				585595	1	2226	1	0	2000
Picture	10	other				599214	1	2226	1	0	2000
Picture	10	other				610833	1	2226	1	0	2000
Picture	20	other				623451	1	2226	1	0	2000
Picture	10	other				637070	1	2226	1	0	2000
Picture	10	other				650689	1	2226	1	0	2000
Picture	20	other				664307	1	2226	1	0	2000
Picture	10	other				677926	1	2226	1	0	2000
Picture	20	other				691545	1	2226	1	0	2000
Picture	10	other				703163	1	2226	1	0	2000
Picture	10	other				716782	1	2226	1	0	2000
Picture	10	other				730400	1	2226	1	0	2000
Picture	10	other				743019	1	2226	1	0	2000
Picture	10	other				755637	1	2226	1	0	2000
Picture	10	other				769256	1	2226	1	0	2000
Picture	20	other				782875	1	2226	1	0	2000
Picture	20	other				795493	1	2226	1	0	2000
Picture	20	other				807112	1	2226	1	0	2000
Picture	10	other				818730	1	2226	1	0	2000
Picture	20	other				830349	1	2226	1	0	2000
Picture	20	other				843967	1	2226	1	0	2000
Picture	20	other				857586	1	2226	1	0	2000
Picture	10	other				871204	1	2226	1	0	2000
Picture	20	other				883823	1	2226	1	0	2000
Picture	10	other				897441	1	2226	1	0	2000
Picture	20	other				910060	1	2226	1	0	2000
Picture	20	other				923678	1	2226	1	0	2000
Picture	10	other				937297	1	2226	1	0	2000
Picture	20	other				949916	1	2227	1	0	2000
Picture	20	other				962535	1	2226	1	0	2000
Picture	Bfix	other				974154	1	150235	1	0	150000
Picture	20	other				1124389	1	2226	1	0	2000
Picture	10	other				1138007	1	2226	1	0	2000
Picture	20	other				1151626	1	2226	1	0	2000
Picture	10	other				1163244	1	2226	1	0	2000
Picture	10	other				1175863	1	2226	1	0	2000
Picture	20	other				1189481	1	2226	1	0	2000
Picture	10	other				1201100	1	2226	1	0	2000
Picture	20	other				1213719	1	2226	1	0	2000
Picture	20	other				1225338	1	2226	1	0	2000
Picture	10	other				1237957	1	2226	1	0	2000
Picture	10	other				1250575	1	2226	1	0	2000
Picture	20	other				1262193	1	2226	1	0	2000
Picture	10	other				1273812	1	2226	1	0	2000
Picture	20	other				1287430	1	2226	1	0	2000
Picture	10	other				1300049	1	2226	1	0	2000
Picture	10	other				1311667	1	2226	1	0	2000
Picture	20	other				1324286	1	2226	1	0	2000
Picture	20	other				1337905	1	2226	1	0	2000
Picture	10	other				1350524	1	2226	1	0	2000
Picture	20	other				1364142	1	2226	1	0	2000
Picture	10	other				1375761	1	2226	1	0	2000
Picture	10	other				1389380	1	2226	1	0	2000
Picture	20	other				1400999	1	2226	1	0	2000
Picture	10	other				1414617	1	2226	1	0	2000
Picture	10	other				1426236	1	2226	1	0	2000
Picture	20	other				1439774	1	2226	1	0	2000
Picture	10	other				1452392	1	2226	1	0	2000
Picture	20	other				1466010	1	2226	1	0	2000
Picture	10	other				1477629	1	2226	1	0	2000
Picture	20	other				1491248	1	2226	1	0	2000
Picture	10	other				1504867	1	2226	1	0	2000
Picture	20	other				1516485	1	2226	1	0	2000
Picture	Bfix	other				1530104	1	150238	1	0	150000
Picture	20	other				1680342	1	2226	1	0	2000
Picture	10	other				1691960	1	2226	1	0	2000
Picture	20	other				1703579	1	2226	1	0	2000
Picture	10	other				1717197	1	2226	1	0	2000
Picture	20	other				1728816	1	2226	1	0	2000
Picture	10	other				1742434	1	2226	1	0	2000
Picture	10	other				1755052	1	2226	1	0	2000
Picture	20	other				1766671	1	2226	1	0	2000
Picture	10	other				1779290	1	2226	1	0	2000
Picture	10	other				1791908	1	2227	1	0	2000
Picture	10	other				1805527	1	2226	1	0	2000
Picture	10	other				1817146	1	2226	1	0	2000
Picture	20	other				1828765	1	2226	1	0	2000
Picture	10	other				1842383	1	2226	1	0	2000
Picture	10	other				1855002	1	2226	1	0	2000
Picture	20	other				1866621	1	2226	1	0	2000
Picture	10	other				1879239	1	2226	1	0	2000
Picture	10	other				1892858	1	2226	1	0	2000
Picture	20	other				1906476	1	2226	1	0	2000
Picture	10	other				1920095	1	2226	1	0	2000
Picture	10	other				1931713	1	2226	1	0	2000
Picture	10	other				1944331	1	2226	1	0	2000
Picture	20	other				1956950	1	2226	1	0	2000
Picture	10	other				1969569	1	2226	1	0	2000
Picture	20	other				1983187	1	2226	1	0	2000
Picture	20	other				1996806	1	2226	1	0	2000
Picture	10	other				2009424	1	2226	1	0	2000
Picture	10	other				2023043	1	2226	1	0	2000
Picture	20	other				2034662	1	2226	1	0	2000
Picture	10	other				2048281	1	2226	1	0	2000
Picture	20	other				2060899	1	2226	1	0	2000
Picture	20	other				2074518	1	2226	1	0	2000
Picture	Bfix	other				2086136	1	150233	1	0	150000
Picture	10	other				2236369	1	2226	1	0	2000
Picture	10	other				2248987	1	2226	1	0	2000
Picture	20	other				2262606	1	2226	1	0	2000
Picture	10	other				2275224	1	2226	1	0	2000
Picture	20	other				2288843	1	2226	1	0	2000
Picture	10	other				2301461	1	2226	1	0	2000
Picture	20	other				2313080	1	2226	1	0	2000
Picture	20	other				2325698	1	2226	1	0	2000
Picture	20	other				2338317	1	2226	1	0	2000
Picture	10	other				2351936	1	2226	1	0	2000
Picture	20	other				2364554	1	2226	1	0	2000
Picture	10	other				2378172	1	2226	1	0	2000
Picture	20	other				2389791	1	2226	1	0	2000
Picture	20	other				2403410	1	2226	1	0	2000
Picture	20	other				2417029	1	2226	1	0	2000
Picture	10	other				2430647	1	2226	1	0	2000
Picture	10	other				2442266	1	2226	1	0	2000
Picture	20	other				2453885	1	2226	1	0	2000
Picture	10	other				2466503	1	2226	1	0	2000
Picture	20	other				2480121	1	2226	1	0	2000
Picture	10	other				2491740	1	2226	1	0	2000
Picture	20	other				2505358	1	2226	1	0	2000
Picture	10	other				2518977	1	2226	1	0	2000
Picture	20	other				2531595	1	2226	1	0	2000
Picture	20	other				2545213	1	2226	1	0	2000
Picture	20	other				2557832	1	2226	1	0	2000
Picture	10	other				2569450	1	2226	1	0	2000
Picture	10	other				2583069	1	2226	1	0	2000
Picture	10	other				2594687	1	2226	1	0	2000
Picture	20	other				2606306	1	2226	1	0	2000
Picture	10	other				2617925	1	2226	1	0	2000
Picture	20	other				2631543	1	2226	1	0	2000
Picture	Bfix	other				2644161	1	150226	1	0	150000
Picture	20	other				2794554	1	2226	1	0	2000
Picture	10	other				2807173	1	2226	1	0	2000
Picture	10	other				2819792	1	2226	1	0	2000
Picture	10	other				2831410	1	2226	1	0	2000
Picture	20	other				2843029	1	2227	1	0	2000
Picture	10	other				2855648	1	2226	1	0	2000
Picture	20	other				2868267	1	2226	1	0	2000
Picture	10	other				2879886	1	2226	1	0	2000
Picture	10	other				2893504	1	2226	1	0	2000
Picture	10	other				2906123	1	2226	1	0	2000
Picture	20	other				2918741	1	2226	1	0	2000
Picture	10	other				2930360	1	2226	1	0	2000
Picture	20	other				2941978	1	2226	1	0	2000
Picture	20	other				2955597	1	2226	1	0	2000
Picture	10	other				2967216	1	2226	1	0	2000
Picture	10	other				2979835	1	2226	1	0	2000
Picture	10	other				2993454	1	2226	1	0	2000
Picture	20	other				3005072	1	2227	1	0	2000
Picture	10	other				3016691	1	2226	1	0	2000
Picture	20	other				3030310	1	2227	1	0	2000
Picture	10	other				3043929	1	2226	1	0	2000
Picture	20	other				3055547	1	2226	1	0	2000
Picture	10	other				3069166	1	2226	1	0	2000
Picture	10	other				3080784	1	2226	1	0	2000
Picture	20	other				3093403	1	2226	1	0	2000
Picture	20	other				3107021	1	2226	1	0	2000
Picture	20	other				3120639	1	2226	1	0	2000
Picture	10	other				3134258	1	2226	1	0	2000
Picture	10	other				3146876	1	2226	1	0	2000
Picture	20	other				3158495	1	2226	1	0	2000
Picture	10	other				3171113	1	2226	1	0	2000
Picture	10	other				3184732	1	2226	1	0	2000
Picture	20	other				3196350	1	2226	1	0	2000
Picture	20	other				3208969	1	2226	1	0	2000
Picture	10	other				3220588	1	2226	1	0	2000
Picture	Bfix	other				3233206	1	71872	1	0	60000
