Scenario - loca_lec2
Logfile written - 06/19/2018 16:11:30

Subject	Trial	Event Type	Code	Time	TTime	Uncertainty	Duration	Uncertainty	ReqTime	ReqDur	Stim Type	Pair Index

sub-07_2	0	Pulse	255	708100	708100	0
sub-07_2	1	Nothing	cut	708328	0	1			0		other	0
sub-07_2	1	Nothing	cut	713328	5000	1			5000		other	0
sub-07_2	2	Picture	20	718560	0	1	2226	1	0	2000	other	0
sub-07_2	2	Pulse	255	728100	9540	0
sub-07_2	3	Picture	10	730178	0	1	2226	1	0	2000	other	0
sub-07_2	4	Picture	20	743796	0	1	2226	1	0	2000	other	0
sub-07_2	4	Pulse	255	748100	4303	0
sub-07_2	5	Picture	10	755414	0	1	2226	1	0	2000	other	0
sub-07_2	5	Pulse	255	768100	12686	0
sub-07_2	6	Picture	10	769032	0	1	2226	1	0	2000	other	0
sub-07_2	7	Picture	20	781651	0	1	2226	1	0	2000	other	0
sub-07_2	7	Pulse	255	788099	6449	0
sub-07_2	8	Picture	10	793269	0	1	2226	1	0	2000	other	0
sub-07_2	9	Picture	10	805887	0	1	2226	1	0	2000	other	0
sub-07_2	9	Pulse	255	808100	2213	0
sub-07_2	10	Picture	20	817505	0	1	2226	1	0	2000	other	0
sub-07_2	10	Pulse	255	828100	10595	0
sub-07_2	11	Picture	10	829124	0	1	2226	1	0	2000	other	0
sub-07_2	12	Picture	20	842742	0	1	2226	1	0	2000	other	0
sub-07_2	12	Pulse	255	848100	5358	0
sub-07_2	13	Picture	10	856360	0	1	2226	1	0	2000	other	0
sub-07_2	13	Pulse	255	868100	11740	0
sub-07_2	14	Picture	10	868979	0	1	2226	1	0	2000	other	0
sub-07_2	15	Picture	10	880597	0	1	2226	1	0	2000	other	0
sub-07_2	15	Pulse	255	888100	7503	0
sub-07_2	16	Picture	10	894215	0	1	2226	1	0	2000	other	0
sub-07_2	17	Picture	10	905833	0	1	2226	1	0	2000	other	0
sub-07_2	17	Pulse	255	908100	2267	0
sub-07_2	18	Picture	10	918451	0	1	2226	1	0	2000	other	0
sub-07_2	18	Pulse	255	928100	9649	0
sub-07_2	19	Picture	20	930069	0	1	2226	1	0	2000	other	0
sub-07_2	20	Picture	20	942688	0	1	2226	1	0	2000	other	0
sub-07_2	20	Pulse	255	948100	5412	0
sub-07_2	21	Picture	20	955306	0	1	2226	1	0	2000	other	0
sub-07_2	22	Picture	10	966924	0	1	2226	1	0	2000	other	0
sub-07_2	22	Pulse	255	968100	1177	0
sub-07_2	23	Picture	20	978542	0	1	2226	1	0	2000	other	0
sub-07_2	23	Pulse	255	988100	9558	0
sub-07_2	24	Picture	20	991160	0	1	2226	1	0	2000	other	0
sub-07_2	25	Picture	20	1004778	0	1	2226	1	0	2000	other	0
sub-07_2	25	Pulse	255	1008100	3322	0
sub-07_2	26	Picture	10	1016397	0	1	2226	1	0	2000	other	0
sub-07_2	26	Pulse	255	1028100	11703	0
sub-07_2	27	Picture	20	1030015	0	1	2226	1	0	2000	other	0
sub-07_2	28	Picture	10	1041633	0	1	2226	1	0	2000	other	0
sub-07_2	28	Pulse	255	1048099	6467	0
sub-07_2	29	Picture	20	1053251	0	1	2226	1	0	2000	other	0
sub-07_2	30	Picture	20	1064870	0	1	2226	1	0	2000	other	0
sub-07_2	30	Pulse	255	1068100	3231	0
sub-07_2	31	Picture	10	1076488	0	1	2226	1	0	2000	other	0
sub-07_2	31	Pulse	255	1088100	11613	0
sub-07_2	32	Picture	20	1089106	0	1	2226	1	0	2000	other	0
sub-07_2	33	Picture	20	1101724	0	1	2226	1	0	2000	other	0
sub-07_2	33	Pulse	255	1108100	6376	0
sub-07_2	34	Picture	Bfix	1115342	0	1	150234	1	0	150000	other	0
sub-07_2	34	Pulse	255	1128100	12757	0
sub-07_2	34	Pulse	255	1148100	32758	0
sub-07_2	34	Pulse	255	1168101	52759	0
sub-07_2	34	Pulse	255	1188101	72759	0
sub-07_2	34	Pulse	255	1208101	92759	0
sub-07_2	34	Pulse	255	1228101	112758	0
sub-07_2	34	Pulse	255	1248101	132759	0
sub-07_2	35	Picture	20	1265577	0	1	2226	1	0	2000	other	0
sub-07_2	35	Pulse	255	1268101	2524	0
sub-07_2	36	Picture	10	1279195	0	1	2226	1	0	2000	other	0
sub-07_2	36	Pulse	255	1288101	8906	0
sub-07_2	37	Picture	20	1292813	0	1	2226	1	0	2000	other	0
sub-07_2	38	Picture	10	1304432	0	1	2226	1	0	2000	other	0
sub-07_2	38	Pulse	255	1308101	3669	0
sub-07_2	39	Picture	10	1318050	0	1	2226	1	0	2000	other	0
sub-07_2	39	Pulse	255	1328100	10050	0
sub-07_2	40	Picture	20	1330668	0	1	2226	1	0	2000	other	0
sub-07_2	41	Picture	10	1342287	0	1	2226	1	0	2000	other	0
sub-07_2	41	Pulse	255	1348101	5814	0
sub-07_2	42	Picture	20	1354905	0	1	2226	1	0	2000	other	0
sub-07_2	42	Pulse	255	1368101	13196	0
sub-07_2	43	Picture	20	1368523	0	1	2226	1	0	2000	other	0
sub-07_2	44	Picture	10	1382142	0	1	2226	1	0	2000	other	0
sub-07_2	44	Pulse	255	1388101	5959	0
sub-07_2	45	Picture	10	1393760	0	1	2226	1	0	2000	other	0
sub-07_2	46	Picture	20	1405379	0	1	2226	1	0	2000	other	0
sub-07_2	46	Pulse	255	1408101	2722	0
sub-07_2	47	Picture	10	1417997	0	1	2226	1	0	2000	other	0
sub-07_2	47	Pulse	255	1428101	10105	0
sub-07_2	48	Picture	20	1430615	0	1	2226	1	0	2000	other	0
sub-07_2	49	Picture	10	1442233	0	1	2226	1	0	2000	other	0
sub-07_2	49	Pulse	255	1448101	5868	0
sub-07_2	50	Picture	10	1455851	0	1	2226	1	0	2000	other	0
sub-07_2	50	Pulse	255	1468101	12250	0
sub-07_2	51	Picture	20	1469469	0	1	2226	1	0	2000	other	0
sub-07_2	52	Picture	20	1481087	0	1	2226	1	0	2000	other	0
sub-07_2	52	Pulse	255	1488101	7014	0
sub-07_2	53	Picture	10	1493706	0	1	2226	1	0	2000	other	0
sub-07_2	54	Picture	20	1507324	0	1	2226	1	0	2000	other	0
sub-07_2	54	Pulse	255	1508101	777	0
sub-07_2	55	Picture	10	1519942	0	1	2226	1	0	2000	other	0
sub-07_2	55	Pulse	255	1528101	8159	0
sub-07_2	56	Picture	10	1532560	0	1	2226	1	0	2000	other	0
sub-07_2	57	Picture	20	1545178	0	1	2226	1	0	2000	other	0
sub-07_2	57	Pulse	255	1548101	2922	0
sub-07_2	58	Picture	10	1557797	0	1	2226	1	0	2000	other	0
sub-07_2	58	Pulse	255	1568101	10304	1
sub-07_2	59	Picture	10	1571415	0	1	2226	1	0	2000	other	0
sub-07_2	60	Picture	20	1584033	0	1	2226	1	0	2000	other	0
sub-07_2	60	Pulse	255	1588101	4068	0
sub-07_2	61	Picture	10	1595652	0	1	2226	1	0	2000	other	0
sub-07_2	61	Pulse	255	1608101	12449	0
sub-07_2	62	Picture	20	1609270	0	1	2226	1	0	2000	other	0
sub-07_2	63	Picture	10	1622888	0	1	2226	1	0	2000	other	0
sub-07_2	63	Pulse	255	1628101	5213	0
sub-07_2	64	Picture	20	1635506	0	1	2226	1	0	2000	other	0
sub-07_2	64	Pulse	255	1648102	12595	0
sub-07_2	65	Picture	10	1648125	0	1	2226	1	0	2000	other	0
sub-07_2	66	Picture	20	1660743	0	1	2226	1	0	2000	other	0
sub-07_2	66	Pulse	255	1668102	7359	0
sub-07_2	67	Picture	Bfix	1672361	0	1	150226	1	0	150000	other	0
sub-07_2	67	Pulse	255	1688102	15741	0
sub-07_2	67	Pulse	255	1708102	35741	0
sub-07_2	67	Pulse	255	1728102	55741	0
sub-07_2	67	Pulse	255	1748102	75741	0
sub-07_2	67	Pulse	255	1768102	95741	0
sub-07_2	67	Pulse	255	1788102	115741	0
sub-07_2	67	Pulse	255	1808102	135741	0
sub-07_2	68	Picture	20	1822753	0	1	2226	1	0	2000	other	0
sub-07_2	68	Pulse	255	1828102	5348	0
sub-07_2	69	Picture	10	1835371	0	1	2226	1	0	2000	other	0
sub-07_2	70	Picture	20	1847990	0	1	2226	1	0	2000	other	0
sub-07_2	70	Pulse	255	1848102	112	0
sub-07_2	71	Picture	10	1859608	0	1	2226	1	0	2000	other	0
sub-07_2	71	Pulse	255	1868102	8494	0
sub-07_2	72	Picture	20	1873226	0	1	2226	1	0	2000	other	0
sub-07_2	73	Picture	10	1884845	0	1	2226	1	0	2000	other	0
sub-07_2	73	Pulse	255	1888102	3257	0
sub-07_2	74	Picture	10	1898463	0	1	2226	1	0	2000	other	0
sub-07_2	74	Pulse	255	1908102	9639	0
sub-07_2	75	Picture	20	1911081	0	1	2226	1	0	2000	other	0
sub-07_2	76	Picture	10	1922699	0	1	2226	1	0	2000	other	0
sub-07_2	76	Pulse	255	1928102	5403	0
sub-07_2	77	Picture	10	1934318	0	1	2226	1	0	2000	other	0
sub-07_2	78	Picture	10	1947947	0	1	2226	1	0	2000	other	0
sub-07_2	78	Pulse	255	1948102	155	0
sub-07_2	79	Picture	10	1961565	0	1	2226	1	0	2000	other	0
sub-07_2	79	Pulse	255	1968092	6527	0
sub-07_2	80	Picture	20	1975183	0	1	2225	1	0	2000	other	0
sub-07_2	80	Pulse	255	1988091	12908	0
sub-07_2	81	Picture	10	1988801	0	1	2226	1	0	2000	other	0
sub-07_2	82	Picture	10	2000420	0	1	2226	1	0	2000	other	0
sub-07_2	82	Pulse	255	2008092	7672	0
sub-07_2	83	Picture	20	2013038	0	1	2226	1	0	2000	other	0
sub-07_2	84	Picture	10	2026656	0	1	2226	1	0	2000	other	0
sub-07_2	84	Pulse	255	2028092	1436	0
sub-07_2	85	Picture	10	2038275	0	1	2226	1	0	2000	other	0
sub-07_2	85	Pulse	255	2048092	9818	0
sub-07_2	86	Picture	20	2050893	0	1	2226	1	0	2000	other	0
sub-07_2	87	Picture	10	2064511	0	1	2226	1	0	2000	other	0
sub-07_2	87	Pulse	255	2068092	3581	0
sub-07_2	88	Picture	10	2078130	0	1	2226	1	0	2000	other	0
sub-07_2	88	Pulse	255	2088092	9962	0
sub-07_2	89	Picture	10	2090748	0	1	2226	1	0	2000	other	0
sub-07_2	90	Picture	20	2103366	0	1	2226	1	0	2000	other	0
sub-07_2	90	Pulse	255	2108093	4727	0
sub-07_2	91	Picture	10	2115984	0	1	2226	1	0	2000	other	0
sub-07_2	91	Pulse	255	2128092	12107	0
sub-07_2	92	Picture	20	2129602	0	1	2226	1	0	2000	other	0
sub-07_2	93	Picture	20	2141221	0	1	2226	1	0	2000	other	0
sub-07_2	93	Pulse	255	2148093	6872	0
sub-07_2	94	Picture	10	2153839	0	1	2226	1	0	2000	other	0
sub-07_2	95	Picture	10	2165457	0	1	2226	1	0	2000	other	0
sub-07_2	95	Pulse	255	2168093	2636	0
sub-07_2	96	Picture	20	2177075	0	1	2226	1	0	2000	other	0
sub-07_2	96	Pulse	255	2188093	11018	0
sub-07_2	97	Picture	10	2189694	0	1	2226	1	0	2000	other	0
sub-07_2	98	Picture	20	2201312	0	1	2226	1	0	2000	other	0
sub-07_2	98	Pulse	255	2208093	6781	0
sub-07_2	99	Picture	20	2212930	0	1	2226	1	0	2000	other	0
sub-07_2	100	Picture	Bfix	2226548	0	1	150232	1	0	150000	other	0
sub-07_2	100	Pulse	255	2228092	1544	0
sub-07_2	100	Pulse	255	2248093	21545	0
sub-07_2	100	Pulse	255	2268093	41545	0
sub-07_2	100	Pulse	255	2288093	61545	0
sub-07_2	100	Pulse	255	2308093	81545	0
sub-07_2	100	Pulse	255	2328093	101545	0
sub-07_2	100	Pulse	255	2348093	121545	0
sub-07_2	100	Pulse	255	2368092	141544	0
sub-07_2	101	Picture	10	2376780	0	1	2226	1	0	2000	other	0
sub-07_2	101	Pulse	255	2388093	11313	0
sub-07_2	102	Picture	10	2390398	0	1	2226	1	0	2000	other	0
sub-07_2	103	Picture	20	2403017	0	1	2226	1	0	2000	other	0
sub-07_2	103	Pulse	255	2408093	5077	0
sub-07_2	104	Picture	10	2415635	0	1	2226	1	0	2000	other	0
sub-07_2	105	Picture	20	2427253	0	1	2226	1	0	2000	other	0
sub-07_2	105	Pulse	255	2428093	840	0
sub-07_2	106	Picture	10	2438871	0	1	2226	1	0	2000	other	0
sub-07_2	106	Pulse	255	2448093	9222	0
sub-07_2	107	Picture	20	2451489	0	1	2226	1	0	2000	other	0
sub-07_2	108	Picture	20	2463107	0	1	2226	1	0	2000	other	0
sub-07_2	108	Pulse	255	2468094	4986	0
sub-07_2	109	Picture	20	2476725	0	1	2226	1	0	2000	other	0
sub-07_2	109	Pulse	255	2488093	11368	0
sub-07_2	110	Picture	10	2490344	0	1	2226	1	0	2000	other	0
sub-07_2	111	Picture	20	2502962	0	1	2226	1	0	2000	other	0
sub-07_2	111	Pulse	255	2508094	5132	0
sub-07_2	112	Picture	10	2515580	0	1	2226	1	0	2000	other	0
sub-07_2	113	Picture	20	2527198	0	1	2226	1	0	2000	other	0
sub-07_2	113	Pulse	255	2528093	895	0
sub-07_2	114	Picture	20	2540817	0	1	2226	1	0	2000	other	0
sub-07_2	114	Pulse	255	2548094	7277	0
sub-07_2	115	Picture	20	2554435	0	1	2226	1	0	2000	other	0
sub-07_2	116	Picture	10	2567053	0	1	2226	1	0	2000	other	0
sub-07_2	116	Pulse	255	2568093	1040	0
sub-07_2	117	Picture	10	2579671	0	1	2226	1	0	2000	other	0
sub-07_2	117	Pulse	255	2588094	8422	0
sub-07_2	118	Picture	20	2593290	0	1	2226	1	0	2000	other	0
sub-07_2	119	Picture	10	2604908	0	1	2226	1	0	2000	other	0
sub-07_2	119	Pulse	255	2608093	3185	0
sub-07_2	120	Picture	20	2616526	0	1	2226	1	0	2000	other	0
sub-07_2	120	Pulse	255	2628094	11567	0
sub-07_2	121	Picture	10	2630145	0	1	2226	1	0	2000	other	0
sub-07_2	122	Picture	20	2643763	0	1	2226	1	0	2000	other	0
sub-07_2	122	Pulse	255	2648093	4329	0
sub-07_2	123	Picture	10	2655382	0	1	2226	1	0	2000	other	0
sub-07_2	124	Picture	20	2668000	0	1	2226	1	0	2000	other	0
sub-07_2	124	Pulse	255	2668094	94	0
sub-07_2	125	Picture	20	2680619	0	1	2226	1	0	2000	other	0
sub-07_2	125	Pulse	255	2688094	7475	0
sub-07_2	126	Picture	20	2694237	0	1	2226	1	0	2000	other	0
sub-07_2	127	Picture	10	2707855	0	1	2226	1	0	2000	other	0
sub-07_2	127	Pulse	255	2708094	239	0
sub-07_2	128	Picture	10	2720473	0	1	2226	1	0	2000	other	0
sub-07_2	128	Pulse	255	2728094	7621	0
sub-07_2	129	Picture	10	2733092	0	1	2226	1	0	2000	other	0
sub-07_2	130	Picture	20	2745710	0	1	2226	1	0	2000	other	0
sub-07_2	130	Pulse	255	2748094	2384	0
sub-07_2	131	Picture	10	2759328	0	1	2226	1	0	2000	other	0
sub-07_2	131	Pulse	255	2768093	8765	0
sub-07_2	132	Picture	20	2771946	0	1	2226	1	0	2000	other	0
sub-07_2	133	Picture	Bfix	2785564	0	1	150226	1	0	150000	other	0
sub-07_2	133	Pulse	255	2788094	2530	0
sub-07_2	133	Pulse	255	2808094	22530	0
sub-07_2	133	Pulse	255	2828094	42530	0
sub-07_2	133	Pulse	255	2848094	62530	0
sub-07_2	133	Pulse	255	2868094	82530	0
sub-07_2	133	Pulse	255	2888094	102530	0
sub-07_2	133	Pulse	255	2908094	122530	0
sub-07_2	133	Pulse	255	2928094	142530	0
sub-07_2	134	Picture	20	2935957	0	1	2226	1	0	2000	other	0
sub-07_2	135	Picture	10	2947575	0	1	2226	1	0	2000	other	0
sub-07_2	135	Pulse	255	2948094	519	0
sub-07_2	136	Picture	10	2960193	0	1	2226	1	0	2000	other	0
sub-07_2	136	Pulse	255	2968094	7901	0
sub-07_2	137	Picture	10	2973812	0	1	2226	1	0	2000	other	0
sub-07_2	138	Picture	20	2986430	0	1	2226	1	0	2000	other	0
sub-07_2	138	Pulse	255	2988094	1665	0
sub-07_2	139	Picture	10	3000048	0	1	2226	1	0	2000	other	0
sub-07_2	139	Pulse	255	3008094	8046	0
sub-07_2	140	Picture	20	3012666	0	1	2226	1	0	2000	other	0
sub-07_2	141	Picture	10	3025285	0	1	2226	1	0	2000	other	0
sub-07_2	141	Pulse	255	3028094	2809	0
sub-07_2	142	Picture	10	3036903	0	1	2226	1	0	2000	other	0
sub-07_2	142	Pulse	255	3048094	11191	0
sub-07_2	143	Picture	10	3049521	0	1	2226	1	0	2000	other	0
sub-07_2	144	Picture	20	3063140	0	1	2226	1	0	2000	other	0
sub-07_2	144	Pulse	255	3068094	4954	0
sub-07_2	145	Picture	10	3075758	0	1	2226	1	0	2000	other	0
sub-07_2	146	Picture	20	3087376	0	1	2226	1	0	2000	other	0
sub-07_2	146	Pulse	255	3088094	718	0
sub-07_2	147	Picture	20	3100995	0	1	2226	1	0	2000	other	0
sub-07_2	147	Pulse	255	3108094	7100	0
sub-07_2	148	Picture	10	3114613	0	1	2226	1	0	2000	other	0
sub-07_2	148	Pulse	255	3128095	13482	0
sub-07_2	149	Picture	10	3128231	0	1	2226	1	0	2000	other	0
sub-07_2	150	Picture	10	3139849	0	1	2226	1	0	2000	other	0
sub-07_2	150	Pulse	255	3148095	8245	0
sub-07_2	151	Picture	20	3152468	0	1	2226	1	0	2000	other	0
sub-07_2	152	Picture	10	3164086	0	1	2226	1	0	2000	other	0
sub-07_2	152	Pulse	255	3168095	4009	0
sub-07_2	153	Picture	20	3177705	0	1	2226	1	0	2000	other	0
sub-07_2	153	Pulse	255	3188095	10390	0
sub-07_2	154	Picture	10	3189323	0	1	2226	1	0	2000	other	0
sub-07_2	155	Picture	20	3200941	0	1	2226	1	0	2000	other	0
sub-07_2	155	Pulse	255	3208094	7153	0
sub-07_2	156	Picture	10	3212559	0	1	2226	1	0	2000	other	0
sub-07_2	157	Picture	10	3226178	0	1	2226	1	0	2000	other	0
sub-07_2	157	Pulse	255	3228095	1917	0
sub-07_2	158	Picture	20	3239796	0	1	2226	1	0	2000	other	0
sub-07_2	158	Pulse	255	3248095	8299	0
sub-07_2	159	Picture	20	3251414	0	1	2226	1	0	2000	other	0
sub-07_2	160	Picture	20	3263032	0	1	2226	1	0	2000	other	0
sub-07_2	160	Pulse	255	3268094	5062	0
sub-07_2	161	Picture	10	3275650	0	1	2227	1	0	2000	other	0
sub-07_2	161	Pulse	255	3288095	12444	0
sub-07_2	162	Picture	10	3288269	0	1	2226	1	0	2000	other	0
sub-07_2	163	Picture	20	3300887	0	1	2226	1	0	2000	other	0
sub-07_2	163	Pulse	255	3308095	7208	0
sub-07_2	164	Picture	10	3314505	0	1	2226	1	0	2000	other	0
sub-07_2	164	Pulse	255	3328095	13590	0
sub-07_2	165	Picture	10	3328124	0	1	2227	1	0	2000	other	0
sub-07_2	166	Picture	20	3340743	0	1	2226	1	0	2000	other	0
sub-07_2	166	Pulse	255	3348095	7352	0
sub-07_2	167	Picture	20	3353361	0	1	2226	1	0	2000	other	0
sub-07_2	168	Picture	10	3364979	0	1	2226	1	0	2000	other	0
sub-07_2	168	Pulse	255	3368095	3116	0
sub-07_2	169	Picture	Bfix	3377597	0	1	72435	1	0	60000	other	0
sub-07_2	169	Pulse	255	3388095	10498	0
sub-07_2	169	Pulse	255	3408095	30498	0
sub-07_2	169	Pulse	255	3428095	50498	0


Event Type	Code	Type	Response	RT	RT Uncertainty	Time	Uncertainty	Duration	Uncertainty	ReqTime	ReqDur

Nothing	cut	other				708328	1			0
Nothing	cut	other				713328	1			5000
Picture	20	other				718560	1	2226	1	0	2000
Picture	10	other				730178	1	2226	1	0	2000
Picture	20	other				743796	1	2226	1	0	2000
Picture	10	other				755414	1	2226	1	0	2000
Picture	10	other				769032	1	2226	1	0	2000
Picture	20	other				781651	1	2226	1	0	2000
Picture	10	other				793269	1	2226	1	0	2000
Picture	10	other				805887	1	2226	1	0	2000
Picture	20	other				817505	1	2226	1	0	2000
Picture	10	other				829124	1	2226	1	0	2000
Picture	20	other				842742	1	2226	1	0	2000
Picture	10	other				856360	1	2226	1	0	2000
Picture	10	other				868979	1	2226	1	0	2000
Picture	10	other				880597	1	2226	1	0	2000
Picture	10	other				894215	1	2226	1	0	2000
Picture	10	other				905833	1	2226	1	0	2000
Picture	10	other				918451	1	2226	1	0	2000
Picture	20	other				930069	1	2226	1	0	2000
Picture	20	other				942688	1	2226	1	0	2000
Picture	20	other				955306	1	2226	1	0	2000
Picture	10	other				966924	1	2226	1	0	2000
Picture	20	other				978542	1	2226	1	0	2000
Picture	20	other				991160	1	2226	1	0	2000
Picture	20	other				1004778	1	2226	1	0	2000
Picture	10	other				1016397	1	2226	1	0	2000
Picture	20	other				1030015	1	2226	1	0	2000
Picture	10	other				1041633	1	2226	1	0	2000
Picture	20	other				1053251	1	2226	1	0	2000
Picture	20	other				1064870	1	2226	1	0	2000
Picture	10	other				1076488	1	2226	1	0	2000
Picture	20	other				1089106	1	2226	1	0	2000
Picture	20	other				1101724	1	2226	1	0	2000
Picture	Bfix	other				1115342	1	150234	1	0	150000
Picture	20	other				1265577	1	2226	1	0	2000
Picture	10	other				1279195	1	2226	1	0	2000
Picture	20	other				1292813	1	2226	1	0	2000
Picture	10	other				1304432	1	2226	1	0	2000
Picture	10	other				1318050	1	2226	1	0	2000
Picture	20	other				1330668	1	2226	1	0	2000
Picture	10	other				1342287	1	2226	1	0	2000
Picture	20	other				1354905	1	2226	1	0	2000
Picture	20	other				1368523	1	2226	1	0	2000
Picture	10	other				1382142	1	2226	1	0	2000
Picture	10	other				1393760	1	2226	1	0	2000
Picture	20	other				1405379	1	2226	1	0	2000
Picture	10	other				1417997	1	2226	1	0	2000
Picture	20	other				1430615	1	2226	1	0	2000
Picture	10	other				1442233	1	2226	1	0	2000
Picture	10	other				1455851	1	2226	1	0	2000
Picture	20	other				1469469	1	2226	1	0	2000
Picture	20	other				1481087	1	2226	1	0	2000
Picture	10	other				1493706	1	2226	1	0	2000
Picture	20	other				1507324	1	2226	1	0	2000
Picture	10	other				1519942	1	2226	1	0	2000
Picture	10	other				1532560	1	2226	1	0	2000
Picture	20	other				1545178	1	2226	1	0	2000
Picture	10	other				1557797	1	2226	1	0	2000
Picture	10	other				1571415	1	2226	1	0	2000
Picture	20	other				1584033	1	2226	1	0	2000
Picture	10	other				1595652	1	2226	1	0	2000
Picture	20	other				1609270	1	2226	1	0	2000
Picture	10	other				1622888	1	2226	1	0	2000
Picture	20	other				1635506	1	2226	1	0	2000
Picture	10	other				1648125	1	2226	1	0	2000
Picture	20	other				1660743	1	2226	1	0	2000
Picture	Bfix	other				1672361	1	150226	1	0	150000
Picture	20	other				1822753	1	2226	1	0	2000
Picture	10	other				1835371	1	2226	1	0	2000
Picture	20	other				1847990	1	2226	1	0	2000
Picture	10	other				1859608	1	2226	1	0	2000
Picture	20	other				1873226	1	2226	1	0	2000
Picture	10	other				1884845	1	2226	1	0	2000
Picture	10	other				1898463	1	2226	1	0	2000
Picture	20	other				1911081	1	2226	1	0	2000
Picture	10	other				1922699	1	2226	1	0	2000
Picture	10	other				1934318	1	2226	1	0	2000
Picture	10	other				1947947	1	2226	1	0	2000
Picture	10	other				1961565	1	2226	1	0	2000
Picture	20	other				1975183	1	2225	1	0	2000
Picture	10	other				1988801	1	2226	1	0	2000
Picture	10	other				2000420	1	2226	1	0	2000
Picture	20	other				2013038	1	2226	1	0	2000
Picture	10	other				2026656	1	2226	1	0	2000
Picture	10	other				2038275	1	2226	1	0	2000
Picture	20	other				2050893	1	2226	1	0	2000
Picture	10	other				2064511	1	2226	1	0	2000
Picture	10	other				2078130	1	2226	1	0	2000
Picture	10	other				2090748	1	2226	1	0	2000
Picture	20	other				2103366	1	2226	1	0	2000
Picture	10	other				2115984	1	2226	1	0	2000
Picture	20	other				2129602	1	2226	1	0	2000
Picture	20	other				2141221	1	2226	1	0	2000
Picture	10	other				2153839	1	2226	1	0	2000
Picture	10	other				2165457	1	2226	1	0	2000
Picture	20	other				2177075	1	2226	1	0	2000
Picture	10	other				2189694	1	2226	1	0	2000
Picture	20	other				2201312	1	2226	1	0	2000
Picture	20	other				2212930	1	2226	1	0	2000
Picture	Bfix	other				2226548	1	150232	1	0	150000
Picture	10	other				2376780	1	2226	1	0	2000
Picture	10	other				2390398	1	2226	1	0	2000
Picture	20	other				2403017	1	2226	1	0	2000
Picture	10	other				2415635	1	2226	1	0	2000
Picture	20	other				2427253	1	2226	1	0	2000
Picture	10	other				2438871	1	2226	1	0	2000
Picture	20	other				2451489	1	2226	1	0	2000
Picture	20	other				2463107	1	2226	1	0	2000
Picture	20	other				2476725	1	2226	1	0	2000
Picture	10	other				2490344	1	2226	1	0	2000
Picture	20	other				2502962	1	2226	1	0	2000
Picture	10	other				2515580	1	2226	1	0	2000
Picture	20	other				2527198	1	2226	1	0	2000
Picture	20	other				2540817	1	2226	1	0	2000
Picture	20	other				2554435	1	2226	1	0	2000
Picture	10	other				2567053	1	2226	1	0	2000
Picture	10	other				2579671	1	2226	1	0	2000
Picture	20	other				2593290	1	2226	1	0	2000
Picture	10	other				2604908	1	2226	1	0	2000
Picture	20	other				2616526	1	2226	1	0	2000
Picture	10	other				2630145	1	2226	1	0	2000
Picture	20	other				2643763	1	2226	1	0	2000
Picture	10	other				2655382	1	2226	1	0	2000
Picture	20	other				2668000	1	2226	1	0	2000
Picture	20	other				2680619	1	2226	1	0	2000
Picture	20	other				2694237	1	2226	1	0	2000
Picture	10	other				2707855	1	2226	1	0	2000
Picture	10	other				2720473	1	2226	1	0	2000
Picture	10	other				2733092	1	2226	1	0	2000
Picture	20	other				2745710	1	2226	1	0	2000
Picture	10	other				2759328	1	2226	1	0	2000
Picture	20	other				2771946	1	2226	1	0	2000
Picture	Bfix	other				2785564	1	150226	1	0	150000
Picture	20	other				2935957	1	2226	1	0	2000
Picture	10	other				2947575	1	2226	1	0	2000
Picture	10	other				2960193	1	2226	1	0	2000
Picture	10	other				2973812	1	2226	1	0	2000
Picture	20	other				2986430	1	2226	1	0	2000
Picture	10	other				3000048	1	2226	1	0	2000
Picture	20	other				3012666	1	2226	1	0	2000
Picture	10	other				3025285	1	2226	1	0	2000
Picture	10	other				3036903	1	2226	1	0	2000
Picture	10	other				3049521	1	2226	1	0	2000
Picture	20	other				3063140	1	2226	1	0	2000
Picture	10	other				3075758	1	2226	1	0	2000
Picture	20	other				3087376	1	2226	1	0	2000
Picture	20	other				3100995	1	2226	1	0	2000
Picture	10	other				3114613	1	2226	1	0	2000
Picture	10	other				3128231	1	2226	1	0	2000
Picture	10	other				3139849	1	2226	1	0	2000
Picture	20	other				3152468	1	2226	1	0	2000
Picture	10	other				3164086	1	2226	1	0	2000
Picture	20	other				3177705	1	2226	1	0	2000
Picture	10	other				3189323	1	2226	1	0	2000
Picture	20	other				3200941	1	2226	1	0	2000
Picture	10	other				3212559	1	2226	1	0	2000
Picture	10	other				3226178	1	2226	1	0	2000
Picture	20	other				3239796	1	2226	1	0	2000
Picture	20	other				3251414	1	2226	1	0	2000
Picture	20	other				3263032	1	2226	1	0	2000
Picture	10	other				3275650	1	2227	1	0	2000
Picture	10	other				3288269	1	2226	1	0	2000
Picture	20	other				3300887	1	2226	1	0	2000
Picture	10	other				3314505	1	2226	1	0	2000
Picture	10	other				3328124	1	2227	1	0	2000
Picture	20	other				3340743	1	2226	1	0	2000
Picture	20	other				3353361	1	2226	1	0	2000
Picture	10	other				3364979	1	2226	1	0	2000
Picture	Bfix	other				3377597	1	72435	1	0	60000
