Scenario - loca_lec2
Logfile written - 11/21/2018 09:55:57

Subject	Trial	Event Type	Code	Time	TTime	Uncertainty	Duration	Uncertainty	ReqTime	ReqDur	Stim Type	Pair Index

sub-04_1	0	Pulse	255	543015	543015	0
sub-04_1	1	Nothing	cut	543244	0	1			0		other	0
sub-04_1	1	Nothing	cut	548244	5000	1			5000		other	0
sub-04_1	2	Picture	20	553479	0	1	2226	1	0	2000	other	0
sub-04_1	2	Pulse	255	563015	9536	0
sub-04_1	3	Picture	10	565097	0	1	2226	1	0	2000	other	0
sub-04_1	4	Picture	10	578716	0	1	2226	1	0	2000	other	0
sub-04_1	4	Pulse	255	583015	4299	0
sub-04_1	5	Picture	10	592334	0	1	2226	1	0	2000	other	0
sub-04_1	5	Pulse	255	603015	10681	0
sub-04_1	6	Picture	20	604953	0	1	2226	1	0	2000	other	0
sub-04_1	7	Picture	20	617571	0	1	2226	1	0	2000	other	0
sub-04_1	7	Pulse	255	623015	5443	0
sub-04_1	8	Picture	20	630190	0	1	2226	1	0	2000	other	0
sub-04_1	8	Pulse	255	643015	12825	0
sub-04_1	9	Picture	10	643808	0	1	2226	1	0	2000	other	0
sub-04_1	10	Picture	20	656427	0	1	2226	1	0	2000	other	0
sub-04_1	10	Pulse	255	663015	6588	0
sub-04_1	11	Picture	20	670045	0	1	2226	1	0	2000	other	0
sub-04_1	12	Picture	10	682664	0	1	2226	1	0	2000	other	0
sub-04_1	12	Pulse	255	683015	351	0
sub-04_1	13	Picture	10	694282	0	1	2226	1	0	2000	other	0
sub-04_1	13	Pulse	255	703015	8733	0
sub-04_1	14	Picture	20	706900	0	1	2226	1	0	2000	other	0
sub-04_1	15	Picture	20	719519	0	1	2226	1	0	2000	other	0
sub-04_1	15	Pulse	255	723015	3496	0
sub-04_1	16	Picture	10	733138	0	1	2226	1	0	2000	other	0
sub-04_1	16	Pulse	255	743015	9877	0
sub-04_1	17	Picture	20	745756	0	1	2226	1	0	2000	other	0
sub-04_1	18	Picture	10	757375	0	1	2226	1	0	2000	other	0
sub-04_1	18	Pulse	255	763015	5640	0
sub-04_1	19	Picture	10	769994	0	1	2226	1	0	2000	other	0
sub-04_1	20	Picture	10	781612	0	1	2226	1	0	2000	other	0
sub-04_1	20	Pulse	255	783015	1403	0
sub-04_1	21	Picture	20	795230	0	1	2226	1	0	2000	other	0
sub-04_1	21	Pulse	255	803015	7785	0
sub-04_1	22	Picture	10	806849	0	1	2226	1	0	2000	other	0
sub-04_1	23	Picture	20	819467	0	1	2226	1	0	2000	other	0
sub-04_1	23	Pulse	255	823015	3548	0
sub-04_1	24	Picture	10	833086	0	1	2226	1	0	2000	other	0
sub-04_1	24	Pulse	255	843015	9929	0
sub-04_1	25	Picture	20	844705	0	1	2226	1	0	2000	other	0
sub-04_1	26	Picture	10	858323	0	1	2226	1	0	2000	other	0
sub-04_1	26	Pulse	255	863016	4692	0
sub-04_1	27	Picture	10	869942	0	1	2226	1	0	2000	other	0
sub-04_1	28	Picture	20	881560	0	1	2226	1	0	2000	other	0
sub-04_1	28	Pulse	255	883015	1455	0
sub-04_1	29	Picture	10	895179	0	1	2226	1	0	2000	other	0
sub-04_1	29	Pulse	255	903015	7836	0
sub-04_1	30	Picture	20	906798	0	1	2226	1	0	2000	other	0
sub-04_1	31	Picture	20	919416	0	1	2226	1	0	2000	other	0
sub-04_1	31	Pulse	255	923015	3599	0
sub-04_1	32	Picture	20	933035	0	1	2226	1	0	2000	other	0
sub-04_1	32	Pulse	255	943015	9980	0
sub-04_1	33	Picture	20	944654	0	1	2226	1	0	2000	other	0
sub-04_1	34	Picture	20	956273	0	1	2226	1	0	2000	other	0
sub-04_1	34	Pulse	255	963016	6743	0
sub-04_1	35	Picture	Bfix	969891	0	1	150239	1	0	150000	other	0
sub-04_1	35	Pulse	255	983016	13125	0
sub-04_1	35	Pulse	255	1003016	33125	0
sub-04_1	35	Pulse	255	1023016	53125	0
sub-04_1	35	Pulse	255	1043015	73124	0
sub-04_1	35	Pulse	255	1063016	93125	0
sub-04_1	35	Pulse	255	1083016	113125	0
sub-04_1	35	Pulse	255	1103016	133125	0
sub-04_1	36	Picture	10	1120130	0	1	2226	1	0	2000	other	0
sub-04_1	36	Pulse	255	1123015	2886	0
sub-04_1	37	Picture	10	1132748	0	1	2227	1	0	2000	other	0
sub-04_1	37	Pulse	255	1143015	10267	0
sub-04_1	38	Picture	20	1146368	0	1	2226	1	0	2000	other	0
sub-04_1	39	Picture	20	1158987	0	1	2226	1	0	2000	other	0
sub-04_1	39	Pulse	255	1163016	4029	0
sub-04_1	40	Picture	10	1170605	0	1	2226	1	0	2000	other	0
sub-04_1	41	Picture	20	1182224	0	1	2226	1	0	2000	other	0
sub-04_1	41	Pulse	255	1183015	791	0
sub-04_1	42	Picture	10	1193843	0	1	2226	1	0	2000	other	0
sub-04_1	42	Pulse	255	1203016	9173	0
sub-04_1	43	Picture	20	1206462	0	1	2226	1	0	2000	other	0
sub-04_1	44	Picture	10	1219080	0	1	2226	1	0	2000	other	0
sub-04_1	44	Pulse	255	1223016	3936	0
sub-04_1	45	Picture	10	1230699	0	1	2226	1	0	2000	other	0
sub-04_1	46	Picture	20	1242317	0	1	2226	1	0	2000	other	0
sub-04_1	46	Pulse	255	1243016	699	0
sub-04_1	47	Picture	20	1253936	0	1	2226	1	0	2000	other	0
sub-04_1	47	Pulse	255	1263016	9080	0
sub-04_1	48	Picture	10	1265554	0	1	2226	1	0	2000	other	0
sub-04_1	49	Picture	10	1277172	0	1	2226	1	0	2000	other	0
sub-04_1	49	Pulse	255	1283016	5843	0
sub-04_1	50	Picture	20	1288791	0	1	2226	1	0	2000	other	0
sub-04_1	51	Picture	10	1302409	0	1	2226	1	0	2000	other	0
sub-04_1	51	Pulse	255	1303016	607	0
sub-04_1	52	Picture	20	1315027	0	1	2226	1	0	2000	other	0
sub-04_1	52	Pulse	255	1323016	7989	0
sub-04_1	53	Picture	20	1327646	0	1	2226	1	0	2000	other	0
sub-04_1	54	Picture	10	1340264	0	1	2227	1	0	2000	other	0
sub-04_1	54	Pulse	255	1343016	2752	0
sub-04_1	55	Picture	20	1352884	0	1	2226	1	0	2000	other	0
sub-04_1	55	Pulse	255	1363016	10132	0
sub-04_1	56	Picture	10	1364502	0	1	2226	1	0	2000	other	0
sub-04_1	57	Picture	20	1378121	0	1	2226	1	0	2000	other	0
sub-04_1	57	Pulse	255	1383016	4895	0
sub-04_1	58	Picture	20	1390739	0	1	2226	1	0	2000	other	0
sub-04_1	59	Picture	10	1402358	0	1	2226	1	0	2000	other	0
sub-04_1	59	Pulse	255	1403006	648	0
sub-04_1	60	Picture	20	1414977	0	1	2226	1	0	2000	other	0
sub-04_1	60	Pulse	255	1423006	8029	0
sub-04_1	61	Picture	20	1428596	0	1	2227	1	0	2000	other	0
sub-04_1	62	Picture	20	1442215	0	1	2226	1	0	2000	other	0
sub-04_1	62	Pulse	255	1443006	790	0
sub-04_1	63	Picture	10	1453834	0	1	2226	1	0	2000	other	0
sub-04_1	63	Pulse	255	1463006	9172	0
sub-04_1	64	Picture	20	1466453	0	1	2226	1	0	2000	other	0
sub-04_1	65	Picture	10	1478071	0	1	2226	1	0	2000	other	0
sub-04_1	65	Pulse	255	1483006	4935	0
sub-04_1	66	Picture	20	1490690	0	1	2226	1	0	2000	other	0
sub-04_1	66	Pulse	255	1503006	12316	0
sub-04_1	67	Picture	20	1504309	0	1	2226	1	0	2000	other	0
sub-04_1	68	Picture	10	1516928	0	1	2226	1	0	2000	other	0
sub-04_1	68	Pulse	255	1523006	6078	0
sub-04_1	69	Picture	Bfix	1529546	0	1	150232	1	0	150000	other	0
sub-04_1	69	Pulse	255	1543006	13460	0
sub-04_1	69	Pulse	255	1563006	33460	0
sub-04_1	69	Pulse	255	1583006	53460	0
sub-04_1	69	Pulse	255	1603006	73460	0
sub-04_1	69	Pulse	255	1623006	93460	0
sub-04_1	69	Pulse	255	1643006	113460	0
sub-04_1	69	Pulse	255	1663006	133460	0
sub-04_1	70	Picture	20	1679779	0	1	2226	1	0	2000	other	0
sub-04_1	70	Pulse	255	1683006	3227	0
sub-04_1	71	Picture	20	1692397	0	1	2226	1	0	2000	other	0
sub-04_1	71	Pulse	255	1703006	10609	0
sub-04_1	72	Picture	20	1706015	0	1	2226	1	0	2000	other	0
sub-04_1	73	Picture	20	1718633	0	1	2226	1	0	2000	other	0
sub-04_1	73	Pulse	255	1723006	4373	0
sub-04_1	74	Picture	20	1730252	0	1	2226	1	0	2000	other	0
sub-04_1	75	Picture	20	1742871	0	1	2225	1	0	2000	other	0
sub-04_1	75	Pulse	255	1743006	136	0
sub-04_1	76	Picture	20	1754488	0	1	2226	1	0	2000	other	0
sub-04_1	76	Pulse	255	1763006	8518	0
sub-04_1	77	Picture	10	1767107	0	1	2226	1	0	2000	other	0
sub-04_1	78	Picture	10	1778725	0	1	2226	1	0	2000	other	0
sub-04_1	78	Pulse	255	1783006	4281	0
sub-04_1	79	Picture	20	1792344	0	1	2226	1	0	2000	other	0
sub-04_1	79	Pulse	255	1803007	10662	0
sub-04_1	80	Picture	10	1805963	0	1	2226	1	0	2000	other	0
sub-04_1	81	Picture	20	1817582	0	1	2226	1	0	2000	other	0
sub-04_1	81	Pulse	255	1823007	5424	0
sub-04_1	82	Picture	20	1830201	0	1	2226	1	0	2000	other	0
sub-04_1	82	Pulse	255	1843006	12806	0
sub-04_1	83	Picture	10	1843819	0	1	2226	1	0	2000	other	0
sub-04_1	84	Picture	20	1857438	0	1	2226	1	0	2000	other	0
sub-04_1	84	Pulse	255	1863006	5569	0
sub-04_1	85	Picture	10	1870056	0	1	2226	1	0	2000	other	0
sub-04_1	86	Picture	10	1881674	0	1	2226	1	0	2000	other	0
sub-04_1	86	Pulse	255	1883007	1332	0
sub-04_1	87	Picture	10	1893293	0	1	2226	1	0	2000	other	0
sub-04_1	87	Pulse	255	1903006	9713	0
sub-04_1	88	Picture	20	1904911	0	1	2226	1	0	2000	other	0
sub-04_1	89	Picture	10	1916530	0	1	2226	1	0	2000	other	0
sub-04_1	89	Pulse	255	1923006	6476	0
sub-04_1	90	Picture	20	1928148	0	1	2226	1	0	2000	other	0
sub-04_1	91	Picture	10	1940767	0	1	2226	1	0	2000	other	0
sub-04_1	91	Pulse	255	1943006	2240	0
sub-04_1	92	Picture	20	1953385	0	1	2226	1	0	2000	other	0
sub-04_1	92	Pulse	255	1963006	9621	0
sub-04_1	93	Picture	10	1965004	0	1	2226	1	0	2000	other	0
sub-04_1	94	Picture	10	1977622	0	1	2226	1	0	2000	other	0
sub-04_1	94	Pulse	255	1983007	5384	0
sub-04_1	95	Picture	20	1991241	0	1	2226	1	0	2000	other	0
sub-04_1	96	Picture	10	2002859	0	1	2226	1	0	2000	other	0
sub-04_1	96	Pulse	255	2003006	147	0
sub-04_1	97	Picture	10	2014478	0	1	2226	1	0	2000	other	0
sub-04_1	97	Pulse	255	2023007	8529	0
sub-04_1	98	Picture	20	2028097	0	1	2226	1	0	2000	other	0
sub-04_1	99	Picture	10	2040715	0	1	2226	1	0	2000	other	0
sub-04_1	99	Pulse	255	2043007	2291	0
sub-04_1	100	Picture	20	2052334	0	1	2226	1	0	2000	other	0
sub-04_1	100	Pulse	255	2063007	10673	0
sub-04_1	101	Picture	Bfix	2063952	0	1	150226	1	0	150000	other	0
sub-04_1	101	Pulse	255	2083007	19054	0
sub-04_1	101	Pulse	255	2103006	39054	0
sub-04_1	101	Pulse	255	2123007	59054	0
sub-04_1	101	Pulse	255	2143007	79054	0
sub-04_1	101	Pulse	255	2163007	99055	0
sub-04_1	101	Pulse	255	2183006	119054	0
sub-04_1	101	Pulse	255	2203007	139055	0
sub-04_1	102	Picture	20	2214345	0	1	2054	1	0	2000	other	0
sub-04_1	102	Pulse	255	2223007	8662	0
sub-04_1	103	Picture	10	2225791	0	1	2226	1	0	2000	other	0
sub-04_1	104	Picture	20	2239410	0	1	2226	1	0	2000	other	0
sub-04_1	104	Pulse	255	2243006	3597	0
sub-04_1	105	Picture	10	2251029	0	1	2226	1	0	2000	other	0
sub-04_1	106	Picture	20	2262647	0	1	2226	1	0	2000	other	0
sub-04_1	106	Pulse	255	2263007	360	0
sub-04_1	107	Picture	20	2275265	0	1	2226	1	0	2000	other	0
sub-04_1	107	Pulse	255	2283007	7742	0
sub-04_1	108	Picture	20	2287883	0	1	2226	1	0	2000	other	0
sub-04_1	109	Picture	10	2299502	0	1	2226	1	0	2000	other	0
sub-04_1	109	Pulse	255	2303007	3505	0
sub-04_1	110	Picture	10	2313120	0	1	2226	1	0	2000	other	0
sub-04_1	110	Pulse	255	2323007	9887	0
sub-04_1	111	Picture	20	2325739	0	1	2226	1	0	2000	other	0
sub-04_1	112	Picture	20	2338359	0	1	2226	1	0	2000	other	0
sub-04_1	112	Pulse	255	2343007	4648	0
sub-04_1	113	Picture	10	2351977	0	1	2226	1	0	2000	other	0
sub-04_1	113	Pulse	255	2363007	11029	0
sub-04_1	114	Picture	20	2365596	0	1	2226	1	0	2000	other	0
sub-04_1	115	Picture	20	2379214	0	1	2226	1	0	2000	other	0
sub-04_1	115	Pulse	255	2383007	3793	0
sub-04_1	116	Picture	10	2391833	0	1	2226	1	0	2000	other	0
sub-04_1	116	Pulse	255	2403007	11174	0
sub-04_1	117	Picture	20	2405452	0	1	2226	1	0	2000	other	0
sub-04_1	118	Picture	20	2417070	0	1	2226	1	0	2000	other	0
sub-04_1	118	Pulse	255	2423007	5936	0
sub-04_1	119	Picture	10	2430688	0	1	2226	1	0	2000	other	0
sub-04_1	119	Pulse	255	2443007	12319	0
sub-04_1	120	Picture	20	2443307	0	1	2226	1	0	2000	other	0
sub-04_1	121	Picture	20	2454926	0	1	2226	1	0	2000	other	0
sub-04_1	121	Pulse	255	2463007	8081	0
sub-04_1	122	Picture	10	2466538	0	13	2226	13	0	2000	other	0
sub-04_1	123	Picture	20	2479156	0	1	2226	1	0	2000	other	0
sub-04_1	123	Pulse	255	2483007	3851	0
sub-04_1	124	Picture	20	2492775	0	1	2226	1	0	2000	other	0
sub-04_1	124	Pulse	255	2503007	10232	0
sub-04_1	125	Picture	20	2505394	0	1	2226	1	0	2000	other	0
sub-04_1	126	Picture	10	2518012	0	1	2226	1	0	2000	other	0
sub-04_1	126	Pulse	255	2523007	4995	0
sub-04_1	127	Picture	10	2529631	0	1	2226	1	0	2000	other	0
sub-04_1	127	Pulse	255	2543007	13376	0
sub-04_1	128	Picture	20	2543250	0	1	2226	1	0	2000	other	0
sub-04_1	129	Picture	10	2555869	0	1	2226	1	0	2000	other	0
sub-04_1	129	Pulse	255	2563007	7138	0
sub-04_1	130	Picture	20	2567488	0	1	2226	1	0	2000	other	0
sub-04_1	131	Picture	10	2579106	0	1	2226	1	0	2000	other	0
sub-04_1	131	Pulse	255	2583007	3901	0
sub-04_1	132	Picture	20	2591725	0	1	2226	1	0	2000	other	0
sub-04_1	132	Pulse	255	2603027	11302	0
sub-04_1	133	Picture	20	2603343	0	1	2226	1	0	2000	other	0
sub-04_1	134	Picture	Bfix	2616962	0	1	150238	1	0	150000	other	0
sub-04_1	134	Pulse	255	2623007	6045	0
sub-04_1	134	Pulse	255	2643007	26045	0
sub-04_1	134	Pulse	255	2663007	46045	0
sub-04_1	134	Pulse	255	2683007	66045	0
sub-04_1	134	Pulse	255	2703007	86045	0
sub-04_1	134	Pulse	255	2723007	106045	0
sub-04_1	134	Pulse	255	2743007	126045	0
sub-04_1	134	Pulse	255	2763007	146045	0
sub-04_1	135	Picture	10	2767201	0	1	2226	1	0	2000	other	0
sub-04_1	136	Picture	20	2778819	0	1	2226	1	0	2000	other	0
sub-04_1	136	Pulse	255	2783007	4188	0
sub-04_1	137	Picture	10	2792438	0	1	2226	1	0	2000	other	0
sub-04_1	137	Pulse	255	2803007	10569	0
sub-04_1	138	Picture	20	2805057	0	1	2226	1	0	2000	other	0
sub-04_1	139	Picture	10	2816702	0	1	2226	1	0	2000	other	0
sub-04_1	139	Pulse	255	2823007	6305	0
sub-04_1	140	Picture	10	2830321	0	1	2226	1	0	2000	other	0
sub-04_1	141	Picture	20	2841940	0	1	2227	1	0	2000	other	0
sub-04_1	141	Pulse	255	2843007	1067	0
sub-04_1	142	Picture	10	2855559	0	1	2226	1	0	2000	other	0
sub-04_1	142	Pulse	255	2863007	7448	0
sub-04_1	143	Picture	20	2868178	0	1	2226	1	0	2000	other	0
sub-04_1	144	Picture	20	2881797	0	1	2226	1	0	2000	other	0
sub-04_1	144	Pulse	255	2883007	1211	0
sub-04_1	145	Picture	20	2895415	0	1	2226	1	0	2000	other	0
sub-04_1	145	Pulse	255	2903007	7592	0
sub-04_1	146	Picture	10	2909034	0	1	2226	1	0	2000	other	0
sub-04_1	147	Picture	20	2920652	0	1	2226	1	0	2000	other	0
sub-04_1	147	Pulse	255	2923008	2355	0
sub-04_1	148	Picture	10	2933271	0	1	2226	1	0	2000	other	0
sub-04_1	148	Pulse	255	2943007	9736	0
sub-04_1	149	Picture	10	2945889	0	1	2226	1	0	2000	other	0
sub-04_1	150	Picture	20	2957508	0	1	2226	1	0	2000	other	0
sub-04_1	150	Pulse	255	2963007	5499	0
sub-04_1	151	Picture	10	2970127	0	1	2226	1	0	2000	other	0
sub-04_1	152	Picture	20	2982745	0	1	2226	1	0	2000	other	0
sub-04_1	152	Pulse	255	2983008	263	0
sub-04_1	153	Picture	10	2994364	0	1	2226	1	0	2000	other	0
sub-04_1	153	Pulse	255	3003007	8644	0
sub-04_1	154	Picture	10	3007982	0	1	2226	1	0	2000	other	0
sub-04_1	155	Picture	10	3020601	0	1	2226	1	0	2000	other	0
sub-04_1	155	Pulse	255	3023007	2406	0
sub-04_1	156	Picture	20	3034219	0	1	2226	1	0	2000	other	0
sub-04_1	156	Pulse	255	3043008	8789	0
sub-04_1	157	Picture	20	3046838	0	1	2226	1	0	2000	other	0
sub-04_1	158	Picture	10	3060456	0	1	2226	1	0	2000	other	0
sub-04_1	158	Pulse	255	3063008	2551	0
sub-04_1	159	Picture	10	3074075	0	1	2226	1	0	2000	other	0
sub-04_1	159	Pulse	255	3083008	8933	0
sub-04_1	160	Picture	10	3087694	0	1	2226	1	0	2000	other	0
sub-04_1	161	Picture	10	3100313	0	1	2226	1	0	2000	other	0
sub-04_1	161	Pulse	255	3103008	2695	0
sub-04_1	162	Picture	10	3113931	0	1	2226	1	0	2000	other	0
sub-04_1	162	Pulse	255	3123007	9076	0
sub-04_1	163	Picture	20	3125549	0	1	2226	1	0	2000	other	0
sub-04_1	164	Picture	10	3139168	0	1	2226	1	0	2000	other	0
sub-04_1	164	Pulse	255	3143008	3839	0
sub-04_1	165	Picture	20	3150787	0	1	2226	1	0	2000	other	0
sub-04_1	165	Pulse	255	3163007	12221	0
sub-04_1	166	Picture	20	3163406	0	1	2226	1	0	2000	other	0
sub-04_1	167	Picture	10	3176024	0	1	2226	1	0	2000	other	0
sub-04_1	167	Pulse	255	3183007	6983	0
sub-04_1	168	Picture	20	3187643	0	1	2226	1	0	2000	other	0
sub-04_1	169	Picture	10	3201261	0	1	2226	1	0	2000	other	0
sub-04_1	169	Pulse	255	3203007	1746	0
sub-04_1	170	Picture	20	3213879	0	1	2226	1	0	2000	other	0
sub-04_1	170	Pulse	255	3223007	9128	0
sub-04_1	171	Picture	10	3225498	0	1	2226	1	0	2000	other	0
sub-04_1	172	Picture	Suite	3238117	0	1	50226	1	0	50000	other	0
sub-04_1	172	Pulse	255	3242997	4881	0
sub-04_1	172	Pulse	255	3262998	24881	0
sub-04_1	172	Pulse	255	3282998	44881	0
sub-04_1	172	Pulse	255	3302998	64881	0
sub-04_1	173	Picture	Bfix	3308345	0	1	71460	1	0	60000	other	0
sub-04_1	173	Pulse	255	3322998	14653	0
sub-04_1	173	Pulse	255	3342998	34653	0
sub-04_1	173	Pulse	255	3362998	54653	0


Event Type	Code	Type	Response	RT	RT Uncertainty	Time	Uncertainty	Duration	Uncertainty	ReqTime	ReqDur

Nothing	cut	other				543244	1			0
Nothing	cut	other				548244	1			5000
Picture	20	other				553479	1	2226	1	0	2000
Picture	10	other				565097	1	2226	1	0	2000
Picture	10	other				578716	1	2226	1	0	2000
Picture	10	other				592334	1	2226	1	0	2000
Picture	20	other				604953	1	2226	1	0	2000
Picture	20	other				617571	1	2226	1	0	2000
Picture	20	other				630190	1	2226	1	0	2000
Picture	10	other				643808	1	2226	1	0	2000
Picture	20	other				656427	1	2226	1	0	2000
Picture	20	other				670045	1	2226	1	0	2000
Picture	10	other				682664	1	2226	1	0	2000
Picture	10	other				694282	1	2226	1	0	2000
Picture	20	other				706900	1	2226	1	0	2000
Picture	20	other				719519	1	2226	1	0	2000
Picture	10	other				733138	1	2226	1	0	2000
Picture	20	other				745756	1	2226	1	0	2000
Picture	10	other				757375	1	2226	1	0	2000
Picture	10	other				769994	1	2226	1	0	2000
Picture	10	other				781612	1	2226	1	0	2000
Picture	20	other				795230	1	2226	1	0	2000
Picture	10	other				806849	1	2226	1	0	2000
Picture	20	other				819467	1	2226	1	0	2000
Picture	10	other				833086	1	2226	1	0	2000
Picture	20	other				844705	1	2226	1	0	2000
Picture	10	other				858323	1	2226	1	0	2000
Picture	10	other				869942	1	2226	1	0	2000
Picture	20	other				881560	1	2226	1	0	2000
Picture	10	other				895179	1	2226	1	0	2000
Picture	20	other				906798	1	2226	1	0	2000
Picture	20	other				919416	1	2226	1	0	2000
Picture	20	other				933035	1	2226	1	0	2000
Picture	20	other				944654	1	2226	1	0	2000
Picture	20	other				956273	1	2226	1	0	2000
Picture	Bfix	other				969891	1	150239	1	0	150000
Picture	10	other				1120130	1	2226	1	0	2000
Picture	10	other				1132748	1	2227	1	0	2000
Picture	20	other				1146368	1	2226	1	0	2000
Picture	20	other				1158987	1	2226	1	0	2000
Picture	10	other				1170605	1	2226	1	0	2000
Picture	20	other				1182224	1	2226	1	0	2000
Picture	10	other				1193843	1	2226	1	0	2000
Picture	20	other				1206462	1	2226	1	0	2000
Picture	10	other				1219080	1	2226	1	0	2000
Picture	10	other				1230699	1	2226	1	0	2000
Picture	20	other				1242317	1	2226	1	0	2000
Picture	20	other				1253936	1	2226	1	0	2000
Picture	10	other				1265554	1	2226	1	0	2000
Picture	10	other				1277172	1	2226	1	0	2000
Picture	20	other				1288791	1	2226	1	0	2000
Picture	10	other				1302409	1	2226	1	0	2000
Picture	20	other				1315027	1	2226	1	0	2000
Picture	20	other				1327646	1	2226	1	0	2000
Picture	10	other				1340264	1	2227	1	0	2000
Picture	20	other				1352884	1	2226	1	0	2000
Picture	10	other				1364502	1	2226	1	0	2000
Picture	20	other				1378121	1	2226	1	0	2000
Picture	20	other				1390739	1	2226	1	0	2000
Picture	10	other				1402358	1	2226	1	0	2000
Picture	20	other				1414977	1	2226	1	0	2000
Picture	20	other				1428596	1	2227	1	0	2000
Picture	20	other				1442215	1	2226	1	0	2000
Picture	10	other				1453834	1	2226	1	0	2000
Picture	20	other				1466453	1	2226	1	0	2000
Picture	10	other				1478071	1	2226	1	0	2000
Picture	20	other				1490690	1	2226	1	0	2000
Picture	20	other				1504309	1	2226	1	0	2000
Picture	10	other				1516928	1	2226	1	0	2000
Picture	Bfix	other				1529546	1	150232	1	0	150000
Picture	20	other				1679779	1	2226	1	0	2000
Picture	20	other				1692397	1	2226	1	0	2000
Picture	20	other				1706015	1	2226	1	0	2000
Picture	20	other				1718633	1	2226	1	0	2000
Picture	20	other				1730252	1	2226	1	0	2000
Picture	20	other				1742871	1	2225	1	0	2000
Picture	20	other				1754488	1	2226	1	0	2000
Picture	10	other				1767107	1	2226	1	0	2000
Picture	10	other				1778725	1	2226	1	0	2000
Picture	20	other				1792344	1	2226	1	0	2000
Picture	10	other				1805963	1	2226	1	0	2000
Picture	20	other				1817582	1	2226	1	0	2000
Picture	20	other				1830201	1	2226	1	0	2000
Picture	10	other				1843819	1	2226	1	0	2000
Picture	20	other				1857438	1	2226	1	0	2000
Picture	10	other				1870056	1	2226	1	0	2000
Picture	10	other				1881674	1	2226	1	0	2000
Picture	10	other				1893293	1	2226	1	0	2000
Picture	20	other				1904911	1	2226	1	0	2000
Picture	10	other				1916530	1	2226	1	0	2000
Picture	20	other				1928148	1	2226	1	0	2000
Picture	10	other				1940767	1	2226	1	0	2000
Picture	20	other				1953385	1	2226	1	0	2000
Picture	10	other				1965004	1	2226	1	0	2000
Picture	10	other				1977622	1	2226	1	0	2000
Picture	20	other				1991241	1	2226	1	0	2000
Picture	10	other				2002859	1	2226	1	0	2000
Picture	10	other				2014478	1	2226	1	0	2000
Picture	20	other				2028097	1	2226	1	0	2000
Picture	10	other				2040715	1	2226	1	0	2000
Picture	20	other				2052334	1	2226	1	0	2000
Picture	Bfix	other				2063952	1	150226	1	0	150000
Picture	20	other				2214345	1	2054	1	0	2000
Picture	10	other				2225791	1	2226	1	0	2000
Picture	20	other				2239410	1	2226	1	0	2000
Picture	10	other				2251029	1	2226	1	0	2000
Picture	20	other				2262647	1	2226	1	0	2000
Picture	20	other				2275265	1	2226	1	0	2000
Picture	20	other				2287883	1	2226	1	0	2000
Picture	10	other				2299502	1	2226	1	0	2000
Picture	10	other				2313120	1	2226	1	0	2000
Picture	20	other				2325739	1	2226	1	0	2000
Picture	20	other				2338359	1	2226	1	0	2000
Picture	10	other				2351977	1	2226	1	0	2000
Picture	20	other				2365596	1	2226	1	0	2000
Picture	20	other				2379214	1	2226	1	0	2000
Picture	10	other				2391833	1	2226	1	0	2000
Picture	20	other				2405452	1	2226	1	0	2000
Picture	20	other				2417070	1	2226	1	0	2000
Picture	10	other				2430688	1	2226	1	0	2000
Picture	20	other				2443307	1	2226	1	0	2000
Picture	20	other				2454926	1	2226	1	0	2000
Picture	10	other				2466538	13	2226	13	0	2000
Picture	20	other				2479156	1	2226	1	0	2000
Picture	20	other				2492775	1	2226	1	0	2000
Picture	20	other				2505394	1	2226	1	0	2000
Picture	10	other				2518012	1	2226	1	0	2000
Picture	10	other				2529631	1	2226	1	0	2000
Picture	20	other				2543250	1	2226	1	0	2000
Picture	10	other				2555869	1	2226	1	0	2000
Picture	20	other				2567488	1	2226	1	0	2000
Picture	10	other				2579106	1	2226	1	0	2000
Picture	20	other				2591725	1	2226	1	0	2000
Picture	20	other				2603343	1	2226	1	0	2000
Picture	Bfix	other				2616962	1	150238	1	0	150000
Picture	10	other				2767201	1	2226	1	0	2000
Picture	20	other				2778819	1	2226	1	0	2000
Picture	10	other				2792438	1	2226	1	0	2000
Picture	20	other				2805057	1	2226	1	0	2000
Picture	10	other				2816702	1	2226	1	0	2000
Picture	10	other				2830321	1	2226	1	0	2000
Picture	20	other				2841940	1	2227	1	0	2000
Picture	10	other				2855559	1	2226	1	0	2000
Picture	20	other				2868178	1	2226	1	0	2000
Picture	20	other				2881797	1	2226	1	0	2000
Picture	20	other				2895415	1	2226	1	0	2000
Picture	10	other				2909034	1	2226	1	0	2000
Picture	20	other				2920652	1	2226	1	0	2000
Picture	10	other				2933271	1	2226	1	0	2000
Picture	10	other				2945889	1	2226	1	0	2000
Picture	20	other				2957508	1	2226	1	0	2000
Picture	10	other				2970127	1	2226	1	0	2000
Picture	20	other				2982745	1	2226	1	0	2000
Picture	10	other				2994364	1	2226	1	0	2000
Picture	10	other				3007982	1	2226	1	0	2000
Picture	10	other				3020601	1	2226	1	0	2000
Picture	20	other				3034219	1	2226	1	0	2000
Picture	20	other				3046838	1	2226	1	0	2000
Picture	10	other				3060456	1	2226	1	0	2000
Picture	10	other				3074075	1	2226	1	0	2000
Picture	10	other				3087694	1	2226	1	0	2000
Picture	10	other				3100313	1	2226	1	0	2000
Picture	10	other				3113931	1	2226	1	0	2000
Picture	20	other				3125549	1	2226	1	0	2000
Picture	10	other				3139168	1	2226	1	0	2000
Picture	20	other				3150787	1	2226	1	0	2000
Picture	20	other				3163406	1	2226	1	0	2000
Picture	10	other				3176024	1	2226	1	0	2000
Picture	20	other				3187643	1	2226	1	0	2000
Picture	10	other				3201261	1	2226	1	0	2000
Picture	20	other				3213879	1	2226	1	0	2000
Picture	10	other				3225498	1	2226	1	0	2000
Picture	Suite	other				3238117	1	50226	1	0	50000
Picture	Bfix	other				3308345	1	71460	1	0	60000
