Scenario - loca_lec2
Logfile written - 07/16/2018 14:37:10

Subject	Trial	Event Type	Code	Time	TTime	Uncertainty	Duration	Uncertainty	ReqTime	ReqDur	Stim Type	Pair Index

sub-06_2	0	Pulse	255	569164	569164	0
sub-06_2	1	Nothing	cut	569392	0	1			0		other	0
sub-06_2	1	Nothing	cut	574392	5000	1			5000		other	0
sub-06_2	2	Picture	20	579623	0	1	2226	1	0	2000	other	0
sub-06_2	2	Pulse	255	589164	9540	0
sub-06_2	3	Picture	10	592242	0	1	2226	1	0	2000	other	0
sub-06_2	4	Picture	20	604860	0	1	2226	1	0	2000	other	0
sub-06_2	4	Pulse	255	609164	4304	0
sub-06_2	5	Picture	10	618478	0	1	2226	1	0	2000	other	0
sub-06_2	5	Pulse	255	629164	10685	0
sub-06_2	6	Picture	10	630096	0	1	2226	1	0	2000	other	0
sub-06_2	7	Picture	20	641715	0	1	2226	1	0	2000	other	0
sub-06_2	7	Pulse	255	649165	7450	0
sub-06_2	8	Picture	10	653333	0	1	2226	1	0	2000	other	0
sub-06_2	9	Picture	10	665952	0	1	2226	1	0	2000	other	0
sub-06_2	9	Pulse	255	669165	3213	0
sub-06_2	10	Picture	20	678569	0	1	2226	1	0	2000	other	0
sub-06_2	10	Pulse	255	689164	10595	0
sub-06_2	11	Picture	10	692188	0	1	2226	1	0	2000	other	0
sub-06_2	12	Picture	20	705806	0	1	2226	1	0	2000	other	0
sub-06_2	12	Pulse	255	709164	3358	0
sub-06_2	13	Picture	10	719424	0	1	2226	1	0	2000	other	0
sub-06_2	13	Pulse	255	729164	9741	0
sub-06_2	14	Picture	10	732042	0	1	2226	1	0	2000	other	0
sub-06_2	15	Picture	10	743661	0	1	2226	1	0	2000	other	0
sub-06_2	15	Pulse	255	749164	5503	0
sub-06_2	16	Picture	10	757279	0	1	2226	1	0	2000	other	0
sub-06_2	16	Pulse	255	769164	11885	0
sub-06_2	17	Picture	10	769897	0	1	2226	1	0	2000	other	0
sub-06_2	18	Picture	10	783515	0	1	2226	1	0	2000	other	0
sub-06_2	18	Pulse	255	789165	5649	0
sub-06_2	19	Picture	20	797134	0	1	2226	1	0	2000	other	0
sub-06_2	19	Pulse	255	809165	12031	0
sub-06_2	20	Picture	20	809752	0	1	2226	1	0	2000	other	0
sub-06_2	21	Picture	20	822370	0	1	2226	1	0	2000	other	0
sub-06_2	21	Pulse	255	829164	6794	0
sub-06_2	22	Picture	10	834988	0	1	2226	1	0	2000	other	0
sub-06_2	23	Picture	20	846606	0	1	2226	1	0	2000	other	0
sub-06_2	23	Pulse	255	849165	2558	0
sub-06_2	24	Picture	20	859224	0	1	2226	1	0	2000	other	0
sub-06_2	24	Pulse	255	869164	9940	0
sub-06_2	25	Picture	20	872842	0	1	2226	1	0	2000	other	0
sub-06_2	26	Picture	10	885461	0	1	2226	1	0	2000	other	0
sub-06_2	26	Pulse	255	889165	3704	0
sub-06_2	27	Picture	20	897079	0	1	2226	1	0	2000	other	0
sub-06_2	27	Pulse	255	909165	12086	0
sub-06_2	28	Picture	10	910697	0	1	2226	1	0	2000	other	0
sub-06_2	29	Picture	20	922315	0	1	2226	1	0	2000	other	0
sub-06_2	29	Pulse	255	929165	6849	0
sub-06_2	30	Picture	20	933934	0	1	2226	1	0	2000	other	0
sub-06_2	31	Picture	10	946552	0	1	2226	1	0	2000	other	0
sub-06_2	31	Pulse	255	949165	2614	0
sub-06_2	32	Picture	20	960170	0	1	2226	1	0	2000	other	0
sub-06_2	32	Pulse	255	969165	8995	0
sub-06_2	33	Picture	20	972789	0	1	2226	1	0	2000	other	0
sub-06_2	34	Picture	Bfix	986407	0	1	150226	1	0	150000	other	0
sub-06_2	34	Pulse	255	989166	2759	0
sub-06_2	34	Pulse	255	1009165	22758	0
sub-06_2	34	Pulse	255	1029165	42758	0
sub-06_2	34	Pulse	255	1049165	62758	0
sub-06_2	34	Pulse	255	1069165	82757	0
sub-06_2	34	Pulse	255	1089165	102758	0
sub-06_2	34	Pulse	255	1109165	122758	0
sub-06_2	34	Pulse	255	1129165	142758	0
sub-06_2	35	Picture	20	1136800	0	1	2226	1	0	2000	other	0
sub-06_2	35	Pulse	255	1149166	12366	0
sub-06_2	36	Picture	10	1150418	0	1	2227	1	0	2000	other	0
sub-06_2	37	Picture	20	1164037	0	1	2226	1	0	2000	other	0
sub-06_2	37	Pulse	255	1169165	5128	0
sub-06_2	38	Picture	10	1175655	0	1	2226	1	0	2000	other	0
sub-06_2	38	Pulse	255	1189166	13511	0
sub-06_2	39	Picture	10	1189273	0	1	2226	1	0	2000	other	0
sub-06_2	40	Picture	20	1201891	0	1	2226	1	0	2000	other	0
sub-06_2	40	Pulse	255	1209166	7274	0
sub-06_2	41	Picture	10	1215510	0	1	2226	1	0	2000	other	0
sub-06_2	42	Picture	20	1229128	0	1	2226	1	0	2000	other	0
sub-06_2	42	Pulse	255	1229166	38	0
sub-06_2	43	Picture	20	1241746	0	1	2226	1	0	2000	other	0
sub-06_2	43	Pulse	255	1249165	7419	0
sub-06_2	44	Picture	10	1254364	0	1	2226	1	0	2000	other	0
sub-06_2	45	Picture	10	1266983	0	1	2226	1	0	2000	other	0
sub-06_2	45	Pulse	255	1269166	2183	0
sub-06_2	46	Picture	20	1278601	0	1	2226	1	0	2000	other	0
sub-06_2	46	Pulse	255	1289166	10565	0
sub-06_2	47	Picture	10	1292219	0	1	2226	1	0	2000	other	0
sub-06_2	48	Picture	20	1304837	0	1	2226	1	0	2000	other	0
sub-06_2	48	Pulse	255	1309166	4329	0
sub-06_2	49	Picture	10	1317455	0	1	2226	1	0	2000	other	0
sub-06_2	49	Pulse	255	1329165	11710	0
sub-06_2	50	Picture	10	1330073	0	1	2226	1	0	2000	other	0
sub-06_2	51	Picture	20	1341691	0	1	2226	1	0	2000	other	0
sub-06_2	51	Pulse	255	1349166	7475	0
sub-06_2	52	Picture	20	1353309	0	1	2226	1	0	2000	other	0
sub-06_2	53	Picture	10	1366928	0	1	2226	1	0	2000	other	0
sub-06_2	53	Pulse	255	1369166	2239	0
sub-06_2	54	Picture	20	1379545	0	1	2226	1	0	2000	other	0
sub-06_2	54	Pulse	255	1389166	9620	0
sub-06_2	55	Picture	10	1393164	0	1	2226	1	0	2000	other	0
sub-06_2	56	Picture	10	1405782	0	1	2226	1	0	2000	other	0
sub-06_2	56	Pulse	255	1409166	3384	0
sub-06_2	57	Picture	20	1417401	0	1	2226	1	0	2000	other	0
sub-06_2	57	Pulse	255	1429166	11766	0
sub-06_2	58	Picture	10	1430019	0	1	2226	1	0	2000	other	0
sub-06_2	59	Picture	10	1442637	0	1	2226	1	0	2000	other	0
sub-06_2	59	Pulse	255	1449167	6530	0
sub-06_2	60	Picture	20	1456255	0	1	2226	1	0	2000	other	0
sub-06_2	61	Picture	10	1468873	0	1	2226	1	0	2000	other	0
sub-06_2	61	Pulse	255	1469166	294	0
sub-06_2	62	Picture	20	1482491	0	1	2226	1	0	2000	other	0
sub-06_2	62	Pulse	255	1489166	6675	0
sub-06_2	63	Picture	10	1496109	0	1	2226	1	0	2000	other	0
sub-06_2	64	Picture	20	1508728	0	1	2226	1	0	2000	other	0
sub-06_2	64	Pulse	255	1509166	439	0
sub-06_2	65	Picture	10	1521346	0	1	2226	1	0	2000	other	0
sub-06_2	65	Pulse	255	1529166	7820	0
sub-06_2	66	Picture	20	1532964	0	1	2226	1	0	2000	other	0
sub-06_2	67	Picture	Bfix	1544582	0	1	150226	1	0	150000	other	0
sub-06_2	67	Pulse	255	1549167	4584	0
sub-06_2	67	Pulse	255	1569166	24584	0
sub-06_2	67	Pulse	255	1589167	44584	0
sub-06_2	67	Pulse	255	1609166	64584	0
sub-06_2	67	Pulse	255	1629166	84583	0
sub-06_2	67	Pulse	255	1649167	104584	0
sub-06_2	67	Pulse	255	1669166	124584	0
sub-06_2	67	Pulse	255	1689167	144584	0
sub-06_2	68	Picture	20	1694975	0	1	2226	1	0	2000	other	0
sub-06_2	69	Picture	10	1707594	0	1	2226	1	0	2000	other	0
sub-06_2	69	Pulse	255	1709166	1573	0
sub-06_2	70	Picture	20	1721212	0	1	2226	1	0	2000	other	0
sub-06_2	70	Pulse	255	1729167	7955	0
sub-06_2	71	Picture	10	1734830	0	1	2226	1	0	2000	other	0
sub-06_2	72	Picture	20	1746449	0	1	2226	1	0	2000	other	0
sub-06_2	72	Pulse	255	1749167	2718	0
sub-06_2	73	Picture	10	1759067	0	1	2226	1	0	2000	other	0
sub-06_2	73	Pulse	255	1769167	10100	0
sub-06_2	74	Picture	10	1771685	0	1	2226	1	0	2000	other	0
sub-06_2	75	Picture	20	1783303	0	1	2226	1	0	2000	other	0
sub-06_2	75	Pulse	255	1789167	5864	0
sub-06_2	76	Picture	10	1796922	0	1	2226	1	0	2000	other	0
sub-06_2	76	Pulse	255	1809167	12245	0
sub-06_2	77	Picture	10	1810540	0	1	2226	1	0	2000	other	0
sub-06_2	78	Picture	10	1823158	0	1	2226	1	0	2000	other	0
sub-06_2	78	Pulse	255	1829167	6010	0
sub-06_2	79	Picture	10	1834776	0	1	2226	1	0	2000	other	0
sub-06_2	80	Picture	20	1846394	0	1	2226	1	0	2000	other	0
sub-06_2	80	Pulse	255	1849167	2773	0
sub-06_2	81	Picture	10	1859012	0	1	2226	1	0	2000	other	0
sub-06_2	81	Pulse	255	1869167	10155	0
sub-06_2	82	Picture	10	1870630	0	1	2226	1	0	2000	other	0
sub-06_2	83	Picture	20	1884249	0	1	2226	1	0	2000	other	0
sub-06_2	83	Pulse	255	1889168	4919	0
sub-06_2	84	Picture	10	1895867	0	1	2226	1	0	2000	other	0
sub-06_2	84	Pulse	255	1909168	13301	0
sub-06_2	85	Picture	10	1909486	0	1	2226	1	0	2000	other	0
sub-06_2	86	Picture	20	1922104	0	1	2226	1	0	2000	other	0
sub-06_2	86	Pulse	255	1929168	7064	0
sub-06_2	87	Picture	10	1935722	0	1	2226	1	0	2000	other	0
sub-06_2	88	Picture	10	1948341	0	1	2226	1	0	2000	other	0
sub-06_2	88	Pulse	255	1949157	816	0
sub-06_2	89	Picture	10	1959959	0	1	2226	1	0	2000	other	0
sub-06_2	89	Pulse	255	1969157	9199	0
sub-06_2	90	Picture	20	1972577	0	1	2226	1	0	2000	other	0
sub-06_2	91	Picture	10	1986196	0	1	2226	1	0	2000	other	0
sub-06_2	91	Pulse	255	1989157	2961	0
sub-06_2	92	Picture	20	1999814	0	1	2226	1	0	2000	other	0
sub-06_2	92	Pulse	255	2009158	9344	0
sub-06_2	93	Picture	20	2012433	0	1	2226	1	0	2000	other	0
sub-06_2	94	Picture	10	2026051	0	1	2226	1	0	2000	other	0
sub-06_2	94	Pulse	255	2029158	3107	0
sub-06_2	95	Picture	10	2038669	0	1	2226	1	0	2000	other	0
sub-06_2	95	Pulse	255	2049158	10489	0
sub-06_2	96	Picture	20	2050287	0	1	2226	1	0	2000	other	0
sub-06_2	97	Picture	10	2063906	0	1	2226	1	0	2000	other	0
sub-06_2	97	Pulse	255	2069157	5251	0
sub-06_2	98	Picture	20	2076524	0	1	2226	1	0	2000	other	0
sub-06_2	99	Picture	20	2088143	0	1	2226	1	0	2000	other	0
sub-06_2	99	Pulse	255	2089158	1015	0
sub-06_2	100	Picture	Bfix	2100761	0	1	150232	1	0	150000	other	0
sub-06_2	100	Pulse	255	2109158	8396	0
sub-06_2	100	Pulse	255	2129158	28397	0
sub-06_2	100	Pulse	255	2149158	48397	0
sub-06_2	100	Pulse	255	2169158	68397	0
sub-06_2	100	Pulse	255	2189158	88397	0
sub-06_2	100	Pulse	255	2209158	108397	0
sub-06_2	100	Pulse	255	2229158	128396	0
sub-06_2	100	Pulse	255	2249158	148397	0
sub-06_2	101	Picture	10	2250993	0	1	2226	1	0	2000	other	0
sub-06_2	102	Picture	10	2262612	0	1	2226	1	0	2000	other	0
sub-06_2	102	Pulse	255	2269158	6546	0
sub-06_2	103	Picture	20	2275230	0	1	2226	1	0	2000	other	0
sub-06_2	104	Picture	10	2288849	0	1	2226	1	0	2000	other	0
sub-06_2	104	Pulse	255	2289159	310	0
sub-06_2	105	Picture	20	2301467	0	1	2225	1	0	2000	other	0
sub-06_2	105	Pulse	255	2309158	7692	0
sub-06_2	106	Picture	10	2313085	0	1	2226	1	0	2000	other	0
sub-06_2	107	Picture	20	2326703	0	1	2226	1	0	2000	other	0
sub-06_2	107	Pulse	255	2329158	2455	0
sub-06_2	108	Picture	20	2338321	0	1	2226	1	0	2000	other	0
sub-06_2	108	Pulse	255	2349159	10837	0
sub-06_2	109	Picture	20	2351940	0	1	2226	1	0	2000	other	0
sub-06_2	110	Picture	10	2365558	0	1	2226	1	0	2000	other	0
sub-06_2	110	Pulse	255	2369158	3600	0
sub-06_2	111	Picture	20	2377176	0	1	2226	1	0	2000	other	0
sub-06_2	111	Pulse	255	2389158	11982	0
sub-06_2	112	Picture	10	2390795	0	1	2226	1	0	2000	other	0
sub-06_2	113	Picture	20	2403413	0	1	2226	1	0	2000	other	0
sub-06_2	113	Pulse	255	2409159	5746	0
sub-06_2	114	Picture	20	2416031	0	1	2226	1	0	2000	other	0
sub-06_2	114	Pulse	255	2429158	13128	0
sub-06_2	115	Picture	20	2429649	0	1	2226	1	0	2000	other	0
sub-06_2	116	Picture	10	2441268	0	1	2226	1	0	2000	other	0
sub-06_2	116	Pulse	255	2449159	7891	0
sub-06_2	117	Picture	10	2452886	0	1	2226	1	0	2000	other	0
sub-06_2	118	Picture	20	2464504	0	1	2226	1	0	2000	other	0
sub-06_2	118	Pulse	255	2469159	4654	0
sub-06_2	119	Picture	10	2478122	0	1	2226	1	0	2000	other	0
sub-06_2	119	Pulse	255	2489159	11036	0
sub-06_2	120	Picture	20	2490740	0	1	2226	1	0	2000	other	0
sub-06_2	121	Picture	10	2503359	0	1	2226	1	0	2000	other	0
sub-06_2	121	Pulse	255	2509158	5799	0
sub-06_2	122	Picture	20	2516977	0	1	2226	1	0	2000	other	0
sub-06_2	123	Picture	10	2528595	0	1	2226	1	0	2000	other	0
sub-06_2	123	Pulse	255	2529158	563	0
sub-06_2	124	Picture	20	2541213	0	1	2226	1	0	2000	other	0
sub-06_2	124	Pulse	255	2549159	7945	0
sub-06_2	125	Picture	20	2553832	0	1	2226	1	0	2000	other	0
sub-06_2	126	Picture	20	2565450	0	1	2226	1	0	2000	other	0
sub-06_2	126	Pulse	255	2569159	3709	0
sub-06_2	127	Picture	10	2578068	0	1	2226	1	0	2000	other	0
sub-06_2	127	Pulse	255	2589159	11091	0
sub-06_2	128	Picture	10	2590686	0	1	2226	1	0	2000	other	0
sub-06_2	129	Picture	10	2602304	0	1	2226	1	0	2000	other	0
sub-06_2	129	Pulse	255	2609159	6855	0
sub-06_2	130	Picture	20	2614923	0	1	2226	1	0	2000	other	0
sub-06_2	131	Picture	10	2626541	0	1	2226	1	0	2000	other	0
sub-06_2	131	Pulse	255	2629159	2618	0
sub-06_2	132	Picture	20	2639159	0	1	2226	1	0	2000	other	0
sub-06_2	132	Pulse	255	2649159	10000	0
sub-06_2	133	Picture	Bfix	2651777	0	1	150233	1	0	150000	other	0
sub-06_2	133	Pulse	255	2669159	17382	0
sub-06_2	133	Pulse	255	2689159	37381	0
sub-06_2	133	Pulse	255	2709160	57382	0
sub-06_2	133	Pulse	255	2729159	77382	0
sub-06_2	133	Pulse	255	2749159	97382	0
sub-06_2	133	Pulse	255	2769160	117382	0
sub-06_2	133	Pulse	255	2789160	137382	0
sub-06_2	134	Picture	20	2802011	0	1	2226	1	0	2000	other	0
sub-06_2	134	Pulse	255	2809160	7149	0
sub-06_2	135	Picture	10	2815629	0	1	2226	1	0	2000	other	0
sub-06_2	135	Pulse	255	2829160	13531	0
sub-06_2	136	Picture	10	2829247	0	1	2226	1	0	2000	other	0
sub-06_2	137	Picture	10	2841866	0	1	2226	1	0	2000	other	0
sub-06_2	137	Pulse	255	2849160	7294	0
sub-06_2	138	Picture	20	2854484	0	1	2226	1	0	2000	other	0
sub-06_2	139	Picture	10	2868102	0	1	2226	1	0	2000	other	0
sub-06_2	139	Pulse	255	2869160	1058	0
sub-06_2	140	Picture	20	2879721	0	1	2226	1	0	2000	other	0
sub-06_2	140	Pulse	255	2889160	9439	0
sub-06_2	141	Picture	10	2891339	0	1	2226	1	0	2000	other	0
sub-06_2	142	Picture	10	2902957	0	1	2226	1	0	2000	other	0
sub-06_2	142	Pulse	255	2909159	6202	0
sub-06_2	143	Picture	10	2914576	0	1	2226	1	0	2000	other	0
sub-06_2	144	Picture	20	2926194	0	1	2226	1	0	2000	other	0
sub-06_2	144	Pulse	255	2929159	2965	0
sub-06_2	145	Picture	10	2938812	0	1	2226	1	0	2000	other	0
sub-06_2	145	Pulse	255	2949159	10347	0
sub-06_2	146	Picture	20	2950431	0	1	2226	1	0	2000	other	0
sub-06_2	147	Picture	20	2963049	0	1	2226	1	0	2000	other	0
sub-06_2	147	Pulse	255	2969160	6111	0
sub-06_2	148	Picture	10	2974667	0	1	2226	1	0	2000	other	0
sub-06_2	149	Picture	10	2986285	0	1	2226	1	0	2000	other	0
sub-06_2	149	Pulse	255	2989160	2875	0
sub-06_2	150	Picture	10	2999903	0	1	2226	1	0	2000	other	0
sub-06_2	150	Pulse	255	3009159	9256	0
sub-06_2	151	Picture	20	3011521	0	1	2226	1	0	2000	other	0
sub-06_2	152	Picture	10	3023140	0	1	2226	1	0	2000	other	0
sub-06_2	152	Pulse	255	3029160	6020	0
sub-06_2	153	Picture	20	3036759	0	1	2226	1	0	2000	other	0
sub-06_2	153	Pulse	255	3049160	12401	0
sub-06_2	154	Picture	10	3050377	0	1	2226	1	0	2000	other	0
sub-06_2	155	Picture	20	3062995	0	1	2226	1	0	2000	other	0
sub-06_2	155	Pulse	255	3069160	6165	0
sub-06_2	156	Picture	10	3074613	0	1	2226	1	0	2000	other	0
sub-06_2	157	Picture	10	3087231	0	1	2226	1	0	2000	other	0
sub-06_2	157	Pulse	255	3089160	1929	0
sub-06_2	158	Picture	20	3100849	0	1	2225	1	0	2000	other	0
sub-06_2	158	Pulse	255	3109160	8310	0
sub-06_2	159	Picture	20	3114467	0	1	2226	1	0	2000	other	0
sub-06_2	160	Picture	20	3128086	0	1	2226	1	0	2000	other	0
sub-06_2	160	Pulse	255	3129160	1074	0
sub-06_2	161	Picture	10	3139704	0	1	2226	1	0	2000	other	0
sub-06_2	161	Pulse	255	3149160	9456	0
sub-06_2	162	Picture	10	3153322	0	1	2226	1	0	2000	other	0
sub-06_2	163	Picture	20	3165940	0	1	2226	1	0	2000	other	0
sub-06_2	163	Pulse	255	3169160	3219	0
sub-06_2	164	Picture	10	3179559	0	1	2226	1	0	2000	other	0
sub-06_2	164	Pulse	255	3189160	9601	0
sub-06_2	165	Picture	10	3192177	0	1	2226	1	0	2000	other	0
sub-06_2	166	Picture	20	3205795	0	1	2226	1	0	2000	other	0
sub-06_2	166	Pulse	255	3209160	3365	0
sub-06_2	167	Picture	20	3218414	0	1	2177	1	0	2000	other	0
sub-06_2	167	Pulse	255	3229161	10747	0
sub-06_2	168	Picture	10	3229983	0	1	2226	1	0	2000	other	0
sub-06_2	169	Picture	Bfix	3242601	0	1	71951	1	0	60000	other	0
sub-06_2	169	Pulse	255	3249161	6560	0
sub-06_2	169	Pulse	255	3269161	26560	0
sub-06_2	169	Pulse	255	3289161	46559	0


Event Type	Code	Type	Response	RT	RT Uncertainty	Time	Uncertainty	Duration	Uncertainty	ReqTime	ReqDur

Nothing	cut	other				569392	1			0
Nothing	cut	other				574392	1			5000
Picture	20	other				579623	1	2226	1	0	2000
Picture	10	other				592242	1	2226	1	0	2000
Picture	20	other				604860	1	2226	1	0	2000
Picture	10	other				618478	1	2226	1	0	2000
Picture	10	other				630096	1	2226	1	0	2000
Picture	20	other				641715	1	2226	1	0	2000
Picture	10	other				653333	1	2226	1	0	2000
Picture	10	other				665952	1	2226	1	0	2000
Picture	20	other				678569	1	2226	1	0	2000
Picture	10	other				692188	1	2226	1	0	2000
Picture	20	other				705806	1	2226	1	0	2000
Picture	10	other				719424	1	2226	1	0	2000
Picture	10	other				732042	1	2226	1	0	2000
Picture	10	other				743661	1	2226	1	0	2000
Picture	10	other				757279	1	2226	1	0	2000
Picture	10	other				769897	1	2226	1	0	2000
Picture	10	other				783515	1	2226	1	0	2000
Picture	20	other				797134	1	2226	1	0	2000
Picture	20	other				809752	1	2226	1	0	2000
Picture	20	other				822370	1	2226	1	0	2000
Picture	10	other				834988	1	2226	1	0	2000
Picture	20	other				846606	1	2226	1	0	2000
Picture	20	other				859224	1	2226	1	0	2000
Picture	20	other				872842	1	2226	1	0	2000
Picture	10	other				885461	1	2226	1	0	2000
Picture	20	other				897079	1	2226	1	0	2000
Picture	10	other				910697	1	2226	1	0	2000
Picture	20	other				922315	1	2226	1	0	2000
Picture	20	other				933934	1	2226	1	0	2000
Picture	10	other				946552	1	2226	1	0	2000
Picture	20	other				960170	1	2226	1	0	2000
Picture	20	other				972789	1	2226	1	0	2000
Picture	Bfix	other				986407	1	150226	1	0	150000
Picture	20	other				1136800	1	2226	1	0	2000
Picture	10	other				1150418	1	2227	1	0	2000
Picture	20	other				1164037	1	2226	1	0	2000
Picture	10	other				1175655	1	2226	1	0	2000
Picture	10	other				1189273	1	2226	1	0	2000
Picture	20	other				1201891	1	2226	1	0	2000
Picture	10	other				1215510	1	2226	1	0	2000
Picture	20	other				1229128	1	2226	1	0	2000
Picture	20	other				1241746	1	2226	1	0	2000
Picture	10	other				1254364	1	2226	1	0	2000
Picture	10	other				1266983	1	2226	1	0	2000
Picture	20	other				1278601	1	2226	1	0	2000
Picture	10	other				1292219	1	2226	1	0	2000
Picture	20	other				1304837	1	2226	1	0	2000
Picture	10	other				1317455	1	2226	1	0	2000
Picture	10	other				1330073	1	2226	1	0	2000
Picture	20	other				1341691	1	2226	1	0	2000
Picture	20	other				1353309	1	2226	1	0	2000
Picture	10	other				1366928	1	2226	1	0	2000
Picture	20	other				1379545	1	2226	1	0	2000
Picture	10	other				1393164	1	2226	1	0	2000
Picture	10	other				1405782	1	2226	1	0	2000
Picture	20	other				1417401	1	2226	1	0	2000
Picture	10	other				1430019	1	2226	1	0	2000
Picture	10	other				1442637	1	2226	1	0	2000
Picture	20	other				1456255	1	2226	1	0	2000
Picture	10	other				1468873	1	2226	1	0	2000
Picture	20	other				1482491	1	2226	1	0	2000
Picture	10	other				1496109	1	2226	1	0	2000
Picture	20	other				1508728	1	2226	1	0	2000
Picture	10	other				1521346	1	2226	1	0	2000
Picture	20	other				1532964	1	2226	1	0	2000
Picture	Bfix	other				1544582	1	150226	1	0	150000
Picture	20	other				1694975	1	2226	1	0	2000
Picture	10	other				1707594	1	2226	1	0	2000
Picture	20	other				1721212	1	2226	1	0	2000
Picture	10	other				1734830	1	2226	1	0	2000
Picture	20	other				1746449	1	2226	1	0	2000
Picture	10	other				1759067	1	2226	1	0	2000
Picture	10	other				1771685	1	2226	1	0	2000
Picture	20	other				1783303	1	2226	1	0	2000
Picture	10	other				1796922	1	2226	1	0	2000
Picture	10	other				1810540	1	2226	1	0	2000
Picture	10	other				1823158	1	2226	1	0	2000
Picture	10	other				1834776	1	2226	1	0	2000
Picture	20	other				1846394	1	2226	1	0	2000
Picture	10	other				1859012	1	2226	1	0	2000
Picture	10	other				1870630	1	2226	1	0	2000
Picture	20	other				1884249	1	2226	1	0	2000
Picture	10	other				1895867	1	2226	1	0	2000
Picture	10	other				1909486	1	2226	1	0	2000
Picture	20	other				1922104	1	2226	1	0	2000
Picture	10	other				1935722	1	2226	1	0	2000
Picture	10	other				1948341	1	2226	1	0	2000
Picture	10	other				1959959	1	2226	1	0	2000
Picture	20	other				1972577	1	2226	1	0	2000
Picture	10	other				1986196	1	2226	1	0	2000
Picture	20	other				1999814	1	2226	1	0	2000
Picture	20	other				2012433	1	2226	1	0	2000
Picture	10	other				2026051	1	2226	1	0	2000
Picture	10	other				2038669	1	2226	1	0	2000
Picture	20	other				2050287	1	2226	1	0	2000
Picture	10	other				2063906	1	2226	1	0	2000
Picture	20	other				2076524	1	2226	1	0	2000
Picture	20	other				2088143	1	2226	1	0	2000
Picture	Bfix	other				2100761	1	150232	1	0	150000
Picture	10	other				2250993	1	2226	1	0	2000
Picture	10	other				2262612	1	2226	1	0	2000
Picture	20	other				2275230	1	2226	1	0	2000
Picture	10	other				2288849	1	2226	1	0	2000
Picture	20	other				2301467	1	2225	1	0	2000
Picture	10	other				2313085	1	2226	1	0	2000
Picture	20	other				2326703	1	2226	1	0	2000
Picture	20	other				2338321	1	2226	1	0	2000
Picture	20	other				2351940	1	2226	1	0	2000
Picture	10	other				2365558	1	2226	1	0	2000
Picture	20	other				2377176	1	2226	1	0	2000
Picture	10	other				2390795	1	2226	1	0	2000
Picture	20	other				2403413	1	2226	1	0	2000
Picture	20	other				2416031	1	2226	1	0	2000
Picture	20	other				2429649	1	2226	1	0	2000
Picture	10	other				2441268	1	2226	1	0	2000
Picture	10	other				2452886	1	2226	1	0	2000
Picture	20	other				2464504	1	2226	1	0	2000
Picture	10	other				2478122	1	2226	1	0	2000
Picture	20	other				2490740	1	2226	1	0	2000
Picture	10	other				2503359	1	2226	1	0	2000
Picture	20	other				2516977	1	2226	1	0	2000
Picture	10	other				2528595	1	2226	1	0	2000
Picture	20	other				2541213	1	2226	1	0	2000
Picture	20	other				2553832	1	2226	1	0	2000
Picture	20	other				2565450	1	2226	1	0	2000
Picture	10	other				2578068	1	2226	1	0	2000
Picture	10	other				2590686	1	2226	1	0	2000
Picture	10	other				2602304	1	2226	1	0	2000
Picture	20	other				2614923	1	2226	1	0	2000
Picture	10	other				2626541	1	2226	1	0	2000
Picture	20	other				2639159	1	2226	1	0	2000
Picture	Bfix	other				2651777	1	150233	1	0	150000
Picture	20	other				2802011	1	2226	1	0	2000
Picture	10	other				2815629	1	2226	1	0	2000
Picture	10	other				2829247	1	2226	1	0	2000
Picture	10	other				2841866	1	2226	1	0	2000
Picture	20	other				2854484	1	2226	1	0	2000
Picture	10	other				2868102	1	2226	1	0	2000
Picture	20	other				2879721	1	2226	1	0	2000
Picture	10	other				2891339	1	2226	1	0	2000
Picture	10	other				2902957	1	2226	1	0	2000
Picture	10	other				2914576	1	2226	1	0	2000
Picture	20	other				2926194	1	2226	1	0	2000
Picture	10	other				2938812	1	2226	1	0	2000
Picture	20	other				2950431	1	2226	1	0	2000
Picture	20	other				2963049	1	2226	1	0	2000
Picture	10	other				2974667	1	2226	1	0	2000
Picture	10	other				2986285	1	2226	1	0	2000
Picture	10	other				2999903	1	2226	1	0	2000
Picture	20	other				3011521	1	2226	1	0	2000
Picture	10	other				3023140	1	2226	1	0	2000
Picture	20	other				3036759	1	2226	1	0	2000
Picture	10	other				3050377	1	2226	1	0	2000
Picture	20	other				3062995	1	2226	1	0	2000
Picture	10	other				3074613	1	2226	1	0	2000
Picture	10	other				3087231	1	2226	1	0	2000
Picture	20	other				3100849	1	2225	1	0	2000
Picture	20	other				3114467	1	2226	1	0	2000
Picture	20	other				3128086	1	2226	1	0	2000
Picture	10	other				3139704	1	2226	1	0	2000
Picture	10	other				3153322	1	2226	1	0	2000
Picture	20	other				3165940	1	2226	1	0	2000
Picture	10	other				3179559	1	2226	1	0	2000
Picture	10	other				3192177	1	2226	1	0	2000
Picture	20	other				3205795	1	2226	1	0	2000
Picture	20	other				3218414	1	2177	1	0	2000
Picture	10	other				3229983	1	2226	1	0	2000
Picture	Bfix	other				3242601	1	71951	1	0	60000
