Scenario - loca_lec2
Logfile written - 01/21/2019 17:39:37

Subject	Trial	Event Type	Code	Time	TTime	Uncertainty	Duration	Uncertainty	ReqTime	ReqDur	Stim Type	Pair Index

sub-13_1	0	Pulse	255	636497	636497	0
sub-13_1	1	Nothing	cut	636728	0	1			0		other	0
sub-13_1	1	Nothing	cut	641728	5000	1			5000		other	0
sub-13_1	2	Picture	20	646991	0	1	2226	1	0	2000	other	0
sub-13_1	2	Pulse	255	656497	9506	0
sub-13_1	3	Picture	10	658609	0	1	2226	1	0	2000	other	0
sub-13_1	4	Picture	10	670228	0	1	2227	1	0	2000	other	0
sub-13_1	4	Pulse	255	676497	6269	0
sub-13_1	5	Picture	10	682847	0	1	2226	1	0	2000	other	0
sub-13_1	6	Picture	20	696466	0	1	2226	1	0	2000	other	0
sub-13_1	6	Pulse	255	696497	31	0
sub-13_1	7	Picture	20	709084	0	1	2226	1	0	2000	other	0
sub-13_1	7	Pulse	255	716497	7413	0
sub-13_1	8	Picture	20	721703	0	1	2227	1	0	2000	other	0
sub-13_1	9	Picture	10	734322	0	1	2226	1	0	2000	other	0
sub-13_1	9	Pulse	255	736498	2176	0
sub-13_1	10	Picture	20	745941	0	1	2226	1	0	2000	other	0
sub-13_1	10	Pulse	255	756497	10557	0
sub-13_1	11	Picture	20	759559	0	1	2226	1	0	2000	other	0
sub-13_1	12	Picture	10	771178	0	1	2226	1	0	2000	other	0
sub-13_1	12	Pulse	255	776498	5320	0
sub-13_1	13	Picture	10	782796	0	1	2226	1	0	2000	other	0
sub-13_1	14	Picture	20	796416	0	1	2226	1	0	2000	other	0
sub-13_1	14	Pulse	255	796498	82	0
sub-13_1	15	Picture	20	809034	0	1	2226	1	0	2000	other	0
sub-13_1	15	Pulse	255	816498	7464	0
sub-13_1	16	Picture	10	820652	0	1	2226	1	0	2000	other	0
sub-13_1	17	Picture	20	832271	0	1	2226	1	0	2000	other	0
sub-13_1	17	Pulse	255	836498	4227	0
sub-13_1	18	Picture	10	843889	0	1	2226	1	0	2000	other	0
sub-13_1	18	Pulse	255	856498	12608	0
sub-13_1	19	Picture	10	857508	0	1	2226	1	0	2000	other	0
sub-13_1	20	Picture	10	869127	0	1	2226	1	0	2000	other	0
sub-13_1	20	Pulse	255	876488	7361	0
sub-13_1	21	Picture	20	880745	0	1	2226	1	0	2000	other	0
sub-13_1	22	Picture	10	892363	0	1	2226	1	0	2000	other	0
sub-13_1	22	Pulse	255	896488	4124	0
sub-13_1	23	Picture	20	905982	0	1	2226	1	0	2000	other	0
sub-13_1	23	Pulse	255	916488	10505	0
sub-13_1	24	Picture	10	918601	0	1	2226	1	0	2000	other	0
sub-13_1	25	Picture	20	930220	0	1	2226	1	0	2000	other	0
sub-13_1	25	Pulse	255	936488	6268	0
sub-13_1	26	Picture	10	942838	0	1	2226	1	0	2000	other	0
sub-13_1	27	Picture	10	954457	0	1	2226	1	0	2000	other	0
sub-13_1	27	Pulse	255	956515	2058	0
sub-13_1	28	Picture	20	968075	0	1	2226	1	0	2000	other	0
sub-13_1	28	Pulse	255	976488	8413	0
sub-13_1	29	Picture	10	981694	0	1	2226	1	0	2000	other	0
sub-13_1	30	Picture	20	994313	0	1	2226	1	0	2000	other	0
sub-13_1	30	Pulse	255	996488	2175	0
sub-13_1	31	Picture	20	1007932	0	1	2226	1	0	2000	other	0
sub-13_1	31	Pulse	255	1016488	8556	0
sub-13_1	32	Picture	20	1019550	0	1	2226	1	0	2000	other	0
sub-13_1	33	Picture	20	1031169	0	1	2226	1	0	2000	other	0
sub-13_1	33	Pulse	255	1036488	5319	0
sub-13_1	34	Picture	20	1044788	0	1	2226	1	0	2000	other	0
sub-13_1	35	Picture	Bfix	1056407	0	1	150237	1	0	150000	other	0
sub-13_1	35	Pulse	255	1056488	81	0
sub-13_1	35	Pulse	255	1076488	20081	0
sub-13_1	35	Pulse	255	1096488	40081	0
sub-13_1	35	Pulse	255	1116488	60081	0
sub-13_1	35	Pulse	255	1136488	80081	0
sub-13_1	35	Pulse	255	1156488	100081	0
sub-13_1	35	Pulse	255	1176488	120081	0
sub-13_1	35	Pulse	255	1196488	140081	0
sub-13_1	36	Picture	10	1206644	0	1	2226	1	0	2000	other	0
sub-13_1	36	Pulse	255	1216488	9844	0
sub-13_1	37	Picture	10	1219263	0	1	2226	1	0	2000	other	0
sub-13_1	38	Picture	20	1230882	0	1	2226	1	0	2000	other	0
sub-13_1	38	Pulse	255	1236488	5606	0
sub-13_1	39	Picture	20	1243501	0	1	2226	1	0	2000	other	0
sub-13_1	40	Picture	10	1256119	0	1	2226	1	0	2000	other	0
sub-13_1	40	Pulse	255	1256489	369	0
sub-13_1	41	Picture	20	1269738	0	1	2226	1	0	2000	other	0
sub-13_1	41	Pulse	255	1276489	6751	0
sub-13_1	42	Picture	10	1283356	0	1	2226	1	0	2000	other	0
sub-13_1	43	Picture	20	1295975	0	1	2226	1	0	2000	other	0
sub-13_1	43	Pulse	255	1296489	514	0
sub-13_1	44	Picture	10	1309594	0	1	2226	1	0	2000	other	0
sub-13_1	44	Pulse	255	1316488	6895	0
sub-13_1	45	Picture	10	1323213	0	1	2226	1	0	2000	other	0
sub-13_1	46	Picture	20	1335832	0	1	2226	1	0	2000	other	0
sub-13_1	46	Pulse	255	1336489	657	0
sub-13_1	47	Picture	20	1348450	0	1	2226	1	0	2000	other	0
sub-13_1	47	Pulse	255	1356489	8038	0
sub-13_1	48	Picture	10	1360069	0	1	2226	1	0	2000	other	0
sub-13_1	49	Picture	10	1371688	0	1	2226	1	0	2000	other	0
sub-13_1	49	Pulse	255	1376489	4801	0
sub-13_1	50	Picture	20	1385306	0	1	2226	1	0	2000	other	0
sub-13_1	50	Pulse	255	1396489	11182	0
sub-13_1	51	Picture	10	1397925	0	1	2226	1	0	2000	other	0
sub-13_1	52	Picture	20	1411543	0	1	2226	1	0	2000	other	0
sub-13_1	52	Pulse	255	1416489	4946	0
sub-13_1	53	Picture	20	1425162	0	1	2226	1	0	2000	other	0
sub-13_1	53	Pulse	255	1436488	11326	0
sub-13_1	54	Picture	10	1438781	0	1	2226	1	0	2000	other	0
sub-13_1	55	Picture	20	1452399	0	1	2226	1	0	2000	other	0
sub-13_1	55	Pulse	255	1456489	4089	0
sub-13_1	56	Picture	10	1466022	0	1	2226	1	0	2000	other	0
sub-13_1	56	Pulse	255	1476489	10467	0
sub-13_1	57	Picture	20	1477641	0	1	2226	1	0	2000	other	0
sub-13_1	58	Picture	20	1490259	0	1	2226	1	0	2000	other	0
sub-13_1	58	Pulse	255	1496489	6230	0
sub-13_1	59	Picture	10	1501878	0	1	2226	1	0	2000	other	0
sub-13_1	60	Picture	20	1514496	0	1	2226	1	0	2000	other	0
sub-13_1	60	Pulse	255	1516489	1993	0
sub-13_1	61	Picture	20	1528115	0	1	2226	1	0	2000	other	0
sub-13_1	61	Pulse	255	1536489	8374	0
sub-13_1	62	Picture	20	1540734	0	1	2226	1	0	2000	other	0
sub-13_1	63	Picture	10	1554352	0	1	2226	1	0	2000	other	0
sub-13_1	63	Pulse	255	1556489	2137	0
sub-13_1	64	Picture	20	1567971	0	1	2226	1	0	2000	other	0
sub-13_1	64	Pulse	255	1576489	8518	0
sub-13_1	65	Picture	10	1581589	0	1	2226	1	0	2000	other	0
sub-13_1	66	Picture	20	1595208	0	1	2226	1	0	2000	other	0
sub-13_1	66	Pulse	255	1596489	1282	0
sub-13_1	67	Picture	20	1607826	0	1	2226	1	0	2000	other	0
sub-13_1	67	Pulse	255	1616489	8663	0
sub-13_1	68	Picture	10	1620444	0	1	2226	1	0	2000	other	0
sub-13_1	69	Picture	Bfix	1634063	0	1	150232	1	0	150000	other	0
sub-13_1	69	Pulse	255	1636489	2426	0
sub-13_1	69	Pulse	255	1656489	22426	0
sub-13_1	69	Pulse	255	1676489	42426	0
sub-13_1	69	Pulse	255	1696489	62426	0
sub-13_1	69	Pulse	255	1716489	82426	0
sub-13_1	69	Pulse	255	1736490	102426	0
sub-13_1	69	Pulse	255	1756489	122426	0
sub-13_1	69	Pulse	255	1776489	142426	0
sub-13_1	70	Picture	20	1784295	0	1	2226	1	0	2000	other	0
sub-13_1	71	Picture	20	1795915	0	1	2226	1	0	2000	other	0
sub-13_1	71	Pulse	255	1796490	575	0
sub-13_1	72	Picture	20	1807533	0	1	2226	1	0	2000	other	0
sub-13_1	72	Pulse	255	1816490	8956	0
sub-13_1	73	Picture	20	1820152	0	1	2226	1	0	2000	other	0
sub-13_1	74	Picture	20	1831771	0	1	2226	1	0	2000	other	0
sub-13_1	74	Pulse	255	1836490	4719	0
sub-13_1	75	Picture	20	1845390	0	1	2227	1	0	2000	other	0
sub-13_1	75	Pulse	255	1856490	11100	0
sub-13_1	76	Picture	20	1859009	0	1	2226	1	0	2000	other	0
sub-13_1	77	Picture	10	1871628	0	1	2226	1	0	2000	other	0
sub-13_1	77	Pulse	255	1876490	4862	0
sub-13_1	78	Picture	10	1883246	0	1	2226	1	0	2000	other	0
sub-13_1	78	Pulse	255	1896530	13284	0
sub-13_1	79	Picture	20	1896865	0	1	2227	1	0	2000	other	0
sub-13_1	80	Picture	10	1909484	0	1	2226	1	0	2000	other	0
sub-13_1	80	Pulse	255	1916490	7005	0
sub-13_1	81	Picture	20	1923103	0	1	2226	1	0	2000	other	0
sub-13_1	82	Picture	20	1935721	0	1	2226	1	0	2000	other	0
sub-13_1	82	Pulse	255	1936490	768	0
sub-13_1	83	Picture	10	1949340	0	1	2226	1	0	2000	other	0
sub-13_1	83	Pulse	255	1956490	7150	0
sub-13_1	84	Picture	20	1961959	0	1	2226	1	0	2000	other	0
sub-13_1	85	Picture	10	1973577	0	1	2226	1	0	2000	other	0
sub-13_1	85	Pulse	255	1976490	2913	0
sub-13_1	86	Picture	10	1985195	0	1	2226	1	0	2000	other	0
sub-13_1	86	Pulse	255	1996500	11305	0
sub-13_1	87	Picture	10	1996814	0	1	2226	1	0	2000	other	0
sub-13_1	88	Picture	20	2009432	0	1	2226	1	0	2000	other	0
sub-13_1	88	Pulse	255	2016490	7058	0
sub-13_1	89	Picture	10	2022051	0	1	2226	1	0	2000	other	0
sub-13_1	90	Picture	20	2035669	0	1	2226	1	0	2000	other	0
sub-13_1	90	Pulse	255	2036490	821	0
sub-13_1	91	Picture	10	2047288	0	1	2226	1	0	2000	other	0
sub-13_1	91	Pulse	255	2056490	9202	0
sub-13_1	92	Picture	20	2058907	0	1	2226	1	0	2000	other	0
sub-13_1	93	Picture	10	2071525	0	1	2226	1	0	2000	other	0
sub-13_1	93	Pulse	255	2076490	4965	0
sub-13_1	94	Picture	10	2085143	0	1	2226	1	0	2000	other	0
sub-13_1	94	Pulse	255	2096490	11347	0
sub-13_1	95	Picture	20	2098762	0	1	2226	1	0	2000	other	0
sub-13_1	96	Picture	10	2110381	0	1	2226	1	0	2000	other	0
sub-13_1	96	Pulse	255	2116490	6109	0
sub-13_1	97	Picture	10	2124000	0	1	2226	1	0	2000	other	0
sub-13_1	98	Picture	20	2135618	0	1	2226	1	0	2000	other	0
sub-13_1	98	Pulse	255	2136490	872	0
sub-13_1	99	Picture	10	2148237	0	1	2226	1	0	2000	other	0
sub-13_1	99	Pulse	255	2156490	8253	0
sub-13_1	100	Picture	20	2161856	0	1	2226	1	0	2000	other	0
sub-13_1	101	Picture	Bfix	2175474	0	1	150233	1	0	150000	other	0
sub-13_1	101	Pulse	255	2176490	1016	0
sub-13_1	101	Pulse	255	2196490	21016	0
sub-13_1	101	Pulse	255	2216490	41016	0
sub-13_1	101	Pulse	255	2236491	61016	0
sub-13_1	101	Pulse	255	2256490	81016	0
sub-13_1	101	Pulse	255	2276491	101016	0
sub-13_1	101	Pulse	255	2296491	121016	0
sub-13_1	101	Pulse	255	2316491	141016	0
sub-13_1	102	Picture	20	2325707	0	1	2226	1	0	2000	other	0
sub-13_1	102	Pulse	255	2336491	10784	0
sub-13_1	103	Picture	10	2338326	0	1	2226	1	0	2000	other	0
sub-13_1	104	Picture	20	2351944	0	1	2226	1	0	2000	other	0
sub-13_1	104	Pulse	255	2356491	4547	0
sub-13_1	105	Picture	10	2364563	0	1	2226	1	0	2000	other	0
sub-13_1	106	Picture	20	2376181	0	1	2226	1	0	2000	other	0
sub-13_1	106	Pulse	255	2376491	309	0
sub-13_1	107	Picture	20	2387800	0	1	2226	1	0	2000	other	0
sub-13_1	107	Pulse	255	2396491	8690	0
sub-13_1	108	Picture	20	2401419	0	1	2226	1	0	2000	other	0
sub-13_1	109	Picture	10	2413037	0	1	2226	1	0	2000	other	0
sub-13_1	109	Pulse	255	2416491	3454	0
sub-13_1	110	Picture	10	2425656	0	1	2226	1	0	2000	other	0
sub-13_1	110	Pulse	255	2436491	10835	0
sub-13_1	111	Picture	20	2437274	0	1	2226	1	0	2000	other	0
sub-13_1	112	Picture	20	2448893	0	1	2226	1	0	2000	other	0
sub-13_1	112	Pulse	255	2456491	7598	0
sub-13_1	113	Picture	10	2462511	0	1	2226	1	0	2000	other	0
sub-13_1	114	Picture	20	2475130	0	1	2226	1	0	2000	other	0
sub-13_1	114	Pulse	255	2476491	1361	0
sub-13_1	115	Picture	20	2488749	0	1	2226	1	0	2000	other	0
sub-13_1	115	Pulse	255	2496491	7741	0
sub-13_1	116	Picture	10	2502368	0	1	2036	1	0	2000	other	0
sub-13_1	117	Picture	20	2514796	0	1	2226	1	0	2000	other	0
sub-13_1	117	Pulse	255	2516491	1695	0
sub-13_1	118	Picture	20	2526414	0	1	2226	1	0	2000	other	0
sub-13_1	118	Pulse	255	2536491	10077	0
sub-13_1	119	Picture	10	2538033	0	1	2226	1	0	2000	other	0
sub-13_1	120	Picture	20	2549652	0	1	2226	1	0	2000	other	0
sub-13_1	120	Pulse	255	2556481	6829	0
sub-13_1	121	Picture	20	2561270	0	1	2226	1	0	2000	other	0
sub-13_1	122	Picture	10	2573889	0	1	2226	1	0	2000	other	0
sub-13_1	122	Pulse	255	2576481	2592	0
sub-13_1	123	Picture	20	2586507	0	1	2226	1	0	2000	other	0
sub-13_1	123	Pulse	255	2596481	9974	0
sub-13_1	124	Picture	20	2599126	0	1	2226	1	0	2000	other	0
sub-13_1	125	Picture	20	2611744	0	1	2226	1	0	2000	other	0
sub-13_1	125	Pulse	255	2616481	4736	0
sub-13_1	126	Picture	10	2624362	0	1	2226	1	0	2000	other	0
sub-13_1	126	Pulse	255	2636481	12119	0
sub-13_1	127	Picture	10	2637982	0	1	2226	1	0	2000	other	0
sub-13_1	128	Picture	20	2651600	0	1	2226	1	0	2000	other	0
sub-13_1	128	Pulse	255	2656481	4881	0
sub-13_1	129	Picture	10	2663219	0	1	2226	1	0	2000	other	0
sub-13_1	130	Picture	20	2674838	0	1	2226	1	0	2000	other	0
sub-13_1	130	Pulse	255	2676481	1644	0
sub-13_1	131	Picture	10	2688457	0	1	2226	1	0	2000	other	0
sub-13_1	131	Pulse	255	2696481	8025	0
sub-13_1	132	Picture	20	2702075	0	1	2226	1	0	2000	other	0
sub-13_1	133	Picture	20	2715694	0	1	2226	1	0	2000	other	0
sub-13_1	133	Pulse	255	2716481	787	0
sub-13_1	134	Picture	Bfix	2727313	0	1	150226	1	0	150000	other	0
sub-13_1	134	Pulse	255	2736482	9169	0
sub-13_1	134	Pulse	255	2756481	29169	0
sub-13_1	134	Pulse	255	2776481	49169	0
sub-13_1	134	Pulse	255	2796482	69169	0
sub-13_1	134	Pulse	255	2816482	89169	0
sub-13_1	134	Pulse	255	2836481	109169	0
sub-13_1	134	Pulse	255	2856482	129169	0
sub-13_1	134	Pulse	255	2876482	149169	0
sub-13_1	135	Picture	10	2877705	0	1	2227	1	0	2000	other	0
sub-13_1	136	Picture	20	2889325	0	1	2226	1	0	2000	other	0
sub-13_1	136	Pulse	255	2896482	7157	0
sub-13_1	137	Picture	10	2902944	0	1	2226	1	0	2000	other	0
sub-13_1	138	Picture	20	2914562	0	1	2226	1	0	2000	other	0
sub-13_1	138	Pulse	255	2916482	1920	0
sub-13_1	139	Picture	10	2927181	0	1	2226	1	0	2000	other	0
sub-13_1	139	Pulse	255	2936482	9301	0
sub-13_1	140	Picture	10	2939799	0	1	2226	1	0	2000	other	0
sub-13_1	141	Picture	20	2951418	0	1	2226	1	0	2000	other	0
sub-13_1	141	Pulse	255	2956482	5064	0
sub-13_1	142	Picture	10	2965036	0	1	2226	1	0	2000	other	0
sub-13_1	142	Pulse	255	2976482	11446	0
sub-13_1	143	Picture	20	2976655	0	1	2226	1	0	2000	other	0
sub-13_1	144	Picture	20	2988274	0	1	2226	1	0	2000	other	0
sub-13_1	144	Pulse	255	2996482	8208	0
sub-13_1	145	Picture	20	2999892	0	1	2226	1	0	2000	other	0
sub-13_1	146	Picture	10	3013511	0	1	2226	1	0	2000	other	0
sub-13_1	146	Pulse	255	3016482	2971	0
sub-13_1	147	Picture	20	3027129	0	1	2226	1	0	2000	other	0
sub-13_1	147	Pulse	255	3036482	9353	0
sub-13_1	148	Picture	10	3040748	0	1	2226	1	0	2000	other	0
sub-13_1	149	Picture	10	3052367	0	1	2227	1	0	2000	other	0
sub-13_1	149	Pulse	255	3056482	4115	0
sub-13_1	150	Picture	20	3063986	0	1	2226	1	0	2000	other	0
sub-13_1	150	Pulse	255	3076482	12496	0
sub-13_1	151	Picture	10	3076605	0	1	2226	1	0	2000	other	0
sub-13_1	152	Picture	20	3088224	0	1	2226	1	0	2000	other	0
sub-13_1	152	Pulse	255	3096482	8259	0
sub-13_1	153	Picture	10	3099842	0	1	2226	1	0	2000	other	0
sub-13_1	154	Picture	10	3113461	0	1	2226	1	0	2000	other	0
sub-13_1	154	Pulse	255	3116482	3021	0
sub-13_1	155	Picture	10	3126079	0	1	2226	1	0	2000	other	0
sub-13_1	155	Pulse	255	3136482	10403	0
sub-13_1	156	Picture	20	3137698	0	1	2226	1	0	2000	other	0
sub-13_1	157	Picture	20	3150317	0	1	2226	1	0	2000	other	0
sub-13_1	157	Pulse	255	3156482	6166	0
sub-13_1	158	Picture	10	3161935	0	1	2226	1	0	2000	other	0
sub-13_1	159	Picture	10	3173553	0	1	2226	1	0	2000	other	0
sub-13_1	159	Pulse	255	3176482	2929	0
sub-13_1	160	Picture	10	3185172	0	1	2226	1	0	2000	other	0
sub-13_1	160	Pulse	255	3196482	11310	0
sub-13_1	161	Picture	10	3196791	0	1	2226	1	0	2000	other	0
sub-13_1	162	Picture	10	3210410	0	1	2226	1	0	2000	other	0
sub-13_1	162	Pulse	255	3216482	6072	0
sub-13_1	163	Picture	20	3222029	0	1	2226	1	0	2000	other	0
sub-13_1	164	Picture	10	3234647	0	1	2226	1	0	2000	other	0
sub-13_1	164	Pulse	255	3236483	1835	0
sub-13_1	165	Picture	20	3248266	0	1	2226	1	0	2000	other	0
sub-13_1	165	Pulse	255	3256483	8217	0
sub-13_1	166	Picture	20	3259884	0	1	2226	1	0	2000	other	0
sub-13_1	167	Picture	10	3272503	0	1	2226	1	0	2000	other	0
sub-13_1	167	Pulse	255	3276482	3979	0
sub-13_1	168	Picture	20	3285122	0	1	2226	1	0	2000	other	0
sub-13_1	168	Pulse	255	3296483	11361	0
sub-13_1	169	Picture	10	3298741	0	1	2226	1	0	2000	other	0
sub-13_1	170	Picture	20	3311359	0	1	2226	1	0	2000	other	0
sub-13_1	170	Pulse	255	3316483	5124	0
sub-13_1	171	Picture	10	3324978	0	1	2226	1	0	2000	other	0
sub-13_1	171	Pulse	255	3336483	11505	0
sub-13_1	172	Picture	Suite	3338596	0	1	50226	1	0	50000	other	0
sub-13_1	172	Pulse	255	3356483	17886	0
sub-13_1	172	Pulse	255	3376483	37887	0
sub-13_1	172	Pulse	255	3396483	57886	0
sub-13_1	173	Picture	Bfix	3408823	0	1	60226	1	0	60000	other	0
sub-13_1	173	Pulse	255	3416483	7659	0
sub-13_1	173	Pulse	255	3436483	27659	0
sub-13_1	173	Pulse	255	3456483	47659	0


Event Type	Code	Type	Response	RT	RT Uncertainty	Time	Uncertainty	Duration	Uncertainty	ReqTime	ReqDur

Nothing	cut	other				636728	1			0
Nothing	cut	other				641728	1			5000
Picture	20	other				646991	1	2226	1	0	2000
Picture	10	other				658609	1	2226	1	0	2000
Picture	10	other				670228	1	2227	1	0	2000
Picture	10	other				682847	1	2226	1	0	2000
Picture	20	other				696466	1	2226	1	0	2000
Picture	20	other				709084	1	2226	1	0	2000
Picture	20	other				721703	1	2227	1	0	2000
Picture	10	other				734322	1	2226	1	0	2000
Picture	20	other				745941	1	2226	1	0	2000
Picture	20	other				759559	1	2226	1	0	2000
Picture	10	other				771178	1	2226	1	0	2000
Picture	10	other				782796	1	2226	1	0	2000
Picture	20	other				796416	1	2226	1	0	2000
Picture	20	other				809034	1	2226	1	0	2000
Picture	10	other				820652	1	2226	1	0	2000
Picture	20	other				832271	1	2226	1	0	2000
Picture	10	other				843889	1	2226	1	0	2000
Picture	10	other				857508	1	2226	1	0	2000
Picture	10	other				869127	1	2226	1	0	2000
Picture	20	other				880745	1	2226	1	0	2000
Picture	10	other				892363	1	2226	1	0	2000
Picture	20	other				905982	1	2226	1	0	2000
Picture	10	other				918601	1	2226	1	0	2000
Picture	20	other				930220	1	2226	1	0	2000
Picture	10	other				942838	1	2226	1	0	2000
Picture	10	other				954457	1	2226	1	0	2000
Picture	20	other				968075	1	2226	1	0	2000
Picture	10	other				981694	1	2226	1	0	2000
Picture	20	other				994313	1	2226	1	0	2000
Picture	20	other				1007932	1	2226	1	0	2000
Picture	20	other				1019550	1	2226	1	0	2000
Picture	20	other				1031169	1	2226	1	0	2000
Picture	20	other				1044788	1	2226	1	0	2000
Picture	Bfix	other				1056407	1	150237	1	0	150000
Picture	10	other				1206644	1	2226	1	0	2000
Picture	10	other				1219263	1	2226	1	0	2000
Picture	20	other				1230882	1	2226	1	0	2000
Picture	20	other				1243501	1	2226	1	0	2000
Picture	10	other				1256119	1	2226	1	0	2000
Picture	20	other				1269738	1	2226	1	0	2000
Picture	10	other				1283356	1	2226	1	0	2000
Picture	20	other				1295975	1	2226	1	0	2000
Picture	10	other				1309594	1	2226	1	0	2000
Picture	10	other				1323213	1	2226	1	0	2000
Picture	20	other				1335832	1	2226	1	0	2000
Picture	20	other				1348450	1	2226	1	0	2000
Picture	10	other				1360069	1	2226	1	0	2000
Picture	10	other				1371688	1	2226	1	0	2000
Picture	20	other				1385306	1	2226	1	0	2000
Picture	10	other				1397925	1	2226	1	0	2000
Picture	20	other				1411543	1	2226	1	0	2000
Picture	20	other				1425162	1	2226	1	0	2000
Picture	10	other				1438781	1	2226	1	0	2000
Picture	20	other				1452399	1	2226	1	0	2000
Picture	10	other				1466022	1	2226	1	0	2000
Picture	20	other				1477641	1	2226	1	0	2000
Picture	20	other				1490259	1	2226	1	0	2000
Picture	10	other				1501878	1	2226	1	0	2000
Picture	20	other				1514496	1	2226	1	0	2000
Picture	20	other				1528115	1	2226	1	0	2000
Picture	20	other				1540734	1	2226	1	0	2000
Picture	10	other				1554352	1	2226	1	0	2000
Picture	20	other				1567971	1	2226	1	0	2000
Picture	10	other				1581589	1	2226	1	0	2000
Picture	20	other				1595208	1	2226	1	0	2000
Picture	20	other				1607826	1	2226	1	0	2000
Picture	10	other				1620444	1	2226	1	0	2000
Picture	Bfix	other				1634063	1	150232	1	0	150000
Picture	20	other				1784295	1	2226	1	0	2000
Picture	20	other				1795915	1	2226	1	0	2000
Picture	20	other				1807533	1	2226	1	0	2000
Picture	20	other				1820152	1	2226	1	0	2000
Picture	20	other				1831771	1	2226	1	0	2000
Picture	20	other				1845390	1	2227	1	0	2000
Picture	20	other				1859009	1	2226	1	0	2000
Picture	10	other				1871628	1	2226	1	0	2000
Picture	10	other				1883246	1	2226	1	0	2000
Picture	20	other				1896865	1	2227	1	0	2000
Picture	10	other				1909484	1	2226	1	0	2000
Picture	20	other				1923103	1	2226	1	0	2000
Picture	20	other				1935721	1	2226	1	0	2000
Picture	10	other				1949340	1	2226	1	0	2000
Picture	20	other				1961959	1	2226	1	0	2000
Picture	10	other				1973577	1	2226	1	0	2000
Picture	10	other				1985195	1	2226	1	0	2000
Picture	10	other				1996814	1	2226	1	0	2000
Picture	20	other				2009432	1	2226	1	0	2000
Picture	10	other				2022051	1	2226	1	0	2000
Picture	20	other				2035669	1	2226	1	0	2000
Picture	10	other				2047288	1	2226	1	0	2000
Picture	20	other				2058907	1	2226	1	0	2000
Picture	10	other				2071525	1	2226	1	0	2000
Picture	10	other				2085143	1	2226	1	0	2000
Picture	20	other				2098762	1	2226	1	0	2000
Picture	10	other				2110381	1	2226	1	0	2000
Picture	10	other				2124000	1	2226	1	0	2000
Picture	20	other				2135618	1	2226	1	0	2000
Picture	10	other				2148237	1	2226	1	0	2000
Picture	20	other				2161856	1	2226	1	0	2000
Picture	Bfix	other				2175474	1	150233	1	0	150000
Picture	20	other				2325707	1	2226	1	0	2000
Picture	10	other				2338326	1	2226	1	0	2000
Picture	20	other				2351944	1	2226	1	0	2000
Picture	10	other				2364563	1	2226	1	0	2000
Picture	20	other				2376181	1	2226	1	0	2000
Picture	20	other				2387800	1	2226	1	0	2000
Picture	20	other				2401419	1	2226	1	0	2000
Picture	10	other				2413037	1	2226	1	0	2000
Picture	10	other				2425656	1	2226	1	0	2000
Picture	20	other				2437274	1	2226	1	0	2000
Picture	20	other				2448893	1	2226	1	0	2000
Picture	10	other				2462511	1	2226	1	0	2000
Picture	20	other				2475130	1	2226	1	0	2000
Picture	20	other				2488749	1	2226	1	0	2000
Picture	10	other				2502368	1	2036	1	0	2000
Picture	20	other				2514796	1	2226	1	0	2000
Picture	20	other				2526414	1	2226	1	0	2000
Picture	10	other				2538033	1	2226	1	0	2000
Picture	20	other				2549652	1	2226	1	0	2000
Picture	20	other				2561270	1	2226	1	0	2000
Picture	10	other				2573889	1	2226	1	0	2000
Picture	20	other				2586507	1	2226	1	0	2000
Picture	20	other				2599126	1	2226	1	0	2000
Picture	20	other				2611744	1	2226	1	0	2000
Picture	10	other				2624362	1	2226	1	0	2000
Picture	10	other				2637982	1	2226	1	0	2000
Picture	20	other				2651600	1	2226	1	0	2000
Picture	10	other				2663219	1	2226	1	0	2000
Picture	20	other				2674838	1	2226	1	0	2000
Picture	10	other				2688457	1	2226	1	0	2000
Picture	20	other				2702075	1	2226	1	0	2000
Picture	20	other				2715694	1	2226	1	0	2000
Picture	Bfix	other				2727313	1	150226	1	0	150000
Picture	10	other				2877705	1	2227	1	0	2000
Picture	20	other				2889325	1	2226	1	0	2000
Picture	10	other				2902944	1	2226	1	0	2000
Picture	20	other				2914562	1	2226	1	0	2000
Picture	10	other				2927181	1	2226	1	0	2000
Picture	10	other				2939799	1	2226	1	0	2000
Picture	20	other				2951418	1	2226	1	0	2000
Picture	10	other				2965036	1	2226	1	0	2000
Picture	20	other				2976655	1	2226	1	0	2000
Picture	20	other				2988274	1	2226	1	0	2000
Picture	20	other				2999892	1	2226	1	0	2000
Picture	10	other				3013511	1	2226	1	0	2000
Picture	20	other				3027129	1	2226	1	0	2000
Picture	10	other				3040748	1	2226	1	0	2000
Picture	10	other				3052367	1	2227	1	0	2000
Picture	20	other				3063986	1	2226	1	0	2000
Picture	10	other				3076605	1	2226	1	0	2000
Picture	20	other				3088224	1	2226	1	0	2000
Picture	10	other				3099842	1	2226	1	0	2000
Picture	10	other				3113461	1	2226	1	0	2000
Picture	10	other				3126079	1	2226	1	0	2000
Picture	20	other				3137698	1	2226	1	0	2000
Picture	20	other				3150317	1	2226	1	0	2000
Picture	10	other				3161935	1	2226	1	0	2000
Picture	10	other				3173553	1	2226	1	0	2000
Picture	10	other				3185172	1	2226	1	0	2000
Picture	10	other				3196791	1	2226	1	0	2000
Picture	10	other				3210410	1	2226	1	0	2000
Picture	20	other				3222029	1	2226	1	0	2000
Picture	10	other				3234647	1	2226	1	0	2000
Picture	20	other				3248266	1	2226	1	0	2000
Picture	20	other				3259884	1	2226	1	0	2000
Picture	10	other				3272503	1	2226	1	0	2000
Picture	20	other				3285122	1	2226	1	0	2000
Picture	10	other				3298741	1	2226	1	0	2000
Picture	20	other				3311359	1	2226	1	0	2000
Picture	10	other				3324978	1	2226	1	0	2000
Picture	Suite	other				3338596	1	50226	1	0	50000
Picture	Bfix	other				3408823	1	60226	1	0	60000
