Scenario - loca_lec2
Logfile written - 01/09/2019 16:28:43

Subject	Trial	Event Type	Code	Time	TTime	Uncertainty	Duration	Uncertainty	ReqTime	ReqDur	Stim Type	Pair Index

sub-05_1	0	Pulse	255	635873	635873	0
sub-05_1	1	Nothing	cut	636102	0	1			0		other	0
sub-05_1	1	Nothing	cut	641102	5000	1			5000		other	0
sub-05_1	1	Nothing	cut	646102	10000	1			10000		other	0
sub-05_1	2	Picture	20	646360	0	1	2226	1	0	2000	other	0
sub-05_1	2	Pulse	255	655873	9513	0
sub-05_1	3	Picture	10	657978	0	1	2226	1	0	2000	other	0
sub-05_1	4	Picture	10	669597	0	1	2226	1	0	2000	other	0
sub-05_1	4	Pulse	255	675873	6276	0
sub-05_1	5	Picture	10	683216	0	1	2226	1	0	2000	other	0
sub-05_1	6	Picture	20	695835	0	1	2226	1	0	2000	other	0
sub-05_1	6	Pulse	255	695873	39	0
sub-05_1	7	Picture	20	709453	0	1	2226	1	0	2000	other	0
sub-05_1	7	Pulse	255	715873	6420	0
sub-05_1	8	Picture	20	723071	0	1	2226	1	0	2000	other	0
sub-05_1	9	Picture	10	735690	0	1	2226	1	0	2000	other	0
sub-05_1	9	Pulse	255	735873	183	0
sub-05_1	10	Picture	20	748309	0	1	2226	1	0	2000	other	0
sub-05_1	10	Pulse	255	755873	7565	0
sub-05_1	11	Picture	20	760927	0	1	2226	1	0	2000	other	0
sub-05_1	12	Picture	10	772546	0	1	2226	1	0	2000	other	0
sub-05_1	12	Pulse	255	775874	3328	0
sub-05_1	13	Picture	10	784165	0	1	2226	1	0	2000	other	0
sub-05_1	13	Pulse	255	795873	11708	0
sub-05_1	14	Picture	20	796784	0	1	2226	1	0	2000	other	0
sub-05_1	15	Picture	20	808402	0	1	2226	1	0	2000	other	0
sub-05_1	15	Pulse	255	815873	7471	0
sub-05_1	16	Picture	10	822021	0	1	2226	1	0	2000	other	0
sub-05_1	17	Picture	20	833639	0	1	2226	1	0	2000	other	0
sub-05_1	17	Pulse	255	835874	2235	0
sub-05_1	18	Picture	10	847233	0	1	2167	1	0	2000	other	0
sub-05_1	18	Pulse	255	855874	8640	0
sub-05_1	19	Picture	10	858794	0	1	2226	1	0	2000	other	0
sub-05_1	20	Picture	10	872412	0	1	2226	1	0	2000	other	0
sub-05_1	20	Pulse	255	875864	3451	0
sub-05_1	21	Picture	20	886031	0	1	2226	1	0	2000	other	0
sub-05_1	21	Pulse	255	895864	9833	0
sub-05_1	22	Picture	10	897650	0	1	2226	1	0	2000	other	0
sub-05_1	23	Picture	20	909268	0	1	2226	1	0	2000	other	0
sub-05_1	23	Pulse	255	915864	6596	0
sub-05_1	24	Picture	10	922887	0	1	2226	1	0	2000	other	0
sub-05_1	24	Pulse	255	935864	12977	0
sub-05_1	25	Picture	20	936505	0	1	2226	1	0	2000	other	0
sub-05_1	26	Picture	10	950124	0	1	2226	1	0	2000	other	0
sub-05_1	26	Pulse	255	955864	5740	0
sub-05_1	27	Picture	10	963743	0	1	2226	1	0	2000	other	0
sub-05_1	27	Pulse	255	975864	12120	0
sub-05_1	28	Picture	20	976362	0	1	2226	1	0	2000	other	0
sub-05_1	29	Picture	10	989980	0	1	2226	1	0	2000	other	0
sub-05_1	29	Pulse	255	995864	5884	0
sub-05_1	30	Picture	20	1001598	0	1	2226	1	0	2000	other	0
sub-05_1	31	Picture	20	1014217	0	1	2226	1	0	2000	other	0
sub-05_1	31	Pulse	255	1015864	1647	0
sub-05_1	32	Picture	20	1026835	0	1	2226	1	0	2000	other	0
sub-05_1	32	Pulse	255	1035864	9029	0
sub-05_1	33	Picture	20	1038453	0	1	2226	1	0	2000	other	0
sub-05_1	34	Picture	20	1052072	0	1	2226	1	0	2000	other	0
sub-05_1	34	Pulse	255	1055864	3792	0
sub-05_1	35	Picture	Bfix	1064691	0	1	150238	1	0	150000	other	0
sub-05_1	35	Pulse	255	1075864	11173	0
sub-05_1	35	Pulse	255	1095864	31173	0
sub-05_1	35	Pulse	255	1115864	51173	0
sub-05_1	35	Pulse	255	1135864	71173	0
sub-05_1	35	Pulse	255	1155865	91173	0
sub-05_1	35	Pulse	255	1175865	111174	0
sub-05_1	35	Pulse	255	1195865	131174	0
sub-05_1	36	Picture	10	1214929	0	1	2226	1	0	2000	other	0
sub-05_1	36	Pulse	255	1215865	936	0
sub-05_1	37	Picture	10	1228548	0	1	2226	1	0	2000	other	0
sub-05_1	37	Pulse	255	1235865	7317	0
sub-05_1	38	Picture	20	1240166	0	1	2226	1	0	2000	other	0
sub-05_1	39	Picture	20	1252806	0	1	2226	1	0	2000	other	0
sub-05_1	39	Pulse	255	1255864	3059	0
sub-05_1	40	Picture	10	1264424	0	1	2227	1	0	2000	other	0
sub-05_1	40	Pulse	255	1275865	11441	0
sub-05_1	41	Picture	20	1278043	0	1	2226	1	0	2000	other	0
sub-05_1	42	Picture	10	1289662	0	1	2226	1	0	2000	other	0
sub-05_1	42	Pulse	255	1295865	6203	0
sub-05_1	43	Picture	20	1303280	0	1	2226	1	0	2000	other	0
sub-05_1	43	Pulse	255	1315865	12585	0
sub-05_1	44	Picture	10	1315899	0	1	2226	1	0	2000	other	0
sub-05_1	45	Picture	10	1327518	0	1	2227	1	0	2000	other	0
sub-05_1	45	Pulse	255	1335865	8348	0
sub-05_1	46	Picture	20	1340137	0	1	2226	1	0	2000	other	0
sub-05_1	47	Picture	20	1352756	0	1	2226	1	0	2000	other	0
sub-05_1	47	Pulse	255	1355865	3110	0
sub-05_1	48	Picture	10	1366375	0	1	2226	1	0	2000	other	0
sub-05_1	48	Pulse	255	1375865	9491	0
sub-05_1	49	Picture	10	1377993	0	1	2226	1	0	2000	other	0
sub-05_1	50	Picture	20	1391612	0	1	2226	1	0	2000	other	0
sub-05_1	50	Pulse	255	1395865	4253	0
sub-05_1	51	Picture	10	1404231	0	1	2226	1	0	2000	other	0
sub-05_1	51	Pulse	255	1415865	11634	0
sub-05_1	52	Picture	20	1416849	0	1	2226	1	0	2000	other	0
sub-05_1	53	Picture	20	1430467	0	1	2226	1	0	2000	other	0
sub-05_1	53	Pulse	255	1435865	5398	0
sub-05_1	54	Picture	10	1443086	0	1	2226	1	0	2000	other	0
sub-05_1	54	Pulse	255	1455866	12780	0
sub-05_1	55	Picture	20	1456704	0	1	2226	1	0	2000	other	0
sub-05_1	56	Picture	10	1469322	0	1	2226	1	0	2000	other	0
sub-05_1	56	Pulse	255	1475865	6543	0
sub-05_1	57	Picture	20	1480941	0	1	2226	1	0	2000	other	0
sub-05_1	58	Picture	20	1493560	0	1	2226	1	0	2000	other	0
sub-05_1	58	Pulse	255	1495866	2306	0
sub-05_1	59	Picture	10	1507179	0	1	2226	1	0	2000	other	0
sub-05_1	59	Pulse	255	1515865	8687	0
sub-05_1	60	Picture	20	1518797	0	1	2226	1	0	2000	other	0
sub-05_1	61	Picture	20	1530416	0	1	2226	1	0	2000	other	0
sub-05_1	61	Pulse	255	1535866	5450	0
sub-05_1	62	Picture	20	1542034	0	1	2226	1	0	2000	other	0
sub-05_1	63	Picture	10	1553653	0	1	2226	1	0	2000	other	0
sub-05_1	63	Pulse	255	1555866	2213	0
sub-05_1	64	Picture	20	1566272	0	1	2226	1	0	2000	other	0
sub-05_1	64	Pulse	255	1575866	9594	0
sub-05_1	65	Picture	10	1579891	0	1	2226	1	0	2000	other	0
sub-05_1	66	Picture	20	1593509	0	1	2226	1	0	2000	other	0
sub-05_1	66	Pulse	255	1595866	2357	0
sub-05_1	67	Picture	20	1607127	0	1	2226	1	0	2000	other	0
sub-05_1	67	Pulse	255	1615866	8739	0
sub-05_1	68	Picture	10	1620746	0	1	2226	1	0	2000	other	0
sub-05_1	69	Picture	Bfix	1634364	0	1	150232	1	0	150000	other	0
sub-05_1	69	Pulse	255	1635866	1502	0
sub-05_1	69	Pulse	255	1655866	21502	0
sub-05_1	69	Pulse	255	1675866	41502	0
sub-05_1	69	Pulse	255	1695866	61502	0
sub-05_1	69	Pulse	255	1715866	81502	0
sub-05_1	69	Pulse	255	1735866	101502	0
sub-05_1	69	Pulse	255	1755867	121502	0
sub-05_1	69	Pulse	255	1775866	141502	0
sub-05_1	70	Picture	20	1784596	0	1	2226	1	0	2000	other	0
sub-05_1	70	Pulse	255	1795866	11270	0
sub-05_1	71	Picture	20	1798215	0	1	2226	1	0	2000	other	0
sub-05_1	72	Picture	20	1811834	0	1	2226	1	0	2000	other	0
sub-05_1	72	Pulse	255	1815867	4033	0
sub-05_1	73	Picture	20	1824452	0	1	2226	1	0	2000	other	0
sub-05_1	73	Pulse	255	1835867	11414	0
sub-05_1	74	Picture	20	1838071	0	1	2226	1	0	2000	other	0
sub-05_1	75	Picture	20	1849690	0	1	2226	1	0	2000	other	0
sub-05_1	75	Pulse	255	1855866	6176	0
sub-05_1	76	Picture	20	1863308	0	1	2226	1	0	2000	other	0
sub-05_1	76	Pulse	255	1875867	12558	0
sub-05_1	77	Picture	10	1876855	0	1	2226	1	0	2000	other	0
sub-05_1	78	Picture	10	1888474	0	1	2226	1	0	2000	other	0
sub-05_1	78	Pulse	255	1895867	7393	0
sub-05_1	79	Picture	20	1902092	0	1	2226	1	0	2000	other	0
sub-05_1	80	Picture	10	1913711	0	1	2226	1	0	2000	other	0
sub-05_1	80	Pulse	255	1915866	2155	0
sub-05_1	81	Picture	20	1927330	0	1	2226	1	0	2000	other	0
sub-05_1	81	Pulse	255	1935867	8537	0
sub-05_1	82	Picture	20	1940949	0	1	2226	1	0	2000	other	0
sub-05_1	83	Picture	10	1953567	0	1	2226	1	0	2000	other	0
sub-05_1	83	Pulse	255	1955867	2299	0
sub-05_1	84	Picture	20	1967186	0	1	2226	1	0	2000	other	0
sub-05_1	84	Pulse	255	1975867	8681	0
sub-05_1	85	Picture	10	1979804	0	1	2226	1	0	2000	other	0
sub-05_1	86	Picture	10	1991423	0	1	2226	1	0	2000	other	0
sub-05_1	86	Pulse	255	1995866	4444	0
sub-05_1	87	Picture	10	2004041	0	1	2226	1	0	2000	other	0
sub-05_1	87	Pulse	255	2015867	11826	0
sub-05_1	88	Picture	20	2016660	0	1	2226	1	0	2000	other	0
sub-05_1	89	Picture	10	2030279	0	1	2226	1	0	2000	other	0
sub-05_1	89	Pulse	255	2035867	5588	0
sub-05_1	90	Picture	20	2043897	0	1	2226	1	0	2000	other	0
sub-05_1	90	Pulse	255	2055867	11970	0
sub-05_1	91	Picture	10	2057516	0	1	2226	1	0	2000	other	0
sub-05_1	92	Picture	20	2071134	0	1	2226	1	0	2000	other	0
sub-05_1	92	Pulse	255	2075867	4733	0
sub-05_1	93	Picture	10	2084753	0	1	2226	1	0	2000	other	0
sub-05_1	93	Pulse	255	2095867	11115	0
sub-05_1	94	Picture	10	2096371	0	1	2226	1	0	2000	other	0
sub-05_1	95	Picture	20	2108990	0	1	2226	1	0	2000	other	0
sub-05_1	95	Pulse	255	2115868	6878	0
sub-05_1	96	Picture	10	2121608	0	1	2226	1	0	2000	other	0
sub-05_1	97	Picture	10	2133226	0	1	2226	1	0	2000	other	0
sub-05_1	97	Pulse	255	2135867	2641	0
sub-05_1	98	Picture	20	2144845	0	1	2226	1	0	2000	other	0
sub-05_1	98	Pulse	255	2155867	11023	0
sub-05_1	99	Picture	10	2156464	0	1	2227	1	0	2000	other	0
sub-05_1	100	Picture	20	2169083	0	1	2226	1	0	2000	other	0
sub-05_1	100	Pulse	255	2175867	6784	0
sub-05_1	101	Picture	Bfix	2180702	0	1	150235	1	0	150000	other	0
sub-05_1	101	Pulse	255	2195868	15166	0
sub-05_1	101	Pulse	255	2215867	35166	0
sub-05_1	101	Pulse	255	2235868	55166	0
sub-05_1	101	Pulse	255	2255867	75166	0
sub-05_1	101	Pulse	255	2275868	95166	0
sub-05_1	101	Pulse	255	2295868	115166	0
sub-05_1	101	Pulse	255	2315868	135166	0
sub-05_1	102	Picture	20	2330936	0	1	2226	1	0	2000	other	0
sub-05_1	102	Pulse	255	2335868	4932	0
sub-05_1	103	Picture	10	2342555	0	1	2226	1	0	2000	other	0
sub-05_1	104	Picture	20	2355174	0	1	2226	1	0	2000	other	0
sub-05_1	104	Pulse	255	2355868	694	0
sub-05_1	105	Picture	10	2368793	0	1	2226	1	0	2000	other	0
sub-05_1	105	Pulse	255	2375868	7075	0
sub-05_1	106	Picture	20	2380412	0	1	2227	1	0	2000	other	0
sub-05_1	107	Picture	20	2392031	0	1	2226	1	0	2000	other	0
sub-05_1	107	Pulse	255	2395868	3837	0
sub-05_1	108	Picture	20	2403650	0	1	2226	1	0	2000	other	0
sub-05_1	108	Pulse	255	2415868	12218	0
sub-05_1	109	Picture	10	2417269	0	1	2226	1	0	2000	other	0
sub-05_1	110	Picture	10	2428888	0	1	2226	1	0	2000	other	0
sub-05_1	110	Pulse	255	2435868	6981	0
sub-05_1	111	Picture	20	2442507	0	1	2226	1	0	2000	other	0
sub-05_1	112	Picture	20	2455125	0	1	2226	1	0	2000	other	0
sub-05_1	112	Pulse	255	2455859	734	0
sub-05_1	113	Picture	10	2466744	0	1	2226	1	0	2000	other	0
sub-05_1	113	Pulse	255	2475859	9115	0
sub-05_1	114	Picture	20	2480362	0	1	2226	1	0	2000	other	0
sub-05_1	115	Picture	20	2493980	0	1	2226	1	0	2000	other	0
sub-05_1	115	Pulse	255	2495859	1878	0
sub-05_1	116	Picture	10	2507600	0	1	2226	1	0	2000	other	0
sub-05_1	116	Pulse	255	2515858	8259	0
sub-05_1	117	Picture	20	2519218	0	1	2226	1	0	2000	other	0
sub-05_1	118	Picture	20	2531836	0	1	2226	1	0	2000	other	0
sub-05_1	118	Pulse	255	2535859	4022	0
sub-05_1	119	Picture	10	2544455	0	1	2227	1	0	2000	other	0
sub-05_1	119	Pulse	255	2555858	11403	0
sub-05_1	120	Picture	20	2557074	0	1	2226	1	0	2000	other	0
sub-05_1	121	Picture	20	2568693	0	1	2226	1	0	2000	other	0
sub-05_1	121	Pulse	255	2575859	7166	0
sub-05_1	122	Picture	10	2582312	0	1	2226	1	0	2000	other	0
sub-05_1	123	Picture	20	2594931	0	1	2226	1	0	2000	other	0
sub-05_1	123	Pulse	255	2595859	929	0
sub-05_1	124	Picture	20	2607549	0	1	2226	1	0	2000	other	0
sub-05_1	124	Pulse	255	2615859	8310	0
sub-05_1	125	Picture	20	2621168	0	1	2226	1	0	2000	other	0
sub-05_1	126	Picture	10	2634786	0	1	2226	1	0	2000	other	0
sub-05_1	126	Pulse	255	2635859	1073	0
sub-05_1	127	Picture	10	2646405	0	1	2226	1	0	2000	other	0
sub-05_1	127	Pulse	255	2655859	9454	0
sub-05_1	128	Picture	20	2658023	0	1	2226	1	0	2000	other	0
sub-05_1	129	Picture	10	2670642	0	1	2227	1	0	2000	other	0
sub-05_1	129	Pulse	255	2675859	5217	0
sub-05_1	130	Picture	20	2682261	0	1	2226	1	0	2000	other	0
sub-05_1	130	Pulse	255	2695859	13598	0
sub-05_1	131	Picture	10	2695880	0	1	2226	1	0	2000	other	0
sub-05_1	132	Picture	20	2707498	0	1	2226	1	0	2000	other	0
sub-05_1	132	Pulse	255	2715859	8361	0
sub-05_1	133	Picture	20	2720117	0	1	2226	1	0	2000	other	0
sub-05_1	134	Picture	Bfix	2731736	0	1	150226	1	0	150000	other	0
sub-05_1	134	Pulse	255	2735859	4124	0
sub-05_1	134	Pulse	255	2755859	24124	0
sub-05_1	134	Pulse	255	2775860	44124	0
sub-05_1	134	Pulse	255	2795859	64124	0
sub-05_1	134	Pulse	255	2815860	84124	0
sub-05_1	134	Pulse	255	2835860	104124	0
sub-05_1	134	Pulse	255	2855859	124124	0
sub-05_1	134	Pulse	255	2875859	144124	0
sub-05_1	135	Picture	10	2882128	0	1	2226	1	0	2000	other	0
sub-05_1	136	Picture	20	2894747	0	1	2226	1	0	2000	other	0
sub-05_1	136	Pulse	255	2895859	1113	0
sub-05_1	137	Picture	10	2906366	0	1	2226	1	0	2000	other	0
sub-05_1	137	Pulse	255	2915860	9494	0
sub-05_1	138	Picture	20	2917984	0	1	2226	1	0	2000	other	0
sub-05_1	139	Picture	10	2931603	0	1	2226	1	0	2000	other	0
sub-05_1	139	Pulse	255	2935860	4257	0
sub-05_1	140	Picture	10	2945221	0	1	2226	1	0	2000	other	0
sub-05_1	140	Pulse	255	2955859	10638	0
sub-05_1	141	Picture	20	2956841	0	1	2226	1	0	2000	other	0
sub-05_1	142	Picture	10	2970459	0	1	2226	1	0	2000	other	0
sub-05_1	142	Pulse	255	2975860	5401	0
sub-05_1	143	Picture	20	2982078	0	1	2226	1	0	2000	other	0
sub-05_1	144	Picture	20	2993696	0	1	2226	1	0	2000	other	0
sub-05_1	144	Pulse	255	2995860	2164	0
sub-05_1	145	Picture	20	3005315	0	1	2226	1	0	2000	other	0
sub-05_1	145	Pulse	255	3015860	10545	0
sub-05_1	146	Picture	10	3017934	0	1	2226	1	0	2000	other	0
sub-05_1	147	Picture	20	3030553	0	1	2226	1	0	2000	other	0
sub-05_1	147	Pulse	255	3035860	5308	0
sub-05_1	148	Picture	10	3044171	0	1	2226	1	0	2000	other	0
sub-05_1	148	Pulse	255	3055860	11689	0
sub-05_1	149	Picture	10	3057790	0	1	2226	1	0	2000	other	0
sub-05_1	150	Picture	20	3069409	0	1	2226	1	0	2000	other	0
sub-05_1	150	Pulse	255	3075860	6452	0
sub-05_1	151	Picture	10	3083027	0	1	2226	1	0	2000	other	0
sub-05_1	151	Pulse	255	3095860	12833	0
sub-05_1	152	Picture	20	3096646	0	1	2226	1	0	2000	other	0
sub-05_1	153	Picture	10	3109264	0	1	2226	1	0	2000	other	0
sub-05_1	153	Pulse	255	3115860	6596	0
sub-05_1	154	Picture	10	3122883	0	1	2226	1	0	2000	other	0
sub-05_1	154	Pulse	255	3135861	12977	0
sub-05_1	155	Picture	10	3136502	0	1	2226	1	0	2000	other	0
sub-05_1	156	Picture	20	3148120	0	1	2226	1	0	2000	other	0
sub-05_1	156	Pulse	255	3155861	7740	0
sub-05_1	157	Picture	20	3160739	0	1	2226	1	0	2000	other	0
sub-05_1	158	Picture	10	3174358	0	1	2226	1	0	2000	other	0
sub-05_1	158	Pulse	255	3175861	1503	0
sub-05_1	159	Picture	10	3187976	0	1	2226	1	0	2000	other	0
sub-05_1	159	Pulse	255	3195861	7885	0
sub-05_1	160	Picture	10	3200595	0	1	2226	1	0	2000	other	0
sub-05_1	161	Picture	10	3213213	0	1	2226	1	0	2000	other	0
sub-05_1	161	Pulse	255	3215861	2648	0
sub-05_1	162	Picture	10	3224832	0	1	2226	1	0	2000	other	0
sub-05_1	162	Pulse	255	3235861	11028	0
sub-05_1	163	Picture	20	3236452	0	1	2226	1	0	2000	other	0
sub-05_1	164	Picture	10	3248070	0	1	2226	1	0	2000	other	0
sub-05_1	164	Pulse	255	3255861	7791	0
sub-05_1	165	Picture	20	3259689	0	1	2226	1	0	2000	other	0
sub-05_1	166	Picture	20	3273308	0	1	2226	1	0	2000	other	0
sub-05_1	166	Pulse	255	3275861	2553	0
sub-05_1	167	Picture	10	3284927	0	1	2226	1	0	2000	other	0
sub-05_1	167	Pulse	255	3295861	10934	0
sub-05_1	168	Picture	20	3297545	0	1	2226	1	0	2000	other	0
sub-05_1	169	Picture	10	3311163	0	1	2226	1	0	2000	other	0
sub-05_1	169	Pulse	255	3315861	4698	0
sub-05_1	170	Picture	20	3322782	0	1	2226	1	0	2000	other	0
sub-05_1	171	Picture	10	3334401	0	1	2226	1	0	2000	other	0
sub-05_1	171	Pulse	255	3335861	1460	0
sub-05_1	172	Picture	Suite	3348020	0	1	50226	1	0	50000	other	0
sub-05_1	172	Pulse	255	3355861	7841	0
sub-05_1	172	Pulse	255	3375861	27841	0
sub-05_1	172	Pulse	255	3395861	47841	0
sub-05_1	172	Pulse	255	3415861	67841	0
sub-05_1	173	Picture	Bfix	3418247	0	1	60226	1	0	60000	other	0
sub-05_1	173	Pulse	255	3435861	17614	0
sub-05_1	173	Pulse	255	3455861	37614	0
sub-05_1	173	Pulse	255	3475861	57615	0


Event Type	Code	Type	Response	RT	RT Uncertainty	Time	Uncertainty	Duration	Uncertainty	ReqTime	ReqDur

Nothing	cut	other				636102	1			0
Nothing	cut	other				641102	1			5000
Nothing	cut	other				646102	1			10000
Picture	20	other				646360	1	2226	1	0	2000
Picture	10	other				657978	1	2226	1	0	2000
Picture	10	other				669597	1	2226	1	0	2000
Picture	10	other				683216	1	2226	1	0	2000
Picture	20	other				695835	1	2226	1	0	2000
Picture	20	other				709453	1	2226	1	0	2000
Picture	20	other				723071	1	2226	1	0	2000
Picture	10	other				735690	1	2226	1	0	2000
Picture	20	other				748309	1	2226	1	0	2000
Picture	20	other				760927	1	2226	1	0	2000
Picture	10	other				772546	1	2226	1	0	2000
Picture	10	other				784165	1	2226	1	0	2000
Picture	20	other				796784	1	2226	1	0	2000
Picture	20	other				808402	1	2226	1	0	2000
Picture	10	other				822021	1	2226	1	0	2000
Picture	20	other				833639	1	2226	1	0	2000
Picture	10	other				847233	1	2167	1	0	2000
Picture	10	other				858794	1	2226	1	0	2000
Picture	10	other				872412	1	2226	1	0	2000
Picture	20	other				886031	1	2226	1	0	2000
Picture	10	other				897650	1	2226	1	0	2000
Picture	20	other				909268	1	2226	1	0	2000
Picture	10	other				922887	1	2226	1	0	2000
Picture	20	other				936505	1	2226	1	0	2000
Picture	10	other				950124	1	2226	1	0	2000
Picture	10	other				963743	1	2226	1	0	2000
Picture	20	other				976362	1	2226	1	0	2000
Picture	10	other				989980	1	2226	1	0	2000
Picture	20	other				1001598	1	2226	1	0	2000
Picture	20	other				1014217	1	2226	1	0	2000
Picture	20	other				1026835	1	2226	1	0	2000
Picture	20	other				1038453	1	2226	1	0	2000
Picture	20	other				1052072	1	2226	1	0	2000
Picture	Bfix	other				1064691	1	150238	1	0	150000
Picture	10	other				1214929	1	2226	1	0	2000
Picture	10	other				1228548	1	2226	1	0	2000
Picture	20	other				1240166	1	2226	1	0	2000
Picture	20	other				1252806	1	2226	1	0	2000
Picture	10	other				1264424	1	2227	1	0	2000
Picture	20	other				1278043	1	2226	1	0	2000
Picture	10	other				1289662	1	2226	1	0	2000
Picture	20	other				1303280	1	2226	1	0	2000
Picture	10	other				1315899	1	2226	1	0	2000
Picture	10	other				1327518	1	2227	1	0	2000
Picture	20	other				1340137	1	2226	1	0	2000
Picture	20	other				1352756	1	2226	1	0	2000
Picture	10	other				1366375	1	2226	1	0	2000
Picture	10	other				1377993	1	2226	1	0	2000
Picture	20	other				1391612	1	2226	1	0	2000
Picture	10	other				1404231	1	2226	1	0	2000
Picture	20	other				1416849	1	2226	1	0	2000
Picture	20	other				1430467	1	2226	1	0	2000
Picture	10	other				1443086	1	2226	1	0	2000
Picture	20	other				1456704	1	2226	1	0	2000
Picture	10	other				1469322	1	2226	1	0	2000
Picture	20	other				1480941	1	2226	1	0	2000
Picture	20	other				1493560	1	2226	1	0	2000
Picture	10	other				1507179	1	2226	1	0	2000
Picture	20	other				1518797	1	2226	1	0	2000
Picture	20	other				1530416	1	2226	1	0	2000
Picture	20	other				1542034	1	2226	1	0	2000
Picture	10	other				1553653	1	2226	1	0	2000
Picture	20	other				1566272	1	2226	1	0	2000
Picture	10	other				1579891	1	2226	1	0	2000
Picture	20	other				1593509	1	2226	1	0	2000
Picture	20	other				1607127	1	2226	1	0	2000
Picture	10	other				1620746	1	2226	1	0	2000
Picture	Bfix	other				1634364	1	150232	1	0	150000
Picture	20	other				1784596	1	2226	1	0	2000
Picture	20	other				1798215	1	2226	1	0	2000
Picture	20	other				1811834	1	2226	1	0	2000
Picture	20	other				1824452	1	2226	1	0	2000
Picture	20	other				1838071	1	2226	1	0	2000
Picture	20	other				1849690	1	2226	1	0	2000
Picture	20	other				1863308	1	2226	1	0	2000
Picture	10	other				1876855	1	2226	1	0	2000
Picture	10	other				1888474	1	2226	1	0	2000
Picture	20	other				1902092	1	2226	1	0	2000
Picture	10	other				1913711	1	2226	1	0	2000
Picture	20	other				1927330	1	2226	1	0	2000
Picture	20	other				1940949	1	2226	1	0	2000
Picture	10	other				1953567	1	2226	1	0	2000
Picture	20	other				1967186	1	2226	1	0	2000
Picture	10	other				1979804	1	2226	1	0	2000
Picture	10	other				1991423	1	2226	1	0	2000
Picture	10	other				2004041	1	2226	1	0	2000
Picture	20	other				2016660	1	2226	1	0	2000
Picture	10	other				2030279	1	2226	1	0	2000
Picture	20	other				2043897	1	2226	1	0	2000
Picture	10	other				2057516	1	2226	1	0	2000
Picture	20	other				2071134	1	2226	1	0	2000
Picture	10	other				2084753	1	2226	1	0	2000
Picture	10	other				2096371	1	2226	1	0	2000
Picture	20	other				2108990	1	2226	1	0	2000
Picture	10	other				2121608	1	2226	1	0	2000
Picture	10	other				2133226	1	2226	1	0	2000
Picture	20	other				2144845	1	2226	1	0	2000
Picture	10	other				2156464	1	2227	1	0	2000
Picture	20	other				2169083	1	2226	1	0	2000
Picture	Bfix	other				2180702	1	150235	1	0	150000
Picture	20	other				2330936	1	2226	1	0	2000
Picture	10	other				2342555	1	2226	1	0	2000
Picture	20	other				2355174	1	2226	1	0	2000
Picture	10	other				2368793	1	2226	1	0	2000
Picture	20	other				2380412	1	2227	1	0	2000
Picture	20	other				2392031	1	2226	1	0	2000
Picture	20	other				2403650	1	2226	1	0	2000
Picture	10	other				2417269	1	2226	1	0	2000
Picture	10	other				2428888	1	2226	1	0	2000
Picture	20	other				2442507	1	2226	1	0	2000
Picture	20	other				2455125	1	2226	1	0	2000
Picture	10	other				2466744	1	2226	1	0	2000
Picture	20	other				2480362	1	2226	1	0	2000
Picture	20	other				2493980	1	2226	1	0	2000
Picture	10	other				2507600	1	2226	1	0	2000
Picture	20	other				2519218	1	2226	1	0	2000
Picture	20	other				2531836	1	2226	1	0	2000
Picture	10	other				2544455	1	2227	1	0	2000
Picture	20	other				2557074	1	2226	1	0	2000
Picture	20	other				2568693	1	2226	1	0	2000
Picture	10	other				2582312	1	2226	1	0	2000
Picture	20	other				2594931	1	2226	1	0	2000
Picture	20	other				2607549	1	2226	1	0	2000
Picture	20	other				2621168	1	2226	1	0	2000
Picture	10	other				2634786	1	2226	1	0	2000
Picture	10	other				2646405	1	2226	1	0	2000
Picture	20	other				2658023	1	2226	1	0	2000
Picture	10	other				2670642	1	2227	1	0	2000
Picture	20	other				2682261	1	2226	1	0	2000
Picture	10	other				2695880	1	2226	1	0	2000
Picture	20	other				2707498	1	2226	1	0	2000
Picture	20	other				2720117	1	2226	1	0	2000
Picture	Bfix	other				2731736	1	150226	1	0	150000
Picture	10	other				2882128	1	2226	1	0	2000
Picture	20	other				2894747	1	2226	1	0	2000
Picture	10	other				2906366	1	2226	1	0	2000
Picture	20	other				2917984	1	2226	1	0	2000
Picture	10	other				2931603	1	2226	1	0	2000
Picture	10	other				2945221	1	2226	1	0	2000
Picture	20	other				2956841	1	2226	1	0	2000
Picture	10	other				2970459	1	2226	1	0	2000
Picture	20	other				2982078	1	2226	1	0	2000
Picture	20	other				2993696	1	2226	1	0	2000
Picture	20	other				3005315	1	2226	1	0	2000
Picture	10	other				3017934	1	2226	1	0	2000
Picture	20	other				3030553	1	2226	1	0	2000
Picture	10	other				3044171	1	2226	1	0	2000
Picture	10	other				3057790	1	2226	1	0	2000
Picture	20	other				3069409	1	2226	1	0	2000
Picture	10	other				3083027	1	2226	1	0	2000
Picture	20	other				3096646	1	2226	1	0	2000
Picture	10	other				3109264	1	2226	1	0	2000
Picture	10	other				3122883	1	2226	1	0	2000
Picture	10	other				3136502	1	2226	1	0	2000
Picture	20	other				3148120	1	2226	1	0	2000
Picture	20	other				3160739	1	2226	1	0	2000
Picture	10	other				3174358	1	2226	1	0	2000
Picture	10	other				3187976	1	2226	1	0	2000
Picture	10	other				3200595	1	2226	1	0	2000
Picture	10	other				3213213	1	2226	1	0	2000
Picture	10	other				3224832	1	2226	1	0	2000
Picture	20	other				3236452	1	2226	1	0	2000
Picture	10	other				3248070	1	2226	1	0	2000
Picture	20	other				3259689	1	2226	1	0	2000
Picture	20	other				3273308	1	2226	1	0	2000
Picture	10	other				3284927	1	2226	1	0	2000
Picture	20	other				3297545	1	2226	1	0	2000
Picture	10	other				3311163	1	2226	1	0	2000
Picture	20	other				3322782	1	2226	1	0	2000
Picture	10	other				3334401	1	2226	1	0	2000
Picture	Suite	other				3348020	1	50226	1	0	50000
Picture	Bfix	other				3418247	1	60226	1	0	60000
