Scenario - loca_lec2
Logfile written - 07/16/2018 14:02:58

Subject	Trial	Event Type	Code	Time	TTime	Uncertainty	Duration	Uncertainty	ReqTime	ReqDur	Stim Type	Pair Index

sub-06_1	0	Pulse	255	567638	567638	0
sub-06_1	1	Nothing	cut	567866	0	1			0		other	0
sub-06_1	1	Nothing	cut	572866	5000	1			5000		other	0
sub-06_1	1	Nothing	cut	577866	10000	1			10000		other	0
sub-06_1	2	Picture	20	578126	0	1	2226	1	0	2000	other	0
sub-06_1	2	Pulse	255	587639	9513	0
sub-06_1	3	Picture	10	590744	0	1	2226	1	0	2000	other	0
sub-06_1	4	Picture	10	603362	0	1	2226	1	0	2000	other	0
sub-06_1	4	Pulse	255	607638	4276	0
sub-06_1	5	Picture	10	615980	0	1	2226	1	0	2000	other	0
sub-06_1	6	Picture	20	627599	0	1	2226	1	0	2000	other	0
sub-06_1	6	Pulse	255	627640	41	0
sub-06_1	7	Picture	20	641217	0	1	2226	1	0	2000	other	0
sub-06_1	7	Pulse	255	647639	6422	0
sub-06_1	8	Picture	20	654835	0	1	2226	1	0	2000	other	0
sub-06_1	9	Picture	10	667454	0	1	2226	1	0	2000	other	0
sub-06_1	9	Pulse	255	667640	186	0
sub-06_1	10	Picture	20	679072	0	1	2226	1	0	2000	other	0
sub-06_1	10	Pulse	255	687639	8567	0
sub-06_1	11	Picture	20	690690	0	1	2226	1	0	2000	other	0
sub-06_1	12	Picture	10	704308	0	1	2226	1	0	2000	other	0
sub-06_1	12	Pulse	255	707639	3330	0
sub-06_1	13	Picture	10	717927	0	1	2226	1	0	2000	other	0
sub-06_1	13	Pulse	255	727639	9711	0
sub-06_1	14	Picture	20	730545	0	1	2226	1	0	2000	other	0
sub-06_1	15	Picture	20	743164	0	1	2226	1	0	2000	other	0
sub-06_1	15	Pulse	255	747639	4475	0
sub-06_1	16	Picture	10	756782	0	1	2226	1	0	2000	other	0
sub-06_1	16	Pulse	255	767640	10858	0
sub-06_1	17	Picture	20	768401	0	1	2225	1	0	2000	other	0
sub-06_1	18	Picture	10	782019	0	1	2230	1	0	2000	other	0
sub-06_1	18	Pulse	255	787640	5621	0
sub-06_1	19	Picture	10	794641	0	1	2226	1	0	2000	other	0
sub-06_1	20	Picture	10	807259	0	1	2226	1	0	2000	other	0
sub-06_1	20	Pulse	255	807639	380	0
sub-06_1	21	Picture	20	818878	0	1	2226	1	0	2000	other	0
sub-06_1	21	Pulse	255	827640	8762	0
sub-06_1	22	Picture	10	830496	0	1	2226	1	0	2000	other	0
sub-06_1	23	Picture	20	844114	0	1	2226	1	0	2000	other	0
sub-06_1	23	Pulse	255	847639	3525	0
sub-06_1	24	Picture	10	856732	0	1	2226	1	0	2000	other	0
sub-06_1	24	Pulse	255	867640	10908	0
sub-06_1	25	Picture	20	869351	0	1	2226	1	0	2000	other	0
sub-06_1	26	Picture	10	882969	0	1	2226	1	0	2000	other	0
sub-06_1	26	Pulse	255	887639	4671	0
sub-06_1	27	Picture	10	896587	0	1	2226	1	0	2000	other	0
sub-06_1	27	Pulse	255	907639	11052	0
sub-06_1	28	Picture	20	909205	0	1	2226	1	0	2000	other	0
sub-06_1	29	Picture	10	920823	0	1	2226	1	0	2000	other	0
sub-06_1	29	Pulse	255	927639	6816	0
sub-06_1	30	Picture	20	932441	0	1	2226	1	0	2000	other	0
sub-06_1	31	Picture	20	945060	0	1	2226	1	0	2000	other	0
sub-06_1	31	Pulse	255	947640	2581	0
sub-06_1	32	Picture	20	957678	0	1	2226	1	0	2000	other	0
sub-06_1	32	Pulse	255	967639	9961	0
sub-06_1	33	Picture	20	969296	0	1	2226	1	0	2000	other	0
sub-06_1	34	Picture	20	980915	0	1	2226	1	0	2000	other	0
sub-06_1	34	Pulse	255	987640	6725	0
sub-06_1	35	Picture	Bfix	994533	0	1	150239	1	0	150000	other	0
sub-06_1	35	Pulse	255	1007640	13107	0
sub-06_1	35	Pulse	255	1027639	33107	0
sub-06_1	35	Pulse	255	1047640	53107	0
sub-06_1	35	Pulse	255	1067639	73107	0
sub-06_1	35	Pulse	255	1087640	93107	0
sub-06_1	35	Pulse	255	1107641	113108	0
sub-06_1	35	Pulse	255	1127640	133108	0
sub-06_1	36	Picture	10	1144772	0	1	2226	1	0	2000	other	0
sub-06_1	36	Pulse	255	1147640	2868	0
sub-06_1	37	Picture	10	1158390	0	1	2226	1	0	2000	other	0
sub-06_1	37	Pulse	255	1167641	9251	0
sub-06_1	38	Picture	20	1172008	0	1	2226	1	0	2000	other	0
sub-06_1	39	Picture	20	1184626	0	1	2226	1	0	2000	other	0
sub-06_1	39	Pulse	255	1187639	3013	0
sub-06_1	40	Picture	10	1198245	0	1	2226	1	0	2000	other	0
sub-06_1	40	Pulse	255	1207641	9396	0
sub-06_1	41	Picture	20	1210863	0	1	2226	1	0	2000	other	0
sub-06_1	42	Picture	10	1222481	0	1	2227	1	0	2000	other	0
sub-06_1	42	Pulse	255	1227640	5159	0
sub-06_1	43	Picture	20	1234100	0	1	2226	1	0	2000	other	0
sub-06_1	44	Picture	10	1246718	0	1	2226	1	0	2000	other	0
sub-06_1	44	Pulse	255	1247641	922	0
sub-06_1	45	Picture	10	1259337	0	1	2226	1	0	2000	other	0
sub-06_1	45	Pulse	255	1267641	8304	0
sub-06_1	46	Picture	20	1272955	0	1	2226	1	0	2000	other	0
sub-06_1	47	Picture	20	1285573	0	1	2226	1	0	2000	other	0
sub-06_1	47	Pulse	255	1287650	2077	0
sub-06_1	48	Picture	10	1297192	0	1	2226	1	0	2000	other	0
sub-06_1	48	Pulse	255	1307641	10450	0
sub-06_1	49	Picture	10	1308810	0	1	2226	1	0	2000	other	0
sub-06_1	50	Picture	20	1321428	0	1	2226	1	0	2000	other	0
sub-06_1	50	Pulse	255	1327640	6212	0
sub-06_1	51	Picture	10	1334046	0	1	2226	1	0	2000	other	0
sub-06_1	51	Pulse	255	1347641	13595	0
sub-06_1	52	Picture	20	1347665	0	1	2226	1	0	2000	other	0
sub-06_1	53	Picture	20	1359283	0	1	2226	1	0	2000	other	0
sub-06_1	53	Pulse	255	1367641	8358	0
sub-06_1	54	Picture	10	1371901	0	1	2226	1	0	2000	other	0
sub-06_1	55	Picture	20	1384519	0	1	2226	1	0	2000	other	0
sub-06_1	55	Pulse	255	1387631	3111	0
sub-06_1	56	Picture	10	1397138	0	1	2226	1	0	2000	other	0
sub-06_1	56	Pulse	255	1407630	10493	0
sub-06_1	57	Picture	20	1408756	0	1	2226	1	0	2000	other	0
sub-06_1	58	Picture	20	1420375	0	1	2226	1	0	2000	other	0
sub-06_1	58	Pulse	255	1427631	7257	0
sub-06_1	59	Picture	10	1433993	0	1	2226	1	0	2000	other	0
sub-06_1	60	Picture	20	1446611	0	1	2226	1	0	2000	other	0
sub-06_1	60	Pulse	255	1447631	1021	0
sub-06_1	61	Picture	20	1460229	0	1	2226	1	0	2000	other	0
sub-06_1	61	Pulse	255	1467630	7401	0
sub-06_1	62	Picture	20	1473847	0	1	2226	1	0	2000	other	0
sub-06_1	63	Picture	10	1485465	0	1	2226	1	0	2000	other	0
sub-06_1	63	Pulse	255	1487632	2167	0
sub-06_1	64	Picture	20	1498084	0	1	2226	1	0	2000	other	0
sub-06_1	64	Pulse	255	1507631	9547	0
sub-06_1	65	Picture	10	1510702	0	1	2226	1	0	2000	other	0
sub-06_1	66	Picture	20	1524320	0	1	2226	1	0	2000	other	0
sub-06_1	66	Pulse	255	1527632	3311	0
sub-06_1	67	Picture	20	1536938	0	1	2226	1	0	2000	other	0
sub-06_1	67	Pulse	255	1547632	10693	0
sub-06_1	68	Picture	10	1548556	0	1	2226	1	0	2000	other	0
sub-06_1	69	Picture	Bfix	1560175	0	1	150232	1	0	150000	other	0
sub-06_1	69	Pulse	255	1567632	7456	0
sub-06_1	69	Pulse	255	1587632	27457	0
sub-06_1	69	Pulse	255	1607631	47456	0
sub-06_1	69	Pulse	255	1627631	67456	0
sub-06_1	69	Pulse	255	1647631	87456	0
sub-06_1	69	Pulse	255	1667631	107456	0
sub-06_1	69	Pulse	255	1687632	127457	0
sub-06_1	69	Pulse	255	1707632	147457	0
sub-06_1	70	Picture	20	1710407	0	1	2226	1	0	2000	other	0
sub-06_1	71	Picture	20	1724026	0	1	2226	1	0	2000	other	0
sub-06_1	71	Pulse	255	1727631	3606	0
sub-06_1	72	Picture	20	1736644	0	1	2226	1	0	2000	other	0
sub-06_1	72	Pulse	255	1747632	10988	0
sub-06_1	73	Picture	20	1749262	0	1	2226	1	0	2000	other	0
sub-06_1	74	Picture	20	1760880	0	1	2226	1	0	2000	other	0
sub-06_1	74	Pulse	255	1767631	6751	0
sub-06_1	75	Picture	20	1772498	0	1	2226	1	0	2000	other	0
sub-06_1	76	Picture	20	1785117	0	1	2226	1	0	2000	other	0
sub-06_1	76	Pulse	255	1787632	2516	0
sub-06_1	77	Picture	10	1797735	0	1	2226	1	0	2000	other	0
sub-06_1	77	Pulse	255	1807632	9897	0
sub-06_1	78	Picture	10	1811353	0	1	2226	1	0	2000	other	0
sub-06_1	79	Picture	20	1824972	0	1	2226	1	0	2000	other	0
sub-06_1	79	Pulse	255	1827632	2661	0
sub-06_1	80	Picture	10	1838590	0	1	2225	1	0	2000	other	0
sub-06_1	80	Pulse	255	1847632	9043	0
sub-06_1	81	Picture	20	1851208	0	1	2226	1	0	2000	other	0
sub-06_1	82	Picture	20	1863826	0	1	2226	1	0	2000	other	0
sub-06_1	82	Pulse	255	1867632	3806	0
sub-06_1	83	Picture	10	1875444	0	1	2226	1	0	2000	other	0
sub-06_1	84	Picture	20	1887063	0	1	2226	1	0	2000	other	0
sub-06_1	84	Pulse	255	1887632	569	0
sub-06_1	85	Picture	10	1898681	0	1	2226	1	0	2000	other	0
sub-06_1	85	Pulse	255	1907632	8951	0
sub-06_1	86	Picture	10	1910299	0	1	2226	1	0	2000	other	0
sub-06_1	87	Picture	10	1922918	0	1	2226	1	0	2000	other	0
sub-06_1	87	Pulse	255	1927632	4714	0
sub-06_1	88	Picture	20	1934536	0	1	2226	1	0	2000	other	0
sub-06_1	88	Pulse	255	1947633	13097	0
sub-06_1	89	Picture	10	1948154	0	1	2226	1	0	2000	other	0
sub-06_1	90	Picture	20	1960772	0	1	2226	1	0	2000	other	0
sub-06_1	90	Pulse	255	1967632	6860	0
sub-06_1	91	Picture	10	1973390	0	1	2226	1	0	2000	other	0
sub-06_1	92	Picture	20	1987008	0	1	2226	1	0	2000	other	0
sub-06_1	92	Pulse	255	1987633	624	0
sub-06_1	93	Picture	10	2000627	0	1	2226	1	0	2000	other	0
sub-06_1	93	Pulse	255	2007633	7006	0
sub-06_1	94	Picture	10	2013245	0	1	2226	1	0	2000	other	0
sub-06_1	95	Picture	20	2025863	0	1	2226	1	0	2000	other	0
sub-06_1	95	Pulse	255	2027632	1769	0
sub-06_1	96	Picture	10	2037481	0	1	2226	1	0	2000	other	0
sub-06_1	96	Pulse	255	2047632	10151	0
sub-06_1	97	Picture	10	2051099	0	1	2226	1	0	2000	other	0
sub-06_1	98	Picture	20	2062718	0	1	2226	1	0	2000	other	0
sub-06_1	98	Pulse	255	2067632	4915	0
sub-06_1	99	Picture	10	2075336	0	1	2226	1	0	2000	other	0
sub-06_1	100	Picture	20	2086954	0	1	2226	1	0	2000	other	0
sub-06_1	100	Pulse	255	2087633	679	0
sub-06_1	101	Picture	Bfix	2100572	0	1	150232	1	0	150000	other	0
sub-06_1	101	Pulse	255	2107632	7060	0
sub-06_1	101	Pulse	255	2127632	27060	0
sub-06_1	101	Pulse	255	2147633	47061	0
sub-06_1	101	Pulse	255	2167633	67060	0
sub-06_1	101	Pulse	255	2187633	87061	0
sub-06_1	101	Pulse	255	2207633	107060	0
sub-06_1	101	Pulse	255	2227633	127060	0
sub-06_1	101	Pulse	255	2247633	147060	0
sub-06_1	102	Picture	20	2250804	0	1	2226	1	0	2000	other	0
sub-06_1	103	Picture	10	2262423	0	1	2226	1	0	2000	other	0
sub-06_1	103	Pulse	255	2267633	5210	0
sub-06_1	104	Picture	20	2275041	0	1	2226	1	0	2000	other	0
sub-06_1	104	Pulse	255	2287634	12593	0
sub-06_1	105	Picture	10	2287659	0	1	2226	1	0	2000	other	0
sub-06_1	106	Picture	20	2300277	0	1	2226	1	0	2000	other	0
sub-06_1	106	Pulse	255	2307633	7355	0
sub-06_1	107	Picture	20	2312896	0	1	2226	1	0	2000	other	0
sub-06_1	108	Picture	20	2324514	0	1	2226	1	0	2000	other	0
sub-06_1	108	Pulse	255	2327633	3119	0
sub-06_1	109	Picture	10	2337133	0	1	2226	1	0	2000	other	0
sub-06_1	109	Pulse	255	2347633	10500	0
sub-06_1	110	Picture	10	2349751	0	1	2226	1	0	2000	other	0
sub-06_1	111	Picture	20	2363369	0	1	2226	1	0	2000	other	0
sub-06_1	111	Pulse	255	2367632	4263	0
sub-06_1	112	Picture	20	2376987	0	1	2226	1	0	2000	other	0
sub-06_1	112	Pulse	255	2387634	10647	0
sub-06_1	113	Picture	10	2389605	0	1	2226	1	0	2000	other	0
sub-06_1	114	Picture	20	2401223	0	1	2226	1	0	2000	other	0
sub-06_1	114	Pulse	255	2407633	6410	0
sub-06_1	115	Picture	20	2412841	0	1	2226	1	0	2000	other	0
sub-06_1	116	Picture	10	2425459	0	1	2226	1	0	2000	other	0
sub-06_1	116	Pulse	255	2427634	2174	0
sub-06_1	117	Picture	20	2439078	0	1	2226	1	0	2000	other	0
sub-06_1	117	Pulse	255	2447634	8556	0
sub-06_1	118	Picture	20	2450696	0	1	2226	1	0	2000	other	0
sub-06_1	119	Picture	10	2462314	0	1	2226	1	0	2000	other	0
sub-06_1	119	Pulse	255	2467633	5319	0
sub-06_1	120	Picture	20	2474932	0	1	2226	1	0	2000	other	0
sub-06_1	121	Picture	20	2486551	0	1	2226	1	0	2000	other	0
sub-06_1	121	Pulse	255	2487634	1083	0
sub-06_1	122	Picture	10	2500169	0	1	2226	1	0	2000	other	0
sub-06_1	122	Pulse	255	2507633	7464	0
sub-06_1	123	Picture	20	2511787	0	1	2226	1	0	2000	other	0
sub-06_1	124	Picture	20	2523405	0	1	2226	1	0	2000	other	0
sub-06_1	124	Pulse	255	2527633	4228	0
sub-06_1	125	Picture	20	2535023	0	1	2226	1	0	2000	other	0
sub-06_1	126	Picture	10	2546642	0	1	2226	1	0	2000	other	0
sub-06_1	126	Pulse	255	2547633	992	0
sub-06_1	127	Picture	10	2560260	0	1	2226	1	0	2000	other	0
sub-06_1	127	Pulse	255	2567634	7374	0
sub-06_1	128	Picture	20	2571878	0	1	2226	1	0	2000	other	0
sub-06_1	129	Picture	10	2584496	0	1	2226	1	0	2000	other	0
sub-06_1	129	Pulse	255	2587634	3138	0
sub-06_1	130	Picture	20	2596114	0	1	2226	1	0	2000	other	0
sub-06_1	130	Pulse	255	2607635	11520	0
sub-06_1	131	Picture	10	2607733	0	1	2226	1	0	2000	other	0
sub-06_1	132	Picture	20	2619351	0	1	2226	1	0	2000	other	0
sub-06_1	132	Pulse	255	2627634	8283	0
sub-06_1	133	Picture	20	2630969	0	1	2226	1	0	2000	other	0
sub-06_1	134	Picture	Bfix	2644587	0	1	150226	1	0	150000	other	0
sub-06_1	134	Pulse	255	2647634	3047	0
sub-06_1	134	Pulse	255	2667634	23047	0
sub-06_1	134	Pulse	255	2687634	43047	0
sub-06_1	134	Pulse	255	2707634	63047	0
sub-06_1	134	Pulse	255	2727634	83047	0
sub-06_1	134	Pulse	255	2747635	103048	0
sub-06_1	134	Pulse	255	2767634	123047	0
sub-06_1	134	Pulse	255	2787635	143047	0
sub-06_1	135	Picture	10	2794980	0	1	2226	1	0	2000	other	0
sub-06_1	135	Pulse	255	2807634	12654	0
sub-06_1	136	Picture	20	2808598	0	1	2226	1	0	2000	other	0
sub-06_1	137	Picture	10	2822216	0	1	2226	1	0	2000	other	0
sub-06_1	137	Pulse	255	2827635	5419	0
sub-06_1	138	Picture	20	2835834	0	1	2226	1	0	2000	other	0
sub-06_1	139	Picture	10	2847452	0	1	2226	1	0	2000	other	0
sub-06_1	139	Pulse	255	2847635	183	0
sub-06_1	140	Picture	10	2861070	0	1	2226	1	0	2000	other	0
sub-06_1	140	Pulse	255	2867634	6564	0
sub-06_1	141	Picture	20	2873689	0	1	2226	1	0	2000	other	0
sub-06_1	142	Picture	10	2886307	0	1	2226	1	0	2000	other	0
sub-06_1	142	Pulse	255	2887634	1328	0
sub-06_1	143	Picture	20	2899925	0	1	2226	1	0	2000	other	0
sub-06_1	143	Pulse	255	2907635	7710	0
sub-06_1	144	Picture	20	2912543	0	1	2226	1	0	2000	other	0
sub-06_1	145	Picture	20	2925161	0	1	2226	1	0	2000	other	0
sub-06_1	145	Pulse	255	2927635	2473	0
sub-06_1	146	Picture	10	2938780	0	1	2225	1	0	2000	other	0
sub-06_1	146	Pulse	255	2947634	8855	0
sub-06_1	147	Picture	20	2951397	0	1	2226	1	0	2000	other	0
sub-06_1	148	Picture	10	2963016	0	1	2226	1	0	2000	other	0
sub-06_1	148	Pulse	255	2967634	4618	0
sub-06_1	149	Picture	10	2975634	0	1	2226	1	0	2000	other	0
sub-06_1	150	Picture	20	2987253	0	1	2226	1	0	2000	other	0
sub-06_1	150	Pulse	255	2987635	382	0
sub-06_1	151	Picture	10	2999871	0	1	2226	1	0	2000	other	0
sub-06_1	151	Pulse	255	3007636	7764	0
sub-06_1	152	Picture	20	3013489	0	1	2226	1	0	2000	other	0
sub-06_1	153	Picture	10	3026107	0	1	2226	1	0	2000	other	0
sub-06_1	153	Pulse	255	3027635	1528	0
sub-06_1	154	Picture	10	3039725	0	1	2226	1	0	2000	other	0
sub-06_1	154	Pulse	255	3047635	7910	0
sub-06_1	155	Picture	10	3051344	0	1	2226	1	0	2000	other	0
sub-06_1	156	Picture	20	3062962	0	1	2226	1	0	2000	other	0
sub-06_1	156	Pulse	255	3067634	4672	0
sub-06_1	157	Picture	20	3076581	0	1	2226	1	0	2000	other	0
sub-06_1	157	Pulse	255	3087635	11055	0
sub-06_1	158	Picture	10	3090199	0	1	2226	1	0	2000	other	0
sub-06_1	159	Picture	10	3102817	0	1	2226	1	0	2000	other	0
sub-06_1	159	Pulse	255	3107635	4818	0
sub-06_1	160	Picture	10	3115436	0	1	2226	1	0	2000	other	0
sub-06_1	160	Pulse	255	3127635	12200	0
sub-06_1	161	Picture	10	3129054	0	1	2226	1	0	2000	other	0
sub-06_1	162	Picture	10	3140673	0	1	2226	1	0	2000	other	0
sub-06_1	162	Pulse	255	3147635	6962	0
sub-06_1	163	Picture	20	3152291	0	1	2226	1	0	2000	other	0
sub-06_1	164	Picture	10	3164909	0	1	2226	1	0	2000	other	0
sub-06_1	164	Pulse	255	3167635	2726	0
sub-06_1	165	Picture	20	3177527	0	1	2226	1	0	2000	other	0
sub-06_1	165	Pulse	255	3187635	10108	0
sub-06_1	166	Picture	20	3191145	0	1	2226	1	0	2000	other	0
sub-06_1	167	Picture	10	3202763	0	1	2226	1	0	2000	other	0
sub-06_1	167	Pulse	255	3207635	4872	0
sub-06_1	168	Picture	20	3214382	0	1	2226	1	0	2000	other	0
sub-06_1	169	Picture	10	3227000	0	1	2226	1	0	2000	other	0
sub-06_1	169	Pulse	255	3227635	635	0
sub-06_1	170	Picture	20	3239618	0	1	2226	1	0	2000	other	0
sub-06_1	170	Pulse	255	3247636	8017	0
sub-06_1	171	Picture	10	3251236	0	1	2226	1	0	2000	other	0
sub-06_1	172	Picture	Suite	3263854	0	1	50226	1	0	50000	other	0
sub-06_1	172	Pulse	255	3267635	3781	0
sub-06_1	172	Pulse	255	3287635	23781	0
sub-06_1	172	Pulse	255	3307635	43781	0
sub-06_1	172	Pulse	255	3327635	63781	0
sub-06_1	173	Picture	Bfix	3334081	0	1	72217	1	0	60000	other	0
sub-06_1	173	Pulse	255	3347625	13544	0
sub-06_1	173	Pulse	255	3367626	33545	0
sub-06_1	173	Pulse	255	3387625	53544	0


Event Type	Code	Type	Response	RT	RT Uncertainty	Time	Uncertainty	Duration	Uncertainty	ReqTime	ReqDur

Nothing	cut	other				567866	1			0
Nothing	cut	other				572866	1			5000
Nothing	cut	other				577866	1			10000
Picture	20	other				578126	1	2226	1	0	2000
Picture	10	other				590744	1	2226	1	0	2000
Picture	10	other				603362	1	2226	1	0	2000
Picture	10	other				615980	1	2226	1	0	2000
Picture	20	other				627599	1	2226	1	0	2000
Picture	20	other				641217	1	2226	1	0	2000
Picture	20	other				654835	1	2226	1	0	2000
Picture	10	other				667454	1	2226	1	0	2000
Picture	20	other				679072	1	2226	1	0	2000
Picture	20	other				690690	1	2226	1	0	2000
Picture	10	other				704308	1	2226	1	0	2000
Picture	10	other				717927	1	2226	1	0	2000
Picture	20	other				730545	1	2226	1	0	2000
Picture	20	other				743164	1	2226	1	0	2000
Picture	10	other				756782	1	2226	1	0	2000
Picture	20	other				768401	1	2225	1	0	2000
Picture	10	other				782019	1	2230	1	0	2000
Picture	10	other				794641	1	2226	1	0	2000
Picture	10	other				807259	1	2226	1	0	2000
Picture	20	other				818878	1	2226	1	0	2000
Picture	10	other				830496	1	2226	1	0	2000
Picture	20	other				844114	1	2226	1	0	2000
Picture	10	other				856732	1	2226	1	0	2000
Picture	20	other				869351	1	2226	1	0	2000
Picture	10	other				882969	1	2226	1	0	2000
Picture	10	other				896587	1	2226	1	0	2000
Picture	20	other				909205	1	2226	1	0	2000
Picture	10	other				920823	1	2226	1	0	2000
Picture	20	other				932441	1	2226	1	0	2000
Picture	20	other				945060	1	2226	1	0	2000
Picture	20	other				957678	1	2226	1	0	2000
Picture	20	other				969296	1	2226	1	0	2000
Picture	20	other				980915	1	2226	1	0	2000
Picture	Bfix	other				994533	1	150239	1	0	150000
Picture	10	other				1144772	1	2226	1	0	2000
Picture	10	other				1158390	1	2226	1	0	2000
Picture	20	other				1172008	1	2226	1	0	2000
Picture	20	other				1184626	1	2226	1	0	2000
Picture	10	other				1198245	1	2226	1	0	2000
Picture	20	other				1210863	1	2226	1	0	2000
Picture	10	other				1222481	1	2227	1	0	2000
Picture	20	other				1234100	1	2226	1	0	2000
Picture	10	other				1246718	1	2226	1	0	2000
Picture	10	other				1259337	1	2226	1	0	2000
Picture	20	other				1272955	1	2226	1	0	2000
Picture	20	other				1285573	1	2226	1	0	2000
Picture	10	other				1297192	1	2226	1	0	2000
Picture	10	other				1308810	1	2226	1	0	2000
Picture	20	other				1321428	1	2226	1	0	2000
Picture	10	other				1334046	1	2226	1	0	2000
Picture	20	other				1347665	1	2226	1	0	2000
Picture	20	other				1359283	1	2226	1	0	2000
Picture	10	other				1371901	1	2226	1	0	2000
Picture	20	other				1384519	1	2226	1	0	2000
Picture	10	other				1397138	1	2226	1	0	2000
Picture	20	other				1408756	1	2226	1	0	2000
Picture	20	other				1420375	1	2226	1	0	2000
Picture	10	other				1433993	1	2226	1	0	2000
Picture	20	other				1446611	1	2226	1	0	2000
Picture	20	other				1460229	1	2226	1	0	2000
Picture	20	other				1473847	1	2226	1	0	2000
Picture	10	other				1485465	1	2226	1	0	2000
Picture	20	other				1498084	1	2226	1	0	2000
Picture	10	other				1510702	1	2226	1	0	2000
Picture	20	other				1524320	1	2226	1	0	2000
Picture	20	other				1536938	1	2226	1	0	2000
Picture	10	other				1548556	1	2226	1	0	2000
Picture	Bfix	other				1560175	1	150232	1	0	150000
Picture	20	other				1710407	1	2226	1	0	2000
Picture	20	other				1724026	1	2226	1	0	2000
Picture	20	other				1736644	1	2226	1	0	2000
Picture	20	other				1749262	1	2226	1	0	2000
Picture	20	other				1760880	1	2226	1	0	2000
Picture	20	other				1772498	1	2226	1	0	2000
Picture	20	other				1785117	1	2226	1	0	2000
Picture	10	other				1797735	1	2226	1	0	2000
Picture	10	other				1811353	1	2226	1	0	2000
Picture	20	other				1824972	1	2226	1	0	2000
Picture	10	other				1838590	1	2225	1	0	2000
Picture	20	other				1851208	1	2226	1	0	2000
Picture	20	other				1863826	1	2226	1	0	2000
Picture	10	other				1875444	1	2226	1	0	2000
Picture	20	other				1887063	1	2226	1	0	2000
Picture	10	other				1898681	1	2226	1	0	2000
Picture	10	other				1910299	1	2226	1	0	2000
Picture	10	other				1922918	1	2226	1	0	2000
Picture	20	other				1934536	1	2226	1	0	2000
Picture	10	other				1948154	1	2226	1	0	2000
Picture	20	other				1960772	1	2226	1	0	2000
Picture	10	other				1973390	1	2226	1	0	2000
Picture	20	other				1987008	1	2226	1	0	2000
Picture	10	other				2000627	1	2226	1	0	2000
Picture	10	other				2013245	1	2226	1	0	2000
Picture	20	other				2025863	1	2226	1	0	2000
Picture	10	other				2037481	1	2226	1	0	2000
Picture	10	other				2051099	1	2226	1	0	2000
Picture	20	other				2062718	1	2226	1	0	2000
Picture	10	other				2075336	1	2226	1	0	2000
Picture	20	other				2086954	1	2226	1	0	2000
Picture	Bfix	other				2100572	1	150232	1	0	150000
Picture	20	other				2250804	1	2226	1	0	2000
Picture	10	other				2262423	1	2226	1	0	2000
Picture	20	other				2275041	1	2226	1	0	2000
Picture	10	other				2287659	1	2226	1	0	2000
Picture	20	other				2300277	1	2226	1	0	2000
Picture	20	other				2312896	1	2226	1	0	2000
Picture	20	other				2324514	1	2226	1	0	2000
Picture	10	other				2337133	1	2226	1	0	2000
Picture	10	other				2349751	1	2226	1	0	2000
Picture	20	other				2363369	1	2226	1	0	2000
Picture	20	other				2376987	1	2226	1	0	2000
Picture	10	other				2389605	1	2226	1	0	2000
Picture	20	other				2401223	1	2226	1	0	2000
Picture	20	other				2412841	1	2226	1	0	2000
Picture	10	other				2425459	1	2226	1	0	2000
Picture	20	other				2439078	1	2226	1	0	2000
Picture	20	other				2450696	1	2226	1	0	2000
Picture	10	other				2462314	1	2226	1	0	2000
Picture	20	other				2474932	1	2226	1	0	2000
Picture	20	other				2486551	1	2226	1	0	2000
Picture	10	other				2500169	1	2226	1	0	2000
Picture	20	other				2511787	1	2226	1	0	2000
Picture	20	other				2523405	1	2226	1	0	2000
Picture	20	other				2535023	1	2226	1	0	2000
Picture	10	other				2546642	1	2226	1	0	2000
Picture	10	other				2560260	1	2226	1	0	2000
Picture	20	other				2571878	1	2226	1	0	2000
Picture	10	other				2584496	1	2226	1	0	2000
Picture	20	other				2596114	1	2226	1	0	2000
Picture	10	other				2607733	1	2226	1	0	2000
Picture	20	other				2619351	1	2226	1	0	2000
Picture	20	other				2630969	1	2226	1	0	2000
Picture	Bfix	other				2644587	1	150226	1	0	150000
Picture	10	other				2794980	1	2226	1	0	2000
Picture	20	other				2808598	1	2226	1	0	2000
Picture	10	other				2822216	1	2226	1	0	2000
Picture	20	other				2835834	1	2226	1	0	2000
Picture	10	other				2847452	1	2226	1	0	2000
Picture	10	other				2861070	1	2226	1	0	2000
Picture	20	other				2873689	1	2226	1	0	2000
Picture	10	other				2886307	1	2226	1	0	2000
Picture	20	other				2899925	1	2226	1	0	2000
Picture	20	other				2912543	1	2226	1	0	2000
Picture	20	other				2925161	1	2226	1	0	2000
Picture	10	other				2938780	1	2225	1	0	2000
Picture	20	other				2951397	1	2226	1	0	2000
Picture	10	other				2963016	1	2226	1	0	2000
Picture	10	other				2975634	1	2226	1	0	2000
Picture	20	other				2987253	1	2226	1	0	2000
Picture	10	other				2999871	1	2226	1	0	2000
Picture	20	other				3013489	1	2226	1	0	2000
Picture	10	other				3026107	1	2226	1	0	2000
Picture	10	other				3039725	1	2226	1	0	2000
Picture	10	other				3051344	1	2226	1	0	2000
Picture	20	other				3062962	1	2226	1	0	2000
Picture	20	other				3076581	1	2226	1	0	2000
Picture	10	other				3090199	1	2226	1	0	2000
Picture	10	other				3102817	1	2226	1	0	2000
Picture	10	other				3115436	1	2226	1	0	2000
Picture	10	other				3129054	1	2226	1	0	2000
Picture	10	other				3140673	1	2226	1	0	2000
Picture	20	other				3152291	1	2226	1	0	2000
Picture	10	other				3164909	1	2226	1	0	2000
Picture	20	other				3177527	1	2226	1	0	2000
Picture	20	other				3191145	1	2226	1	0	2000
Picture	10	other				3202763	1	2226	1	0	2000
Picture	20	other				3214382	1	2226	1	0	2000
Picture	10	other				3227000	1	2226	1	0	2000
Picture	20	other				3239618	1	2226	1	0	2000
Picture	10	other				3251236	1	2226	1	0	2000
Picture	Suite	other				3263854	1	50226	1	0	50000
Picture	Bfix	other				3334081	1	72217	1	0	60000
