Scenario - loca_lec2
Logfile written - 06/26/2018 10:31:21

Subject	Trial	Event Type	Code	Time	TTime	Uncertainty	Duration	Uncertainty	ReqTime	ReqDur	Stim Type	Pair Index

sub-12_2	0	Pulse	255	716015	716015	0
sub-12_2	1	Nothing	cut	716243	0	1			0		other	0
sub-12_2	1	Nothing	cut	721243	5000	1			5000		other	0
sub-12_2	1	Nothing	cut	726243	10000	1			10000		other	0
sub-12_2	2	Picture	20	726475	0	1	2226	1	0	2000	other	0
sub-12_2	2	Pulse	255	736014	9539	0
sub-12_2	3	Picture	10	738093	0	1	2226	1	0	2000	other	0
sub-12_2	4	Picture	20	749711	0	1	2226	1	0	2000	other	0
sub-12_2	4	Pulse	255	756014	6303	0
sub-12_2	5	Picture	10	762329	0	1	2226	1	0	2000	other	0
sub-12_2	6	Picture	10	775947	0	1	2226	1	0	2000	other	0
sub-12_2	6	Pulse	255	776015	67	0
sub-12_2	7	Picture	20	788565	0	1	2226	1	0	2000	other	0
sub-12_2	7	Pulse	255	796013	7448	0
sub-12_2	8	Picture	10	802183	0	1	2226	1	0	2000	other	0
sub-12_2	9	Picture	10	815801	0	1	2226	1	0	2000	other	0
sub-12_2	9	Pulse	255	816014	213	0
sub-12_2	10	Picture	20	828419	0	1	2226	1	0	2000	other	0
sub-12_2	10	Pulse	255	836014	7595	0
sub-12_2	11	Picture	10	841038	0	1	2226	1	0	2000	other	0
sub-12_2	12	Picture	20	853656	0	1	2200	1	0	2000	other	0
sub-12_2	12	Pulse	255	856015	2359	0
sub-12_2	13	Picture	10	866248	0	1	2226	1	0	2000	other	0
sub-12_2	13	Pulse	255	876014	9766	0
sub-12_2	14	Picture	10	878866	0	1	2226	1	0	2000	other	0
sub-12_2	15	Picture	10	890484	0	1	2226	1	0	2000	other	0
sub-12_2	15	Pulse	255	896014	5530	0
sub-12_2	16	Picture	10	904102	0	1	2226	1	0	2000	other	0
sub-12_2	16	Pulse	255	916015	11912	0
sub-12_2	17	Picture	10	917721	0	1	2226	1	0	2000	other	0
sub-12_2	18	Picture	10	929339	0	1	2226	1	0	2000	other	0
sub-12_2	18	Pulse	255	936014	6675	0
sub-12_2	19	Picture	20	942957	0	1	2225	1	0	2000	other	0
sub-12_2	20	Picture	20	955575	0	1	2226	1	0	2000	other	0
sub-12_2	20	Pulse	255	956015	440	0
sub-12_2	21	Picture	20	967194	0	1	2225	1	0	2000	other	0
sub-12_2	21	Pulse	255	976015	8821	0
sub-12_2	22	Picture	10	979809	0	6	2226	6	0	2000	other	0
sub-12_2	23	Picture	20	991428	0	1	2226	1	0	2000	other	0
sub-12_2	23	Pulse	255	996015	4587	0
sub-12_2	24	Picture	20	1005046	0	1	2226	1	0	2000	other	0
sub-12_2	24	Pulse	255	1016015	10969	0
sub-12_2	25	Picture	20	1018664	0	1	2226	1	0	2000	other	0
sub-12_2	26	Picture	10	1030283	0	1	2226	1	0	2000	other	0
sub-12_2	26	Pulse	255	1036014	5732	0
sub-12_2	27	Picture	20	1042901	0	1	2225	1	0	2000	other	0
sub-12_2	27	Pulse	255	1056015	13114	0
sub-12_2	28	Picture	10	1056519	0	1	2225	1	0	2000	other	0
sub-12_2	29	Picture	20	1070137	0	1	2226	1	0	2000	other	0
sub-12_2	29	Pulse	255	1076015	5878	0
sub-12_2	30	Picture	20	1083755	0	1	2226	1	0	2000	other	0
sub-12_2	31	Picture	10	1095373	0	1	2226	1	0	2000	other	0
sub-12_2	31	Pulse	255	1096015	642	0
sub-12_2	32	Picture	20	1107991	0	1	2226	1	0	2000	other	0
sub-12_2	32	Pulse	255	1116015	8024	0
sub-12_2	33	Picture	20	1120609	0	1	2226	1	0	2000	other	0
sub-12_2	34	Picture	Bfix	1134227	0	1	150234	1	0	150000	other	0
sub-12_2	34	Pulse	255	1136015	1788	0
sub-12_2	34	Pulse	255	1156015	21788	0
sub-12_2	34	Pulse	255	1176015	41788	0
sub-12_2	34	Pulse	255	1196015	61788	0
sub-12_2	34	Pulse	255	1216015	81788	0
sub-12_2	34	Pulse	255	1236016	101788	0
sub-12_2	34	Pulse	255	1256015	121788	0
sub-12_2	34	Pulse	255	1276015	141788	0
sub-12_2	35	Picture	20	1284461	0	1	2226	1	0	2000	other	0
sub-12_2	35	Pulse	255	1296016	11555	0
sub-12_2	36	Picture	10	1296080	0	1	2226	1	0	2000	other	0
sub-12_2	37	Picture	20	1308698	0	1	2226	1	0	2000	other	0
sub-12_2	37	Pulse	255	1316016	7318	0
sub-12_2	38	Picture	10	1321316	0	1	2226	1	0	2000	other	0
sub-12_2	39	Picture	10	1332935	0	1	2226	1	0	2000	other	0
sub-12_2	39	Pulse	255	1336015	3081	0
sub-12_2	40	Picture	20	1345553	0	1	2226	1	0	2000	other	0
sub-12_2	40	Pulse	255	1356015	10462	0
sub-12_2	41	Picture	10	1357172	0	1	2225	1	0	2000	other	0
sub-12_2	42	Picture	20	1370790	0	1	2226	1	0	2000	other	0
sub-12_2	42	Pulse	255	1376015	5226	0
sub-12_2	43	Picture	20	1384408	0	1	2226	1	0	2000	other	0
sub-12_2	43	Pulse	255	1396016	11608	0
sub-12_2	44	Picture	10	1397026	0	1	2226	1	0	2000	other	0
sub-12_2	45	Picture	10	1409644	0	1	2226	1	0	2000	other	0
sub-12_2	45	Pulse	255	1416016	6372	0
sub-12_2	46	Picture	20	1422262	0	1	2226	1	0	2000	other	0
sub-12_2	47	Picture	10	1435880	0	1	2226	1	0	2000	other	0
sub-12_2	47	Pulse	255	1436016	136	0
sub-12_2	48	Picture	20	1447499	0	1	2226	1	0	2000	other	0
sub-12_2	48	Pulse	255	1456016	8517	0
sub-12_2	49	Picture	10	1459118	0	1	2226	1	0	2000	other	0
sub-12_2	50	Picture	10	1472736	0	1	2226	1	0	2000	other	0
sub-12_2	50	Pulse	255	1476015	3279	0
sub-12_2	51	Picture	20	1485354	0	1	2226	1	0	2000	other	0
sub-12_2	51	Pulse	255	1496015	10661	0
sub-12_2	52	Picture	20	1497972	0	1	2226	1	0	2000	other	0
sub-12_2	53	Picture	10	1511590	0	1	2226	1	0	2000	other	0
sub-12_2	53	Pulse	255	1516016	4425	0
sub-12_2	54	Picture	20	1524209	0	1	2226	1	0	2000	other	0
sub-12_2	54	Pulse	255	1536015	11807	0
sub-12_2	55	Picture	10	1537827	0	1	2226	1	0	2000	other	0
sub-12_2	56	Picture	10	1551445	0	1	2226	1	0	2000	other	0
sub-12_2	56	Pulse	255	1556016	4571	0
sub-12_2	57	Picture	20	1563063	0	1	2226	1	0	2000	other	0
sub-12_2	58	Picture	10	1575681	0	1	2226	1	0	2000	other	0
sub-12_2	58	Pulse	255	1576016	335	0
sub-12_2	59	Picture	10	1587300	0	1	2226	1	0	2000	other	0
sub-12_2	59	Pulse	255	1596016	8716	0
sub-12_2	60	Picture	20	1599918	0	1	2226	1	0	2000	other	0
sub-12_2	61	Picture	10	1613536	0	1	2226	1	0	2000	other	0
sub-12_2	61	Pulse	255	1616016	2480	0
sub-12_2	62	Picture	20	1626154	0	1	2226	1	0	2000	other	0
sub-12_2	62	Pulse	255	1636016	9862	0
sub-12_2	63	Picture	10	1637772	0	1	2225	1	0	2000	other	0
sub-12_2	64	Picture	20	1651390	0	1	2226	1	0	2000	other	0
sub-12_2	64	Pulse	255	1656016	4626	0
sub-12_2	65	Picture	10	1663008	0	1	2226	1	0	2000	other	0
sub-12_2	66	Picture	20	1675627	0	1	2225	1	0	2000	other	0
sub-12_2	66	Pulse	255	1676016	390	0
sub-12_2	67	Picture	Bfix	1687245	0	1	150239	1	0	150000	other	0
sub-12_2	67	Pulse	255	1696016	8771	0
sub-12_2	67	Pulse	255	1716016	28771	0
sub-12_2	67	Pulse	255	1736006	48761	0
sub-12_2	67	Pulse	255	1756006	68762	0
sub-12_2	67	Pulse	255	1776006	88761	0
sub-12_2	67	Pulse	255	1796006	108761	0
sub-12_2	67	Pulse	255	1816006	128761	0
sub-12_2	67	Pulse	255	1836006	148762	0
sub-12_2	68	Picture	20	1837483	0	1	2226	1	0	2000	other	0
sub-12_2	69	Picture	10	1851102	0	1	2226	1	0	2000	other	0
sub-12_2	69	Pulse	255	1856006	4904	0
sub-12_2	70	Picture	20	1864720	0	1	2226	1	0	2000	other	0
sub-12_2	70	Pulse	255	1876006	11286	0
sub-12_2	71	Picture	10	1877338	0	1	2226	1	0	2000	other	0
sub-12_2	72	Picture	20	1888956	0	1	2226	1	0	2000	other	0
sub-12_2	72	Pulse	255	1896006	7050	0
sub-12_2	73	Picture	10	1902575	0	1	2226	1	0	2000	other	0
sub-12_2	74	Picture	10	1915193	0	1	2226	1	0	2000	other	0
sub-12_2	74	Pulse	255	1916007	814	0
sub-12_2	75	Picture	20	1927811	0	1	2226	1	0	2000	other	0
sub-12_2	75	Pulse	255	1936006	8196	0
sub-12_2	76	Picture	10	1940429	0	1	2226	1	0	2000	other	0
sub-12_2	77	Picture	10	1952047	0	1	2226	1	0	2000	other	0
sub-12_2	77	Pulse	255	1956007	3959	0
sub-12_2	78	Picture	10	1963666	0	1	2226	1	0	2000	other	0
sub-12_2	79	Picture	10	1975284	0	1	2226	1	0	2000	other	0
sub-12_2	79	Pulse	255	1976006	722	0
sub-12_2	80	Picture	20	1986902	0	1	2226	1	0	2000	other	0
sub-12_2	80	Pulse	255	1996007	9104	0
sub-12_2	81	Picture	10	1999521	0	1	2226	1	0	2000	other	0
sub-12_2	82	Picture	10	2012139	0	1	2226	1	0	2000	other	0
sub-12_2	82	Pulse	255	2016006	3868	0
sub-12_2	83	Picture	20	2025757	0	1	2226	1	0	2000	other	0
sub-12_2	83	Pulse	255	2036007	10249	0
sub-12_2	84	Picture	10	2039375	0	1	2226	1	0	2000	other	0
sub-12_2	85	Picture	10	2051994	0	1	2226	1	0	2000	other	0
sub-12_2	85	Pulse	255	2056007	4013	0
sub-12_2	86	Picture	20	2063612	0	1	2226	1	0	2000	other	0
sub-12_2	87	Picture	10	2075230	0	1	2226	1	0	2000	other	0
sub-12_2	87	Pulse	255	2076007	777	0
sub-12_2	88	Picture	10	2086849	0	1	2225	1	0	2000	other	0
sub-12_2	88	Pulse	255	2096006	9158	0
sub-12_2	89	Picture	10	2099467	0	1	2226	1	0	2000	other	0
sub-12_2	90	Picture	20	2111085	0	1	2226	1	0	2000	other	0
sub-12_2	90	Pulse	255	2116007	4922	0
sub-12_2	91	Picture	10	2124703	0	1	2226	1	0	2000	other	0
sub-12_2	91	Pulse	255	2136006	11304	0
sub-12_2	92	Picture	20	2136321	0	1	2226	1	0	2000	other	0
sub-12_2	93	Picture	20	2147940	0	1	2226	1	0	2000	other	0
sub-12_2	93	Pulse	255	2156007	8067	0
sub-12_2	94	Picture	10	2159558	0	1	2226	1	0	2000	other	0
sub-12_2	95	Picture	10	2172176	0	1	2226	1	0	2000	other	0
sub-12_2	95	Pulse	255	2176007	3831	0
sub-12_2	96	Picture	20	2183794	0	1	2226	1	0	2000	other	0
sub-12_2	96	Pulse	255	2196006	12213	0
sub-12_2	97	Picture	10	2197412	0	1	2226	1	0	2000	other	0
sub-12_2	98	Picture	20	2210031	0	1	2226	1	0	2000	other	0
sub-12_2	98	Pulse	255	2216007	5977	0
sub-12_2	99	Picture	20	2223649	0	1	2226	1	0	2000	other	0
sub-12_2	99	Pulse	255	2236007	12358	0
sub-12_2	100	Picture	Bfix	2236267	0	1	150232	1	0	150000	other	0
sub-12_2	100	Pulse	255	2256007	19740	0
sub-12_2	100	Pulse	255	2276007	39740	0
sub-12_2	100	Pulse	255	2296007	59741	0
sub-12_2	100	Pulse	255	2316006	79740	0
sub-12_2	100	Pulse	255	2336007	99740	0
sub-12_2	100	Pulse	255	2356007	119740	0
sub-12_2	100	Pulse	255	2376007	139740	0
sub-12_2	101	Picture	10	2386499	0	1	2225	1	0	2000	other	0
sub-12_2	101	Pulse	255	2396007	9509	0
sub-12_2	102	Picture	10	2398117	0	1	2226	1	0	2000	other	0
sub-12_2	103	Picture	20	2411735	0	1	2226	1	0	2000	other	0
sub-12_2	103	Pulse	255	2416008	4273	0
sub-12_2	104	Picture	10	2424353	0	1	2226	1	0	2000	other	0
sub-12_2	105	Picture	20	2435971	0	1	2225	1	0	2000	other	0
sub-12_2	105	Pulse	255	2436008	37	0
sub-12_2	106	Picture	10	2447589	0	1	2226	1	0	2000	other	0
sub-12_2	106	Pulse	255	2456008	8419	0
sub-12_2	107	Picture	20	2461207	0	1	2226	1	0	2000	other	0
sub-12_2	108	Picture	20	2472825	0	1	2226	1	0	2000	other	0
sub-12_2	108	Pulse	255	2476007	3182	0
sub-12_2	109	Picture	20	2486443	0	1	2226	1	0	2000	other	0
sub-12_2	109	Pulse	255	2496007	9564	0
sub-12_2	110	Picture	10	2498062	0	1	2226	1	0	2000	other	0
sub-12_2	111	Picture	20	2511680	0	1	2226	1	0	2000	other	0
sub-12_2	111	Pulse	255	2516007	4328	0
sub-12_2	112	Picture	10	2524298	0	1	2226	1	0	2000	other	0
sub-12_2	112	Pulse	255	2536008	11710	0
sub-12_2	113	Picture	20	2537916	0	1	2226	1	0	2000	other	0
sub-12_2	114	Picture	20	2551534	0	1	2226	1	0	2000	other	0
sub-12_2	114	Pulse	255	2556008	4473	0
sub-12_2	115	Picture	20	2565152	0	1	2226	1	0	2000	other	0
sub-12_2	115	Pulse	255	2576008	10855	0
sub-12_2	116	Picture	10	2577771	0	1	2226	1	0	2000	other	0
sub-12_2	117	Picture	10	2589389	0	1	2226	1	0	2000	other	0
sub-12_2	117	Pulse	255	2596008	6619	0
sub-12_2	118	Picture	20	2601007	0	1	2226	1	0	2000	other	0
sub-12_2	119	Picture	10	2613625	0	1	2226	1	0	2000	other	0
sub-12_2	119	Pulse	255	2616008	2383	0
sub-12_2	120	Picture	20	2625243	0	1	2226	1	0	2000	other	0
sub-12_2	120	Pulse	255	2636007	10764	0
sub-12_2	121	Picture	10	2636861	0	1	2226	1	0	2000	other	0
sub-12_2	122	Picture	20	2649480	0	1	2226	1	0	2000	other	0
sub-12_2	122	Pulse	255	2656008	6528	0
sub-12_2	123	Picture	10	2662098	0	1	2226	1	0	2000	other	0
sub-12_2	124	Picture	20	2675716	0	1	2226	1	0	2000	other	0
sub-12_2	124	Pulse	255	2676009	292	0
sub-12_2	125	Picture	20	2689334	0	1	2226	1	0	2000	other	0
sub-12_2	125	Pulse	255	2696009	6674	0
sub-12_2	126	Picture	20	2700952	0	1	2226	1	0	2000	other	0
sub-12_2	127	Picture	10	2714571	0	1	2226	1	0	2000	other	0
sub-12_2	127	Pulse	255	2716008	1437	0
sub-12_2	128	Picture	10	2728189	0	1	2226	1	0	2000	other	0
sub-12_2	128	Pulse	255	2736007	7819	0
sub-12_2	129	Picture	10	2740807	0	1	2226	1	0	2000	other	0
sub-12_2	130	Picture	20	2753425	0	1	2226	1	0	2000	other	0
sub-12_2	130	Pulse	255	2756008	2583	0
sub-12_2	131	Picture	10	2766043	0	1	2226	1	0	2000	other	0
sub-12_2	131	Pulse	255	2776008	9965	0
sub-12_2	132	Picture	20	2777661	0	1	2226	1	0	2000	other	0
sub-12_2	133	Picture	Bfix	2790279	0	1	150233	1	0	150000	other	0
sub-12_2	133	Pulse	255	2796008	5729	0
sub-12_2	133	Pulse	255	2816008	25729	0
sub-12_2	133	Pulse	255	2836008	45729	0
sub-12_2	133	Pulse	255	2856008	65729	0
sub-12_2	133	Pulse	255	2876008	85729	0
sub-12_2	133	Pulse	255	2896008	105729	0
sub-12_2	133	Pulse	255	2916008	125729	0
sub-12_2	133	Pulse	255	2936008	145729	0
sub-12_2	134	Picture	20	2940512	0	1	2226	1	0	2000	other	0
sub-12_2	135	Picture	10	2954131	0	1	2226	1	0	2000	other	0
sub-12_2	135	Pulse	255	2956008	1877	0
sub-12_2	136	Picture	10	2965749	0	1	2226	1	0	2000	other	0
sub-12_2	136	Pulse	255	2976008	10259	0
sub-12_2	137	Picture	10	2979367	0	1	2226	1	0	2000	other	0
sub-12_2	138	Picture	20	2991986	0	1	2225	1	0	2000	other	0
sub-12_2	138	Pulse	255	2996009	4023	0
sub-12_2	139	Picture	10	3004604	0	1	2226	1	0	2000	other	0
sub-12_2	139	Pulse	255	3016009	11405	0
sub-12_2	140	Picture	20	3016222	0	1	2226	1	0	2000	other	0
sub-12_2	141	Picture	10	3027840	0	1	2226	1	0	2000	other	0
sub-12_2	141	Pulse	255	3036009	8169	0
sub-12_2	142	Picture	10	3039458	0	1	2226	1	0	2000	other	0
sub-12_2	143	Picture	10	3053076	0	1	2226	1	0	2000	other	0
sub-12_2	143	Pulse	255	3056009	2932	0
sub-12_2	144	Picture	20	3065694	0	1	2226	1	0	2000	other	0
sub-12_2	144	Pulse	255	3076009	10314	0
sub-12_2	145	Picture	10	3078312	0	1	2226	1	0	2000	other	0
sub-12_2	146	Picture	20	3091931	0	1	2226	1	0	2000	other	0
sub-12_2	146	Pulse	255	3096009	4078	0
sub-12_2	147	Picture	20	3103549	0	1	2226	1	0	2000	other	0
sub-12_2	147	Pulse	255	3116009	12460	1
sub-12_2	148	Picture	10	3116167	0	1	2226	1	0	2000	other	0
sub-12_2	149	Picture	10	3129786	0	1	2226	1	0	2000	other	0
sub-12_2	149	Pulse	255	3136009	6223	0
sub-12_2	150	Picture	10	3142404	0	1	2226	1	0	2000	other	0
sub-12_2	151	Picture	20	3155023	0	1	2226	1	0	2000	other	0
sub-12_2	151	Pulse	255	3156008	985	1
sub-12_2	152	Picture	10	3168641	0	1	2226	1	0	2000	other	0
sub-12_2	152	Pulse	255	3176009	7367	0
sub-12_2	153	Picture	20	3181259	0	1	2226	1	0	2000	other	0
sub-12_2	154	Picture	10	3194878	0	1	2226	1	0	2000	other	0
sub-12_2	154	Pulse	255	3196009	1132	0
sub-12_2	155	Picture	20	3206496	0	1	2226	1	0	2000	other	0
sub-12_2	155	Pulse	255	3216009	9513	0
sub-12_2	156	Picture	10	3220114	0	1	2226	1	0	2000	other	0
sub-12_2	157	Picture	10	3232732	0	1	2225	1	0	2000	other	0
sub-12_2	157	Pulse	255	3236009	3277	0
sub-12_2	158	Picture	20	3244350	0	1	2226	1	0	2000	other	0
sub-12_2	158	Pulse	255	3256009	11659	0
sub-12_2	159	Picture	20	3257919	0	1	2226	1	0	2000	other	0
sub-12_2	160	Picture	20	3269538	0	1	2226	1	0	2000	other	0
sub-12_2	160	Pulse	255	3276009	6471	0
sub-12_2	161	Picture	10	3283156	0	1	2226	1	0	2000	other	0
sub-12_2	162	Picture	10	3294774	0	1	2226	1	0	2000	other	0
sub-12_2	162	Pulse	255	3296009	1235	0
sub-12_2	163	Picture	20	3308392	0	1	2226	1	0	2000	other	0
sub-12_2	163	Pulse	255	3316009	7617	0
sub-12_2	164	Picture	10	3321011	0	1	2226	1	0	2000	other	0
sub-12_2	165	Picture	10	3334629	0	1	2226	1	0	2000	other	0
sub-12_2	165	Pulse	255	3336009	1379	0
sub-12_2	166	Picture	20	3346248	0	1	2226	1	0	2000	other	0
sub-12_2	166	Pulse	255	3356009	9762	0
sub-12_2	167	Picture	20	3359866	0	1	2226	1	0	2000	other	0
sub-12_2	168	Picture	10	3372484	0	1	2226	1	0	2000	other	0
sub-12_2	168	Pulse	255	3376009	3525	0
sub-12_2	169	Picture	Bfix	3386102	0	1	60226	1	0	60000	other	0
sub-12_2	169	Pulse	255	3396009	9907	0
sub-12_2	169	Pulse	255	3416010	29907	0
sub-12_2	169	Pulse	255	3436009	49906	0


Event Type	Code	Type	Response	RT	RT Uncertainty	Time	Uncertainty	Duration	Uncertainty	ReqTime	ReqDur

Nothing	cut	other				716243	1			0
Nothing	cut	other				721243	1			5000
Nothing	cut	other				726243	1			10000
Picture	20	other				726475	1	2226	1	0	2000
Picture	10	other				738093	1	2226	1	0	2000
Picture	20	other				749711	1	2226	1	0	2000
Picture	10	other				762329	1	2226	1	0	2000
Picture	10	other				775947	1	2226	1	0	2000
Picture	20	other				788565	1	2226	1	0	2000
Picture	10	other				802183	1	2226	1	0	2000
Picture	10	other				815801	1	2226	1	0	2000
Picture	20	other				828419	1	2226	1	0	2000
Picture	10	other				841038	1	2226	1	0	2000
Picture	20	other				853656	1	2200	1	0	2000
Picture	10	other				866248	1	2226	1	0	2000
Picture	10	other				878866	1	2226	1	0	2000
Picture	10	other				890484	1	2226	1	0	2000
Picture	10	other				904102	1	2226	1	0	2000
Picture	10	other				917721	1	2226	1	0	2000
Picture	10	other				929339	1	2226	1	0	2000
Picture	20	other				942957	1	2225	1	0	2000
Picture	20	other				955575	1	2226	1	0	2000
Picture	20	other				967194	1	2225	1	0	2000
Picture	10	other				979809	6	2226	6	0	2000
Picture	20	other				991428	1	2226	1	0	2000
Picture	20	other				1005046	1	2226	1	0	2000
Picture	20	other				1018664	1	2226	1	0	2000
Picture	10	other				1030283	1	2226	1	0	2000
Picture	20	other				1042901	1	2225	1	0	2000
Picture	10	other				1056519	1	2225	1	0	2000
Picture	20	other				1070137	1	2226	1	0	2000
Picture	20	other				1083755	1	2226	1	0	2000
Picture	10	other				1095373	1	2226	1	0	2000
Picture	20	other				1107991	1	2226	1	0	2000
Picture	20	other				1120609	1	2226	1	0	2000
Picture	Bfix	other				1134227	1	150234	1	0	150000
Picture	20	other				1284461	1	2226	1	0	2000
Picture	10	other				1296080	1	2226	1	0	2000
Picture	20	other				1308698	1	2226	1	0	2000
Picture	10	other				1321316	1	2226	1	0	2000
Picture	10	other				1332935	1	2226	1	0	2000
Picture	20	other				1345553	1	2226	1	0	2000
Picture	10	other				1357172	1	2225	1	0	2000
Picture	20	other				1370790	1	2226	1	0	2000
Picture	20	other				1384408	1	2226	1	0	2000
Picture	10	other				1397026	1	2226	1	0	2000
Picture	10	other				1409644	1	2226	1	0	2000
Picture	20	other				1422262	1	2226	1	0	2000
Picture	10	other				1435880	1	2226	1	0	2000
Picture	20	other				1447499	1	2226	1	0	2000
Picture	10	other				1459118	1	2226	1	0	2000
Picture	10	other				1472736	1	2226	1	0	2000
Picture	20	other				1485354	1	2226	1	0	2000
Picture	20	other				1497972	1	2226	1	0	2000
Picture	10	other				1511590	1	2226	1	0	2000
Picture	20	other				1524209	1	2226	1	0	2000
Picture	10	other				1537827	1	2226	1	0	2000
Picture	10	other				1551445	1	2226	1	0	2000
Picture	20	other				1563063	1	2226	1	0	2000
Picture	10	other				1575681	1	2226	1	0	2000
Picture	10	other				1587300	1	2226	1	0	2000
Picture	20	other				1599918	1	2226	1	0	2000
Picture	10	other				1613536	1	2226	1	0	2000
Picture	20	other				1626154	1	2226	1	0	2000
Picture	10	other				1637772	1	2225	1	0	2000
Picture	20	other				1651390	1	2226	1	0	2000
Picture	10	other				1663008	1	2226	1	0	2000
Picture	20	other				1675627	1	2225	1	0	2000
Picture	Bfix	other				1687245	1	150239	1	0	150000
Picture	20	other				1837483	1	2226	1	0	2000
Picture	10	other				1851102	1	2226	1	0	2000
Picture	20	other				1864720	1	2226	1	0	2000
Picture	10	other				1877338	1	2226	1	0	2000
Picture	20	other				1888956	1	2226	1	0	2000
Picture	10	other				1902575	1	2226	1	0	2000
Picture	10	other				1915193	1	2226	1	0	2000
Picture	20	other				1927811	1	2226	1	0	2000
Picture	10	other				1940429	1	2226	1	0	2000
Picture	10	other				1952047	1	2226	1	0	2000
Picture	10	other				1963666	1	2226	1	0	2000
Picture	10	other				1975284	1	2226	1	0	2000
Picture	20	other				1986902	1	2226	1	0	2000
Picture	10	other				1999521	1	2226	1	0	2000
Picture	10	other				2012139	1	2226	1	0	2000
Picture	20	other				2025757	1	2226	1	0	2000
Picture	10	other				2039375	1	2226	1	0	2000
Picture	10	other				2051994	1	2226	1	0	2000
Picture	20	other				2063612	1	2226	1	0	2000
Picture	10	other				2075230	1	2226	1	0	2000
Picture	10	other				2086849	1	2225	1	0	2000
Picture	10	other				2099467	1	2226	1	0	2000
Picture	20	other				2111085	1	2226	1	0	2000
Picture	10	other				2124703	1	2226	1	0	2000
Picture	20	other				2136321	1	2226	1	0	2000
Picture	20	other				2147940	1	2226	1	0	2000
Picture	10	other				2159558	1	2226	1	0	2000
Picture	10	other				2172176	1	2226	1	0	2000
Picture	20	other				2183794	1	2226	1	0	2000
Picture	10	other				2197412	1	2226	1	0	2000
Picture	20	other				2210031	1	2226	1	0	2000
Picture	20	other				2223649	1	2226	1	0	2000
Picture	Bfix	other				2236267	1	150232	1	0	150000
Picture	10	other				2386499	1	2225	1	0	2000
Picture	10	other				2398117	1	2226	1	0	2000
Picture	20	other				2411735	1	2226	1	0	2000
Picture	10	other				2424353	1	2226	1	0	2000
Picture	20	other				2435971	1	2225	1	0	2000
Picture	10	other				2447589	1	2226	1	0	2000
Picture	20	other				2461207	1	2226	1	0	2000
Picture	20	other				2472825	1	2226	1	0	2000
Picture	20	other				2486443	1	2226	1	0	2000
Picture	10	other				2498062	1	2226	1	0	2000
Picture	20	other				2511680	1	2226	1	0	2000
Picture	10	other				2524298	1	2226	1	0	2000
Picture	20	other				2537916	1	2226	1	0	2000
Picture	20	other				2551534	1	2226	1	0	2000
Picture	20	other				2565152	1	2226	1	0	2000
Picture	10	other				2577771	1	2226	1	0	2000
Picture	10	other				2589389	1	2226	1	0	2000
Picture	20	other				2601007	1	2226	1	0	2000
Picture	10	other				2613625	1	2226	1	0	2000
Picture	20	other				2625243	1	2226	1	0	2000
Picture	10	other				2636861	1	2226	1	0	2000
Picture	20	other				2649480	1	2226	1	0	2000
Picture	10	other				2662098	1	2226	1	0	2000
Picture	20	other				2675716	1	2226	1	0	2000
Picture	20	other				2689334	1	2226	1	0	2000
Picture	20	other				2700952	1	2226	1	0	2000
Picture	10	other				2714571	1	2226	1	0	2000
Picture	10	other				2728189	1	2226	1	0	2000
Picture	10	other				2740807	1	2226	1	0	2000
Picture	20	other				2753425	1	2226	1	0	2000
Picture	10	other				2766043	1	2226	1	0	2000
Picture	20	other				2777661	1	2226	1	0	2000
Picture	Bfix	other				2790279	1	150233	1	0	150000
Picture	20	other				2940512	1	2226	1	0	2000
Picture	10	other				2954131	1	2226	1	0	2000
Picture	10	other				2965749	1	2226	1	0	2000
Picture	10	other				2979367	1	2226	1	0	2000
Picture	20	other				2991986	1	2225	1	0	2000
Picture	10	other				3004604	1	2226	1	0	2000
Picture	20	other				3016222	1	2226	1	0	2000
Picture	10	other				3027840	1	2226	1	0	2000
Picture	10	other				3039458	1	2226	1	0	2000
Picture	10	other				3053076	1	2226	1	0	2000
Picture	20	other				3065694	1	2226	1	0	2000
Picture	10	other				3078312	1	2226	1	0	2000
Picture	20	other				3091931	1	2226	1	0	2000
Picture	20	other				3103549	1	2226	1	0	2000
Picture	10	other				3116167	1	2226	1	0	2000
Picture	10	other				3129786	1	2226	1	0	2000
Picture	10	other				3142404	1	2226	1	0	2000
Picture	20	other				3155023	1	2226	1	0	2000
Picture	10	other				3168641	1	2226	1	0	2000
Picture	20	other				3181259	1	2226	1	0	2000
Picture	10	other				3194878	1	2226	1	0	2000
Picture	20	other				3206496	1	2226	1	0	2000
Picture	10	other				3220114	1	2226	1	0	2000
Picture	10	other				3232732	1	2225	1	0	2000
Picture	20	other				3244350	1	2226	1	0	2000
Picture	20	other				3257919	1	2226	1	0	2000
Picture	20	other				3269538	1	2226	1	0	2000
Picture	10	other				3283156	1	2226	1	0	2000
Picture	10	other				3294774	1	2226	1	0	2000
Picture	20	other				3308392	1	2226	1	0	2000
Picture	10	other				3321011	1	2226	1	0	2000
Picture	10	other				3334629	1	2226	1	0	2000
Picture	20	other				3346248	1	2226	1	0	2000
Picture	20	other				3359866	1	2226	1	0	2000
Picture	10	other				3372484	1	2226	1	0	2000
Picture	Bfix	other				3386102	1	60226	1	0	60000
