Scenario - loca_lec2
Logfile written - 10/30/2018 09:51:34

Subject	Trial	Event Type	Code	Time	TTime	Uncertainty	Duration	Uncertainty	ReqTime	ReqDur	Stim Type	Pair Index

sub-14_1	0	Pulse	255	523773	523773	0
sub-14_1	1	Nothing	cut	524001	0	1			0		other	0
sub-14_1	1	Nothing	cut	529001	5000	1			5000		other	0
sub-14_1	1	Nothing	cut	534001	10000	1			10000		other	0
sub-14_1	2	Picture	20	534236	0	1	2226	1	0	2000	other	0
sub-14_1	2	Pulse	255	543773	9537	0
sub-14_1	3	Picture	10	546854	0	1	2226	1	0	2000	other	0
sub-14_1	4	Picture	10	559473	0	1	2226	1	0	2000	other	0
sub-14_1	4	Pulse	255	563773	4300	0
sub-14_1	5	Picture	10	573091	0	1	2226	1	0	2000	other	0
sub-14_1	5	Pulse	255	583772	10682	0
sub-14_1	6	Picture	20	586710	0	1	2226	1	0	2000	other	0
sub-14_1	7	Picture	20	599328	0	1	2226	1	0	2000	other	0
sub-14_1	7	Pulse	255	603773	4444	0
sub-14_1	8	Picture	20	611947	0	1	2226	1	0	2000	other	0
sub-14_1	8	Pulse	255	623773	11826	0
sub-14_1	9	Picture	10	624565	0	1	2226	1	0	2000	other	0
sub-14_1	10	Picture	20	637202	0	1	2226	1	0	2000	other	0
sub-14_1	10	Pulse	255	643773	6570	0
sub-14_1	11	Picture	20	649821	0	1	2226	1	0	2000	other	0
sub-14_1	12	Picture	10	661440	0	1	2226	1	0	2000	other	0
sub-14_1	12	Pulse	255	663773	2333	0
sub-14_1	13	Picture	10	674058	0	1	2226	1	0	2000	other	0
sub-14_1	13	Pulse	255	683773	9715	0
sub-14_1	14	Picture	20	687677	0	1	2226	1	0	2000	other	0
sub-14_1	15	Picture	20	699295	0	1	2226	1	0	2000	other	0
sub-14_1	15	Pulse	255	703773	4478	0
sub-14_1	16	Picture	10	712914	0	1	2226	1	0	2000	other	0
sub-14_1	16	Pulse	255	723773	10859	0
sub-14_1	17	Picture	20	724533	0	1	2226	1	0	2000	other	0
sub-14_1	18	Picture	10	738152	0	1	2226	1	0	2000	other	0
sub-14_1	18	Pulse	255	743773	5621	0
sub-14_1	19	Picture	10	750770	0	1	2226	1	0	2000	other	0
sub-14_1	19	Pulse	255	763773	13003	0
sub-14_1	20	Picture	10	764389	0	1	2226	1	0	2000	other	0
sub-14_1	21	Picture	20	776007	0	1	2226	1	0	2000	other	0
sub-14_1	21	Pulse	255	783773	7766	0
sub-14_1	22	Picture	10	789625	0	1	2226	1	0	2000	other	0
sub-14_1	23	Picture	20	801244	0	1	2226	1	0	2000	other	0
sub-14_1	23	Pulse	255	803773	2529	0
sub-14_1	24	Picture	10	814862	0	1	2226	1	0	2000	other	0
sub-14_1	24	Pulse	255	823773	8911	0
sub-14_1	25	Picture	20	827480	0	1	2226	1	0	2000	other	0
sub-14_1	26	Picture	10	839099	0	1	2226	1	0	2000	other	0
sub-14_1	26	Pulse	255	843773	4675	0
sub-14_1	27	Picture	10	852717	0	1	2226	1	0	2000	other	0
sub-14_1	27	Pulse	255	863773	11056	0
sub-14_1	28	Picture	20	866337	0	1	2226	1	0	2000	other	0
sub-14_1	29	Picture	10	877956	0	1	2226	1	0	2000	other	0
sub-14_1	29	Pulse	255	883773	5818	0
sub-14_1	30	Picture	20	889574	0	1	2226	1	0	2000	other	0
sub-14_1	31	Picture	20	903193	0	1	2226	1	0	2000	other	0
sub-14_1	31	Pulse	255	903773	580	0
sub-14_1	32	Picture	20	914812	0	1	2226	1	0	2000	other	0
sub-14_1	32	Pulse	255	923773	8961	0
sub-14_1	33	Picture	20	928431	0	1	2226	1	0	2000	other	0
sub-14_1	34	Picture	20	942050	0	1	2226	1	0	2000	other	0
sub-14_1	34	Pulse	255	943773	1724	0
sub-14_1	35	Picture	Bfix	954668	0	1	150238	1	0	150000	other	0
sub-14_1	35	Pulse	255	963773	9105	0
sub-14_1	35	Pulse	255	983774	29105	0
sub-14_1	35	Pulse	255	1003774	49105	0
sub-14_1	35	Pulse	255	1023773	69105	0
sub-14_1	35	Pulse	255	1043774	89105	0
sub-14_1	35	Pulse	255	1063774	109105	0
sub-14_1	35	Pulse	255	1083773	129105	0
sub-14_1	35	Pulse	255	1103774	149105	0
sub-14_1	36	Picture	10	1104906	0	1	2226	1	0	2000	other	0
sub-14_1	37	Picture	10	1117525	0	1	2226	1	0	2000	other	0
sub-14_1	37	Pulse	255	1123774	6249	0
sub-14_1	38	Picture	20	1130144	0	1	2226	1	0	2000	other	0
sub-14_1	39	Picture	20	1143762	0	1	2226	1	0	2000	other	0
sub-14_1	39	Pulse	255	1143774	12	0
sub-14_1	40	Picture	10	1156381	0	1	2226	1	0	2000	other	0
sub-14_1	40	Pulse	255	1163774	7393	0
sub-14_1	41	Picture	20	1169000	0	1	2226	1	0	2000	other	0
sub-14_1	42	Picture	10	1181618	0	1	2226	1	0	2000	other	0
sub-14_1	42	Pulse	255	1183774	2156	0
sub-14_1	43	Picture	20	1195237	0	1	2226	1	0	2000	other	0
sub-14_1	43	Pulse	255	1203774	8537	0
sub-14_1	44	Picture	10	1208855	0	1	2226	1	0	2000	other	0
sub-14_1	45	Picture	10	1222474	0	1	2226	1	0	2000	other	0
sub-14_1	45	Pulse	255	1223774	1300	0
sub-14_1	46	Picture	20	1234093	0	1	2167	1	0	2000	other	0
sub-14_1	46	Pulse	255	1243774	9681	0
sub-14_1	47	Picture	20	1246653	0	1	2226	1	0	2000	other	0
sub-14_1	48	Picture	10	1259271	0	1	2226	1	0	2000	other	0
sub-14_1	48	Pulse	255	1263774	4503	0
sub-14_1	49	Picture	10	1270890	0	1	2226	1	0	2000	other	0
sub-14_1	49	Pulse	255	1283774	12884	0
sub-14_1	50	Picture	20	1284509	0	1	2226	1	0	2000	other	0
sub-14_1	51	Picture	10	1297128	0	1	2226	1	0	2000	other	0
sub-14_1	51	Pulse	255	1303774	6646	0
sub-14_1	52	Picture	20	1310747	0	1	2226	1	0	2000	other	0
sub-14_1	52	Pulse	255	1323774	13028	0
sub-14_1	53	Picture	20	1324368	0	1	2226	1	0	2000	other	0
sub-14_1	54	Picture	10	1335986	0	1	2226	1	0	2000	other	0
sub-14_1	54	Pulse	255	1343774	7788	0
sub-14_1	55	Picture	20	1348605	0	1	2226	1	0	2000	other	0
sub-14_1	56	Picture	10	1361224	0	1	2226	1	0	2000	other	0
sub-14_1	56	Pulse	255	1363774	2550	0
sub-14_1	57	Picture	20	1372843	0	1	2226	1	0	2000	other	0
sub-14_1	57	Pulse	255	1383774	10932	0
sub-14_1	58	Picture	20	1384461	0	1	2226	1	0	2000	other	0
sub-14_1	59	Picture	10	1396080	0	1	2226	1	0	2000	other	0
sub-14_1	59	Pulse	255	1403774	7695	0
sub-14_1	60	Picture	20	1408698	0	1	2226	1	0	2000	other	0
sub-14_1	61	Picture	20	1421317	0	1	2226	1	0	2000	other	0
sub-14_1	61	Pulse	255	1423775	2458	0
sub-14_1	62	Picture	20	1434936	0	1	2226	1	0	2000	other	0
sub-14_1	62	Pulse	255	1443774	8839	0
sub-14_1	63	Picture	10	1447554	0	1	2226	1	0	2000	other	0
sub-14_1	64	Picture	20	1460172	0	1	2226	1	0	2000	other	0
sub-14_1	64	Pulse	255	1463775	3602	0
sub-14_1	65	Picture	10	1473791	0	1	2226	1	0	2000	other	0
sub-14_1	65	Pulse	255	1483774	9984	0
sub-14_1	66	Picture	20	1485409	0	1	2226	1	0	2000	other	0
sub-14_1	67	Picture	20	1498027	0	1	2226	1	0	2000	other	0
sub-14_1	67	Pulse	255	1503774	5747	0
sub-14_1	68	Picture	10	1511646	0	1	2226	1	0	2000	other	0
sub-14_1	68	Pulse	255	1523775	12129	0
sub-14_1	69	Picture	Bfix	1525265	0	1	150232	1	0	150000	other	0
sub-14_1	69	Pulse	255	1543775	18510	0
sub-14_1	69	Pulse	255	1563775	38510	0
sub-14_1	69	Pulse	255	1583775	58510	0
sub-14_1	69	Pulse	255	1603775	78510	0
sub-14_1	69	Pulse	255	1623775	98510	0
sub-14_1	69	Pulse	255	1643775	118510	0
sub-14_1	69	Pulse	255	1663775	138510	0
sub-14_1	70	Picture	20	1675497	0	1	2226	1	0	2000	other	0
sub-14_1	70	Pulse	255	1683775	8278	0
sub-14_1	71	Picture	20	1689115	0	1	2226	1	0	2000	other	0
sub-14_1	72	Picture	20	1700734	0	1	2226	1	0	2000	other	0
sub-14_1	72	Pulse	255	1703775	3041	0
sub-14_1	73	Picture	20	1713352	0	1	2226	1	0	2000	other	0
sub-14_1	73	Pulse	255	1723775	10423	0
sub-14_1	74	Picture	20	1724971	0	1	2226	1	0	2000	other	0
sub-14_1	75	Picture	20	1736590	0	1	2226	1	0	2000	other	0
sub-14_1	75	Pulse	255	1743775	7185	0
sub-14_1	76	Picture	20	1749208	0	1	2226	1	0	2000	other	0
sub-14_1	77	Picture	10	1762827	0	1	2226	1	0	2000	other	0
sub-14_1	77	Pulse	255	1763775	948	0
sub-14_1	78	Picture	10	1776445	0	1	2226	1	0	2000	other	0
sub-14_1	78	Pulse	255	1783775	7330	0
sub-14_1	79	Picture	20	1789064	0	1	2226	1	0	2000	other	0
sub-14_1	80	Picture	10	1801683	0	1	2226	1	0	2000	other	0
sub-14_1	80	Pulse	255	1803775	2093	0
sub-14_1	81	Picture	20	1814302	0	1	2226	1	0	2000	other	0
sub-14_1	81	Pulse	255	1823775	9473	0
sub-14_1	82	Picture	20	1826920	0	1	2226	1	0	2000	other	0
sub-14_1	83	Picture	10	1839539	0	1	2226	1	0	2000	other	0
sub-14_1	83	Pulse	255	1843775	4237	0
sub-14_1	84	Picture	20	1853157	0	1	2226	1	0	2000	other	0
sub-14_1	84	Pulse	255	1863775	10618	0
sub-14_1	85	Picture	10	1866776	0	1	2226	1	0	2000	other	0
sub-14_1	86	Picture	10	1878394	0	1	2226	1	0	2000	other	0
sub-14_1	86	Pulse	255	1883776	5381	0
sub-14_1	87	Picture	10	1891013	0	1	2226	1	0	2000	other	0
sub-14_1	87	Pulse	255	1903775	12763	0
sub-14_1	88	Picture	20	1904631	0	1	2226	1	0	2000	other	0
sub-14_1	89	Picture	10	1917250	0	1	2226	1	0	2000	other	0
sub-14_1	89	Pulse	255	1923775	6525	0
sub-14_1	90	Picture	20	1930868	0	1	2226	1	0	2000	other	0
sub-14_1	91	Picture	10	1942487	0	1	2226	1	0	2000	other	0
sub-14_1	91	Pulse	255	1943776	1289	0
sub-14_1	92	Picture	20	1955106	0	1	2226	1	0	2000	other	0
sub-14_1	92	Pulse	255	1963776	8670	0
sub-14_1	93	Picture	10	1967725	0	1	2226	1	0	2000	other	0
sub-14_1	94	Picture	10	1979344	0	1	2226	1	0	2000	other	0
sub-14_1	94	Pulse	255	1983775	4431	0
sub-14_1	95	Picture	20	1990963	0	1	2226	1	0	2000	other	0
sub-14_1	96	Picture	10	2002581	0	1	2226	1	0	2000	other	0
sub-14_1	96	Pulse	255	2003775	1194	0
sub-14_1	97	Picture	10	2014200	0	1	2226	1	0	2000	other	0
sub-14_1	97	Pulse	255	2023766	9566	0
sub-14_1	98	Picture	20	2027818	0	1	2226	1	0	2000	other	0
sub-14_1	99	Picture	10	2040437	0	1	2226	1	0	2000	other	0
sub-14_1	99	Pulse	255	2043766	3329	0
sub-14_1	100	Picture	20	2054055	0	1	2226	1	0	2000	other	0
sub-14_1	100	Pulse	255	2063765	9710	0
sub-14_1	101	Picture	Bfix	2066674	0	1	150232	1	0	150000	other	0
sub-14_1	101	Pulse	255	2083766	17092	0
sub-14_1	101	Pulse	255	2103766	37092	0
sub-14_1	101	Pulse	255	2123766	57092	0
sub-14_1	101	Pulse	255	2143766	77092	0
sub-14_1	101	Pulse	255	2163766	97092	0
sub-14_1	101	Pulse	255	2183766	117092	0
sub-14_1	101	Pulse	255	2203766	137092	0
sub-14_1	102	Picture	20	2216906	0	1	2226	1	0	2000	other	0
sub-14_1	102	Pulse	255	2223766	6860	0
sub-14_1	103	Picture	10	2230525	0	1	2226	1	0	2000	other	0
sub-14_1	103	Pulse	255	2243808	13284	0
sub-14_1	104	Picture	20	2244143	0	1	2226	1	0	2000	other	0
sub-14_1	105	Picture	10	2256762	0	1	2226	1	0	2000	other	0
sub-14_1	105	Pulse	255	2263766	7004	0
sub-14_1	106	Picture	20	2268380	0	1	2226	1	0	2000	other	0
sub-14_1	107	Picture	20	2281999	0	1	2226	1	0	2000	other	0
sub-14_1	107	Pulse	255	2283766	1767	0
sub-14_1	108	Picture	20	2294618	0	1	2227	1	0	2000	other	0
sub-14_1	108	Pulse	255	2303766	9148	0
sub-14_1	109	Picture	10	2306237	0	1	2226	1	0	2000	other	0
sub-14_1	110	Picture	10	2318856	0	1	2226	1	0	2000	other	0
sub-14_1	110	Pulse	255	2323766	4910	0
sub-14_1	111	Picture	20	2332475	0	1	2226	1	0	2000	other	0
sub-14_1	111	Pulse	255	2343776	11302	0
sub-14_1	112	Picture	20	2344093	0	1	2226	1	0	2000	other	0
sub-14_1	113	Picture	10	2357712	0	1	2226	1	0	2000	other	0
sub-14_1	113	Pulse	255	2363766	6054	0
sub-14_1	114	Picture	20	2370331	0	1	2226	1	0	2000	other	0
sub-14_1	115	Picture	20	2381949	0	1	2226	1	0	2000	other	0
sub-14_1	115	Pulse	255	2383766	1817	0
sub-14_1	116	Picture	10	2395568	0	1	2226	1	0	2000	other	0
sub-14_1	116	Pulse	255	2403766	8198	0
sub-14_1	117	Picture	20	2407186	0	1	2226	1	0	2000	other	0
sub-14_1	118	Picture	20	2419805	0	1	2226	1	0	2000	other	0
sub-14_1	118	Pulse	255	2423766	3962	0
sub-14_1	119	Picture	10	2431423	0	1	2226	1	0	2000	other	0
sub-14_1	119	Pulse	255	2443767	12343	0
sub-14_1	120	Picture	20	2445042	0	1	2226	1	0	2000	other	0
sub-14_1	121	Picture	20	2457660	0	1	2226	1	0	2000	other	0
sub-14_1	121	Pulse	255	2463766	6106	0
sub-14_1	122	Picture	10	2469279	0	1	2226	1	0	2000	other	0
sub-14_1	123	Picture	20	2480898	0	1	2226	1	0	2000	other	0
sub-14_1	123	Pulse	255	2483766	2869	0
sub-14_1	124	Picture	20	2493517	0	1	2226	1	0	2000	other	0
sub-14_1	124	Pulse	255	2503767	10250	0
sub-14_1	125	Picture	20	2506135	0	1	2226	1	0	2000	other	0
sub-14_1	126	Picture	10	2518754	0	1	2226	1	0	2000	other	0
sub-14_1	126	Pulse	255	2523766	5012	0
sub-14_1	127	Picture	10	2531373	0	1	2226	1	0	2000	other	0
sub-14_1	128	Picture	20	2542992	0	1	2226	1	0	2000	other	0
sub-14_1	128	Pulse	255	2543767	775	0
sub-14_1	129	Picture	10	2554610	0	1	2226	1	0	2000	other	0
sub-14_1	129	Pulse	255	2563767	9156	0
sub-14_1	130	Picture	20	2568229	0	1	2226	1	0	2000	other	0
sub-14_1	131	Picture	10	2581847	0	1	2226	1	0	2000	other	0
sub-14_1	131	Pulse	255	2583766	1919	0
sub-14_1	132	Picture	20	2595466	0	1	2226	1	0	2000	other	0
sub-14_1	132	Pulse	255	2603767	8301	0
sub-14_1	133	Picture	20	2608085	0	1	2226	1	0	2000	other	0
sub-14_1	134	Picture	Bfix	2621703	0	1	150241	1	0	150000	other	0
sub-14_1	134	Pulse	255	2623767	2064	0
sub-14_1	134	Pulse	255	2643767	22064	0
sub-14_1	134	Pulse	255	2663767	42064	0
sub-14_1	134	Pulse	255	2683766	62063	0
sub-14_1	134	Pulse	255	2703767	82064	0
sub-14_1	134	Pulse	255	2723767	102064	0
sub-14_1	134	Pulse	255	2743767	122064	0
sub-14_1	134	Pulse	255	2763767	142064	0
sub-14_1	135	Picture	10	2771944	0	1	2226	1	0	2000	other	0
sub-14_1	135	Pulse	255	2783767	11823	0
sub-14_1	136	Picture	20	2785562	0	1	2226	1	0	2000	other	0
sub-14_1	137	Picture	10	2799181	0	1	2226	1	0	2000	other	0
sub-14_1	137	Pulse	255	2803767	4586	0
sub-14_1	138	Picture	20	2810800	0	1	2226	1	0	2000	other	0
sub-14_1	138	Pulse	255	2823767	12967	0
sub-14_1	139	Picture	10	2824418	0	1	2226	1	0	2000	other	0
sub-14_1	140	Picture	10	2836037	0	1	2226	1	0	2000	other	0
sub-14_1	140	Pulse	255	2843767	7730	0
sub-14_1	141	Picture	20	2847655	0	1	2226	1	0	2000	other	0
sub-14_1	142	Picture	10	2860274	0	1	2226	1	0	2000	other	0
sub-14_1	142	Pulse	255	2863767	3493	0
sub-14_1	143	Picture	20	2873893	0	1	2226	1	0	2000	other	0
sub-14_1	143	Pulse	255	2883767	9874	0
sub-14_1	144	Picture	20	2885511	0	1	2226	1	0	2000	other	0
sub-14_1	145	Picture	20	2897130	0	1	2226	1	0	2000	other	0
sub-14_1	145	Pulse	255	2903767	6637	0
sub-14_1	146	Picture	10	2908749	0	1	2226	1	0	2000	other	0
sub-14_1	147	Picture	20	2922367	0	1	2226	1	0	2000	other	0
sub-14_1	147	Pulse	255	2923767	1400	0
sub-14_1	148	Picture	10	2933986	0	1	2226	1	0	2000	other	0
sub-14_1	148	Pulse	255	2943767	9781	0
sub-14_1	149	Picture	10	2946605	0	1	2226	1	0	2000	other	0
sub-14_1	150	Picture	20	2959223	0	1	2226	1	0	2000	other	0
sub-14_1	150	Pulse	255	2963767	4544	0
sub-14_1	151	Picture	10	2970842	0	1	2226	1	0	2000	other	0
sub-14_1	152	Picture	20	2983460	0	1	2226	1	0	2000	other	0
sub-14_1	152	Pulse	255	2983767	307	0
sub-14_1	153	Picture	10	2995078	0	1	2226	1	0	2000	other	0
sub-14_1	153	Pulse	255	3003767	8689	0
sub-14_1	154	Picture	10	3007697	0	1	2226	1	0	2000	other	0
sub-14_1	155	Picture	10	3020315	0	1	2226	1	0	2000	other	0
sub-14_1	155	Pulse	255	3023767	3452	0
sub-14_1	156	Picture	20	3031934	0	1	2226	1	0	2000	other	0
sub-14_1	156	Pulse	255	3043768	11834	0
sub-14_1	157	Picture	20	3045552	0	1	2226	1	0	2000	other	0
sub-14_1	158	Picture	10	3058170	0	1	2226	1	0	2000	other	0
sub-14_1	158	Pulse	255	3063770	5600	0
sub-14_1	159	Picture	10	3069789	0	1	2226	1	0	2000	other	0
sub-14_1	160	Picture	10	3083407	0	1	2226	1	0	2000	other	0
sub-14_1	160	Pulse	255	3083768	360	0
sub-14_1	161	Picture	10	3096026	0	1	2226	1	0	2000	other	0
sub-14_1	161	Pulse	255	3103768	7742	0
sub-14_1	162	Picture	10	3109644	0	1	2226	1	0	2000	other	0
sub-14_1	163	Picture	20	3123263	0	1	2226	1	0	2000	other	0
sub-14_1	163	Pulse	255	3123768	504	0
sub-14_1	164	Picture	10	3134882	0	1	2226	1	0	2000	other	0
sub-14_1	164	Pulse	255	3143768	8885	0
sub-14_1	165	Picture	20	3146501	0	1	2226	1	0	2000	other	0
sub-14_1	166	Picture	20	3158119	0	1	2226	1	0	2000	other	0
sub-14_1	166	Pulse	255	3163768	5649	0
sub-14_1	167	Picture	10	3171738	0	1	2226	1	0	2000	other	0
sub-14_1	167	Pulse	255	3183768	12030	0
sub-14_1	168	Picture	20	3185357	0	1	2226	1	0	2000	other	0
sub-14_1	169	Picture	10	3196976	0	1	2226	1	0	2000	other	0
sub-14_1	169	Pulse	255	3203768	6792	0
sub-14_1	170	Picture	20	3209594	0	1	2226	1	0	2000	other	0
sub-14_1	171	Picture	10	3222213	0	1	2226	1	0	2000	other	0
sub-14_1	171	Pulse	255	3223768	1555	0
sub-14_1	172	Picture	Suite	3233831	0	1	50226	1	0	50000	other	0
sub-14_1	172	Pulse	255	3243768	9937	0
sub-14_1	172	Pulse	255	3263768	29937	0
sub-14_1	172	Pulse	255	3283768	49937	0
sub-14_1	172	Pulse	255	3303768	69936	0
sub-14_1	173	Picture	Bfix	3304058	0	1	71267	1	0	60000	other	0
sub-14_1	173	Pulse	255	3323768	19710	0
sub-14_1	173	Pulse	255	3343768	39710	0
sub-14_1	173	Pulse	255	3363768	59710	0


Event Type	Code	Type	Response	RT	RT Uncertainty	Time	Uncertainty	Duration	Uncertainty	ReqTime	ReqDur

Nothing	cut	other				524001	1			0
Nothing	cut	other				529001	1			5000
Nothing	cut	other				534001	1			10000
Picture	20	other				534236	1	2226	1	0	2000
Picture	10	other				546854	1	2226	1	0	2000
Picture	10	other				559473	1	2226	1	0	2000
Picture	10	other				573091	1	2226	1	0	2000
Picture	20	other				586710	1	2226	1	0	2000
Picture	20	other				599328	1	2226	1	0	2000
Picture	20	other				611947	1	2226	1	0	2000
Picture	10	other				624565	1	2226	1	0	2000
Picture	20	other				637202	1	2226	1	0	2000
Picture	20	other				649821	1	2226	1	0	2000
Picture	10	other				661440	1	2226	1	0	2000
Picture	10	other				674058	1	2226	1	0	2000
Picture	20	other				687677	1	2226	1	0	2000
Picture	20	other				699295	1	2226	1	0	2000
Picture	10	other				712914	1	2226	1	0	2000
Picture	20	other				724533	1	2226	1	0	2000
Picture	10	other				738152	1	2226	1	0	2000
Picture	10	other				750770	1	2226	1	0	2000
Picture	10	other				764389	1	2226	1	0	2000
Picture	20	other				776007	1	2226	1	0	2000
Picture	10	other				789625	1	2226	1	0	2000
Picture	20	other				801244	1	2226	1	0	2000
Picture	10	other				814862	1	2226	1	0	2000
Picture	20	other				827480	1	2226	1	0	2000
Picture	10	other				839099	1	2226	1	0	2000
Picture	10	other				852717	1	2226	1	0	2000
Picture	20	other				866337	1	2226	1	0	2000
Picture	10	other				877956	1	2226	1	0	2000
Picture	20	other				889574	1	2226	1	0	2000
Picture	20	other				903193	1	2226	1	0	2000
Picture	20	other				914812	1	2226	1	0	2000
Picture	20	other				928431	1	2226	1	0	2000
Picture	20	other				942050	1	2226	1	0	2000
Picture	Bfix	other				954668	1	150238	1	0	150000
Picture	10	other				1104906	1	2226	1	0	2000
Picture	10	other				1117525	1	2226	1	0	2000
Picture	20	other				1130144	1	2226	1	0	2000
Picture	20	other				1143762	1	2226	1	0	2000
Picture	10	other				1156381	1	2226	1	0	2000
Picture	20	other				1169000	1	2226	1	0	2000
Picture	10	other				1181618	1	2226	1	0	2000
Picture	20	other				1195237	1	2226	1	0	2000
Picture	10	other				1208855	1	2226	1	0	2000
Picture	10	other				1222474	1	2226	1	0	2000
Picture	20	other				1234093	1	2167	1	0	2000
Picture	20	other				1246653	1	2226	1	0	2000
Picture	10	other				1259271	1	2226	1	0	2000
Picture	10	other				1270890	1	2226	1	0	2000
Picture	20	other				1284509	1	2226	1	0	2000
Picture	10	other				1297128	1	2226	1	0	2000
Picture	20	other				1310747	1	2226	1	0	2000
Picture	20	other				1324368	1	2226	1	0	2000
Picture	10	other				1335986	1	2226	1	0	2000
Picture	20	other				1348605	1	2226	1	0	2000
Picture	10	other				1361224	1	2226	1	0	2000
Picture	20	other				1372843	1	2226	1	0	2000
Picture	20	other				1384461	1	2226	1	0	2000
Picture	10	other				1396080	1	2226	1	0	2000
Picture	20	other				1408698	1	2226	1	0	2000
Picture	20	other				1421317	1	2226	1	0	2000
Picture	20	other				1434936	1	2226	1	0	2000
Picture	10	other				1447554	1	2226	1	0	2000
Picture	20	other				1460172	1	2226	1	0	2000
Picture	10	other				1473791	1	2226	1	0	2000
Picture	20	other				1485409	1	2226	1	0	2000
Picture	20	other				1498027	1	2226	1	0	2000
Picture	10	other				1511646	1	2226	1	0	2000
Picture	Bfix	other				1525265	1	150232	1	0	150000
Picture	20	other				1675497	1	2226	1	0	2000
Picture	20	other				1689115	1	2226	1	0	2000
Picture	20	other				1700734	1	2226	1	0	2000
Picture	20	other				1713352	1	2226	1	0	2000
Picture	20	other				1724971	1	2226	1	0	2000
Picture	20	other				1736590	1	2226	1	0	2000
Picture	20	other				1749208	1	2226	1	0	2000
Picture	10	other				1762827	1	2226	1	0	2000
Picture	10	other				1776445	1	2226	1	0	2000
Picture	20	other				1789064	1	2226	1	0	2000
Picture	10	other				1801683	1	2226	1	0	2000
Picture	20	other				1814302	1	2226	1	0	2000
Picture	20	other				1826920	1	2226	1	0	2000
Picture	10	other				1839539	1	2226	1	0	2000
Picture	20	other				1853157	1	2226	1	0	2000
Picture	10	other				1866776	1	2226	1	0	2000
Picture	10	other				1878394	1	2226	1	0	2000
Picture	10	other				1891013	1	2226	1	0	2000
Picture	20	other				1904631	1	2226	1	0	2000
Picture	10	other				1917250	1	2226	1	0	2000
Picture	20	other				1930868	1	2226	1	0	2000
Picture	10	other				1942487	1	2226	1	0	2000
Picture	20	other				1955106	1	2226	1	0	2000
Picture	10	other				1967725	1	2226	1	0	2000
Picture	10	other				1979344	1	2226	1	0	2000
Picture	20	other				1990963	1	2226	1	0	2000
Picture	10	other				2002581	1	2226	1	0	2000
Picture	10	other				2014200	1	2226	1	0	2000
Picture	20	other				2027818	1	2226	1	0	2000
Picture	10	other				2040437	1	2226	1	0	2000
Picture	20	other				2054055	1	2226	1	0	2000
Picture	Bfix	other				2066674	1	150232	1	0	150000
Picture	20	other				2216906	1	2226	1	0	2000
Picture	10	other				2230525	1	2226	1	0	2000
Picture	20	other				2244143	1	2226	1	0	2000
Picture	10	other				2256762	1	2226	1	0	2000
Picture	20	other				2268380	1	2226	1	0	2000
Picture	20	other				2281999	1	2226	1	0	2000
Picture	20	other				2294618	1	2227	1	0	2000
Picture	10	other				2306237	1	2226	1	0	2000
Picture	10	other				2318856	1	2226	1	0	2000
Picture	20	other				2332475	1	2226	1	0	2000
Picture	20	other				2344093	1	2226	1	0	2000
Picture	10	other				2357712	1	2226	1	0	2000
Picture	20	other				2370331	1	2226	1	0	2000
Picture	20	other				2381949	1	2226	1	0	2000
Picture	10	other				2395568	1	2226	1	0	2000
Picture	20	other				2407186	1	2226	1	0	2000
Picture	20	other				2419805	1	2226	1	0	2000
Picture	10	other				2431423	1	2226	1	0	2000
Picture	20	other				2445042	1	2226	1	0	2000
Picture	20	other				2457660	1	2226	1	0	2000
Picture	10	other				2469279	1	2226	1	0	2000
Picture	20	other				2480898	1	2226	1	0	2000
Picture	20	other				2493517	1	2226	1	0	2000
Picture	20	other				2506135	1	2226	1	0	2000
Picture	10	other				2518754	1	2226	1	0	2000
Picture	10	other				2531373	1	2226	1	0	2000
Picture	20	other				2542992	1	2226	1	0	2000
Picture	10	other				2554610	1	2226	1	0	2000
Picture	20	other				2568229	1	2226	1	0	2000
Picture	10	other				2581847	1	2226	1	0	2000
Picture	20	other				2595466	1	2226	1	0	2000
Picture	20	other				2608085	1	2226	1	0	2000
Picture	Bfix	other				2621703	1	150241	1	0	150000
Picture	10	other				2771944	1	2226	1	0	2000
Picture	20	other				2785562	1	2226	1	0	2000
Picture	10	other				2799181	1	2226	1	0	2000
Picture	20	other				2810800	1	2226	1	0	2000
Picture	10	other				2824418	1	2226	1	0	2000
Picture	10	other				2836037	1	2226	1	0	2000
Picture	20	other				2847655	1	2226	1	0	2000
Picture	10	other				2860274	1	2226	1	0	2000
Picture	20	other				2873893	1	2226	1	0	2000
Picture	20	other				2885511	1	2226	1	0	2000
Picture	20	other				2897130	1	2226	1	0	2000
Picture	10	other				2908749	1	2226	1	0	2000
Picture	20	other				2922367	1	2226	1	0	2000
Picture	10	other				2933986	1	2226	1	0	2000
Picture	10	other				2946605	1	2226	1	0	2000
Picture	20	other				2959223	1	2226	1	0	2000
Picture	10	other				2970842	1	2226	1	0	2000
Picture	20	other				2983460	1	2226	1	0	2000
Picture	10	other				2995078	1	2226	1	0	2000
Picture	10	other				3007697	1	2226	1	0	2000
Picture	10	other				3020315	1	2226	1	0	2000
Picture	20	other				3031934	1	2226	1	0	2000
Picture	20	other				3045552	1	2226	1	0	2000
Picture	10	other				3058170	1	2226	1	0	2000
Picture	10	other				3069789	1	2226	1	0	2000
Picture	10	other				3083407	1	2226	1	0	2000
Picture	10	other				3096026	1	2226	1	0	2000
Picture	10	other				3109644	1	2226	1	0	2000
Picture	20	other				3123263	1	2226	1	0	2000
Picture	10	other				3134882	1	2226	1	0	2000
Picture	20	other				3146501	1	2226	1	0	2000
Picture	20	other				3158119	1	2226	1	0	2000
Picture	10	other				3171738	1	2226	1	0	2000
Picture	20	other				3185357	1	2226	1	0	2000
Picture	10	other				3196976	1	2226	1	0	2000
Picture	20	other				3209594	1	2226	1	0	2000
Picture	10	other				3222213	1	2226	1	0	2000
Picture	Suite	other				3233831	1	50226	1	0	50000
Picture	Bfix	other				3304058	1	71267	1	0	60000
