Scenario - loca_lec2
Logfile written - 12/10/2018 10:14:04

Subject	Trial	Event Type	Code	Time	TTime	Uncertainty	Duration	Uncertainty	ReqTime	ReqDur	Stim Type	Pair Index

sub-09_1	0	Pulse	255	548338	548338	0
sub-09_1	1	Nothing	cut	548566	0	1			0		other	0
sub-09_1	1	Nothing	cut	553566	5000	1			5000		other	0
sub-09_1	2	Picture	20	558830	0	1	2226	1	0	2000	other	0
sub-09_1	2	Pulse	255	568328	9498	0
sub-09_1	3	Picture	10	570448	0	1	2227	1	0	2000	other	0
sub-09_1	4	Picture	10	583067	0	1	2226	1	0	2000	other	0
sub-09_1	4	Pulse	255	588328	5260	0
sub-09_1	5	Picture	10	595686	0	1	2226	1	0	2000	other	0
sub-09_1	5	Pulse	255	608328	12641	0
sub-09_1	6	Picture	20	609305	0	1	2226	1	0	2000	other	0
sub-09_1	7	Picture	20	622924	0	1	2226	1	0	2000	other	0
sub-09_1	7	Pulse	255	628327	5403	0
sub-09_1	8	Picture	20	635542	0	1	2226	1	0	2000	other	0
sub-09_1	9	Picture	10	648161	0	1	2226	1	0	2000	other	0
sub-09_1	9	Pulse	255	648328	167	0
sub-09_1	10	Picture	20	661779	0	1	2226	1	0	2000	other	0
sub-09_1	10	Pulse	255	668328	6549	0
sub-09_1	11	Picture	20	673398	0	1	2226	1	0	2000	other	0
sub-09_1	12	Picture	10	686017	0	1	2226	1	0	2000	other	0
sub-09_1	12	Pulse	255	688328	2311	0
sub-09_1	13	Picture	10	699636	0	1	2226	1	0	2000	other	0
sub-09_1	13	Pulse	255	708328	8692	0
sub-09_1	14	Picture	20	712255	0	1	2226	1	0	2000	other	0
sub-09_1	15	Picture	20	725873	0	1	2226	1	0	2000	other	0
sub-09_1	15	Pulse	255	728328	2455	0
sub-09_1	16	Picture	10	738492	0	1	2226	1	0	2000	other	0
sub-09_1	16	Pulse	255	748328	9836	0
sub-09_1	17	Picture	20	752110	0	1	2226	1	0	2000	other	0
sub-09_1	18	Picture	10	764729	0	1	2226	1	0	2000	other	0
sub-09_1	18	Pulse	255	768328	3599	0
sub-09_1	19	Picture	10	778348	0	1	2226	1	0	2000	other	0
sub-09_1	19	Pulse	255	788328	9980	0
sub-09_1	20	Picture	10	790966	0	1	2226	1	0	2000	other	0
sub-09_1	21	Picture	20	803585	0	1	2226	1	0	2000	other	0
sub-09_1	21	Pulse	255	808328	4744	0
sub-09_1	22	Picture	10	816203	0	1	2226	1	0	2000	other	0
sub-09_1	22	Pulse	255	828328	12126	0
sub-09_1	23	Picture	20	828821	0	1	2226	1	0	2000	other	0
sub-09_1	24	Picture	10	840440	0	1	2226	1	0	2000	other	0
sub-09_1	24	Pulse	255	848328	7888	0
sub-09_1	25	Picture	20	852059	0	1	2226	1	0	2000	other	0
sub-09_1	26	Picture	10	863677	0	1	2226	1	0	2000	other	0
sub-09_1	26	Pulse	255	868329	4651	0
sub-09_1	27	Picture	10	877296	0	1	2226	1	0	2000	other	0
sub-09_1	27	Pulse	255	888329	11033	0
sub-09_1	28	Picture	20	889915	0	1	2226	1	0	2000	other	0
sub-09_1	29	Picture	10	901533	0	1	2226	1	0	2000	other	0
sub-09_1	29	Pulse	255	908329	6795	0
sub-09_1	30	Picture	20	913152	0	1	2226	1	0	2000	other	0
sub-09_1	31	Picture	20	924770	0	1	2226	1	0	2000	other	0
sub-09_1	31	Pulse	255	928329	3559	0
sub-09_1	32	Picture	20	937389	0	1	2227	1	0	2000	other	0
sub-09_1	32	Pulse	255	948329	10940	0
sub-09_1	33	Picture	20	951009	0	1	2226	1	0	2000	other	0
sub-09_1	34	Picture	20	963628	0	1	2226	1	0	2000	other	0
sub-09_1	34	Pulse	255	968329	4701	0
sub-09_1	35	Picture	Bfix	976246	0	1	150238	1	0	150000	other	0
sub-09_1	35	Pulse	255	988329	12083	0
sub-09_1	35	Pulse	255	1008329	32083	0
sub-09_1	35	Pulse	255	1028329	52083	0
sub-09_1	35	Pulse	255	1048329	72083	0
sub-09_1	35	Pulse	255	1068329	92083	0
sub-09_1	35	Pulse	255	1088329	112083	0
sub-09_1	35	Pulse	255	1108329	132084	0
sub-09_1	36	Picture	10	1126484	0	1	2226	1	0	2000	other	0
sub-09_1	36	Pulse	255	1128329	1845	0
sub-09_1	37	Picture	10	1138102	0	1	2226	1	0	2000	other	0
sub-09_1	37	Pulse	255	1148330	10227	0
sub-09_1	38	Picture	20	1151721	0	1	2226	1	0	2000	other	0
sub-09_1	39	Picture	20	1163340	0	1	2226	1	0	2000	other	0
sub-09_1	39	Pulse	255	1168329	4990	0
sub-09_1	40	Picture	10	1174958	0	1	2226	1	0	2000	other	0
sub-09_1	41	Picture	20	1186577	0	1	2226	1	0	2000	other	0
sub-09_1	41	Pulse	255	1188330	1753	0
sub-09_1	42	Picture	10	1199196	0	1	2226	1	0	2000	other	0
sub-09_1	42	Pulse	255	1208329	9134	0
sub-09_1	43	Picture	20	1212814	0	1	2226	1	0	2000	other	0
sub-09_1	44	Picture	10	1224433	0	1	2226	1	0	2000	other	0
sub-09_1	44	Pulse	255	1228330	3897	0
sub-09_1	45	Picture	10	1238052	0	1	2226	1	0	2000	other	0
sub-09_1	45	Pulse	255	1248329	10278	0
sub-09_1	46	Picture	20	1251671	0	1	2226	1	0	2000	other	0
sub-09_1	47	Picture	20	1265289	0	1	2226	1	0	2000	other	0
sub-09_1	47	Pulse	255	1268330	3041	0
sub-09_1	48	Picture	10	1276907	0	1	2226	1	0	2000	other	0
sub-09_1	48	Pulse	255	1288330	11422	0
sub-09_1	49	Picture	10	1290526	0	1	2226	1	0	2000	other	0
sub-09_1	50	Picture	20	1304145	0	1	2226	1	0	2000	other	0
sub-09_1	50	Pulse	255	1308330	4185	0
sub-09_1	51	Picture	10	1315764	0	1	2226	1	0	2000	other	0
sub-09_1	52	Picture	20	1327382	0	1	2226	1	0	2000	other	0
sub-09_1	52	Pulse	255	1328329	947	0
sub-09_1	53	Picture	20	1341001	0	1	2226	1	0	2000	other	0
sub-09_1	53	Pulse	255	1348330	7329	0
sub-09_1	54	Picture	10	1352620	0	1	2226	1	0	2000	other	0
sub-09_1	55	Picture	20	1364238	0	1	2226	1	0	2000	other	0
sub-09_1	55	Pulse	255	1368330	4091	0
sub-09_1	56	Picture	10	1376857	0	1	2226	1	0	2000	other	0
sub-09_1	56	Pulse	255	1388330	11473	0
sub-09_1	57	Picture	20	1389476	0	1	2226	1	0	2000	other	0
sub-09_1	58	Picture	20	1401094	0	1	2226	1	0	2000	other	0
sub-09_1	58	Pulse	255	1408330	7236	0
sub-09_1	59	Picture	10	1413712	0	1	2226	1	0	2000	other	0
sub-09_1	60	Picture	20	1426331	0	1	2226	1	0	2000	other	0
sub-09_1	60	Pulse	255	1428330	1999	0
sub-09_1	61	Picture	20	1437950	0	1	2226	1	0	2000	other	0
sub-09_1	61	Pulse	255	1448330	10380	0
sub-09_1	62	Picture	20	1449569	0	1	2226	1	0	2000	other	0
sub-09_1	63	Picture	10	1461188	0	1	2226	1	0	2000	other	0
sub-09_1	63	Pulse	255	1468331	7143	0
sub-09_1	64	Picture	20	1472806	0	1	2226	1	0	2000	other	0
sub-09_1	65	Picture	10	1484424	0	1	2226	1	0	2000	other	0
sub-09_1	65	Pulse	255	1488330	3906	0
sub-09_1	66	Picture	20	1496043	0	1	2226	1	0	2000	other	0
sub-09_1	66	Pulse	255	1508350	12307	0
sub-09_1	67	Picture	20	1508662	0	1	2226	1	0	2000	other	0
sub-09_1	68	Picture	10	1522280	0	1	2226	1	0	2000	other	0
sub-09_1	68	Pulse	255	1528331	6050	0
sub-09_1	69	Picture	Bfix	1534899	0	1	150234	1	0	150000	other	0
sub-09_1	69	Pulse	255	1548331	13432	0
sub-09_1	69	Pulse	255	1568331	33432	0
sub-09_1	69	Pulse	255	1588331	53432	0
sub-09_1	69	Pulse	255	1608331	73432	0
sub-09_1	69	Pulse	255	1628331	93432	0
sub-09_1	69	Pulse	255	1648331	113432	0
sub-09_1	69	Pulse	255	1668331	133433	0
sub-09_1	70	Picture	20	1685132	0	1	2226	1	0	2000	other	0
sub-09_1	70	Pulse	255	1688331	3199	0
sub-09_1	71	Picture	20	1698751	0	1	2226	1	0	2000	other	0
sub-09_1	71	Pulse	255	1708331	9580	0
sub-09_1	72	Picture	20	1712369	0	1	2226	1	0	2000	other	0
sub-09_1	73	Picture	20	1725987	0	1	2226	1	0	2000	other	0
sub-09_1	73	Pulse	255	1728331	2344	0
sub-09_1	74	Picture	20	1738606	0	1	2226	1	0	2000	other	0
sub-09_1	74	Pulse	255	1748331	9725	0
sub-09_1	75	Picture	20	1751224	0	1	2226	1	0	2000	other	0
sub-09_1	76	Picture	20	1762843	0	1	2226	1	0	2000	other	0
sub-09_1	76	Pulse	255	1768331	5489	0
sub-09_1	77	Picture	10	1776461	0	1	2226	1	0	2000	other	0
sub-09_1	78	Picture	10	1788080	0	1	2226	1	0	2000	other	0
sub-09_1	78	Pulse	255	1788332	251	0
sub-09_1	79	Picture	20	1800698	0	1	2226	1	0	2000	other	0
sub-09_1	79	Pulse	255	1808331	7633	0
sub-09_1	80	Picture	10	1814317	0	1	2226	1	0	2000	other	0
sub-09_1	81	Picture	20	1826936	0	1	2226	1	0	2000	other	0
sub-09_1	81	Pulse	255	1828331	1395	0
sub-09_1	82	Picture	20	1839555	0	1	2226	1	0	2000	other	0
sub-09_1	82	Pulse	255	1848332	8777	0
sub-09_1	83	Picture	10	1852173	0	1	2226	1	0	2000	other	0
sub-09_1	84	Picture	20	1865792	0	1	2226	1	0	2000	other	0
sub-09_1	84	Pulse	255	1868332	2540	0
sub-09_1	85	Picture	10	1878410	0	1	2226	1	0	2000	other	0
sub-09_1	85	Pulse	255	1888332	9922	0
sub-09_1	86	Picture	10	1890029	0	1	2226	1	0	2000	other	0
sub-09_1	87	Picture	10	1902648	0	1	2226	1	0	2000	other	0
sub-09_1	87	Pulse	255	1908332	5684	0
sub-09_1	88	Picture	20	1915266	0	1	2226	1	0	2000	other	0
sub-09_1	89	Picture	10	1926885	0	1	2226	1	0	2000	other	0
sub-09_1	89	Pulse	255	1928332	1447	0
sub-09_1	90	Picture	20	1938503	0	1	2226	1	0	2000	other	0
sub-09_1	90	Pulse	255	1948332	9829	0
sub-09_1	91	Picture	10	1952122	0	1	2226	1	0	2000	other	0
sub-09_1	92	Picture	20	1964741	0	1	2226	1	0	2000	other	0
sub-09_1	92	Pulse	255	1968332	3591	0
sub-09_1	93	Picture	10	1976360	0	1	2226	1	0	2000	other	0
sub-09_1	93	Pulse	255	1988332	11972	0
sub-09_1	94	Picture	10	1988979	0	1	2226	1	0	2000	other	0
sub-09_1	95	Picture	20	2002597	0	1	2226	1	0	2000	other	0
sub-09_1	95	Pulse	255	2008332	5735	0
sub-09_1	96	Picture	10	2016216	0	1	2226	1	0	2000	other	0
sub-09_1	96	Pulse	255	2028332	12116	0
sub-09_1	97	Picture	10	2029835	0	1	2226	1	0	2000	other	0
sub-09_1	98	Picture	20	2043453	0	1	2226	1	0	2000	other	0
sub-09_1	98	Pulse	255	2048332	4879	0
sub-09_1	99	Picture	10	2056072	0	1	2226	1	0	2000	other	0
sub-09_1	99	Pulse	255	2068332	12261	0
sub-09_1	100	Picture	20	2069690	0	1	2226	1	0	2000	other	0
sub-09_1	101	Picture	Bfix	2082308	0	1	150233	1	0	150000	other	0
sub-09_1	101	Pulse	255	2088332	6024	0
sub-09_1	101	Pulse	255	2108332	26024	0
sub-09_1	101	Pulse	255	2128332	46024	0
sub-09_1	101	Pulse	255	2148333	66024	0
sub-09_1	101	Pulse	255	2168333	86024	0
sub-09_1	101	Pulse	255	2188333	106024	0
sub-09_1	101	Pulse	255	2208333	126024	0
sub-09_1	101	Pulse	255	2228333	146024	0
sub-09_1	102	Picture	20	2232541	0	1	2226	1	0	2000	other	0
sub-09_1	103	Picture	10	2246160	0	1	2226	1	0	2000	other	0
sub-09_1	103	Pulse	255	2248333	2173	0
sub-09_1	104	Picture	20	2259779	0	1	2226	1	0	2000	other	0
sub-09_1	104	Pulse	255	2268323	8544	0
sub-09_1	105	Picture	10	2271397	0	1	2226	1	0	2000	other	0
sub-09_1	106	Picture	20	2284016	0	1	2226	1	0	2000	other	0
sub-09_1	106	Pulse	255	2288323	4307	0
sub-09_1	107	Picture	20	2295634	0	1	2226	1	0	2000	other	0
sub-09_1	108	Picture	20	2307253	0	1	2226	1	0	2000	other	0
sub-09_1	108	Pulse	255	2308323	1070	0
sub-09_1	109	Picture	10	2318871	0	1	2226	1	0	2000	other	0
sub-09_1	109	Pulse	255	2328323	9452	0
sub-09_1	110	Picture	10	2330490	0	1	2226	1	0	2000	other	0
sub-09_1	111	Picture	20	2343108	0	1	2226	1	0	2000	other	0
sub-09_1	111	Pulse	255	2348323	5215	0
sub-09_1	112	Picture	20	2354727	0	1	2226	1	0	2000	other	0
sub-09_1	113	Picture	10	2367345	0	1	2226	1	0	2000	other	0
sub-09_1	113	Pulse	255	2368323	977	0
sub-09_1	114	Picture	20	2380964	0	1	2226	1	0	2000	other	0
sub-09_1	114	Pulse	255	2388323	7359	0
sub-09_1	115	Picture	20	2392583	0	1	2227	1	0	2000	other	0
sub-09_1	116	Picture	10	2404202	0	1	2226	1	0	2000	other	0
sub-09_1	116	Pulse	255	2408323	4121	0
sub-09_1	117	Picture	20	2416821	0	1	2226	1	0	2000	other	0
sub-09_1	117	Pulse	255	2428324	11503	0
sub-09_1	118	Picture	20	2430440	0	1	2226	1	0	2000	other	0
sub-09_1	119	Picture	10	2444058	0	1	2226	1	0	2000	other	0
sub-09_1	119	Pulse	255	2448323	4265	0
sub-09_1	120	Picture	20	2456677	0	1	2227	1	0	2000	other	0
sub-09_1	120	Pulse	255	2468323	11647	0
sub-09_1	121	Picture	20	2469296	0	1	2226	1	0	2000	other	0
sub-09_1	122	Picture	10	2481915	0	1	2226	1	0	2000	other	0
sub-09_1	122	Pulse	255	2488324	6409	0
sub-09_1	123	Picture	20	2493534	0	1	2226	1	0	2000	other	0
sub-09_1	124	Picture	20	2505152	0	1	2226	1	0	2000	other	0
sub-09_1	124	Pulse	255	2508323	3171	0
sub-09_1	125	Picture	20	2518771	0	1	2226	1	0	2000	other	0
sub-09_1	125	Pulse	255	2528324	9553	0
sub-09_1	126	Picture	10	2532390	0	1	2226	1	0	2000	other	0
sub-09_1	127	Picture	10	2544008	0	1	2226	1	0	2000	other	0
sub-09_1	127	Pulse	255	2548324	4315	0
sub-09_1	128	Picture	20	2555627	0	1	2226	1	0	2000	other	0
sub-09_1	129	Picture	10	2568245	0	1	2226	1	0	2000	other	0
sub-09_1	129	Pulse	255	2568324	78	0
sub-09_1	130	Picture	20	2580864	0	1	2226	1	0	2000	other	0
sub-09_1	130	Pulse	255	2588324	7460	0
sub-09_1	131	Picture	10	2592483	0	1	2226	1	0	2000	other	0
sub-09_1	132	Picture	20	2604101	0	1	2226	1	0	2000	other	0
sub-09_1	132	Pulse	255	2608324	4223	0
sub-09_1	133	Picture	20	2616720	0	1	2226	1	0	2000	other	0
sub-09_1	133	Pulse	255	2628324	11604	0
sub-09_1	134	Picture	Bfix	2630338	0	1	150226	1	0	150000	other	0
sub-09_1	134	Pulse	255	2648324	17986	0
sub-09_1	134	Pulse	255	2668324	37986	0
sub-09_1	134	Pulse	255	2688324	57986	0
sub-09_1	134	Pulse	255	2708324	77986	0
sub-09_1	134	Pulse	255	2728324	97986	0
sub-09_1	134	Pulse	255	2748324	117986	0
sub-09_1	134	Pulse	255	2768325	137987	0
sub-09_1	135	Picture	10	2780731	0	1	2226	1	0	2000	other	0
sub-09_1	135	Pulse	255	2788324	7594	0
sub-09_1	136	Picture	20	2793349	0	1	2226	1	0	2000	other	0
sub-09_1	137	Picture	10	2805968	0	1	2226	1	0	2000	other	0
sub-09_1	137	Pulse	255	2808324	2356	0
sub-09_1	138	Picture	20	2817587	0	1	2226	1	0	2000	other	0
sub-09_1	138	Pulse	255	2828324	10737	0
sub-09_1	139	Picture	10	2831206	0	1	2226	1	0	2000	other	0
sub-09_1	140	Picture	10	2844825	0	1	2226	1	0	2000	other	0
sub-09_1	140	Pulse	255	2848324	3499	0
sub-09_1	141	Picture	20	2856444	0	1	2226	1	0	2000	other	0
sub-09_1	141	Pulse	255	2868325	11881	0
sub-09_1	142	Picture	10	2870062	0	1	2226	1	0	2000	other	0
sub-09_1	143	Picture	20	2881681	0	1	2226	1	0	2000	other	0
sub-09_1	143	Pulse	255	2888324	6643	0
sub-09_1	144	Picture	20	2893300	0	1	2226	1	0	2000	other	0
sub-09_1	145	Picture	20	2905918	0	1	2226	1	0	2000	other	0
sub-09_1	145	Pulse	255	2908325	2406	0
sub-09_1	146	Picture	10	2918537	0	1	2226	1	0	2000	other	0
sub-09_1	146	Pulse	255	2928325	9788	0
sub-09_1	147	Picture	20	2932156	0	1	2226	1	0	2000	other	0
sub-09_1	148	Picture	10	2943775	0	1	2226	1	0	2000	other	0
sub-09_1	148	Pulse	255	2948325	4550	0
sub-09_1	149	Picture	10	2955394	0	1	2226	1	0	2000	other	0
sub-09_1	149	Pulse	255	2968325	12931	0
sub-09_1	150	Picture	20	2969013	0	1	2226	1	0	2000	other	0
sub-09_1	151	Picture	10	2982631	0	1	2227	1	0	2000	other	0
sub-09_1	151	Pulse	255	2988325	5694	0
sub-09_1	152	Picture	20	2995251	0	1	2226	1	0	2000	other	0
sub-09_1	153	Picture	10	3006869	0	1	2226	1	0	2000	other	0
sub-09_1	153	Pulse	255	3008325	1456	0
sub-09_1	154	Picture	10	3020488	0	1	2226	1	0	2000	other	0
sub-09_1	154	Pulse	255	3028325	7837	0
sub-09_1	155	Picture	10	3034107	0	1	2226	1	0	2000	other	0
sub-09_1	156	Picture	20	3046727	0	1	2226	1	0	2000	other	0
sub-09_1	156	Pulse	255	3048325	1598	0
sub-09_1	157	Picture	20	3059345	0	1	2226	1	0	2000	other	0
sub-09_1	157	Pulse	255	3068325	8980	0
sub-09_1	158	Picture	10	3071964	0	1	2226	1	0	2000	other	0
sub-09_1	159	Picture	10	3085583	0	1	2226	1	0	2000	other	0
sub-09_1	159	Pulse	255	3088326	2743	0
sub-09_1	160	Picture	10	3097202	0	1	2226	1	0	2000	other	0
sub-09_1	160	Pulse	255	3108325	11123	0
sub-09_1	161	Picture	10	3108821	0	1	2226	1	0	2000	other	0
sub-09_1	162	Picture	10	3122440	0	1	2226	1	0	2000	other	0
sub-09_1	162	Pulse	255	3128326	5886	0
sub-09_1	163	Picture	20	3135058	0	1	2226	1	0	2000	other	0
sub-09_1	164	Picture	10	3146677	0	1	2226	1	0	2000	other	0
sub-09_1	164	Pulse	255	3148326	1649	0
sub-09_1	165	Picture	20	3158295	0	1	2226	1	0	2000	other	0
sub-09_1	165	Pulse	255	3168326	10030	0
sub-09_1	166	Picture	20	3169914	0	1	2226	1	0	2000	other	0
sub-09_1	167	Picture	10	3182533	0	1	2226	1	0	2000	other	0
sub-09_1	167	Pulse	255	3188326	5793	0
sub-09_1	168	Picture	20	3194152	0	1	2226	1	0	2000	other	0
sub-09_1	169	Picture	10	3205770	0	1	2226	1	0	2000	other	0
sub-09_1	169	Pulse	255	3208326	2556	0
sub-09_1	170	Picture	20	3219389	0	1	2226	1	0	2000	other	0
sub-09_1	170	Pulse	255	3228326	8937	0
sub-09_1	171	Picture	10	3233007	0	1	2226	1	0	2000	other	0
sub-09_1	172	Picture	Suite	3244626	0	1	50226	1	0	50000	other	0
sub-09_1	172	Pulse	255	3248326	3700	0
sub-09_1	172	Pulse	255	3268326	23700	0
sub-09_1	172	Pulse	255	3288326	43700	0
sub-09_1	172	Pulse	255	3308326	63700	0
sub-09_1	173	Picture	Bfix	3314854	0	1	71865	1	0	60000	other	0
sub-09_1	173	Pulse	255	3328326	13471	0
sub-09_1	173	Pulse	255	3348326	33472	0
sub-09_1	173	Pulse	255	3368326	53472	0


Event Type	Code	Type	Response	RT	RT Uncertainty	Time	Uncertainty	Duration	Uncertainty	ReqTime	ReqDur

Nothing	cut	other				548566	1			0
Nothing	cut	other				553566	1			5000
Picture	20	other				558830	1	2226	1	0	2000
Picture	10	other				570448	1	2227	1	0	2000
Picture	10	other				583067	1	2226	1	0	2000
Picture	10	other				595686	1	2226	1	0	2000
Picture	20	other				609305	1	2226	1	0	2000
Picture	20	other				622924	1	2226	1	0	2000
Picture	20	other				635542	1	2226	1	0	2000
Picture	10	other				648161	1	2226	1	0	2000
Picture	20	other				661779	1	2226	1	0	2000
Picture	20	other				673398	1	2226	1	0	2000
Picture	10	other				686017	1	2226	1	0	2000
Picture	10	other				699636	1	2226	1	0	2000
Picture	20	other				712255	1	2226	1	0	2000
Picture	20	other				725873	1	2226	1	0	2000
Picture	10	other				738492	1	2226	1	0	2000
Picture	20	other				752110	1	2226	1	0	2000
Picture	10	other				764729	1	2226	1	0	2000
Picture	10	other				778348	1	2226	1	0	2000
Picture	10	other				790966	1	2226	1	0	2000
Picture	20	other				803585	1	2226	1	0	2000
Picture	10	other				816203	1	2226	1	0	2000
Picture	20	other				828821	1	2226	1	0	2000
Picture	10	other				840440	1	2226	1	0	2000
Picture	20	other				852059	1	2226	1	0	2000
Picture	10	other				863677	1	2226	1	0	2000
Picture	10	other				877296	1	2226	1	0	2000
Picture	20	other				889915	1	2226	1	0	2000
Picture	10	other				901533	1	2226	1	0	2000
Picture	20	other				913152	1	2226	1	0	2000
Picture	20	other				924770	1	2226	1	0	2000
Picture	20	other				937389	1	2227	1	0	2000
Picture	20	other				951009	1	2226	1	0	2000
Picture	20	other				963628	1	2226	1	0	2000
Picture	Bfix	other				976246	1	150238	1	0	150000
Picture	10	other				1126484	1	2226	1	0	2000
Picture	10	other				1138102	1	2226	1	0	2000
Picture	20	other				1151721	1	2226	1	0	2000
Picture	20	other				1163340	1	2226	1	0	2000
Picture	10	other				1174958	1	2226	1	0	2000
Picture	20	other				1186577	1	2226	1	0	2000
Picture	10	other				1199196	1	2226	1	0	2000
Picture	20	other				1212814	1	2226	1	0	2000
Picture	10	other				1224433	1	2226	1	0	2000
Picture	10	other				1238052	1	2226	1	0	2000
Picture	20	other				1251671	1	2226	1	0	2000
Picture	20	other				1265289	1	2226	1	0	2000
Picture	10	other				1276907	1	2226	1	0	2000
Picture	10	other				1290526	1	2226	1	0	2000
Picture	20	other				1304145	1	2226	1	0	2000
Picture	10	other				1315764	1	2226	1	0	2000
Picture	20	other				1327382	1	2226	1	0	2000
Picture	20	other				1341001	1	2226	1	0	2000
Picture	10	other				1352620	1	2226	1	0	2000
Picture	20	other				1364238	1	2226	1	0	2000
Picture	10	other				1376857	1	2226	1	0	2000
Picture	20	other				1389476	1	2226	1	0	2000
Picture	20	other				1401094	1	2226	1	0	2000
Picture	10	other				1413712	1	2226	1	0	2000
Picture	20	other				1426331	1	2226	1	0	2000
Picture	20	other				1437950	1	2226	1	0	2000
Picture	20	other				1449569	1	2226	1	0	2000
Picture	10	other				1461188	1	2226	1	0	2000
Picture	20	other				1472806	1	2226	1	0	2000
Picture	10	other				1484424	1	2226	1	0	2000
Picture	20	other				1496043	1	2226	1	0	2000
Picture	20	other				1508662	1	2226	1	0	2000
Picture	10	other				1522280	1	2226	1	0	2000
Picture	Bfix	other				1534899	1	150234	1	0	150000
Picture	20	other				1685132	1	2226	1	0	2000
Picture	20	other				1698751	1	2226	1	0	2000
Picture	20	other				1712369	1	2226	1	0	2000
Picture	20	other				1725987	1	2226	1	0	2000
Picture	20	other				1738606	1	2226	1	0	2000
Picture	20	other				1751224	1	2226	1	0	2000
Picture	20	other				1762843	1	2226	1	0	2000
Picture	10	other				1776461	1	2226	1	0	2000
Picture	10	other				1788080	1	2226	1	0	2000
Picture	20	other				1800698	1	2226	1	0	2000
Picture	10	other				1814317	1	2226	1	0	2000
Picture	20	other				1826936	1	2226	1	0	2000
Picture	20	other				1839555	1	2226	1	0	2000
Picture	10	other				1852173	1	2226	1	0	2000
Picture	20	other				1865792	1	2226	1	0	2000
Picture	10	other				1878410	1	2226	1	0	2000
Picture	10	other				1890029	1	2226	1	0	2000
Picture	10	other				1902648	1	2226	1	0	2000
Picture	20	other				1915266	1	2226	1	0	2000
Picture	10	other				1926885	1	2226	1	0	2000
Picture	20	other				1938503	1	2226	1	0	2000
Picture	10	other				1952122	1	2226	1	0	2000
Picture	20	other				1964741	1	2226	1	0	2000
Picture	10	other				1976360	1	2226	1	0	2000
Picture	10	other				1988979	1	2226	1	0	2000
Picture	20	other				2002597	1	2226	1	0	2000
Picture	10	other				2016216	1	2226	1	0	2000
Picture	10	other				2029835	1	2226	1	0	2000
Picture	20	other				2043453	1	2226	1	0	2000
Picture	10	other				2056072	1	2226	1	0	2000
Picture	20	other				2069690	1	2226	1	0	2000
Picture	Bfix	other				2082308	1	150233	1	0	150000
Picture	20	other				2232541	1	2226	1	0	2000
Picture	10	other				2246160	1	2226	1	0	2000
Picture	20	other				2259779	1	2226	1	0	2000
Picture	10	other				2271397	1	2226	1	0	2000
Picture	20	other				2284016	1	2226	1	0	2000
Picture	20	other				2295634	1	2226	1	0	2000
Picture	20	other				2307253	1	2226	1	0	2000
Picture	10	other				2318871	1	2226	1	0	2000
Picture	10	other				2330490	1	2226	1	0	2000
Picture	20	other				2343108	1	2226	1	0	2000
Picture	20	other				2354727	1	2226	1	0	2000
Picture	10	other				2367345	1	2226	1	0	2000
Picture	20	other				2380964	1	2226	1	0	2000
Picture	20	other				2392583	1	2227	1	0	2000
Picture	10	other				2404202	1	2226	1	0	2000
Picture	20	other				2416821	1	2226	1	0	2000
Picture	20	other				2430440	1	2226	1	0	2000
Picture	10	other				2444058	1	2226	1	0	2000
Picture	20	other				2456677	1	2227	1	0	2000
Picture	20	other				2469296	1	2226	1	0	2000
Picture	10	other				2481915	1	2226	1	0	2000
Picture	20	other				2493534	1	2226	1	0	2000
Picture	20	other				2505152	1	2226	1	0	2000
Picture	20	other				2518771	1	2226	1	0	2000
Picture	10	other				2532390	1	2226	1	0	2000
Picture	10	other				2544008	1	2226	1	0	2000
Picture	20	other				2555627	1	2226	1	0	2000
Picture	10	other				2568245	1	2226	1	0	2000
Picture	20	other				2580864	1	2226	1	0	2000
Picture	10	other				2592483	1	2226	1	0	2000
Picture	20	other				2604101	1	2226	1	0	2000
Picture	20	other				2616720	1	2226	1	0	2000
Picture	Bfix	other				2630338	1	150226	1	0	150000
Picture	10	other				2780731	1	2226	1	0	2000
Picture	20	other				2793349	1	2226	1	0	2000
Picture	10	other				2805968	1	2226	1	0	2000
Picture	20	other				2817587	1	2226	1	0	2000
Picture	10	other				2831206	1	2226	1	0	2000
Picture	10	other				2844825	1	2226	1	0	2000
Picture	20	other				2856444	1	2226	1	0	2000
Picture	10	other				2870062	1	2226	1	0	2000
Picture	20	other				2881681	1	2226	1	0	2000
Picture	20	other				2893300	1	2226	1	0	2000
Picture	20	other				2905918	1	2226	1	0	2000
Picture	10	other				2918537	1	2226	1	0	2000
Picture	20	other				2932156	1	2226	1	0	2000
Picture	10	other				2943775	1	2226	1	0	2000
Picture	10	other				2955394	1	2226	1	0	2000
Picture	20	other				2969013	1	2226	1	0	2000
Picture	10	other				2982631	1	2227	1	0	2000
Picture	20	other				2995251	1	2226	1	0	2000
Picture	10	other				3006869	1	2226	1	0	2000
Picture	10	other				3020488	1	2226	1	0	2000
Picture	10	other				3034107	1	2226	1	0	2000
Picture	20	other				3046727	1	2226	1	0	2000
Picture	20	other				3059345	1	2226	1	0	2000
Picture	10	other				3071964	1	2226	1	0	2000
Picture	10	other				3085583	1	2226	1	0	2000
Picture	10	other				3097202	1	2226	1	0	2000
Picture	10	other				3108821	1	2226	1	0	2000
Picture	10	other				3122440	1	2226	1	0	2000
Picture	20	other				3135058	1	2226	1	0	2000
Picture	10	other				3146677	1	2226	1	0	2000
Picture	20	other				3158295	1	2226	1	0	2000
Picture	20	other				3169914	1	2226	1	0	2000
Picture	10	other				3182533	1	2226	1	0	2000
Picture	20	other				3194152	1	2226	1	0	2000
Picture	10	other				3205770	1	2226	1	0	2000
Picture	20	other				3219389	1	2226	1	0	2000
Picture	10	other				3233007	1	2226	1	0	2000
Picture	Suite	other				3244626	1	50226	1	0	50000
Picture	Bfix	other				3314854	1	71865	1	0	60000
