Scenario - loca_lec2
Logfile written - 01/21/2019 18:16:04

Subject	Trial	Event Type	Code	Time	TTime	Uncertainty	Duration	Uncertainty	ReqTime	ReqDur	Stim Type	Pair Index

sub-13_2	0	Pulse	255	542663	542663	0
sub-13_2	1	Nothing	cut	542892	0	1			0		other	0
sub-13_2	1	Nothing	cut	547892	5000	1			5000		other	0
sub-13_2	2	Picture	20	553123	0	1	2226	1	0	2000	other	0
sub-13_2	2	Pulse	255	562663	9540	0
sub-13_2	3	Picture	10	566742	0	1	2226	1	0	2000	other	0
sub-13_2	4	Picture	20	578360	0	1	2226	1	0	2000	other	0
sub-13_2	4	Pulse	255	582663	4303	0
sub-13_2	5	Picture	10	591979	0	1	2226	1	0	2000	other	0
sub-13_2	5	Pulse	255	602663	10684	0
sub-13_2	6	Picture	10	604598	0	1	2226	1	0	2000	other	0
sub-13_2	7	Picture	20	618216	0	1	2226	1	0	2000	other	0
sub-13_2	7	Pulse	255	622653	4437	0
sub-13_2	8	Picture	10	630835	0	1	2226	1	0	2000	other	0
sub-13_2	9	Picture	10	642454	0	1	2226	1	0	2000	other	0
sub-13_2	9	Pulse	255	642654	200	0
sub-13_2	10	Picture	20	655072	0	1	2226	1	0	2000	other	0
sub-13_2	10	Pulse	255	662653	7581	0
sub-13_2	11	Picture	10	668691	0	1	2226	1	0	2000	other	0
sub-13_2	12	Picture	20	681310	0	1	2226	1	0	2000	other	0
sub-13_2	12	Pulse	255	682654	1344	0
sub-13_2	13	Picture	10	694928	0	1	2226	1	0	2000	other	0
sub-13_2	13	Pulse	255	702653	7725	0
sub-13_2	14	Picture	10	707547	0	1	2226	1	0	2000	other	0
sub-13_2	15	Picture	10	721166	0	1	2226	1	0	2000	other	0
sub-13_2	15	Pulse	255	722653	1488	0
sub-13_2	16	Picture	10	732785	0	1	2226	1	0	2000	other	0
sub-13_2	16	Pulse	255	742654	9869	0
sub-13_2	17	Picture	10	744404	0	1	2226	1	0	2000	other	0
sub-13_2	18	Picture	10	757023	0	1	2227	1	0	2000	other	0
sub-13_2	18	Pulse	255	762654	5631	0
sub-13_2	19	Picture	20	769642	0	1	2226	1	0	2000	other	0
sub-13_2	19	Pulse	255	782654	13012	0
sub-13_2	20	Picture	20	783260	0	1	2226	1	0	2000	other	0
sub-13_2	21	Picture	20	794879	0	1	2226	1	0	2000	other	0
sub-13_2	21	Pulse	255	802654	7775	0
sub-13_2	22	Picture	10	807498	0	1	2226	1	0	2000	other	0
sub-13_2	23	Picture	20	819116	0	1	2226	1	0	2000	other	0
sub-13_2	23	Pulse	255	822654	3538	0
sub-13_2	24	Picture	20	832734	0	1	2226	1	0	2000	other	0
sub-13_2	24	Pulse	255	842654	9919	0
sub-13_2	25	Picture	20	846353	0	1	2226	1	0	2000	other	0
sub-13_2	26	Picture	10	859972	0	1	2226	1	0	2000	other	0
sub-13_2	26	Pulse	255	862654	2682	0
sub-13_2	27	Picture	20	873591	0	1	2226	1	0	2000	other	0
sub-13_2	27	Pulse	255	882654	9063	0
sub-13_2	28	Picture	10	886209	0	1	2226	1	0	2000	other	0
sub-13_2	29	Picture	20	897828	0	1	2226	1	0	2000	other	0
sub-13_2	29	Pulse	255	902654	4826	0
sub-13_2	30	Picture	20	910446	0	1	2226	1	0	2000	other	0
sub-13_2	30	Pulse	255	922654	12208	0
sub-13_2	31	Picture	10	923065	0	1	2226	1	0	2000	other	0
sub-13_2	32	Picture	20	934684	0	1	2226	1	0	2000	other	0
sub-13_2	32	Pulse	255	942654	7970	0
sub-13_2	33	Picture	20	947302	0	1	2226	1	0	2000	other	0
sub-13_2	34	Picture	Bfix	959921	0	1	150235	1	0	150000	other	0
sub-13_2	34	Pulse	255	962654	2733	0
sub-13_2	34	Pulse	255	982654	22734	0
sub-13_2	34	Pulse	255	1002654	42733	0
sub-13_2	34	Pulse	255	1022654	62733	0
sub-13_2	34	Pulse	255	1042654	82733	0
sub-13_2	34	Pulse	255	1062654	102734	0
sub-13_2	34	Pulse	255	1082655	122734	0
sub-13_2	34	Pulse	255	1102654	142734	0
sub-13_2	35	Picture	20	1110155	0	1	2226	1	0	2000	other	0
sub-13_2	35	Pulse	255	1122654	12499	0
sub-13_2	36	Picture	10	1123774	0	1	2226	1	0	2000	other	0
sub-13_2	37	Picture	20	1135393	0	1	2226	1	0	2000	other	0
sub-13_2	37	Pulse	255	1142654	7261	0
sub-13_2	38	Picture	10	1148012	0	1	2226	1	0	2000	other	0
sub-13_2	39	Picture	10	1160630	0	1	2226	1	0	2000	other	0
sub-13_2	39	Pulse	255	1162688	2058	0
sub-13_2	40	Picture	20	1173249	0	1	2227	1	0	2000	other	0
sub-13_2	40	Pulse	255	1182655	9406	0
sub-13_2	41	Picture	10	1184868	0	1	2226	1	0	2000	other	0
sub-13_2	42	Picture	20	1197487	0	1	2226	1	0	2000	other	0
sub-13_2	42	Pulse	255	1202655	5168	0
sub-13_2	43	Picture	20	1209105	0	1	2226	1	0	2000	other	0
sub-13_2	44	Picture	10	1220724	0	1	2226	1	0	2000	other	0
sub-13_2	44	Pulse	255	1222655	1931	0
sub-13_2	45	Picture	10	1234343	0	1	2226	1	0	2000	other	0
sub-13_2	45	Pulse	255	1242655	8312	0
sub-13_2	46	Picture	20	1246962	0	1	2226	1	0	2000	other	0
sub-13_2	47	Picture	10	1260580	0	1	2226	1	0	2000	other	0
sub-13_2	47	Pulse	255	1262655	2075	0
sub-13_2	48	Picture	20	1274199	0	1	2226	1	0	2000	other	0
sub-13_2	48	Pulse	255	1282655	8456	0
sub-13_2	49	Picture	10	1285818	0	1	2226	1	0	2000	other	0
sub-13_2	50	Picture	10	1299437	0	1	2226	1	0	2000	other	0
sub-13_2	50	Pulse	255	1302655	3218	0
sub-13_2	51	Picture	20	1313056	0	1	2226	1	0	2000	other	0
sub-13_2	51	Pulse	255	1322655	9599	0
sub-13_2	52	Picture	20	1325675	0	1	2226	1	0	2000	other	0
sub-13_2	53	Picture	10	1337294	0	1	2226	1	0	2000	other	0
sub-13_2	53	Pulse	255	1342655	5362	0
sub-13_2	54	Picture	20	1348912	0	1	2226	1	0	2000	other	0
sub-13_2	55	Picture	10	1361531	0	1	2226	1	0	2000	other	0
sub-13_2	55	Pulse	255	1362655	1124	0
sub-13_2	56	Picture	10	1373150	0	1	2226	1	0	2000	other	0
sub-13_2	56	Pulse	255	1382655	9505	0
sub-13_2	57	Picture	20	1385769	0	1	2226	1	0	2000	other	0
sub-13_2	58	Picture	10	1397387	0	1	2226	1	0	2000	other	0
sub-13_2	58	Pulse	255	1402655	5268	0
sub-13_2	59	Picture	10	1410006	0	1	2226	1	0	2000	other	0
sub-13_2	59	Pulse	255	1422655	12649	0
sub-13_2	60	Picture	20	1423625	0	1	2226	1	0	2000	other	0
sub-13_2	61	Picture	10	1437244	0	1	2226	1	0	2000	other	0
sub-13_2	61	Pulse	255	1442655	5411	0
sub-13_2	62	Picture	20	1448862	0	1	2226	1	0	2000	other	0
sub-13_2	63	Picture	10	1460481	0	1	2226	1	0	2000	other	0
sub-13_2	63	Pulse	255	1462655	2175	0
sub-13_2	64	Picture	20	1473099	0	1	2226	1	0	2000	other	0
sub-13_2	64	Pulse	255	1482655	9556	0
sub-13_2	65	Picture	10	1485718	0	1	2226	1	0	2000	other	0
sub-13_2	66	Picture	20	1497337	0	1	2226	1	0	2000	other	0
sub-13_2	66	Pulse	255	1502655	5318	0
sub-13_2	67	Picture	Bfix	1509955	0	1	150242	1	0	150000	other	0
sub-13_2	67	Pulse	255	1522655	12700	0
sub-13_2	67	Pulse	255	1542655	32700	0
sub-13_2	67	Pulse	255	1562655	52700	0
sub-13_2	67	Pulse	255	1582655	72700	0
sub-13_2	67	Pulse	255	1602655	92700	0
sub-13_2	67	Pulse	255	1622656	112700	0
sub-13_2	67	Pulse	255	1642655	132700	0
sub-13_2	68	Picture	20	1660197	0	1	2226	1	0	2000	other	0
sub-13_2	68	Pulse	255	1662656	2459	0
sub-13_2	69	Picture	10	1671815	0	1	2226	1	0	2000	other	0
sub-13_2	69	Pulse	255	1682656	10840	0
sub-13_2	70	Picture	20	1684434	0	1	2226	1	0	2000	other	0
sub-13_2	71	Picture	10	1698053	0	1	2226	1	0	2000	other	0
sub-13_2	71	Pulse	255	1702656	4602	0
sub-13_2	72	Picture	20	1709672	0	1	2227	1	0	2000	other	0
sub-13_2	73	Picture	10	1721291	0	1	2226	1	0	2000	other	0
sub-13_2	73	Pulse	255	1722656	1365	0
sub-13_2	74	Picture	10	1733910	0	1	2226	1	0	2000	other	0
sub-13_2	74	Pulse	255	1742656	8746	0
sub-13_2	75	Picture	20	1747529	0	1	2226	1	0	2000	other	0
sub-13_2	76	Picture	10	1760147	0	1	2226	1	0	2000	other	0
sub-13_2	76	Pulse	255	1762656	2509	0
sub-13_2	77	Picture	10	1771766	0	1	2226	1	0	2000	other	0
sub-13_2	77	Pulse	255	1782656	10890	0
sub-13_2	78	Picture	10	1785385	0	1	2226	1	0	2000	other	0
sub-13_2	79	Picture	10	1798003	0	1	2226	1	0	2000	other	0
sub-13_2	79	Pulse	255	1802656	4653	0
sub-13_2	80	Picture	20	1809622	0	1	2226	1	0	2000	other	0
sub-13_2	80	Pulse	255	1822656	13034	0
sub-13_2	81	Picture	10	1823241	0	1	2226	1	0	2000	other	0
sub-13_2	82	Picture	10	1834859	0	1	2226	1	0	2000	other	0
sub-13_2	82	Pulse	255	1842656	7797	0
sub-13_2	83	Picture	20	1847478	0	1	2226	1	0	2000	other	0
sub-13_2	84	Picture	10	1861097	0	1	2226	1	0	2000	other	0
sub-13_2	84	Pulse	255	1862656	1559	0
sub-13_2	85	Picture	10	1873716	0	1	2226	1	0	2000	other	0
sub-13_2	85	Pulse	255	1882656	8940	0
sub-13_2	86	Picture	20	1886335	0	1	2226	1	0	2000	other	0
sub-13_2	87	Picture	10	1897953	0	1	2226	1	0	2000	other	0
sub-13_2	87	Pulse	255	1902656	4703	0
sub-13_2	88	Picture	10	1909572	0	1	2226	1	0	2000	other	0
sub-13_2	89	Picture	10	1921190	0	1	2226	1	0	2000	other	0
sub-13_2	89	Pulse	255	1922656	1466	0
sub-13_2	90	Picture	20	1934809	0	1	2226	1	0	2000	other	0
sub-13_2	90	Pulse	255	1942656	7847	0
sub-13_2	91	Picture	10	1947428	0	1	2226	1	0	2000	other	0
sub-13_2	92	Picture	20	1960046	0	1	2226	1	0	2000	other	0
sub-13_2	92	Pulse	255	1962656	2610	0
sub-13_2	93	Picture	20	1972665	0	1	2226	1	0	2000	other	0
sub-13_2	93	Pulse	255	1982656	9991	0
sub-13_2	94	Picture	10	1984284	0	1	2227	1	0	2000	other	0
sub-13_2	95	Picture	10	1995904	0	1	2226	1	0	2000	other	0
sub-13_2	95	Pulse	255	2002656	6753	0
sub-13_2	96	Picture	20	2007523	0	1	2226	1	0	2000	other	0
sub-13_2	97	Picture	10	2020142	0	1	2226	1	0	2000	other	0
sub-13_2	97	Pulse	255	2022657	2515	0
sub-13_2	98	Picture	20	2033761	0	1	2226	1	0	2000	other	0
sub-13_2	98	Pulse	255	2042656	8896	0
sub-13_2	99	Picture	20	2046379	0	1	2226	1	0	2000	other	0
sub-13_2	100	Picture	Bfix	2057998	0	1	150232	1	0	150000	other	0
sub-13_2	100	Pulse	255	2062657	4658	0
sub-13_2	100	Pulse	255	2082657	24659	0
sub-13_2	100	Pulse	255	2102657	44659	0
sub-13_2	100	Pulse	255	2122657	64659	0
sub-13_2	100	Pulse	255	2142657	84659	0
sub-13_2	100	Pulse	255	2162657	104659	0
sub-13_2	100	Pulse	255	2182657	124659	0
sub-13_2	100	Pulse	255	2202657	144659	0
sub-13_2	101	Picture	10	2208230	0	1	2226	1	0	2000	other	0
sub-13_2	102	Picture	10	2220849	0	1	2226	1	0	2000	other	0
sub-13_2	102	Pulse	255	2222657	1808	0
sub-13_2	103	Picture	20	2233468	0	1	2226	1	0	2000	other	0
sub-13_2	103	Pulse	255	2242657	9189	0
sub-13_2	104	Picture	10	2245086	0	1	2226	1	0	2000	other	0
sub-13_2	105	Picture	20	2256705	0	1	2226	1	0	2000	other	0
sub-13_2	105	Pulse	255	2262657	5952	0
sub-13_2	106	Picture	10	2270324	0	1	2226	1	0	2000	other	0
sub-13_2	106	Pulse	255	2282647	12323	0
sub-13_2	107	Picture	20	2283942	0	1	2226	1	0	2000	other	0
sub-13_2	108	Picture	20	2297560	0	1	2226	1	0	2000	other	0
sub-13_2	108	Pulse	255	2302647	5087	0
sub-13_2	109	Picture	20	2309179	0	1	2226	1	0	2000	other	0
sub-13_2	109	Pulse	255	2322648	13469	0
sub-13_2	110	Picture	10	2322798	0	1	2226	1	0	2000	other	0
sub-13_2	111	Picture	20	2334417	0	1	2226	1	0	2000	other	0
sub-13_2	111	Pulse	255	2342647	8231	0
sub-13_2	112	Picture	10	2348036	0	1	2226	1	0	2000	other	0
sub-13_2	113	Picture	20	2361655	0	1	2226	1	0	2000	other	0
sub-13_2	113	Pulse	255	2362647	992	0
sub-13_2	114	Picture	20	2374274	0	1	2226	1	0	2000	other	0
sub-13_2	114	Pulse	255	2382647	8374	0
sub-13_2	115	Picture	20	2385893	0	1	2226	1	0	2000	other	0
sub-13_2	116	Picture	10	2397511	0	1	2226	1	0	2000	other	0
sub-13_2	116	Pulse	255	2402648	5136	0
sub-13_2	117	Picture	10	2409131	0	1	2226	1	0	2000	other	0
sub-13_2	118	Picture	20	2421749	0	1	2226	1	0	2000	other	0
sub-13_2	118	Pulse	255	2422647	898	0
sub-13_2	119	Picture	10	2434369	0	1	2226	1	0	2000	other	0
sub-13_2	119	Pulse	255	2442647	8279	0
sub-13_2	120	Picture	20	2446987	0	1	2226	1	0	2000	other	0
sub-13_2	121	Picture	10	2458606	0	1	2226	1	0	2000	other	0
sub-13_2	121	Pulse	255	2462647	4041	0
sub-13_2	122	Picture	20	2470225	0	1	2226	1	0	2000	other	0
sub-13_2	122	Pulse	255	2482648	12423	0
sub-13_2	123	Picture	10	2483843	0	1	2227	1	0	2000	other	0
sub-13_2	124	Picture	20	2495461	0	7	2226	7	0	2000	other	0
sub-13_2	124	Pulse	255	2502648	7187	0
sub-13_2	125	Picture	20	2507079	0	1	2226	1	0	2000	other	0
sub-13_2	126	Picture	20	2519698	0	1	2226	1	0	2000	other	0
sub-13_2	126	Pulse	255	2522648	2950	0
sub-13_2	127	Picture	10	2532316	0	1	2226	1	0	2000	other	0
sub-13_2	127	Pulse	255	2542648	10331	0
sub-13_2	128	Picture	10	2543935	0	1	2226	1	0	2000	other	0
sub-13_2	129	Picture	10	2557553	0	1	2226	1	0	2000	other	0
sub-13_2	129	Pulse	255	2562648	5094	0
sub-13_2	130	Picture	20	2569172	0	1	2226	1	0	2000	other	0
sub-13_2	131	Picture	10	2581791	0	1	2226	1	0	2000	other	0
sub-13_2	131	Pulse	255	2582648	857	0
sub-13_2	132	Picture	20	2593409	0	1	2226	1	0	2000	other	0
sub-13_2	132	Pulse	255	2602648	9238	0
sub-13_2	133	Picture	Bfix	2605029	0	1	150235	1	0	150000	other	0
sub-13_2	133	Pulse	255	2622648	17619	0
sub-13_2	133	Pulse	255	2642648	37619	0
sub-13_2	133	Pulse	255	2662648	57619	0
sub-13_2	133	Pulse	255	2682648	77619	0
sub-13_2	133	Pulse	255	2702648	97620	0
sub-13_2	133	Pulse	255	2722648	117620	0
sub-13_2	133	Pulse	255	2742648	137620	0
sub-13_2	134	Picture	20	2755263	0	1	2226	1	0	2000	other	0
sub-13_2	134	Pulse	255	2762648	7385	0
sub-13_2	135	Picture	10	2767881	0	1	2226	1	0	2000	other	0
sub-13_2	136	Picture	10	2781500	0	1	2226	1	0	2000	other	0
sub-13_2	136	Pulse	255	2782648	1148	0
sub-13_2	137	Picture	10	2793118	0	1	2227	1	0	2000	other	0
sub-13_2	137	Pulse	255	2802648	9530	0
sub-13_2	138	Picture	20	2806738	0	1	2226	1	0	2000	other	0
sub-13_2	139	Picture	10	2818356	0	1	2226	1	0	2000	other	0
sub-13_2	139	Pulse	255	2822648	4292	0
sub-13_2	140	Picture	20	2830975	0	1	2226	1	0	2000	other	0
sub-13_2	141	Picture	10	2842594	0	1	2226	1	0	2000	other	0
sub-13_2	141	Pulse	255	2842648	55	0
sub-13_2	142	Picture	10	2854213	0	1	2226	1	0	2000	other	0
sub-13_2	142	Pulse	255	2862648	8436	0
sub-13_2	143	Picture	10	2867831	0	1	2226	1	0	2000	other	0
sub-13_2	144	Picture	20	2881450	0	1	2226	1	0	2000	other	0
sub-13_2	144	Pulse	255	2882648	1199	0
sub-13_2	145	Picture	10	2895068	0	1	2226	1	0	2000	other	0
sub-13_2	145	Pulse	255	2902648	7580	0
sub-13_2	146	Picture	20	2907687	0	1	2226	1	0	2000	other	0
sub-13_2	147	Picture	20	2920306	0	1	2226	1	0	2000	other	0
sub-13_2	147	Pulse	255	2922649	2343	0
sub-13_2	148	Picture	10	2931925	0	1	2226	1	0	2000	other	0
sub-13_2	148	Pulse	255	2942649	10724	0
sub-13_2	149	Picture	10	2944543	0	1	2226	1	0	2000	other	0
sub-13_2	150	Picture	10	2957162	0	1	2227	1	0	2000	other	0
sub-13_2	150	Pulse	255	2962649	5487	0
sub-13_2	151	Picture	20	2968781	0	1	2226	1	0	2000	other	0
sub-13_2	152	Picture	10	2981400	0	1	2226	1	0	2000	other	0
sub-13_2	152	Pulse	255	2982649	1249	0
sub-13_2	153	Picture	20	2994019	0	1	2226	1	0	2000	other	0
sub-13_2	153	Pulse	255	3002649	8630	0
sub-13_2	154	Picture	10	3005638	0	1	2226	1	0	2000	other	0
sub-13_2	155	Picture	20	3017257	0	1	2226	1	0	2000	other	0
sub-13_2	155	Pulse	255	3022649	5392	0
sub-13_2	156	Picture	10	3030875	0	1	2226	1	0	2000	other	0
sub-13_2	156	Pulse	255	3042649	11774	0
sub-13_2	157	Picture	10	3044494	0	1	2226	1	0	2000	other	0
sub-13_2	158	Picture	20	3057113	0	1	2226	1	0	2000	other	0
sub-13_2	158	Pulse	255	3062649	5536	0
sub-13_2	159	Picture	20	3070731	0	1	2226	1	0	2000	other	0
sub-13_2	159	Pulse	255	3082649	11918	0
sub-13_2	160	Picture	20	3084350	0	1	2226	1	0	2000	other	0
sub-13_2	161	Picture	10	3097969	0	1	2226	1	0	2000	other	0
sub-13_2	161	Pulse	255	3102649	4680	0
sub-13_2	162	Picture	10	3110588	0	1	2226	1	0	2000	other	0
sub-13_2	162	Pulse	255	3122649	12061	0
sub-13_2	163	Picture	20	3124206	0	1	2226	1	0	2000	other	0
sub-13_2	164	Picture	10	3136825	0	1	2226	1	0	2000	other	0
sub-13_2	164	Pulse	255	3142649	5824	0
sub-13_2	165	Picture	10	3149443	0	1	2226	1	0	2000	other	0
sub-13_2	166	Picture	20	3161062	0	1	2226	1	0	2000	other	0
sub-13_2	166	Pulse	255	3162649	1587	0
sub-13_2	167	Picture	20	3173681	0	1	2226	1	0	2000	other	0
sub-13_2	167	Pulse	255	3182649	8968	0
sub-13_2	168	Picture	10	3186300	0	1	2226	1	0	2000	other	0
sub-13_2	169	Picture	Bfix	3199919	0	1	71427	1	0	60000	other	0
sub-13_2	169	Pulse	255	3202649	2730	0
sub-13_2	169	Pulse	255	3222649	22730	0
sub-13_2	169	Pulse	255	3242649	42730	0


Event Type	Code	Type	Response	RT	RT Uncertainty	Time	Uncertainty	Duration	Uncertainty	ReqTime	ReqDur

Nothing	cut	other				542892	1			0
Nothing	cut	other				547892	1			5000
Picture	20	other				553123	1	2226	1	0	2000
Picture	10	other				566742	1	2226	1	0	2000
Picture	20	other				578360	1	2226	1	0	2000
Picture	10	other				591979	1	2226	1	0	2000
Picture	10	other				604598	1	2226	1	0	2000
Picture	20	other				618216	1	2226	1	0	2000
Picture	10	other				630835	1	2226	1	0	2000
Picture	10	other				642454	1	2226	1	0	2000
Picture	20	other				655072	1	2226	1	0	2000
Picture	10	other				668691	1	2226	1	0	2000
Picture	20	other				681310	1	2226	1	0	2000
Picture	10	other				694928	1	2226	1	0	2000
Picture	10	other				707547	1	2226	1	0	2000
Picture	10	other				721166	1	2226	1	0	2000
Picture	10	other				732785	1	2226	1	0	2000
Picture	10	other				744404	1	2226	1	0	2000
Picture	10	other				757023	1	2227	1	0	2000
Picture	20	other				769642	1	2226	1	0	2000
Picture	20	other				783260	1	2226	1	0	2000
Picture	20	other				794879	1	2226	1	0	2000
Picture	10	other				807498	1	2226	1	0	2000
Picture	20	other				819116	1	2226	1	0	2000
Picture	20	other				832734	1	2226	1	0	2000
Picture	20	other				846353	1	2226	1	0	2000
Picture	10	other				859972	1	2226	1	0	2000
Picture	20	other				873591	1	2226	1	0	2000
Picture	10	other				886209	1	2226	1	0	2000
Picture	20	other				897828	1	2226	1	0	2000
Picture	20	other				910446	1	2226	1	0	2000
Picture	10	other				923065	1	2226	1	0	2000
Picture	20	other				934684	1	2226	1	0	2000
Picture	20	other				947302	1	2226	1	0	2000
Picture	Bfix	other				959921	1	150235	1	0	150000
Picture	20	other				1110155	1	2226	1	0	2000
Picture	10	other				1123774	1	2226	1	0	2000
Picture	20	other				1135393	1	2226	1	0	2000
Picture	10	other				1148012	1	2226	1	0	2000
Picture	10	other				1160630	1	2226	1	0	2000
Picture	20	other				1173249	1	2227	1	0	2000
Picture	10	other				1184868	1	2226	1	0	2000
Picture	20	other				1197487	1	2226	1	0	2000
Picture	20	other				1209105	1	2226	1	0	2000
Picture	10	other				1220724	1	2226	1	0	2000
Picture	10	other				1234343	1	2226	1	0	2000
Picture	20	other				1246962	1	2226	1	0	2000
Picture	10	other				1260580	1	2226	1	0	2000
Picture	20	other				1274199	1	2226	1	0	2000
Picture	10	other				1285818	1	2226	1	0	2000
Picture	10	other				1299437	1	2226	1	0	2000
Picture	20	other				1313056	1	2226	1	0	2000
Picture	20	other				1325675	1	2226	1	0	2000
Picture	10	other				1337294	1	2226	1	0	2000
Picture	20	other				1348912	1	2226	1	0	2000
Picture	10	other				1361531	1	2226	1	0	2000
Picture	10	other				1373150	1	2226	1	0	2000
Picture	20	other				1385769	1	2226	1	0	2000
Picture	10	other				1397387	1	2226	1	0	2000
Picture	10	other				1410006	1	2226	1	0	2000
Picture	20	other				1423625	1	2226	1	0	2000
Picture	10	other				1437244	1	2226	1	0	2000
Picture	20	other				1448862	1	2226	1	0	2000
Picture	10	other				1460481	1	2226	1	0	2000
Picture	20	other				1473099	1	2226	1	0	2000
Picture	10	other				1485718	1	2226	1	0	2000
Picture	20	other				1497337	1	2226	1	0	2000
Picture	Bfix	other				1509955	1	150242	1	0	150000
Picture	20	other				1660197	1	2226	1	0	2000
Picture	10	other				1671815	1	2226	1	0	2000
Picture	20	other				1684434	1	2226	1	0	2000
Picture	10	other				1698053	1	2226	1	0	2000
Picture	20	other				1709672	1	2227	1	0	2000
Picture	10	other				1721291	1	2226	1	0	2000
Picture	10	other				1733910	1	2226	1	0	2000
Picture	20	other				1747529	1	2226	1	0	2000
Picture	10	other				1760147	1	2226	1	0	2000
Picture	10	other				1771766	1	2226	1	0	2000
Picture	10	other				1785385	1	2226	1	0	2000
Picture	10	other				1798003	1	2226	1	0	2000
Picture	20	other				1809622	1	2226	1	0	2000
Picture	10	other				1823241	1	2226	1	0	2000
Picture	10	other				1834859	1	2226	1	0	2000
Picture	20	other				1847478	1	2226	1	0	2000
Picture	10	other				1861097	1	2226	1	0	2000
Picture	10	other				1873716	1	2226	1	0	2000
Picture	20	other				1886335	1	2226	1	0	2000
Picture	10	other				1897953	1	2226	1	0	2000
Picture	10	other				1909572	1	2226	1	0	2000
Picture	10	other				1921190	1	2226	1	0	2000
Picture	20	other				1934809	1	2226	1	0	2000
Picture	10	other				1947428	1	2226	1	0	2000
Picture	20	other				1960046	1	2226	1	0	2000
Picture	20	other				1972665	1	2226	1	0	2000
Picture	10	other				1984284	1	2227	1	0	2000
Picture	10	other				1995904	1	2226	1	0	2000
Picture	20	other				2007523	1	2226	1	0	2000
Picture	10	other				2020142	1	2226	1	0	2000
Picture	20	other				2033761	1	2226	1	0	2000
Picture	20	other				2046379	1	2226	1	0	2000
Picture	Bfix	other				2057998	1	150232	1	0	150000
Picture	10	other				2208230	1	2226	1	0	2000
Picture	10	other				2220849	1	2226	1	0	2000
Picture	20	other				2233468	1	2226	1	0	2000
Picture	10	other				2245086	1	2226	1	0	2000
Picture	20	other				2256705	1	2226	1	0	2000
Picture	10	other				2270324	1	2226	1	0	2000
Picture	20	other				2283942	1	2226	1	0	2000
Picture	20	other				2297560	1	2226	1	0	2000
Picture	20	other				2309179	1	2226	1	0	2000
Picture	10	other				2322798	1	2226	1	0	2000
Picture	20	other				2334417	1	2226	1	0	2000
Picture	10	other				2348036	1	2226	1	0	2000
Picture	20	other				2361655	1	2226	1	0	2000
Picture	20	other				2374274	1	2226	1	0	2000
Picture	20	other				2385893	1	2226	1	0	2000
Picture	10	other				2397511	1	2226	1	0	2000
Picture	10	other				2409131	1	2226	1	0	2000
Picture	20	other				2421749	1	2226	1	0	2000
Picture	10	other				2434369	1	2226	1	0	2000
Picture	20	other				2446987	1	2226	1	0	2000
Picture	10	other				2458606	1	2226	1	0	2000
Picture	20	other				2470225	1	2226	1	0	2000
Picture	10	other				2483843	1	2227	1	0	2000
Picture	20	other				2495461	7	2226	7	0	2000
Picture	20	other				2507079	1	2226	1	0	2000
Picture	20	other				2519698	1	2226	1	0	2000
Picture	10	other				2532316	1	2226	1	0	2000
Picture	10	other				2543935	1	2226	1	0	2000
Picture	10	other				2557553	1	2226	1	0	2000
Picture	20	other				2569172	1	2226	1	0	2000
Picture	10	other				2581791	1	2226	1	0	2000
Picture	20	other				2593409	1	2226	1	0	2000
Picture	Bfix	other				2605029	1	150235	1	0	150000
Picture	20	other				2755263	1	2226	1	0	2000
Picture	10	other				2767881	1	2226	1	0	2000
Picture	10	other				2781500	1	2226	1	0	2000
Picture	10	other				2793118	1	2227	1	0	2000
Picture	20	other				2806738	1	2226	1	0	2000
Picture	10	other				2818356	1	2226	1	0	2000
Picture	20	other				2830975	1	2226	1	0	2000
Picture	10	other				2842594	1	2226	1	0	2000
Picture	10	other				2854213	1	2226	1	0	2000
Picture	10	other				2867831	1	2226	1	0	2000
Picture	20	other				2881450	1	2226	1	0	2000
Picture	10	other				2895068	1	2226	1	0	2000
Picture	20	other				2907687	1	2226	1	0	2000
Picture	20	other				2920306	1	2226	1	0	2000
Picture	10	other				2931925	1	2226	1	0	2000
Picture	10	other				2944543	1	2226	1	0	2000
Picture	10	other				2957162	1	2227	1	0	2000
Picture	20	other				2968781	1	2226	1	0	2000
Picture	10	other				2981400	1	2226	1	0	2000
Picture	20	other				2994019	1	2226	1	0	2000
Picture	10	other				3005638	1	2226	1	0	2000
Picture	20	other				3017257	1	2226	1	0	2000
Picture	10	other				3030875	1	2226	1	0	2000
Picture	10	other				3044494	1	2226	1	0	2000
Picture	20	other				3057113	1	2226	1	0	2000
Picture	20	other				3070731	1	2226	1	0	2000
Picture	20	other				3084350	1	2226	1	0	2000
Picture	10	other				3097969	1	2226	1	0	2000
Picture	10	other				3110588	1	2226	1	0	2000
Picture	20	other				3124206	1	2226	1	0	2000
Picture	10	other				3136825	1	2226	1	0	2000
Picture	10	other				3149443	1	2226	1	0	2000
Picture	20	other				3161062	1	2226	1	0	2000
Picture	20	other				3173681	1	2226	1	0	2000
Picture	10	other				3186300	1	2226	1	0	2000
Picture	Bfix	other				3199919	1	71427	1	0	60000
