Scenario - loca_lec2
Logfile written - 03/26/2019 17:51:57

Subject	Trial	Event Type	Code	Time	TTime	Uncertainty	Duration	Uncertainty	ReqTime	ReqDur	Stim Type	Pair Index

sub-01_1	0	Pulse	255	581814	581814	0
sub-01_1	1	Nothing	cut	582043	0	1			0		other	0
sub-01_1	1	Nothing	cut	587043	5000	1			5000		other	0
sub-01_1	2	Picture	20	592307	0	1	2226	1	0	2000	other	0
sub-01_1	2	Pulse	255	601814	9508	0
sub-01_1	3	Picture	10	603925	0	1	2226	1	0	2000	other	0
sub-01_1	4	Picture	10	616543	0	1	2226	1	0	2000	other	0
sub-01_1	4	Pulse	255	621814	5271	0
sub-01_1	5	Picture	10	630162	0	1	2226	1	0	2000	other	0
sub-01_1	6	Picture	20	641781	0	1	2187	1	0	2000	other	0
sub-01_1	6	Pulse	255	641815	34	0
sub-01_1	7	Picture	20	653361	0	1	2226	1	0	2000	other	0
sub-01_1	7	Pulse	255	661814	8454	0
sub-01_1	8	Picture	20	664979	0	1	2226	1	0	2000	other	0
sub-01_1	9	Picture	10	677597	0	1	2226	1	0	2000	other	0
sub-01_1	9	Pulse	255	681815	4217	0
sub-01_1	10	Picture	20	689216	0	1	2226	1	0	2000	other	0
sub-01_1	11	Picture	20	700834	0	1	2226	1	0	2000	other	0
sub-01_1	11	Pulse	255	701815	980	0
sub-01_1	12	Picture	10	713453	0	1	2226	1	0	2000	other	0
sub-01_1	12	Pulse	255	721815	8362	0
sub-01_1	13	Picture	10	725072	0	1	2226	1	0	2000	other	0
sub-01_1	14	Picture	20	737690	0	1	2226	1	0	2000	other	0
sub-01_1	14	Pulse	255	741815	4125	0
sub-01_1	15	Picture	20	750309	0	1	2226	1	0	2000	other	0
sub-01_1	15	Pulse	255	761815	11506	0
sub-01_1	16	Picture	10	761927	0	1	2226	1	0	2000	other	0
sub-01_1	17	Picture	20	773546	0	1	2227	1	0	2000	other	0
sub-01_1	17	Pulse	255	781815	8269	0
sub-01_1	18	Picture	10	787166	0	1	2227	1	0	2000	other	0
sub-01_1	19	Picture	10	798785	0	1	2226	1	0	2000	other	0
sub-01_1	19	Pulse	255	801815	3030	0
sub-01_1	20	Picture	10	810404	0	1	2226	1	0	2000	other	0
sub-01_1	20	Pulse	255	821815	11412	0
sub-01_1	21	Picture	20	823022	0	1	2226	1	0	2000	other	0
sub-01_1	22	Picture	10	836640	0	1	2226	1	0	2000	other	0
sub-01_1	22	Pulse	255	841815	5175	0
sub-01_1	23	Picture	20	849259	0	1	2226	1	0	2000	other	0
sub-01_1	24	Picture	10	860878	0	1	2226	1	0	2000	other	0
sub-01_1	24	Pulse	255	861815	937	0
sub-01_1	25	Picture	20	873496	0	1	2226	1	0	2000	other	0
sub-01_1	25	Pulse	255	881816	8320	0
sub-01_1	26	Picture	10	887115	0	1	2227	1	0	2000	other	0
sub-01_1	27	Picture	10	899734	0	1	2226	1	0	2000	other	0
sub-01_1	27	Pulse	255	901816	2082	0
sub-01_1	28	Picture	20	911352	0	1	2226	1	0	2000	other	0
sub-01_1	28	Pulse	255	921816	10463	0
sub-01_1	29	Picture	10	923971	0	1	2226	1	0	2000	other	0
sub-01_1	30	Picture	20	935589	0	1	2226	1	0	2000	other	0
sub-01_1	30	Pulse	255	941816	6226	0
sub-01_1	31	Picture	20	949208	0	1	2226	1	0	2000	other	0
sub-01_1	31	Pulse	255	961816	12608	0
sub-01_1	32	Picture	20	961827	0	1	2226	1	0	2000	other	0
sub-01_1	33	Picture	20	975446	0	1	2226	1	0	2000	other	0
sub-01_1	33	Pulse	255	981816	6371	0
sub-01_1	34	Picture	20	988064	0	1	2226	1	0	2000	other	0
sub-01_1	35	Picture	Bfix	999683	0	1	150238	1	0	150000	other	0
sub-01_1	35	Pulse	255	1001816	2133	0
sub-01_1	35	Pulse	255	1021816	22133	0
sub-01_1	35	Pulse	255	1041816	42134	0
sub-01_1	35	Pulse	255	1061816	62134	0
sub-01_1	35	Pulse	255	1081816	82134	0
sub-01_1	35	Pulse	255	1101817	102135	0
sub-01_1	35	Pulse	255	1121817	122134	0
sub-01_1	35	Pulse	255	1141816	142134	0
sub-01_1	36	Picture	10	1149921	0	1	2226	1	0	2000	other	0
sub-01_1	37	Picture	10	1161539	0	1	2226	1	0	2000	other	0
sub-01_1	37	Pulse	255	1161817	278	0
sub-01_1	38	Picture	20	1175158	0	1	2226	1	0	2000	other	0
sub-01_1	38	Pulse	255	1181817	6659	0
sub-01_1	39	Picture	20	1186777	0	1	2226	1	0	2000	other	0
sub-01_1	40	Picture	10	1198396	0	1	2226	1	0	2000	other	0
sub-01_1	40	Pulse	255	1201817	3421	0
sub-01_1	41	Picture	20	1212014	0	1	2226	1	0	2000	other	0
sub-01_1	41	Pulse	255	1221817	9803	0
sub-01_1	42	Picture	10	1223633	0	1	2226	1	0	2000	other	0
sub-01_1	43	Picture	20	1235251	0	1	2226	1	0	2000	other	0
sub-01_1	43	Pulse	255	1241817	6566	0
sub-01_1	44	Picture	10	1246870	0	1	2227	1	0	2000	other	0
sub-01_1	45	Picture	10	1259489	0	1	2226	1	0	2000	other	0
sub-01_1	45	Pulse	255	1261817	2327	0
sub-01_1	46	Picture	20	1272108	0	1	2226	1	0	2000	other	0
sub-01_1	46	Pulse	255	1281817	9709	0
sub-01_1	47	Picture	20	1283727	0	1	2226	1	0	2000	other	0
sub-01_1	48	Picture	10	1296345	0	1	2226	1	0	2000	other	0
sub-01_1	48	Pulse	255	1301817	5472	0
sub-01_1	49	Picture	10	1309963	0	1	2226	1	0	2000	other	0
sub-01_1	50	Picture	20	1321582	0	1	2226	1	0	2000	other	0
sub-01_1	50	Pulse	255	1321818	236	0
sub-01_1	51	Picture	10	1335200	0	1	2226	1	0	2000	other	0
sub-01_1	51	Pulse	255	1341818	6618	0
sub-01_1	52	Picture	20	1346818	0	1	2226	1	0	2000	other	0
sub-01_1	53	Picture	20	1358437	0	1	2226	1	0	2000	other	0
sub-01_1	53	Pulse	255	1361818	3381	0
sub-01_1	54	Picture	10	1372056	0	1	2226	1	0	2000	other	0
sub-01_1	54	Pulse	255	1381818	9762	0
sub-01_1	55	Picture	20	1383674	0	1	2226	1	0	2000	other	0
sub-01_1	56	Picture	10	1397293	0	1	2226	1	0	2000	other	0
sub-01_1	56	Pulse	255	1401818	4525	0
sub-01_1	57	Picture	20	1410911	0	1	2226	1	0	2000	other	0
sub-01_1	57	Pulse	255	1421818	10907	0
sub-01_1	58	Picture	20	1423531	0	1	2226	1	0	2000	other	0
sub-01_1	59	Picture	10	1435149	0	1	2226	1	0	2000	other	0
sub-01_1	59	Pulse	255	1441818	6669	0
sub-01_1	60	Picture	20	1447768	0	1	2226	1	0	2000	other	0
sub-01_1	61	Picture	20	1461386	0	1	2226	1	0	2000	other	0
sub-01_1	61	Pulse	255	1461818	432	0
sub-01_1	62	Picture	20	1474004	0	1	2226	1	0	2000	other	0
sub-01_1	62	Pulse	255	1481818	7814	0
sub-01_1	63	Picture	10	1485623	0	1	2226	1	0	2000	other	0
sub-01_1	64	Picture	20	1499242	0	1	2226	1	0	2000	other	0
sub-01_1	64	Pulse	255	1501818	2577	0
sub-01_1	65	Picture	10	1511860	0	1	2226	1	0	2000	other	0
sub-01_1	65	Pulse	255	1521819	9958	0
sub-01_1	66	Picture	20	1523479	0	1	2226	1	0	2000	other	0
sub-01_1	67	Picture	20	1535098	0	1	2226	1	0	2000	other	0
sub-01_1	67	Pulse	255	1541819	6721	0
sub-01_1	68	Picture	10	1548716	0	1	2226	1	0	2000	other	0
sub-01_1	69	Picture	Bfix	1560335	0	1	150232	1	0	150000	other	0
sub-01_1	69	Pulse	255	1561819	1484	0
sub-01_1	69	Pulse	255	1581819	21484	0
sub-01_1	69	Pulse	255	1601819	41484	0
sub-01_1	69	Pulse	255	1621819	61484	0
sub-01_1	69	Pulse	255	1641819	81484	0
sub-01_1	69	Pulse	255	1661819	101484	0
sub-01_1	69	Pulse	255	1681819	121484	0
sub-01_1	69	Pulse	255	1701819	141484	0
sub-01_1	70	Picture	20	1710567	0	1	2226	1	0	2000	other	0
sub-01_1	70	Pulse	255	1721819	11252	0
sub-01_1	71	Picture	20	1723186	0	1	2226	1	0	2000	other	0
sub-01_1	72	Picture	20	1736805	0	1	2226	1	0	2000	other	0
sub-01_1	72	Pulse	255	1741819	5015	0
sub-01_1	73	Picture	20	1748423	0	1	2226	1	0	2000	other	0
sub-01_1	74	Picture	20	1761042	0	1	2226	1	0	2000	other	0
sub-01_1	74	Pulse	255	1761819	778	0
sub-01_1	75	Picture	20	1774660	0	1	2226	1	0	2000	other	0
sub-01_1	75	Pulse	255	1781820	7159	0
sub-01_1	76	Picture	20	1788279	0	1	2226	1	0	2000	other	0
sub-01_1	77	Picture	10	1800897	0	1	2226	1	0	2000	other	0
sub-01_1	77	Pulse	255	1801820	923	0
sub-01_1	78	Picture	10	1814516	0	1	2226	1	0	2000	other	0
sub-01_1	78	Pulse	255	1821810	7294	0
sub-01_1	79	Picture	20	1826134	0	1	2226	1	0	2000	other	0
sub-01_1	80	Picture	10	1839753	0	1	2226	1	0	2000	other	0
sub-01_1	80	Pulse	255	1841830	2077	0
sub-01_1	81	Picture	20	1853371	0	1	2226	1	0	2000	other	0
sub-01_1	81	Pulse	255	1861810	8439	0
sub-01_1	82	Picture	20	1866990	0	1	2226	1	0	2000	other	0
sub-01_1	83	Picture	10	1878609	0	1	2226	1	0	2000	other	0
sub-01_1	83	Pulse	255	1881810	3201	0
sub-01_1	84	Picture	20	1891227	0	1	2226	1	0	2000	other	0
sub-01_1	84	Pulse	255	1901810	10583	0
sub-01_1	85	Picture	10	1902846	0	1	2226	1	0	2000	other	0
sub-01_1	86	Picture	10	1915465	0	1	2227	1	0	2000	other	0
sub-01_1	86	Pulse	255	1921810	6346	0
sub-01_1	87	Picture	10	1929084	0	1	2226	1	0	2000	other	0
sub-01_1	88	Picture	20	1940702	0	1	2226	1	0	2000	other	0
sub-01_1	88	Pulse	255	1941810	1108	0
sub-01_1	89	Picture	10	1952321	0	1	2226	1	0	2000	other	0
sub-01_1	89	Pulse	255	1961811	9490	0
sub-01_1	90	Picture	20	1964939	0	1	2226	1	0	2000	other	0
sub-01_1	91	Picture	10	1976558	0	1	2226	1	0	2000	other	0
sub-01_1	91	Pulse	255	1981810	5253	0
sub-01_1	92	Picture	20	1989176	0	1	2226	1	0	2000	other	0
sub-01_1	93	Picture	10	2001795	0	1	2226	1	0	2000	other	0
sub-01_1	93	Pulse	255	2001811	16	0
sub-01_1	94	Picture	10	2014413	0	1	2226	1	0	2000	other	0
sub-01_1	94	Pulse	255	2021811	7398	0
sub-01_1	95	Picture	20	2028031	0	1	2226	1	0	2000	other	0
sub-01_1	96	Picture	10	2039650	0	1	2226	1	0	2000	other	0
sub-01_1	96	Pulse	255	2041811	2161	0
sub-01_1	97	Picture	10	2051269	0	1	2226	1	0	2000	other	0
sub-01_1	97	Pulse	255	2061811	10542	0
sub-01_1	98	Picture	20	2064887	0	1	2226	1	0	2000	other	0
sub-01_1	99	Picture	10	2078506	0	1	2226	1	0	2000	other	0
sub-01_1	99	Pulse	255	2081811	3305	0
sub-01_1	100	Picture	20	2092125	0	1	2226	1	0	2000	other	0
sub-01_1	100	Pulse	255	2101811	9687	0
sub-01_1	101	Picture	Bfix	2105743	0	1	150233	1	0	150000	other	0
sub-01_1	101	Pulse	255	2121812	16068	0
sub-01_1	101	Pulse	255	2141811	36068	0
sub-01_1	101	Pulse	255	2161811	56068	0
sub-01_1	101	Pulse	255	2181811	76068	0
sub-01_1	101	Pulse	255	2201812	96068	0
sub-01_1	101	Pulse	255	2221812	116068	0
sub-01_1	101	Pulse	255	2241812	136069	0
sub-01_1	102	Picture	20	2255976	0	1	2226	1	0	2000	other	0
sub-01_1	102	Pulse	255	2261812	5836	0
sub-01_1	103	Picture	10	2268595	0	1	2226	1	0	2000	other	0
sub-01_1	104	Picture	20	2281215	0	1	2226	1	0	2000	other	0
sub-01_1	104	Pulse	255	2281812	597	0
sub-01_1	105	Picture	10	2292833	0	1	2226	1	0	2000	other	0
sub-01_1	105	Pulse	255	2301812	8979	0
sub-01_1	106	Picture	20	2304452	0	1	2226	1	0	2000	other	0
sub-01_1	107	Picture	20	2316070	0	1	2226	1	0	2000	other	0
sub-01_1	107	Pulse	255	2321812	5742	0
sub-01_1	108	Picture	20	2328689	0	1	2226	1	0	2000	other	0
sub-01_1	109	Picture	10	2341307	0	1	2226	1	0	2000	other	0
sub-01_1	109	Pulse	255	2341812	505	0
sub-01_1	110	Picture	10	2352926	0	1	2226	1	0	2000	other	0
sub-01_1	110	Pulse	255	2361813	8887	0
sub-01_1	111	Picture	20	2366544	0	1	2226	1	0	2000	other	0
sub-01_1	112	Picture	20	2380163	0	1	2226	1	0	2000	other	0
sub-01_1	112	Pulse	255	2381812	1649	0
sub-01_1	113	Picture	10	2392782	0	1	2226	1	0	2000	other	0
sub-01_1	113	Pulse	255	2401813	9031	0
sub-01_1	114	Picture	20	2404400	0	1	2226	1	0	2000	other	0
sub-01_1	115	Picture	20	2417019	0	1	2226	1	0	2000	other	0
sub-01_1	115	Pulse	255	2421813	4794	0
sub-01_1	116	Picture	10	2428638	0	1	2226	1	0	2000	other	0
sub-01_1	117	Picture	20	2440257	0	1	2226	1	0	2000	other	0
sub-01_1	117	Pulse	255	2441813	1556	0
sub-01_1	118	Picture	20	2451875	0	1	2226	1	0	2000	other	0
sub-01_1	118	Pulse	255	2461813	9938	0
sub-01_1	119	Picture	10	2463494	0	1	2226	1	0	2000	other	0
sub-01_1	120	Picture	20	2475112	0	1	2226	1	0	2000	other	0
sub-01_1	120	Pulse	255	2481813	6701	0
sub-01_1	121	Picture	20	2488731	0	1	2226	1	0	2000	other	0
sub-01_1	122	Picture	10	2501349	0	1	2226	1	0	2000	other	0
sub-01_1	122	Pulse	255	2501813	464	0
sub-01_1	123	Picture	20	2512969	0	1	2226	1	0	2000	other	0
sub-01_1	123	Pulse	255	2521813	8844	0
sub-01_1	124	Picture	20	2526587	0	1	2226	1	0	2000	other	0
sub-01_1	125	Picture	20	2538206	0	1	2226	1	0	2000	other	0
sub-01_1	125	Pulse	255	2541813	3608	0
sub-01_1	126	Picture	10	2551824	0	1	2227	1	0	2000	other	0
sub-01_1	126	Pulse	255	2561813	9989	0
sub-01_1	127	Picture	10	2565443	0	1	2226	1	0	2000	other	0
sub-01_1	128	Picture	20	2579062	0	1	2226	1	0	2000	other	0
sub-01_1	128	Pulse	255	2581813	2752	0
sub-01_1	129	Picture	10	2591680	0	1	2226	1	0	2000	other	0
sub-01_1	129	Pulse	255	2601813	10133	0
sub-01_1	130	Picture	20	2605298	0	1	2226	1	0	2000	other	0
sub-01_1	131	Picture	10	2616917	0	1	2226	1	0	2000	other	0
sub-01_1	131	Pulse	255	2621813	4896	0
sub-01_1	132	Picture	20	2629536	0	1	2226	1	0	2000	other	0
sub-01_1	132	Pulse	255	2641844	12308	0
sub-01_1	133	Picture	20	2642155	0	1	2226	1	0	2000	other	0
sub-01_1	134	Picture	Bfix	2654774	0	1	150239	1	0	150000	other	0
sub-01_1	134	Pulse	255	2661814	7040	0
sub-01_1	134	Pulse	255	2681814	27040	0
sub-01_1	134	Pulse	255	2701814	47040	0
sub-01_1	134	Pulse	255	2721814	67040	0
sub-01_1	134	Pulse	255	2741814	87040	0
sub-01_1	134	Pulse	255	2761814	107041	0
sub-01_1	134	Pulse	255	2781814	127041	0
sub-01_1	134	Pulse	255	2801814	147041	0
sub-01_1	135	Picture	10	2805012	0	1	2226	1	0	2000	other	0
sub-01_1	136	Picture	20	2818631	0	1	2226	1	0	2000	other	0
sub-01_1	136	Pulse	255	2821814	3184	0
sub-01_1	137	Picture	10	2830249	0	1	2226	1	0	2000	other	0
sub-01_1	137	Pulse	255	2841815	11565	0
sub-01_1	138	Picture	20	2841868	0	1	2204	1	0	2000	other	0
sub-01_1	139	Picture	10	2853464	0	1	2226	1	0	2000	other	0
sub-01_1	139	Pulse	255	2861815	8351	0
sub-01_1	140	Picture	10	2865083	0	1	2226	1	0	2000	other	0
sub-01_1	141	Picture	20	2877702	0	1	2226	1	0	2000	other	0
sub-01_1	141	Pulse	255	2881815	4113	0
sub-01_1	142	Picture	10	2889320	0	1	2226	1	0	2000	other	0
sub-01_1	142	Pulse	255	2901815	12495	0
sub-01_1	143	Picture	20	2902939	0	1	2226	1	0	2000	other	0
sub-01_1	144	Picture	20	2915557	0	1	2226	1	0	2000	other	0
sub-01_1	144	Pulse	255	2921815	6258	0
sub-01_1	145	Picture	20	2927176	0	1	2226	1	0	2000	other	0
sub-01_1	146	Picture	10	2938794	0	1	2226	1	0	2000	other	0
sub-01_1	146	Pulse	255	2941816	3022	0
sub-01_1	147	Picture	20	2950413	0	1	2226	1	0	2000	other	0
sub-01_1	147	Pulse	255	2961817	11405	0
sub-01_1	148	Picture	10	2963031	0	1	2226	1	0	2000	other	0
sub-01_1	149	Picture	10	2976650	0	1	2226	1	0	2000	other	0
sub-01_1	149	Pulse	255	2981816	5166	0
sub-01_1	150	Picture	20	2990269	0	1	2226	1	0	2000	other	0
sub-01_1	150	Pulse	255	3001815	11547	0
sub-01_1	151	Picture	10	3002887	0	1	2226	1	0	2000	other	0
sub-01_1	152	Picture	20	3016506	0	1	2226	1	0	2000	other	0
sub-01_1	152	Pulse	255	3021815	5309	0
sub-01_1	153	Picture	10	3029124	0	1	2226	1	0	2000	other	0
sub-01_1	154	Picture	10	3041743	0	1	2226	1	0	2000	other	0
sub-01_1	154	Pulse	255	3041815	72	0
sub-01_1	155	Picture	10	3055361	0	1	2226	1	0	2000	other	0
sub-01_1	155	Pulse	255	3061816	6454	0
sub-01_1	156	Picture	20	3068980	0	1	2226	1	0	2000	other	0
sub-01_1	156	Pulse	255	3081816	12836	0
sub-01_1	157	Picture	20	3082598	0	1	2226	1	0	2000	other	0
sub-01_1	158	Picture	10	3095217	0	1	2226	1	0	2000	other	0
sub-01_1	158	Pulse	255	3101816	6599	0
sub-01_1	159	Picture	10	3108835	0	1	2226	1	0	2000	other	0
sub-01_1	160	Picture	10	3121454	0	1	2226	1	0	2000	other	0
sub-01_1	160	Pulse	255	3121816	362	0
sub-01_1	161	Picture	10	3134072	0	1	2226	1	0	2000	other	0
sub-01_1	161	Pulse	255	3141816	7744	0
sub-01_1	162	Picture	10	3145691	0	1	2226	1	0	2000	other	0
sub-01_1	163	Picture	20	3157309	0	1	2226	1	0	2000	other	0
sub-01_1	163	Pulse	255	3161816	4507	0
sub-01_1	164	Picture	10	3169928	0	1	2226	1	0	2000	other	0
sub-01_1	165	Picture	20	3181547	0	1	2226	1	0	2000	other	0
sub-01_1	165	Pulse	255	3181816	270	0
sub-01_1	166	Picture	20	3195165	0	1	2226	1	0	2000	other	0
sub-01_1	166	Pulse	255	3201816	6652	0
sub-01_1	167	Picture	10	3207783	0	1	2226	1	0	2000	other	0
sub-01_1	168	Picture	20	3220402	0	1	2226	1	0	2000	other	0
sub-01_1	168	Pulse	255	3221816	1415	0
sub-01_1	169	Picture	10	3233020	0	1	2226	1	0	2000	other	0
sub-01_1	169	Pulse	255	3241817	8796	0
sub-01_1	170	Picture	20	3246639	0	1	2226	1	0	2000	other	0
sub-01_1	171	Picture	10	3260257	0	1	2226	1	0	2000	other	0
sub-01_1	171	Pulse	255	3261817	1559	0
sub-01_1	172	Picture	Suite	3273876	0	1	50226	1	0	50000	other	0
sub-01_1	172	Pulse	255	3281817	7940	0
sub-01_1	172	Pulse	255	3301817	27940	0
sub-01_1	172	Pulse	255	3321817	47940	0
sub-01_1	172	Pulse	255	3341807	67930	0
sub-01_1	173	Picture	Bfix	3344103	0	1	72026	1	0	60000	other	0
sub-01_1	173	Pulse	255	3361807	17703	0
sub-01_1	173	Pulse	255	3381807	37704	0
sub-01_1	173	Pulse	255	3401807	57704	0


Event Type	Code	Type	Response	RT	RT Uncertainty	Time	Uncertainty	Duration	Uncertainty	ReqTime	ReqDur

Nothing	cut	other				582043	1			0
Nothing	cut	other				587043	1			5000
Picture	20	other				592307	1	2226	1	0	2000
Picture	10	other				603925	1	2226	1	0	2000
Picture	10	other				616543	1	2226	1	0	2000
Picture	10	other				630162	1	2226	1	0	2000
Picture	20	other				641781	1	2187	1	0	2000
Picture	20	other				653361	1	2226	1	0	2000
Picture	20	other				664979	1	2226	1	0	2000
Picture	10	other				677597	1	2226	1	0	2000
Picture	20	other				689216	1	2226	1	0	2000
Picture	20	other				700834	1	2226	1	0	2000
Picture	10	other				713453	1	2226	1	0	2000
Picture	10	other				725072	1	2226	1	0	2000
Picture	20	other				737690	1	2226	1	0	2000
Picture	20	other				750309	1	2226	1	0	2000
Picture	10	other				761927	1	2226	1	0	2000
Picture	20	other				773546	1	2227	1	0	2000
Picture	10	other				787166	1	2227	1	0	2000
Picture	10	other				798785	1	2226	1	0	2000
Picture	10	other				810404	1	2226	1	0	2000
Picture	20	other				823022	1	2226	1	0	2000
Picture	10	other				836640	1	2226	1	0	2000
Picture	20	other				849259	1	2226	1	0	2000
Picture	10	other				860878	1	2226	1	0	2000
Picture	20	other				873496	1	2226	1	0	2000
Picture	10	other				887115	1	2227	1	0	2000
Picture	10	other				899734	1	2226	1	0	2000
Picture	20	other				911352	1	2226	1	0	2000
Picture	10	other				923971	1	2226	1	0	2000
Picture	20	other				935589	1	2226	1	0	2000
Picture	20	other				949208	1	2226	1	0	2000
Picture	20	other				961827	1	2226	1	0	2000
Picture	20	other				975446	1	2226	1	0	2000
Picture	20	other				988064	1	2226	1	0	2000
Picture	Bfix	other				999683	1	150238	1	0	150000
Picture	10	other				1149921	1	2226	1	0	2000
Picture	10	other				1161539	1	2226	1	0	2000
Picture	20	other				1175158	1	2226	1	0	2000
Picture	20	other				1186777	1	2226	1	0	2000
Picture	10	other				1198396	1	2226	1	0	2000
Picture	20	other				1212014	1	2226	1	0	2000
Picture	10	other				1223633	1	2226	1	0	2000
Picture	20	other				1235251	1	2226	1	0	2000
Picture	10	other				1246870	1	2227	1	0	2000
Picture	10	other				1259489	1	2226	1	0	2000
Picture	20	other				1272108	1	2226	1	0	2000
Picture	20	other				1283727	1	2226	1	0	2000
Picture	10	other				1296345	1	2226	1	0	2000
Picture	10	other				1309963	1	2226	1	0	2000
Picture	20	other				1321582	1	2226	1	0	2000
Picture	10	other				1335200	1	2226	1	0	2000
Picture	20	other				1346818	1	2226	1	0	2000
Picture	20	other				1358437	1	2226	1	0	2000
Picture	10	other				1372056	1	2226	1	0	2000
Picture	20	other				1383674	1	2226	1	0	2000
Picture	10	other				1397293	1	2226	1	0	2000
Picture	20	other				1410911	1	2226	1	0	2000
Picture	20	other				1423531	1	2226	1	0	2000
Picture	10	other				1435149	1	2226	1	0	2000
Picture	20	other				1447768	1	2226	1	0	2000
Picture	20	other				1461386	1	2226	1	0	2000
Picture	20	other				1474004	1	2226	1	0	2000
Picture	10	other				1485623	1	2226	1	0	2000
Picture	20	other				1499242	1	2226	1	0	2000
Picture	10	other				1511860	1	2226	1	0	2000
Picture	20	other				1523479	1	2226	1	0	2000
Picture	20	other				1535098	1	2226	1	0	2000
Picture	10	other				1548716	1	2226	1	0	2000
Picture	Bfix	other				1560335	1	150232	1	0	150000
Picture	20	other				1710567	1	2226	1	0	2000
Picture	20	other				1723186	1	2226	1	0	2000
Picture	20	other				1736805	1	2226	1	0	2000
Picture	20	other				1748423	1	2226	1	0	2000
Picture	20	other				1761042	1	2226	1	0	2000
Picture	20	other				1774660	1	2226	1	0	2000
Picture	20	other				1788279	1	2226	1	0	2000
Picture	10	other				1800897	1	2226	1	0	2000
Picture	10	other				1814516	1	2226	1	0	2000
Picture	20	other				1826134	1	2226	1	0	2000
Picture	10	other				1839753	1	2226	1	0	2000
Picture	20	other				1853371	1	2226	1	0	2000
Picture	20	other				1866990	1	2226	1	0	2000
Picture	10	other				1878609	1	2226	1	0	2000
Picture	20	other				1891227	1	2226	1	0	2000
Picture	10	other				1902846	1	2226	1	0	2000
Picture	10	other				1915465	1	2227	1	0	2000
Picture	10	other				1929084	1	2226	1	0	2000
Picture	20	other				1940702	1	2226	1	0	2000
Picture	10	other				1952321	1	2226	1	0	2000
Picture	20	other				1964939	1	2226	1	0	2000
Picture	10	other				1976558	1	2226	1	0	2000
Picture	20	other				1989176	1	2226	1	0	2000
Picture	10	other				2001795	1	2226	1	0	2000
Picture	10	other				2014413	1	2226	1	0	2000
Picture	20	other				2028031	1	2226	1	0	2000
Picture	10	other				2039650	1	2226	1	0	2000
Picture	10	other				2051269	1	2226	1	0	2000
Picture	20	other				2064887	1	2226	1	0	2000
Picture	10	other				2078506	1	2226	1	0	2000
Picture	20	other				2092125	1	2226	1	0	2000
Picture	Bfix	other				2105743	1	150233	1	0	150000
Picture	20	other				2255976	1	2226	1	0	2000
Picture	10	other				2268595	1	2226	1	0	2000
Picture	20	other				2281215	1	2226	1	0	2000
Picture	10	other				2292833	1	2226	1	0	2000
Picture	20	other				2304452	1	2226	1	0	2000
Picture	20	other				2316070	1	2226	1	0	2000
Picture	20	other				2328689	1	2226	1	0	2000
Picture	10	other				2341307	1	2226	1	0	2000
Picture	10	other				2352926	1	2226	1	0	2000
Picture	20	other				2366544	1	2226	1	0	2000
Picture	20	other				2380163	1	2226	1	0	2000
Picture	10	other				2392782	1	2226	1	0	2000
Picture	20	other				2404400	1	2226	1	0	2000
Picture	20	other				2417019	1	2226	1	0	2000
Picture	10	other				2428638	1	2226	1	0	2000
Picture	20	other				2440257	1	2226	1	0	2000
Picture	20	other				2451875	1	2226	1	0	2000
Picture	10	other				2463494	1	2226	1	0	2000
Picture	20	other				2475112	1	2226	1	0	2000
Picture	20	other				2488731	1	2226	1	0	2000
Picture	10	other				2501349	1	2226	1	0	2000
Picture	20	other				2512969	1	2226	1	0	2000
Picture	20	other				2526587	1	2226	1	0	2000
Picture	20	other				2538206	1	2226	1	0	2000
Picture	10	other				2551824	1	2227	1	0	2000
Picture	10	other				2565443	1	2226	1	0	2000
Picture	20	other				2579062	1	2226	1	0	2000
Picture	10	other				2591680	1	2226	1	0	2000
Picture	20	other				2605298	1	2226	1	0	2000
Picture	10	other				2616917	1	2226	1	0	2000
Picture	20	other				2629536	1	2226	1	0	2000
Picture	20	other				2642155	1	2226	1	0	2000
Picture	Bfix	other				2654774	1	150239	1	0	150000
Picture	10	other				2805012	1	2226	1	0	2000
Picture	20	other				2818631	1	2226	1	0	2000
Picture	10	other				2830249	1	2226	1	0	2000
Picture	20	other				2841868	1	2204	1	0	2000
Picture	10	other				2853464	1	2226	1	0	2000
Picture	10	other				2865083	1	2226	1	0	2000
Picture	20	other				2877702	1	2226	1	0	2000
Picture	10	other				2889320	1	2226	1	0	2000
Picture	20	other				2902939	1	2226	1	0	2000
Picture	20	other				2915557	1	2226	1	0	2000
Picture	20	other				2927176	1	2226	1	0	2000
Picture	10	other				2938794	1	2226	1	0	2000
Picture	20	other				2950413	1	2226	1	0	2000
Picture	10	other				2963031	1	2226	1	0	2000
Picture	10	other				2976650	1	2226	1	0	2000
Picture	20	other				2990269	1	2226	1	0	2000
Picture	10	other				3002887	1	2226	1	0	2000
Picture	20	other				3016506	1	2226	1	0	2000
Picture	10	other				3029124	1	2226	1	0	2000
Picture	10	other				3041743	1	2226	1	0	2000
Picture	10	other				3055361	1	2226	1	0	2000
Picture	20	other				3068980	1	2226	1	0	2000
Picture	20	other				3082598	1	2226	1	0	2000
Picture	10	other				3095217	1	2226	1	0	2000
Picture	10	other				3108835	1	2226	1	0	2000
Picture	10	other				3121454	1	2226	1	0	2000
Picture	10	other				3134072	1	2226	1	0	2000
Picture	10	other				3145691	1	2226	1	0	2000
Picture	20	other				3157309	1	2226	1	0	2000
Picture	10	other				3169928	1	2226	1	0	2000
Picture	20	other				3181547	1	2226	1	0	2000
Picture	20	other				3195165	1	2226	1	0	2000
Picture	10	other				3207783	1	2226	1	0	2000
Picture	20	other				3220402	1	2226	1	0	2000
Picture	10	other				3233020	1	2226	1	0	2000
Picture	20	other				3246639	1	2226	1	0	2000
Picture	10	other				3260257	1	2226	1	0	2000
Picture	Suite	other				3273876	1	50226	1	0	50000
Picture	Bfix	other				3344103	1	72026	1	0	60000
