Scenario - loca_lec2
Logfile written - 12/17/2018 14:45:32

Subject	Trial	Event Type	Code	Time	TTime	Uncertainty	Duration	Uncertainty	ReqTime	ReqDur	Stim Type	Pair Index

sub-11_1	0	Pulse	255	579610	579610	0
sub-11_1	1	Nothing	cut	579839	0	1			0		other	0
sub-11_1	1	Nothing	cut	584839	5000	1			5000		other	0
sub-11_1	2	Picture	20	590072	0	1	2226	1	0	2000	other	0
sub-11_1	2	Pulse	255	599610	9538	0
sub-11_1	3	Picture	10	602691	0	1	2226	1	0	2000	other	0
sub-11_1	4	Picture	10	616309	0	1	2226	1	0	2000	other	0
sub-11_1	4	Pulse	255	619610	3301	0
sub-11_1	5	Picture	10	628928	0	1	2226	1	0	2000	other	0
sub-11_1	5	Pulse	255	639610	10683	0
sub-11_1	6	Picture	20	640546	0	1	2226	1	0	2000	other	0
sub-11_1	7	Picture	20	654165	0	1	2226	1	0	2000	other	0
sub-11_1	7	Pulse	255	659610	5446	0
sub-11_1	8	Picture	20	665783	0	1	2226	1	0	2000	other	0
sub-11_1	9	Picture	10	677402	0	1	2226	1	0	2000	other	0
sub-11_1	9	Pulse	255	679610	2209	0
sub-11_1	10	Picture	20	689020	0	1	2227	1	0	2000	other	0
sub-11_1	10	Pulse	255	699610	10590	0
sub-11_1	11	Picture	20	701640	0	1	2226	1	0	2000	other	0
sub-11_1	12	Picture	10	715258	0	1	2226	1	0	2000	other	0
sub-11_1	12	Pulse	255	719610	4352	0
sub-11_1	13	Picture	10	726877	0	1	2226	1	0	2000	other	0
sub-11_1	14	Picture	20	738496	0	1	2226	1	0	2000	other	0
sub-11_1	14	Pulse	255	739610	1114	0
sub-11_1	15	Picture	20	752114	0	1	2226	1	0	2000	other	0
sub-11_1	15	Pulse	255	759610	7496	0
sub-11_1	16	Picture	10	765733	0	1	2226	1	0	2000	other	0
sub-11_1	17	Picture	20	778351	0	1	2226	1	0	2000	other	0
sub-11_1	17	Pulse	255	779610	1259	0
sub-11_1	18	Picture	10	790970	0	1	2226	1	0	2000	other	0
sub-11_1	18	Pulse	255	799610	8640	0
sub-11_1	19	Picture	10	802588	0	1	2226	1	0	2000	other	0
sub-11_1	20	Picture	10	815207	0	1	2226	1	0	2000	other	0
sub-11_1	20	Pulse	255	819610	4403	0
sub-11_1	21	Picture	20	828825	0	1	2226	1	0	2000	other	0
sub-11_1	21	Pulse	255	839610	10785	0
sub-11_1	22	Picture	10	842444	0	1	2226	1	0	2000	other	0
sub-11_1	23	Picture	20	855063	0	1	2226	1	0	2000	other	0
sub-11_1	23	Pulse	255	859610	4548	0
sub-11_1	24	Picture	10	868681	0	1	2226	1	0	2000	other	0
sub-11_1	24	Pulse	255	879610	10930	0
sub-11_1	25	Picture	20	882299	0	1	2226	1	0	2000	other	0
sub-11_1	26	Picture	10	894918	0	1	2226	1	0	2000	other	0
sub-11_1	26	Pulse	255	899610	4692	0
sub-11_1	27	Picture	10	907537	0	1	2226	1	0	2000	other	0
sub-11_1	27	Pulse	255	919610	12074	0
sub-11_1	28	Picture	20	921156	0	1	2226	1	0	2000	other	0
sub-11_1	29	Picture	10	933774	0	1	2226	1	0	2000	other	0
sub-11_1	29	Pulse	255	939610	5837	0
sub-11_1	30	Picture	20	946392	0	1	2226	1	0	2000	other	0
sub-11_1	31	Picture	20	958011	0	1	2226	1	0	2000	other	0
sub-11_1	31	Pulse	255	959610	1600	0
sub-11_1	32	Picture	20	971629	0	1	2226	1	0	2000	other	0
sub-11_1	32	Pulse	255	979610	7981	0
sub-11_1	33	Picture	20	985248	0	1	2226	1	0	2000	other	0
sub-11_1	34	Picture	20	996866	0	1	2226	1	0	2000	other	0
sub-11_1	34	Pulse	255	999610	2744	0
sub-11_1	35	Picture	Bfix	1008485	0	1	150238	1	0	150000	other	0
sub-11_1	35	Pulse	255	1019610	11125	0
sub-11_1	35	Pulse	255	1039610	31125	0
sub-11_1	35	Pulse	255	1059610	51125	0
sub-11_1	35	Pulse	255	1079610	71125	0
sub-11_1	35	Pulse	255	1099610	91126	0
sub-11_1	35	Pulse	255	1119610	111125	0
sub-11_1	35	Pulse	255	1139610	131126	0
sub-11_1	36	Picture	10	1158723	0	1	2226	1	0	2000	other	0
sub-11_1	36	Pulse	255	1159610	887	0
sub-11_1	37	Picture	10	1171341	0	1	2226	1	0	2000	other	0
sub-11_1	37	Pulse	255	1179610	8270	0
sub-11_1	38	Picture	20	1184959	0	1	2227	1	0	2000	other	0
sub-11_1	39	Picture	20	1196579	0	1	2226	1	0	2000	other	0
sub-11_1	39	Pulse	255	1199610	3032	0
sub-11_1	40	Picture	10	1208197	0	1	2226	1	0	2000	other	0
sub-11_1	40	Pulse	255	1219610	11413	0
sub-11_1	41	Picture	20	1219815	0	1	2226	1	0	2000	other	0
sub-11_1	42	Picture	10	1232434	0	1	2226	1	0	2000	other	0
sub-11_1	42	Pulse	255	1239610	7176	0
sub-11_1	43	Picture	20	1245053	0	1	2226	1	0	2000	other	0
sub-11_1	44	Picture	10	1258671	0	1	2226	1	0	2000	other	0
sub-11_1	44	Pulse	255	1259610	939	0
sub-11_1	45	Picture	10	1272290	0	1	2226	1	0	2000	other	0
sub-11_1	45	Pulse	255	1279610	7321	0
sub-11_1	46	Picture	20	1284908	0	1	2226	1	0	2000	other	0
sub-11_1	47	Picture	20	1298527	0	1	2226	1	0	2000	other	0
sub-11_1	47	Pulse	255	1299610	1084	0
sub-11_1	48	Picture	10	1310145	0	1	2167	1	0	2000	other	0
sub-11_1	48	Pulse	255	1319610	9466	0
sub-11_1	49	Picture	10	1322705	0	1	2226	1	0	2000	other	0
sub-11_1	50	Picture	20	1334323	0	1	2226	1	0	2000	other	0
sub-11_1	50	Pulse	255	1339610	5287	0
sub-11_1	51	Picture	10	1347942	0	1	2226	1	0	2000	other	0
sub-11_1	51	Pulse	255	1359610	11669	0
sub-11_1	52	Picture	20	1360560	0	1	2226	1	0	2000	other	0
sub-11_1	53	Picture	20	1374179	0	1	2226	1	0	2000	other	0
sub-11_1	53	Pulse	255	1379610	5431	0
sub-11_1	54	Picture	10	1385797	0	1	2226	1	0	2000	other	0
sub-11_1	55	Picture	20	1398415	0	1	2226	1	0	2000	other	0
sub-11_1	55	Pulse	255	1399611	1195	0
sub-11_1	56	Picture	10	1410034	0	1	2226	1	0	2000	other	0
sub-11_1	56	Pulse	255	1419610	9576	0
sub-11_1	57	Picture	20	1422652	0	1	2226	1	0	2000	other	0
sub-11_1	58	Picture	20	1434271	0	1	2226	1	0	2000	other	0
sub-11_1	58	Pulse	255	1439611	5339	0
sub-11_1	59	Picture	10	1445890	0	1	2226	1	0	2000	other	0
sub-11_1	60	Picture	20	1457508	0	1	2226	1	0	2000	other	0
sub-11_1	60	Pulse	255	1459611	2102	0
sub-11_1	61	Picture	20	1469127	0	1	2226	1	0	2000	other	0
sub-11_1	61	Pulse	255	1479611	10484	0
sub-11_1	62	Picture	20	1482745	0	1	2226	1	0	2000	other	0
sub-11_1	63	Picture	10	1496364	0	1	2226	1	0	2000	other	0
sub-11_1	63	Pulse	255	1499610	3247	0
sub-11_1	64	Picture	20	1507983	0	1	2167	1	0	2000	other	0
sub-11_1	65	Picture	10	1519543	0	1	2227	1	0	2000	other	0
sub-11_1	65	Pulse	255	1519610	67	0
sub-11_1	66	Picture	20	1531163	0	1	2226	1	0	2000	other	0
sub-11_1	66	Pulse	255	1539611	8447	0
sub-11_1	67	Picture	20	1544782	0	1	2226	1	0	2000	other	0
sub-11_1	68	Picture	10	1558401	0	1	2226	1	0	2000	other	0
sub-11_1	68	Pulse	255	1559611	1210	0
sub-11_1	69	Picture	Bfix	1571020	0	1	150232	1	0	150000	other	0
sub-11_1	69	Pulse	255	1579610	8591	0
sub-11_1	69	Pulse	255	1599610	28590	0
sub-11_1	69	Pulse	255	1619610	48590	0
sub-11_1	69	Pulse	255	1639610	68590	0
sub-11_1	69	Pulse	255	1659610	88590	0
sub-11_1	69	Pulse	255	1679610	108590	0
sub-11_1	69	Pulse	255	1699610	128590	0
sub-11_1	69	Pulse	255	1719611	148591	0
sub-11_1	70	Picture	20	1721252	0	1	2226	1	0	2000	other	0
sub-11_1	71	Picture	20	1733871	0	1	2226	1	0	2000	other	0
sub-11_1	71	Pulse	255	1739610	5740	0
sub-11_1	72	Picture	20	1745489	0	1	2226	1	0	2000	other	0
sub-11_1	73	Picture	20	1757108	0	1	2226	1	0	2000	other	0
sub-11_1	73	Pulse	255	1759610	2503	0
sub-11_1	74	Picture	20	1768727	0	1	2226	1	0	2000	other	0
sub-11_1	74	Pulse	255	1779611	10884	0
sub-11_1	75	Picture	20	1782345	0	1	2226	1	0	2000	other	0
sub-11_1	76	Picture	20	1795964	0	1	2226	1	0	2000	other	0
sub-11_1	76	Pulse	255	1799611	3647	0
sub-11_1	77	Picture	10	1809582	0	1	2226	1	0	2000	other	0
sub-11_1	77	Pulse	255	1819611	10029	0
sub-11_1	78	Picture	10	1822201	0	1	2226	1	0	2000	other	0
sub-11_1	79	Picture	20	1833819	0	1	2226	1	0	2000	other	0
sub-11_1	79	Pulse	255	1839611	5791	0
sub-11_1	80	Picture	10	1845438	0	1	2226	1	0	2000	other	0
sub-11_1	81	Picture	20	1859057	0	1	2226	1	0	2000	other	0
sub-11_1	81	Pulse	255	1859611	554	0
sub-11_1	82	Picture	20	1870675	0	1	2226	1	0	2000	other	0
sub-11_1	82	Pulse	255	1879611	8935	0
sub-11_1	83	Picture	10	1882294	0	1	2226	1	0	2000	other	0
sub-11_1	84	Picture	20	1895912	0	1	2226	1	0	2000	other	0
sub-11_1	84	Pulse	255	1899611	3699	0
sub-11_1	85	Picture	10	1909531	0	1	2167	1	0	2000	other	0
sub-11_1	85	Pulse	255	1919611	10080	0
sub-11_1	86	Picture	10	1923091	0	1	2226	1	0	2000	other	0
sub-11_1	87	Picture	10	1934709	0	1	2226	1	0	2000	other	0
sub-11_1	87	Pulse	255	1939601	4892	0
sub-11_1	88	Picture	20	1948328	0	1	2226	1	0	2000	other	0
sub-11_1	88	Pulse	255	1959601	11273	0
sub-11_1	89	Picture	10	1960946	0	1	2226	1	0	2000	other	0
sub-11_1	90	Picture	20	1972565	0	1	2226	1	0	2000	other	0
sub-11_1	90	Pulse	255	1979600	7036	0
sub-11_1	91	Picture	10	1986183	0	1	2226	1	0	2000	other	0
sub-11_1	92	Picture	20	1997802	0	1	2226	1	0	2000	other	0
sub-11_1	92	Pulse	255	1999600	1799	0
sub-11_1	93	Picture	10	2010420	0	1	2226	1	0	2000	other	0
sub-11_1	93	Pulse	255	2019601	9181	0
sub-11_1	94	Picture	10	2023038	0	1	2226	1	0	2000	other	0
sub-11_1	95	Picture	20	2034657	0	1	2226	1	0	2000	other	0
sub-11_1	95	Pulse	255	2039601	4943	0
sub-11_1	96	Picture	10	2048276	0	1	2226	1	0	2000	other	0
sub-11_1	96	Pulse	255	2059601	11325	0
sub-11_1	97	Picture	10	2060894	0	1	2226	1	0	2000	other	0
sub-11_1	98	Picture	20	2073513	0	1	2226	1	0	2000	other	0
sub-11_1	98	Pulse	255	2079601	6088	0
sub-11_1	99	Picture	10	2087132	0	1	2226	1	0	2000	other	0
sub-11_1	99	Pulse	255	2099601	12469	0
sub-11_1	100	Picture	20	2100750	0	1	2226	1	0	2000	other	0
sub-11_1	101	Picture	Bfix	2113369	0	1	150232	1	0	150000	other	0
sub-11_1	101	Pulse	255	2119601	6232	0
sub-11_1	101	Pulse	255	2139601	26232	0
sub-11_1	101	Pulse	255	2159600	46232	0
sub-11_1	101	Pulse	255	2179601	66232	0
sub-11_1	101	Pulse	255	2199601	86232	0
sub-11_1	101	Pulse	255	2219601	106232	0
sub-11_1	101	Pulse	255	2239601	126232	0
sub-11_1	101	Pulse	255	2259601	146232	0
sub-11_1	102	Picture	20	2263601	0	1	2226	1	0	2000	other	0
sub-11_1	103	Picture	10	2275220	0	1	2226	1	0	2000	other	0
sub-11_1	103	Pulse	255	2279601	4381	0
sub-11_1	104	Picture	20	2288838	0	1	2226	1	0	2000	other	0
sub-11_1	104	Pulse	255	2299601	10762	0
sub-11_1	105	Picture	10	2301457	0	1	2226	1	0	2000	other	0
sub-11_1	106	Picture	20	2313075	0	1	2226	1	0	2000	other	0
sub-11_1	106	Pulse	255	2319601	6525	0
sub-11_1	107	Picture	20	2326694	0	1	2226	1	0	2000	other	0
sub-11_1	108	Picture	20	2339313	0	1	2226	1	0	2000	other	0
sub-11_1	108	Pulse	255	2339601	289	0
sub-11_1	109	Picture	10	2351931	0	1	2226	1	0	2000	other	0
sub-11_1	109	Pulse	255	2359601	7670	0
sub-11_1	110	Picture	10	2364550	0	1	2226	1	0	2000	other	0
sub-11_1	111	Picture	20	2378168	0	1	2226	1	0	2000	other	0
sub-11_1	111	Pulse	255	2379601	1433	0
sub-11_1	112	Picture	20	2391786	0	1	2226	1	0	2000	other	0
sub-11_1	112	Pulse	255	2399600	7814	0
sub-11_1	113	Picture	10	2404405	0	1	2226	1	0	2000	other	0
sub-11_1	114	Picture	20	2417023	0	1	2226	1	0	2000	other	0
sub-11_1	114	Pulse	255	2419601	2578	0
sub-11_1	115	Picture	20	2429642	0	1	2226	1	0	2000	other	0
sub-11_1	115	Pulse	255	2439601	9959	0
sub-11_1	116	Picture	10	2443260	0	1	2226	1	0	2000	other	0
sub-11_1	117	Picture	20	2456879	0	1	2226	1	0	2000	other	0
sub-11_1	117	Pulse	255	2459601	2722	0
sub-11_1	118	Picture	20	2468497	0	1	2226	1	0	2000	other	0
sub-11_1	118	Pulse	255	2479601	11104	0
sub-11_1	119	Picture	10	2480115	0	1	2226	1	0	2000	other	0
sub-11_1	120	Picture	20	2492734	0	1	2226	1	0	2000	other	0
sub-11_1	120	Pulse	255	2499601	6867	0
sub-11_1	121	Picture	20	2504352	0	1	2226	1	0	2000	other	0
sub-11_1	122	Picture	10	2516971	0	1	2226	1	0	2000	other	0
sub-11_1	122	Pulse	255	2519601	2630	0
sub-11_1	123	Picture	20	2529590	0	1	2226	1	0	2000	other	0
sub-11_1	123	Pulse	255	2539601	10011	0
sub-11_1	124	Picture	20	2542208	0	1	2226	1	0	2000	other	0
sub-11_1	125	Picture	20	2555826	0	1	2226	1	0	2000	other	0
sub-11_1	125	Pulse	255	2559601	3775	0
sub-11_1	126	Picture	10	2569445	0	1	2226	1	0	2000	other	0
sub-11_1	126	Pulse	255	2579601	10156	0
sub-11_1	127	Picture	10	2581063	0	1	2226	1	0	2000	other	0
sub-11_1	128	Picture	20	2594682	0	1	2226	1	0	2000	other	0
sub-11_1	128	Pulse	255	2599601	4919	0
sub-11_1	129	Picture	10	2606300	0	1	2226	1	0	2000	other	0
sub-11_1	129	Pulse	255	2619601	13301	0
sub-11_1	130	Picture	20	2619919	0	1	2226	1	0	2000	other	0
sub-11_1	131	Picture	10	2631537	0	1	2226	1	0	2000	other	0
sub-11_1	131	Pulse	255	2639601	8063	0
sub-11_1	132	Picture	20	2645156	0	1	2226	1	0	2000	other	0
sub-11_1	133	Picture	20	2658774	0	1	2226	1	0	2000	other	0
sub-11_1	133	Pulse	255	2659601	827	0
sub-11_1	134	Picture	Bfix	2670393	0	1	150237	1	0	150000	other	0
sub-11_1	134	Pulse	255	2679601	9208	0
sub-11_1	134	Pulse	255	2699601	29208	0
sub-11_1	134	Pulse	255	2719601	49208	0
sub-11_1	134	Pulse	255	2739601	69208	0
sub-11_1	134	Pulse	255	2759601	89208	0
sub-11_1	134	Pulse	255	2779601	109208	0
sub-11_1	134	Pulse	255	2799601	129208	0
sub-11_1	134	Pulse	255	2819601	149208	0
sub-11_1	135	Picture	10	2820630	0	1	2226	1	0	2000	other	0
sub-11_1	136	Picture	20	2833249	0	1	2226	1	0	2000	other	0
sub-11_1	136	Pulse	255	2839601	6352	0
sub-11_1	137	Picture	10	2846867	0	1	2227	1	0	2000	other	0
sub-11_1	138	Picture	20	2858487	0	1	2226	1	0	2000	other	0
sub-11_1	138	Pulse	255	2859601	1114	0
sub-11_1	139	Picture	10	2870105	0	1	2226	1	0	2000	other	0
sub-11_1	139	Pulse	255	2879601	9496	0
sub-11_1	140	Picture	10	2883723	0	1	2226	1	0	2000	other	0
sub-11_1	141	Picture	20	2897342	0	1	2226	1	0	2000	other	0
sub-11_1	141	Pulse	255	2899601	2259	0
sub-11_1	142	Picture	10	2910961	0	1	2226	1	0	2000	other	0
sub-11_1	142	Pulse	255	2919601	8640	0
sub-11_1	143	Picture	20	2924579	0	1	2226	1	0	2000	other	0
sub-11_1	144	Picture	20	2937198	0	1	2226	1	0	2000	other	0
sub-11_1	144	Pulse	255	2939601	2403	0
sub-11_1	145	Picture	20	2948817	0	1	2226	1	0	2000	other	0
sub-11_1	145	Pulse	255	2959601	10785	0
sub-11_1	146	Picture	10	2960435	0	1	2226	1	0	2000	other	0
sub-11_1	147	Picture	20	2974054	0	1	2226	1	0	2000	other	0
sub-11_1	147	Pulse	255	2979601	5548	0
sub-11_1	148	Picture	10	2985672	0	1	2226	1	0	2000	other	0
sub-11_1	149	Picture	10	2998291	0	1	2226	1	0	2000	other	0
sub-11_1	149	Pulse	255	2999601	1310	0
sub-11_1	150	Picture	20	3011909	0	1	2226	1	0	2000	other	0
sub-11_1	150	Pulse	255	3019601	7692	0
sub-11_1	151	Picture	10	3025528	0	1	2226	1	0	2000	other	0
sub-11_1	152	Picture	20	3039146	0	1	2226	1	0	2000	other	0
sub-11_1	152	Pulse	255	3039601	455	0
sub-11_1	153	Picture	10	3052764	0	1	2226	1	0	2000	other	0
sub-11_1	153	Pulse	255	3059601	6837	0
sub-11_1	154	Picture	10	3064383	0	1	2226	1	0	2000	other	0
sub-11_1	155	Picture	10	3077002	0	1	2226	1	0	2000	other	0
sub-11_1	155	Pulse	255	3079601	2600	0
sub-11_1	156	Picture	20	3088620	0	1	2226	1	0	2000	other	0
sub-11_1	156	Pulse	255	3099601	10981	0
sub-11_1	157	Picture	20	3102238	0	1	2226	1	0	2000	other	0
sub-11_1	158	Picture	10	3115857	0	1	2226	1	0	2000	other	0
sub-11_1	158	Pulse	255	3119601	3744	0
sub-11_1	159	Picture	10	3128476	0	1	2226	1	0	2000	other	0
sub-11_1	159	Pulse	255	3139601	11125	0
sub-11_1	160	Picture	10	3140094	0	1	2226	1	0	2000	other	0
sub-11_1	161	Picture	10	3152713	0	1	2226	1	0	2000	other	0
sub-11_1	161	Pulse	255	3159601	6889	0
sub-11_1	162	Picture	10	3165331	0	1	2226	1	0	2000	other	0
sub-11_1	163	Picture	20	3178950	0	1	2226	1	0	2000	other	0
sub-11_1	163	Pulse	255	3179601	651	0
sub-11_1	164	Picture	10	3190568	0	1	2226	1	0	2000	other	0
sub-11_1	164	Pulse	255	3199601	9033	0
sub-11_1	165	Picture	20	3204187	0	1	2226	1	0	2000	other	0
sub-11_1	166	Picture	20	3216806	0	1	2226	1	0	2000	other	0
sub-11_1	166	Pulse	255	3219601	2795	0
sub-11_1	167	Picture	10	3230424	0	1	2226	1	0	2000	other	0
sub-11_1	167	Pulse	255	3239602	9177	0
sub-11_1	168	Picture	20	3243043	0	1	2226	1	0	2000	other	0
sub-11_1	169	Picture	10	3254661	0	1	2226	1	0	2000	other	0
sub-11_1	169	Pulse	255	3259601	4940	0
sub-11_1	170	Picture	20	3266280	0	1	2226	1	0	2000	other	0
sub-11_1	171	Picture	10	3278898	0	1	2226	1	0	2000	other	0
sub-11_1	171	Pulse	255	3279601	702	0
sub-11_1	172	Picture	Suite	3291517	0	1	50226	1	0	50000	other	0
sub-11_1	172	Pulse	255	3299601	8084	0
sub-11_1	172	Pulse	255	3319601	28084	0
sub-11_1	172	Pulse	255	3339601	48084	0
sub-11_1	172	Pulse	255	3359601	68084	0
sub-11_1	173	Picture	Bfix	3361744	0	1	60226	1	0	60000	other	0
sub-11_1	173	Pulse	255	3379601	17857	0
sub-11_1	173	Pulse	255	3399601	37857	0
sub-11_1	173	Pulse	255	3419601	57858	0


Event Type	Code	Type	Response	RT	RT Uncertainty	Time	Uncertainty	Duration	Uncertainty	ReqTime	ReqDur

Nothing	cut	other				579839	1			0
Nothing	cut	other				584839	1			5000
Picture	20	other				590072	1	2226	1	0	2000
Picture	10	other				602691	1	2226	1	0	2000
Picture	10	other				616309	1	2226	1	0	2000
Picture	10	other				628928	1	2226	1	0	2000
Picture	20	other				640546	1	2226	1	0	2000
Picture	20	other				654165	1	2226	1	0	2000
Picture	20	other				665783	1	2226	1	0	2000
Picture	10	other				677402	1	2226	1	0	2000
Picture	20	other				689020	1	2227	1	0	2000
Picture	20	other				701640	1	2226	1	0	2000
Picture	10	other				715258	1	2226	1	0	2000
Picture	10	other				726877	1	2226	1	0	2000
Picture	20	other				738496	1	2226	1	0	2000
Picture	20	other				752114	1	2226	1	0	2000
Picture	10	other				765733	1	2226	1	0	2000
Picture	20	other				778351	1	2226	1	0	2000
Picture	10	other				790970	1	2226	1	0	2000
Picture	10	other				802588	1	2226	1	0	2000
Picture	10	other				815207	1	2226	1	0	2000
Picture	20	other				828825	1	2226	1	0	2000
Picture	10	other				842444	1	2226	1	0	2000
Picture	20	other				855063	1	2226	1	0	2000
Picture	10	other				868681	1	2226	1	0	2000
Picture	20	other				882299	1	2226	1	0	2000
Picture	10	other				894918	1	2226	1	0	2000
Picture	10	other				907537	1	2226	1	0	2000
Picture	20	other				921156	1	2226	1	0	2000
Picture	10	other				933774	1	2226	1	0	2000
Picture	20	other				946392	1	2226	1	0	2000
Picture	20	other				958011	1	2226	1	0	2000
Picture	20	other				971629	1	2226	1	0	2000
Picture	20	other				985248	1	2226	1	0	2000
Picture	20	other				996866	1	2226	1	0	2000
Picture	Bfix	other				1008485	1	150238	1	0	150000
Picture	10	other				1158723	1	2226	1	0	2000
Picture	10	other				1171341	1	2226	1	0	2000
Picture	20	other				1184959	1	2227	1	0	2000
Picture	20	other				1196579	1	2226	1	0	2000
Picture	10	other				1208197	1	2226	1	0	2000
Picture	20	other				1219815	1	2226	1	0	2000
Picture	10	other				1232434	1	2226	1	0	2000
Picture	20	other				1245053	1	2226	1	0	2000
Picture	10	other				1258671	1	2226	1	0	2000
Picture	10	other				1272290	1	2226	1	0	2000
Picture	20	other				1284908	1	2226	1	0	2000
Picture	20	other				1298527	1	2226	1	0	2000
Picture	10	other				1310145	1	2167	1	0	2000
Picture	10	other				1322705	1	2226	1	0	2000
Picture	20	other				1334323	1	2226	1	0	2000
Picture	10	other				1347942	1	2226	1	0	2000
Picture	20	other				1360560	1	2226	1	0	2000
Picture	20	other				1374179	1	2226	1	0	2000
Picture	10	other				1385797	1	2226	1	0	2000
Picture	20	other				1398415	1	2226	1	0	2000
Picture	10	other				1410034	1	2226	1	0	2000
Picture	20	other				1422652	1	2226	1	0	2000
Picture	20	other				1434271	1	2226	1	0	2000
Picture	10	other				1445890	1	2226	1	0	2000
Picture	20	other				1457508	1	2226	1	0	2000
Picture	20	other				1469127	1	2226	1	0	2000
Picture	20	other				1482745	1	2226	1	0	2000
Picture	10	other				1496364	1	2226	1	0	2000
Picture	20	other				1507983	1	2167	1	0	2000
Picture	10	other				1519543	1	2227	1	0	2000
Picture	20	other				1531163	1	2226	1	0	2000
Picture	20	other				1544782	1	2226	1	0	2000
Picture	10	other				1558401	1	2226	1	0	2000
Picture	Bfix	other				1571020	1	150232	1	0	150000
Picture	20	other				1721252	1	2226	1	0	2000
Picture	20	other				1733871	1	2226	1	0	2000
Picture	20	other				1745489	1	2226	1	0	2000
Picture	20	other				1757108	1	2226	1	0	2000
Picture	20	other				1768727	1	2226	1	0	2000
Picture	20	other				1782345	1	2226	1	0	2000
Picture	20	other				1795964	1	2226	1	0	2000
Picture	10	other				1809582	1	2226	1	0	2000
Picture	10	other				1822201	1	2226	1	0	2000
Picture	20	other				1833819	1	2226	1	0	2000
Picture	10	other				1845438	1	2226	1	0	2000
Picture	20	other				1859057	1	2226	1	0	2000
Picture	20	other				1870675	1	2226	1	0	2000
Picture	10	other				1882294	1	2226	1	0	2000
Picture	20	other				1895912	1	2226	1	0	2000
Picture	10	other				1909531	1	2167	1	0	2000
Picture	10	other				1923091	1	2226	1	0	2000
Picture	10	other				1934709	1	2226	1	0	2000
Picture	20	other				1948328	1	2226	1	0	2000
Picture	10	other				1960946	1	2226	1	0	2000
Picture	20	other				1972565	1	2226	1	0	2000
Picture	10	other				1986183	1	2226	1	0	2000
Picture	20	other				1997802	1	2226	1	0	2000
Picture	10	other				2010420	1	2226	1	0	2000
Picture	10	other				2023038	1	2226	1	0	2000
Picture	20	other				2034657	1	2226	1	0	2000
Picture	10	other				2048276	1	2226	1	0	2000
Picture	10	other				2060894	1	2226	1	0	2000
Picture	20	other				2073513	1	2226	1	0	2000
Picture	10	other				2087132	1	2226	1	0	2000
Picture	20	other				2100750	1	2226	1	0	2000
Picture	Bfix	other				2113369	1	150232	1	0	150000
Picture	20	other				2263601	1	2226	1	0	2000
Picture	10	other				2275220	1	2226	1	0	2000
Picture	20	other				2288838	1	2226	1	0	2000
Picture	10	other				2301457	1	2226	1	0	2000
Picture	20	other				2313075	1	2226	1	0	2000
Picture	20	other				2326694	1	2226	1	0	2000
Picture	20	other				2339313	1	2226	1	0	2000
Picture	10	other				2351931	1	2226	1	0	2000
Picture	10	other				2364550	1	2226	1	0	2000
Picture	20	other				2378168	1	2226	1	0	2000
Picture	20	other				2391786	1	2226	1	0	2000
Picture	10	other				2404405	1	2226	1	0	2000
Picture	20	other				2417023	1	2226	1	0	2000
Picture	20	other				2429642	1	2226	1	0	2000
Picture	10	other				2443260	1	2226	1	0	2000
Picture	20	other				2456879	1	2226	1	0	2000
Picture	20	other				2468497	1	2226	1	0	2000
Picture	10	other				2480115	1	2226	1	0	2000
Picture	20	other				2492734	1	2226	1	0	2000
Picture	20	other				2504352	1	2226	1	0	2000
Picture	10	other				2516971	1	2226	1	0	2000
Picture	20	other				2529590	1	2226	1	0	2000
Picture	20	other				2542208	1	2226	1	0	2000
Picture	20	other				2555826	1	2226	1	0	2000
Picture	10	other				2569445	1	2226	1	0	2000
Picture	10	other				2581063	1	2226	1	0	2000
Picture	20	other				2594682	1	2226	1	0	2000
Picture	10	other				2606300	1	2226	1	0	2000
Picture	20	other				2619919	1	2226	1	0	2000
Picture	10	other				2631537	1	2226	1	0	2000
Picture	20	other				2645156	1	2226	1	0	2000
Picture	20	other				2658774	1	2226	1	0	2000
Picture	Bfix	other				2670393	1	150237	1	0	150000
Picture	10	other				2820630	1	2226	1	0	2000
Picture	20	other				2833249	1	2226	1	0	2000
Picture	10	other				2846867	1	2227	1	0	2000
Picture	20	other				2858487	1	2226	1	0	2000
Picture	10	other				2870105	1	2226	1	0	2000
Picture	10	other				2883723	1	2226	1	0	2000
Picture	20	other				2897342	1	2226	1	0	2000
Picture	10	other				2910961	1	2226	1	0	2000
Picture	20	other				2924579	1	2226	1	0	2000
Picture	20	other				2937198	1	2226	1	0	2000
Picture	20	other				2948817	1	2226	1	0	2000
Picture	10	other				2960435	1	2226	1	0	2000
Picture	20	other				2974054	1	2226	1	0	2000
Picture	10	other				2985672	1	2226	1	0	2000
Picture	10	other				2998291	1	2226	1	0	2000
Picture	20	other				3011909	1	2226	1	0	2000
Picture	10	other				3025528	1	2226	1	0	2000
Picture	20	other				3039146	1	2226	1	0	2000
Picture	10	other				3052764	1	2226	1	0	2000
Picture	10	other				3064383	1	2226	1	0	2000
Picture	10	other				3077002	1	2226	1	0	2000
Picture	20	other				3088620	1	2226	1	0	2000
Picture	20	other				3102238	1	2226	1	0	2000
Picture	10	other				3115857	1	2226	1	0	2000
Picture	10	other				3128476	1	2226	1	0	2000
Picture	10	other				3140094	1	2226	1	0	2000
Picture	10	other				3152713	1	2226	1	0	2000
Picture	10	other				3165331	1	2226	1	0	2000
Picture	20	other				3178950	1	2226	1	0	2000
Picture	10	other				3190568	1	2226	1	0	2000
Picture	20	other				3204187	1	2226	1	0	2000
Picture	20	other				3216806	1	2226	1	0	2000
Picture	10	other				3230424	1	2226	1	0	2000
Picture	20	other				3243043	1	2226	1	0	2000
Picture	10	other				3254661	1	2226	1	0	2000
Picture	20	other				3266280	1	2226	1	0	2000
Picture	10	other				3278898	1	2226	1	0	2000
Picture	Suite	other				3291517	1	50226	1	0	50000
Picture	Bfix	other				3361744	1	60226	1	0	60000
