Scenario - loca_audi_bis
Logfile written - 06/05/2018 15:20:56

Subject	Trial	Event Type	Code	Time	TTime	Uncertainty	Duration	Uncertainty	ReqTime	ReqDur	Stim Type	Pair Index

phantom_2	0	Pulse	255	559289	559289	0
phantom_2	1	Nothing	cut	559516	0	1			0		other	0
phantom_2	1	Nothing	cut	564516	5000	1			5000		other	0
phantom_2	2	Pulse	255	579289	9662	0
phantom_2	2	Pulse	255	599289	29662	0
phantom_2	2	Sound	start_sound	599627	30000	18243			30000		other	0
phantom_2	2	Nothing	pleur	617870	48243	1			45000		other	0
phantom_2	2	Pulse	255	619289	49662	0
phantom_2	2	Nothing	pleur	619627	50000	1			50000		other	0
phantom_2	2	Nothing	pleur	624627	55000	1			55000		other	0
phantom_2	2	Nothing	pleur	629627	60000	1			60000		other	0
phantom_2	2	Nothing	pleur	634627	65000	1			65000		other	0
phantom_2	2	Pulse	255	639289	69662	0
phantom_2	2	Nothing	pleur	639627	70000	1			70000		other	0
phantom_2	2	Nothing	pleur	644627	75000	1			75000		other	0
phantom_2	2	Nothing	pleur	649627	80000	1			80000		other	0
phantom_2	2	Nothing	pleur	654627	85000	1			85000		other	0
phantom_2	2	Pulse	255	659289	89662	0
phantom_2	2	Nothing	pleur	659627	90000	1			90000		other	0
phantom_2	2	Nothing	pleur	664627	95000	1			95000		other	0
phantom_2	2	Nothing	pleur	669627	100000	1			100000		other	0
phantom_2	2	Nothing	pleur	674627	105000	1			105000		other	0
phantom_2	2	Pulse	255	679289	109662	0
phantom_2	2	Nothing	pleur	679627	110000	1			110000		other	0
phantom_2	2	Nothing	pleur	684627	115000	1			115000		other	0
phantom_2	2	Nothing	pleur	689627	120000	1			120000		other	0
phantom_2	2	Nothing	pleur	694627	125000	1			125000		other	0
phantom_2	2	Pulse	255	699289	129663	0
phantom_2	2	Nothing	pleur	699627	130000	1			130000		other	0
phantom_2	2	Nothing	pleur	704627	135000	1			135000		other	0
phantom_2	2	Nothing	pleur	709627	140000	1			140000		other	0
phantom_2	2	Pulse	255	719289	149662	0
phantom_2	2	Pulse	255	739289	169662	0
phantom_2	3	Pulse	255	759289	19108	0
phantom_2	3	Sound	start_sound	770180	30000	2			30000		other	0
phantom_2	3	Pulse	255	779279	39098	0
phantom_2	3	Nothing	suomi	785180	45000	1			45000		other	0
phantom_2	3	Nothing	suomi	790180	50000	1			50000		other	0
phantom_2	3	Nothing	suomi	795180	55000	1			55000		other	0
phantom_2	3	Pulse	255	799279	59098	0
phantom_2	3	Nothing	suomi	800180	60000	1			60000		other	0
phantom_2	3	Nothing	suomi	805180	65000	1			65000		other	0
phantom_2	3	Nothing	suomi	810180	70000	1			70000		other	0
phantom_2	3	Nothing	suomi	815180	75000	1			75000		other	0
phantom_2	3	Pulse	255	819279	79098	0
phantom_2	3	Nothing	suomi	820180	80000	1			80000		other	0
phantom_2	3	Nothing	suomi	825181	85000	1			85000		other	0
phantom_2	3	Nothing	suomi	830180	90000	1			90000		other	0
phantom_2	3	Nothing	suomi	835180	95000	1			95000		other	0
phantom_2	3	Pulse	255	839279	99098	0
phantom_2	3	Nothing	suomi	840180	100000	1			100000		other	0
phantom_2	3	Nothing	suomi	845180	105000	1			105000		other	0
phantom_2	3	Nothing	suomi	850180	110000	1			110000		other	0
phantom_2	3	Nothing	suomi	855180	115000	1			115000		other	0
phantom_2	3	Pulse	255	859279	119099	0
phantom_2	3	Nothing	suomi	860180	120000	1			120000		other	0
phantom_2	3	Nothing	suomi	865180	125000	1			125000		other	0
phantom_2	3	Nothing	suomi	870180	130000	1			130000		other	0
phantom_2	3	Nothing	suomi	875180	135000	1			135000		other	0
phantom_2	3	Pulse	255	879280	139099	0
phantom_2	3	Nothing	suomi	880181	140000	1			140000		other	0
phantom_2	4	Pulse	255	899279	3542	0
phantom_2	4	Pulse	255	919279	23543	0
phantom_2	4	Sound	start_sound	925737	30000	2			30000		other	0
phantom_2	4	Pulse	255	939280	43543	0
phantom_2	4	Nothing	yawny	940737	45000	1			45000		other	0
phantom_2	4	Nothing	yawny	945737	50000	1			50000		other	0
phantom_2	4	Nothing	yawny	950737	55000	1			55000		other	0
phantom_2	4	Nothing	yawny	955737	60000	1			60000		other	0
phantom_2	4	Pulse	255	959279	63543	0
phantom_2	4	Nothing	yawny	960737	65000	1			65000		other	0
phantom_2	4	Nothing	yawny	965737	70000	1			70000		other	0
phantom_2	4	Nothing	yawny	970737	75000	1			75000		other	0
phantom_2	4	Nothing	yawny	975737	80000	1			80000		other	0
phantom_2	4	Pulse	255	979279	83543	0
phantom_2	4	Nothing	yawny	980737	85000	1			85000		other	0
phantom_2	4	Nothing	yawny	985737	90000	1			90000		other	0
phantom_2	4	Nothing	yawny	990737	95000	1			95000		other	0
phantom_2	4	Nothing	yawny	995737	100000	1			100000		other	0
phantom_2	4	Pulse	255	999279	103543	0
phantom_2	4	Nothing	yawny	1000737	105000	1			105000		other	0
phantom_2	4	Nothing	yawny	1005737	110000	1			110000		other	0
phantom_2	4	Nothing	yawny	1010737	115000	1			115000		other	0
phantom_2	4	Nothing	yawny	1015737	120000	1			120000		other	0
phantom_2	4	Pulse	255	1019280	123543	0
phantom_2	4	Nothing	yawny	1020737	125000	1			125000		other	0
phantom_2	4	Nothing	yawny	1025737	130000	1			130000		other	0
phantom_2	4	Nothing	yawny	1030737	135000	1			135000		other	0
phantom_2	4	Nothing	yawny	1035737	140000	1			140000		other	0
phantom_2	4	Pulse	255	1039279	143543	0
phantom_2	4	Pulse	255	1059279	163543	0
phantom_2	5	Pulse	255	1079280	12988	0
phantom_2	5	Sound	start_sound	1096291	30000	2			30000		other	0
phantom_2	5	Pulse	255	1099279	32988	0
phantom_2	5	Nothing	human	1111291	45000	1			45000		other	0
phantom_2	5	Nothing	human	1116291	50000	1			50000		other	0
phantom_2	5	Pulse	255	1119280	52988	0
phantom_2	5	Nothing	human	1121291	55000	1			55000		other	0
phantom_2	5	Nothing	human	1126291	60000	1			60000		other	0
phantom_2	5	Nothing	human	1131291	65000	1			65000		other	0
phantom_2	5	Nothing	human	1136291	70000	1			70000		other	0
phantom_2	5	Pulse	255	1139280	72988	0
phantom_2	5	Nothing	human	1141291	75000	1			75000		other	0
phantom_2	5	Nothing	human	1146291	80000	1			80000		other	0
phantom_2	5	Nothing	human	1151291	85000	1			85000		other	0
phantom_2	5	Nothing	human	1156291	90000	1			90000		other	0
phantom_2	5	Pulse	255	1159279	92987	0
phantom_2	5	Nothing	human	1161291	95000	1			95000		other	0
phantom_2	5	Nothing	human	1166291	100000	1			100000		other	0
phantom_2	5	Nothing	human	1171291	105000	1			105000		other	0
phantom_2	5	Nothing	human	1176291	110000	1			110000		other	0
phantom_2	5	Pulse	255	1179280	112988	0
phantom_2	5	Nothing	human	1181291	115000	1			115000		other	0
phantom_2	5	Nothing	human	1186291	120000	1			120000		other	0
phantom_2	5	Nothing	human	1191291	125000	1			125000		other	0
phantom_2	5	Nothing	human	1196291	130000	1			130000		other	0
phantom_2	5	Pulse	255	1199279	132988	0
phantom_2	5	Nothing	human	1201291	135000	1			135000		other	0
phantom_2	5	Nothing	human	1206291	140000	1			140000		other	0
phantom_2	5	Pulse	255	1219279	152987	0
phantom_2	5	Pulse	255	1239280	172988	0
phantom_2	6	Pulse	255	1259279	7435	0
phantom_2	6	Pulse	255	1279279	27435	0
phantom_2	6	Sound	start_sound	1281845	30000	1			30000		other	0
phantom_2	6	Nothing	silen	1296845	45000	1			45000		other	0
phantom_2	6	Pulse	255	1299279	47434	0
phantom_2	6	Nothing	silen	1301845	50000	1			50000		other	0
phantom_2	6	Nothing	silen	1306845	55000	1			55000		other	0
phantom_2	6	Nothing	silen	1311845	60000	1			60000		other	0
phantom_2	6	Nothing	silen	1316845	65000	1			65000		other	0
phantom_2	6	Pulse	255	1319279	67435	0
phantom_2	6	Nothing	silen	1321845	70000	1			70000		other	0
phantom_2	6	Nothing	silen	1326845	75000	1			75000		other	0
phantom_2	6	Nothing	silen	1331845	80000	1			80000		other	0
phantom_2	6	Nothing	silen	1336845	85000	1			85000		other	0
phantom_2	6	Pulse	255	1339279	87435	0
phantom_2	6	Nothing	silen	1341845	90000	1			90000		other	0
phantom_2	6	Nothing	silen	1346845	95000	1			95000		other	0
phantom_2	6	Nothing	silen	1351845	100000	1			100000		other	0
phantom_2	6	Nothing	silen	1356845	105000	1			105000		other	0
phantom_2	6	Pulse	255	1359279	107435	0
phantom_2	6	Nothing	silen	1361845	110000	1			110000		other	0
phantom_2	6	Nothing	silen	1366845	115000	1			115000		other	0
phantom_2	6	Nothing	silen	1371845	120000	1			120000		other	0
phantom_2	6	Nothing	silen	1376845	125000	1			125000		other	0
phantom_2	6	Pulse	255	1379279	127435	0
phantom_2	6	Nothing	silen	1381845	130000	1			130000		other	0
phantom_2	6	Nothing	silen	1386845	135000	1			135000		other	0
phantom_2	6	Nothing	silen	1391845	140000	1			140000		other	0
phantom_2	6	Pulse	255	1399280	147435	0
phantom_2	6	Pulse	255	1419280	167435	0
phantom_2	7	Pulse	255	1439279	1881	0
phantom_2	7	Pulse	255	1459280	21882	0
phantom_2	7	Sound	start_sound	1467399	30000	2			30000		other	0
phantom_2	7	Pulse	255	1479280	41881	0
phantom_2	7	Nothing	music	1482399	45000	1			45000		other	0
phantom_2	7	Nothing	music	1487399	50000	1			50000		other	0
phantom_2	7	Nothing	music	1492399	55000	1			55000		other	0
phantom_2	7	Nothing	music	1497399	60000	1			60000		other	0
phantom_2	7	Pulse	255	1499280	61881	0
phantom_2	7	Nothing	music	1502399	65000	1			65000		other	0
phantom_2	7	Nothing	music	1507399	70000	1			70000		other	0
phantom_2	7	Nothing	music	1512399	75000	1			75000		other	0
phantom_2	7	Nothing	music	1517399	80000	1			80000		other	0
phantom_2	7	Pulse	255	1519280	81881	0
phantom_2	7	Nothing	music	1522399	85000	1			85000		other	0
phantom_2	7	Nothing	music	1527399	90000	1			90000		other	0
phantom_2	7	Nothing	music	1532399	95000	1			95000		other	0
phantom_2	7	Nothing	music	1537399	100000	1			100000		other	0
phantom_2	7	Pulse	255	1539280	101881	0
phantom_2	7	Nothing	music	1542399	105000	1			105000		other	0
phantom_2	7	Nothing	music	1547399	110000	1			110000		other	0
phantom_2	7	Nothing	music	1552399	115000	1			115000		other	0
phantom_2	7	Nothing	music	1557399	120000	1			120000		other	0
phantom_2	7	Pulse	255	1559280	121882	0
phantom_2	7	Nothing	music	1562399	125000	1			125000		other	0
phantom_2	7	Nothing	music	1567399	130000	1			130000		other	0
phantom_2	7	Nothing	music	1572399	135000	1			135000		other	0
phantom_2	7	Nothing	music	1577399	140000	1			140000		other	0
phantom_2	7	Pulse	255	1579280	141881	0
phantom_2	8	Pulse	255	1599280	6328	0
phantom_2	8	Pulse	255	1619280	26328	0
phantom_2	8	Sound	start_sound	1622952	30000	2			30000		other	0
phantom_2	8	Nothing	rever	1637952	45000	1			45000		other	0
phantom_2	8	Pulse	255	1639280	46328	0
phantom_2	8	Nothing	rever	1642952	50000	1			50000		other	0
phantom_2	8	Nothing	rever	1647952	55000	1			55000		other	0
phantom_2	8	Nothing	rever	1652952	60000	1			60000		other	0
phantom_2	8	Nothing	rever	1657952	65000	1			65000		other	0
phantom_2	8	Pulse	255	1659280	66328	0
phantom_2	8	Nothing	rever	1662952	70000	1			70000		other	0
phantom_2	8	Nothing	rever	1667952	75000	1			75000		other	0
phantom_2	8	Nothing	rever	1672952	80000	1			80000		other	0
phantom_2	8	Nothing	rever	1677952	85000	1			85000		other	0
phantom_2	8	Pulse	255	1679280	86328	0
phantom_2	8	Nothing	rever	1682952	90000	1			90000		other	0
phantom_2	8	Nothing	rever	1687952	95000	1			95000		other	0
phantom_2	8	Nothing	rever	1692952	100000	1			100000		other	0
phantom_2	8	Nothing	rever	1697952	105000	1			105000		other	0
phantom_2	8	Pulse	255	1699281	106329	0
phantom_2	8	Nothing	rever	1702952	110000	1			110000		other	0
phantom_2	8	Nothing	rever	1707952	115000	1			115000		other	0
phantom_2	8	Nothing	rever	1712952	120000	1			120000		other	0
phantom_2	8	Nothing	rever	1717952	125000	1			125000		other	0
phantom_2	8	Pulse	255	1719281	126329	0
phantom_2	8	Nothing	rever	1722952	130000	1			130000		other	0
phantom_2	8	Nothing	rever	1727952	135000	1			135000		other	0
phantom_2	8	Nothing	rever	1732952	140000	1			140000		other	0
phantom_2	8	Pulse	255	1739280	146328	0
phantom_2	9	Pulse	255	1759283	10747	0
phantom_2	9	Sound	start_sound	1778536	30000	2			30000		other	0
phantom_2	9	Pulse	255	1779280	30745	0
phantom_2	9	Nothing	parol	1788536	40000	1			40000		other	0
phantom_2	9	Nothing	parol	1793536	45000	1			45000		other	0
phantom_2	9	Nothing	parol	1798536	50000	1			50000		other	0
phantom_2	9	Pulse	255	1799280	50744	0
phantom_2	9	Nothing	parol	1803536	55000	1			55000		other	0
phantom_2	9	Nothing	parol	1808536	60000	1			60000		other	0
phantom_2	9	Nothing	parol	1813536	65000	1			65000		other	0
phantom_2	9	Nothing	parol	1818536	70000	1			70000		other	0
phantom_2	9	Pulse	255	1819281	70745	0
phantom_2	9	Nothing	parol	1823536	75000	1			75000		other	0
phantom_2	9	Nothing	parol	1828536	80000	1			80000		other	0
phantom_2	9	Nothing	parol	1833536	85000	1			85000		other	0
phantom_2	9	Nothing	parol	1838536	90000	1			90000		other	0
phantom_2	9	Pulse	255	1839281	90745	0
phantom_2	9	Nothing	parol	1843536	95000	1			95000		other	0
phantom_2	9	Nothing	parol	1848536	100000	1			100000		other	0
phantom_2	9	Nothing	parol	1853536	105000	1			105000		other	0
phantom_2	9	Nothing	parol	1858536	110000	1			110000		other	0
phantom_2	9	Pulse	255	1859280	110744	0
phantom_2	9	Nothing	parol	1863536	115000	1			115000		other	0
phantom_2	9	Nothing	parol	1868536	120000	1			120000		other	0
phantom_2	9	Nothing	parol	1873536	125000	1			125000		other	0
phantom_2	9	Nothing	parol	1878536	130000	1			130000		other	0
phantom_2	9	Pulse	255	1879280	130745	0
phantom_2	9	Nothing	parol	1883536	135000	1			135000		other	0
phantom_2	10	Pulse	255	1899281	205	0
phantom_2	10	Pulse	255	1919281	20204	0
phantom_2	10	Sound	start_sound	1929076	30000	2			30000		other	0
phantom_2	10	Pulse	255	1939281	40204	0
phantom_2	10	Nothing	alpha	1944076	45000	1			45000		other	0
phantom_2	10	Nothing	alpha	1949076	50000	1			50000		other	0
phantom_2	10	Nothing	alpha	1954076	55000	1			55000		other	0
phantom_2	10	Nothing	alpha	1959076	60000	1			60000		other	0
phantom_2	10	Pulse	255	1959280	60204	0
phantom_2	10	Nothing	alpha	1964076	65000	1			65000		other	0
phantom_2	10	Nothing	alpha	1969076	70000	1			70000		other	0
phantom_2	10	Nothing	alpha	1974076	75000	1			75000		other	0
phantom_2	10	Nothing	alpha	1979076	80000	1			80000		other	0
phantom_2	10	Pulse	255	1979281	80205	0
phantom_2	10	Nothing	alpha	1984076	85000	1			85000		other	0
phantom_2	10	Nothing	alpha	1989076	90000	1			90000		other	0
phantom_2	10	Nothing	alpha	1994076	95000	1			95000		other	0
phantom_2	10	Nothing	alpha	1999076	100000	1			100000		other	0
phantom_2	10	Pulse	255	1999280	100203	0
phantom_2	10	Nothing	alpha	2004076	105000	1			105000		other	0
phantom_2	10	Nothing	alpha	2009076	110000	1			110000		other	0
phantom_2	10	Nothing	alpha	2014076	115000	1			115000		other	0
phantom_2	10	Nothing	alpha	2019076	120000	1			120000		other	0
phantom_2	10	Pulse	255	2019281	120204	0
phantom_2	10	Nothing	alpha	2024076	125000	1			125000		other	0
phantom_2	10	Nothing	alpha	2029076	130000	1			130000		other	0
phantom_2	10	Nothing	alpha	2034076	135000	1			135000		other	0
phantom_2	10	Nothing	alpha	2039076	140000	1			140000		other	0
phantom_2	10	Pulse	255	2039281	140204	0
phantom_2	11	Pulse	255	2059280	4650	0
phantom_2	11	Pulse	255	2079281	24650	0
phantom_2	11	Sound	start_sound	2084630	30000	2			30000		other	0
phantom_2	11	Pulse	255	2099281	44650	0
phantom_2	11	Nothing	human	2099630	45000	1			45000		other	0
phantom_2	11	Nothing	human	2104630	50000	1			50000		other	0
phantom_2	11	Nothing	human	2109630	55000	1			55000		other	0
phantom_2	11	Nothing	human	2114630	60000	1			60000		other	0
phantom_2	11	Pulse	255	2119289	64658	0
phantom_2	11	Nothing	human	2119630	65000	1			65000		other	0
phantom_2	11	Nothing	human	2124630	70000	1			70000		other	0
phantom_2	11	Nothing	human	2129630	75000	1			75000		other	0
phantom_2	11	Nothing	human	2134630	80000	1			80000		other	0
phantom_2	11	Pulse	255	2139280	84650	0
phantom_2	11	Nothing	human	2139630	85000	1			85000		other	0
phantom_2	11	Nothing	human	2144630	90000	1			90000		other	0
phantom_2	11	Nothing	human	2149630	95000	1			95000		other	0
phantom_2	11	Nothing	human	2154630	100000	1			100000		other	0
phantom_2	11	Pulse	255	2159281	104651	0
phantom_2	11	Nothing	human	2159630	105000	1			105000		other	0
phantom_2	11	Nothing	human	2164630	110000	1			110000		other	0
phantom_2	11	Nothing	human	2169630	115000	1			115000		other	0
phantom_2	11	Nothing	human	2174630	120000	1			120000		other	0
phantom_2	11	Pulse	255	2179281	124650	0
phantom_2	11	Nothing	human	2179630	125000	1			125000		other	0
phantom_2	11	Nothing	human	2184630	130000	1			130000		other	0
phantom_2	11	Nothing	human	2189630	135000	1			135000		other	0
phantom_2	11	Nothing	human	2194630	140000	1			140000		other	0
phantom_2	11	Pulse	255	2199280	144650	0
phantom_2	12	Picture	Bfix	2210249	0	1	60226	1	0	60000	other	0
phantom_2	12	Pulse	255	2219281	9032	0
phantom_2	12	Pulse	255	2239281	29032	0
phantom_2	12	Pulse	255	2259281	49032	0
phantom_2	13	Pulse	255	2279280	8707	0
phantom_2	13	Pulse	255	2299281	28708	0
phantom_2	13	Sound	start_sound	2300573	30000	2			30000		other	0
phantom_2	13	Nothing	pleur	2315573	45000	1			45000		other	0
phantom_2	13	Pulse	255	2319280	48707	0
phantom_2	13	Nothing	pleur	2320573	50000	1			50000		other	0
phantom_2	13	Nothing	pleur	2325573	55000	1			55000		other	0
phantom_2	13	Nothing	pleur	2330573	60000	1			60000		other	0
phantom_2	13	Nothing	pleur	2335573	65000	1			65000		other	0
phantom_2	13	Pulse	255	2339281	68708	0
phantom_2	13	Nothing	pleur	2340573	70000	1			70000		other	0
phantom_2	13	Nothing	pleur	2345573	75000	1			75000		other	0
phantom_2	13	Nothing	pleur	2350573	80000	1			80000		other	0
phantom_2	13	Nothing	pleur	2355573	85000	1			85000		other	0
phantom_2	13	Pulse	255	2359282	88709	0
phantom_2	13	Nothing	pleur	2360573	90000	1			90000		other	0
phantom_2	13	Nothing	pleur	2365573	95000	1			95000		other	0
phantom_2	13	Nothing	pleur	2370573	100000	1			100000		other	0
phantom_2	13	Nothing	pleur	2375573	105000	1			105000		other	0
phantom_2	13	Pulse	255	2379281	108708	0
phantom_2	13	Nothing	pleur	2380573	110000	1			110000		other	0
phantom_2	13	Nothing	pleur	2385573	115000	1			115000		other	0
phantom_2	13	Nothing	pleur	2390573	120000	1			120000		other	0
phantom_2	13	Nothing	pleur	2395573	125000	1			125000		other	0
phantom_2	13	Pulse	255	2399281	128708	0
phantom_2	13	Nothing	pleur	2400573	130000	1			130000		other	0
phantom_2	13	Nothing	pleur	2405573	135000	1			135000		other	0
phantom_2	13	Nothing	pleur	2410573	140000	1			140000		other	0
phantom_2	13	Pulse	255	2419281	148708	0
phantom_2	13	Pulse	255	2439280	168707	0
phantom_2	14	Pulse	255	2459282	18156	0
phantom_2	14	Sound	start_sound	2471126	30000	2			30000		other	0
phantom_2	14	Pulse	255	2479281	38155	0
phantom_2	14	Nothing	cough	2486126	45000	1			45000		other	0
phantom_2	14	Nothing	cough	2491126	50000	1			50000		other	0
phantom_2	14	Nothing	cough	2496126	55000	1			55000		other	0
phantom_2	14	Pulse	255	2499281	58155	0
phantom_2	14	Nothing	cough	2501126	60000	1			60000		other	0
phantom_2	14	Nothing	cough	2506126	65000	1			65000		other	0
phantom_2	14	Nothing	cough	2511126	70000	1			70000		other	0
phantom_2	14	Nothing	cough	2516126	75000	1			75000		other	0
phantom_2	14	Pulse	255	2519281	78155	0
phantom_2	14	Nothing	cough	2521126	80000	1			80000		other	0
phantom_2	14	Nothing	cough	2526126	85000	1			85000		other	0
phantom_2	14	Nothing	cough	2531126	90000	1			90000		other	0
phantom_2	14	Nothing	cough	2536126	95000	1			95000		other	0
phantom_2	14	Pulse	255	2539282	98156	0
phantom_2	14	Nothing	cough	2541126	100000	1			100000		other	0
phantom_2	14	Nothing	cough	2546126	105000	1			105000		other	0
phantom_2	14	Nothing	cough	2551126	110000	1			110000		other	0
phantom_2	14	Nothing	cough	2556126	115000	1			115000		other	0
phantom_2	14	Pulse	255	2559282	118156	0
phantom_2	14	Nothing	cough	2561126	120000	1			120000		other	0
phantom_2	14	Nothing	cough	2566126	125000	1			125000		other	0
phantom_2	14	Nothing	cough	2571126	130000	1			130000		other	0
phantom_2	14	Nothing	cough	2576126	135000	1			135000		other	0
phantom_2	14	Pulse	255	2579282	138156	0
phantom_2	14	Nothing	cough	2581126	140000	1			140000		other	0
phantom_2	14	Pulse	255	2599282	158156	0
phantom_2	15	Pulse	255	2619282	7603	0
phantom_2	15	Pulse	255	2639282	27603	0
phantom_2	15	Sound	start_sound	2641679	30000	2			30000		other	0
phantom_2	15	Nothing	suomi	2656679	45000	1			45000		other	0
phantom_2	15	Pulse	255	2659282	47603	0
phantom_2	15	Nothing	suomi	2661679	50000	1			50000		other	0
phantom_2	15	Nothing	suomi	2666679	55000	1			55000		other	0
phantom_2	15	Nothing	suomi	2671679	60000	1			60000		other	0
phantom_2	15	Nothing	suomi	2676679	65000	1			65000		other	0
phantom_2	15	Pulse	255	2679281	67602	0
phantom_2	15	Nothing	suomi	2681679	70000	1			70000		other	0
phantom_2	15	Nothing	suomi	2686679	75000	1			75000		other	0
phantom_2	15	Nothing	suomi	2691679	80000	1			80000		other	0
phantom_2	15	Nothing	suomi	2696679	85000	1			85000		other	0
phantom_2	15	Pulse	255	2699282	87603	0
phantom_2	15	Nothing	suomi	2701679	90000	1			90000		other	0
phantom_2	15	Nothing	suomi	2706679	95000	1			95000		other	0
phantom_2	15	Nothing	suomi	2711679	100000	1			100000		other	0
phantom_2	15	Nothing	suomi	2716679	105000	1			105000		other	0
phantom_2	15	Pulse	255	2719282	107603	0
phantom_2	15	Nothing	suomi	2721679	110000	1			110000		other	0
phantom_2	15	Nothing	suomi	2726679	115000	1			115000		other	0
phantom_2	15	Nothing	suomi	2731679	120000	1			120000		other	0
phantom_2	15	Nothing	suomi	2736679	125000	1			125000		other	0
phantom_2	15	Pulse	255	2739281	127602	0
phantom_2	15	Nothing	suomi	2741679	130000	1			130000		other	0
phantom_2	15	Nothing	suomi	2746679	135000	1			135000		other	0
phantom_2	15	Nothing	suomi	2751679	140000	1			140000		other	0
phantom_2	15	Pulse	255	2759282	147603	0
phantom_2	16	Pulse	255	2779282	12050	0
phantom_2	16	Sound	start_sound	2797232	30000	2			30000		other	0
phantom_2	16	Pulse	255	2799281	32049	0
phantom_2	16	Nothing	silen	2812232	45000	1			45000		other	0
phantom_2	16	Nothing	silen	2817232	50000	1			50000		other	0
phantom_2	16	Pulse	255	2819282	52050	0
phantom_2	16	Nothing	silen	2822232	55000	1			55000		other	0
phantom_2	16	Nothing	silen	2827232	60000	1			60000		other	0
phantom_2	16	Nothing	silen	2832232	65000	1			65000		other	0
phantom_2	16	Nothing	silen	2837232	70000	1			70000		other	0
phantom_2	16	Pulse	255	2839282	72050	0
phantom_2	16	Nothing	silen	2842232	75000	1			75000		other	0
phantom_2	16	Nothing	silen	2847232	80000	1			80000		other	0
phantom_2	16	Nothing	silen	2852232	85000	1			85000		other	0
phantom_2	16	Nothing	silen	2857232	90000	1			90000		other	0
phantom_2	16	Pulse	255	2859281	92049	0
phantom_2	16	Nothing	silen	2862232	95000	1			95000		other	0
phantom_2	16	Nothing	silen	2867232	100000	1			100000		other	0
phantom_2	16	Nothing	silen	2872232	105000	1			105000		other	0
phantom_2	16	Nothing	silen	2877232	110000	1			110000		other	0
phantom_2	16	Pulse	255	2879281	112050	0
phantom_2	16	Nothing	silen	2882232	115000	1			115000		other	0
phantom_2	16	Nothing	silen	2887232	120000	1			120000		other	0
phantom_2	16	Nothing	silen	2892232	125000	1			125000		other	0
phantom_2	16	Nothing	silen	2897232	130000	1			130000		other	0
phantom_2	16	Pulse	255	2899281	132050	0
phantom_2	16	Nothing	silen	2902232	135000	1			135000		other	0
phantom_2	16	Nothing	silen	2907232	140000	1			140000		other	0
phantom_2	16	Pulse	255	2919282	152051	0
phantom_2	16	Pulse	255	2939281	172050	0
phantom_2	17	Pulse	255	2959282	6498	0
phantom_2	17	Pulse	255	2979281	26497	0
phantom_2	17	Sound	start_sound	2982784	30000	2			30000		other	0
phantom_2	17	Nothing	human	2997784	45000	1			45000		other	0
phantom_2	17	Pulse	255	2999271	46488	0
phantom_2	17	Nothing	human	3002784	50000	1			50000		other	0
phantom_2	17	Nothing	human	3007784	55000	1			55000		other	0
phantom_2	17	Nothing	human	3012784	60000	1			60000		other	0
phantom_2	17	Nothing	human	3017784	65000	1			65000		other	0
phantom_2	17	Pulse	255	3019272	66488	0
phantom_2	17	Nothing	human	3022784	70000	1			70000		other	0
phantom_2	17	Nothing	human	3027784	75000	1			75000		other	0
phantom_2	17	Nothing	human	3032784	80000	1			80000		other	0
phantom_2	17	Nothing	human	3037784	85000	1			85000		other	0
phantom_2	17	Pulse	255	3039272	86488	0
phantom_2	17	Nothing	human	3042784	90000	1			90000		other	0
phantom_2	17	Nothing	human	3047784	95000	1			95000		other	0
phantom_2	17	Nothing	human	3052784	100000	1			100000		other	0
phantom_2	17	Nothing	human	3057784	105000	1			105000		other	0
phantom_2	17	Pulse	255	3059273	106489	0
phantom_2	17	Nothing	human	3062784	110000	1			110000		other	0
phantom_2	17	Nothing	human	3067784	115000	1			115000		other	0
phantom_2	17	Nothing	human	3072784	120000	1			120000		other	0
phantom_2	17	Nothing	human	3077784	125000	1			125000		other	0
phantom_2	17	Pulse	255	3079272	126488	0
phantom_2	17	Nothing	human	3082784	130000	1			130000		other	0
phantom_2	17	Nothing	human	3087784	135000	1			135000		other	0
phantom_2	17	Nothing	human	3092784	140000	1			140000		other	0
phantom_2	17	Pulse	255	3099272	146488	0
phantom_2	18	Pulse	255	3119272	10936	0
phantom_2	18	Sound	start_sound	3138336	30000	2			30000		other	0
phantom_2	18	Pulse	255	3139271	30935	0
phantom_2	18	Nothing	music	3153336	45000	1			45000		other	0
phantom_2	18	Nothing	music	3158336	50000	1			50000		other	0
phantom_2	18	Pulse	255	3159272	50936	0
phantom_2	18	Nothing	music	3163336	55000	1			55000		other	0
phantom_2	18	Nothing	music	3168336	60000	1			60000		other	0
phantom_2	18	Nothing	music	3173336	65000	1			65000		other	0
phantom_2	18	Nothing	music	3178336	70000	1			70000		other	0
phantom_2	18	Pulse	255	3179272	70936	0
phantom_2	18	Nothing	music	3183336	75000	1			75000		other	0
phantom_2	18	Nothing	music	3188336	80000	1			80000		other	0
phantom_2	18	Nothing	music	3193336	85000	1			85000		other	0
phantom_2	18	Nothing	music	3198336	90000	1			90000		other	0
phantom_2	18	Pulse	255	3199272	90936	0
phantom_2	18	Nothing	music	3203336	95000	1			95000		other	0
phantom_2	18	Nothing	music	3208336	100000	1			100000		other	0
phantom_2	18	Nothing	music	3213336	105000	1			105000		other	0
phantom_2	18	Nothing	music	3218336	110000	1			110000		other	0
phantom_2	18	Pulse	255	3219272	110936	0
phantom_2	18	Nothing	music	3223336	115000	1			115000		other	0
phantom_2	18	Nothing	music	3228336	120000	1			120000		other	0
phantom_2	18	Nothing	music	3233336	125000	1			125000		other	0
phantom_2	18	Nothing	music	3238336	130000	1			130000		other	0
phantom_2	18	Pulse	255	3239272	130936	0
phantom_2	18	Nothing	music	3243336	135000	1			135000		other	0
phantom_2	18	Nothing	music	3248336	140000	1			140000		other	0
phantom_2	18	Pulse	255	3259272	150936	0
phantom_2	19	Pulse	255	3279272	383	0
phantom_2	19	Pulse	255	3299272	20383	0
phantom_2	19	Sound	start_sound	3308889	30000	2			30000		other	0
phantom_2	19	Pulse	255	3319273	40384	0
phantom_2	19	Nothing	animo	3323889	45000	1			45000		other	0
phantom_2	19	Nothing	animo	3328889	50000	1			50000		other	0
phantom_2	19	Nothing	animo	3333889	55000	1			55000		other	0
phantom_2	19	Nothing	animo	3338889	60000	1			60000		other	0
phantom_2	19	Pulse	255	3339272	60383	0
phantom_2	19	Nothing	animo	3343889	65000	1			65000		other	0
phantom_2	19	Nothing	animo	3348889	70000	1			70000		other	0
phantom_2	19	Nothing	animo	3353889	75000	1			75000		other	0
phantom_2	19	Nothing	animo	3358889	80000	1			80000		other	0
phantom_2	19	Pulse	255	3359272	80383	1
phantom_2	19	Nothing	animo	3363889	85000	1			85000		other	0
phantom_2	19	Nothing	animo	3368889	90000	1			90000		other	0
phantom_2	19	Nothing	animo	3373889	95000	1			95000		other	0
phantom_2	19	Nothing	animo	3378889	100000	1			100000		other	0
phantom_2	19	Pulse	255	3379272	100383	0
phantom_2	19	Nothing	animo	3383889	105000	1			105000		other	0
phantom_2	19	Nothing	animo	3388889	110000	1			110000		other	0
phantom_2	19	Nothing	animo	3393889	115000	1			115000		other	0
phantom_2	19	Nothing	animo	3398889	120000	1			120000		other	0
phantom_2	19	Pulse	255	3399273	120384	0
phantom_2	19	Nothing	animo	3403889	125000	1			125000		other	0
phantom_2	19	Nothing	animo	3408889	130000	1			130000		other	0
phantom_2	19	Nothing	animo	3413889	135000	1			135000		other	0
phantom_2	19	Nothing	animo	3418889	140000	1			140000		other	0
phantom_2	19	Pulse	255	3419272	140383	0
phantom_2	19	Pulse	255	3439272	160383	0
phantom_2	20	Pulse	255	3459273	9831	0
phantom_2	20	Pulse	255	3479272	29831	0
phantom_2	20	Sound	start_sound	3479442	30000	2			30000		other	0
phantom_2	20	Nothing	rires	3494442	45000	1			45000		other	0
phantom_2	20	Pulse	255	3499272	49830	0
phantom_2	20	Nothing	rires	3499442	50000	1			50000		other	0
phantom_2	20	Nothing	rires	3504442	55000	1			55000		other	0
phantom_2	20	Nothing	rires	3509442	60000	1			60000		other	0
phantom_2	20	Nothing	rires	3514442	65000	1			65000		other	0
phantom_2	20	Pulse	255	3519272	69831	0
phantom_2	20	Nothing	rires	3519442	70000	1			70000		other	0
phantom_2	20	Nothing	rires	3524442	75000	1			75000		other	0
phantom_2	20	Nothing	rires	3529442	80000	1			80000		other	0
phantom_2	20	Nothing	rires	3534442	85000	1			85000		other	0
phantom_2	20	Pulse	255	3539272	89830	0
phantom_2	20	Nothing	rires	3539442	90000	1			90000		other	0
phantom_2	20	Nothing	rires	3544442	95000	1			95000		other	0
phantom_2	20	Nothing	rires	3549442	100000	1			100000		other	0
phantom_2	20	Nothing	rires	3554442	105000	1			105000		other	0
phantom_2	20	Pulse	255	3559272	109830	0
phantom_2	20	Nothing	rires	3559442	110000	1			110000		other	0
phantom_2	20	Nothing	rires	3564442	115000	1			115000		other	0
phantom_2	20	Nothing	rires	3569442	120000	1			120000		other	0
phantom_2	20	Nothing	rires	3574442	125000	1			125000		other	0
phantom_2	20	Pulse	255	3579273	129831	0
phantom_2	20	Nothing	rires	3579442	130000	1			130000		other	0
phantom_2	20	Nothing	rires	3584442	135000	1			135000		other	0
phantom_2	20	Nothing	rires	3589442	140000	1			140000		other	0
phantom_2	20	Pulse	255	3599272	149831	0
phantom_2	20	Pulse	255	3619273	169831	0
phantom_2	21	Pulse	255	3639272	4276	0
phantom_2	21	Pulse	255	3659272	24276	0
phantom_2	21	Sound	start_sound	3664996	30000	2			30000		other	0
phantom_2	21	Pulse	255	3679273	44276	0
phantom_2	21	Nothing	envir	3679996	45000	1			45000		other	0
phantom_2	21	Nothing	envir	3684996	50000	1			50000		other	0
phantom_2	21	Nothing	envir	3689996	55000	1			55000		other	0
phantom_2	21	Nothing	envir	3694996	60000	1			60000		other	0
phantom_2	21	Pulse	255	3699273	64276	0
phantom_2	21	Nothing	envir	3699996	65000	1			65000		other	0
phantom_2	21	Nothing	envir	3704996	70000	1			70000		other	0
phantom_2	21	Nothing	envir	3709996	75000	1			75000		other	0
phantom_2	21	Nothing	envir	3714996	80000	1			80000		other	0
phantom_2	21	Pulse	255	3719273	84277	0
phantom_2	21	Nothing	envir	3719996	85000	1			85000		other	0
phantom_2	21	Nothing	envir	3724996	90000	1			90000		other	0
phantom_2	21	Nothing	envir	3729996	95000	1			95000		other	0
phantom_2	21	Nothing	envir	3734996	100000	1			100000		other	0
phantom_2	21	Pulse	255	3739273	104276	0
phantom_2	21	Nothing	envir	3739996	105000	1			105000		other	0
phantom_2	21	Nothing	envir	3744996	110000	1			110000		other	0
phantom_2	21	Nothing	envir	3749996	115000	1			115000		other	0
phantom_2	21	Nothing	envir	3754996	120000	1			120000		other	0
phantom_2	21	Pulse	255	3759273	124276	0
phantom_2	21	Nothing	envir	3759996	125000	1			125000		other	0
phantom_2	21	Nothing	envir	3764996	130000	1			130000		other	0
phantom_2	21	Nothing	envir	3769996	135000	1			135000		other	0
phantom_2	21	Nothing	envir	3774996	140000	1			140000		other	0
phantom_2	21	Pulse	255	3779272	144275	0
phantom_2	21	Pulse	255	3799273	164276	0
phantom_2	21	Pulse	255	3819273	184276	0
phantom_2	22	Pulse	255	3839273	18714	0
phantom_2	22	Sound	start_sound	3850560	30000	2			30000		other	0
phantom_2	22	Pulse	255	3859273	38713	0
phantom_2	22	Nothing	cough	3865560	45000	1			45000		other	0
phantom_2	22	Nothing	cough	3870560	50000	1			50000		other	0
phantom_2	22	Nothing	cough	3875560	55000	1			55000		other	0
phantom_2	22	Pulse	255	3879273	58713	0
phantom_2	22	Nothing	cough	3880560	60000	1			60000		other	0
phantom_2	22	Nothing	cough	3885560	65000	1			65000		other	0
phantom_2	22	Nothing	cough	3890560	70000	1			70000		other	0
phantom_2	22	Nothing	cough	3895560	75000	1			75000		other	0
phantom_2	22	Pulse	255	3899273	78713	0
phantom_2	22	Nothing	cough	3900560	80000	1			80000		other	0
phantom_2	22	Nothing	cough	3905560	85000	1			85000		other	0
phantom_2	22	Nothing	cough	3910560	90000	1			90000		other	0
phantom_2	22	Nothing	cough	3915560	95000	1			95000		other	0
phantom_2	22	Pulse	255	3919273	98713	0
phantom_2	22	Nothing	cough	3920560	100000	1			100000		other	0
phantom_2	22	Nothing	cough	3925560	105000	1			105000		other	0
phantom_2	22	Nothing	cough	3930560	110000	1			110000		other	0
phantom_2	22	Nothing	cough	3935560	115000	1			115000		other	0
phantom_2	22	Pulse	255	3939273	118713	0
phantom_2	22	Nothing	cough	3940560	120000	1			120000		other	0
phantom_2	22	Nothing	cough	3945560	125000	1			125000		other	0
phantom_2	22	Nothing	cough	3950560	130000	1			130000		other	0
phantom_2	22	Nothing	cough	3955560	135000	1			135000		other	0
phantom_2	22	Pulse	255	3959273	138714	0
phantom_2	22	Nothing	cough	3960560	140000	1			140000		other	0
phantom_2	22	Pulse	255	3979273	158714	0
phantom_2	22	Pulse	255	3999272	178713	1
phantom_2	23	Picture	Bfix	4006179	0	1	60324	1	0	60000	other	0
phantom_2	23	Pulse	255	4019273	13094	0
phantom_2	23	Pulse	255	4039273	33094	0
phantom_2	23	Pulse	255	4059273	53094	0
phantom_2	24	Pulse	255	4079273	12997	0
phantom_2	24	Sound	start_sound	4096276	30000	2			30000		other	0
phantom_2	24	Pulse	255	4099273	32997	0
phantom_2	24	Nothing	rires	4111276	45000	1			45000		other	0
phantom_2	24	Nothing	rires	4116276	50000	1			50000		other	0
phantom_2	24	Pulse	255	4119273	52997	0
phantom_2	24	Nothing	rires	4121276	55000	1			55000		other	0
phantom_2	24	Nothing	rires	4126276	60000	1			60000		other	0
phantom_2	24	Nothing	rires	4131276	65000	1			65000		other	0
phantom_2	24	Nothing	rires	4136276	70000	1			70000		other	0
phantom_2	24	Pulse	255	4139273	72997	0
phantom_2	24	Nothing	rires	4141276	75000	1			75000		other	0
phantom_2	24	Nothing	rires	4146276	80000	1			80000		other	0
phantom_2	24	Nothing	rires	4151276	85000	1			85000		other	0
phantom_2	24	Nothing	rires	4156276	90000	1			90000		other	0
phantom_2	24	Pulse	255	4159273	92997	0
phantom_2	24	Nothing	rires	4161276	95000	1			95000		other	0
phantom_2	24	Nothing	rires	4166276	100000	1			100000		other	0
phantom_2	24	Nothing	rires	4171276	105000	1			105000		other	0
phantom_2	24	Nothing	rires	4176276	110000	1			110000		other	0
phantom_2	24	Pulse	255	4179273	112997	0
phantom_2	24	Nothing	rires	4181276	115000	1			115000		other	0
phantom_2	24	Nothing	rires	4186276	120000	1			120000		other	0
phantom_2	24	Nothing	rires	4191276	125000	1			125000		other	0
phantom_2	24	Nothing	rires	4196276	130000	1			130000		other	0
phantom_2	24	Pulse	255	4199273	132997	0
phantom_2	24	Nothing	rires	4201276	135000	1			135000		other	0
phantom_2	24	Nothing	rires	4206276	140000	1			140000		other	0
phantom_2	24	Pulse	255	4219273	152997	0
phantom_2	25	Pulse	255	4239273	2443	0
phantom_2	25	Pulse	255	4259273	22443	0
phantom_2	25	Sound	start_sound	4266830	30000	2			30000		other	0
phantom_2	25	Pulse	255	4279273	42443	0
phantom_2	25	Nothing	cough	4281830	45000	1			45000		other	0
phantom_2	25	Nothing	cough	4286830	50000	1			50000		other	0
phantom_2	25	Nothing	cough	4291830	55000	1			55000		other	0
phantom_2	25	Nothing	cough	4296830	60000	1			60000		other	0
phantom_2	25	Pulse	255	4299273	62443	0
phantom_2	25	Nothing	cough	4301830	65000	1			65000		other	0
phantom_2	25	Nothing	cough	4306830	70000	1			70000		other	0
phantom_2	25	Nothing	cough	4311830	75000	1			75000		other	0
phantom_2	25	Nothing	cough	4316830	80000	1			80000		other	0
phantom_2	25	Pulse	255	4319274	82444	0
phantom_2	25	Nothing	cough	4321830	85000	1			85000		other	0
phantom_2	25	Nothing	cough	4326830	90000	1			90000		other	0
phantom_2	25	Nothing	cough	4331830	95000	1			95000		other	0
phantom_2	25	Nothing	cough	4336830	100000	1			100000		other	0
phantom_2	25	Pulse	255	4339273	102443	0
phantom_2	25	Nothing	cough	4341830	105000	1			105000		other	0
phantom_2	25	Nothing	cough	4346830	110000	1			110000		other	0
phantom_2	25	Nothing	cough	4351830	115000	1			115000		other	0
phantom_2	25	Nothing	cough	4356830	120000	1			120000		other	0
phantom_2	25	Pulse	255	4359274	122444	0
phantom_2	25	Nothing	cough	4361830	125000	1			125000		other	0
phantom_2	25	Nothing	cough	4366830	130000	1			130000		other	0
phantom_2	25	Nothing	cough	4371830	135000	1			135000		other	0
phantom_2	25	Nothing	cough	4376830	140000	1			140000		other	0
phantom_2	25	Pulse	255	4379274	142444	0
phantom_2	26	Pulse	255	4399274	6890	0
phantom_2	26	Pulse	255	4419274	26890	0
phantom_2	26	Sound	start_sound	4422383	30000	2			30000		other	0
phantom_2	26	Nothing	animo	4437383	45000	1			45000		other	0
phantom_2	26	Pulse	255	4439273	46890	0
phantom_2	26	Nothing	animo	4442383	50000	1			50000		other	0
phantom_2	26	Nothing	animo	4447383	55000	1			55000		other	0
phantom_2	26	Nothing	animo	4452383	60000	1			60000		other	0
phantom_2	26	Nothing	animo	4457383	65000	1			65000		other	0
phantom_2	26	Pulse	255	4459273	66890	0
phantom_2	26	Nothing	animo	4462383	70000	1			70000		other	0
phantom_2	26	Nothing	animo	4467383	75000	1			75000		other	0
phantom_2	26	Nothing	animo	4472383	80000	1			80000		other	0
phantom_2	26	Nothing	animo	4477383	85000	1			85000		other	0
phantom_2	26	Pulse	255	4479273	86890	0
phantom_2	26	Nothing	animo	4482383	90000	1			90000		other	0
phantom_2	26	Nothing	animo	4487383	95000	1			95000		other	0
phantom_2	26	Nothing	animo	4492383	100000	1			100000		other	0
phantom_2	26	Nothing	animo	4497383	105000	1			105000		other	0
phantom_2	26	Pulse	255	4499274	106890	0
phantom_2	26	Nothing	animo	4502383	110000	1			110000		other	0
phantom_2	26	Nothing	animo	4507383	115000	1			115000		other	0
phantom_2	26	Nothing	animo	4512383	120000	1			120000		other	0
phantom_2	26	Nothing	animo	4517383	125000	1			125000		other	0
phantom_2	26	Pulse	255	4519274	126891	0
phantom_2	26	Nothing	animo	4522383	130000	1			130000		other	0
phantom_2	26	Nothing	animo	4527383	135000	1			135000		other	0
phantom_2	26	Nothing	animo	4532383	140000	1			140000		other	0
phantom_2	26	Pulse	255	4539273	146890	0
phantom_2	26	Pulse	255	4559275	166891	0
phantom_2	27	Pulse	255	4579274	1335	0
phantom_2	27	Pulse	255	4599274	21336	0
phantom_2	27	Sound	start_sound	4607938	30000	2			30000		other	0
phantom_2	27	Pulse	255	4619273	41335	0
phantom_2	27	Nothing	rever	4622938	45000	1			45000		other	0
phantom_2	27	Nothing	rever	4627938	50000	1			50000		other	0
phantom_2	27	Nothing	rever	4632938	55000	1			55000		other	0
phantom_2	27	Nothing	rever	4637938	60000	1			60000		other	0
phantom_2	27	Pulse	255	4639274	61335	0
phantom_2	27	Nothing	rever	4642938	65000	1			65000		other	0
phantom_2	27	Nothing	rever	4647938	70000	1			70000		other	0
phantom_2	27	Nothing	rever	4652938	75000	1			75000		other	0
phantom_2	27	Nothing	rever	4657938	80000	1			80000		other	0
phantom_2	27	Pulse	255	4659275	81336	0
phantom_2	27	Nothing	rever	4662938	85000	1			85000		other	0
phantom_2	27	Nothing	rever	4667938	90000	1			90000		other	0
phantom_2	27	Nothing	rever	4672938	95000	1			95000		other	0
phantom_2	27	Nothing	rever	4677938	100000	1			100000		other	0
phantom_2	27	Pulse	255	4679274	101336	0
phantom_2	27	Nothing	rever	4682938	105000	1			105000		other	0
phantom_2	27	Nothing	rever	4687938	110000	1			110000		other	0
phantom_2	27	Nothing	rever	4692938	115000	1			115000		other	0
phantom_2	27	Nothing	rever	4697938	120000	1			120000		other	0
phantom_2	27	Pulse	255	4699273	121335	0
phantom_2	27	Nothing	rever	4702938	125000	1			125000		other	0
phantom_2	27	Nothing	rever	4707938	130000	1			130000		other	0
phantom_2	27	Nothing	rever	4712938	135000	1			135000		other	0
phantom_2	27	Nothing	rever	4717938	140000	1			140000		other	0
phantom_2	27	Pulse	255	4719274	141336	0
phantom_2	27	Pulse	255	4739274	161336	0
phantom_2	27	Pulse	255	4759274	181336	0
phantom_2	28	Pulse	255	4779274	15783	0
phantom_2	28	Sound	start_sound	4793491	30000	2			30000		other	0
phantom_2	28	Pulse	255	4799274	35783	0
phantom_2	28	Nothing	alpha	4808491	45000	1			45000		other	0
phantom_2	28	Nothing	alpha	4813491	50000	1			50000		other	0
phantom_2	28	Nothing	alpha	4818491	55000	1			55000		other	0
phantom_2	28	Pulse	255	4819275	55784	0
phantom_2	28	Nothing	alpha	4823491	60000	1			60000		other	0
phantom_2	28	Nothing	alpha	4828491	65000	1			65000		other	0
phantom_2	28	Nothing	alpha	4833491	70000	1			70000		other	0
phantom_2	28	Nothing	alpha	4838491	75000	1			75000		other	0
phantom_2	28	Pulse	255	4839275	75784	0
phantom_2	28	Nothing	alpha	4843491	80000	1			80000		other	0
phantom_2	28	Nothing	alpha	4848491	85000	1			85000		other	0
phantom_2	28	Nothing	alpha	4853491	90000	1			90000		other	0
phantom_2	28	Nothing	alpha	4858491	95000	1			95000		other	0
phantom_2	28	Pulse	255	4859274	95783	0
phantom_2	28	Nothing	alpha	4863491	100000	1			100000		other	0
phantom_2	28	Nothing	alpha	4868491	105000	1			105000		other	0
phantom_2	28	Nothing	alpha	4873491	110000	1			110000		other	0
phantom_2	28	Nothing	alpha	4878491	115000	1			115000		other	0
phantom_2	28	Pulse	255	4879276	115785	0
phantom_2	28	Nothing	alpha	4883491	120000	1			120000		other	0
phantom_2	28	Nothing	alpha	4888491	125000	1			125000		other	0
phantom_2	28	Nothing	alpha	4893491	130000	1			130000		other	0
phantom_2	28	Nothing	alpha	4898491	135000	1			135000		other	0
phantom_2	28	Pulse	255	4899275	135784	0
phantom_2	28	Nothing	alpha	4903491	140000	1			140000		other	0
phantom_2	28	Pulse	255	4919274	155783	0
phantom_2	29	Pulse	255	4939274	5229	0
phantom_2	29	Pulse	255	4959275	25230	0
phantom_2	29	Sound	start_sound	4964045	30000	2			30000		other	0
phantom_2	29	Nothing	rires	4979045	45000	1			45000		other	0
phantom_2	29	Pulse	255	4979275	45230	0
phantom_2	29	Nothing	rires	4984045	50000	1			50000		other	0
phantom_2	29	Nothing	rires	4989045	55000	1			55000		other	0
phantom_2	29	Nothing	rires	4994045	60000	1			60000		other	0
phantom_2	29	Nothing	rires	4999045	65000	1			65000		other	0
phantom_2	29	Pulse	255	4999275	65230	0
phantom_2	29	Nothing	rires	5004045	70000	1			70000		other	0
phantom_2	29	Nothing	rires	5009045	75000	1			75000		other	0
phantom_2	29	Nothing	rires	5014045	80000	1			80000		other	0
phantom_2	29	Nothing	rires	5019045	85000	1			85000		other	0
phantom_2	29	Pulse	255	5019276	85231	0
phantom_2	29	Nothing	rires	5024045	90000	1			90000		other	0
phantom_2	29	Nothing	rires	5029045	95000	1			95000		other	0
phantom_2	29	Nothing	rires	5034045	100000	1			100000		other	0
phantom_2	29	Nothing	rires	5039045	105000	1			105000		other	0
phantom_2	29	Pulse	255	5039274	105229	0
phantom_2	29	Nothing	rires	5044045	110000	1			110000		other	0
phantom_2	29	Nothing	rires	5049045	115000	1			115000		other	0
phantom_2	29	Nothing	rires	5054045	120000	1			120000		other	0
phantom_2	29	Nothing	rires	5059045	125000	1			125000		other	0
phantom_2	29	Pulse	255	5059275	125231	0
phantom_2	29	Nothing	rires	5064045	130000	1			130000		other	0
phantom_2	29	Nothing	rires	5069045	135000	1			135000		other	0
phantom_2	29	Nothing	rires	5074045	140000	1			140000		other	0
phantom_2	29	Pulse	255	5079274	145229	0
phantom_2	29	Pulse	255	5099276	165231	0
phantom_2	29	Pulse	255	5119275	185230	0
phantom_2	30	Pulse	255	5139275	19675	0
phantom_2	30	Sound	start_sound	5149599	30000	2			30000		other	0
phantom_2	30	Pulse	255	5159275	39676	0
phantom_2	30	Nothing	animo	5164599	45000	1			45000		other	0
phantom_2	30	Nothing	animo	5169599	50000	1			50000		other	0
phantom_2	30	Nothing	animo	5174599	55000	1			55000		other	0
phantom_2	30	Pulse	255	5179276	59676	0
phantom_2	30	Nothing	animo	5179599	60000	1			60000		other	0
phantom_2	30	Nothing	animo	5184599	65000	1			65000		other	0
phantom_2	30	Nothing	animo	5189599	70000	1			70000		other	0
phantom_2	30	Nothing	animo	5194599	75000	1			75000		other	0
phantom_2	30	Pulse	255	5199266	79666	0
phantom_2	30	Nothing	animo	5199599	80000	1			80000		other	0
phantom_2	30	Nothing	animo	5204599	85000	1			85000		other	0
phantom_2	30	Nothing	animo	5209599	90000	1			90000		other	0
phantom_2	30	Nothing	animo	5214599	95000	1			95000		other	0
phantom_2	30	Pulse	255	5219264	99665	0
phantom_2	30	Nothing	animo	5219599	100000	1			100000		other	0
phantom_2	30	Nothing	animo	5224609	105010	1			105000		other	0
phantom_2	30	Nothing	animo	5229599	110000	1			110000		other	0
phantom_2	30	Nothing	animo	5234599	115000	1			115000		other	0
phantom_2	30	Pulse	255	5239266	119667	0
phantom_2	30	Nothing	animo	5239599	120000	1			120000		other	0
phantom_2	30	Nothing	animo	5244599	125000	1			125000		other	0
phantom_2	30	Nothing	animo	5249599	130000	1			130000		other	0
phantom_2	30	Nothing	animo	5254599	135000	1			135000		other	0
phantom_2	30	Pulse	255	5259265	139666	0
phantom_2	30	Nothing	animo	5259599	140000	1			140000		other	0
phantom_2	31	Pulse	255	5279265	4113	0
phantom_2	31	Pulse	255	5299265	24113	0
phantom_2	31	Sound	start_sound	5305152	30000	2			30000		other	0
phantom_2	31	Nothing	parol	5315152	40000	1			40000		other	0
phantom_2	31	Pulse	255	5319265	44113	0
phantom_2	31	Nothing	parol	5320152	45000	1			45000		other	0
phantom_2	31	Nothing	parol	5325152	50000	1			50000		other	0
phantom_2	31	Nothing	parol	5330152	55000	1			55000		other	0
phantom_2	31	Nothing	parol	5335152	60000	1			60000		other	0
phantom_2	31	Pulse	255	5339265	64113	0
phantom_2	31	Nothing	parol	5340152	65000	1			65000		other	0
phantom_2	31	Nothing	parol	5345152	70000	1			70000		other	0
phantom_2	31	Nothing	parol	5350152	75000	1			75000		other	0
phantom_2	31	Nothing	parol	5355152	80000	1			80000		other	0
phantom_2	31	Pulse	255	5359266	84114	0
phantom_2	31	Nothing	parol	5360152	85000	1			85000		other	0
phantom_2	31	Nothing	parol	5365152	90000	1			90000		other	0
phantom_2	31	Nothing	parol	5370152	95000	1			95000		other	0
phantom_2	31	Nothing	parol	5375152	100000	1			100000		other	0
phantom_2	31	Pulse	255	5379265	104113	0
phantom_2	31	Nothing	parol	5380152	105000	1			105000		other	0
phantom_2	31	Nothing	parol	5385152	110000	1			110000		other	0
phantom_2	31	Nothing	parol	5390152	115000	1			115000		other	0
phantom_2	31	Nothing	parol	5395152	120000	1			120000		other	0
phantom_2	31	Pulse	255	5399266	124114	0
phantom_2	31	Nothing	parol	5400152	125000	1			125000		other	0
phantom_2	31	Nothing	parol	5405152	130000	1			130000		other	0
phantom_2	31	Nothing	parol	5410152	135000	1			135000		other	0
phantom_2	31	Pulse	255	5419266	144114	0
phantom_2	31	Pulse	255	5439265	164114	0
phantom_2	32	Pulse	255	5459266	3561	0
phantom_2	32	Pulse	255	5479266	23561	0
phantom_2	32	Sound	start_sound	5485705	30000	2			30000		other	0
phantom_2	32	Pulse	255	5499266	43561	0
phantom_2	32	Nothing	yawny	5500705	45000	1			45000		other	0
phantom_2	32	Nothing	yawny	5505705	50000	1			50000		other	0
phantom_2	32	Nothing	yawny	5510705	55000	1			55000		other	0
phantom_2	32	Nothing	yawny	5515705	60000	1			60000		other	0
phantom_2	32	Pulse	255	5519266	63560	0
phantom_2	32	Nothing	yawny	5520705	65000	1			65000		other	0
phantom_2	32	Nothing	yawny	5525705	70000	1			70000		other	0
phantom_2	32	Nothing	yawny	5530705	75000	1			75000		other	0
phantom_2	32	Nothing	yawny	5535705	80000	1			80000		other	0
phantom_2	32	Pulse	255	5539266	83560	0
phantom_2	32	Nothing	yawny	5540705	85000	1			85000		other	0
phantom_2	32	Nothing	yawny	5545705	90000	1			90000		other	0
phantom_2	32	Nothing	yawny	5550705	95000	1			95000		other	0
phantom_2	32	Nothing	yawny	5555705	100000	1			100000		other	0
phantom_2	32	Pulse	255	5559266	103561	0
phantom_2	32	Nothing	yawny	5560705	105000	1			105000		other	0
phantom_2	32	Nothing	yawny	5565705	110000	1			110000		other	0
phantom_2	32	Nothing	yawny	5570705	115000	1			115000		other	0
phantom_2	32	Nothing	yawny	5575705	120000	1			120000		other	0
phantom_2	32	Pulse	255	5579266	123561	0
phantom_2	32	Nothing	yawny	5580705	125000	1			125000		other	0
phantom_2	32	Nothing	yawny	5585705	130000	1			130000		other	0
phantom_2	32	Nothing	yawny	5590705	135000	1			135000		other	0
phantom_2	32	Nothing	yawny	5595705	140000	1			140000		other	0
phantom_2	32	Pulse	255	5599266	143561	0
phantom_2	32	Pulse	255	5619266	163560	0
phantom_2	32	Pulse	255	5639266	183561	0
phantom_2	33	Pulse	255	5659266	18007	0
phantom_2	33	Sound	start_sound	5671259	30000	2			30000		other	0
phantom_2	33	Pulse	255	5679265	38006	0
phantom_2	33	Nothing	envir	5686259	45000	1			45000		other	0
phantom_2	33	Nothing	envir	5691259	50000	1			50000		other	0
phantom_2	33	Nothing	envir	5696259	55000	1			55000		other	0
phantom_2	33	Pulse	255	5699266	58007	0
phantom_2	33	Nothing	envir	5701259	60000	1			60000		other	0
phantom_2	33	Nothing	envir	5706259	65000	1			65000		other	0
phantom_2	33	Nothing	envir	5711259	70000	1			70000		other	0
phantom_2	33	Nothing	envir	5716259	75000	1			75000		other	0
phantom_2	33	Pulse	255	5719267	78008	0
phantom_2	33	Nothing	envir	5721259	80000	1			80000		other	0
phantom_2	33	Nothing	envir	5726259	85000	1			85000		other	0
phantom_2	33	Nothing	envir	5731259	90000	1			90000		other	0
phantom_2	33	Nothing	envir	5736259	95000	1			95000		other	0
phantom_2	33	Pulse	255	5739267	98008	0
phantom_2	33	Nothing	envir	5741259	100000	1			100000		other	0
phantom_2	33	Nothing	envir	5746259	105000	1			105000		other	0
phantom_2	33	Nothing	envir	5751259	110000	1			110000		other	0
phantom_2	33	Nothing	envir	5756259	115000	1			115000		other	0
phantom_2	33	Pulse	255	5759266	118007	0
phantom_2	33	Nothing	envir	5761259	120000	1			120000		other	0
phantom_2	33	Nothing	envir	5766259	125000	1			125000		other	0
phantom_2	33	Nothing	envir	5771259	130000	1			130000		other	0
phantom_2	33	Nothing	envir	5776259	135000	1			135000		other	0
phantom_2	33	Pulse	255	5779267	138008	1
phantom_2	33	Nothing	envir	5781259	140000	1			140000		other	0
phantom_2	33	Pulse	255	5799267	158008	0
phantom_2	34	Picture	Bfix	5811879	0	1	60323	1	0	60000	other	0
phantom_2	34	Pulse	255	5819267	7388	0
phantom_2	34	Pulse	255	5839266	27387	0
phantom_2	34	Pulse	255	5859266	47388	0
phantom_2	35	Pulse	255	5879266	7291	0
phantom_2	35	Pulse	255	5899266	27290	0
phantom_2	35	Sound	start_sound	5901976	30000	2			30000		other	0
phantom_2	35	Nothing	music	5916976	45000	1			45000		other	0
phantom_2	35	Pulse	255	5919267	47292	0
phantom_2	35	Nothing	music	5921976	50000	1			50000		other	0
phantom_2	35	Nothing	music	5926976	55000	1			55000		other	0
phantom_2	35	Nothing	music	5931976	60000	1			60000		other	0
phantom_2	35	Nothing	music	5936976	65000	1			65000		other	0
phantom_2	35	Pulse	255	5939266	67290	0
phantom_2	35	Nothing	music	5941976	70000	1			70000		other	0
phantom_2	35	Nothing	music	5946976	75000	1			75000		other	0
phantom_2	35	Nothing	music	5951976	80000	1			80000		other	0
phantom_2	35	Nothing	music	5956976	85000	1			85000		other	0
phantom_2	35	Pulse	255	5959267	87291	0
phantom_2	35	Nothing	music	5961976	90000	1			90000		other	0
phantom_2	35	Nothing	music	5966976	95000	1			95000		other	0
phantom_2	35	Nothing	music	5971976	100000	1			100000		other	0
phantom_2	35	Nothing	music	5976976	105000	1			105000		other	0
phantom_2	35	Pulse	255	5979267	107291	0
phantom_2	35	Nothing	music	5981976	110000	1			110000		other	0
phantom_2	35	Nothing	music	5986976	115000	1			115000		other	0
phantom_2	35	Nothing	music	5991976	120000	1			120000		other	0
phantom_2	35	Nothing	music	5996976	125000	1			125000		other	0
phantom_2	35	Pulse	255	5999267	127291	0
phantom_2	35	Nothing	music	6001976	130000	1			130000		other	0
phantom_2	35	Nothing	music	6006976	135000	1			135000		other	0
phantom_2	35	Nothing	music	6011976	140000	1			140000		other	0
phantom_2	35	Pulse	255	6019267	147291	0
phantom_2	36	Pulse	255	6039267	11739	0
phantom_2	36	Sound	start_sound	6057528	30000	2			30000		other	0
phantom_2	36	Pulse	255	6059267	31739	0
phantom_2	36	Nothing	parol	6067528	40000	1			40000		other	0
phantom_2	36	Nothing	parol	6072528	45000	1			45000		other	0
phantom_2	36	Nothing	parol	6077528	50000	1			50000		other	0
phantom_2	36	Pulse	255	6079267	51739	0
phantom_2	36	Nothing	parol	6082528	55000	1			55000		other	0
phantom_2	36	Nothing	parol	6087528	60000	1			60000		other	0
phantom_2	36	Nothing	parol	6092528	65000	1			65000		other	0
phantom_2	36	Nothing	parol	6097528	70000	1			70000		other	0
phantom_2	36	Pulse	255	6099266	71738	0
phantom_2	36	Nothing	parol	6102528	75000	1			75000		other	0
phantom_2	36	Nothing	parol	6107528	80000	1			80000		other	0
phantom_2	36	Nothing	parol	6112528	85000	1			85000		other	0
phantom_2	36	Nothing	parol	6117528	90000	1			90000		other	0
phantom_2	36	Pulse	255	6119268	91740	0
phantom_2	36	Nothing	parol	6122528	95000	1			95000		other	0
phantom_2	36	Nothing	parol	6127528	100000	1			100000		other	0
phantom_2	36	Nothing	parol	6132528	105000	1			105000		other	0
phantom_2	36	Nothing	parol	6137528	110000	1			110000		other	0
phantom_2	36	Pulse	255	6139266	111738	1
phantom_2	36	Nothing	parol	6142528	115000	1			115000		other	0
phantom_2	36	Nothing	parol	6147528	120000	1			120000		other	0
phantom_2	36	Nothing	parol	6152528	125000	1			125000		other	0
phantom_2	36	Nothing	parol	6157528	130000	1			130000		other	0
phantom_2	36	Pulse	255	6159267	131739	0
phantom_2	36	Nothing	parol	6162528	135000	1			135000		other	0
phantom_2	36	Pulse	255	6179268	151740	0
phantom_2	37	Pulse	255	6199267	6184	0
phantom_2	37	Pulse	255	6219268	26184	0
phantom_2	37	Sound	start_sound	6223084	30000	2			30000		other	0
phantom_2	37	Nothing	yawny	6238084	45000	1			45000		other	0
phantom_2	37	Pulse	255	6239267	46183	0
phantom_2	37	Nothing	yawny	6243084	50000	1			50000		other	0
phantom_2	37	Nothing	yawny	6248084	55000	1			55000		other	0
phantom_2	37	Nothing	yawny	6253084	60000	1			60000		other	0
phantom_2	37	Nothing	yawny	6258084	65000	1			65000		other	0
phantom_2	37	Pulse	255	6259268	66184	0
phantom_2	37	Nothing	yawny	6263084	70000	1			70000		other	0
phantom_2	37	Nothing	yawny	6268084	75000	1			75000		other	0
phantom_2	37	Nothing	yawny	6273084	80000	1			80000		other	0
phantom_2	37	Nothing	yawny	6278084	85000	1			85000		other	0
phantom_2	37	Pulse	255	6279267	86183	0
phantom_2	37	Nothing	yawny	6283084	90000	1			90000		other	0
phantom_2	37	Nothing	yawny	6288084	95000	1			95000		other	0
phantom_2	37	Nothing	yawny	6293084	100000	1			100000		other	0
phantom_2	37	Nothing	yawny	6298084	105000	1			105000		other	0
phantom_2	37	Pulse	255	6299268	106184	0
phantom_2	37	Nothing	yawny	6303084	110000	1			110000		other	0
phantom_2	37	Nothing	yawny	6308084	115000	1			115000		other	0
phantom_2	37	Nothing	yawny	6313084	120000	1			120000		other	0
phantom_2	37	Nothing	yawny	6318084	125000	1			125000		other	0
phantom_2	37	Pulse	255	6319267	126183	0
phantom_2	37	Nothing	yawny	6323084	130000	1			130000		other	0
phantom_2	37	Nothing	yawny	6328084	135000	1			135000		other	0
phantom_2	37	Nothing	yawny	6333084	140000	1			140000		other	0
phantom_2	37	Pulse	255	6339266	146183	0
phantom_2	38	Pulse	255	6359268	10632	0
phantom_2	38	Sound	start_sound	6378635	30000	2			30000		other	0
phantom_2	38	Pulse	255	6379268	30632	0
phantom_2	38	Nothing	rever	6393635	45000	1			45000		other	0
phantom_2	38	Nothing	rever	6398635	50000	1			50000		other	0
phantom_2	38	Pulse	255	6399267	50631	0
phantom_2	38	Nothing	rever	6403635	55000	1			55000		other	0
phantom_2	38	Nothing	rever	6408635	60000	1			60000		other	0
phantom_2	38	Nothing	rever	6413635	65000	1			65000		other	0
phantom_2	38	Nothing	rever	6418635	70000	1			70000		other	0
phantom_2	38	Pulse	255	6419267	70632	0
phantom_2	38	Nothing	rever	6423635	75000	1			75000		other	0
phantom_2	38	Nothing	rever	6428635	80000	1			80000		other	0
phantom_2	38	Nothing	rever	6433635	85000	1			85000		other	0
phantom_2	38	Nothing	rever	6438635	90000	1			90000		other	0
phantom_2	38	Pulse	255	6439267	90632	0
phantom_2	38	Nothing	rever	6443635	95000	1			95000		other	0
phantom_2	38	Nothing	rever	6448635	100000	1			100000		other	0
phantom_2	38	Nothing	rever	6453635	105000	1			105000		other	0
phantom_2	38	Nothing	rever	6458635	110000	1			110000		other	0
phantom_2	38	Pulse	255	6459268	110633	0
phantom_2	38	Nothing	rever	6463635	115000	1			115000		other	0
phantom_2	38	Nothing	rever	6468635	120000	1			120000		other	0
phantom_2	38	Nothing	rever	6473635	125000	1			125000		other	0
phantom_2	38	Nothing	rever	6478635	130000	1			130000		other	0
phantom_2	38	Pulse	255	6479268	130633	0
phantom_2	38	Nothing	rever	6483635	135000	1			135000		other	0
phantom_2	38	Nothing	rever	6488635	140000	1			140000		other	0
phantom_2	38	Pulse	255	6499267	150631	0
phantom_2	39	Pulse	255	6519268	15074	0
phantom_2	39	Sound	start_sound	6534194	30000	2			30000		other	0
phantom_2	39	Pulse	255	6539268	35074	0
phantom_2	39	Nothing	envir	6549194	45000	1			45000		other	0
phantom_2	39	Nothing	envir	6554194	50000	1			50000		other	0
phantom_2	39	Nothing	envir	6559194	55000	1			55000		other	0
phantom_2	39	Pulse	255	6559268	55074	0
phantom_2	39	Nothing	envir	6564194	60000	1			60000		other	0
phantom_2	39	Nothing	envir	6569194	65000	1			65000		other	0
phantom_2	39	Nothing	envir	6574194	70000	1			70000		other	0
phantom_2	39	Nothing	envir	6579194	75000	1			75000		other	0
phantom_2	39	Pulse	255	6579268	75074	0
phantom_2	39	Nothing	envir	6584194	80000	1			80000		other	0
phantom_2	39	Nothing	envir	6589194	85000	1			85000		other	0
phantom_2	39	Nothing	envir	6594194	90000	1			90000		other	0
phantom_2	39	Nothing	envir	6599194	95000	1			95000		other	0
phantom_2	39	Pulse	255	6599268	95074	0
phantom_2	39	Nothing	envir	6604194	100000	1			100000		other	0
phantom_2	39	Nothing	envir	6609194	105000	1			105000		other	0
phantom_2	39	Nothing	envir	6614194	110000	1			110000		other	0
phantom_2	39	Nothing	envir	6619194	115000	1			115000		other	0
phantom_2	39	Pulse	255	6619268	115073	0
phantom_2	39	Nothing	envir	6624194	120000	1			120000		other	0
phantom_2	39	Nothing	envir	6629194	125000	1			125000		other	0
phantom_2	39	Nothing	envir	6634194	130000	1			130000		other	0
phantom_2	39	Nothing	envir	6639194	135000	1			135000		other	0
phantom_2	39	Pulse	255	6639268	135073	0
phantom_2	39	Nothing	envir	6644194	140000	1			140000		other	0
phantom_2	39	Pulse	255	6659268	155074	0
phantom_2	40	Pulse	255	6679268	4521	0
phantom_2	40	Pulse	255	6699268	24521	0
phantom_2	40	Sound	start_sound	6704747	30000	2			30000		other	0
phantom_2	40	Pulse	255	6719268	44520	0
phantom_2	40	Nothing	suomi	6719747	45000	1			45000		other	0
phantom_2	40	Nothing	suomi	6724747	50000	1			50000		other	0
phantom_2	40	Nothing	suomi	6729747	55000	1			55000		other	0
phantom_2	40	Nothing	suomi	6734747	60000	1			60000		other	0
phantom_2	40	Pulse	255	6739268	64521	0
phantom_2	40	Nothing	suomi	6739747	65000	1			65000		other	0
phantom_2	40	Nothing	suomi	6744747	70000	1			70000		other	0
phantom_2	40	Nothing	suomi	6749747	75000	1			75000		other	0
phantom_2	40	Nothing	suomi	6754747	80000	1			80000		other	0
phantom_2	40	Pulse	255	6759268	84521	0
phantom_2	40	Nothing	suomi	6759747	85000	1			85000		other	0
phantom_2	40	Nothing	suomi	6764747	90000	1			90000		other	0
phantom_2	40	Nothing	suomi	6769747	95000	1			95000		other	0
phantom_2	40	Nothing	suomi	6774747	100000	1			100000		other	0
phantom_2	40	Pulse	255	6779268	104521	0
phantom_2	40	Nothing	suomi	6779747	105000	1			105000		other	0
phantom_2	40	Nothing	suomi	6784747	110000	1			110000		other	0
phantom_2	40	Nothing	suomi	6789747	115000	1			115000		other	0
phantom_2	40	Nothing	suomi	6794747	120000	1			120000		other	0
phantom_2	40	Pulse	255	6799268	124520	0
phantom_2	40	Nothing	suomi	6799747	125000	1			125000		other	0
phantom_2	40	Nothing	suomi	6804747	130000	1			130000		other	0
phantom_2	40	Nothing	suomi	6809747	135000	1			135000		other	0
phantom_2	40	Nothing	suomi	6814747	140000	1			140000		other	0
phantom_2	40	Pulse	255	6819268	144520	0
phantom_2	40	Pulse	255	6839268	164520	0
phantom_2	41	Pulse	255	6859268	13968	0
phantom_2	41	Sound	start_sound	6875300	30000	1			30000		other	0
phantom_2	41	Pulse	255	6879269	33969	0
phantom_2	41	Nothing	silen	6890300	45000	1			45000		other	0
phantom_2	41	Nothing	silen	6895300	50000	1			50000		other	0
phantom_2	41	Pulse	255	6899269	53969	0
phantom_2	41	Nothing	silen	6900300	55000	1			55000		other	0
phantom_2	41	Nothing	silen	6905300	60000	1			60000		other	0
phantom_2	41	Nothing	silen	6910300	65000	1			65000		other	0
phantom_2	41	Nothing	silen	6915300	70000	1			70000		other	0
phantom_2	41	Pulse	255	6919268	73968	0
phantom_2	41	Nothing	silen	6920300	75000	1			75000		other	0
phantom_2	41	Nothing	silen	6925300	80000	1			80000		other	0
phantom_2	41	Nothing	silen	6930300	85000	1			85000		other	0
phantom_2	41	Nothing	silen	6935300	90000	1			90000		other	0
phantom_2	41	Pulse	255	6939268	93968	0
phantom_2	41	Nothing	silen	6940300	95000	1			95000		other	0
phantom_2	41	Nothing	silen	6945300	100000	1			100000		other	0
phantom_2	41	Nothing	silen	6950300	105000	1			105000		other	0
phantom_2	41	Nothing	silen	6955300	110000	1			110000		other	0
phantom_2	41	Pulse	255	6959268	113968	0
phantom_2	41	Nothing	silen	6960300	115000	1			115000		other	0
phantom_2	41	Nothing	silen	6965300	120000	1			120000		other	0
phantom_2	41	Nothing	silen	6970300	125000	1			125000		other	0
phantom_2	41	Nothing	silen	6975300	130000	1			130000		other	0
phantom_2	41	Pulse	255	6979268	133968	0
phantom_2	41	Nothing	silen	6980300	135000	1			135000		other	0
phantom_2	41	Nothing	silen	6985300	140000	1			140000		other	0
phantom_2	41	Pulse	255	6999269	153969	0
phantom_2	41	Pulse	255	7019268	173967	0
phantom_2	42	Pulse	255	7039269	8416	0
phantom_2	42	Pulse	255	7059268	28415	0
phantom_2	42	Sound	start_sound	7060853	30000	2			30000		other	0
phantom_2	42	Nothing	pleur	7075853	45000	1			45000		other	0
phantom_2	42	Pulse	255	7079268	48415	0
phantom_2	42	Nothing	pleur	7080853	50000	1			50000		other	0
phantom_2	42	Nothing	pleur	7085853	55000	1			55000		other	0
phantom_2	42	Nothing	pleur	7090853	60000	1			60000		other	0
phantom_2	42	Nothing	pleur	7095853	65000	1			65000		other	0
phantom_2	42	Pulse	255	7099268	68415	0
phantom_2	42	Nothing	pleur	7100853	70000	1			70000		other	0
phantom_2	42	Nothing	pleur	7105853	75000	1			75000		other	0
phantom_2	42	Nothing	pleur	7110853	80000	1			80000		other	0
phantom_2	42	Nothing	pleur	7115853	85000	1			85000		other	0
phantom_2	42	Pulse	255	7119269	88416	0
phantom_2	42	Nothing	pleur	7120853	90000	1			90000		other	0
phantom_2	42	Nothing	pleur	7125853	95000	1			95000		other	0
phantom_2	42	Nothing	pleur	7130853	100000	1			100000		other	0
phantom_2	42	Nothing	pleur	7135853	105000	1			105000		other	0
phantom_2	42	Pulse	255	7139269	108416	0
phantom_2	42	Nothing	pleur	7140853	110000	1			110000		other	0
phantom_2	42	Nothing	pleur	7145853	115000	1			115000		other	0
phantom_2	42	Nothing	pleur	7150853	120000	1			120000		other	0
phantom_2	42	Nothing	pleur	7155853	125000	1			125000		other	0
phantom_2	42	Pulse	255	7159268	128415	0
phantom_2	42	Nothing	pleur	7160853	130000	1			130000		other	0
phantom_2	42	Nothing	pleur	7165853	135000	1			135000		other	0
phantom_2	42	Nothing	pleur	7170853	140000	1			140000		other	0
phantom_2	42	Pulse	255	7179268	148415	0
phantom_2	42	Pulse	255	7199269	168416	0
phantom_2	43	Pulse	255	7219269	2865	0
phantom_2	43	Pulse	255	7239269	22865	0
phantom_2	43	Sound	start_sound	7246404	30000	2			30000		other	0
phantom_2	43	Pulse	255	7259269	42865	0
phantom_2	43	Nothing	alpha	7261404	45000	1			45000		other	0
phantom_2	43	Nothing	alpha	7266404	50000	1			50000		other	0
phantom_2	43	Nothing	alpha	7271404	55000	1			55000		other	0
phantom_2	43	Nothing	alpha	7276404	60000	1			60000		other	0
phantom_2	43	Pulse	255	7279269	62865	0
phantom_2	43	Nothing	alpha	7281404	65000	1			65000		other	0
phantom_2	43	Nothing	alpha	7286404	70000	1			70000		other	0
phantom_2	43	Nothing	alpha	7291404	75000	1			75000		other	0
phantom_2	43	Nothing	alpha	7296404	80000	1			80000		other	0
phantom_2	43	Pulse	255	7299268	82865	0
phantom_2	43	Nothing	alpha	7301404	85000	1			85000		other	0
phantom_2	43	Nothing	alpha	7306404	90000	1			90000		other	0
phantom_2	43	Nothing	alpha	7311404	95000	1			95000		other	0
phantom_2	43	Nothing	alpha	7316404	100000	1			100000		other	0
phantom_2	43	Pulse	255	7319269	102865	0
phantom_2	43	Nothing	alpha	7321404	105000	1			105000		other	0
phantom_2	43	Nothing	alpha	7326404	110000	1			110000		other	0
phantom_2	43	Nothing	alpha	7331404	115000	1			115000		other	0
phantom_2	43	Nothing	alpha	7336404	120000	1			120000		other	0
phantom_2	43	Pulse	255	7339268	122864	0
phantom_2	43	Nothing	alpha	7341404	125000	1			125000		other	0
phantom_2	43	Nothing	alpha	7346404	130000	1			130000		other	0
phantom_2	43	Nothing	alpha	7351404	135000	1			135000		other	0
phantom_2	43	Nothing	alpha	7356404	140000	1			140000		other	0
phantom_2	43	Pulse	255	7359269	142865	0
phantom_2	44	Picture	Bfix	7372024	0	1	78422	1	0	60000	other	0
phantom_2	44	Pulse	255	7379269	7246	0
phantom_2	44	Pulse	255	7399259	27236	0
phantom_2	44	Pulse	255	7419259	47235	0

The following output port codes were not sent because of a conflict on the port.
Port	Code	Time(ms)
1	6	61787
