Scenario - loca_audi
Logfile written - 06/05/2018 14:29:24

Subject	Trial	Event Type	Code	Time	TTime	Uncertainty	Duration	Uncertainty	ReqTime	ReqDur	Stim Type	Pair Index

phantom_1	0	Pulse	255	689147	689147	0
phantom_1	1	Nothing	cut	689334	0	1			0		other	0
phantom_1	1	Nothing	cut	694334	5000	1			5000		other	0
phantom_1	2	Pulse	255	709147	9701	0
phantom_1	2	Pulse	255	729147	29700	0
phantom_1	2	Sound	start_sound	729446	30000	18339			30000		other	0
phantom_1	2	Nothing	human	747786	48340	1			45000		other	0
phantom_1	2	Pulse	255	749146	49700	0
phantom_1	2	Nothing	human	749446	50000	1			50000		other	0
phantom_1	2	Nothing	human	754446	55000	1			55000		other	0
phantom_1	2	Nothing	human	759446	60000	1			60000		other	0
phantom_1	2	Nothing	human	764446	65000	1			65000		other	0
phantom_1	2	Pulse	255	769147	69700	0
phantom_1	2	Nothing	human	769446	70000	1			70000		other	0
phantom_1	2	Nothing	human	774446	75000	1			75000		other	0
phantom_1	2	Nothing	human	779446	80000	1			80000		other	0
phantom_1	2	Nothing	human	784446	85000	1			85000		other	0
phantom_1	2	Pulse	255	789147	89701	0
phantom_1	2	Nothing	human	789446	90000	1			90000		other	0
phantom_1	2	Nothing	human	794446	95000	1			95000		other	0
phantom_1	2	Nothing	human	799446	100000	1			100000		other	0
phantom_1	2	Nothing	human	804446	105000	1			105000		other	0
phantom_1	2	Pulse	255	809148	109701	0
phantom_1	2	Nothing	human	809446	110000	1			110000		other	0
phantom_1	2	Nothing	human	814446	115000	1			115000		other	0
phantom_1	2	Nothing	human	819446	120000	1			120000		other	0
phantom_1	2	Nothing	human	824446	125000	1			125000		other	0
phantom_1	2	Pulse	255	829148	129701	0
phantom_1	2	Nothing	human	829446	130000	1			130000		other	0
phantom_1	2	Nothing	human	834446	135000	1			135000		other	0
phantom_1	2	Nothing	human	839446	140000	1			140000		other	0
phantom_1	2	Pulse	255	849147	149701	0
phantom_1	2	Pulse	255	869146	169700	0
phantom_1	3	Pulse	255	889147	4146	0
phantom_1	3	Pulse	255	909147	24146	0
phantom_1	3	Sound	start_sound	915001	30000	2			30000		other	0
phantom_1	3	Pulse	255	929147	44146	0
phantom_1	3	Nothing	music	930001	45000	1			45000		other	0
phantom_1	3	Nothing	music	935001	50000	1			50000		other	0
phantom_1	3	Nothing	music	940001	55000	1			55000		other	0
phantom_1	3	Nothing	music	945001	60000	1			60000		other	0
phantom_1	3	Pulse	255	949148	64147	0
phantom_1	3	Nothing	music	950001	65000	1			65000		other	0
phantom_1	3	Nothing	music	955001	70000	1			70000		other	0
phantom_1	3	Nothing	music	960001	75000	1			75000		other	0
phantom_1	3	Nothing	music	965001	80000	1			80000		other	0
phantom_1	3	Pulse	255	969146	84145	0
phantom_1	3	Nothing	music	970001	85000	1			85000		other	0
phantom_1	3	Nothing	music	975001	90000	1			90000		other	0
phantom_1	3	Nothing	music	980001	95000	1			95000		other	0
phantom_1	3	Nothing	music	985001	100000	1			100000		other	0
phantom_1	3	Pulse	255	989147	104146	0
phantom_1	3	Nothing	music	990001	105000	1			105000		other	0
phantom_1	3	Nothing	music	995001	110000	1			110000		other	0
phantom_1	3	Nothing	music	1000001	115000	1			115000		other	0
phantom_1	3	Nothing	music	1005001	120000	1			120000		other	0
phantom_1	3	Pulse	255	1009138	124137	0
phantom_1	3	Nothing	music	1010001	125000	1			125000		other	0
phantom_1	3	Nothing	music	1015001	130000	1			130000		other	0
phantom_1	3	Nothing	music	1020001	135000	1			135000		other	0
phantom_1	3	Nothing	music	1025001	140000	1			140000		other	0
phantom_1	3	Pulse	255	1029137	144136	0
phantom_1	3	Pulse	255	1049137	164136	0
phantom_1	4	Pulse	255	1069137	13544	0
phantom_1	4	Sound	start_sound	1085593	30000	2			30000		other	0
phantom_1	4	Pulse	255	1089137	33543	0
phantom_1	4	Nothing	parol	1095593	40000	1			40000		other	0
phantom_1	4	Nothing	parol	1100593	45000	1			45000		other	0
phantom_1	4	Nothing	parol	1105593	50000	1			50000		other	0
phantom_1	4	Pulse	255	1109137	53544	0
phantom_1	4	Nothing	parol	1110593	55000	1			55000		other	0
phantom_1	4	Nothing	parol	1115593	60000	1			60000		other	0
phantom_1	4	Nothing	parol	1120593	65000	1			65000		other	0
phantom_1	4	Nothing	parol	1125593	70000	1			70000		other	0
phantom_1	4	Pulse	255	1129137	73544	0
phantom_1	4	Nothing	parol	1130593	75000	1			75000		other	0
phantom_1	4	Nothing	parol	1135593	80000	1			80000		other	0
phantom_1	4	Nothing	parol	1140593	85000	1			85000		other	0
phantom_1	4	Nothing	parol	1145593	90000	1			90000		other	0
phantom_1	4	Pulse	255	1149137	93544	0
phantom_1	4	Nothing	parol	1150593	95000	1			95000		other	0
phantom_1	4	Nothing	parol	1155593	100000	1			100000		other	0
phantom_1	4	Nothing	parol	1160593	105000	1			105000		other	0
phantom_1	4	Nothing	parol	1165593	110000	1			110000		other	0
phantom_1	4	Pulse	255	1169137	113544	0
phantom_1	4	Nothing	parol	1170593	115000	1			115000		other	0
phantom_1	4	Nothing	parol	1175593	120000	1			120000		other	0
phantom_1	4	Nothing	parol	1180593	125000	1			125000		other	0
phantom_1	4	Nothing	parol	1185593	130000	1			130000		other	0
phantom_1	4	Pulse	255	1189137	133544	0
phantom_1	4	Nothing	parol	1190593	135000	1			135000		other	0
phantom_1	5	Pulse	255	1209137	2991	0
phantom_1	5	Pulse	255	1229137	22991	0
phantom_1	5	Sound	start_sound	1236146	30000	2			30000		other	0
phantom_1	5	Pulse	255	1249137	42991	0
phantom_1	5	Nothing	yawny	1251146	45000	1			45000		other	0
phantom_1	5	Nothing	yawny	1256146	50000	1			50000		other	0
phantom_1	5	Nothing	yawny	1261146	55000	1			55000		other	0
phantom_1	5	Nothing	yawny	1266146	60000	1			60000		other	0
phantom_1	5	Pulse	255	1269137	62991	0
phantom_1	5	Nothing	yawny	1271146	65000	1			65000		other	0
phantom_1	5	Nothing	yawny	1276146	70000	1			70000		other	0
phantom_1	5	Nothing	yawny	1281146	75000	1			75000		other	0
phantom_1	5	Nothing	yawny	1286146	80000	1			80000		other	0
phantom_1	5	Pulse	255	1289137	82991	0
phantom_1	5	Nothing	yawny	1291146	85000	1			85000		other	0
phantom_1	5	Nothing	yawny	1296146	90000	1			90000		other	0
phantom_1	5	Nothing	yawny	1301146	95000	1			95000		other	0
phantom_1	5	Nothing	yawny	1306147	100001	1			100000		other	0
phantom_1	5	Pulse	255	1309138	102991	0
phantom_1	5	Nothing	yawny	1311146	105000	1			105000		other	0
phantom_1	5	Nothing	yawny	1316146	110000	1			110000		other	0
phantom_1	5	Nothing	yawny	1321146	115000	1			115000		other	0
phantom_1	5	Nothing	yawny	1326146	120000	1			120000		other	0
phantom_1	5	Pulse	255	1329138	122991	0
phantom_1	5	Nothing	yawny	1331146	125000	1			125000		other	0
phantom_1	5	Nothing	yawny	1336146	130000	1			130000		other	0
phantom_1	5	Nothing	yawny	1341146	135000	1			135000		other	0
phantom_1	5	Nothing	yawny	1346146	140000	1			140000		other	0
phantom_1	5	Pulse	255	1349138	142991	0
phantom_1	5	Pulse	255	1369138	162991	0
phantom_1	5	Pulse	255	1389137	182991	0
phantom_1	6	Pulse	255	1409137	17436	0
phantom_1	6	Sound	start_sound	1421701	30000	2			30000		other	0
phantom_1	6	Pulse	255	1429138	37437	0
phantom_1	6	Nothing	rever	1436701	45000	1			45000		other	0
phantom_1	6	Nothing	rever	1441701	50000	1			50000		other	0
phantom_1	6	Nothing	rever	1446701	55000	1			55000		other	0
phantom_1	6	Pulse	255	1449138	57437	0
phantom_1	6	Nothing	rever	1451701	60000	1			60000		other	0
phantom_1	6	Nothing	rever	1456701	65000	1			65000		other	0
phantom_1	6	Nothing	rever	1461701	70000	1			70000		other	0
phantom_1	6	Nothing	rever	1466701	75000	1			75000		other	0
phantom_1	6	Pulse	255	1469138	77437	0
phantom_1	6	Nothing	rever	1471701	80000	1			80000		other	0
phantom_1	6	Nothing	rever	1476701	85000	1			85000		other	0
phantom_1	6	Nothing	rever	1481701	90000	1			90000		other	0
phantom_1	6	Nothing	rever	1486701	95000	1			95000		other	0
phantom_1	6	Pulse	255	1489138	97437	0
phantom_1	6	Nothing	rever	1491701	100000	1			100000		other	0
phantom_1	6	Nothing	rever	1496701	105000	1			105000		other	0
phantom_1	6	Nothing	rever	1501701	110000	1			110000		other	0
phantom_1	6	Nothing	rever	1506701	115000	1			115000		other	0
phantom_1	6	Pulse	255	1509138	117437	0
phantom_1	6	Nothing	rever	1511701	120000	1			120000		other	0
phantom_1	6	Nothing	rever	1516701	125000	1			125000		other	0
phantom_1	6	Nothing	rever	1521701	130000	1			130000		other	0
phantom_1	6	Nothing	rever	1526701	135000	1			135000		other	0
phantom_1	6	Pulse	255	1529138	137437	0
phantom_1	6	Nothing	rever	1531701	140000	1			140000		other	0
phantom_1	6	Pulse	255	1549138	157437	0
phantom_1	6	Pulse	255	1569137	177436	1
phantom_1	7	Pulse	255	1589138	11871	0
phantom_1	7	Sound	start_sound	1607267	30000	2			30000		other	0
phantom_1	7	Pulse	255	1609138	31871	0
phantom_1	7	Nothing	envir	1622267	45000	1			45000		other	0
phantom_1	7	Nothing	envir	1627267	50000	1			50000		other	0
phantom_1	7	Pulse	255	1629138	51871	0
phantom_1	7	Nothing	envir	1632267	55000	1			55000		other	0
phantom_1	7	Nothing	envir	1637267	60000	1			60000		other	0
phantom_1	7	Nothing	envir	1642267	65000	1			65000		other	0
phantom_1	7	Nothing	envir	1647267	70000	1			70000		other	0
phantom_1	7	Pulse	255	1649138	71871	0
phantom_1	7	Nothing	envir	1652267	75000	1			75000		other	0
phantom_1	7	Nothing	envir	1657267	80000	1			80000		other	0
phantom_1	7	Nothing	envir	1662267	85000	1			85000		other	0
phantom_1	7	Nothing	envir	1667267	90000	1			90000		other	0
phantom_1	7	Pulse	255	1669138	91871	0
phantom_1	7	Nothing	envir	1672267	95000	1			95000		other	0
phantom_1	7	Nothing	envir	1677267	100000	1			100000		other	0
phantom_1	7	Nothing	envir	1682267	105000	1			105000		other	0
phantom_1	7	Nothing	envir	1687267	110000	1			110000		other	0
phantom_1	7	Pulse	255	1689141	111873	0
phantom_1	7	Nothing	envir	1692267	115000	1			115000		other	0
phantom_1	7	Nothing	envir	1697267	120000	1			120000		other	0
phantom_1	7	Nothing	envir	1702267	125000	1			125000		other	0
phantom_1	7	Nothing	envir	1707267	130000	1			130000		other	0
phantom_1	7	Pulse	255	1709140	131873	0
phantom_1	7	Nothing	envir	1712267	135000	1			135000		other	0
phantom_1	7	Nothing	envir	1717267	140000	1			140000		other	0
phantom_1	7	Pulse	255	1729139	151871	0
phantom_1	8	Pulse	255	1749138	1283	0
phantom_1	8	Pulse	255	1769139	21283	0
phantom_1	8	Sound	start_sound	1777855	30000	2			30000		other	0
phantom_1	8	Pulse	255	1789138	41283	0
phantom_1	8	Nothing	suomi	1792855	45000	1			45000		other	0
phantom_1	8	Nothing	suomi	1797855	50000	1			50000		other	0
phantom_1	8	Nothing	suomi	1802855	55000	1			55000		other	0
phantom_1	8	Nothing	suomi	1807855	60000	1			60000		other	0
phantom_1	8	Pulse	255	1809139	61283	0
phantom_1	8	Nothing	suomi	1812855	65000	1			65000		other	0
phantom_1	8	Nothing	suomi	1817855	70000	1			70000		other	0
phantom_1	8	Nothing	suomi	1822855	75000	1			75000		other	0
phantom_1	8	Nothing	suomi	1827855	80000	1			80000		other	0
phantom_1	8	Pulse	255	1829139	81283	0
phantom_1	8	Nothing	suomi	1832855	85000	1			85000		other	0
phantom_1	8	Nothing	suomi	1837855	90000	1			90000		other	0
phantom_1	8	Nothing	suomi	1842855	95000	1			95000		other	0
phantom_1	8	Nothing	suomi	1847855	100000	1			100000		other	0
phantom_1	8	Pulse	255	1849139	101283	0
phantom_1	8	Nothing	suomi	1852855	105000	1			105000		other	0
phantom_1	8	Nothing	suomi	1857856	110000	1			110000		other	0
phantom_1	8	Nothing	suomi	1862855	115000	1			115000		other	0
phantom_1	8	Nothing	suomi	1867856	120000	1			120000		other	0
phantom_1	8	Pulse	255	1869139	121283	0
phantom_1	8	Nothing	suomi	1872855	125000	1			125000		other	0
phantom_1	8	Nothing	suomi	1877855	130000	1			130000		other	0
phantom_1	8	Nothing	suomi	1882855	135000	1			135000		other	0
phantom_1	8	Nothing	suomi	1887856	140000	1			140000		other	0
phantom_1	8	Pulse	255	1889139	141283	0
phantom_1	8	Pulse	255	1909139	161283	0
phantom_1	9	Pulse	255	1929139	10725	0
phantom_1	9	Sound	start_sound	1948414	30000	2			30000		other	0
phantom_1	9	Pulse	255	1949139	30725	0
phantom_1	9	Nothing	silen	1963414	45000	1			45000		other	0
phantom_1	9	Nothing	silen	1968414	50000	1			50000		other	0
phantom_1	9	Pulse	255	1969139	50725	0
phantom_1	9	Nothing	silen	1973414	55000	1			55000		other	0
phantom_1	9	Nothing	silen	1978414	60000	1			60000		other	0
phantom_1	9	Nothing	silen	1983414	65000	1			65000		other	0
phantom_1	9	Nothing	silen	1988414	70000	1			70000		other	0
phantom_1	9	Pulse	255	1989139	70725	0
phantom_1	9	Nothing	silen	1993414	75000	1			75000		other	0
phantom_1	9	Nothing	silen	1998414	80000	1			80000		other	0
phantom_1	9	Nothing	silen	2003414	85000	1			85000		other	0
phantom_1	9	Nothing	silen	2008414	90000	1			90000		other	0
phantom_1	9	Pulse	255	2009140	90726	0
phantom_1	9	Nothing	silen	2013414	95000	1			95000		other	0
phantom_1	9	Nothing	silen	2018414	100000	1			100000		other	0
phantom_1	9	Nothing	silen	2023414	105000	1			105000		other	0
phantom_1	9	Nothing	silen	2028414	110000	1			110000		other	0
phantom_1	9	Pulse	255	2029140	110726	0
phantom_1	9	Nothing	silen	2033414	115000	1			115000		other	0
phantom_1	9	Nothing	silen	2038414	120000	1			120000		other	0
phantom_1	9	Nothing	silen	2043414	125000	1			125000		other	0
phantom_1	9	Nothing	silen	2048414	130000	1			130000		other	0
phantom_1	9	Pulse	255	2049140	130726	0
phantom_1	9	Nothing	silen	2053414	135000	1			135000		other	0
phantom_1	9	Nothing	silen	2058414	140000	1			140000		other	0
phantom_1	9	Pulse	255	2069140	150726	0
phantom_1	10	Pulse	255	2089140	15126	0
phantom_1	10	Sound	start_sound	2104013	30000	2			30000		other	0
phantom_1	10	Pulse	255	2109140	35127	0
phantom_1	10	Nothing	pleur	2119013	45000	1			45000		other	0
phantom_1	10	Nothing	pleur	2124013	50000	1			50000		other	0
phantom_1	10	Nothing	pleur	2129013	55000	1			55000		other	0
phantom_1	10	Pulse	255	2129140	55126	0
phantom_1	10	Nothing	pleur	2134013	60000	1			60000		other	0
phantom_1	10	Nothing	pleur	2139013	65000	1			65000		other	0
phantom_1	10	Nothing	pleur	2144013	70000	1			70000		other	0
phantom_1	10	Nothing	pleur	2149013	75000	1			75000		other	0
phantom_1	10	Pulse	255	2149140	75126	0
phantom_1	10	Nothing	pleur	2154013	80000	1			80000		other	0
phantom_1	10	Nothing	pleur	2159013	85000	1			85000		other	0
phantom_1	10	Nothing	pleur	2164013	90000	1			90000		other	0
phantom_1	10	Nothing	pleur	2169013	95000	1			95000		other	0
phantom_1	10	Pulse	255	2169139	95126	0
phantom_1	10	Nothing	pleur	2174013	100000	1			100000		other	0
phantom_1	10	Nothing	pleur	2179013	105000	1			105000		other	0
phantom_1	10	Nothing	pleur	2184013	110000	1			110000		other	0
phantom_1	10	Nothing	pleur	2189013	115000	1			115000		other	0
phantom_1	10	Pulse	255	2189139	115126	0
phantom_1	10	Nothing	pleur	2194013	120000	1			120000		other	0
phantom_1	10	Nothing	pleur	2199013	125000	1			125000		other	0
phantom_1	10	Nothing	pleur	2204013	130000	1			130000		other	0
phantom_1	10	Nothing	pleur	2209013	135000	1			135000		other	0
phantom_1	10	Pulse	255	2209140	135127	0
phantom_1	10	Nothing	pleur	2214013	140000	1			140000		other	0
phantom_1	10	Pulse	255	2229141	155127	0
phantom_1	11	Pulse	255	2249140	19572	0
phantom_1	11	Sound	start_sound	2259568	30000	1			30000		other	0
phantom_1	11	Pulse	255	2269141	39573	0
phantom_1	11	Nothing	alpha	2274568	45000	1			45000		other	0
phantom_1	11	Nothing	alpha	2279568	50000	1			50000		other	0
phantom_1	11	Nothing	alpha	2284568	55000	1			55000		other	0
phantom_1	11	Pulse	255	2289141	59573	0
phantom_1	11	Nothing	alpha	2289568	60000	1			60000		other	0
phantom_1	11	Nothing	alpha	2294568	65000	1			65000		other	0
phantom_1	11	Nothing	alpha	2299568	70000	1			70000		other	0
phantom_1	11	Nothing	alpha	2304568	75000	1			75000		other	0
phantom_1	11	Pulse	255	2309140	79572	0
phantom_1	11	Nothing	alpha	2309569	80001	1			80000		other	0
phantom_1	11	Nothing	alpha	2314568	85000	1			85000		other	0
phantom_1	11	Nothing	alpha	2319568	90000	1			90000		other	0
phantom_1	11	Nothing	alpha	2324568	95000	1			95000		other	0
phantom_1	11	Pulse	255	2329141	99573	0
phantom_1	11	Nothing	alpha	2329568	100000	1			100000		other	0
phantom_1	11	Nothing	alpha	2334568	105000	1			105000		other	0
phantom_1	11	Nothing	alpha	2339568	110000	1			110000		other	0
phantom_1	11	Nothing	alpha	2344568	115000	1			115000		other	0
phantom_1	11	Pulse	255	2349139	119572	0
phantom_1	11	Nothing	alpha	2349568	120000	1			120000		other	0
phantom_1	11	Nothing	alpha	2354568	125000	1			125000		other	0
phantom_1	11	Nothing	alpha	2359568	130000	1			130000		other	0
phantom_1	11	Nothing	alpha	2364568	135000	1			135000		other	0
phantom_1	11	Pulse	255	2369140	139572	0
phantom_1	11	Nothing	alpha	2369568	140000	1			140000		other	0
phantom_1	11	Pulse	255	2389140	159572	0
phantom_1	11	Pulse	255	2409141	179573	0
phantom_1	12	Picture	Bfix	2415187	0	1	60324	1	0	60000	other	0
phantom_1	12	Pulse	255	2429140	13953	0
phantom_1	12	Pulse	255	2449140	33953	0
phantom_1	12	Pulse	255	2469141	53954	0
phantom_1	13	Pulse	255	2489140	13855	0
phantom_1	13	Sound	start_sound	2505285	30000	2			30000		other	0
phantom_1	13	Pulse	255	2509140	33855	0
phantom_1	13	Nothing	rires	2520285	45000	1			45000		other	0
phantom_1	13	Nothing	rires	2525285	50000	1			50000		other	0
phantom_1	13	Pulse	255	2529141	53856	0
phantom_1	13	Nothing	rires	2530285	55000	1			55000		other	0
phantom_1	13	Nothing	rires	2535285	60000	1			60000		other	0
phantom_1	13	Nothing	rires	2540285	65000	1			65000		other	0
phantom_1	13	Nothing	rires	2545285	70000	1			70000		other	0
phantom_1	13	Pulse	255	2549141	73856	0
phantom_1	13	Nothing	rires	2550285	75000	1			75000		other	0
phantom_1	13	Nothing	rires	2555285	80000	1			80000		other	0
phantom_1	13	Nothing	rires	2560285	85000	1			85000		other	0
phantom_1	13	Nothing	rires	2565285	90000	1			90000		other	0
phantom_1	13	Pulse	255	2569141	93856	0
phantom_1	13	Nothing	rires	2570285	95000	1			95000		other	0
phantom_1	13	Nothing	rires	2575285	100000	1			100000		other	0
phantom_1	13	Nothing	rires	2580285	105000	1			105000		other	0
phantom_1	13	Nothing	rires	2585285	110000	1			110000		other	0
phantom_1	13	Pulse	255	2589139	113855	0
phantom_1	13	Nothing	rires	2590285	115000	1			115000		other	0
phantom_1	13	Nothing	rires	2595285	120000	1			120000		other	0
phantom_1	13	Nothing	rires	2600285	125000	1			125000		other	0
phantom_1	13	Nothing	rires	2605285	130000	1			130000		other	0
phantom_1	13	Pulse	255	2609141	133856	0
phantom_1	13	Nothing	rires	2610285	135000	1			135000		other	0
phantom_1	13	Nothing	rires	2615285	140000	1			140000		other	0
phantom_1	13	Pulse	255	2629140	153855	0
phantom_1	14	Pulse	255	2649141	18302	0
phantom_1	14	Sound	start_sound	2660839	30000	2			30000		other	0
phantom_1	14	Pulse	255	2669140	38302	0
phantom_1	14	Nothing	cough	2675839	45000	1			45000		other	0
phantom_1	14	Nothing	cough	2680839	50000	1			50000		other	0
phantom_1	14	Nothing	cough	2685839	55000	1			55000		other	0
phantom_1	14	Pulse	255	2689140	58302	0
phantom_1	14	Nothing	cough	2690839	60000	1			60000		other	0
phantom_1	14	Nothing	cough	2695839	65000	1			65000		other	0
phantom_1	14	Nothing	cough	2700839	70000	1			70000		other	0
phantom_1	14	Nothing	cough	2705839	75000	1			75000		other	0
phantom_1	14	Pulse	255	2709140	78302	0
phantom_1	14	Nothing	cough	2710839	80000	1			80000		other	0
phantom_1	14	Nothing	cough	2715839	85000	1			85000		other	0
phantom_1	14	Nothing	cough	2720839	90000	1			90000		other	0
phantom_1	14	Nothing	cough	2725839	95000	1			95000		other	0
phantom_1	14	Pulse	255	2729141	98303	0
phantom_1	14	Nothing	cough	2730839	100000	1			100000		other	0
phantom_1	14	Nothing	cough	2735839	105000	1			105000		other	0
phantom_1	14	Nothing	cough	2740841	110003	1			110000		other	0
phantom_1	14	Nothing	cough	2745839	115000	1			115000		other	0
phantom_1	14	Pulse	255	2749141	118303	0
phantom_1	14	Nothing	cough	2750839	120000	1			120000		other	0
phantom_1	14	Nothing	cough	2755839	125000	1			125000		other	0
phantom_1	14	Nothing	cough	2760839	130000	1			130000		other	0
phantom_1	14	Nothing	cough	2765839	135000	1			135000		other	0
phantom_1	14	Pulse	255	2769141	138303	0
phantom_1	14	Nothing	cough	2770839	140000	1			140000		other	0
phantom_1	14	Pulse	255	2789140	158301	0
phantom_1	15	Pulse	255	2809141	7751	0
phantom_1	15	Pulse	255	2829141	27751	0
phantom_1	15	Sound	start_sound	2831390	30000	2			30000		other	0
phantom_1	15	Nothing	animo	2846390	45000	1			45000		other	0
phantom_1	15	Pulse	255	2849140	47750	0
phantom_1	15	Nothing	animo	2851390	50000	1			50000		other	0
phantom_1	15	Nothing	animo	2856390	55000	1			55000		other	0
phantom_1	15	Nothing	animo	2861390	60000	1			60000		other	0
phantom_1	15	Nothing	animo	2866390	65000	1			65000		other	0
phantom_1	15	Pulse	255	2869141	67751	0
phantom_1	15	Nothing	animo	2871390	70000	1			70000		other	0
phantom_1	15	Nothing	animo	2876390	75000	1			75000		other	0
phantom_1	15	Nothing	animo	2881390	80000	1			80000		other	0
phantom_1	15	Nothing	animo	2886390	85000	1			85000		other	0
phantom_1	15	Pulse	255	2889141	87751	0
phantom_1	15	Nothing	animo	2891390	90000	1			90000		other	0
phantom_1	15	Nothing	animo	2896390	95000	1			95000		other	0
phantom_1	15	Nothing	animo	2901390	100000	1			100000		other	0
phantom_1	15	Nothing	animo	2906390	105000	1			105000		other	0
phantom_1	15	Pulse	255	2909141	107751	0
phantom_1	15	Nothing	animo	2911390	110000	1			110000		other	0
phantom_1	15	Nothing	animo	2916390	115000	1			115000		other	0
phantom_1	15	Nothing	animo	2921390	120000	1			120000		other	0
phantom_1	15	Nothing	animo	2926390	125000	1			125000		other	0
phantom_1	15	Pulse	255	2929141	127751	0
phantom_1	15	Nothing	animo	2931390	130000	1			130000		other	0
phantom_1	15	Nothing	animo	2936390	135000	1			135000		other	0
phantom_1	15	Nothing	animo	2941390	140000	1			140000		other	0
phantom_1	15	Pulse	255	2949141	147751	0
phantom_1	16	Pulse	255	2969141	12197	0
phantom_1	16	Sound	start_sound	2986944	30000	2			30000		other	0
phantom_1	16	Pulse	255	2989141	32197	0
phantom_1	16	Nothing	rever	3001944	45000	1			45000		other	0
phantom_1	16	Nothing	rever	3006944	50000	1			50000		other	0
phantom_1	16	Pulse	255	3009141	52197	0
phantom_1	16	Nothing	rever	3011944	55000	1			55000		other	0
phantom_1	16	Nothing	rever	3016944	60000	1			60000		other	0
phantom_1	16	Nothing	rever	3021944	65000	1			65000		other	0
phantom_1	16	Nothing	rever	3026944	70000	1			70000		other	0
phantom_1	16	Pulse	255	3029141	72196	0
phantom_1	16	Nothing	rever	3031944	75000	1			75000		other	0
phantom_1	16	Nothing	rever	3036944	80000	1			80000		other	0
phantom_1	16	Nothing	rever	3041944	85000	1			85000		other	0
phantom_1	16	Nothing	rever	3046944	90000	1			90000		other	0
phantom_1	16	Pulse	255	3049141	92197	0
phantom_1	16	Nothing	rever	3051944	95000	1			95000		other	0
phantom_1	16	Nothing	rever	3056944	100000	1			100000		other	0
phantom_1	16	Nothing	rever	3061944	105000	1			105000		other	0
phantom_1	16	Nothing	rever	3066944	110000	1			110000		other	0
phantom_1	16	Pulse	255	3069141	112197	0
phantom_1	16	Nothing	rever	3071944	115000	1			115000		other	0
phantom_1	16	Nothing	rever	3076944	120000	1			120000		other	0
phantom_1	16	Nothing	rever	3081944	125000	1			125000		other	0
phantom_1	16	Nothing	rever	3086944	130000	1			130000		other	0
phantom_1	16	Pulse	255	3089141	132197	0
phantom_1	16	Nothing	rever	3091944	135000	1			135000		other	0
phantom_1	16	Nothing	rever	3096944	140000	1			140000		other	0
phantom_1	16	Pulse	255	3109141	152197	0
phantom_1	17	Pulse	255	3129131	1634	0
phantom_1	17	Pulse	255	3149131	21634	0
phantom_1	17	Sound	start_sound	3157497	30000	2			30000		other	0
phantom_1	17	Pulse	255	3169131	41634	0
phantom_1	17	Nothing	alpha	3172497	45000	1			45000		other	0
phantom_1	17	Nothing	alpha	3177497	50000	1			50000		other	0
phantom_1	17	Nothing	alpha	3182497	55000	1			55000		other	0
phantom_1	17	Nothing	alpha	3187497	60000	1			60000		other	0
phantom_1	17	Pulse	255	3189131	61634	0
phantom_1	17	Nothing	alpha	3192497	65000	1			65000		other	0
phantom_1	17	Nothing	alpha	3197497	70000	1			70000		other	0
phantom_1	17	Nothing	alpha	3202497	75000	1			75000		other	0
phantom_1	17	Nothing	alpha	3207497	80000	1			80000		other	0
phantom_1	17	Pulse	255	3209132	81635	0
phantom_1	17	Nothing	alpha	3212497	85000	1			85000		other	0
phantom_1	17	Nothing	alpha	3217497	90000	1			90000		other	0
phantom_1	17	Nothing	alpha	3222497	95000	1			95000		other	0
phantom_1	17	Nothing	alpha	3227497	100000	1			100000		other	0
phantom_1	17	Pulse	255	3229131	101634	0
phantom_1	17	Nothing	alpha	3232497	105000	1			105000		other	0
phantom_1	17	Nothing	alpha	3237497	110000	1			110000		other	0
phantom_1	17	Nothing	alpha	3242497	115000	1			115000		other	0
phantom_1	17	Nothing	alpha	3247497	120000	1			120000		other	0
phantom_1	17	Pulse	255	3249131	121634	0
phantom_1	17	Nothing	alpha	3252497	125000	1			125000		other	0
phantom_1	17	Nothing	alpha	3257497	130000	1			130000		other	0
phantom_1	17	Nothing	alpha	3262497	135000	1			135000		other	0
phantom_1	17	Nothing	alpha	3267497	140000	1			140000		other	0
phantom_1	17	Pulse	255	3269132	141635	0
phantom_1	17	Pulse	255	3289131	161634	0
phantom_1	18	Pulse	255	3309129	11078	4
phantom_1	18	Sound	start_sound	3328052	30000	1			30000		other	0
phantom_1	18	Pulse	255	3329132	31080	0
phantom_1	18	Nothing	rires	3343052	45000	1			45000		other	0
phantom_1	18	Nothing	rires	3348052	50000	1			50000		other	0
phantom_1	18	Pulse	255	3349131	51079	0
phantom_1	18	Nothing	rires	3353052	55000	1			55000		other	0
phantom_1	18	Nothing	rires	3358052	60000	1			60000		other	0
phantom_1	18	Nothing	rires	3363052	65000	1			65000		other	0
phantom_1	18	Nothing	rires	3368052	70000	1			70000		other	0
phantom_1	18	Pulse	255	3369131	71079	0
phantom_1	18	Nothing	rires	3373052	75000	1			75000		other	0
phantom_1	18	Nothing	rires	3378052	80000	1			80000		other	0
phantom_1	18	Nothing	rires	3383052	85000	1			85000		other	0
phantom_1	18	Nothing	rires	3388052	90000	1			90000		other	0
phantom_1	18	Pulse	255	3389131	91079	0
phantom_1	18	Nothing	rires	3393052	95000	1			95000		other	0
phantom_1	18	Nothing	rires	3398052	100000	1			100000		other	0
phantom_1	18	Nothing	rires	3403052	105000	1			105000		other	0
phantom_1	18	Nothing	rires	3408052	110000	1			110000		other	0
phantom_1	18	Pulse	255	3409131	111079	0
phantom_1	18	Nothing	rires	3413052	115000	1			115000		other	0
phantom_1	18	Nothing	rires	3418052	120000	1			120000		other	0
phantom_1	18	Nothing	rires	3423052	125000	1			125000		other	0
phantom_1	18	Nothing	rires	3428052	130000	1			130000		other	0
phantom_1	18	Pulse	255	3429132	131080	0
phantom_1	18	Nothing	rires	3433052	135000	1			135000		other	0
phantom_1	18	Nothing	rires	3438052	140000	1			140000		other	0
phantom_1	18	Pulse	255	3449131	151079	0
phantom_1	19	Pulse	255	3469132	527	0
phantom_1	19	Pulse	255	3489131	20527	0
phantom_1	19	Sound	start_sound	3498605	30000	2			30000		other	0
phantom_1	19	Pulse	255	3509131	40526	0
phantom_1	19	Nothing	animo	3513605	45000	1			45000		other	0
phantom_1	19	Nothing	animo	3518605	50000	1			50000		other	0
phantom_1	19	Nothing	animo	3523605	55000	1			55000		other	0
phantom_1	19	Nothing	animo	3528605	60000	1			60000		other	0
phantom_1	19	Pulse	255	3529132	60528	0
phantom_1	19	Nothing	animo	3533605	65000	1			65000		other	0
phantom_1	19	Nothing	animo	3538605	70000	1			70000		other	0
phantom_1	19	Nothing	animo	3543605	75000	1			75000		other	0
phantom_1	19	Nothing	animo	3548605	80000	1			80000		other	0
phantom_1	19	Pulse	255	3549131	80527	0
phantom_1	19	Nothing	animo	3553605	85000	1			85000		other	0
phantom_1	19	Nothing	animo	3558605	90000	1			90000		other	0
phantom_1	19	Nothing	animo	3563605	95000	1			95000		other	0
phantom_1	19	Nothing	animo	3568605	100000	1			100000		other	0
phantom_1	19	Pulse	255	3569132	100528	0
phantom_1	19	Nothing	animo	3573605	105000	1			105000		other	0
phantom_1	19	Nothing	animo	3578605	110000	1			110000		other	0
phantom_1	19	Nothing	animo	3583605	115000	1			115000		other	0
phantom_1	19	Nothing	animo	3588605	120000	1			120000		other	0
phantom_1	19	Pulse	255	3589133	120529	0
phantom_1	19	Nothing	animo	3593605	125000	1			125000		other	0
phantom_1	19	Nothing	animo	3598605	130000	1			130000		other	0
phantom_1	19	Nothing	animo	3603605	135000	1			135000		other	0
phantom_1	19	Nothing	animo	3608605	140000	1			140000		other	0
phantom_1	19	Pulse	255	3609132	140528	0
phantom_1	20	Pulse	255	3629131	4974	0
phantom_1	20	Pulse	255	3649132	24975	0
phantom_1	20	Sound	start_sound	3654158	30000	2			30000		other	0
phantom_1	20	Nothing	parol	3664158	40000	1			40000		other	0
phantom_1	20	Pulse	255	3669132	44974	0
phantom_1	20	Nothing	parol	3669158	45000	1			45000		other	0
phantom_1	20	Nothing	parol	3674158	50000	1			50000		other	0
phantom_1	20	Nothing	parol	3679158	55000	1			55000		other	0
phantom_1	20	Nothing	parol	3684158	60000	1			60000		other	0
phantom_1	20	Pulse	255	3689131	64974	0
phantom_1	20	Nothing	parol	3689158	65000	1			65000		other	0
phantom_1	20	Nothing	parol	3694158	70000	1			70000		other	0
phantom_1	20	Nothing	parol	3699158	75000	1			75000		other	0
phantom_1	20	Nothing	parol	3704158	80000	1			80000		other	0
phantom_1	20	Pulse	255	3709132	84975	0
phantom_1	20	Nothing	parol	3709158	85000	1			85000		other	0
phantom_1	20	Nothing	parol	3714158	90000	1			90000		other	0
phantom_1	20	Nothing	parol	3719158	95000	1			95000		other	0
phantom_1	20	Nothing	parol	3724158	100000	1			100000		other	0
phantom_1	20	Pulse	255	3729132	104975	0
phantom_1	20	Nothing	parol	3729158	105000	1			105000		other	0
phantom_1	20	Nothing	parol	3734158	110000	1			110000		other	0
phantom_1	20	Nothing	parol	3739158	115000	1			115000		other	0
phantom_1	20	Nothing	parol	3744158	120000	1			120000		other	0
phantom_1	20	Pulse	255	3749132	124975	0
phantom_1	20	Nothing	parol	3749158	125000	1			125000		other	0
phantom_1	20	Nothing	parol	3754158	130000	1			130000		other	0
phantom_1	20	Nothing	parol	3759158	135000	1			135000		other	0
phantom_1	20	Pulse	255	3769132	144975	0
phantom_1	20	Pulse	255	3789132	164975	0
phantom_1	21	Pulse	255	3809131	19420	0
phantom_1	21	Sound	start_sound	3819711	30000	2			30000		other	0
phantom_1	21	Pulse	255	3829132	39421	0
phantom_1	21	Nothing	yawny	3834711	45000	1			45000		other	0
phantom_1	21	Nothing	yawny	3839711	50000	1			50000		other	0
phantom_1	21	Nothing	yawny	3844711	55000	1			55000		other	0
phantom_1	21	Pulse	255	3849133	59422	0
phantom_1	21	Nothing	yawny	3849711	60000	1			60000		other	0
phantom_1	21	Nothing	yawny	3854711	65000	1			65000		other	0
phantom_1	21	Nothing	yawny	3859711	70000	1			70000		other	0
phantom_1	21	Nothing	yawny	3864711	75000	1			75000		other	0
phantom_1	21	Pulse	255	3869131	79420	0
phantom_1	21	Nothing	yawny	3869711	80000	1			80000		other	0
phantom_1	21	Nothing	yawny	3874711	85000	1			85000		other	0
phantom_1	21	Nothing	yawny	3879711	90000	1			90000		other	0
phantom_1	21	Nothing	yawny	3884711	95000	1			95000		other	0
phantom_1	21	Pulse	255	3889131	99420	0
phantom_1	21	Nothing	yawny	3889711	100000	1			100000		other	0
phantom_1	21	Nothing	yawny	3894711	105000	1			105000		other	0
phantom_1	21	Nothing	yawny	3899711	110000	1			110000		other	0
phantom_1	21	Nothing	yawny	3904711	115000	1			115000		other	0
phantom_1	21	Pulse	255	3909133	119422	0
phantom_1	21	Nothing	yawny	3909711	120000	1			120000		other	0
phantom_1	21	Nothing	yawny	3914711	125000	1			125000		other	0
phantom_1	21	Nothing	yawny	3919711	130000	1			130000		other	0
phantom_1	21	Nothing	yawny	3924711	135000	1			135000		other	0
phantom_1	21	Pulse	255	3929132	139421	0
phantom_1	21	Nothing	yawny	3929711	140000	1			140000		other	0
phantom_1	21	Pulse	255	3949132	159421	0
phantom_1	21	Pulse	255	3969132	179421	0
phantom_1	22	Pulse	255	3989132	13868	0
phantom_1	22	Sound	start_sound	4005264	30000	2			30000		other	0
phantom_1	22	Pulse	255	4009132	33868	0
phantom_1	22	Nothing	envir	4020264	45000	1			45000		other	0
phantom_1	22	Nothing	envir	4025264	50000	1			50000		other	0
phantom_1	22	Pulse	255	4029132	53868	1
phantom_1	22	Nothing	envir	4030264	55000	1			55000		other	0
phantom_1	22	Nothing	envir	4035264	60000	1			60000		other	0
phantom_1	22	Nothing	envir	4040264	65000	1			65000		other	0
phantom_1	22	Nothing	envir	4045264	70000	1			70000		other	0
phantom_1	22	Pulse	255	4049132	73868	0
phantom_1	22	Nothing	envir	4050264	75000	1			75000		other	0
phantom_1	22	Nothing	envir	4055264	80000	1			80000		other	0
phantom_1	22	Nothing	envir	4060264	85000	1			85000		other	0
phantom_1	22	Nothing	envir	4065264	90000	1			90000		other	0
phantom_1	22	Pulse	255	4069132	93868	0
phantom_1	22	Nothing	envir	4070264	95000	1			95000		other	0
phantom_1	22	Nothing	envir	4075264	100000	1			100000		other	0
phantom_1	22	Nothing	envir	4080264	105000	1			105000		other	0
phantom_1	22	Nothing	envir	4085264	110000	1			110000		other	0
phantom_1	22	Pulse	255	4089132	113868	0
phantom_1	22	Nothing	envir	4090264	115000	1			115000		other	0
phantom_1	22	Nothing	envir	4095264	120000	1			120000		other	0
phantom_1	22	Nothing	envir	4100264	125000	1			125000		other	0
phantom_1	22	Nothing	envir	4105264	130000	1			130000		other	0
phantom_1	22	Pulse	255	4109132	133868	0
phantom_1	22	Nothing	envir	4110264	135000	1			135000		other	0
phantom_1	22	Nothing	envir	4115264	140000	1			140000		other	0
phantom_1	22	Pulse	255	4129132	153868	0
phantom_1	23	Picture	Bfix	4130883	0	1	60323	1	0	60000	other	0
phantom_1	23	Pulse	255	4149133	18249	0
phantom_1	23	Pulse	255	4169132	38249	0
phantom_1	23	Pulse	255	4189132	58249	0
phantom_1	24	Pulse	255	4209132	18152	0
phantom_1	24	Sound	start_sound	4220980	30000	1			30000		other	0
phantom_1	24	Pulse	255	4229133	38152	0
phantom_1	24	Nothing	pleur	4235980	45000	1			45000		other	0
phantom_1	24	Nothing	pleur	4240980	50000	1			50000		other	0
phantom_1	24	Nothing	pleur	4245980	55000	1			55000		other	0
phantom_1	24	Pulse	255	4249132	58152	1
phantom_1	24	Nothing	pleur	4250980	60000	1			60000		other	0
phantom_1	24	Nothing	pleur	4255980	65000	1			65000		other	0
phantom_1	24	Nothing	pleur	4260980	70000	1			70000		other	0
phantom_1	24	Nothing	pleur	4265980	75000	1			75000		other	0
phantom_1	24	Pulse	255	4269133	78152	0
phantom_1	24	Nothing	pleur	4270980	80000	1			80000		other	0
phantom_1	24	Nothing	pleur	4275980	85000	1			85000		other	0
phantom_1	24	Nothing	pleur	4280980	90000	1			90000		other	0
phantom_1	24	Nothing	pleur	4285980	95000	1			95000		other	0
phantom_1	24	Pulse	255	4289133	98152	0
phantom_1	24	Nothing	pleur	4290980	100000	1			100000		other	0
phantom_1	24	Nothing	pleur	4295980	105000	1			105000		other	0
phantom_1	24	Nothing	pleur	4300980	110000	1			110000		other	0
phantom_1	24	Nothing	pleur	4305980	115000	1			115000		other	0
phantom_1	24	Pulse	255	4309132	118152	0
phantom_1	24	Nothing	pleur	4310980	120000	1			120000		other	0
phantom_1	24	Nothing	pleur	4315980	125000	1			125000		other	0
phantom_1	24	Nothing	pleur	4320980	130000	1			130000		other	0
phantom_1	24	Nothing	pleur	4325980	135000	1			135000		other	0
phantom_1	24	Pulse	255	4329133	138153	0
phantom_1	24	Nothing	pleur	4330980	140000	1			140000		other	0
phantom_1	25	Pulse	255	4349133	2600	0
phantom_1	25	Pulse	255	4369133	22600	0
phantom_1	25	Sound	start_sound	4376532	30000	2			30000		other	0
phantom_1	25	Pulse	255	4389133	42600	0
phantom_1	25	Nothing	cough	4391532	45000	1			45000		other	0
phantom_1	25	Nothing	cough	4396532	50000	1			50000		other	0
phantom_1	25	Nothing	cough	4401532	55000	1			55000		other	0
phantom_1	25	Nothing	cough	4406532	60000	1			60000		other	0
phantom_1	25	Pulse	255	4409133	62601	0
phantom_1	25	Nothing	cough	4411532	65000	1			65000		other	0
phantom_1	25	Nothing	cough	4416532	70000	1			70000		other	0
phantom_1	25	Nothing	cough	4421532	75000	1			75000		other	0
phantom_1	25	Nothing	cough	4426532	80000	1			80000		other	0
phantom_1	25	Pulse	255	4429133	82601	0
phantom_1	25	Nothing	cough	4431532	85000	1			85000		other	0
phantom_1	25	Nothing	cough	4436532	90000	1			90000		other	0
phantom_1	25	Nothing	cough	4441532	95000	1			95000		other	0
phantom_1	25	Nothing	cough	4446532	100000	1			100000		other	0
phantom_1	25	Pulse	255	4449132	102600	0
phantom_1	25	Nothing	cough	4451532	105000	1			105000		other	0
phantom_1	25	Nothing	cough	4456532	110000	1			110000		other	0
phantom_1	25	Nothing	cough	4461532	115000	1			115000		other	0
phantom_1	25	Nothing	cough	4466532	120000	1			120000		other	0
phantom_1	25	Pulse	255	4469133	122601	0
phantom_1	25	Nothing	cough	4471532	125000	1			125000		other	0
phantom_1	25	Nothing	cough	4476532	130000	1			130000		other	0
phantom_1	25	Nothing	cough	4481532	135000	1			135000		other	0
phantom_1	25	Nothing	cough	4486532	140000	1			140000		other	0
phantom_1	25	Pulse	255	4489134	142601	0
phantom_1	26	Pulse	255	4509133	7047	0
phantom_1	26	Pulse	255	4529133	27047	0
phantom_1	26	Sound	start_sound	4532086	30000	2			30000		other	0
phantom_1	26	Nothing	suomi	4547086	45000	1			45000		other	0
phantom_1	26	Pulse	255	4549133	47047	0
phantom_1	26	Nothing	suomi	4552086	50000	1			50000		other	0
phantom_1	26	Nothing	suomi	4557086	55000	1			55000		other	0
phantom_1	26	Nothing	suomi	4562086	60000	1			60000		other	0
phantom_1	26	Nothing	suomi	4567086	65000	1			65000		other	0
phantom_1	26	Pulse	255	4569133	67047	0
phantom_1	26	Nothing	suomi	4572086	70000	1			70000		other	0
phantom_1	26	Nothing	suomi	4577086	75000	1			75000		other	0
phantom_1	26	Nothing	suomi	4582086	80000	1			80000		other	0
phantom_1	26	Nothing	suomi	4587086	85000	1			85000		other	0
phantom_1	26	Pulse	255	4589132	87046	0
phantom_1	26	Nothing	suomi	4592086	90000	1			90000		other	0
phantom_1	26	Nothing	suomi	4597086	95000	1			95000		other	0
phantom_1	26	Nothing	suomi	4602086	100000	1			100000		other	0
phantom_1	26	Nothing	suomi	4607086	105000	1			105000		other	0
phantom_1	26	Pulse	255	4609133	107047	0
phantom_1	26	Nothing	suomi	4612086	110000	1			110000		other	0
phantom_1	26	Nothing	suomi	4617086	115000	1			115000		other	0
phantom_1	26	Nothing	suomi	4622086	120000	1			120000		other	0
phantom_1	26	Nothing	suomi	4627086	125000	1			125000		other	0
phantom_1	26	Pulse	255	4629133	127047	0
phantom_1	26	Nothing	suomi	4632086	130000	1			130000		other	0
phantom_1	26	Nothing	suomi	4637086	135000	1			135000		other	0
phantom_1	26	Nothing	suomi	4642086	140000	1			140000		other	0
phantom_1	26	Pulse	255	4649133	147047	0
phantom_1	26	Pulse	255	4669133	167047	0
phantom_1	27	Pulse	255	4689133	1474	0
phantom_1	27	Pulse	255	4709132	21473	0
phantom_1	27	Sound	start_sound	4717659	30000	1			30000		other	0
phantom_1	27	Pulse	255	4729133	41474	0
phantom_1	27	Nothing	silen	4732659	45000	1			45000		other	0
phantom_1	27	Nothing	silen	4737659	50000	1			50000		other	0
phantom_1	27	Nothing	silen	4742659	55000	1			55000		other	0
phantom_1	27	Nothing	silen	4747659	60000	1			60000		other	0
phantom_1	27	Pulse	255	4749133	61474	0
phantom_1	27	Nothing	silen	4752659	65000	1			65000		other	0
phantom_1	27	Nothing	silen	4757659	70000	1			70000		other	0
phantom_1	27	Nothing	silen	4762659	75000	1			75000		other	0
phantom_1	27	Nothing	silen	4767659	80000	1			80000		other	0
phantom_1	27	Pulse	255	4769137	81478	0
phantom_1	27	Nothing	silen	4772659	85000	1			85000		other	0
phantom_1	27	Nothing	silen	4777659	90000	1			90000		other	0
phantom_1	27	Nothing	silen	4782659	95000	1			95000		other	0
phantom_1	27	Nothing	silen	4787659	100000	1			100000		other	0
phantom_1	27	Pulse	255	4789133	101474	0
phantom_1	27	Nothing	silen	4792659	105000	1			105000		other	0
phantom_1	27	Nothing	silen	4797659	110000	1			110000		other	0
phantom_1	27	Nothing	silen	4802659	115000	1			115000		other	0
phantom_1	27	Nothing	silen	4807659	120000	1			120000		other	0
phantom_1	27	Pulse	255	4809133	121474	0
phantom_1	27	Nothing	silen	4812659	125000	1			125000		other	0
phantom_1	27	Nothing	silen	4817659	130000	1			130000		other	0
phantom_1	27	Nothing	silen	4822659	135000	1			135000		other	0
phantom_1	27	Nothing	silen	4827659	140000	1			140000		other	0
phantom_1	27	Pulse	255	4829134	141475	0
phantom_1	27	Pulse	255	4849133	161474	0
phantom_1	27	Pulse	255	4869133	181474	0
phantom_1	28	Pulse	255	4889133	15920	0
phantom_1	28	Sound	start_sound	4903213	30000	2			30000		other	0
phantom_1	28	Pulse	255	4909133	35920	0
phantom_1	28	Nothing	human	4918213	45000	1			45000		other	0
phantom_1	28	Nothing	human	4923213	50000	1			50000		other	0
phantom_1	28	Nothing	human	4928213	55000	1			55000		other	0
phantom_1	28	Pulse	255	4929133	55920	0
phantom_1	28	Nothing	human	4933213	60000	1			60000		other	0
phantom_1	28	Nothing	human	4938213	65000	1			65000		other	0
phantom_1	28	Nothing	human	4943213	70000	1			70000		other	0
phantom_1	28	Nothing	human	4948213	75000	1			75000		other	0
phantom_1	28	Pulse	255	4949134	75922	0
phantom_1	28	Nothing	human	4953213	80000	1			80000		other	0
phantom_1	28	Nothing	human	4958213	85000	1			85000		other	0
phantom_1	28	Nothing	human	4963213	90000	1			90000		other	0
phantom_1	28	Nothing	human	4968213	95000	1			95000		other	0
phantom_1	28	Pulse	255	4969134	95921	0
phantom_1	28	Nothing	human	4973213	100000	1			100000		other	0
phantom_1	28	Nothing	human	4978213	105000	1			105000		other	0
phantom_1	28	Nothing	human	4983213	110000	1			110000		other	0
phantom_1	28	Nothing	human	4988213	115000	1			115000		other	0
phantom_1	28	Pulse	255	4989134	115921	0
phantom_1	28	Nothing	human	4993213	120000	1			120000		other	0
phantom_1	28	Nothing	human	4998213	125000	1			125000		other	0
phantom_1	28	Nothing	human	5003213	130000	1			130000		other	0
phantom_1	28	Nothing	human	5008213	135000	1			135000		other	0
phantom_1	28	Pulse	255	5009133	135921	0
phantom_1	28	Nothing	human	5013213	140000	1			140000		other	0
phantom_1	29	Pulse	255	5029133	368	0
phantom_1	29	Pulse	255	5049133	20368	0
phantom_1	29	Sound	start_sound	5058766	30000	2			30000		other	0
phantom_1	29	Pulse	255	5069133	40367	0
phantom_1	29	Nothing	music	5073766	45000	1			45000		other	0
phantom_1	29	Nothing	music	5078766	50000	1			50000		other	0
phantom_1	29	Nothing	music	5083766	55000	1			55000		other	0
phantom_1	29	Nothing	music	5088766	60000	1			60000		other	0
phantom_1	29	Pulse	255	5089133	60367	0
phantom_1	29	Nothing	music	5093766	65000	1			65000		other	0
phantom_1	29	Nothing	music	5098766	70000	1			70000		other	0
phantom_1	29	Nothing	music	5103766	75000	1			75000		other	0
phantom_1	29	Nothing	music	5108766	80000	1			80000		other	0
phantom_1	29	Pulse	255	5109133	80367	0
phantom_1	29	Nothing	music	5113766	85000	1			85000		other	0
phantom_1	29	Nothing	music	5118766	90000	1			90000		other	0
phantom_1	29	Nothing	music	5123766	95000	1			95000		other	0
phantom_1	29	Nothing	music	5128766	100000	1			100000		other	0
phantom_1	29	Pulse	255	5129133	100368	0
phantom_1	29	Nothing	music	5133766	105000	1			105000		other	0
phantom_1	29	Nothing	music	5138766	110000	1			110000		other	0
phantom_1	29	Nothing	music	5143766	115000	1			115000		other	0
phantom_1	29	Nothing	music	5148766	120000	1			120000		other	0
phantom_1	29	Pulse	255	5149133	120368	0
phantom_1	29	Nothing	music	5153766	125000	1			125000		other	0
phantom_1	29	Nothing	music	5158766	130000	1			130000		other	0
phantom_1	29	Nothing	music	5163766	135000	1			135000		other	0
phantom_1	29	Nothing	music	5168766	140000	1			140000		other	0
phantom_1	29	Pulse	255	5169134	140369	0
phantom_1	30	Pulse	255	5189134	4815	0
phantom_1	30	Pulse	255	5209134	24815	0
phantom_1	30	Sound	start_sound	5214319	30000	2			30000		other	0
phantom_1	30	Pulse	255	5229134	44814	0
phantom_1	30	Nothing	animo	5229319	45000	1			45000		other	0
phantom_1	30	Nothing	animo	5234319	50000	1			50000		other	0
phantom_1	30	Nothing	animo	5239319	55000	1			55000		other	0
phantom_1	30	Nothing	animo	5244319	60000	1			60000		other	0
phantom_1	30	Pulse	255	5249124	64805	0
phantom_1	30	Nothing	animo	5249319	65000	1			65000		other	0
phantom_1	30	Nothing	animo	5254319	70000	1			70000		other	0
phantom_1	30	Nothing	animo	5259319	75000	1			75000		other	0
phantom_1	30	Nothing	animo	5264319	80000	1			80000		other	0
phantom_1	30	Pulse	255	5269124	84805	0
phantom_1	30	Nothing	animo	5269319	85000	1			85000		other	0
phantom_1	30	Nothing	animo	5274319	90000	1			90000		other	0
phantom_1	30	Nothing	animo	5279319	95000	1			95000		other	0
phantom_1	30	Nothing	animo	5284319	100000	1			100000		other	0
phantom_1	30	Pulse	255	5289123	104804	0
phantom_1	30	Nothing	animo	5289319	105000	1			105000		other	0
phantom_1	30	Nothing	animo	5294319	110000	1			110000		other	0
phantom_1	30	Nothing	animo	5299319	115000	1			115000		other	0
phantom_1	30	Nothing	animo	5304319	120000	1			120000		other	0
phantom_1	30	Pulse	255	5309124	124805	0
phantom_1	30	Nothing	animo	5309319	125000	1			125000		other	0
phantom_1	30	Nothing	animo	5314319	130000	1			130000		other	0
phantom_1	30	Nothing	animo	5319319	135000	1			135000		other	0
phantom_1	30	Nothing	animo	5324319	140000	1			140000		other	0
phantom_1	30	Pulse	255	5329124	144805	0
phantom_1	30	Pulse	255	5349124	164805	0
phantom_1	31	Pulse	255	5369124	14251	0
phantom_1	31	Sound	start_sound	5384873	30000	2			30000		other	0
phantom_1	31	Pulse	255	5389124	34250	0
phantom_1	31	Nothing	rires	5399873	45000	1			45000		other	0
phantom_1	31	Nothing	rires	5404873	50000	1			50000		other	0
phantom_1	31	Pulse	255	5409124	54251	0
phantom_1	31	Nothing	rires	5409873	55000	1			55000		other	0
phantom_1	31	Nothing	rires	5414873	60000	1			60000		other	0
phantom_1	31	Nothing	rires	5419873	65000	1			65000		other	0
phantom_1	31	Nothing	rires	5424873	70000	1			70000		other	0
phantom_1	31	Pulse	255	5429123	74250	0
phantom_1	31	Nothing	rires	5429873	75000	1			75000		other	0
phantom_1	31	Nothing	rires	5434873	80000	1			80000		other	0
phantom_1	31	Nothing	rires	5439873	85000	1			85000		other	0
phantom_1	31	Nothing	rires	5444873	90000	1			90000		other	0
phantom_1	31	Pulse	255	5449123	94250	0
phantom_1	31	Nothing	rires	5449873	95000	1			95000		other	0
phantom_1	31	Nothing	rires	5454873	100000	1			100000		other	0
phantom_1	31	Nothing	rires	5459873	105000	1			105000		other	0
phantom_1	31	Nothing	rires	5464873	110000	1			110000		other	0
phantom_1	31	Pulse	255	5469124	114251	0
phantom_1	31	Nothing	rires	5469873	115000	1			115000		other	0
phantom_1	31	Nothing	rires	5474873	120000	1			120000		other	0
phantom_1	31	Nothing	rires	5479873	125000	1			125000		other	0
phantom_1	31	Nothing	rires	5484873	130000	1			130000		other	0
phantom_1	31	Pulse	255	5489124	134250	0
phantom_1	31	Nothing	rires	5489873	135000	1			135000		other	0
phantom_1	31	Nothing	rires	5494873	140000	1			140000		other	0
phantom_1	31	Pulse	255	5509124	154251	0
phantom_1	31	Pulse	255	5529125	174251	0
phantom_1	32	Pulse	255	5549124	8699	0
phantom_1	32	Pulse	255	5569124	28698	0
phantom_1	32	Sound	start_sound	5570425	30000	1			30000		other	0
phantom_1	32	Nothing	envir	5585425	45000	1			45000		other	0
phantom_1	32	Pulse	255	5589124	48699	0
phantom_1	32	Nothing	envir	5590425	50000	1			50000		other	0
phantom_1	32	Nothing	envir	5595425	55000	1			55000		other	0
phantom_1	32	Nothing	envir	5600425	60000	1			60000		other	0
phantom_1	32	Nothing	envir	5605425	65000	1			65000		other	0
phantom_1	32	Pulse	255	5609124	68699	0
phantom_1	32	Nothing	envir	5610425	70000	1			70000		other	0
phantom_1	32	Nothing	envir	5615425	75000	1			75000		other	0
phantom_1	32	Nothing	envir	5620425	80000	1			80000		other	0
phantom_1	32	Nothing	envir	5625425	85000	1			85000		other	0
phantom_1	32	Pulse	255	5629124	88699	0
phantom_1	32	Nothing	envir	5630425	90000	1			90000		other	0
phantom_1	32	Nothing	envir	5635425	95000	1			95000		other	0
phantom_1	32	Nothing	envir	5640425	100000	1			100000		other	0
phantom_1	32	Nothing	envir	5645425	105000	1			105000		other	0
phantom_1	32	Pulse	255	5649123	108698	0
phantom_1	32	Nothing	envir	5650425	110000	1			110000		other	0
phantom_1	32	Nothing	envir	5655425	115000	1			115000		other	0
phantom_1	32	Nothing	envir	5660425	120000	1			120000		other	0
phantom_1	32	Nothing	envir	5665425	125000	1			125000		other	0
phantom_1	32	Pulse	255	5669124	128699	0
phantom_1	32	Nothing	envir	5670425	130000	1			130000		other	0
phantom_1	32	Nothing	envir	5675425	135000	1			135000		other	0
phantom_1	32	Nothing	envir	5680425	140000	1			140000		other	0
phantom_1	32	Pulse	255	5689124	148699	0
phantom_1	32	Pulse	255	5709124	168699	0
phantom_1	33	Pulse	255	5729125	3138	0
phantom_1	33	Pulse	255	5749124	23137	0
phantom_1	33	Sound	start_sound	5755987	30000	2			30000		other	0
phantom_1	33	Pulse	255	5769125	43138	0
phantom_1	33	Nothing	cough	5770987	45000	1			45000		other	0
phantom_1	33	Nothing	cough	5775987	50000	1			50000		other	0
phantom_1	33	Nothing	cough	5780987	55000	1			55000		other	0
phantom_1	33	Nothing	cough	5785987	60000	1			60000		other	0
phantom_1	33	Pulse	255	5789123	63136	0
phantom_1	33	Nothing	cough	5790987	65000	1			65000		other	0
phantom_1	33	Nothing	cough	5795987	70000	1			70000		other	0
phantom_1	33	Nothing	cough	5800987	75000	1			75000		other	0
phantom_1	33	Nothing	cough	5805987	80000	1			80000		other	0
phantom_1	33	Pulse	255	5809125	83138	0
phantom_1	33	Nothing	cough	5810987	85000	1			85000		other	0
phantom_1	33	Nothing	cough	5815987	90000	1			90000		other	0
phantom_1	33	Nothing	cough	5820987	95000	1			95000		other	0
phantom_1	33	Nothing	cough	5825987	100000	1			100000		other	0
phantom_1	33	Pulse	255	5829125	103138	0
phantom_1	33	Nothing	cough	5830987	105000	1			105000		other	0
phantom_1	33	Nothing	cough	5835987	110000	1			110000		other	0
phantom_1	33	Nothing	cough	5840987	115000	1			115000		other	0
phantom_1	33	Nothing	cough	5845987	120000	1			120000		other	0
phantom_1	33	Pulse	255	5849124	123137	0
phantom_1	33	Nothing	cough	5850987	125000	1			125000		other	0
phantom_1	33	Nothing	cough	5855987	130000	1			130000		other	0
phantom_1	33	Nothing	cough	5860987	135000	1			135000		other	0
phantom_1	33	Nothing	cough	5865987	140000	1			140000		other	0
phantom_1	33	Pulse	255	5869124	143137	0
phantom_1	33	Pulse	255	5889125	163138	0
phantom_1	33	Pulse	255	5909124	183136	0
phantom_1	34	Picture	Bfix	5911607	0	1	60183	1	0	60000	other	0
phantom_1	34	Pulse	255	5929124	17518	0
phantom_1	34	Pulse	255	5949125	37518	0
phantom_1	34	Pulse	255	5969124	57518	0
phantom_1	35	Pulse	255	5989125	17237	0
phantom_1	35	Sound	start_sound	6001888	30000	2			30000		other	0
phantom_1	35	Pulse	255	6009125	37238	0
phantom_1	35	Nothing	pleur	6016888	45000	1			45000		other	0
phantom_1	35	Nothing	pleur	6021888	50000	1			50000		other	0
phantom_1	35	Nothing	pleur	6026888	55000	1			55000		other	0
phantom_1	35	Pulse	255	6029125	57238	0
phantom_1	35	Nothing	pleur	6031888	60000	1			60000		other	0
phantom_1	35	Nothing	pleur	6036888	65000	1			65000		other	0
phantom_1	35	Nothing	pleur	6041888	70000	1			70000		other	0
phantom_1	35	Nothing	pleur	6046888	75000	1			75000		other	0
phantom_1	35	Pulse	255	6049125	77238	0
phantom_1	35	Nothing	pleur	6051888	80000	1			80000		other	0
phantom_1	35	Nothing	pleur	6056888	85000	1			85000		other	0
phantom_1	35	Nothing	pleur	6061888	90000	1			90000		other	0
phantom_1	35	Nothing	pleur	6066888	95000	1			95000		other	0
phantom_1	35	Pulse	255	6069125	97238	0
phantom_1	35	Nothing	pleur	6071888	100000	1			100000		other	0
phantom_1	35	Nothing	pleur	6076888	105000	1			105000		other	0
phantom_1	35	Nothing	pleur	6081888	110000	1			110000		other	0
phantom_1	35	Nothing	pleur	6086888	115000	1			115000		other	0
phantom_1	35	Pulse	255	6089124	117237	0
phantom_1	35	Nothing	pleur	6091888	120000	1			120000		other	0
phantom_1	35	Nothing	pleur	6096888	125000	1			125000		other	0
phantom_1	35	Nothing	pleur	6101888	130000	1			130000		other	0
phantom_1	35	Nothing	pleur	6106888	135000	1			135000		other	0
phantom_1	35	Pulse	255	6109124	137236	0
phantom_1	35	Nothing	pleur	6111888	140000	1			140000		other	0
phantom_1	36	Pulse	255	6129125	1685	0
phantom_1	36	Pulse	255	6149124	21684	0
phantom_1	36	Sound	start_sound	6157440	30000	2			30000		other	0
phantom_1	36	Pulse	255	6169125	41686	0
phantom_1	36	Nothing	suomi	6172440	45000	1			45000		other	0
phantom_1	36	Nothing	suomi	6177440	50000	1			50000		other	0
phantom_1	36	Nothing	suomi	6182440	55000	1			55000		other	0
phantom_1	36	Nothing	suomi	6187440	60000	1			60000		other	0
phantom_1	36	Pulse	255	6189124	61685	0
phantom_1	36	Nothing	suomi	6192440	65000	1			65000		other	0
phantom_1	36	Nothing	suomi	6197440	70000	1			70000		other	0
phantom_1	36	Nothing	suomi	6202440	75000	1			75000		other	0
phantom_1	36	Nothing	suomi	6207440	80000	2			80000		other	0
phantom_1	36	Pulse	255	6209126	81686	0
phantom_1	36	Nothing	suomi	6212440	85000	1			85000		other	0
phantom_1	36	Nothing	suomi	6217440	90000	1			90000		other	0
phantom_1	36	Nothing	suomi	6222440	95000	1			95000		other	0
phantom_1	36	Nothing	suomi	6227440	100000	1			100000		other	0
phantom_1	36	Pulse	255	6229125	101685	0
phantom_1	36	Nothing	suomi	6232440	105000	1			105000		other	0
phantom_1	36	Nothing	suomi	6237440	110000	1			110000		other	0
phantom_1	36	Nothing	suomi	6242440	115000	1			115000		other	0
phantom_1	36	Nothing	suomi	6247440	120000	1			120000		other	0
phantom_1	36	Pulse	255	6249125	121685	0
phantom_1	36	Nothing	suomi	6252440	125000	1			125000		other	0
phantom_1	36	Nothing	suomi	6257440	130000	1			130000		other	0
phantom_1	36	Nothing	suomi	6262440	135000	1			135000		other	0
phantom_1	36	Nothing	suomi	6267440	140000	1			140000		other	0
phantom_1	36	Pulse	255	6269125	141685	0
phantom_1	36	Pulse	255	6289125	161685	0
phantom_1	36	Pulse	255	6309126	181686	0
phantom_1	37	Pulse	255	6329125	16132	0
phantom_1	37	Sound	start_sound	6342993	30000	2			30000		other	0
phantom_1	37	Pulse	255	6349126	36133	0
phantom_1	37	Nothing	yawny	6357993	45000	1			45000		other	0
phantom_1	37	Nothing	yawny	6362993	50000	1			50000		other	0
phantom_1	37	Nothing	yawny	6367993	55000	1			55000		other	0
phantom_1	37	Pulse	255	6369126	56133	0
phantom_1	37	Nothing	yawny	6372993	60000	1			60000		other	0
phantom_1	37	Nothing	yawny	6377993	65000	1			65000		other	0
phantom_1	37	Nothing	yawny	6382993	70000	1			70000		other	0
phantom_1	37	Nothing	yawny	6387993	75000	1			75000		other	0
phantom_1	37	Pulse	255	6389125	76132	0
phantom_1	37	Nothing	yawny	6392993	80000	1			80000		other	0
phantom_1	37	Nothing	yawny	6397993	85000	1			85000		other	0
phantom_1	37	Nothing	yawny	6402993	90000	1			90000		other	0
phantom_1	37	Nothing	yawny	6407993	95000	1			95000		other	0
phantom_1	37	Pulse	255	6409125	96132	0
phantom_1	37	Nothing	yawny	6412993	100000	1			100000		other	0
phantom_1	37	Nothing	yawny	6417993	105000	1			105000		other	0
phantom_1	37	Nothing	yawny	6422993	110000	1			110000		other	0
phantom_1	37	Nothing	yawny	6427993	115000	1			115000		other	0
phantom_1	37	Pulse	255	6429125	116132	0
phantom_1	37	Nothing	yawny	6432993	120000	1			120000		other	0
phantom_1	37	Nothing	yawny	6437993	125000	1			125000		other	0
phantom_1	37	Nothing	yawny	6442993	130000	1			130000		other	0
phantom_1	37	Nothing	yawny	6447993	135000	1			135000		other	0
phantom_1	37	Pulse	255	6449125	136132	0
phantom_1	37	Nothing	yawny	6452993	140000	1			140000		other	0
phantom_1	37	Pulse	255	6469126	156133	0
phantom_1	38	Pulse	255	6489126	5578	0
phantom_1	38	Pulse	255	6509125	25577	0
phantom_1	38	Sound	start_sound	6513548	30000	2			30000		other	0
phantom_1	38	Nothing	human	6528548	45000	1			45000		other	0
phantom_1	38	Pulse	255	6529126	45578	0
phantom_1	38	Nothing	human	6533548	50000	1			50000		other	0
phantom_1	38	Nothing	human	6538548	55000	1			55000		other	0
phantom_1	38	Nothing	human	6543548	60000	1			60000		other	0
phantom_1	38	Nothing	human	6548548	65000	1			65000		other	0
phantom_1	38	Pulse	255	6549125	65577	1
phantom_1	38	Nothing	human	6553548	70000	1			70000		other	0
phantom_1	38	Nothing	human	6558548	75000	1			75000		other	0
phantom_1	38	Nothing	human	6563548	80000	1			80000		other	0
phantom_1	38	Nothing	human	6568548	85000	1			85000		other	0
phantom_1	38	Pulse	255	6569126	85578	0
phantom_1	38	Nothing	human	6573548	90000	1			90000		other	0
phantom_1	38	Nothing	human	6578548	95000	1			95000		other	0
phantom_1	38	Nothing	human	6583548	100000	1			100000		other	0
phantom_1	38	Nothing	human	6588548	105000	1			105000		other	0
phantom_1	38	Pulse	255	6589125	105577	0
phantom_1	38	Nothing	human	6593548	110000	1			110000		other	0
phantom_1	38	Nothing	human	6598548	115000	1			115000		other	0
phantom_1	38	Nothing	human	6603548	120000	1			120000		other	0
phantom_1	38	Nothing	human	6608548	125000	1			125000		other	0
phantom_1	38	Pulse	255	6609126	125578	0
phantom_1	38	Nothing	human	6613548	130000	1			130000		other	0
phantom_1	38	Nothing	human	6618548	135000	1			135000		other	0
phantom_1	38	Nothing	human	6623548	140000	1			140000		other	0
phantom_1	38	Pulse	255	6629126	145578	0
phantom_1	39	Pulse	255	6649125	9993	0
phantom_1	39	Pulse	255	6669126	29994	0
phantom_1	39	Sound	start_sound	6669132	30000	2			30000		other	0
phantom_1	39	Nothing	silen	6684132	45000	1			45000		other	0
phantom_1	39	Pulse	255	6689125	49993	0
phantom_1	39	Nothing	silen	6689132	50000	1			50000		other	0
phantom_1	39	Nothing	silen	6694132	55000	1			55000		other	0
phantom_1	39	Nothing	silen	6699132	60000	1			60000		other	0
phantom_1	39	Nothing	silen	6704132	65000	1			65000		other	0
phantom_1	39	Pulse	255	6709126	69994	0
phantom_1	39	Nothing	silen	6709132	70000	1			70000		other	0
phantom_1	39	Nothing	silen	6714132	75000	1			75000		other	0
phantom_1	39	Nothing	silen	6719132	80000	1			80000		other	0
phantom_1	39	Nothing	silen	6724132	85000	1			85000		other	0
phantom_1	39	Pulse	255	6729126	89993	0
phantom_1	39	Nothing	silen	6729132	90000	1			90000		other	0
phantom_1	39	Nothing	silen	6734132	95000	1			95000		other	0
phantom_1	39	Nothing	silen	6739132	100000	1			100000		other	0
phantom_1	39	Nothing	silen	6744132	105000	1			105000		other	0
phantom_1	39	Pulse	255	6749125	109993	0
phantom_1	39	Nothing	silen	6749132	110000	1			110000		other	0
phantom_1	39	Nothing	silen	6754132	115000	1			115000		other	0
phantom_1	39	Nothing	silen	6759132	120000	1			120000		other	0
phantom_1	39	Nothing	silen	6764132	125000	1			125000		other	0
phantom_1	39	Pulse	255	6769125	129993	0
phantom_1	39	Nothing	silen	6769132	130000	1			130000		other	0
phantom_1	39	Nothing	silen	6774132	135000	1			135000		other	0
phantom_1	39	Nothing	silen	6779132	140000	1			140000		other	0
phantom_1	39	Pulse	255	6789126	149994	0
phantom_1	39	Pulse	255	6809126	169994	0
phantom_1	40	Pulse	255	6829126	4419	0
phantom_1	40	Pulse	255	6849126	24419	0
phantom_1	40	Sound	start_sound	6854707	30000	2			30000		other	0
phantom_1	40	Pulse	255	6869126	44419	0
phantom_1	40	Nothing	music	6869707	45000	1			45000		other	0
phantom_1	40	Nothing	music	6874707	50000	1			50000		other	0
phantom_1	40	Nothing	music	6879707	55000	1			55000		other	0
phantom_1	40	Nothing	music	6884707	60000	1			60000		other	0
phantom_1	40	Pulse	255	6889126	64420	0
phantom_1	40	Nothing	music	6889707	65000	1			65000		other	0
phantom_1	40	Nothing	music	6894707	70000	1			70000		other	0
phantom_1	40	Nothing	music	6899707	75000	1			75000		other	0
phantom_1	40	Nothing	music	6904707	80000	1			80000		other	0
phantom_1	40	Pulse	255	6909126	84420	0
phantom_1	40	Nothing	music	6909707	85000	1			85000		other	0
phantom_1	40	Nothing	music	6914707	90000	1			90000		other	0
phantom_1	40	Nothing	music	6919707	95000	1			95000		other	0
phantom_1	40	Nothing	music	6924707	100000	1			100000		other	0
phantom_1	40	Pulse	255	6929125	104419	0
phantom_1	40	Nothing	music	6929707	105000	1			105000		other	0
phantom_1	40	Nothing	music	6934707	110000	1			110000		other	0
phantom_1	40	Nothing	music	6939707	115000	1			115000		other	0
phantom_1	40	Nothing	music	6944707	120000	1			120000		other	0
phantom_1	40	Pulse	255	6949126	124419	0
phantom_1	40	Nothing	music	6949707	125000	1			125000		other	0
phantom_1	40	Nothing	music	6954707	130000	1			130000		other	0
phantom_1	40	Nothing	music	6959707	135000	1			135000		other	0
phantom_1	40	Nothing	music	6964707	140000	1			140000		other	0
phantom_1	40	Pulse	255	6969126	144420	0
phantom_1	40	Pulse	255	6989126	164420	0
phantom_1	41	Pulse	255	7009126	13866	0
phantom_1	41	Sound	start_sound	7025260	30000	2			30000		other	0
phantom_1	41	Pulse	255	7029126	33867	0
phantom_1	41	Nothing	rever	7040260	45000	1			45000		other	0
phantom_1	41	Nothing	rever	7045260	50000	1			50000		other	0
phantom_1	41	Pulse	255	7049126	53866	0
phantom_1	41	Nothing	rever	7050260	55000	1			55000		other	0
phantom_1	41	Nothing	rever	7055260	60000	1			60000		other	0
phantom_1	41	Nothing	rever	7060260	65000	1			65000		other	0
phantom_1	41	Nothing	rever	7065260	70000	1			70000		other	0
phantom_1	41	Pulse	255	7069126	73866	0
phantom_1	41	Nothing	rever	7070260	75000	1			75000		other	0
phantom_1	41	Nothing	rever	7075260	80000	1			80000		other	0
phantom_1	41	Nothing	rever	7080260	85000	1			85000		other	0
phantom_1	41	Nothing	rever	7085260	90000	1			90000		other	0
phantom_1	41	Pulse	255	7089126	93866	0
phantom_1	41	Nothing	rever	7090260	95000	1			95000		other	0
phantom_1	41	Nothing	rever	7095260	100000	1			100000		other	0
phantom_1	41	Nothing	rever	7100260	105000	1			105000		other	0
phantom_1	41	Nothing	rever	7105260	110000	1			110000		other	0
phantom_1	41	Pulse	255	7109126	113867	0
phantom_1	41	Nothing	rever	7110260	115000	1			115000		other	0
phantom_1	41	Nothing	rever	7115260	120000	1			120000		other	0
phantom_1	41	Nothing	rever	7120260	125000	1			125000		other	0
phantom_1	41	Nothing	rever	7125260	130000	1			130000		other	0
phantom_1	41	Pulse	255	7129126	133866	0
phantom_1	41	Nothing	rever	7130260	135000	1			135000		other	0
phantom_1	41	Nothing	rever	7135260	140000	1			140000		other	0
phantom_1	41	Pulse	255	7149126	153866	0
phantom_1	42	Pulse	255	7169126	18314	0
phantom_1	42	Sound	start_sound	7180813	30000	2			30000		other	0
phantom_1	42	Pulse	255	7189126	38313	0
phantom_1	42	Nothing	parol	7190813	40000	1			40000		other	0
phantom_1	42	Nothing	parol	7195813	45000	1			45000		other	0
phantom_1	42	Nothing	parol	7200813	50000	1			50000		other	0
phantom_1	42	Nothing	parol	7205813	55000	1			55000		other	0
phantom_1	42	Pulse	255	7209125	58313	0
phantom_1	42	Nothing	parol	7210813	60000	1			60000		other	0
phantom_1	42	Nothing	parol	7215813	65000	1			65000		other	0
phantom_1	42	Nothing	parol	7220813	70000	1			70000		other	0
phantom_1	42	Nothing	parol	7225813	75000	1			75000		other	0
phantom_1	42	Pulse	255	7229127	78314	0
phantom_1	42	Nothing	parol	7230813	80000	1			80000		other	0
phantom_1	42	Nothing	parol	7235813	85000	1			85000		other	0
phantom_1	42	Nothing	parol	7240813	90000	1			90000		other	0
phantom_1	42	Nothing	parol	7245813	95000	1			95000		other	0
phantom_1	42	Pulse	255	7249126	98313	0
phantom_1	42	Nothing	parol	7250813	100000	1			100000		other	0
phantom_1	42	Nothing	parol	7255813	105000	1			105000		other	0
phantom_1	42	Nothing	parol	7260813	110000	1			110000		other	0
phantom_1	42	Nothing	parol	7265813	115000	1			115000		other	0
phantom_1	42	Pulse	255	7269126	118313	0
phantom_1	42	Nothing	parol	7270813	120000	1			120000		other	0
phantom_1	42	Nothing	parol	7275813	125000	1			125000		other	0
phantom_1	42	Nothing	parol	7280813	130000	1			130000		other	0
phantom_1	42	Nothing	parol	7285813	135000	1			135000		other	0
phantom_1	42	Pulse	255	7289126	138313	0
phantom_1	43	Pulse	255	7309127	7759	0
phantom_1	43	Pulse	255	7329126	27759	0
phantom_1	43	Sound	start_sound	7331367	30000	2			30000		other	0
phantom_1	43	Nothing	alpha	7346367	45000	1			45000		other	0
phantom_1	43	Pulse	255	7349126	47759	0
phantom_1	43	Nothing	alpha	7351367	50000	1			50000		other	0
phantom_1	43	Nothing	alpha	7356367	55000	1			55000		other	0
phantom_1	43	Nothing	alpha	7361367	60000	1			60000		other	0
phantom_1	43	Nothing	alpha	7366367	65000	1			65000		other	0
phantom_1	43	Pulse	255	7369126	67759	0
phantom_1	43	Nothing	alpha	7371367	70000	1			70000		other	0
phantom_1	43	Nothing	alpha	7376367	75000	1			75000		other	0
phantom_1	43	Nothing	alpha	7381367	80000	1			80000		other	0
phantom_1	43	Nothing	alpha	7386367	85000	1			85000		other	0
phantom_1	43	Pulse	255	7389117	87750	0
phantom_1	43	Nothing	alpha	7391367	90000	1			90000		other	0
phantom_1	43	Nothing	alpha	7396367	95000	1			95000		other	0
phantom_1	43	Nothing	alpha	7401367	100000	1			100000		other	0
phantom_1	43	Nothing	alpha	7406367	105000	1			105000		other	0
phantom_1	43	Pulse	255	7409116	107749	0
phantom_1	43	Nothing	alpha	7411367	110000	1			110000		other	0
phantom_1	43	Nothing	alpha	7416367	115000	1			115000		other	0
phantom_1	43	Nothing	alpha	7421367	120000	1			120000		other	0
phantom_1	43	Nothing	alpha	7426367	125000	1			125000		other	0
phantom_1	43	Pulse	255	7429117	127749	0
phantom_1	43	Nothing	alpha	7431367	130000	1			130000		other	0
phantom_1	43	Nothing	alpha	7436367	135000	1			135000		other	0
phantom_1	43	Nothing	alpha	7441367	140000	1			140000		other	0
phantom_1	43	Pulse	255	7449117	147749	0
phantom_1	44	Picture	Bfix	7456987	0	1	72845	1	0	60000	other	0
phantom_1	44	Pulse	255	7469117	12130	0
phantom_1	44	Pulse	255	7489116	32130	0
phantom_1	44	Pulse	255	7509117	52130	0

The following output port codes were not sent because of a conflict on the port.
Port	Code	Time(ms)
1	5	74778.6
