Scenario - loca_audi_bis
Logfile written - 01/21/2019 18:29:50

Subject	Trial	Event Type	Code	Time	TTime	Uncertainty	Duration	Uncertainty	ReqTime	ReqDur	Stim Type	Pair Index

sub-13_2	0	Pulse	255	607066	607066	0
sub-13_2	1	Nothing	cut	607293	0	1			0		other	0
sub-13_2	1	Nothing	cut	612293	5000	1			5000		other	0
sub-13_2	1	Nothing	cut	617293	10000	1			10000		other	0
sub-13_2	2	Pulse	255	627066	9652	0
sub-13_2	2	Pulse	255	647065	29651	0
sub-13_2	2	Sound	start_sound	647414	30000	18726			30000		other	0
sub-13_2	2	Nothing	pleur	666140	48726	1			45000		other	0
sub-13_2	2	Pulse	255	667066	49652	0
sub-13_2	2	Nothing	pleur	667414	50000	1			50000		other	0
sub-13_2	2	Nothing	pleur	672414	55000	1			55000		other	0
sub-13_2	2	Nothing	pleur	677414	60000	1			60000		other	0
sub-13_2	2	Nothing	pleur	682414	65000	1			65000		other	0
sub-13_2	2	Pulse	255	687066	69652	0
sub-13_2	2	Nothing	pleur	687414	70000	1			70000		other	0
sub-13_2	2	Nothing	pleur	692414	75000	1			75000		other	0
sub-13_2	2	Nothing	pleur	697414	80000	1			80000		other	0
sub-13_2	2	Nothing	pleur	702414	85000	1			85000		other	0
sub-13_2	2	Pulse	255	707066	89652	0
sub-13_2	2	Nothing	pleur	707414	90000	1			90000		other	0
sub-13_2	2	Nothing	pleur	712414	95000	1			95000		other	0
sub-13_2	2	Nothing	pleur	717414	100000	1			100000		other	0
sub-13_2	2	Nothing	pleur	722414	105000	1			105000		other	0
sub-13_2	2	Pulse	255	727066	109652	0
sub-13_2	2	Nothing	pleur	727414	110000	1			110000		other	0
sub-13_2	2	Nothing	pleur	732414	115000	1			115000		other	0
sub-13_2	2	Nothing	pleur	737414	120000	1			120000		other	0
sub-13_2	2	Nothing	pleur	742414	125000	1			125000		other	0
sub-13_2	2	Pulse	255	747066	129652	0
sub-13_2	2	Nothing	pleur	747414	130000	1			130000		other	0
sub-13_2	2	Nothing	pleur	752414	135000	1			135000		other	0
sub-13_2	2	Nothing	pleur	757414	140000	1			140000		other	0
sub-13_2	2	Pulse	255	767066	149652	0
sub-13_2	2	Pulse	255	787067	169652	0
sub-13_2	3	Pulse	255	807066	19093	0
sub-13_2	3	Sound	start_sound	817973	30000	2			30000		other	0
sub-13_2	3	Pulse	255	827066	39093	1
sub-13_2	3	Nothing	suomi	832973	45000	1			45000		other	0
sub-13_2	3	Nothing	suomi	837973	50000	1			50000		other	0
sub-13_2	3	Nothing	suomi	842973	55000	1			55000		other	0
sub-13_2	3	Pulse	255	847066	59093	0
sub-13_2	3	Nothing	suomi	847973	60000	1			60000		other	0
sub-13_2	3	Nothing	suomi	852973	65000	1			65000		other	0
sub-13_2	3	Nothing	suomi	857973	70000	1			70000		other	0
sub-13_2	3	Nothing	suomi	862973	75000	1			75000		other	0
sub-13_2	3	Pulse	255	867067	79094	0
sub-13_2	3	Nothing	suomi	867973	80000	1			80000		other	0
sub-13_2	3	Nothing	suomi	872973	85000	1			85000		other	0
sub-13_2	3	Nothing	suomi	877973	90000	1			90000		other	0
sub-13_2	3	Nothing	suomi	882973	95000	1			95000		other	0
sub-13_2	3	Pulse	255	887067	99094	0
sub-13_2	3	Nothing	suomi	887973	100000	1			100000		other	0
sub-13_2	3	Nothing	suomi	892973	105000	1			105000		other	0
sub-13_2	3	Nothing	suomi	897973	110000	1			110000		other	0
sub-13_2	3	Nothing	suomi	902973	115000	1			115000		other	0
sub-13_2	3	Pulse	255	907067	119094	0
sub-13_2	3	Nothing	suomi	907973	120000	1			120000		other	0
sub-13_2	3	Nothing	suomi	912973	125000	1			125000		other	0
sub-13_2	3	Nothing	suomi	917973	130000	1			130000		other	0
sub-13_2	3	Nothing	suomi	922973	135000	1			135000		other	0
sub-13_2	3	Pulse	255	927066	139093	0
sub-13_2	3	Nothing	suomi	927973	140000	1			140000		other	0
sub-13_2	3	Pulse	255	947067	159094	0
sub-13_2	4	Pulse	255	967068	8538	0
sub-13_2	4	Pulse	255	987067	28537	0
sub-13_2	4	Sound	start_sound	988530	30000	2			30000		other	0
sub-13_2	4	Nothing	yawny	1003530	45000	1			45000		other	0
sub-13_2	4	Pulse	255	1007067	48536	0
sub-13_2	4	Nothing	yawny	1008530	50000	1			50000		other	0
sub-13_2	4	Nothing	yawny	1013530	55000	1			55000		other	0
sub-13_2	4	Nothing	yawny	1018530	60000	1			60000		other	0
sub-13_2	4	Nothing	yawny	1023530	65000	1			65000		other	0
sub-13_2	4	Pulse	255	1027067	68537	0
sub-13_2	4	Nothing	yawny	1028530	70000	1			70000		other	0
sub-13_2	4	Nothing	yawny	1033530	75000	1			75000		other	0
sub-13_2	4	Nothing	yawny	1038530	80000	1			80000		other	0
sub-13_2	4	Nothing	yawny	1043530	85000	1			85000		other	0
sub-13_2	4	Pulse	255	1047067	88537	0
sub-13_2	4	Nothing	yawny	1048530	90000	1			90000		other	0
sub-13_2	4	Nothing	yawny	1053530	95000	1			95000		other	0
sub-13_2	4	Nothing	yawny	1058530	100000	1			100000		other	0
sub-13_2	4	Nothing	yawny	1063530	105000	1			105000		other	0
sub-13_2	4	Pulse	255	1067067	108536	0
sub-13_2	4	Nothing	yawny	1068530	110000	1			110000		other	0
sub-13_2	4	Nothing	yawny	1073530	115000	1			115000		other	0
sub-13_2	4	Nothing	yawny	1078530	120000	1			120000		other	0
sub-13_2	4	Nothing	yawny	1083530	125000	1			125000		other	0
sub-13_2	4	Pulse	255	1087067	128537	0
sub-13_2	4	Nothing	yawny	1088530	130000	1			130000		other	0
sub-13_2	4	Nothing	yawny	1093530	135000	1			135000		other	0
sub-13_2	4	Nothing	yawny	1098530	140000	1			140000		other	0
sub-13_2	4	Pulse	255	1107067	148537	0
sub-13_2	4	Pulse	255	1127067	168537	0
sub-13_2	5	Pulse	255	1147067	17980	0
sub-13_2	5	Sound	start_sound	1159087	30000	2			30000		other	0
sub-13_2	5	Pulse	255	1167067	37981	0
sub-13_2	5	Nothing	human	1174087	45000	1			45000		other	0
sub-13_2	5	Nothing	human	1179087	50000	1			50000		other	0
sub-13_2	5	Nothing	human	1184087	55000	1			55000		other	0
sub-13_2	5	Pulse	255	1187067	57981	0
sub-13_2	5	Nothing	human	1189087	60000	1			60000		other	0
sub-13_2	5	Nothing	human	1194087	65000	1			65000		other	0
sub-13_2	5	Nothing	human	1199087	70000	1			70000		other	0
sub-13_2	5	Nothing	human	1204087	75000	1			75000		other	0
sub-13_2	5	Pulse	255	1207067	77981	0
sub-13_2	5	Nothing	human	1209087	80000	1			80000		other	0
sub-13_2	5	Nothing	human	1214087	85000	1			85000		other	0
sub-13_2	5	Nothing	human	1219087	90000	1			90000		other	0
sub-13_2	5	Nothing	human	1224087	95000	1			95000		other	0
sub-13_2	5	Pulse	255	1227068	97981	0
sub-13_2	5	Nothing	human	1229087	100000	1			100000		other	0
sub-13_2	5	Nothing	human	1234087	105000	1			105000		other	0
sub-13_2	5	Nothing	human	1239087	110000	1			110000		other	0
sub-13_2	5	Nothing	human	1244087	115000	1			115000		other	0
sub-13_2	5	Pulse	255	1247068	117981	0
sub-13_2	5	Nothing	human	1249087	120000	1			120000		other	0
sub-13_2	5	Nothing	human	1254087	125000	1			125000		other	0
sub-13_2	5	Nothing	human	1259087	130000	1			130000		other	0
sub-13_2	5	Nothing	human	1264087	135000	1			135000		other	0
sub-13_2	5	Pulse	255	1267067	137981	0
sub-13_2	5	Nothing	human	1269087	140000	1			140000		other	0
sub-13_2	5	Pulse	255	1287068	157981	0
sub-13_2	6	Pulse	255	1307068	7425	0
sub-13_2	6	Pulse	255	1327068	27425	0
sub-13_2	6	Sound	start_sound	1329642	30000	1			30000		other	0
sub-13_2	6	Nothing	silen	1344642	45000	1			45000		other	0
sub-13_2	6	Pulse	255	1347068	47426	0
sub-13_2	6	Nothing	silen	1349642	50000	1			50000		other	0
sub-13_2	6	Nothing	silen	1354642	55000	1			55000		other	0
sub-13_2	6	Nothing	silen	1359642	60000	1			60000		other	0
sub-13_2	6	Nothing	silen	1364642	65000	1			65000		other	0
sub-13_2	6	Pulse	255	1367068	67426	0
sub-13_2	6	Nothing	silen	1369642	70000	1			70000		other	0
sub-13_2	6	Nothing	silen	1374642	75000	1			75000		other	0
sub-13_2	6	Nothing	silen	1379642	80000	1			80000		other	0
sub-13_2	6	Nothing	silen	1384642	85000	1			85000		other	0
sub-13_2	6	Pulse	255	1387068	87426	0
sub-13_2	6	Nothing	silen	1389642	90000	1			90000		other	0
sub-13_2	6	Nothing	silen	1394642	95000	1			95000		other	0
sub-13_2	6	Nothing	silen	1399642	100000	1			100000		other	0
sub-13_2	6	Nothing	silen	1404642	105000	1			105000		other	0
sub-13_2	6	Pulse	255	1407068	107426	0
sub-13_2	6	Nothing	silen	1409642	110000	1			110000		other	0
sub-13_2	6	Nothing	silen	1414642	115000	1			115000		other	0
sub-13_2	6	Nothing	silen	1419642	120000	1			120000		other	0
sub-13_2	6	Nothing	silen	1424642	125000	1			125000		other	0
sub-13_2	6	Pulse	255	1427068	127426	0
sub-13_2	6	Nothing	silen	1429642	130000	1			130000		other	0
sub-13_2	6	Nothing	silen	1434642	135000	1			135000		other	0
sub-13_2	6	Nothing	silen	1439642	140000	1			140000		other	0
sub-13_2	6	Pulse	255	1447068	147426	0
sub-13_2	6	Pulse	255	1467057	167415	0
sub-13_2	7	Pulse	255	1487058	16858	0
sub-13_2	7	Sound	start_sound	1500200	30000	2			30000		other	0
sub-13_2	7	Pulse	255	1507058	36858	0
sub-13_2	7	Nothing	music	1515200	45000	1			45000		other	0
sub-13_2	7	Nothing	music	1520200	50000	1			50000		other	0
sub-13_2	7	Nothing	music	1525200	55000	1			55000		other	0
sub-13_2	7	Pulse	255	1527058	56858	0
sub-13_2	7	Nothing	music	1530200	60000	1			60000		other	0
sub-13_2	7	Nothing	music	1535200	65000	1			65000		other	0
sub-13_2	7	Nothing	music	1540200	70000	1			70000		other	0
sub-13_2	7	Nothing	music	1545200	75000	1			75000		other	0
sub-13_2	7	Pulse	255	1547058	76858	0
sub-13_2	7	Nothing	music	1550200	80000	1			80000		other	0
sub-13_2	7	Nothing	music	1555200	85000	1			85000		other	0
sub-13_2	7	Nothing	music	1560200	90000	1			90000		other	0
sub-13_2	7	Nothing	music	1565200	95000	1			95000		other	0
sub-13_2	7	Pulse	255	1567057	96858	0
sub-13_2	7	Nothing	music	1570200	100000	1			100000		other	0
sub-13_2	7	Nothing	music	1575200	105000	1			105000		other	0
sub-13_2	7	Nothing	music	1580200	110000	1			110000		other	0
sub-13_2	7	Nothing	music	1585200	115000	1			115000		other	0
sub-13_2	7	Pulse	255	1587058	116858	0
sub-13_2	7	Nothing	music	1590200	120000	1			120000		other	0
sub-13_2	7	Nothing	music	1595200	125000	1			125000		other	0
sub-13_2	7	Nothing	music	1600200	130000	1			130000		other	0
sub-13_2	7	Nothing	music	1605200	135000	1			135000		other	0
sub-13_2	7	Pulse	255	1607058	136858	0
sub-13_2	7	Nothing	music	1610200	140000	1			140000		other	0
sub-13_2	7	Pulse	255	1627058	156858	0
sub-13_2	8	Pulse	255	1647058	6302	0
sub-13_2	8	Pulse	255	1667059	26302	0
sub-13_2	8	Sound	start_sound	1670756	30000	2			30000		other	0
sub-13_2	8	Nothing	rever	1685756	45000	1			45000		other	0
sub-13_2	8	Pulse	255	1687058	46302	0
sub-13_2	8	Nothing	rever	1690756	50000	1			50000		other	0
sub-13_2	8	Nothing	rever	1695756	55000	1			55000		other	0
sub-13_2	8	Nothing	rever	1700756	60000	1			60000		other	0
sub-13_2	8	Nothing	rever	1705756	65000	1			65000		other	0
sub-13_2	8	Pulse	255	1707059	66303	0
sub-13_2	8	Nothing	rever	1710756	70000	1			70000		other	0
sub-13_2	8	Nothing	rever	1715756	75000	1			75000		other	0
sub-13_2	8	Nothing	rever	1720756	80000	1			80000		other	0
sub-13_2	8	Nothing	rever	1725756	85000	1			85000		other	0
sub-13_2	8	Pulse	255	1727059	86303	0
sub-13_2	8	Nothing	rever	1730756	90000	1			90000		other	0
sub-13_2	8	Nothing	rever	1735756	95000	1			95000		other	0
sub-13_2	8	Nothing	rever	1740756	100000	1			100000		other	0
sub-13_2	8	Nothing	rever	1745756	105000	1			105000		other	0
sub-13_2	8	Pulse	255	1747058	106302	0
sub-13_2	8	Nothing	rever	1750756	110000	1			110000		other	0
sub-13_2	8	Nothing	rever	1755756	115000	1			115000		other	0
sub-13_2	8	Nothing	rever	1760756	120000	1			120000		other	0
sub-13_2	8	Nothing	rever	1765756	125000	1			125000		other	0
sub-13_2	8	Pulse	255	1767058	126302	0
sub-13_2	8	Nothing	rever	1770756	130000	1			130000		other	0
sub-13_2	8	Nothing	rever	1775756	135000	1			135000		other	0
sub-13_2	8	Nothing	rever	1780756	140000	1			140000		other	0
sub-13_2	8	Pulse	255	1787059	146303	0
sub-13_2	8	Pulse	255	1807058	166302	0
sub-13_2	9	Pulse	255	1827058	15747	0
sub-13_2	9	Sound	start_sound	1841312	30000	2			30000		other	0
sub-13_2	9	Pulse	255	1847058	35747	0
sub-13_2	9	Nothing	parol	1851312	40000	1			40000		other	0
sub-13_2	9	Nothing	parol	1856312	45000	1			45000		other	0
sub-13_2	9	Nothing	parol	1861312	50000	1			50000		other	0
sub-13_2	9	Nothing	parol	1866312	55000	1			55000		other	0
sub-13_2	9	Pulse	255	1867059	55747	0
sub-13_2	9	Nothing	parol	1871312	60000	1			60000		other	0
sub-13_2	9	Nothing	parol	1876312	65000	1			65000		other	0
sub-13_2	9	Nothing	parol	1881312	70000	1			70000		other	0
sub-13_2	9	Nothing	parol	1886312	75000	1			75000		other	0
sub-13_2	9	Pulse	255	1887059	75747	0
sub-13_2	9	Nothing	parol	1891312	80000	1			80000		other	0
sub-13_2	9	Nothing	parol	1896312	85000	1			85000		other	0
sub-13_2	9	Nothing	parol	1901312	90000	1			90000		other	0
sub-13_2	9	Nothing	parol	1906312	95000	1			95000		other	0
sub-13_2	9	Pulse	255	1907058	95747	0
sub-13_2	9	Nothing	parol	1911312	100000	1			100000		other	0
sub-13_2	9	Nothing	parol	1916312	105000	1			105000		other	0
sub-13_2	9	Nothing	parol	1921312	110000	1			110000		other	0
sub-13_2	9	Nothing	parol	1926312	115000	1			115000		other	0
sub-13_2	9	Pulse	255	1927059	115747	0
sub-13_2	9	Nothing	parol	1931312	120000	1			120000		other	0
sub-13_2	9	Nothing	parol	1936312	125000	1			125000		other	0
sub-13_2	9	Nothing	parol	1941312	130000	1			130000		other	0
sub-13_2	9	Nothing	parol	1946312	135000	1			135000		other	0
sub-13_2	9	Pulse	255	1947058	135747	0
sub-13_2	9	Pulse	255	1967059	155747	0
sub-13_2	10	Pulse	255	1987059	10192	0
sub-13_2	10	Sound	start_sound	2006867	30000	2			30000		other	0
sub-13_2	10	Pulse	255	2007059	30192	0
sub-13_2	10	Nothing	alpha	2021867	45000	1			45000		other	0
sub-13_2	10	Nothing	alpha	2026867	50000	1			50000		other	0
sub-13_2	10	Pulse	255	2027059	50191	0
sub-13_2	10	Nothing	alpha	2031867	55000	1			55000		other	0
sub-13_2	10	Nothing	alpha	2036867	60000	1			60000		other	0
sub-13_2	10	Nothing	alpha	2041867	65000	1			65000		other	0
sub-13_2	10	Nothing	alpha	2046867	70000	1			70000		other	0
sub-13_2	10	Pulse	255	2047059	70191	0
sub-13_2	10	Nothing	alpha	2051867	75000	1			75000		other	0
sub-13_2	10	Nothing	alpha	2056867	80000	1			80000		other	0
sub-13_2	10	Nothing	alpha	2061867	85000	1			85000		other	0
sub-13_2	10	Nothing	alpha	2066867	90000	1			90000		other	0
sub-13_2	10	Pulse	255	2067059	90192	0
sub-13_2	10	Nothing	alpha	2071867	95000	1			95000		other	0
sub-13_2	10	Nothing	alpha	2076867	100000	1			100000		other	0
sub-13_2	10	Nothing	alpha	2081867	105000	1			105000		other	0
sub-13_2	10	Nothing	alpha	2086867	110000	1			110000		other	0
sub-13_2	10	Pulse	255	2087059	110192	0
sub-13_2	10	Nothing	alpha	2091867	115000	1			115000		other	0
sub-13_2	10	Nothing	alpha	2096867	120000	1			120000		other	0
sub-13_2	10	Nothing	alpha	2101867	125000	1			125000		other	0
sub-13_2	10	Nothing	alpha	2106867	130000	1			130000		other	0
sub-13_2	10	Pulse	255	2107059	130192	0
sub-13_2	10	Nothing	alpha	2111867	135000	1			135000		other	0
sub-13_2	10	Nothing	alpha	2116867	140000	1			140000		other	0
sub-13_2	10	Pulse	255	2127059	150192	0
sub-13_2	10	Pulse	255	2147059	170192	0
sub-13_2	11	Pulse	255	2167059	19634	0
sub-13_2	11	Sound	start_sound	2177425	30000	2			30000		other	0
sub-13_2	11	Pulse	255	2187059	39634	0
sub-13_2	11	Nothing	human	2192425	45000	1			45000		other	0
sub-13_2	11	Nothing	human	2197425	50000	1			50000		other	0
sub-13_2	11	Nothing	human	2202425	55000	1			55000		other	0
sub-13_2	11	Pulse	255	2207059	59634	0
sub-13_2	11	Nothing	human	2207425	60000	1			60000		other	0
sub-13_2	11	Nothing	human	2212425	65000	1			65000		other	0
sub-13_2	11	Nothing	human	2217425	70000	1			70000		other	0
sub-13_2	11	Nothing	human	2222425	75000	1			75000		other	0
sub-13_2	11	Pulse	255	2227059	79634	0
sub-13_2	11	Nothing	human	2227425	80000	1			80000		other	0
sub-13_2	11	Nothing	human	2232425	85000	1			85000		other	0
sub-13_2	11	Nothing	human	2237425	90000	1			90000		other	0
sub-13_2	11	Nothing	human	2242425	95000	1			95000		other	0
sub-13_2	11	Pulse	255	2247060	99634	0
sub-13_2	11	Nothing	human	2247425	100000	1			100000		other	0
sub-13_2	11	Nothing	human	2252425	105000	1			105000		other	0
sub-13_2	11	Nothing	human	2257425	110000	1			110000		other	0
sub-13_2	11	Nothing	human	2262425	115000	1			115000		other	0
sub-13_2	11	Pulse	255	2267060	119634	0
sub-13_2	11	Nothing	human	2267425	120000	1			120000		other	0
sub-13_2	11	Nothing	human	2272425	125000	1			125000		other	0
sub-13_2	11	Nothing	human	2277425	130000	1			130000		other	0
sub-13_2	11	Nothing	human	2282425	135000	1			135000		other	0
sub-13_2	11	Pulse	255	2287060	139634	0
sub-13_2	11	Nothing	human	2287425	140000	1			140000		other	0
sub-13_2	11	Pulse	255	2307059	159634	0
sub-13_2	12	Picture	Bfix	2318045	0	1	60327	1	0	60000	other	0
sub-13_2	12	Pulse	255	2327059	9014	0
sub-13_2	12	Pulse	255	2347059	29014	0
sub-13_2	12	Pulse	255	2367060	49015	0
sub-13_2	13	Pulse	255	2387060	8914	0
sub-13_2	13	Pulse	255	2407060	28914	0
sub-13_2	13	Sound	start_sound	2408146	30000	2			30000		other	0
sub-13_2	13	Nothing	pleur	2423146	45000	1			45000		other	0
sub-13_2	13	Pulse	255	2427060	48914	0
sub-13_2	13	Nothing	pleur	2428146	50000	1			50000		other	0
sub-13_2	13	Nothing	pleur	2433146	55000	1			55000		other	0
sub-13_2	13	Nothing	pleur	2438146	60000	1			60000		other	0
sub-13_2	13	Nothing	pleur	2443146	65000	1			65000		other	0
sub-13_2	13	Pulse	255	2447060	68914	0
sub-13_2	13	Nothing	pleur	2448146	70000	1			70000		other	0
sub-13_2	13	Nothing	pleur	2453146	75000	1			75000		other	0
sub-13_2	13	Nothing	pleur	2458146	80000	1			80000		other	0
sub-13_2	13	Nothing	pleur	2463146	85000	1			85000		other	0
sub-13_2	13	Pulse	255	2467060	88914	0
sub-13_2	13	Nothing	pleur	2468146	90000	1			90000		other	0
sub-13_2	13	Nothing	pleur	2473146	95000	1			95000		other	0
sub-13_2	13	Nothing	pleur	2478146	100000	1			100000		other	0
sub-13_2	13	Nothing	pleur	2483146	105000	1			105000		other	0
sub-13_2	13	Pulse	255	2487060	108914	0
sub-13_2	13	Nothing	pleur	2488146	110000	1			110000		other	0
sub-13_2	13	Nothing	pleur	2493146	115000	1			115000		other	0
sub-13_2	13	Nothing	pleur	2498146	120000	1			120000		other	0
sub-13_2	13	Nothing	pleur	2503146	125000	1			125000		other	0
sub-13_2	13	Pulse	255	2507060	128914	0
sub-13_2	13	Nothing	pleur	2508146	130000	1			130000		other	0
sub-13_2	13	Nothing	pleur	2513146	135000	1			135000		other	0
sub-13_2	13	Nothing	pleur	2518146	140000	1			140000		other	0
sub-13_2	13	Pulse	255	2527060	148914	0
sub-13_2	13	Pulse	255	2547060	168914	0
sub-13_2	14	Pulse	255	2567059	18358	0
sub-13_2	14	Sound	start_sound	2578702	30000	2			30000		other	0
sub-13_2	14	Pulse	255	2587060	38358	0
sub-13_2	14	Nothing	cough	2593702	45000	1			45000		other	0
sub-13_2	14	Nothing	cough	2598702	50000	1			50000		other	0
sub-13_2	14	Nothing	cough	2603702	55000	1			55000		other	0
sub-13_2	14	Pulse	255	2607060	58358	0
sub-13_2	14	Nothing	cough	2608702	60000	1			60000		other	0
sub-13_2	14	Nothing	cough	2613702	65000	1			65000		other	0
sub-13_2	14	Nothing	cough	2618702	70000	1			70000		other	0
sub-13_2	14	Nothing	cough	2623702	75000	1			75000		other	0
sub-13_2	14	Pulse	255	2627060	78358	0
sub-13_2	14	Nothing	cough	2628702	80000	1			80000		other	0
sub-13_2	14	Nothing	cough	2633702	85000	1			85000		other	0
sub-13_2	14	Nothing	cough	2638702	90000	1			90000		other	0
sub-13_2	14	Nothing	cough	2643702	95000	1			95000		other	0
sub-13_2	14	Pulse	255	2647060	98358	0
sub-13_2	14	Nothing	cough	2648702	100000	1			100000		other	0
sub-13_2	14	Nothing	cough	2653702	105000	1			105000		other	0
sub-13_2	14	Nothing	cough	2658702	110000	1			110000		other	0
sub-13_2	14	Nothing	cough	2663702	115000	1			115000		other	0
sub-13_2	14	Pulse	255	2667060	118358	0
sub-13_2	14	Nothing	cough	2668702	120000	1			120000		other	0
sub-13_2	14	Nothing	cough	2673702	125000	1			125000		other	0
sub-13_2	14	Nothing	cough	2678702	130000	1			130000		other	0
sub-13_2	14	Nothing	cough	2683702	135000	1			135000		other	0
sub-13_2	14	Pulse	255	2687060	138358	0
sub-13_2	14	Nothing	cough	2688702	140000	1			140000		other	0
sub-13_2	14	Pulse	255	2707060	158359	0
sub-13_2	15	Pulse	255	2727061	7804	0
sub-13_2	15	Pulse	255	2747060	27803	0
sub-13_2	15	Sound	start_sound	2749257	30000	2			30000		other	0
sub-13_2	15	Nothing	suomi	2764257	45000	1			45000		other	0
sub-13_2	15	Pulse	255	2767060	47803	0
sub-13_2	15	Nothing	suomi	2769257	50000	1			50000		other	0
sub-13_2	15	Nothing	suomi	2774257	55000	1			55000		other	0
sub-13_2	15	Nothing	suomi	2779257	60000	1			60000		other	0
sub-13_2	15	Nothing	suomi	2784257	65000	1			65000		other	0
sub-13_2	15	Pulse	255	2787061	67804	0
sub-13_2	15	Nothing	suomi	2789257	70000	1			70000		other	0
sub-13_2	15	Nothing	suomi	2794257	75000	1			75000		other	0
sub-13_2	15	Nothing	suomi	2799257	80000	1			80000		other	0
sub-13_2	15	Nothing	suomi	2804257	85000	1			85000		other	0
sub-13_2	15	Pulse	255	2807060	87803	0
sub-13_2	15	Nothing	suomi	2809257	90000	1			90000		other	0
sub-13_2	15	Nothing	suomi	2814257	95000	1			95000		other	0
sub-13_2	15	Nothing	suomi	2819257	100000	1			100000		other	0
sub-13_2	15	Nothing	suomi	2824257	105000	1			105000		other	0
sub-13_2	15	Pulse	255	2827060	107803	0
sub-13_2	15	Nothing	suomi	2829257	110000	1			110000		other	0
sub-13_2	15	Nothing	suomi	2834257	115000	1			115000		other	0
sub-13_2	15	Nothing	suomi	2839257	120000	1			120000		other	0
sub-13_2	15	Nothing	suomi	2844257	125000	1			125000		other	0
sub-13_2	15	Pulse	255	2847061	127804	0
sub-13_2	15	Nothing	suomi	2849257	130000	1			130000		other	0
sub-13_2	15	Nothing	suomi	2854257	135000	1			135000		other	0
sub-13_2	15	Nothing	suomi	2859257	140000	1			140000		other	0
sub-13_2	15	Pulse	255	2867061	147804	0
sub-13_2	15	Pulse	255	2887061	167804	0
sub-13_2	16	Pulse	255	2907060	17239	0
sub-13_2	16	Sound	start_sound	2919821	30000	1			30000		other	0
sub-13_2	16	Pulse	255	2927060	37240	0
sub-13_2	16	Nothing	silen	2934821	45000	1			45000		other	0
sub-13_2	16	Nothing	silen	2939821	50000	1			50000		other	0
sub-13_2	16	Nothing	silen	2944821	55000	1			55000		other	0
sub-13_2	16	Pulse	255	2947060	57240	0
sub-13_2	16	Nothing	silen	2949821	60000	1			60000		other	0
sub-13_2	16	Nothing	silen	2954821	65000	1			65000		other	0
sub-13_2	16	Nothing	silen	2959821	70000	1			70000		other	0
sub-13_2	16	Nothing	silen	2964821	75000	1			75000		other	0
sub-13_2	16	Pulse	255	2967061	77240	0
sub-13_2	16	Nothing	silen	2969821	80000	1			80000		other	0
sub-13_2	16	Nothing	silen	2974821	85000	1			85000		other	0
sub-13_2	16	Nothing	silen	2979821	90000	1			90000		other	0
sub-13_2	16	Nothing	silen	2984821	95000	1			95000		other	0
sub-13_2	16	Pulse	255	2987061	97240	0
sub-13_2	16	Nothing	silen	2989821	100000	1			100000		other	0
sub-13_2	16	Nothing	silen	2994821	105000	1			105000		other	0
sub-13_2	16	Nothing	silen	2999821	110000	1			110000		other	0
sub-13_2	16	Nothing	silen	3004821	115000	1			115000		other	0
sub-13_2	16	Pulse	255	3007060	117240	0
sub-13_2	16	Nothing	silen	3009821	120000	1			120000		other	0
sub-13_2	16	Nothing	silen	3014821	125000	1			125000		other	0
sub-13_2	16	Nothing	silen	3019821	130000	1			130000		other	0
sub-13_2	16	Nothing	silen	3024821	135000	1			135000		other	0
sub-13_2	16	Pulse	255	3027061	137240	0
sub-13_2	16	Nothing	silen	3029821	140000	1			140000		other	0
sub-13_2	16	Pulse	255	3047061	157241	0
sub-13_2	17	Pulse	255	3067061	6685	0
sub-13_2	17	Pulse	255	3087061	26685	0
sub-13_2	17	Sound	start_sound	3090377	30000	2			30000		other	0
sub-13_2	17	Nothing	human	3105377	45000	1			45000		other	0
sub-13_2	17	Pulse	255	3107061	46684	0
sub-13_2	17	Nothing	human	3110377	50000	1			50000		other	0
sub-13_2	17	Nothing	human	3115377	55000	1			55000		other	0
sub-13_2	17	Nothing	human	3120377	60000	1			60000		other	0
sub-13_2	17	Nothing	human	3125377	65000	1			65000		other	0
sub-13_2	17	Pulse	255	3127061	66685	0
sub-13_2	17	Nothing	human	3130377	70000	1			70000		other	0
sub-13_2	17	Nothing	human	3135377	75000	1			75000		other	0
sub-13_2	17	Nothing	human	3140377	80000	1			80000		other	0
sub-13_2	17	Nothing	human	3145377	85000	1			85000		other	0
sub-13_2	17	Pulse	255	3147051	86675	0
sub-13_2	17	Nothing	human	3150377	90000	1			90000		other	0
sub-13_2	17	Nothing	human	3155377	95000	1			95000		other	0
sub-13_2	17	Nothing	human	3160377	100000	1			100000		other	0
sub-13_2	17	Nothing	human	3165377	105000	1			105000		other	0
sub-13_2	17	Pulse	255	3167051	106675	0
sub-13_2	17	Nothing	human	3170377	110000	1			110000		other	0
sub-13_2	17	Nothing	human	3175377	115000	1			115000		other	0
sub-13_2	17	Nothing	human	3180377	120000	1			120000		other	0
sub-13_2	17	Nothing	human	3185377	125000	1			125000		other	0
sub-13_2	17	Pulse	255	3187051	126675	0
sub-13_2	17	Nothing	human	3190377	130000	1			130000		other	0
sub-13_2	17	Nothing	human	3195377	135000	1			135000		other	0
sub-13_2	17	Nothing	human	3200377	140000	1			140000		other	0
sub-13_2	17	Pulse	255	3207051	146675	0
sub-13_2	17	Pulse	255	3227051	166675	0
sub-13_2	18	Pulse	255	3247052	16118	0
sub-13_2	18	Sound	start_sound	3260934	30000	2			30000		other	0
sub-13_2	18	Pulse	255	3267051	36117	0
sub-13_2	18	Nothing	music	3275934	45000	1			45000		other	0
sub-13_2	18	Nothing	music	3280934	50000	1			50000		other	0
sub-13_2	18	Nothing	music	3285934	55000	1			55000		other	0
sub-13_2	18	Pulse	255	3287052	56118	0
sub-13_2	18	Nothing	music	3290934	60000	1			60000		other	0
sub-13_2	18	Nothing	music	3295934	65000	1			65000		other	0
sub-13_2	18	Nothing	music	3300934	70000	1			70000		other	0
sub-13_2	18	Nothing	music	3305934	75000	1			75000		other	0
sub-13_2	18	Pulse	255	3307052	76118	0
sub-13_2	18	Nothing	music	3310934	80000	1			80000		other	0
sub-13_2	18	Nothing	music	3315934	85000	1			85000		other	0
sub-13_2	18	Nothing	music	3320934	90000	1			90000		other	0
sub-13_2	18	Nothing	music	3325934	95000	1			95000		other	0
sub-13_2	18	Pulse	255	3327052	96118	0
sub-13_2	18	Nothing	music	3330934	100000	1			100000		other	0
sub-13_2	18	Nothing	music	3335934	105000	1			105000		other	0
sub-13_2	18	Nothing	music	3340934	110000	1			110000		other	0
sub-13_2	18	Nothing	music	3345934	115000	1			115000		other	0
sub-13_2	18	Pulse	255	3347052	116118	0
sub-13_2	18	Nothing	music	3350934	120000	1			120000		other	0
sub-13_2	18	Nothing	music	3355934	125000	1			125000		other	0
sub-13_2	18	Nothing	music	3360934	130000	1			130000		other	0
sub-13_2	18	Nothing	music	3365934	135000	1			135000		other	0
sub-13_2	18	Pulse	255	3367052	136118	0
sub-13_2	18	Nothing	music	3370934	140000	1			140000		other	0
sub-13_2	18	Pulse	255	3387052	156118	0
sub-13_2	19	Pulse	255	3407051	5561	0
sub-13_2	19	Pulse	255	3427052	25561	0
sub-13_2	19	Sound	start_sound	3431490	30000	2			30000		other	0
sub-13_2	19	Nothing	animo	3446490	45000	1			45000		other	0
sub-13_2	19	Pulse	255	3447051	45561	0
sub-13_2	19	Nothing	animo	3451490	50000	1			50000		other	0
sub-13_2	19	Nothing	animo	3456490	55000	1			55000		other	0
sub-13_2	19	Nothing	animo	3461490	60000	1			60000		other	0
sub-13_2	19	Nothing	animo	3466490	65000	1			65000		other	0
sub-13_2	19	Pulse	255	3467052	65562	0
sub-13_2	19	Nothing	animo	3471490	70000	1			70000		other	0
sub-13_2	19	Nothing	animo	3476490	75000	1			75000		other	0
sub-13_2	19	Nothing	animo	3481490	80000	1			80000		other	0
sub-13_2	19	Nothing	animo	3486490	85000	1			85000		other	0
sub-13_2	19	Pulse	255	3487052	85561	0
sub-13_2	19	Nothing	animo	3491490	90000	1			90000		other	0
sub-13_2	19	Nothing	animo	3496490	95000	1			95000		other	0
sub-13_2	19	Nothing	animo	3501490	100000	1			100000		other	0
sub-13_2	19	Nothing	animo	3506490	105000	1			105000		other	0
sub-13_2	19	Pulse	255	3507051	105561	0
sub-13_2	19	Nothing	animo	3511490	110000	1			110000		other	0
sub-13_2	19	Nothing	animo	3516490	115000	1			115000		other	0
sub-13_2	19	Nothing	animo	3521490	120000	1			120000		other	0
sub-13_2	19	Nothing	animo	3526490	125000	1			125000		other	0
sub-13_2	19	Pulse	255	3527052	125562	0
sub-13_2	19	Nothing	animo	3531490	130000	1			130000		other	0
sub-13_2	19	Nothing	animo	3536490	135000	1			135000		other	0
sub-13_2	19	Nothing	animo	3541490	140000	1			140000		other	0
sub-13_2	19	Pulse	255	3547052	145562	0
sub-13_2	19	Pulse	255	3567052	165561	0
sub-13_2	20	Pulse	255	3587052	15006	0
sub-13_2	20	Sound	start_sound	3602046	30000	2			30000		other	0
sub-13_2	20	Pulse	255	3607052	35006	0
sub-13_2	20	Nothing	rires	3617046	45000	1			45000		other	0
sub-13_2	20	Nothing	rires	3622046	50000	1			50000		other	0
sub-13_2	20	Nothing	rires	3627046	55000	1			55000		other	0
sub-13_2	20	Pulse	255	3627052	55006	0
sub-13_2	20	Nothing	rires	3632046	60000	1			60000		other	0
sub-13_2	20	Nothing	rires	3637046	65000	1			65000		other	0
sub-13_2	20	Nothing	rires	3642046	70000	1			70000		other	0
sub-13_2	20	Nothing	rires	3647046	75000	1			75000		other	0
sub-13_2	20	Pulse	255	3647052	75006	0
sub-13_2	20	Nothing	rires	3652046	80000	1			80000		other	0
sub-13_2	20	Nothing	rires	3657046	85000	1			85000		other	0
sub-13_2	20	Nothing	rires	3662046	90000	1			90000		other	0
sub-13_2	20	Nothing	rires	3667046	95000	1			95000		other	0
sub-13_2	20	Pulse	255	3667052	95006	0
sub-13_2	20	Nothing	rires	3672046	100000	1			100000		other	0
sub-13_2	20	Nothing	rires	3677046	105000	1			105000		other	0
sub-13_2	20	Nothing	rires	3682046	110000	1			110000		other	0
sub-13_2	20	Nothing	rires	3687046	115000	1			115000		other	0
sub-13_2	20	Pulse	255	3687052	115006	0
sub-13_2	20	Nothing	rires	3692046	120000	1			120000		other	0
sub-13_2	20	Nothing	rires	3697046	125000	1			125000		other	0
sub-13_2	20	Nothing	rires	3702046	130000	1			130000		other	0
sub-13_2	20	Nothing	rires	3707046	135000	1			135000		other	0
sub-13_2	20	Pulse	255	3707053	135006	0
sub-13_2	20	Nothing	rires	3712046	140000	1			140000		other	0
sub-13_2	20	Pulse	255	3727053	155006	0
sub-13_2	21	Pulse	255	3747052	4453	0
sub-13_2	21	Pulse	255	3767053	24454	0
sub-13_2	21	Sound	start_sound	3772599	30000	2			30000		other	0
sub-13_2	21	Pulse	255	3787053	44454	0
sub-13_2	21	Nothing	envir	3787599	45000	1			45000		other	0
sub-13_2	21	Nothing	envir	3792599	50000	1			50000		other	0
sub-13_2	21	Nothing	envir	3797599	55000	1			55000		other	0
sub-13_2	21	Nothing	envir	3802599	60000	1			60000		other	0
sub-13_2	21	Pulse	255	3807053	64454	0
sub-13_2	21	Nothing	envir	3807599	65000	1			65000		other	0
sub-13_2	21	Nothing	envir	3812599	70000	1			70000		other	0
sub-13_2	21	Nothing	envir	3817599	75000	1			75000		other	0
sub-13_2	21	Nothing	envir	3822599	80000	1			80000		other	0
sub-13_2	21	Pulse	255	3827053	84454	0
sub-13_2	21	Nothing	envir	3827599	85000	1			85000		other	0
sub-13_2	21	Nothing	envir	3832599	90000	1			90000		other	0
sub-13_2	21	Nothing	envir	3837599	95000	1			95000		other	0
sub-13_2	21	Nothing	envir	3842599	100000	1			100000		other	0
sub-13_2	21	Pulse	255	3847053	104454	0
sub-13_2	21	Nothing	envir	3847599	105000	1			105000		other	0
sub-13_2	21	Nothing	envir	3852599	110000	1			110000		other	0
sub-13_2	21	Nothing	envir	3857599	115000	1			115000		other	0
sub-13_2	21	Nothing	envir	3862599	120000	1			120000		other	0
sub-13_2	21	Pulse	255	3867053	124454	0
sub-13_2	21	Nothing	envir	3867599	125000	1			125000		other	0
sub-13_2	21	Nothing	envir	3872599	130000	1			130000		other	0
sub-13_2	21	Nothing	envir	3877599	135000	1			135000		other	0
sub-13_2	21	Nothing	envir	3882599	140000	1			140000		other	0
sub-13_2	21	Pulse	255	3887052	144453	0
sub-13_2	21	Pulse	255	3907053	164454	0
sub-13_2	22	Pulse	255	3927052	13897	0
sub-13_2	22	Sound	start_sound	3943155	30000	2			30000		other	0
sub-13_2	22	Pulse	255	3947053	33898	0
sub-13_2	22	Nothing	cough	3958155	45000	1			45000		other	0
sub-13_2	22	Nothing	cough	3963155	50000	1			50000		other	0
sub-13_2	22	Pulse	255	3967052	53898	0
sub-13_2	22	Nothing	cough	3968155	55000	1			55000		other	0
sub-13_2	22	Nothing	cough	3973155	60000	1			60000		other	0
sub-13_2	22	Nothing	cough	3978155	65000	1			65000		other	0
sub-13_2	22	Nothing	cough	3983155	70000	1			70000		other	0
sub-13_2	22	Pulse	255	3987052	73898	0
sub-13_2	22	Nothing	cough	3988155	75000	1			75000		other	0
sub-13_2	22	Nothing	cough	3993155	80000	1			80000		other	0
sub-13_2	22	Nothing	cough	3998155	85000	1			85000		other	0
sub-13_2	22	Nothing	cough	4003155	90000	1			90000		other	0
sub-13_2	22	Pulse	255	4007053	93898	0
sub-13_2	22	Nothing	cough	4008155	95000	1			95000		other	0
sub-13_2	22	Nothing	cough	4013155	100000	1			100000		other	0
sub-13_2	22	Nothing	cough	4018155	105000	1			105000		other	0
sub-13_2	22	Nothing	cough	4023155	110000	1			110000		other	0
sub-13_2	22	Pulse	255	4027053	113898	0
sub-13_2	22	Nothing	cough	4028155	115000	1			115000		other	0
sub-13_2	22	Nothing	cough	4033155	120000	1			120000		other	0
sub-13_2	22	Nothing	cough	4038155	125000	1			125000		other	0
sub-13_2	22	Nothing	cough	4043155	130000	1			130000		other	0
sub-13_2	22	Pulse	255	4047053	133898	0
sub-13_2	22	Nothing	cough	4048155	135000	1			135000		other	0
sub-13_2	22	Nothing	cough	4053155	140000	1			140000		other	0
sub-13_2	22	Pulse	255	4067053	153898	0
sub-13_2	23	Picture	Bfix	4083775	0	1	60226	1	0	60000	other	0
sub-13_2	23	Pulse	255	4087053	3279	0
sub-13_2	23	Pulse	255	4107053	23279	0
sub-13_2	23	Pulse	255	4127053	43279	0
sub-13_2	24	Pulse	255	4147053	2953	0
sub-13_2	24	Pulse	255	4167053	22953	0
sub-13_2	24	Sound	start_sound	4174101	30000	2			30000		other	0
sub-13_2	24	Pulse	255	4187053	42953	0
sub-13_2	24	Nothing	rires	4189101	45000	1			45000		other	0
sub-13_2	24	Nothing	rires	4194101	50000	1			50000		other	0
sub-13_2	24	Nothing	rires	4199101	55000	1			55000		other	0
sub-13_2	24	Nothing	rires	4204101	60000	1			60000		other	0
sub-13_2	24	Pulse	255	4207053	62953	0
sub-13_2	24	Nothing	rires	4209101	65000	1			65000		other	0
sub-13_2	24	Nothing	rires	4214101	70000	1			70000		other	0
sub-13_2	24	Nothing	rires	4219101	75000	1			75000		other	0
sub-13_2	24	Nothing	rires	4224101	80000	1			80000		other	0
sub-13_2	24	Pulse	255	4227053	82953	0
sub-13_2	24	Nothing	rires	4229101	85000	1			85000		other	0
sub-13_2	24	Nothing	rires	4234101	90000	1			90000		other	0
sub-13_2	24	Nothing	rires	4239101	95000	1			95000		other	0
sub-13_2	24	Nothing	rires	4244101	100000	1			100000		other	0
sub-13_2	24	Pulse	255	4247053	102953	0
sub-13_2	24	Nothing	rires	4249101	105000	1			105000		other	0
sub-13_2	24	Nothing	rires	4254101	110000	1			110000		other	0
sub-13_2	24	Nothing	rires	4259101	115000	1			115000		other	0
sub-13_2	24	Nothing	rires	4264101	120000	1			120000		other	0
sub-13_2	24	Pulse	255	4267053	122952	0
sub-13_2	24	Nothing	rires	4269101	125000	1			125000		other	0
sub-13_2	24	Nothing	rires	4274101	130000	1			130000		other	0
sub-13_2	24	Nothing	rires	4279101	135000	1			135000		other	0
sub-13_2	24	Nothing	rires	4284101	140000	1			140000		other	0
sub-13_2	24	Pulse	255	4287054	142953	0
sub-13_2	24	Pulse	255	4307053	162952	0
sub-13_2	25	Pulse	255	4327053	12387	0
sub-13_2	25	Sound	start_sound	4344666	30000	2			30000		other	0
sub-13_2	25	Pulse	255	4347054	32388	0
sub-13_2	25	Nothing	cough	4359666	45000	1			45000		other	0
sub-13_2	25	Nothing	cough	4364666	50000	1			50000		other	0
sub-13_2	25	Pulse	255	4367054	52388	0
sub-13_2	25	Nothing	cough	4369666	55000	1			55000		other	0
sub-13_2	25	Nothing	cough	4374666	60000	1			60000		other	0
sub-13_2	25	Nothing	cough	4379666	65000	1			65000		other	0
sub-13_2	25	Nothing	cough	4384666	70000	1			70000		other	0
sub-13_2	25	Pulse	255	4387054	72388	0
sub-13_2	25	Nothing	cough	4389666	75000	1			75000		other	0
sub-13_2	25	Nothing	cough	4394666	80000	1			80000		other	0
sub-13_2	25	Nothing	cough	4399666	85000	1			85000		other	0
sub-13_2	25	Nothing	cough	4404666	90000	1			90000		other	0
sub-13_2	25	Pulse	255	4407054	92388	0
sub-13_2	25	Nothing	cough	4409666	95000	1			95000		other	0
sub-13_2	25	Nothing	cough	4414666	100000	1			100000		other	0
sub-13_2	25	Nothing	cough	4419666	105000	1			105000		other	0
sub-13_2	25	Nothing	cough	4424666	110000	1			110000		other	0
sub-13_2	25	Pulse	255	4427054	112388	0
sub-13_2	25	Nothing	cough	4429666	115000	1			115000		other	0
sub-13_2	25	Nothing	cough	4434666	120000	1			120000		other	0
sub-13_2	25	Nothing	cough	4439666	125000	1			125000		other	0
sub-13_2	25	Nothing	cough	4444666	130000	1			130000		other	0
sub-13_2	25	Pulse	255	4447054	132388	0
sub-13_2	25	Nothing	cough	4449666	135000	1			135000		other	0
sub-13_2	25	Nothing	cough	4454666	140000	1			140000		other	0
sub-13_2	25	Pulse	255	4467054	152388	0
sub-13_2	26	Pulse	255	4487054	1832	0
sub-13_2	26	Pulse	255	4507054	21832	0
sub-13_2	26	Sound	start_sound	4515222	30000	2			30000		other	0
sub-13_2	26	Pulse	255	4527054	41832	0
sub-13_2	26	Nothing	animo	4530222	45000	1			45000		other	0
sub-13_2	26	Nothing	animo	4535222	50000	1			50000		other	0
sub-13_2	26	Nothing	animo	4540222	55000	1			55000		other	0
sub-13_2	26	Nothing	animo	4545222	60000	1			60000		other	0
sub-13_2	26	Pulse	255	4547054	61832	0
sub-13_2	26	Nothing	animo	4550222	65000	1			65000		other	0
sub-13_2	26	Nothing	animo	4555222	70000	1			70000		other	0
sub-13_2	26	Nothing	animo	4560222	75000	1			75000		other	0
sub-13_2	26	Nothing	animo	4565222	80000	1			80000		other	0
sub-13_2	26	Pulse	255	4567054	81832	0
sub-13_2	26	Nothing	animo	4570222	85000	1			85000		other	0
sub-13_2	26	Nothing	animo	4575222	90000	1			90000		other	0
sub-13_2	26	Nothing	animo	4580222	95000	1			95000		other	0
sub-13_2	26	Nothing	animo	4585222	100000	1			100000		other	0
sub-13_2	26	Pulse	255	4587054	101832	0
sub-13_2	26	Nothing	animo	4590222	105000	1			105000		other	0
sub-13_2	26	Nothing	animo	4595222	110000	1			110000		other	0
sub-13_2	26	Nothing	animo	4600222	115000	1			115000		other	0
sub-13_2	26	Nothing	animo	4605222	120000	1			120000		other	0
sub-13_2	26	Pulse	255	4607054	121832	0
sub-13_2	26	Nothing	animo	4610222	125000	1			125000		other	0
sub-13_2	26	Nothing	animo	4615222	130000	1			130000		other	0
sub-13_2	26	Nothing	animo	4620222	135000	1			135000		other	0
sub-13_2	26	Nothing	animo	4625222	140000	1			140000		other	0
sub-13_2	26	Pulse	255	4627054	141832	0
sub-13_2	26	Pulse	255	4647054	161832	0
sub-13_2	27	Pulse	255	4667054	11276	0
sub-13_2	27	Sound	start_sound	4685778	30000	2			30000		other	0
sub-13_2	27	Pulse	255	4687054	31276	0
sub-13_2	27	Nothing	rever	4700778	45000	1			45000		other	0
sub-13_2	27	Nothing	rever	4705778	50000	1			50000		other	0
sub-13_2	27	Pulse	255	4707054	51276	0
sub-13_2	27	Nothing	rever	4710778	55000	1			55000		other	0
sub-13_2	27	Nothing	rever	4715778	60000	1			60000		other	0
sub-13_2	27	Nothing	rever	4720778	65000	1			65000		other	0
sub-13_2	27	Nothing	rever	4725778	70000	1			70000		other	0
sub-13_2	27	Pulse	255	4727054	71276	0
sub-13_2	27	Nothing	rever	4730778	75000	1			75000		other	0
sub-13_2	27	Nothing	rever	4735778	80000	1			80000		other	0
sub-13_2	27	Nothing	rever	4740778	85000	1			85000		other	0
sub-13_2	27	Nothing	rever	4745778	90000	1			90000		other	0
sub-13_2	27	Pulse	255	4747054	91276	0
sub-13_2	27	Nothing	rever	4750778	95000	1			95000		other	0
sub-13_2	27	Nothing	rever	4755778	100000	1			100000		other	0
sub-13_2	27	Nothing	rever	4760778	105000	1			105000		other	0
sub-13_2	27	Nothing	rever	4765778	110000	1			110000		other	0
sub-13_2	27	Pulse	255	4767054	111276	0
sub-13_2	27	Nothing	rever	4770778	115000	1			115000		other	0
sub-13_2	27	Nothing	rever	4775778	120000	1			120000		other	0
sub-13_2	27	Nothing	rever	4780778	125000	1			125000		other	0
sub-13_2	27	Nothing	rever	4785778	130000	1			130000		other	0
sub-13_2	27	Pulse	255	4787054	131276	0
sub-13_2	27	Nothing	rever	4790778	135000	1			135000		other	0
sub-13_2	27	Nothing	rever	4795778	140000	1			140000		other	0
sub-13_2	27	Pulse	255	4807055	151276	0
sub-13_2	28	Pulse	255	4827045	712	0
sub-13_2	28	Pulse	255	4847045	20712	0
sub-13_2	28	Sound	start_sound	4856333	30000	2			30000		other	0
sub-13_2	28	Pulse	255	4867045	40712	0
sub-13_2	28	Nothing	alpha	4871333	45000	1			45000		other	0
sub-13_2	28	Nothing	alpha	4876333	50000	1			50000		other	0
sub-13_2	28	Nothing	alpha	4881333	55000	1			55000		other	0
sub-13_2	28	Nothing	alpha	4886333	60000	1			60000		other	0
sub-13_2	28	Pulse	255	4887045	60712	0
sub-13_2	28	Nothing	alpha	4891333	65000	1			65000		other	0
sub-13_2	28	Nothing	alpha	4896333	70000	1			70000		other	0
sub-13_2	28	Nothing	alpha	4901333	75000	1			75000		other	0
sub-13_2	28	Nothing	alpha	4906333	80000	1			80000		other	0
sub-13_2	28	Pulse	255	4907044	80711	0
sub-13_2	28	Nothing	alpha	4911333	85000	1			85000		other	0
sub-13_2	28	Nothing	alpha	4916333	90000	1			90000		other	0
sub-13_2	28	Nothing	alpha	4921333	95000	1			95000		other	0
sub-13_2	28	Nothing	alpha	4926333	100000	1			100000		other	0
sub-13_2	28	Pulse	255	4927044	100711	0
sub-13_2	28	Nothing	alpha	4931333	105000	1			105000		other	0
sub-13_2	28	Nothing	alpha	4936333	110000	1			110000		other	0
sub-13_2	28	Nothing	alpha	4941333	115000	1			115000		other	0
sub-13_2	28	Nothing	alpha	4946333	120000	1			120000		other	0
sub-13_2	28	Pulse	255	4947045	120712	0
sub-13_2	28	Nothing	alpha	4951333	125000	1			125000		other	0
sub-13_2	28	Nothing	alpha	4956333	130000	1			130000		other	0
sub-13_2	28	Nothing	alpha	4961333	135000	1			135000		other	0
sub-13_2	28	Nothing	alpha	4966333	140000	1			140000		other	0
sub-13_2	28	Pulse	255	4967045	140712	0
sub-13_2	28	Pulse	255	4987045	160712	0
sub-13_2	29	Pulse	255	5007044	10156	0
sub-13_2	29	Sound	start_sound	5026888	30000	2			30000		other	0
sub-13_2	29	Pulse	255	5027045	30157	0
sub-13_2	29	Nothing	rires	5041888	45000	1			45000		other	0
sub-13_2	29	Nothing	rires	5046888	50000	1			50000		other	0
sub-13_2	29	Pulse	255	5047045	50157	0
sub-13_2	29	Nothing	rires	5051888	55000	1			55000		other	0
sub-13_2	29	Nothing	rires	5056888	60000	1			60000		other	0
sub-13_2	29	Nothing	rires	5061888	65000	1			65000		other	0
sub-13_2	29	Nothing	rires	5066888	70000	1			70000		other	0
sub-13_2	29	Pulse	255	5067045	70157	0
sub-13_2	29	Nothing	rires	5071888	75000	1			75000		other	0
sub-13_2	29	Nothing	rires	5076888	80000	1			80000		other	0
sub-13_2	29	Nothing	rires	5081888	85000	1			85000		other	0
sub-13_2	29	Nothing	rires	5086888	90000	1			90000		other	0
sub-13_2	29	Pulse	255	5087045	90157	0
sub-13_2	29	Nothing	rires	5091888	95000	1			95000		other	0
sub-13_2	29	Nothing	rires	5096888	100000	1			100000		other	0
sub-13_2	29	Nothing	rires	5101888	105000	1			105000		other	0
sub-13_2	29	Nothing	rires	5106888	110000	1			110000		other	0
sub-13_2	29	Pulse	255	5107045	110156	0
sub-13_2	29	Nothing	rires	5111888	115000	1			115000		other	0
sub-13_2	29	Nothing	rires	5116888	120000	1			120000		other	0
sub-13_2	29	Nothing	rires	5121888	125000	1			125000		other	0
sub-13_2	29	Nothing	rires	5126888	130000	1			130000		other	0
sub-13_2	29	Pulse	255	5127045	130156	0
sub-13_2	29	Nothing	rires	5131888	135000	1			135000		other	0
sub-13_2	29	Nothing	rires	5136888	140000	1			140000		other	0
sub-13_2	29	Pulse	255	5147045	150157	0
sub-13_2	29	Pulse	255	5167045	170157	0
sub-13_2	30	Pulse	255	5187045	19602	0
sub-13_2	30	Sound	start_sound	5197443	30000	2			30000		other	0
sub-13_2	30	Pulse	255	5207045	39602	0
sub-13_2	30	Nothing	animo	5212443	45000	1			45000		other	0
sub-13_2	30	Nothing	animo	5217443	50000	1			50000		other	0
sub-13_2	30	Nothing	animo	5222443	55000	1			55000		other	0
sub-13_2	30	Pulse	255	5227045	59602	0
sub-13_2	30	Nothing	animo	5227443	60000	1			60000		other	0
sub-13_2	30	Nothing	animo	5232443	65000	1			65000		other	0
sub-13_2	30	Nothing	animo	5237443	70000	1			70000		other	0
sub-13_2	30	Nothing	animo	5242443	75000	1			75000		other	0
sub-13_2	30	Pulse	255	5247045	79602	0
sub-13_2	30	Nothing	animo	5247443	80000	1			80000		other	0
sub-13_2	30	Nothing	animo	5252443	85000	1			85000		other	0
sub-13_2	30	Nothing	animo	5257443	90000	1			90000		other	0
sub-13_2	30	Nothing	animo	5262443	95000	1			95000		other	0
sub-13_2	30	Pulse	255	5267045	99602	0
sub-13_2	30	Nothing	animo	5267443	100000	1			100000		other	0
sub-13_2	30	Nothing	animo	5272443	105000	1			105000		other	0
sub-13_2	30	Nothing	animo	5277443	110000	1			110000		other	0
sub-13_2	30	Nothing	animo	5282443	115000	1			115000		other	0
sub-13_2	30	Pulse	255	5287045	119602	0
sub-13_2	30	Nothing	animo	5287443	120000	1			120000		other	0
sub-13_2	30	Nothing	animo	5292443	125000	1			125000		other	0
sub-13_2	30	Nothing	animo	5297443	130000	1			130000		other	0
sub-13_2	30	Nothing	animo	5302443	135000	1			135000		other	0
sub-13_2	30	Pulse	255	5307045	139601	0
sub-13_2	30	Nothing	animo	5307443	140000	1			140000		other	0
sub-13_2	30	Pulse	255	5327045	159602	0
sub-13_2	31	Pulse	255	5347046	9046	0
sub-13_2	31	Pulse	255	5367046	29046	0
sub-13_2	31	Sound	start_sound	5367999	30000	2			30000		other	0
sub-13_2	31	Nothing	parol	5377999	40000	1			40000		other	0
sub-13_2	31	Nothing	parol	5382999	45000	1			45000		other	0
sub-13_2	31	Pulse	255	5387046	49046	0
sub-13_2	31	Nothing	parol	5387999	50000	1			50000		other	0
sub-13_2	31	Nothing	parol	5392999	55000	1			55000		other	0
sub-13_2	31	Nothing	parol	5397999	60000	1			60000		other	0
sub-13_2	31	Nothing	parol	5402999	65000	1			65000		other	0
sub-13_2	31	Pulse	255	5407046	69046	0
sub-13_2	31	Nothing	parol	5407999	70000	1			70000		other	0
sub-13_2	31	Nothing	parol	5412999	75000	1			75000		other	0
sub-13_2	31	Nothing	parol	5417999	80000	1			80000		other	0
sub-13_2	31	Nothing	parol	5422999	85000	1			85000		other	0
sub-13_2	31	Pulse	255	5427045	89046	0
sub-13_2	31	Nothing	parol	5427999	90000	1			90000		other	0
sub-13_2	31	Nothing	parol	5432999	95000	1			95000		other	0
sub-13_2	31	Nothing	parol	5437999	100000	1			100000		other	0
sub-13_2	31	Nothing	parol	5442999	105000	1			105000		other	0
sub-13_2	31	Pulse	255	5447046	109046	0
sub-13_2	31	Nothing	parol	5447999	110000	1			110000		other	0
sub-13_2	31	Nothing	parol	5452999	115000	1			115000		other	0
sub-13_2	31	Nothing	parol	5457999	120000	1			120000		other	0
sub-13_2	31	Nothing	parol	5462999	125000	1			125000		other	0
sub-13_2	31	Pulse	255	5467046	129046	0
sub-13_2	31	Nothing	parol	5467999	130000	1			130000		other	0
sub-13_2	31	Nothing	parol	5472999	135000	1			135000		other	0
sub-13_2	31	Pulse	255	5487045	149046	0
sub-13_2	32	Pulse	255	5507045	3489	0
sub-13_2	32	Pulse	255	5527046	23490	0
sub-13_2	32	Sound	start_sound	5533556	30000	2			30000		other	0
sub-13_2	32	Pulse	255	5547045	43490	0
sub-13_2	32	Nothing	yawny	5548556	45000	1			45000		other	0
sub-13_2	32	Nothing	yawny	5553556	50000	1			50000		other	0
sub-13_2	32	Nothing	yawny	5558556	55000	1			55000		other	0
sub-13_2	32	Nothing	yawny	5563556	60000	1			60000		other	0
sub-13_2	32	Pulse	255	5567046	63490	0
sub-13_2	32	Nothing	yawny	5568556	65000	1			65000		other	0
sub-13_2	32	Nothing	yawny	5573556	70000	1			70000		other	0
sub-13_2	32	Nothing	yawny	5578556	75000	1			75000		other	0
sub-13_2	32	Nothing	yawny	5583556	80000	1			80000		other	0
sub-13_2	32	Pulse	255	5587046	83490	0
sub-13_2	32	Nothing	yawny	5588556	85000	1			85000		other	0
sub-13_2	32	Nothing	yawny	5593556	90000	1			90000		other	0
sub-13_2	32	Nothing	yawny	5598556	95000	1			95000		other	0
sub-13_2	32	Nothing	yawny	5603556	100000	1			100000		other	0
sub-13_2	32	Pulse	255	5607046	103490	0
sub-13_2	32	Nothing	yawny	5608556	105000	1			105000		other	0
sub-13_2	32	Nothing	yawny	5613556	110000	1			110000		other	0
sub-13_2	32	Nothing	yawny	5618556	115000	1			115000		other	0
sub-13_2	32	Nothing	yawny	5623556	120000	1			120000		other	0
sub-13_2	32	Pulse	255	5627046	123490	0
sub-13_2	32	Nothing	yawny	5628556	125000	1			125000		other	0
sub-13_2	32	Nothing	yawny	5633556	130000	1			130000		other	0
sub-13_2	32	Nothing	yawny	5638556	135000	1			135000		other	0
sub-13_2	32	Nothing	yawny	5643556	140000	1			140000		other	0
sub-13_2	32	Pulse	255	5647046	143490	0
sub-13_2	32	Pulse	255	5667046	163490	0
sub-13_2	33	Pulse	255	5687046	12937	0
sub-13_2	33	Sound	start_sound	5704109	30000	2			30000		other	0
sub-13_2	33	Pulse	255	5707046	32937	0
sub-13_2	33	Nothing	envir	5719109	45000	1			45000		other	0
sub-13_2	33	Nothing	envir	5724109	50000	1			50000		other	0
sub-13_2	33	Pulse	255	5727046	52938	0
sub-13_2	33	Nothing	envir	5729109	55000	1			55000		other	0
sub-13_2	33	Nothing	envir	5734109	60000	1			60000		other	0
sub-13_2	33	Nothing	envir	5739109	65000	1			65000		other	0
sub-13_2	33	Nothing	envir	5744109	70000	1			70000		other	0
sub-13_2	33	Pulse	255	5747046	72938	0
sub-13_2	33	Nothing	envir	5749109	75000	1			75000		other	0
sub-13_2	33	Nothing	envir	5754109	80000	1			80000		other	0
sub-13_2	33	Nothing	envir	5759109	85000	1			85000		other	0
sub-13_2	33	Nothing	envir	5764109	90000	1			90000		other	0
sub-13_2	33	Pulse	255	5767047	92938	0
sub-13_2	33	Nothing	envir	5769109	95000	1			95000		other	0
sub-13_2	33	Nothing	envir	5774109	100000	1			100000		other	0
sub-13_2	33	Nothing	envir	5779109	105000	1			105000		other	0
sub-13_2	33	Nothing	envir	5784109	110000	1			110000		other	0
sub-13_2	33	Pulse	255	5787046	112937	0
sub-13_2	33	Nothing	envir	5789109	115000	1			115000		other	0
sub-13_2	33	Nothing	envir	5794109	120000	1			120000		other	0
sub-13_2	33	Nothing	envir	5799109	125000	1			125000		other	0
sub-13_2	33	Nothing	envir	5804109	130000	1			130000		other	0
sub-13_2	33	Pulse	255	5807046	132938	0
sub-13_2	33	Nothing	envir	5809109	135000	1			135000		other	0
sub-13_2	33	Nothing	envir	5814109	140000	1			140000		other	0
sub-13_2	33	Pulse	255	5827046	152938	0
sub-13_2	34	Picture	Bfix	5844728	0	1	60328	1	0	60000	other	0
sub-13_2	34	Pulse	255	5847046	2318	0
sub-13_2	34	Pulse	255	5867047	22318	0
sub-13_2	34	Pulse	255	5887047	42318	0
sub-13_2	35	Pulse	255	5907046	2216	0
sub-13_2	35	Pulse	255	5927047	22217	0
sub-13_2	35	Sound	start_sound	5934830	30000	2			30000		other	0
sub-13_2	35	Pulse	255	5947046	42217	0
sub-13_2	35	Nothing	music	5949830	45000	1			45000		other	0
sub-13_2	35	Nothing	music	5954830	50000	1			50000		other	0
sub-13_2	35	Nothing	music	5959830	55000	1			55000		other	0
sub-13_2	35	Nothing	music	5964830	60000	1			60000		other	0
sub-13_2	35	Pulse	255	5967047	62217	0
sub-13_2	35	Nothing	music	5969830	65000	1			65000		other	0
sub-13_2	35	Nothing	music	5974830	70000	1			70000		other	0
sub-13_2	35	Nothing	music	5979830	75000	1			75000		other	0
sub-13_2	35	Nothing	music	5984830	80000	1			80000		other	0
sub-13_2	35	Pulse	255	5987046	82217	0
sub-13_2	35	Nothing	music	5989830	85000	1			85000		other	0
sub-13_2	35	Nothing	music	5994830	90000	1			90000		other	0
sub-13_2	35	Nothing	music	5999830	95000	1			95000		other	0
sub-13_2	35	Nothing	music	6004830	100000	1			100000		other	0
sub-13_2	35	Pulse	255	6007047	102217	0
sub-13_2	35	Nothing	music	6009830	105000	1			105000		other	0
sub-13_2	35	Nothing	music	6014830	110000	1			110000		other	0
sub-13_2	35	Nothing	music	6019830	115000	1			115000		other	0
sub-13_2	35	Nothing	music	6024830	120000	1			120000		other	0
sub-13_2	35	Pulse	255	6027046	122217	0
sub-13_2	35	Nothing	music	6029830	125000	1			125000		other	0
sub-13_2	35	Nothing	music	6034830	130000	1			130000		other	0
sub-13_2	35	Nothing	music	6039830	135000	1			135000		other	0
sub-13_2	35	Nothing	music	6044830	140000	1			140000		other	0
sub-13_2	35	Pulse	255	6047047	142217	0
sub-13_2	35	Pulse	255	6067047	162217	0
sub-13_2	36	Pulse	255	6087047	11660	0
sub-13_2	36	Sound	start_sound	6105387	30000	2			30000		other	0
sub-13_2	36	Pulse	255	6107047	31660	0
sub-13_2	36	Nothing	parol	6115387	40000	1			40000		other	0
sub-13_2	36	Nothing	parol	6120387	45000	1			45000		other	0
sub-13_2	36	Nothing	parol	6125387	50000	1			50000		other	0
sub-13_2	36	Pulse	255	6127047	51660	0
sub-13_2	36	Nothing	parol	6130387	55000	1			55000		other	0
sub-13_2	36	Nothing	parol	6135387	60000	1			60000		other	0
sub-13_2	36	Nothing	parol	6140387	65000	1			65000		other	0
sub-13_2	36	Nothing	parol	6145387	70000	1			70000		other	0
sub-13_2	36	Pulse	255	6147047	71660	0
sub-13_2	36	Nothing	parol	6150387	75000	1			75000		other	0
sub-13_2	36	Nothing	parol	6155387	80000	1			80000		other	0
sub-13_2	36	Nothing	parol	6160387	85000	1			85000		other	0
sub-13_2	36	Nothing	parol	6165387	90000	1			90000		other	0
sub-13_2	36	Pulse	255	6167047	91660	0
sub-13_2	36	Nothing	parol	6170387	95000	1			95000		other	0
sub-13_2	36	Nothing	parol	6175387	100000	1			100000		other	0
sub-13_2	36	Nothing	parol	6180387	105000	1			105000		other	0
sub-13_2	36	Nothing	parol	6185387	110000	1			110000		other	0
sub-13_2	36	Pulse	255	6187047	111661	0
sub-13_2	36	Nothing	parol	6190387	115000	1			115000		other	0
sub-13_2	36	Nothing	parol	6195387	120000	1			120000		other	0
sub-13_2	36	Nothing	parol	6200387	125000	1			125000		other	0
sub-13_2	36	Nothing	parol	6205387	130000	1			130000		other	0
sub-13_2	36	Pulse	255	6207047	131661	0
sub-13_2	36	Nothing	parol	6210387	135000	1			135000		other	0
sub-13_2	36	Pulse	255	6227047	151661	0
sub-13_2	37	Pulse	255	6247047	6104	0
sub-13_2	37	Pulse	255	6267047	26104	0
sub-13_2	37	Sound	start_sound	6270943	30000	2			30000		other	0
sub-13_2	37	Nothing	yawny	6285943	45000	1			45000		other	0
sub-13_2	37	Pulse	255	6287047	46104	0
sub-13_2	37	Nothing	yawny	6290943	50000	1			50000		other	0
sub-13_2	37	Nothing	yawny	6295943	55000	1			55000		other	0
sub-13_2	37	Nothing	yawny	6300943	60000	1			60000		other	0
sub-13_2	37	Nothing	yawny	6305943	65000	1			65000		other	0
sub-13_2	37	Pulse	255	6307047	66104	0
sub-13_2	37	Nothing	yawny	6310943	70000	1			70000		other	0
sub-13_2	37	Nothing	yawny	6315943	75000	1			75000		other	0
sub-13_2	37	Nothing	yawny	6320943	80000	1			80000		other	0
sub-13_2	37	Nothing	yawny	6325943	85000	1			85000		other	0
sub-13_2	37	Pulse	255	6327047	86104	0
sub-13_2	37	Nothing	yawny	6330943	90000	1			90000		other	0
sub-13_2	37	Nothing	yawny	6335943	95000	1			95000		other	0
sub-13_2	37	Nothing	yawny	6340943	100000	1			100000		other	0
sub-13_2	37	Nothing	yawny	6345943	105000	1			105000		other	0
sub-13_2	37	Pulse	255	6347047	106104	0
sub-13_2	37	Nothing	yawny	6350943	110000	1			110000		other	0
sub-13_2	37	Nothing	yawny	6355943	115000	1			115000		other	0
sub-13_2	37	Nothing	yawny	6360943	120000	1			120000		other	0
sub-13_2	37	Nothing	yawny	6365943	125000	1			125000		other	0
sub-13_2	37	Pulse	255	6367048	126104	0
sub-13_2	37	Nothing	yawny	6370943	130000	1			130000		other	0
sub-13_2	37	Nothing	yawny	6375943	135000	1			135000		other	0
sub-13_2	37	Nothing	yawny	6380943	140000	1			140000		other	0
sub-13_2	37	Pulse	255	6387047	146103	0
sub-13_2	37	Pulse	255	6407048	166104	0
sub-13_2	38	Pulse	255	6427048	15548	0
sub-13_2	38	Sound	start_sound	6441500	30000	2			30000		other	0
sub-13_2	38	Pulse	255	6447048	35548	0
sub-13_2	38	Nothing	rever	6456500	45000	1			45000		other	0
sub-13_2	38	Nothing	rever	6461500	50000	1			50000		other	0
sub-13_2	38	Nothing	rever	6466500	55000	1			55000		other	0
sub-13_2	38	Pulse	255	6467048	55548	0
sub-13_2	38	Nothing	rever	6471500	60000	1			60000		other	0
sub-13_2	38	Nothing	rever	6476500	65000	1			65000		other	0
sub-13_2	38	Nothing	rever	6481500	70000	1			70000		other	0
sub-13_2	38	Nothing	rever	6486500	75000	1			75000		other	0
sub-13_2	38	Pulse	255	6487048	75548	0
sub-13_2	38	Nothing	rever	6491500	80000	1			80000		other	0
sub-13_2	38	Nothing	rever	6496500	85000	1			85000		other	0
sub-13_2	38	Nothing	rever	6501500	90000	1			90000		other	0
sub-13_2	38	Nothing	rever	6506500	95000	1			95000		other	0
sub-13_2	38	Pulse	255	6507037	95538	0
sub-13_2	38	Nothing	rever	6511500	100000	1			100000		other	0
sub-13_2	38	Nothing	rever	6516500	105000	1			105000		other	0
sub-13_2	38	Nothing	rever	6521500	110000	1			110000		other	0
sub-13_2	38	Nothing	rever	6526500	115000	1			115000		other	0
sub-13_2	38	Pulse	255	6527038	115538	0
sub-13_2	38	Nothing	rever	6531500	120000	1			120000		other	0
sub-13_2	38	Nothing	rever	6536500	125000	1			125000		other	0
sub-13_2	38	Nothing	rever	6541500	130000	1			130000		other	0
sub-13_2	38	Nothing	rever	6546500	135000	1			135000		other	0
sub-13_2	38	Pulse	255	6547038	135538	0
sub-13_2	38	Nothing	rever	6551500	140000	1			140000		other	0
sub-13_2	38	Pulse	255	6567038	155538	0
sub-13_2	39	Pulse	255	6587038	4982	0
sub-13_2	39	Pulse	255	6607038	24982	0
sub-13_2	39	Sound	start_sound	6612056	30000	2			30000		other	0
sub-13_2	39	Pulse	255	6627038	44982	0
sub-13_2	39	Nothing	envir	6627056	45000	1			45000		other	0
sub-13_2	39	Nothing	envir	6632056	50000	1			50000		other	0
sub-13_2	39	Nothing	envir	6637056	55000	1			55000		other	0
sub-13_2	39	Nothing	envir	6642056	60000	1			60000		other	0
sub-13_2	39	Pulse	255	6647038	64982	0
sub-13_2	39	Nothing	envir	6647056	65000	1			65000		other	0
sub-13_2	39	Nothing	envir	6652056	70000	1			70000		other	0
sub-13_2	39	Nothing	envir	6657056	75000	1			75000		other	0
sub-13_2	39	Nothing	envir	6662056	80000	1			80000		other	0
sub-13_2	39	Pulse	255	6667038	84982	0
sub-13_2	39	Nothing	envir	6667056	85000	1			85000		other	0
sub-13_2	39	Nothing	envir	6672056	90000	1			90000		other	0
sub-13_2	39	Nothing	envir	6677056	95000	1			95000		other	0
sub-13_2	39	Nothing	envir	6682056	100000	1			100000		other	0
sub-13_2	39	Pulse	255	6687038	104982	0
sub-13_2	39	Nothing	envir	6687056	105000	1			105000		other	0
sub-13_2	39	Nothing	envir	6692056	110000	1			110000		other	0
sub-13_2	39	Nothing	envir	6697056	115000	1			115000		other	0
sub-13_2	39	Nothing	envir	6702056	120000	1			120000		other	0
sub-13_2	39	Pulse	255	6707038	124983	0
sub-13_2	39	Nothing	envir	6707056	125000	1			125000		other	0
sub-13_2	39	Nothing	envir	6712056	130000	1			130000		other	0
sub-13_2	39	Nothing	envir	6717056	135000	1			135000		other	0
sub-13_2	39	Nothing	envir	6722056	140000	1			140000		other	0
sub-13_2	39	Pulse	255	6727038	144983	0
sub-13_2	39	Pulse	255	6747038	164983	0
sub-13_2	40	Pulse	255	6767038	14426	0
sub-13_2	40	Sound	start_sound	6782612	30000	2			30000		other	0
sub-13_2	40	Pulse	255	6787038	34426	0
sub-13_2	40	Nothing	suomi	6797612	45000	1			45000		other	0
sub-13_2	40	Nothing	suomi	6802612	50000	1			50000		other	0
sub-13_2	40	Pulse	255	6807038	54426	0
sub-13_2	40	Nothing	suomi	6807612	55000	1			55000		other	0
sub-13_2	40	Nothing	suomi	6812612	60000	1			60000		other	0
sub-13_2	40	Nothing	suomi	6817612	65000	1			65000		other	0
sub-13_2	40	Nothing	suomi	6822612	70000	1			70000		other	0
sub-13_2	40	Pulse	255	6827038	74426	0
sub-13_2	40	Nothing	suomi	6827612	75000	1			75000		other	0
sub-13_2	40	Nothing	suomi	6832612	80000	1			80000		other	0
sub-13_2	40	Nothing	suomi	6837612	85000	1			85000		other	0
sub-13_2	40	Nothing	suomi	6842612	90000	1			90000		other	0
sub-13_2	40	Pulse	255	6847038	94426	0
sub-13_2	40	Nothing	suomi	6847612	95000	1			95000		other	0
sub-13_2	40	Nothing	suomi	6852612	100000	1			100000		other	0
sub-13_2	40	Nothing	suomi	6857612	105000	1			105000		other	0
sub-13_2	40	Nothing	suomi	6862612	110000	1			110000		other	0
sub-13_2	40	Pulse	255	6867038	114426	0
sub-13_2	40	Nothing	suomi	6867612	115000	1			115000		other	0
sub-13_2	40	Nothing	suomi	6872612	120000	1			120000		other	0
sub-13_2	40	Nothing	suomi	6877612	125000	1			125000		other	0
sub-13_2	40	Nothing	suomi	6882612	130000	1			130000		other	0
sub-13_2	40	Pulse	255	6887038	134426	0
sub-13_2	40	Nothing	suomi	6887612	135000	1			135000		other	0
sub-13_2	40	Nothing	suomi	6892612	140000	1			140000		other	0
sub-13_2	40	Pulse	255	6907039	154426	0
sub-13_2	41	Pulse	255	6927038	3873	0
sub-13_2	41	Pulse	255	6947039	23873	0
sub-13_2	41	Sound	start_sound	6953165	30000	2			30000		other	0
sub-13_2	41	Pulse	255	6967039	43873	0
sub-13_2	41	Nothing	silen	6968165	45000	1			45000		other	0
sub-13_2	41	Nothing	silen	6973165	50000	1			50000		other	0
sub-13_2	41	Nothing	silen	6978165	55000	1			55000		other	0
sub-13_2	41	Nothing	silen	6983165	60000	1			60000		other	0
sub-13_2	41	Pulse	255	6987039	63873	0
sub-13_2	41	Nothing	silen	6988165	65000	1			65000		other	0
sub-13_2	41	Nothing	silen	6993165	70000	1			70000		other	0
sub-13_2	41	Nothing	silen	6998165	75000	1			75000		other	0
sub-13_2	41	Nothing	silen	7003165	80000	1			80000		other	0
sub-13_2	41	Pulse	255	7007038	83873	0
sub-13_2	41	Nothing	silen	7008165	85000	1			85000		other	0
sub-13_2	41	Nothing	silen	7013165	90000	1			90000		other	0
sub-13_2	41	Nothing	silen	7018165	95000	1			95000		other	0
sub-13_2	41	Nothing	silen	7023165	100000	1			100000		other	0
sub-13_2	41	Pulse	255	7027038	103873	0
sub-13_2	41	Nothing	silen	7028165	105000	1			105000		other	0
sub-13_2	41	Nothing	silen	7033165	110000	1			110000		other	0
sub-13_2	41	Nothing	silen	7038165	115000	1			115000		other	0
sub-13_2	41	Nothing	silen	7043165	120000	1			120000		other	0
sub-13_2	41	Pulse	255	7047039	123874	0
sub-13_2	41	Nothing	silen	7048165	125000	1			125000		other	0
sub-13_2	41	Nothing	silen	7053165	130000	1			130000		other	0
sub-13_2	41	Nothing	silen	7058165	135000	1			135000		other	0
sub-13_2	41	Nothing	silen	7063165	140000	1			140000		other	0
sub-13_2	41	Pulse	255	7067039	143874	0
sub-13_2	41	Pulse	255	7087039	163874	0
sub-13_2	42	Pulse	255	7107039	13319	0
sub-13_2	42	Sound	start_sound	7123720	30000	2			30000		other	0
sub-13_2	42	Pulse	255	7127039	33319	0
sub-13_2	42	Nothing	pleur	7138720	45000	1			45000		other	0
sub-13_2	42	Nothing	pleur	7143720	50000	1			50000		other	0
sub-13_2	42	Pulse	255	7147039	53319	0
sub-13_2	42	Nothing	pleur	7148720	55000	1			55000		other	0
sub-13_2	42	Nothing	pleur	7153720	60000	1			60000		other	0
sub-13_2	42	Nothing	pleur	7158720	65000	1			65000		other	0
sub-13_2	42	Nothing	pleur	7163720	70000	1			70000		other	0
sub-13_2	42	Pulse	255	7167039	73319	0
sub-13_2	42	Nothing	pleur	7168720	75000	1			75000		other	0
sub-13_2	42	Nothing	pleur	7173720	80000	1			80000		other	0
sub-13_2	42	Nothing	pleur	7178720	85000	1			85000		other	0
sub-13_2	42	Nothing	pleur	7183720	90000	1			90000		other	0
sub-13_2	42	Pulse	255	7187038	93319	0
sub-13_2	42	Nothing	pleur	7188720	95000	1			95000		other	0
sub-13_2	42	Nothing	pleur	7193720	100000	1			100000		other	0
sub-13_2	42	Nothing	pleur	7198720	105000	1			105000		other	0
sub-13_2	42	Nothing	pleur	7203720	110000	1			110000		other	0
sub-13_2	42	Pulse	255	7207039	113319	0
sub-13_2	42	Nothing	pleur	7208720	115000	1			115000		other	0
sub-13_2	42	Nothing	pleur	7213720	120000	1			120000		other	0
sub-13_2	42	Nothing	pleur	7218720	125000	1			125000		other	0
sub-13_2	42	Nothing	pleur	7223720	130000	1			130000		other	0
sub-13_2	42	Pulse	255	7227039	133319	0
sub-13_2	42	Nothing	pleur	7228720	135000	1			135000		other	0
sub-13_2	42	Nothing	pleur	7233720	140000	1			140000		other	0
sub-13_2	42	Pulse	255	7247039	153319	0
sub-13_2	43	Pulse	255	7267039	2764	0
sub-13_2	43	Pulse	255	7287039	22764	0
sub-13_2	43	Sound	start_sound	7294275	30000	2			30000		other	0
sub-13_2	43	Pulse	255	7307039	42764	0
sub-13_2	43	Nothing	alpha	7309275	45000	1			45000		other	0
sub-13_2	43	Nothing	alpha	7314275	50000	1			50000		other	0
sub-13_2	43	Nothing	alpha	7319275	55000	1			55000		other	0
sub-13_2	43	Nothing	alpha	7324275	60000	1			60000		other	0
sub-13_2	43	Pulse	255	7327039	62764	0
sub-13_2	43	Nothing	alpha	7329275	65000	1			65000		other	0
sub-13_2	43	Nothing	alpha	7334275	70000	1			70000		other	0
sub-13_2	43	Nothing	alpha	7339275	75000	1			75000		other	0
sub-13_2	43	Nothing	alpha	7344275	80000	1			80000		other	0
sub-13_2	43	Pulse	255	7347039	82764	0
sub-13_2	43	Nothing	alpha	7349275	85000	1			85000		other	0
sub-13_2	43	Nothing	alpha	7354275	90000	1			90000		other	0
sub-13_2	43	Nothing	alpha	7359275	95000	1			95000		other	0
sub-13_2	43	Nothing	alpha	7364275	100000	1			100000		other	0
sub-13_2	43	Pulse	255	7367039	102764	0
sub-13_2	43	Nothing	alpha	7369275	105000	1			105000		other	0
sub-13_2	43	Nothing	alpha	7374275	110000	1			110000		other	0
sub-13_2	43	Nothing	alpha	7379275	115000	1			115000		other	0
sub-13_2	43	Nothing	alpha	7384275	120000	1			120000		other	0
sub-13_2	43	Pulse	255	7387039	122764	0
sub-13_2	43	Nothing	alpha	7389275	125000	1			125000		other	0
sub-13_2	43	Nothing	alpha	7394275	130000	1			130000		other	0
sub-13_2	43	Nothing	alpha	7399275	135000	1			135000		other	0
sub-13_2	43	Nothing	alpha	7404275	140000	1			140000		other	0
sub-13_2	43	Pulse	255	7407039	142764	0
sub-13_2	43	Pulse	255	7427040	162764	0
sub-13_2	44	Picture	Bfix	7434895	0	1	60227	1	0	60000	other	0
sub-13_2	44	Pulse	255	7447040	12144	0
sub-13_2	44	Pulse	255	7467039	32144	0
sub-13_2	44	Pulse	255	7487040	52145	0
sub-13_2	45	Picture	Bfix	7495122	0	1	71429	1	0	60000	other	0
sub-13_2	45	Pulse	255	7507040	11918	0
sub-13_2	45	Pulse	255	7527040	31918	0

The following output port codes were not sent because of a conflict on the port.
Port	Code	Time(ms)
1	6	66614
