Scenario - loca_audi
Logfile written - 06/19/2018 15:48:31

Subject	Trial	Event Type	Code	Time	TTime	Uncertainty	Duration	Uncertainty	ReqTime	ReqDur	Stim Type	Pair Index

sub-07_1	0	Pulse	255	753375	753375	0
sub-07_1	1	Nothing	cut	753602	0	1			0		other	0
sub-07_1	1	Nothing	cut	758602	5000	1			5000		other	0
sub-07_1	2	Pulse	255	773375	9564	0
sub-07_1	2	Pulse	255	793375	29564	0
sub-07_1	2	Sound	start_sound	793811	30000	17689			30000		other	0
sub-07_1	2	Nothing	human	811501	47690	1			45000		other	0
sub-07_1	2	Pulse	255	813375	49564	0
sub-07_1	2	Nothing	human	813811	50000	1			50000		other	0
sub-07_1	2	Nothing	human	818811	55000	1			55000		other	0
sub-07_1	2	Nothing	human	823811	60000	1			60000		other	0
sub-07_1	2	Nothing	human	828811	65000	1			65000		other	0
sub-07_1	2	Pulse	255	833375	69565	0
sub-07_1	2	Nothing	human	833811	70000	1			70000		other	0
sub-07_1	2	Nothing	human	838811	75000	1			75000		other	0
sub-07_1	2	Nothing	human	843811	80000	1			80000		other	0
sub-07_1	2	Nothing	human	848811	85000	1			85000		other	0
sub-07_1	2	Pulse	255	853375	89564	0
sub-07_1	2	Nothing	human	853811	90000	1			90000		other	0
sub-07_1	2	Nothing	human	858811	95000	1			95000		other	0
sub-07_1	2	Nothing	human	863811	100000	1			100000		other	0
sub-07_1	2	Nothing	human	868811	105000	1			105000		other	0
sub-07_1	2	Pulse	255	873376	109565	0
sub-07_1	2	Nothing	human	873811	110000	1			110000		other	0
sub-07_1	2	Nothing	human	878811	115000	1			115000		other	0
sub-07_1	2	Nothing	human	883811	120000	1			120000		other	0
sub-07_1	2	Nothing	human	888811	125000	1			125000		other	0
sub-07_1	2	Pulse	255	893376	129565	0
sub-07_1	2	Nothing	human	893811	130000	1			130000		other	0
sub-07_1	2	Nothing	human	898811	135000	1			135000		other	0
sub-07_1	2	Nothing	human	903811	140000	1			140000		other	0
sub-07_1	2	Pulse	255	913376	149565	0
sub-07_1	2	Pulse	255	933376	169565	0
sub-07_1	3	Pulse	255	953375	19009	0
sub-07_1	3	Sound	start_sound	964366	30000	2			30000		other	0
sub-07_1	3	Pulse	255	973376	39010	0
sub-07_1	3	Nothing	music	979366	45000	1			45000		other	0
sub-07_1	3	Nothing	music	984366	50000	1			50000		other	0
sub-07_1	3	Nothing	music	989366	55000	1			55000		other	0
sub-07_1	3	Pulse	255	993376	59010	0
sub-07_1	3	Nothing	music	994366	60000	1			60000		other	0
sub-07_1	3	Nothing	music	999366	65000	1			65000		other	0
sub-07_1	3	Nothing	music	1004366	70000	1			70000		other	0
sub-07_1	3	Nothing	music	1009366	75000	1			75000		other	0
sub-07_1	3	Pulse	255	1013375	79010	0
sub-07_1	3	Nothing	music	1014366	80000	1			80000		other	0
sub-07_1	3	Nothing	music	1019366	85000	1			85000		other	0
sub-07_1	3	Nothing	music	1024366	90000	1			90000		other	0
sub-07_1	3	Nothing	music	1029366	95000	1			95000		other	0
sub-07_1	3	Pulse	255	1033375	99010	0
sub-07_1	3	Nothing	music	1034366	100000	1			100000		other	0
sub-07_1	3	Nothing	music	1039366	105000	1			105000		other	0
sub-07_1	3	Nothing	music	1044366	110000	1			110000		other	0
sub-07_1	3	Nothing	music	1049366	115000	1			115000		other	0
sub-07_1	3	Pulse	255	1053376	119010	0
sub-07_1	3	Nothing	music	1054366	120000	1			120000		other	0
sub-07_1	3	Nothing	music	1059366	125000	1			125000		other	0
sub-07_1	3	Nothing	music	1064366	130000	1			130000		other	0
sub-07_1	3	Nothing	music	1069366	135000	1			135000		other	0
sub-07_1	3	Pulse	255	1073376	139010	0
sub-07_1	3	Nothing	music	1074366	140000	1			140000		other	0
sub-07_1	3	Pulse	255	1093376	159010	0
sub-07_1	4	Pulse	255	1113376	8318	0
sub-07_1	4	Pulse	255	1133376	28318	0
sub-07_1	4	Sound	start_sound	1135058	30000	2			30000		other	0
sub-07_1	4	Nothing	parol	1145058	40000	1			40000		other	0
sub-07_1	4	Nothing	parol	1150058	45000	1			45000		other	0
sub-07_1	4	Pulse	255	1153376	48318	0
sub-07_1	4	Nothing	parol	1155058	50000	1			50000		other	0
sub-07_1	4	Nothing	parol	1160058	55000	1			55000		other	0
sub-07_1	4	Nothing	parol	1165058	60000	1			60000		other	0
sub-07_1	4	Nothing	parol	1170058	65000	1			65000		other	0
sub-07_1	4	Pulse	255	1173376	68318	0
sub-07_1	4	Nothing	parol	1175058	70000	1			70000		other	0
sub-07_1	4	Nothing	parol	1180058	75000	1			75000		other	0
sub-07_1	4	Nothing	parol	1185058	80000	1			80000		other	0
sub-07_1	4	Nothing	parol	1190058	85000	1			85000		other	0
sub-07_1	4	Pulse	255	1193375	88318	0
sub-07_1	4	Nothing	parol	1195058	90000	1			90000		other	0
sub-07_1	4	Nothing	parol	1200058	95000	1			95000		other	0
sub-07_1	4	Nothing	parol	1205058	100000	1			100000		other	0
sub-07_1	4	Nothing	parol	1210058	105000	1			105000		other	0
sub-07_1	4	Pulse	255	1213376	108319	0
sub-07_1	4	Nothing	parol	1215058	110000	1			110000		other	0
sub-07_1	4	Nothing	parol	1220058	115000	1			115000		other	0
sub-07_1	4	Nothing	parol	1225058	120000	1			120000		other	0
sub-07_1	4	Nothing	parol	1230058	125000	1			125000		other	0
sub-07_1	4	Pulse	255	1233376	128319	0
sub-07_1	4	Nothing	parol	1235058	130000	1			130000		other	0
sub-07_1	4	Nothing	parol	1240058	135000	1			135000		other	0
sub-07_1	4	Pulse	255	1253376	148319	0
sub-07_1	5	Pulse	255	1273376	2641	0
sub-07_1	5	Pulse	255	1293376	22642	0
sub-07_1	5	Sound	start_sound	1300735	30000	2			30000		other	0
sub-07_1	5	Pulse	255	1313376	42641	0
sub-07_1	5	Nothing	yawny	1315735	45000	1			45000		other	0
sub-07_1	5	Nothing	yawny	1320735	50000	1			50000		other	0
sub-07_1	5	Nothing	yawny	1325735	55000	1			55000		other	0
sub-07_1	5	Nothing	yawny	1330735	60000	1			60000		other	0
sub-07_1	5	Pulse	255	1333377	62642	0
sub-07_1	5	Nothing	yawny	1335735	65000	1			65000		other	0
sub-07_1	5	Nothing	yawny	1340735	70000	1			70000		other	0
sub-07_1	5	Nothing	yawny	1345735	75000	1			75000		other	0
sub-07_1	5	Nothing	yawny	1350735	80000	1			80000		other	0
sub-07_1	5	Pulse	255	1353375	82641	0
sub-07_1	5	Nothing	yawny	1355735	85000	1			85000		other	0
sub-07_1	5	Nothing	yawny	1360735	90000	1			90000		other	0
sub-07_1	5	Nothing	yawny	1365735	95000	1			95000		other	0
sub-07_1	5	Nothing	yawny	1370735	100000	1			100000		other	0
sub-07_1	5	Pulse	255	1373376	102642	0
sub-07_1	5	Nothing	yawny	1375735	105000	1			105000		other	0
sub-07_1	5	Nothing	yawny	1380735	110000	1			110000		other	0
sub-07_1	5	Nothing	yawny	1385735	115000	1			115000		other	0
sub-07_1	5	Nothing	yawny	1390735	120000	1			120000		other	0
sub-07_1	5	Pulse	255	1393376	122641	0
sub-07_1	5	Nothing	yawny	1395735	125000	1			125000		other	0
sub-07_1	5	Nothing	yawny	1400735	130000	1			130000		other	0
sub-07_1	5	Nothing	yawny	1405735	135000	1			135000		other	0
sub-07_1	5	Nothing	yawny	1410735	140000	1			140000		other	0
sub-07_1	5	Pulse	255	1413376	142642	0
sub-07_1	5	Pulse	255	1433376	162642	0
sub-07_1	6	Pulse	255	1453376	11854	0
sub-07_1	6	Sound	start_sound	1471522	30000	2			30000		other	0
sub-07_1	6	Pulse	255	1473377	31854	0
sub-07_1	6	Nothing	rever	1486522	45000	1			45000		other	0
sub-07_1	6	Nothing	rever	1491522	50000	1			50000		other	0
sub-07_1	6	Pulse	255	1493377	51854	0
sub-07_1	6	Nothing	rever	1496522	55000	1			55000		other	0
sub-07_1	6	Nothing	rever	1501522	60000	1			60000		other	0
sub-07_1	6	Nothing	rever	1506522	65000	1			65000		other	0
sub-07_1	6	Nothing	rever	1511522	70000	1			70000		other	0
sub-07_1	6	Pulse	255	1513377	71854	0
sub-07_1	6	Nothing	rever	1516522	75000	1			75000		other	0
sub-07_1	6	Nothing	rever	1521522	80000	1			80000		other	0
sub-07_1	6	Nothing	rever	1526522	85000	1			85000		other	0
sub-07_1	6	Nothing	rever	1531522	90000	1			90000		other	0
sub-07_1	6	Pulse	255	1533377	91854	0
sub-07_1	6	Nothing	rever	1536522	95000	1			95000		other	0
sub-07_1	6	Nothing	rever	1541522	100000	1			100000		other	0
sub-07_1	6	Nothing	rever	1546522	105000	1			105000		other	0
sub-07_1	6	Nothing	rever	1551522	110000	1			110000		other	0
sub-07_1	6	Pulse	255	1553377	111854	0
sub-07_1	6	Nothing	rever	1556522	115000	1			115000		other	0
sub-07_1	6	Nothing	rever	1561522	120000	1			120000		other	0
sub-07_1	6	Nothing	rever	1566522	125000	1			125000		other	0
sub-07_1	6	Nothing	rever	1571522	130000	1			130000		other	0
sub-07_1	6	Pulse	255	1573377	131854	0
sub-07_1	6	Nothing	rever	1576522	135000	1			135000		other	0
sub-07_1	6	Nothing	rever	1581522	140000	1			140000		other	0
sub-07_1	6	Pulse	255	1593377	151854	0
sub-07_1	7	Pulse	255	1613377	1148	0
sub-07_1	7	Pulse	255	1633377	21148	0
sub-07_1	7	Sound	start_sound	1642229	30000	2			30000		other	0
sub-07_1	7	Pulse	255	1653377	41148	0
sub-07_1	7	Nothing	envir	1657229	45000	1			45000		other	0
sub-07_1	7	Nothing	envir	1662229	50000	1			50000		other	0
sub-07_1	7	Nothing	envir	1667229	55000	1			55000		other	0
sub-07_1	7	Nothing	envir	1672229	60000	1			60000		other	0
sub-07_1	7	Pulse	255	1673377	61148	0
sub-07_1	7	Nothing	envir	1677229	65000	1			65000		other	0
sub-07_1	7	Nothing	envir	1682229	70000	1			70000		other	0
sub-07_1	7	Nothing	envir	1687229	75000	1			75000		other	0
sub-07_1	7	Nothing	envir	1692229	80000	1			80000		other	0
sub-07_1	7	Pulse	255	1693376	81148	0
sub-07_1	7	Nothing	envir	1697229	85000	1			85000		other	0
sub-07_1	7	Nothing	envir	1702229	90000	1			90000		other	0
sub-07_1	7	Nothing	envir	1707229	95000	1			95000		other	0
sub-07_1	7	Nothing	envir	1712229	100000	1			100000		other	0
sub-07_1	7	Pulse	255	1713377	101148	0
sub-07_1	7	Nothing	envir	1717229	105000	1			105000		other	0
sub-07_1	7	Nothing	envir	1722229	110000	1			110000		other	0
sub-07_1	7	Nothing	envir	1727229	115000	1			115000		other	0
sub-07_1	7	Nothing	envir	1732229	120000	1			120000		other	0
sub-07_1	7	Pulse	255	1733377	121148	0
sub-07_1	7	Nothing	envir	1737229	125000	1			125000		other	0
sub-07_1	7	Nothing	envir	1742229	130000	1			130000		other	0
sub-07_1	7	Nothing	envir	1747229	135000	1			135000		other	0
sub-07_1	7	Nothing	envir	1752229	140000	1			140000		other	0
sub-07_1	7	Pulse	255	1753377	141148	0
sub-07_1	7	Pulse	255	1773377	161148	0
sub-07_1	8	Pulse	255	1793377	10503	0
sub-07_1	8	Sound	start_sound	1812874	30000	2			30000		other	0
sub-07_1	8	Pulse	255	1813378	30505	0
sub-07_1	8	Nothing	suomi	1827874	45000	1			45000		other	0
sub-07_1	8	Nothing	suomi	1832874	50000	1			50000		other	0
sub-07_1	8	Pulse	255	1833377	50504	0
sub-07_1	8	Nothing	suomi	1837874	55000	1			55000		other	0
sub-07_1	8	Nothing	suomi	1842874	60000	1			60000		other	0
sub-07_1	8	Nothing	suomi	1847874	65000	1			65000		other	0
sub-07_1	8	Nothing	suomi	1852874	70000	1			70000		other	0
sub-07_1	8	Pulse	255	1853377	70503	0
sub-07_1	8	Nothing	suomi	1857874	75000	1			75000		other	0
sub-07_1	8	Nothing	suomi	1862874	80000	1			80000		other	0
sub-07_1	8	Nothing	suomi	1867874	85000	1			85000		other	0
sub-07_1	8	Nothing	suomi	1872874	90000	1			90000		other	0
sub-07_1	8	Pulse	255	1873378	90504	0
sub-07_1	8	Nothing	suomi	1877874	95000	1			95000		other	0
sub-07_1	8	Nothing	suomi	1882874	100000	1			100000		other	0
sub-07_1	8	Nothing	suomi	1887874	105000	1			105000		other	0
sub-07_1	8	Nothing	suomi	1892874	110000	1			110000		other	0
sub-07_1	8	Pulse	255	1893377	110503	0
sub-07_1	8	Nothing	suomi	1897874	115000	1			115000		other	0
sub-07_1	8	Nothing	suomi	1902874	120000	1			120000		other	0
sub-07_1	8	Nothing	suomi	1907874	125000	1			125000		other	0
sub-07_1	8	Nothing	suomi	1912874	130000	1			130000		other	0
sub-07_1	8	Pulse	255	1913377	130504	0
sub-07_1	8	Nothing	suomi	1917874	135000	1			135000		other	0
sub-07_1	8	Nothing	suomi	1922874	140000	1			140000		other	0
sub-07_1	8	Pulse	255	1933377	150504	0
sub-07_1	8	Pulse	255	1953330	170456	50
sub-07_1	9	Pulse	255	1973368	19842	0
sub-07_1	9	Sound	start_sound	1983526	30000	2			30000		other	0
sub-07_1	9	Pulse	255	1993367	39841	0
sub-07_1	9	Nothing	silen	1998526	45000	1			45000		other	0
sub-07_1	9	Nothing	silen	2003526	50000	1			50000		other	0
sub-07_1	9	Nothing	silen	2008526	55000	1			55000		other	0
sub-07_1	9	Pulse	255	2013367	59842	0
sub-07_1	9	Nothing	silen	2013526	60000	1			60000		other	0
sub-07_1	9	Nothing	silen	2018526	65000	1			65000		other	0
sub-07_1	9	Nothing	silen	2023526	70000	1			70000		other	0
sub-07_1	9	Nothing	silen	2028526	75000	1			75000		other	0
sub-07_1	9	Pulse	255	2033368	79842	0
sub-07_1	9	Nothing	silen	2033526	80000	1			80000		other	0
sub-07_1	9	Nothing	silen	2038526	85000	1			85000		other	0
sub-07_1	9	Nothing	silen	2043526	90000	1			90000		other	0
sub-07_1	9	Nothing	silen	2048526	95000	1			95000		other	0
sub-07_1	9	Pulse	255	2053368	99842	0
sub-07_1	9	Nothing	silen	2053526	100000	1			100000		other	0
sub-07_1	9	Nothing	silen	2058526	105000	1			105000		other	0
sub-07_1	9	Nothing	silen	2063526	110000	1			110000		other	0
sub-07_1	9	Nothing	silen	2068526	115000	1			115000		other	0
sub-07_1	9	Pulse	255	2073368	119842	0
sub-07_1	9	Nothing	silen	2073526	120000	1			120000		other	0
sub-07_1	9	Nothing	silen	2078526	125000	1			125000		other	0
sub-07_1	9	Nothing	silen	2083526	130000	1			130000		other	0
sub-07_1	9	Nothing	silen	2088526	135000	1			135000		other	0
sub-07_1	9	Pulse	255	2093368	139842	0
sub-07_1	9	Nothing	silen	2093526	140000	1			140000		other	0
sub-07_1	9	Pulse	255	2113368	159842	0
sub-07_1	10	Pulse	255	2133367	9261	0
sub-07_1	10	Pulse	255	2153368	29261	0
sub-07_1	10	Sound	start_sound	2154106	30000	2			30000		other	0
sub-07_1	10	Nothing	pleur	2169106	45000	1			45000		other	0
sub-07_1	10	Pulse	255	2173368	49262	0
sub-07_1	10	Nothing	pleur	2174106	50000	1			50000		other	0
sub-07_1	10	Nothing	pleur	2179106	55000	1			55000		other	0
sub-07_1	10	Nothing	pleur	2184106	60000	1			60000		other	0
sub-07_1	10	Nothing	pleur	2189106	65000	1			65000		other	0
sub-07_1	10	Pulse	255	2193368	69262	0
sub-07_1	10	Nothing	pleur	2194106	70000	1			70000		other	0
sub-07_1	10	Nothing	pleur	2199106	75000	1			75000		other	0
sub-07_1	10	Nothing	pleur	2204106	80000	1			80000		other	0
sub-07_1	10	Nothing	pleur	2209106	85000	1			85000		other	0
sub-07_1	10	Pulse	255	2213368	89262	0
sub-07_1	10	Nothing	pleur	2214106	90000	1			90000		other	0
sub-07_1	10	Nothing	pleur	2219106	95000	1			95000		other	0
sub-07_1	10	Nothing	pleur	2224106	100000	1			100000		other	0
sub-07_1	10	Nothing	pleur	2229106	105000	1			105000		other	0
sub-07_1	10	Pulse	255	2233368	109262	0
sub-07_1	10	Nothing	pleur	2234106	110000	1			110000		other	0
sub-07_1	10	Nothing	pleur	2239106	115000	1			115000		other	0
sub-07_1	10	Nothing	pleur	2244106	120000	1			120000		other	0
sub-07_1	10	Nothing	pleur	2249106	125000	1			125000		other	0
sub-07_1	10	Pulse	255	2253368	129262	0
sub-07_1	10	Nothing	pleur	2254106	130000	1			130000		other	0
sub-07_1	10	Nothing	pleur	2259106	135000	1			135000		other	0
sub-07_1	10	Nothing	pleur	2264106	140000	1			140000		other	0
sub-07_1	10	Pulse	255	2273368	149262	0
sub-07_1	10	Pulse	255	2293368	169262	0
sub-07_1	11	Pulse	255	2313368	18560	0
sub-07_1	11	Sound	start_sound	2324808	30000	2			30000		other	0
sub-07_1	11	Pulse	255	2333368	38561	0
sub-07_1	11	Nothing	alpha	2339808	45000	1			45000		other	0
sub-07_1	11	Nothing	alpha	2344808	50000	1			50000		other	0
sub-07_1	11	Nothing	alpha	2349808	55000	1			55000		other	0
sub-07_1	11	Pulse	255	2353369	58561	0
sub-07_1	11	Nothing	alpha	2354808	60000	1			60000		other	0
sub-07_1	11	Nothing	alpha	2359808	65000	1			65000		other	0
sub-07_1	11	Nothing	alpha	2364808	70000	1			70000		other	0
sub-07_1	11	Nothing	alpha	2369808	75000	1			75000		other	0
sub-07_1	11	Pulse	255	2373368	78560	0
sub-07_1	11	Nothing	alpha	2374808	80000	1			80000		other	0
sub-07_1	11	Nothing	alpha	2379808	85000	1			85000		other	0
sub-07_1	11	Nothing	alpha	2384808	90000	1			90000		other	0
sub-07_1	11	Nothing	alpha	2389808	95000	1			95000		other	0
sub-07_1	11	Pulse	255	2393368	98560	0
sub-07_1	11	Nothing	alpha	2394808	100000	1			100000		other	0
sub-07_1	11	Nothing	alpha	2399808	105000	1			105000		other	0
sub-07_1	11	Nothing	alpha	2404808	110000	1			110000		other	0
sub-07_1	11	Nothing	alpha	2409808	115000	1			115000		other	0
sub-07_1	11	Pulse	255	2413368	118561	0
sub-07_1	11	Nothing	alpha	2414808	120000	1			120000		other	0
sub-07_1	11	Nothing	alpha	2419808	125000	1			125000		other	0
sub-07_1	11	Nothing	alpha	2424808	130000	1			130000		other	0
sub-07_1	11	Nothing	alpha	2429808	135000	1			135000		other	0
sub-07_1	11	Pulse	255	2433368	138560	0
sub-07_1	11	Nothing	alpha	2434808	140000	1			140000		other	0
sub-07_1	11	Pulse	255	2453369	158561	0
sub-07_1	12	Picture	Bfix	2465427	0	1	60559	1	0	60000	other	0
sub-07_1	12	Pulse	255	2473368	7941	0
sub-07_1	12	Pulse	255	2493369	27942	0
sub-07_1	12	Pulse	255	2513369	47942	0
sub-07_1	13	Pulse	255	2533368	7609	0
sub-07_1	13	Pulse	255	2553369	27609	0
sub-07_1	13	Sound	start_sound	2555759	30000	2			30000		other	0
sub-07_1	13	Nothing	rires	2570759	45000	1			45000		other	0
sub-07_1	13	Pulse	255	2573369	47609	0
sub-07_1	13	Nothing	rires	2575759	50000	1			50000		other	0
sub-07_1	13	Nothing	rires	2580759	55000	1			55000		other	0
sub-07_1	13	Nothing	rires	2585759	60000	1			60000		other	0
sub-07_1	13	Nothing	rires	2590759	65000	1			65000		other	0
sub-07_1	13	Pulse	255	2593369	67610	0
sub-07_1	13	Nothing	rires	2595759	70000	1			70000		other	0
sub-07_1	13	Nothing	rires	2600759	75000	1			75000		other	0
sub-07_1	13	Nothing	rires	2605759	80000	1			80000		other	0
sub-07_1	13	Nothing	rires	2610759	85000	1			85000		other	0
sub-07_1	13	Pulse	255	2613369	87609	0
sub-07_1	13	Nothing	rires	2615759	90000	1			90000		other	0
sub-07_1	13	Nothing	rires	2620759	95000	1			95000		other	0
sub-07_1	13	Nothing	rires	2625759	100000	1			100000		other	0
sub-07_1	13	Nothing	rires	2630759	105000	1			105000		other	0
sub-07_1	13	Pulse	255	2633369	107609	0
sub-07_1	13	Nothing	rires	2635759	110000	1			110000		other	0
sub-07_1	13	Nothing	rires	2640759	115000	1			115000		other	0
sub-07_1	13	Nothing	rires	2645759	120000	1			120000		other	0
sub-07_1	13	Nothing	rires	2650759	125000	1			125000		other	0
sub-07_1	13	Pulse	255	2653369	127610	0
sub-07_1	13	Nothing	rires	2655759	130000	1			130000		other	0
sub-07_1	13	Nothing	rires	2660759	135000	1			135000		other	0
sub-07_1	13	Nothing	rires	2665759	140000	1			140000		other	0
sub-07_1	13	Pulse	255	2673369	147609	0
sub-07_1	13	Pulse	255	2693369	167610	0
sub-07_1	14	Pulse	255	2713369	16958	0
sub-07_1	14	Sound	start_sound	2726411	30000	2			30000		other	0
sub-07_1	14	Pulse	255	2733369	36958	0
sub-07_1	14	Nothing	cough	2741411	45000	1			45000		other	0
sub-07_1	14	Nothing	cough	2746411	50000	1			50000		other	0
sub-07_1	14	Nothing	cough	2751411	55000	1			55000		other	0
sub-07_1	14	Pulse	255	2753369	56958	0
sub-07_1	14	Nothing	cough	2756411	60000	1			60000		other	0
sub-07_1	14	Nothing	cough	2761411	65000	1			65000		other	0
sub-07_1	14	Nothing	cough	2766411	70000	1			70000		other	0
sub-07_1	14	Nothing	cough	2771411	75000	1			75000		other	0
sub-07_1	14	Pulse	255	2773369	76959	0
sub-07_1	14	Nothing	cough	2776411	80000	1			80000		other	0
sub-07_1	14	Nothing	cough	2781411	85000	1			85000		other	0
sub-07_1	14	Nothing	cough	2786411	90000	1			90000		other	0
sub-07_1	14	Nothing	cough	2791411	95000	1			95000		other	0
sub-07_1	14	Pulse	255	2793369	96958	0
sub-07_1	14	Nothing	cough	2796411	100000	1			100000		other	0
sub-07_1	14	Nothing	cough	2801411	105000	1			105000		other	0
sub-07_1	14	Nothing	cough	2806411	110000	1			110000		other	0
sub-07_1	14	Nothing	cough	2811411	115000	1			115000		other	0
sub-07_1	14	Pulse	255	2813369	116958	0
sub-07_1	14	Nothing	cough	2816411	120000	1			120000		other	0
sub-07_1	14	Nothing	cough	2821411	125000	1			125000		other	0
sub-07_1	14	Nothing	cough	2826411	130000	1			130000		other	0
sub-07_1	14	Nothing	cough	2831411	135000	1			135000		other	0
sub-07_1	14	Pulse	255	2833369	136958	0
sub-07_1	14	Nothing	cough	2836411	140000	1			140000		other	0
sub-07_1	14	Pulse	255	2853369	156959	0
sub-07_1	15	Pulse	255	2873369	6070	0
sub-07_1	15	Pulse	255	2893369	26070	0
sub-07_1	15	Sound	start_sound	2897299	30000	2			30000		other	0
sub-07_1	15	Nothing	animo	2912299	45000	1			45000		other	0
sub-07_1	15	Pulse	255	2913369	46070	0
sub-07_1	15	Nothing	animo	2917299	50000	1			50000		other	0
sub-07_1	15	Nothing	animo	2922299	55000	1			55000		other	0
sub-07_1	15	Nothing	animo	2927299	60000	1			60000		other	0
sub-07_1	15	Nothing	animo	2932299	65000	1			65000		other	0
sub-07_1	15	Pulse	255	2933370	66071	0
sub-07_1	15	Nothing	animo	2937299	70000	1			70000		other	0
sub-07_1	15	Nothing	animo	2942299	75000	1			75000		other	0
sub-07_1	15	Nothing	animo	2947299	80000	1			80000		other	0
sub-07_1	15	Nothing	animo	2952299	85000	1			85000		other	0
sub-07_1	15	Pulse	255	2953370	86070	0
sub-07_1	15	Nothing	animo	2957299	90000	1			90000		other	0
sub-07_1	15	Nothing	animo	2962299	95000	1			95000		other	0
sub-07_1	15	Nothing	animo	2967299	100000	1			100000		other	0
sub-07_1	15	Nothing	animo	2972299	105000	1			105000		other	0
sub-07_1	15	Pulse	255	2973370	106071	0
sub-07_1	15	Nothing	animo	2977299	110000	1			110000		other	0
sub-07_1	15	Nothing	animo	2982299	115000	1			115000		other	0
sub-07_1	15	Nothing	animo	2987299	120000	1			120000		other	0
sub-07_1	15	Nothing	animo	2992299	125000	1			125000		other	0
sub-07_1	15	Pulse	255	2993370	126070	0
sub-07_1	15	Nothing	animo	2997299	130000	1			130000		other	0
sub-07_1	15	Nothing	animo	3002299	135000	1			135000		other	0
sub-07_1	15	Nothing	animo	3007299	140000	1			140000		other	0
sub-07_1	15	Pulse	255	3013370	146071	0
sub-07_1	15	Pulse	255	3033370	166071	0
sub-07_1	16	Pulse	255	3053370	15360	0
sub-07_1	16	Sound	start_sound	3068010	30000	2			30000		other	0
sub-07_1	16	Pulse	255	3073370	35360	0
sub-07_1	16	Nothing	rever	3083010	45000	1			45000		other	0
sub-07_1	16	Nothing	rever	3088010	50000	1			50000		other	0
sub-07_1	16	Nothing	rever	3093010	55000	1			55000		other	0
sub-07_1	16	Pulse	255	3093371	55361	0
sub-07_1	16	Nothing	rever	3098010	60000	1			60000		other	0
sub-07_1	16	Nothing	rever	3103010	65000	1			65000		other	0
sub-07_1	16	Nothing	rever	3108010	70000	1			70000		other	0
sub-07_1	16	Nothing	rever	3113010	75000	1			75000		other	0
sub-07_1	16	Pulse	255	3113370	75360	0
sub-07_1	16	Nothing	rever	3118010	80000	1			80000		other	0
sub-07_1	16	Nothing	rever	3123010	85000	1			85000		other	0
sub-07_1	16	Nothing	rever	3128010	90000	1			90000		other	0
sub-07_1	16	Nothing	rever	3133010	95000	1			95000		other	0
sub-07_1	16	Pulse	255	3133369	95359	0
sub-07_1	16	Nothing	rever	3138010	100000	1			100000		other	0
sub-07_1	16	Nothing	rever	3143010	105000	1			105000		other	0
sub-07_1	16	Nothing	rever	3148010	110000	1			110000		other	0
sub-07_1	16	Nothing	rever	3153010	115000	1			115000		other	0
sub-07_1	16	Pulse	255	3153370	115360	0
sub-07_1	16	Nothing	rever	3158010	120000	1			120000		other	0
sub-07_1	16	Nothing	rever	3163010	125000	1			125000		other	0
sub-07_1	16	Nothing	rever	3168010	130000	1			130000		other	0
sub-07_1	16	Nothing	rever	3173010	135000	1			135000		other	0
sub-07_1	16	Pulse	255	3173370	135360	0
sub-07_1	16	Nothing	rever	3178010	140000	1			140000		other	0
sub-07_1	16	Pulse	255	3193370	155360	0
sub-07_1	17	Pulse	255	3213370	4570	0
sub-07_1	17	Pulse	255	3233370	24570	0
sub-07_1	17	Sound	start_sound	3238800	30000	2			30000		other	0
sub-07_1	17	Pulse	255	3253370	44570	0
sub-07_1	17	Nothing	alpha	3253800	45000	1			45000		other	0
sub-07_1	17	Nothing	alpha	3258800	50000	1			50000		other	0
sub-07_1	17	Nothing	alpha	3263800	55000	1			55000		other	0
sub-07_1	17	Nothing	alpha	3268800	60000	1			60000		other	0
sub-07_1	17	Pulse	255	3273370	64570	0
sub-07_1	17	Nothing	alpha	3273800	65000	1			65000		other	0
sub-07_1	17	Nothing	alpha	3278800	70000	1			70000		other	0
sub-07_1	17	Nothing	alpha	3283800	75000	1			75000		other	0
sub-07_1	17	Nothing	alpha	3288800	80000	1			80000		other	0
sub-07_1	17	Pulse	255	3293370	84570	0
sub-07_1	17	Nothing	alpha	3293800	85000	1			85000		other	0
sub-07_1	17	Nothing	alpha	3298800	90000	1			90000		other	0
sub-07_1	17	Nothing	alpha	3303800	95000	1			95000		other	0
sub-07_1	17	Nothing	alpha	3308800	100000	1			100000		other	0
sub-07_1	17	Pulse	255	3313370	104571	0
sub-07_1	17	Nothing	alpha	3313800	105000	1			105000		other	0
sub-07_1	17	Nothing	alpha	3318800	110000	1			110000		other	0
sub-07_1	17	Nothing	alpha	3323800	115000	1			115000		other	0
sub-07_1	17	Nothing	alpha	3328800	120000	1			120000		other	0
sub-07_1	17	Pulse	255	3333370	124570	0
sub-07_1	17	Nothing	alpha	3333800	125000	1			125000		other	0
sub-07_1	17	Nothing	alpha	3338800	130000	1			130000		other	0
sub-07_1	17	Nothing	alpha	3343800	135000	1			135000		other	0
sub-07_1	17	Nothing	alpha	3348800	140000	1			140000		other	0
sub-07_1	17	Pulse	255	3353370	144571	0
sub-07_1	17	Pulse	255	3373371	164571	0
sub-07_1	18	Pulse	255	3393370	13986	0
sub-07_1	18	Sound	start_sound	3409384	30000	2			30000		other	0
sub-07_1	18	Pulse	255	3413370	33986	0
sub-07_1	18	Nothing	rires	3424384	45000	1			45000		other	0
sub-07_1	18	Nothing	rires	3429384	50000	1			50000		other	0
sub-07_1	18	Pulse	255	3433370	53986	0
sub-07_1	18	Nothing	rires	3434384	55000	1			55000		other	0
sub-07_1	18	Nothing	rires	3439384	60000	1			60000		other	0
sub-07_1	18	Nothing	rires	3444384	65000	1			65000		other	0
sub-07_1	18	Nothing	rires	3449384	70000	1			70000		other	0
sub-07_1	18	Pulse	255	3453370	73986	0
sub-07_1	18	Nothing	rires	3454384	75000	1			75000		other	0
sub-07_1	18	Nothing	rires	3459384	80000	1			80000		other	0
sub-07_1	18	Nothing	rires	3464384	85000	1			85000		other	0
sub-07_1	18	Nothing	rires	3469384	90000	1			90000		other	0
sub-07_1	18	Pulse	255	3473370	93986	0
sub-07_1	18	Nothing	rires	3474384	95000	1			95000		other	0
sub-07_1	18	Nothing	rires	3479384	100000	1			100000		other	0
sub-07_1	18	Nothing	rires	3484384	105000	1			105000		other	0
sub-07_1	18	Nothing	rires	3489384	110000	1			110000		other	0
sub-07_1	18	Pulse	255	3493371	113986	0
sub-07_1	18	Nothing	rires	3494384	115000	1			115000		other	0
sub-07_1	18	Nothing	rires	3499384	120000	1			120000		other	0
sub-07_1	18	Nothing	rires	3504384	125000	1			125000		other	0
sub-07_1	18	Nothing	rires	3509384	130000	1			130000		other	0
sub-07_1	18	Pulse	255	3513371	133986	0
sub-07_1	18	Nothing	rires	3514384	135000	1			135000		other	0
sub-07_1	18	Nothing	rires	3519384	140000	1			140000		other	0
sub-07_1	18	Pulse	255	3533371	153986	0
sub-07_1	19	Pulse	255	3553371	3285	0
sub-07_1	19	Pulse	255	3573371	23286	0
sub-07_1	19	Sound	start_sound	3580085	30000	2			30000		other	0
sub-07_1	19	Pulse	255	3593371	43285	0
sub-07_1	19	Nothing	animo	3595085	45000	1			45000		other	0
sub-07_1	19	Nothing	animo	3600085	50000	1			50000		other	0
sub-07_1	19	Nothing	animo	3605085	55000	1			55000		other	0
sub-07_1	19	Nothing	animo	3610085	60000	1			60000		other	0
sub-07_1	19	Pulse	255	3613371	63285	0
sub-07_1	19	Nothing	animo	3615085	65000	1			65000		other	0
sub-07_1	19	Nothing	animo	3620085	70000	1			70000		other	0
sub-07_1	19	Nothing	animo	3625085	75000	1			75000		other	0
sub-07_1	19	Nothing	animo	3630085	80000	1			80000		other	0
sub-07_1	19	Pulse	255	3633371	83286	0
sub-07_1	19	Nothing	animo	3635085	85000	1			85000		other	0
sub-07_1	19	Nothing	animo	3640085	90000	1			90000		other	0
sub-07_1	19	Nothing	animo	3645085	95000	1			95000		other	0
sub-07_1	19	Nothing	animo	3650085	100000	1			100000		other	0
sub-07_1	19	Pulse	255	3653371	103286	0
sub-07_1	19	Nothing	animo	3655085	105000	1			105000		other	0
sub-07_1	19	Nothing	animo	3660085	110000	1			110000		other	0
sub-07_1	19	Nothing	animo	3665085	115000	1			115000		other	0
sub-07_1	19	Nothing	animo	3670085	120000	1			120000		other	0
sub-07_1	19	Pulse	255	3673371	123286	0
sub-07_1	19	Nothing	animo	3675085	125000	1			125000		other	0
sub-07_1	19	Nothing	animo	3680085	130000	1			130000		other	0
sub-07_1	19	Nothing	animo	3685085	135000	1			135000		other	0
sub-07_1	19	Nothing	animo	3690085	140000	1			140000		other	0
sub-07_1	19	Pulse	255	3693371	143285	0
sub-07_1	19	Pulse	255	3713371	163285	0
sub-07_1	20	Pulse	255	3733371	12648	0
sub-07_1	20	Sound	start_sound	3750724	30000	2			30000		other	0
sub-07_1	20	Pulse	255	3753371	32648	0
sub-07_1	20	Nothing	parol	3760724	40000	1			40000		other	0
sub-07_1	20	Nothing	parol	3765724	45000	1			45000		other	0
sub-07_1	20	Nothing	parol	3770724	50000	1			50000		other	0
sub-07_1	20	Pulse	255	3773372	52648	0
sub-07_1	20	Nothing	parol	3775724	55000	1			55000		other	0
sub-07_1	20	Nothing	parol	3780724	60000	1			60000		other	0
sub-07_1	20	Nothing	parol	3785724	65000	1			65000		other	0
sub-07_1	20	Nothing	parol	3790724	70000	1			70000		other	0
sub-07_1	20	Pulse	255	3793371	72648	0
sub-07_1	20	Nothing	parol	3795724	75000	1			75000		other	0
sub-07_1	20	Nothing	parol	3800724	80000	1			80000		other	0
sub-07_1	20	Nothing	parol	3805724	85000	1			85000		other	0
sub-07_1	20	Nothing	parol	3810724	90000	1			90000		other	0
sub-07_1	20	Pulse	255	3813371	92648	0
sub-07_1	20	Nothing	parol	3815724	95000	1			95000		other	0
sub-07_1	20	Nothing	parol	3820724	100000	1			100000		other	0
sub-07_1	20	Nothing	parol	3825724	105000	1			105000		other	0
sub-07_1	20	Nothing	parol	3830724	110000	1			110000		other	0
sub-07_1	20	Pulse	255	3833371	112647	0
sub-07_1	20	Nothing	parol	3835724	115000	1			115000		other	0
sub-07_1	20	Nothing	parol	3840724	120000	1			120000		other	0
sub-07_1	20	Nothing	parol	3845724	125000	1			125000		other	0
sub-07_1	20	Nothing	parol	3850724	130000	1			130000		other	0
sub-07_1	20	Pulse	255	3853371	132648	0
sub-07_1	20	Nothing	parol	3855724	135000	1			135000		other	0
sub-07_1	20	Pulse	255	3873371	152647	0
sub-07_1	21	Pulse	255	3893372	6972	0
sub-07_1	21	Pulse	255	3913372	26971	0
sub-07_1	21	Sound	start_sound	3916400	30000	2			30000		other	0
sub-07_1	21	Nothing	yawny	3931400	45000	1			45000		other	0
sub-07_1	21	Pulse	255	3933372	46971	0
sub-07_1	21	Nothing	yawny	3936400	50000	1			50000		other	0
sub-07_1	21	Nothing	yawny	3941400	55000	1			55000		other	0
sub-07_1	21	Nothing	yawny	3946400	60000	1			60000		other	0
sub-07_1	21	Nothing	yawny	3951400	65000	1			65000		other	0
sub-07_1	21	Pulse	255	3953372	66972	0
sub-07_1	21	Nothing	yawny	3956400	70000	1			70000		other	0
sub-07_1	21	Nothing	yawny	3961400	75000	1			75000		other	0
sub-07_1	21	Nothing	yawny	3966400	80000	1			80000		other	0
sub-07_1	21	Nothing	yawny	3971400	85000	1			85000		other	0
sub-07_1	21	Pulse	255	3973371	86971	0
sub-07_1	21	Nothing	yawny	3976400	90000	1			90000		other	0
sub-07_1	21	Nothing	yawny	3981400	95000	1			95000		other	0
sub-07_1	21	Nothing	yawny	3986400	100000	1			100000		other	0
sub-07_1	21	Nothing	yawny	3991400	105000	1			105000		other	0
sub-07_1	21	Pulse	255	3993372	106972	0
sub-07_1	21	Nothing	yawny	3996400	110000	1			110000		other	0
sub-07_1	21	Nothing	yawny	4001400	115000	1			115000		other	0
sub-07_1	21	Nothing	yawny	4006400	120000	1			120000		other	0
sub-07_1	21	Nothing	yawny	4011400	125000	1			125000		other	0
sub-07_1	21	Pulse	255	4013372	126972	0
sub-07_1	21	Nothing	yawny	4016400	130000	1			130000		other	0
sub-07_1	21	Nothing	yawny	4021400	135000	1			135000		other	0
sub-07_1	21	Nothing	yawny	4026400	140000	1			140000		other	0
sub-07_1	21	Pulse	255	4033372	146972	0
sub-07_1	21	Pulse	255	4053372	166972	0
sub-07_1	22	Pulse	255	4073361	16304	0
sub-07_1	22	Sound	start_sound	4087058	30000	2			30000		other	0
sub-07_1	22	Pulse	255	4093361	36303	0
sub-07_1	22	Nothing	envir	4102058	45000	1			45000		other	0
sub-07_1	22	Nothing	envir	4107058	50000	1			50000		other	0
sub-07_1	22	Nothing	envir	4112058	55000	1			55000		other	0
sub-07_1	22	Pulse	255	4113362	56304	0
sub-07_1	22	Nothing	envir	4117058	60000	1			60000		other	0
sub-07_1	22	Nothing	envir	4122058	65000	1			65000		other	0
sub-07_1	22	Nothing	envir	4127058	70000	1			70000		other	0
sub-07_1	22	Nothing	envir	4132058	75000	1			75000		other	0
sub-07_1	22	Pulse	255	4133362	76304	0
sub-07_1	22	Nothing	envir	4137058	80000	1			80000		other	0
sub-07_1	22	Nothing	envir	4142058	85000	1			85000		other	0
sub-07_1	22	Nothing	envir	4147058	90000	1			90000		other	0
sub-07_1	22	Nothing	envir	4152058	95000	1			95000		other	0
sub-07_1	22	Pulse	255	4153362	96304	0
sub-07_1	22	Nothing	envir	4157058	100000	1			100000		other	0
sub-07_1	22	Nothing	envir	4162058	105000	1			105000		other	0
sub-07_1	22	Nothing	envir	4167058	110000	1			110000		other	0
sub-07_1	22	Nothing	envir	4172058	115000	1			115000		other	0
sub-07_1	22	Pulse	255	4173362	116304	0
sub-07_1	22	Nothing	envir	4177058	120000	1			120000		other	0
sub-07_1	22	Nothing	envir	4182058	125000	1			125000		other	0
sub-07_1	22	Nothing	envir	4187058	130000	1			130000		other	0
sub-07_1	22	Nothing	envir	4192058	135000	1			135000		other	0
sub-07_1	22	Pulse	255	4193362	136304	0
sub-07_1	22	Nothing	envir	4197058	140000	1			140000		other	0
sub-07_1	22	Pulse	255	4213362	156304	0
sub-07_1	23	Picture	Bfix	4227678	0	1	60539	1	0	60000	other	0
sub-07_1	23	Pulse	255	4233362	5685	0
sub-07_1	23	Pulse	255	4253363	25685	0
sub-07_1	23	Pulse	255	4273363	45685	0
sub-07_1	24	Pulse	255	4293362	5372	0
sub-07_1	24	Pulse	255	4313363	25372	0
sub-07_1	24	Sound	start_sound	4317990	30000	2			30000		other	0
sub-07_1	24	Nothing	pleur	4332990	45000	1			45000		other	0
sub-07_1	24	Pulse	255	4333362	45372	0
sub-07_1	24	Nothing	pleur	4337990	50000	1			50000		other	0
sub-07_1	24	Nothing	pleur	4342990	55000	1			55000		other	0
sub-07_1	24	Nothing	pleur	4347990	60000	1			60000		other	0
sub-07_1	24	Nothing	pleur	4352990	65000	1			65000		other	0
sub-07_1	24	Pulse	255	4353362	65372	0
sub-07_1	24	Nothing	pleur	4357990	70000	1			70000		other	0
sub-07_1	24	Nothing	pleur	4362990	75000	1			75000		other	0
sub-07_1	24	Nothing	pleur	4367990	80000	1			80000		other	0
sub-07_1	24	Nothing	pleur	4372990	85000	1			85000		other	0
sub-07_1	24	Pulse	255	4373362	85372	0
sub-07_1	24	Nothing	pleur	4377990	90000	1			90000		other	0
sub-07_1	24	Nothing	pleur	4382990	95000	1			95000		other	0
sub-07_1	24	Nothing	pleur	4387990	100000	1			100000		other	0
sub-07_1	24	Nothing	pleur	4392990	105000	1			105000		other	0
sub-07_1	24	Pulse	255	4393362	105372	0
sub-07_1	24	Nothing	pleur	4397990	110000	1			110000		other	0
sub-07_1	24	Nothing	pleur	4402990	115000	1			115000		other	0
sub-07_1	24	Nothing	pleur	4407990	120000	1			120000		other	0
sub-07_1	24	Nothing	pleur	4412990	125000	1			125000		other	0
sub-07_1	24	Pulse	255	4413362	125372	0
sub-07_1	24	Nothing	pleur	4417990	130000	1			130000		other	0
sub-07_1	24	Nothing	pleur	4422990	135000	1			135000		other	0
sub-07_1	24	Nothing	pleur	4427990	140000	1			140000		other	0
sub-07_1	24	Pulse	255	4433363	145372	0
sub-07_1	24	Pulse	255	4453363	165372	0
sub-07_1	25	Pulse	255	4473362	14649	0
sub-07_1	25	Sound	start_sound	4488713	30000	2			30000		other	0
sub-07_1	25	Pulse	255	4493363	34650	0
sub-07_1	25	Nothing	cough	4503713	45000	1			45000		other	0
sub-07_1	25	Nothing	cough	4508713	50000	1			50000		other	0
sub-07_1	25	Pulse	255	4513363	54650	0
sub-07_1	25	Nothing	cough	4513713	55000	1			55000		other	0
sub-07_1	25	Nothing	cough	4518713	60000	1			60000		other	0
sub-07_1	25	Nothing	cough	4523713	65000	1			65000		other	0
sub-07_1	25	Nothing	cough	4528713	70000	1			70000		other	0
sub-07_1	25	Pulse	255	4533362	74650	0
sub-07_1	25	Nothing	cough	4533713	75000	1			75000		other	0
sub-07_1	25	Nothing	cough	4538713	80000	1			80000		other	0
sub-07_1	25	Nothing	cough	4543713	85000	1			85000		other	0
sub-07_1	25	Nothing	cough	4548713	90000	1			90000		other	0
sub-07_1	25	Pulse	255	4553363	94650	0
sub-07_1	25	Nothing	cough	4553713	95000	1			95000		other	0
sub-07_1	25	Nothing	cough	4558713	100000	1			100000		other	0
sub-07_1	25	Nothing	cough	4563713	105000	1			105000		other	0
sub-07_1	25	Nothing	cough	4568713	110000	1			110000		other	0
sub-07_1	25	Pulse	255	4573363	114650	0
sub-07_1	25	Nothing	cough	4573713	115000	1			115000		other	0
sub-07_1	25	Nothing	cough	4578713	120000	1			120000		other	0
sub-07_1	25	Nothing	cough	4583713	125000	1			125000		other	0
sub-07_1	25	Nothing	cough	4588713	130000	1			130000		other	0
sub-07_1	25	Pulse	255	4593363	134650	0
sub-07_1	25	Nothing	cough	4593713	135000	1			135000		other	0
sub-07_1	25	Nothing	cough	4598713	140000	1			140000		other	0
sub-07_1	25	Pulse	255	4613363	154650	0
sub-07_1	26	Pulse	255	4633363	3856	0
sub-07_1	26	Pulse	255	4653363	23856	0
sub-07_1	26	Sound	start_sound	4659507	30000	2			30000		other	0
sub-07_1	26	Pulse	255	4673363	43856	0
sub-07_1	26	Nothing	suomi	4674507	45000	1			45000		other	0
sub-07_1	26	Nothing	suomi	4679507	50000	1			50000		other	0
sub-07_1	26	Nothing	suomi	4684507	55000	1			55000		other	0
sub-07_1	26	Nothing	suomi	4689507	60000	1			60000		other	0
sub-07_1	26	Pulse	255	4693363	63856	0
sub-07_1	26	Nothing	suomi	4694507	65000	1			65000		other	0
sub-07_1	26	Nothing	suomi	4699507	70000	1			70000		other	0
sub-07_1	26	Nothing	suomi	4704507	75000	1			75000		other	0
sub-07_1	26	Nothing	suomi	4709507	80000	1			80000		other	0
sub-07_1	26	Pulse	255	4713363	83855	0
sub-07_1	26	Nothing	suomi	4714507	85000	1			85000		other	0
sub-07_1	26	Nothing	suomi	4719507	90000	1			90000		other	0
sub-07_1	26	Nothing	suomi	4724507	95000	1			95000		other	0
sub-07_1	26	Nothing	suomi	4729507	100000	1			100000		other	0
sub-07_1	26	Pulse	255	4733363	103856	0
sub-07_1	26	Nothing	suomi	4734507	105000	1			105000		other	0
sub-07_1	26	Nothing	suomi	4739507	110000	1			110000		other	0
sub-07_1	26	Nothing	suomi	4744507	115000	1			115000		other	0
sub-07_1	26	Nothing	suomi	4749507	120000	1			120000		other	0
sub-07_1	26	Pulse	255	4753363	123856	0
sub-07_1	26	Nothing	suomi	4754507	125000	1			125000		other	0
sub-07_1	26	Nothing	suomi	4759507	130000	1			130000		other	0
sub-07_1	26	Nothing	suomi	4764507	135000	1			135000		other	0
sub-07_1	26	Nothing	suomi	4769507	140000	1			140000		other	0
sub-07_1	26	Pulse	255	4773364	143856	0
sub-07_1	26	Pulse	255	4793363	163856	0
sub-07_1	27	Pulse	255	4813363	13131	0
sub-07_1	27	Sound	start_sound	4830232	30000	2			30000		other	0
sub-07_1	27	Pulse	255	4833363	33132	0
sub-07_1	27	Nothing	silen	4845232	45000	1			45000		other	0
sub-07_1	27	Nothing	silen	4850232	50000	1			50000		other	0
sub-07_1	27	Pulse	255	4853363	53132	0
sub-07_1	27	Nothing	silen	4855232	55000	1			55000		other	0
sub-07_1	27	Nothing	silen	4860232	60000	1			60000		other	0
sub-07_1	27	Nothing	silen	4865232	65000	1			65000		other	0
sub-07_1	27	Nothing	silen	4870232	70000	1			70000		other	0
sub-07_1	27	Pulse	255	4873364	73132	0
sub-07_1	27	Nothing	silen	4875232	75000	1			75000		other	0
sub-07_1	27	Nothing	silen	4880232	80000	1			80000		other	0
sub-07_1	27	Nothing	silen	4885232	85000	1			85000		other	0
sub-07_1	27	Nothing	silen	4890232	90000	1			90000		other	0
sub-07_1	27	Pulse	255	4893363	93131	0
sub-07_1	27	Nothing	silen	4895232	95000	1			95000		other	0
sub-07_1	27	Nothing	silen	4900232	100000	1			100000		other	0
sub-07_1	27	Nothing	silen	4905232	105000	1			105000		other	0
sub-07_1	27	Nothing	silen	4910232	110000	1			110000		other	0
sub-07_1	27	Pulse	255	4913363	113131	0
sub-07_1	27	Nothing	silen	4915232	115000	1			115000		other	0
sub-07_1	27	Nothing	silen	4920232	120000	1			120000		other	0
sub-07_1	27	Nothing	silen	4925232	125000	1			125000		other	0
sub-07_1	27	Nothing	silen	4930232	130000	1			130000		other	0
sub-07_1	27	Pulse	255	4933363	133132	0
sub-07_1	27	Nothing	silen	4935232	135000	1			135000		other	0
sub-07_1	27	Nothing	silen	4940232	140000	1			140000		other	0
sub-07_1	27	Pulse	255	4953364	153133	0
sub-07_1	28	Pulse	255	4973363	2330	0
sub-07_1	28	Pulse	255	4993364	22330	0
sub-07_1	28	Sound	start_sound	5001033	30000	2			30000		other	0
sub-07_1	28	Pulse	255	5013364	42331	0
sub-07_1	28	Nothing	human	5016033	45000	1			45000		other	0
sub-07_1	28	Nothing	human	5021033	50000	1			50000		other	0
sub-07_1	28	Nothing	human	5026033	55000	1			55000		other	0
sub-07_1	28	Nothing	human	5031033	60000	1			60000		other	0
sub-07_1	28	Pulse	255	5033364	62330	0
sub-07_1	28	Nothing	human	5036033	65000	1			65000		other	0
sub-07_1	28	Nothing	human	5041033	70000	1			70000		other	0
sub-07_1	28	Nothing	human	5046033	75000	1			75000		other	0
sub-07_1	28	Nothing	human	5051033	80000	1			80000		other	0
sub-07_1	28	Pulse	255	5053363	82330	0
sub-07_1	28	Nothing	human	5056033	85000	1			85000		other	0
sub-07_1	28	Nothing	human	5061033	90000	1			90000		other	0
sub-07_1	28	Nothing	human	5066033	95000	1			95000		other	0
sub-07_1	28	Nothing	human	5071033	100000	1			100000		other	0
sub-07_1	28	Pulse	255	5073364	102330	0
sub-07_1	28	Nothing	human	5076033	105000	1			105000		other	0
sub-07_1	28	Nothing	human	5081033	110000	1			110000		other	0
sub-07_1	28	Nothing	human	5086033	115000	1			115000		other	0
sub-07_1	28	Nothing	human	5091033	120000	1			120000		other	0
sub-07_1	28	Pulse	255	5093364	122331	0
sub-07_1	28	Nothing	human	5096033	125000	1			125000		other	0
sub-07_1	28	Nothing	human	5101033	130000	1			130000		other	0
sub-07_1	28	Nothing	human	5106033	135000	1			135000		other	0
sub-07_1	28	Nothing	human	5111033	140000	1			140000		other	0
sub-07_1	28	Pulse	255	5113364	142331	0
sub-07_1	28	Pulse	255	5133364	162330	0
sub-07_1	29	Pulse	255	5153364	11664	0
sub-07_1	29	Sound	start_sound	5171700	30000	2			30000		other	0
sub-07_1	29	Pulse	255	5173364	31664	0
sub-07_1	29	Nothing	music	5186700	45000	1			45000		other	0
sub-07_1	29	Nothing	music	5191700	50000	1			50000		other	0
sub-07_1	29	Pulse	255	5193364	51665	0
sub-07_1	29	Nothing	music	5196700	55000	1			55000		other	0
sub-07_1	29	Nothing	music	5201700	60000	1			60000		other	0
sub-07_1	29	Nothing	music	5206700	65000	1			65000		other	0
sub-07_1	29	Nothing	music	5211700	70000	1			70000		other	0
sub-07_1	29	Pulse	255	5213365	71665	0
sub-07_1	29	Nothing	music	5216700	75000	1			75000		other	0
sub-07_1	29	Nothing	music	5221700	80000	1			80000		other	0
sub-07_1	29	Nothing	music	5226700	85000	1			85000		other	0
sub-07_1	29	Nothing	music	5231700	90000	1			90000		other	0
sub-07_1	29	Pulse	255	5233364	91665	0
sub-07_1	29	Nothing	music	5236700	95000	1			95000		other	0
sub-07_1	29	Nothing	music	5241700	100000	1			100000		other	0
sub-07_1	29	Nothing	music	5246700	105000	1			105000		other	0
sub-07_1	29	Nothing	music	5251700	110000	1			110000		other	0
sub-07_1	29	Pulse	255	5253365	111665	0
sub-07_1	29	Nothing	music	5256700	115000	1			115000		other	0
sub-07_1	29	Nothing	music	5261700	120000	1			120000		other	0
sub-07_1	29	Nothing	music	5266700	125000	1			125000		other	0
sub-07_1	29	Nothing	music	5271700	130000	1			130000		other	0
sub-07_1	29	Pulse	255	5273364	131664	0
sub-07_1	29	Nothing	music	5276700	135000	1			135000		other	0
sub-07_1	29	Nothing	music	5281700	140000	1			140000		other	0
sub-07_1	29	Pulse	255	5293365	151665	0
sub-07_1	30	Pulse	255	5313364	878	0
sub-07_1	30	Pulse	255	5333364	20878	0
sub-07_1	30	Sound	start_sound	5342486	30000	2			30000		other	0
sub-07_1	30	Pulse	255	5353365	40878	0
sub-07_1	30	Nothing	animo	5357486	45000	1			45000		other	0
sub-07_1	30	Nothing	animo	5362486	50000	1			50000		other	0
sub-07_1	30	Nothing	animo	5367486	55000	1			55000		other	0
sub-07_1	30	Nothing	animo	5372486	60000	1			60000		other	0
sub-07_1	30	Pulse	255	5373364	60878	0
sub-07_1	30	Nothing	animo	5377486	65000	1			65000		other	0
sub-07_1	30	Nothing	animo	5382486	70000	1			70000		other	0
sub-07_1	30	Nothing	animo	5387486	75000	1			75000		other	0
sub-07_1	30	Nothing	animo	5392486	80000	1			80000		other	0
sub-07_1	30	Pulse	255	5393365	80878	0
sub-07_1	30	Nothing	animo	5397486	85000	1			85000		other	0
sub-07_1	30	Nothing	animo	5402486	90000	1			90000		other	0
sub-07_1	30	Nothing	animo	5407486	95000	1			95000		other	0
sub-07_1	30	Nothing	animo	5412486	100000	1			100000		other	0
sub-07_1	30	Pulse	255	5413365	100878	0
sub-07_1	30	Nothing	animo	5417486	105000	1			105000		other	0
sub-07_1	30	Nothing	animo	5422486	110000	1			110000		other	0
sub-07_1	30	Nothing	animo	5427486	115000	1			115000		other	0
sub-07_1	30	Nothing	animo	5432486	120000	1			120000		other	0
sub-07_1	30	Pulse	255	5433364	120878	0
sub-07_1	30	Nothing	animo	5437486	125000	1			125000		other	0
sub-07_1	30	Nothing	animo	5442486	130000	1			130000		other	0
sub-07_1	30	Nothing	animo	5447486	135000	1			135000		other	0
sub-07_1	30	Nothing	animo	5452486	140000	1			140000		other	0
sub-07_1	30	Pulse	255	5453365	140879	0
sub-07_1	30	Pulse	255	5473365	160878	0
sub-07_1	31	Pulse	255	5493365	10089	0
sub-07_1	31	Sound	start_sound	5513276	30000	2			30000		other	0
sub-07_1	31	Pulse	255	5513365	30089	0
sub-07_1	31	Nothing	rires	5528276	45000	1			45000		other	0
sub-07_1	31	Nothing	rires	5533276	50000	1			50000		other	0
sub-07_1	31	Pulse	255	5533365	50089	0
sub-07_1	31	Nothing	rires	5538276	55000	1			55000		other	0
sub-07_1	31	Nothing	rires	5543276	60000	1			60000		other	0
sub-07_1	31	Nothing	rires	5548276	65000	1			65000		other	0
sub-07_1	31	Nothing	rires	5553276	70000	1			70000		other	0
sub-07_1	31	Pulse	255	5553365	70089	0
sub-07_1	31	Nothing	rires	5558276	75000	1			75000		other	0
sub-07_1	31	Nothing	rires	5563276	80000	1			80000		other	0
sub-07_1	31	Nothing	rires	5568276	85000	1			85000		other	0
sub-07_1	31	Nothing	rires	5573276	90000	1			90000		other	0
sub-07_1	31	Pulse	255	5573365	90089	0
sub-07_1	31	Nothing	rires	5578276	95000	1			95000		other	0
sub-07_1	31	Nothing	rires	5583276	100000	1			100000		other	0
sub-07_1	31	Nothing	rires	5588276	105000	1			105000		other	0
sub-07_1	31	Nothing	rires	5593276	110000	1			110000		other	0
sub-07_1	31	Pulse	255	5593365	110089	0
sub-07_1	31	Nothing	rires	5598276	115000	1			115000		other	0
sub-07_1	31	Nothing	rires	5603276	120000	1			120000		other	0
sub-07_1	31	Nothing	rires	5608276	125000	1			125000		other	0
sub-07_1	31	Nothing	rires	5613276	130000	1			130000		other	0
sub-07_1	31	Pulse	255	5613365	130089	0
sub-07_1	31	Nothing	rires	5618276	135000	1			135000		other	0
sub-07_1	31	Nothing	rires	5623276	140000	1			140000		other	0
sub-07_1	31	Pulse	255	5633365	150089	0
sub-07_1	31	Pulse	255	5653365	170089	0
sub-07_1	32	Pulse	255	5673365	19306	0
sub-07_1	32	Sound	start_sound	5684059	30000	2			30000		other	0
sub-07_1	32	Pulse	255	5693366	39306	0
sub-07_1	32	Nothing	envir	5699059	45000	1			45000		other	0
sub-07_1	32	Nothing	envir	5704059	50000	1			50000		other	0
sub-07_1	32	Nothing	envir	5709059	55000	1			55000		other	0
sub-07_1	32	Pulse	255	5713365	59306	0
sub-07_1	32	Nothing	envir	5714059	60000	1			60000		other	0
sub-07_1	32	Nothing	envir	5719059	65000	1			65000		other	0
sub-07_1	32	Nothing	envir	5724059	70000	1			70000		other	0
sub-07_1	32	Nothing	envir	5729059	75000	1			75000		other	0
sub-07_1	32	Pulse	255	5733365	79306	0
sub-07_1	32	Nothing	envir	5734059	80000	1			80000		other	0
sub-07_1	32	Nothing	envir	5739059	85000	1			85000		other	0
sub-07_1	32	Nothing	envir	5744059	90000	1			90000		other	0
sub-07_1	32	Nothing	envir	5749059	95000	1			95000		other	0
sub-07_1	32	Pulse	255	5753365	99306	0
sub-07_1	32	Nothing	envir	5754059	100000	1			100000		other	0
sub-07_1	32	Nothing	envir	5759059	105000	1			105000		other	0
sub-07_1	32	Nothing	envir	5764059	110000	1			110000		other	0
sub-07_1	32	Nothing	envir	5769059	115000	1			115000		other	0
sub-07_1	32	Pulse	255	5773365	119306	0
sub-07_1	32	Nothing	envir	5774059	120000	1			120000		other	0
sub-07_1	32	Nothing	envir	5779059	125000	1			125000		other	0
sub-07_1	32	Nothing	envir	5784059	130000	1			130000		other	0
sub-07_1	32	Nothing	envir	5789059	135000	1			135000		other	0
sub-07_1	32	Pulse	255	5793365	139306	0
sub-07_1	32	Nothing	envir	5794059	140000	1			140000		other	0
sub-07_1	32	Pulse	255	5813366	159307	0
sub-07_1	33	Pulse	255	5833366	8646	0
sub-07_1	33	Pulse	255	5853365	28645	0
sub-07_1	33	Sound	start_sound	5854720	30000	2			30000		other	0
sub-07_1	33	Nothing	cough	5869720	45000	1			45000		other	0
sub-07_1	33	Pulse	255	5873366	48646	0
sub-07_1	33	Nothing	cough	5874720	50000	1			50000		other	0
sub-07_1	33	Nothing	cough	5879720	55000	1			55000		other	0
sub-07_1	33	Nothing	cough	5884720	60000	1			60000		other	0
sub-07_1	33	Nothing	cough	5889720	65000	1			65000		other	0
sub-07_1	33	Pulse	255	5893366	68646	0
sub-07_1	33	Nothing	cough	5894720	70000	1			70000		other	0
sub-07_1	33	Nothing	cough	5899720	75000	1			75000		other	0
sub-07_1	33	Nothing	cough	5904720	80000	1			80000		other	0
sub-07_1	33	Nothing	cough	5909720	85000	1			85000		other	0
sub-07_1	33	Pulse	255	5913366	88646	0
sub-07_1	33	Nothing	cough	5914720	90000	1			90000		other	0
sub-07_1	33	Nothing	cough	5919720	95000	1			95000		other	0
sub-07_1	33	Nothing	cough	5924720	100000	1			100000		other	0
sub-07_1	33	Nothing	cough	5929720	105000	1			105000		other	0
sub-07_1	33	Pulse	255	5933365	108645	0
sub-07_1	33	Nothing	cough	5934720	110000	1			110000		other	0
sub-07_1	33	Nothing	cough	5939720	115000	1			115000		other	0
sub-07_1	33	Nothing	cough	5944720	120000	1			120000		other	0
sub-07_1	33	Nothing	cough	5949720	125000	1			125000		other	0
sub-07_1	33	Pulse	255	5953366	128646	0
sub-07_1	33	Nothing	cough	5954720	130000	1			130000		other	0
sub-07_1	33	Nothing	cough	5959720	135000	1			135000		other	0
sub-07_1	33	Nothing	cough	5964720	140000	1			140000		other	0
sub-07_1	33	Pulse	255	5973366	148646	0
sub-07_1	33	Pulse	255	5993367	168647	0
sub-07_1	34	Picture	Bfix	5995339	0	1	60537	1	0	60000	other	0
sub-07_1	34	Pulse	255	6013365	18026	0
sub-07_1	34	Pulse	255	6033366	38027	0
sub-07_1	34	Pulse	255	6053366	58027	0
sub-07_1	35	Pulse	255	6073366	17717	0
sub-07_1	35	Sound	start_sound	6085649	30000	2			30000		other	0
sub-07_1	35	Pulse	255	6093366	37717	0
sub-07_1	35	Nothing	pleur	6100649	45000	1			45000		other	0
sub-07_1	35	Nothing	pleur	6105649	50000	1			50000		other	0
sub-07_1	35	Nothing	pleur	6110649	55000	1			55000		other	0
sub-07_1	35	Pulse	255	6113366	57716	0
sub-07_1	35	Nothing	pleur	6115649	60000	1			60000		other	0
sub-07_1	35	Nothing	pleur	6120649	65000	1			65000		other	0
sub-07_1	35	Nothing	pleur	6125649	70000	1			70000		other	0
sub-07_1	35	Nothing	pleur	6130649	75000	1			75000		other	0
sub-07_1	35	Pulse	255	6133366	77717	0
sub-07_1	35	Nothing	pleur	6135649	80000	1			80000		other	0
sub-07_1	35	Nothing	pleur	6140649	85000	1			85000		other	0
sub-07_1	35	Nothing	pleur	6145649	90000	1			90000		other	0
sub-07_1	35	Nothing	pleur	6150649	95000	1			95000		other	0
sub-07_1	35	Pulse	255	6153366	97717	0
sub-07_1	35	Nothing	pleur	6155649	100000	1			100000		other	0
sub-07_1	35	Nothing	pleur	6160649	105000	1			105000		other	0
sub-07_1	35	Nothing	pleur	6165649	110000	1			110000		other	0
sub-07_1	35	Nothing	pleur	6170649	115000	1			115000		other	0
sub-07_1	35	Pulse	255	6173366	117716	0
sub-07_1	35	Nothing	pleur	6175649	120000	1			120000		other	0
sub-07_1	35	Nothing	pleur	6180649	125000	1			125000		other	0
sub-07_1	35	Nothing	pleur	6185649	130000	1			130000		other	0
sub-07_1	35	Nothing	pleur	6190649	135000	1			135000		other	0
sub-07_1	35	Pulse	255	6193356	137707	0
sub-07_1	35	Nothing	pleur	6195649	140000	1			140000		other	0
sub-07_1	35	Pulse	255	6213357	157707	0
sub-07_1	36	Pulse	255	6233356	7041	0
sub-07_1	36	Pulse	255	6253357	27042	0
sub-07_1	36	Sound	start_sound	6256315	30000	2			30000		other	0
sub-07_1	36	Nothing	suomi	6271315	45000	1			45000		other	0
sub-07_1	36	Pulse	255	6273356	47041	0
sub-07_1	36	Nothing	suomi	6276315	50000	1			50000		other	0
sub-07_1	36	Nothing	suomi	6281315	55000	1			55000		other	0
sub-07_1	36	Nothing	suomi	6286315	60000	1			60000		other	0
sub-07_1	36	Nothing	suomi	6291315	65000	1			65000		other	0
sub-07_1	36	Pulse	255	6293356	67041	0
sub-07_1	36	Nothing	suomi	6296315	70000	1			70000		other	0
sub-07_1	36	Nothing	suomi	6301315	75000	1			75000		other	0
sub-07_1	36	Nothing	suomi	6306315	80000	1			80000		other	0
sub-07_1	36	Nothing	suomi	6311315	85000	1			85000		other	0
sub-07_1	36	Pulse	255	6313356	87041	0
sub-07_1	36	Nothing	suomi	6316315	90000	1			90000		other	0
sub-07_1	36	Nothing	suomi	6321315	95000	1			95000		other	0
sub-07_1	36	Nothing	suomi	6326315	100000	1			100000		other	0
sub-07_1	36	Nothing	suomi	6331315	105000	1			105000		other	0
sub-07_1	36	Pulse	255	6333356	107041	0
sub-07_1	36	Nothing	suomi	6336315	110000	1			110000		other	0
sub-07_1	36	Nothing	suomi	6341315	115000	1			115000		other	0
sub-07_1	36	Nothing	suomi	6346315	120000	1			120000		other	0
sub-07_1	36	Nothing	suomi	6351315	125000	1			125000		other	0
sub-07_1	36	Pulse	255	6353357	127042	0
sub-07_1	36	Nothing	suomi	6356315	130000	1			130000		other	0
sub-07_1	36	Nothing	suomi	6361315	135000	1			135000		other	0
sub-07_1	36	Nothing	suomi	6366315	140000	1			140000		other	0
sub-07_1	36	Pulse	255	6373356	147041	0
sub-07_1	36	Pulse	255	6393356	167041	0
sub-07_1	37	Pulse	255	6413357	16460	0
sub-07_1	37	Sound	start_sound	6426897	30000	2			30000		other	0
sub-07_1	37	Pulse	255	6433357	36460	0
sub-07_1	37	Nothing	yawny	6441897	45000	1			45000		other	0
sub-07_1	37	Nothing	yawny	6446897	50000	1			50000		other	0
sub-07_1	37	Nothing	yawny	6451897	55000	1			55000		other	0
sub-07_1	37	Pulse	255	6453356	56460	0
sub-07_1	37	Nothing	yawny	6456897	60000	1			60000		other	0
sub-07_1	37	Nothing	yawny	6461897	65000	1			65000		other	0
sub-07_1	37	Nothing	yawny	6466897	70000	1			70000		other	0
sub-07_1	37	Nothing	yawny	6471897	75000	1			75000		other	0
sub-07_1	37	Pulse	255	6473357	76460	0
sub-07_1	37	Nothing	yawny	6476897	80000	1			80000		other	0
sub-07_1	37	Nothing	yawny	6481897	85000	1			85000		other	0
sub-07_1	37	Nothing	yawny	6486897	90000	1			90000		other	0
sub-07_1	37	Nothing	yawny	6491897	95000	1			95000		other	0
sub-07_1	37	Pulse	255	6493357	96460	0
sub-07_1	37	Nothing	yawny	6496897	100000	1			100000		other	0
sub-07_1	37	Nothing	yawny	6501897	105000	1			105000		other	0
sub-07_1	37	Nothing	yawny	6506897	110000	1			110000		other	0
sub-07_1	37	Nothing	yawny	6511897	115000	1			115000		other	0
sub-07_1	37	Pulse	255	6513356	116459	0
sub-07_1	37	Nothing	yawny	6516897	120000	1			120000		other	0
sub-07_1	37	Nothing	yawny	6521897	125000	1			125000		other	0
sub-07_1	37	Nothing	yawny	6526897	130000	1			130000		other	0
sub-07_1	37	Nothing	yawny	6531897	135000	1			135000		other	0
sub-07_1	37	Pulse	255	6533356	136459	0
sub-07_1	37	Nothing	yawny	6536897	140000	1			140000		other	0
sub-07_1	37	Pulse	255	6553357	156460	0
sub-07_1	38	Pulse	255	6573358	5758	0
sub-07_1	38	Pulse	255	6593356	25757	0
sub-07_1	38	Sound	start_sound	6597599	30000	2			30000		other	0
sub-07_1	38	Nothing	human	6612599	45000	1			45000		other	0
sub-07_1	38	Pulse	255	6613357	45758	0
sub-07_1	38	Nothing	human	6617599	50000	1			50000		other	0
sub-07_1	38	Nothing	human	6622599	55000	1			55000		other	0
sub-07_1	38	Nothing	human	6627599	60000	1			60000		other	0
sub-07_1	38	Nothing	human	6632599	65000	1			65000		other	0
sub-07_1	38	Pulse	255	6633358	65758	0
sub-07_1	38	Nothing	human	6637599	70000	1			70000		other	0
sub-07_1	38	Nothing	human	6642599	75000	1			75000		other	0
sub-07_1	38	Nothing	human	6647599	80000	1			80000		other	0
sub-07_1	38	Nothing	human	6652599	85000	1			85000		other	0
sub-07_1	38	Pulse	255	6653357	85758	0
sub-07_1	38	Nothing	human	6657599	90000	1			90000		other	0
sub-07_1	38	Nothing	human	6662599	95000	1			95000		other	0
sub-07_1	38	Nothing	human	6667599	100000	1			100000		other	0
sub-07_1	38	Nothing	human	6672599	105000	1			105000		other	0
sub-07_1	38	Pulse	255	6673356	105757	0
sub-07_1	38	Nothing	human	6677599	110000	1			110000		other	0
sub-07_1	38	Nothing	human	6682599	115000	1			115000		other	0
sub-07_1	38	Nothing	human	6687599	120000	1			120000		other	0
sub-07_1	38	Nothing	human	6692599	125000	1			125000		other	0
sub-07_1	38	Pulse	255	6693357	125758	0
sub-07_1	38	Nothing	human	6697599	130000	1			130000		other	0
sub-07_1	38	Nothing	human	6702599	135000	1			135000		other	0
sub-07_1	38	Nothing	human	6707599	140000	1			140000		other	0
sub-07_1	38	Pulse	255	6713357	145757	0
sub-07_1	38	Pulse	255	6733357	165758	0
sub-07_1	39	Pulse	255	6753357	15101	0
sub-07_1	39	Sound	start_sound	6768256	30000	2			30000		other	0
sub-07_1	39	Pulse	255	6773357	35102	0
sub-07_1	39	Nothing	silen	6783256	45000	1			45000		other	0
sub-07_1	39	Nothing	silen	6788256	50000	1			50000		other	0
sub-07_1	39	Nothing	silen	6793256	55000	1			55000		other	0
sub-07_1	39	Pulse	255	6793358	55102	0
sub-07_1	39	Nothing	silen	6798256	60000	1			60000		other	0
sub-07_1	39	Nothing	silen	6803256	65000	1			65000		other	0
sub-07_1	39	Nothing	silen	6808256	70000	1			70000		other	0
sub-07_1	39	Nothing	silen	6813256	75000	1			75000		other	0
sub-07_1	39	Pulse	255	6813358	75102	0
sub-07_1	39	Nothing	silen	6818256	80000	1			80000		other	0
sub-07_1	39	Nothing	silen	6823256	85000	1			85000		other	0
sub-07_1	39	Nothing	silen	6828256	90000	1			90000		other	0
sub-07_1	39	Nothing	silen	6833256	95000	1			95000		other	0
sub-07_1	39	Pulse	255	6833357	95102	0
sub-07_1	39	Nothing	silen	6838256	100000	1			100000		other	0
sub-07_1	39	Nothing	silen	6843256	105000	1			105000		other	0
sub-07_1	39	Nothing	silen	6848256	110000	1			110000		other	0
sub-07_1	39	Nothing	silen	6853256	115000	1			115000		other	0
sub-07_1	39	Pulse	255	6853357	115102	0
sub-07_1	39	Nothing	silen	6858256	120000	1			120000		other	0
sub-07_1	39	Nothing	silen	6863256	125000	1			125000		other	0
sub-07_1	39	Nothing	silen	6868256	130000	1			130000		other	0
sub-07_1	39	Nothing	silen	6873256	135000	1			135000		other	0
sub-07_1	39	Pulse	255	6873358	135102	0
sub-07_1	39	Nothing	silen	6878256	140000	1			140000		other	0
sub-07_1	39	Pulse	255	6893358	155102	0
sub-07_1	40	Pulse	255	6913358	4531	0
sub-07_1	40	Pulse	255	6933357	24530	0
sub-07_1	40	Sound	start_sound	6938827	30000	2			30000		other	0
sub-07_1	40	Pulse	255	6953358	44531	0
sub-07_1	40	Nothing	music	6953827	45000	1			45000		other	0
sub-07_1	40	Nothing	music	6958827	50000	1			50000		other	0
sub-07_1	40	Nothing	music	6963827	55000	1			55000		other	0
sub-07_1	40	Nothing	music	6968827	60000	1			60000		other	0
sub-07_1	40	Pulse	255	6973358	64531	0
sub-07_1	40	Nothing	music	6973827	65000	1			65000		other	0
sub-07_1	40	Nothing	music	6978827	70000	1			70000		other	0
sub-07_1	40	Nothing	music	6983827	75000	1			75000		other	0
sub-07_1	40	Nothing	music	6988827	80000	1			80000		other	0
sub-07_1	40	Pulse	255	6993358	84531	0
sub-07_1	40	Nothing	music	6993827	85000	1			85000		other	0
sub-07_1	40	Nothing	music	6998827	90000	1			90000		other	0
sub-07_1	40	Nothing	music	7003827	95000	1			95000		other	0
sub-07_1	40	Nothing	music	7008827	100000	1			100000		other	0
sub-07_1	40	Pulse	255	7013358	104531	0
sub-07_1	40	Nothing	music	7013827	105000	1			105000		other	0
sub-07_1	40	Nothing	music	7018827	110000	1			110000		other	0
sub-07_1	40	Nothing	music	7023827	115000	1			115000		other	0
sub-07_1	40	Nothing	music	7028827	120000	1			120000		other	0
sub-07_1	40	Pulse	255	7033358	124531	0
sub-07_1	40	Nothing	music	7033827	125000	1			125000		other	0
sub-07_1	40	Nothing	music	7038827	130000	1			130000		other	0
sub-07_1	40	Nothing	music	7043827	135000	1			135000		other	0
sub-07_1	40	Nothing	music	7048827	140000	1			140000		other	0
sub-07_1	40	Pulse	255	7053358	144531	0
sub-07_1	40	Pulse	255	7073358	164531	0
sub-07_1	41	Pulse	255	7093358	13809	0
sub-07_1	41	Sound	start_sound	7109549	30000	2			30000		other	0
sub-07_1	41	Pulse	255	7113358	33809	0
sub-07_1	41	Nothing	rever	7124549	45000	1			45000		other	0
sub-07_1	41	Nothing	rever	7129549	50000	1			50000		other	0
sub-07_1	41	Pulse	255	7133358	53810	0
sub-07_1	41	Nothing	rever	7134549	55000	1			55000		other	0
sub-07_1	41	Nothing	rever	7139549	60000	1			60000		other	0
sub-07_1	41	Nothing	rever	7144549	65000	1			65000		other	0
sub-07_1	41	Nothing	rever	7149549	70000	1			70000		other	0
sub-07_1	41	Pulse	255	7153358	73810	0
sub-07_1	41	Nothing	rever	7154549	75000	1			75000		other	0
sub-07_1	41	Nothing	rever	7159549	80000	1			80000		other	0
sub-07_1	41	Nothing	rever	7164549	85000	1			85000		other	0
sub-07_1	41	Nothing	rever	7169549	90000	1			90000		other	0
sub-07_1	41	Pulse	255	7173358	93810	0
sub-07_1	41	Nothing	rever	7174549	95000	1			95000		other	0
sub-07_1	41	Nothing	rever	7179549	100000	1			100000		other	0
sub-07_1	41	Nothing	rever	7184549	105000	1			105000		other	0
sub-07_1	41	Nothing	rever	7189549	110000	1			110000		other	0
sub-07_1	41	Pulse	255	7193358	113810	0
sub-07_1	41	Nothing	rever	7194549	115000	1			115000		other	0
sub-07_1	41	Nothing	rever	7199549	120000	1			120000		other	0
sub-07_1	41	Nothing	rever	7204549	125000	1			125000		other	0
sub-07_1	41	Nothing	rever	7209549	130000	1			130000		other	0
sub-07_1	41	Pulse	255	7213358	133809	0
sub-07_1	41	Nothing	rever	7214549	135000	1			135000		other	0
sub-07_1	41	Nothing	rever	7219549	140000	1			140000		other	0
sub-07_1	41	Pulse	255	7233358	153809	0
sub-07_1	42	Pulse	255	7253359	3163	0
sub-07_1	42	Pulse	255	7273359	23163	0
sub-07_1	42	Sound	start_sound	7280196	30000	2			30000		other	0
sub-07_1	42	Nothing	parol	7290196	40000	1			40000		other	0
sub-07_1	42	Pulse	255	7293359	43163	0
sub-07_1	42	Nothing	parol	7295196	45000	1			45000		other	0
sub-07_1	42	Nothing	parol	7300196	50000	1			50000		other	0
sub-07_1	42	Nothing	parol	7305196	55000	1			55000		other	0
sub-07_1	42	Nothing	parol	7310196	60000	1			60000		other	0
sub-07_1	42	Pulse	255	7313359	63163	0
sub-07_1	42	Nothing	parol	7315196	65000	1			65000		other	0
sub-07_1	42	Nothing	parol	7320196	70000	1			70000		other	0
sub-07_1	42	Nothing	parol	7325196	75000	1			75000		other	0
sub-07_1	42	Nothing	parol	7330196	80000	1			80000		other	0
sub-07_1	42	Pulse	255	7333359	83163	0
sub-07_1	42	Nothing	parol	7335196	85000	1			85000		other	0
sub-07_1	42	Nothing	parol	7340196	90000	1			90000		other	0
sub-07_1	42	Nothing	parol	7345196	95000	1			95000		other	0
sub-07_1	42	Nothing	parol	7350196	100000	1			100000		other	0
sub-07_1	42	Pulse	255	7353359	103163	0
sub-07_1	42	Nothing	parol	7355196	105000	1			105000		other	0
sub-07_1	42	Nothing	parol	7360196	110000	1			110000		other	0
sub-07_1	42	Nothing	parol	7365196	115000	1			115000		other	0
sub-07_1	42	Nothing	parol	7370196	120000	1			120000		other	0
sub-07_1	42	Pulse	255	7373359	123163	0
sub-07_1	42	Nothing	parol	7375196	125000	1			125000		other	0
sub-07_1	42	Nothing	parol	7380196	130000	1			130000		other	0
sub-07_1	42	Nothing	parol	7385196	135000	1			135000		other	0
sub-07_1	42	Pulse	255	7393359	143163	0
sub-07_1	42	Pulse	255	7413359	163163	0
sub-07_1	43	Pulse	255	7433359	17498	0
sub-07_1	43	Sound	start_sound	7445860	30000	2			30000		other	0
sub-07_1	43	Pulse	255	7453358	37498	0
sub-07_1	43	Nothing	alpha	7460860	45000	1			45000		other	0
sub-07_1	43	Nothing	alpha	7465860	50000	1			50000		other	0
sub-07_1	43	Nothing	alpha	7470860	55000	1			55000		other	0
sub-07_1	43	Pulse	255	7473359	57498	0
sub-07_1	43	Nothing	alpha	7475860	60000	1			60000		other	0
sub-07_1	43	Nothing	alpha	7480860	65000	1			65000		other	0
sub-07_1	43	Nothing	alpha	7485860	70000	1			70000		other	0
sub-07_1	43	Nothing	alpha	7490860	75000	1			75000		other	0
sub-07_1	43	Pulse	255	7493359	77498	0
sub-07_1	43	Nothing	alpha	7495860	80000	1			80000		other	0
sub-07_1	43	Nothing	alpha	7500860	85000	1			85000		other	0
sub-07_1	43	Nothing	alpha	7505860	90000	1			90000		other	0
sub-07_1	43	Nothing	alpha	7510860	95000	1			95000		other	0
sub-07_1	43	Pulse	255	7513359	97499	0
sub-07_1	43	Nothing	alpha	7515860	100000	1			100000		other	0
sub-07_1	43	Nothing	alpha	7520860	105000	1			105000		other	0
sub-07_1	43	Nothing	alpha	7525860	110000	1			110000		other	0
sub-07_1	43	Nothing	alpha	7530860	115000	1			115000		other	0
sub-07_1	43	Pulse	255	7533359	117498	0
sub-07_1	43	Nothing	alpha	7535860	120000	1			120000		other	0
sub-07_1	43	Nothing	alpha	7540860	125000	1			125000		other	0
sub-07_1	43	Nothing	alpha	7545860	130000	1			130000		other	0
sub-07_1	43	Nothing	alpha	7550860	135000	1			135000		other	0
sub-07_1	43	Pulse	255	7553359	137499	0
sub-07_1	43	Nothing	alpha	7555860	140000	1			140000		other	0
sub-07_1	43	Pulse	255	7573359	157499	0
sub-07_1	44	Picture	Bfix	7586480	0	1	60226	1	0	60000	other	0
sub-07_1	44	Pulse	255	7593359	6879	0
sub-07_1	44	Pulse	255	7613359	26879	0
sub-07_1	44	Pulse	255	7633359	46879	0
sub-07_1	45	Picture	Bfix	7646872	0	1	60226	1	0	60000	other	0
sub-07_1	45	Pulse	255	7653359	6487	0
sub-07_1	45	Pulse	255	7673359	26487	0

The following output port codes were not sent because of a conflict on the port.
Port	Code	Time(ms)
1	5	81150.1
