Scenario - loca_audi_bis
Logfile written - 01/09/2019 17:17:53

Subject	Trial	Event Type	Code	Time	TTime	Uncertainty	Duration	Uncertainty	ReqTime	ReqDur	Stim Type	Pair Index

sub-05_2	0	Pulse	255	556392	556392	0
sub-05_2	1	Nothing	cut	556618	0	1			0		other	0
sub-05_2	1	Nothing	cut	561618	5000	1			5000		other	0
sub-05_2	2	Pulse	255	576391	9656	0
sub-05_2	2	Pulse	255	596392	29656	0
sub-05_2	2	Sound	start_sound	596736	30000	19397			30000		other	0
sub-05_2	2	Nothing	pleur	616132	49397	1			45000		other	0
sub-05_2	2	Pulse	255	616392	49656	0
sub-05_2	2	Nothing	pleur	616736	50000	1			50000		other	0
sub-05_2	2	Nothing	pleur	621736	55000	1			55000		other	0
sub-05_2	2	Nothing	pleur	626736	60000	1			60000		other	0
sub-05_2	2	Nothing	pleur	631736	65000	1			65000		other	0
sub-05_2	2	Pulse	255	636392	69656	0
sub-05_2	2	Nothing	pleur	636736	70000	1			70000		other	0
sub-05_2	2	Nothing	pleur	641736	75000	1			75000		other	0
sub-05_2	2	Nothing	pleur	646736	80000	1			80000		other	0
sub-05_2	2	Nothing	pleur	651736	85000	1			85000		other	0
sub-05_2	2	Pulse	255	656392	89656	0
sub-05_2	2	Nothing	pleur	656736	90000	1			90000		other	0
sub-05_2	2	Nothing	pleur	661736	95000	1			95000		other	0
sub-05_2	2	Nothing	pleur	666736	100000	1			100000		other	0
sub-05_2	2	Nothing	pleur	671736	105000	1			105000		other	0
sub-05_2	2	Pulse	255	676392	109656	0
sub-05_2	2	Nothing	pleur	676736	110000	1			110000		other	0
sub-05_2	2	Nothing	pleur	681736	115000	1			115000		other	0
sub-05_2	2	Nothing	pleur	686736	120000	1			120000		other	0
sub-05_2	2	Nothing	pleur	691736	125000	1			125000		other	0
sub-05_2	2	Pulse	255	696392	129656	0
sub-05_2	2	Nothing	pleur	696736	130000	1			130000		other	0
sub-05_2	2	Nothing	pleur	701736	135000	1			135000		other	0
sub-05_2	2	Nothing	pleur	706736	140000	1			140000		other	0
sub-05_2	2	Pulse	255	716392	149656	0
sub-05_2	2	Pulse	255	736392	169656	0
sub-05_2	3	Pulse	255	756392	19097	0
sub-05_2	3	Sound	start_sound	767295	30000	2			30000		other	0
sub-05_2	3	Pulse	255	776392	39097	0
sub-05_2	3	Nothing	suomi	782295	45000	1			45000		other	0
sub-05_2	3	Nothing	suomi	787295	50000	1			50000		other	0
sub-05_2	3	Nothing	suomi	792295	55000	1			55000		other	0
sub-05_2	3	Pulse	255	796392	59097	0
sub-05_2	3	Nothing	suomi	797295	60000	1			60000		other	0
sub-05_2	3	Nothing	suomi	802295	65000	1			65000		other	0
sub-05_2	3	Nothing	suomi	807295	70000	1			70000		other	0
sub-05_2	3	Nothing	suomi	812295	75000	1			75000		other	0
sub-05_2	3	Pulse	255	816392	79098	0
sub-05_2	3	Nothing	suomi	817295	80000	1			80000		other	0
sub-05_2	3	Nothing	suomi	822295	85000	1			85000		other	0
sub-05_2	3	Nothing	suomi	827295	90000	1			90000		other	0
sub-05_2	3	Nothing	suomi	832295	95000	1			95000		other	0
sub-05_2	3	Pulse	255	836393	99098	0
sub-05_2	3	Nothing	suomi	837295	100000	1			100000		other	0
sub-05_2	3	Nothing	suomi	842295	105000	1			105000		other	0
sub-05_2	3	Nothing	suomi	847295	110000	1			110000		other	0
sub-05_2	3	Nothing	suomi	852295	115000	1			115000		other	0
sub-05_2	3	Pulse	255	856393	119098	0
sub-05_2	3	Nothing	suomi	857295	120000	1			120000		other	0
sub-05_2	3	Nothing	suomi	862295	125000	1			125000		other	0
sub-05_2	3	Nothing	suomi	867295	130000	1			130000		other	0
sub-05_2	3	Nothing	suomi	872295	135000	1			135000		other	0
sub-05_2	3	Pulse	255	876393	139098	0
sub-05_2	3	Nothing	suomi	877295	140000	1			140000		other	0
sub-05_2	3	Pulse	255	896393	159098	0
sub-05_2	4	Pulse	255	916393	8544	0
sub-05_2	4	Pulse	255	936393	28544	0
sub-05_2	4	Sound	start_sound	937849	30000	2			30000		other	0
sub-05_2	4	Nothing	yawny	952849	45000	1			45000		other	0
sub-05_2	4	Pulse	255	956393	48544	0
sub-05_2	4	Nothing	yawny	957849	50000	1			50000		other	0
sub-05_2	4	Nothing	yawny	962849	55000	1			55000		other	0
sub-05_2	4	Nothing	yawny	967849	60000	1			60000		other	0
sub-05_2	4	Nothing	yawny	972849	65000	1			65000		other	0
sub-05_2	4	Pulse	255	976393	68544	0
sub-05_2	4	Nothing	yawny	977849	70000	1			70000		other	0
sub-05_2	4	Nothing	yawny	982849	75000	1			75000		other	0
sub-05_2	4	Nothing	yawny	987849	80000	1			80000		other	0
sub-05_2	4	Nothing	yawny	992849	85000	1			85000		other	0
sub-05_2	4	Pulse	255	996393	88544	0
sub-05_2	4	Nothing	yawny	997849	90000	1			90000		other	0
sub-05_2	4	Nothing	yawny	1002849	95000	1			95000		other	0
sub-05_2	4	Nothing	yawny	1007849	100000	1			100000		other	0
sub-05_2	4	Nothing	yawny	1012849	105000	1			105000		other	0
sub-05_2	4	Pulse	255	1016392	108544	0
sub-05_2	4	Nothing	yawny	1017849	110000	1			110000		other	0
sub-05_2	4	Nothing	yawny	1022849	115000	1			115000		other	0
sub-05_2	4	Nothing	yawny	1027849	120000	1			120000		other	0
sub-05_2	4	Nothing	yawny	1032849	125000	1			125000		other	0
sub-05_2	4	Pulse	255	1036393	128544	0
sub-05_2	4	Nothing	yawny	1037849	130000	1			130000		other	0
sub-05_2	4	Nothing	yawny	1042849	135000	1			135000		other	0
sub-05_2	4	Nothing	yawny	1047849	140000	1			140000		other	0
sub-05_2	4	Pulse	255	1056393	148544	0
sub-05_2	4	Pulse	255	1076393	168544	0
sub-05_2	5	Pulse	255	1096393	17989	0
sub-05_2	5	Sound	start_sound	1108404	30000	2			30000		other	0
sub-05_2	5	Pulse	255	1116393	37989	0
sub-05_2	5	Nothing	human	1123404	45000	1			45000		other	0
sub-05_2	5	Nothing	human	1128404	50000	1			50000		other	0
sub-05_2	5	Nothing	human	1133404	55000	1			55000		other	0
sub-05_2	5	Pulse	255	1136393	57989	0
sub-05_2	5	Nothing	human	1138404	60000	1			60000		other	0
sub-05_2	5	Nothing	human	1143404	65000	1			65000		other	0
sub-05_2	5	Nothing	human	1148404	70000	1			70000		other	0
sub-05_2	5	Nothing	human	1153404	75000	1			75000		other	0
sub-05_2	5	Pulse	255	1156393	77990	0
sub-05_2	5	Nothing	human	1158404	80000	1			80000		other	0
sub-05_2	5	Nothing	human	1163404	85000	1			85000		other	0
sub-05_2	5	Nothing	human	1168404	90000	1			90000		other	0
sub-05_2	5	Nothing	human	1173404	95000	1			95000		other	0
sub-05_2	5	Pulse	255	1176393	97990	0
sub-05_2	5	Nothing	human	1178404	100000	1			100000		other	0
sub-05_2	5	Nothing	human	1183404	105000	1			105000		other	0
sub-05_2	5	Nothing	human	1188404	110000	1			110000		other	0
sub-05_2	5	Nothing	human	1193404	115000	1			115000		other	0
sub-05_2	5	Pulse	255	1196393	117989	0
sub-05_2	5	Nothing	human	1198404	120000	1			120000		other	0
sub-05_2	5	Nothing	human	1203404	125000	1			125000		other	0
sub-05_2	5	Nothing	human	1208404	130000	1			130000		other	0
sub-05_2	5	Nothing	human	1213404	135000	1			135000		other	0
sub-05_2	5	Pulse	255	1216393	137989	0
sub-05_2	5	Nothing	human	1218404	140000	1			140000		other	0
sub-05_2	5	Pulse	255	1236393	157989	0
sub-05_2	6	Pulse	255	1256393	7434	0
sub-05_2	6	Pulse	255	1276384	27425	0
sub-05_2	6	Sound	start_sound	1278959	30000	2			30000		other	0
sub-05_2	6	Nothing	silen	1293959	45000	1			45000		other	0
sub-05_2	6	Pulse	255	1296384	47424	0
sub-05_2	6	Nothing	silen	1298959	50000	1			50000		other	0
sub-05_2	6	Nothing	silen	1303959	55000	1			55000		other	0
sub-05_2	6	Nothing	silen	1308959	60000	1			60000		other	0
sub-05_2	6	Nothing	silen	1313959	65000	1			65000		other	0
sub-05_2	6	Pulse	255	1316384	67424	0
sub-05_2	6	Nothing	silen	1318959	70000	1			70000		other	0
sub-05_2	6	Nothing	silen	1323959	75000	1			75000		other	0
sub-05_2	6	Nothing	silen	1328959	80000	1			80000		other	0
sub-05_2	6	Nothing	silen	1333959	85000	1			85000		other	0
sub-05_2	6	Pulse	255	1336384	87424	0
sub-05_2	6	Nothing	silen	1338959	90000	1			90000		other	0
sub-05_2	6	Nothing	silen	1343959	95000	1			95000		other	0
sub-05_2	6	Nothing	silen	1348959	100000	1			100000		other	0
sub-05_2	6	Nothing	silen	1353959	105000	1			105000		other	0
sub-05_2	6	Pulse	255	1356384	107425	0
sub-05_2	6	Nothing	silen	1358959	110000	1			110000		other	0
sub-05_2	6	Nothing	silen	1363959	115000	1			115000		other	0
sub-05_2	6	Nothing	silen	1368959	120000	1			120000		other	0
sub-05_2	6	Nothing	silen	1373959	125000	1			125000		other	0
sub-05_2	6	Pulse	255	1376384	127425	0
sub-05_2	6	Nothing	silen	1378959	130000	1			130000		other	0
sub-05_2	6	Nothing	silen	1383959	135000	1			135000		other	0
sub-05_2	6	Nothing	silen	1388959	140000	1			140000		other	0
sub-05_2	6	Pulse	255	1396384	147425	0
sub-05_2	6	Pulse	255	1416384	167425	0
sub-05_2	7	Pulse	255	1436384	16844	0
sub-05_2	7	Sound	start_sound	1449540	30000	2			30000		other	0
sub-05_2	7	Pulse	255	1456384	36844	0
sub-05_2	7	Nothing	music	1464540	45000	1			45000		other	0
sub-05_2	7	Nothing	music	1469540	50000	1			50000		other	0
sub-05_2	7	Nothing	music	1474540	55000	1			55000		other	0
sub-05_2	7	Pulse	255	1476384	56844	0
sub-05_2	7	Nothing	music	1479540	60000	1			60000		other	0
sub-05_2	7	Nothing	music	1484540	65000	1			65000		other	0
sub-05_2	7	Nothing	music	1489540	70000	1			70000		other	0
sub-05_2	7	Nothing	music	1494540	75000	1			75000		other	0
sub-05_2	7	Pulse	255	1496384	76844	0
sub-05_2	7	Nothing	music	1499540	80000	1			80000		other	0
sub-05_2	7	Nothing	music	1504540	85000	1			85000		other	0
sub-05_2	7	Nothing	music	1509540	90000	1			90000		other	0
sub-05_2	7	Nothing	music	1514540	95000	1			95000		other	0
sub-05_2	7	Pulse	255	1516384	96844	0
sub-05_2	7	Nothing	music	1519540	100000	1			100000		other	0
sub-05_2	7	Nothing	music	1524540	105000	1			105000		other	0
sub-05_2	7	Nothing	music	1529540	110000	1			110000		other	0
sub-05_2	7	Nothing	music	1534540	115000	1			115000		other	0
sub-05_2	7	Pulse	255	1536384	116844	0
sub-05_2	7	Nothing	music	1539540	120000	1			120000		other	0
sub-05_2	7	Nothing	music	1544540	125000	1			125000		other	0
sub-05_2	7	Nothing	music	1549540	130000	1			130000		other	0
sub-05_2	7	Nothing	music	1554540	135000	1			135000		other	0
sub-05_2	7	Pulse	255	1556384	136845	0
sub-05_2	7	Nothing	music	1559540	140000	1			140000		other	0
sub-05_2	7	Pulse	255	1576385	156845	0
sub-05_2	8	Pulse	255	1596384	6291	0
sub-05_2	8	Pulse	255	1616384	26291	0
sub-05_2	8	Sound	start_sound	1620093	30000	2			30000		other	0
sub-05_2	8	Nothing	rever	1635093	45000	1			45000		other	0
sub-05_2	8	Pulse	255	1636384	46291	0
sub-05_2	8	Nothing	rever	1640093	50000	1			50000		other	0
sub-05_2	8	Nothing	rever	1645093	55000	1			55000		other	0
sub-05_2	8	Nothing	rever	1650093	60000	1			60000		other	0
sub-05_2	8	Nothing	rever	1655093	65000	1			65000		other	0
sub-05_2	8	Pulse	255	1656384	66291	0
sub-05_2	8	Nothing	rever	1660093	70000	1			70000		other	0
sub-05_2	8	Nothing	rever	1665093	75000	1			75000		other	0
sub-05_2	8	Nothing	rever	1670093	80000	1			80000		other	0
sub-05_2	8	Nothing	rever	1675093	85000	1			85000		other	0
sub-05_2	8	Pulse	255	1676385	86291	0
sub-05_2	8	Nothing	rever	1680093	90000	1			90000		other	0
sub-05_2	8	Nothing	rever	1685093	95000	1			95000		other	0
sub-05_2	8	Nothing	rever	1690093	100000	1			100000		other	0
sub-05_2	8	Nothing	rever	1695093	105000	1			105000		other	0
sub-05_2	8	Pulse	255	1696385	106291	0
sub-05_2	8	Nothing	rever	1700093	110000	1			110000		other	0
sub-05_2	8	Nothing	rever	1705093	115000	1			115000		other	0
sub-05_2	8	Nothing	rever	1710093	120000	1			120000		other	0
sub-05_2	8	Nothing	rever	1715093	125000	1			125000		other	0
sub-05_2	8	Pulse	255	1716385	126292	0
sub-05_2	8	Nothing	rever	1720093	130000	1			130000		other	0
sub-05_2	8	Nothing	rever	1725093	135000	1			135000		other	0
sub-05_2	8	Nothing	rever	1730093	140000	1			140000		other	0
sub-05_2	8	Pulse	255	1736386	146292	0
sub-05_2	8	Pulse	255	1756385	166292	0
sub-05_2	9	Pulse	255	1776385	15736	0
sub-05_2	9	Sound	start_sound	1790649	30000	2			30000		other	0
sub-05_2	9	Pulse	255	1796385	35737	0
sub-05_2	9	Nothing	parol	1800649	40000	1			40000		other	0
sub-05_2	9	Nothing	parol	1805649	45000	1			45000		other	0
sub-05_2	9	Nothing	parol	1810649	50000	1			50000		other	0
sub-05_2	9	Nothing	parol	1815649	55000	1			55000		other	0
sub-05_2	9	Pulse	255	1816385	55736	0
sub-05_2	9	Nothing	parol	1820649	60000	1			60000		other	0
sub-05_2	9	Nothing	parol	1825649	65000	1			65000		other	0
sub-05_2	9	Nothing	parol	1830649	70000	1			70000		other	0
sub-05_2	9	Nothing	parol	1835649	75000	1			75000		other	0
sub-05_2	9	Pulse	255	1836385	75737	0
sub-05_2	9	Nothing	parol	1840649	80000	1			80000		other	0
sub-05_2	9	Nothing	parol	1845649	85000	1			85000		other	0
sub-05_2	9	Nothing	parol	1850649	90000	1			90000		other	0
sub-05_2	9	Nothing	parol	1855649	95000	1			95000		other	0
sub-05_2	9	Pulse	255	1856385	95737	0
sub-05_2	9	Nothing	parol	1860649	100000	1			100000		other	0
sub-05_2	9	Nothing	parol	1865649	105000	1			105000		other	0
sub-05_2	9	Nothing	parol	1870649	110000	1			110000		other	0
sub-05_2	9	Nothing	parol	1875649	115000	1			115000		other	0
sub-05_2	9	Pulse	255	1876385	115737	0
sub-05_2	9	Nothing	parol	1880649	120000	1			120000		other	0
sub-05_2	9	Nothing	parol	1885649	125000	1			125000		other	0
sub-05_2	9	Nothing	parol	1890649	130000	1			130000		other	0
sub-05_2	9	Nothing	parol	1895649	135000	1			135000		other	0
sub-05_2	9	Pulse	255	1896385	135737	0
sub-05_2	9	Pulse	255	1916386	155737	0
sub-05_2	10	Pulse	255	1936386	10179	0
sub-05_2	10	Sound	start_sound	1956207	30000	2			30000		other	0
sub-05_2	10	Pulse	255	1956385	30179	0
sub-05_2	10	Nothing	alpha	1971207	45000	1			45000		other	0
sub-05_2	10	Nothing	alpha	1976207	50000	1			50000		other	0
sub-05_2	10	Pulse	255	1976385	50179	0
sub-05_2	10	Nothing	alpha	1981207	55000	1			55000		other	0
sub-05_2	10	Nothing	alpha	1986207	60000	1			60000		other	0
sub-05_2	10	Nothing	alpha	1991207	65000	1			65000		other	0
sub-05_2	10	Nothing	alpha	1996207	70000	1			70000		other	0
sub-05_2	10	Pulse	255	1996385	70179	0
sub-05_2	10	Nothing	alpha	2001207	75000	1			75000		other	0
sub-05_2	10	Nothing	alpha	2006207	80000	1			80000		other	0
sub-05_2	10	Nothing	alpha	2011207	85000	1			85000		other	0
sub-05_2	10	Nothing	alpha	2016207	90000	1			90000		other	0
sub-05_2	10	Pulse	255	2016386	90179	0
sub-05_2	10	Nothing	alpha	2021207	95000	1			95000		other	0
sub-05_2	10	Nothing	alpha	2026207	100000	1			100000		other	0
sub-05_2	10	Nothing	alpha	2031207	105000	1			105000		other	0
sub-05_2	10	Nothing	alpha	2036207	110000	1			110000		other	0
sub-05_2	10	Pulse	255	2036386	110179	0
sub-05_2	10	Nothing	alpha	2041207	115000	1			115000		other	0
sub-05_2	10	Nothing	alpha	2046207	120000	1			120000		other	0
sub-05_2	10	Nothing	alpha	2051207	125000	1			125000		other	0
sub-05_2	10	Nothing	alpha	2056207	130000	1			130000		other	0
sub-05_2	10	Pulse	255	2056386	130179	0
sub-05_2	10	Nothing	alpha	2061207	135000	1			135000		other	0
sub-05_2	10	Nothing	alpha	2066207	140000	1			140000		other	0
sub-05_2	10	Pulse	255	2076386	150179	0
sub-05_2	10	Pulse	255	2096386	170179	0
sub-05_2	11	Pulse	255	2116386	19624	0
sub-05_2	11	Sound	start_sound	2126762	30000	2			30000		other	0
sub-05_2	11	Pulse	255	2136386	39624	0
sub-05_2	11	Nothing	human	2141762	45000	1			45000		other	0
sub-05_2	11	Nothing	human	2146762	50000	1			50000		other	0
sub-05_2	11	Nothing	human	2151762	55000	1			55000		other	0
sub-05_2	11	Pulse	255	2156386	59624	0
sub-05_2	11	Nothing	human	2156762	60000	1			60000		other	0
sub-05_2	11	Nothing	human	2161762	65000	1			65000		other	0
sub-05_2	11	Nothing	human	2166762	70000	1			70000		other	0
sub-05_2	11	Nothing	human	2171762	75000	1			75000		other	0
sub-05_2	11	Pulse	255	2176386	79624	0
sub-05_2	11	Nothing	human	2176762	80000	1			80000		other	0
sub-05_2	11	Nothing	human	2181762	85000	1			85000		other	0
sub-05_2	11	Nothing	human	2186762	90000	1			90000		other	0
sub-05_2	11	Nothing	human	2191762	95000	1			95000		other	0
sub-05_2	11	Pulse	255	2196386	99624	0
sub-05_2	11	Nothing	human	2196762	100000	1			100000		other	0
sub-05_2	11	Nothing	human	2201762	105000	1			105000		other	0
sub-05_2	11	Nothing	human	2206762	110000	1			110000		other	0
sub-05_2	11	Nothing	human	2211762	115000	1			115000		other	0
sub-05_2	11	Pulse	255	2216386	119625	0
sub-05_2	11	Nothing	human	2216762	120000	1			120000		other	0
sub-05_2	11	Nothing	human	2221762	125000	1			125000		other	0
sub-05_2	11	Nothing	human	2226762	130000	1			130000		other	0
sub-05_2	11	Nothing	human	2231762	135000	1			135000		other	0
sub-05_2	11	Pulse	255	2236386	139624	0
sub-05_2	11	Nothing	human	2236762	140000	1			140000		other	0
sub-05_2	11	Pulse	255	2256387	159625	0
sub-05_2	12	Picture	Bfix	2267382	0	1	60226	1	0	60000	other	0
sub-05_2	12	Pulse	255	2276386	9004	0
sub-05_2	12	Pulse	255	2296386	29004	0
sub-05_2	12	Pulse	255	2316386	49004	0
sub-05_2	13	Pulse	255	2336387	8678	0
sub-05_2	13	Pulse	255	2356386	28678	0
sub-05_2	13	Sound	start_sound	2357708	30000	2			30000		other	0
sub-05_2	13	Nothing	pleur	2372708	45000	1			45000		other	0
sub-05_2	13	Pulse	255	2376387	48678	0
sub-05_2	13	Nothing	pleur	2377708	50000	1			50000		other	0
sub-05_2	13	Nothing	pleur	2382708	55000	1			55000		other	0
sub-05_2	13	Nothing	pleur	2387708	60000	1			60000		other	0
sub-05_2	13	Nothing	pleur	2392708	65000	1			65000		other	0
sub-05_2	13	Pulse	255	2396386	68678	0
sub-05_2	13	Nothing	pleur	2397708	70000	1			70000		other	0
sub-05_2	13	Nothing	pleur	2402708	75000	1			75000		other	0
sub-05_2	13	Nothing	pleur	2407708	80000	1			80000		other	0
sub-05_2	13	Nothing	pleur	2412708	85000	1			85000		other	0
sub-05_2	13	Pulse	255	2416387	88679	0
sub-05_2	13	Nothing	pleur	2417708	90000	1			90000		other	0
sub-05_2	13	Nothing	pleur	2422708	95000	1			95000		other	0
sub-05_2	13	Nothing	pleur	2427708	100000	1			100000		other	0
sub-05_2	13	Nothing	pleur	2432708	105000	1			105000		other	0
sub-05_2	13	Pulse	255	2436387	108678	0
sub-05_2	13	Nothing	pleur	2437708	110000	1			110000		other	0
sub-05_2	13	Nothing	pleur	2442708	115000	1			115000		other	0
sub-05_2	13	Nothing	pleur	2447708	120000	1			120000		other	0
sub-05_2	13	Nothing	pleur	2452708	125000	1			125000		other	0
sub-05_2	13	Pulse	255	2456387	128678	0
sub-05_2	13	Nothing	pleur	2457708	130000	1			130000		other	0
sub-05_2	13	Nothing	pleur	2462708	135000	1			135000		other	0
sub-05_2	13	Nothing	pleur	2467708	140000	1			140000		other	0
sub-05_2	13	Pulse	255	2476387	148678	0
sub-05_2	13	Pulse	255	2496387	168678	0
sub-05_2	14	Pulse	255	2516387	18124	0
sub-05_2	14	Sound	start_sound	2528263	30000	2			30000		other	0
sub-05_2	14	Pulse	255	2536389	38126	0
sub-05_2	14	Nothing	cough	2543263	45000	1			45000		other	0
sub-05_2	14	Nothing	cough	2548263	50000	1			50000		other	0
sub-05_2	14	Nothing	cough	2553263	55000	1			55000		other	0
sub-05_2	14	Pulse	255	2556387	58124	0
sub-05_2	14	Nothing	cough	2558263	60000	1			60000		other	0
sub-05_2	14	Nothing	cough	2563263	65000	1			65000		other	0
sub-05_2	14	Nothing	cough	2568263	70000	1			70000		other	0
sub-05_2	14	Nothing	cough	2573263	75000	1			75000		other	0
sub-05_2	14	Pulse	255	2576387	78124	0
sub-05_2	14	Nothing	cough	2578263	80000	1			80000		other	0
sub-05_2	14	Nothing	cough	2583263	85000	1			85000		other	0
sub-05_2	14	Nothing	cough	2588263	90000	1			90000		other	0
sub-05_2	14	Nothing	cough	2593263	95000	1			95000		other	0
sub-05_2	14	Pulse	255	2596388	98124	0
sub-05_2	14	Nothing	cough	2598263	100000	1			100000		other	0
sub-05_2	14	Nothing	cough	2603263	105000	1			105000		other	0
sub-05_2	14	Nothing	cough	2608263	110000	1			110000		other	0
sub-05_2	14	Nothing	cough	2613263	115000	1			115000		other	0
sub-05_2	14	Pulse	255	2616388	118124	0
sub-05_2	14	Nothing	cough	2618263	120000	1			120000		other	0
sub-05_2	14	Nothing	cough	2623263	125000	1			125000		other	0
sub-05_2	14	Nothing	cough	2628263	130000	1			130000		other	0
sub-05_2	14	Nothing	cough	2633263	135000	1			135000		other	0
sub-05_2	14	Pulse	255	2636388	138124	0
sub-05_2	14	Nothing	cough	2638263	140000	1			140000		other	0
sub-05_2	14	Pulse	255	2656387	158124	0
sub-05_2	15	Pulse	255	2676387	7569	0
sub-05_2	15	Pulse	255	2696388	27569	0
sub-05_2	15	Sound	start_sound	2698818	30000	2			30000		other	0
sub-05_2	15	Nothing	suomi	2713818	45000	1			45000		other	0
sub-05_2	15	Pulse	255	2716388	47569	0
sub-05_2	15	Nothing	suomi	2718818	50000	1			50000		other	0
sub-05_2	15	Nothing	suomi	2723818	55000	1			55000		other	0
sub-05_2	15	Nothing	suomi	2728818	60000	1			60000		other	0
sub-05_2	15	Nothing	suomi	2733818	65000	1			65000		other	0
sub-05_2	15	Pulse	255	2736388	67569	0
sub-05_2	15	Nothing	suomi	2738818	70000	1			70000		other	0
sub-05_2	15	Nothing	suomi	2743818	75000	1			75000		other	0
sub-05_2	15	Nothing	suomi	2748818	80000	1			80000		other	0
sub-05_2	15	Nothing	suomi	2753818	85000	1			85000		other	0
sub-05_2	15	Pulse	255	2756388	87570	0
sub-05_2	15	Nothing	suomi	2758818	90000	1			90000		other	0
sub-05_2	15	Nothing	suomi	2763818	95000	1			95000		other	0
sub-05_2	15	Nothing	suomi	2768818	100000	1			100000		other	0
sub-05_2	15	Nothing	suomi	2773818	105000	1			105000		other	0
sub-05_2	15	Pulse	255	2776388	107569	0
sub-05_2	15	Nothing	suomi	2778818	110000	1			110000		other	0
sub-05_2	15	Nothing	suomi	2783818	115000	1			115000		other	0
sub-05_2	15	Nothing	suomi	2788818	120000	1			120000		other	0
sub-05_2	15	Nothing	suomi	2793818	125000	1			125000		other	0
sub-05_2	15	Pulse	255	2796387	127569	1
sub-05_2	15	Nothing	suomi	2798818	130000	1			130000		other	0
sub-05_2	15	Nothing	suomi	2803818	135000	1			135000		other	0
sub-05_2	15	Nothing	suomi	2808818	140000	1			140000		other	0
sub-05_2	15	Pulse	255	2816388	147569	0
sub-05_2	15	Pulse	255	2836388	167569	0
sub-05_2	16	Pulse	255	2856388	17013	0
sub-05_2	16	Sound	start_sound	2869375	30000	2			30000		other	0
sub-05_2	16	Pulse	255	2876378	37003	0
sub-05_2	16	Nothing	silen	2884375	45000	1			45000		other	0
sub-05_2	16	Nothing	silen	2889375	50000	1			50000		other	0
sub-05_2	16	Nothing	silen	2894375	55000	1			55000		other	0
sub-05_2	16	Pulse	255	2896378	57003	0
sub-05_2	16	Nothing	silen	2899375	60000	1			60000		other	0
sub-05_2	16	Nothing	silen	2904375	65000	1			65000		other	0
sub-05_2	16	Nothing	silen	2909375	70000	1			70000		other	0
sub-05_2	16	Nothing	silen	2914375	75000	1			75000		other	0
sub-05_2	16	Pulse	255	2916378	77003	0
sub-05_2	16	Nothing	silen	2919375	80000	1			80000		other	0
sub-05_2	16	Nothing	silen	2924375	85000	1			85000		other	0
sub-05_2	16	Nothing	silen	2929375	90000	1			90000		other	0
sub-05_2	16	Nothing	silen	2934375	95000	1			95000		other	0
sub-05_2	16	Pulse	255	2936378	97003	0
sub-05_2	16	Nothing	silen	2939375	100000	1			100000		other	0
sub-05_2	16	Nothing	silen	2944375	105000	1			105000		other	0
sub-05_2	16	Nothing	silen	2949375	110000	1			110000		other	0
sub-05_2	16	Nothing	silen	2954375	115000	1			115000		other	0
sub-05_2	16	Pulse	255	2956378	117003	0
sub-05_2	16	Nothing	silen	2959375	120000	1			120000		other	0
sub-05_2	16	Nothing	silen	2964375	125000	1			125000		other	0
sub-05_2	16	Nothing	silen	2969375	130000	1			130000		other	0
sub-05_2	16	Nothing	silen	2974375	135000	1			135000		other	0
sub-05_2	16	Pulse	255	2976378	137003	0
sub-05_2	16	Nothing	silen	2979375	140000	1			140000		other	0
sub-05_2	16	Pulse	255	2996378	157003	0
sub-05_2	17	Pulse	255	3016378	6448	0
sub-05_2	17	Pulse	255	3036378	26448	0
sub-05_2	17	Sound	start_sound	3039931	30000	2			30000		other	0
sub-05_2	17	Nothing	human	3054931	45000	1			45000		other	0
sub-05_2	17	Pulse	255	3056379	46448	0
sub-05_2	17	Nothing	human	3059931	50000	1			50000		other	0
sub-05_2	17	Nothing	human	3064931	55000	1			55000		other	0
sub-05_2	17	Nothing	human	3069931	60000	1			60000		other	0
sub-05_2	17	Nothing	human	3074931	65000	1			65000		other	0
sub-05_2	17	Pulse	255	3076378	66448	0
sub-05_2	17	Nothing	human	3079931	70000	1			70000		other	0
sub-05_2	17	Nothing	human	3084931	75000	1			75000		other	0
sub-05_2	17	Nothing	human	3089931	80000	1			80000		other	0
sub-05_2	17	Nothing	human	3094931	85000	1			85000		other	0
sub-05_2	17	Pulse	255	3096379	86448	0
sub-05_2	17	Nothing	human	3099931	90000	1			90000		other	0
sub-05_2	17	Nothing	human	3104931	95000	1			95000		other	0
sub-05_2	17	Nothing	human	3109931	100000	1			100000		other	0
sub-05_2	17	Nothing	human	3114931	105000	1			105000		other	0
sub-05_2	17	Pulse	255	3116379	106448	0
sub-05_2	17	Nothing	human	3119931	110000	1			110000		other	0
sub-05_2	17	Nothing	human	3124931	115000	1			115000		other	0
sub-05_2	17	Nothing	human	3129931	120000	1			120000		other	0
sub-05_2	17	Nothing	human	3134931	125000	1			125000		other	0
sub-05_2	17	Pulse	255	3136379	126448	0
sub-05_2	17	Nothing	human	3139931	130000	1			130000		other	0
sub-05_2	17	Nothing	human	3144931	135000	1			135000		other	0
sub-05_2	17	Nothing	human	3149931	140000	1			140000		other	0
sub-05_2	17	Pulse	255	3156379	146448	0
sub-05_2	17	Pulse	255	3176379	166448	0
sub-05_2	18	Pulse	255	3196379	15893	0
sub-05_2	18	Sound	start_sound	3210487	30000	2			30000		other	0
sub-05_2	18	Pulse	255	3216379	35892	0
sub-05_2	18	Nothing	music	3225487	45000	1			45000		other	0
sub-05_2	18	Nothing	music	3230487	50000	1			50000		other	0
sub-05_2	18	Nothing	music	3235487	55000	1			55000		other	0
sub-05_2	18	Pulse	255	3236379	55893	0
sub-05_2	18	Nothing	music	3240487	60000	1			60000		other	0
sub-05_2	18	Nothing	music	3245487	65000	1			65000		other	0
sub-05_2	18	Nothing	music	3250487	70000	1			70000		other	0
sub-05_2	18	Nothing	music	3255487	75000	1			75000		other	0
sub-05_2	18	Pulse	255	3256379	75892	0
sub-05_2	18	Nothing	music	3260487	80000	1			80000		other	0
sub-05_2	18	Nothing	music	3265487	85000	1			85000		other	0
sub-05_2	18	Nothing	music	3270487	90000	1			90000		other	0
sub-05_2	18	Nothing	music	3275487	95000	1			95000		other	0
sub-05_2	18	Pulse	255	3276379	95892	0
sub-05_2	18	Nothing	music	3280487	100000	1			100000		other	0
sub-05_2	18	Nothing	music	3285487	105000	1			105000		other	0
sub-05_2	18	Nothing	music	3290487	110000	1			110000		other	0
sub-05_2	18	Nothing	music	3295487	115000	1			115000		other	0
sub-05_2	18	Pulse	255	3296379	115892	0
sub-05_2	18	Nothing	music	3300487	120000	1			120000		other	0
sub-05_2	18	Nothing	music	3305487	125000	1			125000		other	0
sub-05_2	18	Nothing	music	3310487	130000	1			130000		other	0
sub-05_2	18	Nothing	music	3315487	135000	1			135000		other	0
sub-05_2	18	Pulse	255	3316379	135892	0
sub-05_2	18	Nothing	music	3320487	140000	1			140000		other	0
sub-05_2	18	Pulse	255	3336379	155893	0
sub-05_2	19	Pulse	255	3356380	5336	0
sub-05_2	19	Pulse	255	3376379	25336	0
sub-05_2	19	Sound	start_sound	3381044	30000	2			30000		other	0
sub-05_2	19	Nothing	animo	3396044	45000	1			45000		other	0
sub-05_2	19	Pulse	255	3396379	45335	0
sub-05_2	19	Nothing	animo	3401044	50000	1			50000		other	0
sub-05_2	19	Nothing	animo	3406044	55000	1			55000		other	0
sub-05_2	19	Nothing	animo	3411044	60000	1			60000		other	0
sub-05_2	19	Nothing	animo	3416044	65000	1			65000		other	0
sub-05_2	19	Pulse	255	3416380	65336	0
sub-05_2	19	Nothing	animo	3421044	70000	1			70000		other	0
sub-05_2	19	Nothing	animo	3426044	75000	1			75000		other	0
sub-05_2	19	Nothing	animo	3431044	80000	1			80000		other	0
sub-05_2	19	Nothing	animo	3436044	85000	1			85000		other	0
sub-05_2	19	Pulse	255	3436380	85336	0
sub-05_2	19	Nothing	animo	3441044	90000	1			90000		other	0
sub-05_2	19	Nothing	animo	3446044	95000	1			95000		other	0
sub-05_2	19	Nothing	animo	3451044	100000	1			100000		other	0
sub-05_2	19	Nothing	animo	3456044	105000	1			105000		other	0
sub-05_2	19	Pulse	255	3456380	105336	0
sub-05_2	19	Nothing	animo	3461044	110000	1			110000		other	0
sub-05_2	19	Nothing	animo	3466044	115000	1			115000		other	0
sub-05_2	19	Nothing	animo	3471044	120000	1			120000		other	0
sub-05_2	19	Nothing	animo	3476044	125000	1			125000		other	0
sub-05_2	19	Pulse	255	3476380	125336	0
sub-05_2	19	Nothing	animo	3481044	130000	1			130000		other	0
sub-05_2	19	Nothing	animo	3486044	135000	1			135000		other	0
sub-05_2	19	Nothing	animo	3491044	140000	1			140000		other	0
sub-05_2	19	Pulse	255	3496380	145336	0
sub-05_2	19	Pulse	255	3516380	165336	0
sub-05_2	20	Pulse	255	3536380	14778	0
sub-05_2	20	Sound	start_sound	3551601	30000	2			30000		other	0
sub-05_2	20	Pulse	255	3556380	34779	0
sub-05_2	20	Nothing	rires	3566601	45000	1			45000		other	0
sub-05_2	20	Nothing	rires	3571601	50000	1			50000		other	0
sub-05_2	20	Pulse	255	3576380	54779	0
sub-05_2	20	Nothing	rires	3576601	55000	1			55000		other	0
sub-05_2	20	Nothing	rires	3581601	60000	1			60000		other	0
sub-05_2	20	Nothing	rires	3586601	65000	1			65000		other	0
sub-05_2	20	Nothing	rires	3591601	70000	1			70000		other	0
sub-05_2	20	Pulse	255	3596380	74779	0
sub-05_2	20	Nothing	rires	3596601	75000	1			75000		other	0
sub-05_2	20	Nothing	rires	3601601	80000	1			80000		other	0
sub-05_2	20	Nothing	rires	3606601	85000	1			85000		other	0
sub-05_2	20	Nothing	rires	3611601	90000	1			90000		other	0
sub-05_2	20	Pulse	255	3616380	94779	0
sub-05_2	20	Nothing	rires	3616601	95000	1			95000		other	0
sub-05_2	20	Nothing	rires	3621601	100000	1			100000		other	0
sub-05_2	20	Nothing	rires	3626601	105000	1			105000		other	0
sub-05_2	20	Nothing	rires	3631601	110000	1			110000		other	0
sub-05_2	20	Pulse	255	3636380	114779	0
sub-05_2	20	Nothing	rires	3636601	115000	1			115000		other	0
sub-05_2	20	Nothing	rires	3641601	120000	1			120000		other	0
sub-05_2	20	Nothing	rires	3646601	125000	1			125000		other	0
sub-05_2	20	Nothing	rires	3651601	130000	1			130000		other	0
sub-05_2	20	Pulse	255	3656380	134779	0
sub-05_2	20	Nothing	rires	3656601	135000	1			135000		other	0
sub-05_2	20	Nothing	rires	3661601	140000	1			140000		other	0
sub-05_2	20	Pulse	255	3676380	154779	0
sub-05_2	21	Pulse	255	3696381	4225	0
sub-05_2	21	Pulse	255	3716380	24224	0
sub-05_2	21	Sound	start_sound	3722156	30000	2			30000		other	0
sub-05_2	21	Pulse	255	3736380	44224	0
sub-05_2	21	Nothing	envir	3737156	45000	1			45000		other	0
sub-05_2	21	Nothing	envir	3742156	50000	1			50000		other	0
sub-05_2	21	Nothing	envir	3747156	55000	1			55000		other	0
sub-05_2	21	Nothing	envir	3752156	60000	1			60000		other	0
sub-05_2	21	Pulse	255	3756380	64225	0
sub-05_2	21	Nothing	envir	3757156	65000	1			65000		other	0
sub-05_2	21	Nothing	envir	3762156	70000	1			70000		other	0
sub-05_2	21	Nothing	envir	3767156	75000	1			75000		other	0
sub-05_2	21	Nothing	envir	3772156	80000	1			80000		other	0
sub-05_2	21	Pulse	255	3776381	84225	0
sub-05_2	21	Nothing	envir	3777156	85000	1			85000		other	0
sub-05_2	21	Nothing	envir	3782156	90000	1			90000		other	0
sub-05_2	21	Nothing	envir	3787156	95000	1			95000		other	0
sub-05_2	21	Nothing	envir	3792156	100000	1			100000		other	0
sub-05_2	21	Pulse	255	3796380	104225	0
sub-05_2	21	Nothing	envir	3797156	105000	1			105000		other	0
sub-05_2	21	Nothing	envir	3802156	110000	1			110000		other	0
sub-05_2	21	Nothing	envir	3807156	115000	1			115000		other	0
sub-05_2	21	Nothing	envir	3812156	120000	1			120000		other	0
sub-05_2	21	Pulse	255	3816381	124225	0
sub-05_2	21	Nothing	envir	3817156	125000	1			125000		other	0
sub-05_2	21	Nothing	envir	3822156	130000	1			130000		other	0
sub-05_2	21	Nothing	envir	3827156	135000	1			135000		other	0
sub-05_2	21	Nothing	envir	3832156	140000	1			140000		other	0
sub-05_2	21	Pulse	255	3836381	144225	0
sub-05_2	21	Pulse	255	3856381	164225	0
sub-05_2	22	Pulse	255	3876381	13668	0
sub-05_2	22	Sound	start_sound	3892713	30000	2			30000		other	0
sub-05_2	22	Pulse	255	3896381	33668	0
sub-05_2	22	Nothing	cough	3907713	45000	1			45000		other	0
sub-05_2	22	Nothing	cough	3912713	50000	1			50000		other	0
sub-05_2	22	Pulse	255	3916381	53668	0
sub-05_2	22	Nothing	cough	3917713	55000	1			55000		other	0
sub-05_2	22	Nothing	cough	3922713	60000	1			60000		other	0
sub-05_2	22	Nothing	cough	3927713	65000	1			65000		other	0
sub-05_2	22	Nothing	cough	3932713	70000	1			70000		other	0
sub-05_2	22	Pulse	255	3936381	73668	0
sub-05_2	22	Nothing	cough	3937713	75000	1			75000		other	0
sub-05_2	22	Nothing	cough	3942713	80000	1			80000		other	0
sub-05_2	22	Nothing	cough	3947713	85000	1			85000		other	0
sub-05_2	22	Nothing	cough	3952713	90000	1			90000		other	0
sub-05_2	22	Pulse	255	3956381	93668	0
sub-05_2	22	Nothing	cough	3957713	95000	1			95000		other	0
sub-05_2	22	Nothing	cough	3962713	100000	1			100000		other	0
sub-05_2	22	Nothing	cough	3967713	105000	1			105000		other	0
sub-05_2	22	Nothing	cough	3972713	110000	1			110000		other	0
sub-05_2	22	Pulse	255	3976381	113668	0
sub-05_2	22	Nothing	cough	3977713	115000	1			115000		other	0
sub-05_2	22	Nothing	cough	3982713	120000	1			120000		other	0
sub-05_2	22	Nothing	cough	3987713	125000	1			125000		other	0
sub-05_2	22	Nothing	cough	3992713	130000	1			130000		other	0
sub-05_2	22	Pulse	255	3996381	133668	0
sub-05_2	22	Nothing	cough	3997713	135000	1			135000		other	0
sub-05_2	22	Nothing	cough	4002713	140000	1			140000		other	0
sub-05_2	22	Pulse	255	4016381	153668	0
sub-05_2	23	Picture	Bfix	4033333	0	1	60326	1	0	60000	other	0
sub-05_2	23	Pulse	255	4036382	3048	0
sub-05_2	23	Pulse	255	4056382	23048	0
sub-05_2	23	Pulse	255	4076381	43048	0
sub-05_2	24	Pulse	255	4096382	2949	0
sub-05_2	24	Pulse	255	4116381	22948	0
sub-05_2	24	Sound	start_sound	4123433	30000	2			30000		other	0
sub-05_2	24	Pulse	255	4136382	42949	0
sub-05_2	24	Nothing	rires	4138433	45000	1			45000		other	0
sub-05_2	24	Nothing	rires	4143433	50000	1			50000		other	0
sub-05_2	24	Nothing	rires	4148433	55000	1			55000		other	0
sub-05_2	24	Nothing	rires	4153433	60000	1			60000		other	0
sub-05_2	24	Pulse	255	4156382	62949	0
sub-05_2	24	Nothing	rires	4158433	65000	1			65000		other	0
sub-05_2	24	Nothing	rires	4163433	70000	1			70000		other	0
sub-05_2	24	Nothing	rires	4168433	75000	1			75000		other	0
sub-05_2	24	Nothing	rires	4173433	80000	1			80000		other	0
sub-05_2	24	Pulse	255	4176382	82949	0
sub-05_2	24	Nothing	rires	4178433	85000	1			85000		other	0
sub-05_2	24	Nothing	rires	4183433	90000	1			90000		other	0
sub-05_2	24	Nothing	rires	4188433	95000	1			95000		other	0
sub-05_2	24	Nothing	rires	4193433	100000	1			100000		other	0
sub-05_2	24	Pulse	255	4196382	102949	0
sub-05_2	24	Nothing	rires	4198433	105000	1			105000		other	0
sub-05_2	24	Nothing	rires	4203433	110000	1			110000		other	0
sub-05_2	24	Nothing	rires	4208433	115000	1			115000		other	0
sub-05_2	24	Nothing	rires	4213433	120000	1			120000		other	0
sub-05_2	24	Pulse	255	4216382	122949	0
sub-05_2	24	Nothing	rires	4218433	125000	1			125000		other	0
sub-05_2	24	Nothing	rires	4223433	130000	1			130000		other	0
sub-05_2	24	Nothing	rires	4228433	135000	1			135000		other	0
sub-05_2	24	Nothing	rires	4233433	140000	1			140000		other	0
sub-05_2	24	Pulse	255	4236382	142949	0
sub-05_2	24	Pulse	255	4256382	162949	0
sub-05_2	25	Pulse	255	4276382	12397	0
sub-05_2	25	Sound	start_sound	4293985	30000	2			30000		other	0
sub-05_2	25	Pulse	255	4296382	32397	0
sub-05_2	25	Nothing	cough	4308985	45000	1			45000		other	0
sub-05_2	25	Nothing	cough	4313985	50000	1			50000		other	0
sub-05_2	25	Pulse	255	4316382	52397	0
sub-05_2	25	Nothing	cough	4318985	55000	1			55000		other	0
sub-05_2	25	Nothing	cough	4323985	60000	1			60000		other	0
sub-05_2	25	Nothing	cough	4328985	65000	1			65000		other	0
sub-05_2	25	Nothing	cough	4333985	70000	1			70000		other	0
sub-05_2	25	Pulse	255	4336382	72397	0
sub-05_2	25	Nothing	cough	4338985	75000	1			75000		other	0
sub-05_2	25	Nothing	cough	4343985	80000	1			80000		other	0
sub-05_2	25	Nothing	cough	4348985	85000	1			85000		other	0
sub-05_2	25	Nothing	cough	4353985	90000	1			90000		other	0
sub-05_2	25	Pulse	255	4356383	92398	0
sub-05_2	25	Nothing	cough	4358985	95000	1			95000		other	0
sub-05_2	25	Nothing	cough	4363985	100000	1			100000		other	0
sub-05_2	25	Nothing	cough	4368985	105000	1			105000		other	0
sub-05_2	25	Nothing	cough	4373985	110000	1			110000		other	0
sub-05_2	25	Pulse	255	4376382	112397	0
sub-05_2	25	Nothing	cough	4378985	115000	1			115000		other	0
sub-05_2	25	Nothing	cough	4383985	120000	1			120000		other	0
sub-05_2	25	Nothing	cough	4388985	125000	1			125000		other	0
sub-05_2	25	Nothing	cough	4393985	130000	1			130000		other	0
sub-05_2	25	Pulse	255	4396382	132397	0
sub-05_2	25	Nothing	cough	4398985	135000	1			135000		other	0
sub-05_2	25	Nothing	cough	4403985	140000	1			140000		other	0
sub-05_2	25	Pulse	255	4416382	152397	0
sub-05_2	26	Pulse	255	4436382	1843	0
sub-05_2	26	Pulse	255	4456383	21844	0
sub-05_2	26	Sound	start_sound	4464539	30000	2			30000		other	0
sub-05_2	26	Pulse	255	4476372	41833	0
sub-05_2	26	Nothing	animo	4479539	45000	1			45000		other	0
sub-05_2	26	Nothing	animo	4484539	50000	1			50000		other	0
sub-05_2	26	Nothing	animo	4489539	55000	1			55000		other	0
sub-05_2	26	Nothing	animo	4494539	60000	1			60000		other	0
sub-05_2	26	Pulse	255	4496373	61833	0
sub-05_2	26	Nothing	animo	4499539	65000	1			65000		other	0
sub-05_2	26	Nothing	animo	4504539	70000	1			70000		other	0
sub-05_2	26	Nothing	animo	4509539	75000	1			75000		other	0
sub-05_2	26	Nothing	animo	4514539	80000	1			80000		other	0
sub-05_2	26	Pulse	255	4516373	81833	0
sub-05_2	26	Nothing	animo	4519539	85000	1			85000		other	0
sub-05_2	26	Nothing	animo	4524539	90000	1			90000		other	0
sub-05_2	26	Nothing	animo	4529539	95000	1			95000		other	0
sub-05_2	26	Nothing	animo	4534539	100000	1			100000		other	0
sub-05_2	26	Pulse	255	4536373	101834	0
sub-05_2	26	Nothing	animo	4539539	105000	1			105000		other	0
sub-05_2	26	Nothing	animo	4544539	110000	1			110000		other	0
sub-05_2	26	Nothing	animo	4549539	115000	1			115000		other	0
sub-05_2	26	Nothing	animo	4554539	120000	1			120000		other	0
sub-05_2	26	Pulse	255	4556373	121834	0
sub-05_2	26	Nothing	animo	4559539	125000	1			125000		other	0
sub-05_2	26	Nothing	animo	4564539	130000	1			130000		other	0
sub-05_2	26	Nothing	animo	4569539	135000	1			135000		other	0
sub-05_2	26	Nothing	animo	4574539	140000	1			140000		other	0
sub-05_2	26	Pulse	255	4576373	141834	0
sub-05_2	26	Pulse	255	4596373	161834	0
sub-05_2	27	Pulse	255	4616373	11278	0
sub-05_2	27	Sound	start_sound	4635095	30000	2			30000		other	0
sub-05_2	27	Pulse	255	4636373	31278	0
sub-05_2	27	Nothing	rever	4650095	45000	1			45000		other	0
sub-05_2	27	Nothing	rever	4655095	50000	1			50000		other	0
sub-05_2	27	Pulse	255	4656373	51279	0
sub-05_2	27	Nothing	rever	4660095	55000	1			55000		other	0
sub-05_2	27	Nothing	rever	4665095	60000	1			60000		other	0
sub-05_2	27	Nothing	rever	4670095	65000	1			65000		other	0
sub-05_2	27	Nothing	rever	4675095	70000	1			70000		other	0
sub-05_2	27	Pulse	255	4676373	71278	0
sub-05_2	27	Nothing	rever	4680095	75000	1			75000		other	0
sub-05_2	27	Nothing	rever	4685095	80000	1			80000		other	0
sub-05_2	27	Nothing	rever	4690095	85000	1			85000		other	0
sub-05_2	27	Nothing	rever	4695095	90000	1			90000		other	0
sub-05_2	27	Pulse	255	4696373	91279	0
sub-05_2	27	Nothing	rever	4700095	95000	1			95000		other	0
sub-05_2	27	Nothing	rever	4705095	100000	1			100000		other	0
sub-05_2	27	Nothing	rever	4710095	105000	1			105000		other	0
sub-05_2	27	Nothing	rever	4715095	110000	1			110000		other	0
sub-05_2	27	Pulse	255	4716373	111279	0
sub-05_2	27	Nothing	rever	4720095	115000	1			115000		other	0
sub-05_2	27	Nothing	rever	4725095	120000	1			120000		other	0
sub-05_2	27	Nothing	rever	4730095	125000	1			125000		other	0
sub-05_2	27	Nothing	rever	4735095	130000	1			130000		other	0
sub-05_2	27	Pulse	255	4736374	131279	0
sub-05_2	27	Nothing	rever	4740095	135000	1			135000		other	0
sub-05_2	27	Nothing	rever	4745095	140000	1			140000		other	0
sub-05_2	27	Pulse	255	4756374	151279	0
sub-05_2	28	Pulse	255	4776373	724	0
sub-05_2	28	Pulse	255	4796373	20724	0
sub-05_2	28	Sound	start_sound	4805649	30000	2			30000		other	0
sub-05_2	28	Pulse	255	4816373	40725	0
sub-05_2	28	Nothing	alpha	4820649	45000	1			45000		other	0
sub-05_2	28	Nothing	alpha	4825649	50000	1			50000		other	0
sub-05_2	28	Nothing	alpha	4830649	55000	1			55000		other	0
sub-05_2	28	Nothing	alpha	4835649	60000	1			60000		other	0
sub-05_2	28	Pulse	255	4836373	60724	0
sub-05_2	28	Nothing	alpha	4840649	65000	1			65000		other	0
sub-05_2	28	Nothing	alpha	4845649	70000	1			70000		other	0
sub-05_2	28	Nothing	alpha	4850649	75000	1			75000		other	0
sub-05_2	28	Nothing	alpha	4855649	80000	1			80000		other	0
sub-05_2	28	Pulse	255	4856374	80725	0
sub-05_2	28	Nothing	alpha	4860649	85000	1			85000		other	0
sub-05_2	28	Nothing	alpha	4865649	90000	1			90000		other	0
sub-05_2	28	Nothing	alpha	4870649	95000	1			95000		other	0
sub-05_2	28	Nothing	alpha	4875649	100000	1			100000		other	0
sub-05_2	28	Pulse	255	4876374	100725	0
sub-05_2	28	Nothing	alpha	4880649	105000	1			105000		other	0
sub-05_2	28	Nothing	alpha	4885649	110000	1			110000		other	0
sub-05_2	28	Nothing	alpha	4890649	115000	1			115000		other	0
sub-05_2	28	Nothing	alpha	4895649	120000	1			120000		other	0
sub-05_2	28	Pulse	255	4896374	120725	0
sub-05_2	28	Nothing	alpha	4900649	125000	1			125000		other	0
sub-05_2	28	Nothing	alpha	4905649	130000	1			130000		other	0
sub-05_2	28	Nothing	alpha	4910649	135000	1			135000		other	0
sub-05_2	28	Nothing	alpha	4915649	140000	1			140000		other	0
sub-05_2	28	Pulse	255	4916374	140725	0
sub-05_2	28	Pulse	255	4936374	160725	0
sub-05_2	29	Pulse	255	4956374	10173	0
sub-05_2	29	Sound	start_sound	4976201	30000	2			30000		other	0
sub-05_2	29	Pulse	255	4976374	30173	0
sub-05_2	29	Nothing	rires	4991201	45000	1			45000		other	0
sub-05_2	29	Nothing	rires	4996201	50000	1			50000		other	0
sub-05_2	29	Pulse	255	4996374	50173	0
sub-05_2	29	Nothing	rires	5001201	55000	1			55000		other	0
sub-05_2	29	Nothing	rires	5006201	60000	1			60000		other	0
sub-05_2	29	Nothing	rires	5011201	65000	1			65000		other	0
sub-05_2	29	Nothing	rires	5016201	70000	1			70000		other	0
sub-05_2	29	Pulse	255	5016374	70173	0
sub-05_2	29	Nothing	rires	5021201	75000	1			75000		other	0
sub-05_2	29	Nothing	rires	5026201	80000	1			80000		other	0
sub-05_2	29	Nothing	rires	5031201	85000	1			85000		other	0
sub-05_2	29	Nothing	rires	5036201	90000	1			90000		other	0
sub-05_2	29	Pulse	255	5036374	90173	0
sub-05_2	29	Nothing	rires	5041201	95000	1			95000		other	0
sub-05_2	29	Nothing	rires	5046201	100000	1			100000		other	0
sub-05_2	29	Nothing	rires	5051201	105000	1			105000		other	0
sub-05_2	29	Nothing	rires	5056201	110000	1			110000		other	0
sub-05_2	29	Pulse	255	5056374	110173	0
sub-05_2	29	Nothing	rires	5061201	115000	1			115000		other	0
sub-05_2	29	Nothing	rires	5066201	120000	1			120000		other	0
sub-05_2	29	Nothing	rires	5071201	125000	1			125000		other	0
sub-05_2	29	Nothing	rires	5076201	130000	1			130000		other	0
sub-05_2	29	Pulse	255	5076374	130173	0
sub-05_2	29	Nothing	rires	5081201	135000	1			135000		other	0
sub-05_2	29	Nothing	rires	5086201	140000	1			140000		other	0
sub-05_2	29	Pulse	255	5096374	150173	0
sub-05_2	29	Pulse	255	5116374	170173	0
sub-05_2	30	Pulse	255	5136375	19619	0
sub-05_2	30	Sound	start_sound	5146756	30000	2			30000		other	0
sub-05_2	30	Pulse	255	5156375	39619	0
sub-05_2	30	Nothing	animo	5161756	45000	1			45000		other	0
sub-05_2	30	Nothing	animo	5166756	50000	1			50000		other	0
sub-05_2	30	Nothing	animo	5171756	55000	1			55000		other	0
sub-05_2	30	Pulse	255	5176374	59619	0
sub-05_2	30	Nothing	animo	5176756	60000	1			60000		other	0
sub-05_2	30	Nothing	animo	5181756	65000	1			65000		other	0
sub-05_2	30	Nothing	animo	5186756	70000	1			70000		other	0
sub-05_2	30	Nothing	animo	5191756	75000	1			75000		other	0
sub-05_2	30	Pulse	255	5196375	79619	0
sub-05_2	30	Nothing	animo	5196756	80000	1			80000		other	0
sub-05_2	30	Nothing	animo	5201756	85000	1			85000		other	0
sub-05_2	30	Nothing	animo	5206756	90000	1			90000		other	0
sub-05_2	30	Nothing	animo	5211756	95000	1			95000		other	0
sub-05_2	30	Pulse	255	5216375	99619	0
sub-05_2	30	Nothing	animo	5216756	100000	1			100000		other	0
sub-05_2	30	Nothing	animo	5221756	105000	1			105000		other	0
sub-05_2	30	Nothing	animo	5226756	110000	1			110000		other	0
sub-05_2	30	Nothing	animo	5231756	115000	1			115000		other	0
sub-05_2	30	Pulse	255	5236375	119619	0
sub-05_2	30	Nothing	animo	5236756	120000	1			120000		other	0
sub-05_2	30	Nothing	animo	5241756	125000	1			125000		other	0
sub-05_2	30	Nothing	animo	5246756	130000	1			130000		other	0
sub-05_2	30	Nothing	animo	5251756	135000	1			135000		other	0
sub-05_2	30	Pulse	255	5256375	139619	0
sub-05_2	30	Nothing	animo	5256756	140000	1			140000		other	0
sub-05_2	30	Pulse	255	5276375	159619	0
sub-05_2	31	Pulse	255	5296375	9064	0
sub-05_2	31	Pulse	255	5316375	29064	0
sub-05_2	31	Sound	start_sound	5317311	30000	2			30000		other	0
sub-05_2	31	Nothing	parol	5327311	40000	1			40000		other	0
sub-05_2	31	Nothing	parol	5332311	45000	1			45000		other	0
sub-05_2	31	Pulse	255	5336375	49064	0
sub-05_2	31	Nothing	parol	5337311	50000	1			50000		other	0
sub-05_2	31	Nothing	parol	5342311	55000	1			55000		other	0
sub-05_2	31	Nothing	parol	5347311	60000	1			60000		other	0
sub-05_2	31	Nothing	parol	5352311	65000	1			65000		other	0
sub-05_2	31	Pulse	255	5356375	69064	0
sub-05_2	31	Nothing	parol	5357311	70000	1			70000		other	0
sub-05_2	31	Nothing	parol	5362311	75000	1			75000		other	0
sub-05_2	31	Nothing	parol	5367311	80000	1			80000		other	0
sub-05_2	31	Nothing	parol	5372311	85000	1			85000		other	0
sub-05_2	31	Pulse	255	5376375	89063	0
sub-05_2	31	Nothing	parol	5377311	90000	1			90000		other	0
sub-05_2	31	Nothing	parol	5382311	95000	1			95000		other	0
sub-05_2	31	Nothing	parol	5387311	100000	1			100000		other	0
sub-05_2	31	Nothing	parol	5392311	105000	1			105000		other	0
sub-05_2	31	Pulse	255	5396375	109064	0
sub-05_2	31	Nothing	parol	5397311	110000	1			110000		other	0
sub-05_2	31	Nothing	parol	5402311	115000	1			115000		other	0
sub-05_2	31	Nothing	parol	5407311	120000	1			120000		other	0
sub-05_2	31	Nothing	parol	5412311	125000	1			125000		other	0
sub-05_2	31	Pulse	255	5416375	129064	0
sub-05_2	31	Nothing	parol	5417311	130000	1			130000		other	0
sub-05_2	31	Nothing	parol	5422311	135000	1			135000		other	0
sub-05_2	31	Pulse	255	5436375	149064	0
sub-05_2	32	Pulse	255	5456375	3510	0
sub-05_2	32	Pulse	255	5476375	23510	0
sub-05_2	32	Sound	start_sound	5482866	30000	2			30000		other	0
sub-05_2	32	Pulse	255	5496376	43510	0
sub-05_2	32	Nothing	yawny	5497866	45000	1			45000		other	0
sub-05_2	32	Nothing	yawny	5502866	50000	1			50000		other	0
sub-05_2	32	Nothing	yawny	5507866	55000	1			55000		other	0
sub-05_2	32	Nothing	yawny	5512866	60000	1			60000		other	0
sub-05_2	32	Pulse	255	5516375	63510	0
sub-05_2	32	Nothing	yawny	5517866	65000	1			65000		other	0
sub-05_2	32	Nothing	yawny	5522866	70000	1			70000		other	0
sub-05_2	32	Nothing	yawny	5527866	75000	1			75000		other	0
sub-05_2	32	Nothing	yawny	5532866	80000	1			80000		other	0
sub-05_2	32	Pulse	255	5536375	83510	0
sub-05_2	32	Nothing	yawny	5537866	85000	1			85000		other	0
sub-05_2	32	Nothing	yawny	5542866	90000	1			90000		other	0
sub-05_2	32	Nothing	yawny	5547866	95000	1			95000		other	0
sub-05_2	32	Nothing	yawny	5552866	100000	1			100000		other	0
sub-05_2	32	Pulse	255	5556375	103510	0
sub-05_2	32	Nothing	yawny	5557866	105000	1			105000		other	0
sub-05_2	32	Nothing	yawny	5562866	110000	1			110000		other	0
sub-05_2	32	Nothing	yawny	5567866	115000	1			115000		other	0
sub-05_2	32	Nothing	yawny	5572866	120000	1			120000		other	0
sub-05_2	32	Pulse	255	5576376	123510	0
sub-05_2	32	Nothing	yawny	5577866	125000	1			125000		other	0
sub-05_2	32	Nothing	yawny	5582866	130000	1			130000		other	0
sub-05_2	32	Nothing	yawny	5587866	135000	1			135000		other	0
sub-05_2	32	Nothing	yawny	5592866	140000	1			140000		other	0
sub-05_2	32	Pulse	255	5596376	143510	0
sub-05_2	32	Pulse	255	5616376	163510	0
sub-05_2	33	Pulse	255	5636376	12954	0
sub-05_2	33	Sound	start_sound	5653422	30000	2			30000		other	0
sub-05_2	33	Pulse	255	5656376	32954	0
sub-05_2	33	Nothing	envir	5668422	45000	1			45000		other	0
sub-05_2	33	Nothing	envir	5673422	50000	1			50000		other	0
sub-05_2	33	Pulse	255	5676376	52954	0
sub-05_2	33	Nothing	envir	5678422	55000	1			55000		other	0
sub-05_2	33	Nothing	envir	5683422	60000	1			60000		other	0
sub-05_2	33	Nothing	envir	5688422	65000	1			65000		other	0
sub-05_2	33	Nothing	envir	5693422	70000	1			70000		other	0
sub-05_2	33	Pulse	255	5696376	72955	0
sub-05_2	33	Nothing	envir	5698422	75000	1			75000		other	0
sub-05_2	33	Nothing	envir	5703422	80000	1			80000		other	0
sub-05_2	33	Nothing	envir	5708422	85000	1			85000		other	0
sub-05_2	33	Nothing	envir	5713422	90000	1			90000		other	0
sub-05_2	33	Pulse	255	5716376	92954	0
sub-05_2	33	Nothing	envir	5718422	95000	1			95000		other	0
sub-05_2	33	Nothing	envir	5723422	100000	1			100000		other	0
sub-05_2	33	Nothing	envir	5728422	105000	1			105000		other	0
sub-05_2	33	Nothing	envir	5733422	110000	1			110000		other	0
sub-05_2	33	Pulse	255	5736376	112954	0
sub-05_2	33	Nothing	envir	5738422	115000	1			115000		other	0
sub-05_2	33	Nothing	envir	5743422	120000	1			120000		other	0
sub-05_2	33	Nothing	envir	5748422	125000	1			125000		other	0
sub-05_2	33	Nothing	envir	5753422	130000	1			130000		other	0
sub-05_2	33	Pulse	255	5756376	132955	0
sub-05_2	33	Nothing	envir	5758422	135000	1			135000		other	0
sub-05_2	33	Nothing	envir	5763422	140000	1			140000		other	0
sub-05_2	33	Pulse	255	5776376	152954	0
sub-05_2	34	Picture	Bfix	5794042	0	1	60352	1	0	60000	other	0
sub-05_2	34	Pulse	255	5796376	2335	0
sub-05_2	34	Pulse	255	5816376	22335	0
sub-05_2	34	Pulse	255	5836376	42335	0
sub-05_2	35	Pulse	255	5856377	2209	0
sub-05_2	35	Pulse	255	5876376	22209	0
sub-05_2	35	Sound	start_sound	5884167	30000	2			30000		other	0
sub-05_2	35	Pulse	255	5896377	42210	0
sub-05_2	35	Nothing	music	5899167	45000	1			45000		other	0
sub-05_2	35	Nothing	music	5904167	50000	1			50000		other	0
sub-05_2	35	Nothing	music	5909167	55000	1			55000		other	0
sub-05_2	35	Nothing	music	5914167	60000	1			60000		other	0
sub-05_2	35	Pulse	255	5916377	62209	0
sub-05_2	35	Nothing	music	5919167	65000	1			65000		other	0
sub-05_2	35	Nothing	music	5924167	70000	1			70000		other	0
sub-05_2	35	Nothing	music	5929167	75000	1			75000		other	0
sub-05_2	35	Nothing	music	5934167	80000	1			80000		other	0
sub-05_2	35	Pulse	255	5936377	82209	0
sub-05_2	35	Nothing	music	5939167	85000	1			85000		other	0
sub-05_2	35	Nothing	music	5944167	90000	1			90000		other	0
sub-05_2	35	Nothing	music	5949167	95000	1			95000		other	0
sub-05_2	35	Nothing	music	5954167	100000	1			100000		other	0
sub-05_2	35	Pulse	255	5956377	102210	0
sub-05_2	35	Nothing	music	5959167	105000	1			105000		other	0
sub-05_2	35	Nothing	music	5964167	110000	1			110000		other	0
sub-05_2	35	Nothing	music	5969167	115000	1			115000		other	0
sub-05_2	35	Nothing	music	5974167	120000	1			120000		other	0
sub-05_2	35	Pulse	255	5976377	122209	0
sub-05_2	35	Nothing	music	5979167	125000	1			125000		other	0
sub-05_2	35	Nothing	music	5984167	130000	1			130000		other	0
sub-05_2	35	Nothing	music	5989167	135000	1			135000		other	0
sub-05_2	35	Nothing	music	5994167	140000	1			140000		other	0
sub-05_2	35	Pulse	255	5996377	142210	0
sub-05_2	35	Pulse	255	6016377	162210	0
sub-05_2	36	Pulse	255	6036377	11654	0
sub-05_2	36	Sound	start_sound	6054723	30000	2			30000		other	0
sub-05_2	36	Pulse	255	6056377	31654	0
sub-05_2	36	Nothing	parol	6064723	40000	1			40000		other	0
sub-05_2	36	Nothing	parol	6069723	45000	1			45000		other	0
sub-05_2	36	Nothing	parol	6074723	50000	1			50000		other	0
sub-05_2	36	Pulse	255	6076367	51644	0
sub-05_2	36	Nothing	parol	6079723	55000	1			55000		other	0
sub-05_2	36	Nothing	parol	6084723	60000	1			60000		other	0
sub-05_2	36	Nothing	parol	6089723	65000	1			65000		other	0
sub-05_2	36	Nothing	parol	6094723	70000	1			70000		other	0
sub-05_2	36	Pulse	255	6096367	71645	0
sub-05_2	36	Nothing	parol	6099723	75000	1			75000		other	0
sub-05_2	36	Nothing	parol	6104723	80000	1			80000		other	0
sub-05_2	36	Nothing	parol	6109723	85000	1			85000		other	0
sub-05_2	36	Nothing	parol	6114723	90000	1			90000		other	0
sub-05_2	36	Pulse	255	6116367	91644	0
sub-05_2	36	Nothing	parol	6119723	95000	1			95000		other	0
sub-05_2	36	Nothing	parol	6124723	100000	1			100000		other	0
sub-05_2	36	Nothing	parol	6129723	105000	1			105000		other	0
sub-05_2	36	Nothing	parol	6134723	110000	1			110000		other	0
sub-05_2	36	Pulse	255	6136367	111644	0
sub-05_2	36	Nothing	parol	6139723	115000	1			115000		other	0
sub-05_2	36	Nothing	parol	6144723	120000	1			120000		other	0
sub-05_2	36	Nothing	parol	6149723	125000	1			125000		other	0
sub-05_2	36	Nothing	parol	6154723	130000	1			130000		other	0
sub-05_2	36	Pulse	255	6156367	131644	0
sub-05_2	36	Nothing	parol	6159723	135000	1			135000		other	0
sub-05_2	36	Pulse	255	6176367	151645	0
sub-05_2	37	Pulse	255	6196367	6048	0
sub-05_2	37	Pulse	255	6216367	26048	0
sub-05_2	37	Sound	start_sound	6220319	30000	2			30000		other	0
sub-05_2	37	Nothing	yawny	6235319	45000	1			45000		other	0
sub-05_2	37	Pulse	255	6236368	46049	0
sub-05_2	37	Nothing	yawny	6240319	50000	1			50000		other	0
sub-05_2	37	Nothing	yawny	6245319	55000	1			55000		other	0
sub-05_2	37	Nothing	yawny	6250319	60000	1			60000		other	0
sub-05_2	37	Nothing	yawny	6255319	65000	1			65000		other	0
sub-05_2	37	Pulse	255	6256368	66048	0
sub-05_2	37	Nothing	yawny	6260319	70000	1			70000		other	0
sub-05_2	37	Nothing	yawny	6265319	75000	1			75000		other	0
sub-05_2	37	Nothing	yawny	6270319	80000	1			80000		other	0
sub-05_2	37	Nothing	yawny	6275319	85000	1			85000		other	0
sub-05_2	37	Pulse	255	6276368	86049	0
sub-05_2	37	Nothing	yawny	6280319	90000	1			90000		other	0
sub-05_2	37	Nothing	yawny	6285319	95000	1			95000		other	0
sub-05_2	37	Nothing	yawny	6290319	100000	1			100000		other	0
sub-05_2	37	Nothing	yawny	6295319	105000	1			105000		other	0
sub-05_2	37	Pulse	255	6296368	106049	0
sub-05_2	37	Nothing	yawny	6300319	110000	1			110000		other	0
sub-05_2	37	Nothing	yawny	6305319	115000	1			115000		other	0
sub-05_2	37	Nothing	yawny	6310319	120000	1			120000		other	0
sub-05_2	37	Nothing	yawny	6315319	125000	1			125000		other	0
sub-05_2	37	Pulse	255	6316368	126049	0
sub-05_2	37	Nothing	yawny	6320319	130000	1			130000		other	0
sub-05_2	37	Nothing	yawny	6325319	135000	1			135000		other	0
sub-05_2	37	Nothing	yawny	6330319	140000	1			140000		other	0
sub-05_2	37	Pulse	255	6336368	146049	0
sub-05_2	37	Pulse	255	6356368	166049	0
sub-05_2	38	Pulse	255	6376368	15494	0
sub-05_2	38	Sound	start_sound	6390874	30000	2			30000		other	0
sub-05_2	38	Pulse	255	6396368	35494	0
sub-05_2	38	Nothing	rever	6405874	45000	1			45000		other	0
sub-05_2	38	Nothing	rever	6410874	50000	1			50000		other	0
sub-05_2	38	Nothing	rever	6415874	55000	1			55000		other	0
sub-05_2	38	Pulse	255	6416368	55494	0
sub-05_2	38	Nothing	rever	6420874	60000	1			60000		other	0
sub-05_2	38	Nothing	rever	6425874	65000	1			65000		other	0
sub-05_2	38	Nothing	rever	6430874	70000	1			70000		other	0
sub-05_2	38	Nothing	rever	6435874	75000	1			75000		other	0
sub-05_2	38	Pulse	255	6436368	75494	0
sub-05_2	38	Nothing	rever	6440874	80000	1			80000		other	0
sub-05_2	38	Nothing	rever	6445874	85000	1			85000		other	0
sub-05_2	38	Nothing	rever	6450874	90000	1			90000		other	0
sub-05_2	38	Nothing	rever	6455874	95000	1			95000		other	0
sub-05_2	38	Pulse	255	6456368	95494	0
sub-05_2	38	Nothing	rever	6460874	100000	1			100000		other	0
sub-05_2	38	Nothing	rever	6465874	105000	1			105000		other	0
sub-05_2	38	Nothing	rever	6470874	110000	1			110000		other	0
sub-05_2	38	Nothing	rever	6475874	115000	1			115000		other	0
sub-05_2	38	Pulse	255	6476368	115494	0
sub-05_2	38	Nothing	rever	6480874	120000	1			120000		other	0
sub-05_2	38	Nothing	rever	6485874	125000	1			125000		other	0
sub-05_2	38	Nothing	rever	6490874	130000	1			130000		other	0
sub-05_2	38	Nothing	rever	6495874	135000	1			135000		other	0
sub-05_2	38	Pulse	255	6496368	135494	0
sub-05_2	38	Nothing	rever	6500874	140000	1			140000		other	0
sub-05_2	38	Pulse	255	6516368	155494	0
sub-05_2	39	Pulse	255	6536368	4938	0
sub-05_2	39	Pulse	255	6556368	24938	0
sub-05_2	39	Sound	start_sound	6561430	30000	2			30000		other	0
sub-05_2	39	Pulse	255	6576368	44938	0
sub-05_2	39	Nothing	envir	6576430	45000	1			45000		other	0
sub-05_2	39	Nothing	envir	6581430	50000	1			50000		other	0
sub-05_2	39	Nothing	envir	6586430	55000	1			55000		other	0
sub-05_2	39	Nothing	envir	6591430	60000	1			60000		other	0
sub-05_2	39	Pulse	255	6596368	64938	0
sub-05_2	39	Nothing	envir	6596430	65000	1			65000		other	0
sub-05_2	39	Nothing	envir	6601430	70000	1			70000		other	0
sub-05_2	39	Nothing	envir	6606430	75000	1			75000		other	0
sub-05_2	39	Nothing	envir	6611430	80000	1			80000		other	0
sub-05_2	39	Pulse	255	6616369	84938	0
sub-05_2	39	Nothing	envir	6616430	85000	1			85000		other	0
sub-05_2	39	Nothing	envir	6621430	90000	1			90000		other	0
sub-05_2	39	Nothing	envir	6626430	95000	1			95000		other	0
sub-05_2	39	Nothing	envir	6631430	100000	1			100000		other	0
sub-05_2	39	Pulse	255	6636369	104938	0
sub-05_2	39	Nothing	envir	6636430	105000	1			105000		other	0
sub-05_2	39	Nothing	envir	6641430	110000	1			110000		other	0
sub-05_2	39	Nothing	envir	6646430	115000	1			115000		other	0
sub-05_2	39	Nothing	envir	6651430	120000	1			120000		other	0
sub-05_2	39	Pulse	255	6656369	124938	1
sub-05_2	39	Nothing	envir	6656430	125000	1			125000		other	0
sub-05_2	39	Nothing	envir	6661430	130000	1			130000		other	0
sub-05_2	39	Nothing	envir	6666430	135000	1			135000		other	0
sub-05_2	39	Nothing	envir	6671430	140000	1			140000		other	0
sub-05_2	39	Pulse	255	6676369	144938	0
sub-05_2	39	Pulse	255	6696369	164939	0
sub-05_2	40	Pulse	255	6716369	14384	0
sub-05_2	40	Sound	start_sound	6731986	30000	2			30000		other	0
sub-05_2	40	Pulse	255	6736369	34384	0
sub-05_2	40	Nothing	suomi	6746986	45000	1			45000		other	0
sub-05_2	40	Nothing	suomi	6751986	50000	1			50000		other	0
sub-05_2	40	Pulse	255	6756369	54384	0
sub-05_2	40	Nothing	suomi	6756986	55000	1			55000		other	0
sub-05_2	40	Nothing	suomi	6761986	60000	1			60000		other	0
sub-05_2	40	Nothing	suomi	6766986	65000	1			65000		other	0
sub-05_2	40	Nothing	suomi	6771986	70000	1			70000		other	0
sub-05_2	40	Pulse	255	6776369	74384	0
sub-05_2	40	Nothing	suomi	6776986	75000	1			75000		other	0
sub-05_2	40	Nothing	suomi	6781986	80000	1			80000		other	0
sub-05_2	40	Nothing	suomi	6786986	85000	1			85000		other	0
sub-05_2	40	Nothing	suomi	6791986	90000	1			90000		other	0
sub-05_2	40	Pulse	255	6796369	94383	0
sub-05_2	40	Nothing	suomi	6796986	95000	1			95000		other	0
sub-05_2	40	Nothing	suomi	6801986	100000	1			100000		other	0
sub-05_2	40	Nothing	suomi	6806986	105000	1			105000		other	0
sub-05_2	40	Nothing	suomi	6811986	110000	1			110000		other	0
sub-05_2	40	Pulse	255	6816369	114384	0
sub-05_2	40	Nothing	suomi	6816986	115000	1			115000		other	0
sub-05_2	40	Nothing	suomi	6821986	120000	1			120000		other	0
sub-05_2	40	Nothing	suomi	6826986	125000	1			125000		other	0
sub-05_2	40	Nothing	suomi	6831986	130000	1			130000		other	0
sub-05_2	40	Pulse	255	6836369	134384	0
sub-05_2	40	Nothing	suomi	6836986	135000	1			135000		other	0
sub-05_2	40	Nothing	suomi	6841986	140000	1			140000		other	0
sub-05_2	40	Pulse	255	6856369	154384	0
sub-05_2	41	Pulse	255	6876369	3827	0
sub-05_2	41	Pulse	255	6896369	23827	0
sub-05_2	41	Sound	start_sound	6902542	30000	2			30000		other	0
sub-05_2	41	Pulse	255	6916369	43827	0
sub-05_2	41	Nothing	silen	6917542	45000	1			45000		other	0
sub-05_2	41	Nothing	silen	6922542	50000	1			50000		other	0
sub-05_2	41	Nothing	silen	6927542	55000	1			55000		other	0
sub-05_2	41	Nothing	silen	6932542	60000	1			60000		other	0
sub-05_2	41	Pulse	255	6936370	63828	0
sub-05_2	41	Nothing	silen	6937542	65000	1			65000		other	0
sub-05_2	41	Nothing	silen	6942542	70000	1			70000		other	0
sub-05_2	41	Nothing	silen	6947542	75000	1			75000		other	0
sub-05_2	41	Nothing	silen	6952542	80000	1			80000		other	0
sub-05_2	41	Pulse	255	6956370	83827	0
sub-05_2	41	Nothing	silen	6957542	85000	1			85000		other	0
sub-05_2	41	Nothing	silen	6962542	90000	1			90000		other	0
sub-05_2	41	Nothing	silen	6967542	95000	1			95000		other	0
sub-05_2	41	Nothing	silen	6972542	100000	1			100000		other	0
sub-05_2	41	Pulse	255	6976370	103828	0
sub-05_2	41	Nothing	silen	6977542	105000	1			105000		other	0
sub-05_2	41	Nothing	silen	6982542	110000	1			110000		other	0
sub-05_2	41	Nothing	silen	6987542	115000	1			115000		other	0
sub-05_2	41	Nothing	silen	6992542	120000	1			120000		other	0
sub-05_2	41	Pulse	255	6996370	123828	0
sub-05_2	41	Nothing	silen	6997542	125000	1			125000		other	0
sub-05_2	41	Nothing	silen	7002542	130000	1			130000		other	0
sub-05_2	41	Nothing	silen	7007542	135000	1			135000		other	0
sub-05_2	41	Nothing	silen	7012542	140000	1			140000		other	0
sub-05_2	41	Pulse	255	7016370	143828	0
sub-05_2	41	Pulse	255	7036370	163828	0
sub-05_2	42	Pulse	255	7056370	13274	0
sub-05_2	42	Sound	start_sound	7073096	30000	2			30000		other	0
sub-05_2	42	Pulse	255	7076370	33274	0
sub-05_2	42	Nothing	pleur	7088096	45000	1			45000		other	0
sub-05_2	42	Nothing	pleur	7093096	50000	1			50000		other	0
sub-05_2	42	Pulse	255	7096370	53274	0
sub-05_2	42	Nothing	pleur	7098096	55000	1			55000		other	0
sub-05_2	42	Nothing	pleur	7103096	60000	1			60000		other	0
sub-05_2	42	Nothing	pleur	7108096	65000	1			65000		other	0
sub-05_2	42	Nothing	pleur	7113096	70000	1			70000		other	0
sub-05_2	42	Pulse	255	7116370	73274	0
sub-05_2	42	Nothing	pleur	7118096	75000	1			75000		other	0
sub-05_2	42	Nothing	pleur	7123096	80000	1			80000		other	0
sub-05_2	42	Nothing	pleur	7128096	85000	1			85000		other	0
sub-05_2	42	Nothing	pleur	7133096	90000	1			90000		other	0
sub-05_2	42	Pulse	255	7136370	93274	0
sub-05_2	42	Nothing	pleur	7138096	95000	1			95000		other	0
sub-05_2	42	Nothing	pleur	7143096	100000	1			100000		other	0
sub-05_2	42	Nothing	pleur	7148096	105000	1			105000		other	0
sub-05_2	42	Nothing	pleur	7153096	110000	1			110000		other	0
sub-05_2	42	Pulse	255	7156370	113274	0
sub-05_2	42	Nothing	pleur	7158096	115000	1			115000		other	0
sub-05_2	42	Nothing	pleur	7163096	120000	1			120000		other	0
sub-05_2	42	Nothing	pleur	7168096	125000	1			125000		other	0
sub-05_2	42	Nothing	pleur	7173096	130000	1			130000		other	0
sub-05_2	42	Pulse	255	7176370	133274	0
sub-05_2	42	Nothing	pleur	7178096	135000	1			135000		other	0
sub-05_2	42	Nothing	pleur	7183096	140000	1			140000		other	0
sub-05_2	42	Pulse	255	7196370	153274	0
sub-05_2	43	Pulse	255	7216370	2719	0
sub-05_2	43	Pulse	255	7236370	22719	0
sub-05_2	43	Sound	start_sound	7243651	30000	2			30000		other	0
sub-05_2	43	Pulse	255	7256371	42719	0
sub-05_2	43	Nothing	alpha	7258651	45000	1			45000		other	0
sub-05_2	43	Nothing	alpha	7263651	50000	1			50000		other	0
sub-05_2	43	Nothing	alpha	7268651	55000	1			55000		other	0
sub-05_2	43	Nothing	alpha	7273651	60000	1			60000		other	0
sub-05_2	43	Pulse	255	7276370	62719	0
sub-05_2	43	Nothing	alpha	7278651	65000	1			65000		other	0
sub-05_2	43	Nothing	alpha	7283651	70000	1			70000		other	0
sub-05_2	43	Nothing	alpha	7288651	75000	1			75000		other	0
sub-05_2	43	Nothing	alpha	7293651	80000	1			80000		other	0
sub-05_2	43	Pulse	255	7296370	82719	0
sub-05_2	43	Nothing	alpha	7298651	85000	1			85000		other	0
sub-05_2	43	Nothing	alpha	7303651	90000	1			90000		other	0
sub-05_2	43	Nothing	alpha	7308651	95000	1			95000		other	0
sub-05_2	43	Nothing	alpha	7313651	100000	1			100000		other	0
sub-05_2	43	Pulse	255	7316371	102719	0
sub-05_2	43	Nothing	alpha	7318651	105000	1			105000		other	0
sub-05_2	43	Nothing	alpha	7323651	110000	1			110000		other	0
sub-05_2	43	Nothing	alpha	7328651	115000	1			115000		other	0
sub-05_2	43	Nothing	alpha	7333651	120000	1			120000		other	0
sub-05_2	43	Pulse	255	7336371	122719	0
sub-05_2	43	Nothing	alpha	7338651	125000	1			125000		other	0
sub-05_2	43	Nothing	alpha	7343651	130000	1			130000		other	0
sub-05_2	43	Nothing	alpha	7348651	135000	1			135000		other	0
sub-05_2	43	Nothing	alpha	7353651	140000	1			140000		other	0
sub-05_2	43	Pulse	255	7356371	142720	0
sub-05_2	43	Pulse	255	7376371	162719	0
sub-05_2	44	Picture	Bfix	7384271	0	1	60227	1	0	60000	other	0
sub-05_2	44	Pulse	255	7396371	12099	0
sub-05_2	44	Pulse	255	7416371	32100	0
sub-05_2	44	Pulse	255	7436371	52099	0
sub-05_2	45	Picture	Bfix	7444499	0	1	71723	1	0	60000	other	0
sub-05_2	45	Pulse	255	7456371	11872	0
sub-05_2	45	Pulse	255	7476371	31872	0

The following output port codes were not sent because of a conflict on the port.
Port	Code	Time(ms)
1	6	61613.2
