Scenario - loca_audi
Logfile written - 07/16/2018 14:16:12

Subject	Trial	Event Type	Code	Time	TTime	Uncertainty	Duration	Uncertainty	ReqTime	ReqDur	Stim Type	Pair Index

sub-06_1	0	Pulse	255	659170	659170	0
sub-06_1	1	Nothing	cut	659397	0	1			0		other	0
sub-06_1	1	Nothing	cut	664397	5000	1			5000		other	0
sub-06_1	1	Nothing	cut	669397	10000	1			10000		other	0
sub-06_1	2	Pulse	255	679170	9545	0
sub-06_1	2	Pulse	255	699171	29546	0
sub-06_1	2	Sound	start_sound	699624	30000	20778			30000		other	0
sub-06_1	2	Pulse	255	699624	30000	19551
sub-06_1	2	Nothing	human	720402	50778	1			45000		other	0
sub-06_1	2	Nothing	human	720402	50778	1			50000		other	0
sub-06_1	2	Nothing	human	724624	55000	1			55000		other	0
sub-06_1	2	Nothing	human	729624	60000	1			60000		other	0
sub-06_1	2	Nothing	human	734624	65000	1			65000		other	0
sub-06_1	2	Pulse	255	739171	69546	0
sub-06_1	2	Nothing	human	739624	70000	1			70000		other	0
sub-06_1	2	Nothing	human	744624	75000	1			75000		other	0
sub-06_1	2	Nothing	human	749624	80000	1			80000		other	0
sub-06_1	2	Nothing	human	754624	85000	1			85000		other	0
sub-06_1	2	Pulse	255	759171	89547	0
sub-06_1	2	Nothing	human	759624	90000	1			90000		other	0
sub-06_1	2	Nothing	human	764624	95000	1			95000		other	0
sub-06_1	2	Nothing	human	769624	100000	1			100000		other	0
sub-06_1	2	Nothing	human	774624	105000	1			105000		other	0
sub-06_1	2	Pulse	255	779170	109546	0
sub-06_1	2	Nothing	human	779624	110000	1			110000		other	0
sub-06_1	2	Nothing	human	784624	115000	1			115000		other	0
sub-06_1	2	Nothing	human	789624	120000	1			120000		other	0
sub-06_1	2	Nothing	human	794624	125000	1			125000		other	0
sub-06_1	2	Pulse	255	799170	129546	0
sub-06_1	2	Nothing	human	799624	130000	1			130000		other	0
sub-06_1	2	Nothing	human	804624	135000	1			135000		other	0
sub-06_1	2	Nothing	human	809624	140000	1			140000		other	0
sub-06_1	2	Pulse	255	819170	149546	0
sub-06_1	2	Pulse	255	839171	169546	0
sub-06_1	3	Pulse	255	859170	18444	0
sub-06_1	3	Sound	start_sound	870727	30000	1			30000		other	0
sub-06_1	3	Pulse	255	879171	38444	0
sub-06_1	3	Nothing	music	885727	45000	1			45000		other	0
sub-06_1	3	Nothing	music	890727	50000	1			50000		other	0
sub-06_1	3	Nothing	music	895727	55000	1			55000		other	0
sub-06_1	3	Pulse	255	899171	58444	0
sub-06_1	3	Nothing	music	900727	60000	1			60000		other	0
sub-06_1	3	Nothing	music	905727	65000	1			65000		other	0
sub-06_1	3	Nothing	music	910727	70000	1			70000		other	0
sub-06_1	3	Nothing	music	915727	75000	1			75000		other	0
sub-06_1	3	Pulse	255	919170	78444	0
sub-06_1	3	Nothing	music	920727	80000	1			80000		other	0
sub-06_1	3	Nothing	music	925727	85000	1			85000		other	0
sub-06_1	3	Nothing	music	930727	90000	1			90000		other	0
sub-06_1	3	Nothing	music	935727	95000	1			95000		other	0
sub-06_1	3	Pulse	255	939171	98444	0
sub-06_1	3	Nothing	music	940727	100000	1			100000		other	0
sub-06_1	3	Nothing	music	945727	105000	1			105000		other	0
sub-06_1	3	Nothing	music	950727	110000	1			110000		other	0
sub-06_1	3	Nothing	music	955727	115000	1			115000		other	0
sub-06_1	3	Pulse	255	959170	118444	0
sub-06_1	3	Nothing	music	960727	120000	1			120000		other	0
sub-06_1	3	Nothing	music	965727	125000	1			125000		other	0
sub-06_1	3	Nothing	music	970727	130000	1			130000		other	0
sub-06_1	3	Nothing	music	975727	135000	1			135000		other	0
sub-06_1	3	Pulse	255	979171	138445	0
sub-06_1	3	Nothing	music	980727	140000	1			140000		other	0
sub-06_1	3	Pulse	255	999171	158444	0
sub-06_1	4	Pulse	255	1019171	7859	0
sub-06_1	4	Pulse	255	1039172	27859	0
sub-06_1	4	Sound	start_sound	1041313	30000	2			30000		other	0
sub-06_1	4	Nothing	parol	1051313	40000	1			40000		other	0
sub-06_1	4	Nothing	parol	1056313	45000	1			45000		other	0
sub-06_1	4	Pulse	255	1059171	47859	0
sub-06_1	4	Nothing	parol	1061313	50000	1			50000		other	0
sub-06_1	4	Nothing	parol	1066313	55000	1			55000		other	0
sub-06_1	4	Nothing	parol	1071313	60000	1			60000		other	0
sub-06_1	4	Nothing	parol	1076313	65000	1			65000		other	0
sub-06_1	4	Pulse	255	1079172	67859	0
sub-06_1	4	Nothing	parol	1081313	70000	1			70000		other	0
sub-06_1	4	Nothing	parol	1086313	75000	1			75000		other	0
sub-06_1	4	Nothing	parol	1091313	80000	1			80000		other	0
sub-06_1	4	Nothing	parol	1096313	85000	1			85000		other	0
sub-06_1	4	Pulse	255	1099171	87858	0
sub-06_1	4	Nothing	parol	1101313	90000	1			90000		other	0
sub-06_1	4	Nothing	parol	1106313	95000	1			95000		other	0
sub-06_1	4	Nothing	parol	1111313	100000	1			100000		other	0
sub-06_1	4	Nothing	parol	1116313	105000	1			105000		other	0
sub-06_1	4	Pulse	255	1119172	107859	0
sub-06_1	4	Nothing	parol	1121313	110000	1			110000		other	0
sub-06_1	4	Nothing	parol	1126313	115000	1			115000		other	0
sub-06_1	4	Nothing	parol	1131313	120000	1			120000		other	0
sub-06_1	4	Nothing	parol	1136313	125000	1			125000		other	0
sub-06_1	4	Pulse	255	1139171	127859	0
sub-06_1	4	Nothing	parol	1141313	130000	1			130000		other	0
sub-06_1	4	Nothing	parol	1146313	135000	1			135000		other	0
sub-06_1	4	Pulse	255	1159172	147859	0
sub-06_1	5	Pulse	255	1179171	2150	0
sub-06_1	5	Pulse	255	1199171	22149	0
sub-06_1	5	Sound	start_sound	1207022	30000	2			30000		other	0
sub-06_1	5	Pulse	255	1219172	42150	0
sub-06_1	5	Nothing	yawny	1222022	45000	1			45000		other	0
sub-06_1	5	Nothing	yawny	1227022	50000	1			50000		other	0
sub-06_1	5	Nothing	yawny	1232022	55000	1			55000		other	0
sub-06_1	5	Nothing	yawny	1237022	60000	1			60000		other	0
sub-06_1	5	Pulse	255	1239172	62150	0
sub-06_1	5	Nothing	yawny	1242022	65000	1			65000		other	0
sub-06_1	5	Nothing	yawny	1247022	70000	1			70000		other	0
sub-06_1	5	Nothing	yawny	1252022	75000	1			75000		other	0
sub-06_1	5	Nothing	yawny	1257022	80000	1			80000		other	0
sub-06_1	5	Pulse	255	1259171	82150	0
sub-06_1	5	Nothing	yawny	1262022	85000	1			85000		other	0
sub-06_1	5	Nothing	yawny	1267022	90000	1			90000		other	0
sub-06_1	5	Nothing	yawny	1272022	95000	1			95000		other	0
sub-06_1	5	Nothing	yawny	1277022	100000	1			100000		other	0
sub-06_1	5	Pulse	255	1279171	102149	0
sub-06_1	5	Nothing	yawny	1282022	105000	1			105000		other	0
sub-06_1	5	Nothing	yawny	1287022	110000	1			110000		other	0
sub-06_1	5	Nothing	yawny	1292022	115000	1			115000		other	0
sub-06_1	5	Nothing	yawny	1297022	120000	1			120000		other	0
sub-06_1	5	Pulse	255	1299161	122140	0
sub-06_1	5	Nothing	yawny	1302022	125000	1			125000		other	0
sub-06_1	5	Nothing	yawny	1307022	130000	1			130000		other	0
sub-06_1	5	Nothing	yawny	1312022	135000	1			135000		other	0
sub-06_1	5	Nothing	yawny	1317022	140000	1			140000		other	0
sub-06_1	5	Pulse	255	1319161	142140	0
sub-06_1	5	Pulse	255	1339162	162141	0
sub-06_1	6	Pulse	255	1359162	11337	0
sub-06_1	6	Sound	start_sound	1377824	30000	2			30000		other	0
sub-06_1	6	Pulse	255	1379162	31338	0
sub-06_1	6	Nothing	rever	1392824	45000	1			45000		other	0
sub-06_1	6	Nothing	rever	1397824	50000	1			50000		other	0
sub-06_1	6	Pulse	255	1399162	51338	0
sub-06_1	6	Nothing	rever	1402824	55000	1			55000		other	0
sub-06_1	6	Nothing	rever	1407824	60000	1			60000		other	0
sub-06_1	6	Nothing	rever	1412824	65000	1			65000		other	0
sub-06_1	6	Nothing	rever	1417824	70000	1			70000		other	0
sub-06_1	6	Pulse	255	1419163	71338	0
sub-06_1	6	Nothing	rever	1422824	75000	1			75000		other	0
sub-06_1	6	Nothing	rever	1427824	80000	1			80000		other	0
sub-06_1	6	Nothing	rever	1432824	85000	1			85000		other	0
sub-06_1	6	Nothing	rever	1437824	90000	1			90000		other	0
sub-06_1	6	Pulse	255	1439163	91338	0
sub-06_1	6	Nothing	rever	1442824	95000	1			95000		other	0
sub-06_1	6	Nothing	rever	1447824	100000	1			100000		other	0
sub-06_1	6	Nothing	rever	1452824	105000	1			105000		other	0
sub-06_1	6	Nothing	rever	1457824	110000	1			110000		other	0
sub-06_1	6	Pulse	255	1459162	111338	0
sub-06_1	6	Nothing	rever	1462824	115000	1			115000		other	0
sub-06_1	6	Nothing	rever	1467824	120000	1			120000		other	0
sub-06_1	6	Nothing	rever	1472824	125000	1			125000		other	0
sub-06_1	6	Nothing	rever	1477824	130000	1			130000		other	0
sub-06_1	6	Pulse	255	1479162	131337	0
sub-06_1	6	Nothing	rever	1482824	135000	1			135000		other	0
sub-06_1	6	Nothing	rever	1487824	140000	1			140000		other	0
sub-06_1	6	Pulse	255	1499162	151338	0
sub-06_1	7	Pulse	255	1519163	757	0
sub-06_1	7	Pulse	255	1539163	20757	0
sub-06_1	7	Sound	start_sound	1548406	30000	1			30000		other	0
sub-06_1	7	Pulse	255	1559162	40756	0
sub-06_1	7	Nothing	envir	1563406	45000	1			45000		other	0
sub-06_1	7	Nothing	envir	1568406	50000	1			50000		other	0
sub-06_1	7	Nothing	envir	1573406	55000	1			55000		other	0
sub-06_1	7	Nothing	envir	1578406	60000	1			60000		other	0
sub-06_1	7	Pulse	255	1579163	60756	0
sub-06_1	7	Nothing	envir	1583406	65000	1			65000		other	0
sub-06_1	7	Nothing	envir	1588406	70000	1			70000		other	0
sub-06_1	7	Nothing	envir	1593406	75000	1			75000		other	0
sub-06_1	7	Nothing	envir	1598406	80000	1			80000		other	0
sub-06_1	7	Pulse	255	1599163	80756	0
sub-06_1	7	Nothing	envir	1603406	85000	1			85000		other	0
sub-06_1	7	Nothing	envir	1608406	90000	1			90000		other	0
sub-06_1	7	Nothing	envir	1613406	95000	1			95000		other	0
sub-06_1	7	Nothing	envir	1618406	100000	1			100000		other	0
sub-06_1	7	Pulse	255	1619163	100756	0
sub-06_1	7	Nothing	envir	1623406	105000	1			105000		other	0
sub-06_1	7	Nothing	envir	1628406	110000	1			110000		other	0
sub-06_1	7	Nothing	envir	1633406	115000	1			115000		other	0
sub-06_1	7	Nothing	envir	1638406	120000	1			120000		other	0
sub-06_1	7	Pulse	255	1639163	120757	0
sub-06_1	7	Nothing	envir	1643406	125000	1			125000		other	0
sub-06_1	7	Nothing	envir	1648406	130000	1			130000		other	0
sub-06_1	7	Nothing	envir	1653406	135000	1			135000		other	0
sub-06_1	7	Nothing	envir	1658406	140000	1			140000		other	0
sub-06_1	7	Pulse	255	1659163	140757	0
sub-06_1	7	Pulse	255	1679163	160756	0
sub-06_1	8	Pulse	255	1699162	10062	0
sub-06_1	8	Sound	start_sound	1719101	30000	2			30000		other	0
sub-06_1	8	Pulse	255	1719163	30063	0
sub-06_1	8	Nothing	suomi	1734101	45000	1			45000		other	0
sub-06_1	8	Nothing	suomi	1739101	50000	1			50000		other	0
sub-06_1	8	Pulse	255	1739163	50063	0
sub-06_1	8	Nothing	suomi	1744101	55000	1			55000		other	0
sub-06_1	8	Nothing	suomi	1749101	60000	1			60000		other	0
sub-06_1	8	Nothing	suomi	1754101	65000	1			65000		other	0
sub-06_1	8	Nothing	suomi	1759101	70000	1			70000		other	0
sub-06_1	8	Pulse	255	1759163	70062	0
sub-06_1	8	Nothing	suomi	1764101	75000	1			75000		other	0
sub-06_1	8	Nothing	suomi	1769101	80000	1			80000		other	0
sub-06_1	8	Nothing	suomi	1774101	85000	1			85000		other	0
sub-06_1	8	Nothing	suomi	1779101	90000	1			90000		other	0
sub-06_1	8	Pulse	255	1779163	90063	0
sub-06_1	8	Nothing	suomi	1784101	95000	1			95000		other	0
sub-06_1	8	Nothing	suomi	1789101	100000	1			100000		other	0
sub-06_1	8	Nothing	suomi	1794101	105000	1			105000		other	0
sub-06_1	8	Nothing	suomi	1799101	110000	1			110000		other	0
sub-06_1	8	Pulse	255	1799163	110062	0
sub-06_1	8	Nothing	suomi	1804101	115000	1			115000		other	0
sub-06_1	8	Nothing	suomi	1809101	120000	1			120000		other	0
sub-06_1	8	Nothing	suomi	1814101	125000	1			125000		other	0
sub-06_1	8	Nothing	suomi	1819101	130000	1			130000		other	0
sub-06_1	8	Pulse	255	1819163	130063	0
sub-06_1	8	Nothing	suomi	1824101	135000	1			135000		other	0
sub-06_1	8	Nothing	suomi	1829101	140000	1			140000		other	0
sub-06_1	8	Pulse	255	1839164	150063	0
sub-06_1	8	Pulse	255	1859164	170063	0
sub-06_1	9	Pulse	255	1879163	19265	0
sub-06_1	9	Sound	start_sound	1889897	30000	1			30000		other	0
sub-06_1	9	Pulse	255	1899163	39266	0
sub-06_1	9	Nothing	silen	1904897	45000	1			45000		other	0
sub-06_1	9	Nothing	silen	1909897	50000	1			50000		other	0
sub-06_1	9	Nothing	silen	1914897	55000	1			55000		other	0
sub-06_1	9	Pulse	255	1919164	59266	0
sub-06_1	9	Nothing	silen	1919897	60000	1			60000		other	0
sub-06_1	9	Nothing	silen	1924897	65000	1			65000		other	0
sub-06_1	9	Nothing	silen	1929897	70000	1			70000		other	0
sub-06_1	9	Nothing	silen	1934897	75000	1			75000		other	0
sub-06_1	9	Pulse	255	1939164	79266	0
sub-06_1	9	Nothing	silen	1939897	80000	1			80000		other	0
sub-06_1	9	Nothing	silen	1944897	85000	1			85000		other	0
sub-06_1	9	Nothing	silen	1949897	90000	1			90000		other	0
sub-06_1	9	Nothing	silen	1954897	95000	1			95000		other	0
sub-06_1	9	Pulse	255	1959164	99266	0
sub-06_1	9	Nothing	silen	1959897	100000	1			100000		other	0
sub-06_1	9	Nothing	silen	1964897	105000	1			105000		other	0
sub-06_1	9	Nothing	silen	1969897	110000	1			110000		other	0
sub-06_1	9	Nothing	silen	1974897	115000	1			115000		other	0
sub-06_1	9	Pulse	255	1979163	119266	0
sub-06_1	9	Nothing	silen	1979897	120000	1			120000		other	0
sub-06_1	9	Nothing	silen	1984897	125000	1			125000		other	0
sub-06_1	9	Nothing	silen	1989897	130000	1			130000		other	0
sub-06_1	9	Nothing	silen	1994897	135000	1			135000		other	0
sub-06_1	9	Pulse	255	1999163	139266	0
sub-06_1	9	Nothing	silen	1999897	140000	1			140000		other	0
sub-06_1	9	Pulse	255	2019163	159266	0
sub-06_1	10	Pulse	255	2039164	8474	0
sub-06_1	10	Pulse	255	2059163	28473	0
sub-06_1	10	Sound	start_sound	2060690	30000	2			30000		other	0
sub-06_1	10	Nothing	pleur	2075690	45000	1			45000		other	0
sub-06_1	10	Pulse	255	2079163	48473	0
sub-06_1	10	Nothing	pleur	2080690	50000	1			50000		other	0
sub-06_1	10	Nothing	pleur	2085690	55000	1			55000		other	0
sub-06_1	10	Nothing	pleur	2090690	60000	1			60000		other	0
sub-06_1	10	Nothing	pleur	2095690	65000	1			65000		other	0
sub-06_1	10	Pulse	255	2099164	68473	0
sub-06_1	10	Nothing	pleur	2100690	70000	1			70000		other	0
sub-06_1	10	Nothing	pleur	2105690	75000	1			75000		other	0
sub-06_1	10	Nothing	pleur	2110690	80000	1			80000		other	0
sub-06_1	10	Nothing	pleur	2115690	85000	1			85000		other	0
sub-06_1	10	Pulse	255	2119164	88474	0
sub-06_1	10	Nothing	pleur	2120690	90000	1			90000		other	0
sub-06_1	10	Nothing	pleur	2125690	95000	1			95000		other	0
sub-06_1	10	Nothing	pleur	2130690	100000	1			100000		other	0
sub-06_1	10	Nothing	pleur	2135690	105000	1			105000		other	0
sub-06_1	10	Pulse	255	2139163	108473	0
sub-06_1	10	Nothing	pleur	2140690	110000	1			110000		other	0
sub-06_1	10	Nothing	pleur	2145690	115000	1			115000		other	0
sub-06_1	10	Nothing	pleur	2150690	120000	1			120000		other	0
sub-06_1	10	Nothing	pleur	2155690	125000	1			125000		other	0
sub-06_1	10	Pulse	255	2159164	128474	0
sub-06_1	10	Nothing	pleur	2160690	130000	1			130000		other	0
sub-06_1	10	Nothing	pleur	2165690	135000	1			135000		other	0
sub-06_1	10	Nothing	pleur	2170690	140000	1			140000		other	0
sub-06_1	10	Pulse	255	2179164	148474	0
sub-06_1	10	Pulse	255	2199164	168473	0
sub-06_1	11	Pulse	255	2219164	17813	0
sub-06_1	11	Sound	start_sound	2231351	30000	1			30000		other	0
sub-06_1	11	Pulse	255	2239164	37812	0
sub-06_1	11	Nothing	alpha	2246351	45000	1			45000		other	0
sub-06_1	11	Nothing	alpha	2251351	50000	1			50000		other	0
sub-06_1	11	Nothing	alpha	2256351	55000	1			55000		other	0
sub-06_1	11	Pulse	255	2259165	57813	0
sub-06_1	11	Nothing	alpha	2261351	60000	1			60000		other	0
sub-06_1	11	Nothing	alpha	2266351	65000	1			65000		other	0
sub-06_1	11	Nothing	alpha	2271351	70000	1			70000		other	0
sub-06_1	11	Nothing	alpha	2276351	75000	1			75000		other	0
sub-06_1	11	Pulse	255	2279165	77813	0
sub-06_1	11	Nothing	alpha	2281351	80000	1			80000		other	0
sub-06_1	11	Nothing	alpha	2286351	85000	1			85000		other	0
sub-06_1	11	Nothing	alpha	2291351	90000	1			90000		other	0
sub-06_1	11	Nothing	alpha	2296351	95000	1			95000		other	0
sub-06_1	11	Pulse	255	2299164	97812	0
sub-06_1	11	Nothing	alpha	2301351	100000	1			100000		other	0
sub-06_1	11	Nothing	alpha	2306351	105000	1			105000		other	0
sub-06_1	11	Nothing	alpha	2311351	110000	1			110000		other	0
sub-06_1	11	Nothing	alpha	2316351	115000	1			115000		other	0
sub-06_1	11	Pulse	255	2319165	117813	0
sub-06_1	11	Nothing	alpha	2321351	120000	1			120000		other	0
sub-06_1	11	Nothing	alpha	2326351	125000	1			125000		other	0
sub-06_1	11	Nothing	alpha	2331351	130000	1			130000		other	0
sub-06_1	11	Nothing	alpha	2336351	135000	1			135000		other	0
sub-06_1	11	Pulse	255	2339165	137813	0
sub-06_1	11	Nothing	alpha	2341351	140000	1			140000		other	0
sub-06_1	11	Pulse	255	2359164	157813	0
sub-06_1	12	Picture	Bfix	2371971	0	1	60541	1	0	60000	other	0
sub-06_1	12	Pulse	255	2379165	7195	0
sub-06_1	12	Pulse	255	2399165	27194	0
sub-06_1	12	Pulse	255	2419165	47194	0
sub-06_1	13	Pulse	255	2439164	6879	0
sub-06_1	13	Pulse	255	2459164	26879	0
sub-06_1	13	Sound	start_sound	2462285	30000	1			30000		other	0
sub-06_1	13	Nothing	rires	2477285	45000	1			45000		other	0
sub-06_1	13	Pulse	255	2479165	46880	0
sub-06_1	13	Nothing	rires	2482285	50000	1			50000		other	0
sub-06_1	13	Nothing	rires	2487285	55000	1			55000		other	0
sub-06_1	13	Nothing	rires	2492285	60000	1			60000		other	0
sub-06_1	13	Nothing	rires	2497285	65000	1			65000		other	0
sub-06_1	13	Pulse	255	2499165	66880	0
sub-06_1	13	Nothing	rires	2502285	70000	1			70000		other	0
sub-06_1	13	Nothing	rires	2507285	75000	1			75000		other	0
sub-06_1	13	Nothing	rires	2512285	80000	1			80000		other	0
sub-06_1	13	Nothing	rires	2517285	85000	1			85000		other	0
sub-06_1	13	Pulse	255	2519165	86880	0
sub-06_1	13	Nothing	rires	2522285	90000	1			90000		other	0
sub-06_1	13	Nothing	rires	2527285	95000	1			95000		other	0
sub-06_1	13	Nothing	rires	2532285	100000	1			100000		other	0
sub-06_1	13	Nothing	rires	2537285	105000	1			105000		other	0
sub-06_1	13	Pulse	255	2539165	106880	0
sub-06_1	13	Nothing	rires	2542285	110000	1			110000		other	0
sub-06_1	13	Nothing	rires	2547285	115000	1			115000		other	0
sub-06_1	13	Nothing	rires	2552285	120000	1			120000		other	0
sub-06_1	13	Nothing	rires	2557285	125000	1			125000		other	0
sub-06_1	13	Pulse	255	2559165	126880	0
sub-06_1	13	Nothing	rires	2562285	130000	1			130000		other	0
sub-06_1	13	Nothing	rires	2567285	135000	1			135000		other	0
sub-06_1	13	Nothing	rires	2572285	140000	1			140000		other	0
sub-06_1	13	Pulse	255	2579165	146880	0
sub-06_1	13	Pulse	255	2599165	166881	0
sub-06_1	14	Pulse	255	2619165	16084	0
sub-06_1	14	Sound	start_sound	2633081	30000	2			30000		other	0
sub-06_1	14	Pulse	255	2639166	36085	0
sub-06_1	14	Nothing	cough	2648081	45000	1			45000		other	0
sub-06_1	14	Nothing	cough	2653081	50000	1			50000		other	0
sub-06_1	14	Nothing	cough	2658081	55000	1			55000		other	0
sub-06_1	14	Pulse	255	2659166	56085	0
sub-06_1	14	Nothing	cough	2663081	60000	1			60000		other	0
sub-06_1	14	Nothing	cough	2668081	65000	1			65000		other	0
sub-06_1	14	Nothing	cough	2673081	70000	1			70000		other	0
sub-06_1	14	Nothing	cough	2678081	75000	1			75000		other	0
sub-06_1	14	Pulse	255	2679166	76085	0
sub-06_1	14	Nothing	cough	2683081	80000	1			80000		other	0
sub-06_1	14	Nothing	cough	2688081	85000	1			85000		other	0
sub-06_1	14	Nothing	cough	2693081	90000	1			90000		other	0
sub-06_1	14	Nothing	cough	2698081	95000	1			95000		other	0
sub-06_1	14	Pulse	255	2699166	96085	0
sub-06_1	14	Nothing	cough	2703081	100000	1			100000		other	0
sub-06_1	14	Nothing	cough	2708081	105000	1			105000		other	0
sub-06_1	14	Nothing	cough	2713081	110000	1			110000		other	0
sub-06_1	14	Nothing	cough	2718081	115000	1			115000		other	0
sub-06_1	14	Pulse	255	2719166	116086	0
sub-06_1	14	Nothing	cough	2723081	120000	1			120000		other	0
sub-06_1	14	Nothing	cough	2728081	125000	1			125000		other	0
sub-06_1	14	Nothing	cough	2733081	130000	1			130000		other	0
sub-06_1	14	Nothing	cough	2738081	135000	1			135000		other	0
sub-06_1	14	Pulse	255	2739165	136085	0
sub-06_1	14	Nothing	cough	2743081	140000	1			140000		other	0
sub-06_1	14	Pulse	255	2759165	156084	0
sub-06_1	15	Pulse	255	2779165	5281	0
sub-06_1	15	Pulse	255	2799165	25281	0
sub-06_1	15	Sound	start_sound	2803884	30000	1			30000		other	0
sub-06_1	15	Nothing	animo	2818884	45000	1			45000		other	0
sub-06_1	15	Pulse	255	2819166	45282	0
sub-06_1	15	Nothing	animo	2823884	50000	1			50000		other	0
sub-06_1	15	Nothing	animo	2828884	55000	1			55000		other	0
sub-06_1	15	Nothing	animo	2833884	60000	1			60000		other	0
sub-06_1	15	Nothing	animo	2838884	65000	1			65000		other	0
sub-06_1	15	Pulse	255	2839165	65281	0
sub-06_1	15	Nothing	animo	2843884	70000	1			70000		other	0
sub-06_1	15	Nothing	animo	2848884	75000	1			75000		other	0
sub-06_1	15	Nothing	animo	2853884	80000	1			80000		other	0
sub-06_1	15	Nothing	animo	2858884	85000	1			85000		other	0
sub-06_1	15	Pulse	255	2859166	85282	0
sub-06_1	15	Nothing	animo	2863884	90000	1			90000		other	0
sub-06_1	15	Nothing	animo	2868884	95000	1			95000		other	0
sub-06_1	15	Nothing	animo	2873884	100000	1			100000		other	0
sub-06_1	15	Nothing	animo	2878884	105000	1			105000		other	0
sub-06_1	15	Pulse	255	2879166	105282	0
sub-06_1	15	Nothing	animo	2883884	110000	1			110000		other	0
sub-06_1	15	Nothing	animo	2888884	115000	1			115000		other	0
sub-06_1	15	Nothing	animo	2893884	120000	1			120000		other	0
sub-06_1	15	Nothing	animo	2898884	125000	1			125000		other	0
sub-06_1	15	Pulse	255	2899166	125281	0
sub-06_1	15	Nothing	animo	2903884	130000	1			130000		other	0
sub-06_1	15	Nothing	animo	2908884	135000	1			135000		other	0
sub-06_1	15	Nothing	animo	2913884	140000	1			140000		other	0
sub-06_1	15	Pulse	255	2919166	145281	0
sub-06_1	15	Pulse	255	2939166	165282	0
sub-06_1	16	Pulse	255	2959166	14631	0
sub-06_1	16	Sound	start_sound	2974535	30000	1			30000		other	0
sub-06_1	16	Pulse	255	2979166	34631	0
sub-06_1	16	Nothing	rever	2989535	45000	1			45000		other	0
sub-06_1	16	Nothing	rever	2994535	50000	1			50000		other	0
sub-06_1	16	Pulse	255	2999166	54631	0
sub-06_1	16	Nothing	rever	2999535	55000	1			55000		other	0
sub-06_1	16	Nothing	rever	3004535	60000	1			60000		other	0
sub-06_1	16	Nothing	rever	3009535	65000	1			65000		other	0
sub-06_1	16	Nothing	rever	3014535	70000	1			70000		other	0
sub-06_1	16	Pulse	255	3019166	74631	0
sub-06_1	16	Nothing	rever	3019535	75000	1			75000		other	0
sub-06_1	16	Nothing	rever	3024535	80000	1			80000		other	0
sub-06_1	16	Nothing	rever	3029535	85000	1			85000		other	0
sub-06_1	16	Nothing	rever	3034535	90000	1			90000		other	0
sub-06_1	16	Pulse	255	3039166	94631	0
sub-06_1	16	Nothing	rever	3039535	95000	1			95000		other	0
sub-06_1	16	Nothing	rever	3044535	100000	1			100000		other	0
sub-06_1	16	Nothing	rever	3049535	105000	1			105000		other	0
sub-06_1	16	Nothing	rever	3054535	110000	1			110000		other	0
sub-06_1	16	Pulse	255	3059166	114631	0
sub-06_1	16	Nothing	rever	3059535	115000	1			115000		other	0
sub-06_1	16	Nothing	rever	3064535	120000	1			120000		other	0
sub-06_1	16	Nothing	rever	3069535	125000	1			125000		other	0
sub-06_1	16	Nothing	rever	3074535	130000	1			130000		other	0
sub-06_1	16	Pulse	255	3079166	134631	0
sub-06_1	16	Nothing	rever	3079535	135000	1			135000		other	0
sub-06_1	16	Nothing	rever	3084535	140000	1			140000		other	0
sub-06_1	16	Pulse	255	3099166	154631	0
sub-06_1	17	Pulse	255	3119166	3834	0
sub-06_1	17	Pulse	255	3139166	23835	0
sub-06_1	17	Sound	start_sound	3145332	30000	2			30000		other	0
sub-06_1	17	Pulse	255	3159166	43835	0
sub-06_1	17	Nothing	alpha	3160332	45000	1			45000		other	0
sub-06_1	17	Nothing	alpha	3165332	50000	1			50000		other	0
sub-06_1	17	Nothing	alpha	3170332	55000	1			55000		other	0
sub-06_1	17	Nothing	alpha	3175332	60000	1			60000		other	0
sub-06_1	17	Pulse	255	3179167	63835	0
sub-06_1	17	Nothing	alpha	3180332	65000	1			65000		other	0
sub-06_1	17	Nothing	alpha	3185332	70000	1			70000		other	0
sub-06_1	17	Nothing	alpha	3190332	75000	1			75000		other	0
sub-06_1	17	Nothing	alpha	3195332	80000	1			80000		other	0
sub-06_1	17	Pulse	255	3199167	83835	0
sub-06_1	17	Nothing	alpha	3200332	85000	1			85000		other	0
sub-06_1	17	Nothing	alpha	3205332	90000	1			90000		other	0
sub-06_1	17	Nothing	alpha	3210332	95000	1			95000		other	0
sub-06_1	17	Nothing	alpha	3215332	100000	1			100000		other	0
sub-06_1	17	Pulse	255	3219167	103835	0
sub-06_1	17	Nothing	alpha	3220332	105000	1			105000		other	0
sub-06_1	17	Nothing	alpha	3225332	110000	1			110000		other	0
sub-06_1	17	Nothing	alpha	3230332	115000	1			115000		other	0
sub-06_1	17	Nothing	alpha	3235332	120000	1			120000		other	0
sub-06_1	17	Pulse	255	3239167	123835	0
sub-06_1	17	Nothing	alpha	3240332	125000	1			125000		other	0
sub-06_1	17	Nothing	alpha	3245332	130000	1			130000		other	0
sub-06_1	17	Nothing	alpha	3250332	135000	1			135000		other	0
sub-06_1	17	Nothing	alpha	3255332	140000	1			140000		other	0
sub-06_1	17	Pulse	255	3259167	143835	0
sub-06_1	17	Pulse	255	3279157	163825	0
sub-06_1	18	Pulse	255	3299157	13037	0
sub-06_1	18	Sound	start_sound	3316120	30000	2			30000		other	0
sub-06_1	18	Pulse	255	3319157	33037	0
sub-06_1	18	Nothing	rires	3331120	45000	1			45000		other	0
sub-06_1	18	Nothing	rires	3336120	50000	1			50000		other	0
sub-06_1	18	Pulse	255	3339156	53036	0
sub-06_1	18	Nothing	rires	3341120	55000	1			55000		other	0
sub-06_1	18	Nothing	rires	3346120	60000	1			60000		other	0
sub-06_1	18	Nothing	rires	3351120	65000	1			65000		other	0
sub-06_1	18	Nothing	rires	3356120	70000	1			70000		other	0
sub-06_1	18	Pulse	255	3359156	73036	0
sub-06_1	18	Nothing	rires	3361120	75000	1			75000		other	0
sub-06_1	18	Nothing	rires	3366120	80000	1			80000		other	0
sub-06_1	18	Nothing	rires	3371120	85000	1			85000		other	0
sub-06_1	18	Nothing	rires	3376120	90000	1			90000		other	0
sub-06_1	18	Pulse	255	3379156	93036	0
sub-06_1	18	Nothing	rires	3381120	95000	1			95000		other	0
sub-06_1	18	Nothing	rires	3386120	100000	1			100000		other	0
sub-06_1	18	Nothing	rires	3391120	105000	1			105000		other	0
sub-06_1	18	Nothing	rires	3396120	110000	1			110000		other	0
sub-06_1	18	Pulse	255	3399157	113037	0
sub-06_1	18	Nothing	rires	3401120	115000	1			115000		other	0
sub-06_1	18	Nothing	rires	3406120	120000	1			120000		other	0
sub-06_1	18	Nothing	rires	3411120	125000	1			125000		other	0
sub-06_1	18	Nothing	rires	3416120	130000	1			130000		other	0
sub-06_1	18	Pulse	255	3419157	133036	0
sub-06_1	18	Nothing	rires	3421120	135000	1			135000		other	0
sub-06_1	18	Nothing	rires	3426120	140000	1			140000		other	0
sub-06_1	18	Pulse	255	3439157	153037	0
sub-06_1	19	Pulse	255	3459157	2296	0
sub-06_1	19	Pulse	255	3479157	22296	0
sub-06_1	19	Sound	start_sound	3486860	30000	1			30000		other	0
sub-06_1	19	Pulse	255	3499157	42297	0
sub-06_1	19	Nothing	animo	3501860	45000	1			45000		other	0
sub-06_1	19	Nothing	animo	3506860	50000	1			50000		other	0
sub-06_1	19	Nothing	animo	3511860	55000	1			55000		other	0
sub-06_1	19	Nothing	animo	3516860	60000	1			60000		other	0
sub-06_1	19	Pulse	255	3519158	62297	0
sub-06_1	19	Nothing	animo	3521860	65000	1			65000		other	0
sub-06_1	19	Nothing	animo	3526860	70000	1			70000		other	0
sub-06_1	19	Nothing	animo	3531860	75000	1			75000		other	0
sub-06_1	19	Nothing	animo	3536860	80000	1			80000		other	0
sub-06_1	19	Pulse	255	3539158	82297	0
sub-06_1	19	Nothing	animo	3541860	85000	1			85000		other	0
sub-06_1	19	Nothing	animo	3546860	90000	1			90000		other	0
sub-06_1	19	Nothing	animo	3551860	95000	1			95000		other	0
sub-06_1	19	Nothing	animo	3556860	100000	1			100000		other	0
sub-06_1	19	Pulse	255	3559157	102297	0
sub-06_1	19	Nothing	animo	3561860	105000	1			105000		other	0
sub-06_1	19	Nothing	animo	3566860	110000	1			110000		other	0
sub-06_1	19	Nothing	animo	3571860	115000	1			115000		other	0
sub-06_1	19	Nothing	animo	3576860	120000	1			120000		other	0
sub-06_1	19	Pulse	255	3579158	122297	0
sub-06_1	19	Nothing	animo	3581860	125000	1			125000		other	0
sub-06_1	19	Nothing	animo	3586860	130000	1			130000		other	0
sub-06_1	19	Nothing	animo	3591860	135000	1			135000		other	0
sub-06_1	19	Nothing	animo	3596860	140000	1			140000		other	0
sub-06_1	19	Pulse	255	3599158	142297	0
sub-06_1	19	Pulse	255	3619158	162297	0
sub-06_1	20	Pulse	255	3639158	11494	0
sub-06_1	20	Sound	start_sound	3657664	30000	1			30000		other	0
sub-06_1	20	Pulse	255	3659158	31494	0
sub-06_1	20	Nothing	parol	3667664	40000	1			40000		other	0
sub-06_1	20	Nothing	parol	3672664	45000	1			45000		other	0
sub-06_1	20	Nothing	parol	3677664	50000	1			50000		other	0
sub-06_1	20	Pulse	255	3679157	51494	0
sub-06_1	20	Nothing	parol	3682664	55000	1			55000		other	0
sub-06_1	20	Nothing	parol	3687664	60000	1			60000		other	0
sub-06_1	20	Nothing	parol	3692664	65000	1			65000		other	0
sub-06_1	20	Nothing	parol	3697664	70000	1			70000		other	0
sub-06_1	20	Pulse	255	3699158	71494	0
sub-06_1	20	Nothing	parol	3702664	75000	1			75000		other	0
sub-06_1	20	Nothing	parol	3707664	80000	1			80000		other	0
sub-06_1	20	Nothing	parol	3712664	85000	1			85000		other	0
sub-06_1	20	Nothing	parol	3717664	90000	1			90000		other	0
sub-06_1	20	Pulse	255	3719158	91494	0
sub-06_1	20	Nothing	parol	3722664	95000	1			95000		other	0
sub-06_1	20	Nothing	parol	3727664	100000	1			100000		other	0
sub-06_1	20	Nothing	parol	3732664	105000	1			105000		other	0
sub-06_1	20	Nothing	parol	3737664	110000	1			110000		other	0
sub-06_1	20	Pulse	255	3739158	111495	0
sub-06_1	20	Nothing	parol	3742664	115000	1			115000		other	0
sub-06_1	20	Nothing	parol	3747664	120000	1			120000		other	0
sub-06_1	20	Nothing	parol	3752664	125000	1			125000		other	0
sub-06_1	20	Nothing	parol	3757664	130000	1			130000		other	0
sub-06_1	20	Pulse	255	3759157	131494	0
sub-06_1	20	Nothing	parol	3762664	135000	1			135000		other	0
sub-06_1	20	Pulse	255	3779158	151494	0
sub-06_1	21	Pulse	255	3799158	5913	0
sub-06_1	21	Pulse	255	3819158	25914	0
sub-06_1	21	Sound	start_sound	3823245	30000	1			30000		other	0
sub-06_1	21	Nothing	yawny	3838245	45000	1			45000		other	0
sub-06_1	21	Pulse	255	3839158	45913	0
sub-06_1	21	Nothing	yawny	3843245	50000	1			50000		other	0
sub-06_1	21	Nothing	yawny	3848245	55000	1			55000		other	0
sub-06_1	21	Nothing	yawny	3853245	60000	1			60000		other	0
sub-06_1	21	Nothing	yawny	3858245	65000	1			65000		other	0
sub-06_1	21	Pulse	255	3859157	65913	0
sub-06_1	21	Nothing	yawny	3863245	70000	1			70000		other	0
sub-06_1	21	Nothing	yawny	3868245	75000	1			75000		other	0
sub-06_1	21	Nothing	yawny	3873245	80000	1			80000		other	0
sub-06_1	21	Nothing	yawny	3878245	85000	1			85000		other	0
sub-06_1	21	Pulse	255	3879157	85913	0
sub-06_1	21	Nothing	yawny	3883245	90000	1			90000		other	0
sub-06_1	21	Nothing	yawny	3888245	95000	1			95000		other	0
sub-06_1	21	Nothing	yawny	3893245	100000	1			100000		other	0
sub-06_1	21	Nothing	yawny	3898245	105000	1			105000		other	0
sub-06_1	21	Pulse	255	3899158	105913	0
sub-06_1	21	Nothing	yawny	3903245	110000	1			110000		other	0
sub-06_1	21	Nothing	yawny	3908245	115000	1			115000		other	0
sub-06_1	21	Nothing	yawny	3913245	120000	1			120000		other	0
sub-06_1	21	Nothing	yawny	3918245	125000	1			125000		other	0
sub-06_1	21	Pulse	255	3919158	125914	0
sub-06_1	21	Nothing	yawny	3923245	130000	1			130000		other	0
sub-06_1	21	Nothing	yawny	3928245	135000	1			135000		other	0
sub-06_1	21	Nothing	yawny	3933245	140000	1			140000		other	0
sub-06_1	21	Pulse	255	3939158	145914	0
sub-06_1	21	Pulse	255	3959158	165914	0
sub-06_1	22	Pulse	255	3979158	15190	0
sub-06_1	22	Sound	start_sound	3993969	30000	2			30000		other	0
sub-06_1	22	Pulse	255	3999159	35190	0
sub-06_1	22	Nothing	envir	4008969	45000	1			45000		other	0
sub-06_1	22	Nothing	envir	4013969	50000	1			50000		other	0
sub-06_1	22	Nothing	envir	4018969	55000	1			55000		other	0
sub-06_1	22	Pulse	255	4019158	55189	0
sub-06_1	22	Nothing	envir	4023969	60000	1			60000		other	0
sub-06_1	22	Nothing	envir	4028969	65000	1			65000		other	0
sub-06_1	22	Nothing	envir	4033969	70000	1			70000		other	0
sub-06_1	22	Nothing	envir	4038969	75000	1			75000		other	0
sub-06_1	22	Pulse	255	4039159	75190	0
sub-06_1	22	Nothing	envir	4043969	80000	1			80000		other	0
sub-06_1	22	Nothing	envir	4048969	85000	1			85000		other	0
sub-06_1	22	Nothing	envir	4053969	90000	1			90000		other	0
sub-06_1	22	Nothing	envir	4058969	95000	1			95000		other	0
sub-06_1	22	Pulse	255	4059158	95189	0
sub-06_1	22	Nothing	envir	4063969	100000	1			100000		other	0
sub-06_1	22	Nothing	envir	4068969	105000	1			105000		other	0
sub-06_1	22	Nothing	envir	4073969	110000	1			110000		other	0
sub-06_1	22	Nothing	envir	4078969	115000	1			115000		other	0
sub-06_1	22	Pulse	255	4079158	115189	0
sub-06_1	22	Nothing	envir	4083969	120000	1			120000		other	0
sub-06_1	22	Nothing	envir	4088969	125000	1			125000		other	0
sub-06_1	22	Nothing	envir	4093969	130000	1			130000		other	0
sub-06_1	22	Nothing	envir	4098969	135000	1			135000		other	0
sub-06_1	22	Pulse	255	4099158	135190	0
sub-06_1	22	Nothing	envir	4103969	140000	1			140000		other	0
sub-06_1	22	Pulse	255	4119159	155190	0
sub-06_1	23	Picture	Bfix	4134589	0	1	60544	1	0	60000	other	0
sub-06_1	23	Pulse	255	4139159	4570	0
sub-06_1	23	Pulse	255	4159158	24569	0
sub-06_1	23	Pulse	255	4179158	44569	0
sub-06_1	24	Pulse	255	4199159	4252	0
sub-06_1	24	Pulse	255	4219158	24252	0
sub-06_1	24	Sound	start_sound	4224907	30000	1			30000		other	0
sub-06_1	24	Pulse	255	4239159	44253	0
sub-06_1	24	Nothing	pleur	4239907	45000	1			45000		other	0
sub-06_1	24	Nothing	pleur	4244907	50000	1			50000		other	0
sub-06_1	24	Nothing	pleur	4249907	55000	1			55000		other	0
sub-06_1	24	Nothing	pleur	4254907	60000	1			60000		other	0
sub-06_1	24	Pulse	255	4259159	64252	0
sub-06_1	24	Nothing	pleur	4259907	65000	1			65000		other	0
sub-06_1	24	Nothing	pleur	4264907	70000	1			70000		other	0
sub-06_1	24	Nothing	pleur	4269907	75000	1			75000		other	0
sub-06_1	24	Nothing	pleur	4274907	80000	1			80000		other	0
sub-06_1	24	Pulse	255	4279158	84252	0
sub-06_1	24	Nothing	pleur	4279907	85000	1			85000		other	0
sub-06_1	24	Nothing	pleur	4284907	90000	1			90000		other	0
sub-06_1	24	Nothing	pleur	4289907	95000	1			95000		other	0
sub-06_1	24	Nothing	pleur	4294907	100000	1			100000		other	0
sub-06_1	24	Pulse	255	4299159	104253	0
sub-06_1	24	Nothing	pleur	4299907	105000	1			105000		other	0
sub-06_1	24	Nothing	pleur	4304907	110000	1			110000		other	0
sub-06_1	24	Nothing	pleur	4309907	115000	1			115000		other	0
sub-06_1	24	Nothing	pleur	4314907	120000	1			120000		other	0
sub-06_1	24	Pulse	255	4319159	124252	0
sub-06_1	24	Nothing	pleur	4319907	125000	1			125000		other	0
sub-06_1	24	Nothing	pleur	4324907	130000	1			130000		other	0
sub-06_1	24	Nothing	pleur	4329907	135000	1			135000		other	0
sub-06_1	24	Nothing	pleur	4334907	140000	1			140000		other	0
sub-06_1	24	Pulse	255	4339159	144252	0
sub-06_1	24	Pulse	255	4359159	164252	0
sub-06_1	25	Pulse	255	4379159	13464	0
sub-06_1	25	Sound	start_sound	4395695	30000	1			30000		other	0
sub-06_1	25	Pulse	255	4399159	33463	0
sub-06_1	25	Nothing	cough	4410695	45000	1			45000		other	0
sub-06_1	25	Nothing	cough	4415695	50000	1			50000		other	0
sub-06_1	25	Pulse	255	4419159	53464	0
sub-06_1	25	Nothing	cough	4420695	55000	1			55000		other	0
sub-06_1	25	Nothing	cough	4425695	60000	1			60000		other	0
sub-06_1	25	Nothing	cough	4430695	65000	1			65000		other	0
sub-06_1	25	Nothing	cough	4435695	70000	1			70000		other	0
sub-06_1	25	Pulse	255	4439160	73464	0
sub-06_1	25	Nothing	cough	4440695	75000	1			75000		other	0
sub-06_1	25	Nothing	cough	4445695	80000	1			80000		other	0
sub-06_1	25	Nothing	cough	4450695	85000	1			85000		other	0
sub-06_1	25	Nothing	cough	4455695	90000	1			90000		other	0
sub-06_1	25	Pulse	255	4459160	93464	0
sub-06_1	25	Nothing	cough	4460695	95000	1			95000		other	0
sub-06_1	25	Nothing	cough	4465695	100000	1			100000		other	0
sub-06_1	25	Nothing	cough	4470695	105000	1			105000		other	0
sub-06_1	25	Nothing	cough	4475695	110000	1			110000		other	0
sub-06_1	25	Pulse	255	4479160	113464	0
sub-06_1	25	Nothing	cough	4480695	115000	1			115000		other	0
sub-06_1	25	Nothing	cough	4485695	120000	1			120000		other	0
sub-06_1	25	Nothing	cough	4490695	125000	1			125000		other	0
sub-06_1	25	Nothing	cough	4495695	130000	1			130000		other	0
sub-06_1	25	Pulse	255	4499160	133464	0
sub-06_1	25	Nothing	cough	4500695	135000	1			135000		other	0
sub-06_1	25	Nothing	cough	4505695	140000	1			140000		other	0
sub-06_1	25	Pulse	255	4519159	153464	0
sub-06_1	26	Pulse	255	4539159	2662	0
sub-06_1	26	Pulse	255	4559159	22662	0
sub-06_1	26	Sound	start_sound	4566497	30000	1			30000		other	0
sub-06_1	26	Pulse	255	4579160	42662	0
sub-06_1	26	Nothing	suomi	4581497	45000	1			45000		other	0
sub-06_1	26	Nothing	suomi	4586497	50000	1			50000		other	0
sub-06_1	26	Nothing	suomi	4591497	55000	1			55000		other	0
sub-06_1	26	Nothing	suomi	4596497	60000	1			60000		other	0
sub-06_1	26	Pulse	255	4599159	62662	0
sub-06_1	26	Nothing	suomi	4601497	65000	1			65000		other	0
sub-06_1	26	Nothing	suomi	4606497	70000	1			70000		other	0
sub-06_1	26	Nothing	suomi	4611497	75000	1			75000		other	0
sub-06_1	26	Nothing	suomi	4616497	80000	1			80000		other	0
sub-06_1	26	Pulse	255	4619159	82662	0
sub-06_1	26	Nothing	suomi	4621497	85000	1			85000		other	0
sub-06_1	26	Nothing	suomi	4626497	90000	1			90000		other	0
sub-06_1	26	Nothing	suomi	4631497	95000	1			95000		other	0
sub-06_1	26	Nothing	suomi	4636497	100000	1			100000		other	0
sub-06_1	26	Pulse	255	4639160	102662	0
sub-06_1	26	Nothing	suomi	4641497	105000	1			105000		other	0
sub-06_1	26	Nothing	suomi	4646497	110000	1			110000		other	0
sub-06_1	26	Nothing	suomi	4651497	115000	1			115000		other	0
sub-06_1	26	Nothing	suomi	4656497	120000	1			120000		other	0
sub-06_1	26	Pulse	255	4659160	122663	0
sub-06_1	26	Nothing	suomi	4661497	125000	1			125000		other	0
sub-06_1	26	Nothing	suomi	4666497	130000	1			130000		other	0
sub-06_1	26	Nothing	suomi	4671497	135000	1			135000		other	0
sub-06_1	26	Nothing	suomi	4676497	140000	1			140000		other	0
sub-06_1	26	Pulse	255	4679160	142663	0
sub-06_1	26	Pulse	255	4699160	162663	0
sub-06_1	27	Pulse	255	4719159	11861	0
sub-06_1	27	Sound	start_sound	4737298	30000	1			30000		other	0
sub-06_1	27	Pulse	255	4739160	31863	0
sub-06_1	27	Nothing	silen	4752298	45000	1			45000		other	0
sub-06_1	27	Nothing	silen	4757298	50000	1			50000		other	0
sub-06_1	27	Pulse	255	4759160	51862	0
sub-06_1	27	Nothing	silen	4762298	55000	1			55000		other	0
sub-06_1	27	Nothing	silen	4767298	60000	1			60000		other	0
sub-06_1	27	Nothing	silen	4772298	65000	1			65000		other	0
sub-06_1	27	Nothing	silen	4777298	70000	1			70000		other	0
sub-06_1	27	Pulse	255	4779159	71862	0
sub-06_1	27	Nothing	silen	4782298	75000	1			75000		other	0
sub-06_1	27	Nothing	silen	4787298	80000	1			80000		other	0
sub-06_1	27	Nothing	silen	4792298	85000	1			85000		other	0
sub-06_1	27	Nothing	silen	4797298	90000	1			90000		other	0
sub-06_1	27	Pulse	255	4799160	91862	0
sub-06_1	27	Nothing	silen	4802298	95000	1			95000		other	0
sub-06_1	27	Nothing	silen	4807298	100000	1			100000		other	0
sub-06_1	27	Nothing	silen	4812298	105000	1			105000		other	0
sub-06_1	27	Nothing	silen	4817298	110000	1			110000		other	0
sub-06_1	27	Pulse	255	4819160	111863	0
sub-06_1	27	Nothing	silen	4822298	115000	1			115000		other	0
sub-06_1	27	Nothing	silen	4827298	120000	1			120000		other	0
sub-06_1	27	Nothing	silen	4832298	125000	1			125000		other	0
sub-06_1	27	Nothing	silen	4837298	130000	1			130000		other	0
sub-06_1	27	Pulse	255	4839160	131862	0
sub-06_1	27	Nothing	silen	4842298	135000	1			135000		other	0
sub-06_1	27	Nothing	silen	4847298	140000	1			140000		other	0
sub-06_1	27	Pulse	255	4859160	151863	0
sub-06_1	28	Pulse	255	4879161	1077	0
sub-06_1	28	Pulse	255	4899160	21076	0
sub-06_1	28	Sound	start_sound	4908084	30000	1			30000		other	0
sub-06_1	28	Pulse	255	4919161	41077	0
sub-06_1	28	Nothing	human	4923084	45000	1			45000		other	0
sub-06_1	28	Nothing	human	4928084	50000	1			50000		other	0
sub-06_1	28	Nothing	human	4933084	55000	1			55000		other	0
sub-06_1	28	Nothing	human	4938084	60000	1			60000		other	0
sub-06_1	28	Pulse	255	4939160	61077	0
sub-06_1	28	Nothing	human	4943084	65000	1			65000		other	0
sub-06_1	28	Nothing	human	4948084	70000	1			70000		other	0
sub-06_1	28	Nothing	human	4953084	75000	1			75000		other	0
sub-06_1	28	Nothing	human	4958084	80000	1			80000		other	0
sub-06_1	28	Pulse	255	4959160	81077	0
sub-06_1	28	Nothing	human	4963084	85000	1			85000		other	0
sub-06_1	28	Nothing	human	4968084	90000	1			90000		other	0
sub-06_1	28	Nothing	human	4973084	95000	1			95000		other	0
sub-06_1	28	Nothing	human	4978084	100000	1			100000		other	0
sub-06_1	28	Pulse	255	4979161	101077	0
sub-06_1	28	Nothing	human	4983084	105000	1			105000		other	0
sub-06_1	28	Nothing	human	4988084	110000	1			110000		other	0
sub-06_1	28	Nothing	human	4993084	115000	1			115000		other	0
sub-06_1	28	Nothing	human	4998084	120000	1			120000		other	0
sub-06_1	28	Pulse	255	4999160	121077	0
sub-06_1	28	Nothing	human	5003084	125000	1			125000		other	0
sub-06_1	28	Nothing	human	5008084	130000	1			130000		other	0
sub-06_1	28	Nothing	human	5013084	135000	1			135000		other	0
sub-06_1	28	Nothing	human	5018084	140000	1			140000		other	0
sub-06_1	28	Pulse	255	5019161	141077	0
sub-06_1	28	Pulse	255	5039161	161077	0
sub-06_1	29	Pulse	255	5059160	10280	0
sub-06_1	29	Sound	start_sound	5078880	30000	1			30000		other	0
sub-06_1	29	Pulse	255	5079161	30280	0
sub-06_1	29	Nothing	music	5093880	45000	1			45000		other	0
sub-06_1	29	Nothing	music	5098880	50000	1			50000		other	0
sub-06_1	29	Pulse	255	5099161	50281	0
sub-06_1	29	Nothing	music	5103880	55000	1			55000		other	0
sub-06_1	29	Nothing	music	5108880	60000	1			60000		other	0
sub-06_1	29	Nothing	music	5113880	65000	1			65000		other	0
sub-06_1	29	Nothing	music	5118880	70000	1			70000		other	0
sub-06_1	29	Pulse	255	5119160	70280	0
sub-06_1	29	Nothing	music	5123880	75000	1			75000		other	0
sub-06_1	29	Nothing	music	5128880	80000	1			80000		other	0
sub-06_1	29	Nothing	music	5133880	85000	1			85000		other	0
sub-06_1	29	Nothing	music	5138880	90000	1			90000		other	0
sub-06_1	29	Pulse	255	5139160	90280	0
sub-06_1	29	Nothing	music	5143880	95000	1			95000		other	0
sub-06_1	29	Nothing	music	5148880	100000	1			100000		other	0
sub-06_1	29	Nothing	music	5153880	105000	1			105000		other	0
sub-06_1	29	Nothing	music	5158880	110000	1			110000		other	0
sub-06_1	29	Pulse	255	5159161	110281	0
sub-06_1	29	Nothing	music	5163880	115000	1			115000		other	0
sub-06_1	29	Nothing	music	5168880	120000	1			120000		other	0
sub-06_1	29	Nothing	music	5173880	125000	1			125000		other	0
sub-06_1	29	Nothing	music	5178880	130000	1			130000		other	0
sub-06_1	29	Pulse	255	5179161	130281	0
sub-06_1	29	Nothing	music	5183880	135000	1			135000		other	0
sub-06_1	29	Nothing	music	5188880	140000	1			140000		other	0
sub-06_1	29	Pulse	255	5199161	150281	0
sub-06_1	29	Pulse	255	5219192	170312	0
sub-06_1	30	Pulse	255	5239161	19484	0
sub-06_1	30	Sound	start_sound	5249677	30000	2			30000		other	0
sub-06_1	30	Pulse	255	5259162	39484	0
sub-06_1	30	Nothing	animo	5264677	45000	1			45000		other	0
sub-06_1	30	Nothing	animo	5269677	50000	1			50000		other	0
sub-06_1	30	Nothing	animo	5274677	55000	1			55000		other	0
sub-06_1	30	Pulse	255	5279151	59474	0
sub-06_1	30	Nothing	animo	5279677	60000	1			60000		other	0
sub-06_1	30	Nothing	animo	5284677	65000	1			65000		other	0
sub-06_1	30	Nothing	animo	5289677	70000	1			70000		other	0
sub-06_1	30	Nothing	animo	5294677	75000	1			75000		other	0
sub-06_1	30	Pulse	255	5299152	79474	0
sub-06_1	30	Nothing	animo	5299677	80000	1			80000		other	0
sub-06_1	30	Nothing	animo	5304677	85000	1			85000		other	0
sub-06_1	30	Nothing	animo	5309677	90000	1			90000		other	0
sub-06_1	30	Nothing	animo	5314677	95000	1			95000		other	0
sub-06_1	30	Pulse	255	5319152	99475	0
sub-06_1	30	Nothing	animo	5319677	100000	1			100000		other	0
sub-06_1	30	Nothing	animo	5324677	105000	1			105000		other	0
sub-06_1	30	Nothing	animo	5329677	110000	1			110000		other	0
sub-06_1	30	Nothing	animo	5334677	115000	1			115000		other	0
sub-06_1	30	Pulse	255	5339152	119474	0
sub-06_1	30	Nothing	animo	5339677	120000	1			120000		other	0
sub-06_1	30	Nothing	animo	5344677	125000	1			125000		other	0
sub-06_1	30	Nothing	animo	5349677	130000	1			130000		other	0
sub-06_1	30	Nothing	animo	5354677	135000	1			135000		other	0
sub-06_1	30	Pulse	255	5359152	139474	0
sub-06_1	30	Nothing	animo	5359677	140000	1			140000		other	0
sub-06_1	30	Pulse	255	5379151	159474	0
sub-06_1	31	Pulse	255	5399152	8673	0
sub-06_1	31	Pulse	255	5419152	28674	0
sub-06_1	31	Sound	start_sound	5420478	30000	2			30000		other	0
sub-06_1	31	Nothing	rires	5435478	45000	1			45000		other	0
sub-06_1	31	Pulse	255	5439152	48674	0
sub-06_1	31	Nothing	rires	5440478	50000	1			50000		other	0
sub-06_1	31	Nothing	rires	5445478	55000	1			55000		other	0
sub-06_1	31	Nothing	rires	5450478	60000	1			60000		other	0
sub-06_1	31	Nothing	rires	5455478	65000	1			65000		other	0
sub-06_1	31	Pulse	255	5459152	68673	0
sub-06_1	31	Nothing	rires	5460478	70000	1			70000		other	0
sub-06_1	31	Nothing	rires	5465478	75000	1			75000		other	0
sub-06_1	31	Nothing	rires	5470478	80000	1			80000		other	0
sub-06_1	31	Nothing	rires	5475478	85000	1			85000		other	0
sub-06_1	31	Pulse	255	5479152	88674	0
sub-06_1	31	Nothing	rires	5480478	90000	1			90000		other	0
sub-06_1	31	Nothing	rires	5485478	95000	1			95000		other	0
sub-06_1	31	Nothing	rires	5490478	100000	1			100000		other	0
sub-06_1	31	Nothing	rires	5495478	105000	1			105000		other	0
sub-06_1	31	Pulse	255	5499152	108674	0
sub-06_1	31	Nothing	rires	5500478	110000	1			110000		other	0
sub-06_1	31	Nothing	rires	5505478	115000	1			115000		other	0
sub-06_1	31	Nothing	rires	5510478	120000	1			120000		other	0
sub-06_1	31	Nothing	rires	5515478	125000	1			125000		other	0
sub-06_1	31	Pulse	255	5519152	128674	0
sub-06_1	31	Nothing	rires	5520478	130000	1			130000		other	0
sub-06_1	31	Nothing	rires	5525478	135000	1			135000		other	0
sub-06_1	31	Nothing	rires	5530478	140000	1			140000		other	0
sub-06_1	31	Pulse	255	5539151	148673	0
sub-06_1	31	Pulse	255	5559152	168674	0
sub-06_1	32	Pulse	255	5579152	17871	0
sub-06_1	32	Sound	start_sound	5591281	30000	2			30000		other	0
sub-06_1	32	Pulse	255	5599152	37871	0
sub-06_1	32	Nothing	envir	5606281	45000	1			45000		other	0
sub-06_1	32	Nothing	envir	5611281	50000	1			50000		other	0
sub-06_1	32	Nothing	envir	5616281	55000	1			55000		other	0
sub-06_1	32	Pulse	255	5619152	57871	0
sub-06_1	32	Nothing	envir	5621281	60000	1			60000		other	0
sub-06_1	32	Nothing	envir	5626281	65000	1			65000		other	0
sub-06_1	32	Nothing	envir	5631281	70000	1			70000		other	0
sub-06_1	32	Nothing	envir	5636281	75000	1			75000		other	0
sub-06_1	32	Pulse	255	5639153	77872	0
sub-06_1	32	Nothing	envir	5641281	80000	1			80000		other	0
sub-06_1	32	Nothing	envir	5646281	85000	1			85000		other	0
sub-06_1	32	Nothing	envir	5651281	90000	1			90000		other	0
sub-06_1	32	Nothing	envir	5656281	95000	1			95000		other	0
sub-06_1	32	Pulse	255	5659152	97871	0
sub-06_1	32	Nothing	envir	5661281	100000	1			100000		other	0
sub-06_1	32	Nothing	envir	5666281	105000	1			105000		other	0
sub-06_1	32	Nothing	envir	5671281	110000	1			110000		other	0
sub-06_1	32	Nothing	envir	5676281	115000	1			115000		other	0
sub-06_1	32	Pulse	255	5679152	117871	0
sub-06_1	32	Nothing	envir	5681281	120000	1			120000		other	0
sub-06_1	32	Nothing	envir	5686281	125000	1			125000		other	0
sub-06_1	32	Nothing	envir	5691281	130000	1			130000		other	0
sub-06_1	32	Nothing	envir	5696281	135000	1			135000		other	0
sub-06_1	32	Pulse	255	5699152	137871	0
sub-06_1	32	Nothing	envir	5701281	140000	1			140000		other	0
sub-06_1	32	Pulse	255	5719152	157871	0
sub-06_1	33	Pulse	255	5739153	7225	0
sub-06_1	33	Pulse	255	5759152	27224	0
sub-06_1	33	Sound	start_sound	5761928	30000	2			30000		other	0
sub-06_1	33	Nothing	cough	5776928	45000	1			45000		other	0
sub-06_1	33	Pulse	255	5779153	47225	0
sub-06_1	33	Nothing	cough	5781928	50000	1			50000		other	0
sub-06_1	33	Nothing	cough	5786928	55000	1			55000		other	0
sub-06_1	33	Nothing	cough	5791928	60000	1			60000		other	0
sub-06_1	33	Nothing	cough	5796928	65000	1			65000		other	0
sub-06_1	33	Pulse	255	5799152	67224	0
sub-06_1	33	Nothing	cough	5801928	70000	1			70000		other	0
sub-06_1	33	Nothing	cough	5806928	75000	1			75000		other	0
sub-06_1	33	Nothing	cough	5811928	80000	1			80000		other	0
sub-06_1	33	Nothing	cough	5816928	85000	1			85000		other	0
sub-06_1	33	Pulse	255	5819152	87224	0
sub-06_1	33	Nothing	cough	5821928	90000	1			90000		other	0
sub-06_1	33	Nothing	cough	5826928	95000	1			95000		other	0
sub-06_1	33	Nothing	cough	5831928	100000	1			100000		other	0
sub-06_1	33	Nothing	cough	5836928	105000	1			105000		other	0
sub-06_1	33	Pulse	255	5839152	107224	0
sub-06_1	33	Nothing	cough	5841928	110000	1			110000		other	0
sub-06_1	33	Nothing	cough	5846928	115000	1			115000		other	0
sub-06_1	33	Nothing	cough	5851928	120000	1			120000		other	0
sub-06_1	33	Nothing	cough	5856928	125000	1			125000		other	0
sub-06_1	33	Pulse	255	5859153	127224	0
sub-06_1	33	Nothing	cough	5861928	130000	1			130000		other	0
sub-06_1	33	Nothing	cough	5866928	135000	1			135000		other	0
sub-06_1	33	Nothing	cough	5871928	140000	1			140000		other	0
sub-06_1	33	Pulse	255	5879152	147224	0
sub-06_1	33	Pulse	255	5899153	167225	0
sub-06_1	34	Picture	Bfix	5902548	0	1	60545	1	0	60000	other	0
sub-06_1	34	Pulse	255	5919153	16605	0
sub-06_1	34	Pulse	255	5939152	36605	0
sub-06_1	34	Pulse	255	5959152	56604	0
sub-06_1	35	Pulse	255	5979153	16286	0
sub-06_1	35	Sound	start_sound	5992867	30000	2			30000		other	0
sub-06_1	35	Pulse	255	5999153	36286	0
sub-06_1	35	Nothing	pleur	6007867	45000	1			45000		other	0
sub-06_1	35	Nothing	pleur	6012867	50000	1			50000		other	0
sub-06_1	35	Nothing	pleur	6017867	55000	1			55000		other	0
sub-06_1	35	Pulse	255	6019152	56286	0
sub-06_1	35	Nothing	pleur	6022867	60000	1			60000		other	0
sub-06_1	35	Nothing	pleur	6027867	65000	1			65000		other	0
sub-06_1	35	Nothing	pleur	6032867	70000	1			70000		other	0
sub-06_1	35	Nothing	pleur	6037867	75000	1			75000		other	0
sub-06_1	35	Pulse	255	6039153	76286	0
sub-06_1	35	Nothing	pleur	6042867	80000	1			80000		other	0
sub-06_1	35	Nothing	pleur	6047867	85000	1			85000		other	0
sub-06_1	35	Nothing	pleur	6052867	90000	1			90000		other	0
sub-06_1	35	Nothing	pleur	6057867	95000	1			95000		other	0
sub-06_1	35	Pulse	255	6059153	96286	0
sub-06_1	35	Nothing	pleur	6062867	100000	1			100000		other	0
sub-06_1	35	Nothing	pleur	6067867	105000	1			105000		other	0
sub-06_1	35	Nothing	pleur	6072867	110000	1			110000		other	0
sub-06_1	35	Nothing	pleur	6077867	115000	1			115000		other	0
sub-06_1	35	Pulse	255	6079153	116286	0
sub-06_1	35	Nothing	pleur	6082867	120000	1			120000		other	0
sub-06_1	35	Nothing	pleur	6087867	125000	1			125000		other	0
sub-06_1	35	Nothing	pleur	6092867	130000	1			130000		other	0
sub-06_1	35	Nothing	pleur	6097867	135000	1			135000		other	0
sub-06_1	35	Pulse	255	6099153	136286	0
sub-06_1	35	Nothing	pleur	6102867	140000	1			140000		other	0
sub-06_1	35	Pulse	255	6119153	156286	0
sub-06_1	36	Pulse	255	6139153	5714	0
sub-06_1	36	Pulse	255	6159153	25715	0
sub-06_1	36	Sound	start_sound	6163439	30000	2			30000		other	0
sub-06_1	36	Nothing	suomi	6178439	45000	1			45000		other	0
sub-06_1	36	Pulse	255	6179153	45715	0
sub-06_1	36	Nothing	suomi	6183439	50000	1			50000		other	0
sub-06_1	36	Nothing	suomi	6188439	55000	1			55000		other	0
sub-06_1	36	Nothing	suomi	6193439	60000	1			60000		other	0
sub-06_1	36	Nothing	suomi	6198439	65000	1			65000		other	0
sub-06_1	36	Pulse	255	6199154	65715	0
sub-06_1	36	Nothing	suomi	6203439	70000	1			70000		other	0
sub-06_1	36	Nothing	suomi	6208439	75000	1			75000		other	0
sub-06_1	36	Nothing	suomi	6213439	80000	1			80000		other	0
sub-06_1	36	Nothing	suomi	6218439	85000	1			85000		other	0
sub-06_1	36	Pulse	255	6219153	85715	0
sub-06_1	36	Nothing	suomi	6223439	90000	1			90000		other	0
sub-06_1	36	Nothing	suomi	6228439	95000	1			95000		other	0
sub-06_1	36	Nothing	suomi	6233439	100000	1			100000		other	0
sub-06_1	36	Nothing	suomi	6238439	105000	1			105000		other	0
sub-06_1	36	Pulse	255	6239154	105715	0
sub-06_1	36	Nothing	suomi	6243439	110000	1			110000		other	0
sub-06_1	36	Nothing	suomi	6248439	115000	1			115000		other	0
sub-06_1	36	Nothing	suomi	6253439	120000	1			120000		other	0
sub-06_1	36	Nothing	suomi	6258439	125000	1			125000		other	0
sub-06_1	36	Pulse	255	6259153	125715	0
sub-06_1	36	Nothing	suomi	6263439	130000	1			130000		other	0
sub-06_1	36	Nothing	suomi	6268439	135000	1			135000		other	0
sub-06_1	36	Nothing	suomi	6273439	140000	1			140000		other	0
sub-06_1	36	Pulse	255	6279153	145714	0
sub-06_1	36	Pulse	255	6299154	165715	0
sub-06_1	37	Pulse	255	6319154	14962	0
sub-06_1	37	Sound	start_sound	6334192	30000	2			30000		other	0
sub-06_1	37	Pulse	255	6339154	34961	0
sub-06_1	37	Nothing	yawny	6349192	45000	1			45000		other	0
sub-06_1	37	Nothing	yawny	6354192	50000	1			50000		other	0
sub-06_1	37	Pulse	255	6359153	54961	0
sub-06_1	37	Nothing	yawny	6359192	55000	1			55000		other	0
sub-06_1	37	Nothing	yawny	6364192	60000	1			60000		other	0
sub-06_1	37	Nothing	yawny	6369192	65000	1			65000		other	0
sub-06_1	37	Nothing	yawny	6374192	70000	1			70000		other	0
sub-06_1	37	Pulse	255	6379154	74961	0
sub-06_1	37	Nothing	yawny	6379192	75000	1			75000		other	0
sub-06_1	37	Nothing	yawny	6384192	80000	1			80000		other	0
sub-06_1	37	Nothing	yawny	6389192	85000	1			85000		other	0
sub-06_1	37	Nothing	yawny	6394192	90000	1			90000		other	0
sub-06_1	37	Pulse	255	6399154	94962	0
sub-06_1	37	Nothing	yawny	6399192	95000	1			95000		other	0
sub-06_1	37	Nothing	yawny	6404192	100000	1			100000		other	0
sub-06_1	37	Nothing	yawny	6409192	105000	1			105000		other	0
sub-06_1	37	Nothing	yawny	6414192	110000	1			110000		other	0
sub-06_1	37	Pulse	255	6419154	114962	0
sub-06_1	37	Nothing	yawny	6419192	115000	1			115000		other	0
sub-06_1	37	Nothing	yawny	6424192	120000	1			120000		other	0
sub-06_1	37	Nothing	yawny	6429192	125000	1			125000		other	0
sub-06_1	37	Nothing	yawny	6434192	130000	1			130000		other	0
sub-06_1	37	Pulse	255	6439154	134962	0
sub-06_1	37	Nothing	yawny	6439192	135000	1			135000		other	0
sub-06_1	37	Nothing	yawny	6444192	140000	1			140000		other	0
sub-06_1	37	Pulse	255	6459154	154961	0
sub-06_1	38	Pulse	255	6479154	4267	0
sub-06_1	38	Pulse	255	6499154	24267	0
sub-06_1	38	Sound	start_sound	6504887	30000	2			30000		other	0
sub-06_1	38	Pulse	255	6519154	44267	0
sub-06_1	38	Nothing	human	6519887	45000	1			45000		other	0
sub-06_1	38	Nothing	human	6524887	50000	1			50000		other	0
sub-06_1	38	Nothing	human	6529887	55000	1			55000		other	0
sub-06_1	38	Nothing	human	6534887	60000	1			60000		other	0
sub-06_1	38	Pulse	255	6539154	64266	0
sub-06_1	38	Nothing	human	6539887	65000	1			65000		other	0
sub-06_1	38	Nothing	human	6544887	70000	1			70000		other	0
sub-06_1	38	Nothing	human	6549887	75000	1			75000		other	0
sub-06_1	38	Nothing	human	6554887	80000	1			80000		other	0
sub-06_1	38	Pulse	255	6559154	84267	0
sub-06_1	38	Nothing	human	6559887	85000	1			85000		other	0
sub-06_1	38	Nothing	human	6564887	90000	1			90000		other	0
sub-06_1	38	Nothing	human	6569887	95000	1			95000		other	0
sub-06_1	38	Nothing	human	6574887	100000	1			100000		other	0
sub-06_1	38	Pulse	255	6579154	104267	0
sub-06_1	38	Nothing	human	6579887	105000	1			105000		other	0
sub-06_1	38	Nothing	human	6584887	110000	1			110000		other	0
sub-06_1	38	Nothing	human	6589887	115000	1			115000		other	0
sub-06_1	38	Nothing	human	6594887	120000	1			120000		other	0
sub-06_1	38	Pulse	255	6599155	124267	0
sub-06_1	38	Nothing	human	6599887	125000	1			125000		other	0
sub-06_1	38	Nothing	human	6604887	130000	1			130000		other	0
sub-06_1	38	Nothing	human	6609887	135000	1			135000		other	0
sub-06_1	38	Nothing	human	6614887	140000	1			140000		other	0
sub-06_1	38	Pulse	255	6619154	144267	0
sub-06_1	38	Pulse	255	6639155	164267	0
sub-06_1	39	Pulse	255	6659154	13615	0
sub-06_1	39	Sound	start_sound	6675540	30000	2			30000		other	0
sub-06_1	39	Pulse	255	6679155	33615	0
sub-06_1	39	Nothing	silen	6690540	45000	1			45000		other	0
sub-06_1	39	Nothing	silen	6695540	50000	1			50000		other	0
sub-06_1	39	Pulse	255	6699155	53615	0
sub-06_1	39	Nothing	silen	6700540	55000	1			55000		other	0
sub-06_1	39	Nothing	silen	6705540	60000	1			60000		other	0
sub-06_1	39	Nothing	silen	6710540	65000	1			65000		other	0
sub-06_1	39	Nothing	silen	6715540	70000	1			70000		other	0
sub-06_1	39	Pulse	255	6719155	73615	0
sub-06_1	39	Nothing	silen	6720540	75000	1			75000		other	0
sub-06_1	39	Nothing	silen	6725540	80000	1			80000		other	0
sub-06_1	39	Nothing	silen	6730540	85000	1			85000		other	0
sub-06_1	39	Nothing	silen	6735540	90000	1			90000		other	0
sub-06_1	39	Pulse	255	6739154	93615	0
sub-06_1	39	Nothing	silen	6740540	95000	1			95000		other	0
sub-06_1	39	Nothing	silen	6745540	100000	1			100000		other	0
sub-06_1	39	Nothing	silen	6750540	105000	1			105000		other	0
sub-06_1	39	Nothing	silen	6755540	110000	1			110000		other	0
sub-06_1	39	Pulse	255	6759155	113615	0
sub-06_1	39	Nothing	silen	6760540	115000	1			115000		other	0
sub-06_1	39	Nothing	silen	6765540	120000	1			120000		other	0
sub-06_1	39	Nothing	silen	6770540	125000	1			125000		other	0
sub-06_1	39	Nothing	silen	6775540	130000	1			130000		other	0
sub-06_1	39	Pulse	255	6779154	133615	0
sub-06_1	39	Nothing	silen	6780540	135000	1			135000		other	0
sub-06_1	39	Nothing	silen	6785540	140000	1			140000		other	0
sub-06_1	39	Pulse	255	6799155	153615	0
sub-06_1	40	Pulse	255	6819154	2830	0
sub-06_1	40	Pulse	255	6839155	22831	0
sub-06_1	40	Sound	start_sound	6846324	30000	2			30000		other	0
sub-06_1	40	Pulse	255	6859155	42831	0
sub-06_1	40	Nothing	music	6861324	45000	1			45000		other	0
sub-06_1	40	Nothing	music	6866324	50000	1			50000		other	0
sub-06_1	40	Nothing	music	6871324	55000	1			55000		other	0
sub-06_1	40	Nothing	music	6876324	60000	1			60000		other	0
sub-06_1	40	Pulse	255	6879154	62830	0
sub-06_1	40	Nothing	music	6881324	65000	1			65000		other	0
sub-06_1	40	Nothing	music	6886324	70000	1			70000		other	0
sub-06_1	40	Nothing	music	6891324	75000	1			75000		other	0
sub-06_1	40	Nothing	music	6896324	80000	1			80000		other	0
sub-06_1	40	Pulse	255	6899155	82831	0
sub-06_1	40	Nothing	music	6901324	85000	1			85000		other	0
sub-06_1	40	Nothing	music	6906324	90000	1			90000		other	0
sub-06_1	40	Nothing	music	6911324	95000	1			95000		other	0
sub-06_1	40	Nothing	music	6916324	100000	1			100000		other	0
sub-06_1	40	Pulse	255	6919155	102831	0
sub-06_1	40	Nothing	music	6921324	105000	1			105000		other	0
sub-06_1	40	Nothing	music	6926324	110000	1			110000		other	0
sub-06_1	40	Nothing	music	6931324	115000	1			115000		other	0
sub-06_1	40	Nothing	music	6936324	120000	1			120000		other	0
sub-06_1	40	Pulse	255	6939154	122831	0
sub-06_1	40	Nothing	music	6941324	125000	1			125000		other	0
sub-06_1	40	Nothing	music	6946324	130000	1			130000		other	0
sub-06_1	40	Nothing	music	6951324	135000	1			135000		other	0
sub-06_1	40	Nothing	music	6956324	140000	1			140000		other	0
sub-06_1	40	Pulse	255	6959155	142832	0
sub-06_1	40	Pulse	255	6979156	162832	0
sub-06_1	41	Pulse	255	6999156	12036	0
sub-06_1	41	Sound	start_sound	7017120	30000	2			30000		other	0
sub-06_1	41	Pulse	255	7019155	32035	0
sub-06_1	41	Nothing	rever	7032120	45000	1			45000		other	0
sub-06_1	41	Nothing	rever	7037120	50000	1			50000		other	0
sub-06_1	41	Pulse	255	7039155	52035	0
sub-06_1	41	Nothing	rever	7042120	55000	1			55000		other	0
sub-06_1	41	Nothing	rever	7047120	60000	1			60000		other	0
sub-06_1	41	Nothing	rever	7052120	65000	1			65000		other	0
sub-06_1	41	Nothing	rever	7057120	70000	1			70000		other	0
sub-06_1	41	Pulse	255	7059155	72035	0
sub-06_1	41	Nothing	rever	7062120	75000	1			75000		other	0
sub-06_1	41	Nothing	rever	7067120	80000	1			80000		other	0
sub-06_1	41	Nothing	rever	7072120	85000	1			85000		other	0
sub-06_1	41	Nothing	rever	7077120	90000	1			90000		other	0
sub-06_1	41	Pulse	255	7079155	92035	0
sub-06_1	41	Nothing	rever	7082120	95000	1			95000		other	0
sub-06_1	41	Nothing	rever	7087120	100000	1			100000		other	0
sub-06_1	41	Nothing	rever	7092120	105000	1			105000		other	0
sub-06_1	41	Nothing	rever	7097120	110000	1			110000		other	0
sub-06_1	41	Pulse	255	7099156	112036	0
sub-06_1	41	Nothing	rever	7102120	115000	1			115000		other	0
sub-06_1	41	Nothing	rever	7107120	120000	1			120000		other	0
sub-06_1	41	Nothing	rever	7112120	125000	1			125000		other	0
sub-06_1	41	Nothing	rever	7117120	130000	1			130000		other	0
sub-06_1	41	Pulse	255	7119156	132036	0
sub-06_1	41	Nothing	rever	7122120	135000	1			135000		other	0
sub-06_1	41	Nothing	rever	7127120	140000	1			140000		other	0
sub-06_1	41	Pulse	255	7139155	152035	0
sub-06_1	42	Pulse	255	7159156	1377	0
sub-06_1	42	Pulse	255	7179156	21377	0
sub-06_1	42	Sound	start_sound	7187779	30000	2			30000		other	0
sub-06_1	42	Nothing	parol	7197779	40000	1			40000		other	0
sub-06_1	42	Pulse	255	7199156	41378	0
sub-06_1	42	Nothing	parol	7202779	45000	1			45000		other	0
sub-06_1	42	Nothing	parol	7207779	50000	1			50000		other	0
sub-06_1	42	Nothing	parol	7212779	55000	1			55000		other	0
sub-06_1	42	Nothing	parol	7217779	60000	1			60000		other	0
sub-06_1	42	Pulse	255	7219155	61377	0
sub-06_1	42	Nothing	parol	7222779	65000	1			65000		other	0
sub-06_1	42	Nothing	parol	7227779	70000	1			70000		other	0
sub-06_1	42	Nothing	parol	7232779	75000	1			75000		other	0
sub-06_1	42	Nothing	parol	7237779	80000	1			80000		other	0
sub-06_1	42	Pulse	255	7239156	81377	0
sub-06_1	42	Nothing	parol	7242779	85000	1			85000		other	0
sub-06_1	42	Nothing	parol	7247779	90000	1			90000		other	0
sub-06_1	42	Nothing	parol	7252779	95000	1			95000		other	0
sub-06_1	42	Nothing	parol	7257779	100000	1			100000		other	0
sub-06_1	42	Pulse	255	7259156	101378	1
sub-06_1	42	Nothing	parol	7262779	105000	1			105000		other	0
sub-06_1	42	Nothing	parol	7267779	110000	1			110000		other	0
sub-06_1	42	Nothing	parol	7272779	115000	1			115000		other	0
sub-06_1	42	Nothing	parol	7277779	120000	1			120000		other	0
sub-06_1	42	Pulse	255	7279146	121367	0
sub-06_1	42	Nothing	parol	7282779	125000	1			125000		other	0
sub-06_1	42	Nothing	parol	7287779	130000	1			130000		other	0
sub-06_1	42	Nothing	parol	7292779	135000	1			135000		other	0
sub-06_1	42	Pulse	255	7299147	141368	0
sub-06_1	42	Pulse	255	7319146	161367	0
sub-06_1	43	Pulse	255	7339145	15683	0
sub-06_1	43	Sound	start_sound	7353462	30000	2			30000		other	0
sub-06_1	43	Pulse	255	7359145	35683	0
sub-06_1	43	Nothing	alpha	7368462	45000	1			45000		other	0
sub-06_1	43	Nothing	alpha	7373462	50000	1			50000		other	0
sub-06_1	43	Nothing	alpha	7378462	55000	1			55000		other	0
sub-06_1	43	Pulse	255	7379145	55683	0
sub-06_1	43	Nothing	alpha	7383462	60000	1			60000		other	0
sub-06_1	43	Nothing	alpha	7388462	65000	1			65000		other	0
sub-06_1	43	Nothing	alpha	7393462	70000	1			70000		other	0
sub-06_1	43	Nothing	alpha	7398462	75000	1			75000		other	0
sub-06_1	43	Pulse	255	7399147	75685	0
sub-06_1	43	Nothing	alpha	7403462	80000	1			80000		other	0
sub-06_1	43	Nothing	alpha	7408462	85000	1			85000		other	0
sub-06_1	43	Nothing	alpha	7413462	90000	1			90000		other	0
sub-06_1	43	Nothing	alpha	7418462	95000	1			95000		other	0
sub-06_1	43	Pulse	255	7419146	95684	0
sub-06_1	43	Nothing	alpha	7423462	100000	1			100000		other	0
sub-06_1	43	Nothing	alpha	7428462	105000	1			105000		other	0
sub-06_1	43	Nothing	alpha	7433462	110000	1			110000		other	0
sub-06_1	43	Nothing	alpha	7438462	115000	1			115000		other	0
sub-06_1	43	Pulse	255	7439146	115684	0
sub-06_1	43	Nothing	alpha	7443462	120000	1			120000		other	0
sub-06_1	43	Nothing	alpha	7448462	125000	1			125000		other	0
sub-06_1	43	Nothing	alpha	7453462	130000	1			130000		other	0
sub-06_1	43	Nothing	alpha	7458462	135000	1			135000		other	0
sub-06_1	43	Pulse	255	7459146	135683	0
sub-06_1	43	Nothing	alpha	7463462	140000	1			140000		other	0
sub-06_1	43	Pulse	255	7479146	155684	0
sub-06_1	44	Picture	Bfix	7494081	0	1	60227	1	0	60000	other	0
sub-06_1	44	Pulse	255	7499146	5064	0
sub-06_1	44	Pulse	255	7519146	25065	0
sub-06_1	44	Pulse	255	7539147	45065	0
sub-06_1	45	Picture	Bfix	7554308	0	1	60226	1	0	60000	other	0
sub-06_1	45	Pulse	255	7559146	4838	0
sub-06_1	45	Pulse	255	7579147	24838	0

The following output port codes were not sent because of a conflict on the port.
Port	Code	Time(ms)
1	5	72040.2
1	5	72040.2
