Scenario - loca_audi_bis
Logfile written - 10/30/2018 10:43:02

Subject	Trial	Event Type	Code	Time	TTime	Uncertainty	Duration	Uncertainty	ReqTime	ReqDur	Stim Type	Pair Index

sub-14_2	0	Pulse	255	523088	523088	0
sub-14_2	1	Nothing	cut	523314	0	1			0		other	0
sub-14_2	1	Nothing	cut	528314	5000	1			5000		other	0
sub-14_2	2	Pulse	255	543088	9656	0
sub-14_2	2	Pulse	255	563088	29656	0
sub-14_2	2	Sound	start_sound	563432	30000	18445			30000		other	0
sub-14_2	2	Nothing	pleur	581877	48445	1			45000		other	0
sub-14_2	2	Pulse	255	583088	49656	0
sub-14_2	2	Nothing	pleur	583432	50000	1			50000		other	0
sub-14_2	2	Nothing	pleur	588432	55000	1			55000		other	0
sub-14_2	2	Nothing	pleur	593432	60000	1			60000		other	0
sub-14_2	2	Nothing	pleur	598432	65000	1			65000		other	0
sub-14_2	2	Pulse	255	603088	69656	0
sub-14_2	2	Nothing	pleur	603432	70000	1			70000		other	0
sub-14_2	2	Nothing	pleur	608432	75000	1			75000		other	0
sub-14_2	2	Nothing	pleur	613432	80000	1			80000		other	0
sub-14_2	2	Nothing	pleur	618432	85000	1			85000		other	0
sub-14_2	2	Pulse	255	623088	89656	0
sub-14_2	2	Nothing	pleur	623432	90000	1			90000		other	0
sub-14_2	2	Nothing	pleur	628432	95000	1			95000		other	0
sub-14_2	2	Nothing	pleur	633432	100000	1			100000		other	0
sub-14_2	2	Nothing	pleur	638432	105000	1			105000		other	0
sub-14_2	2	Pulse	255	643088	109656	0
sub-14_2	2	Nothing	pleur	643432	110000	1			110000		other	0
sub-14_2	2	Nothing	pleur	648432	115000	1			115000		other	0
sub-14_2	2	Nothing	pleur	653432	120000	1			120000		other	0
sub-14_2	2	Nothing	pleur	658432	125000	1			125000		other	0
sub-14_2	2	Pulse	255	663088	129656	0
sub-14_2	2	Nothing	pleur	663432	130000	1			130000		other	0
sub-14_2	2	Nothing	pleur	668432	135000	1			135000		other	0
sub-14_2	2	Nothing	pleur	673432	140000	1			140000		other	0
sub-14_2	2	Pulse	255	683088	149656	0
sub-14_2	2	Pulse	255	703088	169656	0
sub-14_2	3	Pulse	255	723089	19101	0
sub-14_2	3	Sound	start_sound	733988	30000	2			30000		other	0
sub-14_2	3	Pulse	255	743089	39100	0
sub-14_2	3	Nothing	suomi	748988	45000	1			45000		other	0
sub-14_2	3	Nothing	suomi	753988	50000	1			50000		other	0
sub-14_2	3	Nothing	suomi	758988	55000	1			55000		other	0
sub-14_2	3	Pulse	255	763088	59100	0
sub-14_2	3	Nothing	suomi	763988	60000	1			60000		other	0
sub-14_2	3	Nothing	suomi	768988	65000	1			65000		other	0
sub-14_2	3	Nothing	suomi	773988	70000	1			70000		other	0
sub-14_2	3	Nothing	suomi	778988	75000	1			75000		other	0
sub-14_2	3	Pulse	255	783088	79100	0
sub-14_2	3	Nothing	suomi	783988	80000	1			80000		other	0
sub-14_2	3	Nothing	suomi	788988	85000	1			85000		other	0
sub-14_2	3	Nothing	suomi	793988	90000	1			90000		other	0
sub-14_2	3	Nothing	suomi	798988	95000	1			95000		other	0
sub-14_2	3	Pulse	255	803089	99101	0
sub-14_2	3	Nothing	suomi	803988	100000	1			100000		other	0
sub-14_2	3	Nothing	suomi	808988	105000	1			105000		other	0
sub-14_2	3	Nothing	suomi	813988	110000	1			110000		other	0
sub-14_2	3	Nothing	suomi	818988	115000	1			115000		other	0
sub-14_2	3	Pulse	255	823089	119101	0
sub-14_2	3	Nothing	suomi	823988	120000	1			120000		other	0
sub-14_2	3	Nothing	suomi	828988	125000	1			125000		other	0
sub-14_2	3	Nothing	suomi	833988	130000	1			130000		other	0
sub-14_2	3	Nothing	suomi	838988	135000	1			135000		other	0
sub-14_2	3	Pulse	255	843088	139100	0
sub-14_2	3	Nothing	suomi	843988	140000	1			140000		other	0
sub-14_2	3	Pulse	255	863089	159101	0
sub-14_2	4	Pulse	255	883089	8546	0
sub-14_2	4	Pulse	255	903089	28546	0
sub-14_2	4	Sound	start_sound	904543	30000	2			30000		other	0
sub-14_2	4	Nothing	yawny	919543	45000	1			45000		other	0
sub-14_2	4	Pulse	255	923089	48546	0
sub-14_2	4	Nothing	yawny	924543	50000	1			50000		other	0
sub-14_2	4	Nothing	yawny	929543	55000	1			55000		other	0
sub-14_2	4	Nothing	yawny	934543	60000	1			60000		other	0
sub-14_2	4	Nothing	yawny	939543	65000	1			65000		other	0
sub-14_2	4	Pulse	255	943088	68546	0
sub-14_2	4	Nothing	yawny	944543	70000	1			70000		other	0
sub-14_2	4	Nothing	yawny	949543	75000	1			75000		other	0
sub-14_2	4	Nothing	yawny	954543	80000	1			80000		other	0
sub-14_2	4	Nothing	yawny	959543	85000	1			85000		other	0
sub-14_2	4	Pulse	255	963089	88546	0
sub-14_2	4	Nothing	yawny	964543	90000	1			90000		other	0
sub-14_2	4	Nothing	yawny	969543	95000	1			95000		other	0
sub-14_2	4	Nothing	yawny	974543	100000	1			100000		other	0
sub-14_2	4	Nothing	yawny	979543	105000	1			105000		other	0
sub-14_2	4	Pulse	255	983089	108546	0
sub-14_2	4	Nothing	yawny	984543	110000	1			110000		other	0
sub-14_2	4	Nothing	yawny	989543	115000	1			115000		other	0
sub-14_2	4	Nothing	yawny	994543	120000	1			120000		other	0
sub-14_2	4	Nothing	yawny	999543	125000	1			125000		other	0
sub-14_2	4	Pulse	255	1003089	128546	0
sub-14_2	4	Nothing	yawny	1004543	130000	1			130000		other	0
sub-14_2	4	Nothing	yawny	1009543	135000	1			135000		other	0
sub-14_2	4	Nothing	yawny	1014543	140000	1			140000		other	0
sub-14_2	4	Pulse	255	1023089	148546	0
sub-14_2	4	Pulse	255	1043089	168546	0
sub-14_2	5	Pulse	255	1063089	17989	0
sub-14_2	5	Sound	start_sound	1075101	30000	2			30000		other	0
sub-14_2	5	Pulse	255	1083089	37988	0
sub-14_2	5	Nothing	human	1090101	45000	1			45000		other	0
sub-14_2	5	Nothing	human	1095101	50000	1			50000		other	0
sub-14_2	5	Nothing	human	1100101	55000	1			55000		other	0
sub-14_2	5	Pulse	255	1103089	57989	0
sub-14_2	5	Nothing	human	1105101	60000	1			60000		other	0
sub-14_2	5	Nothing	human	1110101	65000	1			65000		other	0
sub-14_2	5	Nothing	human	1115101	70000	1			70000		other	0
sub-14_2	5	Nothing	human	1120101	75000	1			75000		other	0
sub-14_2	5	Pulse	255	1123089	77989	0
sub-14_2	5	Nothing	human	1125101	80000	1			80000		other	0
sub-14_2	5	Nothing	human	1130101	85000	1			85000		other	0
sub-14_2	5	Nothing	human	1135101	90000	1			90000		other	0
sub-14_2	5	Nothing	human	1140101	95000	1			95000		other	0
sub-14_2	5	Pulse	255	1143089	97989	0
sub-14_2	5	Nothing	human	1145101	100000	1			100000		other	0
sub-14_2	5	Nothing	human	1150101	105000	1			105000		other	0
sub-14_2	5	Nothing	human	1155101	110000	1			110000		other	0
sub-14_2	5	Nothing	human	1160101	115000	1			115000		other	0
sub-14_2	5	Pulse	255	1163089	117989	0
sub-14_2	5	Nothing	human	1165101	120000	1			120000		other	0
sub-14_2	5	Nothing	human	1170101	125000	1			125000		other	0
sub-14_2	5	Nothing	human	1175101	130000	1			130000		other	0
sub-14_2	5	Nothing	human	1180101	135000	1			135000		other	0
sub-14_2	5	Pulse	255	1183089	137989	0
sub-14_2	5	Nothing	human	1185101	140000	1			140000		other	0
sub-14_2	5	Pulse	255	1203089	157989	0
sub-14_2	6	Pulse	255	1223089	7433	0
sub-14_2	6	Pulse	255	1243089	27432	0
sub-14_2	6	Sound	start_sound	1245657	30000	2			30000		other	0
sub-14_2	6	Nothing	silen	1260657	45000	1			45000		other	0
sub-14_2	6	Pulse	255	1263090	47433	0
sub-14_2	6	Nothing	silen	1265657	50000	1			50000		other	0
sub-14_2	6	Nothing	silen	1270657	55000	1			55000		other	0
sub-14_2	6	Nothing	silen	1275657	60000	1			60000		other	0
sub-14_2	6	Nothing	silen	1280657	65000	1			65000		other	0
sub-14_2	6	Pulse	255	1283090	67433	0
sub-14_2	6	Nothing	silen	1285657	70000	1			70000		other	0
sub-14_2	6	Nothing	silen	1290657	75000	1			75000		other	0
sub-14_2	6	Nothing	silen	1295657	80000	1			80000		other	0
sub-14_2	6	Nothing	silen	1300657	85000	1			85000		other	0
sub-14_2	6	Pulse	255	1303089	87432	0
sub-14_2	6	Nothing	silen	1305657	90000	1			90000		other	0
sub-14_2	6	Nothing	silen	1310657	95000	1			95000		other	0
sub-14_2	6	Nothing	silen	1315657	100000	1			100000		other	0
sub-14_2	6	Nothing	silen	1320657	105000	1			105000		other	0
sub-14_2	6	Pulse	255	1323090	107433	0
sub-14_2	6	Nothing	silen	1325657	110000	1			110000		other	0
sub-14_2	6	Nothing	silen	1330657	115000	1			115000		other	0
sub-14_2	6	Nothing	silen	1335657	120000	1			120000		other	0
sub-14_2	6	Nothing	silen	1340657	125000	1			125000		other	0
sub-14_2	6	Pulse	255	1343089	127432	0
sub-14_2	6	Nothing	silen	1345657	130000	1			130000		other	0
sub-14_2	6	Nothing	silen	1350657	135000	1			135000		other	0
sub-14_2	6	Nothing	silen	1355657	140000	1			140000		other	0
sub-14_2	6	Pulse	255	1363089	147433	0
sub-14_2	6	Pulse	255	1383089	167432	0
sub-14_2	7	Pulse	255	1403090	16878	0
sub-14_2	7	Sound	start_sound	1416212	30000	2			30000		other	0
sub-14_2	7	Pulse	255	1423089	36877	0
sub-14_2	7	Nothing	music	1431212	45000	1			45000		other	0
sub-14_2	7	Nothing	music	1436212	50000	1			50000		other	0
sub-14_2	7	Nothing	music	1441212	55000	1			55000		other	0
sub-14_2	7	Pulse	255	1443090	56878	0
sub-14_2	7	Nothing	music	1446212	60000	1			60000		other	0
sub-14_2	7	Nothing	music	1451212	65000	1			65000		other	0
sub-14_2	7	Nothing	music	1456212	70000	1			70000		other	0
sub-14_2	7	Nothing	music	1461212	75000	1			75000		other	0
sub-14_2	7	Pulse	255	1463089	76877	0
sub-14_2	7	Nothing	music	1466212	80000	1			80000		other	0
sub-14_2	7	Nothing	music	1471212	85000	1			85000		other	0
sub-14_2	7	Nothing	music	1476212	90000	1			90000		other	0
sub-14_2	7	Nothing	music	1481212	95000	1			95000		other	0
sub-14_2	7	Pulse	255	1483089	96877	0
sub-14_2	7	Nothing	music	1486212	100000	1			100000		other	0
sub-14_2	7	Nothing	music	1491212	105000	1			105000		other	0
sub-14_2	7	Nothing	music	1496212	110000	1			110000		other	0
sub-14_2	7	Nothing	music	1501212	115000	1			115000		other	0
sub-14_2	7	Pulse	255	1503090	116877	0
sub-14_2	7	Nothing	music	1506212	120000	1			120000		other	0
sub-14_2	7	Nothing	music	1511212	125000	1			125000		other	0
sub-14_2	7	Nothing	music	1516212	130000	1			130000		other	0
sub-14_2	7	Nothing	music	1521212	135000	1			135000		other	0
sub-14_2	7	Pulse	255	1523090	136878	0
sub-14_2	7	Nothing	music	1526212	140000	1			140000		other	0
sub-14_2	7	Pulse	255	1543080	156867	0
sub-14_2	8	Pulse	255	1563080	6311	0
sub-14_2	8	Pulse	255	1583080	26312	0
sub-14_2	8	Sound	start_sound	1586768	30000	2			30000		other	0
sub-14_2	8	Nothing	rever	1601768	45000	1			45000		other	0
sub-14_2	8	Pulse	255	1603080	46312	0
sub-14_2	8	Nothing	rever	1606768	50000	1			50000		other	0
sub-14_2	8	Nothing	rever	1611768	55000	1			55000		other	0
sub-14_2	8	Nothing	rever	1616768	60000	1			60000		other	0
sub-14_2	8	Nothing	rever	1621768	65000	1			65000		other	0
sub-14_2	8	Pulse	255	1623080	66312	0
sub-14_2	8	Nothing	rever	1626768	70000	1			70000		other	0
sub-14_2	8	Nothing	rever	1631768	75000	1			75000		other	0
sub-14_2	8	Nothing	rever	1636768	80000	1			80000		other	0
sub-14_2	8	Nothing	rever	1641768	85000	1			85000		other	0
sub-14_2	8	Pulse	255	1643080	86312	0
sub-14_2	8	Nothing	rever	1646768	90000	1			90000		other	0
sub-14_2	8	Nothing	rever	1651768	95000	1			95000		other	0
sub-14_2	8	Nothing	rever	1656768	100000	1			100000		other	0
sub-14_2	8	Nothing	rever	1661768	105000	1			105000		other	0
sub-14_2	8	Pulse	255	1663080	106312	0
sub-14_2	8	Nothing	rever	1666768	110000	1			110000		other	0
sub-14_2	8	Nothing	rever	1671768	115000	1			115000		other	0
sub-14_2	8	Nothing	rever	1676768	120000	1			120000		other	0
sub-14_2	8	Nothing	rever	1681768	125000	1			125000		other	0
sub-14_2	8	Pulse	255	1683080	126312	0
sub-14_2	8	Nothing	rever	1686768	130000	1			130000		other	0
sub-14_2	8	Nothing	rever	1691768	135000	1			135000		other	0
sub-14_2	8	Nothing	rever	1696768	140000	1			140000		other	0
sub-14_2	8	Pulse	255	1703080	146312	0
sub-14_2	8	Pulse	255	1723080	166312	0
sub-14_2	9	Pulse	255	1743080	15742	0
sub-14_2	9	Sound	start_sound	1757339	30000	2			30000		other	0
sub-14_2	9	Pulse	255	1763080	35741	0
sub-14_2	9	Nothing	parol	1767339	40000	1			40000		other	0
sub-14_2	9	Nothing	parol	1772339	45000	1			45000		other	0
sub-14_2	9	Nothing	parol	1777339	50000	1			50000		other	0
sub-14_2	9	Nothing	parol	1782339	55000	1			55000		other	0
sub-14_2	9	Pulse	255	1783080	55741	0
sub-14_2	9	Nothing	parol	1787339	60000	1			60000		other	0
sub-14_2	9	Nothing	parol	1792339	65000	1			65000		other	0
sub-14_2	9	Nothing	parol	1797339	70000	1			70000		other	0
sub-14_2	9	Nothing	parol	1802339	75000	1			75000		other	0
sub-14_2	9	Pulse	255	1803080	75742	0
sub-14_2	9	Nothing	parol	1807339	80000	1			80000		other	0
sub-14_2	9	Nothing	parol	1812339	85000	1			85000		other	0
sub-14_2	9	Nothing	parol	1817339	90000	1			90000		other	0
sub-14_2	9	Nothing	parol	1822339	95000	1			95000		other	0
sub-14_2	9	Pulse	255	1823080	95742	0
sub-14_2	9	Nothing	parol	1827339	100000	1			100000		other	0
sub-14_2	9	Nothing	parol	1832339	105000	1			105000		other	0
sub-14_2	9	Nothing	parol	1837339	110000	1			110000		other	0
sub-14_2	9	Nothing	parol	1842339	115000	1			115000		other	0
sub-14_2	9	Pulse	255	1843080	115741	0
sub-14_2	9	Nothing	parol	1847339	120000	1			120000		other	0
sub-14_2	9	Nothing	parol	1852339	125000	1			125000		other	0
sub-14_2	9	Nothing	parol	1857339	130000	1			130000		other	0
sub-14_2	9	Nothing	parol	1862339	135000	1			135000		other	0
sub-14_2	9	Pulse	255	1863081	135742	0
sub-14_2	9	Pulse	255	1883081	155742	0
sub-14_2	10	Pulse	255	1903081	10186	0
sub-14_2	10	Sound	start_sound	1922895	30000	2			30000		other	0
sub-14_2	10	Pulse	255	1923081	30186	0
sub-14_2	10	Nothing	alpha	1937895	45000	1			45000		other	0
sub-14_2	10	Nothing	alpha	1942895	50000	1			50000		other	0
sub-14_2	10	Pulse	255	1943081	50186	0
sub-14_2	10	Nothing	alpha	1947895	55000	1			55000		other	0
sub-14_2	10	Nothing	alpha	1952895	60000	1			60000		other	0
sub-14_2	10	Nothing	alpha	1957895	65000	1			65000		other	0
sub-14_2	10	Nothing	alpha	1962895	70000	1			70000		other	0
sub-14_2	10	Pulse	255	1963081	70186	0
sub-14_2	10	Nothing	alpha	1967895	75000	1			75000		other	0
sub-14_2	10	Nothing	alpha	1972895	80000	1			80000		other	0
sub-14_2	10	Nothing	alpha	1977895	85000	1			85000		other	0
sub-14_2	10	Nothing	alpha	1982895	90000	1			90000		other	0
sub-14_2	10	Pulse	255	1983081	90186	0
sub-14_2	10	Nothing	alpha	1987895	95000	1			95000		other	0
sub-14_2	10	Nothing	alpha	1992895	100000	1			100000		other	0
sub-14_2	10	Nothing	alpha	1997895	105000	1			105000		other	0
sub-14_2	10	Nothing	alpha	2002895	110000	1			110000		other	0
sub-14_2	10	Pulse	255	2003080	110186	0
sub-14_2	10	Nothing	alpha	2007895	115000	1			115000		other	0
sub-14_2	10	Nothing	alpha	2012895	120000	1			120000		other	0
sub-14_2	10	Nothing	alpha	2017895	125000	1			125000		other	0
sub-14_2	10	Nothing	alpha	2022895	130000	1			130000		other	0
sub-14_2	10	Pulse	255	2023080	130186	0
sub-14_2	10	Nothing	alpha	2027895	135000	1			135000		other	0
sub-14_2	10	Nothing	alpha	2032895	140000	1			140000		other	0
sub-14_2	10	Pulse	255	2043081	150186	0
sub-14_2	10	Pulse	255	2063081	170186	0
sub-14_2	11	Pulse	255	2083081	19631	0
sub-14_2	11	Sound	start_sound	2093450	30000	2			30000		other	0
sub-14_2	11	Pulse	255	2103081	39631	0
sub-14_2	11	Nothing	human	2108450	45000	1			45000		other	0
sub-14_2	11	Nothing	human	2113450	50000	1			50000		other	0
sub-14_2	11	Nothing	human	2118450	55000	1			55000		other	0
sub-14_2	11	Pulse	255	2123081	59631	0
sub-14_2	11	Nothing	human	2123450	60000	1			60000		other	0
sub-14_2	11	Nothing	human	2128450	65000	1			65000		other	0
sub-14_2	11	Nothing	human	2133450	70000	1			70000		other	0
sub-14_2	11	Nothing	human	2138450	75000	1			75000		other	0
sub-14_2	11	Pulse	255	2143081	79631	0
sub-14_2	11	Nothing	human	2143450	80000	1			80000		other	0
sub-14_2	11	Nothing	human	2148450	85000	1			85000		other	0
sub-14_2	11	Nothing	human	2153450	90000	1			90000		other	0
sub-14_2	11	Nothing	human	2158450	95000	1			95000		other	0
sub-14_2	11	Pulse	255	2163081	99631	0
sub-14_2	11	Nothing	human	2163450	100000	1			100000		other	0
sub-14_2	11	Nothing	human	2168450	105000	1			105000		other	0
sub-14_2	11	Nothing	human	2173450	110000	1			110000		other	0
sub-14_2	11	Nothing	human	2178450	115000	1			115000		other	0
sub-14_2	11	Pulse	255	2183081	119631	0
sub-14_2	11	Nothing	human	2183450	120000	1			120000		other	0
sub-14_2	11	Nothing	human	2188450	125000	1			125000		other	0
sub-14_2	11	Nothing	human	2193450	130000	1			130000		other	0
sub-14_2	11	Nothing	human	2198450	135000	1			135000		other	0
sub-14_2	11	Pulse	255	2203081	139631	0
sub-14_2	11	Nothing	human	2203450	140000	1			140000		other	0
sub-14_2	11	Pulse	255	2223081	159631	0
sub-14_2	12	Picture	Bfix	2234069	0	1	60226	1	0	60000	other	0
sub-14_2	12	Pulse	255	2243081	9011	0
sub-14_2	12	Pulse	255	2263081	29012	0
sub-14_2	12	Pulse	255	2283081	49012	0
sub-14_2	13	Pulse	255	2303081	8689	0
sub-14_2	13	Pulse	255	2323081	28690	0
sub-14_2	13	Sound	start_sound	2324392	30000	2			30000		other	0
sub-14_2	13	Nothing	pleur	2339392	45000	1			45000		other	0
sub-14_2	13	Pulse	255	2343081	48690	0
sub-14_2	13	Nothing	pleur	2344392	50000	1			50000		other	0
sub-14_2	13	Nothing	pleur	2349392	55000	1			55000		other	0
sub-14_2	13	Nothing	pleur	2354392	60000	1			60000		other	0
sub-14_2	13	Nothing	pleur	2359392	65000	1			65000		other	0
sub-14_2	13	Pulse	255	2363081	68690	0
sub-14_2	13	Nothing	pleur	2364392	70000	1			70000		other	0
sub-14_2	13	Nothing	pleur	2369392	75000	1			75000		other	0
sub-14_2	13	Nothing	pleur	2374392	80000	1			80000		other	0
sub-14_2	13	Nothing	pleur	2379392	85000	1			85000		other	0
sub-14_2	13	Pulse	255	2383081	88690	0
sub-14_2	13	Nothing	pleur	2384392	90000	1			90000		other	0
sub-14_2	13	Nothing	pleur	2389392	95000	1			95000		other	0
sub-14_2	13	Nothing	pleur	2394392	100000	1			100000		other	0
sub-14_2	13	Nothing	pleur	2399392	105000	1			105000		other	0
sub-14_2	13	Pulse	255	2403081	108690	0
sub-14_2	13	Nothing	pleur	2404392	110000	1			110000		other	0
sub-14_2	13	Nothing	pleur	2409392	115000	1			115000		other	0
sub-14_2	13	Nothing	pleur	2414392	120000	1			120000		other	0
sub-14_2	13	Nothing	pleur	2419392	125000	1			125000		other	0
sub-14_2	13	Pulse	255	2423081	128690	0
sub-14_2	13	Nothing	pleur	2424392	130000	1			130000		other	0
sub-14_2	13	Nothing	pleur	2429392	135000	1			135000		other	0
sub-14_2	13	Nothing	pleur	2434392	140000	1			140000		other	0
sub-14_2	13	Pulse	255	2443082	148690	0
sub-14_2	13	Pulse	255	2463082	168690	0
sub-14_2	14	Pulse	255	2483082	18136	0
sub-14_2	14	Sound	start_sound	2494946	30000	2			30000		other	0
sub-14_2	14	Pulse	255	2503082	38136	0
sub-14_2	14	Nothing	cough	2509946	45000	1			45000		other	0
sub-14_2	14	Nothing	cough	2514946	50000	1			50000		other	0
sub-14_2	14	Nothing	cough	2519946	55000	1			55000		other	0
sub-14_2	14	Pulse	255	2523082	58136	0
sub-14_2	14	Nothing	cough	2524946	60000	1			60000		other	0
sub-14_2	14	Nothing	cough	2529946	65000	1			65000		other	0
sub-14_2	14	Nothing	cough	2534946	70000	1			70000		other	0
sub-14_2	14	Nothing	cough	2539946	75000	1			75000		other	0
sub-14_2	14	Pulse	255	2543082	78136	0
sub-14_2	14	Nothing	cough	2544946	80000	1			80000		other	0
sub-14_2	14	Nothing	cough	2549946	85000	1			85000		other	0
sub-14_2	14	Nothing	cough	2554946	90000	1			90000		other	0
sub-14_2	14	Nothing	cough	2559946	95000	1			95000		other	0
sub-14_2	14	Pulse	255	2563082	98136	0
sub-14_2	14	Nothing	cough	2564946	100000	1			100000		other	0
sub-14_2	14	Nothing	cough	2569946	105000	1			105000		other	0
sub-14_2	14	Nothing	cough	2574946	110000	1			110000		other	0
sub-14_2	14	Nothing	cough	2579946	115000	1			115000		other	0
sub-14_2	14	Pulse	255	2583082	118136	0
sub-14_2	14	Nothing	cough	2584946	120000	1			120000		other	0
sub-14_2	14	Nothing	cough	2589946	125000	1			125000		other	0
sub-14_2	14	Nothing	cough	2594946	130000	1			130000		other	0
sub-14_2	14	Nothing	cough	2599946	135000	1			135000		other	0
sub-14_2	14	Pulse	255	2603082	138136	0
sub-14_2	14	Nothing	cough	2604946	140000	1			140000		other	0
sub-14_2	14	Pulse	255	2623082	158136	0
sub-14_2	15	Pulse	255	2643082	7582	0
sub-14_2	15	Pulse	255	2663082	27582	0
sub-14_2	15	Sound	start_sound	2665500	30000	2			30000		other	0
sub-14_2	15	Nothing	suomi	2680500	45000	1			45000		other	0
sub-14_2	15	Pulse	255	2683082	47582	0
sub-14_2	15	Nothing	suomi	2685500	50000	1			50000		other	0
sub-14_2	15	Nothing	suomi	2690500	55000	1			55000		other	0
sub-14_2	15	Nothing	suomi	2695500	60000	1			60000		other	0
sub-14_2	15	Nothing	suomi	2700500	65000	1			65000		other	0
sub-14_2	15	Pulse	255	2703081	67581	0
sub-14_2	15	Nothing	suomi	2705500	70000	1			70000		other	0
sub-14_2	15	Nothing	suomi	2710500	75000	1			75000		other	0
sub-14_2	15	Nothing	suomi	2715500	80000	1			80000		other	0
sub-14_2	15	Nothing	suomi	2720500	85000	1			85000		other	0
sub-14_2	15	Pulse	255	2723082	87582	0
sub-14_2	15	Nothing	suomi	2725500	90000	1			90000		other	0
sub-14_2	15	Nothing	suomi	2730500	95000	1			95000		other	0
sub-14_2	15	Nothing	suomi	2735500	100000	1			100000		other	0
sub-14_2	15	Nothing	suomi	2740500	105000	1			105000		other	0
sub-14_2	15	Pulse	255	2743082	107582	0
sub-14_2	15	Nothing	suomi	2745500	110000	1			110000		other	0
sub-14_2	15	Nothing	suomi	2750500	115000	1			115000		other	0
sub-14_2	15	Nothing	suomi	2755500	120000	1			120000		other	0
sub-14_2	15	Nothing	suomi	2760500	125000	1			125000		other	0
sub-14_2	15	Pulse	255	2763082	127582	0
sub-14_2	15	Nothing	suomi	2765500	130000	1			130000		other	0
sub-14_2	15	Nothing	suomi	2770500	135000	1			135000		other	0
sub-14_2	15	Nothing	suomi	2775500	140000	1			140000		other	0
sub-14_2	15	Pulse	255	2783082	147582	0
sub-14_2	15	Pulse	255	2803082	167582	0
sub-14_2	16	Pulse	255	2823082	17028	0
sub-14_2	16	Sound	start_sound	2836054	30000	2			30000		other	0
sub-14_2	16	Pulse	255	2843082	37028	0
sub-14_2	16	Nothing	silen	2851054	45000	1			45000		other	0
sub-14_2	16	Nothing	silen	2856054	50000	1			50000		other	0
sub-14_2	16	Nothing	silen	2861054	55000	1			55000		other	0
sub-14_2	16	Pulse	255	2863082	57028	0
sub-14_2	16	Nothing	silen	2866054	60000	1			60000		other	0
sub-14_2	16	Nothing	silen	2871054	65000	1			65000		other	0
sub-14_2	16	Nothing	silen	2876054	70000	1			70000		other	0
sub-14_2	16	Nothing	silen	2881054	75000	1			75000		other	0
sub-14_2	16	Pulse	255	2883082	77028	0
sub-14_2	16	Nothing	silen	2886054	80000	1			80000		other	0
sub-14_2	16	Nothing	silen	2891054	85000	1			85000		other	0
sub-14_2	16	Nothing	silen	2896054	90000	1			90000		other	0
sub-14_2	16	Nothing	silen	2901054	95000	1			95000		other	0
sub-14_2	16	Pulse	255	2903082	97029	0
sub-14_2	16	Nothing	silen	2906054	100000	1			100000		other	0
sub-14_2	16	Nothing	silen	2911054	105000	1			105000		other	0
sub-14_2	16	Nothing	silen	2916054	110000	1			110000		other	0
sub-14_2	16	Nothing	silen	2921054	115000	1			115000		other	0
sub-14_2	16	Pulse	255	2923082	117028	0
sub-14_2	16	Nothing	silen	2926054	120000	1			120000		other	0
sub-14_2	16	Nothing	silen	2931054	125000	1			125000		other	0
sub-14_2	16	Nothing	silen	2936054	130000	1			130000		other	0
sub-14_2	16	Nothing	silen	2941054	135000	1			135000		other	0
sub-14_2	16	Pulse	255	2943082	137029	0
sub-14_2	16	Nothing	silen	2946054	140000	1			140000		other	0
sub-14_2	16	Pulse	255	2963082	157028	0
sub-14_2	17	Pulse	255	2983082	6472	0
sub-14_2	17	Pulse	255	3003082	26473	0
sub-14_2	17	Sound	start_sound	3006610	30000	2			30000		other	0
sub-14_2	17	Nothing	human	3021610	45000	1			45000		other	0
sub-14_2	17	Pulse	255	3023082	46473	0
sub-14_2	17	Nothing	human	3026610	50000	1			50000		other	0
sub-14_2	17	Nothing	human	3031610	55000	1			55000		other	0
sub-14_2	17	Nothing	human	3036610	60000	1			60000		other	0
sub-14_2	17	Nothing	human	3041610	65000	1			65000		other	0
sub-14_2	17	Pulse	255	3043083	66473	0
sub-14_2	17	Nothing	human	3046610	70000	1			70000		other	0
sub-14_2	17	Nothing	human	3051610	75000	1			75000		other	0
sub-14_2	17	Nothing	human	3056610	80000	1			80000		other	0
sub-14_2	17	Nothing	human	3061610	85000	1			85000		other	0
sub-14_2	17	Pulse	255	3063083	86473	0
sub-14_2	17	Nothing	human	3066610	90000	1			90000		other	0
sub-14_2	17	Nothing	human	3071610	95000	1			95000		other	0
sub-14_2	17	Nothing	human	3076610	100000	1			100000		other	0
sub-14_2	17	Nothing	human	3081610	105000	1			105000		other	0
sub-14_2	17	Pulse	255	3083083	106473	0
sub-14_2	17	Nothing	human	3086610	110000	1			110000		other	0
sub-14_2	17	Nothing	human	3091610	115000	1			115000		other	0
sub-14_2	17	Nothing	human	3096610	120000	1			120000		other	0
sub-14_2	17	Nothing	human	3101610	125000	1			125000		other	0
sub-14_2	17	Pulse	255	3103083	126473	0
sub-14_2	17	Nothing	human	3106610	130000	1			130000		other	0
sub-14_2	17	Nothing	human	3111610	135000	1			135000		other	0
sub-14_2	17	Nothing	human	3116610	140000	1			140000		other	0
sub-14_2	17	Pulse	255	3123082	146473	0
sub-14_2	17	Pulse	255	3143083	166473	0
sub-14_2	18	Pulse	255	3163083	15919	0
sub-14_2	18	Sound	start_sound	3177164	30000	2			30000		other	0
sub-14_2	18	Pulse	255	3183083	35919	0
sub-14_2	18	Nothing	music	3192164	45000	1			45000		other	0
sub-14_2	18	Nothing	music	3197164	50000	1			50000		other	0
sub-14_2	18	Nothing	music	3202164	55000	1			55000		other	0
sub-14_2	18	Pulse	255	3203082	55918	0
sub-14_2	18	Nothing	music	3207164	60000	1			60000		other	0
sub-14_2	18	Nothing	music	3212164	65000	1			65000		other	0
sub-14_2	18	Nothing	music	3217164	70000	1			70000		other	0
sub-14_2	18	Nothing	music	3222164	75000	1			75000		other	0
sub-14_2	18	Pulse	255	3223083	75919	0
sub-14_2	18	Nothing	music	3227164	80000	1			80000		other	0
sub-14_2	18	Nothing	music	3232164	85000	1			85000		other	0
sub-14_2	18	Nothing	music	3237164	90000	1			90000		other	0
sub-14_2	18	Nothing	music	3242164	95000	1			95000		other	0
sub-14_2	18	Pulse	255	3243083	95919	0
sub-14_2	18	Nothing	music	3247164	100000	1			100000		other	0
sub-14_2	18	Nothing	music	3252164	105000	1			105000		other	0
sub-14_2	18	Nothing	music	3257164	110000	1			110000		other	0
sub-14_2	18	Nothing	music	3262164	115000	1			115000		other	0
sub-14_2	18	Pulse	255	3263082	115919	0
sub-14_2	18	Nothing	music	3267164	120000	1			120000		other	0
sub-14_2	18	Nothing	music	3272164	125000	1			125000		other	0
sub-14_2	18	Nothing	music	3277164	130000	1			130000		other	0
sub-14_2	18	Nothing	music	3282164	135000	1			135000		other	0
sub-14_2	18	Pulse	255	3283083	135919	0
sub-14_2	18	Nothing	music	3287164	140000	1			140000		other	0
sub-14_2	18	Pulse	255	3303083	155919	0
sub-14_2	19	Pulse	255	3323083	5365	0
sub-14_2	19	Pulse	255	3343083	25365	0
sub-14_2	19	Sound	start_sound	3347718	30000	2			30000		other	0
sub-14_2	19	Nothing	animo	3362718	45000	1			45000		other	0
sub-14_2	19	Pulse	255	3363083	45364	0
sub-14_2	19	Nothing	animo	3367718	50000	1			50000		other	0
sub-14_2	19	Nothing	animo	3372718	55000	1			55000		other	0
sub-14_2	19	Nothing	animo	3377718	60000	1			60000		other	0
sub-14_2	19	Nothing	animo	3382718	65000	1			65000		other	0
sub-14_2	19	Pulse	255	3383083	65365	0
sub-14_2	19	Nothing	animo	3387718	70000	1			70000		other	0
sub-14_2	19	Nothing	animo	3392718	75000	1			75000		other	0
sub-14_2	19	Nothing	animo	3397718	80000	1			80000		other	0
sub-14_2	19	Nothing	animo	3402718	85000	1			85000		other	0
sub-14_2	19	Pulse	255	3403083	85365	0
sub-14_2	19	Nothing	animo	3407718	90000	1			90000		other	0
sub-14_2	19	Nothing	animo	3412718	95000	1			95000		other	0
sub-14_2	19	Nothing	animo	3417718	100000	1			100000		other	0
sub-14_2	19	Nothing	animo	3422718	105000	1			105000		other	0
sub-14_2	19	Pulse	255	3423073	105355	0
sub-14_2	19	Nothing	animo	3427718	110000	1			110000		other	0
sub-14_2	19	Nothing	animo	3432718	115000	1			115000		other	0
sub-14_2	19	Nothing	animo	3437718	120000	1			120000		other	0
sub-14_2	19	Nothing	animo	3442718	125000	1			125000		other	0
sub-14_2	19	Pulse	255	3443073	125355	0
sub-14_2	19	Nothing	animo	3447718	130000	1			130000		other	0
sub-14_2	19	Nothing	animo	3452718	135000	1			135000		other	0
sub-14_2	19	Nothing	animo	3457718	140000	1			140000		other	0
sub-14_2	19	Pulse	255	3463073	145355	0
sub-14_2	19	Pulse	255	3483073	165355	0
sub-14_2	20	Pulse	255	3503073	14801	0
sub-14_2	20	Sound	start_sound	3518273	30000	2			30000		other	0
sub-14_2	20	Pulse	255	3523073	34800	0
sub-14_2	20	Nothing	rires	3533273	45000	1			45000		other	0
sub-14_2	20	Nothing	rires	3538273	50000	1			50000		other	0
sub-14_2	20	Pulse	255	3543073	54800	0
sub-14_2	20	Nothing	rires	3543273	55000	1			55000		other	0
sub-14_2	20	Nothing	rires	3548273	60000	1			60000		other	0
sub-14_2	20	Nothing	rires	3553273	65000	1			65000		other	0
sub-14_2	20	Nothing	rires	3558273	70000	1			70000		other	0
sub-14_2	20	Pulse	255	3563073	74801	0
sub-14_2	20	Nothing	rires	3563273	75000	1			75000		other	0
sub-14_2	20	Nothing	rires	3568273	80000	1			80000		other	0
sub-14_2	20	Nothing	rires	3573273	85000	1			85000		other	0
sub-14_2	20	Nothing	rires	3578273	90000	1			90000		other	0
sub-14_2	20	Pulse	255	3583073	94801	0
sub-14_2	20	Nothing	rires	3583273	95000	1			95000		other	0
sub-14_2	20	Nothing	rires	3588273	100000	1			100000		other	0
sub-14_2	20	Nothing	rires	3593273	105000	1			105000		other	0
sub-14_2	20	Nothing	rires	3598273	110000	1			110000		other	0
sub-14_2	20	Pulse	255	3603073	114800	0
sub-14_2	20	Nothing	rires	3603273	115000	1			115000		other	0
sub-14_2	20	Nothing	rires	3608273	120000	1			120000		other	0
sub-14_2	20	Nothing	rires	3613273	125000	1			125000		other	0
sub-14_2	20	Nothing	rires	3618273	130000	1			130000		other	0
sub-14_2	20	Pulse	255	3623073	134800	0
sub-14_2	20	Nothing	rires	3623273	135000	1			135000		other	0
sub-14_2	20	Nothing	rires	3628273	140000	1			140000		other	0
sub-14_2	20	Pulse	255	3643074	154801	0
sub-14_2	21	Pulse	255	3663074	4244	0
sub-14_2	21	Pulse	255	3683074	24244	0
sub-14_2	21	Sound	start_sound	3688830	30000	2			30000		other	0
sub-14_2	21	Pulse	255	3703074	44244	0
sub-14_2	21	Nothing	envir	3703830	45000	1			45000		other	0
sub-14_2	21	Nothing	envir	3708830	50000	1			50000		other	0
sub-14_2	21	Nothing	envir	3713830	55000	1			55000		other	0
sub-14_2	21	Nothing	envir	3718830	60000	1			60000		other	0
sub-14_2	21	Pulse	255	3723073	64243	0
sub-14_2	21	Nothing	envir	3723830	65000	1			65000		other	0
sub-14_2	21	Nothing	envir	3728830	70000	1			70000		other	0
sub-14_2	21	Nothing	envir	3733830	75000	1			75000		other	0
sub-14_2	21	Nothing	envir	3738830	80000	1			80000		other	0
sub-14_2	21	Pulse	255	3743073	84243	0
sub-14_2	21	Nothing	envir	3743830	85000	1			85000		other	0
sub-14_2	21	Nothing	envir	3748830	90000	1			90000		other	0
sub-14_2	21	Nothing	envir	3753830	95000	1			95000		other	0
sub-14_2	21	Nothing	envir	3758830	100000	1			100000		other	0
sub-14_2	21	Pulse	255	3763073	104243	0
sub-14_2	21	Nothing	envir	3763830	105000	1			105000		other	0
sub-14_2	21	Nothing	envir	3768830	110000	1			110000		other	0
sub-14_2	21	Nothing	envir	3773830	115000	1			115000		other	0
sub-14_2	21	Nothing	envir	3778830	120000	1			120000		other	0
sub-14_2	21	Pulse	255	3783073	124243	0
sub-14_2	21	Nothing	envir	3783830	125000	1			125000		other	0
sub-14_2	21	Nothing	envir	3788830	130000	1			130000		other	0
sub-14_2	21	Nothing	envir	3793830	135000	1			135000		other	0
sub-14_2	21	Nothing	envir	3798830	140000	1			140000		other	0
sub-14_2	21	Pulse	255	3803073	144244	0
sub-14_2	21	Pulse	255	3823074	164244	0
sub-14_2	22	Pulse	255	3843074	13688	0
sub-14_2	22	Sound	start_sound	3859386	30000	2			30000		other	0
sub-14_2	22	Pulse	255	3863074	33688	0
sub-14_2	22	Nothing	cough	3874386	45000	1			45000		other	0
sub-14_2	22	Nothing	cough	3879386	50000	1			50000		other	0
sub-14_2	22	Pulse	255	3883074	53688	0
sub-14_2	22	Nothing	cough	3884386	55000	1			55000		other	0
sub-14_2	22	Nothing	cough	3889386	60000	1			60000		other	0
sub-14_2	22	Nothing	cough	3894386	65000	1			65000		other	0
sub-14_2	22	Nothing	cough	3899386	70000	1			70000		other	0
sub-14_2	22	Pulse	255	3903074	73688	0
sub-14_2	22	Nothing	cough	3904386	75000	1			75000		other	0
sub-14_2	22	Nothing	cough	3909386	80000	1			80000		other	0
sub-14_2	22	Nothing	cough	3914386	85000	1			85000		other	0
sub-14_2	22	Nothing	cough	3919386	90000	1			90000		other	0
sub-14_2	22	Pulse	255	3923074	93688	0
sub-14_2	22	Nothing	cough	3924386	95000	1			95000		other	0
sub-14_2	22	Nothing	cough	3929386	100000	1			100000		other	0
sub-14_2	22	Nothing	cough	3934386	105000	1			105000		other	0
sub-14_2	22	Nothing	cough	3939386	110000	1			110000		other	0
sub-14_2	22	Pulse	255	3943074	113688	0
sub-14_2	22	Nothing	cough	3944386	115000	1			115000		other	0
sub-14_2	22	Nothing	cough	3949386	120000	1			120000		other	0
sub-14_2	22	Nothing	cough	3954386	125000	1			125000		other	0
sub-14_2	22	Nothing	cough	3959386	130000	1			130000		other	0
sub-14_2	22	Pulse	255	3963074	133688	0
sub-14_2	22	Nothing	cough	3964386	135000	1			135000		other	0
sub-14_2	22	Nothing	cough	3969386	140000	1			140000		other	0
sub-14_2	22	Pulse	255	3983074	153688	0
sub-14_2	23	Picture	Bfix	4000005	0	1	60226	1	0	60000	other	0
sub-14_2	23	Pulse	255	4003073	3068	0
sub-14_2	23	Pulse	255	4023074	23069	0
sub-14_2	23	Pulse	255	4043074	43068	0
sub-14_2	24	Pulse	255	4063074	2743	0
sub-14_2	24	Pulse	255	4083074	22743	0
sub-14_2	24	Sound	start_sound	4090331	30000	2			30000		other	0
sub-14_2	24	Pulse	255	4103074	42743	0
sub-14_2	24	Nothing	rires	4105331	45000	1			45000		other	0
sub-14_2	24	Nothing	rires	4110331	50000	1			50000		other	0
sub-14_2	24	Nothing	rires	4115331	55000	1			55000		other	0
sub-14_2	24	Nothing	rires	4120331	60000	1			60000		other	0
sub-14_2	24	Pulse	255	4123074	62743	0
sub-14_2	24	Nothing	rires	4125331	65000	1			65000		other	0
sub-14_2	24	Nothing	rires	4130331	70000	1			70000		other	0
sub-14_2	24	Nothing	rires	4135331	75000	1			75000		other	0
sub-14_2	24	Nothing	rires	4140331	80000	1			80000		other	0
sub-14_2	24	Pulse	255	4143074	82743	0
sub-14_2	24	Nothing	rires	4145331	85000	1			85000		other	0
sub-14_2	24	Nothing	rires	4150331	90000	1			90000		other	0
sub-14_2	24	Nothing	rires	4155331	95000	1			95000		other	0
sub-14_2	24	Nothing	rires	4160331	100000	1			100000		other	0
sub-14_2	24	Pulse	255	4163074	102743	0
sub-14_2	24	Nothing	rires	4165331	105000	1			105000		other	0
sub-14_2	24	Nothing	rires	4170331	110000	1			110000		other	0
sub-14_2	24	Nothing	rires	4175331	115000	1			115000		other	0
sub-14_2	24	Nothing	rires	4180331	120000	1			120000		other	0
sub-14_2	24	Pulse	255	4183074	122744	0
sub-14_2	24	Nothing	rires	4185331	125000	1			125000		other	0
sub-14_2	24	Nothing	rires	4190331	130000	1			130000		other	0
sub-14_2	24	Nothing	rires	4195331	135000	1			135000		other	0
sub-14_2	24	Nothing	rires	4200331	140000	1			140000		other	0
sub-14_2	24	Pulse	255	4203074	142743	0
sub-14_2	24	Pulse	255	4223074	162744	0
sub-14_2	25	Pulse	255	4243074	12187	0
sub-14_2	25	Sound	start_sound	4260887	30000	2			30000		other	0
sub-14_2	25	Pulse	255	4263074	32187	0
sub-14_2	25	Nothing	cough	4275887	45000	1			45000		other	0
sub-14_2	25	Nothing	cough	4280887	50000	1			50000		other	0
sub-14_2	25	Pulse	255	4283075	52187	0
sub-14_2	25	Nothing	cough	4285887	55000	1			55000		other	0
sub-14_2	25	Nothing	cough	4290887	60000	1			60000		other	0
sub-14_2	25	Nothing	cough	4295887	65000	1			65000		other	0
sub-14_2	25	Nothing	cough	4300887	70000	1			70000		other	0
sub-14_2	25	Pulse	255	4303074	72187	0
sub-14_2	25	Nothing	cough	4305887	75000	1			75000		other	0
sub-14_2	25	Nothing	cough	4310887	80000	1			80000		other	0
sub-14_2	25	Nothing	cough	4315887	85000	1			85000		other	0
sub-14_2	25	Nothing	cough	4320887	90000	1			90000		other	0
sub-14_2	25	Pulse	255	4323075	92187	0
sub-14_2	25	Nothing	cough	4325887	95000	1			95000		other	0
sub-14_2	25	Nothing	cough	4330887	100000	1			100000		other	0
sub-14_2	25	Nothing	cough	4335887	105000	1			105000		other	0
sub-14_2	25	Nothing	cough	4340887	110000	1			110000		other	0
sub-14_2	25	Pulse	255	4343075	112187	0
sub-14_2	25	Nothing	cough	4345887	115000	1			115000		other	0
sub-14_2	25	Nothing	cough	4350887	120000	1			120000		other	0
sub-14_2	25	Nothing	cough	4355887	125000	1			125000		other	0
sub-14_2	25	Nothing	cough	4360887	130000	1			130000		other	0
sub-14_2	25	Pulse	255	4363075	132187	0
sub-14_2	25	Nothing	cough	4365887	135000	1			135000		other	0
sub-14_2	25	Nothing	cough	4370887	140000	1			140000		other	0
sub-14_2	25	Pulse	255	4383075	152187	0
sub-14_2	26	Pulse	255	4403075	1633	0
sub-14_2	26	Pulse	255	4423075	21633	0
sub-14_2	26	Sound	start_sound	4431442	30000	2			30000		other	0
sub-14_2	26	Pulse	255	4443075	41633	0
sub-14_2	26	Nothing	animo	4446442	45000	1			45000		other	0
sub-14_2	26	Nothing	animo	4451442	50000	1			50000		other	0
sub-14_2	26	Nothing	animo	4456442	55000	1			55000		other	0
sub-14_2	26	Nothing	animo	4461442	60000	1			60000		other	0
sub-14_2	26	Pulse	255	4463075	61633	0
sub-14_2	26	Nothing	animo	4466442	65000	1			65000		other	0
sub-14_2	26	Nothing	animo	4471442	70000	1			70000		other	0
sub-14_2	26	Nothing	animo	4476442	75000	1			75000		other	0
sub-14_2	26	Nothing	animo	4481442	80000	1			80000		other	0
sub-14_2	26	Pulse	255	4483075	81633	0
sub-14_2	26	Nothing	animo	4486442	85000	1			85000		other	0
sub-14_2	26	Nothing	animo	4491442	90000	1			90000		other	0
sub-14_2	26	Nothing	animo	4496442	95000	1			95000		other	0
sub-14_2	26	Nothing	animo	4501442	100000	1			100000		other	0
sub-14_2	26	Pulse	255	4503075	101633	0
sub-14_2	26	Nothing	animo	4506442	105000	1			105000		other	0
sub-14_2	26	Nothing	animo	4511442	110000	1			110000		other	0
sub-14_2	26	Nothing	animo	4516442	115000	1			115000		other	0
sub-14_2	26	Nothing	animo	4521442	120000	1			120000		other	0
sub-14_2	26	Pulse	255	4523075	121633	0
sub-14_2	26	Nothing	animo	4526442	125000	1			125000		other	0
sub-14_2	26	Nothing	animo	4531442	130000	1			130000		other	0
sub-14_2	26	Nothing	animo	4536442	135000	1			135000		other	0
sub-14_2	26	Nothing	animo	4541442	140000	1			140000		other	0
sub-14_2	26	Pulse	255	4543075	141633	0
sub-14_2	26	Pulse	255	4563075	161633	0
sub-14_2	27	Pulse	255	4583075	11079	0
sub-14_2	27	Sound	start_sound	4601997	30000	2			30000		other	0
sub-14_2	27	Pulse	255	4603075	31078	0
sub-14_2	27	Nothing	rever	4616997	45000	1			45000		other	0
sub-14_2	27	Nothing	rever	4621997	50000	1			50000		other	0
sub-14_2	27	Pulse	255	4623075	51079	0
sub-14_2	27	Nothing	rever	4626997	55000	1			55000		other	0
sub-14_2	27	Nothing	rever	4631997	60000	1			60000		other	0
sub-14_2	27	Nothing	rever	4636997	65000	1			65000		other	0
sub-14_2	27	Nothing	rever	4641997	70000	1			70000		other	0
sub-14_2	27	Pulse	255	4643075	71078	1
sub-14_2	27	Nothing	rever	4646997	75000	1			75000		other	0
sub-14_2	27	Nothing	rever	4651997	80000	1			80000		other	0
sub-14_2	27	Nothing	rever	4656997	85000	1			85000		other	0
sub-14_2	27	Nothing	rever	4661997	90000	1			90000		other	0
sub-14_2	27	Pulse	255	4663075	91079	0
sub-14_2	27	Nothing	rever	4666997	95000	1			95000		other	0
sub-14_2	27	Nothing	rever	4671997	100000	1			100000		other	0
sub-14_2	27	Nothing	rever	4676997	105000	1			105000		other	0
sub-14_2	27	Nothing	rever	4681997	110000	1			110000		other	0
sub-14_2	27	Pulse	255	4683075	111079	0
sub-14_2	27	Nothing	rever	4686997	115000	1			115000		other	0
sub-14_2	27	Nothing	rever	4691997	120000	1			120000		other	0
sub-14_2	27	Nothing	rever	4696997	125000	1			125000		other	0
sub-14_2	27	Nothing	rever	4701997	130000	1			130000		other	0
sub-14_2	27	Pulse	255	4703075	131079	0
sub-14_2	27	Nothing	rever	4706997	135000	1			135000		other	0
sub-14_2	27	Nothing	rever	4711997	140000	1			140000		other	0
sub-14_2	27	Pulse	255	4723075	151078	0
sub-14_2	28	Pulse	255	4743075	524	0
sub-14_2	28	Pulse	255	4763075	20523	0
sub-14_2	28	Sound	start_sound	4772551	30000	2			30000		other	0
sub-14_2	28	Pulse	255	4783075	40524	0
sub-14_2	28	Nothing	alpha	4787551	45000	1			45000		other	0
sub-14_2	28	Nothing	alpha	4792551	50000	1			50000		other	0
sub-14_2	28	Nothing	alpha	4797551	55000	1			55000		other	0
sub-14_2	28	Nothing	alpha	4802551	60000	1			60000		other	0
sub-14_2	28	Pulse	255	4803075	60524	0
sub-14_2	28	Nothing	alpha	4807551	65000	1			65000		other	0
sub-14_2	28	Nothing	alpha	4812551	70000	1			70000		other	0
sub-14_2	28	Nothing	alpha	4817551	75000	1			75000		other	0
sub-14_2	28	Nothing	alpha	4822551	80000	1			80000		other	0
sub-14_2	28	Pulse	255	4823075	80524	0
sub-14_2	28	Nothing	alpha	4827551	85000	1			85000		other	0
sub-14_2	28	Nothing	alpha	4832551	90000	1			90000		other	0
sub-14_2	28	Nothing	alpha	4837551	95000	1			95000		other	0
sub-14_2	28	Nothing	alpha	4842551	100000	1			100000		other	0
sub-14_2	28	Pulse	255	4843075	100524	0
sub-14_2	28	Nothing	alpha	4847551	105000	1			105000		other	0
sub-14_2	28	Nothing	alpha	4852551	110000	1			110000		other	0
sub-14_2	28	Nothing	alpha	4857551	115000	1			115000		other	0
sub-14_2	28	Nothing	alpha	4862551	120000	1			120000		other	0
sub-14_2	28	Pulse	255	4863075	120524	0
sub-14_2	28	Nothing	alpha	4867551	125000	1			125000		other	0
sub-14_2	28	Nothing	alpha	4872551	130000	1			130000		other	0
sub-14_2	28	Nothing	alpha	4877551	135000	1			135000		other	0
sub-14_2	28	Nothing	alpha	4882551	140000	1			140000		other	0
sub-14_2	28	Pulse	255	4883076	140524	0
sub-14_2	28	Pulse	255	4903076	160524	0
sub-14_2	29	Pulse	255	4923076	9970	0
sub-14_2	29	Pulse	255	4943076	29970	0
sub-14_2	29	Sound	start_sound	4943106	30000	2			30000		other	0
sub-14_2	29	Nothing	rires	4958106	45000	1			45000		other	0
sub-14_2	29	Pulse	255	4963076	49970	0
sub-14_2	29	Nothing	rires	4963106	50000	1			50000		other	0
sub-14_2	29	Nothing	rires	4968106	55000	1			55000		other	0
sub-14_2	29	Nothing	rires	4973106	60000	1			60000		other	0
sub-14_2	29	Nothing	rires	4978106	65000	1			65000		other	0
sub-14_2	29	Pulse	255	4983076	69970	0
sub-14_2	29	Nothing	rires	4983106	70000	1			70000		other	0
sub-14_2	29	Nothing	rires	4988106	75000	1			75000		other	0
sub-14_2	29	Nothing	rires	4993106	80000	1			80000		other	0
sub-14_2	29	Nothing	rires	4998106	85000	1			85000		other	0
sub-14_2	29	Pulse	255	5003076	89970	0
sub-14_2	29	Nothing	rires	5003106	90000	1			90000		other	0
sub-14_2	29	Nothing	rires	5008106	95000	1			95000		other	0
sub-14_2	29	Nothing	rires	5013106	100000	1			100000		other	0
sub-14_2	29	Nothing	rires	5018106	105000	1			105000		other	0
sub-14_2	29	Pulse	255	5023076	109970	0
sub-14_2	29	Nothing	rires	5023106	110000	1			110000		other	0
sub-14_2	29	Nothing	rires	5028106	115000	1			115000		other	0
sub-14_2	29	Nothing	rires	5033106	120000	1			120000		other	0
sub-14_2	29	Nothing	rires	5038106	125000	1			125000		other	0
sub-14_2	29	Pulse	255	5043076	129970	0
sub-14_2	29	Nothing	rires	5043106	130000	1			130000		other	0
sub-14_2	29	Nothing	rires	5048106	135000	1			135000		other	0
sub-14_2	29	Nothing	rires	5053106	140000	1			140000		other	0
sub-14_2	29	Pulse	255	5063076	149970	0
sub-14_2	29	Pulse	255	5083075	169970	0
sub-14_2	30	Pulse	255	5103076	19401	0
sub-14_2	30	Sound	start_sound	5113674	30000	2			30000		other	0
sub-14_2	30	Pulse	255	5123076	39401	0
sub-14_2	30	Nothing	animo	5128674	45000	1			45000		other	0
sub-14_2	30	Nothing	animo	5133674	50000	1			50000		other	0
sub-14_2	30	Nothing	animo	5138674	55000	1			55000		other	0
sub-14_2	30	Pulse	255	5143076	59401	0
sub-14_2	30	Nothing	animo	5143674	60000	1			60000		other	0
sub-14_2	30	Nothing	animo	5148675	65000	1			65000		other	0
sub-14_2	30	Nothing	animo	5153674	70000	1			70000		other	0
sub-14_2	30	Nothing	animo	5158674	75000	1			75000		other	0
sub-14_2	30	Pulse	255	5163076	79402	0
sub-14_2	30	Nothing	animo	5163674	80000	1			80000		other	0
sub-14_2	30	Nothing	animo	5168674	85000	1			85000		other	0
sub-14_2	30	Nothing	animo	5173675	90000	1			90000		other	0
sub-14_2	30	Nothing	animo	5178674	95000	1			95000		other	0
sub-14_2	30	Pulse	255	5183076	99402	0
sub-14_2	30	Nothing	animo	5183674	100000	1			100000		other	0
sub-14_2	30	Nothing	animo	5188675	105000	1			105000		other	0
sub-14_2	30	Nothing	animo	5193675	110000	1			110000		other	0
sub-14_2	30	Nothing	animo	5198674	115000	1			115000		other	0
sub-14_2	30	Pulse	255	5203076	119402	0
sub-14_2	30	Nothing	animo	5203674	120000	1			120000		other	0
sub-14_2	30	Nothing	animo	5208675	125000	1			125000		other	0
sub-14_2	30	Nothing	animo	5213674	130000	1			130000		other	0
sub-14_2	30	Nothing	animo	5218675	135000	1			135000		other	0
sub-14_2	30	Pulse	255	5223076	139402	0
sub-14_2	30	Nothing	animo	5223675	140000	1			140000		other	0
sub-14_2	30	Pulse	255	5243076	159402	0
sub-14_2	31	Pulse	255	5263076	8847	0
sub-14_2	31	Pulse	255	5283076	28847	0
sub-14_2	31	Sound	start_sound	5284229	30000	2			30000		other	0
sub-14_2	31	Nothing	parol	5294229	40000	1			40000		other	0
sub-14_2	31	Nothing	parol	5299229	45000	1			45000		other	0
sub-14_2	31	Pulse	255	5303076	48847	0
sub-14_2	31	Nothing	parol	5304229	50000	1			50000		other	0
sub-14_2	31	Nothing	parol	5309229	55000	1			55000		other	0
sub-14_2	31	Nothing	parol	5314229	60000	1			60000		other	0
sub-14_2	31	Nothing	parol	5319229	65000	1			65000		other	0
sub-14_2	31	Pulse	255	5323066	68837	0
sub-14_2	31	Nothing	parol	5324229	70000	1			70000		other	0
sub-14_2	31	Nothing	parol	5329229	75000	1			75000		other	0
sub-14_2	31	Nothing	parol	5334229	80000	1			80000		other	0
sub-14_2	31	Nothing	parol	5339229	85000	1			85000		other	0
sub-14_2	31	Pulse	255	5343066	88837	0
sub-14_2	31	Nothing	parol	5344229	90000	1			90000		other	0
sub-14_2	31	Nothing	parol	5349229	95000	1			95000		other	0
sub-14_2	31	Nothing	parol	5354229	100000	1			100000		other	0
sub-14_2	31	Nothing	parol	5359229	105000	1			105000		other	0
sub-14_2	31	Pulse	255	5363066	108837	0
sub-14_2	31	Nothing	parol	5364229	110000	1			110000		other	0
sub-14_2	31	Nothing	parol	5369229	115000	1			115000		other	0
sub-14_2	31	Nothing	parol	5374229	120000	1			120000		other	0
sub-14_2	31	Nothing	parol	5379229	125000	1			125000		other	0
sub-14_2	31	Pulse	255	5383066	128837	0
sub-14_2	31	Nothing	parol	5384229	130000	1			130000		other	0
sub-14_2	31	Nothing	parol	5389229	135000	1			135000		other	0
sub-14_2	31	Pulse	255	5403066	148837	0
sub-14_2	32	Pulse	255	5423066	3280	0
sub-14_2	32	Pulse	255	5443066	23280	0
sub-14_2	32	Sound	start_sound	5449786	30000	2			30000		other	0
sub-14_2	32	Pulse	255	5463066	43280	0
sub-14_2	32	Nothing	yawny	5464786	45000	1			45000		other	0
sub-14_2	32	Nothing	yawny	5469786	50000	1			50000		other	0
sub-14_2	32	Nothing	yawny	5474786	55000	1			55000		other	0
sub-14_2	32	Nothing	yawny	5479786	60000	1			60000		other	0
sub-14_2	32	Pulse	255	5483067	63281	0
sub-14_2	32	Nothing	yawny	5484786	65000	1			65000		other	0
sub-14_2	32	Nothing	yawny	5489786	70000	1			70000		other	0
sub-14_2	32	Nothing	yawny	5494786	75000	1			75000		other	0
sub-14_2	32	Nothing	yawny	5499786	80000	1			80000		other	0
sub-14_2	32	Pulse	255	5503066	83280	0
sub-14_2	32	Nothing	yawny	5504786	85000	1			85000		other	0
sub-14_2	32	Nothing	yawny	5509786	90000	1			90000		other	0
sub-14_2	32	Nothing	yawny	5514786	95000	1			95000		other	0
sub-14_2	32	Nothing	yawny	5519786	100000	1			100000		other	0
sub-14_2	32	Pulse	255	5523066	103280	0
sub-14_2	32	Nothing	yawny	5524786	105000	1			105000		other	0
sub-14_2	32	Nothing	yawny	5529786	110000	1			110000		other	0
sub-14_2	32	Nothing	yawny	5534786	115000	1			115000		other	0
sub-14_2	32	Nothing	yawny	5539786	120000	1			120000		other	0
sub-14_2	32	Pulse	255	5543067	123281	0
sub-14_2	32	Nothing	yawny	5544786	125000	1			125000		other	0
sub-14_2	32	Nothing	yawny	5549786	130000	1			130000		other	0
sub-14_2	32	Nothing	yawny	5554786	135000	1			135000		other	0
sub-14_2	32	Nothing	yawny	5559786	140000	1			140000		other	0
sub-14_2	32	Pulse	255	5563067	143281	0
sub-14_2	32	Pulse	255	5583067	163281	0
sub-14_2	33	Pulse	255	5603067	12725	0
sub-14_2	33	Sound	start_sound	5620341	30000	2			30000		other	0
sub-14_2	33	Pulse	255	5623067	32725	0
sub-14_2	33	Nothing	envir	5635341	45000	1			45000		other	0
sub-14_2	33	Nothing	envir	5640341	50000	1			50000		other	0
sub-14_2	33	Pulse	255	5643066	52725	0
sub-14_2	33	Nothing	envir	5645341	55000	1			55000		other	0
sub-14_2	33	Nothing	envir	5650341	60000	1			60000		other	0
sub-14_2	33	Nothing	envir	5655341	65000	1			65000		other	0
sub-14_2	33	Nothing	envir	5660341	70000	1			70000		other	0
sub-14_2	33	Pulse	255	5663067	72725	0
sub-14_2	33	Nothing	envir	5665341	75000	1			75000		other	0
sub-14_2	33	Nothing	envir	5670341	80000	1			80000		other	0
sub-14_2	33	Nothing	envir	5675341	85000	1			85000		other	0
sub-14_2	33	Nothing	envir	5680341	90000	1			90000		other	0
sub-14_2	33	Pulse	255	5683067	92726	0
sub-14_2	33	Nothing	envir	5685341	95000	1			95000		other	0
sub-14_2	33	Nothing	envir	5690341	100000	1			100000		other	0
sub-14_2	33	Nothing	envir	5695341	105000	1			105000		other	0
sub-14_2	33	Nothing	envir	5700341	110000	1			110000		other	0
sub-14_2	33	Pulse	255	5703067	112726	0
sub-14_2	33	Nothing	envir	5705341	115000	1			115000		other	0
sub-14_2	33	Nothing	envir	5710341	120000	1			120000		other	0
sub-14_2	33	Nothing	envir	5715341	125000	1			125000		other	0
sub-14_2	33	Nothing	envir	5720341	130000	1			130000		other	0
sub-14_2	33	Pulse	255	5723067	132726	0
sub-14_2	33	Nothing	envir	5725341	135000	1			135000		other	0
sub-14_2	33	Nothing	envir	5730341	140000	1			140000		other	0
sub-14_2	33	Pulse	255	5743066	152725	0
sub-14_2	34	Picture	Bfix	5760961	0	1	60325	1	0	60000	other	0
sub-14_2	34	Pulse	255	5763067	2106	0
sub-14_2	34	Pulse	255	5783067	22106	0
sub-14_2	34	Pulse	255	5803067	42106	0
sub-14_2	35	Pulse	255	5823067	2008	0
sub-14_2	35	Pulse	255	5843067	22008	0
sub-14_2	35	Sound	start_sound	5851059	30000	2			30000		other	0
sub-14_2	35	Pulse	255	5863067	42008	0
sub-14_2	35	Nothing	music	5866059	45000	1			45000		other	0
sub-14_2	35	Nothing	music	5871059	50000	1			50000		other	0
sub-14_2	35	Nothing	music	5876059	55000	1			55000		other	0
sub-14_2	35	Nothing	music	5881059	60000	1			60000		other	0
sub-14_2	35	Pulse	255	5883067	62008	0
sub-14_2	35	Nothing	music	5886060	65000	1			65000		other	0
sub-14_2	35	Nothing	music	5891059	70000	1			70000		other	0
sub-14_2	35	Nothing	music	5896059	75000	1			75000		other	0
sub-14_2	35	Nothing	music	5901060	80000	1			80000		other	0
sub-14_2	35	Pulse	255	5903067	82008	0
sub-14_2	35	Nothing	music	5906059	85000	1			85000		other	0
sub-14_2	35	Nothing	music	5911059	90000	1			90000		other	0
sub-14_2	35	Nothing	music	5916059	95000	1			95000		other	0
sub-14_2	35	Nothing	music	5921059	100000	1			100000		other	0
sub-14_2	35	Pulse	255	5923067	102008	0
sub-14_2	35	Nothing	music	5926059	105000	1			105000		other	0
sub-14_2	35	Nothing	music	5931060	110000	1			110000		other	0
sub-14_2	35	Nothing	music	5936059	115000	1			115000		other	0
sub-14_2	35	Nothing	music	5941059	120000	1			120000		other	0
sub-14_2	35	Pulse	255	5943067	122008	0
sub-14_2	35	Nothing	music	5946060	125000	1			125000		other	0
sub-14_2	35	Nothing	music	5951059	130000	1			130000		other	0
sub-14_2	35	Nothing	music	5956059	135000	1			135000		other	0
sub-14_2	35	Nothing	music	5961060	140000	1			140000		other	0
sub-14_2	35	Pulse	255	5963067	142008	0
sub-14_2	35	Pulse	255	5983067	162008	0
sub-14_2	36	Pulse	255	6003067	11454	0
sub-14_2	36	Sound	start_sound	6021613	30000	2			30000		other	0
sub-14_2	36	Pulse	255	6023067	31454	0
sub-14_2	36	Nothing	parol	6031614	40000	1			40000		other	0
sub-14_2	36	Nothing	parol	6036614	45000	1			45000		other	0
sub-14_2	36	Nothing	parol	6041613	50000	1			50000		other	0
sub-14_2	36	Pulse	255	6043068	51454	0
sub-14_2	36	Nothing	parol	6046613	55000	1			55000		other	0
sub-14_2	36	Nothing	parol	6051613	60000	1			60000		other	0
sub-14_2	36	Nothing	parol	6056613	65000	1			65000		other	0
sub-14_2	36	Nothing	parol	6061613	70000	1			70000		other	0
sub-14_2	36	Pulse	255	6063067	71454	0
sub-14_2	36	Nothing	parol	6066613	75000	1			75000		other	0
sub-14_2	36	Nothing	parol	6071613	80000	1			80000		other	0
sub-14_2	36	Nothing	parol	6076613	85000	1			85000		other	0
sub-14_2	36	Nothing	parol	6081613	90000	1			90000		other	0
sub-14_2	36	Pulse	255	6083067	91454	0
sub-14_2	36	Nothing	parol	6086613	95000	1			95000		other	0
sub-14_2	36	Nothing	parol	6091613	100000	1			100000		other	0
sub-14_2	36	Nothing	parol	6096613	105000	1			105000		other	0
sub-14_2	36	Nothing	parol	6101613	110000	1			110000		other	0
sub-14_2	36	Pulse	255	6103067	111454	0
sub-14_2	36	Nothing	parol	6106614	115000	1			115000		other	0
sub-14_2	36	Nothing	parol	6111614	120000	1			120000		other	0
sub-14_2	36	Nothing	parol	6116614	125000	1			125000		other	0
sub-14_2	36	Nothing	parol	6121614	130000	1			130000		other	0
sub-14_2	36	Pulse	255	6123067	131454	0
sub-14_2	36	Nothing	parol	6126613	135000	1			135000		other	0
sub-14_2	36	Pulse	255	6143067	151454	0
sub-14_2	37	Pulse	255	6163067	5899	0
sub-14_2	37	Pulse	255	6183068	25899	0
sub-14_2	37	Sound	start_sound	6187168	30000	2			30000		other	0
sub-14_2	37	Nothing	yawny	6202168	45000	1			45000		other	0
sub-14_2	37	Pulse	255	6203068	45899	0
sub-14_2	37	Nothing	yawny	6207168	50000	1			50000		other	0
sub-14_2	37	Nothing	yawny	6212168	55000	1			55000		other	0
sub-14_2	37	Nothing	yawny	6217168	60000	1			60000		other	0
sub-14_2	37	Nothing	yawny	6222168	65000	1			65000		other	0
sub-14_2	37	Pulse	255	6223068	65899	0
sub-14_2	37	Nothing	yawny	6227168	70000	1			70000		other	0
sub-14_2	37	Nothing	yawny	6232168	75000	1			75000		other	0
sub-14_2	37	Nothing	yawny	6237168	80000	1			80000		other	0
sub-14_2	37	Nothing	yawny	6242168	85000	1			85000		other	0
sub-14_2	37	Pulse	255	6243068	85900	0
sub-14_2	37	Nothing	yawny	6247168	90000	1			90000		other	0
sub-14_2	37	Nothing	yawny	6252168	95000	1			95000		other	0
sub-14_2	37	Nothing	yawny	6257168	100000	1			100000		other	0
sub-14_2	37	Nothing	yawny	6262168	105000	1			105000		other	0
sub-14_2	37	Pulse	255	6263067	105899	0
sub-14_2	37	Nothing	yawny	6267168	110000	1			110000		other	0
sub-14_2	37	Nothing	yawny	6272168	115000	1			115000		other	0
sub-14_2	37	Nothing	yawny	6277168	120000	1			120000		other	0
sub-14_2	37	Nothing	yawny	6282168	125000	1			125000		other	0
sub-14_2	37	Pulse	255	6283068	125900	0
sub-14_2	37	Nothing	yawny	6287168	130000	1			130000		other	0
sub-14_2	37	Nothing	yawny	6292168	135000	1			135000		other	0
sub-14_2	37	Nothing	yawny	6297168	140000	1			140000		other	0
sub-14_2	37	Pulse	255	6303068	145900	0
sub-14_2	37	Pulse	255	6323067	165899	0
sub-14_2	38	Pulse	255	6343068	15346	0
sub-14_2	38	Sound	start_sound	6357722	30000	2			30000		other	0
sub-14_2	38	Pulse	255	6363067	35345	0
sub-14_2	38	Nothing	rever	6372722	45000	1			45000		other	0
sub-14_2	38	Nothing	rever	6377722	50000	1			50000		other	0
sub-14_2	38	Nothing	rever	6382722	55000	1			55000		other	0
sub-14_2	38	Pulse	255	6383068	55346	0
sub-14_2	38	Nothing	rever	6387722	60000	1			60000		other	0
sub-14_2	38	Nothing	rever	6392722	65000	1			65000		other	0
sub-14_2	38	Nothing	rever	6397722	70000	1			70000		other	0
sub-14_2	38	Nothing	rever	6402722	75000	1			75000		other	0
sub-14_2	38	Pulse	255	6403068	75346	0
sub-14_2	38	Nothing	rever	6407722	80000	1			80000		other	0
sub-14_2	38	Nothing	rever	6412722	85000	1			85000		other	0
sub-14_2	38	Nothing	rever	6417722	90000	1			90000		other	0
sub-14_2	38	Nothing	rever	6422722	95000	1			95000		other	0
sub-14_2	38	Pulse	255	6423068	95346	0
sub-14_2	38	Nothing	rever	6427722	100000	1			100000		other	0
sub-14_2	38	Nothing	rever	6432722	105000	1			105000		other	0
sub-14_2	38	Nothing	rever	6437722	110000	1			110000		other	0
sub-14_2	38	Nothing	rever	6442722	115000	1			115000		other	0
sub-14_2	38	Pulse	255	6443068	115346	0
sub-14_2	38	Nothing	rever	6447722	120000	1			120000		other	0
sub-14_2	38	Nothing	rever	6452722	125000	1			125000		other	0
sub-14_2	38	Nothing	rever	6457722	130000	1			130000		other	0
sub-14_2	38	Nothing	rever	6462722	135000	1			135000		other	0
sub-14_2	38	Pulse	255	6463068	135346	0
sub-14_2	38	Nothing	rever	6467722	140000	1			140000		other	0
sub-14_2	38	Pulse	255	6483068	155346	0
sub-14_2	39	Pulse	255	6503068	4790	0
sub-14_2	39	Pulse	255	6523068	24790	0
sub-14_2	39	Sound	start_sound	6528277	30000	2			30000		other	0
sub-14_2	39	Pulse	255	6543068	44791	0
sub-14_2	39	Nothing	envir	6543277	45000	1			45000		other	0
sub-14_2	39	Nothing	envir	6548277	50000	1			50000		other	0
sub-14_2	39	Nothing	envir	6553277	55000	1			55000		other	0
sub-14_2	39	Nothing	envir	6558277	60000	1			60000		other	0
sub-14_2	39	Pulse	255	6563068	64790	0
sub-14_2	39	Nothing	envir	6563277	65000	1			65000		other	0
sub-14_2	39	Nothing	envir	6568277	70000	1			70000		other	0
sub-14_2	39	Nothing	envir	6573277	75000	1			75000		other	0
sub-14_2	39	Nothing	envir	6578277	80000	1			80000		other	0
sub-14_2	39	Pulse	255	6583068	84791	0
sub-14_2	39	Nothing	envir	6583277	85000	1			85000		other	0
sub-14_2	39	Nothing	envir	6588277	90000	1			90000		other	0
sub-14_2	39	Nothing	envir	6593277	95000	1			95000		other	0
sub-14_2	39	Nothing	envir	6598277	100000	1			100000		other	0
sub-14_2	39	Pulse	255	6603068	104791	0
sub-14_2	39	Nothing	envir	6603277	105000	1			105000		other	0
sub-14_2	39	Nothing	envir	6608277	110000	1			110000		other	0
sub-14_2	39	Nothing	envir	6613277	115000	1			115000		other	0
sub-14_2	39	Nothing	envir	6618277	120000	1			120000		other	0
sub-14_2	39	Pulse	255	6623068	124791	0
sub-14_2	39	Nothing	envir	6623277	125000	1			125000		other	0
sub-14_2	39	Nothing	envir	6628277	130000	1			130000		other	0
sub-14_2	39	Nothing	envir	6633277	135000	1			135000		other	0
sub-14_2	39	Nothing	envir	6638277	140000	1			140000		other	0
sub-14_2	39	Pulse	255	6643068	144790	0
sub-14_2	39	Pulse	255	6663068	164791	0
sub-14_2	40	Pulse	255	6683068	14237	0
sub-14_2	40	Sound	start_sound	6698832	30000	2			30000		other	0
sub-14_2	40	Pulse	255	6703068	34237	0
sub-14_2	40	Nothing	suomi	6713832	45000	1			45000		other	0
sub-14_2	40	Nothing	suomi	6718832	50000	1			50000		other	0
sub-14_2	40	Pulse	255	6723068	54236	0
sub-14_2	40	Nothing	suomi	6723832	55000	1			55000		other	0
sub-14_2	40	Nothing	suomi	6728832	60000	1			60000		other	0
sub-14_2	40	Nothing	suomi	6733832	65000	1			65000		other	0
sub-14_2	40	Nothing	suomi	6738832	70000	1			70000		other	0
sub-14_2	40	Pulse	255	6743069	74237	0
sub-14_2	40	Nothing	suomi	6743832	75000	1			75000		other	0
sub-14_2	40	Nothing	suomi	6748832	80000	1			80000		other	0
sub-14_2	40	Nothing	suomi	6753832	85000	1			85000		other	0
sub-14_2	40	Nothing	suomi	6758832	90000	1			90000		other	0
sub-14_2	40	Pulse	255	6763069	94237	0
sub-14_2	40	Nothing	suomi	6763832	95000	1			95000		other	0
sub-14_2	40	Nothing	suomi	6768832	100000	1			100000		other	0
sub-14_2	40	Nothing	suomi	6773832	105000	1			105000		other	0
sub-14_2	40	Nothing	suomi	6778832	110000	1			110000		other	0
sub-14_2	40	Pulse	255	6783069	114237	0
sub-14_2	40	Nothing	suomi	6783832	115000	1			115000		other	0
sub-14_2	40	Nothing	suomi	6788832	120000	1			120000		other	0
sub-14_2	40	Nothing	suomi	6793832	125000	1			125000		other	0
sub-14_2	40	Nothing	suomi	6798832	130000	1			130000		other	0
sub-14_2	40	Pulse	255	6803069	134237	0
sub-14_2	40	Nothing	suomi	6803832	135000	1			135000		other	0
sub-14_2	40	Nothing	suomi	6808832	140000	1			140000		other	0
sub-14_2	40	Pulse	255	6823068	154236	0
sub-14_2	41	Pulse	255	6843068	3685	0
sub-14_2	41	Pulse	255	6863069	23685	0
sub-14_2	41	Sound	start_sound	6869384	30000	2			30000		other	0
sub-14_2	41	Pulse	255	6883069	43685	0
sub-14_2	41	Nothing	silen	6884384	45000	1			45000		other	0
sub-14_2	41	Nothing	silen	6889384	50000	1			50000		other	0
sub-14_2	41	Nothing	silen	6894384	55000	1			55000		other	0
sub-14_2	41	Nothing	silen	6899384	60000	1			60000		other	0
sub-14_2	41	Pulse	255	6903069	63685	0
sub-14_2	41	Nothing	silen	6904384	65000	1			65000		other	0
sub-14_2	41	Nothing	silen	6909384	70000	1			70000		other	0
sub-14_2	41	Nothing	silen	6914384	75000	1			75000		other	0
sub-14_2	41	Nothing	silen	6919384	80000	1			80000		other	0
sub-14_2	41	Pulse	255	6923069	83685	0
sub-14_2	41	Nothing	silen	6924384	85000	1			85000		other	0
sub-14_2	41	Nothing	silen	6929384	90000	1			90000		other	0
sub-14_2	41	Nothing	silen	6934384	95000	1			95000		other	0
sub-14_2	41	Nothing	silen	6939384	100000	1			100000		other	0
sub-14_2	41	Pulse	255	6943068	103685	0
sub-14_2	41	Nothing	silen	6944384	105000	1			105000		other	0
sub-14_2	41	Nothing	silen	6949384	110000	1			110000		other	0
sub-14_2	41	Nothing	silen	6954384	115000	1			115000		other	0
sub-14_2	41	Nothing	silen	6959384	120000	1			120000		other	0
sub-14_2	41	Pulse	255	6963069	123685	0
sub-14_2	41	Nothing	silen	6964384	125000	1			125000		other	0
sub-14_2	41	Nothing	silen	6969384	130000	1			130000		other	0
sub-14_2	41	Nothing	silen	6974384	135000	1			135000		other	0
sub-14_2	41	Nothing	silen	6979384	140000	1			140000		other	0
sub-14_2	41	Pulse	255	6983069	143685	0
sub-14_2	41	Pulse	255	7003069	163685	0
sub-14_2	42	Pulse	255	7023069	13131	0
sub-14_2	42	Sound	start_sound	7039938	30000	2			30000		other	0
sub-14_2	42	Pulse	255	7043069	33131	0
sub-14_2	42	Nothing	pleur	7054938	45000	1			45000		other	0
sub-14_2	42	Nothing	pleur	7059938	50000	1			50000		other	0
sub-14_2	42	Pulse	255	7063069	53131	0
sub-14_2	42	Nothing	pleur	7064938	55000	1			55000		other	0
sub-14_2	42	Nothing	pleur	7069938	60000	1			60000		other	0
sub-14_2	42	Nothing	pleur	7074938	65000	1			65000		other	0
sub-14_2	42	Nothing	pleur	7079938	70000	1			70000		other	0
sub-14_2	42	Pulse	255	7083069	73131	0
sub-14_2	42	Nothing	pleur	7084938	75000	1			75000		other	0
sub-14_2	42	Nothing	pleur	7089938	80000	1			80000		other	0
sub-14_2	42	Nothing	pleur	7094938	85000	1			85000		other	0
sub-14_2	42	Nothing	pleur	7099938	90000	1			90000		other	0
sub-14_2	42	Pulse	255	7103069	93131	0
sub-14_2	42	Nothing	pleur	7104938	95000	1			95000		other	0
sub-14_2	42	Nothing	pleur	7109938	100000	1			100000		other	0
sub-14_2	42	Nothing	pleur	7114938	105000	1			105000		other	0
sub-14_2	42	Nothing	pleur	7119938	110000	1			110000		other	0
sub-14_2	42	Pulse	255	7123069	113131	0
sub-14_2	42	Nothing	pleur	7124938	115000	1			115000		other	0
sub-14_2	42	Nothing	pleur	7129938	120000	1			120000		other	0
sub-14_2	42	Nothing	pleur	7134938	125000	1			125000		other	0
sub-14_2	42	Nothing	pleur	7139938	130000	1			130000		other	0
sub-14_2	42	Pulse	255	7143069	133131	0
sub-14_2	42	Nothing	pleur	7144938	135000	1			135000		other	0
sub-14_2	42	Nothing	pleur	7149938	140000	1			140000		other	0
sub-14_2	42	Pulse	255	7163069	153131	0
sub-14_2	43	Pulse	255	7183069	2576	0
sub-14_2	43	Pulse	255	7203059	22566	0
sub-14_2	43	Sound	start_sound	7210493	30000	2			30000		other	0
sub-14_2	43	Pulse	255	7223059	42566	0
sub-14_2	43	Nothing	alpha	7225493	45000	1			45000		other	0
sub-14_2	43	Nothing	alpha	7230493	50000	1			50000		other	0
sub-14_2	43	Nothing	alpha	7235493	55000	1			55000		other	0
sub-14_2	43	Nothing	alpha	7240493	60000	1			60000		other	0
sub-14_2	43	Pulse	255	7243059	62566	0
sub-14_2	43	Nothing	alpha	7245493	65000	1			65000		other	0
sub-14_2	43	Nothing	alpha	7250493	70000	1			70000		other	0
sub-14_2	43	Nothing	alpha	7255493	75000	1			75000		other	0
sub-14_2	43	Nothing	alpha	7260493	80000	1			80000		other	0
sub-14_2	43	Pulse	255	7263059	82566	0
sub-14_2	43	Nothing	alpha	7265493	85000	1			85000		other	0
sub-14_2	43	Nothing	alpha	7270493	90000	1			90000		other	0
sub-14_2	43	Nothing	alpha	7275493	95000	1			95000		other	0
sub-14_2	43	Nothing	alpha	7280493	100000	1			100000		other	0
sub-14_2	43	Pulse	255	7283059	102566	0
sub-14_2	43	Nothing	alpha	7285493	105000	1			105000		other	0
sub-14_2	43	Nothing	alpha	7290493	110000	1			110000		other	0
sub-14_2	43	Nothing	alpha	7295493	115000	1			115000		other	0
sub-14_2	43	Nothing	alpha	7300493	120000	1			120000		other	0
sub-14_2	43	Pulse	255	7303059	122566	0
sub-14_2	43	Nothing	alpha	7305493	125000	1			125000		other	0
sub-14_2	43	Nothing	alpha	7310493	130000	1			130000		other	0
sub-14_2	43	Nothing	alpha	7315493	135000	1			135000		other	0
sub-14_2	43	Nothing	alpha	7320493	140000	1			140000		other	0
sub-14_2	43	Pulse	255	7323059	142566	0
sub-14_2	43	Pulse	255	7343059	162566	0
sub-14_2	44	Picture	Bfix	7351113	0	1	60227	1	0	60000	other	0
sub-14_2	44	Pulse	255	7363059	11947	0
sub-14_2	44	Pulse	255	7383060	31947	0
sub-14_2	44	Pulse	255	7403060	51947	0
sub-14_2	45	Picture	Bfix	7411339	0	1	71760	1	0	60000	other	0
sub-14_2	45	Pulse	255	7423060	11720	0
sub-14_2	45	Pulse	255	7443060	31720	0

The following output port codes were not sent because of a conflict on the port.
Port	Code	Time(ms)
1	6	58187.7
