Scenario - loca_audi_bis
Logfile written - 03/26/2019 18:50:10

Subject	Trial	Event Type	Code	Time	TTime	Uncertainty	Duration	Uncertainty	ReqTime	ReqDur	Stim Type	Pair Index

sub-01_2	0	Pulse	255	711805	711805	0
sub-01_2	1	Nothing	cut	712032	0	1			0		other	0
sub-01_2	1	Nothing	cut	717032	5000	1			5000		other	0
sub-01_2	2	Pulse	255	731805	9654	0
sub-01_2	2	Pulse	255	751805	29654	0
sub-01_2	2	Sound	start_sound	752151	30000	20565			30000		other	0
sub-01_2	2	Pulse	255	752151	30000	19657
sub-01_2	2	Nothing	pleur	772716	50565	1			45000		other	0
sub-01_2	2	Nothing	pleur	772716	50565	1			50000		other	0
sub-01_2	2	Nothing	pleur	777151	55000	1			55000		other	0
sub-01_2	2	Nothing	pleur	782151	60000	1			60000		other	0
sub-01_2	2	Nothing	pleur	787151	65000	1			65000		other	0
sub-01_2	2	Pulse	255	791806	69655	0
sub-01_2	2	Nothing	pleur	792151	70000	1			70000		other	0
sub-01_2	2	Nothing	pleur	797151	75000	1			75000		other	0
sub-01_2	2	Nothing	pleur	802151	80000	1			80000		other	0
sub-01_2	2	Nothing	pleur	807151	85000	1			85000		other	0
sub-01_2	2	Pulse	255	811805	89655	0
sub-01_2	2	Nothing	pleur	812151	90000	1			90000		other	0
sub-01_2	2	Nothing	pleur	817151	95000	1			95000		other	0
sub-01_2	2	Nothing	pleur	822151	100000	1			100000		other	0
sub-01_2	2	Nothing	pleur	827151	105000	1			105000		other	0
sub-01_2	2	Pulse	255	831806	109655	0
sub-01_2	2	Nothing	pleur	832151	110000	1			110000		other	0
sub-01_2	2	Nothing	pleur	837151	115000	1			115000		other	0
sub-01_2	2	Nothing	pleur	842151	120000	1			120000		other	0
sub-01_2	2	Nothing	pleur	847151	125000	1			125000		other	0
sub-01_2	2	Pulse	255	851806	129655	0
sub-01_2	2	Nothing	pleur	852151	130000	1			130000		other	0
sub-01_2	2	Nothing	pleur	857151	135000	1			135000		other	0
sub-01_2	2	Nothing	pleur	862151	140000	1			140000		other	0
sub-01_2	2	Pulse	255	871806	149655	0
sub-01_2	2	Pulse	255	891806	169655	0
sub-01_2	3	Pulse	255	911806	19099	0
sub-01_2	3	Sound	start_sound	922707	30000	2			30000		other	0
sub-01_2	3	Pulse	255	931806	39098	0
sub-01_2	3	Nothing	suomi	937707	45000	1			45000		other	0
sub-01_2	3	Nothing	suomi	942707	50000	1			50000		other	0
sub-01_2	3	Nothing	suomi	947707	55000	1			55000		other	0
sub-01_2	3	Pulse	255	951806	59099	0
sub-01_2	3	Nothing	suomi	952707	60000	1			60000		other	0
sub-01_2	3	Nothing	suomi	957707	65000	1			65000		other	0
sub-01_2	3	Nothing	suomi	962707	70000	1			70000		other	0
sub-01_2	3	Nothing	suomi	967707	75000	1			75000		other	0
sub-01_2	3	Pulse	255	971806	79099	0
sub-01_2	3	Nothing	suomi	972707	80000	1			80000		other	0
sub-01_2	3	Nothing	suomi	977707	85000	1			85000		other	0
sub-01_2	3	Nothing	suomi	982707	90000	1			90000		other	0
sub-01_2	3	Nothing	suomi	987707	95000	1			95000		other	0
sub-01_2	3	Pulse	255	991806	99099	0
sub-01_2	3	Nothing	suomi	992707	100000	1			100000		other	0
sub-01_2	3	Nothing	suomi	997707	105000	1			105000		other	0
sub-01_2	3	Nothing	suomi	1002707	110000	1			110000		other	0
sub-01_2	3	Nothing	suomi	1007707	115000	1			115000		other	0
sub-01_2	3	Pulse	255	1011807	119099	0
sub-01_2	3	Nothing	suomi	1012707	120000	1			120000		other	0
sub-01_2	3	Nothing	suomi	1017707	125000	1			125000		other	0
sub-01_2	3	Nothing	suomi	1022707	130000	1			130000		other	0
sub-01_2	3	Nothing	suomi	1027707	135000	1			135000		other	0
sub-01_2	3	Pulse	255	1031806	139099	0
sub-01_2	3	Nothing	suomi	1032707	140000	1			140000		other	0
sub-01_2	3	Pulse	255	1051807	159099	0
sub-01_2	4	Pulse	255	1071806	8536	0
sub-01_2	4	Pulse	255	1091807	28537	0
sub-01_2	4	Sound	start_sound	1093270	30000	2			30000		other	0
sub-01_2	4	Nothing	yawny	1108270	45000	1			45000		other	0
sub-01_2	4	Pulse	255	1111807	48537	0
sub-01_2	4	Nothing	yawny	1113270	50000	1			50000		other	0
sub-01_2	4	Nothing	yawny	1118270	55000	1			55000		other	0
sub-01_2	4	Nothing	yawny	1123270	60000	1			60000		other	0
sub-01_2	4	Nothing	yawny	1128270	65000	1			65000		other	0
sub-01_2	4	Pulse	255	1131807	68537	0
sub-01_2	4	Nothing	yawny	1133270	70000	1			70000		other	0
sub-01_2	4	Nothing	yawny	1138270	75000	1			75000		other	0
sub-01_2	4	Nothing	yawny	1143270	80000	1			80000		other	0
sub-01_2	4	Nothing	yawny	1148270	85000	1			85000		other	0
sub-01_2	4	Pulse	255	1151807	88537	0
sub-01_2	4	Nothing	yawny	1153270	90000	1			90000		other	0
sub-01_2	4	Nothing	yawny	1158270	95000	1			95000		other	0
sub-01_2	4	Nothing	yawny	1163270	100000	1			100000		other	0
sub-01_2	4	Nothing	yawny	1168270	105000	1			105000		other	0
sub-01_2	4	Pulse	255	1171807	108537	0
sub-01_2	4	Nothing	yawny	1173270	110000	1			110000		other	0
sub-01_2	4	Nothing	yawny	1178270	115000	1			115000		other	0
sub-01_2	4	Nothing	yawny	1183270	120000	1			120000		other	0
sub-01_2	4	Nothing	yawny	1188270	125000	1			125000		other	0
sub-01_2	4	Pulse	255	1191807	128537	0
sub-01_2	4	Nothing	yawny	1193270	130000	1			130000		other	0
sub-01_2	4	Nothing	yawny	1198270	135000	1			135000		other	0
sub-01_2	4	Nothing	yawny	1203270	140000	1			140000		other	0
sub-01_2	4	Pulse	255	1211807	148537	0
sub-01_2	4	Pulse	255	1231807	168537	0
sub-01_2	5	Pulse	255	1251807	17982	0
sub-01_2	5	Sound	start_sound	1263825	30000	2			30000		other	0
sub-01_2	5	Pulse	255	1271808	37983	0
sub-01_2	5	Nothing	human	1278825	45000	1			45000		other	0
sub-01_2	5	Nothing	human	1283825	50000	1			50000		other	0
sub-01_2	5	Nothing	human	1288825	55000	1			55000		other	0
sub-01_2	5	Pulse	255	1291807	57983	0
sub-01_2	5	Nothing	human	1293825	60000	1			60000		other	0
sub-01_2	5	Nothing	human	1298825	65000	1			65000		other	0
sub-01_2	5	Nothing	human	1303825	70000	1			70000		other	0
sub-01_2	5	Nothing	human	1308825	75000	1			75000		other	0
sub-01_2	5	Pulse	255	1311808	77983	0
sub-01_2	5	Nothing	human	1313825	80000	1			80000		other	0
sub-01_2	5	Nothing	human	1318825	85000	1			85000		other	0
sub-01_2	5	Nothing	human	1323825	90000	1			90000		other	0
sub-01_2	5	Nothing	human	1328825	95000	1			95000		other	0
sub-01_2	5	Pulse	255	1331808	97983	0
sub-01_2	5	Nothing	human	1333825	100000	1			100000		other	0
sub-01_2	5	Nothing	human	1338825	105000	1			105000		other	0
sub-01_2	5	Nothing	human	1343825	110000	1			110000		other	0
sub-01_2	5	Nothing	human	1348825	115000	1			115000		other	0
sub-01_2	5	Pulse	255	1351808	117983	0
sub-01_2	5	Nothing	human	1353825	120000	1			120000		other	0
sub-01_2	5	Nothing	human	1358825	125000	1			125000		other	0
sub-01_2	5	Nothing	human	1363825	130000	1			130000		other	0
sub-01_2	5	Nothing	human	1368825	135000	1			135000		other	0
sub-01_2	5	Pulse	255	1371808	137983	0
sub-01_2	5	Nothing	human	1373825	140000	1			140000		other	0
sub-01_2	5	Pulse	255	1391808	157983	0
sub-01_2	6	Pulse	255	1411808	7428	0
sub-01_2	6	Pulse	255	1431808	27428	0
sub-01_2	6	Sound	start_sound	1434380	30000	2			30000		other	0
sub-01_2	6	Nothing	silen	1449380	45000	1			45000		other	0
sub-01_2	6	Pulse	255	1451808	47428	0
sub-01_2	6	Nothing	silen	1454380	50000	1			50000		other	0
sub-01_2	6	Nothing	silen	1459380	55000	1			55000		other	0
sub-01_2	6	Nothing	silen	1464380	60000	1			60000		other	0
sub-01_2	6	Nothing	silen	1469380	65000	1			65000		other	0
sub-01_2	6	Pulse	255	1471808	67428	0
sub-01_2	6	Nothing	silen	1474380	70000	1			70000		other	0
sub-01_2	6	Nothing	silen	1479380	75000	1			75000		other	0
sub-01_2	6	Nothing	silen	1484380	80000	1			80000		other	0
sub-01_2	6	Nothing	silen	1489380	85000	1			85000		other	0
sub-01_2	6	Pulse	255	1491808	87428	0
sub-01_2	6	Nothing	silen	1494380	90000	1			90000		other	0
sub-01_2	6	Nothing	silen	1499380	95000	1			95000		other	0
sub-01_2	6	Nothing	silen	1504380	100000	1			100000		other	0
sub-01_2	6	Nothing	silen	1509380	105000	1			105000		other	0
sub-01_2	6	Pulse	255	1511808	107428	0
sub-01_2	6	Nothing	silen	1514380	110000	1			110000		other	0
sub-01_2	6	Nothing	silen	1519380	115000	1			115000		other	0
sub-01_2	6	Nothing	silen	1524380	120000	1			120000		other	0
sub-01_2	6	Nothing	silen	1529380	125000	1			125000		other	0
sub-01_2	6	Pulse	255	1531809	127429	0
sub-01_2	6	Nothing	silen	1534380	130000	1			130000		other	0
sub-01_2	6	Nothing	silen	1539380	135000	1			135000		other	0
sub-01_2	6	Nothing	silen	1544380	140000	1			140000		other	0
sub-01_2	6	Pulse	255	1551809	147429	0
sub-01_2	6	Pulse	255	1571809	167429	0
sub-01_2	7	Pulse	255	1591809	17018	0
sub-01_2	7	Sound	start_sound	1604791	30000	2			30000		other	0
sub-01_2	7	Pulse	255	1611809	37018	0
sub-01_2	7	Nothing	music	1619791	45000	1			45000		other	0
sub-01_2	7	Nothing	music	1624791	50000	1			50000		other	0
sub-01_2	7	Nothing	music	1629791	55000	1			55000		other	0
sub-01_2	7	Pulse	255	1631799	57008	0
sub-01_2	7	Nothing	music	1634791	60000	1			60000		other	0
sub-01_2	7	Nothing	music	1639791	65000	1			65000		other	0
sub-01_2	7	Nothing	music	1644791	70000	1			70000		other	0
sub-01_2	7	Nothing	music	1649791	75000	1			75000		other	0
sub-01_2	7	Pulse	255	1651799	77008	0
sub-01_2	7	Nothing	music	1654791	80000	1			80000		other	0
sub-01_2	7	Nothing	music	1659791	85000	1			85000		other	0
sub-01_2	7	Nothing	music	1664791	90000	1			90000		other	0
sub-01_2	7	Nothing	music	1669791	95000	1			95000		other	0
sub-01_2	7	Pulse	255	1671799	97008	0
sub-01_2	7	Nothing	music	1674791	100000	1			100000		other	0
sub-01_2	7	Nothing	music	1679791	105000	1			105000		other	0
sub-01_2	7	Nothing	music	1684791	110000	1			110000		other	0
sub-01_2	7	Nothing	music	1689791	115000	1			115000		other	0
sub-01_2	7	Pulse	255	1691799	117008	0
sub-01_2	7	Nothing	music	1694791	120000	1			120000		other	0
sub-01_2	7	Nothing	music	1699791	125000	1			125000		other	0
sub-01_2	7	Nothing	music	1704791	130000	1			130000		other	0
sub-01_2	7	Nothing	music	1709791	135000	1			135000		other	0
sub-01_2	7	Pulse	255	1711800	137009	0
sub-01_2	7	Nothing	music	1714791	140000	1			140000		other	0
sub-01_2	7	Pulse	255	1731800	157009	0
sub-01_2	8	Pulse	255	1751800	6453	0
sub-01_2	8	Pulse	255	1771800	26453	0
sub-01_2	8	Sound	start_sound	1775346	30000	2			30000		other	0
sub-01_2	8	Nothing	rever	1790346	45000	1			45000		other	0
sub-01_2	8	Pulse	255	1791800	46453	0
sub-01_2	8	Nothing	rever	1795346	50000	1			50000		other	0
sub-01_2	8	Nothing	rever	1800346	55000	1			55000		other	0
sub-01_2	8	Nothing	rever	1805346	60000	1			60000		other	0
sub-01_2	8	Nothing	rever	1810346	65000	1			65000		other	0
sub-01_2	8	Pulse	255	1811800	66453	0
sub-01_2	8	Nothing	rever	1815346	70000	1			70000		other	0
sub-01_2	8	Nothing	rever	1820346	75000	1			75000		other	0
sub-01_2	8	Nothing	rever	1825346	80000	1			80000		other	0
sub-01_2	8	Nothing	rever	1830346	85000	1			85000		other	0
sub-01_2	8	Pulse	255	1831800	86454	0
sub-01_2	8	Nothing	rever	1835346	90000	1			90000		other	0
sub-01_2	8	Nothing	rever	1840346	95000	1			95000		other	0
sub-01_2	8	Nothing	rever	1845346	100000	1			100000		other	0
sub-01_2	8	Nothing	rever	1850346	105000	1			105000		other	0
sub-01_2	8	Pulse	255	1851800	106454	0
sub-01_2	8	Nothing	rever	1855346	110000	1			110000		other	0
sub-01_2	8	Nothing	rever	1860346	115000	1			115000		other	0
sub-01_2	8	Nothing	rever	1865346	120000	1			120000		other	0
sub-01_2	8	Nothing	rever	1870346	125000	1			125000		other	0
sub-01_2	8	Pulse	255	1871800	126454	0
sub-01_2	8	Nothing	rever	1875346	130000	1			130000		other	0
sub-01_2	8	Nothing	rever	1880346	135000	1			135000		other	0
sub-01_2	8	Nothing	rever	1885346	140000	1			140000		other	0
sub-01_2	8	Pulse	255	1891800	146454	0
sub-01_2	8	Pulse	255	1911800	166454	0
sub-01_2	9	Pulse	255	1931800	15899	0
sub-01_2	9	Sound	start_sound	1945902	30000	2			30000		other	0
sub-01_2	9	Pulse	255	1951801	35899	0
sub-01_2	9	Nothing	parol	1955902	40000	1			40000		other	0
sub-01_2	9	Nothing	parol	1960902	45000	1			45000		other	0
sub-01_2	9	Nothing	parol	1965902	50000	1			50000		other	0
sub-01_2	9	Nothing	parol	1970902	55000	1			55000		other	0
sub-01_2	9	Pulse	255	1971800	55899	0
sub-01_2	9	Nothing	parol	1975902	60000	1			60000		other	0
sub-01_2	9	Nothing	parol	1980902	65000	1			65000		other	0
sub-01_2	9	Nothing	parol	1985902	70000	1			70000		other	0
sub-01_2	9	Nothing	parol	1990902	75000	1			75000		other	0
sub-01_2	9	Pulse	255	1991801	75899	0
sub-01_2	9	Nothing	parol	1995902	80000	1			80000		other	0
sub-01_2	9	Nothing	parol	2000902	85000	1			85000		other	0
sub-01_2	9	Nothing	parol	2005902	90000	1			90000		other	0
sub-01_2	9	Nothing	parol	2010902	95000	1			95000		other	0
sub-01_2	9	Pulse	255	2011801	95899	0
sub-01_2	9	Nothing	parol	2015902	100000	1			100000		other	0
sub-01_2	9	Nothing	parol	2020902	105000	1			105000		other	0
sub-01_2	9	Nothing	parol	2025902	110000	1			110000		other	0
sub-01_2	9	Nothing	parol	2030902	115000	1			115000		other	0
sub-01_2	9	Pulse	255	2031801	115899	0
sub-01_2	9	Nothing	parol	2035902	120000	1			120000		other	0
sub-01_2	9	Nothing	parol	2040902	125000	1			125000		other	0
sub-01_2	9	Nothing	parol	2045902	130000	1			130000		other	0
sub-01_2	9	Nothing	parol	2050902	135000	1			135000		other	0
sub-01_2	9	Pulse	255	2051801	135899	0
sub-01_2	9	Pulse	255	2071801	155899	0
sub-01_2	10	Pulse	255	2091801	10344	0
sub-01_2	10	Sound	start_sound	2111456	30000	2			30000		other	0
sub-01_2	10	Pulse	255	2111801	30345	0
sub-01_2	10	Nothing	alpha	2126456	45000	1			45000		other	0
sub-01_2	10	Nothing	alpha	2131456	50000	1			50000		other	0
sub-01_2	10	Pulse	255	2131801	50345	0
sub-01_2	10	Nothing	alpha	2136456	55000	1			55000		other	0
sub-01_2	10	Nothing	alpha	2141456	60000	1			60000		other	0
sub-01_2	10	Nothing	alpha	2146456	65000	1			65000		other	0
sub-01_2	10	Nothing	alpha	2151456	70000	1			70000		other	0
sub-01_2	10	Pulse	255	2151801	70345	0
sub-01_2	10	Nothing	alpha	2156456	75000	1			75000		other	0
sub-01_2	10	Nothing	alpha	2161456	80000	1			80000		other	0
sub-01_2	10	Nothing	alpha	2166456	85000	1			85000		other	0
sub-01_2	10	Nothing	alpha	2171456	90000	1			90000		other	0
sub-01_2	10	Pulse	255	2171801	90345	0
sub-01_2	10	Nothing	alpha	2176456	95000	1			95000		other	0
sub-01_2	10	Nothing	alpha	2181456	100000	1			100000		other	0
sub-01_2	10	Nothing	alpha	2186456	105000	1			105000		other	0
sub-01_2	10	Nothing	alpha	2191456	110000	1			110000		other	0
sub-01_2	10	Pulse	255	2191801	110345	0
sub-01_2	10	Nothing	alpha	2196456	115000	1			115000		other	0
sub-01_2	10	Nothing	alpha	2201456	120000	1			120000		other	0
sub-01_2	10	Nothing	alpha	2206456	125000	1			125000		other	0
sub-01_2	10	Nothing	alpha	2211456	130000	1			130000		other	0
sub-01_2	10	Pulse	255	2211801	130345	0
sub-01_2	10	Nothing	alpha	2216456	135000	1			135000		other	0
sub-01_2	10	Nothing	alpha	2221456	140000	1			140000		other	0
sub-01_2	10	Pulse	255	2231801	150345	0
sub-01_2	10	Pulse	255	2251802	170345	0
sub-01_2	11	Pulse	255	2271802	19785	0
sub-01_2	11	Sound	start_sound	2282017	30000	2			30000		other	0
sub-01_2	11	Pulse	255	2291802	39785	0
sub-01_2	11	Nothing	human	2297017	45000	1			45000		other	0
sub-01_2	11	Nothing	human	2302017	50000	1			50000		other	0
sub-01_2	11	Nothing	human	2307017	55000	1			55000		other	0
sub-01_2	11	Pulse	255	2311802	59785	0
sub-01_2	11	Nothing	human	2312017	60000	1			60000		other	0
sub-01_2	11	Nothing	human	2317017	65000	1			65000		other	0
sub-01_2	11	Nothing	human	2322017	70000	1			70000		other	0
sub-01_2	11	Nothing	human	2327017	75000	1			75000		other	0
sub-01_2	11	Pulse	255	2331802	79785	0
sub-01_2	11	Nothing	human	2332017	80000	1			80000		other	0
sub-01_2	11	Nothing	human	2337017	85000	1			85000		other	0
sub-01_2	11	Nothing	human	2342017	90000	1			90000		other	0
sub-01_2	11	Nothing	human	2347017	95000	1			95000		other	0
sub-01_2	11	Pulse	255	2351802	99785	0
sub-01_2	11	Nothing	human	2352017	100000	1			100000		other	0
sub-01_2	11	Nothing	human	2357017	105000	1			105000		other	0
sub-01_2	11	Nothing	human	2362017	110000	1			110000		other	0
sub-01_2	11	Nothing	human	2367017	115000	1			115000		other	0
sub-01_2	11	Pulse	255	2371802	119785	0
sub-01_2	11	Nothing	human	2372017	120000	1			120000		other	0
sub-01_2	11	Nothing	human	2377017	125000	1			125000		other	0
sub-01_2	11	Nothing	human	2382017	130000	1			130000		other	0
sub-01_2	11	Nothing	human	2387017	135000	1			135000		other	0
sub-01_2	11	Pulse	255	2391802	139785	0
sub-01_2	11	Nothing	human	2392017	140000	1			140000		other	0
sub-01_2	11	Pulse	255	2411802	159785	0
sub-01_2	12	Picture	Bfix	2422637	0	1	60326	1	0	60000	other	0
sub-01_2	12	Pulse	255	2431802	9165	0
sub-01_2	12	Pulse	255	2451802	29166	0
sub-01_2	12	Pulse	255	2471803	49166	0
sub-01_2	13	Pulse	255	2491803	9067	0
sub-01_2	13	Pulse	255	2511803	29067	0
sub-01_2	13	Sound	start_sound	2512736	30000	2			30000		other	0
sub-01_2	13	Nothing	pleur	2527736	45000	1			45000		other	0
sub-01_2	13	Pulse	255	2531803	49067	0
sub-01_2	13	Nothing	pleur	2532736	50000	1			50000		other	0
sub-01_2	13	Nothing	pleur	2537736	55000	1			55000		other	0
sub-01_2	13	Nothing	pleur	2542736	60000	1			60000		other	0
sub-01_2	13	Nothing	pleur	2547736	65000	1			65000		other	0
sub-01_2	13	Pulse	255	2551803	69066	0
sub-01_2	13	Nothing	pleur	2552736	70000	1			70000		other	0
sub-01_2	13	Nothing	pleur	2557736	75000	1			75000		other	0
sub-01_2	13	Nothing	pleur	2562736	80000	1			80000		other	0
sub-01_2	13	Nothing	pleur	2567736	85000	1			85000		other	0
sub-01_2	13	Pulse	255	2571803	89067	0
sub-01_2	13	Nothing	pleur	2572736	90000	1			90000		other	0
sub-01_2	13	Nothing	pleur	2577736	95000	1			95000		other	0
sub-01_2	13	Nothing	pleur	2582736	100000	1			100000		other	0
sub-01_2	13	Nothing	pleur	2587736	105000	1			105000		other	0
sub-01_2	13	Pulse	255	2591803	109067	0
sub-01_2	13	Nothing	pleur	2592736	110000	1			110000		other	0
sub-01_2	13	Nothing	pleur	2597736	115000	1			115000		other	0
sub-01_2	13	Nothing	pleur	2602739	120003	1			120000		other	0
sub-01_2	13	Nothing	pleur	2607736	125000	1			125000		other	0
sub-01_2	13	Pulse	255	2611803	129067	0
sub-01_2	13	Nothing	pleur	2612736	130000	1			130000		other	0
sub-01_2	13	Nothing	pleur	2617736	135000	1			135000		other	0
sub-01_2	13	Nothing	pleur	2622736	140000	1			140000		other	0
sub-01_2	13	Pulse	255	2631803	149067	0
sub-01_2	13	Pulse	255	2651803	169067	0
sub-01_2	14	Pulse	255	2671804	18507	0
sub-01_2	14	Sound	start_sound	2683297	30000	2			30000		other	0
sub-01_2	14	Pulse	255	2691803	38506	0
sub-01_2	14	Nothing	cough	2698297	45000	1			45000		other	0
sub-01_2	14	Nothing	cough	2703297	50000	1			50000		other	0
sub-01_2	14	Nothing	cough	2708297	55000	1			55000		other	0
sub-01_2	14	Pulse	255	2711804	58506	0
sub-01_2	14	Nothing	cough	2713297	60000	1			60000		other	0
sub-01_2	14	Nothing	cough	2718297	65000	1			65000		other	0
sub-01_2	14	Nothing	cough	2723297	70000	1			70000		other	0
sub-01_2	14	Nothing	cough	2728297	75000	1			75000		other	0
sub-01_2	14	Pulse	255	2731804	78507	0
sub-01_2	14	Nothing	cough	2733297	80000	1			80000		other	0
sub-01_2	14	Nothing	cough	2738297	85000	1			85000		other	0
sub-01_2	14	Nothing	cough	2743297	90000	1			90000		other	0
sub-01_2	14	Nothing	cough	2748297	95000	1			95000		other	0
sub-01_2	14	Pulse	255	2751804	98507	0
sub-01_2	14	Nothing	cough	2753297	100000	1			100000		other	0
sub-01_2	14	Nothing	cough	2758297	105000	1			105000		other	0
sub-01_2	14	Nothing	cough	2763297	110000	1			110000		other	0
sub-01_2	14	Nothing	cough	2768297	115000	1			115000		other	0
sub-01_2	14	Pulse	255	2771804	118507	0
sub-01_2	14	Nothing	cough	2773297	120000	1			120000		other	0
sub-01_2	14	Nothing	cough	2778297	125000	1			125000		other	0
sub-01_2	14	Nothing	cough	2783297	130000	1			130000		other	0
sub-01_2	14	Nothing	cough	2788297	135000	1			135000		other	0
sub-01_2	14	Pulse	255	2791804	138507	0
sub-01_2	14	Nothing	cough	2793297	140000	1			140000		other	0
sub-01_2	14	Pulse	255	2811804	158507	0
sub-01_2	15	Pulse	255	2831804	7952	0
sub-01_2	15	Pulse	255	2851804	27952	0
sub-01_2	15	Sound	start_sound	2853852	30000	2			30000		other	0
sub-01_2	15	Nothing	suomi	2868852	45000	1			45000		other	0
sub-01_2	15	Pulse	255	2871804	47952	0
sub-01_2	15	Nothing	suomi	2873852	50000	1			50000		other	0
sub-01_2	15	Nothing	suomi	2878852	55000	1			55000		other	0
sub-01_2	15	Nothing	suomi	2883852	60000	1			60000		other	0
sub-01_2	15	Nothing	suomi	2888852	65000	1			65000		other	0
sub-01_2	15	Pulse	255	2891805	67952	0
sub-01_2	15	Nothing	suomi	2893852	70000	1			70000		other	0
sub-01_2	15	Nothing	suomi	2898852	75000	1			75000		other	0
sub-01_2	15	Nothing	suomi	2903852	80000	1			80000		other	0
sub-01_2	15	Nothing	suomi	2908852	85000	1			85000		other	0
sub-01_2	15	Pulse	255	2911804	87952	0
sub-01_2	15	Nothing	suomi	2913852	90000	1			90000		other	0
sub-01_2	15	Nothing	suomi	2918852	95000	1			95000		other	0
sub-01_2	15	Nothing	suomi	2923852	100000	1			100000		other	0
sub-01_2	15	Nothing	suomi	2928852	105000	1			105000		other	0
sub-01_2	15	Pulse	255	2931805	107952	0
sub-01_2	15	Nothing	suomi	2933852	110000	1			110000		other	0
sub-01_2	15	Nothing	suomi	2938852	115000	1			115000		other	0
sub-01_2	15	Nothing	suomi	2943852	120000	1			120000		other	0
sub-01_2	15	Nothing	suomi	2948852	125000	1			125000		other	0
sub-01_2	15	Pulse	255	2951805	127952	0
sub-01_2	15	Nothing	suomi	2953852	130000	1			130000		other	0
sub-01_2	15	Nothing	suomi	2958852	135000	1			135000		other	0
sub-01_2	15	Nothing	suomi	2963852	140000	1			140000		other	0
sub-01_2	15	Pulse	255	2971805	147952	0
sub-01_2	15	Pulse	255	2991805	167952	0
sub-01_2	16	Pulse	255	3011805	17397	0
sub-01_2	16	Sound	start_sound	3024408	30000	2			30000		other	0
sub-01_2	16	Pulse	255	3031805	37397	0
sub-01_2	16	Nothing	silen	3039408	45000	1			45000		other	0
sub-01_2	16	Nothing	silen	3044408	50000	1			50000		other	0
sub-01_2	16	Nothing	silen	3049408	55000	1			55000		other	0
sub-01_2	16	Pulse	255	3051805	57397	0
sub-01_2	16	Nothing	silen	3054408	60000	1			60000		other	0
sub-01_2	16	Nothing	silen	3059408	65000	1			65000		other	0
sub-01_2	16	Nothing	silen	3064408	70000	1			70000		other	0
sub-01_2	16	Nothing	silen	3069408	75000	1			75000		other	0
sub-01_2	16	Pulse	255	3071805	77398	0
sub-01_2	16	Nothing	silen	3074408	80000	1			80000		other	0
sub-01_2	16	Nothing	silen	3079408	85000	1			85000		other	0
sub-01_2	16	Nothing	silen	3084408	90000	1			90000		other	0
sub-01_2	16	Nothing	silen	3089408	95000	1			95000		other	0
sub-01_2	16	Pulse	255	3091805	97398	0
sub-01_2	16	Nothing	silen	3094408	100000	1			100000		other	0
sub-01_2	16	Nothing	silen	3099408	105000	1			105000		other	0
sub-01_2	16	Nothing	silen	3104408	110000	1			110000		other	0
sub-01_2	16	Nothing	silen	3109408	115000	1			115000		other	0
sub-01_2	16	Pulse	255	3111805	117398	0
sub-01_2	16	Nothing	silen	3114408	120000	1			120000		other	0
sub-01_2	16	Nothing	silen	3119408	125000	1			125000		other	0
sub-01_2	16	Nothing	silen	3124408	130000	1			130000		other	0
sub-01_2	16	Nothing	silen	3129408	135000	1			135000		other	0
sub-01_2	16	Pulse	255	3131805	137398	0
sub-01_2	16	Nothing	silen	3134408	140000	1			140000		other	0
sub-01_2	16	Pulse	255	3151805	157398	0
sub-01_2	17	Pulse	255	3171795	6833	0
sub-01_2	17	Pulse	255	3191796	26833	0
sub-01_2	17	Sound	start_sound	3194963	30000	2			30000		other	0
sub-01_2	17	Nothing	human	3209963	45000	1			45000		other	0
sub-01_2	17	Pulse	255	3211796	46833	0
sub-01_2	17	Nothing	human	3214963	50000	1			50000		other	0
sub-01_2	17	Nothing	human	3219963	55000	1			55000		other	0
sub-01_2	17	Nothing	human	3224963	60000	1			60000		other	0
sub-01_2	17	Nothing	human	3229963	65000	1			65000		other	0
sub-01_2	17	Pulse	255	3231796	66833	0
sub-01_2	17	Nothing	human	3234963	70000	1			70000		other	0
sub-01_2	17	Nothing	human	3239963	75000	1			75000		other	0
sub-01_2	17	Nothing	human	3244963	80000	1			80000		other	0
sub-01_2	17	Nothing	human	3249963	85000	1			85000		other	0
sub-01_2	17	Pulse	255	3251796	86833	0
sub-01_2	17	Nothing	human	3254963	90000	1			90000		other	0
sub-01_2	17	Nothing	human	3259963	95000	1			95000		other	0
sub-01_2	17	Nothing	human	3264963	100000	1			100000		other	0
sub-01_2	17	Nothing	human	3269963	105000	1			105000		other	0
sub-01_2	17	Pulse	255	3271796	106834	0
sub-01_2	17	Nothing	human	3274963	110000	1			110000		other	0
sub-01_2	17	Nothing	human	3279963	115000	1			115000		other	0
sub-01_2	17	Nothing	human	3284963	120000	1			120000		other	0
sub-01_2	17	Nothing	human	3289963	125000	1			125000		other	0
sub-01_2	17	Pulse	255	3291796	126833	0
sub-01_2	17	Nothing	human	3294963	130000	1			130000		other	0
sub-01_2	17	Nothing	human	3299963	135000	1			135000		other	0
sub-01_2	17	Nothing	human	3304963	140000	1			140000		other	0
sub-01_2	17	Pulse	255	3311796	146833	0
sub-01_2	17	Pulse	255	3331797	166834	0
sub-01_2	18	Pulse	255	3351796	16278	0
sub-01_2	18	Sound	start_sound	3365518	30000	2			30000		other	0
sub-01_2	18	Pulse	255	3371796	36278	0
sub-01_2	18	Nothing	music	3380518	45000	1			45000		other	0
sub-01_2	18	Nothing	music	3385518	50000	1			50000		other	0
sub-01_2	18	Nothing	music	3390518	55000	1			55000		other	0
sub-01_2	18	Pulse	255	3391796	56278	0
sub-01_2	18	Nothing	music	3395518	60000	1			60000		other	0
sub-01_2	18	Nothing	music	3400518	65000	1			65000		other	0
sub-01_2	18	Nothing	music	3405518	70000	1			70000		other	0
sub-01_2	18	Nothing	music	3410518	75000	1			75000		other	0
sub-01_2	18	Pulse	255	3411797	76279	0
sub-01_2	18	Nothing	music	3415518	80000	1			80000		other	0
sub-01_2	18	Nothing	music	3420518	85000	1			85000		other	0
sub-01_2	18	Nothing	music	3425518	90000	1			90000		other	0
sub-01_2	18	Nothing	music	3430518	95000	1			95000		other	0
sub-01_2	18	Pulse	255	3431797	96279	0
sub-01_2	18	Nothing	music	3435518	100000	1			100000		other	0
sub-01_2	18	Nothing	music	3440518	105000	1			105000		other	0
sub-01_2	18	Nothing	music	3445518	110000	1			110000		other	0
sub-01_2	18	Nothing	music	3450518	115000	1			115000		other	0
sub-01_2	18	Pulse	255	3451797	116278	0
sub-01_2	18	Nothing	music	3455518	120000	1			120000		other	0
sub-01_2	18	Nothing	music	3460518	125000	1			125000		other	0
sub-01_2	18	Nothing	music	3465518	130000	1			130000		other	0
sub-01_2	18	Nothing	music	3470518	135000	1			135000		other	0
sub-01_2	18	Pulse	255	3471797	136279	0
sub-01_2	18	Nothing	music	3475518	140000	1			140000		other	0
sub-01_2	18	Pulse	255	3491797	156279	0
sub-01_2	19	Pulse	255	3511797	5724	0
sub-01_2	19	Pulse	255	3531797	25724	0
sub-01_2	19	Sound	start_sound	3536073	30000	2			30000		other	0
sub-01_2	19	Nothing	animo	3551073	45000	1			45000		other	0
sub-01_2	19	Pulse	255	3551797	45724	0
sub-01_2	19	Nothing	animo	3556073	50000	1			50000		other	0
sub-01_2	19	Nothing	animo	3561073	55000	1			55000		other	0
sub-01_2	19	Nothing	animo	3566073	60000	1			60000		other	0
sub-01_2	19	Nothing	animo	3571073	65000	1			65000		other	0
sub-01_2	19	Pulse	255	3571797	65724	0
sub-01_2	19	Nothing	animo	3576073	70000	1			70000		other	0
sub-01_2	19	Nothing	animo	3581073	75000	1			75000		other	0
sub-01_2	19	Nothing	animo	3586073	80000	1			80000		other	0
sub-01_2	19	Nothing	animo	3591073	85000	1			85000		other	0
sub-01_2	19	Pulse	255	3591797	85724	0
sub-01_2	19	Nothing	animo	3596073	90000	1			90000		other	0
sub-01_2	19	Nothing	animo	3601073	95000	1			95000		other	0
sub-01_2	19	Nothing	animo	3606073	100000	1			100000		other	0
sub-01_2	19	Nothing	animo	3611073	105000	1			105000		other	0
sub-01_2	19	Pulse	255	3611797	105724	0
sub-01_2	19	Nothing	animo	3616073	110000	1			110000		other	0
sub-01_2	19	Nothing	animo	3621073	115000	1			115000		other	0
sub-01_2	19	Nothing	animo	3626073	120000	1			120000		other	0
sub-01_2	19	Nothing	animo	3631073	125000	1			125000		other	0
sub-01_2	19	Pulse	255	3631797	125725	0
sub-01_2	19	Nothing	animo	3636073	130000	1			130000		other	0
sub-01_2	19	Nothing	animo	3641073	135000	1			135000		other	0
sub-01_2	19	Nothing	animo	3646073	140000	1			140000		other	0
sub-01_2	19	Pulse	255	3651798	145725	0
sub-01_2	19	Pulse	255	3671798	165725	0
sub-01_2	20	Pulse	255	3691798	15169	0
sub-01_2	20	Sound	start_sound	3706628	30000	2			30000		other	0
sub-01_2	20	Pulse	255	3711797	35169	0
sub-01_2	20	Nothing	rires	3721628	45000	1			45000		other	0
sub-01_2	20	Nothing	rires	3726628	50000	1			50000		other	0
sub-01_2	20	Nothing	rires	3731628	55000	1			55000		other	0
sub-01_2	20	Pulse	255	3731798	55169	0
sub-01_2	20	Nothing	rires	3736628	60000	1			60000		other	0
sub-01_2	20	Nothing	rires	3741628	65000	1			65000		other	0
sub-01_2	20	Nothing	rires	3746628	70000	1			70000		other	0
sub-01_2	20	Nothing	rires	3751628	75000	1			75000		other	0
sub-01_2	20	Pulse	255	3751798	75169	0
sub-01_2	20	Nothing	rires	3756628	80000	1			80000		other	0
sub-01_2	20	Nothing	rires	3761628	85000	1			85000		other	0
sub-01_2	20	Nothing	rires	3766628	90000	1			90000		other	0
sub-01_2	20	Nothing	rires	3771628	95000	1			95000		other	0
sub-01_2	20	Pulse	255	3771798	95170	0
sub-01_2	20	Nothing	rires	3776628	100000	1			100000		other	0
sub-01_2	20	Nothing	rires	3781628	105000	1			105000		other	0
sub-01_2	20	Nothing	rires	3786628	110000	1			110000		other	0
sub-01_2	20	Nothing	rires	3791628	115000	1			115000		other	0
sub-01_2	20	Pulse	255	3791798	115170	0
sub-01_2	20	Nothing	rires	3796628	120000	1			120000		other	0
sub-01_2	20	Nothing	rires	3801628	125000	1			125000		other	0
sub-01_2	20	Nothing	rires	3806628	130000	1			130000		other	0
sub-01_2	20	Nothing	rires	3811628	135000	1			135000		other	0
sub-01_2	20	Pulse	255	3811798	135170	0
sub-01_2	20	Nothing	rires	3816628	140000	1			140000		other	0
sub-01_2	20	Pulse	255	3831798	155170	0
sub-01_2	21	Pulse	255	3851798	4615	0
sub-01_2	21	Pulse	255	3871798	24615	0
sub-01_2	21	Sound	start_sound	3877183	30000	2			30000		other	0
sub-01_2	21	Pulse	255	3891798	44615	0
sub-01_2	21	Nothing	envir	3892183	45000	1			45000		other	0
sub-01_2	21	Nothing	envir	3897183	50000	1			50000		other	0
sub-01_2	21	Nothing	envir	3902183	55000	1			55000		other	0
sub-01_2	21	Nothing	envir	3907183	60000	1			60000		other	0
sub-01_2	21	Pulse	255	3911798	64615	0
sub-01_2	21	Nothing	envir	3912183	65000	1			65000		other	0
sub-01_2	21	Nothing	envir	3917183	70000	1			70000		other	0
sub-01_2	21	Nothing	envir	3922183	75000	1			75000		other	0
sub-01_2	21	Nothing	envir	3927183	80000	1			80000		other	0
sub-01_2	21	Pulse	255	3931799	84615	0
sub-01_2	21	Nothing	envir	3932183	85000	1			85000		other	0
sub-01_2	21	Nothing	envir	3937183	90000	1			90000		other	0
sub-01_2	21	Nothing	envir	3942183	95000	1			95000		other	0
sub-01_2	21	Nothing	envir	3947183	100000	1			100000		other	0
sub-01_2	21	Pulse	255	3951799	104615	0
sub-01_2	21	Nothing	envir	3952183	105000	1			105000		other	0
sub-01_2	21	Nothing	envir	3957183	110000	1			110000		other	0
sub-01_2	21	Nothing	envir	3962183	115000	1			115000		other	0
sub-01_2	21	Nothing	envir	3967183	120000	1			120000		other	0
sub-01_2	21	Pulse	255	3971799	124616	0
sub-01_2	21	Nothing	envir	3972183	125000	1			125000		other	0
sub-01_2	21	Nothing	envir	3977183	130000	1			130000		other	0
sub-01_2	21	Nothing	envir	3982183	135000	1			135000		other	0
sub-01_2	21	Nothing	envir	3987183	140000	1			140000		other	0
sub-01_2	21	Pulse	255	3991799	144616	0
sub-01_2	21	Pulse	255	4011799	164616	0
sub-01_2	22	Pulse	255	4031799	14063	0
sub-01_2	22	Sound	start_sound	4047737	30000	2			30000		other	0
sub-01_2	22	Pulse	255	4051799	34062	0
sub-01_2	22	Nothing	cough	4062737	45000	1			45000		other	0
sub-01_2	22	Nothing	cough	4067737	50000	1			50000		other	0
sub-01_2	22	Pulse	255	4071799	54063	0
sub-01_2	22	Nothing	cough	4072737	55000	1			55000		other	0
sub-01_2	22	Nothing	cough	4077737	60000	1			60000		other	0
sub-01_2	22	Nothing	cough	4082737	65000	1			65000		other	0
sub-01_2	22	Nothing	cough	4087737	70000	1			70000		other	0
sub-01_2	22	Pulse	255	4091799	74063	0
sub-01_2	22	Nothing	cough	4092737	75000	1			75000		other	0
sub-01_2	22	Nothing	cough	4097737	80000	1			80000		other	0
sub-01_2	22	Nothing	cough	4102737	85000	1			85000		other	0
sub-01_2	22	Nothing	cough	4107737	90000	1			90000		other	0
sub-01_2	22	Pulse	255	4111799	94063	0
sub-01_2	22	Nothing	cough	4112737	95000	1			95000		other	0
sub-01_2	22	Nothing	cough	4117737	100000	1			100000		other	0
sub-01_2	22	Nothing	cough	4122737	105000	1			105000		other	0
sub-01_2	22	Nothing	cough	4127737	110000	1			110000		other	0
sub-01_2	22	Pulse	255	4131799	114063	0
sub-01_2	22	Nothing	cough	4132737	115000	1			115000		other	0
sub-01_2	22	Nothing	cough	4137737	120000	1			120000		other	0
sub-01_2	22	Nothing	cough	4142737	125000	1			125000		other	0
sub-01_2	22	Nothing	cough	4147737	130000	1			130000		other	0
sub-01_2	22	Pulse	255	4151800	134063	0
sub-01_2	22	Nothing	cough	4152737	135000	1			135000		other	0
sub-01_2	22	Nothing	cough	4157737	140000	1			140000		other	0
sub-01_2	22	Pulse	255	4171800	154063	0
sub-01_2	23	Picture	Bfix	4188356	0	1	60226	1	0	60000	other	0
sub-01_2	23	Pulse	255	4191800	3444	0
sub-01_2	23	Pulse	255	4211800	23444	0
sub-01_2	23	Pulse	255	4231800	43444	0
sub-01_2	24	Pulse	255	4251800	3116	0
sub-01_2	24	Pulse	255	4271800	23116	0
sub-01_2	24	Sound	start_sound	4278684	30000	2			30000		other	0
sub-01_2	24	Pulse	255	4291800	43116	0
sub-01_2	24	Nothing	rires	4293684	45000	1			45000		other	0
sub-01_2	24	Nothing	rires	4298684	50000	1			50000		other	0
sub-01_2	24	Nothing	rires	4303684	55000	1			55000		other	0
sub-01_2	24	Nothing	rires	4308684	60000	1			60000		other	0
sub-01_2	24	Pulse	255	4311800	63116	0
sub-01_2	24	Nothing	rires	4313684	65000	1			65000		other	0
sub-01_2	24	Nothing	rires	4318684	70000	1			70000		other	0
sub-01_2	24	Nothing	rires	4323684	75000	1			75000		other	0
sub-01_2	24	Nothing	rires	4328684	80000	1			80000		other	0
sub-01_2	24	Pulse	255	4331801	83116	0
sub-01_2	24	Nothing	rires	4333684	85000	1			85000		other	0
sub-01_2	24	Nothing	rires	4338684	90000	1			90000		other	0
sub-01_2	24	Nothing	rires	4343684	95000	1			95000		other	0
sub-01_2	24	Nothing	rires	4348684	100000	1			100000		other	0
sub-01_2	24	Pulse	255	4351800	103116	0
sub-01_2	24	Nothing	rires	4353684	105000	1			105000		other	0
sub-01_2	24	Nothing	rires	4358684	110000	1			110000		other	0
sub-01_2	24	Nothing	rires	4363684	115000	1			115000		other	0
sub-01_2	24	Nothing	rires	4368684	120000	1			120000		other	0
sub-01_2	24	Pulse	255	4371801	123116	0
sub-01_2	24	Nothing	rires	4373684	125000	1			125000		other	0
sub-01_2	24	Nothing	rires	4378684	130000	1			130000		other	0
sub-01_2	24	Nothing	rires	4383684	135000	1			135000		other	0
sub-01_2	24	Nothing	rires	4388684	140000	1			140000		other	0
sub-01_2	24	Pulse	255	4391801	143117	0
sub-01_2	24	Pulse	255	4411801	163117	0
sub-01_2	25	Pulse	255	4431801	12560	0
sub-01_2	25	Sound	start_sound	4449240	30000	2			30000		other	0
sub-01_2	25	Pulse	255	4451801	32560	0
sub-01_2	25	Nothing	cough	4464240	45000	1			45000		other	0
sub-01_2	25	Nothing	cough	4469240	50000	1			50000		other	0
sub-01_2	25	Pulse	255	4471801	52561	0
sub-01_2	25	Nothing	cough	4474240	55000	1			55000		other	0
sub-01_2	25	Nothing	cough	4479240	60000	1			60000		other	0
sub-01_2	25	Nothing	cough	4484240	65000	1			65000		other	0
sub-01_2	25	Nothing	cough	4489240	70000	1			70000		other	0
sub-01_2	25	Pulse	255	4491801	72561	0
sub-01_2	25	Nothing	cough	4494240	75000	1			75000		other	0
sub-01_2	25	Nothing	cough	4499240	80000	1			80000		other	0
sub-01_2	25	Nothing	cough	4504240	85000	1			85000		other	0
sub-01_2	25	Nothing	cough	4509240	90000	1			90000		other	0
sub-01_2	25	Pulse	255	4511801	92561	0
sub-01_2	25	Nothing	cough	4514240	95000	1			95000		other	0
sub-01_2	25	Nothing	cough	4519240	100000	1			100000		other	0
sub-01_2	25	Nothing	cough	4524240	105000	1			105000		other	0
sub-01_2	25	Nothing	cough	4529240	110000	1			110000		other	0
sub-01_2	25	Pulse	255	4531801	112561	0
sub-01_2	25	Nothing	cough	4534240	115000	1			115000		other	0
sub-01_2	25	Nothing	cough	4539240	120000	1			120000		other	0
sub-01_2	25	Nothing	cough	4544240	125000	1			125000		other	0
sub-01_2	25	Nothing	cough	4549240	130000	1			130000		other	0
sub-01_2	25	Pulse	255	4551802	132561	0
sub-01_2	25	Nothing	cough	4554240	135000	1			135000		other	0
sub-01_2	25	Nothing	cough	4559240	140000	1			140000		other	0
sub-01_2	25	Pulse	255	4571802	152561	0
sub-01_2	26	Pulse	255	4591802	2006	0
sub-01_2	26	Pulse	255	4611802	22006	0
sub-01_2	26	Sound	start_sound	4619796	30000	2			30000		other	0
sub-01_2	26	Pulse	255	4631802	42006	0
sub-01_2	26	Nothing	animo	4634796	45000	1			45000		other	0
sub-01_2	26	Nothing	animo	4639796	50000	1			50000		other	0
sub-01_2	26	Nothing	animo	4644796	55000	1			55000		other	0
sub-01_2	26	Nothing	animo	4649796	60000	1			60000		other	0
sub-01_2	26	Pulse	255	4651802	62006	0
sub-01_2	26	Nothing	animo	4654796	65000	1			65000		other	0
sub-01_2	26	Nothing	animo	4659796	70000	1			70000		other	0
sub-01_2	26	Nothing	animo	4664796	75000	1			75000		other	0
sub-01_2	26	Nothing	animo	4669796	80000	1			80000		other	0
sub-01_2	26	Pulse	255	4671802	82006	0
sub-01_2	26	Nothing	animo	4674796	85000	1			85000		other	0
sub-01_2	26	Nothing	animo	4679796	90000	1			90000		other	0
sub-01_2	26	Nothing	animo	4684796	95000	1			95000		other	0
sub-01_2	26	Nothing	animo	4689796	100000	1			100000		other	0
sub-01_2	26	Pulse	255	4691802	102006	0
sub-01_2	26	Nothing	animo	4694796	105000	1			105000		other	0
sub-01_2	26	Nothing	animo	4699796	110000	1			110000		other	0
sub-01_2	26	Nothing	animo	4704796	115000	1			115000		other	0
sub-01_2	26	Nothing	animo	4709796	120000	1			120000		other	0
sub-01_2	26	Pulse	255	4711802	122007	0
sub-01_2	26	Nothing	animo	4714796	125000	1			125000		other	0
sub-01_2	26	Nothing	animo	4719796	130000	1			130000		other	0
sub-01_2	26	Nothing	animo	4724796	135000	1			135000		other	0
sub-01_2	26	Nothing	animo	4729796	140000	1			140000		other	0
sub-01_2	26	Pulse	255	4731792	141996	0
sub-01_2	26	Pulse	255	4751792	161996	0
sub-01_2	27	Pulse	255	4771792	11440	0
sub-01_2	27	Sound	start_sound	4790352	30000	2			30000		other	0
sub-01_2	27	Pulse	255	4791792	31440	0
sub-01_2	27	Nothing	rever	4805352	45000	1			45000		other	0
sub-01_2	27	Nothing	rever	4810352	50000	1			50000		other	0
sub-01_2	27	Pulse	255	4811793	51440	0
sub-01_2	27	Nothing	rever	4815352	55000	1			55000		other	0
sub-01_2	27	Nothing	rever	4820352	60000	1			60000		other	0
sub-01_2	27	Nothing	rever	4825352	65000	1			65000		other	0
sub-01_2	27	Nothing	rever	4830352	70000	1			70000		other	0
sub-01_2	27	Pulse	255	4831792	71440	0
sub-01_2	27	Nothing	rever	4835352	75000	1			75000		other	0
sub-01_2	27	Nothing	rever	4840352	80000	1			80000		other	0
sub-01_2	27	Nothing	rever	4845352	85000	1			85000		other	0
sub-01_2	27	Nothing	rever	4850352	90000	1			90000		other	0
sub-01_2	27	Pulse	255	4851793	91440	0
sub-01_2	27	Nothing	rever	4855352	95000	1			95000		other	0
sub-01_2	27	Nothing	rever	4860352	100000	1			100000		other	0
sub-01_2	27	Nothing	rever	4865352	105000	1			105000		other	0
sub-01_2	27	Nothing	rever	4870352	110000	1			110000		other	0
sub-01_2	27	Pulse	255	4871792	111440	0
sub-01_2	27	Nothing	rever	4875352	115000	1			115000		other	0
sub-01_2	27	Nothing	rever	4880352	120000	1			120000		other	0
sub-01_2	27	Nothing	rever	4885352	125000	1			125000		other	0
sub-01_2	27	Nothing	rever	4890352	130000	1			130000		other	0
sub-01_2	27	Pulse	255	4891793	131441	0
sub-01_2	27	Nothing	rever	4895352	135000	1			135000		other	0
sub-01_2	27	Nothing	rever	4900352	140000	1			140000		other	0
sub-01_2	27	Pulse	255	4911793	151441	0
sub-01_2	28	Pulse	255	4931793	886	0
sub-01_2	28	Pulse	255	4951793	20886	0
sub-01_2	28	Sound	start_sound	4960907	30000	2			30000		other	0
sub-01_2	28	Pulse	255	4971793	40886	0
sub-01_2	28	Nothing	alpha	4975907	45000	1			45000		other	0
sub-01_2	28	Nothing	alpha	4980907	50000	1			50000		other	0
sub-01_2	28	Nothing	alpha	4985907	55000	1			55000		other	0
sub-01_2	28	Nothing	alpha	4990907	60000	1			60000		other	0
sub-01_2	28	Pulse	255	4991793	60886	0
sub-01_2	28	Nothing	alpha	4995907	65000	1			65000		other	0
sub-01_2	28	Nothing	alpha	5000907	70000	1			70000		other	0
sub-01_2	28	Nothing	alpha	5005907	75000	1			75000		other	0
sub-01_2	28	Nothing	alpha	5010907	80000	1			80000		other	0
sub-01_2	28	Pulse	255	5011793	80886	0
sub-01_2	28	Nothing	alpha	5015907	85000	1			85000		other	0
sub-01_2	28	Nothing	alpha	5020907	90000	1			90000		other	0
sub-01_2	28	Nothing	alpha	5025907	95000	1			95000		other	0
sub-01_2	28	Nothing	alpha	5030907	100000	1			100000		other	0
sub-01_2	28	Pulse	255	5031793	100886	0
sub-01_2	28	Nothing	alpha	5035907	105000	1			105000		other	0
sub-01_2	28	Nothing	alpha	5040907	110000	1			110000		other	0
sub-01_2	28	Nothing	alpha	5045907	115000	1			115000		other	0
sub-01_2	28	Nothing	alpha	5050907	120000	1			120000		other	0
sub-01_2	28	Pulse	255	5051793	120886	0
sub-01_2	28	Nothing	alpha	5055907	125000	1			125000		other	0
sub-01_2	28	Nothing	alpha	5060907	130000	1			130000		other	0
sub-01_2	28	Nothing	alpha	5065907	135000	1			135000		other	0
sub-01_2	28	Nothing	alpha	5070907	140000	1			140000		other	0
sub-01_2	28	Pulse	255	5071793	140886	0
sub-01_2	28	Pulse	255	5091794	160886	0
sub-01_2	29	Pulse	255	5111794	10335	0
sub-01_2	29	Sound	start_sound	5131459	30000	2			30000		other	0
sub-01_2	29	Pulse	255	5131794	30335	0
sub-01_2	29	Nothing	rires	5146459	45000	1			45000		other	0
sub-01_2	29	Nothing	rires	5151459	50000	1			50000		other	0
sub-01_2	29	Pulse	255	5151794	50335	0
sub-01_2	29	Nothing	rires	5156459	55000	1			55000		other	0
sub-01_2	29	Nothing	rires	5161459	60000	1			60000		other	0
sub-01_2	29	Nothing	rires	5166459	65000	1			65000		other	0
sub-01_2	29	Nothing	rires	5171459	70000	1			70000		other	0
sub-01_2	29	Pulse	255	5171794	70335	0
sub-01_2	29	Nothing	rires	5176459	75000	1			75000		other	0
sub-01_2	29	Nothing	rires	5181459	80000	1			80000		other	0
sub-01_2	29	Nothing	rires	5186459	85000	1			85000		other	0
sub-01_2	29	Nothing	rires	5191459	90000	1			90000		other	0
sub-01_2	29	Pulse	255	5191794	90335	0
sub-01_2	29	Nothing	rires	5196459	95000	1			95000		other	0
sub-01_2	29	Nothing	rires	5201459	100000	1			100000		other	0
sub-01_2	29	Nothing	rires	5206459	105000	1			105000		other	0
sub-01_2	29	Nothing	rires	5211459	110000	1			110000		other	0
sub-01_2	29	Pulse	255	5211794	110336	0
sub-01_2	29	Nothing	rires	5216459	115000	1			115000		other	0
sub-01_2	29	Nothing	rires	5221459	120000	1			120000		other	0
sub-01_2	29	Nothing	rires	5226459	125000	1			125000		other	0
sub-01_2	29	Nothing	rires	5231459	130000	1			130000		other	0
sub-01_2	29	Pulse	255	5231794	130335	0
sub-01_2	29	Nothing	rires	5236459	135000	1			135000		other	0
sub-01_2	29	Nothing	rires	5241459	140000	1			140000		other	0
sub-01_2	29	Pulse	255	5251794	150335	0
sub-01_2	29	Pulse	255	5271794	170336	0
sub-01_2	30	Pulse	255	5291795	19783	0
sub-01_2	30	Sound	start_sound	5302012	30000	2			30000		other	0
sub-01_2	30	Pulse	255	5311794	39783	0
sub-01_2	30	Nothing	animo	5317012	45000	1			45000		other	0
sub-01_2	30	Nothing	animo	5322012	50000	1			50000		other	0
sub-01_2	30	Nothing	animo	5327012	55000	1			55000		other	0
sub-01_2	30	Pulse	255	5331794	59783	0
sub-01_2	30	Nothing	animo	5332012	60000	1			60000		other	0
sub-01_2	30	Nothing	animo	5337012	65000	1			65000		other	0
sub-01_2	30	Nothing	animo	5342012	70000	1			70000		other	0
sub-01_2	30	Nothing	animo	5347012	75000	1			75000		other	0
sub-01_2	30	Pulse	255	5351795	79783	0
sub-01_2	30	Nothing	animo	5352012	80000	1			80000		other	0
sub-01_2	30	Nothing	animo	5357012	85000	1			85000		other	0
sub-01_2	30	Nothing	animo	5362012	90000	1			90000		other	0
sub-01_2	30	Nothing	animo	5367012	95000	1			95000		other	0
sub-01_2	30	Pulse	255	5371795	99783	0
sub-01_2	30	Nothing	animo	5372012	100000	1			100000		other	0
sub-01_2	30	Nothing	animo	5377012	105000	1			105000		other	0
sub-01_2	30	Nothing	animo	5382012	110000	1			110000		other	0
sub-01_2	30	Nothing	animo	5387012	115000	1			115000		other	0
sub-01_2	30	Pulse	255	5391795	119783	0
sub-01_2	30	Nothing	animo	5392012	120000	1			120000		other	0
sub-01_2	30	Nothing	animo	5397012	125000	1			125000		other	0
sub-01_2	30	Nothing	animo	5402012	130000	1			130000		other	0
sub-01_2	30	Nothing	animo	5407012	135000	1			135000		other	0
sub-01_2	30	Pulse	255	5411795	139783	0
sub-01_2	30	Nothing	animo	5412012	140000	1			140000		other	0
sub-01_2	30	Pulse	255	5431795	159783	0
sub-01_2	31	Pulse	255	5451795	9226	0
sub-01_2	31	Pulse	255	5471795	29226	0
sub-01_2	31	Sound	start_sound	5472569	30000	2			30000		other	0
sub-01_2	31	Nothing	parol	5482569	40000	1			40000		other	0
sub-01_2	31	Nothing	parol	5487569	45000	1			45000		other	0
sub-01_2	31	Pulse	255	5491796	49227	0
sub-01_2	31	Nothing	parol	5492569	50000	1			50000		other	0
sub-01_2	31	Nothing	parol	5497569	55000	1			55000		other	0
sub-01_2	31	Nothing	parol	5502569	60000	1			60000		other	0
sub-01_2	31	Nothing	parol	5507569	65000	1			65000		other	0
sub-01_2	31	Pulse	255	5511795	69227	0
sub-01_2	31	Nothing	parol	5512569	70000	1			70000		other	0
sub-01_2	31	Nothing	parol	5517569	75000	1			75000		other	0
sub-01_2	31	Nothing	parol	5522569	80000	1			80000		other	0
sub-01_2	31	Nothing	parol	5527569	85000	1			85000		other	0
sub-01_2	31	Pulse	255	5531795	89227	0
sub-01_2	31	Nothing	parol	5532569	90000	1			90000		other	0
sub-01_2	31	Nothing	parol	5537569	95000	1			95000		other	0
sub-01_2	31	Nothing	parol	5542569	100000	1			100000		other	0
sub-01_2	31	Nothing	parol	5547569	105000	1			105000		other	0
sub-01_2	31	Pulse	255	5551796	109227	0
sub-01_2	31	Nothing	parol	5552569	110000	1			110000		other	0
sub-01_2	31	Nothing	parol	5557569	115000	1			115000		other	0
sub-01_2	31	Nothing	parol	5562569	120000	1			120000		other	0
sub-01_2	31	Nothing	parol	5567569	125000	1			125000		other	0
sub-01_2	31	Pulse	255	5571796	129227	0
sub-01_2	31	Nothing	parol	5572569	130000	1			130000		other	0
sub-01_2	31	Nothing	parol	5577569	135000	1			135000		other	0
sub-01_2	31	Pulse	255	5591796	149227	0
sub-01_2	32	Pulse	255	5611796	3671	0
sub-01_2	32	Pulse	255	5631796	23671	0
sub-01_2	32	Sound	start_sound	5638125	30000	2			30000		other	0
sub-01_2	32	Pulse	255	5651796	43671	0
sub-01_2	32	Nothing	yawny	5653125	45000	1			45000		other	0
sub-01_2	32	Nothing	yawny	5658125	50000	1			50000		other	0
sub-01_2	32	Nothing	yawny	5663125	55000	1			55000		other	0
sub-01_2	32	Nothing	yawny	5668125	60000	1			60000		other	0
sub-01_2	32	Pulse	255	5671796	63671	0
sub-01_2	32	Nothing	yawny	5673125	65000	1			65000		other	0
sub-01_2	32	Nothing	yawny	5678125	70000	1			70000		other	0
sub-01_2	32	Nothing	yawny	5683125	75000	1			75000		other	0
sub-01_2	32	Nothing	yawny	5688125	80000	1			80000		other	0
sub-01_2	32	Pulse	255	5691796	83671	0
sub-01_2	32	Nothing	yawny	5693125	85000	1			85000		other	0
sub-01_2	32	Nothing	yawny	5698125	90000	1			90000		other	0
sub-01_2	32	Nothing	yawny	5703125	95000	1			95000		other	0
sub-01_2	32	Nothing	yawny	5708125	100000	1			100000		other	0
sub-01_2	32	Pulse	255	5711796	103671	0
sub-01_2	32	Nothing	yawny	5713125	105000	1			105000		other	0
sub-01_2	32	Nothing	yawny	5718125	110000	1			110000		other	0
sub-01_2	32	Nothing	yawny	5723125	115000	1			115000		other	0
sub-01_2	32	Nothing	yawny	5728125	120000	1			120000		other	0
sub-01_2	32	Pulse	255	5731796	123671	0
sub-01_2	32	Nothing	yawny	5733125	125000	1			125000		other	0
sub-01_2	32	Nothing	yawny	5738125	130000	1			130000		other	0
sub-01_2	32	Nothing	yawny	5743125	135000	1			135000		other	0
sub-01_2	32	Nothing	yawny	5748125	140000	1			140000		other	0
sub-01_2	32	Pulse	255	5751796	143672	0
sub-01_2	32	Pulse	255	5771797	163672	0
sub-01_2	33	Pulse	255	5791796	13115	0
sub-01_2	33	Sound	start_sound	5808681	30000	2			30000		other	0
sub-01_2	33	Pulse	255	5811797	33115	0
sub-01_2	33	Nothing	envir	5823681	45000	1			45000		other	0
sub-01_2	33	Nothing	envir	5828681	50000	1			50000		other	0
sub-01_2	33	Pulse	255	5831796	53115	0
sub-01_2	33	Nothing	envir	5833681	55000	1			55000		other	0
sub-01_2	33	Nothing	envir	5838681	60000	1			60000		other	0
sub-01_2	33	Nothing	envir	5843681	65000	1			65000		other	0
sub-01_2	33	Nothing	envir	5848681	70000	1			70000		other	0
sub-01_2	33	Pulse	255	5851797	73115	0
sub-01_2	33	Nothing	envir	5853681	75000	1			75000		other	0
sub-01_2	33	Nothing	envir	5858681	80000	1			80000		other	0
sub-01_2	33	Nothing	envir	5863681	85000	1			85000		other	0
sub-01_2	33	Nothing	envir	5868681	90000	1			90000		other	0
sub-01_2	33	Pulse	255	5871797	93115	0
sub-01_2	33	Nothing	envir	5873681	95000	1			95000		other	0
sub-01_2	33	Nothing	envir	5878681	100000	1			100000		other	0
sub-01_2	33	Nothing	envir	5883681	105000	1			105000		other	0
sub-01_2	33	Nothing	envir	5888681	110000	1			110000		other	0
sub-01_2	33	Pulse	255	5891796	113115	0
sub-01_2	33	Nothing	envir	5893681	115000	1			115000		other	0
sub-01_2	33	Nothing	envir	5898681	120000	1			120000		other	0
sub-01_2	33	Nothing	envir	5903681	125000	1			125000		other	0
sub-01_2	33	Nothing	envir	5908681	130000	1			130000		other	0
sub-01_2	33	Pulse	255	5911797	133116	0
sub-01_2	33	Nothing	envir	5913681	135000	1			135000		other	0
sub-01_2	33	Nothing	envir	5918681	140000	1			140000		other	0
sub-01_2	33	Pulse	255	5931797	153116	0
sub-01_2	34	Picture	Bfix	5949301	0	1	60328	1	0	60000	other	0
sub-01_2	34	Pulse	255	5951797	2496	0
sub-01_2	34	Pulse	255	5971797	22496	0
sub-01_2	34	Pulse	255	5991797	42495	0
sub-01_2	35	Pulse	255	6011797	2395	0
sub-01_2	35	Pulse	255	6031798	22395	0
sub-01_2	35	Sound	start_sound	6039403	30000	2			30000		other	0
sub-01_2	35	Pulse	255	6051797	42395	0
sub-01_2	35	Nothing	music	6054403	45000	1			45000		other	0
sub-01_2	35	Nothing	music	6059403	50000	1			50000		other	0
sub-01_2	35	Nothing	music	6064403	55000	1			55000		other	0
sub-01_2	35	Nothing	music	6069403	60000	1			60000		other	0
sub-01_2	35	Pulse	255	6071798	62395	0
sub-01_2	35	Nothing	music	6074403	65000	1			65000		other	0
sub-01_2	35	Nothing	music	6079403	70000	1			70000		other	0
sub-01_2	35	Nothing	music	6084403	75000	1			75000		other	0
sub-01_2	35	Nothing	music	6089403	80000	1			80000		other	0
sub-01_2	35	Pulse	255	6091797	82395	0
sub-01_2	35	Nothing	music	6094403	85000	1			85000		other	0
sub-01_2	35	Nothing	music	6099403	90000	1			90000		other	0
sub-01_2	35	Nothing	music	6104403	95000	1			95000		other	0
sub-01_2	35	Nothing	music	6109403	100000	1			100000		other	0
sub-01_2	35	Pulse	255	6111798	102395	0
sub-01_2	35	Nothing	music	6114403	105000	1			105000		other	0
sub-01_2	35	Nothing	music	6119403	110000	1			110000		other	0
sub-01_2	35	Nothing	music	6124403	115000	1			115000		other	0
sub-01_2	35	Nothing	music	6129403	120000	1			120000		other	0
sub-01_2	35	Pulse	255	6131798	122395	0
sub-01_2	35	Nothing	music	6134403	125000	1			125000		other	0
sub-01_2	35	Nothing	music	6139403	130000	1			130000		other	0
sub-01_2	35	Nothing	music	6144403	135000	1			135000		other	0
sub-01_2	35	Nothing	music	6149403	140000	1			140000		other	0
sub-01_2	35	Pulse	255	6151798	142395	0
sub-01_2	35	Pulse	255	6171798	162395	0
sub-01_2	36	Pulse	255	6191798	11841	0
sub-01_2	36	Sound	start_sound	6209957	30000	2			30000		other	0
sub-01_2	36	Pulse	255	6211798	31841	0
sub-01_2	36	Nothing	parol	6219957	40000	1			40000		other	0
sub-01_2	36	Nothing	parol	6224957	45000	1			45000		other	0
sub-01_2	36	Nothing	parol	6229957	50000	1			50000		other	0
sub-01_2	36	Pulse	255	6231798	51841	0
sub-01_2	36	Nothing	parol	6234957	55000	1			55000		other	0
sub-01_2	36	Nothing	parol	6239957	60000	1			60000		other	0
sub-01_2	36	Nothing	parol	6244957	65000	1			65000		other	0
sub-01_2	36	Nothing	parol	6249957	70000	1			70000		other	0
sub-01_2	36	Pulse	255	6251798	71841	0
sub-01_2	36	Nothing	parol	6254957	75000	1			75000		other	0
sub-01_2	36	Nothing	parol	6259957	80000	1			80000		other	0
sub-01_2	36	Nothing	parol	6264957	85000	1			85000		other	0
sub-01_2	36	Nothing	parol	6269957	90000	1			90000		other	0
sub-01_2	36	Pulse	255	6271788	91831	0
sub-01_2	36	Nothing	parol	6274957	95000	1			95000		other	0
sub-01_2	36	Nothing	parol	6279957	100000	1			100000		other	0
sub-01_2	36	Nothing	parol	6284957	105000	1			105000		other	0
sub-01_2	36	Nothing	parol	6289957	110000	1			110000		other	0
sub-01_2	36	Pulse	255	6291788	111831	0
sub-01_2	36	Nothing	parol	6294957	115000	1			115000		other	0
sub-01_2	36	Nothing	parol	6299957	120000	1			120000		other	0
sub-01_2	36	Nothing	parol	6304957	125000	1			125000		other	0
sub-01_2	36	Nothing	parol	6309957	130000	1			130000		other	0
sub-01_2	36	Pulse	255	6311789	131831	0
sub-01_2	36	Nothing	parol	6314957	135000	1			135000		other	0
sub-01_2	36	Pulse	255	6331789	151831	0
sub-01_2	37	Pulse	255	6351789	6276	0
sub-01_2	37	Pulse	255	6371789	26276	0
sub-01_2	37	Sound	start_sound	6375513	30000	2			30000		other	0
sub-01_2	37	Nothing	yawny	6390513	45000	1			45000		other	0
sub-01_2	37	Pulse	255	6391789	46276	0
sub-01_2	37	Nothing	yawny	6395513	50000	1			50000		other	0
sub-01_2	37	Nothing	yawny	6400513	55000	1			55000		other	0
sub-01_2	37	Nothing	yawny	6405513	60000	1			60000		other	0
sub-01_2	37	Nothing	yawny	6410513	65000	1			65000		other	0
sub-01_2	37	Pulse	255	6411789	66276	0
sub-01_2	37	Nothing	yawny	6415513	70000	1			70000		other	0
sub-01_2	37	Nothing	yawny	6420513	75000	1			75000		other	0
sub-01_2	37	Nothing	yawny	6425513	80000	1			80000		other	0
sub-01_2	37	Nothing	yawny	6430513	85000	1			85000		other	0
sub-01_2	37	Pulse	255	6431789	86276	0
sub-01_2	37	Nothing	yawny	6435513	90000	1			90000		other	0
sub-01_2	37	Nothing	yawny	6440513	95000	1			95000		other	0
sub-01_2	37	Nothing	yawny	6445513	100000	1			100000		other	0
sub-01_2	37	Nothing	yawny	6450513	105000	1			105000		other	0
sub-01_2	37	Pulse	255	6451789	106277	0
sub-01_2	37	Nothing	yawny	6455513	110000	1			110000		other	0
sub-01_2	37	Nothing	yawny	6460513	115000	1			115000		other	0
sub-01_2	37	Nothing	yawny	6465513	120000	1			120000		other	0
sub-01_2	37	Nothing	yawny	6470513	125000	1			125000		other	0
sub-01_2	37	Pulse	255	6471789	126276	0
sub-01_2	37	Nothing	yawny	6475513	130000	1			130000		other	0
sub-01_2	37	Nothing	yawny	6480513	135000	1			135000		other	0
sub-01_2	37	Nothing	yawny	6485513	140000	1			140000		other	0
sub-01_2	37	Pulse	255	6491790	146277	0
sub-01_2	37	Pulse	255	6511789	166277	0
sub-01_2	38	Pulse	255	6531790	15722	0
sub-01_2	38	Sound	start_sound	6546067	30000	2			30000		other	0
sub-01_2	38	Pulse	255	6551790	35722	0
sub-01_2	38	Nothing	rever	6561067	45000	1			45000		other	0
sub-01_2	38	Nothing	rever	6566067	50000	1			50000		other	0
sub-01_2	38	Nothing	rever	6571067	55000	1			55000		other	0
sub-01_2	38	Pulse	255	6571790	55722	0
sub-01_2	38	Nothing	rever	6576067	60000	1			60000		other	0
sub-01_2	38	Nothing	rever	6581067	65000	1			65000		other	0
sub-01_2	38	Nothing	rever	6586067	70000	1			70000		other	0
sub-01_2	38	Nothing	rever	6591067	75000	1			75000		other	0
sub-01_2	38	Pulse	255	6591790	75722	0
sub-01_2	38	Nothing	rever	6596067	80000	1			80000		other	0
sub-01_2	38	Nothing	rever	6601067	85000	1			85000		other	0
sub-01_2	38	Nothing	rever	6606067	90000	1			90000		other	0
sub-01_2	38	Nothing	rever	6611067	95000	1			95000		other	0
sub-01_2	38	Pulse	255	6611790	95723	0
sub-01_2	38	Nothing	rever	6616067	100000	1			100000		other	0
sub-01_2	38	Nothing	rever	6621067	105000	1			105000		other	0
sub-01_2	38	Nothing	rever	6626067	110000	1			110000		other	0
sub-01_2	38	Nothing	rever	6631067	115000	1			115000		other	0
sub-01_2	38	Pulse	255	6631790	115722	0
sub-01_2	38	Nothing	rever	6636067	120000	1			120000		other	0
sub-01_2	38	Nothing	rever	6641067	125000	1			125000		other	0
sub-01_2	38	Nothing	rever	6646067	130000	1			130000		other	0
sub-01_2	38	Nothing	rever	6651067	135000	1			135000		other	0
sub-01_2	38	Pulse	255	6651790	135722	0
sub-01_2	38	Nothing	rever	6656067	140000	1			140000		other	0
sub-01_2	38	Pulse	255	6671790	155723	0
sub-01_2	39	Pulse	255	6691790	5167	0
sub-01_2	39	Pulse	255	6711790	25167	0
sub-01_2	39	Sound	start_sound	6716623	30000	2			30000		other	0
sub-01_2	39	Nothing	envir	6731623	45000	1			45000		other	0
sub-01_2	39	Pulse	255	6731790	45167	0
sub-01_2	39	Nothing	envir	6736623	50000	1			50000		other	0
sub-01_2	39	Nothing	envir	6741623	55000	1			55000		other	0
sub-01_2	39	Nothing	envir	6746623	60000	1			60000		other	0
sub-01_2	39	Nothing	envir	6751623	65000	1			65000		other	0
sub-01_2	39	Pulse	255	6751790	65167	0
sub-01_2	39	Nothing	envir	6756623	70000	1			70000		other	0
sub-01_2	39	Nothing	envir	6761623	75000	1			75000		other	0
sub-01_2	39	Nothing	envir	6766623	80000	1			80000		other	0
sub-01_2	39	Nothing	envir	6771623	85000	1			85000		other	0
sub-01_2	39	Pulse	255	6771791	85168	0
sub-01_2	39	Nothing	envir	6776623	90000	1			90000		other	0
sub-01_2	39	Nothing	envir	6781623	95000	1			95000		other	0
sub-01_2	39	Nothing	envir	6786623	100000	1			100000		other	0
sub-01_2	39	Nothing	envir	6791623	105000	1			105000		other	0
sub-01_2	39	Pulse	255	6791791	105168	0
sub-01_2	39	Nothing	envir	6796623	110000	1			110000		other	0
sub-01_2	39	Nothing	envir	6801623	115000	1			115000		other	0
sub-01_2	39	Nothing	envir	6806623	120000	1			120000		other	0
sub-01_2	39	Nothing	envir	6811623	125000	1			125000		other	0
sub-01_2	39	Pulse	255	6811791	125168	0
sub-01_2	39	Nothing	envir	6816623	130000	1			130000		other	0
sub-01_2	39	Nothing	envir	6821623	135000	1			135000		other	0
sub-01_2	39	Nothing	envir	6826623	140000	1			140000		other	0
sub-01_2	39	Pulse	255	6831791	145168	0
sub-01_2	39	Pulse	255	6851791	165168	0
sub-01_2	40	Pulse	255	6871791	14613	0
sub-01_2	40	Sound	start_sound	6887178	30000	2			30000		other	0
sub-01_2	40	Pulse	255	6891791	34613	0
sub-01_2	40	Nothing	suomi	6902178	45000	1			45000		other	0
sub-01_2	40	Nothing	suomi	6907178	50000	1			50000		other	0
sub-01_2	40	Pulse	255	6911791	54613	0
sub-01_2	40	Nothing	suomi	6912178	55000	1			55000		other	0
sub-01_2	40	Nothing	suomi	6917178	60000	1			60000		other	0
sub-01_2	40	Nothing	suomi	6922178	65000	1			65000		other	0
sub-01_2	40	Nothing	suomi	6927178	70000	1			70000		other	0
sub-01_2	40	Pulse	255	6931791	74613	0
sub-01_2	40	Nothing	suomi	6932178	75000	1			75000		other	0
sub-01_2	40	Nothing	suomi	6937178	80000	1			80000		other	0
sub-01_2	40	Nothing	suomi	6942178	85000	1			85000		other	0
sub-01_2	40	Nothing	suomi	6947178	90000	1			90000		other	0
sub-01_2	40	Pulse	255	6951792	94613	0
sub-01_2	40	Nothing	suomi	6952178	95000	1			95000		other	0
sub-01_2	40	Nothing	suomi	6957178	100000	1			100000		other	0
sub-01_2	40	Nothing	suomi	6962178	105000	1			105000		other	0
sub-01_2	40	Nothing	suomi	6967178	110000	1			110000		other	0
sub-01_2	40	Pulse	255	6971792	114614	0
sub-01_2	40	Nothing	suomi	6972178	115000	1			115000		other	0
sub-01_2	40	Nothing	suomi	6977178	120000	1			120000		other	0
sub-01_2	40	Nothing	suomi	6982178	125000	1			125000		other	0
sub-01_2	40	Nothing	suomi	6987178	130000	1			130000		other	0
sub-01_2	40	Pulse	255	6991792	134614	0
sub-01_2	40	Nothing	suomi	6992178	135000	1			135000		other	0
sub-01_2	40	Nothing	suomi	6997178	140000	1			140000		other	0
sub-01_2	40	Pulse	255	7011791	154613	0
sub-01_2	41	Pulse	255	7031792	4058	0
sub-01_2	41	Pulse	255	7051792	24058	0
sub-01_2	41	Sound	start_sound	7057733	30000	2			30000		other	0
sub-01_2	41	Pulse	255	7071792	44058	0
sub-01_2	41	Nothing	silen	7072733	45000	1			45000		other	0
sub-01_2	41	Nothing	silen	7077733	50000	1			50000		other	0
sub-01_2	41	Nothing	silen	7082733	55000	1			55000		other	0
sub-01_2	41	Nothing	silen	7087733	60000	1			60000		other	0
sub-01_2	41	Pulse	255	7091792	64059	0
sub-01_2	41	Nothing	silen	7092733	65000	1			65000		other	0
sub-01_2	41	Nothing	silen	7097733	70000	1			70000		other	0
sub-01_2	41	Nothing	silen	7102733	75000	1			75000		other	0
sub-01_2	41	Nothing	silen	7107733	80000	1			80000		other	0
sub-01_2	41	Pulse	255	7111792	84059	0
sub-01_2	41	Nothing	silen	7112733	85000	1			85000		other	0
sub-01_2	41	Nothing	silen	7117733	90000	1			90000		other	0
sub-01_2	41	Nothing	silen	7122733	95000	1			95000		other	0
sub-01_2	41	Nothing	silen	7127733	100000	1			100000		other	0
sub-01_2	41	Pulse	255	7131792	104059	0
sub-01_2	41	Nothing	silen	7132733	105000	1			105000		other	0
sub-01_2	41	Nothing	silen	7137733	110000	1			110000		other	0
sub-01_2	41	Nothing	silen	7142733	115000	1			115000		other	0
sub-01_2	41	Nothing	silen	7147733	120000	1			120000		other	0
sub-01_2	41	Pulse	255	7151792	124058	0
sub-01_2	41	Nothing	silen	7152733	125000	1			125000		other	0
sub-01_2	41	Nothing	silen	7157733	130000	1			130000		other	0
sub-01_2	41	Nothing	silen	7162733	135000	1			135000		other	0
sub-01_2	41	Nothing	silen	7167733	140000	1			140000		other	0
sub-01_2	41	Pulse	255	7171792	144059	0
sub-01_2	41	Pulse	255	7191793	164059	0
sub-01_2	42	Pulse	255	7211792	13504	0
sub-01_2	42	Sound	start_sound	7228288	30000	2			30000		other	0
sub-01_2	42	Pulse	255	7231793	33505	0
sub-01_2	42	Nothing	pleur	7243288	45000	1			45000		other	0
sub-01_2	42	Nothing	pleur	7248288	50000	1			50000		other	0
sub-01_2	42	Pulse	255	7251792	53505	0
sub-01_2	42	Nothing	pleur	7253288	55000	1			55000		other	0
sub-01_2	42	Nothing	pleur	7258288	60000	1			60000		other	0
sub-01_2	42	Nothing	pleur	7263288	65000	1			65000		other	0
sub-01_2	42	Nothing	pleur	7268288	70000	1			70000		other	0
sub-01_2	42	Pulse	255	7271793	73505	0
sub-01_2	42	Nothing	pleur	7273288	75000	1			75000		other	0
sub-01_2	42	Nothing	pleur	7278288	80000	1			80000		other	0
sub-01_2	42	Nothing	pleur	7283288	85000	1			85000		other	0
sub-01_2	42	Nothing	pleur	7288288	90000	1			90000		other	0
sub-01_2	42	Pulse	255	7291793	93505	0
sub-01_2	42	Nothing	pleur	7293288	95000	1			95000		other	0
sub-01_2	42	Nothing	pleur	7298288	100000	1			100000		other	0
sub-01_2	42	Nothing	pleur	7303288	105000	1			105000		other	0
sub-01_2	42	Nothing	pleur	7308288	110000	1			110000		other	0
sub-01_2	42	Pulse	255	7311793	113505	0
sub-01_2	42	Nothing	pleur	7313288	115000	1			115000		other	0
sub-01_2	42	Nothing	pleur	7318288	120000	1			120000		other	0
sub-01_2	42	Nothing	pleur	7323288	125000	1			125000		other	0
sub-01_2	42	Nothing	pleur	7328288	130000	1			130000		other	0
sub-01_2	42	Pulse	255	7331793	133505	0
sub-01_2	42	Nothing	pleur	7333288	135000	1			135000		other	0
sub-01_2	42	Nothing	pleur	7338288	140000	1			140000		other	0
sub-01_2	42	Pulse	255	7351793	153505	0
sub-01_2	43	Pulse	255	7371793	2951	0
sub-01_2	43	Pulse	255	7391793	22951	0
sub-01_2	43	Sound	start_sound	7398842	30000	2			30000		other	0
sub-01_2	43	Pulse	255	7411793	42951	0
sub-01_2	43	Nothing	alpha	7413842	45000	1			45000		other	0
sub-01_2	43	Nothing	alpha	7418842	50000	1			50000		other	0
sub-01_2	43	Nothing	alpha	7423842	55000	1			55000		other	0
sub-01_2	43	Nothing	alpha	7428842	60000	1			60000		other	0
sub-01_2	43	Pulse	255	7431793	62951	0
sub-01_2	43	Nothing	alpha	7433842	65000	1			65000		other	0
sub-01_2	43	Nothing	alpha	7438842	70000	1			70000		other	0
sub-01_2	43	Nothing	alpha	7443842	75000	1			75000		other	0
sub-01_2	43	Nothing	alpha	7448842	80000	1			80000		other	0
sub-01_2	43	Pulse	255	7451794	82951	0
sub-01_2	43	Nothing	alpha	7453842	85000	1			85000		other	0
sub-01_2	43	Nothing	alpha	7458842	90000	1			90000		other	0
sub-01_2	43	Nothing	alpha	7463842	95000	1			95000		other	0
sub-01_2	43	Nothing	alpha	7468842	100000	1			100000		other	0
sub-01_2	43	Pulse	255	7471794	102952	0
sub-01_2	43	Nothing	alpha	7473842	105000	1			105000		other	0
sub-01_2	43	Nothing	alpha	7478842	110000	1			110000		other	0
sub-01_2	43	Nothing	alpha	7483842	115000	1			115000		other	0
sub-01_2	43	Nothing	alpha	7488842	120000	1			120000		other	0
sub-01_2	43	Pulse	255	7491793	122951	0
sub-01_2	43	Nothing	alpha	7493842	125000	1			125000		other	0
sub-01_2	43	Nothing	alpha	7498842	130000	1			130000		other	0
sub-01_2	43	Nothing	alpha	7503842	135000	1			135000		other	0
sub-01_2	43	Nothing	alpha	7508842	140000	1			140000		other	0
sub-01_2	43	Pulse	255	7511793	142951	0
sub-01_2	43	Pulse	255	7531794	162951	0
sub-01_2	44	Picture	Bfix	7539462	0	1	60226	1	0	60000	other	0
sub-01_2	44	Pulse	255	7551794	12332	0
sub-01_2	44	Pulse	255	7571794	32332	0
sub-01_2	44	Pulse	255	7591794	52332	0
sub-01_2	45	Picture	Bfix	7599855	0	1	71698	1	0	60000	other	0
sub-01_2	45	Pulse	255	7611794	11939	0
sub-01_2	45	Pulse	255	7631794	31939	0

The following output port codes were not sent because of a conflict on the port.
Port	Code	Time(ms)
1	6	77271.6
1	6	77271.6
