Scenario - loca_audi_bis
Logfile written - 11/21/2018 10:49:34

Subject	Trial	Event Type	Code	Time	TTime	Uncertainty	Duration	Uncertainty	ReqTime	ReqDur	Stim Type	Pair Index

sub-04_2	0	Pulse	255	646462	646462	0
sub-04_2	1	Nothing	cut	646689	0	1			0		other	0
sub-04_2	1	Nothing	cut	651689	5000	1			5000		other	0
sub-04_2	2	Pulse	255	666463	9654	0
sub-04_2	2	Pulse	255	686463	29655	0
sub-04_2	2	Sound	start_sound	686808	30000	19661			30000		other	0
sub-04_2	2	Pulse	255	686808	30000	19655
sub-04_2	2	Nothing	pleur	706470	49662	1			45000		other	0
sub-04_2	2	Nothing	pleur	706808	50000	1			50000		other	0
sub-04_2	2	Nothing	pleur	711808	55000	1			55000		other	0
sub-04_2	2	Nothing	pleur	716808	60000	1			60000		other	0
sub-04_2	2	Nothing	pleur	721808	65000	1			65000		other	0
sub-04_2	2	Pulse	255	726463	69655	0
sub-04_2	2	Nothing	pleur	726808	70000	1			70000		other	0
sub-04_2	2	Nothing	pleur	731808	75000	1			75000		other	0
sub-04_2	2	Nothing	pleur	736808	80000	1			80000		other	0
sub-04_2	2	Nothing	pleur	741808	85000	1			85000		other	0
sub-04_2	2	Pulse	255	746463	89655	0
sub-04_2	2	Nothing	pleur	746808	90000	1			90000		other	0
sub-04_2	2	Nothing	pleur	751808	95000	1			95000		other	0
sub-04_2	2	Nothing	pleur	756808	100000	1			100000		other	0
sub-04_2	2	Nothing	pleur	761808	105000	1			105000		other	0
sub-04_2	2	Pulse	255	766463	109655	0
sub-04_2	2	Nothing	pleur	766808	110000	1			110000		other	0
sub-04_2	2	Nothing	pleur	771808	115000	1			115000		other	0
sub-04_2	2	Nothing	pleur	776808	120000	1			120000		other	0
sub-04_2	2	Nothing	pleur	781808	125000	1			125000		other	0
sub-04_2	2	Pulse	255	786463	129655	0
sub-04_2	2	Nothing	pleur	786808	130000	1			130000		other	0
sub-04_2	2	Nothing	pleur	791808	135000	1			135000		other	0
sub-04_2	2	Nothing	pleur	796808	140000	1			140000		other	0
sub-04_2	2	Pulse	255	806463	149655	0
sub-04_2	2	Pulse	255	826463	169654	0
sub-04_2	3	Pulse	255	846463	19098	0
sub-04_2	3	Sound	start_sound	857365	30000	2			30000		other	0
sub-04_2	3	Pulse	255	866463	39098	0
sub-04_2	3	Nothing	suomi	872365	45000	1			45000		other	0
sub-04_2	3	Nothing	suomi	877365	50000	1			50000		other	0
sub-04_2	3	Nothing	suomi	882365	55000	1			55000		other	0
sub-04_2	3	Pulse	255	886463	59098	0
sub-04_2	3	Nothing	suomi	887365	60000	1			60000		other	0
sub-04_2	3	Nothing	suomi	892365	65000	1			65000		other	0
sub-04_2	3	Nothing	suomi	897365	70000	1			70000		other	0
sub-04_2	3	Nothing	suomi	902365	75000	1			75000		other	0
sub-04_2	3	Pulse	255	906463	79098	0
sub-04_2	3	Nothing	suomi	907365	80000	1			80000		other	0
sub-04_2	3	Nothing	suomi	912365	85000	1			85000		other	0
sub-04_2	3	Nothing	suomi	917365	90000	1			90000		other	0
sub-04_2	3	Nothing	suomi	922365	95000	1			95000		other	0
sub-04_2	3	Pulse	255	926463	99098	0
sub-04_2	3	Nothing	suomi	927365	100000	1			100000		other	0
sub-04_2	3	Nothing	suomi	932365	105000	1			105000		other	0
sub-04_2	3	Nothing	suomi	937365	110000	1			110000		other	0
sub-04_2	3	Nothing	suomi	942365	115000	1			115000		other	0
sub-04_2	3	Pulse	255	946463	119098	0
sub-04_2	3	Nothing	suomi	947365	120000	1			120000		other	0
sub-04_2	3	Nothing	suomi	952365	125000	1			125000		other	0
sub-04_2	3	Nothing	suomi	957365	130000	1			130000		other	0
sub-04_2	3	Nothing	suomi	962365	135000	1			135000		other	0
sub-04_2	3	Pulse	255	966463	139098	0
sub-04_2	3	Nothing	suomi	967365	140000	1			140000		other	0
sub-04_2	3	Pulse	255	986463	159098	0
sub-04_2	4	Pulse	255	1006463	8541	0
sub-04_2	4	Pulse	255	1026463	28541	0
sub-04_2	4	Sound	start_sound	1027922	30000	2			30000		other	0
sub-04_2	4	Nothing	yawny	1042922	45000	1			45000		other	0
sub-04_2	4	Pulse	255	1046463	48541	0
sub-04_2	4	Nothing	yawny	1047922	50000	1			50000		other	0
sub-04_2	4	Nothing	yawny	1052922	55000	1			55000		other	0
sub-04_2	4	Nothing	yawny	1057922	60000	1			60000		other	0
sub-04_2	4	Nothing	yawny	1062922	65000	1			65000		other	0
sub-04_2	4	Pulse	255	1066463	68541	0
sub-04_2	4	Nothing	yawny	1067922	70000	1			70000		other	0
sub-04_2	4	Nothing	yawny	1072922	75000	1			75000		other	0
sub-04_2	4	Nothing	yawny	1077922	80000	1			80000		other	0
sub-04_2	4	Nothing	yawny	1082922	85000	1			85000		other	0
sub-04_2	4	Pulse	255	1086463	88541	0
sub-04_2	4	Nothing	yawny	1087922	90000	1			90000		other	0
sub-04_2	4	Nothing	yawny	1092922	95000	1			95000		other	0
sub-04_2	4	Nothing	yawny	1097922	100000	1			100000		other	0
sub-04_2	4	Nothing	yawny	1102922	105000	1			105000		other	0
sub-04_2	4	Pulse	255	1106463	108541	0
sub-04_2	4	Nothing	yawny	1107922	110000	1			110000		other	0
sub-04_2	4	Nothing	yawny	1112922	115000	1			115000		other	0
sub-04_2	4	Nothing	yawny	1117922	120000	1			120000		other	0
sub-04_2	4	Nothing	yawny	1122922	125000	1			125000		other	0
sub-04_2	4	Pulse	255	1126464	128542	0
sub-04_2	4	Nothing	yawny	1127922	130000	1			130000		other	0
sub-04_2	4	Nothing	yawny	1132922	135000	1			135000		other	0
sub-04_2	4	Nothing	yawny	1137922	140000	1			140000		other	0
sub-04_2	4	Pulse	255	1146463	148541	0
sub-04_2	4	Pulse	255	1166463	168541	0
sub-04_2	5	Pulse	255	1186463	17985	0
sub-04_2	5	Sound	start_sound	1198479	30000	2			30000		other	0
sub-04_2	5	Pulse	255	1206463	37985	0
sub-04_2	5	Nothing	human	1213479	45000	1			45000		other	0
sub-04_2	5	Nothing	human	1218479	50000	1			50000		other	0
sub-04_2	5	Nothing	human	1223479	55000	1			55000		other	0
sub-04_2	5	Pulse	255	1226463	57984	0
sub-04_2	5	Nothing	human	1228479	60000	1			60000		other	0
sub-04_2	5	Nothing	human	1233479	65000	1			65000		other	0
sub-04_2	5	Nothing	human	1238479	70000	1			70000		other	0
sub-04_2	5	Nothing	human	1243479	75000	1			75000		other	0
sub-04_2	5	Pulse	255	1246464	77985	0
sub-04_2	5	Nothing	human	1248479	80000	1			80000		other	0
sub-04_2	5	Nothing	human	1253479	85000	1			85000		other	0
sub-04_2	5	Nothing	human	1258479	90000	1			90000		other	0
sub-04_2	5	Nothing	human	1263479	95000	1			95000		other	0
sub-04_2	5	Pulse	255	1266464	97985	0
sub-04_2	5	Nothing	human	1268479	100000	1			100000		other	0
sub-04_2	5	Nothing	human	1273479	105000	1			105000		other	0
sub-04_2	5	Nothing	human	1278479	110000	1			110000		other	0
sub-04_2	5	Nothing	human	1283479	115000	1			115000		other	0
sub-04_2	5	Pulse	255	1286464	117985	0
sub-04_2	5	Nothing	human	1288479	120000	1			120000		other	0
sub-04_2	5	Nothing	human	1293479	125000	1			125000		other	0
sub-04_2	5	Nothing	human	1298479	130000	1			130000		other	0
sub-04_2	5	Nothing	human	1303479	135000	1			135000		other	0
sub-04_2	5	Pulse	255	1306464	137985	0
sub-04_2	5	Nothing	human	1308479	140000	1			140000		other	0
sub-04_2	5	Pulse	255	1326463	157984	0
sub-04_2	6	Pulse	255	1346464	7428	0
sub-04_2	6	Pulse	255	1366464	27428	0
sub-04_2	6	Sound	start_sound	1369036	30000	2			30000		other	0
sub-04_2	6	Nothing	silen	1384036	45000	1			45000		other	0
sub-04_2	6	Pulse	255	1386454	47418	0
sub-04_2	6	Nothing	silen	1389036	50000	1			50000		other	0
sub-04_2	6	Nothing	silen	1394036	55000	1			55000		other	0
sub-04_2	6	Nothing	silen	1399036	60000	1			60000		other	0
sub-04_2	6	Nothing	silen	1404036	65000	1			65000		other	0
sub-04_2	6	Pulse	255	1406454	67418	0
sub-04_2	6	Nothing	silen	1409036	70000	1			70000		other	0
sub-04_2	6	Nothing	silen	1414036	75000	1			75000		other	0
sub-04_2	6	Nothing	silen	1419036	80000	1			80000		other	0
sub-04_2	6	Nothing	silen	1424036	85000	1			85000		other	0
sub-04_2	6	Pulse	255	1426453	87418	0
sub-04_2	6	Nothing	silen	1429036	90000	1			90000		other	0
sub-04_2	6	Nothing	silen	1434036	95000	1			95000		other	0
sub-04_2	6	Nothing	silen	1439036	100000	1			100000		other	0
sub-04_2	6	Nothing	silen	1444036	105000	1			105000		other	0
sub-04_2	6	Pulse	255	1446453	107418	0
sub-04_2	6	Nothing	silen	1449036	110000	1			110000		other	0
sub-04_2	6	Nothing	silen	1454036	115000	1			115000		other	0
sub-04_2	6	Nothing	silen	1459036	120000	1			120000		other	0
sub-04_2	6	Nothing	silen	1464036	125000	1			125000		other	0
sub-04_2	6	Pulse	255	1466453	127418	0
sub-04_2	6	Nothing	silen	1469036	130000	1			130000		other	0
sub-04_2	6	Nothing	silen	1474036	135000	1			135000		other	0
sub-04_2	6	Nothing	silen	1479036	140000	1			140000		other	0
sub-04_2	6	Pulse	255	1486453	147417	0
sub-04_2	6	Pulse	255	1506454	167418	0
sub-04_2	7	Pulse	255	1526454	16862	0
sub-04_2	7	Sound	start_sound	1539592	30000	2			30000		other	0
sub-04_2	7	Pulse	255	1546454	36862	0
sub-04_2	7	Nothing	music	1554592	45000	1			45000		other	0
sub-04_2	7	Nothing	music	1559592	50000	1			50000		other	0
sub-04_2	7	Nothing	music	1564592	55000	1			55000		other	0
sub-04_2	7	Pulse	255	1566453	56861	0
sub-04_2	7	Nothing	music	1569592	60000	1			60000		other	0
sub-04_2	7	Nothing	music	1574592	65000	1			65000		other	0
sub-04_2	7	Nothing	music	1579592	70000	1			70000		other	0
sub-04_2	7	Nothing	music	1584592	75000	1			75000		other	0
sub-04_2	7	Pulse	255	1586454	76862	0
sub-04_2	7	Nothing	music	1589592	80000	1			80000		other	0
sub-04_2	7	Nothing	music	1594592	85000	1			85000		other	0
sub-04_2	7	Nothing	music	1599592	90000	1			90000		other	0
sub-04_2	7	Nothing	music	1604592	95000	1			95000		other	0
sub-04_2	7	Pulse	255	1606454	96862	0
sub-04_2	7	Nothing	music	1609592	100000	1			100000		other	0
sub-04_2	7	Nothing	music	1614592	105000	1			105000		other	0
sub-04_2	7	Nothing	music	1619592	110000	1			110000		other	0
sub-04_2	7	Nothing	music	1624592	115000	1			115000		other	0
sub-04_2	7	Pulse	255	1626454	116862	0
sub-04_2	7	Nothing	music	1629592	120000	1			120000		other	0
sub-04_2	7	Nothing	music	1634592	125000	1			125000		other	0
sub-04_2	7	Nothing	music	1639592	130000	1			130000		other	0
sub-04_2	7	Nothing	music	1644592	135000	1			135000		other	0
sub-04_2	7	Pulse	255	1646454	136862	0
sub-04_2	7	Nothing	music	1649592	140000	1			140000		other	0
sub-04_2	7	Pulse	255	1666454	156862	0
sub-04_2	8	Pulse	255	1686454	6306	0
sub-04_2	8	Pulse	255	1706454	26306	0
sub-04_2	8	Sound	start_sound	1710148	30000	2			30000		other	0
sub-04_2	8	Nothing	rever	1725148	45000	1			45000		other	0
sub-04_2	8	Pulse	255	1726454	46306	0
sub-04_2	8	Nothing	rever	1730148	50000	1			50000		other	0
sub-04_2	8	Nothing	rever	1735148	55000	1			55000		other	0
sub-04_2	8	Nothing	rever	1740148	60000	1			60000		other	0
sub-04_2	8	Nothing	rever	1745148	65000	1			65000		other	0
sub-04_2	8	Pulse	255	1746454	66306	0
sub-04_2	8	Nothing	rever	1750148	70000	1			70000		other	0
sub-04_2	8	Nothing	rever	1755148	75000	1			75000		other	0
sub-04_2	8	Nothing	rever	1760148	80000	1			80000		other	0
sub-04_2	8	Nothing	rever	1765148	85000	1			85000		other	0
sub-04_2	8	Pulse	255	1766454	86306	0
sub-04_2	8	Nothing	rever	1770148	90000	1			90000		other	0
sub-04_2	8	Nothing	rever	1775148	95000	1			95000		other	0
sub-04_2	8	Nothing	rever	1780148	100000	1			100000		other	0
sub-04_2	8	Nothing	rever	1785148	105000	1			105000		other	0
sub-04_2	8	Pulse	255	1786454	106306	0
sub-04_2	8	Nothing	rever	1790148	110000	1			110000		other	0
sub-04_2	8	Nothing	rever	1795148	115000	1			115000		other	0
sub-04_2	8	Nothing	rever	1800148	120000	1			120000		other	0
sub-04_2	8	Nothing	rever	1805148	125000	1			125000		other	0
sub-04_2	8	Pulse	255	1806453	126305	0
sub-04_2	8	Nothing	rever	1810148	130000	1			130000		other	0
sub-04_2	8	Nothing	rever	1815148	135000	1			135000		other	0
sub-04_2	8	Nothing	rever	1820148	140000	1			140000		other	0
sub-04_2	8	Pulse	255	1826454	146306	0
sub-04_2	8	Pulse	255	1846454	166306	0
sub-04_2	9	Pulse	255	1866454	15752	0
sub-04_2	9	Sound	start_sound	1880703	30000	2			30000		other	0
sub-04_2	9	Pulse	255	1886454	35752	0
sub-04_2	9	Nothing	parol	1890703	40000	1			40000		other	0
sub-04_2	9	Nothing	parol	1895703	45000	1			45000		other	0
sub-04_2	9	Nothing	parol	1900703	50000	1			50000		other	0
sub-04_2	9	Nothing	parol	1905703	55000	1			55000		other	0
sub-04_2	9	Pulse	255	1906454	55752	0
sub-04_2	9	Nothing	parol	1910703	60000	1			60000		other	0
sub-04_2	9	Nothing	parol	1915703	65000	1			65000		other	0
sub-04_2	9	Nothing	parol	1920703	70000	1			70000		other	0
sub-04_2	9	Nothing	parol	1925703	75000	1			75000		other	0
sub-04_2	9	Pulse	255	1926454	75751	0
sub-04_2	9	Nothing	parol	1930703	80000	1			80000		other	0
sub-04_2	9	Nothing	parol	1935703	85000	1			85000		other	0
sub-04_2	9	Nothing	parol	1940703	90000	1			90000		other	0
sub-04_2	9	Nothing	parol	1945703	95000	1			95000		other	0
sub-04_2	9	Pulse	255	1946454	95752	0
sub-04_2	9	Nothing	parol	1950703	100000	1			100000		other	0
sub-04_2	9	Nothing	parol	1955703	105000	1			105000		other	0
sub-04_2	9	Nothing	parol	1960703	110000	1			110000		other	0
sub-04_2	9	Nothing	parol	1965703	115000	1			115000		other	0
sub-04_2	9	Pulse	255	1966454	115752	0
sub-04_2	9	Nothing	parol	1970703	120000	1			120000		other	0
sub-04_2	9	Nothing	parol	1975703	125000	1			125000		other	0
sub-04_2	9	Nothing	parol	1980703	130000	1			130000		other	0
sub-04_2	9	Nothing	parol	1985703	135000	1			135000		other	0
sub-04_2	9	Pulse	255	1986454	135751	0
sub-04_2	9	Pulse	255	2006454	155752	0
sub-04_2	10	Pulse	255	2026454	10197	0
sub-04_2	10	Sound	start_sound	2046257	30000	2			30000		other	0
sub-04_2	10	Pulse	255	2046454	30197	0
sub-04_2	10	Nothing	alpha	2061257	45000	1			45000		other	0
sub-04_2	10	Nothing	alpha	2066257	50000	1			50000		other	0
sub-04_2	10	Pulse	255	2066455	50197	0
sub-04_2	10	Nothing	alpha	2071257	55000	1			55000		other	0
sub-04_2	10	Nothing	alpha	2076257	60000	1			60000		other	0
sub-04_2	10	Nothing	alpha	2081257	65000	1			65000		other	0
sub-04_2	10	Nothing	alpha	2086257	70000	1			70000		other	0
sub-04_2	10	Pulse	255	2086454	70197	0
sub-04_2	10	Nothing	alpha	2091257	75000	1			75000		other	0
sub-04_2	10	Nothing	alpha	2096257	80000	1			80000		other	0
sub-04_2	10	Nothing	alpha	2101257	85000	1			85000		other	0
sub-04_2	10	Nothing	alpha	2106257	90000	1			90000		other	0
sub-04_2	10	Pulse	255	2106455	90197	0
sub-04_2	10	Nothing	alpha	2111257	95000	1			95000		other	0
sub-04_2	10	Nothing	alpha	2116257	100000	1			100000		other	0
sub-04_2	10	Nothing	alpha	2121257	105000	1			105000		other	0
sub-04_2	10	Nothing	alpha	2126257	110000	1			110000		other	0
sub-04_2	10	Pulse	255	2126455	110197	0
sub-04_2	10	Nothing	alpha	2131257	115000	1			115000		other	0
sub-04_2	10	Nothing	alpha	2136257	120000	1			120000		other	0
sub-04_2	10	Nothing	alpha	2141257	125000	1			125000		other	0
sub-04_2	10	Nothing	alpha	2146257	130000	1			130000		other	0
sub-04_2	10	Pulse	255	2146455	130197	0
sub-04_2	10	Nothing	alpha	2151257	135000	1			135000		other	0
sub-04_2	10	Nothing	alpha	2156257	140000	1			140000		other	0
sub-04_2	10	Pulse	255	2166454	150197	0
sub-04_2	10	Pulse	255	2186454	170197	0
sub-04_2	11	Pulse	255	2206455	19640	0
sub-04_2	11	Sound	start_sound	2216815	30000	2			30000		other	0
sub-04_2	11	Pulse	255	2226455	39640	0
sub-04_2	11	Nothing	human	2231815	45000	1			45000		other	0
sub-04_2	11	Nothing	human	2236815	50000	1			50000		other	0
sub-04_2	11	Nothing	human	2241815	55000	1			55000		other	0
sub-04_2	11	Pulse	255	2246455	59640	0
sub-04_2	11	Nothing	human	2246815	60000	1			60000		other	0
sub-04_2	11	Nothing	human	2251815	65000	1			65000		other	0
sub-04_2	11	Nothing	human	2256815	70000	1			70000		other	0
sub-04_2	11	Nothing	human	2261815	75000	1			75000		other	0
sub-04_2	11	Pulse	255	2266455	79640	0
sub-04_2	11	Nothing	human	2266815	80000	1			80000		other	0
sub-04_2	11	Nothing	human	2271815	85000	1			85000		other	0
sub-04_2	11	Nothing	human	2276815	90000	1			90000		other	0
sub-04_2	11	Nothing	human	2281815	95000	1			95000		other	0
sub-04_2	11	Pulse	255	2286455	99640	0
sub-04_2	11	Nothing	human	2286815	100000	1			100000		other	0
sub-04_2	11	Nothing	human	2291815	105000	1			105000		other	0
sub-04_2	11	Nothing	human	2296815	110000	1			110000		other	0
sub-04_2	11	Nothing	human	2301815	115000	1			115000		other	0
sub-04_2	11	Pulse	255	2306455	119640	0
sub-04_2	11	Nothing	human	2306815	120000	1			120000		other	0
sub-04_2	11	Nothing	human	2311815	125000	1			125000		other	0
sub-04_2	11	Nothing	human	2316815	130000	1			130000		other	0
sub-04_2	11	Nothing	human	2321815	135000	1			135000		other	0
sub-04_2	11	Pulse	255	2326455	139640	0
sub-04_2	11	Nothing	human	2326815	140000	1			140000		other	0
sub-04_2	11	Pulse	255	2346455	159640	0
sub-04_2	12	Picture	Bfix	2357435	0	1	60327	1	0	60000	other	0
sub-04_2	12	Pulse	255	2366454	9020	0
sub-04_2	12	Pulse	255	2386455	29020	0
sub-04_2	12	Pulse	255	2406454	49020	0
sub-04_2	13	Pulse	255	2426455	8919	0
sub-04_2	13	Pulse	255	2446454	28919	0
sub-04_2	13	Sound	start_sound	2447536	30000	2			30000		other	0
sub-04_2	13	Nothing	pleur	2462536	45000	1			45000		other	0
sub-04_2	13	Pulse	255	2466455	48919	0
sub-04_2	13	Nothing	pleur	2467536	50000	1			50000		other	0
sub-04_2	13	Nothing	pleur	2472536	55000	1			55000		other	0
sub-04_2	13	Nothing	pleur	2477536	60000	1			60000		other	0
sub-04_2	13	Nothing	pleur	2482536	65000	1			65000		other	0
sub-04_2	13	Pulse	255	2486455	68919	0
sub-04_2	13	Nothing	pleur	2487536	70000	1			70000		other	0
sub-04_2	13	Nothing	pleur	2492536	75000	1			75000		other	0
sub-04_2	13	Nothing	pleur	2497536	80000	1			80000		other	0
sub-04_2	13	Nothing	pleur	2502536	85000	1			85000		other	0
sub-04_2	13	Pulse	255	2506455	88919	0
sub-04_2	13	Nothing	pleur	2507536	90000	1			90000		other	0
sub-04_2	13	Nothing	pleur	2512536	95000	1			95000		other	0
sub-04_2	13	Nothing	pleur	2517536	100000	1			100000		other	0
sub-04_2	13	Nothing	pleur	2522536	105000	1			105000		other	0
sub-04_2	13	Pulse	255	2526455	108919	0
sub-04_2	13	Nothing	pleur	2527536	110000	1			110000		other	0
sub-04_2	13	Nothing	pleur	2532536	115000	1			115000		other	0
sub-04_2	13	Nothing	pleur	2537536	120000	1			120000		other	0
sub-04_2	13	Nothing	pleur	2542536	125000	1			125000		other	0
sub-04_2	13	Pulse	255	2546455	128919	0
sub-04_2	13	Nothing	pleur	2547536	130000	1			130000		other	0
sub-04_2	13	Nothing	pleur	2552536	135000	1			135000		other	0
sub-04_2	13	Nothing	pleur	2557536	140000	1			140000		other	0
sub-04_2	13	Pulse	255	2566455	148919	0
sub-04_2	13	Pulse	255	2586455	168919	0
sub-04_2	14	Pulse	255	2606455	18367	0
sub-04_2	14	Sound	start_sound	2618088	30000	2			30000		other	0
sub-04_2	14	Pulse	255	2626455	38367	0
sub-04_2	14	Nothing	cough	2633088	45000	1			45000		other	0
sub-04_2	14	Nothing	cough	2638088	50000	1			50000		other	0
sub-04_2	14	Nothing	cough	2643088	55000	1			55000		other	0
sub-04_2	14	Pulse	255	2646455	58367	0
sub-04_2	14	Nothing	cough	2648088	60000	1			60000		other	0
sub-04_2	14	Nothing	cough	2653088	65000	1			65000		other	0
sub-04_2	14	Nothing	cough	2658088	70000	1			70000		other	0
sub-04_2	14	Nothing	cough	2663088	75000	1			75000		other	0
sub-04_2	14	Pulse	255	2666455	78367	0
sub-04_2	14	Nothing	cough	2668088	80000	1			80000		other	0
sub-04_2	14	Nothing	cough	2673088	85000	1			85000		other	0
sub-04_2	14	Nothing	cough	2678088	90000	1			90000		other	0
sub-04_2	14	Nothing	cough	2683088	95000	1			95000		other	0
sub-04_2	14	Pulse	255	2686455	98367	0
sub-04_2	14	Nothing	cough	2688088	100000	1			100000		other	0
sub-04_2	14	Nothing	cough	2693088	105000	1			105000		other	0
sub-04_2	14	Nothing	cough	2698088	110000	1			110000		other	0
sub-04_2	14	Nothing	cough	2703088	115000	1			115000		other	0
sub-04_2	14	Pulse	255	2706455	118367	0
sub-04_2	14	Nothing	cough	2708088	120000	1			120000		other	0
sub-04_2	14	Nothing	cough	2713088	125000	1			125000		other	0
sub-04_2	14	Nothing	cough	2718088	130000	1			130000		other	0
sub-04_2	14	Nothing	cough	2723088	135000	1			135000		other	0
sub-04_2	14	Pulse	255	2726455	138367	0
sub-04_2	14	Nothing	cough	2728088	140000	1			140000		other	0
sub-04_2	14	Pulse	255	2746455	158367	0
sub-04_2	15	Pulse	255	2766455	7812	0
sub-04_2	15	Pulse	255	2786455	27812	0
sub-04_2	15	Sound	start_sound	2788644	30000	2			30000		other	0
sub-04_2	15	Nothing	suomi	2803644	45000	1			45000		other	0
sub-04_2	15	Pulse	255	2806455	47812	0
sub-04_2	15	Nothing	suomi	2808644	50000	1			50000		other	0
sub-04_2	15	Nothing	suomi	2813644	55000	1			55000		other	0
sub-04_2	15	Nothing	suomi	2818644	60000	1			60000		other	0
sub-04_2	15	Nothing	suomi	2823644	65000	1			65000		other	0
sub-04_2	15	Pulse	255	2826455	67812	0
sub-04_2	15	Nothing	suomi	2828644	70000	1			70000		other	0
sub-04_2	15	Nothing	suomi	2833644	75000	1			75000		other	0
sub-04_2	15	Nothing	suomi	2838644	80000	1			80000		other	0
sub-04_2	15	Nothing	suomi	2843644	85000	1			85000		other	0
sub-04_2	15	Pulse	255	2846455	87812	0
sub-04_2	15	Nothing	suomi	2848644	90000	1			90000		other	0
sub-04_2	15	Nothing	suomi	2853644	95000	1			95000		other	0
sub-04_2	15	Nothing	suomi	2858644	100000	1			100000		other	0
sub-04_2	15	Nothing	suomi	2863644	105000	1			105000		other	0
sub-04_2	15	Pulse	255	2866455	107812	0
sub-04_2	15	Nothing	suomi	2868644	110000	1			110000		other	0
sub-04_2	15	Nothing	suomi	2873644	115000	1			115000		other	0
sub-04_2	15	Nothing	suomi	2878644	120000	1			120000		other	0
sub-04_2	15	Nothing	suomi	2883644	125000	1			125000		other	0
sub-04_2	15	Pulse	255	2886455	127812	0
sub-04_2	15	Nothing	suomi	2888644	130000	1			130000		other	0
sub-04_2	15	Nothing	suomi	2893644	135000	1			135000		other	0
sub-04_2	15	Nothing	suomi	2898644	140000	1			140000		other	0
sub-04_2	15	Pulse	255	2906455	147811	0
sub-04_2	15	Pulse	255	2926455	167811	0
sub-04_2	16	Pulse	255	2946456	17257	0
sub-04_2	16	Sound	start_sound	2959199	30000	2			30000		other	0
sub-04_2	16	Pulse	255	2966456	37257	0
sub-04_2	16	Nothing	silen	2974199	45000	1			45000		other	0
sub-04_2	16	Nothing	silen	2979199	50000	1			50000		other	0
sub-04_2	16	Nothing	silen	2984199	55000	1			55000		other	0
sub-04_2	16	Pulse	255	2986456	57257	0
sub-04_2	16	Nothing	silen	2989199	60000	1			60000		other	0
sub-04_2	16	Nothing	silen	2994199	65000	1			65000		other	0
sub-04_2	16	Nothing	silen	2999199	70000	1			70000		other	0
sub-04_2	16	Nothing	silen	3004199	75000	1			75000		other	0
sub-04_2	16	Pulse	255	3006456	77257	0
sub-04_2	16	Nothing	silen	3009199	80000	1			80000		other	0
sub-04_2	16	Nothing	silen	3014199	85000	1			85000		other	0
sub-04_2	16	Nothing	silen	3019199	90000	1			90000		other	0
sub-04_2	16	Nothing	silen	3024199	95000	1			95000		other	0
sub-04_2	16	Pulse	255	3026456	97257	0
sub-04_2	16	Nothing	silen	3029199	100000	1			100000		other	0
sub-04_2	16	Nothing	silen	3034199	105000	1			105000		other	0
sub-04_2	16	Nothing	silen	3039199	110000	1			110000		other	0
sub-04_2	16	Nothing	silen	3044199	115000	1			115000		other	0
sub-04_2	16	Pulse	255	3046455	117256	0
sub-04_2	16	Nothing	silen	3049199	120000	1			120000		other	0
sub-04_2	16	Nothing	silen	3054199	125000	1			125000		other	0
sub-04_2	16	Nothing	silen	3059199	130000	1			130000		other	0
sub-04_2	16	Nothing	silen	3064199	135000	1			135000		other	0
sub-04_2	16	Pulse	255	3066456	137257	0
sub-04_2	16	Nothing	silen	3069199	140000	1			140000		other	0
sub-04_2	16	Pulse	255	3086455	157257	0
sub-04_2	17	Pulse	255	3106456	6702	0
sub-04_2	17	Pulse	255	3126456	26702	0
sub-04_2	17	Sound	start_sound	3129753	30000	2			30000		other	0
sub-04_2	17	Nothing	human	3144753	45000	1			45000		other	0
sub-04_2	17	Pulse	255	3146456	46702	0
sub-04_2	17	Nothing	human	3149753	50000	1			50000		other	0
sub-04_2	17	Nothing	human	3154753	55000	1			55000		other	0
sub-04_2	17	Nothing	human	3159753	60000	1			60000		other	0
sub-04_2	17	Nothing	human	3164753	65000	1			65000		other	0
sub-04_2	17	Pulse	255	3166456	66702	0
sub-04_2	17	Nothing	human	3169753	70000	1			70000		other	0
sub-04_2	17	Nothing	human	3174753	75000	1			75000		other	0
sub-04_2	17	Nothing	human	3179753	80000	1			80000		other	0
sub-04_2	17	Nothing	human	3184753	85000	1			85000		other	0
sub-04_2	17	Pulse	255	3186446	86692	0
sub-04_2	17	Nothing	human	3189753	90000	1			90000		other	0
sub-04_2	17	Nothing	human	3194753	95000	1			95000		other	0
sub-04_2	17	Nothing	human	3199753	100000	1			100000		other	0
sub-04_2	17	Nothing	human	3204753	105000	1			105000		other	0
sub-04_2	17	Pulse	255	3206445	106692	0
sub-04_2	17	Nothing	human	3209753	110000	1			110000		other	0
sub-04_2	17	Nothing	human	3214753	115000	1			115000		other	0
sub-04_2	17	Nothing	human	3219753	120000	1			120000		other	0
sub-04_2	17	Nothing	human	3224753	125000	1			125000		other	0
sub-04_2	17	Pulse	255	3226445	126692	0
sub-04_2	17	Nothing	human	3229753	130000	1			130000		other	0
sub-04_2	17	Nothing	human	3234753	135000	1			135000		other	0
sub-04_2	17	Nothing	human	3239753	140000	1			140000		other	0
sub-04_2	17	Pulse	255	3246446	146692	0
sub-04_2	17	Pulse	255	3266446	166693	0
sub-04_2	18	Pulse	255	3286446	16138	0
sub-04_2	18	Sound	start_sound	3300308	30000	2			30000		other	0
sub-04_2	18	Pulse	255	3306446	36138	0
sub-04_2	18	Nothing	music	3315308	45000	1			45000		other	0
sub-04_2	18	Nothing	music	3320308	50000	1			50000		other	0
sub-04_2	18	Nothing	music	3325308	55000	1			55000		other	0
sub-04_2	18	Pulse	255	3326446	56138	0
sub-04_2	18	Nothing	music	3330308	60000	1			60000		other	0
sub-04_2	18	Nothing	music	3335308	65000	1			65000		other	0
sub-04_2	18	Nothing	music	3340308	70000	1			70000		other	0
sub-04_2	18	Nothing	music	3345308	75000	1			75000		other	0
sub-04_2	18	Pulse	255	3346446	76138	0
sub-04_2	18	Nothing	music	3350308	80000	1			80000		other	0
sub-04_2	18	Nothing	music	3355308	85000	1			85000		other	0
sub-04_2	18	Nothing	music	3360308	90000	1			90000		other	0
sub-04_2	18	Nothing	music	3365308	95000	1			95000		other	0
sub-04_2	18	Pulse	255	3366446	96138	0
sub-04_2	18	Nothing	music	3370308	100000	1			100000		other	0
sub-04_2	18	Nothing	music	3375308	105000	1			105000		other	0
sub-04_2	18	Nothing	music	3380308	110000	1			110000		other	0
sub-04_2	18	Nothing	music	3385308	115000	1			115000		other	0
sub-04_2	18	Pulse	255	3386446	116138	0
sub-04_2	18	Nothing	music	3390308	120000	1			120000		other	0
sub-04_2	18	Nothing	music	3395308	125000	1			125000		other	0
sub-04_2	18	Nothing	music	3400308	130000	1			130000		other	0
sub-04_2	18	Nothing	music	3405308	135000	1			135000		other	0
sub-04_2	18	Pulse	255	3406446	136138	0
sub-04_2	18	Nothing	music	3410308	140000	1			140000		other	0
sub-04_2	18	Pulse	255	3426446	156138	0
sub-04_2	19	Pulse	255	3446446	5582	0
sub-04_2	19	Pulse	255	3466446	25582	0
sub-04_2	19	Sound	start_sound	3470864	30000	2			30000		other	0
sub-04_2	19	Nothing	animo	3485864	45000	1			45000		other	0
sub-04_2	19	Pulse	255	3486446	45582	0
sub-04_2	19	Nothing	animo	3490864	50000	1			50000		other	0
sub-04_2	19	Nothing	animo	3495864	55000	1			55000		other	0
sub-04_2	19	Nothing	animo	3500864	60000	1			60000		other	0
sub-04_2	19	Nothing	animo	3505864	65000	1			65000		other	0
sub-04_2	19	Pulse	255	3506446	65582	0
sub-04_2	19	Nothing	animo	3510864	70000	1			70000		other	0
sub-04_2	19	Nothing	animo	3515864	75000	1			75000		other	0
sub-04_2	19	Nothing	animo	3520864	80000	1			80000		other	0
sub-04_2	19	Nothing	animo	3525864	85000	1			85000		other	0
sub-04_2	19	Pulse	255	3526446	85582	0
sub-04_2	19	Nothing	animo	3530864	90000	1			90000		other	0
sub-04_2	19	Nothing	animo	3535864	95000	1			95000		other	0
sub-04_2	19	Nothing	animo	3540864	100000	1			100000		other	0
sub-04_2	19	Nothing	animo	3545864	105000	1			105000		other	0
sub-04_2	19	Pulse	255	3546446	105582	0
sub-04_2	19	Nothing	animo	3550864	110000	1			110000		other	0
sub-04_2	19	Nothing	animo	3555864	115000	1			115000		other	0
sub-04_2	19	Nothing	animo	3560864	120000	1			120000		other	0
sub-04_2	19	Nothing	animo	3565864	125000	1			125000		other	0
sub-04_2	19	Pulse	255	3566446	125582	0
sub-04_2	19	Nothing	animo	3570864	130000	1			130000		other	0
sub-04_2	19	Nothing	animo	3575864	135000	1			135000		other	0
sub-04_2	19	Nothing	animo	3580864	140000	1			140000		other	0
sub-04_2	19	Pulse	255	3586446	145582	0
sub-04_2	19	Pulse	255	3606446	165582	0
sub-04_2	20	Pulse	255	3626446	15027	0
sub-04_2	20	Sound	start_sound	3641419	30000	2			30000		other	0
sub-04_2	20	Pulse	255	3646446	35027	0
sub-04_2	20	Nothing	rires	3656419	45000	1			45000		other	0
sub-04_2	20	Nothing	rires	3661419	50000	1			50000		other	0
sub-04_2	20	Nothing	rires	3666419	55000	1			55000		other	0
sub-04_2	20	Pulse	255	3666446	55027	0
sub-04_2	20	Nothing	rires	3671419	60000	1			60000		other	0
sub-04_2	20	Nothing	rires	3676419	65000	1			65000		other	0
sub-04_2	20	Nothing	rires	3681419	70000	1			70000		other	0
sub-04_2	20	Nothing	rires	3686419	75000	1			75000		other	0
sub-04_2	20	Pulse	255	3686446	75027	0
sub-04_2	20	Nothing	rires	3691419	80000	1			80000		other	0
sub-04_2	20	Nothing	rires	3696419	85000	1			85000		other	0
sub-04_2	20	Nothing	rires	3701419	90000	1			90000		other	0
sub-04_2	20	Nothing	rires	3706419	95000	1			95000		other	0
sub-04_2	20	Pulse	255	3706446	95027	0
sub-04_2	20	Nothing	rires	3711419	100000	1			100000		other	0
sub-04_2	20	Nothing	rires	3716419	105000	1			105000		other	0
sub-04_2	20	Nothing	rires	3721419	110000	1			110000		other	0
sub-04_2	20	Nothing	rires	3726419	115000	1			115000		other	0
sub-04_2	20	Pulse	255	3726446	115027	0
sub-04_2	20	Nothing	rires	3731419	120000	1			120000		other	0
sub-04_2	20	Nothing	rires	3736419	125000	1			125000		other	0
sub-04_2	20	Nothing	rires	3741419	130000	1			130000		other	0
sub-04_2	20	Nothing	rires	3746419	135000	1			135000		other	0
sub-04_2	20	Pulse	255	3746447	135027	0
sub-04_2	20	Nothing	rires	3751419	140000	1			140000		other	0
sub-04_2	20	Pulse	255	3766446	155027	0
sub-04_2	21	Pulse	255	3786446	4473	0
sub-04_2	21	Pulse	255	3806447	24474	0
sub-04_2	21	Sound	start_sound	3811973	30000	2			30000		other	0
sub-04_2	21	Pulse	255	3826447	44474	0
sub-04_2	21	Nothing	envir	3826973	45000	1			45000		other	0
sub-04_2	21	Nothing	envir	3831973	50000	1			50000		other	0
sub-04_2	21	Nothing	envir	3836973	55000	1			55000		other	0
sub-04_2	21	Nothing	envir	3841973	60000	1			60000		other	0
sub-04_2	21	Pulse	255	3846447	64474	0
sub-04_2	21	Nothing	envir	3846973	65000	1			65000		other	0
sub-04_2	21	Nothing	envir	3851973	70000	1			70000		other	0
sub-04_2	21	Nothing	envir	3856973	75000	1			75000		other	0
sub-04_2	21	Nothing	envir	3861973	80000	1			80000		other	0
sub-04_2	21	Pulse	255	3866447	84474	0
sub-04_2	21	Nothing	envir	3866973	85000	1			85000		other	0
sub-04_2	21	Nothing	envir	3871973	90000	1			90000		other	0
sub-04_2	21	Nothing	envir	3876973	95000	1			95000		other	0
sub-04_2	21	Nothing	envir	3881973	100000	1			100000		other	0
sub-04_2	21	Pulse	255	3886447	104474	0
sub-04_2	21	Nothing	envir	3886973	105000	1			105000		other	0
sub-04_2	21	Nothing	envir	3891973	110000	1			110000		other	0
sub-04_2	21	Nothing	envir	3896973	115000	1			115000		other	0
sub-04_2	21	Nothing	envir	3901973	120000	1			120000		other	0
sub-04_2	21	Pulse	255	3906447	124474	0
sub-04_2	21	Nothing	envir	3906973	125000	1			125000		other	0
sub-04_2	21	Nothing	envir	3911973	130000	1			130000		other	0
sub-04_2	21	Nothing	envir	3916973	135000	1			135000		other	0
sub-04_2	21	Nothing	envir	3921973	140000	1			140000		other	0
sub-04_2	21	Pulse	255	3926446	144474	0
sub-04_2	21	Pulse	255	3946447	164474	0
sub-04_2	22	Pulse	255	3966447	13918	0
sub-04_2	22	Sound	start_sound	3982528	30000	2			30000		other	0
sub-04_2	22	Pulse	255	3986447	33918	0
sub-04_2	22	Nothing	cough	3997528	45000	1			45000		other	0
sub-04_2	22	Nothing	cough	4002528	50000	1			50000		other	0
sub-04_2	22	Pulse	255	4006447	53918	0
sub-04_2	22	Nothing	cough	4007528	55000	1			55000		other	0
sub-04_2	22	Nothing	cough	4012528	60000	1			60000		other	0
sub-04_2	22	Nothing	cough	4017528	65000	1			65000		other	0
sub-04_2	22	Nothing	cough	4022528	70000	1			70000		other	0
sub-04_2	22	Pulse	255	4026447	73918	0
sub-04_2	22	Nothing	cough	4027528	75000	1			75000		other	0
sub-04_2	22	Nothing	cough	4032528	80000	1			80000		other	0
sub-04_2	22	Nothing	cough	4037528	85000	1			85000		other	0
sub-04_2	22	Nothing	cough	4042528	90000	1			90000		other	0
sub-04_2	22	Pulse	255	4046447	93919	0
sub-04_2	22	Nothing	cough	4047528	95000	1			95000		other	0
sub-04_2	22	Nothing	cough	4052528	100000	1			100000		other	0
sub-04_2	22	Nothing	cough	4057528	105000	1			105000		other	0
sub-04_2	22	Nothing	cough	4062528	110000	1			110000		other	0
sub-04_2	22	Pulse	255	4066446	113918	0
sub-04_2	22	Nothing	cough	4067528	115000	1			115000		other	0
sub-04_2	22	Nothing	cough	4072528	120000	1			120000		other	0
sub-04_2	22	Nothing	cough	4077528	125000	1			125000		other	0
sub-04_2	22	Nothing	cough	4082528	130000	1			130000		other	0
sub-04_2	22	Pulse	255	4086446	133918	0
sub-04_2	22	Nothing	cough	4087528	135000	1			135000		other	0
sub-04_2	22	Nothing	cough	4092528	140000	1			140000		other	0
sub-04_2	22	Pulse	255	4106447	153919	0
sub-04_2	23	Picture	Bfix	4123148	0	1	60326	1	0	60000	other	0
sub-04_2	23	Pulse	255	4126447	3299	0
sub-04_2	23	Pulse	255	4146447	23299	0
sub-04_2	23	Pulse	255	4166447	43299	0
sub-04_2	24	Pulse	255	4186447	3200	0
sub-04_2	24	Pulse	255	4206446	23199	0
sub-04_2	24	Sound	start_sound	4213247	30000	2			30000		other	0
sub-04_2	24	Pulse	255	4226447	43200	0
sub-04_2	24	Nothing	rires	4228247	45000	1			45000		other	0
sub-04_2	24	Nothing	rires	4233247	50000	1			50000		other	0
sub-04_2	24	Nothing	rires	4238247	55000	1			55000		other	0
sub-04_2	24	Nothing	rires	4243247	60000	1			60000		other	0
sub-04_2	24	Pulse	255	4246447	63200	0
sub-04_2	24	Nothing	rires	4248247	65000	1			65000		other	0
sub-04_2	24	Nothing	rires	4253247	70000	1			70000		other	0
sub-04_2	24	Nothing	rires	4258247	75000	1			75000		other	0
sub-04_2	24	Nothing	rires	4263247	80000	1			80000		other	0
sub-04_2	24	Pulse	255	4266447	83200	0
sub-04_2	24	Nothing	rires	4268247	85000	1			85000		other	0
sub-04_2	24	Nothing	rires	4273247	90000	1			90000		other	0
sub-04_2	24	Nothing	rires	4278247	95000	1			95000		other	0
sub-04_2	24	Nothing	rires	4283247	100000	1			100000		other	0
sub-04_2	24	Pulse	255	4286447	103200	0
sub-04_2	24	Nothing	rires	4288247	105000	1			105000		other	0
sub-04_2	24	Nothing	rires	4293247	110000	1			110000		other	0
sub-04_2	24	Nothing	rires	4298247	115000	1			115000		other	0
sub-04_2	24	Nothing	rires	4303247	120000	1			120000		other	0
sub-04_2	24	Pulse	255	4306447	123200	0
sub-04_2	24	Nothing	rires	4308247	125000	1			125000		other	0
sub-04_2	24	Nothing	rires	4313247	130000	1			130000		other	0
sub-04_2	24	Nothing	rires	4318247	135000	1			135000		other	0
sub-04_2	24	Nothing	rires	4323247	140000	1			140000		other	0
sub-04_2	24	Pulse	255	4326447	143200	0
sub-04_2	24	Pulse	255	4346447	163200	0
sub-04_2	25	Pulse	255	4366447	12645	0
sub-04_2	25	Sound	start_sound	4383802	30000	2			30000		other	0
sub-04_2	25	Pulse	255	4386447	32645	0
sub-04_2	25	Nothing	cough	4398802	45000	1			45000		other	0
sub-04_2	25	Nothing	cough	4403802	50000	1			50000		other	0
sub-04_2	25	Pulse	255	4406447	52645	0
sub-04_2	25	Nothing	cough	4408802	55000	1			55000		other	0
sub-04_2	25	Nothing	cough	4413802	60000	1			60000		other	0
sub-04_2	25	Nothing	cough	4418802	65000	1			65000		other	0
sub-04_2	25	Nothing	cough	4423802	70000	1			70000		other	0
sub-04_2	25	Pulse	255	4426447	72645	0
sub-04_2	25	Nothing	cough	4428802	75000	1			75000		other	0
sub-04_2	25	Nothing	cough	4433802	80000	1			80000		other	0
sub-04_2	25	Nothing	cough	4438802	85000	1			85000		other	0
sub-04_2	25	Nothing	cough	4443802	90000	1			90000		other	0
sub-04_2	25	Pulse	255	4446447	92645	0
sub-04_2	25	Nothing	cough	4448802	95000	1			95000		other	0
sub-04_2	25	Nothing	cough	4453802	100000	1			100000		other	0
sub-04_2	25	Nothing	cough	4458802	105000	1			105000		other	0
sub-04_2	25	Nothing	cough	4463802	110000	1			110000		other	0
sub-04_2	25	Pulse	255	4466447	112645	0
sub-04_2	25	Nothing	cough	4468802	115000	1			115000		other	0
sub-04_2	25	Nothing	cough	4473802	120000	1			120000		other	0
sub-04_2	25	Nothing	cough	4478802	125000	1			125000		other	0
sub-04_2	25	Nothing	cough	4483802	130000	1			130000		other	0
sub-04_2	25	Pulse	255	4486447	132645	0
sub-04_2	25	Nothing	cough	4488802	135000	1			135000		other	0
sub-04_2	25	Nothing	cough	4493802	140000	1			140000		other	0
sub-04_2	25	Pulse	255	4506447	152645	0
sub-04_2	26	Pulse	255	4526447	2089	0
sub-04_2	26	Pulse	255	4546447	22089	0
sub-04_2	26	Sound	start_sound	4554359	30000	2			30000		other	0
sub-04_2	26	Pulse	255	4566447	42088	0
sub-04_2	26	Nothing	animo	4569359	45000	1			45000		other	0
sub-04_2	26	Nothing	animo	4574359	50000	1			50000		other	0
sub-04_2	26	Nothing	animo	4579359	55000	1			55000		other	0
sub-04_2	26	Nothing	animo	4584359	60000	1			60000		other	0
sub-04_2	26	Pulse	255	4586447	62089	0
sub-04_2	26	Nothing	animo	4589359	65000	1			65000		other	0
sub-04_2	26	Nothing	animo	4594359	70000	1			70000		other	0
sub-04_2	26	Nothing	animo	4599359	75000	1			75000		other	0
sub-04_2	26	Nothing	animo	4604359	80000	1			80000		other	0
sub-04_2	26	Pulse	255	4606447	82089	0
sub-04_2	26	Nothing	animo	4609359	85000	1			85000		other	0
sub-04_2	26	Nothing	animo	4614359	90000	1			90000		other	0
sub-04_2	26	Nothing	animo	4619359	95000	1			95000		other	0
sub-04_2	26	Nothing	animo	4624359	100000	1			100000		other	0
sub-04_2	26	Pulse	255	4626447	102089	0
sub-04_2	26	Nothing	animo	4629359	105000	1			105000		other	0
sub-04_2	26	Nothing	animo	4634359	110000	1			110000		other	0
sub-04_2	26	Nothing	animo	4639359	115000	1			115000		other	0
sub-04_2	26	Nothing	animo	4644359	120000	1			120000		other	0
sub-04_2	26	Pulse	255	4646448	122089	0
sub-04_2	26	Nothing	animo	4649359	125000	1			125000		other	0
sub-04_2	26	Nothing	animo	4654359	130000	1			130000		other	0
sub-04_2	26	Nothing	animo	4659359	135000	1			135000		other	0
sub-04_2	26	Nothing	animo	4664359	140000	1			140000		other	0
sub-04_2	26	Pulse	255	4666447	142089	0
sub-04_2	26	Pulse	255	4686448	162089	0
sub-04_2	27	Pulse	255	4706448	11533	0
sub-04_2	27	Sound	start_sound	4724914	30000	2			30000		other	0
sub-04_2	27	Pulse	255	4726448	31533	0
sub-04_2	27	Nothing	rever	4739914	45000	1			45000		other	0
sub-04_2	27	Nothing	rever	4744914	50000	1			50000		other	0
sub-04_2	27	Pulse	255	4746447	51533	1
sub-04_2	27	Nothing	rever	4749914	55000	1			55000		other	0
sub-04_2	27	Nothing	rever	4754914	60000	1			60000		other	0
sub-04_2	27	Nothing	rever	4759914	65000	1			65000		other	0
sub-04_2	27	Nothing	rever	4764914	70000	1			70000		other	0
sub-04_2	27	Pulse	255	4766447	71533	0
sub-04_2	27	Nothing	rever	4769914	75000	1			75000		other	0
sub-04_2	27	Nothing	rever	4774914	80000	1			80000		other	0
sub-04_2	27	Nothing	rever	4779914	85000	1			85000		other	0
sub-04_2	27	Nothing	rever	4784914	90000	1			90000		other	0
sub-04_2	27	Pulse	255	4786448	91533	0
sub-04_2	27	Nothing	rever	4789914	95000	1			95000		other	0
sub-04_2	27	Nothing	rever	4794914	100000	1			100000		other	0
sub-04_2	27	Nothing	rever	4799914	105000	1			105000		other	0
sub-04_2	27	Nothing	rever	4804914	110000	1			110000		other	0
sub-04_2	27	Pulse	255	4806448	111533	0
sub-04_2	27	Nothing	rever	4809914	115000	1			115000		other	0
sub-04_2	27	Nothing	rever	4814914	120000	1			120000		other	0
sub-04_2	27	Nothing	rever	4819914	125000	1			125000		other	0
sub-04_2	27	Nothing	rever	4824914	130000	1			130000		other	0
sub-04_2	27	Pulse	255	4826448	131533	0
sub-04_2	27	Nothing	rever	4829914	135000	1			135000		other	0
sub-04_2	27	Nothing	rever	4834914	140000	1			140000		other	0
sub-04_2	27	Pulse	255	4846447	151533	0
sub-04_2	28	Pulse	255	4866447	1031	0
sub-04_2	28	Pulse	255	4886448	21032	0
sub-04_2	28	Sound	start_sound	4895416	30000	2			30000		other	0
sub-04_2	28	Pulse	255	4906448	41032	0
sub-04_2	28	Nothing	alpha	4910416	45000	1			45000		other	0
sub-04_2	28	Nothing	alpha	4915416	50000	1			50000		other	0
sub-04_2	28	Nothing	alpha	4920416	55000	1			55000		other	0
sub-04_2	28	Nothing	alpha	4925416	60000	1			60000		other	0
sub-04_2	28	Pulse	255	4926448	61032	0
sub-04_2	28	Nothing	alpha	4930416	65000	1			65000		other	0
sub-04_2	28	Nothing	alpha	4935416	70000	1			70000		other	0
sub-04_2	28	Nothing	alpha	4940416	75000	1			75000		other	0
sub-04_2	28	Nothing	alpha	4945416	80000	1			80000		other	0
sub-04_2	28	Pulse	255	4946448	81032	0
sub-04_2	28	Nothing	alpha	4950416	85000	1			85000		other	0
sub-04_2	28	Nothing	alpha	4955416	90000	1			90000		other	0
sub-04_2	28	Nothing	alpha	4960416	95000	1			95000		other	0
sub-04_2	28	Nothing	alpha	4965416	100000	1			100000		other	0
sub-04_2	28	Pulse	255	4966448	101032	0
sub-04_2	28	Nothing	alpha	4970416	105000	1			105000		other	0
sub-04_2	28	Nothing	alpha	4975416	110000	1			110000		other	0
sub-04_2	28	Nothing	alpha	4980416	115000	1			115000		other	0
sub-04_2	28	Nothing	alpha	4985416	120000	1			120000		other	0
sub-04_2	28	Pulse	255	4986438	121022	0
sub-04_2	28	Nothing	alpha	4990416	125000	1			125000		other	0
sub-04_2	28	Nothing	alpha	4995416	130000	1			130000		other	0
sub-04_2	28	Nothing	alpha	5000416	135000	1			135000		other	0
sub-04_2	28	Nothing	alpha	5005416	140000	1			140000		other	0
sub-04_2	28	Pulse	255	5006438	141022	0
sub-04_2	28	Pulse	255	5026438	161022	0
sub-04_2	29	Pulse	255	5046438	10463	0
sub-04_2	29	Sound	start_sound	5065975	30000	2			30000		other	0
sub-04_2	29	Pulse	255	5066438	30463	0
sub-04_2	29	Nothing	rires	5080975	45000	1			45000		other	0
sub-04_2	29	Nothing	rires	5085975	50000	1			50000		other	0
sub-04_2	29	Pulse	255	5086438	50463	0
sub-04_2	29	Nothing	rires	5090975	55000	1			55000		other	0
sub-04_2	29	Nothing	rires	5095975	60000	1			60000		other	0
sub-04_2	29	Nothing	rires	5100975	65000	1			65000		other	0
sub-04_2	29	Nothing	rires	5105975	70000	1			70000		other	0
sub-04_2	29	Pulse	255	5106438	70462	0
sub-04_2	29	Nothing	rires	5110975	75000	1			75000		other	0
sub-04_2	29	Nothing	rires	5115975	80000	1			80000		other	0
sub-04_2	29	Nothing	rires	5120975	85000	1			85000		other	0
sub-04_2	29	Nothing	rires	5125975	90000	1			90000		other	0
sub-04_2	29	Pulse	255	5126438	90463	0
sub-04_2	29	Nothing	rires	5130975	95000	1			95000		other	0
sub-04_2	29	Nothing	rires	5135975	100000	1			100000		other	0
sub-04_2	29	Nothing	rires	5140975	105000	1			105000		other	0
sub-04_2	29	Nothing	rires	5145975	110000	1			110000		other	0
sub-04_2	29	Pulse	255	5146438	110462	0
sub-04_2	29	Nothing	rires	5150975	115000	1			115000		other	0
sub-04_2	29	Nothing	rires	5155975	120000	1			120000		other	0
sub-04_2	29	Nothing	rires	5160975	125000	1			125000		other	0
sub-04_2	29	Nothing	rires	5165975	130000	1			130000		other	0
sub-04_2	29	Pulse	255	5166438	130463	0
sub-04_2	29	Nothing	rires	5170975	135000	1			135000		other	0
sub-04_2	29	Nothing	rires	5175975	140000	1			140000		other	0
sub-04_2	29	Pulse	255	5186438	150462	0
sub-04_2	29	Pulse	255	5206431	170456	7
sub-04_2	30	Pulse	255	5226438	19907	0
sub-04_2	30	Sound	start_sound	5236531	30000	2			30000		other	0
sub-04_2	30	Pulse	255	5246438	39907	0
sub-04_2	30	Nothing	animo	5251531	45000	1			45000		other	0
sub-04_2	30	Nothing	animo	5256531	50000	1			50000		other	0
sub-04_2	30	Nothing	animo	5261531	55000	1			55000		other	0
sub-04_2	30	Pulse	255	5266438	59907	0
sub-04_2	30	Nothing	animo	5266531	60000	1			60000		other	0
sub-04_2	30	Nothing	animo	5271531	65000	1			65000		other	0
sub-04_2	30	Nothing	animo	5276531	70000	1			70000		other	0
sub-04_2	30	Nothing	animo	5281531	75000	1			75000		other	0
sub-04_2	30	Pulse	255	5286438	79907	0
sub-04_2	30	Nothing	animo	5286531	80000	1			80000		other	0
sub-04_2	30	Nothing	animo	5291531	85000	1			85000		other	0
sub-04_2	30	Nothing	animo	5296531	90000	1			90000		other	0
sub-04_2	30	Nothing	animo	5301531	95000	1			95000		other	0
sub-04_2	30	Pulse	255	5306438	99907	0
sub-04_2	30	Nothing	animo	5306531	100000	1			100000		other	0
sub-04_2	30	Nothing	animo	5311531	105000	1			105000		other	0
sub-04_2	30	Nothing	animo	5316531	110000	1			110000		other	0
sub-04_2	30	Nothing	animo	5321531	115000	1			115000		other	0
sub-04_2	30	Pulse	255	5326438	119907	0
sub-04_2	30	Nothing	animo	5326531	120000	1			120000		other	0
sub-04_2	30	Nothing	animo	5331531	125000	1			125000		other	0
sub-04_2	30	Nothing	animo	5336531	130000	1			130000		other	0
sub-04_2	30	Nothing	animo	5341531	135000	1			135000		other	0
sub-04_2	30	Pulse	255	5346438	139907	0
sub-04_2	30	Nothing	animo	5346531	140000	1			140000		other	0
sub-04_2	30	Pulse	255	5366438	159907	0
sub-04_2	31	Pulse	255	5386438	9351	0
sub-04_2	31	Pulse	255	5406438	29351	0
sub-04_2	31	Sound	start_sound	5407087	30000	2			30000		other	0
sub-04_2	31	Nothing	parol	5417087	40000	1			40000		other	0
sub-04_2	31	Nothing	parol	5422087	45000	1			45000		other	0
sub-04_2	31	Pulse	255	5426438	49351	0
sub-04_2	31	Nothing	parol	5427087	50000	1			50000		other	0
sub-04_2	31	Nothing	parol	5432087	55000	1			55000		other	0
sub-04_2	31	Nothing	parol	5437087	60000	1			60000		other	0
sub-04_2	31	Nothing	parol	5442087	65000	1			65000		other	0
sub-04_2	31	Pulse	255	5446438	69351	0
sub-04_2	31	Nothing	parol	5447087	70000	1			70000		other	0
sub-04_2	31	Nothing	parol	5452087	75000	1			75000		other	0
sub-04_2	31	Nothing	parol	5457087	80000	1			80000		other	0
sub-04_2	31	Nothing	parol	5462087	85000	1			85000		other	0
sub-04_2	31	Pulse	255	5466438	89351	0
sub-04_2	31	Nothing	parol	5467087	90000	1			90000		other	0
sub-04_2	31	Nothing	parol	5472087	95000	1			95000		other	0
sub-04_2	31	Nothing	parol	5477087	100000	1			100000		other	0
sub-04_2	31	Nothing	parol	5482087	105000	1			105000		other	0
sub-04_2	31	Pulse	255	5486438	109351	0
sub-04_2	31	Nothing	parol	5487087	110000	1			110000		other	0
sub-04_2	31	Nothing	parol	5492087	115000	1			115000		other	0
sub-04_2	31	Nothing	parol	5497087	120000	1			120000		other	0
sub-04_2	31	Nothing	parol	5502087	125000	1			125000		other	0
sub-04_2	31	Pulse	255	5506438	129351	0
sub-04_2	31	Nothing	parol	5507087	130000	1			130000		other	0
sub-04_2	31	Nothing	parol	5512087	135000	1			135000		other	0
sub-04_2	31	Pulse	255	5526438	149351	0
sub-04_2	32	Pulse	255	5546439	3796	0
sub-04_2	32	Pulse	255	5566439	23796	0
sub-04_2	32	Sound	start_sound	5572643	30000	2			30000		other	0
sub-04_2	32	Pulse	255	5586438	43796	0
sub-04_2	32	Nothing	yawny	5587643	45000	1			45000		other	0
sub-04_2	32	Nothing	yawny	5592643	50000	1			50000		other	0
sub-04_2	32	Nothing	yawny	5597643	55000	1			55000		other	0
sub-04_2	32	Nothing	yawny	5602643	60000	1			60000		other	0
sub-04_2	32	Pulse	255	5606438	63796	0
sub-04_2	32	Nothing	yawny	5607643	65000	1			65000		other	0
sub-04_2	32	Nothing	yawny	5612643	70000	1			70000		other	0
sub-04_2	32	Nothing	yawny	5617643	75000	1			75000		other	0
sub-04_2	32	Nothing	yawny	5622643	80000	1			80000		other	0
sub-04_2	32	Pulse	255	5626439	83796	0
sub-04_2	32	Nothing	yawny	5627643	85000	1			85000		other	0
sub-04_2	32	Nothing	yawny	5632643	90000	1			90000		other	0
sub-04_2	32	Nothing	yawny	5637643	95000	1			95000		other	0
sub-04_2	32	Nothing	yawny	5642643	100000	1			100000		other	0
sub-04_2	32	Pulse	255	5646439	103796	0
sub-04_2	32	Nothing	yawny	5647643	105000	1			105000		other	0
sub-04_2	32	Nothing	yawny	5652643	110000	1			110000		other	0
sub-04_2	32	Nothing	yawny	5657643	115000	1			115000		other	0
sub-04_2	32	Nothing	yawny	5662643	120000	1			120000		other	0
sub-04_2	32	Pulse	255	5666439	123796	0
sub-04_2	32	Nothing	yawny	5667643	125000	1			125000		other	0
sub-04_2	32	Nothing	yawny	5672643	130000	1			130000		other	0
sub-04_2	32	Nothing	yawny	5677643	135000	1			135000		other	0
sub-04_2	32	Nothing	yawny	5682643	140000	1			140000		other	0
sub-04_2	32	Pulse	255	5686438	143796	0
sub-04_2	32	Pulse	255	5706438	163796	0
sub-04_2	33	Pulse	255	5726439	13236	0
sub-04_2	33	Sound	start_sound	5743203	30000	2			30000		other	0
sub-04_2	33	Pulse	255	5746439	33236	0
sub-04_2	33	Nothing	envir	5758203	45000	1			45000		other	0
sub-04_2	33	Nothing	envir	5763203	50000	1			50000		other	0
sub-04_2	33	Pulse	255	5766439	53236	0
sub-04_2	33	Nothing	envir	5768203	55000	1			55000		other	0
sub-04_2	33	Nothing	envir	5773203	60000	1			60000		other	0
sub-04_2	33	Nothing	envir	5778203	65000	1			65000		other	0
sub-04_2	33	Nothing	envir	5783203	70000	1			70000		other	0
sub-04_2	33	Pulse	255	5786439	73236	0
sub-04_2	33	Nothing	envir	5788203	75000	1			75000		other	0
sub-04_2	33	Nothing	envir	5793203	80000	1			80000		other	0
sub-04_2	33	Nothing	envir	5798203	85000	1			85000		other	0
sub-04_2	33	Nothing	envir	5803203	90000	1			90000		other	0
sub-04_2	33	Pulse	255	5806439	93236	0
sub-04_2	33	Nothing	envir	5808203	95000	1			95000		other	0
sub-04_2	33	Nothing	envir	5813203	100000	1			100000		other	0
sub-04_2	33	Nothing	envir	5818203	105000	1			105000		other	0
sub-04_2	33	Nothing	envir	5823203	110000	1			110000		other	0
sub-04_2	33	Pulse	255	5826439	113236	0
sub-04_2	33	Nothing	envir	5828203	115000	1			115000		other	0
sub-04_2	33	Nothing	envir	5833203	120000	1			120000		other	0
sub-04_2	33	Nothing	envir	5838203	125000	1			125000		other	0
sub-04_2	33	Nothing	envir	5843203	130000	1			130000		other	0
sub-04_2	33	Pulse	255	5846439	133236	0
sub-04_2	33	Nothing	envir	5848203	135000	1			135000		other	0
sub-04_2	33	Nothing	envir	5853203	140000	1			140000		other	0
sub-04_2	33	Pulse	255	5866439	153236	0
sub-04_2	34	Picture	Bfix	5883823	0	1	60327	1	0	60000	other	0
sub-04_2	34	Pulse	255	5886439	2616	0
sub-04_2	34	Pulse	255	5906439	22616	0
sub-04_2	34	Pulse	255	5926439	42616	0
sub-04_2	35	Pulse	255	5946439	2516	0
sub-04_2	35	Pulse	255	5966439	22516	0
sub-04_2	35	Sound	start_sound	5973923	30000	2			30000		other	0
sub-04_2	35	Pulse	255	5986439	42516	0
sub-04_2	35	Nothing	music	5988923	45000	1			45000		other	0
sub-04_2	35	Nothing	music	5993923	50000	1			50000		other	0
sub-04_2	35	Nothing	music	5998923	55000	1			55000		other	0
sub-04_2	35	Nothing	music	6003923	60000	1			60000		other	0
sub-04_2	35	Pulse	255	6006439	62516	0
sub-04_2	35	Nothing	music	6008923	65000	1			65000		other	0
sub-04_2	35	Nothing	music	6013923	70000	1			70000		other	0
sub-04_2	35	Nothing	music	6018923	75000	1			75000		other	0
sub-04_2	35	Nothing	music	6023923	80000	1			80000		other	0
sub-04_2	35	Pulse	255	6026439	82516	0
sub-04_2	35	Nothing	music	6028923	85000	1			85000		other	0
sub-04_2	35	Nothing	music	6033923	90000	1			90000		other	0
sub-04_2	35	Nothing	music	6038923	95000	1			95000		other	0
sub-04_2	35	Nothing	music	6043923	100000	1			100000		other	0
sub-04_2	35	Pulse	255	6046439	102516	0
sub-04_2	35	Nothing	music	6048923	105000	1			105000		other	0
sub-04_2	35	Nothing	music	6053923	110000	1			110000		other	0
sub-04_2	35	Nothing	music	6058923	115000	1			115000		other	0
sub-04_2	35	Nothing	music	6063923	120000	1			120000		other	0
sub-04_2	35	Pulse	255	6066439	122516	0
sub-04_2	35	Nothing	music	6068923	125000	1			125000		other	0
sub-04_2	35	Nothing	music	6073923	130000	1			130000		other	0
sub-04_2	35	Nothing	music	6078923	135000	1			135000		other	0
sub-04_2	35	Nothing	music	6083923	140000	1			140000		other	0
sub-04_2	35	Pulse	255	6086439	142516	0
sub-04_2	35	Pulse	255	6106439	162516	0
sub-04_2	36	Pulse	255	6126439	11962	0
sub-04_2	36	Sound	start_sound	6144476	30000	2			30000		other	0
sub-04_2	36	Pulse	255	6146439	31963	0
sub-04_2	36	Nothing	parol	6154476	40000	1			40000		other	0
sub-04_2	36	Nothing	parol	6159476	45000	1			45000		other	0
sub-04_2	36	Nothing	parol	6164476	50000	1			50000		other	0
sub-04_2	36	Pulse	255	6166439	51962	0
sub-04_2	36	Nothing	parol	6169476	55000	1			55000		other	0
sub-04_2	36	Nothing	parol	6174476	60000	1			60000		other	0
sub-04_2	36	Nothing	parol	6179476	65000	1			65000		other	0
sub-04_2	36	Nothing	parol	6184476	70000	1			70000		other	0
sub-04_2	36	Pulse	255	6186439	71963	0
sub-04_2	36	Nothing	parol	6189476	75000	1			75000		other	0
sub-04_2	36	Nothing	parol	6194476	80000	1			80000		other	0
sub-04_2	36	Nothing	parol	6199476	85000	1			85000		other	0
sub-04_2	36	Nothing	parol	6204476	90000	1			90000		other	0
sub-04_2	36	Pulse	255	6206439	91963	0
sub-04_2	36	Nothing	parol	6209476	95000	1			95000		other	0
sub-04_2	36	Nothing	parol	6214476	100000	1			100000		other	0
sub-04_2	36	Nothing	parol	6219476	105000	1			105000		other	0
sub-04_2	36	Nothing	parol	6224476	110000	1			110000		other	0
sub-04_2	36	Pulse	255	6226439	111963	0
sub-04_2	36	Nothing	parol	6229476	115000	1			115000		other	0
sub-04_2	36	Nothing	parol	6234476	120000	1			120000		other	0
sub-04_2	36	Nothing	parol	6239476	125000	1			125000		other	0
sub-04_2	36	Nothing	parol	6244476	130000	1			130000		other	0
sub-04_2	36	Pulse	255	6246439	131963	0
sub-04_2	36	Nothing	parol	6249476	135000	1			135000		other	0
sub-04_2	36	Pulse	255	6266439	151963	0
sub-04_2	37	Pulse	255	6286439	6409	0
sub-04_2	37	Pulse	255	6306439	26409	0
sub-04_2	37	Sound	start_sound	6310031	30000	2			30000		other	0
sub-04_2	37	Nothing	yawny	6325031	45000	1			45000		other	0
sub-04_2	37	Pulse	255	6326439	46409	0
sub-04_2	37	Nothing	yawny	6330031	50000	1			50000		other	0
sub-04_2	37	Nothing	yawny	6335031	55000	1			55000		other	0
sub-04_2	37	Nothing	yawny	6340031	60000	1			60000		other	0
sub-04_2	37	Nothing	yawny	6345031	65000	1			65000		other	0
sub-04_2	37	Pulse	255	6346439	66408	0
sub-04_2	37	Nothing	yawny	6350031	70000	1			70000		other	0
sub-04_2	37	Nothing	yawny	6355031	75000	1			75000		other	0
sub-04_2	37	Nothing	yawny	6360031	80000	1			80000		other	0
sub-04_2	37	Nothing	yawny	6365031	85000	1			85000		other	0
sub-04_2	37	Pulse	255	6366440	86409	0
sub-04_2	37	Nothing	yawny	6370031	90000	1			90000		other	0
sub-04_2	37	Nothing	yawny	6375031	95000	1			95000		other	0
sub-04_2	37	Nothing	yawny	6380031	100000	1			100000		other	0
sub-04_2	37	Nothing	yawny	6385031	105000	1			105000		other	0
sub-04_2	37	Pulse	255	6386440	106409	0
sub-04_2	37	Nothing	yawny	6390031	110000	1			110000		other	0
sub-04_2	37	Nothing	yawny	6395031	115000	1			115000		other	0
sub-04_2	37	Nothing	yawny	6400031	120000	1			120000		other	0
sub-04_2	37	Nothing	yawny	6405031	125000	1			125000		other	0
sub-04_2	37	Pulse	255	6406440	126409	0
sub-04_2	37	Nothing	yawny	6410031	130000	1			130000		other	0
sub-04_2	37	Nothing	yawny	6415031	135000	1			135000		other	0
sub-04_2	37	Nothing	yawny	6420031	140000	1			140000		other	0
sub-04_2	37	Pulse	255	6426439	146408	0
sub-04_2	37	Pulse	255	6446440	166409	0
sub-04_2	38	Pulse	255	6466439	15854	0
sub-04_2	38	Sound	start_sound	6480585	30000	2			30000		other	0
sub-04_2	38	Pulse	255	6486440	35854	0
sub-04_2	38	Nothing	rever	6495585	45000	1			45000		other	0
sub-04_2	38	Nothing	rever	6500585	50000	1			50000		other	0
sub-04_2	38	Nothing	rever	6505585	55000	1			55000		other	0
sub-04_2	38	Pulse	255	6506440	55854	0
sub-04_2	38	Nothing	rever	6510585	60000	1			60000		other	0
sub-04_2	38	Nothing	rever	6515585	65000	1			65000		other	0
sub-04_2	38	Nothing	rever	6520585	70000	1			70000		other	0
sub-04_2	38	Nothing	rever	6525585	75000	1			75000		other	0
sub-04_2	38	Pulse	255	6526439	75854	0
sub-04_2	38	Nothing	rever	6530585	80000	1			80000		other	0
sub-04_2	38	Nothing	rever	6535585	85000	1			85000		other	0
sub-04_2	38	Nothing	rever	6540585	90000	1			90000		other	0
sub-04_2	38	Nothing	rever	6545585	95000	1			95000		other	0
sub-04_2	38	Pulse	255	6546440	95854	0
sub-04_2	38	Nothing	rever	6550585	100000	1			100000		other	0
sub-04_2	38	Nothing	rever	6555585	105000	1			105000		other	0
sub-04_2	38	Nothing	rever	6560585	110000	1			110000		other	0
sub-04_2	38	Nothing	rever	6565585	115000	1			115000		other	0
sub-04_2	38	Pulse	255	6566439	115854	0
sub-04_2	38	Nothing	rever	6570585	120000	1			120000		other	0
sub-04_2	38	Nothing	rever	6575585	125000	1			125000		other	0
sub-04_2	38	Nothing	rever	6580585	130000	1			130000		other	0
sub-04_2	38	Nothing	rever	6585585	135000	1			135000		other	0
sub-04_2	38	Pulse	255	6586439	135854	0
sub-04_2	38	Nothing	rever	6590585	140000	1			140000		other	0
sub-04_2	38	Pulse	255	6606440	155854	0
sub-04_2	39	Pulse	255	6626440	5299	0
sub-04_2	39	Pulse	255	6646439	25298	0
sub-04_2	39	Sound	start_sound	6651141	30000	2			30000		other	0
sub-04_2	39	Nothing	envir	6666141	45000	1			45000		other	0
sub-04_2	39	Pulse	255	6666440	45299	0
sub-04_2	39	Nothing	envir	6671141	50000	1			50000		other	0
sub-04_2	39	Nothing	envir	6676141	55000	1			55000		other	0
sub-04_2	39	Nothing	envir	6681141	60000	1			60000		other	0
sub-04_2	39	Nothing	envir	6686141	65000	1			65000		other	0
sub-04_2	39	Pulse	255	6686439	65298	0
sub-04_2	39	Nothing	envir	6691141	70000	1			70000		other	0
sub-04_2	39	Nothing	envir	6696141	75000	1			75000		other	0
sub-04_2	39	Nothing	envir	6701141	80000	1			80000		other	0
sub-04_2	39	Nothing	envir	6706141	85000	1			85000		other	0
sub-04_2	39	Pulse	255	6706439	85298	0
sub-04_2	39	Nothing	envir	6711141	90000	1			90000		other	0
sub-04_2	39	Nothing	envir	6716141	95000	1			95000		other	0
sub-04_2	39	Nothing	envir	6721141	100000	1			100000		other	0
sub-04_2	39	Nothing	envir	6726141	105000	1			105000		other	0
sub-04_2	39	Pulse	255	6726439	105298	0
sub-04_2	39	Nothing	envir	6731141	110000	1			110000		other	0
sub-04_2	39	Nothing	envir	6736141	115000	1			115000		other	0
sub-04_2	39	Nothing	envir	6741141	120000	1			120000		other	0
sub-04_2	39	Nothing	envir	6746141	125000	1			125000		other	0
sub-04_2	39	Pulse	255	6746440	125298	0
sub-04_2	39	Nothing	envir	6751141	130000	1			130000		other	0
sub-04_2	39	Nothing	envir	6756141	135000	1			135000		other	0
sub-04_2	39	Nothing	envir	6761141	140000	1			140000		other	0
sub-04_2	39	Pulse	255	6766440	145298	0
sub-04_2	39	Pulse	255	6786430	165289	0
sub-04_2	40	Pulse	255	6806430	14737	0
sub-04_2	40	Sound	start_sound	6821693	30000	2			30000		other	0
sub-04_2	40	Pulse	255	6826429	34736	0
sub-04_2	40	Nothing	suomi	6836693	45000	1			45000		other	0
sub-04_2	40	Nothing	suomi	6841693	50000	1			50000		other	0
sub-04_2	40	Pulse	255	6846430	54737	0
sub-04_2	40	Nothing	suomi	6846693	55000	1			55000		other	0
sub-04_2	40	Nothing	suomi	6851693	60000	1			60000		other	0
sub-04_2	40	Nothing	suomi	6856693	65000	1			65000		other	0
sub-04_2	40	Nothing	suomi	6861693	70000	1			70000		other	0
sub-04_2	40	Pulse	255	6866430	74737	0
sub-04_2	40	Nothing	suomi	6866693	75000	1			75000		other	0
sub-04_2	40	Nothing	suomi	6871693	80000	1			80000		other	0
sub-04_2	40	Nothing	suomi	6876693	85000	1			85000		other	0
sub-04_2	40	Nothing	suomi	6881693	90000	1			90000		other	0
sub-04_2	40	Pulse	255	6886430	94737	0
sub-04_2	40	Nothing	suomi	6886693	95000	1			95000		other	0
sub-04_2	40	Nothing	suomi	6891693	100000	1			100000		other	0
sub-04_2	40	Nothing	suomi	6896693	105000	1			105000		other	0
sub-04_2	40	Nothing	suomi	6901693	110000	1			110000		other	0
sub-04_2	40	Pulse	255	6906430	114737	0
sub-04_2	40	Nothing	suomi	6906693	115000	1			115000		other	0
sub-04_2	40	Nothing	suomi	6911693	120000	1			120000		other	0
sub-04_2	40	Nothing	suomi	6916693	125000	1			125000		other	0
sub-04_2	40	Nothing	suomi	6921693	130000	1			130000		other	0
sub-04_2	40	Pulse	255	6926430	134737	0
sub-04_2	40	Nothing	suomi	6926693	135000	1			135000		other	0
sub-04_2	40	Nothing	suomi	6931693	140000	1			140000		other	0
sub-04_2	40	Pulse	255	6946430	154737	0
sub-04_2	41	Pulse	255	6966430	4185	0
sub-04_2	41	Pulse	255	6986430	24185	0
sub-04_2	41	Sound	start_sound	6992245	30000	2			30000		other	0
sub-04_2	41	Pulse	255	7006430	44185	0
sub-04_2	41	Nothing	silen	7007245	45000	1			45000		other	0
sub-04_2	41	Nothing	silen	7012245	50000	1			50000		other	0
sub-04_2	41	Nothing	silen	7017245	55000	1			55000		other	0
sub-04_2	41	Nothing	silen	7022245	60000	1			60000		other	0
sub-04_2	41	Pulse	255	7026430	64185	0
sub-04_2	41	Nothing	silen	7027245	65000	1			65000		other	0
sub-04_2	41	Nothing	silen	7032245	70000	1			70000		other	0
sub-04_2	41	Nothing	silen	7037245	75000	1			75000		other	0
sub-04_2	41	Nothing	silen	7042245	80000	1			80000		other	0
sub-04_2	41	Pulse	255	7046430	84185	0
sub-04_2	41	Nothing	silen	7047245	85000	1			85000		other	0
sub-04_2	41	Nothing	silen	7052245	90000	1			90000		other	0
sub-04_2	41	Nothing	silen	7057245	95000	1			95000		other	0
sub-04_2	41	Nothing	silen	7062245	100000	1			100000		other	0
sub-04_2	41	Pulse	255	7066430	104185	0
sub-04_2	41	Nothing	silen	7067245	105000	1			105000		other	0
sub-04_2	41	Nothing	silen	7072245	110000	1			110000		other	0
sub-04_2	41	Nothing	silen	7077245	115000	1			115000		other	0
sub-04_2	41	Nothing	silen	7082245	120000	1			120000		other	0
sub-04_2	41	Pulse	255	7086430	124185	0
sub-04_2	41	Nothing	silen	7087245	125000	1			125000		other	0
sub-04_2	41	Nothing	silen	7092245	130000	1			130000		other	0
sub-04_2	41	Nothing	silen	7097245	135000	1			135000		other	0
sub-04_2	41	Nothing	silen	7102245	140000	1			140000		other	0
sub-04_2	41	Pulse	255	7106430	144185	0
sub-04_2	41	Pulse	255	7126430	164185	0
sub-04_2	42	Pulse	255	7146430	13628	0
sub-04_2	42	Sound	start_sound	7162801	30000	2			30000		other	0
sub-04_2	42	Pulse	255	7166430	33629	0
sub-04_2	42	Nothing	pleur	7177801	45000	1			45000		other	0
sub-04_2	42	Nothing	pleur	7182801	50000	1			50000		other	0
sub-04_2	42	Pulse	255	7186430	53629	0
sub-04_2	42	Nothing	pleur	7187801	55000	1			55000		other	0
sub-04_2	42	Nothing	pleur	7192801	60000	1			60000		other	0
sub-04_2	42	Nothing	pleur	7197801	65000	1			65000		other	0
sub-04_2	42	Nothing	pleur	7202801	70000	1			70000		other	0
sub-04_2	42	Pulse	255	7206430	73628	0
sub-04_2	42	Nothing	pleur	7207801	75000	1			75000		other	0
sub-04_2	42	Nothing	pleur	7212801	80000	1			80000		other	0
sub-04_2	42	Nothing	pleur	7217801	85000	1			85000		other	0
sub-04_2	42	Nothing	pleur	7222801	90000	1			90000		other	0
sub-04_2	42	Pulse	255	7226430	93629	0
sub-04_2	42	Nothing	pleur	7227801	95000	1			95000		other	0
sub-04_2	42	Nothing	pleur	7232801	100000	1			100000		other	0
sub-04_2	42	Nothing	pleur	7237801	105000	1			105000		other	0
sub-04_2	42	Nothing	pleur	7242801	110000	1			110000		other	0
sub-04_2	42	Pulse	255	7246431	113629	0
sub-04_2	42	Nothing	pleur	7247801	115000	1			115000		other	0
sub-04_2	42	Nothing	pleur	7252801	120000	1			120000		other	0
sub-04_2	42	Nothing	pleur	7257801	125000	1			125000		other	0
sub-04_2	42	Nothing	pleur	7262801	130000	1			130000		other	0
sub-04_2	42	Pulse	255	7266431	133629	0
sub-04_2	42	Nothing	pleur	7267801	135000	1			135000		other	0
sub-04_2	42	Nothing	pleur	7272801	140000	1			140000		other	0
sub-04_2	42	Pulse	255	7286431	153629	0
sub-04_2	43	Pulse	255	7306430	3073	0
sub-04_2	43	Pulse	255	7326431	23074	0
sub-04_2	43	Sound	start_sound	7333357	30000	2			30000		other	0
sub-04_2	43	Pulse	255	7346431	43074	0
sub-04_2	43	Nothing	alpha	7348357	45000	1			45000		other	0
sub-04_2	43	Nothing	alpha	7353357	50000	1			50000		other	0
sub-04_2	43	Nothing	alpha	7358357	55000	1			55000		other	0
sub-04_2	43	Nothing	alpha	7363357	60000	1			60000		other	0
sub-04_2	43	Pulse	255	7366431	63074	0
sub-04_2	43	Nothing	alpha	7368357	65000	1			65000		other	0
sub-04_2	43	Nothing	alpha	7373357	70000	1			70000		other	0
sub-04_2	43	Nothing	alpha	7378357	75000	1			75000		other	0
sub-04_2	43	Nothing	alpha	7383357	80000	1			80000		other	0
sub-04_2	43	Pulse	255	7386431	83074	0
sub-04_2	43	Nothing	alpha	7388357	85000	1			85000		other	0
sub-04_2	43	Nothing	alpha	7393357	90000	1			90000		other	0
sub-04_2	43	Nothing	alpha	7398357	95000	1			95000		other	0
sub-04_2	43	Nothing	alpha	7403357	100000	1			100000		other	0
sub-04_2	43	Pulse	255	7406431	103074	0
sub-04_2	43	Nothing	alpha	7408357	105000	1			105000		other	0
sub-04_2	43	Nothing	alpha	7413357	110000	1			110000		other	0
sub-04_2	43	Nothing	alpha	7418357	115000	1			115000		other	0
sub-04_2	43	Nothing	alpha	7423357	120000	1			120000		other	0
sub-04_2	43	Pulse	255	7426431	123074	0
sub-04_2	43	Nothing	alpha	7428357	125000	1			125000		other	0
sub-04_2	43	Nothing	alpha	7433357	130000	1			130000		other	0
sub-04_2	43	Nothing	alpha	7438357	135000	1			135000		other	0
sub-04_2	43	Nothing	alpha	7443357	140000	1			140000		other	0
sub-04_2	43	Pulse	255	7446430	143073	0
sub-04_2	43	Pulse	255	7466430	163073	0
sub-04_2	44	Picture	Bfix	7473977	0	1	60226	1	0	60000	other	0
sub-04_2	44	Pulse	255	7486431	12453	0
sub-04_2	44	Pulse	255	7506430	32453	0
sub-04_2	44	Pulse	255	7526430	52453	0
sub-04_2	45	Picture	Bfix	7534370	0	1	71424	1	0	60000	other	0
sub-04_2	45	Pulse	255	7546430	12060	0
sub-04_2	45	Pulse	255	7566431	32061	0

The following output port codes were not sent because of a conflict on the port.
Port	Code	Time(ms)
1	6	70647
