Scenario - loca_lec2
Logfile written - 11/21/2018 09:06:43

Subject	Trial	Event Type	Code	Time	TTime	Uncertainty	Duration	Uncertainty	ReqTime	ReqDur	Stim Type	Pair Index

training	0	Pulse	255	39433	39433	0
training	1	Nothing	cut	39501	0	1			0		other	0
training	1	Nothing	cut	44501	5000	1			5000		other	0
training	2	Picture	20	49601	0	1	2065	1	0	2000	other	0
training	3	Picture	10	61898	0	1	2167	1	0	2000	other	0
training	4	Picture	20	73297	0	1	2065	1	0	2000	other	0
training	5	Picture	10	86594	0	1	2065	1	0	2000	other	0
training	6	Picture	20	98891	0	1	2065	1	0	2000	other	0
training	7	Picture	10	111188	0	1	2065	1	0	2000	other	0
training	8	Picture	20	124485	0	1	2065	1	0	2000	other	0
training	9	Picture	20	137782	0	1	2065	1	0	2000	other	0
training	10	Picture	20	150079	0	1	2065	1	0	2000	other	0
training	11	Picture	10	163376	0	1	2065	1	0	2000	other	0
training	12	Picture	10	176673	0	1	2065	1	0	2000	other	0
training	13	Picture	20	187970	0	1	2065	1	0	2000	other	0
training	14	Picture	20	201267	0	1	2065	1	0	2000	other	0
training	15	Picture	10	214564	0	1	2065	1	0	2000	other	0
training	16	Picture	20	225861	0	1	2065	1	0	2000	other	0
training	17	Picture	20	237158	0	1	2065	1	0	2000	other	0
training	18	Picture	20	250455	0	1	2065	1	0	2000	other	0
training	19	Picture	10	263753	0	1	2065	1	0	2000	other	0
training	20	Picture	20	275050	0	1	2065	1	0	2000	other	0
training	21	Picture	20	287347	0	1	2065	1	0	2000	other	0
training	22	Picture	10	300643	0	1	2065	1	0	2000	other	0
training	23	Picture	20	312940	0	1	2065	1	0	2000	other	0
training	24	Picture	20	324237	0	1	2065	1	0	2000	other	0
training	25	Picture	10	337535	0	1	2065	1	0	2000	other	0
training	26	Picture	20	348832	0	1	2065	1	0	2000	other	0
training	27	Picture	10	360129	0	1	2065	1	0	2000	other	0
training	28	Picture	10	372426	0	1	2065	1	0	2000	other	0
training	29	Picture	10	385723	0	1	2065	1	0	2000	other	0
training	30	Picture	10	397020	0	1	2065	1	0	2000	other	0
training	31	Picture	20	410317	0	1	2065	1	0	2000	other	0
training	32	Picture	20	423614	0	1	2065	1	0	2000	other	0
training	33	Picture	10	435911	0	1	2065	1	0	2000	other	0
training	34	Picture	10	447208	0	1	2065	1	0	2000	other	0
training	35	Picture	20	459505	0	1	2065	1	0	2000	other	0
training	36	Picture	20	472802	0	1	2065	1	0	2000	other	0
training	37	Picture	20	486099	0	1	2065	1	0	2000	other	0
training	38	Picture	20	499396	0	1	2065	1	0	2000	other	0
training	39	Picture	10	511693	0	1	2065	1	0	2000	other	0
training	40	Picture	10	524990	0	1	2065	1	0	2000	other	0
training	41	Picture	10	537287	0	1	2167	1	0	2000	other	0
training	42	Picture	10	550687	0	1	2065	1	0	2000	other	0
training	43	Picture	20	563984	0	1	2065	1	0	2000	other	0
training	44	Picture	20	576281	0	1	2065	1	0	2000	other	0
training	45	Picture	10	588578	0	1	2065	1	0	2000	other	0
training	46	Picture	20	601875	0	1	2065	1	0	2000	other	0
training	47	Picture	20	615172	0	1	2066	1	0	2000	other	0
training	48	Picture	20	627469	0	1	2065	1	0	2000	other	0
training	49	Picture	20	639766	0	1	2065	1	0	2000	other	0
training	50	Picture	10	653063	0	1	2065	1	0	2000	other	0
training	51	Picture	10	664370	0	1	2065	1	0	2000	other	0
training	52	Picture	10	677667	0	1	2065	1	0	2000	other	0
training	53	Picture	10	688964	0	1	2066	1	0	2000	other	0
training	54	Picture	20	701262	0	1	2065	1	0	2000	other	0
training	55	Picture	10	713559	0	1	2065	1	0	2000	other	0
training	56	Picture	10	726856	0	1	2065	1	0	2000	other	0
training	57	Picture	10	739153	0	1	2065	1	0	2000	other	0
training	58	Picture	20	750450	0	1	2065	1	0	2000	other	0
training	59	Picture	10	763747	0	1	2065	1	0	2000	other	0
training	60	Picture	10	776044	0	1	2065	1	0	2000	other	0
training	61	Picture	10	787341	0	1	2065	1	0	2000	other	0
training	62	Picture	20	800638	0	1	2065	1	0	2000	other	0
training	63	Picture	20	813935	0	1	2065	2	0	2000	other	0
training	64	Picture	20	826232	0	1	2065	1	0	2000	other	0
training	65	Picture	20	838529	0	1	2065	1	0	2000	other	0
training	66	Picture	10	851827	0	1	2065	1	0	2000	other	0
training	67	Picture	10	864124	0	1	2065	1	0	2000	other	0
training	68	Picture	20	877421	0	1	2065	1	0	2000	other	0
training	69	Picture	10	889718	0	1	2065	1	0	2000	other	0
training	70	Picture	10	901015	0	1	2065	1	0	2000	other	0
training	71	Picture	10	912312	0	1	2065	1	0	2000	other	0
training	72	Picture	20	923609	0	1	2065	1	0	2000	other	0
training	73	Picture	20	934906	0	1	2065	1	0	2000	other	0
training	74	Picture	20	946203	0	1	2065	1	0	2000	other	0
training	75	Picture	10	958500	0	1	2065	1	0	2000	other	0
training	76	Picture	10	971797	0	1	2065	1	0	2000	other	0
training	77	Picture	20	983094	0	1	2065	1	0	2000	other	0
training	78	Picture	20	994391	0	1	2065	1	0	2000	other	0
training	79	Picture	20	1005688	0	1	2065	1	0	2000	other	0
training	80	Picture	20	1018985	0	1	2065	1	0	2000	other	0
training	81	Picture	10	1032282	0	1	2065	1	0	2000	other	0
training	82	Picture	20	1044579	0	1	2065	1	0	2000	other	0
training	83	Picture	10	1056876	0	1	2065	1	0	2000	other	0
training	84	Picture	20	1069173	0	1	2065	1	0	2000	other	0
training	85	Picture	10	1082470	0	1	2065	1	0	2000	other	0
training	86	Picture	20	1095767	0	1	2065	1	0	2000	other	0
training	87	Picture	10	1107064	0	1	2065	1	0	2000	other	0
training	88	Picture	20	1118361	0	1	2065	1	0	2000	other	0
training	89	Picture	10	1129658	0	1	2065	1	0	2000	other	0
training	90	Picture	20	1142955	0	1	2065	1	0	2000	other	0
training	91	Picture	20	1156252	0	1	2065	1	0	2000	other	0
training	92	Picture	20	1169549	0	1	2065	1	0	2000	other	0
training	93	Picture	10	1181846	0	1	2065	1	0	2000	other	0
training	94	Picture	10	1195143	0	1	2065	1	0	2000	other	0
training	95	Picture	20	1207440	0	1	2065	1	0	2000	other	0
training	96	Picture	20	1218737	0	1	2065	1	0	2000	other	0
training	97	Picture	10	1231034	0	1	2065	1	0	2000	other	0
training	98	Picture	20	1243331	0	1	2065	1	0	2000	other	0
training	99	Picture	10	1254628	0	1	2065	1	0	2000	other	0
training	100	Picture	10	1267925	0	1	2065	1	0	2000	other	0
training	101	Picture	10	1281222	0	1	2065	1	0	2000	other	0
training	102	Picture	20	1294519	0	1	2065	1	0	2000	other	0
training	103	Picture	10	1307817	0	1	2065	1	0	2000	other	0
training	104	Picture	10	1320114	0	1	2065	1	0	2000	other	0
training	105	Picture	20	1332411	0	1	2065	1	0	2000	other	0
training	106	Picture	20	1343707	0	1	2065	1	0	2000	other	0
training	107	Picture	10	1357004	0	1	2065	1	0	2000	other	0
training	108	Picture	10	1369302	0	1	2065	1	0	2000	other	0
training	109	Picture	10	1381599	0	1	2065	1	0	2000	other	0
training	110	Picture	20	1393896	0	1	2065	1	0	2000	other	0
training	111	Picture	10	1405193	0	1	2065	1	0	2000	other	0
training	112	Picture	20	1418490	0	1	2065	1	0	2000	other	0
training	113	Picture	20	1431787	0	1	2065	1	0	2000	other	0
training	114	Picture	10	1445084	0	1	2065	1	0	2000	other	0
training	115	Picture	20	1458381	0	1	2065	1	0	2000	other	0
training	116	Picture	10	1469678	0	1	2065	1	0	2000	other	0
training	117	Picture	20	1482975	0	1	2065	1	0	2000	other	0
training	118	Picture	20	1496272	0	1	2065	1	0	2000	other	0
training	119	Picture	10	1508569	0	1	2065	1	0	2000	other	0
training	120	Picture	20	1520866	0	1	2065	1	0	2000	other	0
training	121	Picture	10	1532163	0	1	2066	1	0	2000	other	0
training	122	Picture	10	1545461	0	1	2065	1	0	2000	other	0
training	123	Picture	10	1556758	0	1	2065	1	0	2000	other	0
training	124	Picture	20	1568056	0	1	2065	1	0	2000	other	0
training	125	Picture	20	1581353	0	1	2065	1	0	2000	other	0
training	126	Picture	20	1592650	0	1	2065	1	0	2000	other	0
training	127	Picture	10	1605947	0	1	2065	1	0	2000	other	0
training	128	Picture	10	1617244	0	1	2065	1	0	2000	other	0
training	129	Picture	10	1629541	0	1	2065	1	0	2000	other	0
training	130	Picture	10	1642838	0	1	2065	1	0	2000	other	0
training	131	Picture	20	1654135	0	1	2065	1	0	2000	other	0
training	132	Picture	20	1667432	0	1	2065	1	0	2000	other	0
training	133	Picture	20	1678729	0	1	2065	1	0	2000	other	0
training	134	Picture	20	1691026	0	1	2065	1	0	2000	other	0
training	135	Picture	10	1703323	0	1	2065	1	0	2000	other	0
training	136	Picture	20	1715620	0	1	2065	1	0	2000	other	0
training	137	Picture	10	1727917	0	1	2065	1	0	2000	other	0
training	138	Picture	20	1740214	0	1	2065	1	0	2000	other	0
training	139	Picture	10	1752511	0	1	2065	1	0	2000	other	0
training	140	Picture	10	1763808	0	1	2065	1	0	2000	other	0
training	141	Picture	20	1776105	0	1	2065	1	0	2000	other	0
training	142	Picture	10	1789402	0	1	2065	1	0	2000	other	0
training	143	Picture	20	1802699	0	1	2065	1	0	2000	other	0
training	144	Picture	10	1815996	0	1	2065	1	0	2000	other	0
training	145	Picture	20	1827310	0	1	2065	1	0	2000	other	0
training	146	Picture	20	1840607	0	1	2065	1	0	2000	other	0
training	147	Picture	20	1853904	0	1	2065	1	0	2000	other	0
training	148	Picture	20	1866202	0	1	2065	1	0	2000	other	0
training	149	Picture	10	1879499	0	1	2065	1	0	2000	other	0
training	150	Picture	10	1891796	0	1	2065	1	0	2000	other	0
training	151	Picture	10	1905092	0	2	2065	2	0	2000	other	0
training	152	Picture	10	1918389	0	1	2065	1	0	2000	other	0
training	153	Picture	20	1929686	0	1	2065	1	0	2000	other	0
training	154	Picture	10	1940983	0	1	2065	1	0	2000	other	0
training	155	Picture	20	1953280	0	1	2065	1	0	2000	other	0
training	156	Picture	10	1966578	0	1	2065	1	0	2000	other	0
training	157	Picture	20	1979875	0	1	2065	1	0	2000	other	0
training	158	Picture	20	1993172	0	1	2065	1	0	2000	other	0
training	159	Picture	10	2005469	0	1	2065	1	0	2000	other	0
training	160	Picture	20	2016766	0	1	2065	1	0	2000	other	0
training	161	Picture	10	2030063	0	1	2065	1	0	2000	other	0
training	162	Picture	20	2041360	0	1	2065	1	0	2000	other	0
training	163	Picture	20	2054657	0	1	2065	1	0	2000	other	0
training	164	Picture	10	2065954	0	1	2065	1	0	2000	other	0
training	165	Picture	20	2077252	0	1	2065	1	0	2000	other	0
training	166	Picture	10	2089549	0	1	2065	1	0	2000	other	0
training	167	Picture	10	2100846	0	1	2065	1	0	2000	other	0
training	168	Picture	20	2112143	0	1	2065	1	0	2000	other	0
training	169	Picture	10	2125440	0	1	2065	1	0	2000	other	0
training	170	Picture	10	2136737	0	1	2065	1	0	2000	other	0
training	171	Picture	20	2150034	0	1	2065	1	0	2000	other	0
training	172	Picture	20	2162331	0	1	2065	1	0	2000	other	0
training	173	Picture	20	2173628	0	1	2065	1	0	2000	other	0
training	174	Picture	20	2185925	0	1	2065	1	0	2000	other	0
training	175	Picture	20	2197222	0	1	2065	1	0	2000	other	0
training	176	Picture	20	2210519	0	1	2065	1	0	2000	other	0
training	177	Picture	20	2222816	0	1	2065	1	0	2000	other	0
training	178	Picture	20	2235113	0	1	2065	1	0	2000	other	0
training	179	Picture	20	2247410	0	1	2065	1	0	2000	other	0
training	180	Picture	20	2259707	0	1	2065	1	0	2000	other	0
training	181	Picture	20	2271005	0	1	2065	1	0	2000	other	0
training	182	Picture	20	2282302	0	1	2065	1	0	2000	other	0


Event Type	Code	Type	Response	RT	RT Uncertainty	Time	Uncertainty	Duration	Uncertainty	ReqTime	ReqDur

Nothing	cut	other				39501	1			0
Nothing	cut	other				44501	1			5000
Picture	20	other				49601	1	2065	1	0	2000
Picture	10	other				61898	1	2167	1	0	2000
Picture	20	other				73297	1	2065	1	0	2000
Picture	10	other				86594	1	2065	1	0	2000
Picture	20	other				98891	1	2065	1	0	2000
Picture	10	other				111188	1	2065	1	0	2000
Picture	20	other				124485	1	2065	1	0	2000
Picture	20	other				137782	1	2065	1	0	2000
Picture	20	other				150079	1	2065	1	0	2000
Picture	10	other				163376	1	2065	1	0	2000
Picture	10	other				176673	1	2065	1	0	2000
Picture	20	other				187970	1	2065	1	0	2000
Picture	20	other				201267	1	2065	1	0	2000
Picture	10	other				214564	1	2065	1	0	2000
Picture	20	other				225861	1	2065	1	0	2000
Picture	20	other				237158	1	2065	1	0	2000
Picture	20	other				250455	1	2065	1	0	2000
Picture	10	other				263753	1	2065	1	0	2000
Picture	20	other				275050	1	2065	1	0	2000
Picture	20	other				287347	1	2065	1	0	2000
Picture	10	other				300643	1	2065	1	0	2000
Picture	20	other				312940	1	2065	1	0	2000
Picture	20	other				324237	1	2065	1	0	2000
Picture	10	other				337535	1	2065	1	0	2000
Picture	20	other				348832	1	2065	1	0	2000
Picture	10	other				360129	1	2065	1	0	2000
Picture	10	other				372426	1	2065	1	0	2000
Picture	10	other				385723	1	2065	1	0	2000
Picture	10	other				397020	1	2065	1	0	2000
Picture	20	other				410317	1	2065	1	0	2000
Picture	20	other				423614	1	2065	1	0	2000
Picture	10	other				435911	1	2065	1	0	2000
Picture	10	other				447208	1	2065	1	0	2000
Picture	20	other				459505	1	2065	1	0	2000
Picture	20	other				472802	1	2065	1	0	2000
Picture	20	other				486099	1	2065	1	0	2000
Picture	20	other				499396	1	2065	1	0	2000
Picture	10	other				511693	1	2065	1	0	2000
Picture	10	other				524990	1	2065	1	0	2000
Picture	10	other				537287	1	2167	1	0	2000
Picture	10	other				550687	1	2065	1	0	2000
Picture	20	other				563984	1	2065	1	0	2000
Picture	20	other				576281	1	2065	1	0	2000
Picture	10	other				588578	1	2065	1	0	2000
Picture	20	other				601875	1	2065	1	0	2000
Picture	20	other				615172	1	2066	1	0	2000
Picture	20	other				627469	1	2065	1	0	2000
Picture	20	other				639766	1	2065	1	0	2000
Picture	10	other				653063	1	2065	1	0	2000
Picture	10	other				664370	1	2065	1	0	2000
Picture	10	other				677667	1	2065	1	0	2000
Picture	10	other				688964	1	2066	1	0	2000
Picture	20	other				701262	1	2065	1	0	2000
Picture	10	other				713559	1	2065	1	0	2000
Picture	10	other				726856	1	2065	1	0	2000
Picture	10	other				739153	1	2065	1	0	2000
Picture	20	other				750450	1	2065	1	0	2000
Picture	10	other				763747	1	2065	1	0	2000
Picture	10	other				776044	1	2065	1	0	2000
Picture	10	other				787341	1	2065	1	0	2000
Picture	20	other				800638	1	2065	1	0	2000
Picture	20	other				813935	1	2065	2	0	2000
Picture	20	other				826232	1	2065	1	0	2000
Picture	20	other				838529	1	2065	1	0	2000
Picture	10	other				851827	1	2065	1	0	2000
Picture	10	other				864124	1	2065	1	0	2000
Picture	20	other				877421	1	2065	1	0	2000
Picture	10	other				889718	1	2065	1	0	2000
Picture	10	other				901015	1	2065	1	0	2000
Picture	10	other				912312	1	2065	1	0	2000
Picture	20	other				923609	1	2065	1	0	2000
Picture	20	other				934906	1	2065	1	0	2000
Picture	20	other				946203	1	2065	1	0	2000
Picture	10	other				958500	1	2065	1	0	2000
Picture	10	other				971797	1	2065	1	0	2000
Picture	20	other				983094	1	2065	1	0	2000
Picture	20	other				994391	1	2065	1	0	2000
Picture	20	other				1005688	1	2065	1	0	2000
Picture	20	other				1018985	1	2065	1	0	2000
Picture	10	other				1032282	1	2065	1	0	2000
Picture	20	other				1044579	1	2065	1	0	2000
Picture	10	other				1056876	1	2065	1	0	2000
Picture	20	other				1069173	1	2065	1	0	2000
Picture	10	other				1082470	1	2065	1	0	2000
Picture	20	other				1095767	1	2065	1	0	2000
Picture	10	other				1107064	1	2065	1	0	2000
Picture	20	other				1118361	1	2065	1	0	2000
Picture	10	other				1129658	1	2065	1	0	2000
Picture	20	other				1142955	1	2065	1	0	2000
Picture	20	other				1156252	1	2065	1	0	2000
Picture	20	other				1169549	1	2065	1	0	2000
Picture	10	other				1181846	1	2065	1	0	2000
Picture	10	other				1195143	1	2065	1	0	2000
Picture	20	other				1207440	1	2065	1	0	2000
Picture	20	other				1218737	1	2065	1	0	2000
Picture	10	other				1231034	1	2065	1	0	2000
Picture	20	other				1243331	1	2065	1	0	2000
Picture	10	other				1254628	1	2065	1	0	2000
Picture	10	other				1267925	1	2065	1	0	2000
Picture	10	other				1281222	1	2065	1	0	2000
Picture	20	other				1294519	1	2065	1	0	2000
Picture	10	other				1307817	1	2065	1	0	2000
Picture	10	other				1320114	1	2065	1	0	2000
Picture	20	other				1332411	1	2065	1	0	2000
Picture	20	other				1343707	1	2065	1	0	2000
Picture	10	other				1357004	1	2065	1	0	2000
Picture	10	other				1369302	1	2065	1	0	2000
Picture	10	other				1381599	1	2065	1	0	2000
Picture	20	other				1393896	1	2065	1	0	2000
Picture	10	other				1405193	1	2065	1	0	2000
Picture	20	other				1418490	1	2065	1	0	2000
Picture	20	other				1431787	1	2065	1	0	2000
Picture	10	other				1445084	1	2065	1	0	2000
Picture	20	other				1458381	1	2065	1	0	2000
Picture	10	other				1469678	1	2065	1	0	2000
Picture	20	other				1482975	1	2065	1	0	2000
Picture	20	other				1496272	1	2065	1	0	2000
Picture	10	other				1508569	1	2065	1	0	2000
Picture	20	other				1520866	1	2065	1	0	2000
Picture	10	other				1532163	1	2066	1	0	2000
Picture	10	other				1545461	1	2065	1	0	2000
Picture	10	other				1556758	1	2065	1	0	2000
Picture	20	other				1568056	1	2065	1	0	2000
Picture	20	other				1581353	1	2065	1	0	2000
Picture	20	other				1592650	1	2065	1	0	2000
Picture	10	other				1605947	1	2065	1	0	2000
Picture	10	other				1617244	1	2065	1	0	2000
Picture	10	other				1629541	1	2065	1	0	2000
Picture	10	other				1642838	1	2065	1	0	2000
Picture	20	other				1654135	1	2065	1	0	2000
Picture	20	other				1667432	1	2065	1	0	2000
Picture	20	other				1678729	1	2065	1	0	2000
Picture	20	other				1691026	1	2065	1	0	2000
Picture	10	other				1703323	1	2065	1	0	2000
Picture	20	other				1715620	1	2065	1	0	2000
Picture	10	other				1727917	1	2065	1	0	2000
Picture	20	other				1740214	1	2065	1	0	2000
Picture	10	other				1752511	1	2065	1	0	2000
Picture	10	other				1763808	1	2065	1	0	2000
Picture	20	other				1776105	1	2065	1	0	2000
Picture	10	other				1789402	1	2065	1	0	2000
Picture	20	other				1802699	1	2065	1	0	2000
Picture	10	other				1815996	1	2065	1	0	2000
Picture	20	other				1827310	1	2065	1	0	2000
Picture	20	other				1840607	1	2065	1	0	2000
Picture	20	other				1853904	1	2065	1	0	2000
Picture	20	other				1866202	1	2065	1	0	2000
Picture	10	other				1879499	1	2065	1	0	2000
Picture	10	other				1891796	1	2065	1	0	2000
Picture	10	other				1905092	2	2065	2	0	2000
Picture	10	other				1918389	1	2065	1	0	2000
Picture	20	other				1929686	1	2065	1	0	2000
Picture	10	other				1940983	1	2065	1	0	2000
Picture	20	other				1953280	1	2065	1	0	2000
Picture	10	other				1966578	1	2065	1	0	2000
Picture	20	other				1979875	1	2065	1	0	2000
Picture	20	other				1993172	1	2065	1	0	2000
Picture	10	other				2005469	1	2065	1	0	2000
Picture	20	other				2016766	1	2065	1	0	2000
Picture	10	other				2030063	1	2065	1	0	2000
Picture	20	other				2041360	1	2065	1	0	2000
Picture	20	other				2054657	1	2065	1	0	2000
Picture	10	other				2065954	1	2065	1	0	2000
Picture	20	other				2077252	1	2065	1	0	2000
Picture	10	other				2089549	1	2065	1	0	2000
Picture	10	other				2100846	1	2065	1	0	2000
Picture	20	other				2112143	1	2065	1	0	2000
Picture	10	other				2125440	1	2065	1	0	2000
Picture	10	other				2136737	1	2065	1	0	2000
Picture	20	other				2150034	1	2065	1	0	2000
Picture	20	other				2162331	1	2065	1	0	2000
Picture	20	other				2173628	1	2065	1	0	2000
Picture	20	other				2185925	1	2065	1	0	2000
Picture	20	other				2197222	1	2065	1	0	2000
Picture	20	other				2210519	1	2065	1	0	2000
Picture	20	other				2222816	1	2065	1	0	2000
Picture	20	other				2235113	1	2065	1	0	2000
Picture	20	other				2247410	1	2065	1	0	2000
Picture	20	other				2259707	1	2065	1	0	2000
Picture	20	other				2271005	1	2065	1	0	2000
Picture	20	other				2282302	1	2065	1	0	2000
