Scenario - loca_visu_version1
Logfile written - 06/05/2018 14:15:13

Subject	Trial	Event Type	Code	Time	TTime	Uncertainty	Duration	Uncertainty	ReqTime	ReqDur	Stim Type	Pair Index

phantom_2	0	Pulse	255	603859	603859	0
phantom_2	1	Picture	Bfix	604088	0	1	50226	1	0	50000	other	0
phantom_2	1	Pulse	255	623859	19772	0
phantom_2	1	Pulse	255	643859	39772	0
phantom_2	2	Picture	70	654480	0	1	2226	1	0	2000	other	0
phantom_2	2	Pulse	255	663859	9379	0
phantom_2	3	Picture	10	668266	0	1	2226	1	0	2000	other	0
phantom_2	4	Picture	70	681884	0	1	2226	1	0	2000	other	0
phantom_2	4	Pulse	255	683859	1975	0
phantom_2	5	Picture	30	695670	0	1	2226	1	0	2000	other	0
phantom_2	5	Pulse	255	703860	8190	0
phantom_2	6	Picture	80	708622	0	1	2226	1	0	2000	other	0
phantom_2	7	Picture	60	722241	0	1	2226	1	0	2000	other	0
phantom_2	7	Pulse	255	723859	1618	0
phantom_2	8	Picture	60	734860	0	1	2226	1	0	2000	other	0
phantom_2	8	Pulse	255	743860	8999	0
phantom_2	9	Picture	70	748479	0	1	2226	1	0	2000	other	0
phantom_2	10	Picture	70	761098	0	1	2226	1	0	2000	other	0
phantom_2	10	Pulse	255	763859	2761	0
phantom_2	11	Picture	70	775718	0	1	2226	1	0	2000	other	0
phantom_2	11	Pulse	255	783860	8142	0
phantom_2	12	Picture	30	789503	0	1	2226	1	0	2000	other	0
phantom_2	13	Picture	10	803455	0	1	2226	1	0	2000	other	0
phantom_2	13	Pulse	255	803860	405	0
phantom_2	14	Picture	30	818241	0	1	2226	1	0	2000	other	0
phantom_2	14	Pulse	255	823860	5619	0
phantom_2	15	Picture	30	833026	0	1	2226	1	0	2000	other	0
phantom_2	15	Pulse	255	843859	10834	0
phantom_2	16	Picture	70	846645	0	1	2226	1	0	2000	other	0
phantom_2	17	Picture	80	859431	0	1	2226	1	0	2000	other	0
phantom_2	17	Pulse	255	863860	4429	0
phantom_2	18	Picture	70	873049	0	1	2226	1	0	2000	other	0
phantom_2	18	Pulse	255	883860	10810	0
phantom_2	19	Picture	10	887002	0	1	2226	1	0	2000	other	0
phantom_2	20	Picture	70	900620	0	1	2226	1	0	2000	other	0
phantom_2	20	Pulse	255	903859	3239	0
phantom_2	21	Picture	10	914406	0	1	2226	1	0	2000	other	0
phantom_2	21	Pulse	255	923860	9454	0
phantom_2	22	Picture	60	928024	0	1	2227	1	0	2000	other	0
phantom_2	23	Picture	30	941811	0	1	2227	1	0	2000	other	0
phantom_2	23	Pulse	255	943890	2079	0
phantom_2	24	Picture	60	956430	0	1	2226	1	0	2000	other	0
phantom_2	24	Pulse	255	963859	7429	1
phantom_2	25	Picture	10	969216	0	1	2227	1	0	2000	other	0
phantom_2	26	Picture	30	983168	0	1	2226	1	0	2000	other	0
phantom_2	26	Pulse	255	983860	692	0
phantom_2	27	Picture	Bfix	995787	0	1	50226	1	0	50000	other	0
phantom_2	27	Pulse	255	1003860	8073	0
phantom_2	27	Pulse	255	1023860	28073	0
phantom_2	27	Pulse	255	1043860	48073	0
phantom_2	28	Picture	60	1046180	0	1	2226	1	0	2000	other	0
phantom_2	29	Picture	70	1058799	0	1	2226	1	0	2000	other	0
phantom_2	29	Pulse	255	1063860	5061	0
phantom_2	30	Picture	30	1072585	0	1	2226	1	0	2000	other	0
phantom_2	30	Pulse	255	1083860	11276	0
phantom_2	31	Picture	10	1086370	0	1	2226	1	0	2000	other	0
phantom_2	32	Picture	60	1098989	0	1	2226	1	0	2000	other	0
phantom_2	32	Pulse	255	1103860	4871	0
phantom_2	33	Picture	10	1112774	0	1	2226	1	0	2000	other	0
phantom_2	33	Pulse	255	1123860	11086	0
phantom_2	34	Picture	60	1126393	0	1	2226	1	0	2000	other	0
phantom_2	35	Picture	10	1139179	0	1	2226	1	0	2000	other	0
phantom_2	35	Pulse	255	1143860	4681	0
phantom_2	36	Picture	10	1152965	0	1	2226	1	0	2000	other	0
phantom_2	36	Pulse	255	1163860	10896	0
phantom_2	37	Picture	10	1165917	0	1	2226	1	0	2000	other	0
phantom_2	38	Picture	60	1178536	0	1	2226	1	0	2000	other	0
phantom_2	38	Pulse	255	1183860	5324	0
phantom_2	39	Picture	30	1191322	0	1	2226	1	0	2000	other	0
phantom_2	39	Pulse	255	1203860	12539	0
phantom_2	40	Picture	80	1206107	0	1	2226	1	0	2000	other	0
phantom_2	41	Picture	10	1218893	0	1	2226	1	0	2000	other	0
phantom_2	41	Pulse	255	1223860	4968	0
phantom_2	42	Picture	70	1232512	0	1	2226	1	0	2000	other	0
phantom_2	42	Pulse	255	1243861	11349	0
phantom_2	43	Picture	10	1246298	0	1	2226	1	0	2000	other	0
phantom_2	44	Picture	10	1260084	0	1	2226	1	0	2000	other	0
phantom_2	44	Pulse	255	1263860	3777	0
phantom_2	45	Picture	10	1274869	0	1	2226	1	0	2000	other	0
phantom_2	45	Pulse	255	1283860	8991	0
phantom_2	46	Picture	60	1289488	0	1	2226	1	0	2000	other	0
phantom_2	47	Picture	70	1303107	0	1	2226	1	0	2000	other	0
phantom_2	47	Pulse	255	1303861	754	0
phantom_2	48	Picture	Bfix	1316726	0	1	50512	1	0	50000	other	0
phantom_2	48	Pulse	255	1323860	7134	1
phantom_2	48	Pulse	255	1343861	27135	0
phantom_2	48	Pulse	255	1363861	47135	0
phantom_2	49	Picture	10	1367238	0	1	2226	1	0	2000	other	0
phantom_2	50	Picture	30	1382190	0	1	2226	1	0	2000	other	0
phantom_2	50	Pulse	255	1383861	1671	0
phantom_2	51	Picture	60	1395809	0	1	2226	1	0	2000	other	0
phantom_2	51	Pulse	255	1403861	8052	0
phantom_2	52	Picture	60	1410428	0	1	2226	1	0	2000	other	0
phantom_2	53	Picture	70	1423046	0	1	2226	1	0	2000	other	0
phantom_2	53	Pulse	255	1423861	815	0
phantom_2	54	Picture	70	1436665	0	1	2226	1	0	2000	other	0
phantom_2	54	Pulse	255	1443861	7196	0
phantom_2	55	Picture	30	1451618	0	1	2226	1	0	2000	other	0
phantom_2	55	Pulse	255	1463903	12286	0
phantom_2	56	Picture	10	1464403	0	1	2226	1	0	2000	other	0
phantom_2	57	Picture	30	1477188	0	1	2226	1	0	2000	other	0
phantom_2	57	Pulse	255	1483861	6673	0
phantom_2	58	Picture	30	1490974	0	1	2226	1	0	2000	other	0
phantom_2	58	Pulse	255	1503861	12887	0
phantom_2	59	Picture	30	1503926	0	1	2226	1	0	2000	other	0
phantom_2	60	Picture	10	1517712	0	1	2226	1	0	2000	other	0
phantom_2	60	Pulse	255	1523861	6149	0
phantom_2	61	Picture	30	1530498	0	1	2226	1	0	2000	other	0
phantom_2	62	Picture	10	1543283	0	1	2226	1	0	2000	other	0
phantom_2	62	Pulse	255	1543861	578	0
phantom_2	63	Picture	60	1555902	0	1	2226	1	0	2000	other	0
phantom_2	63	Pulse	255	1563861	7959	0
phantom_2	64	Picture	60	1568521	0	1	2226	1	0	2000	other	0
phantom_2	65	Picture	30	1583306	0	1	2226	1	0	2000	other	0
phantom_2	65	Pulse	255	1583862	555	0
phantom_2	66	Picture	30	1596092	0	1	2226	1	0	2000	other	0
phantom_2	66	Pulse	255	1603861	7769	0
phantom_2	67	Picture	60	1609711	0	1	2226	1	0	2000	other	0
phantom_2	67	Pulse	255	1623861	14150	0
phantom_2	68	Picture	30	1624663	0	1	2226	1	0	2000	other	0
phantom_2	69	Picture	70	1637282	0	1	2226	1	0	2000	other	0
phantom_2	69	Pulse	255	1643862	6579	0
phantom_2	70	Picture	60	1650901	0	1	2226	1	0	2000	other	0
phantom_2	71	Picture	80	1663687	0	1	2226	1	0	2000	other	0
phantom_2	71	Pulse	255	1663861	175	0
phantom_2	72	Picture	60	1677306	0	1	2226	1	0	2000	other	0
phantom_2	72	Pulse	255	1683861	6555	1
phantom_2	73	Picture	10	1690091	0	1	2226	1	0	2000	other	0
phantom_2	73	Pulse	255	1703862	13771	0
phantom_2	74	Picture	30	1703877	0	1	2226	1	0	2000	other	0
phantom_2	75	Picture	60	1717495	0	1	2227	1	0	2000	other	0
phantom_2	75	Pulse	255	1723862	6366	0
phantom_2	76	Picture	70	1731115	0	1	2226	1	0	2000	other	0
phantom_2	76	Pulse	255	1743862	12747	0
phantom_2	77	Picture	30	1744900	0	1	2226	1	0	2000	other	0
phantom_2	78	Picture	10	1757853	0	1	2226	1	0	2000	other	0
phantom_2	78	Pulse	255	1763862	6009	0
phantom_2	79	Picture	Bfix	1772472	0	1	50463	1	0	50000	other	0
phantom_2	79	Pulse	255	1783862	11389	0
phantom_2	79	Pulse	255	1803852	31380	0
phantom_2	80	Picture	10	1822935	0	1	2226	1	0	2000	other	0
phantom_2	80	Pulse	255	1823852	916	0
phantom_2	81	Picture	30	1835887	0	1	2226	1	0	2000	other	0
phantom_2	81	Pulse	255	1843852	7965	0
phantom_2	82	Picture	60	1849506	0	1	2226	1	0	2000	other	0
phantom_2	82	Pulse	255	1863852	14346	0
phantom_2	83	Picture	70	1864125	0	1	2226	1	0	2000	other	0
phantom_2	84	Picture	70	1877743	0	1	2226	1	0	2000	other	0
phantom_2	84	Pulse	255	1883852	6109	0
phantom_2	85	Picture	30	1892529	0	1	2226	1	0	2000	other	0
phantom_2	85	Pulse	255	1903852	11323	0
phantom_2	86	Picture	70	1905147	0	1	2227	1	0	2000	other	0
phantom_2	87	Picture	10	1919100	0	1	2226	1	0	2000	other	0
phantom_2	87	Pulse	255	1923852	4752	0
phantom_2	88	Picture	60	1933719	0	1	2226	1	0	2000	other	0
phantom_2	88	Pulse	255	1943852	10134	0
phantom_2	89	Picture	30	1948504	0	1	2226	1	0	2000	other	0
phantom_2	90	Picture	60	1961123	0	1	2226	1	0	2000	other	0
phantom_2	90	Pulse	255	1963852	2729	0
phantom_2	91	Picture	70	1973743	0	1	2051	1	0	2000	other	0
phantom_2	91	Pulse	255	1983852	10109	0
phantom_2	92	Picture	60	1988186	0	1	2227	1	0	2000	other	0
phantom_2	93	Picture	30	2000973	0	1	2226	1	0	2000	other	0
phantom_2	93	Pulse	255	2003852	2880	0
phantom_2	94	Picture	60	2013592	0	1	2226	1	0	2000	other	0
phantom_2	94	Pulse	255	2023852	10261	0
phantom_2	95	Picture	70	2028210	0	1	2226	1	0	2000	other	0
phantom_2	96	Picture	60	2040829	0	1	2226	1	0	2000	other	0
phantom_2	96	Pulse	255	2043852	3023	0
phantom_2	97	Picture	70	2055448	0	1	2226	1	0	2000	other	0
phantom_2	97	Pulse	255	2063852	8404	0
phantom_2	98	Picture	70	2068067	0	1	2226	1	0	2000	other	0
phantom_2	99	Picture	60	2080685	0	1	2226	1	0	2000	other	0
phantom_2	99	Pulse	255	2083852	3167	0
phantom_2	100	Picture	Bfix	2094304	0	1	50226	1	0	50000	other	0
phantom_2	100	Pulse	255	2103852	9549	0
phantom_2	100	Pulse	255	2123852	29548	0
phantom_2	100	Pulse	255	2143853	49549	0
phantom_2	101	Picture	60	2144697	0	1	2226	1	0	2000	other	0
phantom_2	102	Picture	70	2159315	0	1	2226	1	0	2000	other	0
phantom_2	102	Pulse	255	2163853	4537	0
phantom_2	103	Picture	70	2172934	0	1	2226	1	0	2000	other	0
phantom_2	103	Pulse	255	2183853	10919	0
phantom_2	104	Picture	10	2186886	0	1	2226	1	0	2000	other	0
phantom_2	105	Picture	80	2200671	0	1	2226	1	0	2000	other	0
phantom_2	105	Pulse	255	2203853	3182	0
phantom_2	106	Picture	10	2213456	0	1	2226	1	0	2000	other	0
phantom_2	106	Pulse	255	2223853	10397	0
phantom_2	107	Picture	10	2228408	0	1	2226	1	0	2000	other	0
phantom_2	108	Picture	30	2243193	0	1	2226	1	0	2000	other	0
phantom_2	108	Pulse	255	2243853	661	0
phantom_2	109	Picture	30	2256978	0	1	2226	1	0	2000	other	0
phantom_2	109	Pulse	255	2263853	6875	0
phantom_2	110	Picture	30	2270763	0	1	2226	1	0	2000	other	0
phantom_2	110	Pulse	255	2283854	13091	0
phantom_2	111	Picture	Bfix	2285382	0	1	50454	1	0	50000	other	0
phantom_2	111	Pulse	255	2303853	18472	0
phantom_2	111	Pulse	255	2323853	38472	0
phantom_2	112	Picture	40	2335836	0	1	2226	1	0	2000	other	0
phantom_2	112	Pulse	255	2343854	8018	0
phantom_2	113	Picture	20	2350621	0	1	2226	1	0	2000	other	0
phantom_2	113	Pulse	255	2363854	13233	0
phantom_2	114	Picture	50	2364406	0	1	2226	1	0	2000	other	0
phantom_2	115	Picture	20	2379191	0	1	2226	1	0	2000	other	0
phantom_2	115	Pulse	255	2383853	4662	0
phantom_2	116	Picture	40	2392976	0	1	2226	1	0	2000	other	0
phantom_2	116	Pulse	255	2403853	10878	0
phantom_2	117	Picture	80	2406761	0	1	2226	1	0	2000	other	0
phantom_2	118	Picture	90	2421546	0	1	2226	1	0	2000	other	0
phantom_2	118	Pulse	255	2423854	2308	0
phantom_2	119	Picture	40	2434331	0	1	2226	1	0	2000	other	0
phantom_2	119	Pulse	255	2443853	9523	0
phantom_2	120	Picture	90	2447116	0	1	2226	1	0	2000	other	0
phantom_2	121	Picture	90	2461901	0	1	2226	1	0	2000	other	0
phantom_2	121	Pulse	255	2463854	1952	0
phantom_2	122	Picture	90	2476686	0	1	2226	1	0	2000	other	0
phantom_2	122	Pulse	255	2483854	7168	0
phantom_2	123	Picture	90	2490471	0	1	2226	1	0	2000	other	0
phantom_2	123	Pulse	255	2503854	13382	0
phantom_2	124	Picture	20	2505256	0	1	2226	1	0	2000	other	0
phantom_2	125	Picture	50	2518042	0	1	2226	1	0	2000	other	0
phantom_2	125	Pulse	255	2523854	5812	0
phantom_2	126	Picture	40	2530827	0	1	2226	1	0	2000	other	0
phantom_2	126	Pulse	255	2543855	13028	0
phantom_2	127	Picture	40	2544613	0	1	2226	1	0	2000	other	0
phantom_2	128	Picture	40	2559398	0	1	2226	1	0	2000	other	0
phantom_2	128	Pulse	255	2563854	4456	0
phantom_2	129	Picture	50	2572183	0	1	2226	1	0	2000	other	0
phantom_2	129	Pulse	255	2583854	11671	0
phantom_2	130	Picture	40	2586968	0	1	2226	1	0	2000	other	0
phantom_2	131	Picture	90	2601920	0	1	2226	1	0	2000	other	0
phantom_2	131	Pulse	255	2603854	1934	0
phantom_2	132	Picture	40	2616706	0	1	2226	1	0	2000	other	0
phantom_2	132	Pulse	255	2623854	7149	0
phantom_2	133	Picture	20	2631491	0	1	2226	1	0	2000	other	0
phantom_2	133	Pulse	255	2643854	12363	0
phantom_2	134	Picture	20	2646276	0	1	2226	1	0	2000	other	0
phantom_2	135	Picture	90	2659061	0	1	2226	1	0	2000	other	0
phantom_2	135	Pulse	255	2663855	4794	0
phantom_2	136	Picture	50	2672846	0	1	2226	1	0	2000	other	0
phantom_2	136	Pulse	255	2683854	11008	0
phantom_2	137	Picture	Bfix	2687464	0	1	50454	1	0	50000	other	0
phantom_2	137	Pulse	255	2703855	16391	0
phantom_2	137	Pulse	255	2723854	36390	0
phantom_2	138	Picture	90	2737918	0	1	2226	1	0	2000	other	0
phantom_2	138	Pulse	255	2743854	5936	0
phantom_2	139	Picture	50	2750702	0	1	2226	1	0	2000	other	0
phantom_2	140	Picture	20	2763487	0	1	2226	1	0	2000	other	0
phantom_2	140	Pulse	255	2763855	367	0
phantom_2	141	Picture	90	2777272	0	1	2226	1	0	2000	other	0
phantom_2	141	Pulse	255	2783854	6582	0
phantom_2	142	Picture	90	2790224	0	1	2226	1	0	2000	other	0
phantom_2	143	Picture	90	2803009	0	1	2226	1	0	2000	other	0
phantom_2	143	Pulse	255	2803855	846	0
phantom_2	144	Picture	50	2815794	0	1	2226	1	0	2000	other	0
phantom_2	144	Pulse	255	2823854	8061	0
phantom_2	145	Picture	40	2829579	0	1	2226	1	0	2000	other	0
phantom_2	146	Picture	90	2843364	0	1	2226	1	0	2000	other	0
phantom_2	146	Pulse	255	2843854	490	0
phantom_2	147	Picture	40	2858149	0	1	2226	1	0	2000	other	0
phantom_2	147	Pulse	255	2863855	5705	0
phantom_2	148	Picture	40	2872934	0	1	2226	1	0	2000	other	0
phantom_2	148	Pulse	255	2883854	10920	0
phantom_2	149	Picture	90	2886719	0	1	2226	1	0	2000	other	0
phantom_2	150	Picture	20	2899504	0	1	2226	1	0	2000	other	0
phantom_2	150	Pulse	255	2903854	4350	0
phantom_2	151	Picture	80	2912290	0	1	2226	1	0	2000	other	0
phantom_2	151	Pulse	255	2923854	11565	0
phantom_2	152	Picture	50	2925074	0	1	2226	1	0	2000	other	0
phantom_2	153	Picture	50	2938859	0	1	2226	1	0	2000	other	0
phantom_2	153	Pulse	255	2943855	4995	0
phantom_2	154	Picture	20	2952644	0	1	2226	1	0	2000	other	0
phantom_2	154	Pulse	255	2963854	11210	0
phantom_2	155	Picture	80	2965429	0	1	2226	1	0	2000	other	0
phantom_2	156	Picture	90	2980215	0	1	2226	1	0	2000	other	0
phantom_2	156	Pulse	255	2983854	3640	0
phantom_2	157	Picture	80	2993000	0	1	2226	1	0	2000	other	0
phantom_2	157	Pulse	255	3003854	10854	0
phantom_2	158	Picture	90	3007785	0	1	2226	1	0	2000	other	0
phantom_2	159	Picture	20	3020570	0	1	2226	1	0	2000	other	0
phantom_2	159	Pulse	255	3023854	3285	0
phantom_2	160	Picture	40	3035355	0	1	2226	1	0	2000	other	0
phantom_2	160	Pulse	255	3043855	8500	0
phantom_2	161	Picture	50	3050140	0	1	2226	1	0	2000	other	0
phantom_2	161	Pulse	255	3063854	13715	0
phantom_2	162	Picture	90	3063925	0	1	2226	1	0	2000	other	0
phantom_2	163	Picture	Bfix	3078543	0	1	50226	1	0	50000	other	0
phantom_2	163	Pulse	255	3083854	5311	0
phantom_2	163	Pulse	255	3103855	25312	0
phantom_2	163	Pulse	255	3123854	45311	0
phantom_2	164	Picture	40	3129102	0	1	2226	1	0	2000	other	0
phantom_2	165	Picture	20	3141887	0	1	2226	1	0	2000	other	0
phantom_2	165	Pulse	255	3143854	1967	1
phantom_2	166	Picture	40	3154672	0	1	2226	1	0	2000	other	0
phantom_2	166	Pulse	255	3163854	9182	0
phantom_2	167	Picture	20	3167458	0	1	2226	1	0	2000	other	0
phantom_2	168	Picture	20	3180242	0	1	2226	1	0	2000	other	0
phantom_2	168	Pulse	255	3183855	3612	0
phantom_2	169	Picture	50	3194027	0	1	2226	1	0	2000	other	0
phantom_2	169	Pulse	255	3203855	9827	0
phantom_2	170	Picture	20	3207813	0	1	2226	1	0	2000	other	0
phantom_2	171	Picture	20	3221597	0	1	2226	1	0	2000	other	0
phantom_2	171	Pulse	255	3223855	2257	0
phantom_2	172	Picture	40	3236382	0	1	2226	1	0	2000	other	0
phantom_2	172	Pulse	255	3243855	7472	0
phantom_2	173	Picture	40	3249167	0	1	2226	1	0	2000	other	0
phantom_2	174	Picture	90	3262952	0	1	2226	1	0	2000	other	0
phantom_2	174	Pulse	255	3263855	902	0
phantom_2	175	Picture	50	3275737	0	1	2226	1	0	2000	other	0
phantom_2	175	Pulse	255	3283855	8117	0
phantom_2	176	Picture	50	3289522	0	1	2226	1	0	2000	other	0
phantom_2	177	Picture	40	3302307	0	1	2226	1	0	2000	other	0
phantom_2	177	Pulse	255	3303855	1548	0
phantom_2	178	Picture	90	3315092	0	1	2226	1	0	2000	other	0
phantom_2	178	Pulse	255	3323855	8764	0
phantom_2	179	Picture	40	3328877	0	1	2226	1	0	2000	other	0
phantom_2	180	Picture	40	3343662	0	1	2226	1	0	2000	other	0
phantom_2	180	Pulse	255	3343855	193	0
phantom_2	181	Picture	50	3356447	0	1	2226	1	0	2000	other	0
phantom_2	181	Pulse	255	3363855	7408	0
phantom_2	182	Picture	20	3369231	0	1	2226	1	0	2000	other	0
phantom_2	182	Pulse	255	3383684	14452	172
phantom_2	183	Picture	90	3384017	0	1	2226	1	0	2000	other	0
phantom_2	184	Picture	20	3397801	0	1	2226	1	0	2000	other	0
phantom_2	184	Pulse	255	3403854	6052	0
phantom_2	185	Picture	20	3410586	0	1	2226	1	0	2000	other	0
phantom_2	185	Pulse	255	3423895	13309	0
phantom_2	186	Picture	50	3424371	0	1	2226	1	0	2000	other	0
phantom_2	187	Picture	50	3438156	0	1	2226	1	0	2000	other	0
phantom_2	187	Pulse	255	3443855	5699	0
phantom_2	188	Picture	50	3450941	0	1	2226	1	0	2000	other	0
phantom_2	189	Picture	Bfix	3463559	0	1	50454	1	0	50000	other	0
phantom_2	189	Pulse	255	3463855	296	0
phantom_2	189	Pulse	255	3483855	20296	0
phantom_2	189	Pulse	255	3503855	40296	0
phantom_2	190	Picture	40	3514013	0	1	2226	1	0	2000	other	0
phantom_2	190	Pulse	255	3523855	9842	0
phantom_2	191	Picture	50	3527798	0	1	2226	1	0	2000	other	0
phantom_2	192	Picture	20	3541583	0	1	2226	1	0	2000	other	0
phantom_2	192	Pulse	255	3543855	2273	0
phantom_2	193	Picture	90	3555368	0	1	2226	1	0	2000	other	0
phantom_2	193	Pulse	255	3563855	8487	0
phantom_2	194	Picture	40	3570153	0	1	2226	1	0	2000	other	0
phantom_2	194	Pulse	255	3583856	13703	0
phantom_2	195	Picture	20	3583938	0	1	2226	1	0	2000	other	0
phantom_2	196	Picture	50	3596723	0	1	2226	1	0	2000	other	0
phantom_2	196	Pulse	255	3603855	7132	0
phantom_2	197	Picture	90	3609508	0	1	2194	1	0	2000	other	0
phantom_2	198	Picture	90	3622261	0	1	2226	1	0	2000	other	0
phantom_2	198	Pulse	255	3623854	1593	0
phantom_2	199	Picture	50	3635046	0	1	2226	1	0	2000	other	0
phantom_2	199	Pulse	255	3643855	8809	0
phantom_2	200	Picture	90	3647831	0	1	2226	1	0	2000	other	0
phantom_2	201	Picture	20	3662617	0	1	2226	1	0	2000	other	0
phantom_2	201	Pulse	255	3663855	1238	0
phantom_2	202	Picture	20	3676402	0	1	2226	1	0	2000	other	0
phantom_2	202	Pulse	255	3683856	7454	0
phantom_2	203	Picture	50	3689187	0	1	2226	1	0	2000	other	0
phantom_2	203	Pulse	255	3703856	14669	0
phantom_2	204	Picture	90	3703972	0	1	2226	1	0	2000	other	0
phantom_2	205	Picture	50	3718924	0	1	2226	1	0	2000	other	0
phantom_2	205	Pulse	255	3723855	4931	0
phantom_2	206	Picture	40	3733709	0	1	2226	1	0	2000	other	0
phantom_2	206	Pulse	255	3743855	10147	0
phantom_2	207	Picture	90	3746494	0	1	2226	1	0	2000	other	0
phantom_2	208	Picture	50	3759279	0	1	2226	1	0	2000	other	0
phantom_2	208	Pulse	255	3763856	4577	0
phantom_2	209	Picture	40	3773064	0	1	2226	1	0	2000	other	0
phantom_2	209	Pulse	255	3783855	10791	0
phantom_2	210	Picture	Bfix	3785682	0	1	50453	1	0	50000	other	0
phantom_2	210	Pulse	255	3803855	18173	0
phantom_2	210	Pulse	255	3823854	38172	0
phantom_2	211	Picture	90	3836135	0	1	2226	1	0	2000	other	0
phantom_2	211	Pulse	255	3843855	7720	0
phantom_2	212	Picture	40	3850920	0	1	2226	1	0	2000	other	0
phantom_2	213	Picture	20	3863705	0	1	2226	1	0	2000	other	0
phantom_2	213	Pulse	255	3863856	151	0
phantom_2	214	Picture	90	3877490	0	1	2226	1	0	2000	other	0
phantom_2	214	Pulse	255	3883846	6356	0
phantom_2	215	Picture	20	3891275	0	1	2226	1	0	2000	other	0
phantom_2	215	Pulse	255	3903727	12452	119
phantom_2	216	Picture	50	3904060	0	1	2226	1	0	2000	other	0
phantom_2	217	Picture	40	3916844	0	1	2226	1	0	2000	other	0
phantom_2	217	Pulse	255	3923846	7001	0
phantom_2	218	Picture	80	3931629	0	1	2226	1	0	2000	other	0
phantom_2	218	Pulse	255	3943844	12215	0
phantom_2	219	Picture	50	3945414	0	1	2226	1	0	2000	other	0
phantom_2	220	Picture	50	3958199	0	1	2226	1	0	2000	other	0
phantom_2	220	Pulse	255	3963846	5647	0
phantom_2	221	Picture	Bfix	3972817	0	1	60226	1	0	60000	other	0
phantom_2	221	Pulse	255	3983845	11028	0
phantom_2	221	Pulse	255	4003845	31028	0
phantom_2	221	Pulse	255	4023846	51028	0
