Scenario - loca_visu_version1
Logfile written - 06/04/2018 14:08:55

Subject	Trial	Event Type	Code	Time	TTime	Uncertainty	Duration	Uncertainty	ReqTime	ReqDur	Stim Type	Pair Index

pilot-35_1	0	Pulse	255	1005022	1005022	0
pilot-35_1	1	Picture	Bfix	1005250	0	1	50226	1	0	50000	other	0
pilot-35_1	1	Pulse	255	1025022	19772	0
pilot-35_1	1	Pulse	255	1045021	39772	0
pilot-35_1	2	Picture	70	1055642	0	1	2226	1	0	2000	other	0
pilot-35_1	2	Pulse	255	1065022	9379	0
pilot-35_1	3	Picture	10	1068594	0	1	2226	1	0	2000	other	0
pilot-35_1	4	Picture	70	1083212	0	1	2226	1	0	2000	other	0
pilot-35_1	4	Pulse	255	1085021	1809	0
pilot-35_1	5	Picture	30	1098330	0	1	2226	1	0	2000	other	0
pilot-35_1	5	Pulse	255	1105021	6691	0
pilot-35_1	6	Picture	80	1111282	0	1	2226	1	0	2000	other	0
pilot-35_1	6	Response	1	1116271	4989	1
pilot-35_1	7	Picture	60	1124900	0	1	2226	1	0	2000	other	0
pilot-35_1	7	Pulse	255	1125021	121	0
pilot-35_1	8	Picture	60	1137519	0	1	2226	1	0	2000	other	0
pilot-35_1	8	Pulse	255	1145022	7503	0
pilot-35_1	9	Picture	70	1150137	0	1	2226	1	0	2000	other	0
pilot-35_1	10	Picture	70	1162755	0	1	2226	1	0	2000	other	0
pilot-35_1	10	Pulse	255	1165022	2267	0
pilot-35_1	11	Picture	70	1177374	0	1	2226	1	0	2000	other	0
pilot-35_1	11	Pulse	255	1185021	7647	0
pilot-35_1	12	Picture	30	1191325	0	1	2226	1	0	2000	other	0
pilot-35_1	12	Pulse	255	1205022	13696	0
pilot-35_1	13	Picture	10	1206110	0	1	2226	1	0	2000	other	0
pilot-35_1	14	Picture	30	1221228	0	1	2226	1	0	2000	other	0
pilot-35_1	14	Pulse	255	1225021	3793	0
pilot-35_1	15	Picture	30	1234181	0	1	2226	1	0	2000	other	0
pilot-35_1	15	Pulse	255	1245022	10841	0
pilot-35_1	16	Picture	70	1246799	0	1	2225	1	0	2000	other	0
pilot-35_1	17	Picture	80	1259750	0	1	2226	1	0	2000	other	0
pilot-35_1	17	Response	1	1264982	5232	1
pilot-35_1	17	Pulse	255	1265020	5270	0
pilot-35_1	18	Picture	70	1273368	0	1	2226	1	0	2000	other	0
pilot-35_1	18	Pulse	255	1285022	11653	0
pilot-35_1	19	Picture	10	1288321	0	1	2226	1	0	2000	other	0
pilot-35_1	20	Picture	70	1302939	0	1	2226	1	0	2000	other	0
pilot-35_1	20	Pulse	255	1305022	2083	0
pilot-35_1	21	Picture	10	1315891	0	1	2226	1	0	2000	other	0
pilot-35_1	21	Pulse	255	1325022	9132	0
pilot-35_1	22	Picture	60	1328509	0	1	2226	1	0	2000	other	0
pilot-35_1	23	Picture	30	1341627	0	1	2226	1	0	2000	other	0
pilot-35_1	23	Pulse	255	1345022	3395	0
pilot-35_1	24	Picture	60	1355245	0	1	2226	1	0	2000	other	0
pilot-35_1	24	Pulse	255	1365022	9777	0
pilot-35_1	25	Picture	10	1368197	0	1	2226	1	0	2000	other	0
pilot-35_1	26	Picture	30	1381981	0	1	2226	1	0	2000	other	0
pilot-35_1	26	Pulse	255	1385021	3040	0
pilot-35_1	27	Picture	Bfix	1395600	0	1	50261	1	0	50000	other	0
pilot-35_1	27	Pulse	255	1405021	9422	0
pilot-35_1	27	Pulse	255	1425022	29422	0
pilot-35_1	27	Pulse	255	1445022	49422	0
pilot-35_1	28	Picture	60	1445860	0	1	2226	1	0	2000	other	0
pilot-35_1	29	Picture	70	1458479	0	1	2226	1	0	2000	other	0
pilot-35_1	29	Pulse	255	1465022	6543	0
pilot-35_1	30	Picture	30	1471597	0	1	2226	1	0	2000	other	0
pilot-35_1	30	Pulse	255	1485022	13424	0
pilot-35_1	31	Picture	10	1486549	0	1	2226	1	0	2000	other	0
pilot-35_1	32	Picture	60	1500168	0	1	2226	1	0	2000	other	0
pilot-35_1	32	Pulse	255	1505022	4854	0
pilot-35_1	33	Picture	10	1514119	0	1	2226	1	0	2000	other	0
pilot-35_1	33	Pulse	255	1525022	10903	0
pilot-35_1	34	Picture	60	1528738	0	1	2226	1	0	2000	other	0
pilot-35_1	35	Picture	10	1541689	0	1	2226	1	0	2000	other	0
pilot-35_1	35	Pulse	255	1545022	3333	0
pilot-35_1	36	Picture	10	1554641	0	1	2226	1	0	2000	other	0
pilot-35_1	36	Pulse	255	1565022	10381	0
pilot-35_1	37	Picture	10	1568593	0	1	2226	1	0	2000	other	0
pilot-35_1	38	Picture	60	1582211	0	1	2226	1	0	2000	other	0
pilot-35_1	38	Pulse	255	1585022	2811	0
pilot-35_1	39	Picture	30	1595163	0	1	2226	1	0	2000	other	0
pilot-35_1	39	Pulse	255	1605022	9859	0
pilot-35_1	40	Picture	80	1608115	0	1	2226	1	0	2000	other	0
pilot-35_1	40	Response	1	1613232	5117	1
pilot-35_1	41	Picture	10	1621233	0	1	2226	1	0	2000	other	0
pilot-35_1	41	Pulse	255	1625022	3789	0
pilot-35_1	42	Picture	70	1634851	0	1	2226	1	0	2000	other	0
pilot-35_1	42	Pulse	255	1645022	10171	0
pilot-35_1	43	Picture	10	1648803	0	1	2226	1	0	2000	other	0
pilot-35_1	44	Picture	10	1661755	0	1	2226	1	0	2000	other	0
pilot-35_1	44	Pulse	255	1665022	3268	0
pilot-35_1	45	Picture	10	1674873	0	1	2226	1	0	2000	other	0
pilot-35_1	45	Pulse	255	1685022	10149	0
pilot-35_1	46	Picture	60	1689491	0	1	2226	1	0	2000	other	0
pilot-35_1	47	Picture	70	1702109	0	1	2226	1	0	2000	other	0
pilot-35_1	47	Pulse	255	1705022	2913	0
pilot-35_1	48	Picture	Bfix	1716727	0	1	50585	1	0	50000	other	0
pilot-35_1	48	Pulse	255	1725023	8295	0
pilot-35_1	48	Pulse	255	1745022	28295	0
pilot-35_1	48	Pulse	255	1765022	48295	0
pilot-35_1	49	Picture	10	1767312	0	1	2226	1	0	2000	other	0
pilot-35_1	50	Picture	30	1781264	0	1	2226	1	0	2000	other	0
pilot-35_1	50	Pulse	255	1785022	3758	0
pilot-35_1	51	Picture	60	1795883	0	1	2226	1	0	2000	other	0
pilot-35_1	51	Pulse	255	1805022	9139	0
pilot-35_1	52	Picture	60	1810501	0	1	2226	1	0	2000	other	0
pilot-35_1	53	Picture	70	1824119	0	1	2226	1	0	2000	other	0
pilot-35_1	53	Pulse	255	1825022	903	0
pilot-35_1	54	Picture	70	1837737	0	1	2226	1	0	2000	other	0
pilot-35_1	54	Pulse	255	1845022	7285	0
pilot-35_1	55	Picture	30	1850689	0	1	2226	1	0	2000	other	0
pilot-35_1	56	Picture	10	1863641	0	1	2226	1	0	2000	other	0
pilot-35_1	56	Pulse	255	1865022	1382	0
pilot-35_1	57	Picture	30	1878592	0	1	2226	1	0	2000	other	0
pilot-35_1	57	Pulse	255	1885022	6430	0
pilot-35_1	58	Picture	30	1891711	0	1	2226	1	0	2000	other	0
pilot-35_1	59	Picture	30	1904829	0	1	2226	1	0	2000	other	0
pilot-35_1	59	Pulse	255	1905023	194	0
pilot-35_1	60	Picture	10	1919781	0	1	2226	1	0	2000	other	0
pilot-35_1	60	Pulse	255	1925022	5242	0
pilot-35_1	61	Picture	30	1934566	0	1	2226	1	0	2000	other	0
pilot-35_1	61	Pulse	255	1945023	10457	0
pilot-35_1	62	Picture	10	1947684	0	1	2226	1	0	2000	other	0
pilot-35_1	63	Picture	60	1960302	0	1	2226	1	0	2000	other	0
pilot-35_1	63	Pulse	255	1965022	4720	0
pilot-35_1	64	Picture	60	1972920	0	1	2226	1	0	2000	other	0
pilot-35_1	64	Pulse	255	1985022	12102	0
pilot-35_1	65	Picture	30	1986872	0	1	2226	1	0	2000	other	0
pilot-35_1	66	Picture	30	2000824	0	1	2226	1	0	2000	other	0
pilot-35_1	66	Pulse	255	2005022	4198	0
pilot-35_1	67	Picture	60	2014442	0	1	2226	1	0	2000	other	0
pilot-35_1	67	Pulse	255	2025022	10580	0
pilot-35_1	68	Picture	30	2029394	0	1	2226	1	0	2000	other	0
pilot-35_1	69	Picture	70	2043012	0	1	2226	1	0	2000	other	0
pilot-35_1	69	Pulse	255	2045069	2057	0
pilot-35_1	70	Picture	60	2056630	0	1	2226	1	0	2000	other	0
pilot-35_1	70	Pulse	255	2065023	8392	0
pilot-35_1	71	Picture	80	2069582	0	1	2226	1	0	2000	other	0
pilot-35_1	71	Response	1	2074643	5061	1
pilot-35_1	72	Picture	60	2083200	0	1	2226	1	0	2000	other	0
pilot-35_1	72	Pulse	255	2085023	1822	0
pilot-35_1	73	Picture	10	2096152	0	1	2226	1	0	2000	other	0
pilot-35_1	73	Pulse	255	2105023	8871	0
pilot-35_1	74	Picture	30	2110103	0	1	2226	1	0	2000	other	0
pilot-35_1	75	Picture	60	2122722	0	1	2226	1	0	2000	other	0
pilot-35_1	75	Pulse	255	2125023	2301	0
pilot-35_1	76	Picture	70	2135340	0	1	2226	1	0	2000	other	0
pilot-35_1	76	Pulse	255	2145022	9682	0
pilot-35_1	77	Picture	30	2150292	0	1	2226	1	0	2000	other	0
pilot-35_1	77	Pulse	255	2164744	14452	279
pilot-35_1	78	Picture	10	2165410	0	1	2226	1	0	2000	other	0
pilot-35_1	79	Picture	Bfix	2180029	0	1	50557	1	0	50000	other	0
pilot-35_1	79	Pulse	255	2185022	4994	0
pilot-35_1	79	Pulse	255	2205013	24984	0
pilot-35_1	79	Pulse	255	2225012	44984	0
pilot-35_1	80	Picture	10	2230586	0	1	2226	1	0	2000	other	0
pilot-35_1	81	Picture	30	2243704	0	1	2226	1	0	2000	other	0
pilot-35_1	81	Pulse	255	2245013	1309	0
pilot-35_1	82	Picture	60	2256322	0	1	2226	1	0	2000	other	0
pilot-35_1	82	Pulse	255	2265013	8690	0
pilot-35_1	83	Picture	70	2269941	0	1	2226	1	0	2000	other	0
pilot-35_1	84	Picture	70	2282559	0	1	2226	1	0	2000	other	0
pilot-35_1	84	Pulse	255	2285013	2454	0
pilot-35_1	85	Picture	30	2296677	0	1	2226	1	0	2000	other	0
pilot-35_1	85	Pulse	255	2305013	8336	0
pilot-35_1	86	Picture	70	2310296	0	1	2226	1	0	2000	other	0
pilot-35_1	87	Picture	10	2323414	0	1	2226	1	0	2000	other	0
pilot-35_1	87	Pulse	255	2325013	1599	0
pilot-35_1	88	Picture	60	2336032	0	1	2226	1	0	2000	other	0
pilot-35_1	88	Pulse	255	2345013	8981	0
pilot-35_1	89	Picture	30	2350984	0	1	2226	1	0	2000	other	0
pilot-35_1	90	Picture	60	2363602	0	1	2226	1	0	2000	other	0
pilot-35_1	90	Pulse	255	2365013	1411	0
pilot-35_1	91	Picture	70	2377220	0	1	2226	1	0	2000	other	0
pilot-35_1	91	Pulse	255	2385013	7792	0
pilot-35_1	92	Picture	60	2391839	0	1	2226	1	0	2000	other	0
pilot-35_1	92	Pulse	255	2405013	13175	0
pilot-35_1	93	Picture	30	2405623	0	1	2226	1	0	2000	other	0
pilot-35_1	94	Picture	60	2418242	0	1	2226	1	0	2000	other	0
pilot-35_1	94	Pulse	255	2425013	6771	0
pilot-35_1	95	Picture	70	2430819	0	1	2226	1	0	2000	other	0
pilot-35_1	95	Pulse	255	2445013	14194	0
pilot-35_1	96	Picture	60	2445438	0	1	2226	1	0	2000	other	0
pilot-35_1	97	Picture	70	2459056	0	1	2226	1	0	2000	other	0
pilot-35_1	97	Pulse	255	2465013	5957	0
pilot-35_1	98	Picture	70	2473674	0	1	2226	1	0	2000	other	0
pilot-35_1	98	Pulse	255	2485013	11339	0
pilot-35_1	99	Picture	60	2487293	0	1	2226	1	0	2000	other	0
pilot-35_1	100	Picture	Bfix	2499911	0	1	50259	1	0	50000	other	0
pilot-35_1	100	Pulse	255	2505013	5102	0
pilot-35_1	100	Pulse	255	2525013	25102	0
pilot-35_1	100	Pulse	255	2545013	45102	0
pilot-35_1	101	Picture	60	2550169	0	1	2226	1	0	2000	other	0
pilot-35_1	102	Picture	70	2562788	0	1	2226	1	0	2000	other	0
pilot-35_1	102	Pulse	255	2565013	2225	0
pilot-35_1	103	Picture	70	2576406	0	1	2226	1	0	2000	other	0
pilot-35_1	103	Pulse	255	2585013	8607	0
pilot-35_1	104	Picture	10	2590358	0	1	2226	1	0	2000	other	0
pilot-35_1	105	Picture	80	2603310	0	1	2226	1	0	2000	other	0
pilot-35_1	105	Pulse	255	2605013	1704	0
pilot-35_1	105	Response	1	2609133	5824	1
pilot-35_1	106	Picture	10	2616261	0	1	2226	1	0	2000	other	0
pilot-35_1	106	Pulse	255	2625013	8752	0
pilot-35_1	107	Picture	10	2629046	0	1	2226	1	0	2000	other	0
pilot-35_1	108	Picture	30	2641998	0	1	2226	1	0	2000	other	0
pilot-35_1	108	Pulse	255	2645013	3016	0
pilot-35_1	109	Picture	30	2655949	0	1	2226	1	0	2000	other	0
pilot-35_1	109	Pulse	255	2665014	9064	0
pilot-35_1	110	Picture	30	2670901	0	1	2226	1	0	2000	other	0
pilot-35_1	111	Picture	Bfix	2684520	0	1	50586	1	0	50000	other	0
pilot-35_1	111	Pulse	255	2685013	493	0
pilot-35_1	111	Pulse	255	2705013	20493	0
pilot-35_1	111	Pulse	255	2725013	40493	0
pilot-35_1	112	Picture	40	2735106	0	1	2226	1	0	2000	other	0
pilot-35_1	112	Pulse	255	2745013	9907	0
pilot-35_1	113	Picture	20	2749058	0	1	2226	1	0	2000	other	0
pilot-35_1	114	Picture	50	2764010	0	1	2226	1	0	2000	other	0
pilot-35_1	114	Pulse	255	2765014	1004	0
pilot-35_1	115	Picture	20	2777128	0	1	2226	1	0	2000	other	0
pilot-35_1	115	Pulse	255	2785013	7885	0
pilot-35_1	116	Picture	40	2792080	0	1	2226	1	0	2000	other	0
pilot-35_1	116	Pulse	255	2805014	12934	0
pilot-35_1	117	Picture	80	2805864	0	1	2226	1	0	2000	other	0
pilot-35_1	117	Response	1	2812064	6199	1
pilot-35_1	118	Picture	90	2819816	0	1	2226	1	0	2000	other	0
pilot-35_1	118	Pulse	255	2825013	5197	0
pilot-35_1	119	Picture	40	2833768	0	1	2226	1	0	2000	other	0
pilot-35_1	119	Pulse	255	2845014	11246	0
pilot-35_1	120	Picture	90	2846719	0	1	2226	1	0	2000	other	0
pilot-35_1	121	Picture	90	2859839	0	1	2226	1	0	2000	other	0
pilot-35_1	121	Pulse	255	2865013	5175	0
pilot-35_1	122	Picture	90	2873790	0	1	2226	1	0	2000	other	0
pilot-35_1	122	Pulse	255	2885014	11223	0
pilot-35_1	123	Picture	90	2886742	0	1	2226	1	0	2000	other	0
pilot-35_1	124	Picture	20	2900693	0	1	2226	1	0	2000	other	0
pilot-35_1	124	Pulse	255	2905014	4320	0
pilot-35_1	125	Picture	50	2913479	0	1	2225	1	0	2000	other	0
pilot-35_1	125	Pulse	255	2925014	11535	0
pilot-35_1	126	Picture	40	2926430	0	1	2226	1	0	2000	other	0
pilot-35_1	127	Picture	40	2940382	0	1	2226	1	0	2000	other	0
pilot-35_1	127	Pulse	255	2945013	4631	0
pilot-35_1	128	Picture	40	2955334	0	1	2226	1	0	2000	other	0
pilot-35_1	128	Pulse	255	2965014	9680	0
pilot-35_1	129	Picture	50	2969286	0	1	2226	1	0	2000	other	0
pilot-35_1	130	Picture	40	2982404	0	1	2226	1	0	2000	other	0
pilot-35_1	130	Pulse	255	2985014	2610	0
pilot-35_1	131	Picture	90	2997356	0	1	2226	1	0	2000	other	0
pilot-35_1	131	Pulse	255	3005013	7658	0
pilot-35_1	132	Picture	40	3010307	0	1	2226	1	0	2000	other	0
pilot-35_1	133	Picture	20	3024259	0	1	2226	1	0	2000	other	0
pilot-35_1	133	Pulse	255	3025013	754	0
pilot-35_1	134	Picture	20	3038210	0	1	2226	1	0	2000	other	0
pilot-35_1	134	Pulse	255	3045014	6804	0
pilot-35_1	135	Picture	90	3053162	0	1	2226	1	0	2000	other	0
pilot-35_1	135	Pulse	255	3065014	11852	0
pilot-35_1	136	Picture	50	3068114	0	1	2226	1	0	2000	other	0
pilot-35_1	137	Picture	Bfix	3082732	0	1	50556	1	0	50000	other	0
pilot-35_1	137	Pulse	255	3085013	2281	0
pilot-35_1	137	Pulse	255	3105014	22281	0
pilot-35_1	137	Pulse	255	3125013	42281	0
pilot-35_1	138	Picture	90	3133288	0	1	2226	1	0	2000	other	0
pilot-35_1	138	Pulse	255	3145015	11727	0
pilot-35_1	139	Picture	50	3147240	0	1	2226	1	0	2000	other	0
pilot-35_1	140	Picture	20	3161191	0	1	2226	1	0	2000	other	0
pilot-35_1	140	Pulse	255	3165014	3823	0
pilot-35_1	141	Picture	90	3175310	0	1	2226	1	0	2000	other	0
pilot-35_1	141	Pulse	255	3185014	9704	0
pilot-35_1	142	Picture	90	3190261	0	1	2226	1	0	2000	other	0
pilot-35_1	143	Picture	90	3203213	0	1	2226	1	0	2000	other	0
pilot-35_1	143	Pulse	255	3205014	1801	0
pilot-35_1	144	Picture	50	3216165	0	1	2226	1	0	2000	other	0
pilot-35_1	144	Pulse	255	3225014	8849	0
pilot-35_1	145	Picture	40	3229116	0	1	2226	1	0	2000	other	0
pilot-35_1	146	Picture	90	3241901	0	1	2226	1	0	2000	other	0
pilot-35_1	146	Pulse	255	3245014	3113	0
pilot-35_1	147	Picture	40	3256686	0	1	2226	1	0	2000	other	0
pilot-35_1	147	Pulse	255	3265014	8327	0
pilot-35_1	148	Picture	40	3269638	0	1	2226	1	0	2000	other	0
pilot-35_1	149	Picture	90	3283590	0	1	2226	1	0	2000	other	0
pilot-35_1	149	Pulse	255	3285014	1424	0
pilot-35_1	150	Picture	20	3298541	0	1	2226	1	0	2000	other	0
pilot-35_1	150	Pulse	255	3305014	6473	0
pilot-35_1	151	Picture	80	3311326	0	1	2226	1	0	2000	other	0
pilot-35_1	151	Response	1	3317074	5748	1
pilot-35_1	151	Pulse	255	3325014	13688	0
pilot-35_1	152	Picture	50	3326278	0	1	2226	1	0	2000	other	0
pilot-35_1	153	Picture	50	3339397	0	1	2226	1	0	2000	other	0
pilot-35_1	153	Pulse	255	3345014	5617	0
pilot-35_1	154	Picture	20	3352515	0	1	2225	1	0	2000	other	0
pilot-35_1	154	Pulse	255	3365014	12499	0
pilot-35_1	155	Picture	80	3366293	0	12	2226	12	0	2000	other	0
pilot-35_1	155	Response	1	3372424	6131	1
pilot-35_1	156	Picture	90	3381078	0	1	2226	1	0	2000	other	0
pilot-35_1	156	Pulse	255	3385014	3936	0
pilot-35_1	157	Picture	80	3395863	0	1	2226	1	0	2000	other	0
pilot-35_1	157	Response	1	3401094	5231	1
pilot-35_1	157	Pulse	255	3405014	9151	0
pilot-35_1	158	Picture	90	3409815	0	1	2226	1	0	2000	other	0
pilot-35_1	159	Picture	20	3422767	0	1	2226	1	0	2000	other	0
pilot-35_1	159	Pulse	255	3425014	2248	0
pilot-35_1	160	Picture	40	3436718	0	1	2226	1	0	2000	other	0
pilot-35_1	160	Pulse	255	3445014	8296	0
pilot-35_1	161	Picture	50	3450836	0	1	2226	1	0	2000	other	0
pilot-35_1	162	Picture	90	3463788	0	1	2226	1	0	2000	other	0
pilot-35_1	162	Pulse	255	3465014	1226	0
pilot-35_1	163	Picture	Bfix	3476406	0	1	50708	1	0	50000	other	0
pilot-35_1	163	Pulse	255	3485014	8608	0
pilot-35_1	163	Pulse	255	3505014	28608	0
pilot-35_1	163	Pulse	255	3525015	48608	0
pilot-35_1	164	Picture	40	3527114	0	1	2226	1	0	2000	other	0
pilot-35_1	165	Picture	20	3541066	0	1	2226	1	0	2000	other	0
pilot-35_1	165	Pulse	255	3545014	3948	0
pilot-35_1	166	Picture	40	3554018	0	1	2226	1	0	2000	other	0
pilot-35_1	166	Pulse	255	3565015	10997	0
pilot-35_1	167	Picture	20	3567969	0	1	2226	1	0	2000	other	0
pilot-35_1	168	Picture	20	3582921	0	1	2226	1	0	2000	other	0
pilot-35_1	168	Pulse	255	3585015	2093	0
pilot-35_1	169	Picture	50	3598040	0	1	2226	1	0	2000	other	0
pilot-35_1	169	Pulse	255	3605015	6975	0
pilot-35_1	170	Picture	20	3610991	0	1	2226	1	0	2000	other	0
pilot-35_1	171	Picture	20	3624943	0	1	2226	1	0	2000	other	0
pilot-35_1	171	Pulse	255	3625014	71	0
pilot-35_1	172	Picture	40	3638895	0	1	2226	1	0	2000	other	0
pilot-35_1	172	Pulse	255	3645014	6119	0
pilot-35_1	173	Picture	40	3652847	0	1	2225	1	0	2000	other	0
pilot-35_1	173	Pulse	255	3665014	12168	0
pilot-35_1	174	Picture	90	3666798	0	1	2226	1	0	2000	other	0
pilot-35_1	175	Picture	50	3680750	0	1	2226	1	0	2000	other	0
pilot-35_1	175	Pulse	255	3685014	4265	0
pilot-35_1	176	Picture	50	3694535	0	1	2227	1	0	2000	other	0
pilot-35_1	176	Pulse	255	3705014	10480	0
pilot-35_1	177	Picture	40	3709654	0	1	2226	1	0	2000	other	0
pilot-35_1	178	Picture	90	3724606	0	1	2226	1	0	2000	other	0
pilot-35_1	178	Pulse	255	3725015	410	0
pilot-35_1	179	Picture	40	3738724	0	1	2226	1	0	2000	other	0
pilot-35_1	179	Pulse	255	3745014	6291	0
pilot-35_1	180	Picture	40	3753509	0	1	2226	1	0	2000	other	0
pilot-35_1	180	Pulse	255	3765014	11506	0
pilot-35_1	181	Picture	50	3766460	0	1	2226	1	0	2000	other	0
pilot-35_1	182	Picture	20	3779412	0	1	2226	1	0	2000	other	0
pilot-35_1	182	Pulse	255	3785014	5603	0
pilot-35_1	183	Picture	90	3793364	0	1	2226	1	0	2000	other	0
pilot-35_1	183	Pulse	255	3805015	11651	0
pilot-35_1	184	Picture	20	3807315	0	1	2226	1	0	2000	other	0
pilot-35_1	185	Picture	20	3820434	0	1	2226	1	0	2000	other	0
pilot-35_1	185	Pulse	255	3825015	4581	0
pilot-35_1	186	Picture	50	3835385	0	1	2226	1	0	2000	other	0
pilot-35_1	186	Pulse	255	3845015	9630	0
pilot-35_1	187	Picture	50	3850337	0	1	2226	1	0	2000	other	0
pilot-35_1	188	Picture	50	3864289	0	1	2204	1	0	2000	other	0
pilot-35_1	188	Pulse	255	3865015	726	0
pilot-35_1	189	Picture	Bfix	3878885	0	1	50226	1	0	50000	other	0
pilot-35_1	189	Pulse	255	3885014	6129	0
pilot-35_1	189	Pulse	255	3905015	26130	0
pilot-35_1	189	Pulse	255	3925015	46129	0
pilot-35_1	190	Picture	40	3929611	0	1	2226	1	0	2000	other	0
pilot-35_1	191	Picture	50	3943563	0	1	2226	1	0	2000	other	0
pilot-35_1	191	Pulse	255	3945015	1452	0
pilot-35_1	192	Picture	20	3957515	0	1	2226	1	0	2000	other	0
pilot-35_1	192	Pulse	255	3965015	7500	0
pilot-35_1	193	Picture	90	3970466	0	1	2226	1	0	2000	other	0
pilot-35_1	193	Pulse	255	3984919	14452	97
pilot-35_1	194	Picture	40	3985251	0	1	2226	1	0	2000	other	0
pilot-35_1	195	Picture	20	4000037	0	1	2226	1	0	2000	other	0
pilot-35_1	195	Pulse	255	4005015	4978	0
pilot-35_1	196	Picture	50	4012822	0	1	2226	1	0	2000	other	0
pilot-35_1	196	Pulse	255	4025015	12193	0
pilot-35_1	197	Picture	90	4026607	0	1	2226	1	0	2000	other	0
pilot-35_1	198	Picture	90	4040559	0	1	2226	1	0	2000	other	0
pilot-35_1	198	Pulse	255	4045015	4456	0
pilot-35_1	199	Picture	50	4055511	0	1	2226	1	0	2000	other	0
pilot-35_1	199	Pulse	255	4065015	9505	0
pilot-35_1	200	Picture	90	4070462	0	1	2226	1	0	2000	other	0
pilot-35_1	201	Picture	20	4083414	0	1	2226	1	0	2000	other	0
pilot-35_1	201	Pulse	255	4085015	1601	0
pilot-35_1	202	Picture	20	4098533	0	1	2226	1	0	2000	other	0
pilot-35_1	202	Pulse	255	4105015	6482	0
pilot-35_1	203	Picture	50	4112485	0	1	2226	1	0	2000	other	0
pilot-35_1	203	Pulse	255	4124936	12452	82
pilot-35_1	204	Picture	90	4125436	0	1	2226	1	0	2000	other	0
pilot-35_1	205	Picture	50	4139388	0	1	2226	1	0	2000	other	0
pilot-35_1	205	Pulse	255	4145015	5627	0
pilot-35_1	206	Picture	40	4152340	0	1	2226	1	0	2000	other	0
pilot-35_1	206	Pulse	255	4164791	12452	225
pilot-35_1	207	Picture	90	4165291	0	1	2226	1	0	2000	other	0
pilot-35_1	208	Picture	50	4180409	0	1	2226	1	0	2000	other	0
pilot-35_1	208	Pulse	255	4185015	4606	0
pilot-35_1	209	Picture	40	4193528	0	1	2226	1	0	2000	other	0
pilot-35_1	209	Pulse	255	4205015	11487	0
pilot-35_1	210	Picture	Bfix	4206146	0	1	50619	1	0	50000	other	0
pilot-35_1	210	Pulse	255	4225015	18869	0
pilot-35_1	210	Pulse	255	4245016	38870	0
pilot-35_1	211	Picture	90	4256765	0	1	2226	1	0	2000	other	0
pilot-35_1	211	Pulse	255	4265016	8251	0
pilot-35_1	212	Picture	40	4271716	0	1	2226	1	0	2000	other	0
pilot-35_1	213	Picture	20	4284668	0	1	2226	1	0	2000	other	0
pilot-35_1	213	Pulse	255	4285016	348	0
pilot-35_1	214	Picture	90	4297619	0	1	2226	1	0	2000	other	0
pilot-35_1	214	Pulse	255	4305015	7396	0
pilot-35_1	215	Picture	20	4312404	0	1	2226	1	0	2000	other	0
pilot-35_1	216	Picture	50	4327356	0	1	2226	1	0	2000	other	0
pilot-35_1	217	Picture	40	4342308	0	1	2226	1	0	2000	other	0
pilot-35_1	218	Picture	80	4357093	0	1	2226	1	0	2000	other	0
pilot-35_1	218	Response	1	4362196	5103	1
pilot-35_1	219	Picture	50	4370211	0	1	2226	1	0	2000	other	0
pilot-35_1	220	Picture	50	4384163	0	1	2226	1	0	2000	other	0
