Scenario - loca_visu_version1
Logfile written - 10/30/2018 10:14:34

Subject	Trial	Event Type	Code	Time	TTime	Uncertainty	Duration	Uncertainty	ReqTime	ReqDur	Stim Type	Pair Index

sub-14_1	0	Pulse	255	679887	679887	0
sub-14_1	1	Picture	Bfix	680115	0	1	50271	1	0	50000	other	0
sub-14_1	1	Pulse	255	699887	19772	0
sub-14_1	1	Pulse	255	719888	39772	0
sub-14_1	2	Picture	70	730386	0	1	2226	1	0	2000	other	0
sub-14_1	2	Pulse	255	739887	9501	0
sub-14_1	3	Picture	10	744338	0	1	2226	1	0	2000	other	0
sub-14_1	4	Picture	70	756957	0	1	2226	1	0	2000	other	0
sub-14_1	4	Pulse	255	759888	2931	0
sub-14_1	5	Picture	30	771909	0	1	2226	1	0	2000	other	0
sub-14_1	5	Pulse	255	779888	7979	0
sub-14_1	6	Picture	80	784861	0	1	2226	1	0	2000	other	0
sub-14_1	6	Response	1	790477	5617	1
sub-14_1	7	Picture	60	797479	0	1	2227	1	0	2000	other	0
sub-14_1	7	Pulse	255	799888	2409	0
sub-14_1	8	Picture	60	809956	0	1	2226	1	0	2000	other	0
sub-14_1	8	Pulse	255	819888	9932	0
sub-14_1	9	Picture	70	823574	0	1	2226	1	0	2000	other	0
sub-14_1	10	Picture	70	836193	0	1	2226	1	0	2000	other	0
sub-14_1	10	Pulse	255	839888	3695	0
sub-14_1	11	Picture	70	850811	0	1	2226	1	0	2000	other	0
sub-14_1	11	Pulse	255	859887	9077	0
sub-14_1	12	Picture	30	863596	0	1	2226	1	0	2000	other	0
sub-14_1	13	Picture	10	878382	0	1	2226	1	0	2000	other	0
sub-14_1	13	Pulse	255	879887	1506	0
sub-14_1	14	Picture	30	893167	0	1	2226	1	0	2000	other	0
sub-14_1	14	Pulse	255	899888	6721	0
sub-14_1	15	Picture	30	906952	0	1	2226	1	0	2000	other	0
sub-14_1	15	Pulse	255	919888	12936	0
sub-14_1	16	Picture	70	921570	0	1	2226	1	0	2000	other	0
sub-14_1	17	Picture	80	934356	0	1	2226	1	0	2000	other	0
sub-14_1	17	Response	1	939528	5172	1
sub-14_1	17	Pulse	255	939888	5532	0
sub-14_1	18	Picture	70	947974	0	1	2226	1	0	2000	other	0
sub-14_1	18	Pulse	255	959888	11914	0
sub-14_1	19	Picture	10	960759	0	1	2226	1	0	2000	other	0
sub-14_1	20	Picture	70	975378	0	1	2226	1	0	2000	other	0
sub-14_1	20	Pulse	255	979888	4509	0
sub-14_1	21	Picture	10	988164	0	1	2226	1	0	2000	other	0
sub-14_1	21	Pulse	255	999888	11724	0
sub-14_1	22	Picture	60	1001782	0	1	2226	1	0	2000	other	0
sub-14_1	23	Picture	30	1014734	0	1	2226	1	0	2000	other	0
sub-14_1	23	Pulse	255	1019888	5154	0
sub-14_1	24	Picture	60	1028352	0	1	2226	1	0	2000	other	0
sub-14_1	24	Pulse	255	1039888	11536	0
sub-14_1	25	Picture	10	1041304	0	1	2226	1	0	2000	other	0
sub-14_1	26	Picture	30	1055257	0	1	2226	1	0	2000	other	0
sub-14_1	26	Pulse	255	1059888	4632	0
sub-14_1	27	Picture	Bfix	1068876	0	1	50226	1	0	50000	other	0
sub-14_1	27	Pulse	255	1079888	11012	0
sub-14_1	27	Pulse	255	1099888	31012	0
sub-14_1	28	Picture	60	1119268	0	1	2226	1	0	2000	other	0
sub-14_1	28	Pulse	255	1119888	620	0
sub-14_1	29	Picture	70	1133887	0	1	2226	1	0	2000	other	0
sub-14_1	29	Pulse	255	1139888	6002	0
sub-14_1	30	Picture	30	1146838	0	1	2226	1	0	2000	other	0
sub-14_1	30	Pulse	255	1159888	13050	0
sub-14_1	31	Picture	10	1160790	0	1	2226	1	0	2000	other	0
sub-14_1	32	Picture	60	1175408	0	1	2226	1	0	2000	other	0
sub-14_1	32	Pulse	255	1179888	4480	0
sub-14_1	33	Picture	10	1190360	0	1	2226	1	0	2000	other	0
sub-14_1	33	Pulse	255	1199888	9528	0
sub-14_1	34	Picture	60	1202979	0	1	2226	1	0	2000	other	0
sub-14_1	35	Picture	10	1217764	0	1	2226	1	0	2000	other	0
sub-14_1	35	Pulse	255	1219889	2125	0
sub-14_1	36	Picture	10	1231716	0	1	2226	1	0	2000	other	0
sub-14_1	36	Pulse	255	1239889	8173	0
sub-14_1	37	Picture	10	1245668	0	1	2226	1	0	2000	other	0
sub-14_1	38	Picture	60	1258286	0	1	2226	1	0	2000	other	0
sub-14_1	38	Pulse	255	1259888	1602	0
sub-14_1	39	Picture	30	1271238	0	1	2226	1	0	2000	other	0
sub-14_1	39	Pulse	255	1279889	8651	0
sub-14_1	40	Picture	80	1285190	0	1	2226	1	0	2000	other	0
sub-14_1	40	Response	1	1289298	4108	1
sub-14_1	41	Picture	10	1298142	0	1	2226	1	0	2000	other	0
sub-14_1	41	Pulse	255	1299888	1746	0
sub-14_1	42	Picture	70	1311760	0	1	2226	1	0	2000	other	0
sub-14_1	42	Pulse	255	1319888	8128	0
sub-14_1	43	Picture	10	1324545	0	1	2226	1	0	2000	other	0
sub-14_1	44	Picture	10	1339497	0	1	2226	1	0	2000	other	0
sub-14_1	44	Pulse	255	1339888	391	0
sub-14_1	45	Picture	10	1354449	0	1	2226	1	0	2000	other	0
sub-14_1	45	Pulse	255	1359888	5439	0
sub-14_1	46	Picture	60	1369068	0	1	2226	1	0	2000	other	0
sub-14_1	46	Pulse	255	1379889	10821	0
sub-14_1	47	Picture	70	1382687	0	1	2226	1	0	2000	other	0
sub-14_1	48	Picture	Bfix	1395305	0	1	50535	1	0	50000	other	0
sub-14_1	48	Pulse	255	1399889	4584	0
sub-14_1	48	Pulse	255	1419889	24583	0
sub-14_1	48	Pulse	255	1439889	44584	0
sub-14_1	49	Picture	10	1445840	0	1	2226	1	0	2000	other	0
sub-14_1	49	Pulse	255	1459889	14048	0
sub-14_1	50	Picture	30	1460625	0	1	2226	1	0	2000	other	0
sub-14_1	51	Picture	60	1473244	0	1	2226	1	0	2000	other	0
sub-14_1	51	Pulse	255	1479889	6645	0
sub-14_1	52	Picture	60	1487862	0	1	2226	1	0	2000	other	0
sub-14_1	52	Pulse	255	1499889	12026	0
sub-14_1	53	Picture	70	1501481	0	1	2226	1	0	2000	other	0
sub-14_1	54	Picture	70	1515100	0	1	2226	1	0	2000	other	0
sub-14_1	54	Pulse	255	1519889	4789	0
sub-14_1	55	Picture	30	1529052	0	1	2226	1	0	2000	other	0
sub-14_1	55	Pulse	255	1539889	10837	0
sub-14_1	56	Picture	10	1544004	0	1	2226	1	0	2000	other	0
sub-14_1	57	Picture	30	1556955	0	1	2226	1	0	2000	other	0
sub-14_1	57	Pulse	255	1559889	2933	0
sub-14_1	58	Picture	30	1571907	0	1	2226	1	0	2000	other	0
sub-14_1	58	Pulse	255	1579889	7982	0
sub-14_1	59	Picture	30	1585859	0	1	2226	1	0	2000	other	0
sub-14_1	59	Pulse	255	1599889	14030	0
sub-14_1	60	Picture	10	1600644	0	1	2226	1	0	2000	other	0
sub-14_1	61	Picture	30	1615596	0	1	2226	1	0	2000	other	0
sub-14_1	61	Pulse	255	1619889	4293	0
sub-14_1	62	Picture	10	1629548	0	1	2226	1	0	2000	other	0
sub-14_1	62	Pulse	255	1639889	10341	0
sub-14_1	63	Picture	60	1644167	0	1	2226	1	0	2000	other	0
sub-14_1	64	Picture	60	1657786	0	1	2226	1	0	2000	other	0
sub-14_1	64	Pulse	255	1659889	2104	0
sub-14_1	65	Picture	30	1672737	0	1	2226	1	0	2000	other	0
sub-14_1	65	Pulse	255	1679889	7152	0
sub-14_1	66	Picture	30	1687689	0	1	2226	1	0	2000	other	0
sub-14_1	66	Pulse	255	1699889	12200	0
sub-14_1	67	Picture	60	1700307	0	1	2226	1	0	2000	other	0
sub-14_1	68	Picture	30	1714259	0	1	2226	1	0	2000	other	0
sub-14_1	68	Pulse	255	1719890	5630	0
sub-14_1	69	Picture	70	1726878	0	1	2226	1	0	2000	other	0
sub-14_1	70	Picture	60	1739497	0	1	2226	1	0	2000	other	0
sub-14_1	70	Pulse	255	1739889	393	0
sub-14_1	71	Picture	80	1752282	0	1	2226	1	0	2000	other	0
sub-14_1	71	Response	1	1757189	4908	1
sub-14_1	71	Pulse	255	1759889	7608	0
sub-14_1	72	Picture	60	1765900	0	1	2226	1	0	2000	other	0
sub-14_1	73	Picture	10	1779685	0	1	2226	1	0	2000	other	0
sub-14_1	73	Pulse	255	1779889	204	0
sub-14_1	74	Picture	30	1792637	0	1	2226	1	0	2000	other	0
sub-14_1	74	Pulse	255	1799889	7253	0
sub-14_1	75	Picture	60	1807255	0	1	2226	1	0	2000	other	0
sub-14_1	76	Picture	70	1819874	0	1	2226	1	0	2000	other	0
sub-14_1	76	Pulse	255	1819890	15	0
sub-14_1	77	Picture	30	1832826	0	1	2226	1	0	2000	other	0
sub-14_1	77	Pulse	255	1839890	7064	0
sub-14_1	78	Picture	10	1845778	0	1	2226	1	0	2000	other	0
sub-14_1	79	Picture	Bfix	1858396	0	1	50537	1	0	50000	other	0
sub-14_1	79	Pulse	255	1859890	1493	0
sub-14_1	79	Pulse	255	1879890	21494	0
sub-14_1	79	Pulse	255	1899889	41493	0
sub-14_1	80	Picture	10	1908933	0	1	2226	1	0	2000	other	0
sub-14_1	80	Pulse	255	1919890	10957	0
sub-14_1	81	Picture	30	1921885	0	1	2226	1	0	2000	other	0
sub-14_1	82	Picture	60	1935504	0	1	2226	1	0	2000	other	0
sub-14_1	82	Pulse	255	1939890	4386	0
sub-14_1	83	Picture	70	1950122	0	1	2226	1	0	2000	other	0
sub-14_1	83	Pulse	255	1959890	9767	0
sub-14_1	84	Picture	70	1962741	0	1	2226	1	0	2000	other	0
sub-14_1	85	Picture	30	1976692	0	1	2226	1	0	2000	other	0
sub-14_1	85	Pulse	255	1979890	3198	0
sub-14_1	86	Picture	70	1989311	0	1	2226	1	0	2000	other	0
sub-14_1	86	Pulse	255	1999890	10579	0
sub-14_1	87	Picture	10	2004263	0	1	2226	1	0	2000	other	0
sub-14_1	88	Picture	60	2018882	0	1	2226	1	0	2000	other	0
sub-14_1	88	Pulse	255	2019890	1008	0
sub-14_1	89	Picture	30	2032834	0	1	2226	1	0	2000	other	0
sub-14_1	89	Pulse	255	2039890	7056	0
sub-14_1	90	Picture	60	2045452	0	1	2226	1	0	2000	other	0
sub-14_1	90	Pulse	255	2059890	14438	0
sub-14_1	91	Picture	70	2060071	0	1	2226	1	0	2000	other	0
sub-14_1	92	Picture	60	2073690	0	1	2226	1	0	2000	other	0
sub-14_1	92	Pulse	255	2079890	6200	0
sub-14_1	93	Picture	30	2087641	0	1	2226	1	0	2000	other	0
sub-14_1	93	Pulse	255	2099890	12249	0
sub-14_1	94	Picture	60	2101260	0	1	2226	1	0	2000	other	0
sub-14_1	95	Picture	70	2113878	0	1	2226	1	0	2000	other	0
sub-14_1	95	Pulse	255	2119890	6012	0
sub-14_1	96	Picture	60	2128497	0	1	2226	1	0	2000	other	0
sub-14_1	96	Pulse	255	2139890	11394	0
sub-14_1	97	Picture	70	2143115	0	1	2226	1	0	2000	other	0
sub-14_1	98	Picture	70	2155734	0	1	2226	1	0	2000	other	0
sub-14_1	98	Pulse	255	2159880	4146	0
sub-14_1	99	Picture	60	2170352	0	1	2226	1	0	2000	other	0
sub-14_1	99	Pulse	255	2179880	9528	0
sub-14_1	100	Picture	Bfix	2183971	0	1	50260	1	0	50000	other	0
sub-14_1	100	Pulse	255	2199880	15909	0
sub-14_1	100	Pulse	255	2219881	35910	0
sub-14_1	101	Picture	60	2234230	0	1	2226	1	0	2000	other	0
sub-14_1	101	Pulse	255	2239880	5650	0
sub-14_1	102	Picture	70	2247849	0	1	2226	1	0	2000	other	0
sub-14_1	102	Pulse	255	2259881	12032	0
sub-14_1	103	Picture	70	2262468	0	1	2226	1	0	2000	other	0
sub-14_1	104	Picture	10	2277420	0	1	2226	1	0	2000	other	0
sub-14_1	104	Pulse	255	2279880	2460	0
sub-14_1	105	Picture	80	2292372	0	1	2226	1	0	2000	other	0
sub-14_1	105	Response	1	2298021	5649	1
sub-14_1	105	Pulse	255	2299880	7508	0
sub-14_1	106	Picture	10	2306323	0	1	2226	1	0	2000	other	0
sub-14_1	107	Picture	10	2319275	0	1	2226	1	0	2000	other	0
sub-14_1	107	Pulse	255	2319881	605	0
sub-14_1	108	Picture	30	2334227	0	1	2226	1	0	2000	other	0
sub-14_1	108	Pulse	255	2339880	5653	0
sub-14_1	109	Picture	30	2347180	0	1	2226	1	0	2000	other	0
sub-14_1	109	Pulse	255	2359632	12453	249
sub-14_1	110	Picture	30	2360132	0	1	2226	1	0	2000	other	0
sub-14_1	111	Picture	Bfix	2372750	0	1	50226	1	0	50000	other	0
sub-14_1	111	Pulse	255	2379881	7131	0
sub-14_1	111	Pulse	255	2399880	27130	0
sub-14_1	111	Pulse	255	2419881	47131	0
sub-14_1	112	Picture	40	2423476	0	1	2226	1	0	2000	other	0
sub-14_1	113	Picture	20	2436428	0	1	2226	1	0	2000	other	0
sub-14_1	113	Pulse	255	2439881	3453	0
sub-14_1	114	Picture	50	2451380	0	1	2226	1	0	2000	other	0
sub-14_1	114	Pulse	255	2459881	8501	0
sub-14_1	115	Picture	20	2464332	0	1	2226	1	0	2000	other	0
sub-14_1	116	Picture	40	2478284	0	1	2226	1	0	2000	other	0
sub-14_1	116	Pulse	255	2479881	1596	0
sub-14_1	117	Picture	80	2492069	0	1	2226	1	0	2000	other	0
sub-14_1	117	Response	1	2497121	5052	1
sub-14_1	117	Pulse	255	2499881	7811	0
sub-14_1	118	Picture	90	2507022	0	1	2226	1	0	2000	other	0
sub-14_1	118	Pulse	255	2519881	12859	0
sub-14_1	119	Picture	40	2519974	0	1	2227	1	0	2000	other	0
sub-14_1	120	Picture	90	2534926	0	1	2226	1	0	2000	other	0
sub-14_1	120	Pulse	255	2539881	4955	0
sub-14_1	121	Picture	90	2548878	0	1	2226	1	0	2000	other	0
sub-14_1	121	Pulse	255	2559881	11003	0
sub-14_1	122	Picture	90	2561830	0	1	2226	1	0	2000	other	0
sub-14_1	123	Picture	90	2574782	0	1	2226	1	0	2000	other	0
sub-14_1	123	Pulse	255	2579881	5099	0
sub-14_1	124	Picture	20	2587734	0	1	2226	1	0	2000	other	0
sub-14_1	124	Pulse	255	2599881	12147	0
sub-14_1	125	Picture	50	2600685	0	1	2226	1	0	2000	other	0
sub-14_1	126	Picture	40	2615638	0	1	2226	1	0	2000	other	0
sub-14_1	126	Pulse	255	2619881	4243	0
sub-14_1	127	Picture	40	2628590	0	1	2226	1	0	2000	other	0
sub-14_1	127	Pulse	255	2639881	11291	0
sub-14_1	128	Picture	40	2641541	0	1	2226	1	0	2000	other	0
sub-14_1	129	Picture	50	2656494	0	1	2226	1	0	2000	other	0
sub-14_1	129	Pulse	255	2659881	3387	0
sub-14_1	130	Picture	40	2670446	0	1	2226	1	0	2000	other	0
sub-14_1	130	Pulse	255	2679881	9435	0
sub-14_1	131	Picture	90	2685398	0	1	2226	1	0	2000	other	0
sub-14_1	132	Picture	40	2699350	0	1	2226	1	0	2000	other	0
sub-14_1	132	Pulse	255	2699881	531	0
sub-14_1	133	Picture	20	2712301	0	1	2226	1	0	2000	other	0
sub-14_1	133	Pulse	255	2719881	7580	0
sub-14_1	134	Picture	20	2726253	0	1	2226	1	0	2000	other	0
sub-14_1	134	Pulse	255	2739706	13453	175
sub-14_1	135	Picture	90	2740206	0	1	2226	1	0	2000	other	0
sub-14_1	136	Picture	50	2753158	0	1	2226	1	0	2000	other	0
sub-14_1	136	Pulse	255	2759882	6724	0
sub-14_1	137	Picture	Bfix	2767776	0	1	50226	1	0	50000	other	0
sub-14_1	137	Pulse	255	2779881	12105	0
sub-14_1	137	Pulse	255	2799882	32105	0
sub-14_1	138	Picture	90	2818503	0	1	2226	1	0	2000	other	0
sub-14_1	138	Pulse	255	2819881	1379	0
sub-14_1	139	Picture	50	2831455	0	1	2226	1	0	2000	other	0
sub-14_1	139	Pulse	255	2839881	8427	0
sub-14_1	140	Picture	20	2844406	0	1	2226	1	0	2000	other	0
sub-14_1	141	Picture	90	2859358	0	1	2226	1	0	2000	other	0
sub-14_1	141	Pulse	255	2859882	524	0
sub-14_1	142	Picture	90	2874143	0	1	2226	1	0	2000	other	0
sub-14_1	142	Pulse	255	2879881	5738	0
sub-14_1	143	Picture	90	2888095	0	1	2226	1	0	2000	other	0
sub-14_1	143	Pulse	255	2899882	11787	0
sub-14_1	144	Picture	50	2902047	0	1	2226	1	0	2000	other	0
sub-14_1	145	Picture	40	2916999	0	1	2226	1	0	2000	other	0
sub-14_1	145	Pulse	255	2919882	2883	0
sub-14_1	146	Picture	90	2929951	0	1	2226	1	0	2000	other	0
sub-14_1	146	Pulse	255	2939882	9932	0
sub-14_1	147	Picture	40	2943903	0	1	2226	1	0	2000	other	0
sub-14_1	148	Picture	40	2956855	0	1	2226	1	0	2000	other	0
sub-14_1	148	Pulse	255	2959882	3028	0
sub-14_1	149	Picture	90	2971806	0	1	2226	1	0	2000	other	0
sub-14_1	149	Pulse	255	2979882	8076	0
sub-14_1	150	Picture	20	2985758	0	1	2226	1	0	2000	other	0
sub-14_1	151	Picture	80	2999543	0	1	2226	1	0	2000	other	0
sub-14_1	151	Pulse	255	2999882	339	0
sub-14_1	151	Response	1	3003932	4388	1
sub-14_1	152	Picture	50	3014495	0	1	2226	1	0	2000	other	0
sub-14_1	152	Pulse	255	3019883	5387	0
sub-14_1	153	Picture	50	3028447	0	1	2226	1	0	2000	other	0
sub-14_1	153	Pulse	255	3039882	11435	0
sub-14_1	154	Picture	20	3042399	0	1	2226	1	0	2000	other	0
sub-14_1	155	Picture	80	3055184	0	1	2226	1	0	2000	other	0
sub-14_1	155	Pulse	255	3059882	4698	0
sub-14_1	155	Response	1	3061472	6288	1
sub-14_1	156	Picture	90	3068136	0	1	2226	1	0	2000	other	0
sub-14_1	156	Pulse	255	3079882	11746	0
sub-14_1	157	Picture	80	3082921	0	1	2226	1	0	2000	other	0
sub-14_1	157	Response	1	3087132	4211	1
sub-14_1	158	Picture	90	3097873	0	1	2228	1	0	2000	other	0
sub-14_1	158	Pulse	255	3099883	2010	0
sub-14_1	159	Picture	20	3110828	0	1	2226	1	0	2000	other	0
sub-14_1	159	Pulse	255	3119882	9054	0
sub-14_1	160	Picture	40	3123779	0	1	2226	1	0	2000	other	0
sub-14_1	161	Picture	50	3137731	0	1	2226	1	0	2000	other	0
sub-14_1	161	Pulse	255	3139882	2151	0
sub-14_1	162	Picture	90	3150683	0	1	2226	1	0	2000	other	0
sub-14_1	162	Pulse	255	3159882	9199	0
sub-14_1	163	Picture	Bfix	3164301	0	1	50538	1	0	50000	other	0
sub-14_1	163	Pulse	255	3179882	15580	0
sub-14_1	163	Pulse	255	3199882	35580	0
sub-14_1	164	Picture	40	3214839	0	1	2226	1	0	2000	other	0
sub-14_1	164	Pulse	255	3219882	5043	0
sub-14_1	165	Picture	20	3227792	0	1	2226	1	0	2000	other	0
sub-14_1	165	Pulse	255	3239883	12091	0
sub-14_1	166	Picture	40	3242743	0	1	2226	1	0	2000	other	0
sub-14_1	167	Picture	20	3255696	0	1	2226	1	0	2000	other	0
sub-14_1	167	Pulse	255	3259883	4186	0
sub-14_1	168	Picture	20	3268648	0	1	2226	1	0	2000	other	0
sub-14_1	168	Pulse	255	3279882	11234	0
sub-14_1	169	Picture	50	3282600	0	1	2226	1	0	2000	other	0
sub-14_1	170	Picture	20	3297552	0	1	2226	1	0	2000	other	0
sub-14_1	170	Pulse	255	3299883	2331	0
sub-14_1	171	Picture	20	3311504	0	1	2226	1	0	2000	other	0
sub-14_1	171	Pulse	255	3319883	8379	0
sub-14_1	172	Picture	40	3325456	0	1	2226	1	0	2000	other	0
sub-14_1	172	Pulse	255	3339883	14426	0
sub-14_1	173	Picture	40	3340242	0	1	2226	1	0	2000	other	0
sub-14_1	174	Picture	90	3354194	0	1	2226	1	0	2000	other	0
sub-14_1	174	Pulse	255	3359883	5689	0
sub-14_1	175	Picture	50	3368146	0	1	2226	1	0	2000	other	0
sub-14_1	175	Pulse	255	3379883	11737	0
sub-14_1	176	Picture	50	3383097	0	1	2226	1	0	2000	other	0
sub-14_1	177	Picture	40	3397050	0	1	2226	1	0	2000	other	0
sub-14_1	177	Pulse	255	3399883	2833	0
sub-14_1	178	Picture	90	3412002	0	1	2226	1	0	2000	other	0
sub-14_1	178	Pulse	255	3419883	7882	0
sub-14_1	179	Picture	40	3424954	0	1	2226	1	0	2000	other	0
sub-14_1	179	Pulse	255	3439883	14929	0
sub-14_1	180	Picture	40	3439906	0	1	2226	1	0	2000	other	0
sub-14_1	181	Picture	50	3453858	0	1	2226	1	0	2000	other	0
sub-14_1	181	Pulse	255	3459883	6025	0
sub-14_1	182	Picture	20	3468643	0	1	2226	1	0	2000	other	0
sub-14_1	182	Pulse	255	3479883	11240	0
sub-14_1	183	Picture	90	3481595	0	1	2226	1	0	2000	other	0
sub-14_1	184	Picture	20	3496547	0	1	2226	1	0	2000	other	0
sub-14_1	184	Pulse	255	3499883	3336	0
sub-14_1	185	Picture	20	3511499	0	1	2226	1	0	2000	other	0
sub-14_1	185	Pulse	255	3519883	8385	0
sub-14_1	186	Picture	50	3524451	0	1	2226	1	0	2000	other	0
sub-14_1	187	Picture	50	3538403	0	1	2226	1	0	2000	other	0
sub-14_1	187	Pulse	255	3539883	1480	0
sub-14_1	188	Picture	50	3551188	0	1	2226	1	0	2000	other	0
sub-14_1	188	Pulse	255	3559883	8695	0
sub-14_1	189	Picture	Bfix	3563806	0	1	50538	1	0	50000	other	0
sub-14_1	189	Pulse	255	3579883	16077	0
sub-14_1	189	Pulse	255	3599883	36077	0
sub-14_1	190	Picture	40	3614344	0	1	2226	1	0	2000	other	0
sub-14_1	190	Pulse	255	3619883	5540	0
sub-14_1	191	Picture	50	3628296	0	1	2226	1	0	2000	other	0
sub-14_1	191	Pulse	255	3639883	11588	0
sub-14_1	192	Picture	20	3641247	0	1	2226	1	0	2000	other	0
sub-14_1	193	Picture	90	3655199	0	1	2226	1	0	2000	other	0
sub-14_1	193	Pulse	255	3659883	4684	0
sub-14_1	194	Picture	40	3670151	0	1	2226	1	0	2000	other	0
sub-14_1	194	Pulse	255	3679883	9732	0
sub-14_1	195	Picture	20	3685103	0	1	2226	1	0	2000	other	0
sub-14_1	196	Picture	50	3699055	0	1	2226	1	0	2000	other	0
sub-14_1	196	Pulse	255	3699883	828	0
sub-14_1	197	Picture	90	3712007	0	1	2226	1	0	2000	other	0
sub-14_1	197	Pulse	255	3719883	7877	0
sub-14_1	198	Picture	90	3725959	0	1	2226	1	0	2000	other	0
sub-14_1	198	Pulse	255	3739883	13924	0
sub-14_1	199	Picture	50	3740744	0	1	2226	1	0	2000	other	0
sub-14_1	200	Picture	90	3754696	0	1	2226	1	0	2000	other	0
sub-14_1	200	Pulse	255	3759883	5187	0
sub-14_1	201	Picture	20	3767648	0	1	2226	1	0	2000	other	0
sub-14_1	201	Pulse	255	3779883	12235	0
sub-14_1	202	Picture	20	3781600	0	1	2226	1	0	2000	other	0
sub-14_1	203	Picture	50	3794385	0	1	2226	1	0	2000	other	0
sub-14_1	203	Pulse	255	3799883	5498	0
sub-14_1	204	Picture	90	3807337	0	1	2226	1	0	2000	other	0
sub-14_1	204	Pulse	255	3819883	12546	0
sub-14_1	205	Picture	50	3822289	0	1	2226	1	0	2000	other	0
sub-14_1	206	Picture	40	3836241	0	1	2226	1	0	2000	other	0
sub-14_1	206	Pulse	255	3839883	3642	0
sub-14_1	207	Picture	90	3851193	0	1	2226	1	0	2000	other	0
sub-14_1	207	Pulse	255	3859883	8690	0
sub-14_1	208	Picture	50	3864979	0	1	2226	1	0	2000	other	0
sub-14_1	209	Picture	40	3878764	0	1	2226	1	0	2000	other	0
sub-14_1	209	Pulse	255	3879883	1119	0
sub-14_1	210	Picture	Bfix	3893382	0	1	50464	1	0	50000	other	0
sub-14_1	210	Pulse	255	3899884	6502	0
sub-14_1	210	Pulse	255	3919883	26501	0
sub-14_1	210	Pulse	255	3939884	46502	0
sub-14_1	211	Picture	90	3943846	0	1	2226	1	0	2000	other	0
sub-14_1	212	Picture	40	3958798	0	1	2226	1	0	2000	other	0
sub-14_1	212	Pulse	255	3959884	1085	0
sub-14_1	213	Picture	20	3971750	0	1	2226	1	0	2000	other	0
sub-14_1	213	Pulse	255	3979884	8133	0
sub-14_1	214	Picture	90	3985702	0	1	2227	1	0	2000	other	0
sub-14_1	215	Picture	20	3999655	0	1	2226	1	0	2000	other	0
sub-14_1	215	Pulse	255	3999874	219	0
sub-14_1	216	Picture	50	4012606	0	1	2226	1	0	2000	other	0
sub-14_1	216	Pulse	255	4019874	7267	0
sub-14_1	217	Picture	40	4025558	0	1	2226	1	0	2000	other	0
sub-14_1	218	Picture	80	4039343	0	1	2226	1	0	2000	other	0
sub-14_1	218	Pulse	255	4039874	531	0
sub-14_1	218	Response	1	4043644	4301	1
sub-14_1	219	Picture	50	4054295	0	1	2226	1	0	2000	other	0
sub-14_1	219	Pulse	255	4059874	5579	0
sub-14_1	220	Picture	50	4069081	0	1	2226	1	0	2000	other	0
sub-14_1	220	Pulse	255	4079874	10793	0
sub-14_1	221	Picture	Bfix	4083700	0	1	71769	1	0	60000	other	0
sub-14_1	221	Pulse	255	4099874	16174	0
sub-14_1	221	Pulse	255	4119874	36174	0
