Scenario - loca_visu_version1
Logfile written - 11/21/2018 10:22:01

Subject	Trial	Event Type	Code	Time	TTime	Uncertainty	Duration	Uncertainty	ReqTime	ReqDur	Stim Type	Pair Index

sub-04_1	0	Pulse	255	622268	622268	0
sub-04_1	1	Picture	Bfix	622496	0	1	50272	1	0	50000	other	0
sub-04_1	1	Pulse	255	642268	19771	0
sub-04_1	1	Pulse	255	662268	39771	0
sub-04_1	2	Picture	70	672769	0	1	2226	1	0	2000	other	0
sub-04_1	2	Pulse	255	682268	9499	0
sub-04_1	3	Picture	10	685554	0	1	2226	1	0	2000	other	0
sub-04_1	4	Picture	70	698172	0	1	2226	1	0	2000	other	0
sub-04_1	4	Pulse	255	702268	4096	0
sub-04_1	5	Picture	30	712957	0	1	2226	1	0	2000	other	0
sub-04_1	5	Pulse	255	722268	9311	0
sub-04_1	6	Picture	80	726909	0	1	2226	1	0	2000	other	0
sub-04_1	6	Response	1	730938	4030	1
sub-04_1	7	Picture	60	741527	0	1	2226	1	0	2000	other	0
sub-04_1	7	Pulse	255	742268	741	0
sub-04_1	8	Picture	60	754145	0	1	2226	1	0	2000	other	0
sub-04_1	8	Pulse	255	762268	8123	0
sub-04_1	9	Picture	70	768764	0	1	2226	1	0	2000	other	0
sub-04_1	10	Picture	70	781382	0	1	2226	1	0	2000	other	0
sub-04_1	10	Pulse	255	782268	886	0
sub-04_1	11	Picture	70	794001	0	1	2226	1	0	2000	other	0
sub-04_1	11	Pulse	255	802268	8267	0
sub-04_1	12	Picture	30	806954	0	1	2226	1	0	2000	other	0
sub-04_1	13	Picture	10	821906	0	1	2226	1	0	2000	other	0
sub-04_1	13	Pulse	255	822268	363	0
sub-04_1	14	Picture	30	836857	0	1	2226	1	0	2000	other	0
sub-04_1	14	Pulse	255	842268	5411	0
sub-04_1	15	Picture	30	849809	0	1	2226	1	0	2000	other	0
sub-04_1	15	Pulse	255	862268	12459	0
sub-04_1	16	Picture	70	863428	0	1	2226	1	0	2000	other	0
sub-04_1	17	Picture	80	876379	0	1	2226	1	0	2000	other	0
sub-04_1	17	Response	1	879838	3459	1
sub-04_1	17	Pulse	255	882268	5889	0
sub-04_1	18	Picture	70	890998	0	1	2226	1	0	2000	other	0
sub-04_1	18	Pulse	255	902268	11270	0
sub-04_1	19	Picture	10	903949	0	1	2226	1	0	2000	other	0
sub-04_1	20	Picture	70	917568	0	1	2226	1	0	2000	other	0
sub-04_1	20	Pulse	255	922268	4700	0
sub-04_1	21	Picture	10	931520	0	1	2226	1	0	2000	other	0
sub-04_1	21	Pulse	255	942268	10748	0
sub-04_1	22	Picture	60	946138	0	1	2227	1	0	2000	other	0
sub-04_1	23	Picture	30	961091	0	1	2226	1	0	2000	other	0
sub-04_1	23	Pulse	255	962268	1177	0
sub-04_1	24	Picture	60	975710	0	1	2226	1	0	2000	other	0
sub-04_1	24	Pulse	255	982268	6558	0
sub-04_1	25	Picture	10	989662	0	1	2226	1	0	2000	other	0
sub-04_1	25	Pulse	255	1002268	12607	0
sub-04_1	26	Picture	30	1003447	0	1	2226	1	0	2000	other	0
sub-04_1	27	Picture	Bfix	1016065	0	1	50266	1	0	50000	other	0
sub-04_1	27	Pulse	255	1022268	6203	0
sub-04_1	27	Pulse	255	1042268	26203	0
sub-04_1	27	Pulse	255	1062269	46204	0
sub-04_1	28	Picture	60	1066331	0	1	2226	1	0	2000	other	0
sub-04_1	29	Picture	70	1078949	0	1	2238	1	0	2000	other	0
sub-04_1	29	Pulse	255	1082269	3320	0
sub-04_1	30	Picture	30	1093747	0	1	2226	1	0	2000	other	0
sub-04_1	30	Pulse	255	1102269	8522	0
sub-04_1	31	Picture	10	1108699	0	1	2226	1	0	2000	other	0
sub-04_1	32	Picture	60	1121317	0	1	2226	1	0	2000	other	0
sub-04_1	32	Pulse	255	1122269	951	0
sub-04_1	33	Picture	10	1135269	0	1	2226	1	0	2000	other	0
sub-04_1	33	Pulse	255	1142268	6999	0
sub-04_1	34	Picture	60	1148887	0	1	2226	1	0	2000	other	0
sub-04_1	34	Pulse	255	1162269	13381	0
sub-04_1	35	Picture	10	1163839	0	1	2226	1	0	2000	other	0
sub-04_1	36	Picture	10	1177791	0	1	2226	1	0	2000	other	0
sub-04_1	36	Pulse	255	1182269	4478	0
sub-04_1	37	Picture	10	1192743	0	1	2226	1	0	2000	other	0
sub-04_1	37	Pulse	255	1202269	9526	0
sub-04_1	38	Picture	60	1207361	0	1	2226	1	0	2000	other	0
sub-04_1	39	Picture	30	1220313	0	1	2226	1	0	2000	other	0
sub-04_1	39	Pulse	255	1222269	1956	0
sub-04_1	40	Picture	80	1234265	0	1	2226	1	0	2000	other	0
sub-04_1	40	Response	1	1238689	4424	1
sub-04_1	40	Pulse	255	1242269	8004	0
sub-04_1	41	Picture	10	1249050	0	1	2226	1	0	2000	other	0
sub-04_1	42	Picture	70	1261668	0	1	2226	1	0	2000	other	0
sub-04_1	42	Pulse	255	1262269	600	0
sub-04_1	43	Picture	10	1275453	0	1	2226	1	0	2000	other	0
sub-04_1	43	Pulse	255	1282269	6815	0
sub-04_1	44	Picture	10	1290405	0	1	2226	1	0	2000	other	0
sub-04_1	44	Pulse	255	1302269	11864	0
sub-04_1	45	Picture	10	1304357	0	1	2226	1	0	2000	other	0
sub-04_1	46	Picture	60	1316975	0	1	2226	1	0	2000	other	0
sub-04_1	46	Pulse	255	1322269	5293	0
sub-04_1	47	Picture	70	1331594	0	1	2226	1	0	2000	other	0
sub-04_1	47	Pulse	255	1342269	10675	0
sub-04_1	48	Picture	Bfix	1344212	0	1	50531	1	0	50000	other	0
sub-04_1	48	Pulse	255	1362269	18057	0
sub-04_1	48	Pulse	255	1382259	38047	0
sub-04_1	49	Picture	10	1394743	0	1	2226	1	0	2000	other	0
sub-04_1	49	Pulse	255	1402259	7516	0
sub-04_1	50	Picture	30	1408695	0	1	2226	1	0	2000	other	0
sub-04_1	50	Pulse	255	1422259	13564	0
sub-04_1	51	Picture	60	1422313	0	1	2226	1	0	2000	other	0
sub-04_1	52	Picture	60	1434932	0	1	2226	1	0	2000	other	0
sub-04_1	52	Pulse	255	1442259	7327	0
sub-04_1	53	Picture	70	1447550	0	1	2226	1	0	2000	other	0
sub-04_1	54	Picture	70	1462169	0	1	2226	1	0	2000	other	0
sub-04_1	54	Pulse	255	1462259	91	0
sub-04_1	55	Picture	30	1476954	0	1	2226	1	0	2000	other	0
sub-04_1	55	Pulse	255	1482259	5305	0
sub-04_1	56	Picture	10	1490906	0	1	2226	1	0	2000	other	0
sub-04_1	56	Pulse	255	1502259	11353	0
sub-04_1	57	Picture	30	1505858	0	1	2226	1	0	2000	other	0
sub-04_1	58	Picture	30	1520810	0	1	2226	1	0	2000	other	0
sub-04_1	58	Pulse	255	1522259	1449	0
sub-04_1	59	Picture	30	1534761	0	1	2226	1	0	2000	other	0
sub-04_1	59	Pulse	255	1542259	7498	0
sub-04_1	60	Picture	10	1548547	0	1	2226	1	0	2000	other	0
sub-04_1	60	Pulse	255	1561999	13452	261
sub-04_1	61	Picture	30	1562498	0	1	2226	1	0	2000	other	0
sub-04_1	62	Picture	10	1576450	0	1	2226	1	0	2000	other	0
sub-04_1	62	Pulse	255	1582259	5809	0
sub-04_1	63	Picture	60	1590069	0	1	2226	1	0	2000	other	0
sub-04_1	63	Pulse	255	1602259	12191	0
sub-04_1	64	Picture	60	1602687	0	1	2226	1	0	2000	other	0
sub-04_1	65	Picture	30	1616639	0	1	2226	1	0	2000	other	0
sub-04_1	65	Pulse	255	1622259	5620	0
sub-04_1	66	Picture	30	1631425	0	1	2226	1	0	2000	other	0
sub-04_1	66	Pulse	255	1642259	10834	0
sub-04_1	67	Picture	60	1646043	0	1	2226	1	0	2000	other	0
sub-04_1	68	Picture	30	1660995	0	1	2226	1	0	2000	other	0
sub-04_1	68	Pulse	255	1662260	1264	0
sub-04_1	69	Picture	70	1673614	0	1	2226	1	0	2000	other	0
sub-04_1	69	Pulse	255	1682259	8646	0
sub-04_1	70	Picture	60	1686232	0	1	2226	1	0	2000	other	0
sub-04_1	71	Picture	80	1699184	0	1	2226	1	0	2000	other	0
sub-04_1	71	Pulse	255	1702259	3076	0
sub-04_1	71	Response	1	1702819	3635	1
sub-04_1	72	Picture	60	1712802	0	1	2226	1	0	2000	other	0
sub-04_1	72	Pulse	255	1722260	9457	0
sub-04_1	73	Picture	10	1725754	0	1	2226	1	0	2000	other	0
sub-04_1	74	Picture	30	1738706	0	1	2226	1	0	2000	other	0
sub-04_1	74	Pulse	255	1742259	3553	0
sub-04_1	75	Picture	60	1752324	0	1	2226	1	0	2000	other	0
sub-04_1	75	Pulse	255	1762259	9935	0
sub-04_1	76	Picture	70	1766943	0	1	2226	1	0	2000	other	0
sub-04_1	77	Picture	30	1779895	0	1	2226	1	0	2000	other	0
sub-04_1	77	Pulse	255	1782260	2365	0
sub-04_1	78	Picture	10	1793846	0	1	2226	1	0	2000	other	0
sub-04_1	78	Pulse	255	1802260	8413	0
sub-04_1	79	Picture	Bfix	1808466	0	1	50531	1	0	50000	other	0
sub-04_1	79	Pulse	255	1822260	13794	0
sub-04_1	79	Pulse	255	1842259	33794	0
sub-04_1	80	Picture	10	1858997	0	1	2226	1	0	2000	other	0
sub-04_1	80	Pulse	255	1862260	3263	0
sub-04_1	81	Picture	30	1871949	0	1	2226	1	0	2000	other	0
sub-04_1	81	Pulse	255	1882259	10311	0
sub-04_1	82	Picture	60	1885567	0	1	2226	1	0	2000	other	0
sub-04_1	83	Picture	70	1900186	0	1	2226	1	0	2000	other	0
sub-04_1	83	Pulse	255	1902260	2074	0
sub-04_1	84	Picture	70	1913804	0	1	2226	1	0	2000	other	0
sub-04_1	84	Pulse	255	1922260	8455	0
sub-04_1	85	Picture	30	1926756	0	1	2226	1	0	2000	other	0
sub-04_1	86	Picture	70	1939375	0	1	2226	1	0	2000	other	0
sub-04_1	86	Pulse	255	1942259	2884	0
sub-04_1	87	Picture	10	1952327	0	1	2226	1	0	2000	other	0
sub-04_1	87	Pulse	255	1962260	9932	0
sub-04_1	88	Picture	60	1965946	0	1	2226	1	0	2000	other	0
sub-04_1	89	Picture	30	1978731	0	1	2226	1	0	2000	other	0
sub-04_1	89	Pulse	255	1982260	3529	0
sub-04_1	90	Picture	60	1993350	0	1	2226	1	0	2000	other	0
sub-04_1	90	Pulse	255	2002260	8910	0
sub-04_1	91	Picture	70	2007968	0	1	2226	1	0	2000	other	0
sub-04_1	92	Picture	60	2021587	0	1	2226	1	0	2000	other	0
sub-04_1	92	Pulse	255	2022260	673	0
sub-04_1	93	Picture	30	2034539	0	1	2226	1	0	2000	other	0
sub-04_1	93	Pulse	255	2042260	7721	0
sub-04_1	94	Picture	60	2048157	0	1	2226	1	0	2000	other	0
sub-04_1	94	Pulse	255	2062260	14103	0
sub-04_1	95	Picture	70	2062776	0	1	2226	1	0	2000	other	0
sub-04_1	96	Picture	60	2076394	0	1	2226	1	0	2000	other	0
sub-04_1	96	Pulse	255	2082260	5865	0
sub-04_1	97	Picture	70	2089013	0	1	2226	1	0	2000	other	0
sub-04_1	98	Picture	70	2101631	0	1	2226	1	0	2000	other	0
sub-04_1	98	Pulse	255	2102259	628	0
sub-04_1	99	Picture	60	2116250	0	1	2226	1	0	2000	other	0
sub-04_1	99	Pulse	255	2122260	6009	0
sub-04_1	100	Picture	Bfix	2128869	0	1	50261	1	0	50000	other	0
sub-04_1	100	Pulse	255	2142260	13391	0
sub-04_1	100	Pulse	255	2162260	33391	0
sub-04_1	101	Picture	60	2179130	0	1	2226	1	0	2000	other	0
sub-04_1	101	Pulse	255	2182260	3130	0
sub-04_1	102	Picture	70	2191748	0	1	2226	1	0	2000	other	0
sub-04_1	102	Pulse	255	2202260	10512	0
sub-04_1	103	Picture	70	2204367	0	1	2226	1	0	2000	other	0
sub-04_1	104	Picture	10	2217319	0	1	2226	1	0	2000	other	0
sub-04_1	104	Pulse	255	2222260	4941	0
sub-04_1	105	Picture	80	2232271	0	1	2226	1	0	2000	other	0
sub-04_1	105	Response	1	2236820	4549	1
sub-04_1	105	Pulse	255	2242260	9989	0
sub-04_1	106	Picture	10	2246056	0	1	2226	1	0	2000	other	0
sub-04_1	107	Picture	10	2261008	0	1	2226	1	0	2000	other	0
sub-04_1	107	Pulse	255	2262260	1252	0
sub-04_1	108	Picture	30	2274960	0	1	2226	1	0	2000	other	0
sub-04_1	108	Pulse	255	2282260	7300	0
sub-04_1	109	Picture	30	2288745	0	1	2226	1	0	2000	other	0
sub-04_1	110	Picture	30	2301697	0	1	2226	1	0	2000	other	0
sub-04_1	110	Pulse	255	2302260	563	0
sub-04_1	111	Picture	Bfix	2316316	0	1	50226	1	0	50000	other	0
sub-04_1	111	Pulse	255	2322260	5944	0
sub-04_1	111	Pulse	255	2342260	25945	0
sub-04_1	111	Pulse	255	2362260	45945	0
sub-04_1	112	Picture	40	2367041	0	1	2226	1	0	2000	other	0
sub-04_1	113	Picture	20	2380994	0	1	2226	1	0	2000	other	0
sub-04_1	113	Pulse	255	2382260	1267	0
sub-04_1	114	Picture	50	2395946	0	1	2226	1	0	2000	other	0
sub-04_1	114	Pulse	255	2402260	6315	0
sub-04_1	115	Picture	20	2408897	0	1	2226	1	0	2000	other	0
sub-04_1	115	Pulse	255	2422260	13363	0
sub-04_1	116	Picture	40	2422849	0	1	2226	1	0	2000	other	0
sub-04_1	117	Picture	80	2437634	0	1	2226	1	0	2000	other	0
sub-04_1	117	Response	1	2441580	3946	1
sub-04_1	117	Pulse	255	2442260	4626	0
sub-04_1	118	Picture	90	2451586	0	1	2226	1	0	2000	other	0
sub-04_1	118	Pulse	255	2462260	10674	0
sub-04_1	119	Picture	40	2464538	0	1	2226	1	0	2000	other	0
sub-04_1	120	Picture	90	2479489	0	1	2226	1	0	2000	other	0
sub-04_1	120	Pulse	255	2482260	2771	0
sub-04_1	121	Picture	90	2492275	0	1	2226	1	0	2000	other	0
sub-04_1	121	Pulse	255	2502260	9986	0
sub-04_1	122	Picture	90	2507226	0	1	2226	1	0	2000	other	0
sub-04_1	123	Picture	90	2521178	0	1	2226	1	0	2000	other	0
sub-04_1	123	Pulse	255	2522260	1082	0
sub-04_1	124	Picture	20	2535963	0	1	2226	1	0	2000	other	0
sub-04_1	124	Pulse	255	2542260	6297	0
sub-04_1	125	Picture	50	2548749	0	1	2226	1	0	2000	other	0
sub-04_1	126	Picture	40	2561701	0	1	2226	1	0	2000	other	0
sub-04_1	126	Pulse	255	2562260	560	0
sub-04_1	127	Picture	40	2574652	0	1	2226	1	0	2000	other	0
sub-04_1	127	Pulse	255	2582260	7608	0
sub-04_1	128	Picture	40	2587604	0	1	2226	1	0	2000	other	0
sub-04_1	129	Picture	50	2600556	0	1	2226	1	0	2000	other	0
sub-04_1	129	Pulse	255	2602261	1705	0
sub-04_1	130	Picture	40	2613508	0	1	2226	1	0	2000	other	0
sub-04_1	130	Pulse	255	2622260	8752	0
sub-04_1	131	Picture	90	2627459	0	1	2226	1	0	2000	other	0
sub-04_1	132	Picture	40	2640412	0	1	2226	1	0	2000	other	0
sub-04_1	132	Pulse	255	2642260	1849	0
sub-04_1	133	Picture	20	2654363	0	1	2226	1	0	2000	other	0
sub-04_1	133	Pulse	255	2662260	7897	0
sub-04_1	134	Picture	20	2668148	0	1	2226	1	0	2000	other	0
sub-04_1	135	Picture	90	2681100	0	1	2226	1	0	2000	other	0
sub-04_1	135	Pulse	255	2682261	1161	0
sub-04_1	136	Picture	50	2694052	0	1	2226	1	0	2000	other	0
sub-04_1	136	Pulse	255	2702261	8209	0
sub-04_1	137	Picture	Bfix	2706670	0	1	50532	1	0	50000	other	0
sub-04_1	137	Pulse	255	2722260	15590	0
sub-04_1	137	Pulse	255	2742261	35590	0
sub-04_1	138	Picture	90	2757202	0	1	2226	1	0	2000	other	0
sub-04_1	138	Pulse	255	2762261	5059	0
sub-04_1	139	Picture	50	2769987	0	1	2226	1	0	2000	other	0
sub-04_1	139	Pulse	255	2782261	12274	0
sub-04_1	140	Picture	20	2783940	0	1	2226	1	0	2000	other	0
sub-04_1	141	Picture	90	2796891	0	1	2226	1	0	2000	other	0
sub-04_1	141	Pulse	255	2802261	5369	0
sub-04_1	142	Picture	90	2811843	0	1	2226	1	0	2000	other	0
sub-04_1	142	Pulse	255	2822261	10417	0
sub-04_1	143	Picture	90	2826796	0	1	2226	1	0	2000	other	0
sub-04_1	144	Picture	50	2841747	0	1	2226	1	0	2000	other	0
sub-04_1	144	Pulse	255	2842261	513	0
sub-04_1	145	Picture	40	2855532	0	1	2226	1	0	2000	other	0
sub-04_1	145	Pulse	255	2862261	6728	0
sub-04_1	146	Picture	90	2869318	0	1	2226	1	0	2000	other	0
sub-04_1	146	Pulse	255	2882261	12943	0
sub-04_1	147	Picture	40	2883269	0	1	2226	1	0	2000	other	0
sub-04_1	148	Picture	40	2898222	0	1	2226	1	0	2000	other	0
sub-04_1	148	Pulse	255	2902261	4039	0
sub-04_1	149	Picture	90	2911173	0	1	2226	1	0	2000	other	0
sub-04_1	149	Pulse	255	2922261	11088	0
sub-04_1	150	Picture	20	2924958	0	1	2226	1	0	2000	other	0
sub-04_1	151	Picture	80	2939911	0	1	2226	1	0	2000	other	0
sub-04_1	151	Pulse	255	2942261	2350	0
sub-04_1	151	Response	1	2943841	3930	1
sub-04_1	152	Picture	50	2954863	0	1	2226	1	0	2000	other	0
sub-04_1	152	Pulse	255	2962261	7398	0
sub-04_1	153	Picture	50	2967647	0	1	2226	1	0	2000	other	0
sub-04_1	153	Pulse	255	2982100	14452	162
sub-04_1	154	Picture	20	2982599	0	1	2226	1	0	2000	other	0
sub-04_1	155	Picture	80	2996385	0	1	2226	1	0	2000	other	0
sub-04_1	155	Response	1	3000971	4586	1
sub-04_1	155	Pulse	255	3002261	5876	0
sub-04_1	156	Picture	90	3010336	0	1	2226	1	0	2000	other	0
sub-04_1	156	Pulse	255	3022261	11925	0
sub-04_1	157	Picture	80	3025122	0	1	2226	1	0	2000	other	0
sub-04_1	157	Response	1	3029381	4259	1
sub-04_1	158	Picture	90	3039073	0	1	2226	1	0	2000	other	0
sub-04_1	158	Pulse	255	3042261	3188	0
sub-04_1	159	Picture	20	3051858	0	1	2226	1	0	2000	other	0
sub-04_1	159	Pulse	255	3062261	10403	0
sub-04_1	160	Picture	40	3064810	0	1	2226	1	0	2000	other	0
sub-04_1	161	Picture	50	3079762	0	1	2226	1	0	2000	other	0
sub-04_1	161	Pulse	255	3082261	2499	0
sub-04_1	162	Picture	90	3094547	0	1	2226	1	0	2000	other	0
sub-04_1	162	Pulse	255	3102261	7714	0
sub-04_1	163	Picture	Bfix	3107166	0	1	50226	1	0	50000	other	0
sub-04_1	163	Pulse	255	3122261	15095	0
sub-04_1	163	Pulse	255	3142261	35096	0
sub-04_1	164	Picture	40	3157892	0	1	2226	1	0	2000	other	0
sub-04_1	164	Pulse	255	3162261	4370	0
sub-04_1	165	Picture	20	3172844	0	1	2226	1	0	2000	other	0
sub-04_1	165	Pulse	255	3182261	9418	0
sub-04_1	166	Picture	40	3185795	0	1	2226	1	0	2000	other	0
sub-04_1	167	Picture	20	3200747	0	1	2226	1	0	2000	other	0
sub-04_1	167	Pulse	255	3202251	1504	0
sub-04_1	168	Picture	20	3213699	0	1	2226	1	0	2000	other	0
sub-04_1	168	Pulse	255	3222251	8552	0
sub-04_1	169	Picture	50	3226651	0	1	2226	1	0	2000	other	0
sub-04_1	170	Picture	20	3241603	0	1	2226	1	0	2000	other	0
sub-04_1	170	Pulse	255	3242251	648	0
sub-04_1	171	Picture	20	3254555	0	1	2227	1	0	2000	other	0
sub-04_1	171	Pulse	255	3262251	7696	0
sub-04_1	172	Picture	40	3269507	0	1	2226	1	0	2000	other	0
sub-04_1	172	Pulse	255	3282245	12737	7
sub-04_1	173	Picture	40	3282459	0	1	2226	1	0	2000	other	0
sub-04_1	174	Picture	90	3297244	0	1	2226	1	0	2000	other	0
sub-04_1	174	Pulse	255	3302251	5007	0
sub-04_1	175	Picture	50	3310196	0	1	2226	1	0	2000	other	0
sub-04_1	175	Pulse	255	3322251	12055	0
sub-04_1	176	Picture	50	3325148	0	1	2226	1	0	2000	other	0
sub-04_1	177	Picture	40	3337933	0	1	2226	1	0	2000	other	0
sub-04_1	177	Pulse	255	3342252	4318	0
sub-04_1	178	Picture	90	3350885	0	1	2226	1	0	2000	other	0
sub-04_1	178	Pulse	255	3362251	11366	0
sub-04_1	179	Picture	40	3365837	0	1	2226	1	0	2000	other	0
sub-04_1	180	Picture	40	3379789	0	1	2226	1	0	2000	other	0
sub-04_1	180	Pulse	255	3382251	2462	0
sub-04_1	181	Picture	50	3394741	0	1	2226	1	0	2000	other	0
sub-04_1	181	Pulse	255	3402251	7510	0
sub-04_1	182	Picture	20	3408693	0	1	2226	1	0	2000	other	0
sub-04_1	182	Pulse	255	3422146	13453	106
sub-04_1	183	Picture	90	3422645	0	1	2227	1	0	2000	other	0
sub-04_1	184	Picture	20	3436598	0	1	2226	1	0	2000	other	0
sub-04_1	184	Pulse	255	3442251	5654	0
sub-04_1	185	Picture	20	3451550	0	1	2226	1	0	2000	other	0
sub-04_1	185	Pulse	255	3462251	10702	0
sub-04_1	186	Picture	50	3466502	0	1	2226	1	0	2000	other	0
sub-04_1	187	Picture	50	3481352	0	1	2226	1	0	2000	other	0
sub-04_1	187	Pulse	255	3482252	900	0
sub-04_1	188	Picture	50	3495304	0	1	2226	1	0	2000	other	0
sub-04_1	188	Pulse	255	3502252	6948	0
sub-04_1	189	Picture	Bfix	3508923	0	1	50528	1	0	50000	other	0
sub-04_1	189	Pulse	255	3522251	13329	0
sub-04_1	189	Pulse	255	3542252	33329	0
sub-04_1	190	Picture	40	3559451	0	1	2226	1	0	2000	other	0
sub-04_1	190	Pulse	255	3562252	2801	0
sub-04_1	191	Picture	50	3572402	0	1	2226	1	0	2000	other	0
sub-04_1	191	Pulse	255	3582252	9850	0
sub-04_1	192	Picture	20	3585354	0	1	2226	1	0	2000	other	0
sub-04_1	193	Picture	90	3598306	0	1	2226	1	0	2000	other	0
sub-04_1	193	Pulse	255	3602252	3946	0
sub-04_1	194	Picture	40	3611258	0	1	2226	1	0	2000	other	0
sub-04_1	194	Pulse	255	3622252	10993	0
sub-04_1	195	Picture	20	3624044	0	1	2226	1	0	2000	other	0
sub-04_1	196	Picture	50	3637829	0	1	2226	1	0	2000	other	0
sub-04_1	196	Pulse	255	3642252	4423	0
sub-04_1	197	Picture	90	3652781	0	1	2226	1	0	2000	other	0
sub-04_1	197	Pulse	255	3662252	9471	0
sub-04_1	198	Picture	90	3666733	0	1	2226	1	0	2000	other	0
sub-04_1	199	Picture	50	3680685	0	1	2226	1	0	2000	other	0
sub-04_1	199	Pulse	255	3682252	1567	0
sub-04_1	200	Picture	90	3695637	0	1	2226	1	0	2000	other	0
sub-04_1	200	Pulse	255	3702252	6615	0
sub-04_1	201	Picture	20	3708588	0	1	2226	1	0	2000	other	0
sub-04_1	202	Picture	20	3721373	0	1	2226	1	0	2000	other	0
sub-04_1	202	Pulse	255	3722252	879	0
sub-04_1	203	Picture	50	3734326	0	1	2226	1	0	2000	other	0
sub-04_1	203	Pulse	255	3742252	7926	0
sub-04_1	204	Picture	90	3747278	0	1	2226	1	0	2000	other	0
sub-04_1	205	Picture	50	3760230	0	1	2226	1	0	2000	other	0
sub-04_1	205	Pulse	255	3762287	2058	0
sub-04_1	206	Picture	40	3773182	0	1	2226	1	0	2000	other	0
sub-04_1	206	Pulse	255	3782252	9070	0
sub-04_1	207	Picture	90	3788134	0	1	2226	1	0	2000	other	0
sub-04_1	208	Picture	50	3801086	0	1	2226	1	0	2000	other	0
sub-04_1	208	Pulse	255	3802252	1166	0
sub-04_1	209	Picture	40	3814038	0	1	2226	1	0	2000	other	0
sub-04_1	209	Pulse	255	3822252	8214	0
sub-04_1	210	Picture	Bfix	3827657	0	1	50226	1	0	50000	other	0
sub-04_1	210	Pulse	255	3842252	14595	0
sub-04_1	210	Pulse	255	3862252	34596	0
sub-04_1	211	Picture	90	3878383	0	1	2226	1	0	2000	other	0
sub-04_1	211	Pulse	255	3882252	3869	0
sub-04_1	212	Picture	40	3893334	0	1	2226	1	0	2000	other	0
sub-04_1	212	Pulse	255	3902252	8918	0
sub-04_1	213	Picture	20	3908286	0	1	2226	1	0	2000	other	0
sub-04_1	214	Picture	90	3921071	0	1	2226	1	0	2000	other	0
sub-04_1	214	Pulse	255	3922252	1181	0
sub-04_1	215	Picture	20	3933856	0	1	2226	1	0	2000	other	0
sub-04_1	215	Pulse	255	3942252	8396	0
sub-04_1	216	Picture	50	3946808	0	1	2226	1	0	2000	other	0
sub-04_1	217	Picture	40	3959760	0	1	2226	1	0	2000	other	0
sub-04_1	217	Pulse	255	3962253	2493	0
sub-04_1	218	Picture	80	3973546	0	1	2226	1	0	2000	other	0
sub-04_1	218	Response	1	3978572	5027	1
sub-04_1	218	Pulse	255	3982252	8707	0
sub-04_1	219	Picture	50	3988498	0	1	2226	1	0	2000	other	0
sub-04_1	219	Pulse	255	4002254	13756	0
sub-04_1	220	Picture	50	4002450	0	1	2226	1	0	2000	other	0
sub-04_1	221	Picture	Bfix	4017068	0	1	71562	1	0	60000	other	0
sub-04_1	221	Pulse	255	4022252	5184	0
sub-04_1	221	Pulse	255	4042252	25184	0
sub-04_1	221	Pulse	255	4062252	45184	0
