Scenario - loca_visu_version1bis
Logfile written - 01/21/2019 18:37:21

Subject	Trial	Event Type	Code	Time	TTime	Uncertainty	Duration	Uncertainty	ReqTime	ReqDur	Stim Type	Pair Index

sub-13_2	0	Pulse	255	572119	572119	0
sub-13_2	1	Picture	Bfix	572348	0	1	50439	1	0	50000	other	0
sub-13_2	1	Pulse	255	592119	19771	0
sub-13_2	1	Pulse	255	612120	39772	0
sub-13_2	2	Picture	10	622787	0	1	2226	1	0	2000	other	0
sub-13_2	2	Pulse	255	632119	9333	0
sub-13_2	3	Picture	30	635572	0	1	2226	1	0	2000	other	0
sub-13_2	4	Picture	60	650191	0	1	2226	1	0	2000	other	0
sub-13_2	4	Pulse	255	652119	1929	0
sub-13_2	5	Picture	60	664809	0	1	2226	1	0	2000	other	0
sub-13_2	5	Pulse	255	672120	7311	0
sub-13_2	6	Picture	10	679595	0	1	2226	1	0	2000	other	0
sub-13_2	6	Pulse	255	692120	12525	0
sub-13_2	7	Picture	60	694213	0	1	2226	1	0	2000	other	0
sub-13_2	8	Picture	10	706998	0	1	2226	1	0	2000	other	0
sub-13_2	8	Pulse	255	712120	5121	0
sub-13_2	9	Picture	60	719617	0	1	2226	1	0	2000	other	0
sub-13_2	9	Pulse	255	732121	12504	0
sub-13_2	10	Picture	60	732236	0	1	2227	1	0	2000	other	0
sub-13_2	11	Picture	30	746022	0	1	2226	1	0	2000	other	0
sub-13_2	11	Pulse	255	752119	6097	0
sub-13_2	12	Picture	10	760808	0	1	2226	1	0	2000	other	0
sub-13_2	12	Pulse	255	772120	11312	0
sub-13_2	13	Picture	60	775427	0	1	2226	1	0	2000	other	0
sub-13_2	14	Picture	30	789212	0	1	2227	1	0	2000	other	0
sub-13_2	14	Pulse	255	792120	2908	0
sub-13_2	15	Picture	70	801832	0	1	2226	1	0	2000	other	0
sub-13_2	15	Pulse	255	812120	10288	0
sub-13_2	16	Picture	10	816617	0	1	2226	1	0	2000	other	0
sub-13_2	17	Picture	80	829402	0	1	2092	1	0	2000	other	0
sub-13_2	17	Pulse	255	832110	2707	0
sub-13_2	17	Response	1	834540	5138	1
sub-13_2	18	Picture	70	841887	0	1	2226	1	0	2000	other	0
sub-13_2	18	Pulse	255	852110	10223	0
sub-13_2	19	Picture	30	854672	0	1	2226	1	0	2000	other	0
sub-13_2	20	Picture	30	869457	0	1	2226	1	0	2000	other	0
sub-13_2	20	Pulse	255	872110	2653	0
sub-13_2	21	Picture	60	882076	0	1	2226	1	0	2000	other	0
sub-13_2	21	Pulse	255	892110	10034	0
sub-13_2	22	Picture	70	895695	0	1	2226	1	0	2000	other	0
sub-13_2	23	Picture	70	910314	0	1	2226	1	0	2000	other	0
sub-13_2	23	Pulse	255	912110	1796	0
sub-13_2	24	Picture	10	924099	0	1	2226	1	0	2000	other	0
sub-13_2	24	Pulse	255	932110	8011	0
sub-13_2	25	Picture	10	938884	0	1	2226	1	0	2000	other	0
sub-13_2	25	Pulse	255	952110	13226	0
sub-13_2	26	Picture	30	953670	0	1	2226	1	0	2000	other	0
sub-13_2	27	Picture	Bfix	967288	0	1	50267	1	0	50000	other	0
sub-13_2	27	Pulse	255	972110	4822	0
sub-13_2	27	Pulse	255	992110	24822	0
sub-13_2	27	Pulse	255	1012110	44822	0
sub-13_2	28	Picture	70	1017556	0	1	2226	1	0	2000	other	0
sub-13_2	29	Picture	10	1031341	0	1	2226	1	0	2000	other	0
sub-13_2	29	Pulse	255	1032110	769	0
sub-13_2	30	Picture	80	1044126	0	1	2226	1	0	2000	other	0
sub-13_2	30	Response	1	1048910	4784	1
sub-13_2	30	Pulse	255	1052110	7984	0
sub-13_2	31	Picture	10	1056911	0	1	2226	1	0	2000	other	0
sub-13_2	32	Picture	70	1071531	0	1	2226	1	0	2000	other	0
sub-13_2	32	Pulse	255	1072110	579	0
sub-13_2	33	Picture	60	1086150	0	1	2226	1	0	2000	other	0
sub-13_2	33	Pulse	255	1092110	5961	0
sub-13_2	34	Picture	70	1099768	0	1	2226	1	0	2000	other	0
sub-13_2	34	Pulse	255	1112110	12342	0
sub-13_2	35	Picture	30	1112721	0	1	2226	1	0	2000	other	0
sub-13_2	36	Picture	30	1127506	0	1	2226	1	0	2000	other	0
sub-13_2	36	Pulse	255	1132110	4605	0
sub-13_2	37	Picture	70	1140125	0	1	2226	1	0	2000	other	0
sub-13_2	37	Pulse	255	1152111	11986	0
sub-13_2	38	Picture	30	1153910	0	1	2226	1	0	2000	other	0
sub-13_2	39	Picture	60	1166529	0	1	2226	1	0	2000	other	0
sub-13_2	39	Pulse	255	1172110	5581	0
sub-13_2	40	Picture	60	1179148	0	1	2226	1	0	2000	other	0
sub-13_2	40	Pulse	255	1192111	12963	0
sub-13_2	41	Picture	30	1192933	0	1	2226	1	0	2000	other	0
sub-13_2	42	Picture	60	1207551	0	1	2226	1	0	2000	other	0
sub-13_2	42	Pulse	255	1212110	4559	0
sub-13_2	43	Picture	10	1222337	0	1	2227	1	0	2000	other	0
sub-13_2	43	Pulse	255	1232111	9774	0
sub-13_2	44	Picture	10	1236123	0	1	2226	1	0	2000	other	0
sub-13_2	45	Picture	30	1249908	0	1	2226	1	0	2000	other	0
sub-13_2	45	Pulse	255	1252111	2203	0
sub-13_2	46	Picture	80	1264694	0	1	2227	1	0	2000	other	0
sub-13_2	46	Response	1	1270561	5867	1
sub-13_2	46	Pulse	255	1272111	7417	0
sub-13_2	47	Picture	60	1278313	0	1	2226	1	0	2000	other	0
sub-13_2	48	Picture	Bfix	1291931	0	1	50228	1	0	50000	other	0
sub-13_2	48	Pulse	255	1292111	180	0
sub-13_2	48	Pulse	255	1312111	20180	0
sub-13_2	48	Pulse	255	1332111	40179	0
sub-13_2	49	Picture	70	1342159	0	1	2226	1	0	2000	other	0
sub-13_2	49	Pulse	255	1352111	9952	0
sub-13_2	50	Picture	60	1354778	0	1	2226	1	0	2000	other	0
sub-13_2	51	Picture	30	1367563	0	1	2226	1	0	2000	other	0
sub-13_2	51	Pulse	255	1372111	4548	0
sub-13_2	52	Picture	70	1382181	0	1	2226	1	0	2000	other	0
sub-13_2	52	Pulse	255	1392111	9929	0
sub-13_2	53	Picture	80	1395967	0	1	2226	1	0	2000	other	0
sub-13_2	53	Response	1	1400201	4234	1
sub-13_2	54	Picture	60	1409586	0	1	2226	1	0	2000	other	0
sub-13_2	54	Pulse	255	1412111	2526	0
sub-13_2	55	Picture	60	1422204	0	1	2226	1	0	2000	other	0
sub-13_2	55	Pulse	255	1432111	9907	0
sub-13_2	56	Picture	30	1435989	0	1	2226	1	0	2000	other	0
sub-13_2	57	Picture	10	1449775	0	1	2226	1	0	2000	other	0
sub-13_2	57	Pulse	255	1452111	2337	0
sub-13_2	58	Picture	30	1462560	0	1	2227	1	0	2000	other	0
sub-13_2	58	Pulse	255	1472110	9550	2
sub-13_2	59	Picture	60	1477180	0	1	2226	1	0	2000	other	0
sub-13_2	60	Picture	60	1490798	0	1	2226	1	0	2000	other	0
sub-13_2	60	Pulse	255	1492111	1313	0
sub-13_2	61	Picture	30	1504584	0	1	2226	1	0	2000	other	0
sub-13_2	61	Pulse	255	1512111	7528	0
sub-13_2	62	Picture	60	1517202	0	1	2226	1	0	2000	other	0
sub-13_2	63	Picture	10	1531988	0	1	2226	1	0	2000	other	0
sub-13_2	63	Pulse	255	1532111	123	0
sub-13_2	64	Picture	60	1545607	0	1	2226	1	0	2000	other	0
sub-13_2	64	Pulse	255	1552112	6505	0
sub-13_2	65	Picture	70	1560225	0	1	2226	1	0	2000	other	0
sub-13_2	65	Pulse	255	1572112	11886	0
sub-13_2	66	Picture	10	1573010	0	1	2226	1	0	2000	other	0
sub-13_2	67	Picture	70	1585630	0	1	2226	1	0	2000	other	0
sub-13_2	67	Pulse	255	1592111	6481	0
sub-13_2	68	Picture	30	1600415	0	1	2226	1	0	2000	other	0
sub-13_2	68	Pulse	255	1612112	11696	0
sub-13_2	69	Picture	30	1615201	0	1	2226	1	0	2000	other	0
sub-13_2	70	Picture	60	1628819	0	1	2226	1	0	2000	other	0
sub-13_2	70	Pulse	255	1632112	3292	0
sub-13_2	71	Picture	30	1641604	0	1	2226	1	0	2000	other	0
sub-13_2	71	Pulse	255	1652112	10507	0
sub-13_2	72	Picture	30	1656390	0	1	2226	1	0	2000	other	0
sub-13_2	73	Picture	30	1671175	0	1	2226	1	0	2000	other	0
sub-13_2	73	Pulse	255	1672112	937	0
sub-13_2	74	Picture	30	1685960	0	1	2226	1	0	2000	other	0
sub-13_2	74	Pulse	255	1692112	6152	0
sub-13_2	75	Picture	60	1700579	0	1	2226	1	0	2000	other	0
sub-13_2	75	Pulse	255	1712112	11533	0
sub-13_2	76	Picture	70	1713198	0	1	2226	1	0	2000	other	0
sub-13_2	77	Picture	60	1725817	0	1	2226	1	0	2000	other	0
sub-13_2	77	Pulse	255	1732112	6295	0
sub-13_2	78	Picture	10	1738602	0	1	2226	1	0	2000	other	0
sub-13_2	79	Picture	Bfix	1751220	0	1	50226	1	0	50000	other	0
sub-13_2	79	Pulse	255	1752112	891	0
sub-13_2	79	Pulse	255	1772112	20891	0
sub-13_2	79	Pulse	255	1792112	40891	0
sub-13_2	80	Picture	70	1801613	0	1	2226	1	0	2000	other	0
sub-13_2	80	Pulse	255	1812112	10499	0
sub-13_2	81	Picture	10	1814399	0	1	2226	1	0	2000	other	0
sub-13_2	82	Picture	70	1828017	0	1	2226	1	0	2000	other	0
sub-13_2	82	Pulse	255	1832112	4095	0
sub-13_2	83	Picture	70	1842636	0	1	2226	1	0	2000	other	0
sub-13_2	83	Pulse	255	1852112	9476	0
sub-13_2	84	Picture	70	1857254	0	1	2226	1	0	2000	other	0
sub-13_2	85	Picture	30	1871039	0	1	2226	1	0	2000	other	0
sub-13_2	85	Pulse	255	1872112	1072	0
sub-13_2	86	Picture	70	1884658	0	1	2226	1	0	2000	other	0
sub-13_2	86	Pulse	255	1892112	7454	0
sub-13_2	87	Picture	60	1898277	0	1	2226	1	0	2000	other	0
sub-13_2	88	Picture	10	1912062	0	1	2226	1	0	2000	other	0
sub-13_2	88	Pulse	255	1912112	50	0
sub-13_2	89	Picture	10	1926848	0	1	2226	1	0	2000	other	0
sub-13_2	89	Pulse	255	1932112	5264	0
sub-13_2	90	Picture	70	1939466	0	1	2226	1	0	2000	other	0
sub-13_2	90	Pulse	255	1952112	12646	0
sub-13_2	91	Picture	80	1954252	0	1	2226	1	0	2000	other	0
sub-13_2	91	Response	1	1960032	5780	1
sub-13_2	92	Picture	30	1968037	0	1	2226	1	0	2000	other	0
sub-13_2	92	Pulse	255	1972112	4075	0
sub-13_2	93	Picture	60	1982655	0	1	2226	1	0	2000	other	0
sub-13_2	93	Pulse	255	1992112	9457	0
sub-13_2	94	Picture	60	1995274	0	1	2226	1	0	2000	other	0
sub-13_2	95	Picture	70	2008893	0	1	2226	1	0	2000	other	0
sub-13_2	95	Pulse	255	2012112	3219	0
sub-13_2	96	Picture	10	2022679	0	1	2226	1	0	2000	other	0
sub-13_2	96	Pulse	255	2032113	9434	0
sub-13_2	97	Picture	10	2035465	0	1	2226	1	0	2000	other	0
sub-13_2	98	Picture	10	2050250	0	1	2226	1	0	2000	other	0
sub-13_2	98	Pulse	255	2052113	1862	0
sub-13_2	99	Picture	30	2063036	0	1	2226	1	0	2000	other	0
sub-13_2	99	Pulse	255	2072113	9077	0
sub-13_2	100	Picture	Bfix	2077654	0	1	50226	1	0	50000	other	0
sub-13_2	100	Pulse	255	2092112	14458	0
sub-13_2	100	Pulse	255	2112112	34458	0
sub-13_2	101	Picture	70	2128047	0	1	2226	1	0	2000	other	0
sub-13_2	101	Pulse	255	2132113	4066	0
sub-13_2	102	Picture	70	2142666	0	1	2226	1	0	2000	other	0
sub-13_2	102	Pulse	255	2152113	9447	0
sub-13_2	103	Picture	30	2156618	0	1	2226	1	0	2000	other	0
sub-13_2	104	Picture	10	2171403	0	1	2226	1	0	2000	other	0
sub-13_2	104	Pulse	255	2172112	709	0
sub-13_2	105	Picture	10	2185189	0	1	2226	1	0	2000	other	0
sub-13_2	105	Pulse	255	2192112	6923	0
sub-13_2	106	Picture	70	2197808	0	1	2226	1	0	2000	other	0
sub-13_2	106	Pulse	255	2212113	14305	0
sub-13_2	107	Picture	10	2212594	0	1	2227	1	0	2000	other	0
sub-13_2	108	Picture	10	2227380	0	1	2226	1	0	2000	other	0
sub-13_2	108	Pulse	255	2232113	4733	0
sub-13_2	109	Picture	70	2240998	0	1	2226	1	0	2000	other	0
sub-13_2	109	Pulse	255	2252113	11115	0
sub-13_2	110	Picture	30	2255783	0	1	2226	1	0	2000	other	0
sub-13_2	111	Picture	Bfix	2269402	0	1	50447	1	0	50000	other	0
sub-13_2	111	Pulse	255	2272113	2711	0
sub-13_2	111	Pulse	255	2292113	22711	0
sub-13_2	111	Pulse	255	2312113	42711	0
sub-13_2	112	Picture	20	2319849	0	1	2226	1	0	2000	other	0
sub-13_2	112	Pulse	255	2332143	12294	0
sub-13_2	113	Picture	20	2332634	0	1	2226	1	0	2000	other	0
sub-13_2	114	Picture	90	2346420	0	1	2227	1	0	2000	other	0
sub-13_2	114	Pulse	255	2352113	5693	0
sub-13_2	115	Picture	40	2360206	0	1	2226	1	0	2000	other	0
sub-13_2	115	Pulse	255	2372113	11907	0
sub-13_2	116	Picture	20	2373991	0	1	2226	1	0	2000	other	0
sub-13_2	117	Picture	80	2387777	0	1	2227	1	0	2000	other	0
sub-13_2	117	Pulse	255	2392113	4337	0
sub-13_2	117	Response	1	2392213	4436	1
sub-13_2	118	Picture	20	2401563	0	1	2226	1	0	2000	other	0
sub-13_2	118	Pulse	255	2412114	10551	0
sub-13_2	119	Picture	20	2416348	0	1	2226	1	0	2000	other	0
sub-13_2	120	Picture	20	2429134	0	1	2226	1	0	2000	other	0
sub-13_2	120	Pulse	255	2432113	2979	0
sub-13_2	121	Picture	50	2443920	0	1	2226	1	0	2000	other	0
sub-13_2	121	Pulse	255	2452113	8193	0
sub-13_2	122	Picture	50	2458706	0	1	2226	1	0	2000	other	0
sub-13_2	122	Pulse	255	2472114	13408	0
sub-13_2	123	Picture	20	2473491	0	1	2226	1	0	2000	other	0
sub-13_2	124	Picture	50	2487277	0	1	2226	1	0	2000	other	0
sub-13_2	124	Pulse	255	2492114	4837	0
sub-13_2	125	Picture	20	2501062	0	1	2226	1	0	2000	other	0
sub-13_2	125	Pulse	255	2512104	11042	0
sub-13_2	126	Picture	40	2514014	0	1	2226	1	0	2000	other	0
sub-13_2	127	Picture	40	2526800	0	1	2227	1	0	2000	other	0
sub-13_2	127	Pulse	255	2532104	5304	0
sub-13_2	128	Picture	50	2539586	0	1	2226	1	0	2000	other	0
sub-13_2	128	Pulse	255	2552104	12518	0
sub-13_2	129	Picture	40	2554371	0	1	2226	1	0	2000	other	0
sub-13_2	130	Picture	50	2567156	0	1	2226	1	0	2000	other	0
sub-13_2	130	Pulse	255	2572104	4948	0
sub-13_2	131	Picture	90	2581941	0	1	2226	1	0	2000	other	0
sub-13_2	131	Pulse	255	2592104	10162	0
sub-13_2	132	Picture	50	2594727	0	1	2226	1	0	2000	other	0
sub-13_2	133	Picture	40	2607512	0	1	2226	1	0	2000	other	0
sub-13_2	133	Pulse	255	2612104	4592	0
sub-13_2	134	Picture	40	2621298	0	1	2226	1	0	2000	other	0
sub-13_2	134	Pulse	255	2632104	10806	0
sub-13_2	135	Picture	40	2636083	0	1	2226	1	0	2000	other	0
sub-13_2	136	Picture	50	2648869	0	1	2226	1	0	2000	other	0
sub-13_2	136	Pulse	255	2652104	3235	0
sub-13_2	137	Picture	Bfix	2662488	0	1	50226	1	0	50000	other	0
sub-13_2	137	Pulse	255	2672104	9617	0
sub-13_2	137	Pulse	255	2692104	29616	0
sub-13_2	137	Pulse	255	2712104	49617	0
sub-13_2	138	Picture	50	2713213	0	1	2226	1	0	2000	other	0
sub-13_2	139	Picture	90	2726998	0	1	2226	1	0	2000	other	0
sub-13_2	139	Pulse	255	2732104	5106	0
sub-13_2	140	Picture	20	2741784	0	1	2226	1	0	2000	other	0
sub-13_2	140	Pulse	255	2752104	10320	0
sub-13_2	141	Picture	20	2754569	0	1	2226	1	0	2000	other	0
sub-13_2	142	Picture	40	2767354	0	1	2226	1	0	2000	other	0
sub-13_2	142	Pulse	255	2772104	4750	0
sub-13_2	143	Picture	90	2782306	0	1	2226	1	0	2000	other	0
sub-13_2	143	Pulse	255	2792104	9798	0
sub-13_2	144	Picture	40	2795091	0	1	2226	1	0	2000	other	0
sub-13_2	145	Picture	50	2808877	0	1	2226	1	0	2000	other	0
sub-13_2	145	Pulse	255	2812104	3227	0
sub-13_2	146	Picture	50	2822662	0	1	2226	1	0	2000	other	0
sub-13_2	146	Pulse	255	2832104	9442	0
sub-13_2	147	Picture	80	2837447	0	1	2226	1	0	2000	other	0
sub-13_2	147	Response	1	2842084	4637	1
sub-13_2	148	Picture	40	2850232	0	1	2226	1	0	2000	other	0
sub-13_2	148	Pulse	255	2852104	1871	0
sub-13_2	149	Picture	40	2864018	0	1	2226	1	0	2000	other	0
sub-13_2	149	Pulse	255	2872104	8086	0
sub-13_2	150	Picture	90	2878803	0	1	2226	1	0	2000	other	0
sub-13_2	151	Picture	20	2891589	0	1	2226	1	0	2000	other	0
sub-13_2	151	Pulse	255	2892104	516	0
sub-13_2	152	Picture	40	2905374	0	1	2226	1	0	2000	other	0
sub-13_2	152	Pulse	255	2912105	6730	0
sub-13_2	153	Picture	40	2919160	0	1	2226	1	0	2000	other	0
sub-13_2	154	Picture	40	2931945	0	1	2226	1	0	2000	other	0
sub-13_2	154	Pulse	255	2932105	160	0
sub-13_2	155	Picture	90	2946730	0	1	2226	1	0	2000	other	0
sub-13_2	155	Pulse	255	2952105	5374	0
sub-13_2	156	Picture	90	2961516	0	1	2226	1	0	2000	other	0
sub-13_2	156	Pulse	255	2972104	10589	0
sub-13_2	157	Picture	40	2974301	0	1	2226	1	0	2000	other	0
sub-13_2	158	Picture	90	2989087	0	1	2226	1	0	2000	other	0
sub-13_2	158	Pulse	255	2992104	3018	0
sub-13_2	159	Picture	20	3003872	0	1	2226	1	0	2000	other	0
sub-13_2	159	Pulse	255	3012104	8232	0
sub-13_2	160	Picture	40	3017658	0	1	2226	1	0	2000	other	0
sub-13_2	161	Picture	90	3030443	0	1	2226	1	0	2000	other	0
sub-13_2	161	Pulse	255	3032105	1662	0
sub-13_2	162	Picture	80	3043228	0	1	2226	1	0	2000	other	0
sub-13_2	162	Response	1	3049015	5787	1
sub-13_2	162	Pulse	255	3052105	8877	0
sub-13_2	163	Picture	Bfix	3056847	0	1	50447	1	0	50000	other	0
sub-13_2	163	Pulse	255	3072105	15258	0
sub-13_2	163	Pulse	255	3092105	35258	0
sub-13_2	164	Picture	90	3107294	0	1	2226	1	0	2000	other	0
sub-13_2	164	Pulse	255	3112105	4811	0
sub-13_2	165	Picture	50	3121079	0	1	2226	1	0	2000	other	0
sub-13_2	165	Pulse	255	3132105	11026	0
sub-13_2	166	Picture	80	3134865	0	1	2226	1	0	2000	other	0
sub-13_2	166	Response	1	3140635	5771	1
sub-13_2	167	Picture	50	3149650	0	1	2226	1	0	2000	other	0
sub-13_2	167	Pulse	255	3152105	2455	0
sub-13_2	168	Picture	20	3163436	0	1	2226	1	0	2000	other	0
sub-13_2	168	Pulse	255	3172105	8670	0
sub-13_2	169	Picture	90	3177221	0	1	2226	1	0	2000	other	0
sub-13_2	170	Picture	20	3191007	0	1	2226	1	0	2000	other	0
sub-13_2	170	Pulse	255	3192105	1098	0
sub-13_2	171	Picture	40	3203792	0	1	2226	1	0	2000	other	0
sub-13_2	171	Pulse	255	3212105	8313	0
sub-13_2	172	Picture	90	3218578	0	1	2226	1	0	2000	other	0
sub-13_2	172	Pulse	255	3231969	13391	137
sub-13_2	173	Picture	50	3232302	0	1	2226	1	0	2000	other	0
sub-13_2	174	Picture	20	3247087	0	1	2226	1	0	2000	other	0
sub-13_2	174	Pulse	255	3252105	5018	0
sub-13_2	175	Picture	40	3259873	0	1	2226	1	0	2000	other	0
sub-13_2	175	Pulse	255	3272105	12232	0
sub-13_2	176	Picture	90	3273659	0	1	2226	1	0	2000	other	0
sub-13_2	177	Picture	50	3288444	0	1	2226	1	0	2000	other	0
sub-13_2	177	Pulse	255	3292106	3661	0
sub-13_2	178	Picture	50	3303230	0	1	2226	1	0	2000	other	0
sub-13_2	178	Pulse	255	3312105	8876	0
sub-13_2	179	Picture	20	3316015	0	1	2227	1	0	2000	other	0
sub-13_2	180	Picture	20	3329801	0	1	2226	1	0	2000	other	0
sub-13_2	180	Pulse	255	3332105	2305	0
sub-13_2	181	Picture	90	3343586	0	1	2226	1	0	2000	other	0
sub-13_2	181	Pulse	255	3352106	8520	0
sub-13_2	182	Picture	40	3357371	0	1	2226	1	0	2000	other	0
sub-13_2	182	Pulse	255	3372105	14734	0
sub-13_2	183	Picture	40	3372157	0	1	2226	1	0	2000	other	0
sub-13_2	184	Picture	50	3385942	0	1	2226	1	0	2000	other	0
sub-13_2	184	Pulse	255	3392105	6163	0
sub-13_2	185	Picture	90	3398727	0	1	2226	1	0	2000	other	0
sub-13_2	185	Pulse	255	3412106	13379	0
sub-13_2	186	Picture	50	3412513	0	1	2226	1	0	2000	other	0
sub-13_2	187	Picture	90	3426298	0	1	2226	1	0	2000	other	0
sub-13_2	187	Pulse	255	3432106	5808	0
sub-13_2	188	Picture	90	3441084	0	1	2226	1	0	2000	other	0
sub-13_2	188	Pulse	255	3452106	11022	0
sub-13_2	189	Picture	Bfix	3454703	0	1	50448	1	0	50000	other	0
sub-13_2	189	Pulse	255	3472106	17403	0
sub-13_2	189	Pulse	255	3492105	37403	0
sub-13_2	190	Picture	90	3505151	0	1	2226	1	0	2000	other	0
sub-13_2	190	Pulse	255	3512106	6955	0
sub-13_2	191	Picture	40	3519937	0	1	2227	1	0	2000	other	0
sub-13_2	191	Pulse	255	3532106	12169	0
sub-13_2	192	Picture	90	3533723	0	1	2226	1	0	2000	other	0
sub-13_2	193	Picture	50	3548509	0	1	2226	1	0	2000	other	0
sub-13_2	193	Pulse	255	3552106	3597	0
sub-13_2	194	Picture	20	3563294	0	1	2226	1	0	2000	other	0
sub-13_2	194	Pulse	255	3572106	8812	0
sub-13_2	195	Picture	90	3576079	0	1	2226	1	0	2000	other	0
sub-13_2	196	Picture	50	3588864	0	1	2226	1	0	2000	other	0
sub-13_2	196	Pulse	255	3592106	3241	0
sub-13_2	197	Picture	90	3603650	0	1	2226	1	0	2000	other	0
sub-13_2	197	Pulse	255	3612106	8456	0
sub-13_2	198	Picture	20	3617601	0	1	2226	1	0	2000	other	0
sub-13_2	198	Pulse	255	3632054	14452	53
sub-13_2	199	Picture	20	3632386	0	1	2226	1	0	2000	other	0
sub-13_2	200	Picture	50	3646172	0	1	2227	1	0	2000	other	0
sub-13_2	200	Pulse	255	3652106	5934	0
sub-13_2	201	Picture	50	3659958	0	1	2226	1	0	2000	other	0
sub-13_2	201	Pulse	255	3672106	12148	0
sub-13_2	202	Picture	40	3672744	0	1	2226	1	0	2000	other	0
sub-13_2	203	Picture	80	3687529	0	1	2226	1	0	2000	other	0
sub-13_2	203	Response	1	3691916	4388	1
sub-13_2	203	Pulse	255	3692105	4577	0
sub-13_2	204	Picture	90	3700314	0	1	2226	1	0	2000	other	0
sub-13_2	204	Pulse	255	3712106	11792	0
sub-13_2	205	Picture	90	3714100	0	1	2226	1	0	2000	other	0
sub-13_2	206	Picture	90	3728885	0	1	2226	1	0	2000	other	0
sub-13_2	206	Pulse	255	3732106	3221	0
sub-13_2	207	Picture	20	3741671	0	1	2226	1	0	2000	other	0
sub-13_2	207	Pulse	255	3752106	10436	0
sub-13_2	208	Picture	90	3754456	0	1	2226	1	0	2000	other	0
sub-13_2	209	Picture	50	3768242	0	1	2227	1	0	2000	other	0
sub-13_2	209	Pulse	255	3772107	3865	0
sub-13_2	210	Picture	Bfix	3782861	0	1	50152	1	0	50000	other	0
sub-13_2	210	Pulse	255	3792107	9245	0
sub-13_2	210	Pulse	255	3812107	29245	0
sub-13_2	210	Pulse	255	3832107	49245	0
sub-13_2	211	Picture	20	3833514	0	1	2226	1	0	2000	other	0
sub-13_2	212	Picture	90	3846299	0	1	2226	1	0	2000	other	0
sub-13_2	212	Pulse	255	3852107	5808	0
sub-13_2	213	Picture	90	3859084	0	1	2226	1	0	2000	other	0
sub-13_2	213	Pulse	255	3872107	13023	0
sub-13_2	214	Picture	50	3872869	0	1	2227	1	0	2000	other	0
sub-13_2	215	Picture	40	3886655	0	1	2226	1	0	2000	other	0
sub-13_2	215	Pulse	255	3892107	5452	0
sub-13_2	216	Picture	40	3899441	0	1	2229	1	0	2000	other	0
sub-13_2	216	Pulse	255	3912101	12660	6
sub-13_2	217	Picture	20	3912229	0	1	2226	1	0	2000	other	0
sub-13_2	218	Picture	40	3926014	0	1	2226	1	0	2000	other	0
sub-13_2	218	Pulse	255	3932107	6093	0
sub-13_2	219	Picture	50	3940800	0	1	2226	1	0	2000	other	0
sub-13_2	219	Pulse	255	3952107	11307	0
sub-13_2	220	Picture	50	3954585	0	1	2226	1	0	2000	other	0
sub-13_2	221	Picture	Bfix	3968204	0	1	71884	1	0	60000	other	0
sub-13_2	221	Pulse	255	3972107	3903	0
sub-13_2	221	Pulse	255	3992107	23903	0
sub-13_2	221	Pulse	255	4012107	43903	0
