Scenario - loca_visu_version1bis
Logfile written - 12/17/2018 15:45:17

Subject	Trial	Event Type	Code	Time	TTime	Uncertainty	Duration	Uncertainty	ReqTime	ReqDur	Stim Type	Pair Index

sub-11_2	0	Pulse	255	591328	591328	0
sub-11_2	1	Picture	Bfix	591556	0	1	50438	1	0	50000	other	0
sub-11_2	1	Pulse	255	611328	19772	0
sub-11_2	1	Pulse	255	631328	39771	0
sub-11_2	2	Picture	10	641994	0	1	2226	1	0	2000	other	0
sub-11_2	2	Pulse	255	651327	9334	0
sub-11_2	3	Picture	30	655779	0	1	2226	1	0	2000	other	0
sub-11_2	4	Picture	60	669397	0	1	2226	1	0	2000	other	0
sub-11_2	4	Pulse	255	671328	1930	0
sub-11_2	5	Picture	60	682016	0	1	2226	1	0	2000	other	0
sub-11_2	5	Pulse	255	691328	9312	0
sub-11_2	6	Picture	10	696801	0	1	2226	1	0	2000	other	0
sub-11_2	7	Picture	60	710419	0	1	2226	1	0	2000	other	0
sub-11_2	7	Pulse	255	711327	908	0
sub-11_2	8	Picture	10	725205	0	1	2226	1	0	2000	other	0
sub-11_2	8	Pulse	255	731328	6123	0
sub-11_2	9	Picture	60	738824	0	1	2226	1	0	2000	other	0
sub-11_2	9	Pulse	255	751328	12504	0
sub-11_2	10	Picture	60	751442	0	1	2226	1	0	2000	other	0
sub-11_2	11	Picture	30	765228	0	1	2226	1	0	2000	other	0
sub-11_2	11	Pulse	255	771328	6100	0
sub-11_2	12	Picture	10	778013	0	1	2226	1	0	2000	other	0
sub-11_2	12	Pulse	255	791328	13315	0
sub-11_2	13	Picture	60	791632	0	1	2226	1	0	2000	other	0
sub-11_2	14	Picture	30	805417	0	1	2226	1	0	2000	other	0
sub-11_2	14	Pulse	255	811328	5911	0
sub-11_2	15	Picture	70	818035	0	1	2226	1	0	2000	other	0
sub-11_2	15	Pulse	255	831338	13303	0
sub-11_2	16	Picture	10	831820	0	1	2226	1	0	2000	other	0
sub-11_2	17	Picture	80	846606	0	1	2226	1	0	2000	other	0
sub-11_2	17	Response	1	850958	4352	1
sub-11_2	17	Pulse	255	851328	4722	0
sub-11_2	18	Picture	70	860225	0	1	2226	1	0	2000	other	0
sub-11_2	18	Pulse	255	871328	11103	0
sub-11_2	19	Picture	30	874010	0	1	2167	1	0	2000	other	0
sub-11_2	20	Picture	30	888736	0	1	2226	1	0	2000	other	0
sub-11_2	20	Pulse	255	891327	2591	0
sub-11_2	21	Picture	60	902355	0	1	2226	1	0	2000	other	0
sub-11_2	21	Pulse	255	911328	8973	0
sub-11_2	22	Picture	70	916973	0	1	2226	1	0	2000	other	0
sub-11_2	22	Pulse	255	931328	14355	0
sub-11_2	23	Picture	70	931592	0	1	2226	1	0	2000	other	0
sub-11_2	24	Picture	10	945377	0	1	2226	1	0	2000	other	0
sub-11_2	24	Pulse	255	951328	5951	0
sub-11_2	25	Picture	10	959162	0	1	2226	1	0	2000	other	0
sub-11_2	25	Pulse	255	971328	12166	0
sub-11_2	26	Picture	30	972114	0	1	2226	1	0	2000	other	0
sub-11_2	27	Picture	Bfix	986733	0	1	50267	1	0	50000	other	0
sub-11_2	27	Pulse	255	991328	4595	0
sub-11_2	27	Pulse	255	1011328	24595	0
sub-11_2	27	Pulse	255	1031328	44595	0
sub-11_2	28	Picture	70	1037000	0	1	2226	1	0	2000	other	0
sub-11_2	29	Picture	10	1049785	0	1	2226	1	0	2000	other	0
sub-11_2	29	Pulse	255	1051328	1543	0
sub-11_2	30	Picture	80	1063570	0	1	2226	1	0	2000	other	0
sub-11_2	30	Response	1	1068508	4937	1
sub-11_2	30	Pulse	255	1071328	7758	0
sub-11_2	31	Picture	10	1077522	0	1	2226	1	0	2000	other	0
sub-11_2	32	Picture	70	1090141	0	1	2226	1	0	2000	other	0
sub-11_2	32	Pulse	255	1091328	1187	0
sub-11_2	33	Picture	60	1103760	0	1	2226	1	0	2000	other	0
sub-11_2	33	Pulse	255	1111318	7558	0
sub-11_2	34	Picture	70	1117378	0	1	2226	1	0	2000	other	0
sub-11_2	35	Picture	30	1130163	0	1	2226	1	0	2000	other	0
sub-11_2	35	Pulse	255	1131318	1155	0
sub-11_2	36	Picture	30	1143115	0	1	2226	1	0	2000	other	0
sub-11_2	36	Pulse	255	1151318	8203	0
sub-11_2	37	Picture	70	1157734	0	1	2226	1	0	2000	other	0
sub-11_2	38	Picture	30	1170519	0	1	2226	1	0	2000	other	0
sub-11_2	38	Pulse	255	1171318	798	0
sub-11_2	39	Picture	60	1184138	0	1	2226	1	0	2000	other	0
sub-11_2	39	Pulse	255	1191318	7180	0
sub-11_2	40	Picture	60	1197757	0	1	2226	1	0	2000	other	0
sub-11_2	40	Pulse	255	1211209	13452	109
sub-11_2	41	Picture	30	1211542	0	1	2226	1	0	2000	other	0
sub-11_2	42	Picture	60	1224160	0	1	2226	1	0	2000	other	0
sub-11_2	42	Pulse	255	1231318	7158	0
sub-11_2	43	Picture	10	1237946	0	1	2226	1	0	2000	other	0
sub-11_2	43	Pulse	255	1251318	13372	0
sub-11_2	44	Picture	10	1252731	0	1	2226	1	0	2000	other	0
sub-11_2	45	Picture	30	1266516	0	1	2226	1	0	2000	other	0
sub-11_2	45	Pulse	255	1271318	4801	0
sub-11_2	46	Picture	80	1279301	0	1	2226	1	0	2000	other	0
sub-11_2	46	Response	1	1283968	4667	1
sub-11_2	46	Pulse	255	1291318	12016	0
sub-11_2	47	Picture	60	1291920	0	1	2226	1	0	2000	other	0
sub-11_2	48	Picture	Bfix	1306539	0	1	50228	1	0	50000	other	0
sub-11_2	48	Pulse	255	1311318	4779	0
sub-11_2	48	Pulse	255	1331318	24780	0
sub-11_2	48	Pulse	255	1351318	44780	0
sub-11_2	49	Picture	70	1356767	0	1	2226	1	0	2000	other	0
sub-11_2	49	Pulse	255	1371318	14552	0
sub-11_2	50	Picture	60	1371385	0	1	2226	1	0	2000	other	0
sub-11_2	51	Picture	30	1384170	0	1	2226	1	0	2000	other	0
sub-11_2	51	Pulse	255	1391318	7148	0
sub-11_2	52	Picture	70	1396789	0	1	2226	1	0	2000	other	0
sub-11_2	52	Pulse	255	1411242	14453	77
sub-11_2	53	Picture	80	1411575	0	1	2226	1	0	2000	other	0
sub-11_2	53	Response	1	1415938	4364	1
sub-11_2	54	Picture	60	1424193	0	1	2226	1	0	2000	other	0
sub-11_2	54	Pulse	255	1431318	7125	0
sub-11_2	55	Picture	60	1436811	0	1	2226	1	0	2000	other	0
sub-11_2	55	Pulse	255	1451264	14453	55
sub-11_2	56	Picture	30	1451597	0	1	2226	1	0	2000	other	0
sub-11_2	57	Picture	10	1465382	0	1	2226	1	0	2000	other	0
sub-11_2	57	Pulse	255	1471319	5937	0
sub-11_2	58	Picture	30	1478167	0	1	2226	1	0	2000	other	0
sub-11_2	58	Pulse	255	1491318	13151	0
sub-11_2	59	Picture	60	1491785	0	1	2226	1	0	2000	other	0
sub-11_2	60	Picture	60	1505404	0	1	2226	1	0	2000	other	0
sub-11_2	60	Pulse	255	1511319	5915	0
sub-11_2	61	Picture	30	1520189	0	1	2226	1	0	2000	other	0
sub-11_2	61	Pulse	255	1531318	11129	0
sub-11_2	62	Picture	60	1532807	0	1	2226	1	0	2000	other	0
sub-11_2	63	Picture	10	1546593	0	1	2226	1	0	2000	other	0
sub-11_2	63	Pulse	255	1551318	4725	0
sub-11_2	64	Picture	60	1561211	0	1	2226	1	0	2000	other	0
sub-11_2	64	Pulse	255	1571318	10107	0
sub-11_2	65	Picture	70	1573830	0	1	2226	1	0	2000	other	0
sub-11_2	66	Picture	10	1586616	0	1	2226	1	0	2000	other	0
sub-11_2	66	Pulse	255	1591318	4703	0
sub-11_2	67	Picture	70	1600234	0	1	2226	1	0	2000	other	0
sub-11_2	67	Pulse	255	1611319	11085	0
sub-11_2	68	Picture	30	1613019	0	1	2226	1	0	2000	other	0
sub-11_2	69	Picture	30	1627804	0	1	2226	1	0	2000	other	0
sub-11_2	69	Pulse	255	1631319	3514	0
sub-11_2	70	Picture	60	1642423	0	1	2226	1	0	2000	other	0
sub-11_2	70	Pulse	255	1651319	8896	0
sub-11_2	71	Picture	30	1655208	0	1	2226	1	0	2000	other	0
sub-11_2	72	Picture	30	1667993	0	1	2226	1	0	2000	other	0
sub-11_2	72	Pulse	255	1671318	3325	0
sub-11_2	73	Picture	30	1682778	0	1	2226	1	0	2000	other	0
sub-11_2	73	Pulse	255	1691318	8540	0
sub-11_2	74	Picture	30	1696563	0	1	2226	1	0	2000	other	0
sub-11_2	75	Picture	60	1711182	0	1	2226	1	0	2000	other	0
sub-11_2	75	Pulse	255	1711319	136	0
sub-11_2	76	Picture	70	1724801	0	1	2226	1	0	2000	other	0
sub-11_2	76	Pulse	255	1731319	6517	0
sub-11_2	77	Picture	60	1737420	0	1	2226	1	0	2000	other	0
sub-11_2	78	Picture	10	1751205	0	1	2226	1	0	2000	other	0
sub-11_2	78	Pulse	255	1751319	114	0
sub-11_2	79	Picture	Bfix	1765824	0	1	50264	1	0	50000	other	0
sub-11_2	79	Pulse	255	1771318	5494	0
sub-11_2	79	Pulse	255	1791319	25495	0
sub-11_2	79	Pulse	255	1811319	45495	0
sub-11_2	80	Picture	70	1816087	0	1	2226	1	0	2000	other	0
sub-11_2	81	Picture	10	1828873	0	1	2226	1	0	2000	other	0
sub-11_2	81	Pulse	255	1831318	2446	0
sub-11_2	82	Picture	70	1842491	0	1	2226	1	0	2000	other	0
sub-11_2	82	Pulse	255	1851318	8827	0
sub-11_2	83	Picture	70	1857110	0	1	2226	1	0	2000	other	0
sub-11_2	84	Picture	70	1870728	0	1	2226	1	0	2000	other	0
sub-11_2	84	Pulse	255	1871319	591	0
sub-11_2	85	Picture	30	1883513	0	1	2226	1	0	2000	other	0
sub-11_2	85	Pulse	255	1891319	7806	0
sub-11_2	86	Picture	70	1897132	0	1	2226	1	0	2000	other	0
sub-11_2	86	Pulse	255	1911318	14187	0
sub-11_2	87	Picture	60	1911750	0	1	2226	1	0	2000	other	0
sub-11_2	88	Picture	10	1926535	0	1	2226	1	0	2000	other	0
sub-11_2	88	Pulse	255	1931319	4783	0
sub-11_2	89	Picture	10	1941321	0	1	2226	1	0	2000	other	0
sub-11_2	89	Pulse	255	1951318	9998	0
sub-11_2	90	Picture	70	1955939	0	1	2226	1	0	2000	other	0
sub-11_2	91	Picture	80	1970725	0	1	2226	1	0	2000	other	0
sub-11_2	91	Pulse	255	1971318	594	0
sub-11_2	91	Response	1	1975019	4294	1
sub-11_2	92	Picture	30	1984510	0	1	2226	1	0	2000	other	0
sub-11_2	92	Pulse	255	1991319	6809	0
sub-11_2	93	Picture	60	1997128	0	1	2226	1	0	2000	other	0
sub-11_2	94	Picture	60	2009747	0	1	2226	1	0	2000	other	0
sub-11_2	94	Pulse	255	2011319	1572	0
sub-11_2	95	Picture	70	2024365	0	1	2226	1	0	2000	other	0
sub-11_2	95	Pulse	255	2031319	6954	0
sub-11_2	96	Picture	10	2039317	0	1	2226	1	0	2000	other	0
sub-11_2	96	Pulse	255	2051318	12002	0
sub-11_2	97	Picture	10	2054102	0	1	2226	1	0	2000	other	0
sub-11_2	98	Picture	10	2068887	0	1	2227	1	0	2000	other	0
sub-11_2	98	Pulse	255	2071319	2431	0
sub-11_2	99	Picture	30	2081673	0	1	2226	1	0	2000	other	0
sub-11_2	99	Pulse	255	2091319	9646	0
sub-11_2	100	Picture	Bfix	2094292	0	1	50226	1	0	50000	other	0
sub-11_2	100	Pulse	255	2111319	17027	0
sub-11_2	100	Pulse	255	2131319	37027	0
sub-11_2	101	Picture	70	2144684	0	1	2226	1	0	2000	other	0
sub-11_2	101	Pulse	255	2151319	6634	0
sub-11_2	102	Picture	70	2159303	0	1	2226	1	0	2000	other	0
sub-11_2	102	Pulse	255	2171319	12016	0
sub-11_2	103	Picture	30	2172088	0	1	2226	1	0	2000	other	0
sub-11_2	104	Picture	10	2185874	0	1	2226	1	0	2000	other	0
sub-11_2	104	Pulse	255	2191319	5445	0
sub-11_2	105	Picture	10	2198659	0	1	2226	1	0	2000	other	0
sub-11_2	106	Picture	70	2211277	0	1	2226	1	0	2000	other	0
sub-11_2	106	Pulse	255	2211319	42	0
sub-11_2	107	Picture	10	2225062	0	1	2226	1	0	2000	other	0
sub-11_2	107	Pulse	255	2231319	6257	0
sub-11_2	108	Picture	10	2239848	0	1	2226	1	0	2000	other	0
sub-11_2	108	Pulse	255	2251319	11471	0
sub-11_2	109	Picture	70	2252466	0	1	2226	1	0	2000	other	0
sub-11_2	110	Picture	30	2265252	0	1	2226	1	0	2000	other	0
sub-11_2	110	Pulse	255	2271319	6068	0
sub-11_2	111	Picture	Bfix	2278870	0	1	50473	1	0	50000	other	0
sub-11_2	111	Pulse	255	2291319	12449	0
sub-11_2	111	Pulse	255	2311319	32449	0
sub-11_2	112	Picture	20	2329343	0	1	2226	1	0	2000	other	0
sub-11_2	112	Pulse	255	2331319	1975	0
sub-11_2	113	Picture	20	2343129	0	1	2226	1	0	2000	other	0
sub-11_2	113	Pulse	255	2351319	8190	0
sub-11_2	114	Picture	90	2355913	0	1	2226	1	0	2000	other	0
sub-11_2	115	Picture	40	2368699	0	1	2226	1	0	2000	other	0
sub-11_2	115	Pulse	255	2371319	2621	0
sub-11_2	116	Picture	20	2382484	0	1	2226	1	0	2000	other	0
sub-11_2	116	Pulse	255	2391319	8836	0
sub-11_2	117	Picture	80	2395269	0	1	2226	1	0	2000	other	0
sub-11_2	117	Response	1	2399499	4230	1
sub-11_2	118	Picture	20	2409054	0	1	2226	1	0	2000	other	0
sub-11_2	118	Pulse	255	2411319	2266	0
sub-11_2	119	Picture	20	2421839	0	1	2226	1	0	2000	other	0
sub-11_2	119	Pulse	255	2431319	9481	0
sub-11_2	120	Picture	20	2434624	0	1	2226	1	0	2000	other	0
sub-11_2	121	Picture	50	2447409	0	1	2226	1	0	2000	other	0
sub-11_2	121	Pulse	255	2451319	3910	0
sub-11_2	122	Picture	50	2461194	0	1	2226	1	0	2000	other	0
sub-11_2	122	Pulse	255	2471319	10125	0
sub-11_2	123	Picture	20	2473981	0	1	2226	1	0	2000	other	0
sub-11_2	124	Picture	50	2486766	0	1	2226	1	0	2000	other	0
sub-11_2	124	Pulse	255	2491319	4553	0
sub-11_2	125	Picture	20	2501551	0	1	2226	1	0	2000	other	0
sub-11_2	125	Pulse	255	2511319	9768	0
sub-11_2	126	Picture	40	2514336	0	1	2226	1	0	2000	other	0
sub-11_2	127	Picture	40	2529122	0	1	2226	1	0	2000	other	0
sub-11_2	127	Pulse	255	2531319	2197	0
sub-11_2	128	Picture	50	2543907	0	1	2227	1	0	2000	other	0
sub-11_2	128	Pulse	255	2551319	7412	0
sub-11_2	129	Picture	40	2557693	0	1	2226	1	0	2000	other	0
sub-11_2	129	Pulse	255	2571146	13452	174
sub-11_2	130	Picture	50	2571479	0	1	2226	1	0	2000	other	0
sub-11_2	131	Picture	90	2584264	0	1	2226	1	0	2000	other	0
sub-11_2	131	Pulse	255	2591319	7056	0
sub-11_2	132	Picture	50	2599049	0	1	2226	1	0	2000	other	0
sub-11_2	132	Pulse	255	2611319	12271	0
sub-11_2	133	Picture	40	2613834	0	1	2226	1	0	2000	other	0
sub-11_2	134	Picture	40	2628786	0	1	2226	1	0	2000	other	0
sub-11_2	134	Pulse	255	2631319	2533	0
sub-11_2	135	Picture	40	2643571	0	1	2226	1	0	2000	other	0
sub-11_2	135	Pulse	255	2651319	7748	0
sub-11_2	136	Picture	50	2656356	0	1	2226	1	0	2000	other	0
sub-11_2	137	Picture	Bfix	2668974	0	1	50226	1	0	50000	other	0
sub-11_2	137	Pulse	255	2671320	2345	0
sub-11_2	137	Pulse	255	2691320	22345	0
sub-11_2	137	Pulse	255	2711320	42345	0
sub-11_2	138	Picture	50	2719534	0	1	2226	1	0	2000	other	0
sub-11_2	138	Pulse	255	2731319	11785	0
sub-11_2	139	Picture	90	2733319	0	1	2226	1	0	2000	other	0
sub-11_2	140	Picture	20	2746105	0	1	2226	1	0	2000	other	0
sub-11_2	140	Pulse	255	2751319	5215	0
sub-11_2	141	Picture	20	2760890	0	1	2226	1	0	2000	other	0
sub-11_2	141	Pulse	255	2771319	10429	0
sub-11_2	142	Picture	40	2774675	0	1	2226	1	0	2000	other	0
sub-11_2	143	Picture	90	2788460	0	1	2227	1	0	2000	other	0
sub-11_2	143	Pulse	255	2791319	2859	0
sub-11_2	144	Picture	40	2803247	0	1	2226	1	0	2000	other	0
sub-11_2	144	Pulse	255	2811320	8073	0
sub-11_2	145	Picture	50	2817032	0	1	2226	1	0	2000	other	0
sub-11_2	146	Picture	50	2829817	0	1	2226	1	0	2000	other	0
sub-11_2	146	Pulse	255	2831319	1502	0
sub-11_2	147	Picture	80	2843603	0	1	2226	1	0	2000	other	0
sub-11_2	147	Response	1	2848149	4546	1
sub-11_2	147	Pulse	255	2851310	7707	0
sub-11_2	148	Picture	40	2857388	0	1	2226	1	0	2000	other	0
sub-11_2	149	Picture	40	2871173	0	1	2226	1	0	2000	other	0
sub-11_2	149	Pulse	255	2871310	136	0
sub-11_2	150	Picture	90	2885959	0	1	2226	1	0	2000	other	0
sub-11_2	150	Pulse	255	2891309	5351	0
sub-11_2	151	Picture	20	2899744	0	1	2226	1	0	2000	other	0
sub-11_2	151	Pulse	255	2911310	11566	0
sub-11_2	152	Picture	40	2912530	0	1	2226	1	0	2000	other	0
sub-11_2	153	Picture	40	2926315	0	1	2226	1	0	2000	other	0
sub-11_2	153	Pulse	255	2931309	4995	0
sub-11_2	154	Picture	40	2940100	0	1	2226	1	0	2000	other	0
sub-11_2	154	Pulse	255	2951309	11209	0
sub-11_2	155	Picture	90	2954886	0	1	2226	1	0	2000	other	0
sub-11_2	156	Picture	90	2969671	0	1	2226	1	0	2000	other	0
sub-11_2	156	Pulse	255	2971310	1639	0
sub-11_2	157	Picture	40	2984456	0	1	2226	1	0	2000	other	0
sub-11_2	157	Pulse	255	2991309	6853	0
sub-11_2	158	Picture	90	2997241	0	1	2226	1	0	2000	other	0
sub-11_2	159	Picture	20	3010027	0	1	2226	1	0	2000	other	0
sub-11_2	159	Pulse	255	3011310	1283	0
sub-11_2	160	Picture	40	3022812	0	1	2226	1	0	2000	other	0
sub-11_2	160	Pulse	255	3031310	8498	0
sub-11_2	161	Picture	90	3036597	0	1	2226	1	0	2000	other	0
sub-11_2	162	Picture	80	3049383	0	1	2226	1	0	2000	other	0
sub-11_2	162	Pulse	255	3051310	1927	0
sub-11_2	162	Response	1	3054170	4787	1
sub-11_2	163	Picture	Bfix	3062002	0	1	50449	1	0	50000	other	0
sub-11_2	163	Pulse	255	3071310	9308	0
sub-11_2	163	Pulse	255	3091310	29308	0
sub-11_2	163	Pulse	255	3111310	49307	0
sub-11_2	164	Picture	90	3112451	0	1	2226	1	0	2000	other	0
sub-11_2	165	Picture	50	3127236	0	1	2226	1	0	2000	other	0
sub-11_2	165	Pulse	255	3131310	4074	0
sub-11_2	166	Picture	80	3140022	0	1	2226	1	0	2000	other	0
sub-11_2	166	Response	1	3144849	4827	1
sub-11_2	166	Pulse	255	3151310	11288	0
sub-11_2	167	Picture	50	3154807	0	1	2226	1	0	2000	other	0
sub-11_2	168	Picture	20	3169592	0	1	2226	1	0	2000	other	0
sub-11_2	168	Pulse	255	3171310	1717	0
sub-11_2	169	Picture	90	3184377	0	1	2226	1	0	2000	other	0
sub-11_2	169	Pulse	255	3191310	6932	0
sub-11_2	170	Picture	20	3198163	0	1	2226	1	0	2000	other	0
sub-11_2	170	Pulse	255	3211310	13147	0
sub-11_2	171	Picture	40	3212948	0	1	2226	1	0	2000	other	0
sub-11_2	172	Picture	90	3226733	0	1	2226	1	0	2000	other	0
sub-11_2	172	Pulse	255	3231310	4577	0
sub-11_2	173	Picture	50	3241518	0	1	2226	1	0	2000	other	0
sub-11_2	173	Pulse	255	3251310	9792	0
sub-11_2	174	Picture	20	3256304	0	1	2226	1	0	2000	other	0
sub-11_2	175	Picture	40	3271089	0	1	2226	1	0	2000	other	0
sub-11_2	175	Pulse	255	3271310	221	0
sub-11_2	176	Picture	90	3284874	0	1	2226	1	0	2000	other	0
sub-11_2	176	Pulse	255	3291310	6436	0
sub-11_2	177	Picture	50	3297659	0	1	2226	1	0	2000	other	0
sub-11_2	177	Pulse	255	3311111	13452	199
sub-11_2	178	Picture	50	3311444	0	1	2226	1	0	2000	other	0
sub-11_2	179	Picture	20	3324229	0	1	2226	1	0	2000	other	0
sub-11_2	179	Pulse	255	3331310	7081	0
sub-11_2	180	Picture	20	3337014	0	1	2226	1	0	2000	other	0
sub-11_2	181	Picture	90	3350800	0	1	2226	1	0	2000	other	0
sub-11_2	181	Pulse	255	3351310	511	0
sub-11_2	182	Picture	40	3363585	0	1	2226	1	0	2000	other	0
sub-11_2	182	Pulse	255	3371310	7725	0
sub-11_2	183	Picture	40	3378370	0	1	2226	1	0	2000	other	0
sub-11_2	183	Pulse	255	3391310	12940	0
sub-11_2	184	Picture	50	3393155	0	1	2226	1	0	2000	other	0
sub-11_2	185	Picture	90	3405940	0	1	2226	1	0	2000	other	0
sub-11_2	185	Pulse	255	3411310	5370	0
sub-11_2	186	Picture	50	3420725	0	1	2226	1	0	2000	other	0
sub-11_2	186	Pulse	255	3431310	10584	0
sub-11_2	187	Picture	90	3434510	0	1	2226	1	0	2000	other	0
sub-11_2	188	Picture	90	3447296	0	1	2226	1	0	2000	other	0
sub-11_2	188	Pulse	255	3451310	4014	0
sub-11_2	189	Picture	Bfix	3459914	0	1	50226	1	0	50000	other	0
sub-11_2	189	Pulse	255	3471310	11395	0
sub-11_2	189	Pulse	255	3491310	31396	0
sub-11_2	190	Picture	90	3510474	0	1	2226	1	0	2000	other	0
sub-11_2	190	Pulse	255	3511310	836	0
sub-11_2	191	Picture	40	3525259	0	1	2226	1	0	2000	other	0
sub-11_2	191	Pulse	255	3531310	6052	0
sub-11_2	192	Picture	90	3539044	0	1	2226	1	0	2000	other	0
sub-11_2	192	Pulse	255	3551310	12266	0
sub-11_2	193	Picture	50	3552829	0	1	2226	1	0	2000	other	0
sub-11_2	194	Picture	20	3566614	0	1	2226	1	0	2000	other	0
sub-11_2	194	Pulse	255	3571310	4696	0
sub-11_2	195	Picture	90	3581399	0	1	2226	1	0	2000	other	0
sub-11_2	195	Pulse	255	3591310	9911	0
sub-11_2	196	Picture	50	3595184	0	1	2226	1	0	2000	other	0
sub-11_2	197	Picture	90	3607969	0	1	2227	1	0	2000	other	0
sub-11_2	197	Pulse	255	3611310	3341	0
sub-11_2	198	Picture	20	3620755	0	1	2226	1	0	2000	other	0
sub-11_2	198	Pulse	255	3631310	10555	0
sub-11_2	199	Picture	20	3634540	0	1	2226	1	0	2000	other	0
sub-11_2	200	Picture	50	3647325	0	1	2226	1	0	2000	other	0
sub-11_2	200	Pulse	255	3651310	3985	0
sub-11_2	201	Picture	50	3661110	0	1	2226	1	0	2000	other	0
sub-11_2	201	Pulse	255	3671310	10200	0
sub-11_2	202	Picture	40	3673895	0	1	2226	1	0	2000	other	0
sub-11_2	203	Picture	80	3687680	0	1	2226	1	0	2000	other	0
sub-11_2	203	Pulse	255	3691310	3630	0
sub-11_2	203	Response	1	3692110	4430	1
sub-11_2	204	Picture	90	3702466	0	1	2226	1	0	2000	other	0
sub-11_2	204	Pulse	255	3711310	8845	0
sub-11_2	205	Picture	90	3715251	0	1	2226	1	0	2000	other	0
sub-11_2	206	Picture	90	3730036	0	1	2227	1	0	2000	other	0
sub-11_2	206	Pulse	255	3731310	1274	0
sub-11_2	207	Picture	20	3744822	0	1	2226	1	0	2000	other	0
sub-11_2	207	Pulse	255	3751310	6488	0
sub-11_2	208	Picture	90	3759607	0	1	2226	1	0	2000	other	0
sub-11_2	208	Pulse	255	3771310	11703	0
sub-11_2	209	Picture	50	3772393	0	1	2226	1	0	2000	other	0
sub-11_2	210	Picture	Bfix	3785011	0	1	50477	1	0	50000	other	0
sub-11_2	210	Pulse	255	3791310	6299	0
sub-11_2	210	Pulse	255	3811310	26299	0
sub-11_2	210	Pulse	255	3831310	46299	0
sub-11_2	211	Picture	20	3835488	0	1	2226	1	0	2000	other	0
sub-11_2	212	Picture	90	3849273	0	1	2226	1	0	2000	other	0
sub-11_2	212	Pulse	255	3851341	2067	0
sub-11_2	213	Picture	90	3864058	0	1	2226	1	0	2000	other	0
sub-11_2	213	Pulse	255	3871310	7252	0
sub-11_2	214	Picture	50	3878844	0	1	2226	1	0	2000	other	0
sub-11_2	214	Pulse	255	3891311	12467	0
sub-11_2	215	Picture	40	3893629	0	1	2226	1	0	2000	other	0
sub-11_2	216	Picture	40	3907414	0	1	2226	1	0	2000	other	0
sub-11_2	216	Pulse	255	3911311	3896	0
sub-11_2	217	Picture	20	3921199	0	1	2226	1	0	2000	other	0
sub-11_2	217	Pulse	255	3931310	10111	0
sub-11_2	218	Picture	40	3933984	0	1	2226	1	0	2000	other	0
sub-11_2	219	Picture	50	3946769	0	1	2227	1	0	2000	other	0
sub-11_2	219	Pulse	255	3951311	4541	0
sub-11_2	220	Picture	50	3960555	0	1	2226	1	0	2000	other	0
sub-11_2	220	Pulse	255	3971310	10755	0
sub-11_2	221	Picture	Bfix	3973174	0	1	71908	1	0	60000	other	0
sub-11_2	221	Pulse	255	3991311	18137	0
sub-11_2	221	Pulse	255	4011311	38137	0
sub-11_2	221	Pulse	255	4031311	58137	0
