Scenario - loca_visu_version1
Logfile written - 12/10/2018 10:35:44

Subject	Trial	Event Type	Code	Time	TTime	Uncertainty	Duration	Uncertainty	ReqTime	ReqDur	Stim Type	Pair Index

sub-09_1	0	Pulse	255	633470	633470	0
sub-09_1	1	Picture	Bfix	633699	0	1	50299	1	0	50000	other	0
sub-09_1	1	Pulse	255	653470	19772	0
sub-09_1	1	Pulse	255	673470	39772	0
sub-09_1	2	Picture	70	683998	0	1	2226	1	0	2000	other	0
sub-09_1	2	Pulse	255	693471	9473	0
sub-09_1	3	Picture	10	697950	0	1	2226	1	0	2000	other	0
sub-09_1	4	Picture	70	711568	0	1	2226	1	0	2000	other	0
sub-09_1	4	Pulse	255	713471	1902	0
sub-09_1	5	Picture	30	726520	0	1	2226	1	0	2000	other	0
sub-09_1	5	Pulse	255	733471	6950	0
sub-09_1	6	Picture	80	741472	0	1	2226	1	0	2000	other	0
sub-09_1	6	Response	1	745731	4258	1
sub-09_1	6	Pulse	255	753471	11999	0
sub-09_1	7	Picture	60	756091	0	1	2226	1	0	2000	other	0
sub-09_1	8	Picture	60	768709	0	1	2226	1	0	2000	other	0
sub-09_1	8	Pulse	255	773471	4762	0
sub-09_1	9	Picture	70	781329	0	1	2226	1	0	2000	other	0
sub-09_1	9	Pulse	255	793471	12142	0
sub-09_1	10	Picture	70	793947	0	1	2226	1	0	2000	other	0
sub-09_1	11	Picture	70	808566	0	1	2226	1	0	2000	other	0
sub-09_1	11	Pulse	255	813471	4905	0
sub-09_1	12	Picture	30	823518	0	1	2226	1	0	2000	other	0
sub-09_1	12	Pulse	255	833471	9953	0
sub-09_1	13	Picture	10	838470	0	1	2226	1	0	2000	other	0
sub-09_1	14	Picture	30	852421	0	1	2226	1	0	2000	other	0
sub-09_1	14	Pulse	255	853471	1050	0
sub-09_1	15	Picture	30	865373	0	1	2226	1	0	2000	other	0
sub-09_1	15	Pulse	255	873471	8098	0
sub-09_1	16	Picture	70	877992	0	1	2226	1	0	2000	other	0
sub-09_1	17	Picture	80	892944	0	1	2226	1	0	2000	other	0
sub-09_1	17	Pulse	255	893471	528	0
sub-09_1	17	Response	1	896101	3158	1
sub-09_1	18	Picture	70	905562	0	1	2226	1	0	2000	other	0
sub-09_1	18	Pulse	255	913471	7909	0
sub-09_1	19	Picture	10	918515	0	1	2226	1	0	2000	other	0
sub-09_1	20	Picture	70	933134	0	1	2226	1	0	2000	other	0
sub-09_1	20	Pulse	255	933472	338	0
sub-09_1	21	Picture	10	946922	0	1	2226	1	0	2000	other	0
sub-09_1	21	Pulse	255	953471	6549	0
sub-09_1	22	Picture	60	961541	0	1	2226	1	0	2000	other	0
sub-09_1	22	Pulse	255	973471	11930	0
sub-09_1	23	Picture	30	974493	0	1	2226	1	0	2000	other	0
sub-09_1	24	Picture	60	988111	0	1	2226	1	0	2000	other	0
sub-09_1	24	Pulse	255	993472	5360	0
sub-09_1	25	Picture	10	1003063	0	1	2226	1	0	2000	other	0
sub-09_1	25	Pulse	255	1013472	10409	0
sub-09_1	26	Picture	30	1018015	0	1	2226	1	0	2000	other	0
sub-09_1	27	Picture	Bfix	1031633	0	1	50262	1	0	50000	other	0
sub-09_1	27	Pulse	255	1033472	1838	0
sub-09_1	27	Pulse	255	1053472	21838	0
sub-09_1	27	Pulse	255	1073472	41838	0
sub-09_1	28	Picture	60	1081895	0	1	2226	1	0	2000	other	0
sub-09_1	28	Pulse	255	1093472	11577	0
sub-09_1	29	Picture	70	1094514	0	1	2226	1	0	2000	other	0
sub-09_1	30	Picture	30	1107466	0	1	2226	1	0	2000	other	0
sub-09_1	30	Pulse	255	1113472	6006	0
sub-09_1	31	Picture	10	1120418	0	1	2226	1	0	2000	other	0
sub-09_1	31	Pulse	255	1133472	13054	0
sub-09_1	32	Picture	60	1135036	0	1	2226	1	0	2000	other	0
sub-09_1	33	Picture	10	1147988	0	1	2226	1	0	2000	other	0
sub-09_1	33	Pulse	255	1153472	5484	0
sub-09_1	34	Picture	60	1162607	0	1	2226	1	0	2000	other	0
sub-09_1	34	Pulse	255	1173472	10866	0
sub-09_1	35	Picture	10	1177559	0	1	2226	1	0	2000	other	0
sub-09_1	36	Picture	10	1191511	0	1	2226	1	0	2000	other	0
sub-09_1	36	Pulse	255	1193472	1962	0
sub-09_1	37	Picture	10	1205463	0	1	2226	1	0	2000	other	0
sub-09_1	37	Pulse	255	1213472	8010	0
sub-09_1	38	Picture	60	1219081	0	1	2226	1	0	2000	other	0
sub-09_1	39	Picture	30	1232867	0	1	2226	1	0	2000	other	0
sub-09_1	39	Pulse	255	1233472	606	0
sub-09_1	40	Picture	80	1247819	0	1	2226	1	0	2000	other	0
sub-09_1	40	Response	1	1251513	3694	1
sub-09_1	40	Pulse	255	1253472	5654	0
sub-09_1	41	Picture	10	1260770	0	1	2226	1	0	2000	other	0
sub-09_1	42	Picture	70	1273389	0	1	2226	1	0	2000	other	0
sub-09_1	42	Pulse	255	1273473	84	0
sub-09_1	43	Picture	10	1287341	0	1	2226	1	0	2000	other	0
sub-09_1	43	Pulse	255	1293472	6131	0
sub-09_1	44	Picture	10	1300293	0	1	2226	1	0	2000	other	0
sub-09_1	45	Picture	10	1313245	0	1	2226	1	0	2000	other	0
sub-09_1	45	Pulse	255	1313473	228	0
sub-09_1	46	Picture	60	1325863	0	1	2226	1	0	2000	other	0
sub-09_1	46	Pulse	255	1333473	7609	0
sub-09_1	47	Picture	70	1340482	0	1	2226	1	0	2000	other	0
sub-09_1	47	Pulse	255	1353473	12991	0
sub-09_1	48	Picture	Bfix	1355100	0	1	50537	1	0	50000	other	0
sub-09_1	48	Pulse	255	1373473	18372	0
sub-09_1	48	Pulse	255	1393473	38373	0
sub-09_1	49	Picture	10	1405637	0	1	2226	1	0	2000	other	0
sub-09_1	49	Pulse	255	1413473	7835	0
sub-09_1	50	Picture	30	1419589	0	1	2226	1	0	2000	other	0
sub-09_1	50	Pulse	255	1433473	13884	0
sub-09_1	51	Picture	60	1434208	0	1	2226	1	0	2000	other	0
sub-09_1	52	Picture	60	1447827	0	1	2226	1	0	2000	other	0
sub-09_1	52	Pulse	255	1453473	5646	0
sub-09_1	53	Picture	70	1461445	0	1	2226	1	0	2000	other	0
sub-09_1	53	Pulse	255	1473473	12028	0
sub-09_1	54	Picture	70	1476064	0	1	2226	1	0	2000	other	0
sub-09_1	55	Picture	30	1491015	0	1	2226	1	0	2000	other	0
sub-09_1	55	Pulse	255	1493473	2458	0
sub-09_1	56	Picture	10	1504968	0	1	2226	1	0	2000	other	0
sub-09_1	56	Pulse	255	1513463	8496	0
sub-09_1	57	Picture	30	1517920	0	1	2226	1	0	2000	other	0
sub-09_1	58	Picture	30	1530871	0	1	2226	1	0	2000	other	0
sub-09_1	58	Pulse	255	1533464	2592	0
sub-09_1	59	Picture	30	1544823	0	1	2226	1	0	2000	other	0
sub-09_1	59	Pulse	255	1553464	8640	0
sub-09_1	60	Picture	10	1558775	0	1	2226	1	0	2000	other	0
sub-09_1	61	Picture	30	1571727	0	1	2226	1	0	2000	other	0
sub-09_1	61	Pulse	255	1573463	1736	0
sub-09_1	62	Picture	10	1586512	0	1	2226	1	0	2000	other	0
sub-09_1	62	Pulse	255	1593464	6951	0
sub-09_1	63	Picture	60	1600131	0	1	2226	1	0	2000	other	0
sub-09_1	63	Pulse	255	1613464	13333	0
sub-09_1	64	Picture	60	1614749	0	1	2226	1	0	2000	other	0
sub-09_1	65	Picture	30	1627701	0	1	2226	1	0	2000	other	0
sub-09_1	65	Pulse	255	1633464	5762	0
sub-09_1	66	Picture	30	1640653	0	1	2226	1	0	2000	other	0
sub-09_1	66	Pulse	255	1653464	12810	0
sub-09_1	67	Picture	60	1655272	0	1	2226	1	0	2000	other	0
sub-09_1	68	Picture	30	1669224	0	1	2226	1	0	2000	other	0
sub-09_1	68	Pulse	255	1673464	4240	0
sub-09_1	69	Picture	70	1683842	0	1	2226	1	0	2000	other	0
sub-09_1	69	Pulse	255	1693464	9622	0
sub-09_1	70	Picture	60	1696460	0	1	2226	1	0	2000	other	0
sub-09_1	71	Picture	80	1711412	0	1	2226	1	0	2000	other	0
sub-09_1	71	Pulse	255	1713494	2082	0
sub-09_1	71	Response	1	1716274	4862	1
sub-09_1	72	Picture	60	1725031	0	1	2226	1	0	2000	other	0
sub-09_1	72	Pulse	255	1733464	8433	0
sub-09_1	73	Picture	10	1739816	0	1	2226	1	0	2000	other	0
sub-09_1	74	Picture	30	1752768	0	1	2226	1	0	2000	other	0
sub-09_1	74	Pulse	255	1753464	696	0
sub-09_1	75	Picture	60	1766387	0	1	2226	1	0	2000	other	0
sub-09_1	75	Pulse	255	1773464	7078	0
sub-09_1	76	Picture	70	1781005	0	1	2226	1	0	2000	other	0
sub-09_1	76	Pulse	255	1793464	12459	0
sub-09_1	77	Picture	30	1794957	0	1	2226	1	0	2000	other	0
sub-09_1	78	Picture	10	1807909	0	1	2226	1	0	2000	other	0
sub-09_1	78	Pulse	255	1813464	5555	0
sub-09_1	79	Picture	Bfix	1820528	0	1	50509	1	0	50000	other	0
sub-09_1	79	Pulse	255	1833464	12937	0
sub-09_1	79	Pulse	255	1853464	32937	0
sub-09_1	80	Picture	10	1871037	0	1	2226	1	0	2000	other	0
sub-09_1	80	Pulse	255	1873464	2427	0
sub-09_1	81	Picture	30	1885989	0	1	2226	1	0	2000	other	0
sub-09_1	81	Pulse	255	1893465	7476	0
sub-09_1	82	Picture	60	1899607	0	1	2226	1	0	2000	other	0
sub-09_1	83	Picture	70	1912226	0	1	2226	1	0	2000	other	0
sub-09_1	83	Pulse	255	1913465	1239	0
sub-09_1	84	Picture	70	1926845	0	1	2226	1	0	2000	other	0
sub-09_1	84	Pulse	255	1933465	6620	0
sub-09_1	85	Picture	30	1939797	0	1	2226	1	0	2000	other	0
sub-09_1	86	Picture	70	1953415	0	1	2226	1	0	2000	other	0
sub-09_1	86	Pulse	255	1953465	50	0
sub-09_1	87	Picture	10	1966367	0	1	2226	1	0	2000	other	0
sub-09_1	87	Pulse	255	1973465	7098	0
sub-09_1	88	Picture	60	1980986	0	1	2226	1	0	2000	other	0
sub-09_1	88	Pulse	255	1993438	12452	27
sub-09_1	89	Picture	30	1993937	0	1	2226	1	0	2000	other	0
sub-09_1	90	Picture	60	2006556	0	1	2226	1	0	2000	other	0
sub-09_1	90	Pulse	255	2013465	6909	0
sub-09_1	91	Picture	70	2020174	0	1	2226	1	0	2000	other	0
sub-09_1	92	Picture	60	2032793	0	1	2226	1	0	2000	other	0
sub-09_1	92	Pulse	255	2033465	672	0
sub-09_1	93	Picture	30	2045745	0	1	2226	1	0	2000	other	0
sub-09_1	93	Pulse	255	2053465	7720	0
sub-09_1	94	Picture	60	2059363	0	1	2226	1	0	2000	other	0
sub-09_1	95	Picture	70	2072982	0	1	2226	1	0	2000	other	0
sub-09_1	95	Pulse	255	2073465	483	0
sub-09_1	96	Picture	60	2087601	0	1	2226	1	0	2000	other	0
sub-09_1	96	Pulse	255	2093465	5864	0
sub-09_1	97	Picture	70	2100219	0	1	2226	1	0	2000	other	0
sub-09_1	98	Picture	70	2112839	0	1	2226	1	0	2000	other	0
sub-09_1	98	Pulse	255	2113465	627	0
sub-09_1	99	Picture	60	2127457	0	1	2226	1	0	2000	other	0
sub-09_1	99	Pulse	255	2133465	6008	0
sub-09_1	100	Picture	Bfix	2141076	0	1	50257	1	0	50000	other	0
sub-09_1	100	Pulse	255	2153466	12389	0
sub-09_1	100	Pulse	255	2173465	32389	0
sub-09_1	101	Picture	60	2191333	0	1	2226	1	0	2000	other	0
sub-09_1	101	Pulse	255	2193465	2132	0
sub-09_1	102	Picture	70	2203951	0	1	2226	1	0	2000	other	0
sub-09_1	102	Pulse	255	2213465	9514	0
sub-09_1	103	Picture	70	2217570	0	1	2226	1	0	2000	other	0
sub-09_1	104	Picture	10	2230522	0	1	2226	1	0	2000	other	0
sub-09_1	104	Pulse	255	2233466	2943	0
sub-09_1	105	Picture	80	2244474	0	1	2226	1	0	2000	other	0
sub-09_1	105	Response	1	2249176	4702	1
sub-09_1	105	Pulse	255	2253465	8992	0
sub-09_1	106	Picture	10	2258259	0	1	2226	1	0	2000	other	0
sub-09_1	107	Picture	10	2271211	0	1	2226	1	0	2000	other	0
sub-09_1	107	Pulse	255	2273466	2255	0
sub-09_1	108	Picture	30	2285163	0	1	2226	1	0	2000	other	0
sub-09_1	108	Pulse	255	2293466	8303	0
sub-09_1	109	Picture	30	2298115	0	1	2226	1	0	2000	other	0
sub-09_1	110	Picture	30	2313066	0	1	2226	1	0	2000	other	0
sub-09_1	110	Pulse	255	2313466	399	0
sub-09_1	111	Picture	Bfix	2327685	0	1	50538	1	0	50000	other	0
sub-09_1	111	Pulse	255	2333466	5781	0
sub-09_1	111	Pulse	255	2353466	25781	0
sub-09_1	111	Pulse	255	2373466	45781	0
sub-09_1	112	Picture	40	2378223	0	1	2226	1	0	2000	other	0
sub-09_1	113	Picture	20	2392174	0	1	2226	1	0	2000	other	0
sub-09_1	113	Pulse	255	2393466	1292	0
sub-09_1	114	Picture	50	2407126	0	1	2226	1	0	2000	other	0
sub-09_1	114	Pulse	255	2413466	6340	0
sub-09_1	115	Picture	20	2421911	0	1	2226	1	0	2000	other	0
sub-09_1	115	Pulse	255	2433466	11555	0
sub-09_1	116	Picture	40	2435863	0	1	2226	1	0	2000	other	0
sub-09_1	117	Picture	80	2450649	0	1	2226	1	0	2000	other	0
sub-09_1	117	Pulse	255	2453466	2818	0
sub-09_1	117	Response	1	2454786	4137	1
sub-09_1	118	Picture	90	2464601	0	1	2226	1	0	2000	other	0
sub-09_1	118	Pulse	255	2473466	8866	0
sub-09_1	119	Picture	40	2477386	0	1	2226	1	0	2000	other	0
sub-09_1	120	Picture	90	2491338	0	1	2226	1	0	2000	other	0
sub-09_1	120	Pulse	255	2493467	2129	0
sub-09_1	121	Picture	90	2505125	0	1	2226	1	0	2000	other	0
sub-09_1	121	Pulse	255	2513466	8342	0
sub-09_1	122	Picture	90	2519910	0	1	2226	1	0	2000	other	0
sub-09_1	122	Pulse	255	2533362	13452	105
sub-09_1	123	Picture	90	2533862	0	1	2226	1	0	2000	other	0
sub-09_1	124	Picture	20	2547814	0	1	2226	1	0	2000	other	0
sub-09_1	124	Pulse	255	2553467	5653	0
sub-09_1	125	Picture	50	2560765	0	1	2226	1	0	2000	other	0
sub-09_1	125	Pulse	255	2573467	12702	0
sub-09_1	126	Picture	40	2573550	0	1	2226	1	0	2000	other	0
sub-09_1	127	Picture	40	2588503	0	1	2226	1	0	2000	other	0
sub-09_1	127	Pulse	255	2593467	4964	0
sub-09_1	128	Picture	40	2601454	0	1	2226	1	0	2000	other	0
sub-09_1	128	Pulse	255	2613467	12013	0
sub-09_1	129	Picture	50	2614406	0	1	2226	1	0	2000	other	0
sub-09_1	130	Picture	40	2629358	0	1	2226	1	0	2000	other	0
sub-09_1	130	Pulse	255	2633467	4109	0
sub-09_1	131	Picture	90	2644310	0	1	2226	1	0	2000	other	0
sub-09_1	131	Pulse	255	2653467	9157	0
sub-09_1	132	Picture	40	2659261	0	1	2226	1	0	2000	other	0
sub-09_1	133	Picture	20	2673213	0	1	2226	1	0	2000	other	0
sub-09_1	133	Pulse	255	2673467	254	0
sub-09_1	134	Picture	20	2687165	0	1	2226	1	0	2000	other	0
sub-09_1	134	Pulse	255	2693467	6302	0
sub-09_1	135	Picture	90	2700117	0	1	2226	1	0	2000	other	0
sub-09_1	135	Pulse	255	2713467	13350	0
sub-09_1	136	Picture	50	2714069	0	1	2226	1	0	2000	other	0
sub-09_1	137	Picture	Bfix	2727688	0	1	50465	1	0	50000	other	0
sub-09_1	137	Pulse	255	2733467	5779	0
sub-09_1	137	Pulse	255	2753467	25780	0
sub-09_1	137	Pulse	255	2773467	45779	0
sub-09_1	138	Picture	90	2778152	0	1	2226	1	0	2000	other	0
sub-09_1	139	Picture	50	2791104	0	1	2226	1	0	2000	other	0
sub-09_1	139	Pulse	255	2793468	2363	0
sub-09_1	140	Picture	20	2804057	0	1	2226	1	0	2000	other	0
sub-09_1	140	Pulse	255	2813467	9411	0
sub-09_1	141	Picture	90	2818008	0	1	2226	1	0	2000	other	0
sub-09_1	142	Picture	90	2830961	0	1	2226	1	0	2000	other	0
sub-09_1	142	Pulse	255	2833468	2507	0
sub-09_1	143	Picture	90	2845913	0	1	2226	1	0	2000	other	0
sub-09_1	143	Pulse	255	2853468	7555	0
sub-09_1	144	Picture	50	2859865	0	1	2226	1	0	2000	other	0
sub-09_1	144	Pulse	255	2873317	13453	151
sub-09_1	145	Picture	40	2873817	0	1	2226	1	0	2000	other	0
sub-09_1	146	Picture	90	2887769	0	1	2226	1	0	2000	other	0
sub-09_1	146	Pulse	255	2893468	5699	0
sub-09_1	147	Picture	40	2902721	0	1	2226	1	0	2000	other	0
sub-09_1	147	Pulse	255	2913468	10747	0
sub-09_1	148	Picture	40	2917673	0	1	2226	1	0	2000	other	0
sub-09_1	149	Picture	90	2932625	0	1	2226	1	0	2000	other	0
sub-09_1	149	Pulse	255	2933468	843	0
sub-09_1	150	Picture	20	2945410	0	1	2226	1	0	2000	other	0
sub-09_1	150	Pulse	255	2953468	8058	0
sub-09_1	151	Picture	80	2960195	0	1	2226	1	0	2000	other	0
sub-09_1	151	Response	1	2963848	3653	1
sub-09_1	152	Picture	50	2973147	0	1	2226	1	0	2000	other	0
sub-09_1	152	Pulse	255	2973468	321	0
sub-09_1	153	Picture	50	2987099	0	1	2226	1	0	2000	other	0
sub-09_1	153	Pulse	255	2993468	6369	0
sub-09_1	154	Picture	20	3001051	0	1	2226	1	0	2000	other	0
sub-09_1	154	Pulse	255	3013468	12417	0
sub-09_1	155	Picture	80	3013836	0	1	2226	1	0	2000	other	0
sub-09_1	155	Response	1	3018248	4412	1
sub-09_1	156	Picture	90	3027621	0	1	2226	1	0	2000	other	0
sub-09_1	156	Pulse	255	3033468	5847	0
sub-09_1	157	Picture	80	3042573	0	1	2226	1	0	2000	other	0
sub-09_1	157	Response	1	3046078	3505	1
sub-09_1	157	Pulse	255	3053468	10895	0
sub-09_1	158	Picture	90	3057525	0	1	2226	1	0	2000	other	0
sub-09_1	159	Picture	20	3072411	0	1	2226	1	0	2000	other	0
sub-09_1	159	Pulse	255	3073468	1057	0
sub-09_1	160	Picture	40	3086363	0	1	2226	1	0	2000	other	0
sub-09_1	160	Pulse	255	3093469	7106	0
sub-09_1	161	Picture	50	3099315	0	1	2226	1	0	2000	other	0
sub-09_1	162	Picture	90	3113266	0	1	2226	1	0	2000	other	0
sub-09_1	162	Pulse	255	3113468	202	0
sub-09_1	163	Picture	Bfix	3125885	0	1	50226	1	0	50000	other	0
sub-09_1	163	Pulse	255	3133468	7583	0
sub-09_1	163	Pulse	255	3153468	27583	0
sub-09_1	163	Pulse	255	3173469	47583	0
sub-09_1	164	Picture	40	3176611	0	1	2226	1	0	2000	other	0
sub-09_1	165	Picture	20	3191563	0	1	2226	1	0	2000	other	0
sub-09_1	165	Pulse	255	3193469	1905	0
sub-09_1	166	Picture	40	3205515	0	1	2226	1	0	2000	other	0
sub-09_1	166	Pulse	255	3213459	7944	0
sub-09_1	167	Picture	20	3219467	0	1	2226	1	0	2000	other	0
sub-09_1	168	Picture	20	3232419	0	1	2226	1	0	2000	other	0
sub-09_1	168	Pulse	255	3233459	1040	0
sub-09_1	169	Picture	50	3245371	0	1	2226	1	0	2000	other	0
sub-09_1	169	Pulse	255	3253459	8088	0
sub-09_1	170	Picture	20	3259323	0	1	2226	1	0	2000	other	0
sub-09_1	170	Pulse	255	3273459	14136	0
sub-09_1	171	Picture	20	3274274	0	1	2226	1	0	2000	other	0
sub-09_1	172	Picture	40	3288226	0	1	2226	1	0	2000	other	0
sub-09_1	172	Pulse	255	3293459	5233	0
sub-09_1	173	Picture	40	3301011	0	1	2226	1	0	2000	other	0
sub-09_1	173	Pulse	255	3313459	12448	0
sub-09_1	174	Picture	90	3314963	0	1	2226	1	0	2000	other	0
sub-09_1	175	Picture	50	3328915	0	1	2226	1	0	2000	other	0
sub-09_1	175	Pulse	255	3333459	4544	0
sub-09_1	176	Picture	50	3343867	0	1	2226	1	0	2000	other	0
sub-09_1	176	Pulse	255	3353459	9592	0
sub-09_1	177	Picture	40	3358819	0	1	2226	1	0	2000	other	0
sub-09_1	178	Picture	90	3371771	0	1	2226	1	0	2000	other	0
sub-09_1	178	Pulse	255	3373459	1688	0
sub-09_1	179	Picture	40	3386723	0	1	2226	1	0	2000	other	0
sub-09_1	179	Pulse	255	3393459	6737	0
sub-09_1	180	Picture	40	3399674	0	1	2226	1	0	2000	other	0
sub-09_1	180	Pulse	255	3413460	13785	0
sub-09_1	181	Picture	50	3413626	0	1	2226	1	0	2000	other	0
sub-09_1	182	Picture	20	3428411	0	1	2226	1	0	2000	other	0
sub-09_1	182	Pulse	255	3433460	5048	0
sub-09_1	183	Picture	90	3441363	0	1	2226	1	0	2000	other	0
sub-09_1	183	Pulse	255	3453460	12097	0
sub-09_1	184	Picture	20	3456315	0	1	2226	1	0	2000	other	0
sub-09_1	185	Picture	20	3469267	0	1	2226	1	0	2000	other	0
sub-09_1	185	Pulse	255	3473460	4192	0
sub-09_1	186	Picture	50	3482219	0	1	2226	1	0	2000	other	0
sub-09_1	186	Pulse	255	3493460	11241	0
sub-09_1	187	Picture	50	3495171	0	1	2226	1	0	2000	other	0
sub-09_1	188	Picture	50	3508123	0	1	2226	1	0	2000	other	0
sub-09_1	188	Pulse	255	3513460	5337	0
sub-09_1	189	Picture	Bfix	3521741	0	1	50533	1	0	50000	other	0
sub-09_1	189	Pulse	255	3533460	11719	0
sub-09_1	189	Pulse	255	3553460	31719	0
sub-09_1	190	Picture	40	3572274	0	1	2226	1	0	2000	other	0
sub-09_1	190	Pulse	255	3573460	1186	0
sub-09_1	191	Picture	50	3586226	0	1	2226	1	0	2000	other	0
sub-09_1	191	Pulse	255	3593460	7234	0
sub-09_1	192	Picture	20	3601012	0	1	2226	1	0	2000	other	0
sub-09_1	192	Pulse	255	3613460	12449	0
sub-09_1	193	Picture	90	3613963	0	1	2226	1	0	2000	other	0
sub-09_1	194	Picture	40	3627915	0	1	2226	1	0	2000	other	0
sub-09_1	194	Pulse	255	3633460	5545	0
sub-09_1	195	Picture	20	3641867	0	1	2226	1	0	2000	other	0
sub-09_1	195	Pulse	255	3653460	11593	0
sub-09_1	196	Picture	50	3654819	0	1	2226	1	0	2000	other	0
sub-09_1	197	Picture	90	3669771	0	1	2226	1	0	2000	other	0
sub-09_1	197	Pulse	255	3673460	3689	0
sub-09_1	198	Picture	90	3683556	0	1	2226	1	0	2000	other	0
sub-09_1	198	Pulse	255	3693460	9904	0
sub-09_1	199	Picture	50	3698508	0	1	2226	1	0	2000	other	0
sub-09_1	200	Picture	90	3713460	0	1	2226	1	0	2000	other	0
sub-09_1	200	Pulse	255	3713460	0	1
sub-09_1	201	Picture	20	3727412	0	1	2226	1	0	2000	other	0
sub-09_1	201	Pulse	255	3733460	6048	0
sub-09_1	202	Picture	20	3740364	0	1	2226	1	0	2000	other	0
sub-09_1	202	Pulse	255	3753461	13097	0
sub-09_1	203	Picture	50	3755316	0	1	2226	1	0	2000	other	0
sub-09_1	204	Picture	90	3769268	0	1	2226	1	0	2000	other	0
sub-09_1	204	Pulse	255	3773461	4193	0
sub-09_1	205	Picture	50	3782220	0	1	2226	1	0	2000	other	0
sub-09_1	205	Pulse	255	3793461	11241	0
sub-09_1	206	Picture	40	3795172	0	1	2226	1	0	2000	other	0
sub-09_1	207	Picture	90	3809123	0	1	2226	1	0	2000	other	0
sub-09_1	207	Pulse	255	3813461	4337	0
sub-09_1	208	Picture	50	3824075	0	1	2226	1	0	2000	other	0
sub-09_1	208	Pulse	255	3833461	9385	0
sub-09_1	209	Picture	40	3838027	0	1	2226	1	0	2000	other	0
sub-09_1	210	Picture	Bfix	3850646	0	1	50539	1	0	50000	other	0
sub-09_1	210	Pulse	255	3853461	2815	0
sub-09_1	210	Pulse	255	3873461	22815	0
sub-09_1	210	Pulse	255	3893461	42815	0
sub-09_1	211	Picture	90	3901185	0	1	2226	1	0	2000	other	0
sub-09_1	211	Pulse	255	3913461	12276	0
sub-09_1	212	Picture	40	3916136	0	1	2227	1	0	2000	other	0
sub-09_1	213	Picture	20	3929090	0	1	2226	1	0	2000	other	0
sub-09_1	213	Pulse	255	3933461	4371	0
sub-09_1	214	Picture	90	3944042	0	1	2226	1	0	2000	other	0
sub-09_1	214	Pulse	255	3953461	9419	0
sub-09_1	215	Picture	20	3957994	0	1	2226	1	0	2000	other	0
sub-09_1	216	Picture	50	3970946	0	1	2226	1	0	2000	other	0
sub-09_1	216	Pulse	255	3973461	2515	0
sub-09_1	217	Picture	40	3984731	0	1	2226	1	0	2000	other	0
sub-09_1	217	Pulse	255	3993461	8730	0
sub-09_1	218	Picture	80	3997516	0	1	2226	1	0	2000	other	0
sub-09_1	218	Response	1	4003291	5775	1
sub-09_1	219	Picture	50	4011469	0	1	2226	1	0	2000	other	0
sub-09_1	219	Pulse	255	4013461	1993	0
sub-09_1	220	Picture	50	4026420	0	1	2226	1	0	2000	other	0
sub-09_1	220	Pulse	255	4033461	7041	0
sub-09_1	221	Picture	Bfix	4039038	0	1	71912	1	0	60000	other	0
sub-09_1	221	Pulse	255	4053461	14423	0
sub-09_1	221	Pulse	255	4073461	34423	0
