Scenario - loca_visu_version1bis
Logfile written - 10/30/2018 10:50:30

Subject	Trial	Event Type	Code	Time	TTime	Uncertainty	Duration	Uncertainty	ReqTime	ReqDur	Stim Type	Pair Index

sub-14_2	0	Pulse	255	561349	561349	0
sub-14_2	1	Picture	Bfix	561577	0	1	50226	1	0	50000	other	0
sub-14_2	1	Pulse	255	581348	19771	0
sub-14_2	1	Pulse	255	601348	39771	0
sub-14_2	2	Picture	10	612137	0	1	2226	1	0	2000	other	0
sub-14_2	2	Pulse	255	621348	9212	0
sub-14_2	3	Picture	30	624922	0	1	2226	1	0	2000	other	0
sub-14_2	4	Picture	60	638540	0	1	2226	1	0	2000	other	0
sub-14_2	4	Pulse	255	641348	2808	0
sub-14_2	5	Picture	60	652159	0	1	2226	1	0	2000	other	0
sub-14_2	5	Pulse	255	661348	9190	0
sub-14_2	6	Picture	10	666944	0	1	2226	1	0	2000	other	0
sub-14_2	7	Picture	60	680563	0	1	2226	1	0	2000	other	0
sub-14_2	7	Pulse	255	681349	786	0
sub-14_2	8	Picture	10	694348	0	1	2226	1	0	2000	other	0
sub-14_2	8	Pulse	255	701349	7000	0
sub-14_2	9	Picture	60	706967	0	1	2226	1	0	2000	other	0
sub-14_2	10	Picture	60	720585	0	1	2226	1	0	2000	other	0
sub-14_2	10	Pulse	255	721349	763	0
sub-14_2	11	Picture	30	735315	0	1	2226	1	0	2000	other	0
sub-14_2	11	Pulse	255	741349	6033	0
sub-14_2	12	Picture	10	750101	0	1	2226	1	0	2000	other	0
sub-14_2	12	Pulse	255	761349	11248	0
sub-14_2	13	Picture	60	764719	0	1	2226	1	0	2000	other	0
sub-14_2	14	Picture	30	778505	0	1	2226	1	0	2000	other	0
sub-14_2	14	Pulse	255	781349	2844	0
sub-14_2	15	Picture	70	791123	0	1	2226	1	0	2000	other	0
sub-14_2	15	Pulse	255	801349	10226	0
sub-14_2	16	Picture	10	803909	0	1	2226	1	0	2000	other	0
sub-14_2	17	Picture	80	818694	0	1	2226	1	0	2000	other	0
sub-14_2	17	Pulse	255	821349	2655	0
sub-14_2	17	Response	1	823949	5255	1
sub-14_2	18	Picture	70	833312	0	1	2226	1	0	2000	other	0
sub-14_2	18	Pulse	255	841349	8037	0
sub-14_2	19	Picture	30	847097	0	1	2226	1	0	2000	other	0
sub-14_2	20	Picture	30	860882	0	1	2226	1	0	2000	other	0
sub-14_2	20	Pulse	255	861349	467	0
sub-14_2	21	Picture	60	875501	0	1	2226	1	0	2000	other	0
sub-14_2	21	Pulse	255	881349	5848	0
sub-14_2	22	Picture	70	888119	0	1	2226	1	0	2000	other	0
sub-14_2	22	Pulse	255	901349	13230	0
sub-14_2	23	Picture	70	901738	0	1	2226	1	0	2000	other	0
sub-14_2	24	Picture	10	915523	0	1	2226	1	0	2000	other	0
sub-14_2	24	Pulse	255	921349	5826	0
sub-14_2	25	Picture	10	930309	0	1	2226	1	0	2000	other	0
sub-14_2	25	Pulse	255	941349	11040	0
sub-14_2	26	Picture	30	943094	0	1	2226	1	0	2000	other	0
sub-14_2	27	Picture	Bfix	957713	0	1	50264	1	0	50000	other	0
sub-14_2	27	Pulse	255	961349	3636	0
sub-14_2	27	Pulse	255	981349	23637	0
sub-14_2	27	Pulse	255	1001349	43636	0
sub-14_2	28	Picture	70	1007976	0	1	2226	1	0	2000	other	0
sub-14_2	28	Pulse	255	1021349	13373	0
sub-14_2	29	Picture	10	1022928	0	1	2226	1	0	2000	other	0
sub-14_2	30	Picture	80	1037714	0	1	2226	1	0	2000	other	0
sub-14_2	30	Pulse	255	1041349	3635	0
sub-14_2	30	Response	1	1041989	4276	1
sub-14_2	31	Picture	10	1051499	0	1	2226	1	0	2000	other	0
sub-14_2	31	Pulse	255	1061349	9850	0
sub-14_2	32	Picture	70	1064117	0	1	2226	1	0	2000	other	0
sub-14_2	33	Picture	60	1078736	0	1	2226	1	0	2000	other	0
sub-14_2	33	Pulse	255	1081349	2614	0
sub-14_2	34	Picture	70	1092354	0	1	2226	1	0	2000	other	0
sub-14_2	34	Pulse	255	1101349	8995	0
sub-14_2	35	Picture	30	1105139	0	1	2226	1	0	2000	other	0
sub-14_2	36	Picture	30	1119925	0	1	2226	1	0	2000	other	0
sub-14_2	36	Pulse	255	1121349	1425	0
sub-14_2	37	Picture	70	1134543	0	1	2226	1	0	2000	other	0
sub-14_2	37	Pulse	255	1141350	6806	0
sub-14_2	38	Picture	30	1147329	0	1	2226	1	0	2000	other	0
sub-14_2	39	Picture	60	1160947	0	1	2226	1	0	2000	other	0
sub-14_2	39	Pulse	255	1161350	402	0
sub-14_2	40	Picture	60	1174566	0	1	2226	1	0	2000	other	0
sub-14_2	40	Pulse	255	1181350	6783	0
sub-14_2	41	Picture	30	1187351	0	1	2226	1	0	2000	other	0
sub-14_2	41	Pulse	255	1201350	13999	0
sub-14_2	42	Picture	60	1201970	0	1	2226	1	0	2000	other	0
sub-14_2	43	Picture	10	1216755	0	1	2226	1	0	2000	other	0
sub-14_2	43	Pulse	255	1221350	4594	0
sub-14_2	44	Picture	10	1231540	0	1	2226	1	0	2000	other	0
sub-14_2	44	Pulse	255	1241350	9809	0
sub-14_2	45	Picture	30	1246325	0	1	2227	1	0	2000	other	0
sub-14_2	46	Picture	80	1260111	0	1	2226	1	0	2000	other	0
sub-14_2	46	Pulse	255	1261350	1238	0
sub-14_2	46	Response	1	1264720	4608	1
sub-14_2	47	Picture	60	1272730	0	1	2226	1	0	2000	other	0
sub-14_2	47	Pulse	255	1281350	8620	0
sub-14_2	48	Picture	Bfix	1287349	0	1	50228	1	0	50000	other	0
sub-14_2	48	Pulse	255	1301350	14001	0
sub-14_2	48	Pulse	255	1321350	34001	0
sub-14_2	49	Picture	70	1337576	0	1	2226	1	0	2000	other	0
sub-14_2	49	Pulse	255	1341350	3774	0
sub-14_2	50	Picture	60	1350195	0	1	2226	1	0	2000	other	0
sub-14_2	50	Pulse	255	1361350	11155	0
sub-14_2	51	Picture	30	1364980	0	1	2226	1	0	2000	other	0
sub-14_2	52	Picture	70	1378598	0	1	2226	1	0	2000	other	0
sub-14_2	52	Pulse	255	1381350	2752	0
sub-14_2	53	Picture	80	1391384	0	1	2226	1	0	2000	other	0
sub-14_2	53	Response	1	1396700	5316	1
sub-14_2	53	Pulse	255	1401350	9966	0
sub-14_2	54	Picture	60	1405003	0	1	2226	1	0	2000	other	0
sub-14_2	55	Picture	60	1418622	0	1	2226	1	0	2000	other	0
sub-14_2	55	Pulse	255	1421350	2728	0
sub-14_2	56	Picture	30	1432407	0	1	2226	1	0	2000	other	0
sub-14_2	56	Pulse	255	1441350	8943	0
sub-14_2	57	Picture	10	1447193	0	1	2227	1	0	2000	other	0
sub-14_2	58	Picture	30	1460978	0	1	2226	1	0	2000	other	0
sub-14_2	58	Pulse	255	1461350	372	0
sub-14_2	59	Picture	60	1473597	0	1	2226	1	0	2000	other	0
sub-14_2	59	Pulse	255	1481350	7753	0
sub-14_2	60	Picture	60	1486215	0	1	2226	1	0	2000	other	0
sub-14_2	61	Picture	30	1499001	0	1	2226	1	0	2000	other	0
sub-14_2	61	Pulse	255	1501350	2350	0
sub-14_2	62	Picture	60	1511621	0	1	2226	1	0	2000	other	0
sub-14_2	62	Pulse	255	1521350	9729	0
sub-14_2	63	Picture	10	1524406	0	1	2226	1	0	2000	other	0
sub-14_2	64	Picture	60	1537025	0	1	2226	1	0	2000	other	0
sub-14_2	64	Pulse	255	1541350	4325	0
sub-14_2	65	Picture	70	1551644	0	1	2226	1	0	2000	other	0
sub-14_2	65	Pulse	255	1561350	9706	0
sub-14_2	66	Picture	10	1565429	0	1	2226	1	0	2000	other	0
sub-14_2	67	Picture	70	1578047	0	1	2226	1	0	2000	other	0
sub-14_2	67	Pulse	255	1581350	3303	0
sub-14_2	68	Picture	30	1590832	0	1	2226	1	0	2000	other	0
sub-14_2	68	Pulse	255	1601350	10518	0
sub-14_2	69	Picture	30	1605618	0	1	2226	1	0	2000	other	0
sub-14_2	70	Picture	60	1620236	0	1	2226	1	0	2000	other	0
sub-14_2	70	Pulse	255	1621350	1114	0
sub-14_2	71	Picture	30	1635022	0	1	2226	1	0	2000	other	0
sub-14_2	71	Pulse	255	1641350	6329	0
sub-14_2	72	Picture	30	1648807	0	1	2226	1	0	2000	other	0
sub-14_2	72	Pulse	255	1661350	12543	0
sub-14_2	73	Picture	30	1662592	0	1	2226	1	0	2000	other	0
sub-14_2	74	Picture	30	1675378	0	1	2226	1	0	2000	other	0
sub-14_2	74	Pulse	255	1681351	5973	0
sub-14_2	75	Picture	60	1688996	0	1	2226	1	0	2000	other	0
sub-14_2	75	Pulse	255	1701350	12354	0
sub-14_2	76	Picture	70	1703615	0	1	2226	1	0	2000	other	0
sub-14_2	77	Picture	60	1718234	0	1	2226	1	0	2000	other	0
sub-14_2	77	Pulse	255	1721351	3117	0
sub-14_2	78	Picture	10	1732019	0	1	2226	1	0	2000	other	0
sub-14_2	78	Pulse	255	1741350	9332	0
sub-14_2	79	Picture	Bfix	1744638	0	1	50264	1	0	50000	other	0
sub-14_2	79	Pulse	255	1761351	16713	0
sub-14_2	79	Pulse	255	1781351	36713	0
sub-14_2	80	Picture	70	1794902	0	1	2226	1	0	2000	other	0
sub-14_2	80	Pulse	255	1801351	6449	0
sub-14_2	81	Picture	10	1807687	0	1	2226	1	0	2000	other	0
sub-14_2	81	Pulse	255	1821351	13664	0
sub-14_2	82	Picture	70	1822306	0	1	2226	1	0	2000	other	0
sub-14_2	83	Picture	70	1836925	0	1	2226	1	0	2000	other	0
sub-14_2	83	Pulse	255	1841351	4426	0
sub-14_2	84	Picture	70	1850543	0	1	2226	1	0	2000	other	0
sub-14_2	84	Pulse	255	1861351	10807	0
sub-14_2	85	Picture	30	1864329	0	1	2226	1	0	2000	other	0
sub-14_2	86	Picture	70	1876948	0	1	2226	1	0	2000	other	0
sub-14_2	86	Pulse	255	1881351	4403	0
sub-14_2	87	Picture	60	1890567	0	1	2226	1	0	2000	other	0
sub-14_2	87	Pulse	255	1901351	10784	0
sub-14_2	88	Picture	10	1903519	0	1	2226	1	0	2000	other	0
sub-14_2	89	Picture	10	1916305	0	1	2226	1	0	2000	other	0
sub-14_2	89	Pulse	255	1921351	5046	0
sub-14_2	90	Picture	70	1929924	0	1	2226	1	0	2000	other	0
sub-14_2	90	Pulse	255	1941351	11427	0
sub-14_2	91	Picture	80	1942709	0	1	2226	1	0	2000	other	0
sub-14_2	91	Response	1	1947531	4822	1
sub-14_2	92	Picture	30	1955495	0	1	2226	1	0	2000	other	0
sub-14_2	92	Pulse	255	1961351	5856	0
sub-14_2	93	Picture	60	1970113	0	1	2226	1	0	2000	other	0
sub-14_2	93	Pulse	255	1981351	11238	0
sub-14_2	94	Picture	60	1984732	0	1	2226	1	0	2000	other	0
sub-14_2	95	Picture	70	1999351	0	1	2226	1	0	2000	other	0
sub-14_2	95	Pulse	255	2001341	1990	0
sub-14_2	96	Picture	10	2013136	0	1	2226	1	0	2000	other	0
sub-14_2	96	Pulse	255	2021341	8205	0
sub-14_2	97	Picture	10	2027921	0	1	2226	1	0	2000	other	0
sub-14_2	97	Pulse	255	2041341	13420	0
sub-14_2	98	Picture	10	2042707	0	1	2226	1	0	2000	other	0
sub-14_2	99	Picture	30	2055492	0	1	2226	1	0	2000	other	0
sub-14_2	99	Pulse	255	2061341	5849	0
sub-14_2	100	Picture	Bfix	2069111	0	1	50261	1	0	50000	other	0
sub-14_2	100	Pulse	255	2081341	12231	0
sub-14_2	100	Pulse	255	2101341	32231	0
sub-14_2	101	Picture	70	2119372	0	1	2226	1	0	2000	other	0
sub-14_2	101	Pulse	255	2121341	1970	0
sub-14_2	102	Picture	70	2133990	0	1	2226	1	0	2000	other	0
sub-14_2	102	Pulse	255	2141341	7351	0
sub-14_2	103	Picture	30	2146775	0	1	2226	1	0	2000	other	0
sub-14_2	104	Picture	10	2160561	0	1	2226	1	0	2000	other	0
sub-14_2	104	Pulse	255	2161341	781	0
sub-14_2	105	Picture	10	2173346	0	1	2226	1	0	2000	other	0
sub-14_2	105	Pulse	255	2181341	7996	0
sub-14_2	106	Picture	70	2185964	0	1	2226	1	0	2000	other	0
sub-14_2	107	Picture	10	2199750	0	1	2226	1	0	2000	other	0
sub-14_2	107	Pulse	255	2201342	1592	0
sub-14_2	108	Picture	10	2212535	0	1	2226	1	0	2000	other	0
sub-14_2	108	Pulse	255	2221341	8807	0
sub-14_2	109	Picture	70	2227153	0	1	2226	1	0	2000	other	0
sub-14_2	110	Picture	30	2240939	0	1	2226	1	0	2000	other	0
sub-14_2	110	Pulse	255	2241342	403	0
sub-14_2	111	Picture	Bfix	2254558	0	1	50453	1	0	50000	other	0
sub-14_2	111	Pulse	255	2261342	6784	0
sub-14_2	111	Pulse	255	2281342	26784	0
sub-14_2	111	Pulse	255	2301342	46784	0
sub-14_2	112	Picture	20	2305011	0	1	2226	1	0	2000	other	0
sub-14_2	113	Picture	20	2319796	0	1	2226	1	0	2000	other	0
sub-14_2	113	Pulse	255	2321342	1546	0
sub-14_2	114	Picture	90	2333581	0	1	2226	1	0	2000	other	0
sub-14_2	114	Pulse	255	2341342	7761	0
sub-14_2	115	Picture	40	2348366	0	1	2226	1	0	2000	other	0
sub-14_2	115	Pulse	255	2361342	12976	0
sub-14_2	116	Picture	20	2363151	0	1	2226	1	0	2000	other	0
sub-14_2	117	Picture	80	2376936	0	1	2226	1	0	2000	other	0
sub-14_2	117	Response	1	2380962	4026	1
sub-14_2	117	Pulse	255	2381341	4405	0
sub-14_2	118	Picture	20	2391721	0	1	2226	1	0	2000	other	0
sub-14_2	118	Pulse	255	2401342	9620	0
sub-14_2	119	Picture	20	2406506	0	1	2227	1	0	2000	other	0
sub-14_2	120	Picture	20	2420292	0	1	2226	1	0	2000	other	0
sub-14_2	120	Pulse	255	2421342	1050	0
sub-14_2	121	Picture	50	2434078	0	1	2226	1	0	2000	other	0
sub-14_2	121	Pulse	255	2441342	7264	0
sub-14_2	122	Picture	50	2447863	0	1	2226	1	0	2000	other	0
sub-14_2	123	Picture	20	2460649	0	1	2226	1	0	2000	other	0
sub-14_2	123	Pulse	255	2461342	693	0
sub-14_2	124	Picture	50	2474434	0	1	2226	1	0	2000	other	0
sub-14_2	124	Pulse	255	2481342	6908	0
sub-14_2	125	Picture	20	2488220	0	1	2226	1	0	2000	other	0
sub-14_2	125	Pulse	255	2501342	13122	0
sub-14_2	126	Picture	40	2502006	0	1	2226	1	0	2000	other	0
sub-14_2	127	Picture	40	2515791	0	1	2226	1	0	2000	other	0
sub-14_2	127	Pulse	255	2521342	5551	0
sub-14_2	128	Picture	50	2529576	0	1	2226	1	0	2000	other	0
sub-14_2	128	Pulse	255	2541342	11766	0
sub-14_2	129	Picture	40	2542361	0	1	2226	1	0	2000	other	0
sub-14_2	130	Picture	50	2555146	0	1	2226	1	0	2000	other	0
sub-14_2	130	Pulse	255	2561342	6196	0
sub-14_2	131	Picture	90	2568931	0	1	2226	1	0	2000	other	0
sub-14_2	131	Pulse	255	2581342	12411	0
sub-14_2	132	Picture	50	2581717	0	1	2226	1	0	2000	other	0
sub-14_2	133	Picture	40	2595502	0	1	2226	1	0	2000	other	0
sub-14_2	133	Pulse	255	2601342	5840	0
sub-14_2	134	Picture	40	2608288	0	1	2226	1	0	2000	other	0
sub-14_2	135	Picture	40	2621240	0	1	2226	1	0	2000	other	0
sub-14_2	135	Pulse	255	2621342	102	0
sub-14_2	136	Picture	50	2636026	0	1	2226	1	0	2000	other	0
sub-14_2	136	Pulse	255	2641342	5316	0
sub-14_2	137	Picture	Bfix	2648645	0	1	50453	1	0	50000	other	0
sub-14_2	137	Pulse	255	2661342	12698	0
sub-14_2	137	Pulse	255	2681342	32698	0
sub-14_2	138	Picture	50	2699098	0	1	2227	1	0	2000	other	0
sub-14_2	138	Pulse	255	2701342	2245	0
sub-14_2	139	Picture	90	2712884	0	1	2226	1	0	2000	other	0
sub-14_2	139	Pulse	255	2721342	8459	0
sub-14_2	140	Picture	20	2727835	0	1	2226	1	0	2000	other	0
sub-14_2	140	Pulse	255	2741342	13507	0
sub-14_2	141	Picture	20	2742620	0	1	2226	1	0	2000	other	0
sub-14_2	142	Picture	40	2755406	0	1	2226	1	0	2000	other	0
sub-14_2	142	Pulse	255	2761342	5936	0
sub-14_2	143	Picture	90	2769191	0	1	2226	1	0	2000	other	0
sub-14_2	143	Pulse	255	2781342	12152	0
sub-14_2	144	Picture	40	2782976	0	1	2226	1	0	2000	other	0
sub-14_2	145	Picture	50	2795761	0	1	2226	1	0	2000	other	0
sub-14_2	145	Pulse	255	2801342	5581	0
sub-14_2	146	Picture	50	2808546	0	1	2226	1	0	2000	other	0
sub-14_2	146	Pulse	255	2821343	12796	0
sub-14_2	147	Picture	80	2821498	0	1	2226	1	0	2000	other	0
sub-14_2	147	Response	1	2825413	3914	1
sub-14_2	148	Picture	40	2836284	0	1	2226	1	0	2000	other	0
sub-14_2	148	Pulse	255	2841343	5059	0
sub-14_2	149	Picture	40	2849236	0	1	2226	1	0	2000	other	0
sub-14_2	149	Pulse	255	2861343	12107	0
sub-14_2	150	Picture	90	2864021	0	1	2226	1	0	2000	other	0
sub-14_2	151	Picture	20	2878806	0	1	2226	1	0	2000	other	0
sub-14_2	151	Pulse	255	2881343	2536	0
sub-14_2	152	Picture	40	2892592	0	1	2226	1	0	2000	other	0
sub-14_2	152	Pulse	255	2901343	8751	0
sub-14_2	153	Picture	40	2905378	0	1	2226	1	0	2000	other	0
sub-14_2	154	Picture	40	2918163	0	1	2226	1	0	2000	other	0
sub-14_2	154	Pulse	255	2921343	3180	0
sub-14_2	155	Picture	90	2931948	0	1	2226	1	0	2000	other	0
sub-14_2	155	Pulse	255	2941343	9395	0
sub-14_2	156	Picture	90	2945735	0	1	2226	1	0	2000	other	0
sub-14_2	157	Picture	40	2959521	0	1	2226	1	0	2000	other	0
sub-14_2	157	Pulse	255	2961343	1822	0
sub-14_2	158	Picture	90	2974306	0	1	2226	1	0	2000	other	0
sub-14_2	158	Pulse	255	2981343	7037	0
sub-14_2	159	Picture	20	2989092	0	1	2226	1	0	2000	other	0
sub-14_2	159	Pulse	255	3001343	12251	0
sub-14_2	160	Picture	40	3003877	0	1	2226	1	0	2000	other	0
sub-14_2	161	Picture	90	3018662	0	1	2226	1	0	2000	other	0
sub-14_2	161	Pulse	255	3021343	2681	0
sub-14_2	162	Picture	80	3031447	0	1	2226	1	0	2000	other	0
sub-14_2	162	Response	1	3036323	4876	1
sub-14_2	162	Pulse	255	3041343	9896	0
sub-14_2	163	Picture	Bfix	3046066	0	1	50455	1	0	50000	other	0
sub-14_2	163	Pulse	255	3061343	15277	0
sub-14_2	163	Pulse	255	3081343	35277	0
sub-14_2	164	Picture	90	3096521	0	1	2226	1	0	2000	other	0
sub-14_2	164	Pulse	255	3101343	4823	0
sub-14_2	165	Picture	50	3109306	0	1	2226	1	0	2000	other	0
sub-14_2	165	Pulse	255	3121343	12038	0
sub-14_2	166	Picture	80	3124091	0	1	2226	1	0	2000	other	0
sub-14_2	166	Response	1	3128553	4462	1
sub-14_2	167	Picture	50	3136876	0	1	2226	1	0	2000	other	0
sub-14_2	167	Pulse	255	3141343	4467	0
sub-14_2	168	Picture	20	3150662	0	1	2226	1	0	2000	other	0
sub-14_2	168	Pulse	255	3161343	10682	0
sub-14_2	169	Picture	90	3163447	0	1	2226	1	0	2000	other	0
sub-14_2	170	Picture	20	3177232	0	1	2226	1	0	2000	other	0
sub-14_2	170	Pulse	255	3181343	4111	0
sub-14_2	171	Picture	40	3190017	0	1	2226	1	0	2000	other	0
sub-14_2	171	Pulse	255	3201343	11326	0
sub-14_2	172	Picture	90	3204803	0	1	2226	1	0	2000	other	0
sub-14_2	173	Picture	50	3219588	0	1	2226	1	0	2000	other	0
sub-14_2	173	Pulse	255	3221343	1756	0
sub-14_2	174	Picture	20	3234540	0	1	2226	1	0	2000	other	0
sub-14_2	174	Pulse	255	3241343	6803	0
sub-14_2	175	Picture	40	3248325	0	1	2226	1	0	2000	other	0
sub-14_2	175	Pulse	255	3261343	13018	0
sub-14_2	176	Picture	90	3263111	0	1	2226	1	0	2000	other	0
sub-14_2	177	Picture	50	3277897	0	1	2226	1	0	2000	other	0
sub-14_2	177	Pulse	255	3281344	3447	0
sub-14_2	178	Picture	50	3292682	0	1	2226	1	0	2000	other	0
sub-14_2	178	Pulse	255	3301344	8662	0
sub-14_2	179	Picture	20	3306467	0	1	2226	1	0	2000	other	0
sub-14_2	180	Picture	20	3320252	0	1	2226	1	0	2000	other	0
sub-14_2	180	Pulse	255	3321344	1091	0
sub-14_2	181	Picture	90	3335038	0	1	2226	1	0	2000	other	0
sub-14_2	181	Pulse	255	3341344	6306	0
sub-14_2	182	Picture	40	3347823	0	1	2226	1	0	2000	other	0
sub-14_2	182	Pulse	255	3361276	13453	68
sub-14_2	183	Picture	40	3361609	0	1	2226	1	0	2000	other	0
sub-14_2	184	Picture	50	3376394	0	1	2226	1	0	2000	other	0
sub-14_2	184	Pulse	255	3381344	4949	0
sub-14_2	185	Picture	90	3389180	0	1	2226	1	0	2000	other	0
sub-14_2	185	Pulse	255	3401344	12164	0
sub-14_2	186	Picture	50	3402965	0	1	2226	1	0	2000	other	0
sub-14_2	187	Picture	90	3417751	0	1	2226	1	0	2000	other	0
sub-14_2	187	Pulse	255	3421344	3593	0
sub-14_2	188	Picture	90	3432536	0	1	2226	1	0	2000	other	0
sub-14_2	188	Pulse	255	3441344	8808	0
sub-14_2	189	Picture	Bfix	3446155	0	1	50455	1	0	50000	other	0
sub-14_2	189	Pulse	255	3461344	15189	0
sub-14_2	189	Pulse	255	3481344	35189	0
sub-14_2	190	Picture	90	3496610	0	1	2226	1	0	2000	other	0
sub-14_2	190	Pulse	255	3501344	4734	0
sub-14_2	191	Picture	40	3509395	0	1	2226	1	0	2000	other	0
sub-14_2	191	Pulse	255	3521344	11949	0
sub-14_2	192	Picture	90	3524180	0	1	2226	1	0	2000	other	0
sub-14_2	193	Picture	50	3536966	0	1	2226	1	0	2000	other	0
sub-14_2	193	Pulse	255	3541344	4378	0
sub-14_2	194	Picture	20	3551751	0	1	2226	1	0	2000	other	0
sub-14_2	194	Pulse	255	3561344	9593	0
sub-14_2	195	Picture	90	3566537	0	1	2226	1	0	2000	other	0
sub-14_2	196	Picture	50	3580322	0	1	2226	1	0	2000	other	0
sub-14_2	196	Pulse	255	3581344	1022	0
sub-14_2	197	Picture	90	3595108	0	1	2226	1	0	2000	other	0
sub-14_2	197	Pulse	255	3601344	6236	0
sub-14_2	198	Picture	20	3607893	0	1	2226	1	0	2000	other	0
sub-14_2	199	Picture	20	3620678	0	1	2226	1	0	2000	other	0
sub-14_2	199	Pulse	255	3621344	666	0
sub-14_2	200	Picture	50	3634463	0	1	2226	1	0	2000	other	0
sub-14_2	200	Pulse	255	3641344	6881	0
sub-14_2	201	Picture	50	3649249	0	1	2226	1	0	2000	other	0
sub-14_2	201	Pulse	255	3661344	12095	0
sub-14_2	202	Picture	40	3663034	0	1	2226	1	0	2000	other	0
sub-14_2	203	Picture	80	3675820	0	1	2226	1	0	2000	other	0
sub-14_2	203	Response	1	3680054	4235	1
sub-14_2	203	Pulse	255	3681344	5524	0
sub-14_2	204	Picture	90	3690605	0	1	2226	1	0	2000	other	0
sub-14_2	204	Pulse	255	3701344	10739	0
sub-14_2	205	Picture	90	3703390	0	1	2226	1	0	2000	other	0
sub-14_2	206	Picture	90	3717176	0	1	2226	1	0	2000	other	0
sub-14_2	206	Pulse	255	3721344	4168	0
sub-14_2	207	Picture	20	3729961	0	1	2226	1	0	2000	other	0
sub-14_2	207	Pulse	255	3741344	11383	0
sub-14_2	208	Picture	90	3743746	0	1	2226	1	0	2000	other	0
sub-14_2	209	Picture	50	3758531	0	1	2226	1	0	2000	other	0
sub-14_2	209	Pulse	255	3761344	2813	0
sub-14_2	210	Picture	Bfix	3773150	0	1	50456	1	0	50000	other	0
sub-14_2	210	Pulse	255	3781344	8195	0
sub-14_2	210	Pulse	255	3801344	28195	0
sub-14_2	210	Pulse	255	3821344	48195	0
sub-14_2	211	Picture	20	3823606	0	1	2226	1	0	2000	other	0
sub-14_2	212	Picture	90	3837391	0	1	2226	1	0	2000	other	0
sub-14_2	212	Pulse	255	3841345	3953	0
sub-14_2	213	Picture	90	3850177	0	1	2226	1	0	2000	other	0
sub-14_2	213	Pulse	255	3861345	11168	0
sub-14_2	214	Picture	50	3863129	0	1	2226	1	0	2000	other	0
sub-14_2	215	Picture	40	3877915	0	1	2226	1	0	2000	other	0
sub-14_2	215	Pulse	255	3881334	3420	0
sub-14_2	216	Picture	40	3892700	0	1	2226	1	0	2000	other	0
sub-14_2	216	Pulse	255	3901335	8634	0
sub-14_2	217	Picture	20	3907486	0	1	2226	1	0	2000	other	0
sub-14_2	218	Picture	40	3920438	0	1	2226	1	0	2000	other	0
sub-14_2	218	Pulse	255	3921335	897	0
sub-14_2	219	Picture	50	3933223	0	1	2226	1	0	2000	other	0
sub-14_2	219	Pulse	255	3941335	8112	0
sub-14_2	220	Picture	50	3948008	0	1	2226	1	0	2000	other	0
sub-14_2	220	Pulse	255	3961335	13326	0
sub-14_2	221	Picture	Bfix	3962627	0	1	60226	1	0	60000	other	0
sub-14_2	221	Pulse	255	3981335	18708	0
sub-14_2	221	Pulse	255	4001335	38708	0
