Scenario - loca_visu_version2b
Logfile written - 11/21/2018 10:53:52

Subject	Trial	Event Type	Code	Time	TTime	Uncertainty	Duration	Uncertainty	ReqTime	ReqDur	Stim Type	Pair Index

sub-04_2	0	Pulse	255	538094	538094	0
sub-04_2	1	Picture	Bfix	538323	0	1	50440	1	0	50000	other	0
sub-04_2	1	Pulse	255	558094	19771	0
sub-04_2	1	Pulse	255	578094	39771	0
sub-04_2	2	Picture	20	588763	0	1	2226	1	0	2000	other	0
sub-04_2	2	Pulse	255	598094	9331	0
sub-04_2	3	Picture	20	602548	0	1	2226	1	0	2000	other	0
sub-04_2	4	Picture	90	615333	0	1	2226	1	0	2000	other	0
sub-04_2	4	Pulse	255	618094	2761	0
sub-04_2	5	Picture	40	629118	0	1	2226	1	0	2000	other	0
sub-04_2	5	Pulse	255	638094	8977	0
sub-04_2	6	Picture	20	642903	0	1	2226	1	0	2000	other	0
sub-04_2	7	Picture	80	657688	0	1	2226	1	0	2000	other	0
sub-04_2	7	Pulse	255	658094	406	0
sub-04_2	8	Picture	20	672474	0	1	2226	1	0	2000	other	0
sub-04_2	8	Pulse	255	678094	5620	0
sub-04_2	9	Picture	20	686259	0	1	2226	1	0	2000	other	0
sub-04_2	9	Pulse	255	698094	11835	0
sub-04_2	10	Picture	20	701044	0	1	2226	1	0	2000	other	0
sub-04_2	11	Picture	50	713829	0	1	2226	1	0	2000	other	0
sub-04_2	11	Pulse	255	718094	4265	0
sub-04_2	12	Picture	50	726614	0	1	2226	1	0	2000	other	0
sub-04_2	12	Pulse	255	738094	11480	0
sub-04_2	13	Picture	20	739399	0	1	2226	1	0	2000	other	0
sub-04_2	14	Picture	50	752184	0	1	2226	1	0	2000	other	0
sub-04_2	14	Pulse	255	758094	5910	0
sub-04_2	15	Picture	20	764970	0	1	2226	1	0	2000	other	0
sub-04_2	15	Pulse	255	778094	13124	0
sub-04_2	16	Picture	40	779755	0	1	2226	1	0	2000	other	0
sub-04_2	17	Picture	40	794541	0	1	2226	1	0	2000	other	0
sub-04_2	17	Pulse	255	798094	3554	0
sub-04_2	18	Picture	50	809326	0	1	2226	1	0	2000	other	0
sub-04_2	18	Pulse	255	818094	8769	0
sub-04_2	19	Picture	40	822277	0	1	2226	1	0	2000	other	0
sub-04_2	20	Picture	50	836063	0	1	2226	1	0	2000	other	0
sub-04_2	20	Pulse	255	838135	2072	0
sub-04_2	21	Picture	90	850848	0	1	2226	1	0	2000	other	0
sub-04_2	21	Pulse	255	858094	7246	0
sub-04_2	22	Picture	50	863633	0	1	2226	1	0	2000	other	0
sub-04_2	22	Pulse	255	878085	14452	10
sub-04_2	23	Picture	40	878418	0	1	2226	1	0	2000	other	0
sub-04_2	24	Picture	40	893204	0	1	2226	1	0	2000	other	0
sub-04_2	24	Pulse	255	898094	4891	0
sub-04_2	25	Picture	40	907989	0	1	2226	1	0	2000	other	0
sub-04_2	25	Pulse	255	918094	10106	0
sub-04_2	26	Picture	50	922774	0	1	2226	1	0	2000	other	0
sub-04_2	27	Picture	Bfix	937392	0	1	50447	1	0	50000	other	0
sub-04_2	27	Pulse	255	938095	702	0
sub-04_2	27	Pulse	255	958095	20702	0
sub-04_2	27	Pulse	255	978095	40703	0
sub-04_2	28	Picture	50	987840	0	1	2226	1	0	2000	other	0
sub-04_2	28	Pulse	255	998095	10255	0
sub-04_2	29	Picture	90	1000625	0	1	2226	1	0	2000	other	0
sub-04_2	30	Picture	20	1014410	0	1	2226	1	0	2000	other	0
sub-04_2	30	Pulse	255	1018095	3684	0
sub-04_2	31	Picture	20	1028195	0	1	2226	1	0	2000	other	0
sub-04_2	31	Pulse	255	1038085	9890	0
sub-04_2	32	Picture	40	1040980	0	1	2226	1	0	2000	other	0
sub-04_2	33	Picture	90	1054767	0	1	2226	1	0	2000	other	0
sub-04_2	33	Pulse	255	1058085	3318	0
sub-04_2	34	Picture	40	1069552	0	1	2226	1	0	2000	other	0
sub-04_2	34	Pulse	255	1078085	8533	0
sub-04_2	35	Picture	50	1084337	0	1	2226	1	0	2000	other	0
sub-04_2	36	Picture	50	1097122	0	1	2226	1	0	2000	other	0
sub-04_2	36	Pulse	255	1098085	962	0
sub-04_2	37	Picture	80	1110908	0	1	2226	1	0	2000	other	0
sub-04_2	37	Pulse	255	1118085	7177	0
sub-04_2	38	Picture	40	1123693	0	1	2226	1	0	2000	other	0
sub-04_2	39	Picture	40	1137478	0	1	2226	1	0	2000	other	0
sub-04_2	39	Pulse	255	1138085	607	0
sub-04_2	40	Picture	90	1152263	0	1	2226	1	0	2000	other	0
sub-04_2	40	Pulse	255	1158085	5822	0
sub-04_2	41	Picture	20	1167049	0	1	2226	1	0	2000	other	0
sub-04_2	41	Pulse	255	1178085	11036	0
sub-04_2	42	Picture	40	1180834	0	1	2226	1	0	2000	other	0
sub-04_2	43	Picture	40	1193619	0	1	2226	1	0	2000	other	0
sub-04_2	43	Pulse	255	1198085	4466	0
sub-04_2	44	Picture	40	1208404	0	1	2226	1	0	2000	other	0
sub-04_2	44	Pulse	255	1218085	9680	0
sub-04_2	45	Picture	90	1223190	0	1	2226	1	0	2000	other	0
sub-04_2	46	Picture	90	1235975	0	1	2226	1	0	2000	other	0
sub-04_2	46	Pulse	255	1238085	2110	0
sub-04_2	47	Picture	40	1248760	0	1	2226	1	0	2000	other	0
sub-04_2	47	Pulse	255	1258085	9325	0
sub-04_2	48	Picture	90	1261545	0	1	2226	1	0	2000	other	0
sub-04_2	49	Picture	20	1276331	0	1	2226	1	0	2000	other	0
sub-04_2	49	Pulse	255	1278085	1754	0
sub-04_2	50	Picture	40	1291116	0	1	2226	1	0	2000	other	0
sub-04_2	50	Pulse	255	1298085	6969	0
sub-04_2	51	Picture	90	1303901	0	1	2226	1	0	2000	other	0
sub-04_2	52	Picture	80	1316686	0	1	2226	1	0	2000	other	0
sub-04_2	52	Pulse	255	1318085	1399	0
sub-04_2	53	Picture	Bfix	1330305	0	1	50449	1	0	50000	other	0
sub-04_2	53	Pulse	255	1338085	7780	0
sub-04_2	53	Pulse	255	1358085	27780	0
sub-04_2	53	Pulse	255	1378085	47780	0
sub-04_2	54	Picture	90	1380754	0	1	2226	1	0	2000	other	0
sub-04_2	55	Picture	50	1393539	0	1	2226	1	0	2000	other	0
sub-04_2	55	Pulse	255	1398085	4546	0
sub-04_2	56	Picture	80	1408324	0	1	2226	1	0	2000	other	0
sub-04_2	56	Pulse	255	1418085	9761	0
sub-04_2	57	Picture	50	1422276	0	1	2226	1	0	2000	other	0
sub-04_2	58	Picture	20	1435061	0	1	2226	1	0	2000	other	0
sub-04_2	58	Pulse	255	1438085	3024	0
sub-04_2	59	Picture	90	1448846	0	1	2226	1	0	2000	other	0
sub-04_2	59	Pulse	255	1458085	9239	0
sub-04_2	60	Picture	20	1463631	0	1	2226	1	0	2000	other	0
sub-04_2	61	Picture	40	1476416	0	1	2226	1	0	2000	other	0
sub-04_2	61	Pulse	255	1478086	1669	0
sub-04_2	62	Picture	90	1491201	0	1	2226	1	0	2000	other	0
sub-04_2	62	Pulse	255	1498086	6884	0
sub-04_2	63	Picture	50	1505987	0	1	2226	1	0	2000	other	0
sub-04_2	63	Pulse	255	1518085	12099	0
sub-04_2	64	Picture	20	1520772	0	1	2226	1	0	2000	other	0
sub-04_2	65	Picture	40	1535557	0	1	2226	1	0	2000	other	0
sub-04_2	65	Pulse	255	1538085	2528	0
sub-04_2	66	Picture	90	1548342	0	1	2226	1	0	2000	other	0
sub-04_2	66	Pulse	255	1558085	9743	0
sub-04_2	67	Picture	50	1563128	0	1	2226	1	0	2000	other	0
sub-04_2	68	Picture	50	1577913	0	1	2226	1	0	2000	other	0
sub-04_2	68	Pulse	255	1578086	173	0
sub-04_2	69	Picture	20	1591699	0	1	2226	1	0	2000	other	0
sub-04_2	69	Pulse	255	1598086	6387	0
sub-04_2	70	Picture	20	1604483	0	1	2226	1	0	2000	other	0
sub-04_2	70	Pulse	255	1617936	13452	150
sub-04_2	71	Picture	90	1618268	0	1	2226	1	0	2000	other	0
sub-04_2	72	Picture	40	1633054	0	1	2226	1	0	2000	other	0
sub-04_2	72	Pulse	255	1638086	5032	0
sub-04_2	73	Picture	40	1645839	0	1	2226	1	0	2000	other	0
sub-04_2	73	Pulse	255	1658086	12247	0
sub-04_2	74	Picture	50	1660624	0	1	2227	1	0	2000	other	0
sub-04_2	75	Picture	90	1674577	0	1	2226	1	0	2000	other	0
sub-04_2	75	Pulse	255	1678086	3509	0
sub-04_2	76	Picture	50	1687362	0	1	2226	1	0	2000	other	0
sub-04_2	76	Pulse	255	1698086	10724	0
sub-04_2	77	Picture	90	1700147	0	1	2226	1	0	2000	other	0
sub-04_2	78	Picture	90	1713932	0	1	2226	1	0	2000	other	0
sub-04_2	78	Pulse	255	1718086	4154	0
sub-04_2	79	Picture	Bfix	1728550	0	1	50449	1	0	50000	other	0
sub-04_2	79	Pulse	255	1738086	9535	0
sub-04_2	79	Pulse	255	1758086	29535	0
sub-04_2	79	Pulse	255	1778086	49535	0
sub-04_2	80	Picture	90	1779000	0	1	2226	1	0	2000	other	0
sub-04_2	81	Picture	40	1792785	0	1	2226	1	0	2000	other	0
sub-04_2	81	Pulse	255	1798086	5301	0
sub-04_2	82	Picture	90	1806570	0	1	2226	1	0	2000	other	0
sub-04_2	82	Pulse	255	1818086	11515	0
sub-04_2	83	Picture	50	1820356	0	1	2226	1	0	2000	other	0
sub-04_2	84	Picture	20	1835141	0	1	2226	1	0	2000	other	0
sub-04_2	84	Pulse	255	1838086	2945	0
sub-04_2	85	Picture	90	1849927	0	1	2226	1	0	2000	other	0
sub-04_2	85	Pulse	255	1858086	8159	0
sub-04_2	86	Picture	50	1862711	0	1	2226	1	0	2000	other	0
sub-04_2	87	Picture	90	1876497	0	1	2226	1	0	2000	other	0
sub-04_2	87	Pulse	255	1878086	1589	0
sub-04_2	88	Picture	20	1890282	0	1	2226	1	0	2000	other	0
sub-04_2	88	Pulse	255	1898086	7804	0
sub-04_2	89	Picture	20	1905067	0	1	2226	1	0	2000	other	0
sub-04_2	90	Picture	50	1917853	0	1	2226	1	0	2000	other	0
sub-04_2	90	Pulse	255	1918086	233	0
sub-04_2	91	Picture	50	1930638	0	1	2226	1	0	2000	other	0
sub-04_2	91	Pulse	255	1938086	7449	0
sub-04_2	92	Picture	40	1945423	0	1	2226	1	0	2000	other	0
sub-04_2	92	Pulse	255	1958086	12663	0
sub-04_2	93	Picture	80	1960208	0	1	2226	1	0	2000	other	0
sub-04_2	94	Picture	90	1973993	0	1	2226	1	0	2000	other	0
sub-04_2	94	Pulse	255	1978086	4093	0
sub-04_2	95	Picture	90	1987779	0	1	2226	1	0	2000	other	0
sub-04_2	95	Pulse	255	1998086	10308	0
sub-04_2	96	Picture	90	2001564	0	1	2227	1	0	2000	other	0
sub-04_2	97	Picture	20	2015350	0	1	2226	1	0	2000	other	0
sub-04_2	97	Pulse	255	2018086	2736	0
sub-04_2	98	Picture	90	2029135	0	1	2226	1	0	2000	other	0
sub-04_2	98	Pulse	255	2038086	8951	0
sub-04_2	99	Picture	50	2042920	0	1	2226	1	0	2000	other	0
sub-04_2	100	Picture	Bfix	2055538	0	1	50458	1	0	50000	other	0
sub-04_2	100	Pulse	255	2058086	2548	0
sub-04_2	100	Pulse	255	2078086	22548	0
sub-04_2	100	Pulse	255	2098086	42548	0
sub-04_2	101	Picture	20	2105996	0	1	2226	1	0	2000	other	0
sub-04_2	101	Pulse	255	2118086	12090	0
sub-04_2	102	Picture	90	2120781	0	1	2226	1	0	2000	other	0
sub-04_2	103	Picture	90	2135566	0	1	2226	1	0	2000	other	0
sub-04_2	103	Pulse	255	2138086	2520	0
sub-04_2	104	Picture	50	2148352	0	1	2226	1	0	2000	other	0
sub-04_2	104	Pulse	255	2158086	9734	0
sub-04_2	105	Picture	40	2162137	0	1	2226	1	0	2000	other	0
sub-04_2	106	Picture	40	2176923	0	1	2226	1	0	2000	other	0
sub-04_2	106	Pulse	255	2178086	1163	0
sub-04_2	107	Picture	20	2190875	0	1	2226	1	0	2000	other	0
sub-04_2	107	Pulse	255	2198086	7211	0
sub-04_2	108	Picture	40	2205660	0	1	2226	1	0	2000	other	0
sub-04_2	108	Pulse	255	2218086	12426	0
sub-04_2	109	Picture	50	2220446	0	1	2226	1	0	2000	other	0
sub-04_2	110	Picture	50	2233231	0	1	2226	1	0	2000	other	0
sub-04_2	110	Pulse	255	2238086	4855	0
