Scenario - loca_visu_version1
Logfile written - 06/26/2018 10:16:21

Subject	Trial	Event Type	Code	Time	TTime	Uncertainty	Duration	Uncertainty	ReqTime	ReqDur	Stim Type	Pair Index

sub-12_1	0	Pulse	255	738393	738393	0
sub-12_1	1	Picture	Bfix	738621	0	1	50290	1	0	50000	other	0
sub-12_1	1	Pulse	255	758394	19772	0
sub-12_1	1	Pulse	255	778392	39771	2
sub-12_1	2	Picture	70	788912	0	1	2226	1	0	2000	other	0
sub-12_1	2	Pulse	255	798394	9482	0
sub-12_1	3	Picture	10	801863	0	1	2226	1	0	2000	other	0
sub-12_1	4	Picture	70	815482	0	1	2226	1	0	2000	other	0
sub-12_1	4	Pulse	255	818394	2913	0
sub-12_1	5	Picture	30	830433	0	1	2226	1	0	2000	other	0
sub-12_1	5	Pulse	255	838394	7960	0
sub-12_1	6	Picture	80	844385	0	1	2226	1	0	2000	other	0
sub-12_1	7	Picture	60	858003	0	1	2226	1	0	2000	other	0
sub-12_1	7	Pulse	255	858394	391	0
sub-12_1	8	Picture	60	870621	0	1	2226	1	0	2000	other	0
sub-12_1	8	Pulse	255	878394	7773	0
sub-12_1	9	Picture	70	885240	0	1	2226	1	0	2000	other	0
sub-12_1	9	Pulse	255	898394	13154	0
sub-12_1	10	Picture	70	898858	0	1	2226	1	0	2000	other	0
sub-12_1	11	Picture	70	911476	0	1	2226	1	0	2000	other	0
sub-12_1	11	Pulse	255	918394	6918	0
sub-12_1	12	Picture	30	926428	0	1	2226	1	0	2000	other	0
sub-12_1	12	Pulse	255	938394	11966	0
sub-12_1	13	Picture	10	940546	0	1	2226	1	0	2000	other	0
sub-12_1	14	Picture	30	953665	0	1	2226	1	0	2000	other	0
sub-12_1	14	Pulse	255	958394	4730	0
sub-12_1	15	Picture	30	967616	0	1	2225	1	0	2000	other	0
sub-12_1	15	Pulse	255	978394	10778	0
sub-12_1	16	Picture	70	981234	0	1	2226	1	0	2000	other	0
sub-12_1	17	Picture	80	996353	0	1	2226	1	0	2000	other	0
sub-12_1	17	Pulse	255	998425	2072	0
sub-12_1	18	Picture	70	1008971	0	1	2226	1	0	2000	other	0
sub-12_1	18	Pulse	255	1018394	9423	0
sub-12_1	19	Picture	10	1023923	0	1	2226	1	0	2000	other	0
sub-12_1	20	Picture	70	1036541	0	1	2225	1	0	2000	other	0
sub-12_1	20	Pulse	255	1038394	1853	0
sub-12_1	21	Picture	10	1051659	0	1	2226	1	0	2000	other	0
sub-12_1	21	Pulse	255	1058394	6735	0
sub-12_1	22	Picture	60	1064278	0	1	2226	1	0	2000	other	0
sub-12_1	22	Pulse	255	1078394	14117	0
sub-12_1	23	Picture	30	1079230	0	1	2226	1	0	2000	other	0
sub-12_1	24	Picture	60	1093848	0	1	2226	1	0	2000	other	0
sub-12_1	24	Pulse	255	1098394	4547	0
sub-12_1	25	Picture	10	1106799	0	1	2226	1	0	2000	other	0
sub-12_1	25	Pulse	255	1118394	11595	0
sub-12_1	26	Picture	30	1119751	0	1	2226	1	0	2000	other	0
sub-12_1	27	Picture	Bfix	1133370	0	1	50261	1	0	50000	other	0
sub-12_1	27	Pulse	255	1138394	5025	0
sub-12_1	27	Pulse	255	1158394	25025	0
sub-12_1	27	Pulse	255	1178395	45025	0
sub-12_1	28	Picture	60	1183631	0	1	2226	1	0	2000	other	0
sub-12_1	29	Picture	70	1196249	0	1	2226	1	0	2000	other	0
sub-12_1	29	Pulse	255	1198395	2146	0
sub-12_1	30	Picture	30	1209200	0	1	2226	1	0	2000	other	0
sub-12_1	30	Pulse	255	1218395	9195	0
sub-12_1	31	Picture	10	1222985	0	1	2226	1	0	2000	other	0
sub-12_1	32	Picture	60	1236603	0	1	2225	1	0	2000	other	0
sub-12_1	32	Pulse	255	1238395	1792	0
sub-12_1	33	Picture	10	1251554	0	1	2226	1	0	2000	other	0
sub-12_1	33	Pulse	255	1258395	6840	0
sub-12_1	34	Picture	60	1266173	0	1	2226	1	0	2000	other	0
sub-12_1	34	Pulse	255	1278395	12222	0
sub-12_1	35	Picture	10	1281124	0	1	2226	1	0	2000	other	0
sub-12_1	36	Picture	10	1296243	0	1	2226	1	0	2000	other	0
sub-12_1	36	Pulse	255	1298395	2152	0
sub-12_1	37	Picture	10	1309361	0	1	2226	1	0	2000	other	0
sub-12_1	37	Pulse	255	1318395	9033	0
sub-12_1	38	Picture	60	1322980	0	1	2226	1	0	2000	other	0
sub-12_1	39	Picture	30	1337932	0	1	2226	1	0	2000	other	0
sub-12_1	39	Pulse	255	1338395	463	0
sub-12_1	40	Picture	80	1350883	0	1	2226	1	0	2000	other	0
sub-12_1	40	Pulse	255	1358395	7512	0
sub-12_1	41	Picture	10	1366002	0	1	2226	1	0	2000	other	0
sub-12_1	41	Pulse	255	1378395	12393	0
sub-12_1	42	Picture	70	1380620	0	1	2226	1	0	2000	other	0
sub-12_1	43	Picture	10	1393738	0	1	2226	1	0	2000	other	0
sub-12_1	43	Pulse	255	1398395	4657	0
sub-12_1	44	Picture	10	1408690	0	1	2226	1	0	2000	other	0
sub-12_1	44	Pulse	255	1418395	9705	0
sub-12_1	45	Picture	10	1422808	0	1	2226	1	0	2000	other	0
sub-12_1	46	Picture	60	1436427	0	1	2226	1	0	2000	other	0
sub-12_1	46	Pulse	255	1438395	1969	0
sub-12_1	47	Picture	70	1451045	0	1	2226	1	0	2000	other	0
sub-12_1	47	Pulse	255	1458395	7351	0
sub-12_1	48	Picture	Bfix	1465663	0	1	50605	1	0	50000	other	0
sub-12_1	48	Pulse	255	1478395	12732	0
sub-12_1	48	Pulse	255	1498395	32732	0
sub-12_1	49	Picture	10	1516268	0	1	2226	1	0	2000	other	0
sub-12_1	49	Pulse	255	1518395	2127	0
sub-12_1	50	Picture	30	1530386	0	1	2226	1	0	2000	other	0
sub-12_1	50	Pulse	255	1538395	8009	0
sub-12_1	51	Picture	60	1543005	0	1	2226	1	0	2000	other	0
sub-12_1	52	Picture	60	1555623	0	1	2226	1	0	2000	other	0
sub-12_1	52	Pulse	255	1558396	2773	0
sub-12_1	53	Picture	70	1570241	0	1	2226	1	0	2000	other	0
sub-12_1	53	Pulse	255	1578396	8155	0
sub-12_1	54	Picture	70	1582859	0	1	2226	1	0	2000	other	0
sub-12_1	55	Picture	30	1596811	0	1	2226	1	0	2000	other	0
sub-12_1	55	Pulse	255	1598396	1585	0
sub-12_1	56	Picture	10	1610596	0	1	2226	1	0	2000	other	0
sub-12_1	56	Pulse	255	1618395	7800	0
sub-12_1	57	Picture	30	1623547	0	1	2226	1	0	2000	other	0
sub-12_1	57	Pulse	255	1638397	14850	0
sub-12_1	58	Picture	30	1638499	0	1	2225	1	0	2000	other	0
sub-12_1	59	Picture	30	1653784	0	1	2226	1	0	2000	other	0
sub-12_1	59	Pulse	255	1658386	4602	0
sub-12_1	60	Picture	10	1667735	0	1	2226	1	0	2000	other	0
sub-12_1	60	Pulse	255	1678386	10650	0
sub-12_1	61	Picture	30	1680854	0	1	2226	1	0	2000	other	0
sub-12_1	62	Picture	10	1694805	0	1	2226	1	0	2000	other	0
sub-12_1	62	Pulse	255	1698386	3580	0
sub-12_1	63	Picture	60	1709424	0	1	2226	1	0	2000	other	0
sub-12_1	63	Pulse	255	1718386	8962	0
sub-12_1	64	Picture	60	1722042	0	1	2226	1	0	2000	other	0
sub-12_1	65	Picture	30	1736827	0	1	2226	1	0	2000	other	0
sub-12_1	65	Pulse	255	1738386	1559	0
sub-12_1	66	Picture	30	1751945	0	1	2226	1	0	2000	other	0
sub-12_1	66	Pulse	255	1758386	6441	0
sub-12_1	67	Picture	60	1766563	0	1	2226	1	0	2000	other	0
sub-12_1	67	Pulse	255	1778386	11823	0
sub-12_1	68	Picture	30	1780515	0	1	2226	1	0	2000	other	0
sub-12_1	69	Picture	70	1795133	0	1	2226	1	0	2000	other	0
sub-12_1	69	Pulse	255	1798386	3253	0
sub-12_1	70	Picture	60	1808751	0	1	2226	1	0	2000	other	0
sub-12_1	70	Pulse	255	1818386	9635	0
sub-12_1	71	Picture	80	1821703	0	1	2226	1	0	2000	other	0
sub-12_1	72	Picture	60	1834321	0	1	2226	1	0	2000	other	0
sub-12_1	72	Pulse	255	1838386	4065	0
sub-12_1	73	Picture	10	1847272	0	1	2226	1	0	2000	other	0
sub-12_1	73	Pulse	255	1858386	11114	0
sub-12_1	74	Picture	30	1860224	0	1	2226	1	0	2000	other	0
sub-12_1	75	Picture	60	1872842	0	1	2226	1	0	2000	other	0
sub-12_1	75	Pulse	255	1878386	5544	0
sub-12_1	76	Picture	70	1885460	0	1	2226	1	0	2000	other	0
sub-12_1	76	Pulse	255	1898386	12926	0
sub-12_1	77	Picture	30	1899411	0	1	2226	1	0	2000	other	0
sub-12_1	78	Picture	10	1913197	0	1	2226	1	0	2000	other	0
sub-12_1	78	Pulse	255	1918386	5189	0
sub-12_1	79	Picture	Bfix	1926815	0	1	50767	1	0	50000	other	0
sub-12_1	79	Pulse	255	1938386	11571	0
sub-12_1	79	Pulse	255	1958386	31571	0
sub-12_1	80	Picture	10	1977582	0	1	2226	1	0	2000	other	0
sub-12_1	80	Pulse	255	1978386	804	0
sub-12_1	81	Picture	30	1992534	0	1	2226	1	0	2000	other	0
sub-12_1	81	Pulse	255	1998386	5852	0
sub-12_1	82	Picture	60	2007152	0	1	2226	1	0	2000	other	0
sub-12_1	82	Pulse	255	2018386	11234	0
sub-12_1	83	Picture	70	2021771	0	1	2226	1	0	2000	other	0
sub-12_1	84	Picture	70	2034389	0	1	2226	1	0	2000	other	0
sub-12_1	84	Pulse	255	2038386	3998	0
sub-12_1	85	Picture	30	2047341	0	1	2226	1	0	2000	other	0
sub-12_1	85	Pulse	255	2058386	11046	0
sub-12_1	86	Picture	70	2060959	0	1	2225	1	0	2000	other	0
sub-12_1	87	Picture	10	2074910	0	1	2226	1	0	2000	other	0
sub-12_1	87	Pulse	255	2078386	3476	0
sub-12_1	88	Picture	60	2089529	0	1	2226	1	0	2000	other	0
sub-12_1	88	Pulse	255	2098387	8858	0
sub-12_1	89	Picture	30	2102647	0	1	2226	1	0	2000	other	0
sub-12_1	90	Picture	60	2115265	0	1	2226	1	0	2000	other	0
sub-12_1	90	Pulse	255	2118386	3121	1
sub-12_1	91	Picture	70	2127883	0	1	2226	1	0	2000	other	0
sub-12_1	91	Pulse	255	2138387	10503	0
sub-12_1	92	Picture	60	2142502	0	1	2226	1	0	2000	other	0
sub-12_1	93	Picture	30	2157454	0	1	2226	1	0	2000	other	0
sub-12_1	93	Pulse	255	2158386	933	0
sub-12_1	94	Picture	60	2172072	0	1	2226	1	0	2000	other	0
sub-12_1	94	Pulse	255	2178387	6315	0
sub-12_1	95	Picture	70	2186690	0	1	2226	1	0	2000	other	0
sub-12_1	95	Pulse	255	2198387	11696	0
sub-12_1	96	Picture	60	2201308	0	1	2226	1	0	2000	other	0
sub-12_1	97	Picture	70	2215870	0	1	2226	1	0	2000	other	0
sub-12_1	97	Pulse	255	2218387	2517	0
sub-12_1	98	Picture	70	2230488	0	1	2226	1	0	2000	other	0
sub-12_1	98	Pulse	255	2238387	7898	0
sub-12_1	99	Picture	60	2243107	0	1	2226	1	0	2000	other	0
sub-12_1	100	Picture	Bfix	2257725	0	1	50255	1	0	50000	other	0
sub-12_1	100	Pulse	255	2258387	662	0
sub-12_1	100	Pulse	255	2278387	20662	0
sub-12_1	100	Pulse	255	2298387	40662	0
sub-12_1	101	Picture	60	2307981	0	1	2226	1	0	2000	other	0
sub-12_1	101	Pulse	255	2318387	10406	0
sub-12_1	102	Picture	70	2320598	0	1	2226	1	0	2000	other	0
sub-12_1	103	Picture	70	2334217	0	1	2226	1	0	2000	other	0
sub-12_1	103	Pulse	255	2338387	4170	0
sub-12_1	104	Picture	10	2349168	0	1	2226	1	0	2000	other	0
sub-12_1	104	Pulse	255	2358387	9219	0
sub-12_1	105	Picture	80	2363287	0	1	2226	1	0	2000	other	0
sub-12_1	106	Picture	10	2378238	0	1	2226	1	0	2000	other	0
sub-12_1	106	Pulse	255	2378387	149	0
sub-12_1	107	Picture	10	2393190	0	1	2226	1	0	2000	other	0
sub-12_1	107	Pulse	255	2398387	5197	0
sub-12_1	108	Picture	30	2406142	0	1	2226	1	0	2000	other	0
sub-12_1	108	Pulse	255	2418387	12245	0
sub-12_1	109	Picture	30	2419927	0	1	2226	1	0	2000	other	0
sub-12_1	110	Picture	30	2433878	0	1	2226	1	0	2000	other	0
sub-12_1	110	Pulse	255	2438387	4509	0
sub-12_1	111	Picture	Bfix	2448497	0	1	50461	1	0	50000	other	0
sub-12_1	111	Pulse	255	2458388	9891	0
sub-12_1	111	Pulse	255	2478387	29890	0
sub-12_1	111	Pulse	255	2498387	49890	0
sub-12_1	112	Picture	40	2498958	0	1	2226	1	0	2000	other	0
sub-12_1	113	Picture	20	2513909	0	1	2226	1	0	2000	other	0
sub-12_1	113	Pulse	255	2518387	4478	0
sub-12_1	114	Picture	50	2526694	0	1	2226	1	0	2000	other	0
sub-12_1	114	Pulse	255	2538387	11693	0
sub-12_1	115	Picture	20	2540646	0	1	2226	1	0	2000	other	0
sub-12_1	116	Picture	40	2555597	0	1	2226	1	0	2000	other	0
sub-12_1	116	Pulse	255	2558387	2790	0
sub-12_1	117	Picture	80	2568382	0	1	2226	1	0	2000	other	0
sub-12_1	117	Pulse	255	2578387	10005	0
sub-12_1	118	Picture	90	2581167	0	1	2226	1	0	2000	other	0
sub-12_1	119	Picture	40	2594119	0	1	2226	1	0	2000	other	0
sub-12_1	119	Pulse	255	2598387	4268	0
sub-12_1	120	Picture	90	2608071	0	1	2226	1	0	2000	other	0
sub-12_1	120	Pulse	255	2618387	10317	0
sub-12_1	121	Picture	90	2623022	0	1	2226	1	0	2000	other	0
sub-12_1	122	Picture	90	2635807	0	1	2226	1	0	2000	other	0
sub-12_1	122	Pulse	255	2638387	2580	0
sub-12_1	123	Picture	90	2648759	0	1	2226	1	0	2000	other	0
sub-12_1	123	Pulse	255	2658388	9629	0
sub-12_1	124	Picture	20	2662711	0	1	2226	1	0	2000	other	0
sub-12_1	125	Picture	50	2676663	0	1	2226	1	0	2000	other	0
sub-12_1	125	Pulse	255	2678388	1725	0
sub-12_1	126	Picture	40	2691614	0	1	2226	1	0	2000	other	0
sub-12_1	126	Pulse	255	2698388	6774	0
sub-12_1	127	Picture	40	2704399	0	1	2226	1	0	2000	other	0
sub-12_1	128	Picture	40	2718184	0	1	2226	1	0	2000	other	0
sub-12_1	128	Pulse	255	2718388	204	0
sub-12_1	129	Picture	50	2733136	0	1	2226	1	0	2000	other	0
sub-12_1	129	Pulse	255	2738388	5252	0
sub-12_1	130	Picture	40	2748088	0	1	2226	1	0	2000	other	0
sub-12_1	130	Pulse	255	2758388	10300	0
sub-12_1	131	Picture	90	2762040	0	1	2226	1	0	2000	other	0
sub-12_1	132	Picture	40	2774991	0	1	2226	1	0	2000	other	0
sub-12_1	132	Pulse	255	2778388	3397	0
sub-12_1	133	Picture	20	2789110	0	1	2226	1	0	2000	other	0
sub-12_1	133	Pulse	255	2798388	9278	0
sub-12_1	134	Picture	20	2802228	0	1	2226	1	0	2000	other	0
sub-12_1	135	Picture	90	2817117	0	1	2226	1	0	2000	other	0
sub-12_1	135	Pulse	255	2818388	1271	0
sub-12_1	136	Picture	50	2832235	0	1	2226	1	0	2000	other	0
sub-12_1	136	Pulse	255	2838388	6153	0
sub-12_1	137	Picture	Bfix	2845853	0	1	50623	1	0	50000	other	0
sub-12_1	137	Pulse	255	2858388	12535	0
sub-12_1	137	Pulse	255	2878388	32534	0
sub-12_1	138	Picture	90	2896476	0	1	2226	1	0	2000	other	0
sub-12_1	138	Pulse	255	2898388	1912	0
sub-12_1	139	Picture	50	2911428	0	1	2226	1	0	2000	other	0
sub-12_1	139	Pulse	255	2918388	6960	0
sub-12_1	140	Picture	20	2924380	0	1	2226	1	0	2000	other	0
sub-12_1	141	Picture	90	2937331	0	1	2226	1	0	2000	other	0
sub-12_1	141	Pulse	255	2938388	1056	0
sub-12_1	142	Picture	90	2950116	0	1	2226	1	0	2000	other	0
sub-12_1	142	Pulse	255	2958388	8272	0
sub-12_1	143	Picture	90	2964069	0	1	2226	1	0	2000	other	0
sub-12_1	144	Picture	50	2978020	0	1	2226	1	0	2000	other	0
sub-12_1	144	Pulse	255	2978388	368	0
sub-12_1	145	Picture	40	2990806	0	1	2226	1	0	2000	other	0
sub-12_1	145	Pulse	255	2998388	7583	0
sub-12_1	146	Picture	90	3004757	0	1	2226	1	0	2000	other	0
sub-12_1	146	Pulse	255	3018209	13452	180
sub-12_1	147	Picture	40	3018709	0	1	2225	1	0	2000	other	0
sub-12_1	148	Picture	40	3031660	0	1	2226	1	0	2000	other	0
sub-12_1	148	Pulse	255	3038388	6728	0
sub-12_1	149	Picture	90	3046612	0	1	2226	1	0	2000	other	0
sub-12_1	149	Pulse	255	3058389	11777	0
sub-12_1	150	Picture	20	3060397	0	1	2226	1	0	2000	other	0
sub-12_1	151	Picture	80	3074182	0	1	2226	1	0	2000	other	0
sub-12_1	151	Pulse	255	3078388	4206	0
sub-12_1	152	Picture	50	3087134	0	1	2226	1	0	2000	other	0
sub-12_1	152	Pulse	255	3098388	11255	0
sub-12_1	153	Picture	50	3101085	0	1	2226	1	0	2000	other	0
sub-12_1	154	Picture	20	3116037	0	1	2226	1	0	2000	other	0
sub-12_1	154	Pulse	255	3118389	2352	0
sub-12_1	155	Picture	80	3129822	0	1	2226	1	0	2000	other	0
sub-12_1	155	Pulse	255	3138389	8566	0
sub-12_1	156	Picture	90	3144940	0	1	2226	1	0	2000	other	0
sub-12_1	157	Picture	80	3157726	0	1	2226	1	0	2000	other	0
sub-12_1	157	Pulse	255	3158389	663	0
sub-12_1	158	Picture	90	3172511	0	1	2226	1	0	2000	other	0
sub-12_1	158	Pulse	255	3178389	5878	0
sub-12_1	159	Picture	20	3187462	0	1	2225	1	0	2000	other	0
sub-12_1	159	Pulse	255	3198389	10926	0
sub-12_1	160	Picture	40	3201414	0	1	2226	1	0	2000	other	0
sub-12_1	161	Picture	50	3214366	0	1	2226	1	0	2000	other	0
sub-12_1	161	Pulse	255	3218389	4023	0
sub-12_1	162	Picture	90	3227318	0	1	2226	1	0	2000	other	0
sub-12_1	162	Pulse	255	3238389	11072	0
sub-12_1	163	Picture	Bfix	3240936	0	1	50226	1	0	50000	other	0
sub-12_1	163	Pulse	255	3258389	17453	0
sub-12_1	163	Pulse	255	3278389	37453	0
sub-12_1	164	Picture	40	3291828	0	1	2226	1	0	2000	other	0
sub-12_1	164	Pulse	255	3298390	6561	0
sub-12_1	165	Picture	20	3306780	0	1	2226	1	0	2000	other	0
sub-12_1	165	Pulse	255	3318389	11609	0
sub-12_1	166	Picture	40	3321565	0	1	2226	1	0	2000	other	0
sub-12_1	167	Picture	20	3335350	0	1	2226	1	0	2000	other	0
sub-12_1	167	Pulse	255	3338389	3038	0
sub-12_1	168	Picture	20	3348302	0	1	2226	1	0	2000	other	0
sub-12_1	168	Pulse	255	3358389	10087	0
sub-12_1	169	Picture	50	3362254	0	1	2226	1	0	2000	other	0
sub-12_1	170	Picture	20	3377206	0	1	2226	1	0	2000	other	0
sub-12_1	170	Pulse	255	3378389	1184	0
sub-12_1	171	Picture	20	3391157	0	1	2226	1	0	2000	other	0
sub-12_1	171	Pulse	255	3398389	7232	0
sub-12_1	172	Picture	40	3404109	0	1	2226	1	0	2000	other	0
sub-12_1	172	Pulse	255	3418410	14301	0
sub-12_1	173	Picture	40	3418894	0	1	2226	1	0	2000	other	0
sub-12_1	174	Picture	90	3431845	0	1	2226	1	0	2000	other	0
sub-12_1	174	Pulse	255	3438389	6544	0
sub-12_1	175	Picture	50	3444797	0	1	2226	1	0	2000	other	0
sub-12_1	175	Pulse	255	3458249	13452	140
sub-12_1	176	Picture	50	3458749	0	1	2226	1	0	2000	other	0
sub-12_1	177	Picture	40	3471701	0	1	2226	1	0	2000	other	0
sub-12_1	177	Pulse	255	3478389	6689	0
sub-12_1	178	Picture	90	3486486	0	1	2226	1	0	2000	other	0
sub-12_1	178	Pulse	255	3498389	11904	0
sub-12_1	179	Picture	40	3499437	0	1	2226	1	0	2000	other	0
sub-12_1	180	Picture	40	3513389	0	1	2226	1	0	2000	other	0
sub-12_1	180	Pulse	255	3518389	5000	0
sub-12_1	181	Picture	50	3528340	0	1	2226	1	0	2000	other	0
sub-12_1	181	Pulse	255	3538389	10049	0
sub-12_1	182	Picture	20	3542293	0	1	2226	1	0	2000	other	0
sub-12_1	183	Picture	90	3555244	0	1	2226	1	0	2000	other	0
sub-12_1	183	Pulse	255	3558389	3145	0
sub-12_1	184	Picture	20	3570196	0	1	2226	1	0	2000	other	0
sub-12_1	184	Pulse	255	3578389	8193	0
sub-12_1	185	Picture	20	3584148	0	1	2226	1	0	2000	other	0
sub-12_1	186	Picture	50	3597100	0	1	2226	1	0	2000	other	0
sub-12_1	186	Pulse	255	3598389	1289	0
sub-12_1	187	Picture	50	3610051	0	1	2226	1	0	2000	other	0
sub-12_1	187	Pulse	255	3618389	8338	0
sub-12_1	188	Picture	50	3623003	0	1	2226	1	0	2000	other	0
sub-12_1	189	Picture	Bfix	3637621	0	1	50654	1	0	50000	other	0
sub-12_1	189	Pulse	255	3638389	768	0
sub-12_1	189	Pulse	255	3658390	20768	0
sub-12_1	189	Pulse	255	3678390	40768	0
sub-12_1	190	Picture	40	3688275	0	1	2226	1	0	2000	other	0
sub-12_1	190	Pulse	255	3698390	10115	0
sub-12_1	191	Picture	50	3702226	0	1	2226	1	0	2000	other	0
sub-12_1	192	Picture	20	3717345	0	1	2225	1	0	2000	other	0
sub-12_1	192	Pulse	255	3718390	1045	0
sub-12_1	193	Picture	90	3730296	0	1	2226	1	0	2000	other	0
sub-12_1	193	Pulse	255	3738390	8093	0
sub-12_1	194	Picture	40	3743248	0	1	2226	1	0	2000	other	0
sub-12_1	195	Picture	20	3756199	0	1	2226	1	0	2000	other	0
sub-12_1	195	Pulse	255	3758390	2191	0
sub-12_1	196	Picture	50	3771151	0	1	2226	1	0	2000	other	0
sub-12_1	196	Pulse	255	3778390	7239	0
sub-12_1	197	Picture	90	3785103	0	1	2226	1	0	2000	other	0
sub-12_1	197	Pulse	255	3798390	13287	0
sub-12_1	198	Picture	90	3800055	0	1	2226	1	0	2000	other	0
sub-12_1	199	Picture	50	3814006	0	1	2226	1	0	2000	other	0
sub-12_1	199	Pulse	255	3818380	4373	0
sub-12_1	200	Picture	90	3826958	0	1	2226	1	0	2000	other	0
sub-12_1	200	Pulse	255	3838380	11422	0
sub-12_1	201	Picture	20	3840910	0	1	2226	1	0	2000	other	0
sub-12_1	202	Picture	20	3855861	0	1	2226	1	0	2000	other	0
sub-12_1	202	Pulse	255	3858380	2519	0
sub-12_1	203	Picture	50	3868813	0	1	2226	1	0	2000	other	0
sub-12_1	203	Pulse	255	3878380	9567	0
sub-12_1	204	Picture	90	3882765	0	1	2226	1	0	2000	other	0
sub-12_1	205	Picture	50	3897717	0	1	2226	1	0	2000	other	0
sub-12_1	205	Pulse	255	3898380	663	0
sub-12_1	206	Picture	40	3910668	0	1	2226	1	0	2000	other	0
sub-12_1	206	Pulse	255	3918380	7711	1
sub-12_1	207	Picture	90	3923453	0	1	2226	1	0	2000	other	0
sub-12_1	207	Pulse	255	3938381	14927	0
sub-12_1	208	Picture	50	3938405	0	1	2226	1	0	2000	other	0
sub-12_1	209	Picture	40	3951357	0	1	2226	1	0	2000	other	0
sub-12_1	209	Pulse	255	3958380	7023	0
sub-12_1	210	Picture	Bfix	3965975	0	1	50615	1	0	50000	other	0
sub-12_1	210	Pulse	255	3978380	12405	0
sub-12_1	210	Pulse	255	3998380	32405	0
sub-12_1	211	Picture	90	4016590	0	1	2226	1	0	2000	other	0
sub-12_1	211	Pulse	255	4018380	1790	0
sub-12_1	212	Picture	40	4030542	0	1	2226	1	0	2000	other	0
sub-12_1	212	Pulse	255	4038380	7838	0
sub-12_1	213	Picture	20	4043494	0	1	2226	1	0	2000	other	0
sub-12_1	214	Picture	90	4056612	0	1	2226	1	0	2000	other	0
sub-12_1	214	Pulse	255	4058380	1768	0
sub-12_1	215	Picture	20	4069730	0	1	2226	1	0	2000	other	0
sub-12_1	215	Pulse	255	4078380	8650	0
sub-12_1	216	Picture	50	4082515	0	1	2226	1	0	2000	other	0
sub-12_1	217	Picture	40	4096300	0	1	2226	1	0	2000	other	0
sub-12_1	217	Pulse	255	4098381	2081	0
sub-12_1	218	Picture	80	4109085	0	1	2226	1	0	2000	other	0
sub-12_1	218	Pulse	255	4118381	9296	0
sub-12_1	219	Picture	50	4122036	0	1	2226	1	0	2000	other	0
sub-12_1	220	Picture	50	4136822	0	1	2226	1	0	2000	other	0
sub-12_1	220	Pulse	255	4138381	1559	0
sub-12_1	221	Picture	Bfix	4151440	0	1	72166	1	0	60000	other	0
sub-12_1	221	Pulse	255	4158381	6940	0
sub-12_1	221	Pulse	255	4178381	26940	0
