Scenario - loca_visu_version2b
Logfile written - 07/16/2018 14:54:43

Subject	Trial	Event Type	Code	Time	TTime	Uncertainty	Duration	Uncertainty	ReqTime	ReqDur	Stim Type	Pair Index

sub-06_2	0	Pulse	255	574301	574301	0
sub-06_2	1	Picture	Bfix	574529	0	1	50450	1	0	50000	other	0
sub-06_2	1	Pulse	255	594301	19771	0
sub-06_2	1	Pulse	255	614300	39771	0
sub-06_2	2	Picture	20	624980	0	1	2226	1	0	2000	other	0
sub-06_2	2	Pulse	255	634302	9322	0
sub-06_2	3	Picture	20	637932	0	1	2226	1	0	2000	other	0
sub-06_2	4	Picture	90	651717	0	1	2226	1	0	2000	other	0
sub-06_2	4	Pulse	255	654301	2585	0
sub-06_2	5	Picture	40	666502	0	1	2226	1	0	2000	other	0
sub-06_2	5	Pulse	255	674301	7799	0
sub-06_2	6	Picture	20	680287	0	1	2226	1	0	2000	other	0
sub-06_2	6	Pulse	255	694301	14014	0
sub-06_2	7	Picture	80	695072	0	1	2226	1	0	2000	other	0
sub-06_2	8	Picture	20	709857	0	1	2226	1	0	2000	other	0
sub-06_2	8	Pulse	255	714300	4443	0
sub-06_2	9	Picture	20	722642	0	1	2226	1	0	2000	other	0
sub-06_2	9	Pulse	255	734301	11659	0
sub-06_2	10	Picture	20	736427	0	1	2226	1	0	2000	other	0
sub-06_2	11	Picture	50	749212	0	1	2226	1	0	2000	other	0
sub-06_2	11	Pulse	255	754301	5089	0
sub-06_2	12	Picture	50	763996	0	1	2226	1	0	2000	other	0
sub-06_2	12	Pulse	255	774302	10305	0
sub-06_2	13	Picture	20	778781	0	1	2226	1	0	2000	other	0
sub-06_2	14	Picture	50	791566	0	1	2226	1	0	2000	other	0
sub-06_2	14	Pulse	255	794301	2735	0
sub-06_2	15	Picture	20	805351	0	1	2226	1	0	2000	other	0
sub-06_2	15	Pulse	255	814301	8949	0
sub-06_2	16	Picture	40	820136	0	1	2226	1	0	2000	other	0
sub-06_2	16	Pulse	255	834301	14165	0
sub-06_2	17	Picture	40	834921	0	1	2226	1	0	2000	other	0
sub-06_2	18	Picture	50	848706	0	1	2226	1	0	2000	other	0
sub-06_2	18	Pulse	255	854302	5595	0
sub-06_2	19	Picture	40	862491	0	1	2226	1	0	2000	other	0
sub-06_2	19	Pulse	255	874291	11800	0
sub-06_2	20	Picture	50	875276	0	1	2226	1	0	2000	other	0
sub-06_2	21	Picture	90	889061	0	1	2226	1	0	2000	other	0
sub-06_2	21	Pulse	255	894292	5230	0
sub-06_2	22	Picture	50	903846	0	1	2226	1	0	2000	other	0
sub-06_2	22	Pulse	255	914292	10445	0
sub-06_2	23	Picture	40	918632	0	1	2226	1	0	2000	other	0
sub-06_2	24	Picture	40	931417	0	1	2226	1	0	2000	other	0
sub-06_2	24	Pulse	255	934292	2875	0
sub-06_2	25	Picture	40	945202	0	1	2226	1	0	2000	other	0
sub-06_2	25	Pulse	255	954292	9090	0
sub-06_2	26	Picture	50	957987	0	1	2226	1	0	2000	other	0
sub-06_2	27	Picture	Bfix	972605	0	1	50452	1	0	50000	other	0
sub-06_2	27	Pulse	255	974293	1687	0
sub-06_2	27	Pulse	255	994292	21686	0
sub-06_2	27	Pulse	255	1014293	41687	0
sub-06_2	28	Picture	50	1023057	0	1	2226	1	0	2000	other	0
sub-06_2	28	Pulse	255	1034292	11234	0
sub-06_2	29	Picture	90	1035842	0	1	2226	1	0	2000	other	0
sub-06_2	30	Picture	20	1048627	0	1	2226	1	0	2000	other	0
sub-06_2	30	Pulse	255	1054292	5665	0
sub-06_2	31	Picture	20	1063412	0	1	2225	1	0	2000	other	0
sub-06_2	31	Pulse	255	1074291	10879	0
sub-06_2	32	Picture	40	1076197	0	1	2226	1	0	2000	other	0
sub-06_2	33	Picture	90	1090981	0	1	2226	1	0	2000	other	0
sub-06_2	33	Pulse	255	1094293	3311	0
sub-06_2	34	Picture	40	1104766	0	1	2226	1	0	2000	other	0
sub-06_2	34	Pulse	255	1114291	9525	0
sub-06_2	35	Picture	50	1117553	0	1	2226	1	0	2000	other	0
sub-06_2	36	Picture	50	1131338	0	1	2226	1	0	2000	other	0
sub-06_2	36	Pulse	255	1134292	2955	0
sub-06_2	37	Picture	80	1144123	0	1	2225	1	0	2000	other	0
sub-06_2	37	Pulse	255	1154293	10170	0
sub-06_2	38	Picture	40	1157907	0	1	2226	1	0	2000	other	0
sub-06_2	39	Picture	40	1170692	0	1	2226	1	0	2000	other	0
sub-06_2	39	Pulse	255	1174293	3601	0
sub-06_2	40	Picture	90	1185477	0	1	2226	1	0	2000	other	0
sub-06_2	40	Pulse	255	1194292	8814	0
sub-06_2	41	Picture	20	1200262	0	1	2225	1	0	2000	other	0
sub-06_2	41	Pulse	255	1214293	14031	0
sub-06_2	42	Picture	40	1215047	0	1	2226	1	0	2000	other	0
sub-06_2	43	Picture	40	1228832	0	1	2226	1	0	2000	other	0
sub-06_2	43	Pulse	255	1234292	5461	0
sub-06_2	44	Picture	40	1243617	0	1	2226	1	0	2000	other	0
sub-06_2	44	Pulse	255	1254293	10676	0
sub-06_2	45	Picture	90	1258402	0	1	2226	1	0	2000	other	0
sub-06_2	46	Picture	90	1273187	0	1	2220	1	0	2000	other	0
sub-06_2	46	Pulse	255	1274293	1106	0
sub-06_2	47	Picture	40	1287967	0	1	2225	1	0	2000	other	0
sub-06_2	47	Pulse	255	1294292	6326	0
sub-06_2	48	Picture	90	1302751	0	1	2226	1	0	2000	other	0
sub-06_2	48	Pulse	255	1314293	11541	0
sub-06_2	49	Picture	20	1315536	0	1	2226	1	0	2000	other	0
sub-06_2	50	Picture	40	1330321	0	1	2226	1	0	2000	other	0
sub-06_2	50	Pulse	255	1334293	3971	0
sub-06_2	51	Picture	90	1344106	0	1	2226	1	0	2000	other	0
sub-06_2	51	Pulse	255	1354293	10186	0
sub-06_2	52	Picture	80	1358891	0	1	2226	1	0	2000	other	0
sub-06_2	53	Picture	Bfix	1371509	0	1	50226	1	0	50000	other	0
sub-06_2	53	Pulse	255	1374293	2783	0
sub-06_2	53	Pulse	255	1394294	22785	0
sub-06_2	53	Pulse	255	1414293	42784	0
sub-06_2	54	Picture	90	1422235	0	1	2226	1	0	2000	other	0
sub-06_2	54	Pulse	255	1434293	12058	0
sub-06_2	55	Picture	50	1435020	0	1	2226	1	0	2000	other	0
sub-06_2	56	Picture	80	1449805	0	1	2226	1	0	2000	other	0
sub-06_2	56	Pulse	255	1454293	4488	0
sub-06_2	57	Picture	50	1464590	0	1	2226	1	0	2000	other	0
sub-06_2	57	Pulse	255	1474293	9703	0
sub-06_2	58	Picture	20	1479375	0	1	2226	1	0	2000	other	0
sub-06_2	59	Picture	90	1494160	0	1	2226	1	0	2000	other	0
sub-06_2	59	Pulse	255	1494292	132	0
sub-06_2	60	Picture	20	1507946	0	1	2226	1	0	2000	other	0
sub-06_2	60	Pulse	255	1514293	6347	0
sub-06_2	61	Picture	40	1520730	0	1	2226	1	0	2000	other	0
sub-06_2	61	Pulse	255	1534182	13452	111
sub-06_2	62	Picture	90	1534515	0	1	2226	1	0	2000	other	0
sub-06_2	63	Picture	50	1549301	0	1	2226	1	0	2000	other	0
sub-06_2	63	Pulse	255	1554293	4992	0
sub-06_2	64	Picture	20	1562085	0	1	2226	1	0	2000	other	0
sub-06_2	64	Pulse	255	1574293	12208	0
sub-06_2	65	Picture	40	1576870	0	1	2226	1	0	2000	other	0
sub-06_2	66	Picture	90	1589655	0	1	2226	1	0	2000	other	0
sub-06_2	66	Pulse	255	1594293	4638	0
sub-06_2	67	Picture	50	1602440	0	1	2226	1	0	2000	other	0
sub-06_2	67	Pulse	255	1614294	11854	0
sub-06_2	68	Picture	50	1617225	0	1	2226	1	0	2000	other	0
sub-06_2	69	Picture	20	1632010	0	1	2226	1	0	2000	other	0
sub-06_2	69	Pulse	255	1634293	2283	0
sub-06_2	70	Picture	20	1644795	0	1	2226	1	0	2000	other	0
sub-06_2	70	Pulse	255	1654293	9499	0
sub-06_2	71	Picture	90	1657580	0	1	2226	1	0	2000	other	0
sub-06_2	72	Picture	40	1672365	0	1	2226	1	0	2000	other	0
sub-06_2	72	Pulse	255	1674294	1929	0
sub-06_2	73	Picture	40	1685149	0	1	2226	1	0	2000	other	0
sub-06_2	73	Pulse	255	1694294	9144	0
sub-06_2	74	Picture	50	1699934	0	1	2226	1	0	2000	other	0
sub-06_2	75	Picture	90	1713719	0	1	2226	1	0	2000	other	0
sub-06_2	75	Pulse	255	1714294	575	0
sub-06_2	76	Picture	50	1726504	0	1	2226	1	0	2000	other	0
sub-06_2	76	Pulse	255	1734294	7789	0
sub-06_2	77	Picture	90	1740289	0	1	2226	1	0	2000	other	0
sub-06_2	78	Picture	90	1754075	0	1	2226	1	0	2000	other	0
sub-06_2	78	Pulse	255	1754294	219	0
sub-06_2	79	Picture	Bfix	1768693	0	1	50226	1	0	50000	other	0
sub-06_2	79	Pulse	255	1774294	5601	0
sub-06_2	79	Pulse	255	1794294	25602	0
sub-06_2	79	Pulse	255	1814294	45601	0
sub-06_2	80	Picture	90	1819252	0	1	2226	1	0	2000	other	0
sub-06_2	81	Picture	40	1833037	0	1	2226	1	0	2000	other	0
sub-06_2	81	Pulse	255	1834294	1257	0
sub-06_2	82	Picture	90	1845821	0	1	2226	1	0	2000	other	0
sub-06_2	82	Pulse	255	1854294	8472	0
sub-06_2	83	Picture	50	1858606	0	1	2226	1	0	2000	other	0
sub-06_2	84	Picture	20	1873392	0	1	2167	1	0	2000	other	0
sub-06_2	84	Pulse	255	1874294	902	0
sub-06_2	85	Picture	90	1888118	0	1	2226	1	0	2000	other	0
sub-06_2	85	Pulse	255	1894294	6176	0
sub-06_2	86	Picture	50	1902903	0	1	2226	1	0	2000	other	0
sub-06_2	86	Pulse	255	1914294	11391	0
sub-06_2	87	Picture	90	1917689	0	1	2226	1	0	2000	other	0
sub-06_2	88	Picture	20	1931474	0	1	2226	1	0	2000	other	0
sub-06_2	88	Pulse	255	1934295	2821	0
sub-06_2	89	Picture	20	1945258	0	1	2226	1	0	2000	other	0
sub-06_2	89	Pulse	255	1954295	9037	0
sub-06_2	90	Picture	50	1959043	0	1	2226	1	0	2000	other	0
sub-06_2	91	Picture	50	1971828	0	1	2226	1	0	2000	other	0
sub-06_2	91	Pulse	255	1974295	2467	0
sub-06_2	92	Picture	40	1986613	0	1	2226	1	0	2000	other	0
sub-06_2	92	Pulse	255	1994294	7681	0
sub-06_2	93	Picture	80	2001398	0	1	2226	1	0	2000	other	0
sub-06_2	93	Pulse	255	2014295	12896	0
sub-06_2	94	Picture	90	2016183	0	1	2226	1	0	2000	other	0
sub-06_2	95	Picture	90	2030135	0	1	2226	1	0	2000	other	0
sub-06_2	95	Pulse	255	2034295	4160	0
sub-06_2	96	Picture	90	2044920	0	1	2225	1	0	2000	other	0
sub-06_2	96	Pulse	255	2054295	9375	0
sub-06_2	97	Picture	20	2058705	0	1	2226	1	0	2000	other	0
sub-06_2	98	Picture	90	2072489	0	1	2226	1	0	2000	other	0
sub-06_2	98	Pulse	255	2074294	1805	0
sub-06_2	99	Picture	50	2087274	0	1	2226	1	0	2000	other	0
sub-06_2	99	Pulse	255	2094295	7021	0
sub-06_2	100	Picture	Bfix	2099893	0	1	50451	1	0	50000	other	0
sub-06_2	100	Pulse	255	2114295	14401	0
sub-06_2	100	Pulse	255	2134294	34401	0
sub-06_2	101	Picture	20	2150344	0	1	2226	1	0	2000	other	0
sub-06_2	101	Pulse	255	2154294	3950	0
sub-06_2	102	Picture	90	2165129	0	1	2226	1	0	2000	other	0
sub-06_2	102	Pulse	255	2174295	9166	0
sub-06_2	103	Picture	90	2179914	0	1	2226	1	0	2000	other	0
sub-06_2	104	Picture	50	2192699	0	1	2226	1	0	2000	other	0
sub-06_2	104	Pulse	255	2194295	1595	0
sub-06_2	105	Picture	40	2206484	0	1	2226	1	0	2000	other	0
sub-06_2	105	Pulse	255	2214295	7811	0
sub-06_2	106	Picture	40	2220269	0	1	2226	1	0	2000	other	0
sub-06_2	106	Pulse	255	2234294	14025	0
sub-06_2	107	Picture	20	2235054	0	1	2226	1	0	2000	other	0
sub-06_2	108	Picture	40	2247839	0	1	2226	1	0	2000	other	0
sub-06_2	108	Pulse	255	2254294	6455	0
sub-06_2	109	Picture	50	2261624	0	1	2226	1	0	2000	other	0
sub-06_2	109	Pulse	255	2274298	12674	0
sub-06_2	110	Picture	50	2274409	0	1	2226	1	0	2000	other	0
