Scenario - loca_visu_version1bis
Logfile written - 06/26/2018 10:52:16

Subject	Trial	Event Type	Code	Time	TTime	Uncertainty	Duration	Uncertainty	ReqTime	ReqDur	Stim Type	Pair Index

sub-12_2	0	Pulse	255	734734	734734	0
sub-12_2	1	Picture	Bfix	734962	0	1	50453	1	0	50000	other	0
sub-12_2	1	Pulse	255	754734	19772	0
sub-12_2	1	Pulse	255	774734	39772	0
sub-12_2	2	Picture	10	785415	0	1	2226	1	0	2000	other	0
sub-12_2	2	Pulse	255	794734	9319	0
sub-12_2	3	Picture	30	800200	0	1	2226	1	0	2000	other	0
sub-12_2	4	Picture	60	813819	0	1	2226	1	0	2000	other	0
sub-12_2	4	Pulse	255	814734	915	0
sub-12_2	5	Picture	60	827437	0	1	2226	1	0	2000	other	0
sub-12_2	5	Pulse	255	834734	7297	0
sub-12_2	6	Picture	10	842222	0	1	2226	1	0	2000	other	0
sub-12_2	6	Pulse	255	854734	12512	0
sub-12_2	7	Picture	60	856840	0	1	2226	1	0	2000	other	0
sub-12_2	8	Picture	10	870625	0	1	2226	1	0	2000	other	0
sub-12_2	8	Pulse	255	874734	4109	0
sub-12_2	9	Picture	60	884243	0	1	2226	1	0	2000	other	0
sub-12_2	9	Pulse	255	894734	10491	0
sub-12_2	10	Picture	60	897861	0	1	2226	1	0	2000	other	0
sub-12_2	11	Picture	30	912647	0	1	2226	1	0	2000	other	0
sub-12_2	11	Pulse	255	914735	2088	0
sub-12_2	12	Picture	10	926432	0	1	2226	1	0	2000	other	0
sub-12_2	12	Pulse	255	934734	8303	0
sub-12_2	13	Picture	60	940050	0	1	2226	1	0	2000	other	0
sub-12_2	14	Picture	30	952835	0	1	2226	1	0	2000	other	0
sub-12_2	14	Pulse	255	954734	1899	0
sub-12_2	15	Picture	70	966453	0	1	2226	1	0	2000	other	0
sub-12_2	15	Pulse	255	974734	8281	0
sub-12_2	16	Picture	10	981238	0	1	2226	1	0	2000	other	0
sub-12_2	16	Pulse	255	994734	13496	0
sub-12_2	17	Picture	80	996023	0	1	2226	1	0	2000	other	0
sub-12_2	18	Picture	70	1008641	0	1	2226	1	0	2000	other	0
sub-12_2	18	Pulse	255	1014735	6093	0
sub-12_2	19	Picture	30	1023426	0	1	2226	1	0	2000	other	0
sub-12_2	19	Pulse	255	1034735	11308	0
sub-12_2	20	Picture	30	1036211	0	1	2167	1	0	2000	other	0
sub-12_2	21	Picture	60	1050771	0	1	2226	1	0	2000	other	0
sub-12_2	21	Pulse	255	1054735	3964	0
sub-12_2	22	Picture	70	1065389	0	1	2226	1	0	2000	other	0
sub-12_2	22	Pulse	255	1074735	9346	0
sub-12_2	23	Picture	70	1079007	0	1	2225	1	0	2000	other	0
sub-12_2	24	Picture	10	1092792	0	1	2226	1	0	2000	other	0
sub-12_2	24	Pulse	255	1094735	1943	0
sub-12_2	25	Picture	10	1106577	0	1	2226	1	0	2000	other	0
sub-12_2	25	Pulse	255	1114735	8158	0
sub-12_2	26	Picture	30	1120362	0	1	2226	1	0	2000	other	0
sub-12_2	27	Picture	Bfix	1133980	0	1	50266	1	0	50000	other	0
sub-12_2	27	Pulse	255	1134735	754	0
sub-12_2	27	Pulse	255	1154735	20755	0
sub-12_2	27	Pulse	255	1174735	40755	0
sub-12_2	28	Picture	70	1184246	0	1	2226	1	0	2000	other	0
sub-12_2	28	Pulse	255	1194735	10489	0
sub-12_2	29	Picture	10	1197031	0	1	2226	1	0	2000	other	0
sub-12_2	30	Picture	80	1209816	0	1	2226	1	0	2000	other	0
sub-12_2	30	Pulse	255	1214735	4919	0
sub-12_2	31	Picture	10	1222601	0	1	2226	1	0	2000	other	0
sub-12_2	31	Pulse	255	1234735	12134	0
sub-12_2	32	Picture	70	1237219	0	1	2226	1	0	2000	other	0
sub-12_2	33	Picture	60	1250838	0	1	2226	1	0	2000	other	0
sub-12_2	33	Pulse	255	1254735	3897	0
sub-12_2	34	Picture	70	1263456	0	1	2226	1	0	2000	other	0
sub-12_2	34	Pulse	255	1274735	11279	0
sub-12_2	35	Picture	30	1276241	0	1	2226	1	0	2000	other	0
sub-12_2	36	Picture	30	1289026	0	1	2226	1	0	2000	other	0
sub-12_2	36	Pulse	255	1294735	5709	0
sub-12_2	37	Picture	70	1303644	0	1	2226	1	0	2000	other	0
sub-12_2	37	Pulse	255	1314735	11091	0
sub-12_2	38	Picture	30	1318429	0	1	2226	1	0	2000	other	0
sub-12_2	39	Picture	60	1331047	0	1	2226	1	0	2000	other	0
sub-12_2	39	Pulse	255	1334735	3689	0
sub-12_2	40	Picture	60	1345665	0	1	2226	1	0	2000	other	0
sub-12_2	40	Pulse	255	1354736	9071	0
sub-12_2	41	Picture	30	1360450	0	1	2226	1	0	2000	other	0
sub-12_2	41	Pulse	255	1374755	14306	0
sub-12_2	42	Picture	60	1375069	0	1	2225	1	0	2000	other	0
sub-12_2	43	Picture	10	1388853	0	1	2226	1	0	2000	other	0
sub-12_2	43	Pulse	255	1394735	5882	0
sub-12_2	44	Picture	10	1403638	0	1	2226	1	0	2000	other	0
sub-12_2	44	Pulse	255	1414735	11097	0
sub-12_2	45	Picture	30	1416423	0	1	2226	1	0	2000	other	0
sub-12_2	46	Picture	80	1430208	0	1	2226	1	0	2000	other	0
sub-12_2	46	Pulse	255	1434736	4528	0
sub-12_2	47	Picture	60	1442826	0	1	2226	1	0	2000	other	0
sub-12_2	47	Pulse	255	1454736	11910	0
sub-12_2	48	Picture	Bfix	1455444	0	1	50228	1	0	50000	other	0
sub-12_2	48	Pulse	255	1474736	19292	0
sub-12_2	48	Pulse	255	1494736	39291	0
sub-12_2	49	Picture	70	1505673	0	1	2226	1	0	2000	other	0
sub-12_2	49	Pulse	255	1514736	9063	0
sub-12_2	50	Picture	60	1518291	0	1	2226	1	0	2000	other	0
sub-12_2	51	Picture	30	1533243	0	1	2226	1	0	2000	other	0
sub-12_2	51	Pulse	255	1534736	1493	0
sub-12_2	52	Picture	70	1547861	0	1	2226	1	0	2000	other	0
sub-12_2	52	Pulse	255	1554736	6874	0
sub-12_2	53	Picture	80	1560646	0	1	2226	1	0	2000	other	0
sub-12_2	53	Pulse	255	1574736	14090	0
sub-12_2	54	Picture	60	1575264	0	1	2226	1	0	2000	other	0
sub-12_2	55	Picture	60	1587882	0	1	2226	1	0	2000	other	0
sub-12_2	55	Pulse	255	1594736	6854	0
sub-12_2	56	Picture	30	1601667	0	1	2226	1	0	2000	other	0
sub-12_2	56	Pulse	255	1614736	13069	0
sub-12_2	57	Picture	10	1615452	0	1	2226	1	0	2000	other	0
sub-12_2	58	Picture	30	1628237	0	1	2226	1	0	2000	other	0
sub-12_2	58	Pulse	255	1634736	6499	0
sub-12_2	59	Picture	60	1642855	0	1	2226	1	0	2000	other	0
sub-12_2	59	Pulse	255	1654735	11880	0
sub-12_2	60	Picture	60	1657474	0	1	2226	1	0	2000	other	0
sub-12_2	61	Picture	30	1670425	0	1	2226	1	0	2000	other	0
sub-12_2	61	Pulse	255	1674736	4311	0
sub-12_2	62	Picture	60	1684044	0	1	2226	1	0	2000	other	0
sub-12_2	62	Pulse	255	1694736	10692	0
sub-12_2	63	Picture	10	1696828	0	1	2226	1	0	2000	other	0
sub-12_2	64	Picture	60	1709446	0	1	2227	1	0	2000	other	0
sub-12_2	64	Pulse	255	1714726	5280	0
sub-12_2	65	Picture	70	1724065	0	1	2226	1	0	2000	other	0
sub-12_2	65	Pulse	255	1734726	10661	0
sub-12_2	66	Picture	10	1737850	0	1	2226	1	0	2000	other	0
sub-12_2	67	Picture	70	1752468	0	1	2226	1	0	2000	other	0
sub-12_2	67	Pulse	255	1754727	2259	0
sub-12_2	68	Picture	30	1766253	0	1	2226	1	0	2000	other	0
sub-12_2	68	Pulse	255	1774726	8473	0
sub-12_2	69	Picture	30	1779038	0	1	2226	1	0	2000	other	0
sub-12_2	70	Picture	60	1791656	0	1	2226	1	0	2000	other	0
sub-12_2	70	Pulse	255	1794726	3070	0
sub-12_2	71	Picture	30	1805441	0	1	2226	1	0	2000	other	0
sub-12_2	71	Pulse	255	1814726	9285	0
sub-12_2	72	Picture	30	1820226	0	1	2226	1	0	2000	other	0
sub-12_2	73	Picture	30	1833011	0	1	2226	1	0	2000	other	0
sub-12_2	73	Pulse	255	1834727	1716	0
sub-12_2	74	Picture	30	1846795	0	1	2226	1	0	2000	other	0
sub-12_2	74	Pulse	255	1854726	7931	0
sub-12_2	75	Picture	60	1861414	0	1	2226	1	0	2000	other	0
sub-12_2	75	Pulse	255	1874727	13313	0
sub-12_2	76	Picture	70	1875032	0	1	2226	1	0	2000	other	0
sub-12_2	77	Picture	60	1888650	0	1	2226	1	0	2000	other	0
sub-12_2	77	Pulse	255	1894726	6076	0
sub-12_2	78	Picture	10	1902435	0	1	2226	1	0	2000	other	0
sub-12_2	78	Pulse	255	1914737	12302	0
sub-12_2	79	Picture	Bfix	1915053	0	1	50263	1	0	50000	other	0
sub-12_2	79	Pulse	255	1934727	19673	0
sub-12_2	79	Pulse	255	1954727	39673	0
sub-12_2	80	Picture	70	1965317	0	1	2226	1	0	2000	other	0
sub-12_2	80	Pulse	255	1974727	9410	0
sub-12_2	81	Picture	10	1978102	0	1	2226	1	0	2000	other	0
sub-12_2	82	Picture	70	1990720	0	1	2226	1	0	2000	other	0
sub-12_2	82	Pulse	255	1994727	4007	0
sub-12_2	83	Picture	70	2004338	0	1	2226	1	0	2000	other	0
sub-12_2	83	Pulse	255	2014727	10389	0
sub-12_2	84	Picture	70	2018956	0	1	2226	1	0	2000	other	0
sub-12_2	85	Picture	30	2032741	0	1	2226	1	0	2000	other	0
sub-12_2	85	Pulse	255	2034727	1986	0
sub-12_2	86	Picture	70	2045359	0	1	2226	1	0	2000	other	0
sub-12_2	86	Pulse	255	2054727	9368	0
sub-12_2	87	Picture	60	2058977	0	1	2226	1	0	2000	other	0
sub-12_2	88	Picture	10	2071762	0	1	2226	1	0	2000	other	0
sub-12_2	88	Pulse	255	2074727	2965	0
sub-12_2	89	Picture	10	2086547	0	1	2226	1	0	2000	other	0
sub-12_2	89	Pulse	255	2094727	8180	0
sub-12_2	90	Picture	70	2101166	0	1	2226	1	0	2000	other	0
sub-12_2	91	Picture	80	2113951	0	1	2226	1	0	2000	other	0
sub-12_2	91	Pulse	255	2114727	776	0
sub-12_2	92	Picture	30	2126736	0	1	2226	1	0	2000	other	0
sub-12_2	92	Pulse	255	2134727	7991	0
sub-12_2	93	Picture	60	2141354	0	1	2226	1	0	2000	other	0
sub-12_2	94	Picture	60	2153972	0	1	2226	1	0	2000	other	0
sub-12_2	94	Pulse	255	2154727	755	0
sub-12_2	95	Picture	70	2166590	0	1	2226	1	0	2000	other	0
sub-12_2	95	Pulse	255	2174727	8137	0
sub-12_2	96	Picture	10	2181542	0	1	2226	1	0	2000	other	0
sub-12_2	96	Pulse	255	2194727	13185	0
sub-12_2	97	Picture	10	2195327	0	1	2226	1	0	2000	other	0
sub-12_2	98	Picture	10	2209112	0	1	2226	1	0	2000	other	0
sub-12_2	98	Pulse	255	2214727	5615	0
sub-12_2	99	Picture	30	2222897	0	1	2226	1	0	2000	other	0
sub-12_2	99	Pulse	255	2234727	11831	0
sub-12_2	100	Picture	Bfix	2237413	0	1	50261	1	0	50000	other	0
sub-12_2	100	Pulse	255	2254727	17314	0
sub-12_2	100	Pulse	255	2274727	37314	0
sub-12_2	101	Picture	70	2287674	0	1	2226	1	0	2000	other	0
sub-12_2	101	Pulse	255	2294728	7054	0
sub-12_2	102	Picture	70	2300292	0	1	2226	1	0	2000	other	0
sub-12_2	103	Picture	30	2314244	0	1	2226	1	0	2000	other	0
sub-12_2	103	Pulse	255	2314727	483	0
sub-12_2	104	Picture	10	2329029	0	1	2226	1	0	2000	other	0
sub-12_2	104	Pulse	255	2334727	5698	0
sub-12_2	105	Picture	10	2342814	0	1	2226	1	0	2000	other	0
sub-12_2	105	Pulse	255	2354727	11913	0
sub-12_2	106	Picture	70	2355432	0	1	2226	1	0	2000	other	0
sub-12_2	107	Picture	10	2370217	0	1	2226	1	0	2000	other	0
sub-12_2	107	Pulse	255	2374727	4510	0
sub-12_2	108	Picture	10	2384002	0	1	2226	1	0	2000	other	0
sub-12_2	108	Pulse	255	2394728	10726	0
sub-12_2	109	Picture	70	2397620	0	1	2226	1	0	2000	other	0
sub-12_2	110	Picture	30	2411405	0	1	2226	1	0	2000	other	0
sub-12_2	110	Pulse	255	2414727	3322	0
sub-12_2	111	Picture	Bfix	2425024	0	1	50453	1	0	50000	other	0
sub-12_2	111	Pulse	255	2434727	9704	0
sub-12_2	111	Pulse	255	2454728	29704	0
sub-12_2	111	Pulse	255	2474727	49704	0
sub-12_2	112	Picture	20	2475476	0	1	2226	1	0	2000	other	0
sub-12_2	113	Picture	20	2490428	0	1	2226	1	0	2000	other	0
sub-12_2	113	Pulse	255	2494727	4300	0
sub-12_2	114	Picture	90	2504213	0	1	2226	1	0	2000	other	0
sub-12_2	114	Pulse	255	2514728	10515	0
sub-12_2	115	Picture	40	2517998	0	1	2226	1	0	2000	other	0
sub-12_2	116	Picture	20	2531783	0	1	2226	1	0	2000	other	0
sub-12_2	116	Pulse	255	2534727	2944	0
sub-12_2	117	Picture	80	2545567	0	1	2226	1	0	2000	other	0
sub-12_2	117	Pulse	255	2554728	9160	0
sub-12_2	118	Picture	20	2559353	0	1	2226	1	0	2000	other	0
sub-12_2	119	Picture	20	2573138	0	1	2226	1	0	2000	other	0
sub-12_2	119	Pulse	255	2574728	1590	0
sub-12_2	120	Picture	20	2587922	0	1	2226	1	0	2000	other	0
sub-12_2	120	Pulse	255	2594728	6806	0
sub-12_2	121	Picture	50	2600707	0	1	2226	1	0	2000	other	0
sub-12_2	122	Picture	50	2613493	0	1	2226	1	0	2000	other	0
sub-12_2	122	Pulse	255	2614728	1235	0
sub-12_2	123	Picture	20	2628278	0	1	2226	1	0	2000	other	0
sub-12_2	123	Pulse	255	2634728	6450	0
sub-12_2	124	Picture	50	2643062	0	1	2226	1	0	2000	other	0
sub-12_2	124	Pulse	255	2654729	11666	0
sub-12_2	125	Picture	20	2655847	0	1	2228	1	0	2000	other	0
sub-12_2	126	Picture	40	2668635	0	1	2226	1	0	2000	other	0
sub-12_2	126	Pulse	255	2674728	6093	0
sub-12_2	127	Picture	40	2683420	0	1	2226	1	0	2000	other	0
sub-12_2	127	Pulse	255	2694728	11308	0
sub-12_2	128	Picture	50	2696205	0	1	2226	1	0	2000	other	0
sub-12_2	129	Picture	40	2708990	0	1	2226	1	0	2000	other	0
sub-12_2	129	Pulse	255	2714728	5737	0
sub-12_2	130	Picture	50	2723775	0	1	2226	1	0	2000	other	0
sub-12_2	130	Pulse	255	2734728	10953	0
sub-12_2	131	Picture	90	2736560	0	1	2226	1	0	2000	other	0
sub-12_2	132	Picture	50	2750345	0	1	2226	1	0	2000	other	0
sub-12_2	132	Pulse	255	2754728	4383	0
sub-12_2	133	Picture	40	2764130	0	1	2226	1	0	2000	other	0
sub-12_2	133	Pulse	255	2774728	10598	0
sub-12_2	134	Picture	40	2777915	0	1	2226	1	0	2000	other	0
sub-12_2	135	Picture	40	2792699	0	1	2225	1	0	2000	other	0
sub-12_2	135	Pulse	255	2794757	2057	0
sub-12_2	136	Picture	50	2806651	0	1	2226	1	0	2000	other	0
sub-12_2	136	Pulse	255	2814728	8078	0
sub-12_2	137	Picture	Bfix	2819270	0	1	50452	1	0	50000	other	0
sub-12_2	137	Pulse	255	2834729	15459	0
sub-12_2	137	Pulse	255	2854728	35459	0
sub-12_2	138	Picture	50	2869722	0	1	2226	1	0	2000	other	0
sub-12_2	138	Pulse	255	2874728	5006	0
sub-12_2	139	Picture	90	2882507	0	1	2226	1	0	2000	other	0
sub-12_2	139	Pulse	255	2894728	12221	0
sub-12_2	140	Picture	20	2895292	0	1	2226	1	0	2000	other	0
sub-12_2	141	Picture	20	2910077	0	1	2226	1	0	2000	other	0
sub-12_2	141	Pulse	255	2914729	4651	0
sub-12_2	142	Picture	40	2923863	0	1	2226	1	0	2000	other	0
sub-12_2	142	Pulse	255	2934728	10866	0
sub-12_2	143	Picture	90	2937647	0	1	2226	1	0	2000	other	0
sub-12_2	144	Picture	40	2950432	0	1	2226	1	0	2000	other	0
sub-12_2	144	Pulse	255	2954728	4296	0
sub-12_2	145	Picture	50	2965217	0	1	2226	1	0	2000	other	0
sub-12_2	145	Pulse	255	2974729	9511	0
sub-12_2	146	Picture	50	2978002	0	1	2226	1	0	2000	other	0
sub-12_2	147	Picture	80	2990787	0	1	2226	1	0	2000	other	0
sub-12_2	147	Pulse	255	2994729	3941	0
sub-12_2	148	Picture	40	3005572	0	1	2226	1	0	2000	other	0
sub-12_2	148	Pulse	255	3014728	9156	1
sub-12_2	149	Picture	40	3018357	0	1	2226	1	0	2000	other	0
sub-12_2	150	Picture	90	3031142	0	1	2226	1	0	2000	other	0
sub-12_2	150	Pulse	255	3034729	3587	0
sub-12_2	151	Picture	20	3044927	0	1	2226	1	0	2000	other	0
sub-12_2	151	Pulse	255	3054729	9802	0
sub-12_2	152	Picture	40	3057712	0	1	2226	1	0	2000	other	0
sub-12_2	153	Picture	40	3071497	0	1	2226	1	0	2000	other	0
sub-12_2	153	Pulse	255	3074729	3233	0
sub-12_2	154	Picture	40	3084448	0	1	2226	1	0	2000	other	0
sub-12_2	154	Pulse	255	3094729	10281	0
sub-12_2	155	Picture	90	3097233	0	1	2226	1	0	2000	other	0
sub-12_2	156	Picture	90	3111018	0	1	2226	1	0	2000	other	0
sub-12_2	156	Pulse	255	3114729	3711	0
sub-12_2	157	Picture	40	3123803	0	1	2226	1	0	2000	other	0
sub-12_2	157	Pulse	255	3134729	10926	0
sub-12_2	158	Picture	90	3136588	0	1	2226	1	0	2000	other	0
sub-12_2	159	Picture	20	3151373	0	1	2226	1	0	2000	other	0
sub-12_2	159	Pulse	255	3154729	3356	0
sub-12_2	160	Picture	40	3165158	0	1	2226	1	0	2000	other	0
sub-12_2	160	Pulse	255	3174729	9571	0
sub-12_2	161	Picture	90	3178943	0	1	2226	1	0	2000	other	0
sub-12_2	162	Picture	80	3193728	0	1	2226	1	0	2000	other	0
sub-12_2	162	Pulse	255	3194729	1001	0
sub-12_2	163	Picture	Bfix	3206346	0	1	50226	1	0	50000	other	0
sub-12_2	163	Pulse	255	3214729	8383	0
sub-12_2	163	Pulse	255	3234729	28383	0
sub-12_2	163	Pulse	255	3254729	48383	0
sub-12_2	164	Picture	90	3256905	0	1	2226	1	0	2000	other	0
sub-12_2	165	Picture	50	3270690	0	1	2226	1	0	2000	other	0
sub-12_2	165	Pulse	255	3274729	4040	0
sub-12_2	166	Picture	80	3283475	0	1	2226	1	0	2000	other	0
sub-12_2	166	Pulse	255	3294729	11254	0
sub-12_2	167	Picture	50	3297260	0	1	2226	1	0	2000	other	0
sub-12_2	168	Picture	20	3311045	0	1	2226	1	0	2000	other	0
sub-12_2	168	Pulse	255	3314729	3684	0
sub-12_2	169	Picture	90	3323830	0	1	2226	1	0	2000	other	0
sub-12_2	169	Pulse	255	3334729	10899	0
sub-12_2	170	Picture	20	3336615	0	1	2226	1	0	2000	other	0
sub-12_2	171	Picture	40	3351400	0	1	2226	1	0	2000	other	0
sub-12_2	171	Pulse	255	3354730	3330	0
sub-12_2	172	Picture	90	3366185	0	1	2226	1	0	2000	other	0
sub-12_2	172	Pulse	255	3374730	8545	0
sub-12_2	173	Picture	50	3379970	0	1	2226	1	0	2000	other	0
sub-12_2	173	Pulse	255	3394730	14760	0
sub-12_2	174	Picture	20	3394755	0	1	2226	1	0	2000	other	0
sub-12_2	175	Picture	40	3408540	0	1	2226	1	0	2000	other	0
sub-12_2	175	Pulse	255	3414730	6190	0
sub-12_2	176	Picture	90	3423325	0	1	2226	1	0	2000	other	0
sub-12_2	176	Pulse	255	3434730	11405	0
sub-12_2	177	Picture	50	3436110	0	1	2167	1	0	2000	other	0
sub-12_2	178	Picture	50	3448836	0	1	2226	1	0	2000	other	0
sub-12_2	178	Pulse	255	3454730	5894	0
sub-12_2	179	Picture	20	3463621	0	1	2226	1	0	2000	other	0
sub-12_2	179	Pulse	255	3474730	11109	0
sub-12_2	180	Picture	20	3477406	0	1	2226	1	0	2000	other	0
sub-12_2	181	Picture	90	3491191	0	1	2226	1	0	2000	other	0
sub-12_2	181	Pulse	255	3494730	3539	0
sub-12_2	182	Picture	40	3503976	0	1	2226	1	0	2000	other	0
sub-12_2	182	Pulse	255	3514730	10754	0
sub-12_2	183	Picture	40	3517761	0	1	2226	1	0	2000	other	0
sub-12_2	184	Picture	50	3531546	0	1	2226	1	0	2000	other	0
sub-12_2	184	Pulse	255	3534730	3184	0
sub-12_2	185	Picture	90	3545330	0	1	2226	1	0	2000	other	0
sub-12_2	185	Pulse	255	3554730	9399	0
sub-12_2	186	Picture	50	3560115	0	1	2226	1	0	2000	other	0
sub-12_2	186	Pulse	255	3574568	14452	163
sub-12_2	187	Picture	90	3574900	0	1	2226	1	0	2000	other	0
sub-12_2	188	Picture	90	3589685	0	1	2226	1	0	2000	other	0
sub-12_2	188	Pulse	255	3594730	5045	0
sub-12_2	189	Picture	Bfix	3603304	0	1	50454	1	0	50000	other	0
sub-12_2	189	Pulse	255	3614730	11426	0
sub-12_2	189	Pulse	255	3634730	31427	0
sub-12_2	190	Picture	90	3653758	0	1	2226	1	0	2000	other	0
sub-12_2	190	Pulse	255	3654730	972	0
sub-12_2	191	Picture	40	3668543	0	1	2226	1	0	2000	other	0
sub-12_2	191	Pulse	255	3674730	6187	0
sub-12_2	192	Picture	90	3683328	0	1	2226	1	0	2000	other	0
sub-12_2	192	Pulse	255	3694730	11402	0
sub-12_2	193	Picture	50	3698113	0	1	2226	1	0	2000	other	0
sub-12_2	194	Picture	20	3710898	0	1	2226	1	0	2000	other	0
sub-12_2	194	Pulse	255	3714730	3832	1
sub-12_2	195	Picture	90	3725850	0	1	2226	1	0	2000	other	0
sub-12_2	195	Pulse	255	3734730	8880	0
sub-12_2	196	Picture	50	3740635	0	1	2226	1	0	2000	other	0
sub-12_2	196	Pulse	255	3754731	14096	0
sub-12_2	197	Picture	90	3755420	0	1	2226	1	0	2000	other	0
sub-12_2	198	Picture	20	3768206	0	1	2226	1	0	2000	other	0
sub-12_2	198	Pulse	255	3774730	6525	0
sub-12_2	199	Picture	20	3780990	0	1	2226	1	0	2000	other	0
sub-12_2	200	Picture	50	3793775	0	1	2226	1	0	2000	other	0
sub-12_2	200	Pulse	255	3794730	955	0
sub-12_2	201	Picture	50	3807560	0	1	2226	1	0	2000	other	0
sub-12_2	201	Pulse	255	3814730	7170	0
sub-12_2	202	Picture	40	3820345	0	1	2226	1	0	2000	other	0
sub-12_2	203	Picture	80	3834130	0	1	2226	1	0	2000	other	0
sub-12_2	203	Pulse	255	3834730	601	0
sub-12_2	204	Picture	90	3846915	0	1	2226	1	0	2000	other	0
sub-12_2	204	Pulse	255	3854730	7816	0
sub-12_2	205	Picture	90	3861700	0	1	2226	1	0	2000	other	0
sub-12_2	205	Pulse	255	3874731	13031	0
sub-12_2	206	Picture	90	3875485	0	1	2226	1	0	2000	other	0
sub-12_2	207	Picture	20	3889270	0	1	2226	1	0	2000	other	0
sub-12_2	207	Pulse	255	3894721	5451	0
sub-12_2	208	Picture	90	3902055	0	1	2226	1	0	2000	other	0
sub-12_2	208	Pulse	255	3914721	12666	0
sub-12_2	209	Picture	50	3915839	0	1	2226	1	0	2000	other	0
sub-12_2	210	Picture	Bfix	3929458	0	1	50453	1	0	50000	other	0
sub-12_2	210	Pulse	255	3934721	5263	0
sub-12_2	210	Pulse	255	3954721	25263	0
sub-12_2	210	Pulse	255	3974721	45263	0
sub-12_2	211	Picture	20	3979910	0	1	2226	1	0	2000	other	0
sub-12_2	212	Picture	90	3993695	0	1	2226	1	0	2000	other	0
sub-12_2	212	Pulse	255	3994721	1025	0
sub-12_2	213	Picture	90	4007647	0	1	2226	1	0	2000	other	0
sub-12_2	213	Pulse	255	4014721	7074	0
sub-12_2	214	Picture	50	4021432	0	1	2226	1	0	2000	other	0
sub-12_2	214	Pulse	255	4034741	13309	0
sub-12_2	215	Picture	40	4035217	0	1	2074	1	0	2000	other	0
sub-12_2	216	Picture	40	4048850	0	1	2226	1	0	2000	other	0
sub-12_2	216	Pulse	255	4054721	5871	0
sub-12_2	217	Picture	20	4062635	0	1	2226	1	0	2000	other	0
sub-12_2	217	Pulse	255	4074721	12087	0
sub-12_2	218	Picture	40	4077420	0	1	2226	1	0	2000	other	0
sub-12_2	219	Picture	50	4090204	0	1	2226	1	0	2000	other	0
sub-12_2	219	Pulse	255	4094721	4517	0
sub-12_2	220	Picture	50	4104989	0	1	2226	1	0	2000	other	0
sub-12_2	220	Pulse	255	4114721	9732	0
sub-12_2	221	Picture	Bfix	4118608	0	1	71842	1	0	60000	other	0
sub-12_2	221	Pulse	255	4134721	16113	0
sub-12_2	221	Pulse	255	4154721	36114	0
sub-12_2	221	Pulse	255	4174721	56114	1
