Scenario - loca_visu_version1
Logfile written - 12/17/2018 15:05:53

Subject	Trial	Event Type	Code	Time	TTime	Uncertainty	Duration	Uncertainty	ReqTime	ReqDur	Stim Type	Pair Index

sub-11_1	0	Pulse	255	548637	548637	0
sub-11_1	1	Picture	Bfix	548865	0	1	50271	1	0	50000	other	0
sub-11_1	1	Pulse	255	568637	19772	0
sub-11_1	1	Pulse	255	588637	39772	0
sub-11_1	2	Picture	70	599136	0	1	2226	1	0	2000	other	0
sub-11_1	2	Pulse	255	608636	9500	0
sub-11_1	3	Picture	10	612088	0	1	2226	1	0	2000	other	0
sub-11_1	4	Picture	70	624706	0	1	2226	1	0	2000	other	0
sub-11_1	4	Pulse	255	628637	3930	0
sub-11_1	5	Picture	30	638492	0	1	2226	1	0	2000	other	0
sub-11_1	5	Pulse	255	648637	10145	0
sub-11_1	6	Picture	80	651277	0	1	2226	1	0	2000	other	0
sub-11_1	6	Response	1	655557	4280	1
sub-11_1	7	Picture	60	665895	0	1	2226	1	0	2000	other	0
sub-11_1	7	Pulse	255	668637	2742	0
sub-11_1	8	Picture	60	680514	0	1	2226	1	0	2000	other	0
sub-11_1	8	Pulse	255	688637	8123	0
sub-11_1	9	Picture	70	695133	0	1	2226	1	0	2000	other	0
sub-11_1	10	Picture	70	707752	0	1	2226	1	0	2000	other	0
sub-11_1	10	Pulse	255	708637	885	0
sub-11_1	11	Picture	70	720371	0	1	2226	1	0	2000	other	0
sub-11_1	11	Pulse	255	728637	8266	0
sub-11_1	12	Picture	30	734323	0	1	2226	1	0	2000	other	0
sub-11_1	13	Picture	10	747108	0	1	2226	1	0	2000	other	0
sub-11_1	13	Pulse	255	748637	1529	0
sub-11_1	14	Picture	30	761893	0	1	2226	1	0	2000	other	0
sub-11_1	14	Pulse	255	768637	6744	0
sub-11_1	15	Picture	30	776845	0	1	2226	1	0	2000	other	0
sub-11_1	15	Pulse	255	788637	11792	0
sub-11_1	16	Picture	70	791463	0	1	2226	1	0	2000	other	0
sub-11_1	17	Picture	80	805415	0	1	2226	1	0	2000	other	0
sub-11_1	17	Pulse	255	808637	3222	0
sub-11_1	17	Response	1	809637	4222	1
sub-11_1	18	Picture	70	820033	0	1	2226	1	0	2000	other	0
sub-11_1	18	Pulse	255	828637	8603	0
sub-11_1	19	Picture	10	833986	0	1	2226	1	0	2000	other	0
sub-11_1	20	Picture	70	847604	0	1	2226	1	0	2000	other	0
sub-11_1	20	Pulse	255	848637	1033	0
sub-11_1	21	Picture	10	861556	0	1	2226	1	0	2000	other	0
sub-11_1	21	Pulse	255	868637	7081	0
sub-11_1	22	Picture	60	874174	0	1	2226	1	0	2000	other	0
sub-11_1	22	Pulse	255	888627	14453	12
sub-11_1	23	Picture	30	889127	0	1	2226	1	0	2000	other	0
sub-11_1	24	Picture	60	902745	0	1	2226	1	0	2000	other	0
sub-11_1	24	Pulse	255	908637	5892	0
sub-11_1	25	Picture	10	917697	0	1	2226	1	0	2000	other	0
sub-11_1	25	Pulse	255	928637	10939	0
sub-11_1	26	Picture	30	931649	0	1	2226	1	0	2000	other	0
sub-11_1	27	Picture	Bfix	946268	0	1	50263	3	0	50000	other	0
sub-11_1	27	Pulse	255	948637	2369	0
sub-11_1	27	Pulse	255	968637	22370	0
sub-11_1	27	Pulse	255	988637	42369	0
sub-11_1	28	Picture	60	996530	0	3	2226	3	0	2000	other	0
sub-11_1	28	Pulse	255	1008637	12107	0
sub-11_1	29	Picture	70	1009149	0	1	2226	1	0	2000	other	0
sub-11_1	30	Picture	30	1024100	0	1	2226	1	0	2000	other	0
sub-11_1	30	Pulse	255	1028637	4537	0
sub-11_1	31	Picture	10	1038053	0	1	2226	1	0	2000	other	0
sub-11_1	31	Pulse	255	1048637	10585	0
sub-11_1	32	Picture	60	1050671	0	1	2226	1	0	2000	other	0
sub-11_1	33	Picture	10	1063622	0	1	2226	1	0	2000	other	0
sub-11_1	33	Pulse	255	1068637	5015	0
sub-11_1	34	Picture	60	1078241	0	1	2226	1	0	2000	other	0
sub-11_1	34	Pulse	255	1088637	10396	0
sub-11_1	35	Picture	10	1092193	0	1	2226	1	0	2000	other	0
sub-11_1	36	Picture	10	1105145	0	1	2226	1	0	2000	other	0
sub-11_1	36	Pulse	255	1108637	3492	0
sub-11_1	37	Picture	10	1118097	0	1	2226	1	0	2000	other	0
sub-11_1	37	Pulse	255	1128637	10540	0
sub-11_1	38	Picture	60	1132715	0	1	2226	1	0	2000	other	0
sub-11_1	39	Picture	30	1146501	0	1	2226	1	0	2000	other	0
sub-11_1	39	Pulse	255	1148638	2137	0
sub-11_1	40	Picture	80	1161453	0	1	2226	1	0	2000	other	0
sub-11_1	40	Response	1	1165517	4065	1
sub-11_1	40	Pulse	255	1168637	7185	0
sub-11_1	41	Picture	10	1174405	0	1	2226	1	0	2000	other	0
sub-11_1	41	Pulse	255	1188637	14232	0
sub-11_1	42	Picture	70	1189023	0	1	2226	1	0	2000	other	0
sub-11_1	43	Picture	10	1203976	0	1	2226	1	0	2000	other	0
sub-11_1	43	Pulse	255	1208637	4662	0
sub-11_1	44	Picture	10	1216928	0	1	2226	1	0	2000	other	0
sub-11_1	44	Pulse	255	1228637	11710	0
sub-11_1	45	Picture	10	1231879	0	1	2226	1	0	2000	other	0
sub-11_1	46	Picture	60	1245498	0	1	2226	1	0	2000	other	0
sub-11_1	46	Pulse	255	1248637	3139	0
sub-11_1	47	Picture	70	1259116	0	1	2226	1	0	2000	other	0
sub-11_1	47	Pulse	255	1268637	9521	0
sub-11_1	48	Picture	Bfix	1273735	0	1	50528	1	0	50000	other	0
sub-11_1	48	Pulse	255	1288637	14902	0
sub-11_1	48	Pulse	255	1308637	34902	0
sub-11_1	49	Picture	10	1324263	0	1	2226	1	0	2000	other	0
sub-11_1	49	Pulse	255	1328637	4374	0
sub-11_1	50	Picture	30	1339215	0	1	2226	1	0	2000	other	0
sub-11_1	50	Pulse	255	1348637	9422	0
sub-11_1	51	Picture	60	1351834	0	1	2226	1	0	2000	other	0
sub-11_1	52	Picture	60	1366452	0	1	2226	1	0	2000	other	0
sub-11_1	52	Pulse	255	1368638	2186	0
sub-11_1	53	Picture	70	1381071	0	1	2226	1	0	2000	other	0
sub-11_1	53	Pulse	255	1388637	7567	0
sub-11_1	54	Picture	70	1393689	0	1	2226	1	0	2000	other	0
sub-11_1	54	Pulse	255	1408638	14949	0
sub-11_1	55	Picture	30	1408641	0	1	2226	1	0	2000	other	0
sub-11_1	56	Picture	10	1423593	0	1	2226	1	0	2000	other	0
sub-11_1	56	Pulse	255	1428638	5045	0
sub-11_1	57	Picture	30	1436544	0	1	2226	1	0	2000	other	0
sub-11_1	57	Pulse	255	1448637	12093	0
sub-11_1	58	Picture	30	1450331	0	1	2226	1	0	2000	other	0
sub-11_1	59	Picture	30	1463283	0	1	2226	1	0	2000	other	0
sub-11_1	59	Pulse	255	1468637	5354	0
sub-11_1	60	Picture	10	1477234	0	1	2226	1	0	2000	other	0
sub-11_1	60	Pulse	255	1488638	11403	0
sub-11_1	61	Picture	30	1490186	0	1	2226	1	0	2000	other	0
sub-11_1	62	Picture	10	1505138	0	1	2226	1	0	2000	other	0
sub-11_1	62	Pulse	255	1508638	3500	0
sub-11_1	63	Picture	60	1518757	0	1	2226	1	0	2000	other	0
sub-11_1	63	Pulse	255	1528638	9881	0
sub-11_1	64	Picture	60	1531375	0	1	2226	1	0	2000	other	0
sub-11_1	65	Picture	30	1545327	0	1	2226	1	0	2000	other	0
sub-11_1	65	Pulse	255	1548638	3310	0
sub-11_1	66	Picture	30	1560279	0	1	2226	1	0	2000	other	0
sub-11_1	66	Pulse	255	1568637	8358	0
sub-11_1	67	Picture	60	1573898	0	1	2226	1	0	2000	other	0
sub-11_1	68	Picture	30	1587850	0	1	2226	1	0	2000	other	0
sub-11_1	68	Pulse	255	1588638	788	0
sub-11_1	69	Picture	70	1601468	0	1	2226	1	0	2000	other	0
sub-11_1	69	Pulse	255	1608637	7169	0
sub-11_1	70	Picture	60	1615087	0	1	2226	1	0	2000	other	0
sub-11_1	70	Pulse	255	1628539	13452	99
sub-11_1	71	Picture	80	1629039	0	1	2226	1	0	2000	other	0
sub-11_1	71	Response	1	1632817	3778	1
sub-11_1	72	Picture	60	1643657	0	1	2226	1	0	2000	other	0
sub-11_1	72	Pulse	255	1648638	4981	0
sub-11_1	73	Picture	10	1656610	0	1	2226	1	0	2000	other	0
sub-11_1	73	Pulse	255	1668638	12028	0
sub-11_1	74	Picture	30	1670395	0	1	2226	1	0	2000	other	0
sub-11_1	75	Picture	60	1685013	0	1	2226	1	0	2000	other	0
sub-11_1	75	Pulse	255	1688637	3624	0
sub-11_1	76	Picture	70	1698632	0	1	2226	1	0	2000	other	0
sub-11_1	76	Pulse	255	1708638	10006	0
sub-11_1	77	Picture	30	1713584	0	1	2226	1	0	2000	other	0
sub-11_1	78	Picture	10	1727536	0	1	2226	1	0	2000	other	0
sub-11_1	78	Pulse	255	1728638	1101	0
sub-11_1	79	Picture	Bfix	1740155	0	1	50226	1	0	50000	other	0
sub-11_1	79	Pulse	255	1748638	8483	0
sub-11_1	79	Pulse	255	1768638	28483	0
sub-11_1	79	Pulse	255	1788637	48482	0
sub-11_1	80	Picture	10	1790881	0	1	2226	1	0	2000	other	0
sub-11_1	81	Picture	30	1805833	0	1	2226	1	0	2000	other	0
sub-11_1	81	Pulse	255	1808638	2805	0
sub-11_1	82	Picture	60	1820451	0	1	2226	1	0	2000	other	0
sub-11_1	82	Pulse	255	1828638	8186	0
sub-11_1	83	Picture	70	1833070	0	1	2226	1	0	2000	other	0
sub-11_1	84	Picture	70	1846688	0	1	2226	1	0	2000	other	0
sub-11_1	84	Pulse	255	1848638	1949	0
sub-11_1	85	Picture	30	1861641	0	1	2226	1	0	2000	other	0
sub-11_1	85	Pulse	255	1868638	6997	0
sub-11_1	86	Picture	70	1875259	0	1	2226	1	0	2000	other	0
sub-11_1	86	Pulse	255	1888638	13379	0
sub-11_1	87	Picture	10	1890211	0	1	2226	1	0	2000	other	0
sub-11_1	88	Picture	60	1902829	0	1	2226	1	0	2000	other	0
sub-11_1	88	Pulse	255	1908638	5808	0
sub-11_1	89	Picture	30	1915782	0	1	2226	1	0	2000	other	0
sub-11_1	90	Picture	60	1928400	0	1	2226	1	0	2000	other	0
sub-11_1	90	Pulse	255	1928638	238	0
sub-11_1	91	Picture	70	1941018	0	1	2226	1	0	2000	other	0
sub-11_1	91	Pulse	255	1948638	7619	0
sub-11_1	92	Picture	60	1955637	0	1	2226	1	0	2000	other	0
sub-11_1	92	Pulse	255	1968638	13000	0
sub-11_1	93	Picture	30	1969590	0	1	2226	1	0	2000	other	0
sub-11_1	94	Picture	60	1982208	0	1	2226	1	0	2000	other	0
sub-11_1	94	Pulse	255	1988638	6429	0
sub-11_1	95	Picture	70	1995827	0	1	2226	1	0	2000	other	0
sub-11_1	95	Pulse	255	2008638	12811	0
sub-11_1	96	Picture	60	2010446	0	1	2226	1	0	2000	other	0
sub-11_1	97	Picture	70	2024064	0	1	2226	1	0	2000	other	0
sub-11_1	97	Pulse	255	2028638	4573	0
sub-11_1	98	Picture	70	2036683	0	1	2226	1	0	2000	other	0
sub-11_1	98	Pulse	255	2048638	11955	0
sub-11_1	99	Picture	60	2050302	0	1	2226	1	0	2000	other	0
sub-11_1	100	Picture	Bfix	2063920	0	1	50226	1	0	50000	other	0
sub-11_1	100	Pulse	255	2068638	4718	0
sub-11_1	100	Pulse	255	2088638	24718	0
sub-11_1	100	Pulse	255	2108638	44718	0
sub-11_1	101	Picture	60	2114313	0	1	2226	1	0	2000	other	0
sub-11_1	102	Picture	70	2127931	0	1	2227	1	0	2000	other	0
sub-11_1	102	Pulse	255	2128638	707	0
sub-11_1	103	Picture	70	2142550	0	1	2226	1	0	2000	other	0
sub-11_1	103	Pulse	255	2148628	6078	0
sub-11_1	104	Picture	10	2157502	0	1	2226	1	0	2000	other	0
sub-11_1	104	Pulse	255	2168628	11126	0
sub-11_1	105	Picture	80	2170287	0	1	2226	1	0	2000	other	0
sub-11_1	105	Response	1	2175368	5080	1
sub-11_1	106	Picture	10	2183240	0	1	2226	1	0	2000	other	0
sub-11_1	106	Pulse	255	2188628	5388	0
sub-11_1	107	Picture	10	2197192	0	1	2226	1	0	2000	other	0
sub-11_1	107	Pulse	255	2208628	11436	0
sub-11_1	108	Picture	30	2211144	0	1	2227	1	0	2000	other	0
sub-11_1	109	Picture	30	2225097	0	1	2226	1	0	2000	other	0
sub-11_1	109	Pulse	255	2228628	3531	0
sub-11_1	110	Picture	30	2239049	0	1	2226	1	0	2000	other	0
sub-11_1	110	Pulse	255	2248628	9580	0
sub-11_1	111	Picture	Bfix	2251667	0	1	50529	1	0	50000	other	0
sub-11_1	111	Pulse	255	2268628	16961	0
sub-11_1	111	Pulse	255	2288628	36961	0
sub-11_1	112	Picture	40	2302196	0	1	2226	1	0	2000	other	0
sub-11_1	112	Pulse	255	2308628	6432	0
sub-11_1	113	Picture	20	2315148	0	1	2226	1	0	2000	other	0
sub-11_1	114	Picture	50	2328100	0	1	2226	1	0	2000	other	0
sub-11_1	114	Pulse	255	2328628	528	0
sub-11_1	115	Picture	20	2343052	0	1	2226	1	0	2000	other	0
sub-11_1	115	Pulse	255	2348628	5576	0
sub-11_1	116	Picture	40	2355837	0	1	2226	1	0	2000	other	0
sub-11_1	117	Picture	80	2368623	0	1	2226	1	0	2000	other	0
sub-11_1	117	Pulse	255	2368628	6	0
sub-11_1	117	Response	1	2373088	4465	1
sub-11_1	118	Picture	90	2381574	0	1	2226	1	0	2000	other	0
sub-11_1	118	Pulse	255	2388628	7054	0
sub-11_1	119	Picture	40	2395526	0	1	2226	1	0	2000	other	0
sub-11_1	119	Pulse	255	2408628	13102	0
sub-11_1	120	Picture	90	2410478	0	1	2226	1	0	2000	other	0
sub-11_1	121	Picture	90	2423264	0	1	2226	1	0	2000	other	0
sub-11_1	121	Pulse	255	2428628	5364	0
sub-11_1	122	Picture	90	2436216	0	1	2226	1	0	2000	other	0
sub-11_1	122	Pulse	255	2448628	12413	0
sub-11_1	123	Picture	90	2449168	0	1	2226	1	0	2000	other	0
sub-11_1	124	Picture	20	2464120	0	1	2226	1	0	2000	other	0
sub-11_1	124	Pulse	255	2468628	4508	0
sub-11_1	125	Picture	50	2479072	0	1	2226	1	0	2000	other	0
sub-11_1	125	Pulse	255	2488628	9556	0
sub-11_1	126	Picture	40	2492024	0	1	2226	1	0	2000	other	0
sub-11_1	127	Picture	40	2505809	0	1	2226	1	0	2000	other	0
sub-11_1	127	Pulse	255	2508628	2820	0
sub-11_1	128	Picture	40	2519594	0	1	2226	1	0	2000	other	0
sub-11_1	128	Pulse	255	2528628	9034	0
sub-11_1	129	Picture	50	2533546	0	1	2226	1	0	2000	other	0
sub-11_1	130	Picture	40	2547498	0	1	2226	1	0	2000	other	0
sub-11_1	130	Pulse	255	2548628	1130	0
sub-11_1	131	Picture	90	2561450	0	1	2226	1	0	2000	other	0
sub-11_1	131	Pulse	255	2568628	7179	0
sub-11_1	132	Picture	40	2574401	0	1	2226	1	0	2000	other	0
sub-11_1	132	Pulse	255	2588627	14226	2
sub-11_1	133	Picture	20	2589187	0	1	2226	1	0	2000	other	0
sub-11_1	134	Picture	20	2602139	0	1	2226	1	0	2000	other	0
sub-11_1	134	Pulse	255	2608628	6489	0
sub-11_1	135	Picture	90	2614924	0	1	2226	1	0	2000	other	0
sub-11_1	135	Pulse	255	2628376	13452	252
sub-11_1	136	Picture	50	2628876	0	1	2226	1	0	2000	other	0
sub-11_1	137	Picture	Bfix	2642495	0	1	50531	1	0	50000	other	0
sub-11_1	137	Pulse	255	2648628	6134	0
sub-11_1	137	Pulse	255	2668628	26134	0
sub-11_1	137	Pulse	255	2688628	46134	0
sub-11_1	138	Picture	90	2693025	0	1	2226	1	0	2000	other	0
sub-11_1	139	Picture	50	2707977	0	1	2226	1	0	2000	other	0
sub-11_1	139	Pulse	255	2708628	651	0
sub-11_1	140	Picture	20	2722929	0	1	2226	1	0	2000	other	0
sub-11_1	140	Pulse	255	2728628	5699	0
sub-11_1	141	Picture	90	2735881	0	1	2226	1	0	2000	other	0
sub-11_1	141	Pulse	255	2748625	12744	4
sub-11_1	142	Picture	90	2748833	0	1	2226	1	0	2000	other	0
sub-11_1	143	Picture	90	2762785	0	1	2226	1	0	2000	other	0
sub-11_1	143	Pulse	255	2768628	5844	0
sub-11_1	144	Picture	50	2777737	0	1	2226	1	0	2000	other	0
sub-11_1	144	Pulse	255	2788628	10892	0
sub-11_1	145	Picture	40	2791689	0	1	2226	1	0	2000	other	0
sub-11_1	146	Picture	90	2804641	0	1	2226	1	0	2000	other	0
sub-11_1	146	Pulse	255	2808628	3988	0
sub-11_1	147	Picture	40	2818592	0	1	2226	1	0	2000	other	0
sub-11_1	147	Pulse	255	2828628	10036	0
sub-11_1	148	Picture	40	2832544	0	1	2226	1	0	2000	other	0
sub-11_1	149	Picture	90	2847497	0	1	2226	1	0	2000	other	0
sub-11_1	149	Pulse	255	2848629	1132	0
sub-11_1	150	Picture	20	2862448	0	1	2226	1	0	2000	other	0
sub-11_1	150	Pulse	255	2868629	6180	0
sub-11_1	151	Picture	80	2875234	0	1	2226	1	0	2000	other	0
sub-11_1	151	Response	1	2880348	5114	1
sub-11_1	151	Pulse	255	2888629	13395	0
sub-11_1	152	Picture	50	2889185	0	1	2226	1	0	2000	other	0
sub-11_1	153	Picture	50	2904137	0	1	2226	1	0	2000	other	0
sub-11_1	153	Pulse	255	2908628	4491	0
sub-11_1	154	Picture	20	2918090	0	1	2226	1	0	2000	other	0
sub-11_1	154	Pulse	255	2928628	10539	0
sub-11_1	155	Picture	80	2930875	0	1	2226	1	0	2000	other	0
sub-11_1	155	Response	1	2935579	4704	1
sub-11_1	156	Picture	90	2944826	0	1	2226	1	0	2000	other	0
sub-11_1	156	Pulse	255	2948628	3802	0
sub-11_1	157	Picture	80	2957612	0	1	2226	1	0	2000	other	0
sub-11_1	157	Response	1	2962509	4897	1
sub-11_1	157	Pulse	255	2968629	11017	0
sub-11_1	158	Picture	90	2970396	0	1	2226	1	0	2000	other	0
sub-11_1	159	Picture	20	2983348	0	1	2226	1	0	2000	other	0
sub-11_1	159	Pulse	255	2988629	5280	0
sub-11_1	160	Picture	40	2998301	0	1	2226	1	0	2000	other	0
sub-11_1	160	Pulse	255	3008629	10328	0
sub-11_1	161	Picture	50	3011252	0	1	2226	1	0	2000	other	0
sub-11_1	162	Picture	90	3024038	0	1	2226	1	0	2000	other	0
sub-11_1	162	Pulse	255	3028629	4591	0
sub-11_1	163	Picture	Bfix	3038656	0	1	50531	1	0	50000	other	0
sub-11_1	163	Pulse	255	3048628	9972	0
sub-11_1	163	Pulse	255	3068629	29972	0
sub-11_1	163	Pulse	255	3088629	49972	0
sub-11_1	164	Picture	40	3089188	0	1	2226	1	0	2000	other	0
sub-11_1	165	Picture	20	3104140	0	1	2226	1	0	2000	other	0
sub-11_1	165	Pulse	255	3108629	4489	0
sub-11_1	166	Picture	40	3118091	0	1	2226	1	0	2000	other	0
sub-11_1	166	Pulse	255	3128629	10537	0
sub-11_1	167	Picture	20	3132043	0	1	2226	1	0	2000	other	0
sub-11_1	168	Picture	20	3146995	0	1	2226	1	0	2000	other	0
sub-11_1	168	Pulse	255	3148629	1634	0
sub-11_1	169	Picture	50	3159947	0	1	2226	1	0	2000	other	0
sub-11_1	169	Pulse	255	3168629	8682	0
sub-11_1	170	Picture	20	3174732	0	1	2226	1	0	2000	other	0
sub-11_1	170	Pulse	255	3188629	13897	0
sub-11_1	171	Picture	20	3188684	0	1	2226	1	0	2000	other	0
sub-11_1	172	Picture	40	3203636	0	1	2226	1	0	2000	other	0
sub-11_1	172	Pulse	255	3208629	4993	0
sub-11_1	173	Picture	40	3216588	0	1	2226	1	0	2000	other	0
sub-11_1	173	Pulse	255	3228629	12041	0
sub-11_1	174	Picture	90	3230539	0	1	2226	1	0	2000	other	0
sub-11_1	175	Picture	50	3245491	0	1	2226	1	0	2000	other	0
sub-11_1	175	Pulse	255	3248629	3138	0
sub-11_1	176	Picture	50	3259443	0	1	2226	1	0	2000	other	0
sub-11_1	176	Pulse	255	3268628	9185	0
sub-11_1	177	Picture	40	3274395	0	1	2226	1	0	2000	other	0
sub-11_1	177	Pulse	255	3288629	14234	0
sub-11_1	178	Picture	90	3289347	0	1	2226	1	0	2000	other	0
sub-11_1	179	Picture	40	3302299	0	1	2226	1	0	2000	other	0
sub-11_1	179	Pulse	255	3308628	6330	0
sub-11_1	180	Picture	40	3315250	0	1	2226	1	0	2000	other	0
sub-11_1	181	Picture	50	3328203	0	1	2226	1	0	2000	other	0
sub-11_1	181	Pulse	255	3328629	426	0
sub-11_1	182	Picture	20	3341988	0	1	2226	1	0	2000	other	0
sub-11_1	182	Pulse	255	3348629	6641	0
sub-11_1	183	Picture	90	3354940	0	1	2226	1	0	2000	other	0
sub-11_1	183	Pulse	255	3368628	13689	0
sub-11_1	184	Picture	20	3369892	0	1	2226	1	0	2000	other	0
sub-11_1	185	Picture	20	3383844	0	1	2226	1	0	2000	other	0
sub-11_1	185	Pulse	255	3388629	4785	0
sub-11_1	186	Picture	50	3396795	0	1	2226	1	0	2000	other	0
sub-11_1	186	Pulse	255	3408629	11833	0
sub-11_1	187	Picture	50	3411747	0	1	2226	1	0	2000	other	0
sub-11_1	188	Picture	50	3426699	0	1	2226	1	0	2000	other	0
sub-11_1	188	Pulse	255	3428629	1930	0
sub-11_1	189	Picture	Bfix	3441318	0	1	50528	1	0	50000	other	0
sub-11_1	189	Pulse	255	3448629	7312	0
sub-11_1	189	Pulse	255	3468629	27311	0
sub-11_1	189	Pulse	255	3488629	47311	0
sub-11_1	190	Picture	40	3491846	0	1	2226	1	0	2000	other	0
sub-11_1	191	Picture	50	3506798	0	1	2226	1	0	2000	other	0
sub-11_1	191	Pulse	255	3508629	1831	0
sub-11_1	192	Picture	20	3520749	0	1	2226	1	0	2000	other	0
sub-11_1	192	Pulse	255	3528629	7880	0
sub-11_1	193	Picture	90	3534701	0	1	2226	1	0	2000	other	0
sub-11_1	194	Picture	40	3547487	0	1	2226	1	0	2000	other	0
sub-11_1	194	Pulse	255	3548629	1142	0
sub-11_1	195	Picture	20	3561439	0	1	2226	1	0	2000	other	0
sub-11_1	195	Pulse	255	3568629	7190	0
sub-11_1	196	Picture	50	3576390	0	1	2226	1	0	2000	other	0
sub-11_1	196	Pulse	255	3588629	12239	0
sub-11_1	197	Picture	90	3590342	0	1	2226	1	0	2000	other	0
sub-11_1	198	Picture	90	3604294	0	1	2226	1	0	2000	other	0
sub-11_1	198	Pulse	255	3608629	4335	0
sub-11_1	199	Picture	50	3618246	0	1	2226	1	0	2000	other	0
sub-11_1	199	Pulse	255	3628629	10383	0
sub-11_1	200	Picture	90	3631198	0	1	2226	1	0	2000	other	0
sub-11_1	201	Picture	20	3644150	0	1	2226	1	0	2000	other	0
sub-11_1	201	Pulse	255	3648629	4479	0
sub-11_1	202	Picture	20	3657102	0	1	2226	1	0	2000	other	0
sub-11_1	202	Pulse	255	3668629	11527	0
sub-11_1	203	Picture	50	3670887	0	1	2226	1	0	2000	other	0
sub-11_1	204	Picture	90	3683839	0	1	2226	1	0	2000	other	0
sub-11_1	204	Pulse	255	3688629	4791	0
sub-11_1	205	Picture	50	3696791	0	1	2226	1	0	2000	other	0
sub-11_1	205	Pulse	255	3708629	11839	0
sub-11_1	206	Picture	40	3710743	0	1	2226	1	0	2000	other	0
sub-11_1	207	Picture	90	3724694	0	1	2226	1	0	2000	other	0
sub-11_1	207	Pulse	255	3728629	3935	0
sub-11_1	208	Picture	50	3738646	0	1	2226	1	0	2000	other	0
sub-11_1	208	Pulse	255	3748629	9983	0
sub-11_1	209	Picture	40	3752598	0	1	2226	1	0	2000	other	0
sub-11_1	210	Picture	Bfix	3767217	0	1	50532	1	0	50000	other	0
sub-11_1	210	Pulse	255	3768629	1413	0
sub-11_1	210	Pulse	255	3788629	21412	0
sub-11_1	210	Pulse	255	3808629	41413	0
sub-11_1	211	Picture	90	3817748	0	1	2226	1	0	2000	other	0
sub-11_1	211	Pulse	255	3828629	10880	0
sub-11_1	212	Picture	40	3831700	0	1	2226	1	0	2000	other	0
sub-11_1	213	Picture	20	3845486	0	1	2226	1	0	2000	other	0
sub-11_1	213	Pulse	255	3848629	3143	0
sub-11_1	214	Picture	90	3859438	0	1	2226	1	0	2000	other	0
sub-11_1	214	Pulse	255	3868629	9191	0
sub-11_1	215	Picture	20	3874389	0	2	2226	2	0	2000	other	0
sub-11_1	216	Picture	50	3887341	0	1	2226	1	0	2000	other	0
sub-11_1	216	Pulse	255	3888629	1289	0
sub-11_1	217	Picture	40	3901292	0	1	2226	1	0	2000	other	0
sub-11_1	217	Pulse	255	3908619	7327	0
sub-11_1	218	Picture	80	3916244	0	1	2226	1	0	2000	other	0
sub-11_1	218	Response	1	3920509	4265	1
sub-11_1	218	Pulse	255	3928619	12375	0
sub-11_1	219	Picture	50	3930196	0	1	2226	1	0	2000	other	0
sub-11_1	220	Picture	50	3945147	0	1	2226	1	0	2000	other	0
sub-11_1	220	Pulse	255	3948619	3472	0
sub-11_1	221	Picture	Bfix	3957766	0	1	72118	1	0	60000	other	0
sub-11_1	221	Pulse	255	3968619	10853	0
sub-11_1	221	Pulse	255	3988619	30853	0
