Scenario - loca_visu_version1bis
Logfile written - 12/10/2018 11:10:06

Subject	Trial	Event Type	Code	Time	TTime	Uncertainty	Duration	Uncertainty	ReqTime	ReqDur	Stim Type	Pair Index

sub-09_2	0	Pulse	255	536936	536936	0
sub-09_2	1	Picture	Bfix	537165	0	1	50226	1	0	50000	other	0
sub-09_2	1	Pulse	255	556936	19771	0
sub-09_2	1	Pulse	255	576936	39771	0
sub-09_2	2	Picture	10	587725	0	1	2226	1	0	2000	other	0
sub-09_2	2	Pulse	255	596936	9212	0
sub-09_2	3	Picture	30	602510	0	1	2226	1	0	2000	other	0
sub-09_2	4	Picture	60	616128	0	1	2226	1	0	2000	other	0
sub-09_2	4	Pulse	255	616937	808	0
sub-09_2	5	Picture	60	629747	0	1	2226	1	0	2000	other	0
sub-09_2	5	Pulse	255	636936	7190	0
sub-09_2	6	Picture	10	644699	0	1	2226	1	0	2000	other	0
sub-09_2	6	Pulse	255	656937	12238	0
sub-09_2	7	Picture	60	659317	0	1	2226	1	0	2000	other	0
sub-09_2	8	Picture	10	673103	0	1	2226	1	0	2000	other	0
sub-09_2	8	Pulse	255	676937	3834	0
sub-09_2	9	Picture	60	686721	0	1	2226	1	0	2000	other	0
sub-09_2	9	Pulse	255	696937	10216	0
sub-09_2	10	Picture	60	699340	0	1	2226	1	0	2000	other	0
sub-09_2	11	Picture	30	712125	0	1	2226	1	0	2000	other	0
sub-09_2	11	Pulse	255	716937	4812	0
sub-09_2	12	Picture	10	726910	0	1	2226	1	0	2000	other	0
sub-09_2	12	Pulse	255	736937	10027	0
sub-09_2	13	Picture	60	740529	0	1	2226	1	0	2000	other	0
sub-09_2	14	Picture	30	754314	0	1	2226	1	0	2000	other	0
sub-09_2	14	Pulse	255	756937	2623	0
sub-09_2	15	Picture	70	766932	0	1	2226	1	0	2000	other	0
sub-09_2	15	Pulse	255	776937	10005	0
sub-09_2	16	Picture	10	779718	0	1	2226	1	0	2000	other	0
sub-09_2	17	Picture	80	794504	0	1	2226	1	0	2000	other	0
sub-09_2	17	Pulse	255	796937	2434	0
sub-09_2	17	Response	1	798437	3933	1
sub-09_2	18	Picture	70	809122	0	1	2226	1	0	2000	other	0
sub-09_2	18	Pulse	255	816937	7815	0
sub-09_2	19	Picture	30	822907	0	1	2226	1	0	2000	other	0
sub-09_2	19	Pulse	255	836937	14030	0
sub-09_2	20	Picture	30	837692	0	1	2226	1	0	2000	other	0
sub-09_2	21	Picture	60	850311	0	1	2226	1	0	2000	other	0
sub-09_2	21	Pulse	255	856937	6626	0
sub-09_2	22	Picture	70	864930	0	1	2226	1	0	2000	other	0
sub-09_2	22	Pulse	255	876937	12008	0
sub-09_2	23	Picture	70	878548	0	1	2226	1	0	2000	other	0
sub-09_2	24	Picture	10	891334	0	1	2226	1	0	2000	other	0
sub-09_2	24	Pulse	255	896937	5604	0
sub-09_2	25	Picture	10	904119	0	1	2226	1	0	2000	other	0
sub-09_2	26	Picture	30	916904	0	1	2226	1	0	2000	other	0
sub-09_2	26	Pulse	255	916938	33	0
sub-09_2	27	Picture	Bfix	931523	0	1	50267	1	0	50000	other	0
sub-09_2	27	Pulse	255	936937	5415	0
sub-09_2	27	Pulse	255	956938	25415	0
sub-09_2	27	Pulse	255	976938	45415	0
sub-09_2	28	Picture	70	981790	0	1	2226	1	0	2000	other	0
sub-09_2	29	Picture	10	995576	0	1	2226	1	0	2000	other	0
sub-09_2	29	Pulse	255	996937	1362	0
sub-09_2	30	Picture	80	1009361	0	1	2226	1	0	2000	other	0
sub-09_2	30	Response	1	1013478	4117	1
sub-09_2	30	Pulse	255	1016938	7577	0
sub-09_2	31	Picture	10	1022147	0	1	2226	1	0	2000	other	0
sub-09_2	32	Picture	70	1035765	0	1	2226	1	0	2000	other	0
sub-09_2	32	Pulse	255	1036938	1173	0
sub-09_2	33	Picture	60	1048384	0	1	2226	1	0	2000	other	0
sub-09_2	33	Pulse	255	1056938	8554	0
sub-09_2	34	Picture	70	1063003	0	1	2226	1	0	2000	other	0
sub-09_2	35	Picture	30	1076788	0	1	2226	1	0	2000	other	0
sub-09_2	35	Pulse	255	1076938	150	0
sub-09_2	36	Picture	30	1090573	0	1	2226	1	0	2000	other	0
sub-09_2	36	Pulse	255	1096938	6365	0
sub-09_2	37	Picture	70	1105192	0	1	2226	1	0	2000	other	0
sub-09_2	37	Pulse	255	1116938	11746	0
sub-09_2	38	Picture	30	1117977	0	1	2226	1	0	2000	other	0
sub-09_2	39	Picture	60	1132595	0	1	2226	1	0	2000	other	0
sub-09_2	39	Pulse	255	1136938	4343	0
sub-09_2	40	Picture	60	1146214	0	1	2226	1	0	2000	other	0
sub-09_2	40	Pulse	255	1156938	10724	0
sub-09_2	41	Picture	30	1158999	0	1	2226	1	0	2000	other	0
sub-09_2	42	Picture	60	1172618	0	1	2226	1	0	2000	other	0
sub-09_2	42	Pulse	255	1176938	4320	0
sub-09_2	43	Picture	10	1187404	0	1	2226	1	0	2000	other	0
sub-09_2	43	Pulse	255	1196938	9535	0
sub-09_2	44	Picture	10	1202189	0	1	2226	1	0	2000	other	0
sub-09_2	45	Picture	30	1215974	0	1	2226	1	0	2000	other	0
sub-09_2	45	Pulse	255	1216938	964	0
sub-09_2	46	Picture	80	1228759	0	1	2227	1	0	2000	other	0
sub-09_2	46	Response	1	1233049	4289	1
sub-09_2	46	Pulse	255	1236939	8179	0
sub-09_2	47	Picture	60	1243379	0	1	2226	1	0	2000	other	0
sub-09_2	47	Pulse	255	1256939	13560	0
sub-09_2	48	Picture	Bfix	1256998	0	1	50226	1	0	50000	other	0
sub-09_2	48	Pulse	255	1276939	19941	0
sub-09_2	48	Pulse	255	1296939	39941	0
sub-09_2	49	Picture	70	1307390	0	1	2226	1	0	2000	other	0
sub-09_2	49	Pulse	255	1316939	9548	0
sub-09_2	50	Picture	60	1321009	0	1	2226	1	0	2000	other	0
sub-09_2	51	Picture	30	1335794	0	1	2226	1	0	2000	other	0
sub-09_2	51	Pulse	255	1336939	1144	0
sub-09_2	52	Picture	70	1348413	0	1	2226	1	0	2000	other	0
sub-09_2	52	Pulse	255	1356939	8526	0
sub-09_2	53	Picture	80	1362198	0	1	2226	1	0	2000	other	0
sub-09_2	53	Response	1	1366759	4561	1
sub-09_2	54	Picture	60	1376816	0	1	2226	1	0	2000	other	0
sub-09_2	54	Pulse	255	1376939	123	0
sub-09_2	55	Picture	60	1391435	0	1	2226	1	0	2000	other	0
sub-09_2	55	Pulse	255	1396939	5504	0
sub-09_2	56	Picture	30	1406221	0	1	2226	1	0	2000	other	0
sub-09_2	56	Pulse	255	1416939	10719	0
sub-09_2	57	Picture	10	1420006	0	1	2226	1	0	2000	other	0
sub-09_2	58	Picture	30	1433792	0	1	2226	1	0	2000	other	0
sub-09_2	58	Pulse	255	1436939	3147	0
sub-09_2	59	Picture	60	1447410	0	1	2226	1	0	2000	other	0
sub-09_2	59	Pulse	255	1456939	9529	0
sub-09_2	60	Picture	60	1462029	0	1	2226	1	0	2000	other	0
sub-09_2	61	Picture	30	1476814	0	1	2226	1	0	2000	other	0
sub-09_2	61	Pulse	255	1476939	125	0
sub-09_2	62	Picture	60	1491432	0	1	2226	1	0	2000	other	0
sub-09_2	62	Pulse	255	1496939	5507	0
sub-09_2	63	Picture	10	1506218	0	1	2226	1	0	2000	other	0
sub-09_2	63	Pulse	255	1516939	10722	0
sub-09_2	64	Picture	60	1520836	0	1	2226	1	0	2000	other	0
sub-09_2	65	Picture	70	1535455	0	1	2226	1	0	2000	other	0
sub-09_2	65	Pulse	255	1536939	1484	0
sub-09_2	66	Picture	10	1549240	0	1	2226	1	0	2000	other	0
sub-09_2	66	Pulse	255	1556940	7700	0
sub-09_2	67	Picture	70	1563764	0	1	2226	1	0	2000	other	0
sub-09_2	68	Picture	30	1576549	0	1	2226	1	0	2000	other	0
sub-09_2	68	Pulse	255	1576940	391	0
sub-09_2	69	Picture	30	1590334	0	1	2226	1	0	2000	other	0
sub-09_2	69	Pulse	255	1596940	6606	0
sub-09_2	70	Picture	60	1604953	0	1	2226	1	0	2000	other	0
sub-09_2	70	Pulse	255	1616940	11987	0
sub-09_2	71	Picture	30	1618738	0	1	2226	1	0	2000	other	0
sub-09_2	72	Picture	30	1632523	0	1	2226	1	0	2000	other	0
sub-09_2	72	Pulse	255	1636940	4417	0
sub-09_2	73	Picture	30	1646309	0	1	2226	1	0	2000	other	0
sub-09_2	73	Pulse	255	1656940	10631	0
sub-09_2	74	Picture	30	1660094	0	1	2226	1	0	2000	other	0
sub-09_2	75	Picture	60	1673713	0	1	2226	1	0	2000	other	0
sub-09_2	75	Pulse	255	1676940	3227	0
sub-09_2	76	Picture	70	1687331	0	1	2226	1	0	2000	other	0
sub-09_2	76	Pulse	255	1696940	9609	0
sub-09_2	77	Picture	60	1701950	0	1	2226	1	0	2000	other	0
sub-09_2	78	Picture	10	1716735	0	1	2226	1	0	2000	other	0
sub-09_2	78	Pulse	255	1716940	205	0
sub-09_2	79	Picture	Bfix	1731354	0	1	50259	1	0	50000	other	0
sub-09_2	79	Pulse	255	1736940	5586	0
sub-09_2	79	Pulse	255	1756940	25586	0
sub-09_2	79	Pulse	255	1776940	45586	0
sub-09_2	80	Picture	70	1781613	0	1	2226	1	0	2000	other	0
sub-09_2	81	Picture	10	1795398	0	1	2226	1	0	2000	other	0
sub-09_2	81	Pulse	255	1796940	1542	0
sub-09_2	82	Picture	70	1809017	0	1	2226	1	0	2000	other	0
sub-09_2	82	Pulse	255	1816940	7924	0
sub-09_2	83	Picture	70	1822635	0	1	2226	1	0	2000	other	0
sub-09_2	84	Picture	70	1835254	0	1	2226	1	0	2000	other	0
sub-09_2	84	Pulse	255	1836940	1687	0
sub-09_2	85	Picture	30	1848039	0	1	2226	1	0	2000	other	0
sub-09_2	85	Pulse	255	1856930	8892	0
sub-09_2	86	Picture	70	1861657	0	1	2226	1	0	2000	other	0
sub-09_2	87	Picture	60	1876276	0	1	2226	1	0	2000	other	0
sub-09_2	87	Pulse	255	1876931	655	0
sub-09_2	88	Picture	10	1890228	0	1	2226	1	0	2000	other	0
sub-09_2	88	Pulse	255	1896931	6703	0
sub-09_2	89	Picture	10	1903013	0	1	2226	1	0	2000	other	0
sub-09_2	90	Picture	70	1916631	0	1	2226	1	0	2000	other	0
sub-09_2	90	Pulse	255	1916931	299	0
sub-09_2	91	Picture	80	1930417	0	1	2226	1	0	2000	other	0
sub-09_2	91	Response	1	1934681	4264	1
sub-09_2	91	Pulse	255	1936931	6514	0
sub-09_2	92	Picture	30	1943202	0	1	2226	1	0	2000	other	0
sub-09_2	92	Pulse	255	1956931	13728	0
sub-09_2	93	Picture	60	1957821	0	1	2226	1	0	2000	other	0
sub-09_2	94	Picture	60	1972440	0	1	2226	1	0	2000	other	0
sub-09_2	94	Pulse	255	1976931	4491	0
sub-09_2	95	Picture	70	1985059	0	1	2226	1	0	2000	other	0
sub-09_2	95	Pulse	255	1996931	11873	0
sub-09_2	96	Picture	10	1997844	0	1	2226	1	0	2000	other	0
sub-09_2	97	Picture	10	2011629	0	1	2226	1	0	2000	other	0
sub-09_2	97	Pulse	255	2016931	5302	0
sub-09_2	98	Picture	10	2024414	0	1	2226	1	0	2000	other	0
sub-09_2	98	Pulse	255	2036931	12517	0
sub-09_2	99	Picture	30	2039200	0	1	2226	1	0	2000	other	0
sub-09_2	100	Picture	Bfix	2051819	0	1	50226	1	0	50000	other	0
sub-09_2	100	Pulse	255	2056931	5112	0
sub-09_2	100	Pulse	255	2076931	25112	0
sub-09_2	100	Pulse	255	2096931	45113	0
sub-09_2	101	Picture	70	2102211	0	1	2226	1	0	2000	other	0
sub-09_2	102	Picture	70	2115830	0	1	2226	1	0	2000	other	0
sub-09_2	102	Pulse	255	2116931	1102	0
sub-09_2	103	Picture	30	2130615	0	1	2226	1	0	2000	other	0
sub-09_2	103	Pulse	255	2136932	6316	0
sub-09_2	104	Picture	10	2143401	0	1	2226	1	0	2000	other	0
sub-09_2	105	Picture	10	2156186	0	1	2226	1	0	2000	other	0
sub-09_2	105	Pulse	255	2156931	746	0
sub-09_2	106	Picture	70	2169804	0	1	2226	1	0	2000	other	0
sub-09_2	106	Pulse	255	2176932	7127	0
sub-09_2	107	Picture	10	2184590	0	1	2226	1	0	2000	other	0
sub-09_2	107	Pulse	255	2196932	12342	0
sub-09_2	108	Picture	10	2198375	0	1	2226	1	0	2000	other	0
sub-09_2	109	Picture	70	2212993	0	1	2226	1	0	2000	other	0
sub-09_2	109	Pulse	255	2216932	3938	0
sub-09_2	110	Picture	30	2227779	0	1	2226	1	0	2000	other	0
sub-09_2	110	Pulse	255	2236932	9153	0
sub-09_2	111	Picture	Bfix	2241398	0	1	50226	1	0	50000	other	0
sub-09_2	111	Pulse	255	2256932	15534	0
sub-09_2	111	Pulse	255	2276932	35534	0
sub-09_2	112	Picture	20	2292124	0	1	2226	1	0	2000	other	0
sub-09_2	112	Pulse	255	2296932	4808	0
sub-09_2	113	Picture	20	2306909	0	1	2226	1	0	2000	other	0
sub-09_2	113	Pulse	255	2316932	10023	0
sub-09_2	114	Picture	90	2320695	0	1	2226	1	0	2000	other	0
sub-09_2	115	Picture	40	2335480	0	1	2226	1	0	2000	other	0
sub-09_2	115	Pulse	255	2336932	1452	0
sub-09_2	116	Picture	20	2348432	0	1	2226	1	0	2000	other	0
sub-09_2	116	Pulse	255	2356932	8500	0
sub-09_2	117	Picture	80	2362217	0	1	2226	1	0	2000	other	0
sub-09_2	117	Response	1	2366662	4445	1
sub-09_2	117	Pulse	255	2376932	14715	0
sub-09_2	118	Picture	20	2377002	0	1	2226	1	0	2000	other	0
sub-09_2	119	Picture	20	2390788	0	1	2226	1	0	2000	other	0
sub-09_2	119	Pulse	255	2396932	6145	0
sub-09_2	120	Picture	20	2405573	0	1	2226	1	0	2000	other	0
sub-09_2	120	Pulse	255	2416932	11360	0
sub-09_2	121	Picture	50	2419358	0	1	2226	1	0	2000	other	0
sub-09_2	122	Picture	50	2434143	0	1	2226	1	0	2000	other	0
sub-09_2	122	Pulse	255	2436933	2789	0
sub-09_2	123	Picture	20	2446928	0	1	2226	1	0	2000	other	0
sub-09_2	123	Pulse	255	2456933	10004	0
sub-09_2	124	Picture	50	2459714	0	1	2226	1	0	2000	other	0
sub-09_2	125	Picture	20	2473499	0	1	2226	1	0	2000	other	0
sub-09_2	125	Pulse	255	2476932	3433	0
sub-09_2	126	Picture	40	2488284	0	1	2226	1	0	2000	other	0
sub-09_2	126	Pulse	255	2496933	8648	0
sub-09_2	127	Picture	40	2501069	0	1	2226	1	0	2000	other	0
sub-09_2	128	Picture	50	2515855	0	1	2226	1	0	2000	other	0
sub-09_2	128	Pulse	255	2516933	1078	0
sub-09_2	129	Picture	40	2530640	0	1	2226	1	0	2000	other	0
sub-09_2	129	Pulse	255	2536933	6293	0
sub-09_2	130	Picture	50	2544425	0	1	2226	1	0	2000	other	0
sub-09_2	130	Pulse	255	2556933	12507	0
sub-09_2	131	Picture	90	2559211	0	1	2226	1	0	2000	other	0
sub-09_2	132	Picture	50	2571996	0	1	2226	1	0	2000	other	0
sub-09_2	132	Pulse	255	2576933	4937	0
sub-09_2	133	Picture	40	2584782	0	1	2226	1	0	2000	other	0
sub-09_2	133	Pulse	255	2596933	12151	0
sub-09_2	134	Picture	40	2598733	0	1	2226	1	0	2000	other	0
sub-09_2	135	Picture	40	2611518	0	1	2226	1	0	2000	other	0
sub-09_2	135	Pulse	255	2616933	5415	0
sub-09_2	136	Picture	50	2626304	0	1	2226	1	0	2000	other	0
sub-09_2	136	Pulse	255	2636933	10629	0
sub-09_2	137	Picture	Bfix	2638922	0	1	50455	1	0	50000	other	0
sub-09_2	137	Pulse	255	2656933	18011	0
sub-09_2	137	Pulse	255	2676933	38011	0
sub-09_2	138	Picture	50	2689377	0	1	2226	1	0	2000	other	0
sub-09_2	138	Pulse	255	2696933	7557	0
sub-09_2	139	Picture	90	2702329	0	1	2226	1	0	2000	other	0
sub-09_2	139	Pulse	255	2716782	14453	152
sub-09_2	140	Picture	20	2717114	0	1	2226	1	0	2000	other	0
sub-09_2	141	Picture	20	2731900	0	1	2226	1	0	2000	other	0
sub-09_2	141	Pulse	255	2736933	5034	0
sub-09_2	142	Picture	40	2746685	0	1	2226	1	0	2000	other	0
sub-09_2	142	Pulse	255	2756933	10248	0
sub-09_2	143	Picture	90	2761471	0	1	2126	1	0	2000	other	0
sub-09_2	144	Picture	40	2774156	0	1	2227	1	0	2000	other	0
sub-09_2	144	Pulse	255	2776934	2778	0
sub-09_2	145	Picture	50	2788942	0	1	2227	1	0	2000	other	0
sub-09_2	145	Pulse	255	2796934	7992	0
sub-09_2	146	Picture	50	2802728	0	1	2226	1	0	2000	other	0
sub-09_2	147	Picture	80	2815513	0	1	2226	1	0	2000	other	0
sub-09_2	147	Pulse	255	2816934	1421	0
sub-09_2	147	Response	1	2819644	4131	1
sub-09_2	148	Picture	40	2828298	0	1	2226	1	0	2000	other	0
sub-09_2	148	Pulse	255	2836934	8636	0
sub-09_2	149	Picture	40	2843084	0	1	2226	1	0	2000	other	0
sub-09_2	149	Pulse	255	2856934	13850	0
sub-09_2	150	Picture	90	2857869	0	1	2226	1	0	2000	other	0
sub-09_2	151	Picture	20	2871655	0	1	2226	1	0	2000	other	0
sub-09_2	151	Pulse	255	2876934	5279	0
sub-09_2	152	Picture	40	2885441	0	1	2226	1	0	2000	other	0
sub-09_2	152	Pulse	255	2896934	11493	0
sub-09_2	153	Picture	40	2898226	0	1	2227	1	0	2000	other	0
sub-09_2	154	Picture	40	2913013	0	1	2226	1	0	2000	other	0
sub-09_2	154	Pulse	255	2916934	3921	0
sub-09_2	155	Picture	90	2926798	0	1	2226	1	0	2000	other	0
sub-09_2	155	Pulse	255	2936934	10136	0
sub-09_2	156	Picture	90	2939583	0	1	2226	1	0	2000	other	0
sub-09_2	157	Picture	40	2954369	0	1	2226	1	0	2000	other	0
sub-09_2	157	Pulse	255	2956934	2566	0
sub-09_2	158	Picture	90	2969154	0	1	2226	1	0	2000	other	0
sub-09_2	158	Pulse	255	2976934	7781	0
sub-09_2	159	Picture	20	2982939	0	1	2226	1	0	2000	other	0
sub-09_2	160	Picture	40	2996724	0	1	2226	1	0	2000	other	0
sub-09_2	160	Pulse	255	2996934	210	0
sub-09_2	161	Picture	90	3010510	0	1	2226	1	0	2000	other	0
sub-09_2	161	Pulse	255	3016934	6425	0
sub-09_2	162	Picture	80	3024295	0	1	2226	1	0	2000	other	0
sub-09_2	162	Response	1	3028894	4600	1
sub-09_2	162	Pulse	255	3036934	12640	0
sub-09_2	163	Picture	Bfix	3038915	0	1	50457	1	0	50000	other	0
sub-09_2	163	Pulse	255	3056935	18020	0
sub-09_2	163	Pulse	255	3076935	38020	0
sub-09_2	164	Picture	90	3089372	0	1	2226	1	0	2000	other	0
sub-09_2	164	Pulse	255	3096934	7563	0
sub-09_2	165	Picture	50	3104157	0	1	2226	1	0	2000	other	0
sub-09_2	165	Pulse	255	3116935	12777	0
sub-09_2	166	Picture	80	3116942	0	1	2226	1	0	2000	other	0
sub-09_2	166	Response	1	3120944	4002	1
sub-09_2	167	Picture	50	3130728	0	1	2226	1	0	2000	other	0
sub-09_2	167	Pulse	255	3136935	6207	0
sub-09_2	168	Picture	20	3144513	0	1	2226	1	0	2000	other	0
sub-09_2	168	Pulse	255	3156935	12421	0
sub-09_2	169	Picture	90	3158299	0	1	2226	1	0	2000	other	0
sub-09_2	170	Picture	20	3173084	0	1	2226	1	0	2000	other	0
sub-09_2	170	Pulse	255	3176935	3850	0
sub-09_2	171	Picture	40	3187870	0	1	2226	1	0	2000	other	0
sub-09_2	171	Pulse	255	3196935	9065	0
sub-09_2	172	Picture	90	3202655	0	1	2226	1	0	2000	other	0
sub-09_2	173	Picture	50	3216440	0	1	2226	1	0	2000	other	0
sub-09_2	173	Pulse	255	3216935	495	0
sub-09_2	174	Picture	20	3229225	0	1	2226	1	0	2000	other	0
sub-09_2	174	Pulse	255	3236935	7710	0
sub-09_2	175	Picture	40	3243011	0	1	2226	1	0	2000	other	0
sub-09_2	175	Pulse	255	3256935	13925	0
sub-09_2	176	Picture	90	3257796	0	1	2226	1	0	2000	other	0
sub-09_2	177	Picture	50	3271581	0	1	2226	1	0	2000	other	0
sub-09_2	177	Pulse	255	3276935	5354	0
sub-09_2	178	Picture	50	3286533	0	1	2226	1	0	2000	other	0
sub-09_2	178	Pulse	255	3296935	10402	0
sub-09_2	179	Picture	20	3299319	0	1	2226	1	0	2000	other	0
sub-09_2	180	Picture	20	3312104	0	1	2226	1	0	2000	other	0
sub-09_2	180	Pulse	255	3316935	4831	0
sub-09_2	181	Picture	90	3324890	0	1	2226	1	0	2000	other	0
sub-09_2	181	Pulse	255	3336935	12045	0
sub-09_2	182	Picture	40	3338675	0	1	2226	1	0	2000	other	0
sub-09_2	183	Picture	40	3352461	0	1	2226	1	0	2000	other	0
sub-09_2	183	Pulse	255	3356935	4475	0
sub-09_2	184	Picture	50	3366246	0	1	2226	1	0	2000	other	0
sub-09_2	184	Pulse	255	3376935	10689	0
sub-09_2	185	Picture	90	3379031	0	1	2226	1	0	2000	other	0
sub-09_2	186	Picture	50	3391816	0	1	2226	1	0	2000	other	0
sub-09_2	186	Pulse	255	3396936	5119	0
sub-09_2	187	Picture	90	3405602	0	1	2226	1	0	2000	other	0
sub-09_2	187	Pulse	255	3416936	11334	0
sub-09_2	188	Picture	90	3419387	0	1	2226	1	0	2000	other	0
sub-09_2	189	Picture	Bfix	3433006	0	1	50455	1	0	50000	other	0
sub-09_2	189	Pulse	255	3436936	3930	0
sub-09_2	189	Pulse	255	3456936	23930	0
sub-09_2	189	Pulse	255	3476936	43930	0
sub-09_2	190	Picture	90	3483462	0	1	2226	1	0	2000	other	0
sub-09_2	190	Pulse	255	3496914	13453	22
sub-09_2	191	Picture	40	3497247	0	1	2226	1	0	2000	other	0
sub-09_2	192	Picture	90	3510032	0	1	2226	1	0	2000	other	0
sub-09_2	192	Pulse	255	3516936	6904	0
sub-09_2	193	Picture	50	3524817	0	1	2226	1	0	2000	other	0
sub-09_2	193	Pulse	255	3536936	12118	0
sub-09_2	194	Picture	20	3537603	0	1	2226	1	0	2000	other	0
sub-09_2	195	Picture	90	3551388	0	1	2226	1	0	2000	other	0
sub-09_2	195	Pulse	255	3556936	5548	0
sub-09_2	196	Picture	50	3566173	0	1	2226	1	0	2000	other	0
sub-09_2	196	Pulse	255	3576936	10763	0
sub-09_2	197	Picture	90	3580959	0	1	2226	1	0	2000	other	0
sub-09_2	198	Picture	20	3595912	0	1	2226	1	0	2000	other	0
sub-09_2	198	Pulse	255	3596926	1014	0
sub-09_2	199	Picture	20	3608697	0	1	2226	1	0	2000	other	0
sub-09_2	199	Pulse	255	3616926	8229	0
sub-09_2	200	Picture	50	3621483	0	1	2226	1	0	2000	other	0
sub-09_2	201	Picture	50	3634435	0	1	2226	1	0	2000	other	0
sub-09_2	201	Pulse	255	3636926	2491	0
sub-09_2	202	Picture	40	3648221	0	1	2226	1	0	2000	other	0
sub-09_2	202	Pulse	255	3656926	8706	0
sub-09_2	203	Picture	80	3661006	0	1	2226	1	0	2000	other	0
sub-09_2	203	Response	1	3665246	4241	1
sub-09_2	204	Picture	90	3673791	0	1	2226	1	0	2000	other	0
sub-09_2	204	Pulse	255	3676927	3136	0
sub-09_2	205	Picture	90	3688576	0	1	2226	1	0	2000	other	0
sub-09_2	205	Pulse	255	3696926	8351	0
sub-09_2	206	Picture	90	3702528	0	1	2226	1	0	2000	other	0
sub-09_2	207	Picture	20	3716314	0	1	2226	1	0	2000	other	0
sub-09_2	207	Pulse	255	3716927	613	0
sub-09_2	208	Picture	90	3730099	0	1	2226	1	0	2000	other	0
sub-09_2	208	Pulse	255	3736927	6828	0
sub-09_2	209	Picture	50	3742884	0	1	2226	1	0	2000	other	0
sub-09_2	210	Picture	Bfix	3755503	0	1	50455	1	0	50000	other	0
sub-09_2	210	Pulse	255	3756927	1424	0
sub-09_2	210	Pulse	255	3776927	21424	0
sub-09_2	210	Pulse	255	3796927	41424	0
sub-09_2	211	Picture	20	3805958	0	1	2226	1	0	2000	other	0
sub-09_2	211	Pulse	255	3816927	10969	0
sub-09_2	212	Picture	90	3820743	0	1	2226	1	0	2000	other	0
sub-09_2	213	Picture	90	3835529	0	1	2226	1	0	2000	other	0
sub-09_2	213	Pulse	255	3836927	1398	0
sub-09_2	214	Picture	50	3848314	0	1	2226	1	0	2000	other	0
sub-09_2	214	Pulse	255	3856927	8613	0
sub-09_2	215	Picture	40	3863099	0	1	2226	1	0	2000	other	0
sub-09_2	216	Picture	40	3876884	0	1	2226	1	0	2000	other	0
sub-09_2	216	Pulse	255	3876927	43	0
sub-09_2	217	Picture	20	3891669	0	1	2226	1	0	2000	other	0
sub-09_2	217	Pulse	255	3896927	5258	0
sub-09_2	218	Picture	40	3906455	0	1	2226	1	0	2000	other	0
sub-09_2	218	Pulse	255	3916927	10472	0
sub-09_2	219	Picture	50	3920241	0	1	2226	1	0	2000	other	0
sub-09_2	220	Picture	50	3934026	0	1	2226	1	0	2000	other	0
sub-09_2	220	Pulse	255	3936927	2901	0
sub-09_2	221	Picture	Bfix	3946646	0	1	71877	1	0	60000	other	0
sub-09_2	221	Pulse	255	3956927	10282	0
sub-09_2	221	Pulse	255	3976927	30282	0
