Scenario - loca_visu_version1
Logfile written - 03/26/2019 18:22:07

Subject	Trial	Event Type	Code	Time	TTime	Uncertainty	Duration	Uncertainty	ReqTime	ReqDur	Stim Type	Pair Index

sub-01_1	0	Pulse	255	701214	701214	0
sub-01_1	1	Picture	Bfix	701443	0	1	50307	1	0	50000	other	0
sub-01_1	1	Pulse	255	721214	19771	0
sub-01_1	1	Pulse	255	741215	39772	0
sub-01_1	2	Picture	70	751750	0	1	2227	1	0	2000	other	0
sub-01_1	2	Pulse	255	761214	9464	0
sub-01_1	3	Picture	10	766536	0	1	2226	1	0	2000	other	0
sub-01_1	4	Picture	70	779155	0	1	2226	1	0	2000	other	0
sub-01_1	4	Pulse	255	781235	2079	0
sub-01_1	5	Picture	30	794107	0	1	2226	1	0	2000	other	0
sub-01_1	5	Pulse	255	801215	7107	0
sub-01_1	6	Picture	80	809060	0	1	2226	1	0	2000	other	0
sub-01_1	6	Response	1	813795	4735	1
sub-01_1	6	Pulse	255	821215	12156	0
sub-01_1	7	Picture	60	822679	0	1	2226	1	0	2000	other	0
sub-01_1	8	Picture	60	835298	0	1	2226	1	0	2000	other	0
sub-01_1	8	Pulse	255	841215	5917	0
sub-01_1	9	Picture	70	849917	0	1	2227	1	0	2000	other	0
sub-01_1	9	Pulse	255	861215	11299	0
sub-01_1	10	Picture	70	863537	0	1	2226	1	0	2000	other	0
sub-01_1	11	Picture	70	878157	0	1	2226	1	0	2000	other	0
sub-01_1	11	Pulse	255	881215	3059	0
sub-01_1	12	Picture	30	890942	0	1	2226	1	0	2000	other	0
sub-01_1	12	Pulse	255	901215	10273	0
sub-01_1	13	Picture	10	905894	0	1	2226	1	0	2000	other	0
sub-01_1	14	Picture	30	918680	0	1	2227	1	0	2000	other	0
sub-01_1	14	Pulse	255	921216	2536	0
sub-01_1	15	Picture	30	932466	0	1	2226	1	0	2000	other	0
sub-01_1	15	Pulse	255	941216	8750	0
sub-01_1	16	Picture	70	946085	0	1	2226	1	0	2000	other	0
sub-01_1	17	Picture	80	958871	0	1	2226	1	0	2000	other	0
sub-01_1	17	Pulse	255	961216	2345	0
sub-01_1	17	Response	1	964216	5345	1
sub-01_1	18	Picture	70	973490	0	1	2226	1	0	2000	other	0
sub-01_1	18	Pulse	255	981216	7726	0
sub-01_1	19	Picture	10	987276	0	1	2227	1	0	2000	other	0
sub-01_1	20	Picture	70	999896	0	4	2226	4	0	2000	other	0
sub-01_1	20	Pulse	255	1001216	1320	0
sub-01_1	21	Picture	10	1014682	0	1	2226	1	0	2000	other	0
sub-01_1	21	Pulse	255	1021216	6535	0
sub-01_1	22	Picture	60	1029300	0	1	2227	1	0	2000	other	0
sub-01_1	22	Pulse	255	1041216	11916	0
sub-01_1	23	Picture	30	1043253	0	1	2226	1	0	2000	other	0
sub-01_1	24	Picture	60	1055871	0	1	2226	1	0	2000	other	0
sub-01_1	24	Pulse	255	1061217	5345	0
sub-01_1	25	Picture	10	1069657	0	1	2226	1	0	2000	other	0
sub-01_1	25	Pulse	255	1081207	11550	0
sub-01_1	26	Picture	30	1082442	0	1	2226	1	0	2000	other	0
sub-01_1	27	Picture	Bfix	1097061	0	1	50259	1	0	50000	other	0
sub-01_1	27	Pulse	255	1101207	4146	0
sub-01_1	27	Pulse	255	1121207	24146	0
sub-01_1	27	Pulse	255	1141207	44146	0
sub-01_1	28	Picture	60	1147320	0	1	2226	1	0	2000	other	0
sub-01_1	29	Picture	70	1160939	0	1	2226	1	0	2000	other	0
sub-01_1	29	Pulse	255	1161207	268	0
sub-01_1	30	Picture	30	1175891	0	1	2227	1	0	2000	other	0
sub-01_1	30	Pulse	255	1181207	5316	0
sub-01_1	31	Picture	10	1190844	0	1	2226	1	0	2000	other	0
sub-01_1	31	Pulse	255	1201207	10364	0
sub-01_1	32	Picture	60	1204462	0	1	2226	1	0	2000	other	0
sub-01_1	33	Picture	10	1219414	0	1	2226	1	0	2000	other	0
sub-01_1	33	Pulse	255	1221207	1793	0
sub-01_1	34	Picture	60	1233033	0	1	2226	1	0	2000	other	0
sub-01_1	34	Pulse	255	1241208	8174	0
sub-01_1	35	Picture	10	1246818	0	1	2226	1	0	2000	other	0
sub-01_1	36	Picture	10	1259770	0	1	2226	1	0	2000	other	0
sub-01_1	36	Pulse	255	1261207	1437	0
sub-01_1	37	Picture	10	1273555	0	1	2227	1	0	2000	other	0
sub-01_1	37	Pulse	255	1281207	7652	0
sub-01_1	38	Picture	60	1288175	0	1	2226	1	0	2000	other	0
sub-01_1	38	Pulse	255	1301208	13033	0
sub-01_1	39	Picture	30	1303127	0	1	2226	1	0	2000	other	0
sub-01_1	40	Picture	80	1316079	0	1	2226	1	0	2000	other	0
sub-01_1	40	Response	1	1321168	5089	1
sub-01_1	40	Pulse	255	1321207	5129	0
sub-01_1	41	Picture	10	1329031	0	1	2226	1	0	2000	other	0
sub-01_1	41	Pulse	255	1341208	12177	0
sub-01_1	42	Picture	70	1341649	0	1	2226	1	0	2000	other	0
sub-01_1	43	Picture	10	1354602	0	1	2226	1	0	2000	other	0
sub-01_1	43	Pulse	255	1361208	6607	0
sub-01_1	44	Picture	10	1368387	0	1	2226	1	0	2000	other	0
sub-01_1	44	Pulse	255	1381208	12821	0
sub-01_1	45	Picture	10	1382172	0	1	2226	1	0	2000	other	0
sub-01_1	46	Picture	60	1395791	0	1	2226	1	0	2000	other	0
sub-01_1	46	Pulse	255	1401208	5418	0
sub-01_1	47	Picture	70	1409409	0	1	2226	1	0	2000	other	0
sub-01_1	47	Pulse	255	1421208	11799	0
sub-01_1	48	Picture	Bfix	1423028	0	1	50226	1	0	50000	other	0
sub-01_1	48	Pulse	255	1441208	18180	0
sub-01_1	48	Pulse	255	1461208	38180	0
sub-01_1	49	Picture	10	1473754	0	1	2226	1	0	2000	other	0
sub-01_1	49	Pulse	255	1481209	7454	0
sub-01_1	50	Picture	30	1487540	0	1	2226	1	0	2000	other	0
sub-01_1	51	Picture	60	1501158	0	1	2226	1	0	2000	other	0
sub-01_1	51	Pulse	255	1501209	50	0
sub-01_1	52	Picture	60	1513777	0	1	2226	1	0	2000	other	0
sub-01_1	52	Pulse	255	1521209	7432	0
sub-01_1	53	Picture	70	1528395	0	1	2226	1	0	2000	other	0
sub-01_1	53	Pulse	255	1541209	12814	0
sub-01_1	54	Picture	70	1543014	0	1	2226	1	0	2000	other	0
sub-01_1	55	Picture	30	1557966	0	1	2226	1	0	2000	other	0
sub-01_1	55	Pulse	255	1561209	3243	0
sub-01_1	56	Picture	10	1571919	0	1	2226	1	0	2000	other	0
sub-01_1	56	Pulse	255	1581209	9291	0
sub-01_1	57	Picture	30	1586870	0	1	2227	1	0	2000	other	0
sub-01_1	58	Picture	30	1599823	0	1	2226	1	0	2000	other	0
sub-01_1	58	Pulse	255	1601209	1386	0
sub-01_1	59	Picture	30	1612775	0	1	2226	1	0	2000	other	0
sub-01_1	59	Pulse	255	1621209	8435	0
sub-01_1	60	Picture	10	1625727	0	1	2227	1	0	2000	other	0
sub-01_1	61	Picture	30	1640680	0	1	2226	1	0	2000	other	0
sub-01_1	61	Pulse	255	1641210	530	0
sub-01_1	62	Picture	10	1655631	0	1	2226	1	0	2000	other	0
sub-01_1	62	Pulse	255	1661210	5578	0
sub-01_1	63	Picture	60	1669250	0	1	2226	1	0	2000	other	0
sub-01_1	63	Pulse	255	1681209	11960	0
sub-01_1	64	Picture	60	1683869	0	1	2226	1	0	2000	other	0
sub-01_1	65	Picture	30	1697821	0	1	2226	1	0	2000	other	0
sub-01_1	65	Pulse	255	1701210	3388	0
sub-01_1	66	Picture	30	1710774	0	1	2226	1	0	2000	other	0
sub-01_1	66	Pulse	255	1721210	10436	0
sub-01_1	67	Picture	60	1723392	0	1	2226	1	0	2000	other	0
sub-01_1	68	Picture	30	1737344	0	1	2226	1	0	2000	other	0
sub-01_1	68	Pulse	255	1741210	3866	0
sub-01_1	69	Picture	70	1750962	0	1	2226	1	0	2000	other	0
sub-01_1	69	Pulse	255	1761210	10248	0
sub-01_1	70	Picture	60	1764581	0	1	2226	1	0	2000	other	0
sub-01_1	71	Picture	80	1778533	0	1	2226	1	0	2000	other	0
sub-01_1	71	Pulse	255	1781210	2677	0
sub-01_1	71	Response	1	1782949	4416	1
sub-01_1	72	Picture	60	1791151	0	1	2226	1	0	2000	other	0
sub-01_1	72	Pulse	255	1801210	10059	0
sub-01_1	73	Picture	10	1804937	0	1	2226	1	0	2000	other	0
sub-01_1	74	Picture	30	1817889	0	1	2226	1	0	2000	other	0
sub-01_1	74	Pulse	255	1821210	3321	0
sub-01_1	75	Picture	60	1830507	0	1	2226	1	0	2000	other	0
sub-01_1	75	Pulse	255	1841211	10703	0
sub-01_1	76	Picture	70	1843126	0	1	2226	1	0	2000	other	0
sub-01_1	77	Picture	30	1857078	0	1	2226	1	0	2000	other	0
sub-01_1	77	Pulse	255	1861210	4132	0
sub-01_1	78	Picture	10	1871030	0	1	2226	1	0	2000	other	0
sub-01_1	78	Pulse	255	1881211	10180	0
sub-01_1	79	Picture	Bfix	1884649	0	1	50463	1	0	50000	other	0
sub-01_1	79	Pulse	255	1901210	16562	0
sub-01_1	79	Pulse	255	1921211	36562	0
sub-01_1	80	Picture	10	1935111	0	1	2226	1	0	2000	other	0
sub-01_1	80	Pulse	255	1941210	6099	0
sub-01_1	81	Picture	30	1949063	0	1	2226	1	0	2000	other	0
sub-01_1	81	Pulse	255	1961211	12148	0
sub-01_1	82	Picture	60	1963682	0	1	2226	1	0	2000	other	0
sub-01_1	83	Picture	70	1977300	0	1	2226	1	0	2000	other	0
sub-01_1	83	Pulse	255	1981211	3911	0
sub-01_1	84	Picture	70	1990919	0	1	2226	1	0	2000	other	0
sub-01_1	84	Pulse	255	2001211	10292	0
sub-01_1	85	Picture	30	2004704	0	1	2226	1	0	2000	other	0
sub-01_1	86	Picture	70	2018323	0	1	2226	1	0	2000	other	0
sub-01_1	86	Pulse	255	2021211	2889	0
sub-01_1	87	Picture	10	2032108	0	1	2226	1	0	2000	other	0
sub-01_1	87	Pulse	255	2041211	9103	0
sub-01_1	88	Picture	60	2044726	0	1	2226	1	0	2000	other	0
sub-01_1	89	Picture	30	2058511	0	1	2227	1	0	2000	other	0
sub-01_1	89	Pulse	255	2061211	2700	0
sub-01_1	90	Picture	60	2071131	0	1	2226	1	0	2000	other	0
sub-01_1	90	Pulse	255	2081211	10080	0
sub-01_1	91	Picture	70	2085750	0	1	2226	1	0	2000	other	0
sub-01_1	92	Picture	60	2099368	0	1	2226	1	0	2000	other	0
sub-01_1	92	Pulse	255	2101212	1844	0
sub-01_1	93	Picture	30	2112154	0	1	2226	1	0	2000	other	0
sub-01_1	93	Pulse	255	2121212	9058	0
sub-01_1	94	Picture	60	2124772	0	1	2226	1	0	2000	other	0
sub-01_1	95	Picture	70	2139391	0	1	2226	1	0	2000	other	0
sub-01_1	95	Pulse	255	2141212	1821	0
sub-01_1	96	Picture	60	2153009	0	1	2226	1	0	2000	other	0
sub-01_1	96	Pulse	255	2161211	8202	0
sub-01_1	97	Picture	70	2165628	0	1	2226	1	0	2000	other	0
sub-01_1	98	Picture	70	2180247	0	1	2226	1	0	2000	other	0
sub-01_1	98	Pulse	255	2181211	964	0
sub-01_1	99	Picture	60	2192866	0	1	2226	1	0	2000	other	0
sub-01_1	99	Pulse	255	2201212	8346	0
sub-01_1	100	Picture	Bfix	2205485	0	1	50263	1	0	50000	other	0
sub-01_1	100	Pulse	255	2221212	15727	0
sub-01_1	100	Pulse	255	2241212	35728	0
sub-01_1	101	Picture	60	2255747	0	1	2226	1	0	2000	other	0
sub-01_1	101	Pulse	255	2261212	5465	0
sub-01_1	102	Picture	70	2270366	0	1	2226	1	0	2000	other	0
sub-01_1	102	Pulse	255	2281212	10846	0
sub-01_1	103	Picture	70	2283984	0	1	2226	1	0	2000	other	0
sub-01_1	104	Picture	10	2296936	0	1	2226	1	0	2000	other	0
sub-01_1	104	Pulse	255	2301212	4276	0
sub-01_1	105	Picture	80	2311889	0	1	2226	1	0	2000	other	0
sub-01_1	105	Response	1	2316863	4974	1
sub-01_1	105	Pulse	255	2321212	9324	0
sub-01_1	106	Picture	10	2325841	0	1	2226	1	0	2000	other	0
sub-01_1	107	Picture	10	2339793	0	1	2226	1	0	2000	other	0
sub-01_1	107	Pulse	255	2341213	1419	0
sub-01_1	108	Picture	30	2354745	0	1	2226	1	0	2000	other	0
sub-01_1	108	Pulse	255	2361212	6467	0
sub-01_1	109	Picture	30	2368697	0	1	2226	1	0	2000	other	0
sub-01_1	109	Pulse	255	2381150	12453	63
sub-01_1	110	Picture	30	2381482	0	1	2226	1	0	2000	other	0
sub-01_1	111	Picture	Bfix	2396101	0	1	50540	1	0	50000	other	0
sub-01_1	111	Pulse	255	2401213	5112	0
sub-01_1	111	Pulse	255	2421213	25113	0
sub-01_1	111	Pulse	255	2441213	45112	0
sub-01_1	112	Picture	40	2446640	0	1	2226	1	0	2000	other	0
sub-01_1	113	Picture	20	2460593	0	1	2226	1	0	2000	other	0
sub-01_1	113	Pulse	255	2461213	621	0
sub-01_1	114	Picture	50	2474545	0	1	2226	1	0	2000	other	0
sub-01_1	114	Pulse	255	2481213	6668	0
sub-01_1	115	Picture	20	2487497	0	1	2226	1	0	2000	other	0
sub-01_1	115	Pulse	255	2501213	13716	0
sub-01_1	116	Picture	40	2502449	0	1	2226	1	0	2000	other	0
sub-01_1	117	Picture	80	2517234	0	1	2226	1	0	2000	other	0
sub-01_1	117	Pulse	255	2521213	3979	0
sub-01_1	117	Response	1	2522243	5009	1
sub-01_1	118	Picture	90	2530186	0	1	2226	1	0	2000	other	0
sub-01_1	118	Pulse	255	2541213	11027	0
sub-01_1	119	Picture	40	2543138	0	1	2226	1	0	2000	other	0
sub-01_1	120	Picture	90	2558090	0	1	2226	1	0	2000	other	0
sub-01_1	120	Pulse	255	2561214	3123	0
sub-01_1	121	Picture	90	2571042	0	1	2226	1	0	2000	other	0
sub-01_1	121	Pulse	255	2581204	10161	0
sub-01_1	122	Picture	90	2583994	0	1	2226	1	0	2000	other	0
sub-01_1	123	Picture	90	2596778	0	3	2226	3	0	2000	other	0
sub-01_1	123	Pulse	255	2601204	4426	0
sub-01_1	124	Picture	20	2609729	0	1	2226	1	0	2000	other	0
sub-01_1	124	Pulse	255	2621203	11474	0
sub-01_1	125	Picture	50	2623681	0	1	2226	1	0	2000	other	0
sub-01_1	126	Picture	40	2638634	0	1	2226	1	0	2000	other	0
sub-01_1	126	Pulse	255	2641204	2570	0
sub-01_1	127	Picture	40	2652585	0	1	2226	1	0	2000	other	0
sub-01_1	127	Pulse	255	2661204	8619	0
sub-01_1	128	Picture	40	2666537	0	1	2226	1	0	2000	other	0
sub-01_1	129	Picture	50	2680489	0	1	2226	1	0	2000	other	0
sub-01_1	129	Pulse	255	2681204	715	0
sub-01_1	130	Picture	40	2693441	0	1	2226	1	0	2000	other	0
sub-01_1	130	Pulse	255	2701204	7763	0
sub-01_1	131	Picture	90	2708393	0	1	2226	1	0	2000	other	0
sub-01_1	131	Pulse	255	2721204	12811	0
sub-01_1	132	Picture	40	2723345	0	1	2226	1	0	2000	other	0
sub-01_1	133	Picture	20	2738297	0	1	2226	1	0	2000	other	0
sub-01_1	133	Pulse	255	2741204	2907	0
sub-01_1	134	Picture	20	2752249	0	1	2226	1	0	2000	other	0
sub-01_1	134	Pulse	255	2761204	8955	0
sub-01_1	135	Picture	90	2766201	0	1	2226	1	0	2000	other	0
sub-01_1	136	Picture	50	2779986	0	1	2226	1	0	2000	other	0
sub-01_1	136	Pulse	255	2781204	1218	0
sub-01_1	137	Picture	Bfix	2793605	0	1	50533	1	0	50000	other	0
sub-01_1	137	Pulse	255	2801205	7600	0
sub-01_1	137	Pulse	255	2821204	27600	0
sub-01_1	137	Pulse	255	2841204	47600	0
sub-01_1	138	Picture	90	2844138	0	1	2226	1	0	2000	other	0
sub-01_1	139	Picture	50	2857090	0	1	2226	1	0	2000	other	0
sub-01_1	139	Pulse	255	2861205	4115	0
sub-01_1	140	Picture	20	2871041	0	1	2226	1	0	2000	other	0
sub-01_1	140	Pulse	255	2881205	10164	0
sub-01_1	141	Picture	90	2883994	0	1	2226	1	0	2000	other	0
sub-01_1	142	Picture	90	2896946	0	1	2226	1	0	2000	other	0
sub-01_1	142	Pulse	255	2901205	4259	0
sub-01_1	143	Picture	90	2909898	0	1	2226	1	0	2000	other	0
sub-01_1	143	Pulse	255	2921205	11307	0
sub-01_1	144	Picture	50	2922850	0	1	2226	1	0	2000	other	0
sub-01_1	145	Picture	40	2935801	0	1	2226	1	0	2000	other	0
sub-01_1	145	Pulse	255	2941205	5404	0
sub-01_1	146	Picture	90	2949753	0	1	2226	1	0	2000	other	0
sub-01_1	146	Pulse	255	2961205	11452	0
sub-01_1	147	Picture	40	2962539	0	1	2226	1	0	2000	other	0
sub-01_1	148	Picture	40	2976491	0	1	2226	1	0	2000	other	0
sub-01_1	148	Pulse	255	2981205	4714	0
sub-01_1	149	Picture	90	2991443	0	1	2226	1	0	2000	other	0
sub-01_1	149	Pulse	255	3001205	9763	0
sub-01_1	150	Picture	20	3005395	0	1	2226	1	0	2000	other	0
sub-01_1	151	Picture	80	3018180	0	1	2226	1	0	2000	other	0
sub-01_1	151	Pulse	255	3021205	3025	0
sub-01_1	151	Response	1	3023085	4905	1
sub-01_1	152	Picture	50	3031972	0	1	2226	1	0	2000	other	0
sub-01_1	152	Pulse	255	3041206	9234	0
sub-01_1	153	Picture	50	3044924	0	1	2226	1	0	2000	other	0
sub-01_1	154	Picture	20	3057876	0	1	2226	1	0	2000	other	0
sub-01_1	154	Pulse	255	3061206	3330	0
sub-01_1	155	Picture	80	3071661	0	1	2226	1	0	2000	other	0
sub-01_1	155	Response	1	3077806	6145	1
sub-01_1	155	Pulse	255	3081206	9545	0
sub-01_1	156	Picture	90	3086447	0	1	2226	1	0	2000	other	0
sub-01_1	157	Picture	80	3100232	0	1	2227	1	0	2000	other	0
sub-01_1	157	Pulse	255	3101206	974	0
sub-01_1	157	Response	1	3105116	4884	1
sub-01_1	158	Picture	90	3113185	0	1	2226	1	0	2000	other	0
sub-01_1	158	Pulse	255	3121206	8021	0
sub-01_1	159	Picture	20	3127136	0	1	2226	1	0	2000	other	0
sub-01_1	160	Picture	40	3141088	0	1	2226	1	0	2000	other	0
sub-01_1	160	Pulse	255	3141206	117	0
sub-01_1	161	Picture	50	3155040	0	1	2226	1	0	2000	other	0
sub-01_1	161	Pulse	255	3161206	6166	0
sub-01_1	162	Picture	90	3167992	0	1	2226	1	0	2000	other	0
sub-01_1	162	Pulse	255	3181206	13214	0
sub-01_1	163	Picture	Bfix	3182610	0	1	50532	1	0	50000	other	0
sub-01_1	163	Pulse	255	3201206	18595	0
sub-01_1	163	Pulse	255	3221206	38596	0
sub-01_1	164	Picture	40	3233142	0	1	2226	1	0	2000	other	0
sub-01_1	164	Pulse	255	3241206	8064	0
sub-01_1	165	Picture	20	3246094	0	1	2226	1	0	2000	other	0
sub-01_1	166	Picture	40	3260046	0	1	2226	1	0	2000	other	0
sub-01_1	166	Pulse	255	3261206	1161	0
sub-01_1	167	Picture	20	3272997	0	1	2226	1	0	2000	other	0
sub-01_1	167	Pulse	255	3281206	8209	0
sub-01_1	168	Picture	20	3287949	0	1	2226	1	0	2000	other	0
sub-01_1	168	Pulse	255	3301207	13257	0
sub-01_1	169	Picture	50	3302901	0	1	2226	1	0	2000	other	0
sub-01_1	170	Picture	20	3315853	0	1	2226	1	0	2000	other	0
sub-01_1	170	Pulse	255	3321207	5354	0
sub-01_1	171	Picture	20	3328805	0	1	2226	1	0	2000	other	0
sub-01_1	171	Pulse	255	3341207	12402	0
sub-01_1	172	Picture	40	3343590	0	1	2226	1	0	2000	other	0
sub-01_1	173	Picture	40	3357542	0	1	2226	1	0	2000	other	0
sub-01_1	173	Pulse	255	3361207	3665	0
sub-01_1	174	Picture	90	3372494	0	1	2226	1	0	2000	other	0
sub-01_1	174	Pulse	255	3381207	8713	0
sub-01_1	175	Picture	50	3386446	0	1	2226	1	0	2000	other	0
sub-01_1	176	Picture	50	3400398	0	1	2226	1	0	2000	other	0
sub-01_1	176	Pulse	255	3401207	809	0
sub-01_1	177	Picture	40	3414183	0	1	2226	1	0	2000	other	0
sub-01_1	177	Pulse	255	3421207	7024	0
sub-01_1	178	Picture	90	3428135	0	1	2226	1	0	2000	other	0
sub-01_1	179	Picture	40	3441087	0	1	2226	1	0	2000	other	0
sub-01_1	179	Pulse	255	3441207	120	0
sub-01_1	180	Picture	40	3456039	0	1	2226	1	0	2000	other	0
sub-01_1	180	Pulse	255	3461207	5168	0
sub-01_1	181	Picture	50	3469991	0	1	2226	1	0	2000	other	0
sub-01_1	181	Pulse	255	3481207	11216	0
sub-01_1	182	Picture	20	3483944	0	1	2226	1	0	2000	other	0
sub-01_1	183	Picture	90	3498896	0	1	2167	1	0	2000	other	0
sub-01_1	183	Pulse	255	3501208	2312	0
sub-01_1	184	Picture	20	3513622	0	1	2226	1	0	2000	other	0
sub-01_1	184	Pulse	255	3521208	7585	0
sub-01_1	185	Picture	20	3528574	0	1	2226	1	0	2000	other	0
sub-01_1	185	Pulse	255	3541207	12633	0
sub-01_1	186	Picture	50	3543527	0	1	2226	1	0	2000	other	0
sub-01_1	187	Picture	50	3556478	0	1	2226	1	0	2000	other	0
sub-01_1	187	Pulse	255	3561208	4730	0
sub-01_1	188	Picture	50	3570431	0	1	2226	1	0	2000	other	0
sub-01_1	188	Pulse	255	3581208	10777	0
sub-01_1	189	Picture	Bfix	3584049	0	1	50226	1	0	50000	other	0
sub-01_1	189	Pulse	255	3601208	17159	0
sub-01_1	189	Pulse	255	3621208	37159	0
sub-01_1	190	Picture	40	3634775	0	1	2226	1	0	2000	other	0
sub-01_1	190	Pulse	255	3641208	6433	0
sub-01_1	191	Picture	50	3647727	0	1	2226	1	0	2000	other	0
sub-01_1	191	Pulse	255	3661208	13481	0
sub-01_1	192	Picture	20	3662679	0	1	2226	1	0	2000	other	0
sub-01_1	193	Picture	90	3675631	0	1	2226	1	0	2000	other	0
sub-01_1	193	Pulse	255	3681208	5577	0
sub-01_1	194	Picture	40	3689582	0	1	2226	1	0	2000	other	0
sub-01_1	194	Pulse	255	3701208	11626	0
sub-01_1	195	Picture	20	3702534	0	1	2226	1	0	2000	other	0
sub-01_1	196	Picture	50	3717320	0	1	2226	1	0	2000	other	0
sub-01_1	196	Pulse	255	3721209	3889	0
sub-01_1	197	Picture	90	3732272	0	1	2226	1	0	2000	other	0
sub-01_1	197	Pulse	255	3741209	8937	0
sub-01_1	198	Picture	90	3745057	0	1	2226	1	0	2000	other	0
sub-01_1	199	Picture	50	3758842	0	1	2226	1	0	2000	other	0
sub-01_1	199	Pulse	255	3761209	2367	0
sub-01_1	200	Picture	90	3773794	0	1	2226	1	0	2000	other	0
sub-01_1	200	Pulse	255	3781208	7414	0
sub-01_1	201	Picture	20	3788580	0	1	2226	1	0	2000	other	0
sub-01_1	201	Pulse	255	3801209	12629	0
sub-01_1	202	Picture	20	3802365	0	1	2226	1	0	2000	other	0
sub-01_1	203	Picture	50	3815150	0	1	2226	1	0	2000	other	0
sub-01_1	203	Pulse	255	3821209	6059	0
sub-01_1	204	Picture	90	3830102	0	1	2226	1	0	2000	other	0
sub-01_1	204	Pulse	255	3841209	11107	0
sub-01_1	205	Picture	50	3844887	0	1	2226	1	0	2000	other	0
sub-01_1	206	Picture	40	3858839	0	1	2226	1	0	2000	other	0
sub-01_1	206	Pulse	255	3861209	2370	0
sub-01_1	207	Picture	90	3872791	0	1	2226	1	0	2000	other	0
sub-01_1	207	Pulse	255	3881209	8418	0
sub-01_1	208	Picture	50	3887743	0	1	2226	1	0	2000	other	0
sub-01_1	208	Pulse	255	3901195	13452	14
sub-01_1	209	Picture	40	3901695	0	1	2226	1	0	2000	other	0
sub-01_1	210	Picture	Bfix	3915313	0	1	50533	1	0	50000	other	0
sub-01_1	210	Pulse	255	3921209	5896	0
sub-01_1	210	Pulse	255	3941209	25896	0
sub-01_1	210	Pulse	255	3961210	45897	0
sub-01_1	211	Picture	90	3965846	0	1	2226	1	0	2000	other	0
sub-01_1	212	Picture	40	3980799	0	1	2226	1	0	2000	other	0
sub-01_1	212	Pulse	255	3981209	410	0
sub-01_1	213	Picture	20	3993584	0	1	2226	1	0	2000	other	0
sub-01_1	213	Pulse	255	4001209	7626	0
sub-01_1	214	Picture	90	4008536	0	1	2226	1	0	2000	other	0
sub-01_1	214	Pulse	255	4021210	12674	0
sub-01_1	215	Picture	20	4022488	0	1	2226	1	0	2000	other	0
sub-01_1	216	Picture	50	4037440	0	1	2226	1	0	2000	other	0
sub-01_1	216	Pulse	255	4041210	3770	0
sub-01_1	217	Picture	40	4051391	0	1	2226	1	0	2000	other	0
sub-01_1	217	Pulse	255	4061210	9818	0
sub-01_1	218	Picture	80	4066177	0	1	2226	1	0	2000	other	0
sub-01_1	218	Response	1	4070660	4483	1
sub-01_1	219	Picture	50	4080129	0	1	2226	1	0	2000	other	0
sub-01_1	219	Pulse	255	4081200	1071	0
sub-01_1	220	Picture	50	4093081	0	1	2226	1	0	2000	other	0
sub-01_1	220	Pulse	255	4101200	8120	0
sub-01_1	221	Picture	Bfix	4105699	0	1	71413	1	0	60000	other	0
sub-01_1	221	Pulse	255	4121200	15500	0
sub-01_1	221	Pulse	255	4141200	35501	0
