Scenario - loca_visu_version1
Logfile written - 06/19/2018 15:56:15

Subject	Trial	Event Type	Code	Time	TTime	Uncertainty	Duration	Uncertainty	ReqTime	ReqDur	Stim Type	Pair Index

sub-07_1	0	Pulse	255	700151	700151	0
sub-07_1	1	Picture	Bfix	700380	0	1	50281	1	0	50000	other	0
sub-07_1	1	Pulse	255	720152	19772	0
sub-07_1	1	Pulse	255	740151	39771	0
sub-07_1	2	Picture	70	750660	0	1	2226	1	0	2000	other	0
sub-07_1	2	Pulse	255	760151	9491	0
sub-07_1	3	Picture	10	763612	0	1	2226	1	0	2000	other	0
sub-07_1	4	Picture	70	776230	0	1	2226	1	0	2000	other	0
sub-07_1	4	Pulse	255	780152	3922	0
sub-07_1	5	Picture	30	790015	0	1	2226	1	0	2000	other	0
sub-07_1	5	Pulse	255	800151	10136	0
sub-07_1	6	Picture	80	803967	0	1	2226	1	0	2000	other	0
sub-07_1	6	Response	1	807831	3864	1
sub-07_1	7	Picture	60	818586	0	1	2226	1	0	2000	other	0
sub-07_1	7	Pulse	255	820151	1566	0
sub-07_1	8	Picture	60	832204	0	1	2226	1	0	2000	other	0
sub-07_1	8	Pulse	255	840151	7947	0
sub-07_1	9	Picture	70	844822	0	1	2226	1	0	2000	other	0
sub-07_1	10	Picture	70	857440	0	1	2226	1	0	2000	other	0
sub-07_1	10	Pulse	255	860151	2711	0
sub-07_1	11	Picture	70	870058	0	1	2226	1	0	2000	other	0
sub-07_1	11	Pulse	255	880152	10094	0
sub-07_1	12	Picture	30	883010	0	1	2226	1	0	2000	other	0
sub-07_1	13	Picture	10	897961	0	1	2226	1	0	2000	other	0
sub-07_1	13	Pulse	255	900152	2190	0
sub-07_1	14	Picture	30	911913	0	1	2226	1	0	2000	other	0
sub-07_1	14	Pulse	255	920152	8239	0
sub-07_1	15	Picture	30	926865	0	1	2226	1	0	2000	other	0
sub-07_1	16	Picture	70	939483	0	1	2226	1	0	2000	other	0
sub-07_1	16	Pulse	255	940152	669	0
sub-07_1	17	Picture	80	953434	0	1	2226	1	0	2000	other	0
sub-07_1	17	Response	1	957252	3817	1
sub-07_1	17	Pulse	255	960152	6717	0
sub-07_1	18	Picture	70	968052	0	1	2226	1	0	2000	other	0
sub-07_1	18	Pulse	255	980152	12099	0
sub-07_1	19	Picture	10	982004	0	1	2226	1	0	2000	other	0
sub-07_1	20	Picture	70	995622	0	1	2226	1	0	2000	other	0
sub-07_1	20	Pulse	255	1000152	4530	0
sub-07_1	21	Picture	10	1008574	0	1	2226	1	0	2000	other	0
sub-07_1	21	Pulse	255	1020152	11578	0
sub-07_1	22	Picture	60	1021192	0	1	2226	1	0	2000	other	0
sub-07_1	23	Picture	30	1036144	0	1	2226	1	0	2000	other	0
sub-07_1	23	Pulse	255	1040152	4008	0
sub-07_1	24	Picture	60	1049762	0	1	2226	1	0	2000	other	0
sub-07_1	24	Pulse	255	1060152	10390	0
sub-07_1	25	Picture	10	1062714	0	1	2226	1	0	2000	other	0
sub-07_1	26	Picture	30	1075665	0	1	2226	1	0	2000	other	0
sub-07_1	26	Pulse	255	1080152	4487	0
sub-07_1	27	Picture	Bfix	1089283	0	1	50257	1	0	50000	other	0
sub-07_1	27	Pulse	255	1100152	10869	0
sub-07_1	27	Pulse	255	1120152	30869	0
sub-07_1	28	Picture	60	1139541	0	1	2226	1	0	2000	other	0
sub-07_1	28	Pulse	255	1140152	612	0
sub-07_1	29	Picture	70	1153159	0	1	2226	1	0	2000	other	0
sub-07_1	29	Pulse	255	1160152	6993	0
sub-07_1	30	Picture	30	1167444	0	1	2226	1	0	2000	other	0
sub-07_1	30	Pulse	255	1180152	12708	0
sub-07_1	31	Picture	10	1182396	0	1	2226	1	0	2000	other	0
sub-07_1	32	Picture	60	1195014	0	1	2226	1	0	2000	other	0
sub-07_1	32	Pulse	255	1200152	5138	0
sub-07_1	33	Picture	10	1208132	0	1	2226	1	0	2000	other	0
sub-07_1	33	Pulse	255	1220152	12020	0
sub-07_1	34	Picture	60	1221750	0	1	2226	1	0	2000	other	0
sub-07_1	35	Picture	10	1235702	0	1	2226	1	0	2000	other	0
sub-07_1	35	Pulse	255	1240152	4450	0
sub-07_1	36	Picture	10	1249654	0	1	2226	1	0	2000	other	0
sub-07_1	36	Pulse	255	1260152	10499	0
sub-07_1	37	Picture	10	1264605	0	1	2226	1	0	2000	other	0
sub-07_1	38	Picture	60	1278224	0	1	2226	1	0	2000	other	0
sub-07_1	38	Pulse	255	1280152	1929	0
sub-07_1	39	Picture	30	1293175	0	1	2226	1	0	2000	other	0
sub-07_1	39	Pulse	255	1300152	6977	0
sub-07_1	40	Picture	80	1308127	0	1	2226	1	0	2000	other	0
sub-07_1	40	Response	1	1311972	3845	1
sub-07_1	40	Pulse	255	1320153	12025	0
sub-07_1	41	Picture	10	1322079	0	1	2226	1	0	2000	other	0
sub-07_1	42	Picture	70	1335697	0	1	2226	1	0	2000	other	0
sub-07_1	42	Pulse	255	1340153	4456	0
sub-07_1	43	Picture	10	1350649	0	1	2226	1	0	2000	other	0
sub-07_1	43	Pulse	255	1360153	9504	0
sub-07_1	44	Picture	10	1364601	0	1	2226	1	0	2000	other	0
sub-07_1	45	Picture	10	1377553	0	1	2226	1	0	2000	other	0
sub-07_1	45	Pulse	255	1380153	2600	0
sub-07_1	46	Picture	60	1392171	0	1	2226	1	0	2000	other	0
sub-07_1	46	Pulse	255	1400153	7982	0
sub-07_1	47	Picture	70	1406789	0	1	2226	1	0	2000	other	0
sub-07_1	47	Pulse	255	1420153	13364	0
sub-07_1	48	Picture	Bfix	1421408	0	1	50654	1	0	50000	other	0
sub-07_1	48	Pulse	255	1440153	18745	0
sub-07_1	48	Pulse	255	1460152	38745	0
sub-07_1	49	Picture	10	1472061	0	1	2226	1	0	2000	other	0
sub-07_1	49	Pulse	255	1480143	8081	0
sub-07_1	50	Picture	30	1487013	0	1	2226	1	0	2000	other	0
sub-07_1	51	Picture	60	1499632	0	1	2226	1	0	2000	other	0
sub-07_1	51	Pulse	255	1500143	512	0
sub-07_1	52	Picture	60	1512250	0	1	2226	1	0	2000	other	0
sub-07_1	52	Pulse	255	1520143	7893	0
sub-07_1	53	Picture	70	1524868	0	1	2226	1	0	2000	other	0
sub-07_1	54	Picture	70	1539486	0	1	2226	1	0	2000	other	0
sub-07_1	54	Pulse	255	1540143	657	0
sub-07_1	55	Picture	30	1552438	0	1	2226	1	0	2000	other	0
sub-07_1	55	Pulse	255	1560143	7705	0
sub-07_1	56	Picture	10	1566390	0	1	2226	1	0	2000	other	0
sub-07_1	56	Pulse	255	1579842	13452	302
sub-07_1	57	Picture	30	1580341	0	1	2226	1	0	2000	other	0
sub-07_1	58	Picture	30	1595293	0	1	2226	1	0	2000	other	0
sub-07_1	58	Pulse	255	1600143	4850	0
sub-07_1	59	Picture	30	1609245	0	1	2226	1	0	2000	other	0
sub-07_1	59	Pulse	255	1620143	10898	0
sub-07_1	60	Picture	10	1623363	0	1	2226	1	0	2000	other	0
sub-07_1	61	Picture	30	1637315	0	1	2226	1	0	2000	other	0
sub-07_1	61	Pulse	255	1640143	2829	0
sub-07_1	62	Picture	10	1651266	0	1	2226	1	0	2000	other	0
sub-07_1	62	Pulse	255	1660143	8877	0
sub-07_1	63	Picture	60	1664885	0	1	2226	1	0	2000	other	0
sub-07_1	64	Picture	60	1679503	0	1	2226	1	0	2000	other	0
sub-07_1	64	Pulse	255	1680143	640	0
sub-07_1	65	Picture	30	1694621	0	1	2226	1	0	2000	other	0
sub-07_1	65	Pulse	255	1700144	5522	0
sub-07_1	66	Picture	30	1708740	0	1	2226	1	0	2000	other	0
sub-07_1	66	Pulse	255	1720143	11404	0
sub-07_1	67	Picture	60	1723358	0	1	2226	1	0	2000	other	0
sub-07_1	68	Picture	30	1736310	0	1	2226	1	0	2000	other	0
sub-07_1	68	Pulse	255	1740144	3834	0
sub-07_1	69	Picture	70	1750928	0	1	2226	1	0	2000	other	0
sub-07_1	69	Pulse	255	1760143	9215	0
sub-07_1	70	Picture	60	1764547	0	1	2226	1	0	2000	other	0
sub-07_1	71	Picture	80	1779332	0	1	2226	1	0	2000	other	0
sub-07_1	71	Pulse	255	1780144	812	0
sub-07_1	71	Response	1	1783103	3772	1
sub-07_1	72	Picture	60	1792950	0	1	2226	1	0	2000	other	0
sub-07_1	72	Pulse	255	1800143	7193	0
sub-07_1	73	Picture	10	1806902	0	1	2226	1	0	2000	other	0
sub-07_1	73	Pulse	255	1820183	13282	4
sub-07_1	74	Picture	30	1820687	0	1	2226	1	0	2000	other	0
sub-07_1	75	Picture	60	1834305	0	1	2226	1	0	2000	other	0
sub-07_1	75	Pulse	255	1840144	5839	0
sub-07_1	76	Picture	70	1848923	0	1	2226	1	0	2000	other	0
sub-07_1	76	Pulse	255	1860144	11221	0
sub-07_1	77	Picture	30	1863708	0	1	2226	1	0	2000	other	0
sub-07_1	78	Picture	10	1878826	0	1	2226	1	0	2000	other	0
sub-07_1	78	Pulse	255	1880143	1317	0
sub-07_1	79	Picture	Bfix	1891445	0	1	50460	1	0	50000	other	0
sub-07_1	79	Pulse	255	1900144	8699	0
sub-07_1	79	Pulse	255	1920144	28699	0
sub-07_1	79	Pulse	255	1940144	48699	0
sub-07_1	80	Picture	10	1941905	0	1	2226	1	0	2000	other	0
sub-07_1	81	Picture	30	1954857	0	1	2226	1	0	2000	other	0
sub-07_1	81	Pulse	255	1960144	5287	0
sub-07_1	82	Picture	60	1969475	0	1	2226	1	0	2000	other	0
sub-07_1	82	Pulse	255	1980144	10669	0
sub-07_1	83	Picture	70	1982093	0	1	2226	1	0	2000	other	0
sub-07_1	84	Picture	70	1994711	0	1	2226	1	0	2000	other	0
sub-07_1	84	Pulse	255	2000144	5433	0
sub-07_1	85	Picture	30	2009663	0	1	2226	1	0	2000	other	0
sub-07_1	85	Pulse	255	2020144	10481	0
sub-07_1	86	Picture	70	2022281	0	1	2226	1	0	2000	other	0
sub-07_1	87	Picture	10	2037233	0	1	2226	1	0	2000	other	0
sub-07_1	87	Pulse	255	2040144	2911	0
sub-07_1	88	Picture	60	2049851	0	1	2226	1	0	2000	other	0
sub-07_1	88	Pulse	255	2060144	10293	0
sub-07_1	89	Picture	30	2064636	0	1	2226	1	0	2000	other	0
sub-07_1	90	Picture	60	2078254	0	1	2226	1	0	2000	other	0
sub-07_1	90	Pulse	255	2080144	1890	0
sub-07_1	91	Picture	70	2092872	0	1	2226	1	0	2000	other	0
sub-07_1	91	Pulse	255	2100144	7271	0
sub-07_1	92	Picture	60	2106491	0	1	2226	1	0	2000	other	0
sub-07_1	92	Pulse	255	2119943	13452	203
sub-07_1	93	Picture	30	2120442	0	1	2226	1	0	2000	other	0
sub-07_1	94	Picture	60	2135061	0	1	2226	1	0	2000	other	0
sub-07_1	94	Pulse	255	2140144	5083	0
sub-07_1	95	Picture	70	2149679	0	1	2226	1	0	2000	other	0
sub-07_1	95	Pulse	255	2160144	10464	0
sub-07_1	96	Picture	60	2164298	0	1	2226	1	0	2000	other	0
sub-07_1	97	Picture	70	2176916	0	1	2226	1	0	2000	other	0
sub-07_1	97	Pulse	255	2180144	3229	0
sub-07_1	98	Picture	70	2191534	0	1	2226	1	0	2000	other	0
sub-07_1	98	Pulse	255	2200144	8610	0
sub-07_1	99	Picture	60	2206152	0	1	2226	1	0	2000	other	0
sub-07_1	99	Pulse	255	2220145	13993	0
sub-07_1	100	Picture	Bfix	2220770	0	1	50259	1	0	50000	other	0
sub-07_1	100	Pulse	255	2240145	19374	0
sub-07_1	100	Pulse	255	2260145	39374	0
sub-07_1	101	Picture	60	2271030	0	1	2226	1	0	2000	other	0
sub-07_1	101	Pulse	255	2280145	9115	0
sub-07_1	102	Picture	70	2284648	0	1	2226	1	0	2000	other	0
sub-07_1	103	Picture	70	2298266	0	1	2226	1	0	2000	other	0
sub-07_1	103	Pulse	255	2300145	1879	0
sub-07_1	104	Picture	10	2312051	0	1	2226	1	0	2000	other	0
sub-07_1	104	Pulse	255	2320145	8094	0
sub-07_1	105	Picture	80	2327003	0	1	2226	1	0	2000	other	0
sub-07_1	105	Response	1	2331915	4912	1
sub-07_1	105	Pulse	255	2340145	13142	0
sub-07_1	106	Picture	10	2341954	0	1	2226	1	0	2000	other	0
sub-07_1	107	Picture	10	2356906	0	1	2226	1	0	2000	other	0
sub-07_1	107	Pulse	255	2360145	3239	0
sub-07_1	108	Picture	30	2370857	0	1	2226	1	0	2000	other	0
sub-07_1	108	Pulse	255	2380145	9287	0
sub-07_1	109	Picture	30	2383642	0	1	2226	1	0	2000	other	0
sub-07_1	110	Picture	30	2397428	0	1	2226	1	0	2000	other	0
sub-07_1	110	Pulse	255	2400145	2717	0
sub-07_1	111	Picture	Bfix	2410046	0	1	50467	1	0	50000	other	0
sub-07_1	111	Pulse	255	2420145	10099	0
sub-07_1	111	Pulse	255	2440146	30100	0
sub-07_1	111	Pulse	255	2460047	50001	99
sub-07_1	112	Picture	40	2460513	0	1	2226	1	0	2000	other	0
sub-07_1	113	Picture	20	2474464	0	1	2226	1	0	2000	other	0
sub-07_1	113	Pulse	255	2480145	5681	0
sub-07_1	114	Picture	50	2487416	0	1	2226	1	0	2000	other	0
sub-07_1	114	Pulse	255	2500145	12729	0
sub-07_1	115	Picture	20	2501368	0	1	2226	1	0	2000	other	0
sub-07_1	116	Picture	40	2516153	0	1	2226	1	0	2000	other	0
sub-07_1	116	Pulse	255	2520145	3993	0
sub-07_1	117	Picture	80	2530937	0	1	2226	1	0	2000	other	0
sub-07_1	117	Response	1	2535115	4178	1
sub-07_1	117	Pulse	255	2540145	9208	0
sub-07_1	118	Picture	90	2545722	0	1	2226	1	0	2000	other	0
sub-07_1	119	Picture	40	2558507	0	1	2226	1	0	2000	other	0
sub-07_1	119	Pulse	255	2560145	1638	0
sub-07_1	120	Picture	90	2572459	0	1	2226	1	0	2000	other	0
sub-07_1	120	Pulse	255	2580145	7686	0
sub-07_1	121	Picture	90	2586410	0	1	2226	1	0	2000	other	0
sub-07_1	121	Pulse	255	2599862	13452	283
sub-07_1	122	Picture	90	2600362	0	1	2226	1	0	2000	other	0
sub-07_1	123	Picture	90	2613314	0	1	2226	1	0	2000	other	0
sub-07_1	123	Pulse	255	2620145	6832	0
sub-07_1	124	Picture	20	2626099	0	1	2226	1	0	2000	other	0
sub-07_1	125	Picture	50	2638883	0	1	2226	1	0	2000	other	0
sub-07_1	125	Pulse	255	2640145	1262	0
sub-07_1	126	Picture	40	2654008	0	1	2226	1	0	2000	other	0
sub-07_1	126	Pulse	255	2660145	6137	0
sub-07_1	127	Picture	40	2666959	0	1	2226	1	0	2000	other	0
sub-07_1	128	Picture	40	2679744	0	1	2226	1	0	2000	other	0
sub-07_1	128	Pulse	255	2680145	401	0
sub-07_1	129	Picture	50	2694696	0	1	2226	1	0	2000	other	0
sub-07_1	129	Pulse	255	2700145	5450	0
sub-07_1	130	Picture	40	2707480	0	1	2226	1	0	2000	other	0
sub-07_1	130	Pulse	255	2720145	12664	0
sub-07_1	131	Picture	90	2722432	0	1	2226	1	0	2000	other	0
sub-07_1	132	Picture	40	2736551	0	1	2225	1	0	2000	other	0
sub-07_1	132	Pulse	255	2740147	3596	0
sub-07_1	133	Picture	20	2749503	0	1	2226	1	0	2000	other	0
sub-07_1	133	Pulse	255	2760146	10643	0
sub-07_1	134	Picture	20	2763454	0	1	2226	1	0	2000	other	0
sub-07_1	135	Picture	90	2778240	0	1	2226	1	0	2000	other	0
sub-07_1	135	Pulse	255	2780146	1906	0
sub-07_1	136	Picture	50	2793191	0	1	2226	1	0	2000	other	0
sub-07_1	136	Pulse	255	2800146	6955	0
sub-07_1	137	Picture	Bfix	2805809	0	1	50464	1	0	50000	other	0
sub-07_1	137	Pulse	255	2820146	14337	0
sub-07_1	137	Pulse	255	2840146	34337	0
sub-07_1	138	Picture	90	2856273	0	1	2226	1	0	2000	other	0
sub-07_1	138	Pulse	255	2860145	3872	0
sub-07_1	139	Picture	50	2871225	0	1	2226	1	0	2000	other	0
sub-07_1	139	Pulse	255	2880146	8921	0
sub-07_1	140	Picture	20	2886343	0	1	2226	1	0	2000	other	0
sub-07_1	140	Pulse	255	2900146	13803	0
sub-07_1	141	Picture	90	2901461	0	1	2226	1	0	2000	other	0
sub-07_1	142	Picture	90	2915413	0	1	2226	1	0	2000	other	0
sub-07_1	142	Pulse	255	2920146	4733	0
sub-07_1	143	Picture	90	2929198	0	1	2226	1	0	2000	other	0
sub-07_1	143	Pulse	255	2940146	10948	0
sub-07_1	144	Picture	50	2942150	0	1	2226	1	0	2000	other	0
sub-07_1	145	Picture	40	2955101	0	1	2226	1	0	2000	other	0
sub-07_1	145	Pulse	255	2960146	5045	0
sub-07_1	146	Picture	90	2968053	0	1	2226	1	0	2000	other	0
sub-07_1	146	Pulse	255	2980147	12094	0
sub-07_1	147	Picture	40	2983005	0	1	2226	1	0	2000	other	0
sub-07_1	148	Picture	40	2997123	0	1	2226	1	0	2000	other	0
sub-07_1	148	Pulse	255	3000146	3023	0
sub-07_1	149	Picture	90	3010241	0	1	2226	1	0	2000	other	0
sub-07_1	149	Pulse	255	3020146	9905	0
sub-07_1	150	Picture	20	3023359	0	1	2226	1	0	2000	other	0
sub-07_1	151	Picture	80	3037144	0	1	2226	1	0	2000	other	0
sub-07_1	151	Pulse	255	3040147	3003	0
sub-07_1	151	Response	1	3041536	4391	1
sub-07_1	152	Picture	50	3051263	0	1	2226	1	0	2000	other	0
sub-07_1	152	Pulse	255	3060146	8884	0
sub-07_1	153	Picture	50	3064214	0	1	2226	1	0	2000	other	0
sub-07_1	154	Picture	20	3079166	0	1	2226	1	0	2000	other	0
sub-07_1	154	Pulse	255	3080147	981	0
sub-07_1	155	Picture	80	3091951	0	1	2226	1	0	2000	other	0
sub-07_1	155	Response	1	3095616	3665	1
sub-07_1	155	Pulse	255	3100146	8195	0
sub-07_1	156	Picture	90	3106903	0	1	2226	1	0	2000	other	0
sub-07_1	156	Pulse	255	3120186	13284	0
sub-07_1	157	Picture	80	3120688	0	1	2226	1	0	2000	other	0
sub-07_1	157	Response	1	3124616	3929	1
sub-07_1	158	Picture	90	3133640	0	1	2226	1	0	2000	other	0
sub-07_1	158	Pulse	255	3140146	6507	0
sub-07_1	159	Picture	20	3148758	0	1	2226	1	0	2000	other	0
sub-07_1	159	Pulse	255	3160146	11389	0
sub-07_1	160	Picture	40	3163710	0	1	2226	1	0	2000	other	0
sub-07_1	161	Picture	50	3177828	0	1	2226	1	0	2000	other	0
sub-07_1	161	Pulse	255	3180147	2319	0
sub-07_1	162	Picture	90	3190946	0	1	2226	1	0	2000	other	0
sub-07_1	162	Pulse	255	3200146	9200	0
sub-07_1	163	Picture	Bfix	3205564	0	1	50539	1	0	50000	other	0
sub-07_1	163	Pulse	255	3220147	14583	0
sub-07_1	163	Pulse	255	3240147	34583	0
sub-07_1	164	Picture	40	3256103	0	1	2226	1	0	2000	other	0
sub-07_1	164	Pulse	255	3260147	4044	0
sub-07_1	165	Picture	20	3270054	0	1	2226	1	0	2000	other	0
sub-07_1	165	Pulse	255	3280147	10093	0
sub-07_1	166	Picture	40	3284840	0	1	2226	1	0	2000	other	0
sub-07_1	167	Picture	20	3298958	0	1	2226	1	0	2000	other	0
sub-07_1	167	Pulse	255	3300147	1189	0
sub-07_1	168	Picture	20	3312909	0	1	2226	1	0	2000	other	0
sub-07_1	168	Pulse	255	3320147	7238	0
sub-07_1	169	Picture	50	3327861	0	1	2225	1	0	2000	other	0
sub-07_1	169	Pulse	255	3340167	12306	0
sub-07_1	170	Picture	20	3340812	0	1	2226	1	0	2000	other	0
sub-07_1	171	Picture	20	3355764	0	1	2226	1	0	2000	other	0
sub-07_1	171	Pulse	255	3360146	4382	0
sub-07_1	172	Picture	40	3368716	0	1	2226	1	0	2000	other	0
sub-07_1	172	Pulse	255	3380147	11432	0
sub-07_1	173	Picture	40	3382834	0	1	2226	1	0	2000	other	0
sub-07_1	174	Picture	90	3397785	0	1	2226	1	0	2000	other	0
sub-07_1	174	Pulse	255	3400147	2362	0
sub-07_1	175	Picture	50	3411737	0	1	2226	1	0	2000	other	0
sub-07_1	175	Pulse	255	3420147	8410	0
sub-07_1	176	Picture	50	3425689	0	1	2226	1	0	2000	other	0
sub-07_1	177	Picture	40	3438640	0	1	2226	1	0	2000	other	0
sub-07_1	177	Pulse	255	3440147	1507	0
sub-07_1	178	Picture	90	3452759	0	1	2167	1	0	2000	other	0
sub-07_1	178	Pulse	255	3460147	7388	0
sub-07_1	179	Picture	40	3466652	0	1	2226	1	0	2000	other	0
sub-07_1	180	Picture	40	3479604	0	1	2226	1	0	2000	other	0
sub-07_1	180	Pulse	255	3480147	543	0
sub-07_1	181	Picture	50	3493555	0	1	2226	1	0	2000	other	0
sub-07_1	181	Pulse	255	3500147	6591	0
sub-07_1	182	Picture	20	3507508	0	1	2226	1	0	2000	other	0
sub-07_1	182	Pulse	255	3520147	12639	0
sub-07_1	183	Picture	90	3522459	0	1	2226	1	0	2000	other	0
sub-07_1	184	Picture	20	3536411	0	1	2226	1	0	2000	other	0
sub-07_1	184	Pulse	255	3540147	3736	0
sub-07_1	185	Picture	20	3551363	0	1	2226	1	0	2000	other	0
sub-07_1	185	Pulse	255	3560147	8785	0
sub-07_1	186	Picture	50	3565148	0	1	2226	1	0	2000	other	0
sub-07_1	187	Picture	50	3579933	0	1	2226	1	0	2000	other	0
sub-07_1	187	Pulse	255	3580147	215	0
sub-07_1	188	Picture	50	3593718	0	1	2226	1	0	2000	other	0
sub-07_1	188	Pulse	255	3600138	6420	0
sub-07_1	189	Picture	Bfix	3607336	0	1	50578	1	0	50000	other	0
sub-07_1	189	Pulse	255	3620137	12801	0
sub-07_1	189	Pulse	255	3640137	32801	0
sub-07_1	190	Picture	40	3657914	0	1	2226	1	0	2000	other	0
sub-07_1	190	Pulse	255	3660138	2224	0
sub-07_1	191	Picture	50	3672866	0	1	2226	1	0	2000	other	0
sub-07_1	191	Pulse	255	3680137	7271	0
sub-07_1	192	Picture	20	3687818	0	1	2226	1	0	2000	other	0
sub-07_1	192	Pulse	255	3700137	12319	0
sub-07_1	193	Picture	90	3702603	0	1	2226	1	0	2000	other	0
sub-07_1	194	Picture	40	3716555	0	1	2226	1	0	2000	other	0
sub-07_1	194	Pulse	255	3720138	3583	0
sub-07_1	195	Picture	20	3731506	0	1	2226	1	0	2000	other	0
sub-07_1	195	Pulse	255	3740138	8632	0
sub-07_1	196	Picture	50	3745457	0	1	2226	1	0	2000	other	0
sub-07_1	197	Picture	90	3759409	0	1	2226	1	0	2000	other	0
sub-07_1	197	Pulse	255	3760138	729	0
sub-07_1	198	Picture	90	3773361	0	1	2226	1	0	2000	other	0
sub-07_1	198	Pulse	255	3780138	6777	0
sub-07_1	199	Picture	50	3787312	0	1	2226	1	0	2000	other	0
sub-07_1	199	Pulse	255	3800138	12825	0
sub-07_1	200	Picture	90	3801431	0	1	2226	1	0	2000	other	0
sub-07_1	201	Picture	20	3814549	0	1	2226	1	0	2000	other	0
sub-07_1	201	Pulse	255	3820138	5589	0
sub-07_1	202	Picture	20	3828501	0	1	2226	1	0	2000	other	0
sub-07_1	202	Pulse	255	3840138	11637	0
sub-07_1	203	Picture	50	3843453	0	1	2226	1	0	2000	other	0
sub-07_1	204	Picture	90	3856405	0	1	2226	1	0	2000	other	0
sub-07_1	204	Pulse	255	3860138	3733	0
sub-07_1	205	Picture	50	3871356	0	1	2226	1	0	2000	other	0
sub-07_1	205	Pulse	255	3880138	8782	0
sub-07_1	206	Picture	40	3886308	0	1	2226	1	0	2000	other	0
sub-07_1	206	Pulse	255	3900138	13830	0
sub-07_1	207	Picture	90	3901427	0	1	2226	1	0	2000	other	0
sub-07_1	208	Picture	50	3915379	0	1	2226	1	0	2000	other	0
sub-07_1	208	Pulse	255	3920138	4759	0
sub-07_1	209	Picture	40	3930331	0	1	2226	1	0	2000	other	0
sub-07_1	209	Pulse	255	3940138	9808	0
sub-07_1	210	Picture	Bfix	3944949	0	1	50554	1	0	50000	other	0
sub-07_1	210	Pulse	255	3960138	15189	0
sub-07_1	210	Pulse	255	3980138	35189	0
sub-07_1	211	Picture	90	3995502	0	1	2226	1	0	2000	other	0
sub-07_1	211	Pulse	255	4000138	4636	0
sub-07_1	212	Picture	40	4008621	0	1	2226	1	0	2000	other	0
sub-07_1	212	Pulse	255	4020138	11518	0
sub-07_1	213	Picture	20	4022572	0	1	2226	1	0	2000	other	0
sub-07_1	214	Picture	90	4035523	0	1	2226	1	0	2000	other	0
sub-07_1	214	Pulse	255	4040139	4615	0
sub-07_1	215	Picture	20	4049475	0	1	2226	1	0	2000	other	0
sub-07_1	215	Pulse	255	4060139	10664	0
sub-07_1	216	Picture	50	4062427	0	1	2226	1	0	2000	other	0
sub-07_1	217	Picture	40	4075212	0	1	2226	1	0	2000	other	0
sub-07_1	217	Pulse	255	4080138	4926	0
sub-07_1	218	Picture	80	4089164	0	1	2226	1	0	2000	other	0
sub-07_1	218	Response	1	4094399	5235	1
sub-07_1	218	Pulse	255	4100138	10975	0
sub-07_1	219	Picture	50	4103115	0	1	2226	1	0	2000	other	0
sub-07_1	220	Picture	50	4117067	0	1	2226	1	0	2000	other	0
sub-07_1	221	Picture	Bfix	4130685	0	1	72157	1	0	60000	other	0
