Scenario - loca_lec1
Logfile written - 06/05/2018 14:41:00

Subject	Trial	Event Type	Code	Time	TTime	Uncertainty	Duration	Uncertainty	ReqTime	ReqDur	Stim Type	Pair Index

phantom_1	0	Pulse	255	659123	659123	0
phantom_1	1	Nothing	cut	659353	0	1			0		other	0
phantom_1	1	Nothing	cut	664353	5000	1			5000		other	0
phantom_1	1	Nothing	cut	669353	10000	1			10000		other	0
phantom_1	2	Picture	change_to_25	669581	0	1	25231	1	0	25000	other	0
phantom_1	2	Pulse	255	679122	9541	0
phantom_1	3	Pulse	255	699123	4285	0
phantom_1	3	Picture	20	699838	5000	1	20231	1	5000	20000	miss	0
phantom_1	3	Pulse	255	719123	24285	0
phantom_1	4	Picture	20	725095	5000	1	20226	1	5000	20000	miss	0
phantom_1	4	Pulse	255	739123	19028	0
phantom_1	5	Picture	20	750571	5000	1	20226	1	5000	20000	miss	0
phantom_1	5	Pulse	255	759123	13553	0
phantom_1	6	Picture	20	776046	5000	1	20231	1	5000	20000	miss	0
phantom_1	6	Pulse	255	779123	8077	0
phantom_1	7	Pulse	255	799123	2819	0
phantom_1	7	Picture	20	801303	5000	1	20228	1	5000	20000	miss	0
phantom_1	7	Pulse	255	819123	22820	0
phantom_1	8	Picture	change_to_15	821532	0	1	25230	1	0	25000	other	0
phantom_1	8	Pulse	255	839123	17591	0
phantom_1	9	Picture	10	851788	5000	1	20231	1	5000	20000	miss	0
phantom_1	9	Pulse	255	859123	12335	0
phantom_1	10	Picture	10	877046	5000	1	20231	1	5000	20000	miss	0
phantom_1	10	Pulse	255	879124	7078	0
phantom_1	11	Pulse	255	899124	1820	0
phantom_1	11	Picture	10	902304	5000	1	20231	1	5000	20000	miss	0
phantom_1	11	Pulse	255	919123	21819	0
phantom_1	12	Picture	10	927561	5000	1	20226	1	5000	20000	miss	0
phantom_1	12	Pulse	255	939123	16562	0
phantom_1	13	Picture	10	953034	5000	1	20158	1	5000	20000	miss	0
phantom_1	13	Pulse	255	959123	11089	0
phantom_1	14	Picture	change_to_35	973192	0	1	25089	1	0	25000	other	0
phantom_1	14	Pulse	255	979123	5931	0
phantom_1	15	Pulse	255	999124	694	0
phantom_1	15	Picture	30	1003431	5000	1	20226	1	5000	20000	miss	0
phantom_1	15	Pulse	255	1019123	20693	0
phantom_1	16	Picture	30	1028906	5000	1	20231	1	5000	20000	miss	0
phantom_1	16	Pulse	255	1039124	15218	0
phantom_1	17	Picture	30	1054165	5000	1	20231	1	5000	20000	miss	0
phantom_1	17	Pulse	255	1059123	9958	0
phantom_1	18	Pulse	255	1079123	4702	0
phantom_1	18	Picture	30	1079421	5000	1	20231	1	5000	20000	miss	0
phantom_1	18	Pulse	255	1099124	24703	0
phantom_1	19	Picture	30	1104676	5000	1	20228	1	5000	20000	miss	0
phantom_1	19	Pulse	255	1119124	19447	0
phantom_1	20	Picture	Bfix	1124904	0	1	200228	1	0	200000	other	0
phantom_1	20	Pulse	255	1139124	14220	0
phantom_1	20	Pulse	255	1159124	34220	0
phantom_1	20	Pulse	255	1179123	54218	0
phantom_1	20	Pulse	255	1199125	74220	0
phantom_1	20	Pulse	255	1219124	94220	0
phantom_1	20	Pulse	255	1239124	114219	0
phantom_1	20	Pulse	255	1259124	134219	0
phantom_1	20	Pulse	255	1279123	154219	0
phantom_1	20	Pulse	255	1299124	174220	0
phantom_1	20	Pulse	255	1319124	194219	0
phantom_1	21	Picture	change_to_25	1325132	0	1	25231	1	0	25000	other	0
phantom_1	21	Pulse	255	1339124	13992	0
phantom_1	22	Picture	20	1355390	5000	1	20231	1	5000	20000	miss	0
phantom_1	22	Pulse	255	1359124	8735	0
phantom_1	23	Pulse	255	1379124	3476	0
phantom_1	23	Picture	20	1380648	5000	1	20228	1	5000	20000	miss	0
phantom_1	23	Pulse	255	1399124	23476	0
phantom_1	24	Picture	20	1405912	5000	1	20230	1	5000	20000	miss	0
phantom_1	24	Pulse	255	1419124	18212	0
phantom_1	25	Picture	20	1431169	5000	1	20226	1	5000	20000	miss	0
phantom_1	25	Pulse	255	1439124	12954	0
phantom_1	26	Picture	20	1456645	5000	1	20228	1	5000	20000	miss	0
phantom_1	26	Pulse	255	1459124	7478	0
phantom_1	27	Picture	change_to_15	1476873	0	1	25231	1	0	25000	other	0
phantom_1	27	Pulse	255	1479124	2251	0
phantom_1	27	Pulse	255	1499125	22251	0
phantom_1	28	Picture	10	1507131	5000	1	20230	1	5000	20000	miss	0
phantom_1	28	Pulse	255	1519114	16983	0
phantom_1	29	Picture	10	1532385	5000	1	20232	1	5000	20000	miss	0
phantom_1	29	Pulse	255	1539114	11729	0
phantom_1	30	Picture	10	1557643	5000	1	20231	1	5000	20000	miss	0
phantom_1	30	Pulse	255	1559114	6472	0
phantom_1	31	Pulse	255	1579113	1214	0
phantom_1	31	Picture	10	1582900	5000	1	20226	1	5000	20000	miss	0
phantom_1	31	Pulse	255	1599114	21214	0
phantom_1	32	Picture	10	1608375	5000	1	20228	1	5000	20000	miss	0
phantom_1	32	Pulse	255	1619114	15739	0
phantom_1	33	Picture	change_to_35	1628603	0	1	25226	1	0	25000	other	0
phantom_1	33	Pulse	255	1639114	10512	0
phantom_1	34	Picture	30	1659079	5000	1	20226	1	5000	20000	miss	0
phantom_1	34	Pulse	255	1659115	5036	0
phantom_1	34	Pulse	255	1679145	25066	0
phantom_1	35	Picture	30	1684554	5000	1	20226	1	5000	20000	miss	0
phantom_1	35	Pulse	255	1699114	19560	0
phantom_1	36	Picture	30	1710027	5000	1	20231	1	5000	20000	miss	0
phantom_1	36	Pulse	255	1719115	14088	0
phantom_1	37	Picture	30	1735283	5000	1	20231	1	5000	20000	miss	0
phantom_1	37	Pulse	255	1739114	8831	0
phantom_1	38	Pulse	255	1759115	3582	0
phantom_1	38	Picture	30	1760533	5000	1	20227	1	5000	20000	miss	0
phantom_1	38	Pulse	255	1779115	23582	0
phantom_1	39	Picture	Bfix	1780760	0	1	200226	1	0	200000	other	0
phantom_1	39	Pulse	255	1799115	18355	0
phantom_1	39	Pulse	255	1819115	38355	0
phantom_1	39	Pulse	255	1839114	58354	0
phantom_1	39	Pulse	255	1859115	78355	0
phantom_1	39	Pulse	255	1879115	98355	0
phantom_1	39	Pulse	255	1899115	118355	0
phantom_1	39	Pulse	255	1919114	138354	0
phantom_1	39	Pulse	255	1939115	158355	0
phantom_1	39	Pulse	255	1959114	178354	0
phantom_1	39	Pulse	255	1979115	198355	0
phantom_1	40	Picture	change_to_35	1981153	0	1	25226	1	0	25000	other	0
phantom_1	40	Pulse	255	1999115	17962	0
phantom_1	41	Picture	30	2011633	5000	1	20230	1	5000	20000	miss	0
phantom_1	41	Pulse	255	2019115	12482	0
phantom_1	42	Picture	30	2036887	5000	1	20226	1	5000	20000	miss	0
phantom_1	42	Pulse	255	2039115	7227	0
phantom_1	43	Pulse	255	2059115	1752	0
phantom_1	43	Picture	30	2062363	5000	1	20231	1	5000	20000	miss	0
phantom_1	43	Pulse	255	2079115	21753	0
phantom_1	44	Picture	30	2087621	5000	1	20231	1	5000	20000	miss	0
phantom_1	44	Pulse	255	2099115	16494	0
phantom_1	45	Picture	30	2112877	5000	1	20228	1	5000	20000	miss	0
phantom_1	45	Pulse	255	2119116	11239	0
phantom_1	46	Picture	change_to_25	2133105	0	1	25231	1	0	25000	other	0
phantom_1	46	Pulse	255	2139115	6010	0
phantom_1	47	Pulse	255	2159115	755	0
phantom_1	47	Picture	20	2163361	5000	1	20231	1	5000	20000	miss	0
phantom_1	47	Pulse	255	2179116	20755	0
phantom_1	48	Picture	20	2188617	5000	1	20231	1	5000	20000	miss	0
phantom_1	48	Pulse	255	2199115	15498	0
phantom_1	49	Picture	20	2213874	5000	1	20231	1	5000	20000	miss	0
phantom_1	49	Pulse	255	2219116	10241	0
phantom_1	50	Pulse	255	2239116	4986	0
phantom_1	50	Picture	20	2239130	5000	1	20226	1	5000	20000	miss	0
phantom_1	50	Pulse	255	2259114	24985	0
phantom_1	51	Picture	20	2264602	5000	1	20228	1	5000	20000	miss	0
phantom_1	51	Pulse	255	2279116	19514	0
phantom_1	52	Picture	change_to_15	2284831	0	1	25230	1	0	25000	other	0
phantom_1	52	Pulse	255	2299115	14284	0
phantom_1	53	Picture	10	2315089	5000	1	20230	1	5000	20000	miss	0
phantom_1	53	Pulse	255	2319115	9026	0
phantom_1	54	Pulse	255	2339115	3773	0
phantom_1	54	Picture	10	2340342	5000	1	20231	1	5000	20000	miss	0
phantom_1	54	Pulse	255	2359115	23773	0
phantom_1	55	Picture	10	2365601	5000	1	20231	1	5000	20000	miss	0
phantom_1	55	Pulse	255	2379115	18515	0
phantom_1	56	Picture	10	2390857	5000	1	20226	1	5000	20000	miss	0
phantom_1	56	Pulse	255	2399115	13258	0
phantom_1	57	Picture	10	2416331	5000	1	20227	1	5000	20000	miss	0
phantom_1	57	Pulse	255	2419116	7786	0
phantom_1	58	Picture	Bfix	2436558	0	1	200228	1	0	200000	other	0
phantom_1	58	Pulse	255	2439115	2558	0
phantom_1	58	Pulse	255	2459116	22558	0
phantom_1	58	Pulse	255	2479116	42558	0
phantom_1	58	Pulse	255	2499116	62558	0
phantom_1	58	Pulse	255	2519115	82558	0
phantom_1	58	Pulse	255	2539117	102559	0
phantom_1	58	Pulse	255	2559115	122558	0
phantom_1	58	Pulse	255	2579116	142559	0
phantom_1	58	Pulse	255	2599116	162558	0
phantom_1	58	Pulse	255	2619116	182559	0
phantom_1	59	Picture	change_to_25	2636786	0	1	25226	1	0	25000	other	0
phantom_1	59	Pulse	255	2639116	2330	0
phantom_1	59	Pulse	255	2659115	22330	0
phantom_1	60	Picture	20	2667258	5000	1	20231	1	5000	20000	miss	0
phantom_1	60	Pulse	255	2679115	16858	0
phantom_1	61	Picture	20	2692515	5000	1	20231	1	5000	20000	miss	0
phantom_1	61	Pulse	255	2699116	11601	0
phantom_1	62	Picture	20	2717771	5000	1	20231	1	5000	20000	miss	0
phantom_1	62	Pulse	255	2719115	6345	0
phantom_1	63	Pulse	255	2739116	1088	0
phantom_1	63	Picture	20	2743028	5000	1	20231	1	5000	20000	miss	0
phantom_1	63	Pulse	255	2759116	21088	0
phantom_1	64	Picture	20	2768282	5000	1	20228	1	5000	20000	miss	0
phantom_1	64	Pulse	255	2779116	15834	0
phantom_1	65	Picture	change_to_15	2788510	0	1	25226	1	0	25000	other	0
phantom_1	65	Pulse	255	2799116	10605	0
phantom_1	66	Picture	10	2818983	5000	1	20231	1	5000	20000	miss	0
phantom_1	66	Pulse	255	2819116	5133	0
phantom_1	66	Pulse	255	2839117	25134	0
phantom_1	67	Picture	10	2844241	5000	1	20231	1	5000	20000	miss	0
phantom_1	67	Pulse	255	2859116	19875	0
phantom_1	68	Picture	10	2869498	5000	1	20226	1	5000	20000	miss	0
phantom_1	68	Pulse	255	2879117	14619	0
phantom_1	69	Picture	10	2894971	5000	1	20231	1	5000	20000	miss	0
phantom_1	69	Pulse	255	2899116	9145	0
phantom_1	70	Pulse	255	2919116	3888	0
phantom_1	70	Picture	10	2920228	5000	1	20228	1	5000	20000	miss	0
phantom_1	70	Pulse	255	2939116	23888	0
phantom_1	71	Picture	change_to_35	2940456	0	1	25226	1	0	25000	other	0
phantom_1	71	Pulse	255	2959117	18661	0
phantom_1	72	Picture	30	2970930	5000	1	20230	1	5000	20000	miss	0
phantom_1	72	Pulse	255	2979117	13187	0
phantom_1	73	Picture	30	2996186	5000	1	20230	1	5000	20000	miss	0
phantom_1	73	Pulse	255	2999116	7930	0
phantom_1	74	Pulse	255	3019116	2673	0
phantom_1	74	Picture	30	3021443	5000	1	20231	1	5000	20000	miss	0
phantom_1	74	Pulse	255	3039117	22673	0
phantom_1	75	Picture	30	3046702	5000	1	20231	1	5000	20000	miss	0
phantom_1	75	Pulse	255	3059116	17414	0
phantom_1	76	Picture	30	3071956	5000	1	20227	1	5000	20000	miss	0
phantom_1	76	Pulse	255	3079117	12161	0
phantom_1	77	Picture	Bfix	3092183	0	1	200228	1	0	200000	other	0
phantom_1	77	Pulse	255	3099116	6933	0
phantom_1	77	Pulse	255	3119116	26933	0
phantom_1	77	Pulse	255	3139116	46933	0
phantom_1	77	Pulse	255	3159117	66933	0
phantom_1	77	Pulse	255	3179117	86934	0
phantom_1	77	Pulse	255	3199116	106933	0
phantom_1	77	Pulse	255	3219117	126934	0
phantom_1	77	Pulse	255	3239117	146934	0
phantom_1	77	Pulse	255	3259116	166933	0
phantom_1	77	Pulse	255	3279116	186933	0
phantom_1	78	Picture	change_to_15	3292411	0	1	25230	1	0	25000	other	0
phantom_1	78	Pulse	255	3299117	6706	0
phantom_1	79	Pulse	255	3319117	1449	0
phantom_1	79	Picture	10	3322668	5000	1	20231	1	5000	20000	miss	0
phantom_1	79	Pulse	255	3339116	21449	0
phantom_1	80	Picture	10	3347926	5000	1	20230	1	5000	20000	miss	0
phantom_1	80	Pulse	255	3359116	16191	0
phantom_1	81	Picture	10	3373182	5000	1	20226	1	5000	20000	miss	0
phantom_1	81	Pulse	255	3379117	10935	0
phantom_1	82	Picture	10	3398658	5000	1	20230	1	5000	20000	miss	0
phantom_1	82	Pulse	255	3399117	5458	0
phantom_1	83	Pulse	255	3419117	202	0
phantom_1	83	Picture	10	3423915	5000	1	20228	1	5000	20000	miss	0
phantom_1	83	Pulse	255	3439117	20203	0
phantom_1	84	Picture	change_to_35	3444142	0	1	25230	1	0	25000	other	0
phantom_1	84	Pulse	255	3459117	14975	0
phantom_1	85	Picture	30	3474399	5000	1	20231	1	5000	20000	miss	0
phantom_1	85	Pulse	255	3479117	9718	0
phantom_1	86	Pulse	255	3499117	4461	0
phantom_1	86	Picture	30	3499656	5000	1	20230	1	5000	20000	miss	0
phantom_1	86	Pulse	255	3519117	24462	0
phantom_1	87	Picture	30	3524910	5000	1	20231	1	5000	20000	miss	0
phantom_1	87	Pulse	255	3539117	19207	0
phantom_1	88	Picture	30	3550167	5000	1	20231	1	5000	20000	miss	0
phantom_1	88	Pulse	255	3559117	13950	0
phantom_1	89	Picture	30	3575422	5000	1	20226	1	5000	20000	miss	0
phantom_1	89	Pulse	255	3579117	8695	0
phantom_1	90	Picture	change_to_25	3595814	0	1	25230	1	0	25000	other	0
phantom_1	90	Pulse	255	3599117	3303	0
phantom_1	90	Pulse	255	3619117	23303	0
phantom_1	91	Picture	20	3626070	5000	1	20231	1	5000	20000	miss	0
phantom_1	91	Pulse	255	3639118	18048	0
phantom_1	92	Picture	20	3651327	5000	1	20231	1	5000	20000	miss	0
phantom_1	92	Pulse	255	3659107	12780	0
phantom_1	93	Picture	20	3676582	5000	1	20231	1	5000	20000	miss	0
phantom_1	93	Pulse	255	3679108	7526	0
phantom_1	94	Pulse	255	3699108	2269	0
phantom_1	94	Picture	20	3701839	5000	1	20231	1	5000	20000	miss	0
phantom_1	94	Pulse	255	3719107	22268	0
phantom_1	95	Picture	20	3727093	5000	1	20226	1	5000	20000	miss	0
phantom_1	95	Pulse	255	3739108	17014	0
phantom_1	96	Picture	Bfix	3747486	0	1	200226	1	0	200000	other	0
phantom_1	96	Pulse	255	3759107	11622	0
phantom_1	96	Pulse	255	3779107	31621	0
phantom_1	96	Pulse	255	3799107	51621	0
phantom_1	96	Pulse	255	3819107	71621	0
phantom_1	96	Pulse	255	3839107	91622	0
phantom_1	96	Pulse	255	3859108	111622	0
phantom_1	96	Pulse	255	3879108	131622	0
phantom_1	96	Pulse	255	3899107	151621	0
phantom_1	96	Pulse	255	3919108	171622	0
phantom_1	96	Pulse	255	3939108	191622	0
phantom_1	97	Picture	change_to_35	3947878	0	1	25230	1	0	25000	other	0
phantom_1	97	Pulse	255	3959108	11229	0
phantom_1	98	Picture	30	3978136	5000	1	20231	1	5000	20000	miss	0
phantom_1	98	Pulse	255	3979108	5972	0
phantom_1	99	Pulse	255	3999109	715	0
phantom_1	99	Picture	30	4003393	5000	1	20231	1	5000	20000	miss	0
phantom_1	99	Pulse	255	4019108	20715	0
phantom_1	100	Picture	30	4028650	5000	1	20226	1	5000	20000	miss	0
phantom_1	100	Pulse	255	4039109	15458	0
phantom_1	101	Picture	30	4054126	5000	1	20231	1	5000	20000	miss	0
phantom_1	101	Pulse	255	4059107	9981	0
phantom_1	102	Pulse	255	4079108	4725	0
phantom_1	102	Picture	30	4079383	5000	1	20228	1	5000	20000	miss	0
phantom_1	102	Pulse	255	4099108	24725	0
phantom_1	103	Picture	change_to_25	4099611	0	1	25231	1	0	25000	other	0
phantom_1	103	Pulse	255	4119108	19497	0
phantom_1	104	Picture	20	4129866	5000	1	20226	1	5000	20000	miss	0
phantom_1	104	Pulse	255	4139108	14242	0
phantom_1	105	Picture	20	4155342	5000	1	20231	1	5000	20000	miss	0
phantom_1	105	Pulse	255	4159109	8767	0
phantom_1	106	Pulse	255	4179108	3509	0
phantom_1	106	Picture	20	4180599	5000	1	20231	1	5000	20000	miss	0
phantom_1	106	Pulse	255	4199108	23509	0
phantom_1	107	Picture	20	4205856	5000	1	20226	1	5000	20000	miss	0
phantom_1	107	Pulse	255	4219108	18252	0
phantom_1	108	Picture	20	4231332	5000	1	20228	1	5000	20000	miss	0
phantom_1	108	Pulse	255	4239108	12776	0
phantom_1	109	Picture	change_to_15	4251560	0	1	25231	1	0	25000	other	0
phantom_1	109	Pulse	255	4259109	7549	0
phantom_1	110	Pulse	255	4279108	2291	0
phantom_1	110	Picture	10	4281817	5000	1	20231	1	5000	20000	miss	0
phantom_1	110	Pulse	255	4299108	22291	0
phantom_1	111	Picture	10	4307074	5000	1	20231	1	5000	20000	miss	0
phantom_1	111	Pulse	255	4319108	17034	0
phantom_1	112	Picture	10	4332331	5000	1	20231	1	5000	20000	miss	0
phantom_1	112	Pulse	255	4339109	11778	0
phantom_1	113	Picture	10	4357588	5000	1	20231	1	5000	20000	miss	0
phantom_1	113	Pulse	255	4359109	6521	0
phantom_1	114	Pulse	255	4379109	1263	0
phantom_1	114	Picture	10	4382846	5000	1	20227	1	5000	20000	miss	0
phantom_1	114	Pulse	255	4399108	21262	0
phantom_1	115	Picture	Bfix	4403073	0	1	72172	1	0	60000	other	0
phantom_1	115	Pulse	255	4419108	16035	0
phantom_1	115	Pulse	255	4439109	36036	0
