Scenario - loca_lec1bis
Logfile written - 06/04/2018 14:19:30

Subject	Trial	Event Type	Code	Time	TTime	Uncertainty	Duration	Uncertainty	ReqTime	ReqDur	Stim Type	Pair Index

pilot-35_2	0	Pulse	255	2025350	2025350	0
pilot-35_2	1	Picture	change_to_25	2025585	0	1	25231	1	0	25000	other	0
pilot-35_2	1	Pulse	255	2045350	19766	0
pilot-35_2	2	Picture	20	2055842	5000	1	20231	1	5000	20000	hit	6
pilot-35_2	2	Pulse	255	2065350	14508	0
pilot-35_2	2	Response	1	2065910	15068	1
pilot-35_2	3	Picture	20	2081097	5000	1	20231	1	5000	20000	hit	9
pilot-35_2	3	Pulse	255	2085350	9253	0
pilot-35_2	3	Response	2	2087860	11763	1
pilot-35_2	4	Pulse	255	2105350	3996	0
pilot-35_2	4	Picture	20	2106354	5000	1	20231	1	5000	20000	hit	12
pilot-35_2	4	Response	2	2113131	11777	1
pilot-35_2	4	Pulse	255	2125350	23996	0
pilot-35_2	5	Picture	20	2131611	5000	1	20231	1	5000	20000	hit	15
pilot-35_2	5	Response	2	2138801	12189	1
pilot-35_2	5	Pulse	255	2145350	18739	0
pilot-35_2	6	Picture	20	2156870	5000	1	20228	1	5000	20000	hit	18
pilot-35_2	6	Response	1	2163671	11801	1
pilot-35_2	6	Pulse	255	2165350	13480	0
pilot-35_2	7	Picture	change_to_15	2177098	0	1	25231	1	0	25000	other	0
pilot-35_2	7	Pulse	255	2185350	8252	0
pilot-35_2	8	Pulse	255	2205350	2995	0
pilot-35_2	8	Picture	10	2207356	5000	1	20231	1	5000	20000	hit	24
pilot-35_2	8	Response	2	2214860	12504	1
pilot-35_2	8	Pulse	255	2225350	22994	0
pilot-35_2	9	Picture	10	2232614	5000	1	20231	1	5000	20000	incorrect	27
pilot-35_2	9	Response	2	2238490	10877	1
pilot-35_2	9	Pulse	255	2245349	17736	0
pilot-35_2	10	Picture	10	2257870	5000	1	20230	1	5000	20000	hit	30
pilot-35_2	10	Response	2	2264079	11209	1
pilot-35_2	10	Pulse	255	2265350	12480	0
pilot-35_2	11	Picture	10	2283128	5000	1	20231	1	5000	20000	hit	34
pilot-35_2	11	Pulse	255	2285350	7222	0
pilot-35_2	11	Response	1	2291121	12993	1
pilot-35_2	12	Pulse	255	2305351	1966	0
pilot-35_2	12	Picture	10	2308385	5000	1	20228	1	5000	20000	hit	37
pilot-35_2	12	Response	2	2314781	11396	1
pilot-35_2	12	Pulse	255	2325350	21966	0
pilot-35_2	13	Picture	change_to_35	2328613	0	1	25230	1	0	25000	other	0
pilot-35_2	13	Pulse	255	2345351	16738	0
pilot-35_2	14	Picture	30	2358869	5000	1	20234	1	5000	20000	hit	42
pilot-35_2	14	Response	2	2364051	10181	1
pilot-35_2	14	Pulse	255	2365350	11481	0
pilot-35_2	15	Picture	30	2384130	5000	1	20226	1	5000	20000	hit	46
pilot-35_2	15	Pulse	255	2385349	6220	0
pilot-35_2	15	Response	1	2389191	10061	1
pilot-35_2	16	Pulse	255	2405351	746	0
pilot-35_2	16	Picture	30	2409605	5000	1	20233	1	5000	20000	hit	49
pilot-35_2	16	Response	2	2414160	9554	1
pilot-35_2	16	Pulse	255	2425350	20744	0
pilot-35_2	17	Picture	30	2434864	5000	1	20226	1	5000	20000	hit	52
pilot-35_2	17	Response	1	2439821	9957	1
pilot-35_2	17	Pulse	255	2445350	15486	0
pilot-35_2	18	Picture	30	2460340	5000	1	20228	1	5000	20000	hit	55
pilot-35_2	18	Response	2	2464311	8970	1
pilot-35_2	18	Pulse	255	2465350	10010	0
pilot-35_2	19	Picture	Bfix	2480568	0	1	200228	1	0	200000	other	0
pilot-35_2	19	Pulse	255	2485351	4783	0
pilot-35_2	19	Pulse	255	2505351	24782	0
pilot-35_2	19	Pulse	255	2525350	44782	0
pilot-35_2	19	Pulse	255	2545351	64782	0
pilot-35_2	19	Pulse	255	2565351	84783	0
pilot-35_2	19	Pulse	255	2585351	104783	0
pilot-35_2	19	Pulse	255	2605351	124783	0
pilot-35_2	19	Pulse	255	2625351	144782	0
pilot-35_2	19	Pulse	255	2645351	164783	0
pilot-35_2	19	Pulse	255	2665351	184783	0
pilot-35_2	20	Picture	change_to_15	2680796	0	1	25230	1	0	25000	other	0
pilot-35_2	20	Pulse	255	2685351	4555	0
pilot-35_2	20	Pulse	255	2705351	24554	0
pilot-35_2	21	Picture	10	2711053	5000	1	20226	1	5000	20000	hit	72
pilot-35_2	21	Response	2	2722591	16538	1
pilot-35_2	21	Pulse	255	2725351	19298	0
pilot-35_2	22	Picture	10	2736528	5000	1	20231	1	5000	20000	hit	75
pilot-35_2	22	Response	2	2742641	11112	1
pilot-35_2	22	Pulse	255	2745351	13823	0
pilot-35_2	23	Picture	10	2761786	5000	1	20230	1	5000	20000	hit	79
pilot-35_2	23	Pulse	255	2765351	8565	0
pilot-35_2	23	Response	2	2769462	12676	1
pilot-35_2	24	Pulse	255	2785351	3309	0
pilot-35_2	24	Picture	10	2787042	5000	1	20226	1	5000	20000	hit	82
pilot-35_2	24	Response	1	2795061	13019	1
pilot-35_2	24	Pulse	255	2805351	23309	0
pilot-35_2	25	Picture	10	2812519	5000	1	20226	1	5000	20000	hit	85
pilot-35_2	25	Response	1	2819201	11682	1
pilot-35_2	25	Pulse	255	2825351	17832	0
pilot-35_2	26	Picture	change_to_35	2832911	0	1	25231	1	0	25000	other	0
pilot-35_2	26	Pulse	255	2845351	12440	0
pilot-35_2	27	Picture	30	2863170	5000	1	20230	1	5000	20000	hit	91
pilot-35_2	27	Pulse	255	2865352	7182	0
pilot-35_2	27	Response	1	2868631	10461	1
pilot-35_2	28	Pulse	255	2885351	1926	0
pilot-35_2	28	Picture	30	2888425	5000	1	20230	1	5000	20000	hit	94
pilot-35_2	28	Response	2	2892941	9516	1
pilot-35_2	28	Pulse	255	2905351	21926	0
pilot-35_2	29	Picture	30	2913680	5000	1	20226	1	5000	20000	hit	97
pilot-35_2	29	Response	2	2918752	10071	1
pilot-35_2	29	Pulse	255	2925351	16671	0
pilot-35_2	30	Picture	30	2939156	5000	1	20231	1	5000	20000	hit	100
pilot-35_2	30	Response	1	2945291	11134	1
pilot-35_2	30	Pulse	255	2945349	11193	0
pilot-35_2	31	Picture	30	2964415	5000	1	20228	1	5000	20000	hit	104
pilot-35_2	31	Pulse	255	2965350	5936	0
pilot-35_2	31	Response	2	2969161	9746	1
pilot-35_2	32	Picture	change_to_25	2984643	0	1	25230	1	0	25000	other	0
pilot-35_2	32	Pulse	255	2985351	709	0
pilot-35_2	32	Pulse	255	3005352	20709	0
pilot-35_2	33	Picture	20	3014900	5000	1	20231	1	5000	20000	hit	109
pilot-35_2	33	Response	1	3023522	13622	1
pilot-35_2	33	Pulse	255	3025351	15451	0
pilot-35_2	34	Picture	20	3040157	5000	1	20231	1	5000	20000	hit	113
pilot-35_2	34	Pulse	255	3045351	10194	0
pilot-35_2	34	Response	2	3045620	10463	1
pilot-35_2	35	Pulse	255	3065351	4939	0
pilot-35_2	35	Picture	20	3065413	5000	1	20230	1	5000	20000	hit	116
pilot-35_2	35	Response	2	3069642	9229	1
pilot-35_2	35	Pulse	255	3085352	24939	0
pilot-35_2	36	Picture	20	3090669	5000	1	20231	1	5000	20000	incorrect	119
pilot-35_2	36	Response	2	3095531	9862	1
pilot-35_2	36	Pulse	255	3105352	19683	0
pilot-35_2	37	Picture	20	3115926	5000	1	20227	1	5000	20000	hit	122
pilot-35_2	37	Response	2	3124841	13915	1
pilot-35_2	37	Pulse	255	3125351	14425	0
pilot-35_2	38	Picture	Bfix	3136153	0	1	200228	1	0	200000	other	0
pilot-35_2	38	Pulse	255	3145351	9198	0
pilot-35_2	38	Pulse	255	3165351	29198	0
pilot-35_2	38	Pulse	255	3185352	49199	0
pilot-35_2	38	Pulse	255	3205352	69199	0
pilot-35_2	38	Pulse	255	3225352	89199	0
pilot-35_2	38	Pulse	255	3245352	109199	0
pilot-35_2	38	Pulse	255	3265352	129199	0
pilot-35_2	38	Pulse	255	3285352	149198	0
pilot-35_2	38	Pulse	255	3305352	169199	0
pilot-35_2	38	Pulse	255	3325352	189199	0
pilot-35_2	39	Picture	change_to_35	3336381	0	1	25231	1	0	25000	other	0
pilot-35_2	39	Pulse	255	3345352	8971	0
pilot-35_2	40	Pulse	255	3365352	3713	0
pilot-35_2	40	Picture	30	3366639	5000	1	20230	1	5000	20000	hit	139
pilot-35_2	40	Response	1	3372943	11303	1
pilot-35_2	40	Pulse	255	3385352	23713	0
pilot-35_2	41	Picture	30	3391898	5000	1	20231	1	5000	20000	hit	142
pilot-35_2	41	Response	2	3397352	10455	1
pilot-35_2	41	Pulse	255	3405352	18454	0
pilot-35_2	42	Picture	30	3417156	5000	1	20231	1	5000	20000	hit	145
pilot-35_2	42	Response	1	3422072	9916	1
pilot-35_2	42	Pulse	255	3425352	13196	0
pilot-35_2	43	Picture	30	3442413	5000	1	20232	1	5000	20000	hit	149
pilot-35_2	43	Pulse	255	3445352	7939	0
pilot-35_2	43	Response	2	3448342	10929	1
pilot-35_2	44	Pulse	255	3465352	2679	0
pilot-35_2	44	Picture	30	3467673	5000	1	20226	1	5000	20000	hit	152
pilot-35_2	44	Response	1	3471793	9120	1
pilot-35_2	44	Pulse	255	3485351	22678	1
pilot-35_2	45	Picture	change_to_15	3488066	0	1	25226	1	0	25000	other	0
pilot-35_2	45	Pulse	255	3505352	17286	0
pilot-35_2	46	Picture	10	3518541	5000	1	20230	1	5000	20000	incorrect	157
pilot-35_2	46	Response	2	3525102	11561	1
pilot-35_2	46	Pulse	255	3525351	11810	0
pilot-35_2	47	Picture	10	3543798	5000	1	20231	1	5000	20000	hit	161
pilot-35_2	47	Pulse	255	3545352	6555	0
pilot-35_2	47	Response	1	3550403	11605	1
pilot-35_2	48	Pulse	255	3565352	1298	0
pilot-35_2	48	Picture	10	3569055	5000	1	20231	1	5000	20000	hit	164
pilot-35_2	48	Response	2	3576153	12098	1
pilot-35_2	48	Pulse	255	3585352	21297	0
pilot-35_2	49	Picture	10	3594312	5000	1	20226	1	5000	20000	hit	167
pilot-35_2	49	Response	2	3602512	13200	1
pilot-35_2	49	Pulse	255	3605351	16039	0
pilot-35_2	50	Picture	10	3619789	5000	1	20228	1	5000	20000	hit	171
pilot-35_2	50	Pulse	255	3625352	10564	0
pilot-35_2	50	Response	1	3630782	15994	1
pilot-35_2	51	Picture	change_to_25	3640016	0	1	25230	1	0	25000	other	0
pilot-35_2	51	Pulse	255	3645352	5335	0
pilot-35_2	52	Pulse	255	3665353	80	0
pilot-35_2	52	Picture	20	3670273	5000	1	20230	1	5000	20000	hit	176
pilot-35_2	52	Response	2	3675832	10559	1
pilot-35_2	52	Pulse	255	3685353	20079	0
pilot-35_2	53	Picture	20	3695529	5000	1	20231	1	5000	20000	hit	179
pilot-35_2	53	Response	1	3704503	13973	1
pilot-35_2	53	Pulse	255	3705352	14822	0
pilot-35_2	54	Picture	20	3720787	5000	1	20231	1	5000	20000	hit	183
pilot-35_2	54	Pulse	255	3725353	9566	0
pilot-35_2	54	Response	2	3725542	9756	1
pilot-35_2	55	Pulse	255	3745352	4308	0
pilot-35_2	55	Picture	20	3746044	5000	1	20231	1	5000	20000	hit	186
pilot-35_2	55	Response	1	3752842	11798	1
pilot-35_2	55	Pulse	255	3765352	24308	0
pilot-35_2	56	Picture	20	3771302	5000	1	20227	1	5000	20000	hit	189
pilot-35_2	56	Response	2	3777403	11101	1
pilot-35_2	56	Pulse	255	3785352	19050	0
pilot-35_2	57	Picture	Bfix	3791529	0	1	200228	1	0	200000	other	0
pilot-35_2	57	Pulse	255	3805352	13823	0
pilot-35_2	57	Pulse	255	3825352	33824	0
pilot-35_2	57	Pulse	255	3845352	53823	0
pilot-35_2	57	Pulse	255	3865352	73823	0
pilot-35_2	57	Pulse	255	3885352	93824	0
pilot-35_2	57	Pulse	255	3905353	113824	0
pilot-35_2	57	Pulse	255	3925353	133824	0
pilot-35_2	57	Pulse	255	3945353	153824	0
pilot-35_2	57	Pulse	255	3965353	173824	0
pilot-35_2	57	Pulse	255	3985353	193824	0
pilot-35_2	58	Picture	change_to_15	3991757	0	1	25232	1	0	25000	other	0
pilot-35_2	58	Pulse	255	4005352	13595	0
pilot-35_2	59	Picture	10	4022015	5000	1	20226	1	5000	20000	hit	206
pilot-35_2	59	Pulse	255	4025353	8338	0
pilot-35_2	59	Response	2	4028193	11178	1
pilot-35_2	60	Pulse	255	4045343	2852	0
pilot-35_2	60	Picture	10	4047491	5000	1	20231	1	5000	20000	incorrect	209
pilot-35_2	60	Response	2	4058103	15612	1
pilot-35_2	60	Pulse	255	4065343	22852	0
pilot-35_2	61	Picture	10	4072749	5000	1	20230	1	5000	20000	hit	212
pilot-35_2	61	Response	2	4077713	9964	1
pilot-35_2	61	Pulse	255	4085343	17594	0
pilot-35_2	62	Picture	10	4098006	5000	1	20231	1	5000	20000	hit	216
pilot-35_2	62	Pulse	255	4105343	12337	0
pilot-35_2	62	Response	1	4111374	18368	1
pilot-35_2	63	Picture	10	4123263	5000	1	20228	1	5000	20000	hit	219
pilot-35_2	63	Pulse	255	4125343	7080	0
pilot-35_2	63	Response	1	4131023	12760	1
pilot-35_2	64	Picture	change_to_25	4143491	0	1	25231	1	0	25000	other	0
pilot-35_2	64	Pulse	255	4145343	1852	0
pilot-35_2	64	Pulse	255	4165343	21852	0
pilot-35_2	65	Picture	20	4173748	5000	1	20231	1	5000	20000	hit	224
pilot-35_2	65	Response	1	4180393	11644	1
pilot-35_2	65	Pulse	255	4185343	16595	0
pilot-35_2	66	Picture	20	4199007	5000	1	20231	1	5000	20000	hit	228
pilot-35_2	66	Pulse	255	4205343	11337	0
pilot-35_2	66	Response	1	4206052	12046	1
pilot-35_2	67	Picture	20	4224263	5000	1	20226	1	5000	20000	hit	231
pilot-35_2	67	Pulse	255	4225343	6080	0
pilot-35_2	67	Response	1	4230783	11520	1
pilot-35_2	68	Pulse	255	4245343	603	0
pilot-35_2	68	Picture	20	4249739	5000	1	20226	1	5000	20000	hit	234
pilot-35_2	68	Response	2	4258624	13884	1
pilot-35_2	68	Pulse	255	4265343	20604	0
pilot-35_2	69	Picture	20	4275215	5000	1	20226	1	5000	20000	hit	237
pilot-35_2	69	Response	2	4282883	12668	1
pilot-35_2	69	Pulse	255	4285342	15127	0
pilot-35_2	70	Picture	change_to_35	4295608	0	1	25226	1	0	25000	other	0
pilot-35_2	70	Pulse	255	4305343	9735	0
pilot-35_2	71	Pulse	255	4325343	4261	0
pilot-35_2	71	Picture	30	4326083	5000	1	20230	1	5000	20000	hit	243
pilot-35_2	71	Response	1	4333313	12230	1
pilot-35_2	71	Pulse	255	4345343	24260	0
pilot-35_2	72	Picture	30	4351339	5000	1	20230	1	5000	20000	hit	246
pilot-35_2	72	Response	1	4357443	11104	1
pilot-35_2	72	Pulse	255	4365343	19004	0
pilot-35_2	73	Picture	30	4376596	5000	1	20230	1	5000	20000	hit	249
pilot-35_2	73	Response	2	4382253	10657	1
pilot-35_2	73	Pulse	255	4385343	13747	0
pilot-35_2	74	Picture	30	4401852	5000	1	20231	1	5000	20000	hit	253
pilot-35_2	74	Pulse	255	4405343	8491	0
pilot-35_2	74	Response	2	4407972	11120	1
pilot-35_2	75	Pulse	255	4425343	3235	0
pilot-35_2	75	Picture	30	4427108	5000	1	20227	1	5000	20000	hit	256
pilot-35_2	75	Response	1	4433294	11185	1
pilot-35_2	75	Pulse	255	4445343	23235	0
pilot-35_2	76	Picture	Bfix	4447335	0	1	200226	1	0	200000	other	0
pilot-35_2	76	Pulse	255	4465344	18008	0
pilot-35_2	76	Pulse	255	4485343	38008	0
pilot-35_2	76	Pulse	255	4505344	58009	0
pilot-35_2	76	Pulse	255	4525343	78008	0
pilot-35_2	76	Pulse	255	4545343	98008	0
pilot-35_2	76	Pulse	255	4565344	118009	0
pilot-35_2	76	Pulse	255	4585343	138008	0
pilot-35_2	76	Pulse	255	4605343	158008	0
pilot-35_2	76	Pulse	255	4625343	178008	0
pilot-35_2	76	Pulse	255	4645344	198008	0
pilot-35_2	77	Picture	change_to_25	4647728	0	1	25231	1	0	25000	other	0
pilot-35_2	77	Pulse	255	4665343	17616	0
pilot-35_2	78	Picture	20	4677986	5000	1	20231	1	5000	20000	hit	272
pilot-35_2	78	Response	2	4683753	10767	1
pilot-35_2	78	Pulse	255	4685343	12357	0
pilot-35_2	79	Picture	20	4703243	5000	1	20231	1	5000	20000	hit	276
pilot-35_2	79	Pulse	255	4705344	7101	0
pilot-35_2	79	Response	2	4709663	11421	1
pilot-35_2	80	Pulse	255	4725344	1843	0
pilot-35_2	80	Picture	20	4728501	5000	1	20231	1	5000	20000	hit	279
pilot-35_2	80	Response	2	4735294	11793	1
pilot-35_2	80	Pulse	255	4745344	21843	0
pilot-35_2	81	Picture	20	4753758	5000	1	20231	1	5000	20000	hit	282
pilot-35_2	81	Response	1	4761114	12356	1
pilot-35_2	81	Pulse	255	4765343	16585	0
pilot-35_2	82	Picture	20	4779017	5000	1	20228	1	5000	20000	hit	286
pilot-35_2	82	Pulse	255	4785344	11327	0
pilot-35_2	82	Response	1	4786634	12617	1
pilot-35_2	83	Picture	change_to_35	4799245	0	1	25226	1	0	25000	other	0
pilot-35_2	83	Pulse	255	4805344	6099	0
pilot-35_2	84	Pulse	255	4825343	623	0
pilot-35_2	84	Picture	30	4829720	5000	1	20231	1	5000	20000	hit	291
pilot-35_2	84	Response	1	4835404	10684	1
pilot-35_2	84	Pulse	255	4845344	20624	0
pilot-35_2	85	Picture	30	4854977	5000	1	20231	1	5000	20000	hit	294
pilot-35_2	85	Response	1	4860714	10737	1
pilot-35_2	85	Pulse	255	4865344	15367	0
pilot-35_2	86	Picture	30	4880233	5000	1	20231	1	5000	20000	hit	298
pilot-35_2	86	Pulse	255	4885344	10111	0
pilot-35_2	86	Response	2	4886914	11681	1
pilot-35_2	87	Pulse	255	4905345	4854	0
pilot-35_2	87	Picture	30	4905491	5000	1	20231	1	5000	20000	hit	301
pilot-35_2	87	Response	2	4910004	9513	1
pilot-35_2	87	Pulse	255	4925344	24853	0
pilot-35_2	88	Picture	30	4930749	5000	1	20228	1	5000	20000	hit	304
pilot-35_2	88	Response	1	4936734	10985	1
pilot-35_2	88	Pulse	255	4945344	19594	0
pilot-35_2	89	Picture	change_to_15	4950977	0	1	25231	1	0	25000	other	0
pilot-35_2	89	Pulse	255	4965344	14367	0
pilot-35_2	90	Picture	10	4981234	5000	1	20226	1	5000	20000	hit	310
pilot-35_2	90	Pulse	255	4985344	9110	0
pilot-35_2	90	Response	2	4987824	11590	1
pilot-35_2	91	Pulse	255	5005344	3633	0
pilot-35_2	91	Picture	10	5006711	5000	1	20226	1	5000	20000	hit	313
pilot-35_2	91	Response	1	5012264	10553	1
pilot-35_2	91	Pulse	255	5025344	23633	0
pilot-35_2	92	Picture	10	5032186	5000	1	20226	1	5000	20000	hit	316
pilot-35_2	92	Response	1	5037464	10278	1
pilot-35_2	92	Pulse	255	5045344	18158	0
pilot-35_2	93	Picture	10	5057662	5000	1	20231	1	5000	20000	hit	319
pilot-35_2	93	Response	1	5064975	12312	1
pilot-35_2	93	Pulse	255	5065343	12681	0
pilot-35_2	94	Picture	10	5082919	5000	1	20226	1	5000	20000	hit	323
pilot-35_2	94	Pulse	255	5085344	7425	0
pilot-35_2	94	Response	2	5091694	13775	1
pilot-35_2	95	Picture	Bfix	5103312	0	1	200228	1	0	200000	other	0
pilot-35_2	95	Pulse	255	5105344	2032	0
pilot-35_2	95	Pulse	255	5125344	22032	0
pilot-35_2	95	Pulse	255	5145344	42032	0
pilot-35_2	95	Pulse	255	5165345	62032	0
pilot-35_2	95	Pulse	255	5185343	82031	0
pilot-35_2	95	Pulse	255	5205345	102032	0
pilot-35_2	95	Pulse	255	5225344	122032	0
pilot-35_2	95	Pulse	255	5245344	142032	0
pilot-35_2	95	Pulse	255	5265344	162032	0
pilot-35_2	95	Pulse	255	5285345	182032	0
pilot-35_2	96	Picture	change_to_35	5303540	0	1	25226	1	0	25000	other	0
pilot-35_2	96	Pulse	255	5305344	1804	0
pilot-35_2	96	Pulse	255	5325345	21804	0
pilot-35_2	97	Picture	30	5334016	5000	1	20231	1	5000	20000	hit	339
pilot-35_2	97	Response	2	5342004	12988	1
pilot-35_2	97	Pulse	255	5345344	16329	0
pilot-35_2	98	Picture	30	5359274	5000	1	20226	1	5000	20000	hit	342
pilot-35_2	98	Response	1	5364864	10591	1
pilot-35_2	98	Pulse	255	5365344	11070	0
pilot-35_2	99	Picture	30	5384750	5000	1	20231	1	5000	20000	hit	346
pilot-35_2	99	Pulse	255	5385345	5594	0
pilot-35_2	99	Response	1	5389725	9975	1
pilot-35_2	100	Pulse	255	5405345	337	0
pilot-35_2	100	Picture	30	5410007	5000	1	20231	1	5000	20000	hit	349
pilot-35_2	100	Response	2	5414995	9988	1
pilot-35_2	100	Pulse	255	5425344	20337	0
pilot-35_2	101	Picture	30	5435265	5000	1	20228	1	5000	20000	hit	352
pilot-35_2	101	Response	1	5439675	9410	1
pilot-35_2	101	Pulse	255	5445343	15078	0
pilot-35_2	102	Picture	change_to_25	5455493	0	1	25230	1	0	25000	other	0
pilot-35_2	102	Pulse	255	5465344	9851	0
pilot-35_2	103	Pulse	255	5485345	4595	0
pilot-35_2	103	Picture	20	5485750	5000	1	20231	1	5000	20000	hit	358
pilot-35_2	103	Response	2	5491385	10635	1
pilot-35_2	103	Pulse	255	5505345	24595	0
pilot-35_2	104	Picture	20	5511008	5000	1	20231	1	5000	20000	hit	361
pilot-35_2	104	Response	1	5519165	13156	1
pilot-35_2	104	Pulse	255	5525345	19336	0
pilot-35_2	105	Picture	20	5536266	5000	1	20231	1	5000	20000	hit	364
pilot-35_2	105	Response	1	5543364	12098	1
pilot-35_2	105	Pulse	255	5545344	14078	0
pilot-35_2	106	Picture	20	5561524	5000	1	20231	1	5000	20000	hit	368
pilot-35_2	106	Pulse	255	5565344	8820	0
pilot-35_2	106	Response	1	5568784	12260	1
pilot-35_2	107	Pulse	255	5585345	3563	0
pilot-35_2	107	Picture	20	5586782	5000	1	20226	1	5000	20000	hit	371
pilot-35_2	107	Response	2	5593965	12183	1
pilot-35_2	107	Pulse	255	5605345	23563	0
pilot-35_2	108	Picture	change_to_15	5607175	0	1	25226	1	0	25000	other	0
pilot-35_2	108	Pulse	255	5625345	18170	0
pilot-35_2	109	Picture	10	5637647	5000	1	20230	1	5000	20000	incorrect	377
pilot-35_2	109	Pulse	255	5645344	12698	0
pilot-35_2	109	Response	2	5647545	14899	1
pilot-35_2	110	Picture	10	5662903	5000	1	20226	1	5000	20000	hit	380
pilot-35_2	110	Pulse	255	5665345	7442	0
pilot-35_2	110	Response	1	5668615	10712	1
pilot-35_2	111	Pulse	255	5685345	1967	0
pilot-35_2	111	Picture	10	5688379	5000	1	20231	1	5000	20000	hit	383
pilot-35_2	111	Response	2	5696865	13486	1
pilot-35_2	111	Pulse	255	5705345	21966	0
pilot-35_2	112	Picture	10	5713636	5000	1	20231	1	5000	20000	hit	386
pilot-35_2	112	Response	2	5720755	12119	1
pilot-35_2	112	Pulse	255	5725345	16709	0
pilot-35_2	113	Picture	10	5738893	5000	1	20226	1	5000	20000	hit	389
pilot-35_2	113	Response	1	5744665	10772	1
pilot-35_2	113	Pulse	255	5745345	11451	0
