Scenario - loca_lec1bis
Logfile written - 10/30/2018 10:22:28

Subject	Trial	Event Type	Code	Time	TTime	Uncertainty	Duration	Uncertainty	ReqTime	ReqDur	Stim Type	Pair Index

sub-14_2	0	Pulse	255	587438	587438	0
sub-14_2	1	Picture	change_to_25	587673	0	1	25231	1	0	25000	other	0
sub-14_2	1	Pulse	255	607437	19765	0
sub-14_2	2	Picture	20	617928	5000	1	20231	1	5000	20000	hit	5
sub-14_2	2	Response	1	626357	13429	1
sub-14_2	2	Pulse	255	627427	14499	0
sub-14_2	3	Picture	20	643185	5000	1	20231	1	5000	20000	hit	9
sub-14_2	3	Pulse	255	647428	9243	0
sub-14_2	3	Response	2	654127	15943	1
sub-14_2	4	Pulse	255	667428	3985	0
sub-14_2	4	Picture	20	668443	5000	1	20226	1	5000	20000	hit	12
sub-14_2	4	Response	2	675388	11945	1
sub-14_2	4	Pulse	255	687428	23985	0
sub-14_2	5	Picture	20	693921	5000	1	20231	1	5000	20000	hit	15
sub-14_2	5	Response	2	701728	12807	1
sub-14_2	5	Pulse	255	707428	18507	0
sub-14_2	6	Picture	20	719178	5000	1	20228	1	5000	20000	hit	18
sub-14_2	6	Response	1	726378	12200	1
sub-14_2	6	Pulse	255	727427	13249	0
sub-14_2	7	Picture	change_to_15	739406	0	1	25226	1	0	25000	other	0
sub-14_2	7	Pulse	255	747428	8022	0
sub-14_2	8	Pulse	255	767428	2550	0
sub-14_2	8	Picture	10	769878	5000	1	20231	1	5000	20000	hit	24
sub-14_2	8	Response	2	777078	12200	1
sub-14_2	8	Pulse	255	787428	22549	0
sub-14_2	9	Picture	10	795133	5000	1	20230	1	5000	20000	incorrect	27
sub-14_2	9	Response	2	806718	16584	1
sub-14_2	9	Pulse	255	807427	17294	0
sub-14_2	10	Picture	10	820390	5000	1	20231	1	5000	20000	hit	31
sub-14_2	10	Pulse	255	827428	12038	0
sub-14_2	10	Response	2	828908	13518	1
sub-14_2	11	Picture	10	845645	5000	1	20231	1	5000	20000	hit	34
sub-14_2	11	Pulse	255	847428	6784	0
sub-14_2	11	Response	1	852908	12263	1
sub-14_2	12	Pulse	255	867428	1526	0
sub-14_2	12	Picture	10	870901	5000	1	20226	1	5000	20000	hit	37
sub-14_2	12	Response	2	878858	12956	1
sub-14_2	12	Pulse	255	887428	21527	0
sub-14_2	13	Picture	change_to_35	891294	0	1	25230	1	0	25000	other	0
sub-14_2	13	Pulse	255	907428	16134	0
sub-14_2	14	Picture	30	921551	5000	1	20226	1	5000	20000	hit	42
sub-14_2	14	Response	2	925278	8727	1
sub-14_2	14	Pulse	255	927428	10877	0
sub-14_2	15	Picture	30	947030	5000	1	20230	1	5000	20000	hit	46
sub-14_2	15	Pulse	255	947428	5398	0
sub-14_2	15	Response	1	953648	11619	1
sub-14_2	16	Pulse	255	967429	141	0
sub-14_2	16	Picture	30	972287	5000	1	20226	1	5000	20000	hit	49
sub-14_2	16	Response	2	976939	9651	1
sub-14_2	16	Pulse	255	987429	20141	0
sub-14_2	17	Picture	30	997766	5000	1	20230	1	5000	20000	hit	52
sub-14_2	17	Response	1	1002669	9902	1
sub-14_2	17	Pulse	255	1007428	14662	0
sub-14_2	18	Picture	30	1023023	5000	1	20226	1	5000	20000	hit	56
sub-14_2	18	Pulse	255	1027428	9405	0
sub-14_2	18	Response	2	1031188	13165	1
sub-14_2	19	Picture	Bfix	1043416	0	1	200228	1	0	200000	other	0
sub-14_2	19	Pulse	255	1047428	4012	0
sub-14_2	19	Pulse	255	1067429	24013	0
sub-14_2	19	Pulse	255	1087429	44013	0
sub-14_2	19	Pulse	255	1107429	64013	0
sub-14_2	19	Pulse	255	1127429	84013	0
sub-14_2	19	Pulse	255	1147429	104013	0
sub-14_2	19	Pulse	255	1167429	124013	0
sub-14_2	19	Pulse	255	1187429	144013	0
sub-14_2	19	Pulse	255	1207429	164013	0
sub-14_2	19	Pulse	255	1227429	184013	0
sub-14_2	20	Picture	change_to_15	1243644	0	1	25231	1	0	25000	other	0
sub-14_2	20	Pulse	255	1247429	3785	0
sub-14_2	20	Pulse	255	1267428	23785	0
sub-14_2	21	Picture	10	1273901	5000	1	20231	1	5000	20000	hit	72
sub-14_2	21	Response	2	1282889	13988	1
sub-14_2	21	Pulse	255	1287428	18527	0
sub-14_2	22	Picture	10	1299158	5000	1	20226	1	5000	20000	hit	75
sub-14_2	22	Response	2	1306959	12801	1
sub-14_2	22	Pulse	255	1307429	13270	0
sub-14_2	23	Picture	10	1324635	5000	1	20231	1	5000	20000	hit	79
sub-14_2	23	Pulse	255	1327429	7794	0
sub-14_2	23	Response	2	1331839	12204	1
sub-14_2	24	Pulse	255	1347429	2537	0
sub-14_2	24	Picture	10	1349892	5000	1	20231	1	5000	20000	hit	82
sub-14_2	24	Response	1	1356289	11396	1
sub-14_2	24	Pulse	255	1367429	22537	0
sub-14_2	25	Picture	10	1375150	5000	1	20228	1	5000	20000	hit	85
sub-14_2	25	Response	1	1381639	11490	1
sub-14_2	25	Pulse	255	1387429	17280	0
sub-14_2	26	Picture	change_to_35	1395377	0	1	25231	1	0	25000	other	0
sub-14_2	26	Pulse	255	1407429	12052	0
sub-14_2	27	Picture	30	1425635	5000	1	20230	1	5000	20000	hit	91
sub-14_2	27	Pulse	255	1427429	6795	0
sub-14_2	27	Response	1	1440029	19394	1
sub-14_2	28	Pulse	255	1447429	1538	0
sub-14_2	28	Picture	30	1450891	5000	1	20230	1	5000	20000	hit	94
sub-14_2	28	Response	2	1456109	10218	1
sub-14_2	28	Pulse	255	1467429	21538	0
sub-14_2	29	Picture	30	1476146	5000	1	20230	1	5000	20000	hit	97
sub-14_2	29	Response	2	1482479	11333	1
sub-14_2	29	Pulse	255	1487429	16283	0
sub-14_2	30	Picture	30	1501403	5000	1	20230	1	5000	20000	hit	101
sub-14_2	30	Pulse	255	1507430	11026	0
sub-14_2	30	Response	1	1508059	11656	1
sub-14_2	31	Picture	30	1526658	5000	1	20228	1	5000	20000	hit	104
sub-14_2	31	Pulse	255	1527430	5772	0
sub-14_2	31	Response	2	1532190	10532	1
sub-14_2	32	Picture	change_to_25	1546886	0	1	25232	1	0	25000	other	0
sub-14_2	32	Pulse	255	1547430	544	0
sub-14_2	32	Pulse	255	1567429	20543	0
sub-14_2	33	Picture	20	1577143	5000	1	20226	1	5000	20000	hit	110
sub-14_2	33	Pulse	255	1587429	15286	0
sub-14_2	33	Response	1	1595300	23157	1
sub-14_2	34	Picture	20	1602620	5000	1	20231	1	5000	20000	hit	113
sub-14_2	34	Pulse	255	1607430	9810	0
sub-14_2	34	Response	2	1609429	11810	1
sub-14_2	35	Pulse	255	1627430	4552	0
sub-14_2	35	Picture	20	1627878	5000	1	20226	1	5000	20000	hit	116
sub-14_2	35	Response	2	1637909	15031	1
sub-14_2	35	Pulse	255	1647430	24552	0
sub-14_2	36	Picture	20	1653353	5000	1	20226	1	5000	20000	hit	119
sub-14_2	36	Response	1	1665769	17416	1
sub-14_2	36	Pulse	255	1667429	19076	0
sub-14_2	37	Picture	20	1678829	5000	1	20227	1	5000	20000	hit	123
sub-14_2	37	Pulse	255	1687429	13600	0
sub-14_2	37	Response	2	1692420	18590	1
sub-14_2	38	Picture	Bfix	1699056	0	1	200228	1	0	200000	other	0
sub-14_2	38	Pulse	255	1707430	8374	0
sub-14_2	38	Pulse	255	1727430	28374	0
sub-14_2	38	Pulse	255	1747430	48373	0
sub-14_2	38	Pulse	255	1767430	68374	0
sub-14_2	38	Pulse	255	1787430	88374	0
sub-14_2	38	Pulse	255	1807430	108374	0
sub-14_2	38	Pulse	255	1827430	128374	0
sub-14_2	38	Pulse	255	1847430	148374	0
sub-14_2	38	Pulse	255	1867430	168374	0
sub-14_2	38	Pulse	255	1887430	188374	0
sub-14_2	39	Picture	change_to_35	1899284	0	1	25231	1	0	25000	other	0
sub-14_2	39	Pulse	255	1907430	8146	0
sub-14_2	40	Pulse	255	1927430	2889	0
sub-14_2	40	Picture	30	1929541	5000	1	20226	1	5000	20000	hit	139
sub-14_2	40	Response	1	1940730	16189	1
sub-14_2	40	Pulse	255	1947430	22889	0
sub-14_2	41	Picture	30	1955014	5000	1	20231	1	5000	20000	hit	142
sub-14_2	41	Response	2	1960010	9997	1
sub-14_2	41	Pulse	255	1967430	17416	0
sub-14_2	42	Picture	30	1980277	5000	1	20231	1	5000	20000	hit	145
sub-14_2	42	Response	1	1985690	10413	1
sub-14_2	42	Pulse	255	1987430	12153	0
sub-14_2	43	Picture	30	2005534	5000	1	20232	1	5000	20000	hit	149
sub-14_2	43	Pulse	255	2007431	6896	0
sub-14_2	43	Response	2	2013171	12636	1
sub-14_2	44	Pulse	255	2027430	1639	0
sub-14_2	44	Picture	30	2030791	5000	1	20228	1	5000	20000	hit	152
sub-14_2	44	Response	1	2038701	12909	1
sub-14_2	44	Pulse	255	2047431	21639	0
sub-14_2	45	Picture	change_to_15	2051019	0	1	25226	1	0	25000	other	0
sub-14_2	45	Pulse	255	2067430	16411	0
sub-14_2	46	Picture	10	2081495	5000	1	20231	1	5000	20000	incorrect	158
sub-14_2	46	Pulse	255	2087431	10936	0
sub-14_2	46	Response	2	2096340	19845	1
sub-14_2	47	Picture	10	2106751	5000	1	20231	1	5000	20000	hit	161
sub-14_2	47	Pulse	255	2107431	5679	0
sub-14_2	47	Response	1	2114670	12919	1
sub-14_2	48	Pulse	255	2127431	424	0
sub-14_2	48	Picture	10	2132007	5000	1	20231	1	5000	20000	hit	164
sub-14_2	48	Response	2	2139371	12364	1
sub-14_2	48	Pulse	255	2147430	20424	0
sub-14_2	49	Picture	10	2157264	5000	1	20231	1	5000	20000	hit	167
sub-14_2	49	Response	2	2165301	13037	1
sub-14_2	49	Pulse	255	2167430	15166	0
sub-14_2	50	Picture	10	2182519	5000	1	20228	1	5000	20000	hit	171
sub-14_2	50	Pulse	255	2187430	9911	0
sub-14_2	50	Response	1	2196351	18832	1
sub-14_2	51	Picture	change_to_25	2202747	0	1	25230	1	0	25000	other	0
sub-14_2	51	Pulse	255	2207430	4683	0
sub-14_2	51	Pulse	255	2227431	24683	0
sub-14_2	52	Picture	20	2233004	5000	1	20230	1	5000	20000	hit	176
sub-14_2	52	Response	2	2239921	11917	1
sub-14_2	52	Pulse	255	2247431	19427	0
sub-14_2	53	Picture	20	2258259	5000	1	20231	1	5000	20000	hit	180
sub-14_2	53	Pulse	255	2267431	14171	0
sub-14_2	53	Response	1	2268010	14751	1
sub-14_2	54	Picture	20	2283517	5000	1	20231	1	5000	20000	hit	183
sub-14_2	54	Pulse	255	2287431	8914	0
sub-14_2	54	Response	2	2294661	16144	1
sub-14_2	55	Pulse	255	2307431	3716	0
sub-14_2	55	Picture	20	2308715	5000	1	20231	1	5000	20000	hit	186
sub-14_2	55	Response	1	2320261	16546	1
sub-14_2	55	Pulse	255	2327431	23716	0
sub-14_2	56	Picture	20	2333973	5000	1	20227	1	5000	20000	hit	190
sub-14_2	56	Pulse	255	2347431	18459	0
sub-14_2	56	Response	2	2347931	18958	1
sub-14_2	57	Picture	Bfix	2354199	0	1	200226	1	0	200000	other	0
sub-14_2	57	Pulse	255	2367431	13231	0
sub-14_2	57	Pulse	255	2387431	33232	0
sub-14_2	57	Pulse	255	2407431	53232	0
sub-14_2	57	Pulse	255	2427431	73232	0
sub-14_2	57	Pulse	255	2447431	93232	0
sub-14_2	57	Pulse	255	2467421	113222	0
sub-14_2	57	Pulse	255	2487421	133222	0
sub-14_2	57	Pulse	255	2507421	153222	0
sub-14_2	57	Pulse	255	2527422	173222	0
sub-14_2	57	Pulse	255	2547422	193222	0
sub-14_2	58	Picture	change_to_15	2554592	0	1	25232	1	0	25000	other	0
sub-14_2	58	Pulse	255	2567422	12830	0
sub-14_2	59	Picture	10	2584851	5000	1	20230	1	5000	20000	miss	0
sub-14_2	59	Pulse	255	2587421	7571	0
sub-14_2	60	Response	2	2605892	784	1
sub-14_2	60	Pulse	255	2607421	2313	0
sub-14_2	60	Picture	10	2610108	5000	1	20230	1	5000	20000	hit	209
sub-14_2	60	Response	1	2618792	13684	1
sub-14_2	60	Pulse	255	2627421	22314	0
sub-14_2	61	Picture	10	2635365	5000	1	20230	1	5000	20000	hit	212
sub-14_2	61	Response	2	2641852	11487	1
sub-14_2	61	Pulse	255	2647421	17057	0
sub-14_2	62	Picture	10	2660622	5000	1	20231	1	5000	20000	hit	216
sub-14_2	62	Pulse	255	2667422	11800	0
sub-14_2	62	Response	1	2669922	14300	1
sub-14_2	63	Picture	10	2685879	5000	1	20227	1	5000	20000	hit	219
sub-14_2	63	Pulse	255	2687422	6543	0
sub-14_2	63	Response	1	2692072	11193	1
sub-14_2	64	Picture	change_to_25	2706273	0	1	25231	1	0	25000	other	0
sub-14_2	64	Pulse	255	2707422	1149	0
sub-14_2	64	Pulse	255	2727422	21149	0
sub-14_2	65	Picture	20	2736530	5000	1	20226	1	5000	20000	hit	224
sub-14_2	65	Response	1	2745952	14422	1
sub-14_2	65	Pulse	255	2747422	15891	0
sub-14_2	66	Picture	20	2762006	5000	1	20231	1	5000	20000	hit	228
sub-14_2	66	Pulse	255	2767422	10416	0
sub-14_2	66	Response	1	2778742	21735	1
sub-14_2	67	Picture	20	2787263	5000	1	20230	1	5000	20000	hit	231
sub-14_2	67	Pulse	255	2787422	5159	0
sub-14_2	67	Response	1	2794952	12689	1
sub-14_2	67	Pulse	255	2807422	25159	0
sub-14_2	68	Picture	20	2812521	5000	1	20231	1	5000	20000	hit	234
sub-14_2	68	Response	2	2823062	15542	1
sub-14_2	68	Pulse	255	2827422	19901	0
sub-14_2	69	Picture	20	2837776	5000	1	20228	1	5000	20000	hit	238
sub-14_2	69	Pulse	255	2847422	14645	0
sub-14_2	69	Response	2	2850012	17235	1
sub-14_2	70	Picture	change_to_35	2858004	0	1	25231	1	0	25000	other	0
sub-14_2	70	Pulse	255	2867422	9418	0
sub-14_2	71	Pulse	255	2887422	4161	0
sub-14_2	71	Picture	30	2888261	5000	1	20231	1	5000	20000	hit	243
sub-14_2	71	Response	1	2894192	10931	1
sub-14_2	71	Pulse	255	2907422	24161	0
sub-14_2	72	Picture	30	2913519	5000	1	20230	1	5000	20000	hit	246
sub-14_2	72	Response	1	2918743	10223	1
sub-14_2	72	Pulse	255	2927422	18903	0
sub-14_2	73	Picture	30	2938776	5000	1	20230	1	5000	20000	hit	249
sub-14_2	73	Response	2	2947062	13287	1
sub-14_2	73	Pulse	255	2947422	13646	0
sub-14_2	74	Picture	30	2964032	5000	1	20231	1	5000	20000	hit	253
sub-14_2	74	Pulse	255	2967422	8391	0
sub-14_2	74	Response	2	2971132	12100	1
sub-14_2	75	Pulse	255	2987422	3133	0
sub-14_2	75	Picture	30	2989290	5000	1	20227	1	5000	20000	hit	256
sub-14_2	75	Response	1	3002713	18423	1
sub-14_2	75	Pulse	255	3007422	23133	0
sub-14_2	76	Picture	Bfix	3009516	0	1	200228	1	0	200000	other	0
sub-14_2	76	Pulse	255	3027422	17906	0
sub-14_2	76	Pulse	255	3047422	37906	0
sub-14_2	76	Pulse	255	3067423	57906	0
sub-14_2	76	Pulse	255	3087423	77906	0
sub-14_2	76	Pulse	255	3107422	97906	0
sub-14_2	76	Pulse	255	3127423	117906	0
sub-14_2	76	Pulse	255	3147422	137906	0
sub-14_2	76	Pulse	255	3167423	157906	0
sub-14_2	76	Pulse	255	3187422	177906	0
sub-14_2	76	Pulse	255	3207423	197907	0
sub-14_2	77	Picture	change_to_25	3209744	0	1	25231	1	0	25000	other	0
sub-14_2	77	Pulse	255	3227423	17678	0
sub-14_2	78	Picture	20	3240002	5000	1	20231	1	5000	20000	hit	273
sub-14_2	78	Pulse	255	3247423	12421	0
sub-14_2	78	Response	2	3253493	18491	1
sub-14_2	79	Picture	20	3265260	5000	1	20231	1	5000	20000	hit	276
sub-14_2	79	Pulse	255	3267423	7163	0
sub-14_2	79	Response	2	3273083	12823	1
sub-14_2	80	Pulse	255	3287423	1906	0
sub-14_2	80	Picture	20	3290517	5000	1	20231	1	5000	20000	hit	279
sub-14_2	80	Response	2	3299443	13926	1
sub-14_2	80	Pulse	255	3307423	21906	0
sub-14_2	81	Picture	20	3315774	5000	1	20230	1	5000	20000	hit	282
sub-14_2	81	Response	1	3326003	15229	1
sub-14_2	81	Pulse	255	3327422	16649	0
sub-14_2	82	Picture	20	3341031	5000	1	20228	1	5000	20000	hit	286
sub-14_2	82	Pulse	255	3347423	11392	0
sub-14_2	82	Response	1	3353943	17912	1
sub-14_2	83	Picture	change_to_35	3361259	0	1	25230	1	0	25000	other	0
sub-14_2	83	Pulse	255	3367423	6164	0
sub-14_2	84	Pulse	255	3387423	907	0
sub-14_2	84	Picture	30	3391516	5000	1	20226	1	5000	20000	hit	291
sub-14_2	84	Response	1	3405943	19427	1
sub-14_2	84	Pulse	255	3407423	20907	0
sub-14_2	85	Picture	30	3416993	5000	1	20230	1	5000	20000	hit	294
sub-14_2	85	Response	1	3421923	9930	1
sub-14_2	85	Pulse	255	3427423	15430	0
sub-14_2	86	Picture	30	3442249	5000	1	20226	1	5000	20000	hit	298
sub-14_2	86	Pulse	255	3447423	10174	0
sub-14_2	86	Response	2	3448343	11094	1
sub-14_2	87	Pulse	255	3467423	4698	0
sub-14_2	87	Picture	30	3467725	5000	1	20231	1	5000	20000	hit	301
sub-14_2	87	Response	2	3472684	9958	1
sub-14_2	87	Pulse	255	3487423	24698	0
sub-14_2	88	Picture	30	3492982	5000	1	20228	1	5000	20000	hit	304
sub-14_2	88	Response	1	3500874	12891	1
sub-14_2	88	Pulse	255	3507423	19441	0
sub-14_2	89	Picture	change_to_15	3513210	0	1	25230	1	0	25000	other	0
sub-14_2	89	Pulse	255	3527423	14213	0
sub-14_2	90	Picture	10	3543467	5000	1	20231	1	5000	20000	hit	310
sub-14_2	90	Pulse	255	3547424	8956	0
sub-14_2	90	Response	2	3550163	11696	1
sub-14_2	91	Pulse	255	3567423	3701	0
sub-14_2	91	Picture	10	3568722	5000	1	20230	1	5000	20000	hit	313
sub-14_2	91	Response	1	3578874	15152	1
sub-14_2	91	Pulse	255	3587424	23702	0
sub-14_2	92	Picture	10	3593977	5000	1	20231	1	5000	20000	hit	316
sub-14_2	92	Response	1	3604354	15377	1
sub-14_2	92	Pulse	255	3607423	18446	0
sub-14_2	93	Picture	10	3619235	5000	1	20226	1	5000	20000	miss	0
sub-14_2	93	Pulse	255	3627423	13189	0
sub-14_2	94	Picture	10	3644710	5000	1	20227	1	5000	20000	hit	322
sub-14_2	94	Pulse	255	3647423	7713	0
sub-14_2	94	Response	2	3657194	17484	1
sub-14_2	95	Picture	Bfix	3664937	0	1	200228	1	0	200000	other	0
sub-14_2	95	Pulse	255	3667423	2486	0
sub-14_2	95	Pulse	255	3687424	22487	0
sub-14_2	95	Pulse	255	3707424	42487	0
sub-14_2	95	Pulse	255	3727424	62487	0
sub-14_2	95	Pulse	255	3747424	82487	0
sub-14_2	95	Pulse	255	3767424	102486	0
sub-14_2	95	Pulse	255	3787424	122487	0
sub-14_2	95	Pulse	255	3807424	142487	0
sub-14_2	95	Pulse	255	3827424	162487	0
sub-14_2	95	Pulse	255	3847424	182487	0
sub-14_2	96	Picture	change_to_35	3865165	0	1	25231	1	0	25000	other	0
sub-14_2	96	Pulse	255	3867424	2259	0
sub-14_2	96	Pulse	255	3887424	22259	0
sub-14_2	97	Picture	30	3895423	5000	1	20231	1	5000	20000	hit	339
sub-14_2	97	Pulse	255	3907424	17002	0
sub-14_2	97	Response	2	3910724	20301	1
sub-14_2	98	Picture	30	3920680	5000	1	20231	1	5000	20000	hit	341
sub-14_2	98	Response	1	3926514	10834	1
sub-14_2	98	Pulse	255	3927424	11743	0
sub-14_2	99	Picture	30	3945936	5000	1	20226	1	5000	20000	hit	345
sub-14_2	99	Pulse	255	3947424	6488	0
sub-14_2	99	Response	1	3958084	17148	1
sub-14_2	100	Pulse	255	3967424	1013	0
sub-14_2	100	Picture	30	3971411	5000	1	20227	1	5000	20000	hit	348
sub-14_2	100	Response	2	3979374	12963	1
sub-14_2	100	Pulse	255	3987424	21013	0
sub-14_2	101	Picture	30	3996888	5000	1	20228	1	5000	20000	hit	351
sub-14_2	101	Response	1	4005874	13986	1
sub-14_2	101	Pulse	255	4007424	15536	0
sub-14_2	102	Picture	change_to_25	4017116	0	1	25230	1	0	25000	other	0
sub-14_2	102	Pulse	255	4027424	10309	0
sub-14_2	103	Picture	20	4047374	5000	1	20226	1	5000	20000	hit	357
sub-14_2	103	Pulse	255	4047424	5050	0
sub-14_2	103	Response	2	4064505	22131	1
sub-14_2	103	Pulse	255	4067455	25081	0
sub-14_2	104	Picture	20	4072851	5000	1	20231	1	5000	20000	hit	360
sub-14_2	104	Response	1	4081375	13524	1
sub-14_2	104	Pulse	255	4087424	19573	0
sub-14_2	105	Picture	20	4098108	5000	1	20230	1	5000	20000	hit	364
sub-14_2	105	Pulse	255	4107424	14316	0
sub-14_2	105	Response	1	4109415	16306	1
sub-14_2	106	Picture	20	4123365	5000	1	20231	1	5000	20000	hit	367
sub-14_2	106	Pulse	255	4127424	9060	0
sub-14_2	106	Response	1	4131214	12850	1
sub-14_2	107	Pulse	255	4147424	3803	0
sub-14_2	107	Picture	20	4148621	5000	1	20228	1	5000	20000	hit	370
sub-14_2	107	Response	2	4160374	16753	1
sub-14_2	107	Pulse	255	4167425	23803	0
sub-14_2	108	Picture	change_to_15	4168850	0	1	25230	1	0	25000	other	0
sub-14_2	108	Pulse	255	4187425	18575	0
sub-14_2	109	Picture	10	4199105	5000	1	20231	1	5000	20000	incorrect	376
sub-14_2	109	Pulse	255	4207425	13320	0
sub-14_2	109	Response	2	4211395	17290	1
sub-14_2	110	Picture	10	4224362	5000	1	20230	1	5000	20000	hit	379
sub-14_2	110	Pulse	255	4227425	8063	0
sub-14_2	110	Response	1	4232715	13353	1
sub-14_2	111	Pulse	255	4247425	2807	0
sub-14_2	111	Picture	10	4249618	5000	1	20231	1	5000	20000	hit	382
sub-14_2	111	Response	2	4263245	18627	1
sub-14_2	111	Pulse	255	4267425	22806	0
sub-14_2	112	Picture	10	4274876	5000	1	20231	1	5000	20000	hit	385
sub-14_2	112	Response	2	4285085	15210	1
sub-14_2	112	Pulse	255	4287425	17549	0
sub-14_2	113	Picture	10	4300132	5000	1	20227	1	5000	20000	hit	389
sub-14_2	113	Pulse	255	4307415	12283	0
sub-14_2	113	Response	1	4315535	20403	1
sub-14_2	114	Picture	Bfix	4320358	0	1	72039	1	0	60000	other	0
sub-14_2	114	Pulse	255	4327415	7056	0
sub-14_2	114	Pulse	255	4347415	27057	0
sub-14_2	114	Pulse	255	4367415	47056	0
