Scenario - loca_lec1
Logfile written - 07/16/2018 13:56:38

Subject	Trial	Event Type	Code	Time	TTime	Uncertainty	Duration	Uncertainty	ReqTime	ReqDur	Stim Type	Pair Index

sub-06_1	0	Pulse	255	584695	584695	0
sub-06_1	1	Nothing	cut	584926	0	1			0		other	0
sub-06_1	1	Nothing	cut	589926	5000	1			5000		other	0
sub-06_1	2	Picture	change_to_25	595154	0	1	25239	1	0	25000	other	0
sub-06_1	2	Pulse	255	604695	9541	0
sub-06_1	3	Pulse	255	624695	4277	0
sub-06_1	3	Picture	20	625418	5000	1	20372	1	5000	20000	hit	8
sub-06_1	3	Response	2	634715	14297	1
sub-06_1	3	Pulse	255	644695	24277	0
sub-06_1	4	Picture	20	650817	5000	1	20234	1	5000	20000	hit	11
sub-06_1	4	Response	1	661145	15328	1
sub-06_1	4	Pulse	255	664695	18878	0
sub-06_1	5	Picture	20	676074	5000	1	20238	1	5000	20000	hit	14
sub-06_1	5	Response	1	683505	12431	1
sub-06_1	5	Pulse	255	684695	13621	0
sub-06_1	6	Picture	20	701337	5000	1	20226	1	5000	20000	hit	18
sub-06_1	6	Pulse	255	704695	8358	0
sub-06_1	6	Response	2	709764	13427	1
sub-06_1	7	Pulse	255	724695	2883	0
sub-06_1	7	Picture	20	726812	5000	1	20228	1	5000	20000	hit	21
sub-06_1	7	Response	1	734815	13003	1
sub-06_1	7	Pulse	255	744695	22883	0
sub-06_1	8	Picture	change_to_15	747040	0	1	25226	1	0	25000	other	0
sub-06_1	8	Pulse	255	764695	17655	0
sub-06_1	9	Picture	10	777390	5000	1	20226	1	5000	20000	hit	26
sub-06_1	9	Response	2	783865	11475	1
sub-06_1	9	Pulse	255	784696	12306	0
sub-06_1	10	Picture	10	802866	5000	1	20230	1	5000	20000	hit	30
sub-06_1	10	Pulse	255	804696	6830	0
sub-06_1	10	Response	2	810045	12180	1
sub-06_1	11	Pulse	255	824696	1573	0
sub-06_1	11	Picture	10	828123	5000	1	20226	1	5000	20000	hit	33
sub-06_1	11	Response	1	833656	10533	1
sub-06_1	11	Pulse	255	844695	21572	0
sub-06_1	12	Picture	10	853597	5000	1	20234	1	5000	20000	hit	36
sub-06_1	12	Response	1	860116	11518	1
sub-06_1	12	Pulse	255	864696	16098	0
sub-06_1	13	Picture	10	878858	5000	1	20228	1	5000	20000	hit	39
sub-06_1	13	Response	2	884296	10437	1
sub-06_1	13	Pulse	255	884695	10836	0
sub-06_1	14	Picture	change_to_35	899086	0	1	25226	1	0	25000	other	0
sub-06_1	14	Pulse	255	904696	5609	0
sub-06_1	15	Pulse	255	924696	135	0
sub-06_1	15	Picture	30	929561	5000	1	20226	1	5000	20000	hit	45
sub-06_1	15	Response	2	935016	10455	1
sub-06_1	15	Pulse	255	944696	20135	0
sub-06_1	16	Picture	30	955046	5000	1	20238	1	5000	20000	hit	48
sub-06_1	16	Response	1	960535	10489	1
sub-06_1	16	Pulse	255	964695	14649	0
sub-06_1	17	Picture	30	980311	5000	1	20238	1	5000	20000	hit	52
sub-06_1	17	Pulse	255	984696	9385	0
sub-06_1	17	Response	1	985155	9844	1
sub-06_1	18	Pulse	255	1004696	4120	0
sub-06_1	18	Picture	30	1005576	5000	1	20121	1	5000	20000	hit	55
sub-06_1	18	Response	2	1010706	10131	1
sub-06_1	18	Pulse	255	1024696	24121	0
sub-06_1	19	Picture	30	1030840	5000	1	20228	1	5000	20000	hit	58
sub-06_1	19	Response	1	1034006	8167	1
sub-06_1	19	Pulse	255	1044696	18856	0
sub-06_1	20	Picture	Bfix	1051068	0	1	200228	1	0	200000	other	0
sub-06_1	20	Pulse	255	1064696	13628	0
sub-06_1	20	Pulse	255	1084696	33628	0
sub-06_1	20	Pulse	255	1104696	53628	0
sub-06_1	20	Pulse	255	1124696	73628	0
sub-06_1	20	Pulse	255	1144696	93628	0
sub-06_1	20	Pulse	255	1164695	113627	0
sub-06_1	20	Pulse	255	1184696	133628	0
sub-06_1	20	Pulse	255	1204696	153628	0
sub-06_1	20	Pulse	255	1224696	173628	0
sub-06_1	20	Pulse	255	1244696	193628	0
sub-06_1	21	Picture	change_to_25	1251296	0	1	25231	1	0	25000	other	0
sub-06_1	21	Pulse	255	1264696	13400	0
sub-06_1	22	Picture	20	1281553	5000	1	20230	1	5000	20000	hit	75
sub-06_1	22	Pulse	255	1284687	8133	0
sub-06_1	22	Response	1	1292386	15833	1
sub-06_1	23	Pulse	255	1304686	2876	0
sub-06_1	23	Picture	20	1306811	5000	1	20226	1	5000	20000	hit	78
sub-06_1	23	Response	1	1315087	13276	1
sub-06_1	23	Pulse	255	1324686	22875	0
sub-06_1	24	Picture	20	1332288	5000	1	20230	1	5000	20000	hit	81
sub-06_1	24	Response	1	1338976	11688	1
sub-06_1	24	Pulse	255	1344686	17398	0
sub-06_1	25	Picture	20	1357544	5000	1	20226	1	5000	20000	hit	85
sub-06_1	25	Pulse	255	1364687	12143	0
sub-06_1	25	Response	2	1365107	12562	1
sub-06_1	26	Picture	20	1383023	5000	1	20228	1	5000	20000	hit	88
sub-06_1	26	Pulse	255	1384687	6663	0
sub-06_1	26	Response	2	1390457	12433	1
sub-06_1	27	Picture	change_to_15	1403252	0	1	25230	1	0	25000	other	0
sub-06_1	27	Pulse	255	1404687	1435	0
sub-06_1	27	Pulse	255	1424686	21435	0
sub-06_1	28	Picture	10	1433505	5000	1	20233	1	5000	20000	hit	93
sub-06_1	28	Response	2	1439987	11481	1
sub-06_1	28	Pulse	255	1444687	16181	0
sub-06_1	29	Picture	10	1458765	5000	1	20226	1	5000	20000	hit	97
sub-06_1	29	Pulse	255	1464686	10921	0
sub-06_1	29	Response	1	1465526	11760	1
sub-06_1	30	Picture	10	1484241	5000	1	20231	1	5000	20000	incorrect	100
sub-06_1	30	Pulse	255	1484687	5447	0
sub-06_1	30	Response	2	1491707	12466	1
sub-06_1	31	Pulse	255	1504687	188	0
sub-06_1	31	Picture	10	1509499	5000	1	20231	1	5000	20000	hit	103
sub-06_1	31	Response	2	1519976	15478	1
sub-06_1	31	Pulse	255	1524687	20188	0
sub-06_1	32	Picture	10	1534756	5000	1	20228	1	5000	20000	hit	106
sub-06_1	32	Response	2	1542717	12961	1
sub-06_1	32	Pulse	255	1544686	14930	0
sub-06_1	33	Picture	change_to_35	1554984	0	1	25231	1	0	25000	other	0
sub-06_1	33	Pulse	255	1564687	9703	0
sub-06_1	34	Pulse	255	1584687	4445	0
sub-06_1	34	Picture	30	1585242	5000	1	20233	1	5000	20000	hit	112
sub-06_1	34	Response	1	1589458	9215	1
sub-06_1	34	Pulse	255	1604687	24445	0
sub-06_1	35	Picture	30	1610502	5000	1	20231	1	5000	20000	hit	115
sub-06_1	35	Response	1	1615827	10325	1
sub-06_1	35	Pulse	255	1624687	19185	0
sub-06_1	36	Picture	30	1635760	5000	1	20226	1	5000	20000	hit	118
sub-06_1	36	Response	2	1641497	10737	1
sub-06_1	36	Pulse	255	1644687	13927	0
sub-06_1	37	Picture	30	1661237	5000	1	20234	1	5000	20000	hit	122
sub-06_1	37	Pulse	255	1664687	8450	0
sub-06_1	37	Response	2	1666827	10589	1
sub-06_1	38	Pulse	255	1684687	3190	0
sub-06_1	38	Picture	30	1686496	5000	1	20227	1	5000	20000	hit	125
sub-06_1	38	Response	1	1691288	9791	1
sub-06_1	38	Pulse	255	1704687	23191	0
sub-06_1	39	Picture	Bfix	1706723	0	1	200229	1	0	200000	other	0
sub-06_1	39	Pulse	255	1724687	17964	0
sub-06_1	39	Pulse	255	1744687	37964	0
sub-06_1	39	Pulse	255	1764688	57964	0
sub-06_1	39	Pulse	255	1784687	77964	0
sub-06_1	39	Pulse	255	1804687	97964	0
sub-06_1	39	Pulse	255	1824688	117965	0
sub-06_1	39	Pulse	255	1844688	137965	0
sub-06_1	39	Pulse	255	1864687	157964	0
sub-06_1	39	Pulse	255	1884687	177964	0
sub-06_1	39	Pulse	255	1904688	197965	0
sub-06_1	40	Picture	change_to_35	1906952	0	1	25234	1	0	25000	other	0
sub-06_1	40	Pulse	255	1924688	17736	0
sub-06_1	41	Picture	30	1937213	5000	1	20230	1	5000	20000	hit	141
sub-06_1	41	Response	1	1941798	9585	1
sub-06_1	41	Pulse	255	1944687	12475	0
sub-06_1	42	Picture	30	1962470	5000	1	20231	1	5000	20000	hit	145
sub-06_1	42	Pulse	255	1964688	7217	0
sub-06_1	42	Response	2	1968578	11108	1
sub-06_1	43	Pulse	255	1984688	1961	0
sub-06_1	43	Picture	30	1987727	5000	1	20237	1	5000	20000	hit	148
sub-06_1	43	Response	2	1993918	11191	1
sub-06_1	43	Pulse	255	2004688	21961	0
sub-06_1	44	Picture	30	2012990	5000	1	20234	1	5000	20000	hit	151
sub-06_1	44	Response	1	2017498	9509	1
sub-06_1	44	Pulse	255	2024688	16698	0
sub-06_1	45	Picture	30	2038249	5000	1	20228	1	5000	20000	hit	154
sub-06_1	45	Response	1	2042828	9579	1
sub-06_1	45	Pulse	255	2044687	11438	0
sub-06_1	46	Picture	change_to_25	2058477	0	1	25226	1	0	25000	other	0
sub-06_1	46	Pulse	255	2064688	6210	0
sub-06_1	47	Pulse	255	2084688	735	0
sub-06_1	47	Picture	20	2088953	5000	1	20231	1	5000	20000	hit	160
sub-06_1	47	Response	1	2096648	12695	1
sub-06_1	47	Pulse	255	2104688	20735	0
sub-06_1	48	Picture	20	2114211	5000	1	20231	1	5000	20000	hit	163
sub-06_1	48	Response	1	2123359	14148	1
sub-06_1	48	Pulse	255	2124689	15478	0
sub-06_1	49	Picture	20	2139467	5000	1	20231	1	5000	20000	hit	167
sub-06_1	49	Pulse	255	2144688	10221	0
sub-06_1	49	Response	1	2152849	18381	1
sub-06_1	50	Pulse	255	2164689	4964	0
sub-06_1	50	Picture	20	2164725	5000	1	20231	1	5000	20000	hit	170
sub-06_1	50	Response	2	2174868	15143	1
sub-06_1	50	Pulse	255	2184688	24963	0
sub-06_1	51	Picture	20	2189983	5000	1	20228	1	5000	20000	hit	173
sub-06_1	51	Response	2	2197209	12225	1
sub-06_1	51	Pulse	255	2204688	19705	0
sub-06_1	52	Picture	change_to_15	2210211	0	1	25231	1	0	25000	other	0
sub-06_1	52	Pulse	255	2224688	14477	0
sub-06_1	53	Picture	10	2240467	5000	1	20230	1	5000	20000	hit	179
sub-06_1	53	Pulse	255	2244689	9222	0
sub-06_1	53	Response	1	2248168	12701	1
sub-06_1	54	Pulse	255	2264689	3965	0
sub-06_1	54	Picture	10	2265724	5000	1	20231	1	5000	20000	hit	182
sub-06_1	54	Response	2	2270948	10224	1
sub-06_1	54	Pulse	255	2284689	23965	0
sub-06_1	55	Picture	10	2290980	5000	1	20231	1	5000	20000	hit	185
sub-06_1	55	Response	2	2296898	10918	1
sub-06_1	55	Pulse	255	2304689	18709	0
sub-06_1	56	Picture	10	2316235	5000	1	20230	1	5000	20000	hit	188
sub-06_1	56	Response	1	2324318	13084	1
sub-06_1	56	Pulse	255	2324688	13453	0
sub-06_1	57	Picture	10	2341488	5000	1	20227	1	5000	20000	hit	192
sub-06_1	57	Pulse	255	2344689	8201	0
sub-06_1	57	Response	1	2347458	10971	1
sub-06_1	58	Picture	Bfix	2361715	0	1	200228	1	0	200000	other	0
sub-06_1	58	Pulse	255	2364689	2974	0
sub-06_1	58	Pulse	255	2384689	22974	0
sub-06_1	58	Pulse	255	2404688	42973	0
sub-06_1	58	Pulse	255	2424690	62975	0
sub-06_1	58	Pulse	255	2444688	82973	0
sub-06_1	58	Pulse	255	2464689	102974	0
sub-06_1	58	Pulse	255	2484689	122974	0
sub-06_1	58	Pulse	255	2504689	142974	0
sub-06_1	58	Pulse	255	2524688	162974	0
sub-06_1	58	Pulse	255	2544690	182975	0
sub-06_1	59	Picture	change_to_25	2561943	0	1	25231	1	0	25000	other	0
sub-06_1	59	Pulse	255	2564689	2746	0
sub-06_1	59	Pulse	255	2584689	22747	0
sub-06_1	60	Picture	20	2592199	5000	1	20231	1	5000	20000	hit	208
sub-06_1	60	Response	1	2599149	11950	1
sub-06_1	60	Pulse	255	2604689	17490	0
sub-06_1	61	Picture	20	2617458	5000	1	20231	1	5000	20000	hit	212
sub-06_1	61	Pulse	255	2624690	12232	0
sub-06_1	61	Response	2	2627469	15011	1
sub-06_1	62	Picture	20	2642712	5000	1	20226	1	5000	20000	hit	215
sub-06_1	62	Pulse	255	2644690	6978	0
sub-06_1	62	Response	2	2652159	14447	1
sub-06_1	63	Pulse	255	2664690	1503	0
sub-06_1	63	Picture	20	2668186	5000	1	20230	1	5000	20000	hit	218
sub-06_1	63	Response	1	2675899	12712	1
sub-06_1	63	Pulse	255	2684689	21503	0
sub-06_1	64	Picture	20	2693444	5000	1	20228	1	5000	20000	hit	221
sub-06_1	64	Response	1	2700479	12035	1
sub-06_1	64	Pulse	255	2704689	16245	0
sub-06_1	65	Picture	change_to_15	2713672	0	1	25231	1	0	25000	other	0
sub-06_1	65	Pulse	255	2724689	11018	0
sub-06_1	66	Picture	10	2743929	5000	1	20230	1	5000	20000	hit	227
sub-06_1	66	Pulse	255	2744690	5761	0
sub-06_1	66	Response	1	2749669	10740	1
sub-06_1	67	Pulse	255	2764690	505	0
sub-06_1	67	Picture	10	2769185	5000	1	20231	1	5000	20000	hit	230
sub-06_1	67	Response	1	2774959	10775	1
sub-06_1	67	Pulse	255	2784690	20505	0
sub-06_1	68	Picture	10	2794442	5000	1	20232	1	5000	20000	hit	233
sub-06_1	68	Response	1	2800020	10578	1
sub-06_1	68	Pulse	255	2804690	15248	0
sub-06_1	69	Picture	10	2819697	5000	1	20230	1	5000	20000	hit	237
sub-06_1	69	Pulse	255	2824690	9993	0
sub-06_1	69	Response	2	2826669	11973	1
sub-06_1	70	Pulse	255	2844690	4740	0
sub-06_1	70	Picture	10	2844950	5000	1	20228	1	5000	20000	hit	240
sub-06_1	70	Response	2	2851759	11809	1
sub-06_1	70	Pulse	255	2864690	24740	0
sub-06_1	71	Picture	change_to_35	2865178	0	1	25231	1	0	25000	other	0
sub-06_1	71	Pulse	255	2884690	19513	0
sub-06_1	72	Picture	30	2895433	5000	1	20231	1	5000	20000	hit	245
sub-06_1	72	Response	1	2901710	11276	1
sub-06_1	72	Pulse	255	2904690	14256	0
sub-06_1	73	Picture	30	2920687	5000	1	20226	1	5000	20000	hit	249
sub-06_1	73	Pulse	255	2924690	9003	0
sub-06_1	73	Response	2	2925829	10143	1
sub-06_1	74	Pulse	255	2944690	3528	0
sub-06_1	74	Picture	30	2946162	5000	1	20233	1	5000	20000	hit	252
sub-06_1	74	Response	2	2950490	9328	1
sub-06_1	74	Pulse	255	2964690	23528	0
sub-06_1	75	Picture	30	2971418	5000	1	20231	1	5000	20000	hit	255
sub-06_1	75	Response	1	2975170	8752	1
sub-06_1	75	Pulse	255	2984691	18273	0
sub-06_1	76	Picture	30	2996675	5000	1	20227	1	5000	20000	hit	258
sub-06_1	76	Response	1	3001820	10146	1
sub-06_1	76	Pulse	255	3004690	13015	0
sub-06_1	77	Picture	Bfix	3016902	0	1	200226	1	0	200000	other	0
sub-06_1	77	Pulse	255	3024690	7789	0
sub-06_1	77	Pulse	255	3044690	27789	0
sub-06_1	77	Pulse	255	3064690	47788	0
sub-06_1	77	Pulse	255	3084691	67789	0
sub-06_1	77	Pulse	255	3104690	87789	0
sub-06_1	77	Pulse	255	3124690	107789	0
sub-06_1	77	Pulse	255	3144691	127790	0
sub-06_1	77	Pulse	255	3164691	147789	0
sub-06_1	77	Pulse	255	3184690	167789	0
sub-06_1	77	Pulse	255	3204691	187789	0
sub-06_1	78	Picture	change_to_15	3217294	0	1	25230	1	0	25000	other	0
sub-06_1	78	Pulse	255	3224692	7398	0
sub-06_1	79	Pulse	255	3244691	2141	0
sub-06_1	79	Picture	10	3247550	5000	1	20231	1	5000	20000	hit	275
sub-06_1	79	Response	2	3253731	11180	1
sub-06_1	79	Pulse	255	3264681	22130	0
sub-06_1	80	Picture	10	3272808	5000	1	20230	1	5000	20000	hit	278
sub-06_1	80	Response	1	3281061	13253	1
sub-06_1	80	Pulse	255	3284681	16872	0
sub-06_1	81	Picture	10	3298066	5000	1	20231	1	5000	20000	hit	282
sub-06_1	81	Pulse	255	3304681	11615	0
sub-06_1	81	Response	2	3311111	18044	1
sub-06_1	82	Picture	10	3323321	5000	1	20231	1	5000	20000	hit	285
sub-06_1	82	Pulse	255	3324681	6360	0
sub-06_1	82	Response	1	3331961	13640	1
sub-06_1	83	Pulse	255	3344682	1105	0
sub-06_1	83	Picture	10	3348576	5000	1	20228	1	5000	20000	hit	288
sub-06_1	83	Response	2	3359562	15985	1
sub-06_1	83	Pulse	255	3364681	21105	0
sub-06_1	84	Picture	change_to_35	3368804	0	1	25230	1	0	25000	other	0
sub-06_1	84	Pulse	255	3384681	15877	0
sub-06_1	85	Picture	30	3399062	5000	1	20230	1	5000	20000	miss	0
sub-06_1	85	Pulse	255	3404681	10619	0
sub-06_1	86	Response	2	3420572	1251	1
sub-06_1	86	Picture	30	3424320	5000	1	20230	1	5000	20000	hit	297
sub-06_1	86	Pulse	255	3424682	5362	0
sub-06_1	86	Response	2	3429741	10421	1
sub-06_1	87	Pulse	255	3444682	105	0
sub-06_1	87	Picture	30	3449577	5000	1	20231	1	5000	20000	hit	300
sub-06_1	87	Response	2	3453741	9164	1
sub-06_1	87	Pulse	255	3464682	20105	0
sub-06_1	88	Picture	30	3474834	5000	1	20231	1	5000	20000	hit	303
sub-06_1	88	Response	1	3478812	8978	1
sub-06_1	88	Pulse	255	3484682	14848	0
sub-06_1	89	Picture	30	3500090	5000	1	20228	1	5000	20000	hit	307
sub-06_1	89	Pulse	255	3504682	9592	0
sub-06_1	89	Response	1	3504701	9611	1
sub-06_1	90	Picture	change_to_25	3520318	0	1	25230	1	0	25000	other	0
sub-06_1	90	Pulse	255	3524682	4364	0
sub-06_1	90	Pulse	255	3544682	24364	0
sub-06_1	91	Picture	20	3550575	5000	1	20230	1	5000	20000	incorrect	312
sub-06_1	91	Response	1	3563682	18107	1
sub-06_1	91	Pulse	255	3564682	19107	0
sub-06_1	92	Picture	20	3575830	5000	1	20226	1	5000	20000	hit	316
sub-06_1	92	Pulse	255	3584682	13852	0
sub-06_1	92	Response	2	3586612	15781	1
sub-06_1	93	Picture	20	3601307	5000	1	20230	1	5000	20000	hit	319
sub-06_1	93	Pulse	255	3604682	8375	0
sub-06_1	93	Response	2	3610702	14395	1
sub-06_1	94	Pulse	255	3624682	3118	0
sub-06_1	94	Picture	20	3626564	5000	1	20231	1	5000	20000	hit	322
sub-06_1	94	Response	1	3636522	14957	1
sub-06_1	94	Pulse	255	3644682	23118	0
sub-06_1	95	Picture	20	3651821	5000	1	20227	1	5000	20000	hit	325
sub-06_1	95	Response	1	3660742	13921	1
sub-06_1	95	Pulse	255	3664682	17861	0
sub-06_1	96	Picture	Bfix	3672047	0	1	200228	1	0	200000	other	0
sub-06_1	96	Pulse	255	3684682	12635	0
sub-06_1	96	Pulse	255	3704682	32635	0
sub-06_1	96	Pulse	255	3724683	52635	0
sub-06_1	96	Pulse	255	3744682	72635	0
sub-06_1	96	Pulse	255	3764683	92635	0
sub-06_1	96	Pulse	255	3784682	112635	0
sub-06_1	96	Pulse	255	3804682	132635	0
sub-06_1	96	Pulse	255	3824682	152635	0
sub-06_1	96	Pulse	255	3844682	172635	0
sub-06_1	96	Pulse	255	3864682	192635	0
sub-06_1	97	Picture	change_to_35	3872276	0	1	25231	1	0	25000	other	0
sub-06_1	97	Pulse	255	3884683	12407	0
sub-06_1	98	Picture	30	3902533	5000	1	20226	1	5000	20000	hit	342
sub-06_1	98	Pulse	255	3904683	7150	0
sub-06_1	98	Response	2	3914753	17220	1
sub-06_1	99	Pulse	255	3924683	1673	0
sub-06_1	99	Picture	30	3928009	5000	1	20231	1	5000	20000	hit	345
sub-06_1	99	Response	1	3933963	10954	1
sub-06_1	99	Pulse	255	3944683	21674	0
sub-06_1	100	Picture	30	3953264	5000	1	20226	1	5000	20000	hit	348
sub-06_1	100	Response	1	3957753	9489	1
sub-06_1	100	Pulse	255	3964683	16419	0
sub-06_1	101	Picture	30	3978735	5000	1	20230	1	5000	20000	hit	352
sub-06_1	101	Pulse	255	3984683	10948	0
sub-06_1	101	Response	2	3986913	13178	1
sub-06_1	102	Picture	30	4003991	5000	1	20226	1	5000	20000	hit	355
sub-06_1	102	Pulse	255	4004683	5692	0
sub-06_1	102	Response	1	4011032	12041	1
sub-06_1	103	Picture	change_to_25	4024384	0	1	25230	1	0	25000	other	0
sub-06_1	103	Pulse	255	4024683	300	0
sub-06_1	103	Pulse	255	4044683	20299	0
sub-06_1	104	Picture	20	4054641	5000	1	20230	1	5000	20000	hit	361
sub-06_1	104	Pulse	255	4064683	15042	0
sub-06_1	104	Response	2	4074063	24422	1
sub-06_1	105	Picture	20	4079895	5000	1	20231	1	5000	20000	hit	364
sub-06_1	105	Pulse	255	4084683	9788	0
sub-06_1	105	Response	1	4089874	14979	1
sub-06_1	106	Pulse	255	4104683	4531	0
sub-06_1	106	Picture	20	4105152	5000	1	20230	1	5000	20000	hit	367
sub-06_1	106	Response	1	4116443	16291	1
sub-06_1	106	Pulse	255	4124683	24531	0
sub-06_1	107	Picture	20	4130409	5000	1	20230	1	5000	20000	hit	370
sub-06_1	107	Response	2	4141673	16264	1
sub-06_1	107	Pulse	255	4144684	19275	0
sub-06_1	108	Picture	20	4155663	5000	1	20228	1	5000	20000	hit	374
sub-06_1	108	Pulse	255	4164683	14020	0
sub-06_1	108	Response	1	4168824	18161	1
sub-06_1	109	Picture	change_to_15	4175891	0	1	25226	1	0	25000	other	0
sub-06_1	109	Pulse	255	4184684	8793	0
sub-06_1	110	Pulse	255	4204683	3317	0
sub-06_1	110	Picture	10	4206366	5000	1	20230	1	5000	20000	incorrect	379
sub-06_1	110	Response	2	4220203	18837	1
sub-06_1	110	Pulse	255	4224683	23317	0
sub-06_1	111	Picture	10	4231623	5000	1	20230	1	5000	20000	hit	382
sub-06_1	111	Response	2	4238723	12100	1
sub-06_1	111	Pulse	255	4244684	18060	0
sub-06_1	112	Picture	10	4256878	5000	1	20230	1	5000	20000	hit	385
sub-06_1	112	Response	2	4263144	11266	1
sub-06_1	112	Pulse	255	4264684	12805	0
sub-06_1	113	Picture	10	4282132	5000	1	20231	1	5000	20000	hit	389
sub-06_1	113	Pulse	255	4284684	7552	0
sub-06_1	113	Response	1	4290984	13853	1
sub-06_1	114	Pulse	255	4304684	2295	0
sub-06_1	114	Picture	10	4307389	5000	1	20227	1	5000	20000	hit	392
sub-06_1	114	Response	1	4315883	13494	1
sub-06_1	114	Pulse	255	4324683	22294	0
sub-06_1	115	Picture	Bfix	4327616	0	1	72417	1	0	60000	other	0
sub-06_1	115	Pulse	255	4344684	17068	0
sub-06_1	115	Pulse	255	4364684	37068	0
