Scenario - loca_lec1
Logfile written - 10/30/2018 09:45:00

Subject	Trial	Event Type	Code	Time	TTime	Uncertainty	Duration	Uncertainty	ReqTime	ReqDur	Stim Type	Pair Index

sub-14_1	0	Pulse	255	1895727	1895727	0
sub-14_1	1	Nothing	cut	1895958	0	1			0		other	0
sub-14_1	1	Nothing	cut	1900958	5000	1			5000		other	0
sub-14_1	2	Picture	change_to_25	1906187	0	1	25234	1	0	25000	other	0
sub-14_1	2	Pulse	255	1915726	9540	0
sub-14_1	3	Pulse	255	1935726	4279	0
sub-14_1	3	Picture	20	1936447	5000	1	20231	1	5000	20000	hit	8
sub-14_1	3	Response	2	1952766	21319	1
sub-14_1	3	Pulse	255	1955726	24279	0
sub-14_1	4	Picture	20	1961702	5000	1	20234	1	5000	20000	hit	11
sub-14_1	4	Response	1	1971807	15105	1
sub-14_1	4	Pulse	255	1975727	19025	0
sub-14_1	5	Picture	20	1986962	5000	1	20230	1	5000	20000	hit	15
sub-14_1	5	Pulse	255	1995727	13765	0
sub-14_1	5	Response	1	1998046	16084	1
sub-14_1	6	Picture	20	2012219	5000	1	20230	1	5000	20000	hit	18
sub-14_1	6	Pulse	255	2015726	8507	0
sub-14_1	6	Response	2	2020947	13727	1
sub-14_1	7	Pulse	255	2035726	3252	0
sub-14_1	7	Picture	20	2037474	5000	1	20228	1	5000	20000	hit	21
sub-14_1	7	Response	1	2045807	13332	1
sub-14_1	7	Pulse	255	2055727	23252	0
sub-14_1	8	Picture	change_to_15	2057702	0	1	25230	1	0	25000	other	0
sub-14_1	8	Pulse	255	2075727	18024	0
sub-14_1	9	Picture	10	2087958	5000	1	20233	1	5000	20000	hit	27
sub-14_1	9	Pulse	255	2095727	12769	0
sub-14_1	9	Response	2	2097517	14559	1
sub-14_1	10	Picture	10	2113219	5000	1	20231	1	5000	20000	hit	30
sub-14_1	10	Pulse	255	2115726	7508	0
sub-14_1	10	Response	2	2122087	13868	1
sub-14_1	11	Pulse	255	2135727	2249	0
sub-14_1	11	Picture	10	2138478	5000	1	20230	1	5000	20000	hit	33
sub-14_1	11	Response	1	2150377	16899	1
sub-14_1	11	Pulse	255	2155727	22249	0
sub-14_1	12	Picture	10	2163735	5000	1	20231	1	5000	20000	hit	36
sub-14_1	12	Response	1	2170487	11752	1
sub-14_1	12	Pulse	255	2175727	16992	0
sub-14_1	13	Picture	10	2188993	5000	1	20228	1	5000	20000	hit	40
sub-14_1	13	Pulse	255	2195727	11734	0
sub-14_1	13	Response	2	2196757	12764	1
sub-14_1	14	Picture	change_to_35	2209221	0	1	25230	1	0	25000	other	0
sub-14_1	14	Pulse	255	2215727	6506	0
sub-14_1	15	Pulse	255	2235727	1249	0
sub-14_1	15	Picture	30	2239478	5000	1	20226	1	5000	20000	hit	45
sub-14_1	15	Response	2	2244297	9820	1
sub-14_1	15	Pulse	255	2255727	21249	0
sub-14_1	16	Picture	30	2264960	5000	1	20231	1	5000	20000	hit	48
sub-14_1	16	Response	1	2270497	10537	1
sub-14_1	16	Pulse	255	2275727	15767	0
sub-14_1	17	Picture	30	2290217	5000	1	20236	1	5000	20000	hit	52
sub-14_1	17	Pulse	255	2295727	10510	0
sub-14_1	17	Response	1	2295747	10530	1
sub-14_1	18	Picture	30	2315478	5000	1	20234	1	5000	20000	hit	55
sub-14_1	18	Pulse	255	2315727	5249	0
sub-14_1	18	Response	2	2321327	10849	1
sub-14_1	18	Pulse	255	2335727	25249	0
sub-14_1	19	Picture	30	2340739	5000	1	20228	1	5000	20000	hit	58
sub-14_1	19	Response	1	2346637	10899	1
sub-14_1	19	Pulse	255	2355727	19988	0
sub-14_1	20	Picture	Bfix	2360967	0	1	200228	1	0	200000	other	0
sub-14_1	20	Pulse	255	2375727	14760	0
sub-14_1	20	Pulse	255	2395727	34761	0
sub-14_1	20	Pulse	255	2415727	54760	0
sub-14_1	20	Pulse	255	2435727	74761	0
sub-14_1	20	Pulse	255	2455727	94761	0
sub-14_1	20	Pulse	255	2475727	114761	0
sub-14_1	20	Pulse	255	2495728	134761	0
sub-14_1	20	Pulse	255	2515727	154761	0
sub-14_1	20	Pulse	255	2535728	174761	0
sub-14_1	20	Pulse	255	2555727	194761	0
sub-14_1	21	Picture	change_to_25	2561195	0	1	25230	1	0	25000	other	0
sub-14_1	21	Pulse	255	2575728	14533	0
sub-14_1	22	Picture	20	2591449	5000	1	20226	1	5000	20000	hit	75
sub-14_1	22	Pulse	255	2595728	9279	0
sub-14_1	22	Response	1	2603968	17519	1
sub-14_1	23	Pulse	255	2615728	3802	0
sub-14_1	23	Picture	20	2616926	5000	1	20228	1	5000	20000	hit	78
sub-14_1	23	Response	1	2628348	16422	1
sub-14_1	23	Pulse	255	2635728	23802	0
sub-14_1	24	Picture	20	2642189	5000	1	20231	1	5000	20000	hit	81
sub-14_1	24	Response	1	2652988	15799	1
sub-14_1	24	Pulse	255	2655728	18539	0
sub-14_1	25	Picture	20	2667446	5000	1	20226	1	5000	20000	hit	85
sub-14_1	25	Pulse	255	2675728	13281	0
sub-14_1	25	Response	2	2677218	14771	1
sub-14_1	26	Picture	20	2692924	5000	1	20228	1	5000	20000	hit	88
sub-14_1	26	Pulse	255	2695728	7804	0
sub-14_1	26	Response	2	2706748	18824	1
sub-14_1	27	Picture	change_to_15	2713152	0	1	25231	1	0	25000	other	0
sub-14_1	27	Pulse	255	2715728	2576	0
sub-14_1	27	Pulse	255	2735728	22576	0
sub-14_1	28	Picture	10	2743410	5000	1	20226	1	5000	20000	hit	93
sub-14_1	28	Response	2	2752448	14038	1
sub-14_1	28	Pulse	255	2755728	17318	0
sub-14_1	29	Picture	10	2768885	5000	1	20231	1	5000	20000	incorrect	97
sub-14_1	29	Pulse	255	2775728	11844	0
sub-14_1	29	Response	2	2779598	15713	1
sub-14_1	30	Picture	10	2794140	5000	1	20231	1	5000	20000	hit	100
sub-14_1	30	Pulse	255	2795728	6588	0
sub-14_1	30	Response	1	2803338	14198	1
sub-14_1	31	Pulse	255	2815728	1330	0
sub-14_1	31	Picture	10	2819398	5000	1	20230	1	5000	20000	hit	103
sub-14_1	31	Response	2	2825798	11400	1
sub-14_1	31	Pulse	255	2835728	21330	0
sub-14_1	32	Picture	10	2844655	5000	1	20226	1	5000	20000	hit	107
sub-14_1	32	Pulse	255	2855728	16073	0
sub-14_1	32	Response	2	2856258	16603	1
sub-14_1	33	Picture	change_to_35	2865047	0	1	25231	1	0	25000	other	0
sub-14_1	33	Pulse	255	2875728	10681	0
sub-14_1	34	Picture	30	2895305	5000	1	20231	1	5000	20000	hit	112
sub-14_1	34	Pulse	255	2895728	5424	0
sub-14_1	34	Response	1	2901868	11564	1
sub-14_1	35	Pulse	255	2915728	166	0
sub-14_1	35	Picture	30	2920563	5000	1	20231	1	5000	20000	hit	115
sub-14_1	35	Response	1	2925098	9536	1
sub-14_1	35	Pulse	255	2935728	20166	0
sub-14_1	36	Picture	30	2945817	5000	1	20226	1	5000	20000	hit	118
sub-14_1	36	Response	2	2952019	11202	1
sub-14_1	36	Pulse	255	2955729	14911	0
sub-14_1	37	Picture	30	2971292	5000	1	20234	1	5000	20000	hit	122
sub-14_1	37	Pulse	255	2975728	9436	0
sub-14_1	37	Response	2	2977568	11276	1
sub-14_1	38	Pulse	255	2995728	4176	0
sub-14_1	38	Picture	30	2996552	5000	1	20227	1	5000	20000	hit	125
sub-14_1	38	Response	1	3004778	13226	1
sub-14_1	38	Pulse	255	3015728	24176	0
sub-14_1	39	Picture	Bfix	3016779	0	1	200226	1	0	200000	other	0
sub-14_1	39	Pulse	255	3035728	18949	0
sub-14_1	39	Pulse	255	3055728	38949	0
sub-14_1	39	Pulse	255	3075729	58949	0
sub-14_1	39	Pulse	255	3095729	78949	0
sub-14_1	39	Pulse	255	3115728	98949	0
sub-14_1	39	Pulse	255	3135729	118950	0
sub-14_1	39	Pulse	255	3155729	138949	0
sub-14_1	39	Pulse	255	3175729	158949	0
sub-14_1	39	Pulse	255	3195729	178950	0
sub-14_1	39	Pulse	255	3215719	198940	0
sub-14_1	40	Picture	change_to_35	3217172	0	1	25231	1	0	25000	other	0
sub-14_1	40	Pulse	255	3235719	18547	0
sub-14_1	41	Picture	30	3247429	5000	1	20230	1	5000	20000	hit	141
sub-14_1	41	Response	1	3252869	10440	1
sub-14_1	41	Pulse	255	3255719	13290	0
sub-14_1	42	Picture	30	3272686	5000	1	20226	1	5000	20000	hit	145
sub-14_1	42	Pulse	255	3275719	8033	0
sub-14_1	42	Response	2	3278899	11213	1
sub-14_1	43	Pulse	255	3295719	2558	0
sub-14_1	43	Picture	30	3298161	5000	1	20226	1	5000	20000	hit	148
sub-14_1	43	Response	2	3305649	12488	1
sub-14_1	43	Pulse	255	3315719	22558	0
sub-14_1	44	Picture	30	3323641	5000	1	20234	1	5000	20000	hit	151
sub-14_1	44	Response	1	3331739	13098	1
sub-14_1	44	Pulse	255	3335719	17078	0
sub-14_1	45	Picture	30	3348901	5000	1	20228	1	5000	20000	hit	154
sub-14_1	45	Response	1	3355329	11428	1
sub-14_1	45	Pulse	255	3355718	11817	0
sub-14_1	46	Picture	change_to_25	3369129	0	1	25226	1	0	25000	other	0
sub-14_1	46	Pulse	255	3375719	6590	0
sub-14_1	47	Pulse	255	3395719	1117	0
sub-14_1	47	Picture	20	3399602	5000	1	20231	1	5000	20000	hit	160
sub-14_1	47	Response	1	3410719	16117	1
sub-14_1	47	Pulse	255	3415719	21117	0
sub-14_1	48	Picture	20	3424859	5000	1	20230	1	5000	20000	hit	163
sub-14_1	48	Response	1	3432039	12180	1
sub-14_1	48	Pulse	255	3435719	15860	0
sub-14_1	49	Picture	20	3450116	5000	1	20231	1	5000	20000	hit	167
sub-14_1	49	Pulse	255	3455719	10603	0
sub-14_1	49	Response	1	3459679	14563	1
sub-14_1	50	Picture	20	3475373	5000	1	20226	1	5000	20000	hit	170
sub-14_1	50	Pulse	255	3475719	5346	0
sub-14_1	50	Response	2	3488919	18546	1
sub-14_1	50	Pulse	255	3495719	25346	0
sub-14_1	51	Picture	20	3500849	5000	1	20228	1	5000	20000	hit	173
sub-14_1	51	Response	2	3511419	15570	1
sub-14_1	51	Pulse	255	3515719	19870	0
sub-14_1	52	Picture	change_to_15	3521077	0	1	25230	1	0	25000	other	0
sub-14_1	52	Pulse	255	3535719	14642	0
sub-14_1	53	Picture	10	3551335	5000	1	20231	1	5000	20000	hit	179
sub-14_1	53	Pulse	255	3555719	9384	0
sub-14_1	53	Response	1	3558869	12534	1
sub-14_1	54	Pulse	255	3575719	4127	0
sub-14_1	54	Picture	10	3576592	5000	1	20226	1	5000	20000	hit	182
sub-14_1	54	Response	2	3589130	17537	1
sub-14_1	54	Pulse	255	3595719	24127	0
sub-14_1	55	Picture	10	3602068	5000	1	20231	1	5000	20000	hit	185
sub-14_1	55	Response	2	3609660	12591	1
sub-14_1	55	Pulse	255	3615720	18651	0
sub-14_1	56	Picture	10	3627327	5000	1	20231	1	5000	20000	incorrect	189
sub-14_1	56	Pulse	255	3635720	13393	0
sub-14_1	56	Response	2	3639129	16803	1
sub-14_1	57	Picture	10	3652584	5000	1	20227	1	5000	20000	hit	192
sub-14_1	57	Pulse	255	3655720	8136	0
sub-14_1	57	Response	1	3661190	13606	1
sub-14_1	58	Picture	Bfix	3672811	0	1	200226	1	0	200000	other	0
sub-14_1	58	Pulse	255	3675720	2909	0
sub-14_1	58	Pulse	255	3695720	22909	0
sub-14_1	58	Pulse	255	3715720	42909	0
sub-14_1	58	Pulse	255	3735720	62909	0
sub-14_1	58	Pulse	255	3755720	82909	0
sub-14_1	58	Pulse	255	3775720	102909	0
sub-14_1	58	Pulse	255	3795720	122909	0
sub-14_1	58	Pulse	255	3815720	142909	0
sub-14_1	58	Pulse	255	3835720	162909	0
sub-14_1	58	Pulse	255	3855720	182909	0
sub-14_1	59	Picture	change_to_25	3873204	0	1	25231	1	0	25000	other	0
sub-14_1	59	Pulse	255	3875720	2516	0
sub-14_1	59	Pulse	255	3895720	22516	0
sub-14_1	60	Picture	20	3903462	5000	1	20226	1	5000	20000	hit	209
sub-14_1	60	Pulse	255	3915720	17258	0
sub-14_1	60	Response	1	3918520	20058	1
sub-14_1	61	Picture	20	3928937	5000	1	20231	1	5000	20000	hit	212
sub-14_1	61	Pulse	255	3935720	11783	0
sub-14_1	61	Response	2	3936360	12423	1
sub-14_1	62	Picture	20	3954195	5000	1	20231	1	5000	20000	hit	215
sub-14_1	62	Pulse	255	3955720	6525	0
sub-14_1	62	Response	2	3962540	13345	1
sub-14_1	63	Pulse	255	3975720	1268	0
sub-14_1	63	Picture	20	3979452	5000	1	20226	1	5000	20000	hit	218
sub-14_1	63	Response	1	3991510	17059	1
sub-14_1	63	Pulse	255	3995720	21268	0
sub-14_1	64	Picture	20	4004927	5000	1	20228	1	5000	20000	hit	221
sub-14_1	64	Response	1	4012380	12453	1
sub-14_1	64	Pulse	255	4015720	15793	0
sub-14_1	65	Picture	change_to_15	4025155	0	1	25230	1	0	25000	other	0
sub-14_1	65	Pulse	255	4035720	10565	0
sub-14_1	66	Picture	10	4055412	5000	1	20232	1	5000	20000	hit	227
sub-14_1	66	Pulse	255	4055720	5308	0
sub-14_1	66	Response	1	4062610	12198	1
sub-14_1	67	Pulse	255	4075720	49	0
sub-14_1	67	Picture	10	4080672	5000	1	20231	1	5000	20000	hit	230
sub-14_1	67	Response	1	4090260	14589	1
sub-14_1	67	Pulse	255	4095720	20048	0
sub-14_1	68	Picture	10	4105927	5000	1	20230	1	5000	20000	hit	233
sub-14_1	68	Response	1	4114610	13683	1
sub-14_1	68	Pulse	255	4115720	14793	0
sub-14_1	69	Picture	10	4131181	5000	1	20226	1	5000	20000	hit	237
sub-14_1	69	Pulse	255	4135720	9539	0
sub-14_1	69	Response	2	4140571	14390	1
sub-14_1	70	Pulse	255	4155721	4064	0
sub-14_1	70	Picture	10	4156657	5000	1	20226	1	5000	20000	hit	240
sub-14_1	70	Response	2	4167081	15424	1
sub-14_1	70	Pulse	255	4175720	24063	0
sub-14_1	71	Picture	change_to_35	4177050	0	1	25232	1	0	25000	other	0
sub-14_1	71	Pulse	255	4195720	18671	0
sub-14_1	72	Picture	30	4207308	5000	1	20231	1	5000	20000	hit	246
sub-14_1	72	Pulse	255	4215720	13413	0
sub-14_1	72	Response	1	4217541	15233	1
sub-14_1	73	Picture	30	4232564	5000	1	20230	1	5000	20000	hit	249
sub-14_1	73	Pulse	255	4235721	8156	0
sub-14_1	73	Response	2	4238561	10996	1
sub-14_1	74	Pulse	255	4255721	2900	0
sub-14_1	74	Picture	30	4257821	5000	1	20226	1	5000	20000	hit	252
sub-14_1	74	Response	2	4262161	9340	1
sub-14_1	74	Pulse	255	4275721	22900	0
sub-14_1	75	Picture	30	4283302	5000	1	20230	1	5000	20000	hit	255
sub-14_1	75	Response	1	4288721	10419	1
sub-14_1	75	Pulse	255	4295721	17419	0
sub-14_1	76	Picture	30	4308560	5000	1	20226	1	5000	20000	hit	258
sub-14_1	76	Response	1	4314321	10761	1
sub-14_1	76	Pulse	255	4315720	12160	0
sub-14_1	77	Picture	Bfix	4328953	0	1	200228	1	0	200000	other	0
sub-14_1	77	Pulse	255	4335721	6768	0
sub-14_1	77	Pulse	255	4355721	26768	0
sub-14_1	77	Pulse	255	4375721	46768	0
sub-14_1	77	Pulse	255	4395721	66768	0
sub-14_1	77	Pulse	255	4415721	86768	0
sub-14_1	77	Pulse	255	4435721	106768	0
sub-14_1	77	Pulse	255	4455721	126768	0
sub-14_1	77	Pulse	255	4475721	146768	0
sub-14_1	77	Pulse	255	4495721	166768	0
sub-14_1	77	Pulse	255	4515721	186768	0
sub-14_1	78	Picture	change_to_15	4529181	0	1	25230	1	0	25000	other	0
sub-14_1	78	Pulse	255	4535721	6540	0
sub-14_1	79	Pulse	255	4555721	1283	0
sub-14_1	79	Picture	10	4559438	5000	1	20231	1	5000	20000	hit	275
sub-14_1	79	Response	2	4574411	19973	1
sub-14_1	79	Pulse	255	4575721	21283	0
sub-14_1	80	Picture	10	4584695	5000	1	20230	1	5000	20000	hit	278
sub-14_1	80	Response	1	4590951	11257	1
sub-14_1	80	Pulse	255	4595721	16027	0
sub-14_1	81	Picture	10	4609949	5000	1	20231	1	5000	20000	hit	282
sub-14_1	81	Pulse	255	4615721	10772	0
sub-14_1	81	Response	2	4618981	14032	1
sub-14_1	82	Picture	10	4635208	5000	1	20231	1	5000	20000	hit	285
sub-14_1	82	Pulse	255	4635721	5514	0
sub-14_1	82	Response	1	4650541	20334	1
sub-14_1	83	Pulse	255	4655722	259	0
sub-14_1	83	Picture	10	4660462	5000	1	20228	1	5000	20000	hit	288
sub-14_1	83	Response	2	4671591	16129	1
sub-14_1	83	Pulse	255	4675722	20259	0
sub-14_1	84	Picture	change_to_35	4680690	0	1	25230	1	0	25000	other	0
sub-14_1	84	Pulse	255	4695721	15031	0
sub-14_1	85	Picture	30	4710946	5000	1	20230	1	5000	20000	hit	294
sub-14_1	85	Pulse	255	4715721	9775	0
sub-14_1	85	Response	2	4716241	10295	1
sub-14_1	86	Pulse	255	4735721	4517	0
sub-14_1	86	Picture	30	4736204	5000	1	20231	1	5000	20000	hit	297
sub-14_1	86	Response	2	4740862	9658	1
sub-14_1	86	Pulse	255	4755722	24518	0
sub-14_1	87	Picture	30	4761461	5000	1	20226	1	5000	20000	hit	300
sub-14_1	87	Response	2	4768822	12361	1
sub-14_1	87	Pulse	255	4775722	19261	0
sub-14_1	88	Picture	30	4786935	5000	1	20231	1	5000	20000	hit	303
sub-14_1	88	Response	1	4794322	12387	1
sub-14_1	88	Pulse	255	4795722	13787	0
sub-14_1	89	Picture	30	4812193	5000	1	20228	1	5000	20000	hit	307
sub-14_1	89	Pulse	255	4815722	8529	0
sub-14_1	89	Response	1	4816521	9328	1
sub-14_1	90	Picture	change_to_25	4832421	0	1	25231	1	0	25000	other	0
sub-14_1	90	Pulse	255	4835722	3301	0
sub-14_1	90	Pulse	255	4855722	23300	0
sub-14_1	91	Picture	20	4862679	5000	1	20230	1	5000	20000	hit	313
sub-14_1	91	Pulse	255	4875722	18043	0
sub-14_1	91	Response	2	4882392	24713	1
sub-14_1	92	Picture	20	4887937	5000	1	20231	1	5000	20000	hit	316
sub-14_1	92	Pulse	255	4895722	12785	0
sub-14_1	92	Response	2	4897061	14125	1
sub-14_1	93	Picture	20	4913194	5000	1	20231	1	5000	20000	hit	319
sub-14_1	93	Pulse	255	4915722	7528	0
sub-14_1	93	Response	2	4925982	17788	1
sub-14_1	94	Pulse	255	4935722	2270	0
sub-14_1	94	Picture	20	4938452	5000	1	20231	1	5000	20000	hit	322
sub-14_1	94	Response	1	4949472	16020	1
sub-14_1	94	Pulse	255	4955722	22270	0
sub-14_1	95	Picture	20	4963707	5000	1	20226	1	5000	20000	hit	325
sub-14_1	95	Response	1	4970672	11965	1
sub-14_1	95	Pulse	255	4975722	17015	0
sub-14_1	96	Picture	Bfix	4984100	0	1	200228	1	0	200000	other	0
sub-14_1	96	Pulse	255	4995722	11622	0
sub-14_1	96	Pulse	255	5015712	31612	0
sub-14_1	96	Pulse	255	5035712	51612	0
sub-14_1	96	Pulse	255	5055712	71612	0
sub-14_1	96	Pulse	255	5075712	91612	0
sub-14_1	96	Pulse	255	5095712	111613	0
sub-14_1	96	Pulse	255	5115712	131612	0
sub-14_1	96	Pulse	255	5135712	151612	0
sub-14_1	96	Pulse	255	5155712	171612	0
sub-14_1	96	Pulse	255	5175712	191613	0
sub-14_1	97	Picture	change_to_35	5184327	0	1	25230	1	0	25000	other	0
sub-14_1	97	Pulse	255	5195712	11384	0
sub-14_1	98	Picture	30	5214584	5000	1	20226	1	5000	20000	hit	342
sub-14_1	98	Pulse	255	5215712	6128	0
sub-14_1	98	Response	2	5221173	11588	1
sub-14_1	99	Pulse	255	5235712	651	0
sub-14_1	99	Picture	30	5240062	5000	1	20231	1	5000	20000	hit	345
sub-14_1	99	Response	1	5246363	11301	1
sub-14_1	99	Pulse	255	5255712	20651	0
sub-14_1	100	Picture	30	5265320	5000	1	20231	1	5000	20000	hit	348
sub-14_1	100	Response	1	5273213	12892	1
sub-14_1	100	Pulse	255	5275713	15392	0
sub-14_1	101	Picture	30	5290579	5000	1	20226	1	5000	20000	hit	352
sub-14_1	101	Pulse	255	5295712	10134	0
sub-14_1	101	Response	2	5297052	11474	1
sub-14_1	102	Pulse	255	5315712	4658	0
sub-14_1	102	Picture	30	5316054	5000	1	20228	1	5000	20000	hit	355
sub-14_1	102	Response	1	5322973	11918	1
sub-14_1	102	Pulse	255	5335713	24658	0
sub-14_1	103	Picture	change_to_25	5336282	0	1	25226	1	0	25000	other	0
sub-14_1	103	Pulse	255	5355713	19430	0
sub-14_1	104	Picture	20	5366759	5000	1	20231	1	5000	20000	hit	360
sub-14_1	104	Response	2	5375093	13333	1
sub-14_1	104	Pulse	255	5375712	13953	0
sub-14_1	105	Picture	20	5392019	5000	1	20226	1	5000	20000	hit	364
sub-14_1	105	Pulse	255	5395713	8694	0
sub-14_1	105	Response	1	5406173	19154	1
sub-14_1	106	Pulse	255	5415713	3214	0
sub-14_1	106	Picture	20	5417499	5000	1	20230	1	5000	20000	hit	367
sub-14_1	106	Response	1	5434413	21914	1
sub-14_1	106	Pulse	255	5435713	23214	0
sub-14_1	107	Picture	20	5442757	5000	1	20226	1	5000	20000	hit	371
sub-14_1	107	Pulse	255	5455713	17956	0
sub-14_1	107	Response	2	5462183	24427	1
sub-14_1	108	Picture	20	5468234	5000	1	20228	1	5000	20000	hit	374
sub-14_1	108	Pulse	255	5475713	12479	0
sub-14_1	108	Response	1	5478563	15329	1
sub-14_1	109	Picture	change_to_15	5488462	0	1	25230	1	0	25000	other	0
sub-14_1	109	Pulse	255	5495713	7251	0
sub-14_1	110	Pulse	255	5515713	1994	0
sub-14_1	110	Picture	10	5518719	5000	1	20226	1	5000	20000	hit	379
sub-14_1	110	Response	1	5527383	13664	1
sub-14_1	110	Pulse	255	5535713	21994	0
sub-14_1	111	Picture	10	5544195	5000	1	20226	1	5000	20000	hit	382
sub-14_1	111	Response	2	5550103	10908	1
sub-14_1	111	Pulse	255	5555713	16518	0
sub-14_1	112	Picture	10	5569672	5000	1	20231	1	5000	20000	hit	386
sub-14_1	112	Pulse	255	5575713	11041	0
sub-14_1	112	Response	2	5577823	13151	1
sub-14_1	113	Picture	10	5594930	5000	1	20226	1	5000	20000	hit	389
sub-14_1	113	Pulse	255	5595713	5783	0
sub-14_1	113	Response	1	5604943	15013	1
sub-14_1	114	Pulse	255	5615713	306	0
sub-14_1	114	Picture	10	5620407	5000	1	20226	1	5000	20000	hit	392
sub-14_1	114	Response	1	5627643	12236	1
sub-14_1	114	Pulse	255	5635713	20307	0
sub-14_1	115	Picture	Bfix	5640800	0	1	71565	1	0	60000	other	0
sub-14_1	115	Pulse	255	5655713	14913	0
sub-14_1	115	Pulse	255	5675713	34914	0
