Scenario - loca_lec1bis
Logfile written - 06/26/2018 10:24:53

Subject	Trial	Event Type	Code	Time	TTime	Uncertainty	Duration	Uncertainty	ReqTime	ReqDur	Stim Type	Pair Index

sub-12_2	0	Pulse	255	1056789	1056789	0
sub-12_2	1	Picture	change_to_25	1057023	0	1	25231	1	0	25000	other	0
sub-12_2	1	Pulse	255	1076789	19766	0
sub-12_2	2	Picture	20	1087278	5000	1	20226	1	5000	20000	miss	0
sub-12_2	2	Pulse	255	1096789	14511	0
sub-12_2	3	Picture	20	1112753	5000	1	20230	1	5000	20000	miss	0
sub-12_2	3	Pulse	255	1116789	9036	0
sub-12_2	4	Pulse	255	1136789	3781	0
sub-12_2	4	Picture	20	1138008	5000	1	20226	1	5000	20000	miss	0
sub-12_2	4	Pulse	255	1156789	23781	0
sub-12_2	5	Picture	20	1163483	5000	1	20231	1	5000	20000	miss	0
sub-12_2	5	Pulse	255	1176789	18306	0
sub-12_2	6	Picture	20	1188739	5000	1	20228	1	5000	20000	miss	0
sub-12_2	6	Pulse	255	1196789	13050	0
sub-12_2	7	Picture	change_to_15	1208967	0	1	25226	1	0	25000	other	0
sub-12_2	7	Pulse	255	1216790	7822	0
sub-12_2	8	Pulse	255	1236789	2348	0
sub-12_2	8	Picture	10	1239441	5000	1	20231	1	5000	20000	miss	0
sub-12_2	8	Pulse	255	1256789	22348	0
sub-12_2	9	Picture	10	1264698	5000	1	20226	1	5000	20000	miss	0
sub-12_2	9	Pulse	255	1276789	17092	0
sub-12_2	10	Picture	10	1290173	5000	1	20231	1	5000	20000	miss	0
sub-12_2	10	Pulse	255	1296779	11606	0
sub-12_2	11	Picture	10	1315429	5000	1	20096	1	5000	20000	miss	0
sub-12_2	11	Pulse	255	1316780	6351	0
sub-12_2	12	Pulse	255	1336779	1094	0
sub-12_2	12	Picture	10	1340685	5000	1	20228	1	5000	20000	miss	0
sub-12_2	12	Pulse	255	1356779	21094	0
sub-12_2	13	Picture	change_to_35	1360913	0	1	25226	1	0	25000	other	0
sub-12_2	13	Pulse	255	1376779	15866	0
sub-12_2	14	Picture	30	1391385	5000	1	20234	1	5000	20000	miss	0
sub-12_2	14	Pulse	255	1396780	10394	0
sub-12_2	15	Picture	30	1416645	5000	1	20231	1	5000	20000	miss	0
sub-12_2	15	Pulse	255	1416780	5135	0
sub-12_2	15	Pulse	255	1436780	25135	0
sub-12_2	16	Picture	30	1441901	5000	1	20234	1	5000	20000	miss	0
sub-12_2	16	Pulse	255	1456780	19879	0
sub-12_2	17	Picture	30	1467160	5000	1	20226	1	5000	20000	miss	0
sub-12_2	17	Pulse	255	1476780	14620	0
sub-12_2	18	Picture	30	1492634	5000	1	20226	1	5000	20000	miss	0
sub-12_2	18	Pulse	255	1496780	9146	0
sub-12_2	19	Picture	Bfix	1513027	0	1	200228	1	0	200000	other	0
sub-12_2	19	Pulse	255	1516780	3753	0
sub-12_2	19	Pulse	255	1536780	23753	0
sub-12_2	19	Pulse	255	1556780	43753	0
sub-12_2	19	Pulse	255	1576780	63753	0
sub-12_2	19	Pulse	255	1596780	83753	0
sub-12_2	19	Pulse	255	1616780	103754	0
sub-12_2	19	Pulse	255	1636780	123753	0
sub-12_2	19	Pulse	255	1656780	143753	0
sub-12_2	19	Pulse	255	1676780	163754	0
sub-12_2	19	Pulse	255	1696780	183753	0
sub-12_2	20	Picture	change_to_15	1713254	0	1	25226	1	0	25000	other	0
sub-12_2	20	Pulse	255	1716780	3526	0
sub-12_2	20	Pulse	255	1736780	23526	0
sub-12_2	21	Picture	10	1743730	5000	1	20230	1	5000	20000	miss	0
sub-12_2	21	Pulse	255	1756780	18050	0
sub-12_2	22	Picture	10	1768985	5000	1	20232	1	5000	20000	miss	0
sub-12_2	22	Pulse	255	1776780	12796	0
sub-12_2	23	Picture	10	1794240	5000	1	20230	1	5000	20000	miss	0
sub-12_2	23	Pulse	255	1796780	7541	0
sub-12_2	24	Pulse	255	1816780	2285	0
sub-12_2	24	Picture	10	1819495	5000	1	20231	1	5000	20000	miss	0
sub-12_2	24	Pulse	255	1836781	22286	0
sub-12_2	25	Picture	10	1844751	5000	1	20228	1	5000	20000	miss	0
sub-12_2	25	Pulse	255	1856780	17029	0
sub-12_2	26	Picture	change_to_35	1864979	0	1	25226	1	0	25000	other	0
sub-12_2	26	Pulse	255	1876780	11801	0
sub-12_2	27	Picture	30	1895454	5000	1	20230	1	5000	20000	miss	0
sub-12_2	27	Pulse	255	1896781	6326	0
sub-12_2	28	Pulse	255	1916781	1070	0
sub-12_2	28	Picture	30	1920711	5000	1	20230	1	5000	20000	miss	0
sub-12_2	28	Pulse	255	1936781	21070	0
sub-12_2	29	Picture	30	1945966	5000	1	20232	1	5000	20000	miss	0
sub-12_2	29	Pulse	255	1956781	15815	0
sub-12_2	30	Picture	30	1971223	5000	1	20230	1	5000	20000	miss	0
sub-12_2	30	Pulse	255	1976781	10558	0
sub-12_2	31	Picture	30	1996478	5000	1	20228	1	5000	20000	miss	0
sub-12_2	31	Pulse	255	1996781	5302	0
sub-12_2	32	Picture	change_to_25	2016707	0	1	25231	1	0	25000	other	0
sub-12_2	32	Pulse	255	2016781	74	0
sub-12_2	32	Pulse	255	2036781	20074	0
sub-12_2	33	Picture	20	2046962	5000	1	20231	1	5000	20000	miss	0
sub-12_2	33	Pulse	255	2056781	14819	0
sub-12_2	34	Picture	20	2072219	5000	1	20231	1	5000	20000	miss	0
sub-12_2	34	Pulse	255	2076781	9562	0
sub-12_2	35	Pulse	255	2096781	4307	0
sub-12_2	35	Picture	20	2097473	5000	1	20230	1	5000	20000	miss	0
sub-12_2	35	Pulse	255	2116781	24308	0
sub-12_2	36	Picture	20	2122729	5000	1	20231	1	5000	20000	miss	0
sub-12_2	36	Pulse	255	2136781	19052	0
sub-12_2	37	Picture	20	2147986	5000	1	20227	1	5000	20000	miss	0
sub-12_2	37	Pulse	255	2156781	13795	0
sub-12_2	38	Picture	Bfix	2168212	0	1	200228	1	0	200000	other	0
sub-12_2	38	Pulse	255	2176781	8569	0
sub-12_2	38	Pulse	255	2196781	28569	0
sub-12_2	38	Pulse	255	2216781	48568	0
sub-12_2	38	Pulse	255	2236781	68569	0
sub-12_2	38	Pulse	255	2256781	88569	0
sub-12_2	38	Pulse	255	2276781	108569	0
sub-12_2	38	Pulse	255	2296781	128569	0
sub-12_2	38	Pulse	255	2316782	148569	0
sub-12_2	38	Pulse	255	2336781	168569	0
sub-12_2	38	Pulse	255	2356781	188569	0
sub-12_2	39	Picture	change_to_35	2368440	0	1	25230	1	0	25000	other	0
sub-12_2	39	Pulse	255	2376781	8341	0
sub-12_2	40	Pulse	255	2396782	3085	0
sub-12_2	40	Picture	30	2398696	5000	1	20226	1	5000	20000	miss	0
sub-12_2	40	Pulse	255	2416782	23085	0
sub-12_2	41	Picture	30	2424171	5000	1	20231	1	5000	20000	miss	0
sub-12_2	41	Pulse	255	2436782	17611	0
sub-12_2	42	Picture	30	2449427	5000	1	20226	1	5000	20000	miss	0
sub-12_2	42	Pulse	255	2456782	12355	0
sub-12_2	43	Picture	30	2474901	5000	1	20231	1	5000	20000	miss	0
sub-12_2	43	Pulse	255	2476782	6881	0
sub-12_2	44	Pulse	255	2496782	1623	0
sub-12_2	44	Picture	30	2500159	5000	1	20228	1	5000	20000	miss	0
sub-12_2	44	Pulse	255	2516782	21623	0
sub-12_2	45	Picture	change_to_15	2520387	0	1	25230	1	0	25000	other	0
sub-12_2	45	Pulse	255	2536782	16395	0
sub-12_2	46	Picture	10	2550643	5000	1	20230	1	5000	20000	miss	0
sub-12_2	46	Pulse	255	2556782	11138	0
sub-12_2	47	Picture	10	2575897	5000	1	20231	1	5000	20000	miss	0
sub-12_2	47	Pulse	255	2576782	5884	0
sub-12_2	48	Pulse	255	2596782	629	0
sub-12_2	48	Picture	10	2601153	5000	1	20231	1	5000	20000	miss	0
sub-12_2	48	Pulse	255	2616782	20629	0
sub-12_2	49	Picture	10	2626410	5000	1	20231	1	5000	20000	miss	0
sub-12_2	49	Pulse	255	2636782	15371	0
sub-12_2	50	Picture	10	2651667	5000	1	20228	1	5000	20000	miss	0
sub-12_2	50	Pulse	255	2656782	10115	0
sub-12_2	51	Picture	change_to_25	2671895	0	1	25231	1	0	25000	other	0
sub-12_2	51	Pulse	255	2676783	4888	0
sub-12_2	51	Pulse	255	2696782	24887	0
sub-12_2	52	Picture	20	2702152	5000	1	20226	1	5000	20000	miss	0
sub-12_2	52	Pulse	255	2716782	19631	0
sub-12_2	53	Picture	20	2727626	5000	1	20231	1	5000	20000	miss	0
sub-12_2	53	Pulse	255	2736782	14156	0
sub-12_2	54	Picture	20	2752882	5000	1	20230	1	5000	20000	miss	0
sub-12_2	54	Pulse	255	2756782	8900	0
sub-12_2	55	Pulse	255	2776782	3645	0
sub-12_2	55	Picture	20	2778137	5000	1	20231	1	5000	20000	miss	0
sub-12_2	55	Pulse	255	2796783	23645	0
sub-12_2	56	Picture	20	2803394	5000	1	20227	1	5000	20000	miss	0
sub-12_2	56	Pulse	255	2816782	18388	0
sub-12_2	57	Picture	Bfix	2823621	0	1	200226	1	0	200000	other	0
sub-12_2	57	Pulse	255	2836782	13161	0
sub-12_2	57	Pulse	255	2856782	33161	0
sub-12_2	57	Pulse	255	2876782	53161	0
sub-12_2	57	Pulse	255	2896782	73161	0
sub-12_2	57	Pulse	255	2916782	93161	0
sub-12_2	57	Pulse	255	2936783	113162	0
sub-12_2	57	Pulse	255	2956783	133161	0
sub-12_2	57	Pulse	255	2976782	153161	0
sub-12_2	57	Pulse	255	2996783	173162	0
sub-12_2	57	Pulse	255	3016783	193161	0
sub-12_2	58	Picture	change_to_15	3024014	0	1	25232	1	0	25000	other	0
sub-12_2	58	Pulse	255	3036782	12769	0
sub-12_2	59	Picture	10	3054271	5000	1	20226	1	5000	20000	miss	0
sub-12_2	59	Pulse	255	3056783	7512	0
sub-12_2	60	Pulse	255	3076783	2039	0
sub-12_2	60	Picture	10	3079743	5000	1	20231	1	5000	20000	miss	0
sub-12_2	60	Pulse	255	3096783	22040	0
sub-12_2	61	Picture	10	3105001	5000	1	20231	1	5000	20000	miss	0
sub-12_2	61	Pulse	255	3116783	16782	0
sub-12_2	62	Picture	10	3130258	5000	1	20231	1	5000	20000	miss	0
sub-12_2	62	Pulse	255	3136783	11525	0
sub-12_2	63	Picture	10	3155514	5000	1	20228	1	5000	20000	miss	0
sub-12_2	63	Pulse	255	3156783	6269	0
sub-12_2	64	Picture	change_to_25	3175742	0	1	25231	1	0	25000	other	0
sub-12_2	64	Pulse	255	3176783	1041	0
sub-12_2	64	Pulse	255	3196783	21041	0
sub-12_2	65	Picture	20	3205999	5000	1	20231	1	5000	20000	miss	0
sub-12_2	65	Pulse	255	3216783	15785	0
sub-12_2	66	Picture	20	3231256	5000	1	20226	1	5000	20000	miss	0
sub-12_2	66	Pulse	255	3236783	10527	0
sub-12_2	67	Picture	20	3256727	5000	1	20231	1	5000	20000	miss	0
sub-12_2	67	Pulse	255	3256783	5057	0
sub-12_2	67	Pulse	255	3276792	25065	0
sub-12_2	68	Picture	20	3281983	5000	1	20230	1	5000	20000	miss	0
sub-12_2	68	Pulse	255	3296783	19800	0
sub-12_2	69	Picture	20	3307239	5000	1	20226	1	5000	20000	miss	0
sub-12_2	69	Pulse	255	3316784	14545	0
sub-12_2	70	Picture	change_to_35	3327631	0	1	25230	1	0	25000	other	0
sub-12_2	70	Pulse	255	3336783	9152	0
sub-12_2	71	Pulse	255	3356784	3896	0
sub-12_2	71	Picture	30	3357888	5000	1	20231	1	5000	20000	miss	0
sub-12_2	71	Pulse	255	3376784	23896	0
sub-12_2	72	Picture	30	3383143	5000	1	20231	1	5000	20000	miss	0
sub-12_2	72	Pulse	255	3396783	18640	0
sub-12_2	73	Picture	30	3408399	5000	1	20230	1	5000	20000	miss	0
sub-12_2	73	Pulse	255	3416783	13385	0
sub-12_2	74	Picture	30	3433654	5000	1	20231	1	5000	20000	miss	0
sub-12_2	74	Pulse	255	3436784	8130	0
sub-12_2	75	Pulse	255	3456784	2873	0
sub-12_2	75	Picture	30	3458911	5000	1	20226	1	5000	20000	miss	0
sub-12_2	75	Pulse	255	3476774	22863	0
sub-12_2	76	Picture	Bfix	3479304	0	1	200226	1	0	200000	other	0
sub-12_2	76	Pulse	255	3496774	17470	0
sub-12_2	76	Pulse	255	3516774	37470	0
sub-12_2	76	Pulse	255	3536774	57470	0
sub-12_2	76	Pulse	255	3556774	77470	0
sub-12_2	76	Pulse	255	3576774	97471	0
sub-12_2	76	Pulse	255	3596774	117470	0
sub-12_2	76	Pulse	255	3616774	137470	0
sub-12_2	76	Pulse	255	3636774	157470	0
sub-12_2	76	Pulse	255	3656774	177470	0
sub-12_2	76	Pulse	255	3676774	197470	0
sub-12_2	77	Picture	change_to_25	3679696	0	1	25232	1	0	25000	other	0
sub-12_2	77	Pulse	255	3696774	17078	0
sub-12_2	78	Picture	20	3709953	5000	1	20231	1	5000	20000	miss	0
sub-12_2	78	Pulse	255	3716774	11821	0
sub-12_2	79	Picture	20	3735255	5000	1	20231	1	5000	20000	miss	0
sub-12_2	79	Pulse	255	3736774	6520	0
sub-12_2	80	Pulse	255	3756773	1261	0
sub-12_2	80	Picture	20	3760512	5000	1	20231	1	5000	20000	miss	0
sub-12_2	80	Pulse	255	3776773	21261	0
sub-12_2	81	Picture	20	3785769	5000	1	20231	1	5000	20000	miss	0
sub-12_2	81	Pulse	255	3796774	16005	0
sub-12_2	82	Picture	20	3811025	5000	1	20226	1	5000	20000	miss	0
sub-12_2	82	Pulse	255	3816774	10749	0
sub-12_2	83	Picture	change_to_35	3831418	0	1	25226	1	0	25000	other	0
sub-12_2	83	Pulse	255	3836774	5356	0
sub-12_2	83	Pulse	255	3856774	25356	0
sub-12_2	84	Picture	30	3861890	5000	1	20231	1	5000	20000	miss	0
sub-12_2	84	Pulse	255	3876774	19885	0
sub-12_2	85	Picture	30	3887147	5000	1	20226	1	5000	20000	miss	0
sub-12_2	85	Pulse	255	3896774	14627	0
sub-12_2	86	Picture	30	3912622	5000	1	20226	1	5000	20000	miss	0
sub-12_2	86	Pulse	255	3916775	9152	0
sub-12_2	87	Pulse	255	3936774	3679	0
sub-12_2	87	Picture	30	3938095	5000	1	20231	1	5000	20000	miss	0
sub-12_2	87	Pulse	255	3956774	23679	0
sub-12_2	88	Picture	30	3963352	5000	1	20228	1	5000	20000	miss	0
sub-12_2	88	Pulse	255	3976775	18422	0
sub-12_2	89	Picture	change_to_15	3983580	0	1	25231	1	0	25000	other	0
sub-12_2	89	Pulse	255	3996775	13195	0
sub-12_2	90	Picture	10	4013836	5000	1	20230	1	5000	20000	miss	0
sub-12_2	90	Pulse	255	4016775	7939	0
sub-12_2	91	Pulse	255	4036775	2684	0
sub-12_2	91	Picture	10	4039091	5000	1	20231	1	5000	20000	miss	0
sub-12_2	91	Pulse	255	4056775	22684	0
sub-12_2	92	Picture	10	4064347	5000	1	20231	1	5000	20000	miss	0
sub-12_2	92	Pulse	255	4076774	17428	0
sub-12_2	93	Picture	10	4089603	5000	1	20231	1	5000	20000	miss	0
sub-12_2	93	Pulse	255	4096775	12172	0
sub-12_2	94	Picture	10	4114857	5000	1	20227	1	5000	20000	miss	0
sub-12_2	94	Pulse	255	4116775	6918	0
sub-12_2	95	Picture	Bfix	4135084	0	1	200259	1	0	200000	other	0
sub-12_2	95	Pulse	255	4136775	1691	0
sub-12_2	95	Pulse	255	4156775	21691	0
sub-12_2	95	Pulse	255	4176775	41691	0
sub-12_2	95	Pulse	255	4196775	61691	0
sub-12_2	95	Pulse	255	4216775	81691	0
sub-12_2	95	Pulse	255	4236775	101691	0
sub-12_2	95	Pulse	255	4256775	121691	0
sub-12_2	95	Pulse	255	4276775	141691	0
sub-12_2	95	Pulse	255	4296775	161691	0
sub-12_2	95	Pulse	255	4316775	181691	0
sub-12_2	96	Picture	change_to_35	4335343	0	1	25231	1	0	25000	other	0
sub-12_2	96	Pulse	255	4336776	1433	0
sub-12_2	96	Pulse	255	4356775	21432	0
sub-12_2	97	Picture	30	4365599	5000	1	20226	1	5000	20000	miss	0
sub-12_2	97	Pulse	255	4376776	16176	0
sub-12_2	98	Picture	30	4391075	5000	1	20226	1	5000	20000	miss	0
sub-12_2	98	Pulse	255	4396775	10700	0
sub-12_2	99	Picture	30	4416550	5000	1	20231	1	5000	20000	miss	0
sub-12_2	99	Pulse	255	4416775	5226	0
sub-12_2	99	Pulse	255	4436776	25227	0
sub-12_2	100	Picture	30	4441806	5000	1	20231	1	5000	20000	miss	0
sub-12_2	100	Pulse	255	4456776	19970	0
sub-12_2	101	Picture	30	4467063	5000	1	20226	1	5000	20000	miss	0
sub-12_2	101	Pulse	255	4476775	14713	0
sub-12_2	102	Picture	change_to_25	4487455	0	1	25231	1	0	25000	other	0
sub-12_2	102	Pulse	255	4496776	9320	0
sub-12_2	103	Pulse	255	4516775	4064	0
sub-12_2	103	Picture	20	4517712	5000	1	20231	1	5000	20000	miss	0
sub-12_2	103	Pulse	255	4536776	24064	0
sub-12_2	104	Picture	20	4542968	5000	1	20230	1	5000	20000	miss	0
sub-12_2	104	Pulse	255	4556776	18808	0
sub-12_2	105	Picture	20	4568223	5000	1	20230	1	5000	20000	miss	0
sub-12_2	105	Pulse	255	4576776	13552	0
sub-12_2	106	Picture	20	4593480	5000	1	20231	1	5000	20000	miss	0
sub-12_2	106	Pulse	255	4596776	8296	0
sub-12_2	107	Pulse	255	4616776	3041	0
sub-12_2	107	Picture	20	4618735	5000	1	20226	1	5000	20000	miss	0
sub-12_2	107	Pulse	255	4636776	23041	0
sub-12_2	108	Picture	change_to_15	4639127	0	1	25231	1	0	25000	other	0
sub-12_2	108	Pulse	255	4656776	17649	0
sub-12_2	109	Picture	10	4669384	5000	1	20230	1	5000	20000	miss	0
sub-12_2	109	Pulse	255	4676776	12392	0
sub-12_2	110	Picture	10	4694640	5000	1	20230	1	5000	20000	miss	0
sub-12_2	110	Pulse	255	4696776	7136	0
sub-12_2	111	Pulse	255	4716776	1881	0
sub-12_2	111	Picture	10	4719895	5000	1	20226	1	5000	20000	miss	0
sub-12_2	111	Pulse	255	4736776	21881	0
sub-12_2	112	Picture	10	4745370	5000	1	20231	1	5000	20000	miss	0
sub-12_2	112	Pulse	255	4756776	16406	0
sub-12_2	113	Picture	10	4770625	5000	1	20227	1	5000	20000	miss	0
sub-12_2	113	Pulse	255	4776776	11151	0
sub-12_2	114	Picture	Bfix	4790852	0	1	71811	1	0	60000	other	0
sub-12_2	114	Pulse	255	4796776	5924	0
sub-12_2	114	Pulse	255	4816776	25924	0
sub-12_2	114	Pulse	255	4836776	45924	0
