Scenario - loca_lec1
Logfile written - 12/17/2018 14:38:50

Subject	Trial	Event Type	Code	Time	TTime	Uncertainty	Duration	Uncertainty	ReqTime	ReqDur	Stim Type	Pair Index

sub-11_1	0	Pulse	255	604988	604988	0
sub-11_1	1	Nothing	cut	605219	0	1			0		other	0
sub-11_1	1	Nothing	cut	610219	5000	1			5000		other	0
sub-11_1	2	Picture	change_to_25	615447	0	1	25231	1	0	25000	other	0
sub-11_1	2	Pulse	255	624989	9542	0
sub-11_1	3	Pulse	255	644989	4286	0
sub-11_1	3	Picture	20	645702	5000	1	20230	1	5000	20000	hit	8
sub-11_1	3	Response	2	659109	18406	1
sub-11_1	3	Pulse	255	664988	24286	0
sub-11_1	4	Picture	20	670958	5000	1	20230	1	5000	20000	hit	11
sub-11_1	4	Response	1	680858	14900	1
sub-11_1	4	Pulse	255	684988	19030	0
sub-11_1	5	Picture	20	696212	5000	1	20230	1	5000	20000	hit	14
sub-11_1	5	Response	1	704519	13307	1
sub-11_1	5	Pulse	255	704989	13777	0
sub-11_1	6	Picture	20	721466	5000	1	20230	1	5000	20000	hit	18
sub-11_1	6	Pulse	255	724989	8522	0
sub-11_1	6	Response	2	730558	14092	1
sub-11_1	7	Pulse	255	744988	3266	0
sub-11_1	7	Picture	20	746723	5000	1	20228	1	5000	20000	hit	21
sub-11_1	7	Response	1	753398	11675	1
sub-11_1	7	Pulse	255	764989	23266	0
sub-11_1	8	Picture	change_to_15	766951	0	1	25231	1	0	25000	other	0
sub-11_1	8	Pulse	255	784989	18038	0
sub-11_1	9	Picture	10	797209	5000	1	20231	1	5000	20000	hit	27
sub-11_1	9	Pulse	255	804988	12779	0
sub-11_1	9	Response	2	812599	20390	1
sub-11_1	10	Picture	10	822467	5000	1	20231	1	5000	20000	hit	30
sub-11_1	10	Pulse	255	824989	7522	0
sub-11_1	10	Response	2	832048	14582	1
sub-11_1	11	Pulse	255	844989	2264	0
sub-11_1	11	Picture	10	847724	5000	1	20231	1	5000	20000	hit	33
sub-11_1	11	Response	1	856469	13745	1
sub-11_1	11	Pulse	255	864989	22264	0
sub-11_1	12	Picture	10	872980	5000	1	20226	1	5000	20000	hit	36
sub-11_1	12	Response	1	880249	12268	1
sub-11_1	12	Pulse	255	884988	17008	0
sub-11_1	13	Picture	10	898452	5000	1	20226	1	5000	20000	hit	39
sub-11_1	13	Response	2	904468	11016	1
sub-11_1	13	Pulse	255	904988	11535	0
sub-11_1	14	Picture	change_to_35	918845	0	1	25230	1	0	25000	other	0
sub-11_1	14	Pulse	255	924988	6143	0
sub-11_1	15	Pulse	255	944988	887	0
sub-11_1	15	Picture	30	949101	5000	1	20236	1	5000	20000	miss	0
sub-11_1	15	Pulse	255	964988	20887	0
sub-11_1	16	Picture	30	974364	5000	1	20231	1	5000	20000	incorrect	47
sub-11_1	16	Response	2	975939	6575	1
sub-11_1	16	Response	1	981549	12185	1
sub-11_1	16	Pulse	255	984988	15624	0
sub-11_1	17	Picture	30	999620	5000	1	20235	1	5000	20000	hit	51
sub-11_1	17	Response	1	1004789	10169	1
sub-11_1	17	Pulse	255	1004988	10368	0
sub-11_1	18	Picture	30	1024881	5000	1	20234	1	5000	20000	hit	55
sub-11_1	18	Pulse	255	1024989	5107	0
sub-11_1	18	Response	2	1032868	12987	1
sub-11_1	18	Pulse	255	1044988	25107	0
sub-11_1	19	Picture	30	1050141	5000	1	20228	1	5000	20000	hit	58
sub-11_1	19	Response	1	1056008	10867	1
sub-11_1	19	Pulse	255	1064989	19848	0
sub-11_1	20	Picture	Bfix	1070369	0	1	200228	1	0	200000	other	0
sub-11_1	20	Pulse	255	1084989	14619	0
sub-11_1	20	Pulse	255	1104989	34619	0
sub-11_1	20	Pulse	255	1124989	54619	0
sub-11_1	20	Pulse	255	1144988	74619	0
sub-11_1	20	Pulse	255	1164989	94619	0
sub-11_1	20	Pulse	255	1184988	114619	0
sub-11_1	20	Pulse	255	1204988	134619	0
sub-11_1	20	Pulse	255	1224988	154619	0
sub-11_1	20	Pulse	255	1244989	174619	0
sub-11_1	20	Pulse	255	1264988	194619	0
sub-11_1	21	Picture	change_to_25	1270597	0	1	25231	1	0	25000	other	0
sub-11_1	21	Pulse	255	1284989	14392	0
sub-11_1	22	Picture	20	1300855	5000	1	20230	1	5000	20000	hit	75
sub-11_1	22	Pulse	255	1304988	9134	0
sub-11_1	22	Response	1	1310599	14744	1
sub-11_1	23	Pulse	255	1324989	3878	0
sub-11_1	23	Picture	20	1326110	5000	1	20228	1	5000	20000	hit	78
sub-11_1	23	Response	1	1331119	10008	1
sub-11_1	23	Pulse	255	1344989	23878	0
sub-11_1	24	Picture	20	1351371	5000	1	20226	1	5000	20000	hit	81
sub-11_1	24	Response	1	1358049	11678	1
sub-11_1	24	Pulse	255	1364988	18617	0
sub-11_1	25	Picture	20	1376846	5000	1	20226	1	5000	20000	hit	85
sub-11_1	25	Pulse	255	1384989	13142	0
sub-11_1	25	Response	2	1385518	13672	1
sub-11_1	26	Picture	20	1402322	5000	1	20228	1	5000	20000	hit	88
sub-11_1	26	Pulse	255	1404988	7666	0
sub-11_1	26	Response	2	1412628	15306	1
sub-11_1	27	Picture	change_to_15	1422550	0	1	25230	1	0	25000	other	0
sub-11_1	27	Pulse	255	1424989	2439	0
sub-11_1	27	Pulse	255	1444988	22438	0
sub-11_1	28	Picture	10	1452807	5000	1	20233	1	5000	20000	hit	93
sub-11_1	28	Response	2	1459839	12032	1
sub-11_1	28	Pulse	255	1464989	17182	0
sub-11_1	29	Picture	10	1478065	5000	1	20230	1	5000	20000	incorrect	96
sub-11_1	29	Response	2	1483019	9953	1
sub-11_1	29	Pulse	255	1484988	11923	0
sub-11_1	30	Picture	10	1503323	5000	1	20231	1	5000	20000	hit	100
sub-11_1	30	Pulse	255	1504989	6665	0
sub-11_1	30	Response	1	1514339	16015	1
sub-11_1	31	Pulse	255	1524988	1408	0
sub-11_1	31	Picture	10	1528580	5000	1	20231	1	5000	20000	hit	103
sub-11_1	31	Response	2	1535239	11659	1
sub-11_1	31	Pulse	255	1544988	21408	0
sub-11_1	32	Picture	10	1553837	5000	1	20228	1	5000	20000	hit	106
sub-11_1	32	Response	2	1561438	12602	1
sub-11_1	32	Pulse	255	1564988	16151	0
sub-11_1	33	Picture	change_to_35	1574064	0	1	25231	1	0	25000	other	0
sub-11_1	33	Pulse	255	1584989	10924	0
sub-11_1	34	Picture	30	1604321	5000	1	20231	1	5000	20000	hit	112
sub-11_1	34	Pulse	255	1604988	5667	0
sub-11_1	34	Response	1	1609838	10518	1
sub-11_1	35	Pulse	255	1624988	411	0
sub-11_1	35	Picture	30	1629578	5000	1	20230	1	5000	20000	hit	115
sub-11_1	35	Response	1	1633679	9101	1
sub-11_1	35	Pulse	255	1644988	20411	0
sub-11_1	36	Picture	30	1654834	5000	1	20226	1	5000	20000	hit	118
sub-11_1	36	Response	2	1662358	12524	1
sub-11_1	36	Pulse	255	1664988	15154	0
sub-11_1	37	Picture	30	1680307	5000	1	20233	1	5000	20000	hit	122
sub-11_1	37	Pulse	255	1684989	9682	0
sub-11_1	37	Response	2	1685778	10472	1
sub-11_1	38	Pulse	255	1704988	4423	0
sub-11_1	38	Picture	30	1705565	5000	1	20227	1	5000	20000	hit	125
sub-11_1	38	Response	1	1712828	12263	1
sub-11_1	38	Pulse	255	1724989	24424	0
sub-11_1	39	Picture	Bfix	1725792	0	1	200228	1	0	200000	other	0
sub-11_1	39	Pulse	255	1744989	19197	0
sub-11_1	39	Pulse	255	1764988	39196	0
sub-11_1	39	Pulse	255	1784979	59187	0
sub-11_1	39	Pulse	255	1804979	79187	0
sub-11_1	39	Pulse	255	1824978	99186	0
sub-11_1	39	Pulse	255	1844979	119187	0
sub-11_1	39	Pulse	255	1864978	139186	0
sub-11_1	39	Pulse	255	1884979	159187	0
sub-11_1	39	Pulse	255	1904978	179187	0
sub-11_1	39	Pulse	255	1924978	199186	0
sub-11_1	40	Picture	change_to_35	1926020	0	1	25231	1	0	25000	other	0
sub-11_1	40	Pulse	255	1944978	18959	0
sub-11_1	41	Picture	30	1956275	5000	1	20230	1	5000	20000	hit	141
sub-11_1	41	Response	1	1962318	11043	1
sub-11_1	41	Pulse	255	1964978	13703	0
sub-11_1	42	Picture	30	1981531	5000	1	20231	1	5000	20000	hit	145
sub-11_1	42	Pulse	255	1984978	8447	0
sub-11_1	42	Response	2	1989899	13368	1
sub-11_1	43	Pulse	255	2004978	3190	0
sub-11_1	43	Picture	30	2006788	5000	1	20234	1	5000	20000	hit	148
sub-11_1	43	Response	2	2012359	10571	1
sub-11_1	43	Pulse	255	2024979	23191	0
sub-11_1	44	Picture	30	2032048	5000	1	20234	1	5000	20000	hit	151
sub-11_1	44	Response	1	2036039	8990	1
sub-11_1	44	Pulse	255	2044978	17930	0
sub-11_1	45	Picture	30	2057308	5000	1	20228	1	5000	20000	hit	155
sub-11_1	45	Pulse	255	2064979	12671	0
sub-11_1	45	Response	1	2066249	13941	1
sub-11_1	46	Picture	change_to_25	2077535	0	1	25230	1	0	25000	other	0
sub-11_1	46	Pulse	255	2084978	7443	0
sub-11_1	47	Pulse	255	2104979	2187	0
sub-11_1	47	Picture	20	2107791	5000	1	20232	1	5000	20000	hit	160
sub-11_1	47	Response	1	2115688	12897	1
sub-11_1	47	Pulse	255	2124979	22187	0
sub-11_1	48	Picture	20	2133050	5000	1	20231	1	5000	20000	hit	163
sub-11_1	48	Response	1	2139448	11399	1
sub-11_1	48	Pulse	255	2144979	16929	0
sub-11_1	49	Picture	20	2158307	5000	1	20231	1	5000	20000	hit	166
sub-11_1	49	Response	1	2164479	11172	1
sub-11_1	49	Pulse	255	2164978	11671	0
sub-11_1	50	Picture	20	2183567	5000	1	20226	1	5000	20000	hit	170
sub-11_1	50	Pulse	255	2184979	6412	0
sub-11_1	50	Response	2	2194138	15571	1
sub-11_1	51	Pulse	255	2204978	937	0
sub-11_1	51	Picture	20	2209042	5000	1	20226	1	5000	20000	hit	173
sub-11_1	51	Response	2	2215608	11566	1
sub-11_1	51	Pulse	255	2224979	20937	0
sub-11_1	52	Picture	change_to_15	2229434	0	1	25230	1	0	25000	other	0
sub-11_1	52	Pulse	255	2244978	15544	0
sub-11_1	53	Picture	10	2259690	5000	1	20230	1	5000	20000	hit	179
sub-11_1	53	Pulse	255	2264978	10288	0
sub-11_1	53	Response	1	2269129	14439	1
sub-11_1	54	Picture	10	2284944	5000	1	20231	1	5000	20000	hit	182
sub-11_1	54	Pulse	255	2284979	5035	0
sub-11_1	54	Response	2	2292298	12354	1
sub-11_1	54	Pulse	255	2304979	25035	0
sub-11_1	55	Picture	10	2310197	5000	1	20226	1	5000	20000	hit	185
sub-11_1	55	Response	2	2315868	10671	1
sub-11_1	55	Pulse	255	2324979	19781	0
sub-11_1	56	Picture	10	2335672	5000	1	20230	1	5000	20000	hit	189
sub-11_1	56	Pulse	255	2344979	14306	0
sub-11_1	56	Response	1	2345428	14756	1
sub-11_1	57	Picture	10	2360928	5000	1	20227	1	5000	20000	hit	192
sub-11_1	57	Pulse	255	2364978	9050	0
sub-11_1	57	Response	1	2368318	12390	1
sub-11_1	58	Picture	Bfix	2381155	0	1	200226	1	0	200000	other	0
sub-11_1	58	Pulse	255	2384979	3824	0
sub-11_1	58	Pulse	255	2404979	23824	0
sub-11_1	58	Pulse	255	2424978	43823	0
sub-11_1	58	Pulse	255	2444979	63824	0
sub-11_1	58	Pulse	255	2464979	83824	0
sub-11_1	58	Pulse	255	2484979	103824	0
sub-11_1	58	Pulse	255	2504979	123824	0
sub-11_1	58	Pulse	255	2524978	143823	0
sub-11_1	58	Pulse	255	2544979	163824	0
sub-11_1	58	Pulse	255	2564979	183824	0
sub-11_1	59	Picture	change_to_25	2581548	0	1	25231	1	0	25000	other	0
sub-11_1	59	Pulse	255	2584979	3431	0
sub-11_1	59	Pulse	255	2604979	23431	0
sub-11_1	60	Picture	20	2611805	5000	1	20231	1	5000	20000	hit	208
sub-11_1	60	Response	1	2618968	12164	1
sub-11_1	60	Pulse	255	2624979	18174	0
sub-11_1	61	Picture	20	2637062	5000	1	20231	1	5000	20000	hit	211
sub-11_1	61	Response	2	2644238	12176	1
sub-11_1	61	Pulse	255	2644978	12917	0
sub-11_1	62	Picture	20	2662319	5000	1	20231	1	5000	20000	hit	215
sub-11_1	62	Pulse	255	2664978	7660	0
sub-11_1	62	Response	2	2668559	11240	1
sub-11_1	63	Pulse	255	2684978	2403	0
sub-11_1	63	Picture	20	2687575	5000	1	20231	1	5000	20000	hit	218
sub-11_1	63	Response	1	2696759	14184	1
sub-11_1	63	Pulse	255	2704979	22404	0
sub-11_1	64	Picture	20	2712833	5000	1	20228	1	5000	20000	hit	221
sub-11_1	64	Response	1	2718959	11126	1
sub-11_1	64	Pulse	255	2724979	17146	0
sub-11_1	65	Picture	change_to_15	2733061	0	1	25231	1	0	25000	other	0
sub-11_1	65	Pulse	255	2744978	11918	0
sub-11_1	66	Picture	10	2763317	5000	1	20230	1	5000	20000	hit	227
sub-11_1	66	Pulse	255	2764979	6661	0
sub-11_1	66	Response	1	2770749	12431	1
sub-11_1	67	Pulse	255	2784979	1404	0
sub-11_1	67	Picture	10	2788575	5000	1	20226	1	5000	20000	hit	230
sub-11_1	67	Response	1	2794048	10473	1
sub-11_1	67	Pulse	255	2804978	21403	0
sub-11_1	68	Picture	10	2814051	5000	1	20230	1	5000	20000	hit	233
sub-11_1	68	Response	1	2820109	11058	1
sub-11_1	68	Pulse	255	2824978	15927	0
sub-11_1	69	Picture	10	2839308	5000	1	20231	1	5000	20000	hit	237
sub-11_1	69	Pulse	255	2844979	10671	0
sub-11_1	69	Response	2	2846298	11991	1
sub-11_1	70	Picture	10	2864564	5000	1	20228	1	5000	20000	hit	240
sub-11_1	70	Pulse	255	2864978	5414	0
sub-11_1	70	Response	2	2875549	15985	1
sub-11_1	71	Picture	change_to_35	2884792	0	1	25232	1	0	25000	other	0
sub-11_1	71	Pulse	255	2884978	186	0
sub-11_1	71	Pulse	255	2904979	20187	0
sub-11_1	72	Picture	30	2915049	5000	1	20226	1	5000	20000	hit	245
sub-11_1	72	Response	1	2924609	14559	1
sub-11_1	72	Pulse	255	2924978	14928	0
sub-11_1	73	Picture	30	2940525	5000	1	20231	1	5000	20000	hit	249
sub-11_1	73	Pulse	255	2944978	9453	0
sub-11_1	73	Response	2	2955628	20103	1
sub-11_1	74	Pulse	255	2964979	4197	0
sub-11_1	74	Picture	30	2965781	5000	1	20234	1	5000	20000	hit	252
sub-11_1	74	Response	2	2973318	12537	1
sub-11_1	74	Pulse	255	2984979	24197	0
sub-11_1	75	Picture	30	2991042	5000	1	20230	1	5000	20000	hit	255
sub-11_1	75	Response	1	2997099	11056	1
sub-11_1	75	Pulse	255	3004979	18936	0
sub-11_1	76	Picture	30	3016298	5000	1	20227	1	5000	20000	hit	258
sub-11_1	76	Response	1	3021339	10041	1
sub-11_1	76	Pulse	255	3024978	13680	0
sub-11_1	77	Picture	Bfix	3036525	0	1	200228	1	0	200000	other	0
sub-11_1	77	Pulse	255	3044978	8453	0
sub-11_1	77	Pulse	255	3064978	28453	0
sub-11_1	77	Pulse	255	3084979	48454	0
sub-11_1	77	Pulse	255	3104978	68453	0
sub-11_1	77	Pulse	255	3124978	88453	0
sub-11_1	77	Pulse	255	3144979	108454	0
sub-11_1	77	Pulse	255	3164979	128454	0
sub-11_1	77	Pulse	255	3184979	148454	0
sub-11_1	77	Pulse	255	3204979	168454	0
sub-11_1	77	Pulse	255	3224978	188453	0
sub-11_1	78	Picture	change_to_15	3236753	0	1	25230	1	0	25000	other	0
sub-11_1	78	Pulse	255	3244979	8226	0
sub-11_1	79	Pulse	255	3264979	2969	0
sub-11_1	79	Picture	10	3267010	5000	1	20231	1	5000	20000	hit	275
sub-11_1	79	Response	2	3279208	17199	1
sub-11_1	79	Pulse	255	3284979	22969	0
sub-11_1	80	Picture	10	3292268	5000	1	20230	1	5000	20000	hit	278
sub-11_1	80	Response	1	3298869	11601	1
sub-11_1	80	Pulse	255	3304979	17711	0
sub-11_1	81	Picture	10	3317524	5000	1	20231	1	5000	20000	hit	281
sub-11_1	81	Response	2	3324818	12295	1
sub-11_1	81	Pulse	255	3324978	12454	0
sub-11_1	82	Picture	10	3342780	5000	1	20230	1	5000	20000	hit	285
sub-11_1	82	Pulse	255	3344979	7199	0
sub-11_1	82	Response	1	3354159	16379	1
sub-11_1	83	Pulse	255	3364978	1944	0
sub-11_1	83	Picture	10	3368035	5000	1	20226	1	5000	20000	hit	288
sub-11_1	83	Response	2	3374289	11254	1
sub-11_1	83	Pulse	255	3384979	21944	0
sub-11_1	84	Picture	change_to_35	3388427	0	1	25230	1	0	25000	other	0
sub-11_1	84	Pulse	255	3404979	16552	0
sub-11_1	85	Picture	30	3418683	5000	1	20230	1	5000	20000	hit	294
sub-11_1	85	Pulse	255	3424979	11296	0
sub-11_1	85	Response	2	3429409	15726	1
sub-11_1	86	Picture	30	3443939	5000	1	20230	1	5000	20000	hit	297
sub-11_1	86	Pulse	255	3444979	6040	0
sub-11_1	86	Response	2	3448409	9470	1
sub-11_1	87	Pulse	255	3464979	783	0
sub-11_1	87	Picture	30	3469196	5000	1	20226	1	5000	20000	hit	300
sub-11_1	87	Response	2	3474789	10593	1
sub-11_1	87	Pulse	255	3484978	20783	0
sub-11_1	88	Picture	30	3494674	5000	1	20231	1	5000	20000	hit	303
sub-11_1	88	Response	1	3500169	10495	1
sub-11_1	88	Pulse	255	3504978	15305	0
sub-11_1	89	Picture	30	3519931	5000	1	20228	1	5000	20000	hit	307
sub-11_1	89	Pulse	255	3524979	10048	0
sub-11_1	89	Response	1	3525868	10937	1
sub-11_1	90	Picture	change_to_25	3540159	0	1	25226	1	0	25000	other	0
sub-11_1	90	Pulse	255	3544979	4820	0
sub-11_1	90	Pulse	255	3564978	24820	0
sub-11_1	91	Picture	20	3570630	5000	1	20230	1	5000	20000	hit	312
sub-11_1	91	Response	2	3583418	17788	1
sub-11_1	91	Pulse	255	3584978	19348	0
sub-11_1	92	Picture	20	3595888	5000	1	20230	1	5000	20000	hit	315
sub-11_1	92	Response	2	3601768	10881	1
sub-11_1	92	Pulse	255	3604978	14091	0
sub-11_1	93	Picture	20	3621144	5000	1	20231	1	5000	20000	hit	319
sub-11_1	93	Pulse	255	3624969	8825	0
sub-11_1	93	Response	2	3628958	12814	1
sub-11_1	94	Pulse	255	3644969	3568	0
sub-11_1	94	Picture	20	3646400	5000	1	20231	1	5000	20000	hit	322
sub-11_1	94	Response	1	3652408	11008	1
sub-11_1	94	Pulse	255	3664969	23568	0
sub-11_1	95	Picture	20	3671656	5000	1	20226	1	5000	20000	hit	325
sub-11_1	95	Response	1	3678189	11533	1
sub-11_1	95	Pulse	255	3684969	18313	0
sub-11_1	96	Picture	Bfix	3692048	0	1	200228	1	0	200000	other	0
sub-11_1	96	Pulse	255	3704969	12921	0
sub-11_1	96	Pulse	255	3724968	32920	0
sub-11_1	96	Pulse	255	3744968	52920	0
sub-11_1	96	Pulse	255	3764968	72920	0
sub-11_1	96	Pulse	255	3784969	92920	0
sub-11_1	96	Pulse	255	3804969	112921	0
sub-11_1	96	Pulse	255	3824969	132921	0
sub-11_1	96	Pulse	255	3844969	152921	0
sub-11_1	96	Pulse	255	3864969	172921	0
sub-11_1	96	Pulse	255	3884969	192920	0
sub-11_1	97	Picture	change_to_35	3892276	0	1	25226	1	0	25000	other	0
sub-11_1	97	Pulse	255	3904969	12693	0
sub-11_1	98	Picture	30	3922751	5000	1	20231	1	5000	20000	hit	342
sub-11_1	98	Pulse	255	3924969	7217	0
sub-11_1	98	Response	2	3933509	15758	1
sub-11_1	99	Pulse	255	3944969	1961	0
sub-11_1	99	Picture	30	3948008	5000	1	20231	1	5000	20000	hit	345
sub-11_1	99	Response	1	3954339	11331	1
sub-11_1	99	Pulse	255	3964969	21961	0
sub-11_1	100	Picture	30	3973265	5000	1	20230	1	5000	20000	hit	348
sub-11_1	100	Response	1	3977259	8994	1
sub-11_1	100	Pulse	255	3984968	16704	0
sub-11_1	101	Picture	30	3998521	5000	1	20226	1	5000	20000	hit	351
sub-11_1	101	Response	2	4004189	10668	1
sub-11_1	101	Pulse	255	4004969	11448	0
sub-11_1	102	Picture	30	4023996	5000	1	20226	1	5000	20000	hit	355
sub-11_1	102	Pulse	255	4024969	5973	0
sub-11_1	102	Response	1	4028349	9353	1
sub-11_1	103	Picture	change_to_25	4044389	0	1	25231	1	0	25000	other	0
sub-11_1	103	Pulse	255	4044969	580	0
sub-11_1	103	Pulse	255	4064969	20580	0
sub-11_1	104	Picture	20	4074645	5000	1	20231	1	5000	20000	hit	361
sub-11_1	104	Pulse	255	4084969	15324	0
sub-11_1	104	Response	2	4087789	18144	1
sub-11_1	105	Picture	20	4099902	5000	1	20231	1	5000	20000	hit	364
sub-11_1	105	Pulse	255	4104969	10068	0
sub-11_1	105	Response	1	4105728	10827	1
sub-11_1	106	Pulse	255	4124999	4841	0
sub-11_1	106	Picture	20	4125158	5000	1	20231	1	5000	20000	hit	367
sub-11_1	106	Response	1	4133289	13130	1
sub-11_1	106	Pulse	255	4144969	24811	0
sub-11_1	107	Picture	20	4150415	5000	1	20231	1	5000	20000	hit	370
sub-11_1	107	Response	2	4157139	11724	1
sub-11_1	107	Pulse	255	4164969	19554	0
sub-11_1	108	Picture	20	4175672	5000	1	20226	1	5000	20000	hit	373
sub-11_1	108	Response	1	4181889	11217	1
sub-11_1	108	Pulse	255	4184969	14297	0
sub-11_1	109	Picture	change_to_15	4196064	0	1	25230	1	0	25000	other	0
sub-11_1	109	Pulse	255	4204969	8905	0
sub-11_1	110	Pulse	255	4224969	3650	0
sub-11_1	110	Picture	10	4226319	5000	1	20230	1	5000	20000	hit	379
sub-11_1	110	Response	1	4236109	14790	1
sub-11_1	110	Pulse	255	4244969	23650	0
sub-11_1	111	Picture	10	4251575	5000	1	20226	1	5000	20000	hit	382
sub-11_1	111	Response	2	4258409	11834	1
sub-11_1	111	Pulse	255	4264969	18394	0
sub-11_1	112	Picture	10	4277050	5000	1	20230	1	5000	20000	hit	385
sub-11_1	112	Response	2	4282879	10828	1
sub-11_1	112	Pulse	255	4284969	12918	0
sub-11_1	113	Picture	10	4302308	5000	1	20226	1	5000	20000	hit	389
sub-11_1	113	Pulse	255	4304969	7661	0
sub-11_1	113	Response	1	4308258	10951	1
sub-11_1	114	Pulse	255	4324969	2187	0
sub-11_1	114	Picture	10	4327782	5000	1	20227	1	5000	20000	hit	392
sub-11_1	114	Response	1	4335139	12357	1
sub-11_1	114	Pulse	255	4344969	22187	0
sub-11_1	115	Picture	Bfix	4348009	0	1	71789	1	0	60000	other	0
sub-11_1	115	Pulse	255	4364969	16960	0
sub-11_1	115	Pulse	255	4384969	36960	0
