Scenario - loca_lec1bis
Logfile written - 12/17/2018 15:14:41

Subject	Trial	Event Type	Code	Time	TTime	Uncertainty	Duration	Uncertainty	ReqTime	ReqDur	Stim Type	Pair Index

sub-11_2	0	Pulse	255	600490	600490	0
sub-11_2	1	Picture	change_to_25	600724	0	1	25226	1	0	25000	other	0
sub-11_2	1	Pulse	255	620490	19766	0
sub-11_2	2	Picture	20	631204	5000	1	20231	1	5000	20000	hit	5
sub-11_2	2	Response	1	639040	12836	1
sub-11_2	2	Pulse	255	640489	14285	0
sub-11_2	3	Picture	20	656460	5000	1	20231	1	5000	20000	hit	9
sub-11_2	3	Pulse	255	660490	9030	0
sub-11_2	3	Response	2	667720	16260	1
sub-11_2	4	Pulse	255	680490	3772	0
sub-11_2	4	Picture	20	681718	5000	1	20226	1	5000	20000	hit	12
sub-11_2	4	Response	2	688299	11581	1
sub-11_2	4	Pulse	255	700490	23772	0
sub-11_2	5	Picture	20	707194	5000	1	20231	1	5000	20000	hit	15
sub-11_2	5	Response	2	713050	10856	1
sub-11_2	5	Pulse	255	720489	18295	0
sub-11_2	6	Picture	20	732451	5000	1	20228	1	5000	20000	hit	18
sub-11_2	6	Response	1	739550	12099	1
sub-11_2	6	Pulse	255	740490	13039	0
sub-11_2	7	Picture	change_to_15	752679	0	1	25226	1	0	25000	other	0
sub-11_2	7	Pulse	255	760490	7811	0
sub-11_2	8	Pulse	255	780490	2335	0
sub-11_2	8	Picture	10	783155	5000	1	20231	1	5000	20000	hit	24
sub-11_2	8	Response	2	796770	18615	1
sub-11_2	8	Pulse	255	800490	22335	0
sub-11_2	9	Picture	10	808412	5000	1	20231	1	5000	20000	incorrect	27
sub-11_2	9	Response	2	815810	12399	1
sub-11_2	9	Pulse	255	820490	17078	0
sub-11_2	10	Picture	10	833669	5000	1	20231	1	5000	20000	hit	30
sub-11_2	10	Response	2	839770	11101	1
sub-11_2	10	Pulse	255	840490	11820	0
sub-11_2	11	Picture	10	858926	5000	1	20231	1	5000	20000	hit	34
sub-11_2	11	Pulse	255	860490	6563	0
sub-11_2	11	Response	1	865060	11133	1
sub-11_2	12	Pulse	255	880490	1307	0
sub-11_2	12	Picture	10	884183	5000	1	20228	1	5000	20000	hit	37
sub-11_2	12	Response	2	890240	11057	1
sub-11_2	12	Pulse	255	900480	21297	0
sub-11_2	13	Picture	change_to_35	904411	0	1	25231	1	0	25000	other	0
sub-11_2	13	Pulse	255	920480	16069	0
sub-11_2	14	Picture	30	934668	5000	1	20234	1	5000	20000	hit	42
sub-11_2	14	Response	2	939450	9782	1
sub-11_2	14	Pulse	255	940480	10811	0
sub-11_2	15	Picture	30	959929	5000	1	20231	1	5000	20000	hit	46
sub-11_2	15	Pulse	255	960480	5551	0
sub-11_2	15	Response	1	964949	10020	1
sub-11_2	16	Pulse	255	980480	294	0
sub-11_2	16	Picture	30	985187	5000	1	20226	1	5000	20000	hit	49
sub-11_2	16	Response	2	990720	10533	1
sub-11_2	16	Pulse	255	1000480	20293	0
sub-11_2	17	Picture	30	1010665	5000	1	20230	1	5000	20000	hit	52
sub-11_2	17	Response	1	1015750	10084	1
sub-11_2	17	Pulse	255	1020480	14815	0
sub-11_2	18	Picture	30	1035922	5000	1	20226	1	5000	20000	hit	55
sub-11_2	18	Response	2	1039880	8958	1
sub-11_2	18	Pulse	255	1040479	9558	0
sub-11_2	19	Picture	Bfix	1056314	0	1	200228	1	0	200000	other	0
sub-11_2	19	Pulse	255	1060480	4166	0
sub-11_2	19	Pulse	255	1080480	24166	0
sub-11_2	19	Pulse	255	1100480	44165	0
sub-11_2	19	Pulse	255	1120480	64166	0
sub-11_2	19	Pulse	255	1140480	84166	0
sub-11_2	19	Pulse	255	1160480	104166	0
sub-11_2	19	Pulse	255	1180480	124166	0
sub-11_2	19	Pulse	255	1200480	144166	0
sub-11_2	19	Pulse	255	1220480	164166	0
sub-11_2	19	Pulse	255	1240480	184166	0
sub-11_2	20	Picture	change_to_15	1256542	0	1	25230	1	0	25000	other	0
sub-11_2	20	Pulse	255	1260480	3938	0
sub-11_2	20	Pulse	255	1280480	23938	0
sub-11_2	21	Picture	10	1286797	5000	1	20231	1	5000	20000	hit	72
sub-11_2	21	Response	2	1293580	11782	1
sub-11_2	21	Pulse	255	1300480	18683	0
sub-11_2	22	Picture	10	1312053	5000	1	20231	1	5000	20000	hit	75
sub-11_2	22	Response	2	1318470	11416	1
sub-11_2	22	Pulse	255	1320480	13427	0
sub-11_2	23	Picture	10	1337310	5000	1	20230	1	5000	20000	hit	79
sub-11_2	23	Pulse	255	1340480	8170	0
sub-11_2	23	Response	2	1343680	11370	1
sub-11_2	24	Pulse	255	1360480	2913	0
sub-11_2	24	Picture	10	1362567	5000	1	20232	1	5000	20000	hit	82
sub-11_2	24	Response	1	1370360	12794	1
sub-11_2	24	Pulse	255	1380480	22914	0
sub-11_2	25	Picture	10	1387827	5000	1	20228	1	5000	20000	hit	85
sub-11_2	25	Response	1	1393620	10793	1
sub-11_2	25	Pulse	255	1400480	17654	0
sub-11_2	26	Picture	change_to_35	1408055	0	1	25226	1	0	25000	other	0
sub-11_2	26	Pulse	255	1420481	12426	0
sub-11_2	27	Picture	30	1438530	5000	1	20231	1	5000	20000	hit	91
sub-11_2	27	Pulse	255	1440480	6950	0
sub-11_2	27	Response	1	1446710	13181	1
sub-11_2	28	Pulse	255	1460481	1694	0
sub-11_2	28	Picture	30	1463786	5000	1	20230	1	5000	20000	hit	94
sub-11_2	28	Response	2	1468420	9634	1
sub-11_2	28	Pulse	255	1480480	21694	0
sub-11_2	29	Picture	30	1489043	5000	1	20231	1	5000	20000	hit	97
sub-11_2	29	Response	2	1494530	10487	1
sub-11_2	29	Pulse	255	1500480	16437	0
sub-11_2	30	Picture	30	1514300	5000	1	20231	1	5000	20000	hit	100
sub-11_2	30	Response	1	1519891	10590	1
sub-11_2	30	Pulse	255	1520480	11180	0
sub-11_2	31	Picture	30	1539557	5000	1	20228	1	5000	20000	hit	104
sub-11_2	31	Pulse	255	1540480	5923	0
sub-11_2	31	Response	2	1544600	10043	1
sub-11_2	32	Picture	change_to_25	1559785	0	1	25231	1	0	25000	other	0
sub-11_2	32	Pulse	255	1560480	695	0
sub-11_2	32	Pulse	255	1580480	20695	0
sub-11_2	33	Picture	20	1590042	5000	1	20226	1	5000	20000	hit	110
sub-11_2	33	Pulse	255	1600480	15438	0
sub-11_2	33	Response	1	1603760	18718	1
sub-11_2	34	Picture	20	1615518	5000	1	20231	1	5000	20000	hit	113
sub-11_2	34	Pulse	255	1620480	9963	0
sub-11_2	34	Response	2	1622800	12283	1
sub-11_2	35	Pulse	255	1640480	4705	0
sub-11_2	35	Picture	20	1640775	5000	1	20231	1	5000	20000	hit	116
sub-11_2	35	Response	2	1650180	14405	1
sub-11_2	35	Pulse	255	1660480	24705	0
sub-11_2	36	Picture	20	1666033	5000	1	20231	1	5000	20000	hit	119
sub-11_2	36	Response	1	1674401	13368	1
sub-11_2	36	Pulse	255	1680480	19447	0
sub-11_2	37	Picture	20	1691290	5000	1	20226	1	5000	20000	hit	122
sub-11_2	37	Response	2	1699441	13151	1
sub-11_2	37	Pulse	255	1700480	14190	0
sub-11_2	38	Picture	Bfix	1711682	0	1	200226	1	0	200000	other	0
sub-11_2	38	Pulse	255	1720481	8798	0
sub-11_2	38	Pulse	255	1740481	28798	0
sub-11_2	38	Pulse	255	1760481	48798	0
sub-11_2	38	Pulse	255	1780481	68798	0
sub-11_2	38	Pulse	255	1800481	88798	0
sub-11_2	38	Pulse	255	1820481	108798	0
sub-11_2	38	Pulse	255	1840481	128798	0
sub-11_2	38	Pulse	255	1860480	148798	0
sub-11_2	38	Pulse	255	1880480	168798	0
sub-11_2	38	Pulse	255	1900481	188798	0
sub-11_2	39	Picture	change_to_35	1912075	0	1	25231	1	0	25000	other	0
sub-11_2	39	Pulse	255	1920480	8405	0
sub-11_2	40	Pulse	255	1940481	3149	0
sub-11_2	40	Picture	30	1942332	5000	1	20230	1	5000	20000	hit	139
sub-11_2	40	Response	1	1949931	12599	1
sub-11_2	40	Pulse	255	1960480	23149	0
sub-11_2	41	Picture	30	1967589	5000	1	20231	1	5000	20000	hit	143
sub-11_2	41	Pulse	255	1980480	17891	0
sub-11_2	41	Response	2	1982040	19451	1
sub-11_2	42	Picture	30	1992846	5000	1	20231	1	5000	20000	hit	146
sub-11_2	42	Pulse	255	2000481	12634	0
sub-11_2	42	Response	1	2002511	14664	1
sub-11_2	43	Picture	30	2018104	5000	1	20232	1	5000	20000	hit	149
sub-11_2	43	Pulse	255	2020481	7377	0
sub-11_2	43	Response	2	2025730	12626	1
sub-11_2	44	Pulse	255	2040481	2119	0
sub-11_2	44	Picture	30	2043361	5000	1	20228	1	5000	20000	hit	152
sub-11_2	44	Response	1	2048291	9929	1
sub-11_2	44	Pulse	255	2060480	22119	0
sub-11_2	45	Picture	change_to_15	2063589	0	1	25231	1	0	25000	other	0
sub-11_2	45	Pulse	255	2080480	16891	0
sub-11_2	46	Picture	10	2093846	5000	1	20231	1	5000	20000	incorrect	158
sub-11_2	46	Pulse	255	2100481	11634	0
sub-11_2	46	Response	2	2107411	18564	1
sub-11_2	47	Picture	10	2119103	5000	1	20231	1	5000	20000	incorrect	161
sub-11_2	47	Pulse	255	2120481	6378	0
sub-11_2	47	Response	2	2125941	11838	1
sub-11_2	47	Response	1	2137160	23058	1
sub-11_2	48	Pulse	255	2140481	1121	0
sub-11_2	48	Picture	10	2144360	5000	1	20226	1	5000	20000	hit	165
sub-11_2	48	Response	2	2149980	10620	1
sub-11_2	48	Pulse	255	2160481	21121	0
sub-11_2	49	Picture	10	2169836	5000	1	20230	1	5000	20000	hit	168
sub-11_2	49	Response	2	2174990	10154	1
sub-11_2	49	Pulse	255	2180481	15644	0
sub-11_2	50	Picture	10	2195092	5000	1	20226	1	5000	20000	hit	172
sub-11_2	50	Pulse	255	2200481	10389	0
sub-11_2	50	Response	1	2202421	12329	1
sub-11_2	51	Picture	change_to_25	2215485	0	1	25230	1	0	25000	other	0
sub-11_2	51	Pulse	255	2220481	4996	0
sub-11_2	51	Pulse	255	2240481	24996	0
sub-11_2	52	Picture	20	2245740	5000	1	20231	1	5000	20000	hit	177
sub-11_2	52	Response	2	2255791	15051	1
sub-11_2	52	Pulse	255	2260481	19741	0
sub-11_2	53	Picture	20	2270998	5000	1	20231	1	5000	20000	hit	180
sub-11_2	53	Response	1	2277691	11693	1
sub-11_2	53	Pulse	255	2280481	14483	0
sub-11_2	54	Picture	20	2296254	5000	1	20231	1	5000	20000	hit	184
sub-11_2	54	Pulse	255	2300481	9227	0
sub-11_2	54	Response	2	2303761	12507	1
sub-11_2	55	Pulse	255	2320481	3970	0
sub-11_2	55	Picture	20	2321511	5000	1	20226	1	5000	20000	hit	187
sub-11_2	55	Response	1	2331301	14790	1
sub-11_2	55	Pulse	255	2340481	23970	0
sub-11_2	56	Picture	20	2346987	5000	1	20227	1	5000	20000	hit	190
sub-11_2	56	Response	2	2358461	16474	1
sub-11_2	56	Pulse	255	2360481	18494	0
sub-11_2	57	Picture	Bfix	2367214	0	1	200229	1	0	200000	other	0
sub-11_2	57	Pulse	255	2380481	13267	0
sub-11_2	57	Pulse	255	2400481	33267	0
sub-11_2	57	Pulse	255	2420481	53267	0
sub-11_2	57	Pulse	255	2440481	73267	0
sub-11_2	57	Pulse	255	2460480	93267	0
sub-11_2	57	Pulse	255	2480481	113267	0
sub-11_2	57	Pulse	255	2500481	133267	0
sub-11_2	57	Pulse	255	2520481	153267	0
sub-11_2	57	Pulse	255	2540481	173267	0
sub-11_2	57	Pulse	255	2560481	193267	0
sub-11_2	58	Picture	change_to_15	2567442	0	1	25226	1	0	25000	other	0
sub-11_2	58	Pulse	255	2580481	13039	0
sub-11_2	59	Picture	10	2597918	5000	1	20230	1	5000	20000	hit	207
sub-11_2	59	Pulse	255	2600481	7563	0
sub-11_2	59	Response	2	2610241	17323	1
sub-11_2	60	Pulse	255	2620481	2307	0
sub-11_2	60	Picture	10	2623174	5000	1	20230	1	5000	20000	hit	210
sub-11_2	60	Response	1	2633071	14897	1
sub-11_2	60	Pulse	255	2640481	22307	0
sub-11_2	61	Picture	10	2648430	5000	1	20226	1	5000	20000	hit	213
sub-11_2	61	Response	2	2654301	10871	1
sub-11_2	61	Pulse	255	2660471	17041	0
sub-11_2	62	Picture	10	2673903	5000	1	20230	1	5000	20000	hit	217
sub-11_2	62	Pulse	255	2680471	11568	0
sub-11_2	62	Response	1	2680601	11698	1
sub-11_2	63	Picture	10	2699160	5000	1	20228	1	5000	20000	hit	220
sub-11_2	63	Pulse	255	2700471	6311	0
sub-11_2	63	Response	1	2704281	10121	1
sub-11_2	64	Picture	change_to_25	2719388	0	1	25231	1	0	25000	other	0
sub-11_2	64	Pulse	255	2720471	1083	0
sub-11_2	64	Pulse	255	2740471	21083	0
sub-11_2	65	Picture	20	2749645	5000	1	20226	1	5000	20000	hit	226
sub-11_2	65	Pulse	255	2760471	15827	0
sub-11_2	65	Response	1	2765791	21146	1
sub-11_2	66	Picture	20	2775121	5000	1	20231	1	5000	20000	hit	229
sub-11_2	66	Pulse	255	2780471	10351	0
sub-11_2	66	Response	1	2783891	13770	1
sub-11_2	67	Picture	20	2800377	5000	1	20231	1	5000	20000	hit	232
sub-11_2	67	Pulse	255	2800471	5094	0
sub-11_2	67	Response	1	2808121	12744	1
sub-11_2	67	Pulse	255	2820471	25093	0
sub-11_2	68	Picture	20	2825633	5000	1	20231	1	5000	20000	hit	235
sub-11_2	68	Response	2	2833791	13159	1
sub-11_2	68	Pulse	255	2840471	19839	0
sub-11_2	69	Picture	20	2850890	5000	1	20228	1	5000	20000	hit	239
sub-11_2	69	Pulse	255	2860471	14581	0
sub-11_2	69	Response	2	2861831	15941	1
sub-11_2	70	Picture	change_to_35	2871118	0	1	25230	1	0	25000	other	0
sub-11_2	70	Pulse	255	2880471	9353	0
sub-11_2	71	Pulse	255	2900471	4096	0
sub-11_2	71	Picture	30	2901375	5000	1	20231	1	5000	20000	hit	244
sub-11_2	71	Response	1	2905201	8826	1
sub-11_2	71	Pulse	255	2920471	24096	0
sub-11_2	72	Picture	30	2926632	5000	1	20226	1	5000	20000	hit	247
sub-11_2	72	Response	1	2931581	9950	1
sub-11_2	72	Pulse	255	2940471	18839	0
sub-11_2	73	Picture	30	2952107	5000	1	20231	1	5000	20000	hit	250
sub-11_2	73	Response	2	2957241	10134	1
sub-11_2	73	Pulse	255	2960471	13364	0
sub-11_2	74	Picture	30	2977363	5000	1	20231	1	5000	20000	hit	254
sub-11_2	74	Pulse	255	2980471	8108	0
sub-11_2	74	Response	2	2982941	10579	1
sub-11_2	75	Pulse	255	3000471	2850	0
sub-11_2	75	Picture	30	3002621	5000	1	20227	1	5000	20000	hit	257
sub-11_2	75	Response	1	3008771	11150	1
sub-11_2	75	Pulse	255	3020471	22850	0
sub-11_2	76	Picture	Bfix	3022848	0	1	200228	1	0	200000	other	0
sub-11_2	76	Pulse	255	3040471	17624	0
sub-11_2	76	Pulse	255	3060471	37624	0
sub-11_2	76	Pulse	255	3080472	57624	0
sub-11_2	76	Pulse	255	3100471	77624	0
sub-11_2	76	Pulse	255	3120471	97624	0
sub-11_2	76	Pulse	255	3140471	117624	0
sub-11_2	76	Pulse	255	3160472	137624	0
sub-11_2	76	Pulse	255	3180472	157624	0
sub-11_2	76	Pulse	255	3200472	177624	0
sub-11_2	76	Pulse	255	3220472	197624	0
sub-11_2	77	Picture	change_to_25	3223076	0	1	25231	1	0	25000	other	0
sub-11_2	77	Pulse	255	3240472	17396	0
sub-11_2	78	Picture	20	3253333	5000	1	20226	1	5000	20000	hit	274
sub-11_2	78	Pulse	255	3260472	12139	0
sub-11_2	78	Response	2	3264752	16419	1
sub-11_2	79	Picture	20	3278808	5000	1	20226	1	5000	20000	hit	277
sub-11_2	79	Pulse	255	3280472	6664	0
sub-11_2	79	Response	2	3285832	12024	1
sub-11_2	80	Pulse	255	3300472	1188	0
sub-11_2	80	Picture	20	3304284	5000	1	20231	1	5000	20000	hit	280
sub-11_2	80	Response	2	3310422	11138	1
sub-11_2	80	Pulse	255	3320472	21188	0
sub-11_2	81	Picture	20	3329541	5000	1	20230	1	5000	20000	hit	283
sub-11_2	81	Response	1	3337032	12490	1
sub-11_2	81	Pulse	255	3340472	15930	0
sub-11_2	82	Picture	20	3354797	5000	1	20226	1	5000	20000	hit	287
sub-11_2	82	Pulse	255	3360472	10674	0
sub-11_2	82	Response	1	3361001	11204	1
sub-11_2	83	Picture	change_to_35	3375190	0	1	25230	1	0	25000	other	0
sub-11_2	83	Pulse	255	3380472	5282	0
sub-11_2	84	Pulse	255	3400472	25	0
sub-11_2	84	Picture	30	3405447	5000	1	20226	1	5000	20000	hit	292
sub-11_2	84	Response	1	3411352	10905	1
sub-11_2	84	Pulse	255	3420472	20025	0
sub-11_2	85	Picture	30	3430924	5000	1	20230	1	5000	20000	hit	295
sub-11_2	85	Response	1	3435002	9078	1
sub-11_2	85	Pulse	255	3440472	14548	0
sub-11_2	86	Picture	30	3456180	5000	1	20230	1	5000	20000	hit	299
sub-11_2	86	Pulse	255	3460472	9292	0
sub-11_2	86	Response	2	3461801	10621	1
sub-11_2	87	Pulse	255	3480472	4035	0
sub-11_2	87	Picture	30	3481437	5000	1	20231	1	5000	20000	hit	302
sub-11_2	87	Response	2	3489072	12635	1
sub-11_2	87	Pulse	255	3500472	24035	0
sub-11_2	88	Picture	30	3506694	5000	1	20228	1	5000	20000	hit	305
sub-11_2	88	Response	1	3510732	9038	1
sub-11_2	88	Pulse	255	3520472	18778	0
sub-11_2	89	Picture	change_to_15	3526922	0	1	25231	1	0	25000	other	0
sub-11_2	89	Pulse	255	3540472	13550	0
sub-11_2	90	Picture	10	3557182	5000	1	20231	1	5000	20000	hit	311
sub-11_2	90	Pulse	255	3560472	8290	0
sub-11_2	90	Response	2	3568172	15990	1
sub-11_2	91	Pulse	255	3580472	3035	0
sub-11_2	91	Picture	10	3582437	5000	1	20231	1	5000	20000	hit	314
sub-11_2	91	Response	1	3588992	11554	1
sub-11_2	91	Pulse	255	3600472	23034	0
sub-11_2	92	Picture	10	3607695	5000	1	20231	1	5000	20000	hit	317
sub-11_2	92	Response	1	3613282	10587	1
sub-11_2	92	Pulse	255	3620472	17777	0
sub-11_2	93	Picture	10	3632952	5000	1	20230	1	5000	20000	hit	320
sub-11_2	93	Response	1	3638812	10860	1
sub-11_2	93	Pulse	255	3640472	12520	0
sub-11_2	94	Picture	10	3658208	5000	1	20227	1	5000	20000	hit	324
sub-11_2	94	Pulse	255	3660472	7263	0
sub-11_2	94	Response	2	3663702	10494	1
sub-11_2	95	Picture	Bfix	3678436	0	1	200228	1	0	200000	other	0
sub-11_2	95	Pulse	255	3680472	2036	0
sub-11_2	95	Pulse	255	3700472	22036	0
sub-11_2	95	Pulse	255	3720472	42036	0
sub-11_2	95	Pulse	255	3740472	62036	0
sub-11_2	95	Pulse	255	3760472	82036	0
sub-11_2	95	Pulse	255	3780472	102036	0
sub-11_2	95	Pulse	255	3800472	122037	0
sub-11_2	95	Pulse	255	3820472	142037	0
sub-11_2	95	Pulse	255	3840472	162036	0
sub-11_2	95	Pulse	255	3860472	182037	0
sub-11_2	96	Picture	change_to_35	3878663	0	1	25231	1	0	25000	other	0
sub-11_2	96	Pulse	255	3880472	1809	0
sub-11_2	96	Pulse	255	3900472	21809	0
sub-11_2	97	Picture	30	3908921	5000	1	20231	1	5000	20000	hit	340
sub-11_2	97	Response	2	3918042	14121	1
sub-11_2	97	Pulse	255	3920472	16551	0
sub-11_2	98	Picture	30	3934178	5000	1	20231	1	5000	20000	hit	343
sub-11_2	98	Response	1	3939662	10484	1
sub-11_2	98	Pulse	255	3940472	11294	0
sub-11_2	99	Picture	30	3959436	5000	1	20230	1	5000	20000	hit	347
sub-11_2	99	Pulse	255	3960472	6036	0
sub-11_2	99	Response	1	3964262	9826	1
sub-11_2	100	Pulse	255	3980472	780	0
sub-11_2	100	Picture	30	3984692	5000	1	20230	1	5000	20000	hit	350
sub-11_2	100	Response	2	3991052	11360	1
sub-11_2	100	Pulse	255	4000472	20780	0
sub-11_2	101	Picture	30	4009948	5000	1	20226	1	5000	20000	hit	353
sub-11_2	101	Response	1	4016382	11434	1
sub-11_2	101	Pulse	255	4020472	15523	0
sub-11_2	102	Picture	change_to_25	4030341	0	1	25232	1	0	25000	other	0
sub-11_2	102	Pulse	255	4040472	10131	0
sub-11_2	103	Pulse	255	4060472	4875	0
sub-11_2	103	Picture	20	4060597	5000	1	20226	1	5000	20000	hit	359
sub-11_2	103	Response	2	4069982	14385	1
sub-11_2	103	Pulse	255	4080472	24875	0
sub-11_2	104	Picture	20	4086074	5000	1	20226	1	5000	20000	hit	362
sub-11_2	104	Response	1	4094202	13128	1
sub-11_2	104	Pulse	255	4100472	19398	0
sub-11_2	105	Picture	20	4111551	5000	1	20230	1	5000	20000	hit	365
sub-11_2	105	Response	1	4119302	12751	1
sub-11_2	105	Pulse	255	4120472	13921	0
sub-11_2	106	Picture	20	4136806	5000	1	20231	1	5000	20000	hit	369
sub-11_2	106	Pulse	255	4140472	8666	0
sub-11_2	106	Response	1	4143162	11356	1
sub-11_2	107	Pulse	255	4160472	3409	0
sub-11_2	107	Picture	20	4162063	5000	1	20228	1	5000	20000	hit	372
sub-11_2	107	Response	2	4168812	11749	1
sub-11_2	107	Pulse	255	4180472	23409	0
sub-11_2	108	Picture	change_to_15	4182291	0	1	25231	1	0	25000	other	0
sub-11_2	108	Pulse	255	4200472	18182	0
sub-11_2	109	Picture	10	4212548	5000	1	20231	1	5000	20000	hit	378
sub-11_2	109	Pulse	255	4220472	12924	0
sub-11_2	109	Response	1	4222592	15044	1
sub-11_2	110	Picture	10	4237805	5000	1	20231	1	5000	20000	hit	381
sub-11_2	110	Pulse	255	4240472	7667	0
sub-11_2	110	Response	1	4242742	9937	1
sub-11_2	111	Pulse	255	4260472	2411	0
sub-11_2	111	Picture	10	4263061	5000	1	20226	1	5000	20000	hit	384
sub-11_2	111	Response	2	4268772	10711	1
sub-11_2	111	Pulse	255	4280472	22411	0
sub-11_2	112	Picture	10	4288537	5000	1	20230	1	5000	20000	hit	387
sub-11_2	112	Response	2	4295402	11865	1
sub-11_2	112	Pulse	255	4300472	16936	0
sub-11_2	113	Picture	10	4313792	5000	1	20227	1	5000	20000	hit	391
sub-11_2	113	Pulse	255	4320472	11680	0
sub-11_2	113	Response	1	4321742	12950	1
sub-11_2	114	Picture	Bfix	4334020	0	1	71576	1	0	60000	other	0
sub-11_2	114	Pulse	255	4340472	6453	0
sub-11_2	114	Pulse	255	4360472	26453	0
sub-11_2	114	Pulse	255	4380472	46453	0
