Scenario - loca_lec1bis
Logfile written - 11/21/2018 10:30:14

Subject	Trial	Event Type	Code	Time	TTime	Uncertainty	Duration	Uncertainty	ReqTime	ReqDur	Stim Type	Pair Index

sub-04_2	0	Pulse	255	844777	844777	0
sub-04_2	1	Picture	change_to_25	845012	0	1	25231	1	0	25000	other	0
sub-04_2	1	Pulse	255	864777	19764	0
sub-04_2	2	Picture	20	875269	5000	1	20227	1	5000	20000	hit	5
sub-04_2	2	Response	1	881537	11268	1
sub-04_2	2	Pulse	255	884777	14508	0
sub-04_2	3	Picture	20	900743	5000	1	20231	1	5000	20000	hit	9
sub-04_2	3	Pulse	255	904777	9034	0
sub-04_2	3	Response	2	908017	12274	1
sub-04_2	4	Pulse	255	924777	3778	0
sub-04_2	4	Picture	20	926000	5000	1	20231	1	5000	20000	hit	12
sub-04_2	4	Response	2	932897	11897	1
sub-04_2	4	Pulse	255	944777	23777	0
sub-04_2	5	Picture	20	951257	5000	1	20231	1	5000	20000	hit	15
sub-04_2	5	Response	2	957447	11190	1
sub-04_2	5	Pulse	255	964777	18520	0
sub-04_2	6	Picture	20	976514	5000	1	20228	1	5000	20000	hit	18
sub-04_2	6	Response	1	983557	12044	1
sub-04_2	6	Pulse	255	984777	13263	0
sub-04_2	7	Picture	change_to_15	996742	0	1	25231	1	0	25000	other	0
sub-04_2	7	Pulse	255	1004777	8036	0
sub-04_2	8	Pulse	255	1024777	2779	0
sub-04_2	8	Picture	10	1026998	5000	1	20226	1	5000	20000	hit	24
sub-04_2	8	Response	2	1038967	16969	1
sub-04_2	8	Pulse	255	1044777	22779	0
sub-04_2	9	Picture	10	1052473	5000	1	20231	1	5000	20000	hit	28
sub-04_2	9	Pulse	255	1064777	17304	0
sub-04_2	9	Response	1	1064867	17394	1
sub-04_2	10	Picture	10	1077730	5000	1	20230	1	5000	20000	hit	30
sub-04_2	10	Response	2	1084607	11877	1
sub-04_2	10	Pulse	255	1084776	12046	0
sub-04_2	11	Picture	10	1102987	5000	1	20226	1	5000	20000	hit	34
sub-04_2	11	Pulse	255	1104777	6790	0
sub-04_2	11	Response	1	1110067	12080	1
sub-04_2	12	Pulse	255	1124777	1314	0
sub-04_2	12	Picture	10	1128463	5000	1	20228	1	5000	20000	hit	37
sub-04_2	12	Response	2	1134268	10805	1
sub-04_2	12	Pulse	255	1144777	21314	0
sub-04_2	13	Picture	change_to_35	1148691	0	1	25232	1	0	25000	other	0
sub-04_2	13	Pulse	255	1164777	16087	0
sub-04_2	14	Picture	30	1178948	5000	1	20234	1	5000	20000	hit	42
sub-04_2	14	Response	2	1183878	9930	1
sub-04_2	14	Pulse	255	1184777	10830	0
sub-04_2	15	Picture	30	1204207	5000	1	20230	1	5000	20000	hit	46
sub-04_2	15	Pulse	255	1204777	5570	0
sub-04_2	15	Response	1	1209478	10270	1
sub-04_2	16	Pulse	255	1224778	314	0
sub-04_2	16	Picture	30	1229464	5000	1	20233	1	5000	20000	hit	49
sub-04_2	16	Response	2	1234248	9784	1
sub-04_2	16	Pulse	255	1244777	20313	0
sub-04_2	17	Picture	30	1254723	5000	1	20226	1	5000	20000	hit	52
sub-04_2	17	Response	1	1258968	9244	1
sub-04_2	17	Pulse	255	1264777	15054	0
sub-04_2	18	Picture	30	1280199	5000	1	20228	1	5000	20000	hit	56
sub-04_2	18	Pulse	255	1284778	9579	0
sub-04_2	18	Response	2	1286107	10909	1
sub-04_2	19	Picture	Bfix	1300427	0	1	200228	1	0	200000	other	0
sub-04_2	19	Pulse	255	1304777	4350	0
sub-04_2	19	Pulse	255	1324778	24350	0
sub-04_2	19	Pulse	255	1344778	44350	0
sub-04_2	19	Pulse	255	1364777	64350	0
sub-04_2	19	Pulse	255	1384778	84350	0
sub-04_2	19	Pulse	255	1404777	104350	0
sub-04_2	19	Pulse	255	1424777	124350	0
sub-04_2	19	Pulse	255	1444778	144351	0
sub-04_2	19	Pulse	255	1464778	164351	0
sub-04_2	19	Pulse	255	1484778	184351	0
sub-04_2	20	Picture	change_to_15	1500655	0	1	25231	1	0	25000	other	0
sub-04_2	20	Pulse	255	1504778	4123	0
sub-04_2	20	Pulse	255	1524778	24122	0
sub-04_2	21	Picture	10	1530913	5000	1	20226	1	5000	20000	hit	72
sub-04_2	21	Response	2	1537288	11375	1
sub-04_2	21	Pulse	255	1544778	18865	0
sub-04_2	22	Picture	10	1556386	5000	1	20231	1	5000	20000	hit	76
sub-04_2	22	Pulse	255	1564778	13392	0
sub-04_2	22	Response	2	1567118	15733	1
sub-04_2	23	Picture	10	1581643	5000	1	20231	1	5000	20000	hit	79
sub-04_2	23	Pulse	255	1584778	8135	0
sub-04_2	23	Response	2	1588288	11645	1
sub-04_2	24	Pulse	255	1604778	2878	0
sub-04_2	24	Picture	10	1606900	5000	1	20230	1	5000	20000	hit	82
sub-04_2	24	Response	1	1612958	11058	1
sub-04_2	24	Pulse	255	1624778	22878	0
sub-04_2	25	Picture	10	1632156	5000	1	20228	1	5000	20000	hit	85
sub-04_2	25	Response	1	1637948	10792	1
sub-04_2	25	Pulse	255	1644778	17622	0
sub-04_2	26	Picture	change_to_35	1652384	0	1	25230	1	0	25000	other	0
sub-04_2	26	Pulse	255	1664778	12394	0
sub-04_2	27	Picture	30	1682640	5000	1	20231	1	5000	20000	hit	91
sub-04_2	27	Pulse	255	1684778	7138	0
sub-04_2	27	Response	1	1688238	10598	1
sub-04_2	28	Pulse	255	1704778	1880	0
sub-04_2	28	Picture	30	1707897	5000	1	20226	1	5000	20000	hit	94
sub-04_2	28	Response	2	1713248	10351	1
sub-04_2	28	Pulse	255	1724778	21881	0
sub-04_2	29	Picture	30	1733373	5000	1	20231	1	5000	20000	hit	97
sub-04_2	29	Response	2	1737878	9505	1
sub-04_2	29	Pulse	255	1744778	16405	0
sub-04_2	30	Picture	30	1758628	5000	1	20230	1	5000	20000	hit	100
sub-04_2	30	Response	1	1763358	9730	1
sub-04_2	30	Pulse	255	1764778	11150	0
sub-04_2	31	Picture	30	1783885	5000	1	20226	1	5000	20000	hit	104
sub-04_2	31	Pulse	255	1784778	5894	0
sub-04_2	31	Response	2	1788848	9963	1
sub-04_2	32	Picture	change_to_25	1804277	0	1	25226	1	0	25000	other	0
sub-04_2	32	Pulse	255	1804778	501	0
sub-04_2	32	Pulse	255	1824778	20501	0
sub-04_2	33	Picture	20	1834753	5000	1	20231	1	5000	20000	hit	110
sub-04_2	33	Pulse	255	1844778	15026	0
sub-04_2	33	Response	1	1846428	16675	1
sub-04_2	34	Picture	20	1860009	5000	1	20231	1	5000	20000	hit	113
sub-04_2	34	Pulse	255	1864778	9769	0
sub-04_2	34	Response	2	1867518	12509	1
sub-04_2	35	Pulse	255	1884778	4512	0
sub-04_2	35	Picture	20	1885266	5000	1	20231	1	5000	20000	hit	116
sub-04_2	35	Response	2	1891398	11132	1
sub-04_2	35	Pulse	255	1904778	24512	0
sub-04_2	36	Picture	20	1910522	5000	1	20231	1	5000	20000	hit	119
sub-04_2	36	Response	1	1917909	12386	1
sub-04_2	36	Pulse	255	1924778	19256	0
sub-04_2	37	Picture	20	1935779	5000	1	20227	1	5000	20000	hit	122
sub-04_2	37	Response	2	1942599	11819	1
sub-04_2	37	Pulse	255	1944778	13999	0
sub-04_2	38	Picture	Bfix	1956006	0	1	200228	1	0	200000	other	0
sub-04_2	38	Pulse	255	1964778	8772	0
sub-04_2	38	Pulse	255	1984779	28772	0
sub-04_2	38	Pulse	255	2004779	48772	0
sub-04_2	38	Pulse	255	2024778	68772	0
sub-04_2	38	Pulse	255	2044779	88772	0
sub-04_2	38	Pulse	255	2064779	108772	0
sub-04_2	38	Pulse	255	2084779	128772	0
sub-04_2	38	Pulse	255	2104779	148772	0
sub-04_2	38	Pulse	255	2124778	168772	0
sub-04_2	38	Pulse	255	2144779	188773	0
sub-04_2	39	Picture	change_to_35	2156234	0	1	25231	1	0	25000	other	0
sub-04_2	39	Pulse	255	2164768	8534	0
sub-04_2	40	Pulse	255	2184769	3277	0
sub-04_2	40	Picture	30	2186491	5000	1	20230	1	5000	20000	hit	139
sub-04_2	40	Response	1	2192079	10588	1
sub-04_2	40	Pulse	255	2204769	23277	0
sub-04_2	41	Picture	30	2211749	5000	1	20231	1	5000	20000	hit	142
sub-04_2	41	Response	2	2216839	10090	1
sub-04_2	41	Pulse	255	2224768	18020	0
sub-04_2	42	Picture	30	2237005	5000	1	20231	1	5000	20000	hit	145
sub-04_2	42	Response	1	2241759	9754	1
sub-04_2	42	Pulse	255	2244769	12764	0
sub-04_2	43	Picture	30	2262261	5000	1	20226	1	5000	20000	hit	149
sub-04_2	43	Pulse	255	2264769	7508	0
sub-04_2	43	Response	2	2266779	9518	1
sub-04_2	44	Pulse	255	2284769	2031	0
sub-04_2	44	Picture	30	2287738	5000	1	20228	1	5000	20000	hit	152
sub-04_2	44	Response	1	2293379	10641	1
sub-04_2	44	Pulse	255	2304769	22031	0
sub-04_2	45	Picture	change_to_15	2307965	0	1	25226	1	0	25000	other	0
sub-04_2	45	Pulse	255	2324769	16803	0
sub-04_2	46	Picture	10	2338441	5000	1	20230	1	5000	20000	incorrect	158
sub-04_2	46	Pulse	255	2344769	11328	0
sub-04_2	46	Response	2	2346379	12938	1
sub-04_2	47	Picture	10	2363697	5000	1	20231	1	5000	20000	hit	161
sub-04_2	47	Pulse	255	2364769	6072	0
sub-04_2	47	Response	1	2371109	12412	1
sub-04_2	48	Pulse	255	2384769	817	0
sub-04_2	48	Picture	10	2388952	5000	1	20230	1	5000	20000	hit	164
sub-04_2	48	Response	2	2395719	11767	1
sub-04_2	48	Pulse	255	2404769	20817	0
sub-04_2	49	Picture	10	2414208	5000	1	20226	1	5000	20000	hit	167
sub-04_2	49	Response	2	2421119	11910	1
sub-04_2	49	Pulse	255	2424769	15560	0
sub-04_2	50	Picture	10	2439682	5000	1	20226	1	5000	20000	hit	171
sub-04_2	50	Pulse	255	2444769	10087	0
sub-04_2	50	Response	1	2446229	11547	1
sub-04_2	51	Picture	change_to_25	2460075	0	1	25231	1	0	25000	other	0
sub-04_2	51	Pulse	255	2464769	4694	0
sub-04_2	51	Pulse	255	2484769	24695	0
sub-04_2	52	Picture	20	2490331	5000	1	20231	1	5000	20000	hit	176
sub-04_2	52	Response	2	2498149	12818	1
sub-04_2	52	Pulse	255	2504769	19438	0
sub-04_2	53	Picture	20	2515589	5000	1	20230	1	5000	20000	hit	179
sub-04_2	53	Response	1	2522339	11751	1
sub-04_2	53	Pulse	255	2524769	14180	0
sub-04_2	54	Picture	20	2540845	5000	1	20230	1	5000	20000	hit	183
sub-04_2	54	Pulse	255	2544769	8924	0
sub-04_2	54	Response	2	2548229	12384	1
sub-04_2	55	Pulse	255	2564769	3666	0
sub-04_2	55	Picture	20	2566102	5000	1	20231	1	5000	20000	hit	186
sub-04_2	55	Response	1	2573329	12227	1
sub-04_2	55	Pulse	255	2584769	23666	0
sub-04_2	56	Picture	20	2591359	5000	1	20226	1	5000	20000	hit	189
sub-04_2	56	Response	2	2598559	12200	1
sub-04_2	56	Pulse	255	2604769	18410	0
sub-04_2	57	Picture	Bfix	2611752	0	1	200228	1	0	200000	other	0
sub-04_2	57	Pulse	255	2624769	13018	0
sub-04_2	57	Pulse	255	2644769	33018	0
sub-04_2	57	Pulse	255	2664769	53017	0
sub-04_2	57	Pulse	255	2684769	73018	0
sub-04_2	57	Pulse	255	2704770	93018	0
sub-04_2	57	Pulse	255	2724770	113018	0
sub-04_2	57	Pulse	255	2744769	133018	0
sub-04_2	57	Pulse	255	2764770	153018	0
sub-04_2	57	Pulse	255	2784770	173018	0
sub-04_2	57	Pulse	255	2804770	193018	0
sub-04_2	58	Picture	change_to_15	2811980	0	1	25232	1	0	25000	other	0
sub-04_2	58	Pulse	255	2824769	12790	0
sub-04_2	59	Picture	10	2842238	5000	1	20226	1	5000	20000	hit	206
sub-04_2	59	Pulse	255	2844770	7531	0
sub-04_2	59	Response	2	2848669	11431	1
sub-04_2	60	Pulse	255	2864769	2057	0
sub-04_2	60	Picture	10	2867712	5000	1	20231	1	5000	20000	hit	209
sub-04_2	60	Response	1	2874810	12098	1
sub-04_2	60	Pulse	255	2884770	22058	0
sub-04_2	61	Picture	10	2892969	5000	1	20230	1	5000	20000	hit	212
sub-04_2	61	Response	2	2899900	11931	1
sub-04_2	61	Pulse	255	2904769	16800	0
sub-04_2	62	Picture	10	2918225	5000	1	20231	1	5000	20000	hit	215
sub-04_2	62	Response	1	2923880	10654	1
sub-04_2	62	Pulse	255	2924769	11544	0
sub-04_2	63	Picture	10	2943482	5000	1	20226	1	5000	20000	hit	219
sub-04_2	63	Pulse	255	2944769	6287	0
sub-04_2	63	Response	1	2949070	10588	1
sub-04_2	64	Picture	change_to_25	2963875	0	1	25231	1	0	25000	other	0
sub-04_2	64	Pulse	255	2964770	895	0
sub-04_2	64	Pulse	255	2984769	20895	0
sub-04_2	65	Picture	20	2994132	5000	1	20231	1	5000	20000	hit	224
sub-04_2	65	Response	1	3003360	14228	1
sub-04_2	65	Pulse	255	3004769	15638	0
sub-04_2	66	Picture	20	3019389	5000	1	20226	1	5000	20000	hit	228
sub-04_2	66	Pulse	255	3024770	10380	0
sub-04_2	66	Response	1	3025459	11070	1
sub-04_2	67	Pulse	255	3044770	4906	0
sub-04_2	67	Picture	20	3044865	5000	1	20231	1	5000	20000	hit	231
sub-04_2	67	Response	1	3050850	10985	1
sub-04_2	67	Pulse	255	3064770	24905	0
sub-04_2	68	Picture	20	3070121	5000	1	20231	1	5000	20000	hit	234
sub-04_2	68	Response	2	3077730	12609	1
sub-04_2	68	Pulse	255	3084770	19649	0
sub-04_2	69	Picture	20	3095379	5000	1	20228	1	5000	20000	hit	237
sub-04_2	69	Response	2	3101959	11581	1
sub-04_2	69	Pulse	255	3104770	14391	0
sub-04_2	70	Picture	change_to_35	3115606	0	1	25230	1	0	25000	other	0
sub-04_2	70	Pulse	255	3124770	9163	0
sub-04_2	71	Pulse	255	3144770	3907	0
sub-04_2	71	Picture	30	3145863	5000	1	20231	1	5000	20000	hit	243
sub-04_2	71	Response	1	3150840	9977	1
sub-04_2	71	Pulse	255	3164770	23907	0
sub-04_2	72	Picture	30	3171119	5000	1	20230	1	5000	20000	hit	246
sub-04_2	72	Response	1	3175190	9071	1
sub-04_2	72	Pulse	255	3184770	18651	0
sub-04_2	73	Picture	30	3196376	5000	1	20231	1	5000	20000	hit	249
sub-04_2	73	Response	2	3201480	10104	1
sub-04_2	73	Pulse	255	3204770	13394	0
sub-04_2	74	Picture	30	3221632	5000	1	20226	1	5000	20000	hit	253
sub-04_2	74	Pulse	255	3224770	8137	0
sub-04_2	74	Response	2	3229510	12878	1
sub-04_2	75	Pulse	255	3244770	2664	0
sub-04_2	75	Picture	30	3247107	5000	1	20226	1	5000	20000	hit	256
sub-04_2	75	Response	1	3252690	10583	1
sub-04_2	75	Pulse	255	3264770	22664	0
sub-04_2	76	Picture	Bfix	3267499	0	1	200228	1	0	200000	other	0
sub-04_2	76	Pulse	255	3284770	17271	0
sub-04_2	76	Pulse	255	3304770	37271	0
sub-04_2	76	Pulse	255	3324770	57271	0
sub-04_2	76	Pulse	255	3344770	77271	0
sub-04_2	76	Pulse	255	3364770	97271	0
sub-04_2	76	Pulse	255	3384770	117271	0
sub-04_2	76	Pulse	255	3404770	137271	0
sub-04_2	76	Pulse	255	3424770	157271	0
sub-04_2	76	Pulse	255	3444770	177271	0
sub-04_2	76	Pulse	255	3464770	197271	0
sub-04_2	77	Picture	change_to_25	3467727	0	1	25231	1	0	25000	other	0
sub-04_2	77	Pulse	255	3484770	17043	0
sub-04_2	78	Picture	20	3497985	5000	1	20231	1	5000	20000	hit	273
sub-04_2	78	Pulse	255	3504771	11785	0
sub-04_2	78	Response	2	3508031	15045	1
sub-04_2	79	Picture	20	3523242	5000	1	20226	1	5000	20000	hit	276
sub-04_2	79	Pulse	255	3524771	6528	0
sub-04_2	79	Response	2	3531600	13358	1
sub-04_2	80	Pulse	255	3544770	1053	0
sub-04_2	80	Picture	20	3548717	5000	1	20226	1	5000	20000	hit	279
sub-04_2	80	Response	2	3554680	10963	1
sub-04_2	80	Pulse	255	3564771	21054	0
sub-04_2	81	Picture	20	3574192	5000	1	20226	1	5000	20000	hit	282
sub-04_2	81	Response	1	3580470	11278	1
sub-04_2	81	Pulse	255	3584771	15579	0
sub-04_2	82	Picture	20	3599667	5000	1	20228	1	5000	20000	hit	286
sub-04_2	82	Pulse	255	3604771	10104	0
sub-04_2	82	Response	1	3607021	12354	1
sub-04_2	83	Picture	change_to_35	3619895	0	1	25231	1	0	25000	other	0
sub-04_2	83	Pulse	255	3624770	4875	0
sub-04_2	83	Pulse	255	3644770	24875	0
sub-04_2	84	Picture	30	3650152	5000	1	20232	1	5000	20000	hit	291
sub-04_2	84	Response	1	3657261	12109	1
sub-04_2	84	Pulse	255	3664771	19619	0
sub-04_2	85	Picture	30	3675408	5000	1	20230	1	5000	20000	hit	294
sub-04_2	85	Response	1	3680961	10553	1
sub-04_2	85	Pulse	255	3684771	14362	0
sub-04_2	86	Picture	30	3700666	5000	1	20230	1	5000	20000	hit	298
sub-04_2	86	Pulse	255	3704770	9105	0
sub-04_2	86	Response	2	3707391	11725	1
sub-04_2	87	Pulse	255	3724770	3849	0
sub-04_2	87	Picture	30	3725921	5000	1	20231	1	5000	20000	hit	301
sub-04_2	87	Response	2	3732101	11179	1
sub-04_2	87	Pulse	255	3744770	23849	0
sub-04_2	88	Picture	30	3751178	5000	1	20228	1	5000	20000	hit	304
sub-04_2	88	Response	1	3759651	13473	1
sub-04_2	88	Pulse	255	3764770	18592	0
sub-04_2	89	Picture	change_to_15	3771406	0	1	25230	1	0	25000	other	0
sub-04_2	89	Pulse	255	3784771	13365	0
sub-04_2	90	Picture	10	3801661	5000	1	20226	1	5000	20000	hit	310
sub-04_2	90	Pulse	255	3804771	8110	0
sub-04_2	90	Response	2	3808461	11800	1
sub-04_2	91	Pulse	255	3824771	2633	0
sub-04_2	91	Picture	10	3827138	5000	1	20230	1	5000	20000	hit	313
sub-04_2	91	Response	1	3832651	10513	1
sub-04_2	91	Pulse	255	3844771	22633	0
sub-04_2	92	Picture	10	3852395	5000	1	20226	1	5000	20000	hit	316
sub-04_2	92	Response	1	3859860	12466	1
sub-04_2	92	Pulse	255	3864771	17376	0
sub-04_2	93	Picture	10	3877870	5000	1	20230	1	5000	20000	hit	319
sub-04_2	93	Response	1	3883821	10951	1
sub-04_2	93	Pulse	255	3884770	11900	0
sub-04_2	94	Picture	10	3903126	5000	1	20226	1	5000	20000	hit	323
sub-04_2	94	Pulse	255	3904771	6645	0
sub-04_2	94	Response	2	3909491	11365	1
sub-04_2	95	Picture	Bfix	3923519	0	1	200228	1	0	200000	other	0
sub-04_2	95	Pulse	255	3924771	1252	0
sub-04_2	95	Pulse	255	3944771	21252	0
sub-04_2	95	Pulse	255	3964761	41242	0
sub-04_2	95	Pulse	255	3984761	61242	0
sub-04_2	95	Pulse	255	4004761	81242	0
sub-04_2	95	Pulse	255	4024761	101242	0
sub-04_2	95	Pulse	255	4044761	121242	0
sub-04_2	95	Pulse	255	4064761	141242	0
sub-04_2	95	Pulse	255	4084761	161243	0
sub-04_2	95	Pulse	255	4104761	181242	0
sub-04_2	96	Picture	change_to_35	4123747	0	1	25226	1	0	25000	other	0
sub-04_2	96	Pulse	255	4124761	1014	0
sub-04_2	96	Pulse	255	4144761	21014	0
sub-04_2	97	Picture	30	4154223	5000	1	20226	1	5000	20000	hit	339
sub-04_2	97	Response	2	4161301	12078	1
sub-04_2	97	Pulse	255	4164761	15538	0
sub-04_2	98	Picture	30	4179699	5000	1	20226	1	5000	20000	hit	342
sub-04_2	98	Response	1	4184682	9982	1
sub-04_2	98	Pulse	255	4184761	10062	0
sub-04_2	99	Pulse	255	4204761	4587	0
sub-04_2	99	Picture	30	4205175	5000	1	20231	1	5000	20000	hit	346
sub-04_2	99	Response	1	4210492	10317	1
sub-04_2	99	Pulse	255	4224761	24587	0
sub-04_2	100	Picture	30	4230431	5000	1	20231	1	5000	20000	hit	349
sub-04_2	100	Response	2	4235892	10460	1
sub-04_2	100	Pulse	255	4244761	19330	0
sub-04_2	101	Picture	30	4255689	5000	1	20228	1	5000	20000	hit	352
sub-04_2	101	Response	1	4260532	9843	1
sub-04_2	101	Pulse	255	4264761	14073	0
sub-04_2	102	Picture	change_to_25	4275916	0	1	25231	1	0	25000	other	0
sub-04_2	102	Pulse	255	4284761	8845	0
sub-04_2	103	Pulse	255	4304762	3589	0
sub-04_2	103	Picture	20	4306173	5000	1	20231	1	5000	20000	hit	358
sub-04_2	103	Response	2	4313091	11918	1
sub-04_2	103	Pulse	255	4324762	23589	0
sub-04_2	104	Picture	20	4331431	5000	1	20230	1	5000	20000	hit	361
sub-04_2	104	Response	1	4337972	11541	1
sub-04_2	104	Pulse	255	4344762	18331	0
sub-04_2	105	Picture	20	4356687	5000	1	20226	1	5000	20000	hit	364
sub-04_2	105	Response	1	4364482	12795	1
sub-04_2	105	Pulse	255	4364761	13074	0
sub-04_2	106	Picture	20	4382164	5000	1	20231	1	5000	20000	hit	368
sub-04_2	106	Pulse	255	4384761	7598	0
sub-04_2	106	Response	1	4387982	10818	1
sub-04_2	107	Pulse	255	4404761	2339	0
sub-04_2	107	Picture	20	4407422	5000	1	20228	1	5000	20000	hit	371
sub-04_2	107	Response	2	4414171	11749	1
sub-04_2	107	Pulse	255	4424762	22340	0
sub-04_2	108	Picture	change_to_15	4427650	0	1	25231	1	0	25000	other	0
sub-04_2	108	Pulse	255	4444762	17112	0
sub-04_2	109	Picture	10	4457907	5000	1	20230	1	5000	20000	incorrect	377
sub-04_2	109	Pulse	255	4464761	11854	0
sub-04_2	109	Response	2	4469792	16885	1
sub-04_2	110	Picture	10	4483162	5000	1	20231	1	5000	20000	hit	380
sub-04_2	110	Pulse	255	4484762	6600	0
sub-04_2	110	Response	1	4489491	11329	1
sub-04_2	111	Pulse	255	4504762	1344	0
sub-04_2	111	Picture	10	4508418	5000	1	20231	1	5000	20000	hit	383
sub-04_2	111	Response	2	4514932	11514	1
sub-04_2	111	Pulse	255	4524762	21344	0
sub-04_2	112	Picture	10	4533675	5000	1	20230	1	5000	20000	hit	386
sub-04_2	112	Response	2	4541682	13006	1
sub-04_2	112	Pulse	255	4544762	16086	0
sub-04_2	113	Picture	10	4558931	5000	1	20226	1	5000	20000	hit	390
sub-04_2	113	Pulse	255	4564762	10831	0
sub-04_2	113	Response	1	4565862	11931	1
sub-04_2	114	Picture	Bfix	4579324	0	1	71788	1	0	60000	other	0
sub-04_2	114	Pulse	255	4584762	5438	0
sub-04_2	114	Pulse	255	4604762	25438	0
sub-04_2	114	Pulse	255	4624762	45438	0
