Scenario - loca_lec1
Logfile written - 11/21/2018 09:49:44

Subject	Trial	Event Type	Code	Time	TTime	Uncertainty	Duration	Uncertainty	ReqTime	ReqDur	Stim Type	Pair Index

sub-04_1	0	Pulse	255	528840	528840	0
sub-04_1	1	Nothing	cut	529071	0	1			0		other	0
sub-04_1	1	Nothing	cut	534071	5000	1			5000		other	0
sub-04_1	1	Nothing	cut	539071	10000	1			10000		other	0
sub-04_1	2	Picture	change_to_25	539299	0	1	25234	1	0	25000	other	0
sub-04_1	2	Pulse	255	548840	9540	0
sub-04_1	3	Pulse	255	568840	4280	0
sub-04_1	3	Picture	20	569560	5000	1	20226	1	5000	20000	hit	9
sub-04_1	3	Response	2	577510	12950	1
sub-04_1	3	Pulse	255	588840	24280	0
sub-04_1	4	Picture	20	595037	5000	1	20226	1	5000	20000	hit	12
sub-04_1	4	Response	1	602540	12503	1
sub-04_1	4	Pulse	255	608840	18803	0
sub-04_1	5	Picture	20	620516	5000	1	20231	1	5000	20000	hit	15
sub-04_1	5	Response	1	628649	13133	1
sub-04_1	5	Pulse	255	628839	13323	0
sub-04_1	6	Picture	20	645773	5000	1	20226	1	5000	20000	hit	19
sub-04_1	6	Pulse	255	648830	8057	0
sub-04_1	6	Response	2	652670	11897	1
sub-04_1	7	Pulse	255	668830	2581	0
sub-04_1	7	Picture	20	671249	5000	1	20226	1	5000	20000	hit	22
sub-04_1	7	Response	1	679330	13081	1
sub-04_1	7	Pulse	255	688830	22581	0
sub-04_1	8	Picture	change_to_15	691641	0	1	25230	1	0	25000	other	0
sub-04_1	8	Pulse	255	708830	17188	0
sub-04_1	9	Picture	10	721899	5000	1	20231	1	5000	20000	hit	27
sub-04_1	9	Response	2	728480	11581	1
sub-04_1	9	Pulse	255	728830	11931	0
sub-04_1	10	Picture	10	747156	5000	1	20230	1	5000	20000	hit	31
sub-04_1	10	Pulse	255	748830	6674	0
sub-04_1	10	Response	2	752990	10834	1
sub-04_1	11	Pulse	255	768830	1417	0
sub-04_1	11	Picture	10	772413	5000	1	20230	1	5000	20000	hit	34
sub-04_1	11	Response	1	780090	12678	1
sub-04_1	11	Pulse	255	788830	21417	0
sub-04_1	12	Picture	10	797666	5000	1	20226	1	5000	20000	hit	37
sub-04_1	12	Response	1	804370	11704	1
sub-04_1	12	Pulse	255	808830	16163	0
sub-04_1	13	Picture	10	823142	5000	1	20228	1	5000	20000	hit	41
sub-04_1	13	Pulse	255	828830	10688	0
sub-04_1	13	Response	2	830010	11868	1
sub-04_1	14	Picture	change_to_35	843370	0	1	25226	1	0	25000	other	0
sub-04_1	14	Pulse	255	848830	5460	0
sub-04_1	14	Pulse	255	868830	25460	0
sub-04_1	15	Picture	30	873846	5000	1	20227	1	5000	20000	hit	46
sub-04_1	15	Response	2	878980	10135	1
sub-04_1	15	Pulse	255	888830	19984	0
sub-04_1	16	Picture	30	899328	5000	1	20231	1	5000	20000	hit	49
sub-04_1	16	Response	1	905810	11483	1
sub-04_1	16	Pulse	255	908830	14502	0
sub-04_1	17	Picture	30	924585	5000	1	20235	1	5000	20000	hit	53
sub-04_1	17	Pulse	255	928830	9245	0
sub-04_1	17	Response	1	928980	9395	1
sub-04_1	18	Pulse	255	948830	3984	0
sub-04_1	18	Picture	30	949846	5000	1	20226	1	5000	20000	hit	56
sub-04_1	18	Response	2	954580	9734	1
sub-04_1	18	Pulse	255	968830	23984	0
sub-04_1	19	Picture	30	975325	5000	1	20228	1	5000	20000	hit	59
sub-04_1	19	Response	1	981640	11315	1
sub-04_1	19	Pulse	255	988830	18505	0
sub-04_1	20	Picture	Bfix	995553	0	1	200228	1	0	200000	other	0
sub-04_1	20	Pulse	255	1008830	13277	0
sub-04_1	20	Pulse	255	1028830	33277	0
sub-04_1	20	Pulse	255	1048830	53277	0
sub-04_1	20	Pulse	255	1068830	73277	0
sub-04_1	20	Pulse	255	1088830	93277	0
sub-04_1	20	Pulse	255	1108830	113277	0
sub-04_1	20	Pulse	255	1128830	133277	0
sub-04_1	20	Pulse	255	1148830	153277	0
sub-04_1	20	Pulse	255	1168830	173277	0
sub-04_1	20	Pulse	255	1188830	193277	0
sub-04_1	21	Picture	change_to_25	1195781	0	1	25226	1	0	25000	other	0
sub-04_1	21	Pulse	255	1208830	13049	0
sub-04_1	22	Picture	20	1226256	5000	1	20226	1	5000	20000	hit	76
sub-04_1	22	Pulse	255	1228830	7574	0
sub-04_1	22	Response	1	1232070	10814	1
sub-04_1	23	Pulse	255	1248830	2098	0
sub-04_1	23	Picture	20	1251732	5000	1	20228	1	5000	20000	hit	79
sub-04_1	23	Response	1	1258370	11638	1
sub-04_1	23	Pulse	255	1268830	22098	0
sub-04_1	24	Picture	20	1276993	5000	1	20231	1	5000	20000	hit	82
sub-04_1	24	Response	1	1282860	10867	1
sub-04_1	24	Pulse	255	1288830	16837	0
sub-04_1	25	Picture	20	1302250	5000	1	20231	1	5000	20000	hit	86
sub-04_1	25	Pulse	255	1308830	11580	0
sub-04_1	25	Response	2	1311350	14100	1
sub-04_1	26	Picture	20	1327508	5000	1	20226	1	5000	20000	hit	89
sub-04_1	26	Pulse	255	1328830	6322	0
sub-04_1	26	Response	2	1336010	13502	1
sub-04_1	27	Picture	change_to_15	1347901	0	1	25230	1	0	25000	other	0
sub-04_1	27	Pulse	255	1348830	929	0
sub-04_1	27	Pulse	255	1368830	20929	0
sub-04_1	28	Picture	10	1378158	5000	1	20233	1	5000	20000	hit	94
sub-04_1	28	Response	2	1384641	11483	1
sub-04_1	28	Pulse	255	1388830	15672	0
sub-04_1	29	Picture	10	1403417	5000	1	20230	1	5000	20000	hit	98
sub-04_1	29	Pulse	255	1408830	10414	0
sub-04_1	29	Response	1	1413700	15284	1
sub-04_1	30	Picture	10	1428673	5000	1	20231	1	5000	20000	hit	101
sub-04_1	30	Pulse	255	1428830	5157	0
sub-04_1	30	Response	1	1436481	12808	1
sub-04_1	30	Pulse	255	1448831	25158	0
sub-04_1	31	Picture	10	1453930	5000	1	20230	1	5000	20000	hit	104
sub-04_1	31	Response	2	1459900	10970	1
sub-04_1	31	Pulse	255	1468830	19900	0
sub-04_1	32	Picture	10	1479186	5000	1	20228	1	5000	20000	hit	107
sub-04_1	32	Response	2	1485820	11634	1
sub-04_1	32	Pulse	255	1488830	14644	0
sub-04_1	33	Picture	change_to_35	1499414	0	1	25231	1	0	25000	other	0
sub-04_1	33	Pulse	255	1508830	9416	0
sub-04_1	34	Pulse	255	1528830	4160	0
sub-04_1	34	Picture	30	1529671	5000	1	20230	1	5000	20000	hit	113
sub-04_1	34	Response	1	1537360	12690	1
sub-04_1	34	Pulse	255	1548830	24160	0
sub-04_1	35	Picture	30	1554927	5000	1	20233	1	5000	20000	hit	116
sub-04_1	35	Response	1	1561170	11243	1
sub-04_1	35	Pulse	255	1568831	18904	0
sub-04_1	36	Picture	30	1580183	5000	1	20230	1	5000	20000	hit	119
sub-04_1	36	Response	2	1585390	10207	1
sub-04_1	36	Pulse	255	1588831	13647	0
sub-04_1	37	Picture	30	1605439	5000	1	20234	1	5000	20000	hit	123
sub-04_1	37	Pulse	255	1608830	8391	0
sub-04_1	37	Response	2	1610510	10071	1
sub-04_1	38	Pulse	255	1628830	3131	0
sub-04_1	38	Picture	30	1630699	5000	1	20227	1	5000	20000	hit	126
sub-04_1	38	Response	1	1636311	10611	1
sub-04_1	38	Pulse	255	1648830	23131	0
sub-04_1	39	Picture	Bfix	1650926	0	1	200228	1	0	200000	other	0
sub-04_1	39	Pulse	255	1668830	17904	0
sub-04_1	39	Pulse	255	1688830	37904	0
sub-04_1	39	Pulse	255	1708830	57904	0
sub-04_1	39	Pulse	255	1728830	77904	0
sub-04_1	39	Pulse	255	1748830	97904	0
sub-04_1	39	Pulse	255	1768830	117904	0
sub-04_1	39	Pulse	255	1788831	137905	0
sub-04_1	39	Pulse	255	1808831	157905	0
sub-04_1	39	Pulse	255	1828830	177904	0
sub-04_1	39	Pulse	255	1848830	197904	0
sub-04_1	40	Picture	change_to_35	1851154	0	1	25231	1	0	25000	other	0
sub-04_1	40	Pulse	255	1868830	17676	0
sub-04_1	41	Picture	30	1881409	5000	1	20230	1	5000	20000	hit	142
sub-04_1	41	Response	1	1887380	10972	1
sub-04_1	41	Pulse	255	1888830	12421	0
sub-04_1	42	Picture	30	1906665	5000	1	20231	1	5000	20000	hit	146
sub-04_1	42	Pulse	255	1908830	7165	0
sub-04_1	42	Response	2	1911781	10116	1
sub-04_1	43	Pulse	255	1928831	1909	0
sub-04_1	43	Picture	30	1931921	5000	1	20226	1	5000	20000	hit	149
sub-04_1	43	Response	2	1936831	9910	1
sub-04_1	43	Pulse	255	1948830	21909	0
sub-04_1	44	Picture	30	1957400	5000	1	20233	1	5000	20000	hit	152
sub-04_1	44	Response	1	1963481	11081	1
sub-04_1	44	Pulse	255	1968831	16431	0
sub-04_1	45	Picture	30	1982659	5000	1	20226	1	5000	20000	hit	155
sub-04_1	45	Response	1	1988301	10641	1
sub-04_1	45	Pulse	255	1988830	11171	0
sub-04_1	46	Picture	change_to_25	2003052	0	1	25231	1	0	25000	other	0
sub-04_1	46	Pulse	255	2008831	5779	0
sub-04_1	47	Pulse	255	2028831	521	0
sub-04_1	47	Picture	20	2033310	5000	1	20231	1	5000	20000	hit	161
sub-04_1	47	Response	1	2042681	14371	1
sub-04_1	47	Pulse	255	2048831	20521	0
sub-04_1	48	Picture	20	2058566	5000	1	20231	1	5000	20000	hit	164
sub-04_1	48	Response	1	2064501	10934	1
sub-04_1	48	Pulse	255	2068831	15264	0
sub-04_1	49	Picture	20	2083823	5000	1	20226	1	5000	20000	hit	168
sub-04_1	49	Pulse	255	2088831	10007	0
sub-04_1	49	Response	1	2090021	11197	1
sub-04_1	50	Pulse	255	2108831	4534	0
sub-04_1	50	Picture	20	2109297	5000	1	20231	1	5000	20000	hit	171
sub-04_1	50	Response	2	2116661	12364	1
sub-04_1	50	Pulse	255	2128831	24533	0
sub-04_1	51	Picture	20	2134554	5000	1	20226	1	5000	20000	hit	174
sub-04_1	51	Response	2	2141511	11957	1
sub-04_1	51	Pulse	255	2148831	19277	0
sub-04_1	52	Picture	change_to_15	2154946	0	1	25231	1	0	25000	other	0
sub-04_1	52	Pulse	255	2168831	13884	0
sub-04_1	53	Picture	10	2185204	5000	1	20226	1	5000	20000	hit	180
sub-04_1	53	Pulse	255	2188831	8626	0
sub-04_1	53	Response	1	2192291	12086	1
sub-04_1	54	Pulse	255	2208831	3151	0
sub-04_1	54	Picture	10	2210680	5000	1	20231	1	5000	20000	hit	183
sub-04_1	54	Response	2	2218181	12501	1
sub-04_1	54	Pulse	255	2228831	23151	0
sub-04_1	55	Picture	10	2235936	5000	1	20231	1	5000	20000	hit	186
sub-04_1	55	Response	2	2242431	11494	1
sub-04_1	55	Pulse	255	2248831	17894	0
sub-04_1	56	Picture	10	2261193	5000	1	20231	1	5000	20000	hit	189
sub-04_1	56	Response	1	2268391	12197	1
sub-04_1	56	Pulse	255	2268830	12637	0
sub-04_1	57	Picture	10	2286451	5000	1	20227	1	5000	20000	hit	193
sub-04_1	57	Pulse	255	2288831	7380	0
sub-04_1	57	Response	1	2292911	11460	1
sub-04_1	58	Picture	Bfix	2306677	0	1	200226	1	0	200000	other	0
sub-04_1	58	Pulse	255	2308831	2153	0
sub-04_1	58	Pulse	255	2328831	22153	0
sub-04_1	58	Pulse	255	2348830	42153	0
sub-04_1	58	Pulse	255	2368831	62153	0
sub-04_1	58	Pulse	255	2388831	82153	0
sub-04_1	58	Pulse	255	2408831	102154	0
sub-04_1	58	Pulse	255	2428831	122153	0
sub-04_1	58	Pulse	255	2448831	142153	0
sub-04_1	58	Pulse	255	2468831	162154	0
sub-04_1	58	Pulse	255	2488831	182154	0
sub-04_1	59	Picture	change_to_25	2507070	0	1	25231	1	0	25000	other	0
sub-04_1	59	Pulse	255	2508831	1761	0
sub-04_1	59	Pulse	255	2528831	21761	0
sub-04_1	60	Picture	20	2537327	5000	1	20231	1	5000	20000	hit	210
sub-04_1	60	Pulse	255	2548831	16503	0
sub-04_1	60	Response	1	2549201	16873	1
sub-04_1	61	Picture	20	2562584	5000	1	20230	1	5000	20000	hit	213
sub-04_1	61	Pulse	255	2568831	11247	0
sub-04_1	61	Response	2	2570281	12697	1
sub-04_1	62	Picture	20	2587840	5000	1	20231	1	5000	20000	hit	216
sub-04_1	62	Pulse	255	2588831	5991	0
sub-04_1	62	Response	2	2596291	13451	1
sub-04_1	63	Pulse	255	2608821	724	0
sub-04_1	63	Picture	20	2613097	5000	1	20231	1	5000	20000	hit	219
sub-04_1	63	Response	1	2619781	11684	1
sub-04_1	63	Pulse	255	2628821	20723	0
sub-04_1	64	Picture	20	2638354	5000	1	20228	1	5000	20000	hit	222
sub-04_1	64	Response	1	2644341	10987	1
sub-04_1	64	Pulse	255	2648821	15467	0
sub-04_1	65	Picture	change_to_15	2658582	0	1	25231	1	0	25000	other	0
sub-04_1	65	Pulse	255	2668821	10239	0
sub-04_1	66	Pulse	255	2688821	4981	1
sub-04_1	66	Picture	10	2688840	5000	1	20226	1	5000	20000	hit	228
sub-04_1	66	Response	1	2694991	11151	1
sub-04_1	66	Pulse	255	2708821	24981	0
sub-04_1	67	Picture	10	2714317	5000	1	20231	1	5000	20000	hit	231
sub-04_1	67	Response	1	2720421	11104	1
sub-04_1	67	Pulse	255	2728821	19504	0
sub-04_1	68	Picture	10	2739573	5000	1	20230	1	5000	20000	hit	234
sub-04_1	68	Response	1	2745431	10858	1
sub-04_1	68	Pulse	255	2748821	14248	0
sub-04_1	69	Picture	10	2764830	5000	1	20231	1	5000	20000	hit	238
sub-04_1	69	Pulse	255	2768821	8991	0
sub-04_1	69	Response	2	2771401	11571	1
sub-04_1	70	Pulse	255	2788821	3734	0
sub-04_1	70	Picture	10	2790087	5000	1	20228	1	5000	20000	hit	241
sub-04_1	70	Response	2	2797621	12534	1
sub-04_1	70	Pulse	255	2808821	23734	0
sub-04_1	71	Picture	change_to_35	2810315	0	1	25226	1	0	25000	other	0
sub-04_1	71	Pulse	255	2828821	18506	0
sub-04_1	72	Picture	30	2840788	5000	1	20230	1	5000	20000	hit	246
sub-04_1	72	Response	1	2847341	11553	1
sub-04_1	72	Pulse	255	2848821	13033	0
sub-04_1	73	Picture	30	2866043	5000	1	20231	1	5000	20000	hit	250
sub-04_1	73	Pulse	255	2868821	7778	0
sub-04_1	73	Response	2	2871851	10808	1
sub-04_1	74	Pulse	255	2888821	2521	0
sub-04_1	74	Picture	30	2891300	5000	1	20235	1	5000	20000	hit	253
sub-04_1	74	Response	2	2896551	10251	1
sub-04_1	74	Pulse	255	2908821	22521	0
sub-04_1	75	Picture	30	2916560	5000	1	20226	1	5000	20000	hit	256
sub-04_1	75	Response	1	2922661	11101	1
sub-04_1	75	Pulse	255	2928821	17261	0
sub-04_1	76	Picture	30	2942035	5000	3	20228	3	5000	20000	hit	259
sub-04_1	76	Response	1	2948231	11196	1
sub-04_1	76	Pulse	255	2948821	11785	0
sub-04_1	77	Picture	Bfix	2962263	0	1	200226	1	0	200000	other	0
sub-04_1	77	Pulse	255	2968821	6558	0
sub-04_1	77	Pulse	255	2988821	26558	0
sub-04_1	77	Pulse	255	3008821	46559	0
sub-04_1	77	Pulse	255	3028821	66558	0
sub-04_1	77	Pulse	255	3048821	86558	0
sub-04_1	77	Pulse	255	3068821	106559	0
sub-04_1	77	Pulse	255	3088821	126558	0
sub-04_1	77	Pulse	255	3108821	146558	0
sub-04_1	77	Pulse	255	3128821	166559	0
sub-04_1	77	Pulse	255	3148821	186559	0
sub-04_1	78	Picture	change_to_15	3162655	0	1	25230	1	0	25000	other	0
sub-04_1	78	Pulse	255	3168821	6166	0
sub-04_1	79	Pulse	255	3188821	909	0
sub-04_1	79	Picture	10	3192912	5000	1	20231	1	5000	20000	hit	276
sub-04_1	79	Response	2	3200571	12659	1
sub-04_1	79	Pulse	255	3208821	20909	0
sub-04_1	80	Picture	10	3218168	5000	1	20226	1	5000	20000	hit	279
sub-04_1	80	Response	1	3225062	11894	1
sub-04_1	80	Pulse	255	3228821	15653	0
sub-04_1	81	Picture	10	3243642	5000	1	20226	1	5000	20000	hit	283
sub-04_1	81	Pulse	255	3248821	10179	0
sub-04_1	81	Response	2	3249801	11159	1
sub-04_1	82	Pulse	255	3268821	4703	0
sub-04_1	82	Picture	10	3269118	5000	1	20231	1	5000	20000	hit	286
sub-04_1	82	Response	1	3277962	13844	1
sub-04_1	82	Pulse	255	3288821	24704	0
sub-04_1	83	Picture	10	3294375	5000	1	20226	1	5000	20000	hit	289
sub-04_1	83	Response	2	3302321	12947	1
sub-04_1	83	Pulse	255	3308821	19446	0
sub-04_1	84	Picture	change_to_35	3314767	0	1	25231	1	0	25000	other	0
sub-04_1	84	Pulse	255	3328822	14054	0
sub-04_1	85	Picture	30	3345024	5000	1	20231	1	5000	20000	hit	295
sub-04_1	85	Pulse	255	3348821	8797	1
sub-04_1	85	Response	2	3355101	15077	1
sub-04_1	86	Pulse	255	3368821	3541	0
sub-04_1	86	Picture	30	3370281	5000	1	20226	1	5000	20000	hit	298
sub-04_1	86	Response	2	3375191	9911	1
sub-04_1	86	Pulse	255	3388821	23541	0
sub-04_1	87	Picture	30	3395756	5000	1	20231	1	5000	20000	hit	301
sub-04_1	87	Response	2	3400672	9916	1
sub-04_1	87	Pulse	255	3408821	18066	0
sub-04_1	88	Picture	30	3421013	5000	1	20226	1	5000	20000	hit	304
sub-04_1	88	Response	1	3425091	9079	1
sub-04_1	88	Pulse	255	3428821	12808	0
sub-04_1	89	Picture	30	3446488	5000	1	20228	1	5000	20000	hit	308
sub-04_1	89	Pulse	255	3448821	7333	0
sub-04_1	89	Response	1	3452132	10644	1
sub-04_1	90	Picture	change_to_25	3466716	0	1	25231	1	0	25000	other	0
sub-04_1	90	Pulse	255	3468822	2106	0
sub-04_1	90	Pulse	255	3488821	22106	0
sub-04_1	91	Picture	20	3496972	5000	1	20226	1	5000	20000	hit	313
sub-04_1	91	Response	2	3504301	12329	1
sub-04_1	91	Pulse	255	3508821	16849	0
sub-04_1	92	Picture	20	3522448	5000	1	20230	1	5000	20000	hit	317
sub-04_1	92	Pulse	255	3528821	11374	0
sub-04_1	92	Response	2	3529831	12384	1
sub-04_1	93	Picture	20	3547704	5000	1	20231	1	5000	20000	hit	320
sub-04_1	93	Pulse	255	3548821	6117	0
sub-04_1	93	Response	2	3555102	12398	1
sub-04_1	94	Pulse	255	3568822	861	0
sub-04_1	94	Picture	20	3572961	5000	1	20226	1	5000	20000	hit	323
sub-04_1	94	Response	1	3579392	11431	1
sub-04_1	94	Pulse	255	3588821	20861	0
sub-04_1	95	Picture	20	3598433	5000	1	20227	1	5000	20000	hit	326
sub-04_1	95	Response	1	3604391	10959	1
sub-04_1	95	Pulse	255	3608821	15388	0
sub-04_1	96	Picture	Bfix	3618660	0	1	200228	1	0	200000	other	0
sub-04_1	96	Pulse	255	3628821	10161	0
sub-04_1	96	Pulse	255	3648821	30162	0
sub-04_1	96	Pulse	255	3668821	50162	0
sub-04_1	96	Pulse	255	3688822	70162	0
sub-04_1	96	Pulse	255	3708822	90162	0
sub-04_1	96	Pulse	255	3728822	110162	0
sub-04_1	96	Pulse	255	3748822	130162	0
sub-04_1	96	Pulse	255	3768822	150162	0
sub-04_1	96	Pulse	255	3788822	170162	0
sub-04_1	96	Pulse	255	3808822	190162	0
sub-04_1	97	Picture	change_to_35	3818888	0	1	25231	1	0	25000	other	0
sub-04_1	97	Pulse	255	3828822	9934	0
sub-04_1	98	Pulse	255	3848822	4676	0
sub-04_1	98	Picture	30	3849145	5000	1	20231	1	5000	20000	hit	343
sub-04_1	98	Response	2	3855362	11216	1
sub-04_1	98	Pulse	255	3868822	24676	0
sub-04_1	99	Picture	30	3874403	5000	1	20230	1	5000	20000	hit	346
sub-04_1	99	Response	1	3880412	11009	1
sub-04_1	99	Pulse	255	3888822	19419	0
sub-04_1	100	Picture	30	3899660	5000	1	20230	1	5000	20000	hit	349
sub-04_1	100	Response	1	3904882	10222	1
sub-04_1	100	Pulse	255	3908822	14162	0
sub-04_1	101	Picture	30	3924917	5000	1	20231	1	5000	20000	hit	353
sub-04_1	101	Pulse	255	3928822	8905	0
sub-04_1	101	Response	2	3929541	9625	1
sub-04_1	102	Pulse	255	3948822	3649	0
sub-04_1	102	Picture	30	3950173	5000	1	20228	1	5000	20000	hit	356
sub-04_1	102	Response	1	3955682	10509	1
sub-04_1	102	Pulse	255	3968822	23649	0
sub-04_1	103	Picture	change_to_25	3970400	0	1	25226	1	0	25000	other	0
sub-04_1	103	Pulse	255	3988822	18421	0
sub-04_1	104	Picture	20	4000876	5000	1	20226	1	5000	20000	hit	362
sub-04_1	104	Pulse	255	4008822	12946	0
sub-04_1	104	Response	2	4013632	17756	1
sub-04_1	105	Picture	20	4026351	5000	1	20231	1	5000	20000	hit	365
sub-04_1	105	Pulse	255	4028822	7471	0
sub-04_1	105	Response	1	4033962	12611	1
sub-04_1	106	Pulse	255	4048821	2213	0
sub-04_1	106	Picture	20	4051608	5000	1	20231	1	5000	20000	hit	368
sub-04_1	106	Response	1	4057382	10774	1
sub-04_1	106	Pulse	255	4068822	22214	0
sub-04_1	107	Picture	20	4076865	5000	1	20231	1	5000	20000	hit	371
sub-04_1	107	Response	2	4083652	11787	1
sub-04_1	107	Pulse	255	4088822	16957	0
sub-04_1	108	Picture	20	4102121	5000	1	20228	1	5000	20000	hit	374
sub-04_1	108	Response	1	4108262	11141	1
sub-04_1	108	Pulse	255	4108822	11700	0
sub-04_1	109	Picture	change_to_15	4122349	0	1	25230	1	0	25000	other	0
sub-04_1	109	Pulse	255	4128822	6472	0
sub-04_1	110	Pulse	255	4148822	1217	0
sub-04_1	110	Picture	10	4152605	5000	1	20226	1	5000	20000	hit	380
sub-04_1	110	Response	1	4160842	13237	1
sub-04_1	110	Pulse	255	4168822	21217	0
sub-04_1	111	Picture	10	4178081	5000	1	20230	1	5000	20000	hit	383
sub-04_1	111	Response	2	4184392	11311	1
sub-04_1	111	Pulse	255	4188822	15741	0
sub-04_1	112	Picture	10	4203338	5000	1	20230	1	5000	20000	hit	387
sub-04_1	112	Pulse	255	4208822	10484	0
sub-04_1	112	Response	2	4210652	12314	1
sub-04_1	113	Picture	10	4228594	5000	1	20231	1	5000	20000	hit	390
sub-04_1	113	Pulse	255	4228822	5228	0
sub-04_1	113	Response	1	4235832	12238	1
sub-04_1	113	Pulse	255	4248822	25229	0
sub-04_1	114	Picture	10	4253850	5000	1	20226	1	5000	20000	hit	393
sub-04_1	114	Response	1	4259102	10252	1
sub-04_1	114	Pulse	255	4268822	19972	0
sub-04_1	115	Picture	Bfix	4274243	0	1	71385	1	0	60000	other	0
sub-04_1	115	Pulse	255	4288822	14579	0
sub-04_1	115	Pulse	255	4308822	34579	0
