Scenario - loca_lec1bis
Logfile written - 06/19/2018 16:05:19

Subject	Trial	Event Type	Code	Time	TTime	Uncertainty	Duration	Uncertainty	ReqTime	ReqDur	Stim Type	Pair Index

sub-07_2	0	Pulse	255	714844	714844	0
sub-07_2	1	Picture	change_to_25	715078	0	1	25230	1	0	25000	other	0
sub-07_2	1	Pulse	255	734843	19766	0
sub-07_2	2	Picture	20	745333	5000	1	20231	1	5000	20000	hit	6
sub-07_2	2	Pulse	255	754844	14511	0
sub-07_2	2	Response	1	760924	20590	1
sub-07_2	3	Picture	20	770589	5000	1	20231	1	5000	20000	hit	9
sub-07_2	3	Pulse	255	774844	9254	0
sub-07_2	3	Response	2	779124	13534	1
sub-07_2	4	Pulse	255	794844	3997	0
sub-07_2	4	Picture	20	795847	5000	1	20231	1	5000	20000	hit	12
sub-07_2	4	Response	2	804544	13697	1
sub-07_2	4	Pulse	255	814843	23997	0
sub-07_2	5	Picture	20	821103	5000	1	20231	1	5000	20000	hit	15
sub-07_2	5	Response	2	834214	18111	1
sub-07_2	5	Pulse	255	834843	18740	0
sub-07_2	6	Picture	20	846360	5000	1	20226	1	5000	20000	hit	19
sub-07_2	6	Pulse	255	854844	13484	0
sub-07_2	6	Response	1	855384	14025	1
sub-07_2	7	Picture	change_to_15	866752	0	1	25231	1	0	25000	other	0
sub-07_2	7	Pulse	255	874843	8091	0
sub-07_2	8	Pulse	255	894844	2835	0
sub-07_2	8	Picture	10	897009	5000	1	20231	1	5000	20000	hit	24
sub-07_2	8	Response	2	907654	15645	1
sub-07_2	8	Pulse	255	914844	22835	0
sub-07_2	9	Picture	10	922266	5000	1	20226	1	5000	20000	incorrect	27
sub-07_2	9	Response	2	930844	13578	1
sub-07_2	9	Pulse	255	934844	17578	0
sub-07_2	10	Picture	10	947741	5000	1	20226	1	5000	20000	hit	31
sub-07_2	10	Pulse	255	954844	12103	0
sub-07_2	10	Response	2	954983	12242	1
sub-07_2	11	Picture	10	973216	5000	1	20231	1	5000	20000	hit	34
sub-07_2	11	Pulse	255	974845	6629	0
sub-07_2	11	Response	1	980714	12499	1
sub-07_2	12	Pulse	255	994844	1372	0
sub-07_2	12	Picture	10	998472	5000	1	20228	1	5000	20000	hit	37
sub-07_2	12	Response	2	1006565	13092	1
sub-07_2	12	Pulse	255	1014844	21372	0
sub-07_2	13	Picture	change_to_35	1018700	0	1	25230	1	0	25000	other	0
sub-07_2	13	Pulse	255	1034845	16145	0
sub-07_2	14	Picture	30	1048955	5000	1	20233	1	5000	20000	hit	43
sub-07_2	14	Pulse	255	1054845	10890	0
sub-07_2	14	Response	2	1055063	11108	1
sub-07_2	15	Picture	30	1074214	5000	1	20226	1	5000	20000	hit	46
sub-07_2	15	Pulse	255	1074844	5631	0
sub-07_2	15	Response	1	1082544	13331	1
sub-07_2	16	Pulse	255	1094845	157	0
sub-07_2	16	Picture	30	1099688	5000	1	20233	1	5000	20000	hit	49
sub-07_2	16	Response	2	1108774	14086	1
sub-07_2	16	Pulse	255	1114844	20156	0
sub-07_2	17	Picture	30	1124946	5000	1	20226	1	5000	20000	hit	52
sub-07_2	17	Response	1	1133345	13399	1
sub-07_2	17	Pulse	255	1134844	14898	0
sub-07_2	18	Picture	30	1150420	5000	1	20228	1	5000	20000	hit	56
sub-07_2	18	Pulse	255	1154844	9424	0
sub-07_2	18	Response	2	1156615	11195	1
sub-07_2	19	Picture	Bfix	1170648	0	1	200228	1	0	200000	other	0
sub-07_2	19	Pulse	255	1174845	4197	0
sub-07_2	19	Pulse	255	1194844	24196	0
sub-07_2	19	Pulse	255	1214845	44197	0
sub-07_2	19	Pulse	255	1234845	64197	0
sub-07_2	19	Pulse	255	1254845	84197	0
sub-07_2	19	Pulse	255	1274845	104196	0
sub-07_2	19	Pulse	255	1294845	124197	0
sub-07_2	19	Pulse	255	1314835	144187	0
sub-07_2	19	Pulse	255	1334835	164187	0
sub-07_2	19	Pulse	255	1354835	184187	0
sub-07_2	20	Picture	change_to_15	1370876	0	1	25231	1	0	25000	other	0
sub-07_2	20	Pulse	255	1374835	3959	0
sub-07_2	20	Pulse	255	1394835	23959	0
sub-07_2	21	Picture	10	1401133	5000	1	20230	1	5000	20000	miss	0
sub-07_2	21	Pulse	255	1414835	18701	0
sub-07_2	22	Response	2	1425745	4357	1
sub-07_2	22	Picture	10	1426388	5000	1	20231	1	5000	20000	hit	76
sub-07_2	22	Pulse	255	1434835	13447	0
sub-07_2	22	Response	2	1443925	22537	1
sub-07_2	23	Picture	10	1451645	5000	1	20226	1	5000	20000	hit	79
sub-07_2	23	Pulse	255	1454835	8191	0
sub-07_2	23	Response	2	1462025	15381	1
sub-07_2	24	Pulse	255	1474836	2714	0
sub-07_2	24	Picture	10	1477121	5000	1	20231	1	5000	20000	hit	82
sub-07_2	24	Response	1	1484355	12234	1
sub-07_2	24	Pulse	255	1494835	22714	0
sub-07_2	25	Picture	10	1502377	5000	1	20228	1	5000	20000	hit	85
sub-07_2	25	Response	1	1510075	12698	1
sub-07_2	25	Pulse	255	1514835	17458	0
sub-07_2	26	Picture	change_to_35	1522605	0	1	25226	1	0	25000	other	0
sub-07_2	26	Pulse	255	1534835	12230	0
sub-07_2	27	Picture	30	1553080	5000	1	20230	1	5000	20000	hit	91
sub-07_2	27	Pulse	255	1554835	6755	0
sub-07_2	27	Response	1	1562165	14085	1
sub-07_2	28	Pulse	255	1574836	1501	0
sub-07_2	28	Picture	30	1578335	5000	1	20231	1	5000	20000	hit	94
sub-07_2	28	Response	2	1583456	10121	1
sub-07_2	28	Pulse	255	1594835	21501	0
sub-07_2	29	Picture	30	1603591	5000	1	20231	1	5000	20000	hit	97
sub-07_2	29	Response	2	1609666	11075	1
sub-07_2	29	Pulse	255	1614836	16245	0
sub-07_2	30	Picture	30	1628847	5000	1	20230	1	5000	20000	hit	101
sub-07_2	30	Pulse	255	1634836	10988	0
sub-07_2	30	Response	1	1635594	11747	1
sub-07_2	31	Picture	30	1654104	5000	1	20228	1	5000	20000	hit	104
sub-07_2	31	Pulse	255	1654836	5732	0
sub-07_2	31	Response	2	1660995	11892	1
sub-07_2	32	Picture	change_to_25	1674332	0	1	25226	1	0	25000	other	0
sub-07_2	32	Pulse	255	1674836	505	0
sub-07_2	32	Pulse	255	1694836	20504	0
sub-07_2	33	Picture	20	1704806	5000	1	20226	1	5000	20000	hit	110
sub-07_2	33	Pulse	255	1714836	15030	0
sub-07_2	33	Response	1	1723676	23870	1
sub-07_2	34	Picture	20	1730280	5000	1	20226	1	5000	20000	hit	113
sub-07_2	34	Pulse	255	1734836	9555	0
sub-07_2	34	Response	2	1741576	16295	1
sub-07_2	35	Pulse	255	1754836	4081	0
sub-07_2	35	Picture	20	1755755	5000	1	20226	1	5000	20000	hit	116
sub-07_2	35	Response	2	1763795	13040	1
sub-07_2	35	Pulse	255	1774836	24081	0
sub-07_2	36	Picture	20	1781229	5000	1	20231	1	5000	20000	hit	119
sub-07_2	36	Response	1	1791426	15197	1
sub-07_2	36	Pulse	255	1794836	18607	0
sub-07_2	37	Picture	20	1806485	5000	2	20228	2	5000	20000	hit	123
sub-07_2	37	Pulse	255	1814836	13351	0
sub-07_2	37	Response	2	1815815	14330	1
sub-07_2	38	Picture	Bfix	1826713	0	1	200228	1	0	200000	other	0
sub-07_2	38	Pulse	255	1834836	8123	0
sub-07_2	38	Pulse	255	1854836	28123	0
sub-07_2	38	Pulse	255	1874836	48123	0
sub-07_2	38	Pulse	255	1894836	68123	0
sub-07_2	38	Pulse	255	1914836	88123	0
sub-07_2	38	Pulse	255	1934836	108123	0
sub-07_2	38	Pulse	255	1954836	128123	0
sub-07_2	38	Pulse	255	1974836	148123	0
sub-07_2	38	Pulse	255	1994836	168123	0
sub-07_2	38	Pulse	255	2014837	188124	0
sub-07_2	39	Picture	change_to_35	2026941	0	1	25230	1	0	25000	other	0
sub-07_2	39	Pulse	255	2034836	7895	1
sub-07_2	40	Pulse	255	2054836	2641	0
sub-07_2	40	Picture	30	2057195	5000	1	20231	1	5000	20000	hit	139
sub-07_2	40	Response	1	2070186	17991	1
sub-07_2	40	Pulse	255	2074837	22641	0
sub-07_2	41	Picture	30	2082451	5000	1	20231	1	5000	20000	hit	142
sub-07_2	41	Response	2	2087957	10506	1
sub-07_2	41	Pulse	255	2094836	17385	0
sub-07_2	42	Picture	30	2107707	5000	1	20231	1	5000	20000	hit	145
sub-07_2	42	Response	1	2114207	11499	1
sub-07_2	42	Pulse	255	2114836	12129	0
sub-07_2	43	Picture	30	2132964	5000	1	20232	1	5000	20000	hit	149
sub-07_2	43	Pulse	255	2134836	6872	0
sub-07_2	43	Response	2	2136696	8732	1
sub-07_2	44	Pulse	255	2154836	1615	0
sub-07_2	44	Picture	30	2158222	5000	1	20228	1	5000	20000	hit	152
sub-07_2	44	Response	1	2164946	11725	1
sub-07_2	44	Pulse	255	2174837	21615	0
sub-07_2	45	Picture	change_to_15	2178450	0	1	25231	1	0	25000	other	0
sub-07_2	45	Pulse	255	2194837	16387	0
sub-07_2	46	Picture	10	2208703	5000	1	20226	1	5000	20000	incorrect	158
sub-07_2	46	Pulse	255	2214837	11133	0
sub-07_2	46	Response	2	2215166	11462	1
sub-07_2	47	Picture	10	2234177	5000	1	20230	1	5000	20000	hit	161
sub-07_2	47	Pulse	255	2234837	5659	0
sub-07_2	47	Response	1	2240056	10879	1
sub-07_2	48	Pulse	255	2254837	403	0
sub-07_2	48	Picture	10	2259434	5000	1	20231	1	5000	20000	hit	164
sub-07_2	48	Response	2	2267297	12863	1
sub-07_2	48	Pulse	255	2274837	20403	0
sub-07_2	49	Picture	10	2284690	5000	1	20231	1	5000	20000	hit	168
sub-07_2	49	Pulse	255	2294837	15146	0
sub-07_2	49	Response	2	2296016	16326	1
sub-07_2	50	Picture	10	2309946	5000	1	20228	1	5000	20000	hit	171
sub-07_2	50	Pulse	255	2314837	9891	0
sub-07_2	50	Response	1	2317097	12151	1
sub-07_2	51	Picture	change_to_25	2330174	0	1	25231	1	0	25000	other	0
sub-07_2	51	Pulse	255	2334837	4662	0
sub-07_2	51	Pulse	255	2354837	24663	0
sub-07_2	52	Picture	20	2360429	5000	1	20230	1	5000	20000	hit	176
sub-07_2	52	Response	2	2369357	13928	1
sub-07_2	52	Pulse	255	2374837	19407	0
sub-07_2	53	Picture	20	2385685	5000	1	20230	1	5000	20000	hit	180
sub-07_2	53	Pulse	255	2394837	14152	0
sub-07_2	53	Response	1	2397617	16932	1
sub-07_2	54	Picture	20	2410941	5000	1	20230	1	5000	20000	hit	183
sub-07_2	54	Pulse	255	2414837	8896	0
sub-07_2	54	Response	2	2418487	12546	1
sub-07_2	55	Pulse	255	2434837	3640	0
sub-07_2	55	Picture	20	2436197	5000	1	20231	1	5000	20000	hit	186
sub-07_2	55	Response	1	2446927	15731	1
sub-07_2	55	Pulse	255	2454837	23641	0
sub-07_2	56	Picture	20	2461453	5000	1	20226	1	5000	20000	hit	190
sub-07_2	56	Pulse	255	2474837	18384	0
sub-07_2	56	Response	2	2476318	19865	1
sub-07_2	57	Picture	Bfix	2481845	0	1	200226	1	0	200000	other	0
sub-07_2	57	Pulse	255	2494837	12992	0
sub-07_2	57	Pulse	255	2514837	32992	0
sub-07_2	57	Pulse	255	2534837	52992	0
sub-07_2	57	Pulse	255	2554837	72992	0
sub-07_2	57	Pulse	255	2574837	92992	0
sub-07_2	57	Pulse	255	2594837	112992	0
sub-07_2	57	Pulse	255	2614837	132992	0
sub-07_2	57	Pulse	255	2634837	152992	0
sub-07_2	57	Pulse	255	2654837	172992	0
sub-07_2	57	Pulse	255	2674838	192992	0
sub-07_2	58	Picture	change_to_15	2682238	0	1	25232	1	0	25000	other	0
sub-07_2	58	Pulse	255	2694838	12600	0
sub-07_2	59	Picture	10	2712494	5000	1	20230	1	5000	20000	hit	206
sub-07_2	59	Pulse	255	2714837	7343	0
sub-07_2	59	Response	2	2720688	13194	1
sub-07_2	60	Pulse	255	2734838	2088	0
sub-07_2	60	Picture	10	2737750	5000	1	20231	1	5000	20000	hit	209
sub-07_2	60	Response	1	2746958	14208	1
sub-07_2	60	Pulse	255	2754838	22089	0
sub-07_2	61	Picture	10	2763003	5000	1	20231	1	5000	20000	hit	212
sub-07_2	61	Response	2	2769098	11094	1
sub-07_2	61	Pulse	255	2774837	16834	0
sub-07_2	62	Picture	10	2788259	5000	1	20230	1	5000	20000	hit	216
sub-07_2	62	Pulse	255	2794838	11579	0
sub-07_2	62	Response	1	2795777	12518	1
sub-07_2	63	Picture	10	2813515	5000	1	20228	1	5000	20000	hit	219
sub-07_2	63	Pulse	255	2814838	6323	0
sub-07_2	63	Response	1	2822178	13663	1
sub-07_2	64	Picture	change_to_25	2833743	0	1	25231	1	0	25000	other	0
sub-07_2	64	Pulse	255	2834838	1095	0
sub-07_2	64	Pulse	255	2854838	21095	0
sub-07_2	65	Picture	20	2863999	5000	1	20231	1	5000	20000	hit	225
sub-07_2	65	Pulse	255	2874838	15839	0
sub-07_2	65	Response	1	2879318	20319	1
sub-07_2	66	Picture	20	2889256	5000	1	20226	1	5000	20000	hit	228
sub-07_2	66	Pulse	255	2894838	10582	0
sub-07_2	66	Response	1	2900438	16182	1
sub-07_2	67	Picture	20	2914729	5000	1	20231	1	5000	20000	hit	231
sub-07_2	67	Pulse	255	2914839	5109	0
sub-07_2	67	Response	1	2927168	17439	1
sub-07_2	67	Pulse	255	2934839	25109	0
sub-07_2	68	Picture	20	2939986	5000	1	20231	1	5000	20000	hit	234
sub-07_2	68	Response	2	2946888	11902	1
sub-07_2	68	Pulse	255	2954838	19852	0
sub-07_2	69	Picture	20	2965243	5000	1	20226	1	5000	20000	hit	237
sub-07_2	69	Response	2	2972328	12085	1
sub-07_2	69	Pulse	255	2974838	14595	0
sub-07_2	70	Picture	change_to_35	2985636	0	1	25231	1	0	25000	other	0
sub-07_2	70	Pulse	255	2994838	9203	0
sub-07_2	71	Pulse	255	3014838	3949	0
sub-07_2	71	Picture	30	3015889	5000	1	20231	1	5000	20000	hit	243
sub-07_2	71	Response	1	3025158	14269	1
sub-07_2	71	Pulse	255	3034839	23950	0
sub-07_2	72	Picture	30	3041146	5000	1	20231	1	5000	20000	hit	246
sub-07_2	72	Response	1	3048068	11923	1
sub-07_2	72	Pulse	255	3054838	18693	0
sub-07_2	73	Picture	30	3066402	5000	1	20226	1	5000	20000	hit	249
sub-07_2	73	Response	2	3071228	9826	1
sub-07_2	73	Pulse	255	3074839	13436	0
sub-07_2	74	Picture	30	3091877	5000	1	20231	1	5000	20000	hit	253
sub-07_2	74	Pulse	255	3094838	7962	0
sub-07_2	74	Response	2	3097558	10681	1
sub-07_2	75	Pulse	255	3114839	2707	0
sub-07_2	75	Picture	30	3117132	5000	1	20226	1	5000	20000	hit	256
sub-07_2	75	Response	1	3123268	11136	1
sub-07_2	75	Pulse	255	3134839	22707	0
sub-07_2	76	Picture	Bfix	3137524	0	1	200228	1	0	200000	other	0
sub-07_2	76	Pulse	255	3154839	17314	0
sub-07_2	76	Pulse	255	3174839	37314	0
sub-07_2	76	Pulse	255	3194838	57314	0
sub-07_2	76	Pulse	255	3214839	77314	0
sub-07_2	76	Pulse	255	3234839	97315	0
sub-07_2	76	Pulse	255	3254839	117315	0
sub-07_2	76	Pulse	255	3274839	137315	0
sub-07_2	76	Pulse	255	3294839	157315	0
sub-07_2	76	Pulse	255	3314839	177315	0
sub-07_2	76	Pulse	255	3334839	197315	0
sub-07_2	77	Picture	change_to_25	3337753	0	1	25226	1	0	25000	other	0
sub-07_2	77	Pulse	255	3354839	17086	0
sub-07_2	78	Picture	20	3368224	5000	1	20231	1	5000	20000	hit	273
sub-07_2	78	Pulse	255	3374839	11615	0
sub-07_2	78	Response	2	3381209	17984	1
sub-07_2	79	Picture	20	3393481	5000	1	20231	1	5000	20000	hit	276
sub-07_2	79	Pulse	255	3394839	6359	0
sub-07_2	79	Response	2	3408679	20199	1
sub-07_2	80	Pulse	255	3414839	1102	0
sub-07_2	80	Picture	20	3418737	5000	1	20231	1	5000	20000	hit	279
sub-07_2	80	Response	2	3426859	13122	1
sub-07_2	80	Pulse	255	3434839	21102	0
sub-07_2	81	Picture	20	3443991	5000	1	20230	1	5000	20000	hit	282
sub-07_2	81	Response	1	3453059	14068	1
sub-07_2	81	Pulse	255	3454839	15847	0
sub-07_2	82	Picture	20	3469245	5000	1	20228	1	5000	20000	hit	286
sub-07_2	82	Pulse	255	3474839	10594	0
sub-07_2	82	Response	1	3478129	13884	1
sub-07_2	83	Picture	change_to_35	3489473	0	1	25231	1	0	25000	other	0
sub-07_2	83	Pulse	255	3494829	5357	0
sub-07_2	84	Pulse	255	3514830	101	0
sub-07_2	84	Picture	30	3519729	5000	1	20231	1	5000	20000	hit	291
sub-07_2	84	Response	1	3527419	12691	1
sub-07_2	84	Pulse	255	3534829	20101	0
sub-07_2	85	Picture	30	3544985	5000	1	20231	1	5000	20000	hit	294
sub-07_2	85	Response	1	3549639	9654	1
sub-07_2	85	Pulse	255	3554830	14845	0
sub-07_2	86	Picture	30	3570241	5000	1	20231	1	5000	20000	hit	298
sub-07_2	86	Pulse	255	3574830	9589	0
sub-07_2	86	Response	2	3576159	10918	1
sub-07_2	87	Pulse	255	3594829	4331	0
sub-07_2	87	Picture	30	3595498	5000	1	20226	1	5000	20000	hit	301
sub-07_2	87	Response	2	3600649	10151	1
sub-07_2	87	Pulse	255	3614829	24331	0
sub-07_2	88	Picture	30	3620972	5000	1	20228	1	5000	20000	hit	304
sub-07_2	88	Response	1	3626660	10688	1
sub-07_2	88	Pulse	255	3634830	18858	0
sub-07_2	89	Picture	change_to_15	3641200	0	1	25226	1	0	25000	other	0
sub-07_2	89	Pulse	255	3654829	13630	0
sub-07_2	90	Picture	10	3671674	5000	1	20231	1	5000	20000	hit	310
sub-07_2	90	Pulse	255	3674830	8156	0
sub-07_2	90	Response	2	3685889	19216	1
sub-07_2	91	Pulse	255	3694830	2900	0
sub-07_2	91	Picture	10	3696930	5000	1	20231	1	5000	20000	incorrect	313
sub-07_2	91	Response	2	3701579	9650	1
sub-07_2	91	Response	1	3711160	19230	1
sub-07_2	91	Pulse	255	3714830	22900	0
sub-07_2	92	Picture	10	3722186	5000	1	20230	1	5000	20000	hit	317
sub-07_2	92	Response	1	3727809	10623	1
sub-07_2	92	Pulse	255	3734830	17643	0
sub-07_2	93	Picture	10	3747442	5000	1	20231	1	5000	20000	hit	320
sub-07_2	93	Response	1	3753360	10918	1
sub-07_2	93	Pulse	255	3754829	12388	0
sub-07_2	94	Picture	10	3772697	5000	1	20227	1	5000	20000	hit	324
sub-07_2	94	Pulse	255	3774830	7132	0
sub-07_2	94	Response	2	3780670	12973	1
sub-07_2	95	Picture	Bfix	3792924	0	1	200228	1	0	200000	other	0
sub-07_2	95	Pulse	255	3794830	1905	0
sub-07_2	95	Pulse	255	3814830	21906	0
sub-07_2	95	Pulse	255	3834830	41906	0
sub-07_2	95	Pulse	255	3854830	61906	0
sub-07_2	95	Pulse	255	3874830	81905	0
sub-07_2	95	Pulse	255	3894830	101905	0
sub-07_2	95	Pulse	255	3914830	121906	0
sub-07_2	95	Pulse	255	3934830	141906	0
sub-07_2	95	Pulse	255	3954830	161906	0
sub-07_2	95	Pulse	255	3974830	181906	0
sub-07_2	96	Picture	change_to_35	3993152	0	1	25231	1	0	25000	other	0
sub-07_2	96	Pulse	255	3994830	1678	0
sub-07_2	96	Pulse	255	4014830	21678	0
sub-07_2	97	Picture	30	4023409	5000	1	20231	1	5000	20000	hit	340
sub-07_2	97	Response	2	4029690	11281	1
sub-07_2	97	Pulse	255	4034830	16421	0
sub-07_2	98	Picture	30	4048665	5000	1	20231	1	5000	20000	hit	344
sub-07_2	98	Pulse	255	4054830	11165	0
sub-07_2	98	Response	1	4055149	11484	1
sub-07_2	99	Picture	30	4073921	5000	1	20230	1	5000	20000	hit	347
sub-07_2	99	Pulse	255	4074830	5909	0
sub-07_2	99	Response	1	4080080	11159	1
sub-07_2	100	Pulse	255	4094831	653	0
sub-07_2	100	Picture	30	4099178	5000	1	20231	1	5000	20000	hit	350
sub-07_2	100	Response	2	4104640	10462	1
sub-07_2	100	Pulse	255	4114830	20653	0
sub-07_2	101	Picture	30	4124435	5000	1	20226	1	5000	20000	hit	353
sub-07_2	101	Response	1	4131720	12286	1
sub-07_2	101	Pulse	255	4134830	15395	0
sub-07_2	102	Picture	change_to_25	4144827	0	1	25231	1	0	25000	other	0
sub-07_2	102	Pulse	255	4154830	10003	0
sub-07_2	103	Pulse	255	4174831	4747	0
sub-07_2	103	Picture	20	4175083	5000	1	20231	1	5000	20000	hit	359
sub-07_2	103	Response	2	4193990	23907	1
sub-07_2	103	Pulse	255	4194830	24747	0
sub-07_2	104	Picture	20	4200340	5000	1	20230	1	5000	20000	hit	362
sub-07_2	104	Response	1	4207060	11721	1
sub-07_2	104	Pulse	255	4214831	19491	0
sub-07_2	105	Picture	20	4225596	5000	1	20230	1	5000	20000	hit	366
sub-07_2	105	Pulse	255	4234831	14235	0
sub-07_2	105	Response	1	4235720	15124	1
sub-07_2	106	Picture	20	4250852	5000	1	20231	1	5000	20000	hit	369
sub-07_2	106	Pulse	255	4254831	8979	0
sub-07_2	106	Response	1	4260481	14629	1
sub-07_2	107	Pulse	255	4274831	3722	0
sub-07_2	107	Picture	20	4276109	5000	1	20228	1	5000	20000	hit	372
sub-07_2	107	Response	2	4283671	12562	1
sub-07_2	107	Pulse	255	4294831	23722	0
sub-07_2	108	Picture	change_to_15	4296337	0	1	25230	1	0	25000	other	0
sub-07_2	108	Pulse	255	4314831	18495	0
sub-07_2	109	Picture	10	4326592	5000	1	20230	1	5000	20000	hit	378
sub-07_2	109	Pulse	255	4334831	13238	0
sub-07_2	109	Response	1	4343601	22009	1
sub-07_2	110	Picture	10	4351849	5000	1	20230	1	5000	20000	hit	381
sub-07_2	110	Pulse	255	4354831	7982	0
sub-07_2	110	Response	1	4358901	12052	1
sub-07_2	111	Pulse	255	4374831	2728	0
sub-07_2	111	Picture	10	4377104	5000	1	20226	1	5000	20000	hit	384
sub-07_2	111	Response	2	4383441	11337	1
sub-07_2	111	Pulse	255	4394831	22727	0
sub-07_2	112	Picture	10	4402576	5000	1	20230	1	5000	20000	hit	387
sub-07_2	112	Response	2	4413451	15875	1
sub-07_2	112	Pulse	255	4414831	17254	0
sub-07_2	113	Picture	10	4427833	5000	1	20227	1	5000	20000	hit	391
sub-07_2	113	Pulse	255	4434831	11998	0
sub-07_2	113	Response	1	4435240	12407	1
sub-07_2	114	Picture	Bfix	4448059	0	1	72352	1	0	60000	other	0
sub-07_2	114	Pulse	255	4454831	6772	0
sub-07_2	114	Pulse	255	4474831	26772	0
sub-07_2	114	Pulse	255	4494831	46772	0
