Scenario - loca_lec1
Logfile written - 01/21/2019 17:33:11

Subject	Trial	Event Type	Code	Time	TTime	Uncertainty	Duration	Uncertainty	ReqTime	ReqDur	Stim Type	Pair Index

sub-13_1	0	Pulse	255	882724	882724	0
sub-13_1	1	Nothing	cut	882956	0	1			0		other	0
sub-13_1	1	Nothing	cut	887956	5000	1			5000		other	0
sub-13_1	1	Nothing	cut	892956	10000	1			10000		other	0
sub-13_1	2	Picture	change_to_25	893184	0	1	25226	1	0	25000	other	0
sub-13_1	2	Pulse	255	902724	9541	0
sub-13_1	3	Pulse	255	922724	4055	0
sub-13_1	3	Picture	20	923669	5000	1	20321	1	5000	20000	hit	9
sub-13_1	3	Response	2	933804	15135	1
sub-13_1	3	Pulse	255	942724	24055	0
sub-13_1	4	Picture	20	949017	5000	1	20234	1	5000	20000	hit	12
sub-13_1	4	Response	1	957954	13938	1
sub-13_1	4	Pulse	255	962724	18707	0
sub-13_1	5	Picture	20	974276	5000	1	20237	1	5000	20000	hit	15
sub-13_1	5	Response	1	981904	12628	1
sub-13_1	5	Pulse	255	982724	13448	0
sub-13_1	6	Picture	20	999538	5000	1	20230	1	5000	20000	hit	19
sub-13_1	6	Pulse	255	1002724	8186	0
sub-13_1	6	Response	2	1009494	14956	1
sub-13_1	7	Pulse	255	1022724	2929	0
sub-13_1	7	Picture	20	1024796	5000	1	20229	1	5000	20000	hit	22
sub-13_1	7	Response	1	1032644	12849	1
sub-13_1	7	Pulse	255	1042724	22929	0
sub-13_1	8	Picture	change_to_15	1045024	0	1	25235	1	0	25000	other	0
sub-13_1	8	Pulse	255	1062724	17700	0
sub-13_1	9	Picture	10	1075286	5000	1	20231	1	5000	20000	hit	28
sub-13_1	9	Pulse	255	1082725	12438	0
sub-13_1	9	Response	2	1083684	13398	1
sub-13_1	10	Picture	10	1100545	5000	1	20230	1	5000	20000	hit	31
sub-13_1	10	Pulse	255	1102725	7179	0
sub-13_1	10	Response	2	1113105	17559	1
sub-13_1	11	Pulse	255	1122724	1920	0
sub-13_1	11	Picture	10	1125804	5000	1	20230	1	5000	20000	incorrect	34
sub-13_1	11	Response	2	1140385	19580	1
sub-13_1	11	Pulse	255	1142724	21920	0
sub-13_1	12	Picture	10	1151062	5000	1	20226	1	5000	20000	hit	37
sub-13_1	12	Response	1	1162005	15943	1
sub-13_1	12	Pulse	255	1162725	16663	0
sub-13_1	13	Picture	10	1176542	5000	1	20228	1	5000	20000	hit	41
sub-13_1	13	Pulse	255	1182724	11182	1
sub-13_1	13	Response	2	1185384	13842	1
sub-13_1	14	Picture	change_to_35	1196770	0	1	25230	1	0	25000	other	0
sub-13_1	14	Pulse	255	1202724	5955	0
sub-13_1	15	Pulse	255	1222725	696	0
sub-13_1	15	Picture	30	1227029	5000	1	20242	1	5000	20000	hit	46
sub-13_1	15	Response	2	1242445	20416	1
sub-13_1	15	Pulse	255	1242724	20695	0
sub-13_1	16	Picture	30	1252297	5000	1	20237	1	5000	20000	hit	49
sub-13_1	16	Response	1	1260055	12757	1
sub-13_1	16	Pulse	255	1262725	15427	0
sub-13_1	17	Picture	30	1277563	5000	1	20237	1	5000	20000	hit	53
sub-13_1	17	Pulse	255	1282725	10162	0
sub-13_1	17	Response	1	1283754	11192	1
sub-13_1	18	Pulse	255	1302725	4899	0
sub-13_1	18	Picture	30	1302826	5000	1	20238	1	5000	20000	hit	56
sub-13_1	18	Response	2	1314425	16599	1
sub-13_1	18	Pulse	255	1322725	24898	0
sub-13_1	19	Picture	30	1328092	5000	1	20228	1	5000	20000	hit	59
sub-13_1	19	Response	1	1333495	10403	1
sub-13_1	19	Pulse	255	1342725	19634	0
sub-13_1	20	Picture	Bfix	1348320	0	1	200226	1	0	200000	other	0
sub-13_1	20	Pulse	255	1362725	14405	0
sub-13_1	20	Pulse	255	1382725	34405	0
sub-13_1	20	Pulse	255	1402725	54405	0
sub-13_1	20	Pulse	255	1422725	74405	0
sub-13_1	20	Pulse	255	1442725	94405	0
sub-13_1	20	Pulse	255	1462725	114405	0
sub-13_1	20	Pulse	255	1482725	134405	0
sub-13_1	20	Pulse	255	1502725	154405	0
sub-13_1	20	Pulse	255	1522725	174405	0
sub-13_1	20	Pulse	255	1542725	194405	0
sub-13_1	21	Picture	change_to_25	1548713	0	1	25231	1	0	25000	other	0
sub-13_1	21	Pulse	255	1562725	14012	0
sub-13_1	22	Picture	20	1578972	5000	1	20226	1	5000	20000	hit	76
sub-13_1	22	Pulse	255	1582725	8753	0
sub-13_1	22	Response	1	1589725	15753	1
sub-13_1	23	Pulse	255	1602725	3277	0
sub-13_1	23	Picture	20	1604448	5000	1	20228	1	5000	20000	hit	79
sub-13_1	23	Response	1	1614205	14757	1
sub-13_1	23	Pulse	255	1622725	23277	0
sub-13_1	24	Picture	20	1629712	5000	1	20231	1	5000	20000	hit	82
sub-13_1	24	Response	1	1639135	14423	1
sub-13_1	24	Pulse	255	1642725	18013	0
sub-13_1	25	Picture	20	1654970	5000	1	20234	1	5000	20000	hit	86
sub-13_1	25	Pulse	255	1662725	12756	0
sub-13_1	25	Response	2	1665475	15506	1
sub-13_1	26	Picture	20	1680232	5000	1	20228	1	5000	20000	hit	89
sub-13_1	26	Pulse	255	1682725	7493	0
sub-13_1	26	Response	2	1693185	17953	1
sub-13_1	27	Picture	change_to_15	1700461	0	1	25231	1	0	25000	other	0
sub-13_1	27	Pulse	255	1702725	2265	0
sub-13_1	27	Pulse	255	1722725	22265	0
sub-13_1	28	Picture	10	1730722	5000	1	20226	1	5000	20000	hit	94
sub-13_1	28	Response	2	1738245	12523	1
sub-13_1	28	Pulse	255	1742725	17003	0
sub-13_1	29	Picture	10	1756199	5000	1	20231	1	5000	20000	hit	98
sub-13_1	29	Pulse	255	1762725	11527	0
sub-13_1	29	Response	1	1767456	16257	1
sub-13_1	30	Picture	10	1781455	5000	1	20226	1	5000	20000	hit	101
sub-13_1	30	Pulse	255	1782726	6271	0
sub-13_1	30	Response	1	1789945	13491	1
sub-13_1	31	Pulse	255	1802726	797	0
sub-13_1	31	Picture	10	1806929	5000	1	20230	1	5000	20000	hit	104
sub-13_1	31	Response	2	1813816	11887	1
sub-13_1	31	Pulse	255	1822726	20797	0
sub-13_1	32	Picture	10	1832187	5000	1	20228	1	5000	20000	hit	107
sub-13_1	32	Response	2	1841296	14109	1
sub-13_1	32	Pulse	255	1842726	15539	0
sub-13_1	33	Picture	change_to_35	1852414	0	1	25226	1	0	25000	other	0
sub-13_1	33	Pulse	255	1862726	10311	0
sub-13_1	34	Pulse	255	1882746	4855	0
sub-13_1	34	Picture	30	1882891	5000	1	20234	1	5000	20000	hit	113
sub-13_1	34	Response	1	1891506	13615	1
sub-13_1	34	Pulse	255	1902716	24825	0
sub-13_1	35	Picture	30	1908152	5000	1	20230	1	5000	20000	hit	116
sub-13_1	35	Response	1	1914626	11474	1
sub-13_1	35	Pulse	255	1922716	19563	0
sub-13_1	36	Picture	30	1933408	5000	1	20234	1	5000	20000	hit	120
sub-13_1	36	Pulse	255	1942716	14308	0
sub-13_1	36	Response	2	1943155	14747	1
sub-13_1	37	Picture	30	1958671	5000	1	20226	1	5000	20000	hit	123
sub-13_1	37	Pulse	255	1962716	9045	0
sub-13_1	37	Response	2	1968276	14605	1
sub-13_1	38	Pulse	255	1982716	3566	0
sub-13_1	38	Picture	30	1984150	5000	1	20227	1	5000	20000	hit	126
sub-13_1	38	Response	1	1991576	12426	1
sub-13_1	38	Pulse	255	2002716	23566	0
sub-13_1	39	Picture	Bfix	2004377	0	1	200228	1	0	200000	other	0
sub-13_1	39	Pulse	255	2022716	18339	0
sub-13_1	39	Pulse	255	2042716	38339	0
sub-13_1	39	Pulse	255	2062716	58339	0
sub-13_1	39	Pulse	255	2082716	78339	0
sub-13_1	39	Pulse	255	2102716	98339	0
sub-13_1	39	Pulse	255	2122716	118339	0
sub-13_1	39	Pulse	255	2142716	138340	0
sub-13_1	39	Pulse	255	2162716	158339	0
sub-13_1	39	Pulse	255	2182716	178340	0
sub-13_1	39	Pulse	255	2202716	198339	0
sub-13_1	40	Picture	change_to_35	2204605	0	1	25234	1	0	25000	other	0
sub-13_1	40	Pulse	255	2222716	18112	0
sub-13_1	41	Picture	30	2234866	5000	1	20231	1	5000	20000	hit	143
sub-13_1	41	Pulse	255	2242716	12850	0
sub-13_1	41	Response	1	2242846	12979	1
sub-13_1	42	Picture	30	2260125	5000	1	20231	1	5000	20000	hit	146
sub-13_1	42	Pulse	255	2262716	7592	0
sub-13_1	42	Response	2	2269626	14502	1
sub-13_1	43	Pulse	255	2282717	2334	0
sub-13_1	43	Picture	30	2285383	5000	1	20236	1	5000	20000	hit	149
sub-13_1	43	Response	2	2300756	20373	1
sub-13_1	43	Pulse	255	2302716	22333	0
sub-13_1	44	Picture	30	2310646	5000	1	20233	1	5000	20000	hit	152
sub-13_1	44	Response	1	2316426	10780	1
sub-13_1	44	Pulse	255	2322716	17070	0
sub-13_1	45	Picture	30	2335907	5000	1	20228	1	5000	20000	hit	155
sub-13_1	45	Response	1	2341756	10849	1
sub-13_1	45	Pulse	255	2342716	11809	0
sub-13_1	46	Picture	change_to_25	2356136	0	1	25231	1	0	25000	other	0
sub-13_1	46	Pulse	255	2362717	6581	0
sub-13_1	47	Pulse	255	2382716	1323	0
sub-13_1	47	Picture	20	2386393	5000	1	20231	1	5000	20000	hit	161
sub-13_1	47	Response	1	2393567	12173	1
sub-13_1	47	Pulse	255	2402716	21323	0
sub-13_1	48	Picture	20	2411653	5000	1	20226	1	5000	20000	hit	164
sub-13_1	48	Response	1	2422057	15403	1
sub-13_1	48	Pulse	255	2422716	16063	0
sub-13_1	49	Picture	20	2437129	5000	1	20226	1	5000	20000	hit	168
sub-13_1	49	Pulse	255	2442716	10587	0
sub-13_1	49	Response	1	2447057	14927	1
sub-13_1	50	Picture	20	2462605	5000	1	20226	1	5000	20000	hit	171
sub-13_1	50	Pulse	255	2462717	5111	0
sub-13_1	50	Response	2	2475597	17991	1
sub-13_1	50	Pulse	255	2482717	25111	0
sub-13_1	51	Picture	20	2488078	5000	1	20228	1	5000	20000	incorrect	174
sub-13_1	51	Response	1	2498767	15689	1
sub-13_1	51	Pulse	255	2502717	19639	0
sub-13_1	52	Picture	change_to_15	2508306	0	1	25231	1	0	25000	other	0
sub-13_1	52	Pulse	255	2522717	14411	0
sub-13_1	53	Picture	10	2538564	5000	1	20231	1	5000	20000	hit	180
sub-13_1	53	Pulse	255	2542717	9153	0
sub-13_1	53	Response	1	2557167	23603	1
sub-13_1	54	Pulse	255	2562717	3896	0
sub-13_1	54	Picture	10	2563821	5000	1	20231	1	5000	20000	hit	183
sub-13_1	54	Response	2	2574477	15656	1
sub-13_1	54	Pulse	255	2582717	23896	0
sub-13_1	55	Picture	10	2589076	5000	1	20231	1	5000	20000	hit	186
sub-13_1	55	Response	2	2599807	15731	1
sub-13_1	55	Pulse	255	2602717	18641	0
sub-13_1	56	Picture	10	2614332	5000	1	20233	1	5000	20000	incorrect	190
sub-13_1	56	Pulse	255	2622717	13385	0
sub-13_1	56	Response	2	2629077	19745	1
sub-13_1	57	Picture	10	2639591	5000	1	20227	1	5000	20000	hit	193
sub-13_1	57	Pulse	255	2642717	8126	0
sub-13_1	57	Response	1	2651067	16476	1
sub-13_1	58	Picture	Bfix	2659818	0	1	200228	1	0	200000	other	0
sub-13_1	58	Pulse	255	2662717	2899	0
sub-13_1	58	Pulse	255	2682717	22899	0
sub-13_1	58	Pulse	255	2702717	42899	0
sub-13_1	58	Pulse	255	2722717	62899	0
sub-13_1	58	Pulse	255	2742717	82899	0
sub-13_1	58	Pulse	255	2762717	102899	0
sub-13_1	58	Pulse	255	2782717	122899	0
sub-13_1	58	Pulse	255	2802717	142899	0
sub-13_1	58	Pulse	255	2822718	162900	0
sub-13_1	58	Pulse	255	2842717	182899	0
sub-13_1	59	Picture	change_to_25	2860046	0	1	25231	1	0	25000	other	0
sub-13_1	59	Pulse	255	2862717	2671	0
sub-13_1	59	Pulse	255	2882717	22671	0
sub-13_1	60	Picture	20	2890304	5000	1	20231	1	5000	20000	hit	209
sub-13_1	60	Response	1	2899738	14434	1
sub-13_1	60	Pulse	255	2902717	17413	0
sub-13_1	61	Picture	20	2915562	5000	1	20226	1	5000	20000	hit	213
sub-13_1	61	Pulse	255	2922717	12155	0
sub-13_1	61	Response	2	2925657	15096	1
sub-13_1	62	Picture	20	2941039	5000	1	20231	1	5000	20000	hit	216
sub-13_1	62	Pulse	255	2942718	6679	0
sub-13_1	62	Response	2	2950407	14368	1
sub-13_1	63	Pulse	255	2962718	1422	0
sub-13_1	63	Picture	20	2966296	5000	1	20226	1	5000	20000	hit	219
sub-13_1	63	Response	1	2974467	13172	1
sub-13_1	63	Pulse	255	2982717	21422	0
sub-13_1	64	Picture	20	2991771	5000	1	20226	1	5000	20000	hit	222
sub-13_1	64	Response	1	3001628	14856	1
sub-13_1	64	Pulse	255	3002717	15946	0
sub-13_1	65	Picture	change_to_15	3012164	0	1	25231	1	0	25000	other	0
sub-13_1	65	Pulse	255	3022718	10554	0
sub-13_1	66	Picture	10	3042421	5000	1	20231	1	5000	20000	hit	228
sub-13_1	66	Pulse	255	3042718	5296	0
sub-13_1	66	Response	1	3049428	12006	1
sub-13_1	67	Pulse	255	3062718	38	0
sub-13_1	67	Picture	10	3067680	5000	1	20226	1	5000	20000	hit	231
sub-13_1	67	Response	1	3077688	15008	1
sub-13_1	67	Pulse	255	3082718	20038	0
sub-13_1	68	Picture	10	3093157	5000	1	20233	1	5000	20000	hit	234
sub-13_1	68	Response	1	3102058	13900	1
sub-13_1	68	Pulse	255	3102717	14560	0
sub-13_1	69	Picture	10	3118416	5000	1	20226	1	5000	20000	hit	238
sub-13_1	69	Pulse	255	3122718	9302	0
sub-13_1	69	Response	2	3129718	16302	1
sub-13_1	70	Pulse	255	3142718	3825	0
sub-13_1	70	Picture	10	3143893	5000	1	20228	1	5000	20000	hit	241
sub-13_1	70	Response	2	3153158	14265	1
sub-13_1	70	Pulse	255	3162718	23825	0
sub-13_1	71	Picture	change_to_35	3164121	0	1	25232	1	0	25000	other	0
sub-13_1	71	Pulse	255	3182718	18597	0
sub-13_1	72	Picture	30	3194378	5000	1	20231	1	5000	20000	hit	246
sub-13_1	72	Response	1	3202328	12950	1
sub-13_1	72	Pulse	255	3202717	13339	0
sub-13_1	73	Picture	30	3219635	5000	1	20231	1	5000	20000	hit	250
sub-13_1	73	Pulse	255	3222718	8083	0
sub-13_1	73	Response	2	3227928	13293	1
sub-13_1	74	Pulse	255	3242718	2826	0
sub-13_1	74	Picture	30	3244892	5000	1	20235	1	5000	20000	hit	253
sub-13_1	74	Response	2	3249858	9966	1
sub-13_1	74	Pulse	255	3262718	22826	0
sub-13_1	75	Picture	30	3270155	5000	1	20231	1	5000	20000	hit	256
sub-13_1	75	Response	1	3276548	11393	1
sub-13_1	75	Pulse	255	3282718	17563	0
sub-13_1	76	Picture	30	3295412	5000	1	20226	1	5000	20000	hit	260
sub-13_1	76	Pulse	255	3302718	12306	0
sub-13_1	76	Response	1	3302888	12475	1
sub-13_1	77	Picture	Bfix	3315805	0	1	200226	1	0	200000	other	0
sub-13_1	77	Pulse	255	3322718	6913	0
sub-13_1	77	Pulse	255	3342718	26913	0
sub-13_1	77	Pulse	255	3362718	46913	0
sub-13_1	77	Pulse	255	3382718	66913	0
sub-13_1	77	Pulse	255	3402718	86913	0
sub-13_1	77	Pulse	255	3422719	106914	0
sub-13_1	77	Pulse	255	3442718	126913	0
sub-13_1	77	Pulse	255	3462718	146913	0
sub-13_1	77	Pulse	255	3482719	166914	0
sub-13_1	77	Pulse	255	3502718	186913	0
sub-13_1	78	Picture	change_to_15	3516198	0	1	25230	1	0	25000	other	0
sub-13_1	78	Pulse	255	3522718	6520	0
sub-13_1	79	Pulse	255	3542718	1263	0
sub-13_1	79	Picture	10	3546456	5000	1	20226	1	5000	20000	hit	277
sub-13_1	79	Pulse	255	3562709	21253	0
sub-13_1	79	Response	2	3564188	22733	1
sub-13_1	80	Picture	10	3571933	5000	1	20230	1	5000	20000	hit	279
sub-13_1	80	Response	1	3578539	11606	1
sub-13_1	80	Pulse	255	3582708	15775	0
sub-13_1	81	Picture	10	3597191	5000	1	20231	1	5000	20000	hit	283
sub-13_1	81	Pulse	255	3602708	10517	0
sub-13_1	81	Response	2	3604808	12617	1
sub-13_1	82	Picture	10	3622449	5000	1	20230	1	5000	20000	incorrect	286
sub-13_1	82	Pulse	255	3622709	5260	0
sub-13_1	82	Response	2	3637039	19589	1
sub-13_1	83	Pulse	255	3642708	5	0
sub-13_1	83	Picture	10	3647704	5000	1	20228	1	5000	20000	hit	289
sub-13_1	83	Response	2	3658109	15405	1
sub-13_1	83	Pulse	255	3662708	20005	0
sub-13_1	84	Picture	change_to_35	3667931	0	1	25231	1	0	25000	other	0
sub-13_1	84	Pulse	255	3682709	14778	0
sub-13_1	85	Picture	30	3698189	5000	1	20231	1	5000	20000	hit	295
sub-13_1	85	Pulse	255	3702709	9520	0
sub-13_1	85	Response	2	3705069	11880	1
sub-13_1	86	Pulse	255	3722709	4260	0
sub-13_1	86	Picture	30	3723449	5000	1	20230	1	5000	20000	hit	298
sub-13_1	86	Response	2	3729409	10960	1
sub-13_1	86	Pulse	255	3742709	24260	0
sub-13_1	87	Picture	30	3748705	5000	1	20231	1	5000	20000	hit	301
sub-13_1	87	Response	2	3761709	18004	1
sub-13_1	87	Pulse	255	3762709	19004	0
sub-13_1	88	Picture	30	3773964	5000	1	20232	1	5000	20000	hit	304
sub-13_1	88	Response	1	3780139	11175	1
sub-13_1	88	Pulse	255	3782709	13744	0
sub-13_1	89	Picture	30	3799222	5000	1	20228	1	5000	20000	hit	308
sub-13_1	89	Pulse	255	3802709	8487	0
sub-13_1	89	Response	1	3805459	11237	1
sub-13_1	90	Picture	change_to_25	3819449	0	1	25226	1	0	25000	other	0
sub-13_1	90	Pulse	255	3822709	3259	0
sub-13_1	90	Pulse	255	3842709	23259	0
sub-13_1	91	Picture	20	3849926	5000	1	20230	1	5000	20000	hit	313
sub-13_1	91	Response	2	3858129	13203	1
sub-13_1	91	Pulse	255	3862709	17783	0
sub-13_1	92	Picture	20	3875183	5000	1	20231	1	5000	20000	hit	317
sub-13_1	92	Pulse	255	3882709	12525	0
sub-13_1	92	Response	2	3883908	13725	1
sub-13_1	93	Picture	20	3900441	5000	1	20231	1	5000	20000	hit	320
sub-13_1	93	Pulse	255	3902709	7269	0
sub-13_1	93	Response	2	3913349	17909	1
sub-13_1	94	Pulse	255	3922709	2010	0
sub-13_1	94	Picture	20	3925699	5000	1	20226	1	5000	20000	incorrect	324
sub-13_1	94	Pulse	255	3942709	22010	0
sub-13_1	94	Response	2	3945757	25058	1
sub-13_1	95	Picture	20	3951176	5000	1	20226	1	5000	20000	hit	326
sub-13_1	95	Response	1	3961419	15243	1
sub-13_1	95	Pulse	255	3962709	16533	0
sub-13_1	96	Picture	Bfix	3971569	0	1	200228	1	0	200000	other	0
sub-13_1	96	Pulse	255	3982709	11140	0
sub-13_1	96	Pulse	255	4002709	31140	0
sub-13_1	96	Pulse	255	4022709	51140	0
sub-13_1	96	Pulse	255	4042709	71140	0
sub-13_1	96	Pulse	255	4062709	91140	0
sub-13_1	96	Pulse	255	4082710	111140	0
sub-13_1	96	Pulse	255	4102709	131140	0
sub-13_1	96	Pulse	255	4122709	151140	0
sub-13_1	96	Pulse	255	4142710	171140	0
sub-13_1	96	Pulse	255	4162710	191140	0
sub-13_1	97	Picture	change_to_35	4171797	0	1	25230	1	0	25000	other	0
sub-13_1	97	Pulse	255	4182710	10912	0
sub-13_1	98	Picture	30	4202056	5000	1	20231	1	5000	20000	hit	343
sub-13_1	98	Pulse	255	4202710	5654	0
sub-13_1	98	Response	2	4209670	12614	1
sub-13_1	99	Pulse	255	4222709	395	0
sub-13_1	99	Picture	30	4227314	5000	1	20231	1	5000	20000	hit	346
sub-13_1	99	Response	1	4234730	12415	1
sub-13_1	99	Pulse	255	4242710	20395	0
sub-13_1	100	Picture	30	4252570	5000	1	20226	1	5000	20000	hit	349
sub-13_1	100	Response	1	4258380	10810	1
sub-13_1	100	Pulse	255	4262710	15140	0
sub-13_1	101	Picture	30	4278044	5000	1	20226	1	5000	20000	hit	353
sub-13_1	101	Pulse	255	4282710	9665	0
sub-13_1	101	Response	2	4284860	11815	1
sub-13_1	102	Pulse	255	4302710	4188	0
sub-13_1	102	Picture	30	4303522	5000	1	20228	1	5000	20000	hit	356
sub-13_1	102	Response	1	4309670	11148	1
sub-13_1	102	Pulse	255	4322710	24188	0
sub-13_1	103	Picture	change_to_25	4323750	0	1	25230	1	0	25000	other	0
sub-13_1	103	Pulse	255	4342710	18960	0
sub-13_1	104	Picture	20	4354006	5000	1	20231	1	5000	20000	miss	0
sub-13_1	104	Pulse	255	4362710	13704	0
sub-13_1	104	Response	2	4374200	25194	1
sub-13_1	105	Picture	20	4379264	5000	1	20231	1	5000	20000	hit	365
sub-13_1	105	Pulse	255	4382710	8445	0
sub-13_1	105	Response	1	4387860	13595	1
sub-13_1	106	Pulse	255	4402710	3187	0
sub-13_1	106	Picture	20	4404523	5000	1	20231	1	5000	20000	hit	368
sub-13_1	106	Response	1	4411610	12087	1
sub-13_1	106	Pulse	255	4422710	23187	0
sub-13_1	107	Picture	20	4429781	5000	1	20231	1	5000	20000	hit	371
sub-13_1	107	Response	2	4438300	13519	1
sub-13_1	107	Pulse	255	4442710	17929	0
sub-13_1	108	Picture	20	4455039	5000	1	20228	1	5000	20000	hit	375
sub-13_1	108	Pulse	255	4462710	12670	0
sub-13_1	108	Response	1	4464280	14240	1
sub-13_1	109	Picture	change_to_15	4475267	0	1	25231	1	0	25000	other	0
sub-13_1	109	Pulse	255	4482710	7443	0
sub-13_1	110	Pulse	255	4502710	2184	0
sub-13_1	110	Picture	10	4505526	5000	1	20226	1	5000	20000	hit	380
sub-13_1	110	Response	1	4514430	13904	1
sub-13_1	110	Pulse	255	4522710	22184	0
sub-13_1	111	Picture	10	4531003	5000	1	20230	1	5000	20000	hit	383
sub-13_1	111	Response	2	4539140	13137	1
sub-13_1	111	Pulse	255	4542710	16707	0
sub-13_1	112	Picture	10	4556259	5000	1	20231	1	5000	20000	hit	387
sub-13_1	112	Pulse	255	4562710	11451	0
sub-13_1	112	Response	2	4562820	11560	1
sub-13_1	113	Picture	10	4581517	5000	1	20231	1	5000	20000	hit	390
sub-13_1	113	Pulse	255	4582710	6193	0
sub-13_1	113	Response	1	4591830	15313	1
sub-13_1	114	Pulse	255	4602710	935	0
sub-13_1	114	Picture	10	4606775	5000	1	20227	1	5000	20000	hit	393
sub-13_1	114	Response	1	4613970	12195	1
sub-13_1	114	Pulse	255	4622710	20935	0
sub-13_1	115	Picture	Bfix	4627002	0	1	71223	1	0	60000	other	0
sub-13_1	115	Pulse	255	4642710	15709	0
sub-13_1	115	Pulse	255	4662710	35709	0
