Scenario - loca_lec1bis
Logfile written - 03/26/2019 18:30:19

Subject	Trial	Event Type	Code	Time	TTime	Uncertainty	Duration	Uncertainty	ReqTime	ReqDur	Stim Type	Pair Index

sub-01_2	0	Pulse	255	797119	797119	0
sub-01_2	1	Picture	change_to_25	797353	0	1	25239	1	0	25000	other	0
sub-01_2	1	Pulse	255	817119	19766	0
sub-01_2	2	Picture	20	827619	5000	1	20226	1	5000	20000	hit	6
sub-01_2	2	Pulse	255	837119	14500	0
sub-01_2	2	Response	1	839589	16970	1
sub-01_2	3	Picture	20	853182	5000	1	20235	1	5000	20000	hit	9
sub-01_2	3	Pulse	255	857119	8937	0
sub-01_2	3	Response	2	863229	15047	1
sub-01_2	4	Pulse	255	877119	3674	0
sub-01_2	4	Picture	20	878445	5000	1	20234	1	5000	20000	hit	12
sub-01_2	4	Response	2	885399	11954	1
sub-01_2	4	Pulse	255	897119	23674	0
sub-01_2	5	Picture	20	903704	5000	1	20231	1	5000	20000	hit	15
sub-01_2	5	Response	2	910569	11865	1
sub-01_2	5	Pulse	255	917119	18415	0
sub-01_2	6	Picture	20	928963	5000	1	20226	1	5000	20000	hit	18
sub-01_2	6	Response	1	935230	11266	1
sub-01_2	6	Pulse	255	937119	13156	0
sub-01_2	7	Picture	change_to_15	949356	0	1	25238	1	0	25000	other	0
sub-01_2	7	Pulse	255	957119	7763	0
sub-01_2	8	Pulse	255	977119	2501	0
sub-01_2	8	Picture	10	979619	5000	1	20231	1	5000	20000	hit	24
sub-01_2	8	Response	2	990590	15971	1
sub-01_2	8	Pulse	255	997120	22501	0
sub-01_2	9	Picture	10	1004876	5000	1	20230	1	5000	20000	hit	27
sub-01_2	9	Response	1	1015760	15884	1
sub-01_2	9	Pulse	255	1017120	17243	0
sub-01_2	10	Picture	10	1030133	5000	1	20231	1	5000	20000	hit	31
sub-01_2	10	Pulse	255	1037120	11987	0
sub-01_2	10	Response	2	1039590	14456	1
sub-01_2	11	Picture	10	1055391	5000	1	20226	1	5000	20000	hit	34
sub-01_2	11	Pulse	255	1057120	6729	0
sub-01_2	11	Response	1	1064120	13730	1
sub-01_2	12	Pulse	255	1077120	1249	0
sub-01_2	12	Picture	10	1080871	5000	1	20228	1	5000	20000	hit	37
sub-01_2	12	Response	2	1087870	11999	1
sub-01_2	12	Pulse	255	1097120	21249	0
sub-01_2	13	Picture	change_to_35	1101099	0	1	25231	1	0	25000	other	0
sub-01_2	13	Pulse	255	1117120	16022	0
sub-01_2	14	Picture	30	1131354	5000	1	20226	1	5000	20000	hit	42
sub-01_2	14	Response	2	1137021	10667	1
sub-01_2	14	Pulse	255	1137120	10766	0
sub-01_2	15	Picture	30	1156842	5000	1	20231	1	5000	20000	hit	46
sub-01_2	15	Pulse	255	1157120	5278	0
sub-01_2	15	Response	1	1161041	9199	1
sub-01_2	16	Pulse	255	1177121	20	0
sub-01_2	16	Picture	30	1182101	5000	1	20238	1	5000	20000	hit	49
sub-01_2	16	Response	2	1187631	10529	1
sub-01_2	16	Pulse	255	1197121	20019	0
sub-01_2	17	Picture	30	1207366	5000	1	20236	1	5000	20000	hit	52
sub-01_2	17	Response	1	1210861	8494	1
sub-01_2	17	Pulse	255	1217121	14755	0
sub-01_2	18	Picture	30	1232629	5000	1	20228	1	5000	20000	hit	55
sub-01_2	18	Response	2	1237091	9462	1
sub-01_2	18	Pulse	255	1237120	9492	0
sub-01_2	19	Picture	Bfix	1252857	0	1	200228	1	0	200000	other	0
sub-01_2	19	Pulse	255	1257121	4264	0
sub-01_2	19	Pulse	255	1277121	24264	0
sub-01_2	19	Pulse	255	1297121	44264	0
sub-01_2	19	Pulse	255	1317121	64264	0
sub-01_2	19	Pulse	255	1337121	84264	0
sub-01_2	19	Pulse	255	1357121	104264	0
sub-01_2	19	Pulse	255	1377122	124264	0
sub-01_2	19	Pulse	255	1397121	144264	0
sub-01_2	19	Pulse	255	1417122	164264	0
sub-01_2	19	Pulse	255	1437121	184264	0
sub-01_2	20	Picture	change_to_15	1453085	0	1	25231	1	0	25000	other	0
sub-01_2	20	Pulse	255	1457122	4037	0
sub-01_2	20	Pulse	255	1477122	24037	0
sub-01_2	21	Picture	10	1483341	5000	1	20226	1	5000	20000	hit	72
sub-01_2	21	Response	2	1493532	15191	1
sub-01_2	21	Pulse	255	1497122	18781	0
sub-01_2	22	Picture	10	1508816	5000	1	20231	1	5000	20000	hit	75
sub-01_2	22	Response	2	1516832	13016	1
sub-01_2	22	Pulse	255	1517122	13305	0
sub-01_2	23	Picture	10	1534075	5000	1	20231	1	5000	20000	hit	79
sub-01_2	23	Pulse	255	1537122	8047	0
sub-01_2	23	Response	2	1539582	10507	1
sub-01_2	24	Pulse	255	1557122	2790	0
sub-01_2	24	Picture	10	1559333	5000	1	20231	1	5000	20000	hit	82
sub-01_2	24	Response	1	1564522	10190	1
sub-01_2	24	Pulse	255	1577123	22791	0
sub-01_2	25	Picture	10	1584593	5000	1	20228	1	5000	20000	hit	85
sub-01_2	25	Response	1	1590003	10410	1
sub-01_2	25	Pulse	255	1597123	17530	0
sub-01_2	26	Picture	change_to_35	1604820	0	1	25240	1	0	25000	other	0
sub-01_2	26	Pulse	255	1617122	12302	0
sub-01_2	27	Picture	30	1635087	5000	1	20233	1	5000	20000	hit	91
sub-01_2	27	Pulse	255	1637122	7035	0
sub-01_2	27	Response	1	1639913	9826	1
sub-01_2	28	Pulse	255	1657123	1774	0
sub-01_2	28	Picture	30	1660349	5000	1	20230	1	5000	20000	hit	94
sub-01_2	28	Response	2	1664173	8824	1
sub-01_2	28	Pulse	255	1677123	21774	0
sub-01_2	29	Picture	30	1685606	5000	1	20236	1	5000	20000	hit	97
sub-01_2	29	Response	2	1689993	9387	1
sub-01_2	29	Pulse	255	1697123	16517	0
sub-01_2	30	Picture	30	1710869	5000	1	20232	1	5000	20000	hit	100
sub-01_2	30	Response	1	1715023	9154	1
sub-01_2	30	Pulse	255	1717123	11254	0
sub-01_2	31	Picture	30	1736130	5000	1	20228	1	5000	20000	hit	104
sub-01_2	31	Pulse	255	1737123	5993	0
sub-01_2	31	Response	2	1739923	8793	1
sub-01_2	32	Picture	change_to_25	1756358	0	1	25231	1	0	25000	other	0
sub-01_2	32	Pulse	255	1757113	755	0
sub-01_2	32	Pulse	255	1777113	20755	0
sub-01_2	33	Picture	20	1786615	5000	1	20231	1	5000	20000	hit	109
sub-01_2	33	Response	1	1794693	13078	1
sub-01_2	33	Pulse	255	1797113	15498	0
sub-01_2	34	Picture	20	1811873	5000	1	20231	1	5000	20000	hit	113
sub-01_2	34	Pulse	255	1817113	10240	0
sub-01_2	34	Response	2	1819273	12400	1
sub-01_2	35	Pulse	255	1837114	4982	0
sub-01_2	35	Picture	20	1837131	5000	1	20226	1	5000	20000	hit	116
sub-01_2	35	Response	2	1844724	12592	1
sub-01_2	35	Pulse	255	1857114	24982	0
sub-01_2	36	Picture	20	1862608	5000	1	20231	1	5000	20000	hit	119
sub-01_2	36	Response	1	1868314	10705	1
sub-01_2	36	Pulse	255	1877114	19505	0
sub-01_2	37	Picture	20	1887867	5000	1	20227	1	5000	20000	hit	122
sub-01_2	37	Response	2	1895324	12457	1
sub-01_2	37	Pulse	255	1897113	14246	0
sub-01_2	38	Picture	Bfix	1908094	0	1	200227	1	0	200000	other	0
sub-01_2	38	Pulse	255	1917114	9020	0
sub-01_2	38	Pulse	255	1937114	29020	0
sub-01_2	38	Pulse	255	1957114	49020	0
sub-01_2	38	Pulse	255	1977114	69020	0
sub-01_2	38	Pulse	255	1997114	89020	0
sub-01_2	38	Pulse	255	2017114	109020	0
sub-01_2	38	Pulse	255	2037114	129020	0
sub-01_2	38	Pulse	255	2057114	149020	0
sub-01_2	38	Pulse	255	2077115	169021	0
sub-01_2	38	Pulse	255	2097115	189020	0
sub-01_2	39	Picture	change_to_35	2108487	0	1	25231	1	0	25000	other	0
sub-01_2	39	Pulse	255	2117115	8627	0
sub-01_2	40	Pulse	255	2137115	3370	0
sub-01_2	40	Picture	30	2138744	5000	1	20226	1	5000	20000	hit	139
sub-01_2	40	Response	1	2145395	11651	1
sub-01_2	40	Pulse	255	2157115	23371	0
sub-01_2	41	Picture	30	2164221	5000	1	20234	1	5000	20000	hit	142
sub-01_2	41	Response	2	2170875	11654	1
sub-01_2	41	Pulse	255	2177115	17894	0
sub-01_2	42	Picture	30	2189482	5000	1	20230	1	5000	20000	hit	145
sub-01_2	42	Response	1	2194645	10163	1
sub-01_2	42	Pulse	255	2197115	12633	0
sub-01_2	43	Picture	30	2214741	5000	1	20226	1	5000	20000	hit	149
sub-01_2	43	Pulse	255	2217115	7374	0
sub-01_2	43	Response	2	2218525	8784	1
sub-01_2	44	Pulse	255	2237115	1890	0
sub-01_2	44	Picture	30	2240225	5000	1	20228	1	5000	20000	hit	152
sub-01_2	44	Response	1	2243006	7780	1
sub-01_2	44	Pulse	255	2257115	21890	0
sub-01_2	45	Picture	change_to_15	2260454	0	1	25234	1	0	25000	other	0
sub-01_2	45	Pulse	255	2277115	16662	0
sub-01_2	46	Picture	10	2290716	5000	1	20230	1	5000	20000	incorrect	158
sub-01_2	46	Pulse	255	2297116	11400	0
sub-01_2	46	Response	2	2298325	12610	1
sub-01_2	47	Picture	10	2315974	5000	1	20231	1	5000	20000	hit	161
sub-01_2	47	Pulse	255	2317116	6142	0
sub-01_2	47	Response	1	2324476	13502	1
sub-01_2	48	Pulse	255	2337116	884	0
sub-01_2	48	Picture	10	2341232	5000	1	20231	1	5000	20000	hit	164
sub-01_2	48	Response	2	2345166	8934	1
sub-01_2	48	Pulse	255	2357116	20884	0
sub-01_2	49	Picture	10	2366490	5000	1	20231	1	5000	20000	hit	167
sub-01_2	49	Response	2	2372076	10586	1
sub-01_2	49	Pulse	255	2377116	15626	0
sub-01_2	50	Picture	10	2391747	5000	1	20228	1	5000	20000	hit	171
sub-01_2	50	Pulse	255	2397116	10369	0
sub-01_2	50	Response	1	2399686	12939	1
sub-01_2	51	Picture	change_to_25	2411975	0	1	25231	1	0	25000	other	0
sub-01_2	51	Pulse	255	2417116	5141	0
sub-01_2	51	Pulse	255	2437117	25142	0
sub-01_2	52	Picture	20	2442234	5000	1	20231	1	5000	20000	hit	177
sub-01_2	52	Pulse	255	2457116	19883	0
sub-01_2	52	Response	2	2457436	20202	1
sub-01_2	53	Picture	20	2467492	5000	1	20231	1	5000	20000	hit	179
sub-01_2	53	Response	1	2474807	12314	1
sub-01_2	53	Pulse	255	2477116	14624	0
sub-01_2	54	Picture	20	2492752	5000	1	20226	1	5000	20000	hit	183
sub-01_2	54	Pulse	255	2497117	9365	0
sub-01_2	54	Response	2	2499917	12165	1
sub-01_2	55	Pulse	255	2517116	3887	0
sub-01_2	55	Picture	20	2518230	5000	1	20230	1	5000	20000	hit	186
sub-01_2	55	Response	1	2526067	12837	1
sub-01_2	55	Pulse	255	2537117	23887	0
sub-01_2	56	Picture	20	2543487	5000	1	20227	1	5000	20000	hit	189
sub-01_2	56	Response	2	2552087	13600	1
sub-01_2	56	Pulse	255	2557117	18630	0
sub-01_2	57	Picture	Bfix	2563714	0	1	200228	1	0	200000	other	0
sub-01_2	57	Pulse	255	2577117	13403	0
sub-01_2	57	Pulse	255	2597117	33403	0
sub-01_2	57	Pulse	255	2617117	53403	0
sub-01_2	57	Pulse	255	2637117	73403	0
sub-01_2	57	Pulse	255	2657117	93403	0
sub-01_2	57	Pulse	255	2677117	113403	0
sub-01_2	57	Pulse	255	2697117	133403	0
sub-01_2	57	Pulse	255	2717117	153403	0
sub-01_2	57	Pulse	255	2737117	173403	0
sub-01_2	57	Pulse	255	2757117	193403	0
sub-01_2	58	Picture	change_to_15	2763942	0	1	25232	1	0	25000	other	0
sub-01_2	58	Pulse	255	2777118	13175	0
sub-01_2	59	Picture	10	2794201	5000	1	20231	1	5000	20000	hit	206
sub-01_2	59	Pulse	255	2797118	7917	0
sub-01_2	59	Response	2	2802858	13657	1
sub-01_2	60	Pulse	255	2817118	2659	0
sub-01_2	60	Picture	10	2819458	5000	1	20226	1	5000	20000	hit	209
sub-01_2	60	Response	1	2826378	11920	1
sub-01_2	60	Pulse	255	2837118	22660	0
sub-01_2	61	Picture	10	2844934	5000	1	20230	1	5000	20000	hit	212
sub-01_2	61	Response	2	2850488	10554	1
sub-01_2	61	Pulse	255	2857118	17184	0
sub-01_2	62	Picture	10	2870191	5000	1	20230	1	5000	20000	hit	215
sub-01_2	62	Response	1	2876048	10857	1
sub-01_2	62	Pulse	255	2877118	11926	0
sub-01_2	63	Picture	10	2895449	5000	1	20228	1	5000	20000	hit	219
sub-01_2	63	Pulse	255	2897118	6670	0
sub-01_2	63	Response	1	2900968	10520	1
sub-01_2	64	Picture	change_to_25	2915676	0	1	25231	1	0	25000	other	0
sub-01_2	64	Pulse	255	2917118	1442	0
sub-01_2	64	Pulse	255	2937118	21442	0
sub-01_2	65	Picture	20	2945934	5000	1	20231	1	5000	20000	hit	225
sub-01_2	65	Pulse	255	2957119	16185	0
sub-01_2	65	Response	1	2961789	20855	1
sub-01_2	66	Picture	20	2971188	5000	1	20226	1	5000	20000	hit	228
sub-01_2	66	Pulse	255	2977119	10930	0
sub-01_2	66	Response	1	2983409	17221	1
sub-01_2	67	Picture	20	2996669	5000	1	20232	1	5000	20000	hit	231
sub-01_2	67	Pulse	255	2997119	5450	0
sub-01_2	67	Response	1	3004799	13130	1
sub-01_2	68	Pulse	255	3017119	193	0
sub-01_2	68	Picture	20	3021926	5000	1	20226	1	5000	20000	hit	234
sub-01_2	68	Response	2	3027539	10613	1
sub-01_2	68	Pulse	255	3037119	20193	0
sub-01_2	69	Picture	20	3047402	5000	1	20228	1	5000	20000	hit	238
sub-01_2	69	Pulse	255	3057119	14717	0
sub-01_2	69	Response	2	3058049	15647	1
sub-01_2	70	Picture	change_to_35	3067630	0	1	25231	1	0	25000	other	0
sub-01_2	70	Pulse	255	3077119	9489	0
sub-01_2	71	Pulse	255	3097119	4231	0
sub-01_2	71	Picture	30	3097888	5000	1	20234	1	5000	20000	hit	243
sub-01_2	71	Response	1	3105719	12831	1
sub-01_2	71	Pulse	255	3117119	24231	0
sub-01_2	72	Picture	30	3123149	5000	1	20230	1	5000	20000	hit	246
sub-01_2	72	Response	1	3129189	11040	1
sub-01_2	72	Pulse	255	3137119	18970	0
sub-01_2	73	Picture	30	3148407	5000	1	20231	1	5000	20000	hit	249
sub-01_2	73	Response	2	3153570	10162	1
sub-01_2	73	Pulse	255	3157119	13712	0
sub-01_2	74	Picture	30	3173665	5000	1	20234	1	5000	20000	hit	253
sub-01_2	74	Pulse	255	3177119	8454	0
sub-01_2	74	Response	2	3178389	9724	1
sub-01_2	75	Pulse	255	3197120	3193	0
sub-01_2	75	Picture	30	3198926	5000	1	20227	1	5000	20000	hit	256
sub-01_2	75	Response	1	3203960	10033	1
sub-01_2	75	Pulse	255	3217120	23193	0
sub-01_2	76	Picture	Bfix	3219154	0	1	200228	1	0	200000	other	0
sub-01_2	76	Pulse	255	3237120	17966	0
sub-01_2	76	Pulse	255	3257120	37966	0
sub-01_2	76	Pulse	255	3277110	57956	0
sub-01_2	76	Pulse	255	3297110	77957	0
sub-01_2	76	Pulse	255	3317110	97957	0
sub-01_2	76	Pulse	255	3337110	117957	0
sub-01_2	76	Pulse	255	3357110	137957	0
sub-01_2	76	Pulse	255	3377110	157957	0
sub-01_2	76	Pulse	255	3397110	177957	0
sub-01_2	76	Pulse	255	3417110	197957	0
sub-01_2	77	Picture	change_to_25	3419382	0	1	25230	1	0	25000	other	0
sub-01_2	77	Pulse	255	3437110	17728	0
sub-01_2	78	Picture	20	3449638	5000	1	20231	1	5000	20000	hit	273
sub-01_2	78	Pulse	255	3457111	12473	0
sub-01_2	78	Response	2	3460011	15373	1
sub-01_2	79	Picture	20	3474895	5000	1	20231	1	5000	20000	hit	276
sub-01_2	79	Pulse	255	3477111	7216	0
sub-01_2	79	Response	2	3484541	14646	1
sub-01_2	80	Pulse	255	3497111	1958	0
sub-01_2	80	Picture	20	3500153	5000	1	20231	1	5000	20000	hit	279
sub-01_2	80	Response	2	3508241	13088	1
sub-01_2	80	Pulse	255	3517111	21959	0
sub-01_2	81	Picture	20	3525411	5000	1	20231	1	5000	20000	hit	282
sub-01_2	81	Response	1	3530961	10550	1
sub-01_2	81	Pulse	255	3537111	16700	0
sub-01_2	82	Picture	20	3550669	5000	1	20228	1	5000	20000	hit	286
sub-01_2	82	Pulse	255	3557111	11442	0
sub-01_2	82	Response	1	3557351	11682	1
sub-01_2	83	Picture	change_to_35	3570897	0	1	25230	1	0	25000	other	0
sub-01_2	83	Pulse	255	3577111	6215	0
sub-01_2	84	Pulse	255	3597111	958	0
sub-01_2	84	Picture	30	3601153	5000	1	20236	1	5000	20000	hit	291
sub-01_2	84	Response	1	3606512	10359	1
sub-01_2	84	Pulse	255	3617111	20958	0
sub-01_2	85	Picture	30	3626417	5000	1	20231	1	5000	20000	hit	294
sub-01_2	85	Response	1	3632072	10655	1
sub-01_2	85	Pulse	255	3637112	15695	0
sub-01_2	86	Picture	30	3651675	5000	1	20231	1	5000	20000	hit	298
sub-01_2	86	Pulse	255	3657112	10437	0
sub-01_2	86	Response	2	3659062	12387	1
sub-01_2	87	Picture	30	3676934	5000	1	20231	1	5000	20000	hit	301
sub-01_2	87	Pulse	255	3677112	5178	0
sub-01_2	87	Response	2	3682862	10928	1
sub-01_2	87	Pulse	255	3697112	25178	0
sub-01_2	88	Picture	30	3702191	5000	1	20228	1	5000	20000	hit	304
sub-01_2	88	Response	1	3705992	8800	1
sub-01_2	88	Pulse	255	3717112	19920	0
sub-01_2	89	Picture	change_to_15	3722419	0	1	25231	1	0	25000	other	0
sub-01_2	89	Pulse	255	3737112	14693	0
sub-01_2	90	Picture	10	3752678	5000	1	20234	1	5000	20000	hit	310
sub-01_2	90	Pulse	255	3757112	9435	0
sub-01_2	90	Response	2	3759672	11995	1
sub-01_2	91	Pulse	255	3777112	4173	0
sub-01_2	91	Picture	10	3777939	5000	1	20230	1	5000	20000	hit	313
sub-01_2	91	Response	1	3783632	10693	1
sub-01_2	91	Pulse	255	3797112	24173	0
sub-01_2	92	Picture	10	3803197	5000	1	20231	1	5000	20000	hit	316
sub-01_2	92	Response	1	3808702	10505	1
sub-01_2	92	Pulse	255	3817112	18915	0
sub-01_2	93	Picture	10	3828456	5000	1	20230	1	5000	20000	hit	319
sub-01_2	93	Response	1	3834433	10977	1
sub-01_2	93	Pulse	255	3837113	13657	0
sub-01_2	94	Picture	10	3853713	5000	1	20227	1	5000	20000	hit	323
sub-01_2	94	Pulse	255	3857112	8399	0
sub-01_2	94	Response	2	3858982	10269	1
sub-01_2	95	Picture	Bfix	3873940	0	1	200228	1	0	200000	other	0
sub-01_2	95	Pulse	255	3877113	3172	0
sub-01_2	95	Pulse	255	3897113	23172	0
sub-01_2	95	Pulse	255	3917113	43172	0
sub-01_2	95	Pulse	255	3937113	63172	0
sub-01_2	95	Pulse	255	3957113	83173	0
sub-01_2	95	Pulse	255	3977113	103173	0
sub-01_2	95	Pulse	255	3997113	123173	0
sub-01_2	95	Pulse	255	4017114	143173	0
sub-01_2	95	Pulse	255	4037113	163173	0
sub-01_2	95	Pulse	255	4057114	183173	0
sub-01_2	96	Picture	change_to_35	4074169	0	1	25232	1	0	25000	other	0
sub-01_2	96	Pulse	255	4077114	2945	0
sub-01_2	96	Pulse	255	4097114	22945	0
sub-01_2	97	Picture	30	4104426	5000	1	20231	1	5000	20000	hit	339
sub-01_2	97	Response	2	4110934	11508	1
sub-01_2	97	Pulse	255	4117114	17688	0
sub-01_2	98	Picture	30	4129681	5000	1	20231	1	5000	20000	hit	342
sub-01_2	98	Response	1	4134064	9383	1
sub-01_2	98	Pulse	255	4137114	12433	0
sub-01_2	99	Picture	30	4154938	5000	1	20226	1	5000	20000	hit	346
sub-01_2	99	Pulse	255	4157114	7176	0
sub-01_2	99	Response	1	4159294	9356	1
sub-01_2	100	Pulse	255	4177114	1700	0
sub-01_2	100	Picture	30	4180414	5000	1	20231	1	5000	20000	hit	349
sub-01_2	100	Response	2	4184664	9250	1
sub-01_2	100	Pulse	255	4197114	21700	0
sub-01_2	101	Picture	30	4205673	5000	1	20226	1	5000	20000	hit	352
sub-01_2	101	Response	1	4209554	8881	1
sub-01_2	101	Pulse	255	4217114	16441	0
sub-01_2	102	Picture	change_to_25	4226066	0	1	25231	1	0	25000	other	0
sub-01_2	102	Pulse	255	4237114	11048	0
sub-01_2	103	Picture	20	4256325	5000	1	20231	1	5000	20000	hit	358
sub-01_2	103	Pulse	255	4257115	5790	0
sub-01_2	103	Response	2	4262894	11569	1
sub-01_2	104	Pulse	255	4277114	530	0
sub-01_2	104	Picture	20	4281584	5000	1	20231	1	5000	20000	hit	361
sub-01_2	104	Response	1	4286565	9980	1
sub-01_2	104	Pulse	255	4297115	20530	0
sub-01_2	105	Picture	20	4306844	5000	1	20231	1	5000	20000	hit	364
sub-01_2	105	Response	1	4314235	12391	1
sub-01_2	105	Pulse	255	4317114	15271	0
sub-01_2	106	Picture	20	4332102	5000	1	20226	1	5000	20000	hit	368
sub-01_2	106	Pulse	255	4337115	10013	0
sub-01_2	106	Response	1	4338804	11703	1
sub-01_2	107	Pulse	255	4357115	4539	0
sub-01_2	107	Picture	20	4357575	5000	1	20226	1	5000	20000	hit	371
sub-01_2	107	Response	2	4363335	10759	1
sub-01_2	107	Pulse	255	4377115	24539	0
sub-01_2	108	Picture	change_to_15	4377968	0	1	25226	1	0	25000	other	0
sub-01_2	108	Pulse	255	4397115	19147	0
sub-01_2	109	Picture	10	4408442	5000	1	20231	1	5000	20000	hit	377
sub-01_2	109	Pulse	255	4417115	13673	0
sub-01_2	109	Response	1	4421115	17673	1
sub-01_2	110	Picture	10	4433700	5000	1	20231	1	5000	20000	hit	380
sub-01_2	110	Pulse	255	4437115	8415	0
sub-01_2	110	Response	1	4440665	11965	1
sub-01_2	111	Pulse	255	4457115	3156	0
sub-01_2	111	Picture	10	4458960	5000	1	20226	1	5000	20000	hit	383
sub-01_2	111	Response	2	4465756	11796	1
sub-01_2	111	Pulse	255	4477115	23156	0
sub-01_2	112	Picture	10	4484437	5000	1	20231	1	5000	20000	hit	386
sub-01_2	112	Response	2	4492625	13188	1
sub-01_2	112	Pulse	255	4497115	17678	0
sub-01_2	113	Picture	10	4509696	5000	1	20227	1	5000	20000	hit	389
sub-01_2	113	Response	1	4515706	11010	1
sub-01_2	113	Pulse	255	4517115	12420	0
sub-01_2	114	Picture	Bfix	4529923	0	1	71897	1	0	60000	other	0
sub-01_2	114	Pulse	255	4537116	7193	0
sub-01_2	114	Pulse	255	4557116	27193	0
sub-01_2	114	Pulse	255	4577116	47193	0
