Scenario - loca_lec1bis
Logfile written - 01/09/2019 16:58:44

Subject	Trial	Event Type	Code	Time	TTime	Uncertainty	Duration	Uncertainty	ReqTime	ReqDur	Stim Type	Pair Index

sub-05_2	0	Pulse	255	560158	560158	0
sub-05_2	1	Picture	change_to_25	560392	0	1	25230	1	0	25000	other	0
sub-05_2	1	Pulse	255	580158	19766	0
sub-05_2	2	Picture	20	590649	5000	1	20226	1	5000	20000	miss	0
sub-05_2	2	Pulse	255	600158	14510	0
sub-05_2	2	Response	1	611068	25419	1
sub-05_2	3	Picture	20	616125	5000	1	20231	1	5000	20000	hit	9
sub-05_2	3	Pulse	255	620158	9033	0
sub-05_2	3	Response	2	625448	14323	1
sub-05_2	4	Pulse	255	640158	3776	0
sub-05_2	4	Picture	20	641382	5000	1	20231	1	5000	20000	hit	12
sub-05_2	4	Response	2	649169	12786	1
sub-05_2	4	Pulse	255	660158	23776	0
sub-05_2	5	Picture	20	666640	5000	1	20231	1	5000	20000	hit	15
sub-05_2	5	Response	2	676439	14799	1
sub-05_2	5	Pulse	255	680158	18518	0
sub-05_2	6	Picture	20	691898	5000	1	20228	1	5000	20000	hit	19
sub-05_2	6	Pulse	255	700158	13260	0
sub-05_2	6	Response	1	700658	13759	1
sub-05_2	7	Picture	change_to_15	712127	0	1	25230	1	0	25000	other	0
sub-05_2	7	Pulse	255	720159	8032	0
sub-05_2	8	Pulse	255	740159	2775	0
sub-05_2	8	Picture	10	742384	5000	1	20226	1	5000	20000	incorrect	24
sub-05_2	8	Response	1	751378	13995	1
sub-05_2	8	Pulse	255	760158	22775	0
sub-05_2	9	Picture	10	767862	5000	1	20231	1	5000	20000	hit	27
sub-05_2	9	Response	1	779759	16897	1
sub-05_2	9	Pulse	255	780158	17296	0
sub-05_2	10	Picture	10	793120	5000	1	20230	1	5000	20000	hit	31
sub-05_2	10	Pulse	255	800159	12038	0
sub-05_2	10	Response	2	802249	14129	1
sub-05_2	11	Picture	10	818378	5000	1	20231	1	5000	20000	hit	34
sub-05_2	11	Pulse	255	820159	6780	0
sub-05_2	11	Response	1	829089	15710	1
sub-05_2	12	Pulse	255	840159	1523	0
sub-05_2	12	Picture	10	843635	5000	1	20226	1	5000	20000	hit	37
sub-05_2	12	Response	2	852099	13464	1
sub-05_2	12	Pulse	255	860159	21523	0
sub-05_2	13	Picture	change_to_35	864028	0	1	25230	1	0	25000	other	0
sub-05_2	13	Pulse	255	880159	16131	0
sub-05_2	14	Picture	30	894287	5000	1	20234	1	5000	20000	hit	43
sub-05_2	14	Pulse	255	900159	10872	0
sub-05_2	14	Response	2	911099	21812	1
sub-05_2	15	Picture	30	919548	5000	1	20231	1	5000	20000	hit	46
sub-05_2	15	Pulse	255	920159	5611	0
sub-05_2	15	Response	1	924999	10450	1
sub-05_2	16	Pulse	255	940159	352	0
sub-05_2	16	Picture	30	944807	5000	1	20234	1	5000	20000	hit	49
sub-05_2	16	Response	2	950399	10592	1
sub-05_2	16	Pulse	255	960159	20352	0
sub-05_2	17	Picture	30	970069	5000	1	20231	1	5000	20000	hit	52
sub-05_2	17	Response	1	978489	13420	1
sub-05_2	17	Pulse	255	980159	15090	0
sub-05_2	18	Picture	30	995328	5000	1	20228	1	5000	20000	hit	56
sub-05_2	18	Pulse	255	1000160	9831	0
sub-05_2	18	Response	2	1007579	17251	1
sub-05_2	19	Picture	Bfix	1015557	0	1	200226	1	0	200000	other	0
sub-05_2	19	Pulse	255	1020159	4603	0
sub-05_2	19	Pulse	255	1040160	24603	0
sub-05_2	19	Pulse	255	1060159	44603	0
sub-05_2	19	Pulse	255	1080160	64603	0
sub-05_2	19	Pulse	255	1100160	84603	0
sub-05_2	19	Pulse	255	1120159	104603	0
sub-05_2	19	Pulse	255	1140160	124603	0
sub-05_2	19	Pulse	255	1160160	144603	0
sub-05_2	19	Pulse	255	1180160	164603	0
sub-05_2	19	Pulse	255	1200160	184603	0
sub-05_2	20	Picture	change_to_15	1215949	0	1	25226	1	0	25000	other	0
sub-05_2	20	Pulse	255	1220160	4210	0
sub-05_2	20	Pulse	255	1240160	24211	0
sub-05_2	21	Picture	10	1246428	5000	1	20230	1	5000	20000	hit	72
sub-05_2	21	Response	2	1259160	17732	1
sub-05_2	21	Pulse	255	1260159	18732	0
sub-05_2	22	Picture	10	1271685	5000	1	20231	1	5000	20000	miss	0
sub-05_2	22	Pulse	255	1280160	13475	0
sub-05_2	23	Picture	10	1296943	5000	1	20231	1	5000	20000	hit	78
sub-05_2	23	Pulse	255	1300160	8217	0
sub-05_2	23	Response	2	1307960	16017	1
sub-05_2	24	Pulse	255	1320160	2958	0
sub-05_2	24	Picture	10	1322202	5000	1	20231	1	5000	20000	miss	0
sub-05_2	24	Pulse	255	1340160	22958	0
sub-05_2	25	Picture	10	1347460	5000	1	20226	1	5000	20000	hit	83
sub-05_2	25	Response	1	1355441	12980	1
sub-05_2	25	Pulse	255	1360160	17700	0
sub-05_2	26	Picture	change_to_35	1367853	0	1	25231	1	0	25000	other	0
sub-05_2	26	Pulse	255	1380160	12307	0
sub-05_2	27	Picture	30	1398112	5000	1	20226	1	5000	20000	hit	89
sub-05_2	27	Pulse	255	1400160	7049	0
sub-05_2	27	Response	1	1407340	14229	1
sub-05_2	28	Pulse	255	1420161	1573	0
sub-05_2	28	Picture	30	1423588	5000	1	20230	1	5000	20000	hit	92
sub-05_2	28	Response	2	1429030	10443	1
sub-05_2	28	Pulse	255	1440161	21573	0
sub-05_2	29	Picture	30	1448846	5000	1	20231	1	5000	20000	hit	95
sub-05_2	29	Response	2	1454011	10165	1
sub-05_2	29	Pulse	255	1460161	16315	0
sub-05_2	30	Picture	30	1474105	5000	1	20231	1	5000	20000	hit	99
sub-05_2	30	Pulse	255	1480161	11056	0
sub-05_2	30	Response	1	1481391	12286	1
sub-05_2	31	Picture	30	1499364	5000	1	20228	1	5000	20000	hit	102
sub-05_2	31	Pulse	255	1500161	5797	0
sub-05_2	31	Response	2	1510011	15647	1
sub-05_2	32	Picture	change_to_25	1519591	0	1	25226	1	0	25000	other	0
sub-05_2	32	Pulse	255	1520161	569	0
sub-05_2	32	Pulse	255	1540161	20569	0
sub-05_2	33	Picture	20	1550068	5000	1	20231	1	5000	20000	incorrect	108
sub-05_2	33	Pulse	255	1560161	15094	0
sub-05_2	33	Response	2	1562141	17074	1
sub-05_2	34	Picture	20	1575326	5000	1	20226	1	5000	20000	hit	111
sub-05_2	34	Pulse	255	1580161	9835	0
sub-05_2	34	Response	2	1583461	13135	1
sub-05_2	35	Pulse	255	1600161	4359	0
sub-05_2	35	Picture	20	1600802	5000	1	20226	1	5000	20000	hit	114
sub-05_2	35	Response	2	1613711	17909	1
sub-05_2	35	Pulse	255	1620161	24358	0
sub-05_2	36	Picture	20	1626277	5000	1	20231	1	5000	20000	hit	117
sub-05_2	36	Response	1	1635831	14554	1
sub-05_2	36	Pulse	255	1640161	18884	0
sub-05_2	37	Picture	20	1651536	5000	1	20227	1	5000	20000	hit	121
sub-05_2	37	Pulse	255	1660162	13626	0
sub-05_2	37	Response	2	1660411	13875	1
sub-05_2	38	Picture	Bfix	1671763	0	1	200228	1	0	200000	other	0
sub-05_2	38	Pulse	255	1680161	8398	0
sub-05_2	38	Pulse	255	1700162	28399	0
sub-05_2	38	Pulse	255	1720162	48399	0
sub-05_2	38	Pulse	255	1740161	68398	0
sub-05_2	38	Pulse	255	1760161	88399	0
sub-05_2	38	Pulse	255	1780162	108399	0
sub-05_2	38	Pulse	255	1800162	128399	0
sub-05_2	38	Pulse	255	1820162	148399	0
sub-05_2	38	Pulse	255	1840162	168399	0
sub-05_2	38	Pulse	255	1860162	188399	0
sub-05_2	39	Picture	change_to_35	1871991	0	1	25231	1	0	25000	other	0
sub-05_2	39	Pulse	255	1880162	8171	0
sub-05_2	40	Pulse	255	1900162	2912	0
sub-05_2	40	Picture	30	1902250	5000	1	20232	1	5000	20000	hit	137
sub-05_2	40	Response	1	1912152	14903	1
sub-05_2	40	Pulse	255	1920162	22913	0
sub-05_2	41	Picture	30	1927508	5000	1	20231	1	5000	20000	hit	140
sub-05_2	41	Response	2	1934292	11784	1
sub-05_2	41	Pulse	255	1940162	17654	0
sub-05_2	42	Picture	30	1952767	5000	1	20231	1	5000	20000	hit	143
sub-05_2	42	Response	1	1958673	10906	1
sub-05_2	42	Pulse	255	1960162	12395	0
sub-05_2	43	Picture	30	1978023	5000	1	20232	1	5000	20000	hit	147
sub-05_2	43	Pulse	255	1980163	7139	0
sub-05_2	43	Response	2	1984972	11949	1
sub-05_2	44	Pulse	255	2000162	1878	0
sub-05_2	44	Picture	30	2003284	5000	1	20228	1	5000	20000	hit	150
sub-05_2	44	Response	1	2010812	12528	1
sub-05_2	44	Pulse	255	2020162	21878	0
sub-05_2	45	Picture	change_to_15	2023512	0	1	25231	1	0	25000	other	0
sub-05_2	45	Pulse	255	2040163	16651	0
sub-05_2	46	Picture	10	2053770	5000	1	20231	1	5000	20000	incorrect	156
sub-05_2	46	Pulse	255	2060162	11392	0
sub-05_2	46	Response	2	2060192	11422	1
sub-05_2	47	Picture	10	2079030	5000	1	20231	1	5000	20000	hit	159
sub-05_2	47	Pulse	255	2080162	6133	0
sub-05_2	47	Response	1	2092483	18453	1
sub-05_2	48	Pulse	255	2100163	875	0
sub-05_2	48	Picture	10	2104287	5000	1	20231	1	5000	20000	hit	162
sub-05_2	48	Response	2	2112843	13555	1
sub-05_2	48	Pulse	255	2120163	20876	0
sub-05_2	49	Picture	10	2129545	5000	1	20231	1	5000	20000	hit	165
sub-05_2	49	Response	2	2137263	12718	1
sub-05_2	49	Pulse	255	2140153	15608	0
sub-05_2	50	Picture	10	2154803	5000	1	20228	1	5000	20000	hit	169
sub-05_2	50	Pulse	255	2160153	10349	0
sub-05_2	50	Response	1	2162843	13039	1
sub-05_2	51	Picture	change_to_25	2175032	0	1	25226	1	0	25000	other	0
sub-05_2	51	Pulse	255	2180153	5122	0
sub-05_2	51	Pulse	255	2200153	25122	0
sub-05_2	52	Picture	20	2205508	5000	1	20231	1	5000	20000	miss	0
sub-05_2	52	Pulse	255	2220153	19645	0
sub-05_2	53	Picture	20	2230764	5000	1	20231	1	5000	20000	incorrect	176
sub-05_2	53	Response	2	2231823	6059	1
sub-05_2	53	Response	1	2239903	14139	1
sub-05_2	53	Pulse	255	2240152	14388	0
sub-05_2	54	Picture	20	2256024	5000	1	20231	1	5000	20000	hit	181
sub-05_2	54	Pulse	255	2260153	9130	0
sub-05_2	54	Response	2	2269133	18110	1
sub-05_2	55	Pulse	255	2280153	3871	0
sub-05_2	55	Picture	20	2281282	5000	1	20231	1	5000	20000	hit	184
sub-05_2	55	Response	1	2288633	12351	1
sub-05_2	55	Pulse	255	2300153	23871	0
sub-05_2	56	Picture	20	2306540	5000	1	20227	1	5000	20000	hit	187
sub-05_2	56	Response	2	2313823	12283	1
sub-05_2	56	Pulse	255	2320154	18613	0
sub-05_2	57	Picture	Bfix	2326767	0	1	200226	1	0	200000	other	0
sub-05_2	57	Pulse	255	2340153	13386	0
sub-05_2	57	Pulse	255	2360153	33386	0
sub-05_2	57	Pulse	255	2380153	53386	0
sub-05_2	57	Pulse	255	2400153	73386	0
sub-05_2	57	Pulse	255	2420154	93386	0
sub-05_2	57	Pulse	255	2440153	113386	0
sub-05_2	57	Pulse	255	2460154	133387	0
sub-05_2	57	Pulse	255	2480154	153387	0
sub-05_2	57	Pulse	255	2500154	173387	0
sub-05_2	57	Pulse	255	2520154	193386	0
sub-05_2	58	Picture	change_to_15	2527160	0	1	25232	1	0	25000	other	0
sub-05_2	58	Pulse	255	2540154	12994	0
sub-05_2	59	Picture	10	2557420	5000	1	20232	1	5000	20000	hit	204
sub-05_2	59	Pulse	255	2560154	7734	0
sub-05_2	59	Response	2	2566784	14364	1
sub-05_2	60	Pulse	255	2580154	2476	0
sub-05_2	60	Picture	10	2582678	5000	1	20226	1	5000	20000	miss	0
sub-05_2	60	Pulse	255	2600154	22476	0
sub-05_2	61	Picture	10	2608155	5000	1	20231	1	5000	20000	hit	209
sub-05_2	61	Response	2	2617684	14529	1
sub-05_2	61	Pulse	255	2620154	16999	0
sub-05_2	62	Picture	10	2633415	5000	1	20231	1	5000	20000	hit	213
sub-05_2	62	Pulse	255	2640154	11740	0
sub-05_2	62	Response	1	2643904	15490	1
sub-05_2	63	Picture	10	2658673	5000	1	20228	1	5000	20000	hit	216
sub-05_2	63	Pulse	255	2660155	6481	0
sub-05_2	63	Response	1	2668095	14421	1
sub-05_2	64	Picture	change_to_25	2678902	0	1	25226	1	0	25000	other	0
sub-05_2	64	Pulse	255	2680154	1253	0
sub-05_2	64	Pulse	255	2700155	21253	0
sub-05_2	65	Picture	20	2709376	5000	1	20231	1	5000	20000	hit	222
sub-05_2	65	Pulse	255	2720155	15779	0
sub-05_2	65	Response	1	2724454	20078	1
sub-05_2	66	Picture	20	2734635	5000	1	20231	1	5000	20000	hit	225
sub-05_2	66	Pulse	255	2740155	10520	0
sub-05_2	66	Response	1	2742275	12640	1
sub-05_2	67	Picture	20	2759894	5000	1	20231	1	5000	20000	hit	228
sub-05_2	67	Pulse	255	2760155	5261	0
sub-05_2	67	Response	1	2770805	15911	1
sub-05_2	68	Pulse	255	2780155	2	0
sub-05_2	68	Picture	20	2785153	5000	1	20231	1	5000	20000	hit	231
sub-05_2	68	Response	2	2792845	12692	1
sub-05_2	68	Pulse	255	2800155	20002	0
sub-05_2	69	Picture	20	2810412	5000	1	20226	1	5000	20000	hit	234
sub-05_2	69	Response	2	2817735	12323	1
sub-05_2	69	Pulse	255	2820155	14743	0
sub-05_2	70	Picture	change_to_35	2830805	0	1	25227	1	0	25000	other	0
sub-05_2	70	Pulse	255	2840155	9350	0
sub-05_2	71	Pulse	255	2860155	3873	0
sub-05_2	71	Picture	30	2861283	5000	1	20230	1	5000	20000	hit	240
sub-05_2	71	Response	1	2871065	14782	1
sub-05_2	71	Pulse	255	2880155	23873	0
sub-05_2	72	Picture	30	2886540	5000	1	20231	1	5000	20000	hit	243
sub-05_2	72	Response	1	2893305	11766	1
sub-05_2	72	Pulse	255	2900155	18615	0
sub-05_2	73	Picture	30	2911798	5000	1	20231	1	5000	20000	hit	246
sub-05_2	73	Response	2	2919935	13138	1
sub-05_2	73	Pulse	255	2920155	13357	0
sub-05_2	74	Picture	30	2937056	5000	1	20231	1	5000	20000	hit	250
sub-05_2	74	Pulse	255	2940155	8099	0
sub-05_2	74	Response	2	2943385	11330	1
sub-05_2	75	Pulse	255	2960155	2840	0
sub-05_2	75	Picture	30	2962315	5000	1	20227	1	5000	20000	hit	253
sub-05_2	75	Response	1	2968825	11510	1
sub-05_2	75	Pulse	255	2980155	22840	0
sub-05_2	76	Picture	Bfix	2982542	0	1	200227	1	0	200000	other	0
sub-05_2	76	Pulse	255	3000155	17613	0
sub-05_2	76	Pulse	255	3020156	37614	0
sub-05_2	76	Pulse	255	3040155	57613	0
sub-05_2	76	Pulse	255	3060156	77614	0
sub-05_2	76	Pulse	255	3080156	97613	0
sub-05_2	76	Pulse	255	3100156	117613	0
sub-05_2	76	Pulse	255	3120156	137613	0
sub-05_2	76	Pulse	255	3140156	157614	0
sub-05_2	76	Pulse	255	3160156	177614	0
sub-05_2	76	Pulse	255	3180156	197614	0
sub-05_2	77	Picture	change_to_25	3182936	0	1	25231	1	0	25000	other	0
sub-05_2	77	Pulse	255	3200156	17220	0
sub-05_2	78	Picture	20	3213194	5000	1	20231	1	5000	20000	hit	270
sub-05_2	78	Pulse	255	3220156	11963	0
sub-05_2	78	Response	2	3225266	17073	1
sub-05_2	79	Picture	20	3238449	5000	1	20231	1	5000	20000	hit	273
sub-05_2	79	Pulse	255	3240157	6708	0
sub-05_2	79	Response	2	3247166	13718	1
sub-05_2	80	Pulse	255	3260156	1449	0
sub-05_2	80	Picture	20	3263707	5000	1	20233	1	5000	20000	hit	276
sub-05_2	80	Response	2	3271376	12669	1
sub-05_2	80	Pulse	255	3280156	21449	0
sub-05_2	81	Picture	20	3288968	5000	1	20231	1	5000	20000	hit	279
sub-05_2	81	Response	1	3298067	14099	1
sub-05_2	81	Pulse	255	3300156	16189	0
sub-05_2	82	Picture	20	3314227	5000	1	20228	1	5000	20000	hit	283
sub-05_2	82	Pulse	255	3320157	10930	0
sub-05_2	82	Response	1	3322056	12829	1
sub-05_2	83	Picture	change_to_35	3334455	0	1	25226	1	0	25000	other	0
sub-05_2	83	Pulse	255	3340156	5702	0
sub-05_2	84	Pulse	255	3360157	225	0
sub-05_2	84	Picture	30	3364932	5000	1	20231	1	5000	20000	hit	288
sub-05_2	84	Response	1	3373877	13945	1
sub-05_2	84	Pulse	255	3380157	20225	0
sub-05_2	85	Picture	30	3390191	5000	1	20231	1	5000	20000	hit	291
sub-05_2	85	Response	1	3396117	10926	1
sub-05_2	85	Pulse	255	3400157	14967	0
sub-05_2	86	Picture	30	3415449	5000	1	20231	1	5000	20000	hit	295
sub-05_2	86	Pulse	255	3420157	9708	0
sub-05_2	86	Response	2	3422297	11848	1
sub-05_2	87	Pulse	255	3440157	4453	0
sub-05_2	87	Picture	30	3440704	5000	1	20230	1	5000	20000	hit	298
sub-05_2	87	Response	2	3446367	10663	1
sub-05_2	87	Pulse	255	3460157	24453	0
sub-05_2	88	Picture	30	3465963	5000	1	20226	1	5000	20000	hit	301
sub-05_2	88	Response	1	3472927	11964	1
sub-05_2	88	Pulse	255	3480157	19195	0
sub-05_2	89	Picture	change_to_15	3486355	0	1	25230	1	0	25000	other	0
sub-05_2	89	Pulse	255	3500157	13802	0
sub-05_2	90	Picture	10	3516613	5000	1	20231	1	5000	20000	hit	307
sub-05_2	90	Pulse	255	3520157	8544	0
sub-05_2	90	Response	2	3528737	17124	1
sub-05_2	91	Pulse	255	3540158	3284	0
sub-05_2	91	Picture	10	3541874	5000	1	20230	1	5000	20000	hit	310
sub-05_2	91	Response	1	3550217	13343	1
sub-05_2	91	Pulse	255	3560157	23284	0
sub-05_2	92	Picture	10	3567132	5000	1	20231	1	5000	20000	hit	313
sub-05_2	92	Response	1	3576688	14555	1
sub-05_2	92	Pulse	255	3580157	18025	0
sub-05_2	93	Picture	10	3592391	5000	1	20231	1	5000	20000	hit	316
sub-05_2	93	Response	1	3599978	12587	1
sub-05_2	93	Pulse	255	3600157	12766	0
sub-05_2	94	Picture	10	3617649	5000	1	20226	1	5000	20000	hit	320
sub-05_2	94	Pulse	255	3620158	7508	0
sub-05_2	94	Response	2	3626297	13648	1
sub-05_2	95	Picture	Bfix	3638042	0	1	200228	1	0	200000	other	0
sub-05_2	95	Pulse	255	3640157	2116	0
sub-05_2	95	Pulse	255	3660158	22116	0
sub-05_2	95	Pulse	255	3680158	42116	0
sub-05_2	95	Pulse	255	3700158	62116	0
sub-05_2	95	Pulse	255	3720158	82116	0
sub-05_2	95	Pulse	255	3740148	102106	0
sub-05_2	95	Pulse	255	3760148	122106	0
sub-05_2	95	Pulse	255	3780148	142106	0
sub-05_2	95	Pulse	255	3800148	162106	0
sub-05_2	95	Pulse	255	3820148	182106	0
sub-05_2	96	Picture	change_to_35	3838270	0	1	25231	1	0	25000	other	0
sub-05_2	96	Pulse	255	3840149	1879	0
sub-05_2	96	Pulse	255	3860148	21878	0
sub-05_2	97	Picture	30	3868528	5000	1	20226	1	5000	20000	hit	336
sub-05_2	97	Response	2	3875588	12060	1
sub-05_2	97	Pulse	255	3880148	16620	0
sub-05_2	98	Picture	30	3894005	5000	1	20230	1	5000	20000	hit	340
sub-05_2	98	Pulse	255	3900148	11144	0
sub-05_2	98	Response	1	3900848	11843	1
sub-05_2	99	Picture	30	3919263	5000	1	20230	1	5000	20000	hit	343
sub-05_2	99	Pulse	255	3920149	5885	0
sub-05_2	99	Response	1	3927669	13405	1
sub-05_2	100	Pulse	255	3940149	629	0
sub-05_2	100	Picture	30	3944520	5000	1	20231	1	5000	20000	hit	346
sub-05_2	100	Response	2	3951048	11528	1
sub-05_2	100	Pulse	255	3960149	20629	0
sub-05_2	101	Picture	30	3969777	5000	1	20228	1	5000	20000	hit	349
sub-05_2	101	Response	1	3976788	12012	1
sub-05_2	101	Pulse	255	3980148	15372	0
sub-05_2	102	Picture	change_to_25	3990004	0	1	25231	1	0	25000	other	0
sub-05_2	102	Pulse	255	4000149	10144	0
sub-05_2	103	Pulse	255	4020149	4887	0
sub-05_2	103	Picture	20	4020262	5000	1	20231	1	5000	20000	hit	355
sub-05_2	103	Response	2	4033039	17777	1
sub-05_2	103	Pulse	255	4040149	24886	0
sub-05_2	104	Picture	20	4045520	5000	1	20231	1	5000	20000	hit	358
sub-05_2	104	Response	1	4053639	13119	1
sub-05_2	104	Pulse	255	4060149	19629	0
sub-05_2	105	Picture	20	4070778	5000	1	20231	1	5000	20000	hit	361
sub-05_2	105	Response	1	4078559	12781	1
sub-05_2	105	Pulse	255	4080149	14371	0
sub-05_2	106	Picture	20	4096036	5000	1	20231	1	5000	20000	hit	365
sub-05_2	106	Pulse	255	4100149	9113	0
sub-05_2	106	Response	1	4102599	11563	1
sub-05_2	107	Pulse	255	4120149	3856	0
sub-05_2	107	Picture	20	4121293	5000	1	20226	1	5000	20000	hit	368
sub-05_2	107	Response	2	4129409	13116	1
sub-05_2	107	Pulse	255	4140149	23856	0
sub-05_2	108	Picture	change_to_15	4141686	0	1	25231	1	0	25000	other	0
sub-05_2	108	Pulse	255	4160149	18463	0
sub-05_2	109	Picture	10	4171943	5000	1	20226	1	5000	20000	incorrect	374
sub-05_2	109	Pulse	255	4180149	13206	0
sub-05_2	109	Response	2	4190380	23436	1
sub-05_2	110	Picture	10	4197420	5000	1	20226	1	5000	20000	hit	377
sub-05_2	110	Pulse	255	4200149	7730	0
sub-05_2	110	Response	1	4207359	14940	1
sub-05_2	111	Pulse	255	4220149	2256	0
sub-05_2	111	Picture	10	4222893	5000	1	20231	1	5000	20000	hit	380
sub-05_2	111	Response	2	4232539	14646	1
sub-05_2	111	Pulse	255	4240150	22256	0
sub-05_2	112	Picture	10	4248149	5000	1	20230	1	5000	20000	hit	383
sub-05_2	112	Response	2	4254780	11630	1
sub-05_2	112	Pulse	255	4260150	17000	0
sub-05_2	113	Picture	10	4273407	5000	1	20227	1	5000	20000	hit	387
sub-05_2	113	Pulse	255	4280150	11743	0
sub-05_2	113	Response	1	4284029	15623	1
sub-05_2	114	Picture	Bfix	4293634	0	1	71893	1	0	60000	other	0
sub-05_2	114	Pulse	255	4300150	6516	0
sub-05_2	114	Pulse	255	4320149	26516	0
sub-05_2	114	Pulse	255	4340150	46516	0
