Scenario - loca_lec1
Logfile written - 06/26/2018 09:48:31

Subject	Trial	Event Type	Code	Time	TTime	Uncertainty	Duration	Uncertainty	ReqTime	ReqDur	Stim Type	Pair Index

sub-12_1	0	Pulse	255	1220525	1220525	0
sub-12_1	1	Nothing	cut	1220755	0	1			0		other	0
sub-12_1	1	Nothing	cut	1225755	5000	1			5000		other	0
sub-12_1	1	Nothing	cut	1230755	10000	1			10000		other	0
sub-12_1	2	Picture	change_to_25	1230984	0	1	25234	1	0	25000	other	0
sub-12_1	2	Pulse	255	1240525	9542	0
sub-12_1	3	Pulse	255	1260525	4282	0
sub-12_1	3	Picture	20	1261243	5000	1	20226	1	5000	20000	miss	0
sub-12_1	3	Pulse	255	1280525	24282	0
sub-12_1	4	Picture	20	1286719	5000	1	20226	1	5000	20000	miss	0
sub-12_1	4	Pulse	255	1300525	18806	0
sub-12_1	5	Picture	20	1312197	5000	1	20231	1	5000	20000	miss	0
sub-12_1	5	Pulse	255	1320525	13328	0
sub-12_1	6	Picture	20	1337453	5000	1	20230	1	5000	20000	miss	0
sub-12_1	6	Pulse	255	1340525	8072	0
sub-12_1	7	Pulse	255	1360525	2816	0
sub-12_1	7	Picture	20	1362710	5000	1	20229	1	5000	20000	miss	0
sub-12_1	7	Pulse	255	1380525	22816	0
sub-12_1	8	Picture	change_to_15	1382938	0	1	25230	1	0	25000	other	0
sub-12_1	8	Pulse	255	1400525	17587	0
sub-12_1	9	Picture	10	1413195	5000	1	20231	1	5000	20000	miss	0
sub-12_1	9	Pulse	255	1420525	12330	0
sub-12_1	10	Picture	10	1438452	5000	1	20230	1	5000	20000	miss	0
sub-12_1	10	Pulse	255	1440525	7073	0
sub-12_1	11	Pulse	255	1460525	1817	0
sub-12_1	11	Picture	10	1463708	5000	1	20230	1	5000	20000	miss	0
sub-12_1	11	Pulse	255	1480525	21817	0
sub-12_1	12	Picture	10	1488963	5000	1	20226	1	5000	20000	miss	0
sub-12_1	12	Pulse	255	1500525	16563	0
sub-12_1	13	Picture	10	1514437	5000	1	20228	1	5000	20000	miss	0
sub-12_1	13	Pulse	255	1520525	11088	0
sub-12_1	14	Picture	change_to_35	1534665	0	1	25230	1	0	25000	other	0
sub-12_1	14	Pulse	255	1540525	5861	0
sub-12_1	15	Pulse	255	1560525	605	0
sub-12_1	15	Picture	30	1564921	5000	1	20236	1	5000	20000	miss	0
sub-12_1	15	Pulse	255	1580526	20605	0
sub-12_1	16	Picture	30	1590184	5000	1	20231	1	5000	20000	miss	0
sub-12_1	16	Pulse	255	1600526	15342	0
sub-12_1	17	Picture	30	1615440	5000	1	20235	1	5000	20000	miss	0
sub-12_1	17	Pulse	255	1620526	10085	0
sub-12_1	18	Pulse	255	1640556	4855	0
sub-12_1	18	Picture	30	1640701	5000	1	20233	1	5000	20000	miss	0
sub-12_1	18	Pulse	255	1660525	24825	0
sub-12_1	19	Picture	30	1665960	5000	1	20228	1	5000	20000	miss	0
sub-12_1	19	Pulse	255	1680525	19565	0
sub-12_1	20	Picture	Bfix	1686188	0	1	200226	1	0	200000	other	0
sub-12_1	20	Pulse	255	1700525	14338	0
sub-12_1	20	Pulse	255	1720526	34338	0
sub-12_1	20	Pulse	255	1740525	54338	0
sub-12_1	20	Pulse	255	1760526	74338	0
sub-12_1	20	Pulse	255	1780526	94338	0
sub-12_1	20	Pulse	255	1800526	114338	0
sub-12_1	20	Pulse	255	1820526	134338	0
sub-12_1	20	Pulse	255	1840526	154338	0
sub-12_1	20	Pulse	255	1860526	174338	0
sub-12_1	20	Pulse	255	1880526	194338	0
sub-12_1	21	Picture	change_to_25	1886580	0	1	25231	1	0	25000	other	0
sub-12_1	21	Pulse	255	1900526	13945	0
sub-12_1	22	Picture	20	1916837	5000	1	20226	1	5000	20000	miss	0
sub-12_1	22	Pulse	255	1920525	8688	0
sub-12_1	23	Pulse	255	1940526	3215	0
sub-12_1	23	Picture	20	1942311	5000	1	20228	1	5000	20000	miss	0
sub-12_1	23	Pulse	255	1960526	23215	0
sub-12_1	24	Picture	20	1967573	5000	1	20231	1	5000	20000	miss	0
sub-12_1	24	Pulse	255	1980526	17953	0
sub-12_1	25	Picture	20	1992831	5000	1	20231	1	5000	20000	miss	0
sub-12_1	25	Pulse	255	2000526	12695	0
sub-12_1	26	Picture	20	2018088	5000	1	20226	1	5000	20000	miss	0
sub-12_1	26	Pulse	255	2020526	7438	0
sub-12_1	27	Picture	change_to_15	2038480	0	1	25226	1	0	25000	other	0
sub-12_1	27	Pulse	255	2040526	2045	0
sub-12_1	27	Pulse	255	2060526	22046	0
sub-12_1	28	Picture	10	2068955	5000	1	20234	1	5000	20000	miss	0
sub-12_1	28	Pulse	255	2080526	16571	0
sub-12_1	29	Picture	10	2094215	5000	1	20231	1	5000	20000	miss	0
sub-12_1	29	Pulse	255	2100526	11311	0
sub-12_1	30	Picture	10	2119472	5000	1	20231	1	5000	20000	miss	0
sub-12_1	30	Pulse	255	2120526	6054	0
sub-12_1	31	Pulse	255	2140526	798	0
sub-12_1	31	Picture	10	2144728	5000	1	20226	1	5000	20000	miss	0
sub-12_1	31	Pulse	255	2160526	20798	0
sub-12_1	32	Picture	10	2170204	5000	1	20226	1	5000	20000	miss	0
sub-12_1	32	Pulse	255	2180526	15323	0
sub-12_1	33	Picture	change_to_35	2190596	0	1	25226	1	0	25000	other	0
sub-12_1	33	Pulse	255	2200526	9930	0
sub-12_1	34	Pulse	255	2220526	4455	0
sub-12_1	34	Picture	30	2221071	5000	1	20230	1	5000	20000	miss	0
sub-12_1	34	Pulse	255	2240526	24455	0
sub-12_1	35	Picture	30	2246326	5000	1	20230	1	5000	20000	miss	0
sub-12_1	35	Pulse	255	2260526	19201	0
sub-12_1	36	Picture	30	2271582	5000	1	20231	1	5000	20000	miss	0
sub-12_1	36	Pulse	255	2280526	13945	0
sub-12_1	37	Picture	30	2296839	5000	1	20234	1	5000	20000	miss	0
sub-12_1	37	Pulse	255	2300526	8688	0
sub-12_1	38	Pulse	255	2320526	3428	0
sub-12_1	38	Picture	30	2322099	5000	1	20227	1	5000	20000	miss	0
sub-12_1	38	Pulse	255	2340526	23428	0
sub-12_1	39	Picture	Bfix	2342325	0	1	200228	1	0	200000	other	0
sub-12_1	39	Pulse	255	2360526	18201	0
sub-12_1	39	Pulse	255	2380527	38201	0
sub-12_1	39	Pulse	255	2400526	58200	0
sub-12_1	39	Pulse	255	2420527	78201	0
sub-12_1	39	Pulse	255	2440527	98202	0
sub-12_1	39	Pulse	255	2460527	118201	0
sub-12_1	39	Pulse	255	2480527	138202	0
sub-12_1	39	Pulse	255	2500527	158202	0
sub-12_1	39	Pulse	255	2520527	178202	0
sub-12_1	39	Pulse	255	2540527	198202	0
sub-12_1	40	Picture	change_to_35	2542553	0	1	25231	1	0	25000	other	0
sub-12_1	40	Pulse	255	2560527	17974	0
sub-12_1	41	Picture	30	2572811	5000	1	20230	1	5000	20000	miss	0
sub-12_1	41	Pulse	255	2580526	12716	1
sub-12_1	42	Picture	30	2598067	5000	1	20231	1	5000	20000	miss	0
sub-12_1	42	Pulse	255	2600527	7460	0
sub-12_1	43	Pulse	255	2620527	2205	0
sub-12_1	43	Picture	30	2623322	5000	1	20234	1	5000	20000	miss	0
sub-12_1	43	Pulse	255	2640527	22205	0
sub-12_1	44	Picture	30	2648583	5000	1	20233	1	5000	20000	miss	0
sub-12_1	44	Pulse	255	2660527	16945	0
sub-12_1	45	Picture	30	2673842	5000	1	20228	1	5000	20000	miss	0
sub-12_1	45	Pulse	255	2680527	11685	0
sub-12_1	46	Picture	change_to_25	2694070	0	1	25231	1	0	25000	other	0
sub-12_1	46	Pulse	255	2700527	6458	0
sub-12_1	47	Pulse	255	2720527	1201	0
sub-12_1	47	Picture	20	2724326	5000	1	20231	1	5000	20000	miss	0
sub-12_1	47	Pulse	255	2740527	21201	0
sub-12_1	48	Picture	20	2749584	5000	1	20231	1	5000	20000	miss	0
sub-12_1	48	Pulse	255	2760528	15944	0
sub-12_1	49	Picture	20	2774840	5000	1	20231	1	5000	20000	miss	0
sub-12_1	49	Pulse	255	2780526	10687	0
sub-12_1	50	Picture	20	2800096	5000	1	20231	1	5000	20000	miss	0
sub-12_1	50	Pulse	255	2800527	5431	0
sub-12_1	51	Pulse	255	2820528	175	0
sub-12_1	51	Picture	20	2825352	5000	1	20228	1	5000	20000	miss	0
sub-12_1	51	Pulse	255	2840528	20175	0
sub-12_1	52	Picture	change_to_15	2845581	0	1	25230	1	0	25000	other	0
sub-12_1	52	Pulse	255	2860527	14946	0
sub-12_1	53	Picture	10	2875837	5000	1	20230	1	5000	20000	miss	0
sub-12_1	53	Pulse	255	2880527	9691	0
sub-12_1	54	Pulse	255	2900528	4435	0
sub-12_1	54	Picture	10	2901093	5000	1	20230	1	5000	20000	miss	0
sub-12_1	54	Pulse	255	2920527	24435	0
sub-12_1	55	Picture	10	2926348	5000	1	20226	1	5000	20000	miss	0
sub-12_1	55	Pulse	255	2940528	19181	0
sub-12_1	56	Picture	10	2951822	5000	1	20230	1	5000	20000	miss	0
sub-12_1	56	Pulse	255	2960528	13706	0
sub-12_1	57	Picture	10	2977078	5000	1	20227	1	5000	20000	miss	0
sub-12_1	57	Pulse	255	2980528	8450	0
sub-12_1	58	Picture	Bfix	2997304	0	1	200228	1	0	200000	other	0
sub-12_1	58	Pulse	255	3000527	3223	0
sub-12_1	58	Pulse	255	3020528	23224	0
sub-12_1	58	Pulse	255	3040528	43223	0
sub-12_1	58	Pulse	255	3060528	63224	0
sub-12_1	58	Pulse	255	3080528	83224	0
sub-12_1	58	Pulse	255	3100528	103224	0
sub-12_1	58	Pulse	255	3120528	123224	0
sub-12_1	58	Pulse	255	3140528	143223	0
sub-12_1	58	Pulse	255	3160528	163223	0
sub-12_1	58	Pulse	255	3180528	183223	0
sub-12_1	59	Picture	change_to_25	3197532	0	1	25230	1	0	25000	other	0
sub-12_1	59	Pulse	255	3200528	2996	0
sub-12_1	59	Pulse	255	3220528	22996	0
sub-12_1	60	Picture	20	3227787	5000	1	20226	1	5000	20000	miss	0
sub-12_1	60	Pulse	255	3240518	17731	0
sub-12_1	61	Picture	20	3253263	5000	1	20230	1	5000	20000	miss	0
sub-12_1	61	Pulse	255	3260517	12255	0
sub-12_1	62	Picture	20	3278519	5000	1	20231	1	5000	20000	miss	0
sub-12_1	62	Pulse	255	3280518	6999	0
sub-12_1	63	Pulse	255	3300518	1742	0
sub-12_1	63	Picture	20	3303776	5000	1	20231	1	5000	20000	miss	0
sub-12_1	63	Pulse	255	3320518	21742	0
sub-12_1	64	Picture	20	3329034	5000	1	20228	1	5000	20000	miss	0
sub-12_1	64	Pulse	255	3340518	16484	0
sub-12_1	65	Picture	change_to_15	3349262	0	1	25226	1	0	25000	other	0
sub-12_1	65	Pulse	255	3360518	11257	0
sub-12_1	66	Picture	10	3379736	5000	1	20231	1	5000	20000	miss	0
sub-12_1	66	Pulse	255	3380518	5782	0
sub-12_1	67	Pulse	255	3400518	525	0
sub-12_1	67	Picture	10	3404994	5000	1	20226	1	5000	20000	miss	0
sub-12_1	67	Pulse	255	3420518	20524	0
sub-12_1	68	Picture	10	3430467	5000	1	20230	1	5000	20000	miss	0
sub-12_1	68	Pulse	255	3440518	15051	0
sub-12_1	69	Picture	10	3455723	5000	1	20231	1	5000	20000	miss	0
sub-12_1	69	Pulse	255	3460519	9796	0
sub-12_1	70	Pulse	255	3480518	4540	0
sub-12_1	70	Picture	10	3480979	5000	1	20226	1	5000	20000	miss	0
sub-12_1	70	Pulse	255	3500519	24540	0
sub-12_1	71	Picture	change_to_35	3501371	0	1	25231	1	0	25000	other	0
sub-12_1	71	Pulse	255	3520519	19147	0
sub-12_1	72	Picture	30	3531602	5000	1	20226	1	5000	20000	miss	0
sub-12_1	72	Pulse	255	3540519	13917	0
sub-12_1	73	Picture	30	3557076	5000	1	20226	1	5000	20000	miss	0
sub-12_1	73	Pulse	255	3560518	8442	0
sub-12_1	74	Pulse	255	3580519	2966	0
sub-12_1	74	Picture	30	3582552	5000	1	20226	1	5000	20000	miss	0
sub-12_1	74	Pulse	255	3600519	22967	0
sub-12_1	75	Picture	30	3608030	5000	1	20230	1	5000	20000	miss	0
sub-12_1	75	Pulse	255	3620519	17489	0
sub-12_1	76	Picture	30	3633286	5000	1	20227	1	5000	20000	miss	0
sub-12_1	76	Pulse	255	3640519	12233	0
sub-12_1	77	Picture	Bfix	3653513	0	1	200228	1	0	200000	other	0
sub-12_1	77	Pulse	255	3660519	7006	0
sub-12_1	77	Pulse	255	3680519	27006	0
sub-12_1	77	Pulse	255	3700519	47006	0
sub-12_1	77	Pulse	255	3720519	67006	0
sub-12_1	77	Pulse	255	3740519	87006	0
sub-12_1	77	Pulse	255	3760519	107006	0
sub-12_1	77	Pulse	255	3780519	127006	0
sub-12_1	77	Pulse	255	3800519	147006	0
sub-12_1	77	Pulse	255	3820519	167006	0
sub-12_1	77	Pulse	255	3840519	187006	0
sub-12_1	78	Picture	change_to_15	3853741	0	1	25230	1	0	25000	other	0
sub-12_1	78	Pulse	255	3860519	6778	0
sub-12_1	79	Pulse	255	3880519	1522	0
sub-12_1	79	Picture	10	3883997	5000	1	20230	1	5000	20000	miss	0
sub-12_1	79	Pulse	255	3900518	21521	0
sub-12_1	80	Picture	10	3909252	5000	1	20231	1	5000	20000	miss	0
sub-12_1	80	Pulse	255	3920519	16267	0
sub-12_1	81	Picture	10	3934508	5000	1	20231	1	5000	20000	miss	0
sub-12_1	81	Pulse	255	3940519	11011	0
sub-12_1	82	Picture	10	3959765	5000	1	20226	1	5000	20000	miss	0
sub-12_1	82	Pulse	255	3960519	5755	0
sub-12_1	83	Pulse	255	3980519	279	0
sub-12_1	83	Picture	10	3985240	5000	1	20228	1	5000	20000	miss	0
sub-12_1	83	Pulse	255	4000519	20280	0
sub-12_1	84	Picture	change_to_35	4005468	0	1	25230	1	0	25000	other	0
sub-12_1	84	Pulse	255	4020519	15051	0
sub-12_1	85	Picture	30	4035725	5000	1	20230	1	5000	20000	miss	0
sub-12_1	85	Pulse	255	4040519	9794	0
sub-12_1	86	Pulse	255	4060519	4540	0
sub-12_1	86	Picture	30	4060980	5000	1	20230	1	5000	20000	miss	0
sub-12_1	86	Pulse	255	4080519	24539	0
sub-12_1	87	Picture	30	4086235	5000	1	20231	1	5000	20000	miss	0
sub-12_1	87	Pulse	255	4100519	19284	0
sub-12_1	88	Picture	30	4111492	5000	1	20178	1	5000	20000	miss	0
sub-12_1	88	Pulse	255	4120520	14028	0
sub-12_1	89	Picture	30	4136748	5000	1	20228	1	5000	20000	miss	0
sub-12_1	89	Pulse	255	4140520	8772	0
sub-12_1	90	Picture	change_to_25	4156976	0	1	25231	1	0	25000	other	0
sub-12_1	90	Pulse	255	4160520	3543	0
sub-12_1	90	Pulse	255	4180519	23543	0
sub-12_1	91	Picture	20	4187230	5000	1	20230	1	5000	20000	miss	0
sub-12_1	91	Pulse	255	4200520	18290	0
sub-12_1	92	Picture	20	4212488	5000	1	20226	1	5000	20000	miss	0
sub-12_1	92	Pulse	255	4220520	13032	0
sub-12_1	93	Picture	20	4237960	5000	1	20231	1	5000	20000	miss	0
sub-12_1	93	Pulse	255	4240520	7560	0
sub-12_1	94	Pulse	255	4260520	2304	0
sub-12_1	94	Picture	20	4263216	5000	1	20226	1	5000	20000	miss	0
sub-12_1	94	Pulse	255	4280520	22304	0
sub-12_1	95	Picture	20	4288691	5000	1	20227	1	5000	20000	miss	0
sub-12_1	95	Pulse	255	4300520	16829	0
sub-12_1	96	Picture	Bfix	4308918	0	1	200228	1	0	200000	other	0
sub-12_1	96	Pulse	255	4320520	11602	0
sub-12_1	96	Pulse	255	4340520	31602	0
sub-12_1	96	Pulse	255	4360520	51602	0
sub-12_1	96	Pulse	255	4380520	71602	0
sub-12_1	96	Pulse	255	4400520	91602	0
sub-12_1	96	Pulse	255	4420520	111602	0
sub-12_1	96	Pulse	255	4440520	131602	0
sub-12_1	96	Pulse	255	4460520	151602	0
sub-12_1	96	Pulse	255	4480520	171603	0
sub-12_1	96	Pulse	255	4500521	191603	0
sub-12_1	97	Picture	change_to_35	4509146	0	1	25231	1	0	25000	other	0
sub-12_1	97	Pulse	255	4520520	11374	0
sub-12_1	98	Picture	30	4539402	5000	1	20226	1	5000	20000	miss	0
sub-12_1	98	Pulse	255	4540520	6118	0
sub-12_1	99	Pulse	255	4560520	644	0
sub-12_1	99	Picture	30	4564877	5000	1	20231	1	5000	20000	miss	0
sub-12_1	99	Pulse	255	4580520	20643	0
sub-12_1	100	Picture	30	4590133	5000	1	20226	1	5000	20000	miss	0
sub-12_1	100	Pulse	255	4600521	15387	0
sub-12_1	101	Picture	30	4615606	5000	1	20226	1	5000	20000	miss	0
sub-12_1	101	Pulse	255	4620520	9915	0
sub-12_1	102	Pulse	255	4640520	4440	0
sub-12_1	102	Picture	30	4641080	5000	1	20228	1	5000	20000	miss	0
sub-12_1	102	Pulse	255	4660521	24441	0
sub-12_1	103	Picture	change_to_25	4661308	0	1	25231	1	0	25000	other	0
sub-12_1	103	Pulse	255	4680521	19213	0
sub-12_1	104	Picture	20	4691565	5000	1	20231	1	5000	20000	miss	0
sub-12_1	104	Pulse	255	4700520	13956	0
sub-12_1	105	Picture	20	4716821	5000	1	20230	1	5000	20000	miss	0
sub-12_1	105	Pulse	255	4720521	8700	0
sub-12_1	106	Pulse	255	4740521	3445	0
sub-12_1	106	Picture	20	4742076	5000	1	20230	1	5000	20000	miss	0
sub-12_1	106	Pulse	255	4760521	23445	0
sub-12_1	107	Picture	20	4767331	5000	1	20231	1	5000	20000	miss	0
sub-12_1	107	Pulse	255	4780521	18190	0
sub-12_1	108	Picture	20	4792586	5000	1	20229	1	5000	20000	miss	0
sub-12_1	108	Pulse	255	4800521	12935	0
sub-12_1	109	Picture	change_to_15	4812814	0	1	25231	1	0	25000	other	0
sub-12_1	109	Pulse	255	4820521	7706	0
sub-12_1	110	Pulse	255	4840521	2451	0
sub-12_1	110	Picture	10	4843070	5000	1	20226	1	5000	20000	miss	0
sub-12_1	110	Pulse	255	4860521	22451	0
sub-12_1	111	Picture	10	4868545	5000	1	20230	1	5000	20000	miss	0
sub-12_1	111	Pulse	255	4880521	16976	0
sub-12_1	112	Picture	10	4893801	5000	1	20230	1	5000	20000	miss	0
sub-12_1	112	Pulse	255	4900522	11721	0
sub-12_1	113	Picture	10	4919057	5000	1	20226	1	5000	20000	miss	0
sub-12_1	113	Pulse	255	4920521	6464	0
sub-12_1	114	Pulse	255	4940521	992	0
sub-12_1	114	Picture	10	4944528	5000	1	20226	1	5000	20000	miss	0
sub-12_1	114	Pulse	255	4960521	20993	0
sub-12_1	115	Picture	Bfix	4964921	0	1	72270	1	0	60000	other	0
sub-12_1	115	Pulse	255	4980521	15601	0
sub-12_1	115	Pulse	255	5000521	35601	0
