Scenario - loca_lec1bis
Logfile written - 12/10/2018 10:43:30

Subject	Trial	Event Type	Code	Time	TTime	Uncertainty	Duration	Uncertainty	ReqTime	ReqDur	Stim Type	Pair Index

sub-09_2	0	Pulse	255	562759	562759	0
sub-09_2	1	Picture	change_to_25	562994	0	1	25226	1	0	25000	other	0
sub-09_2	1	Pulse	255	582759	19765	0
sub-09_2	2	Picture	20	593469	5000	1	20231	1	5000	20000	hit	5
sub-09_2	2	Response	1	602609	14139	1
sub-09_2	2	Pulse	255	602758	14288	0
sub-09_2	3	Picture	20	618727	5000	1	20231	1	5000	20000	hit	9
sub-09_2	3	Pulse	255	622759	9032	0
sub-09_2	3	Response	2	627779	14052	1
sub-09_2	4	Pulse	255	642759	3775	0
sub-09_2	4	Picture	20	643983	5000	1	20231	1	5000	20000	hit	12
sub-09_2	4	Response	2	652079	13095	1
sub-09_2	4	Pulse	255	662759	23775	0
sub-09_2	5	Picture	20	669240	5000	1	20231	1	5000	20000	hit	15
sub-09_2	5	Response	2	674989	10749	1
sub-09_2	5	Pulse	255	682759	18519	0
sub-09_2	6	Picture	20	694497	5000	1	20228	1	5000	20000	hit	18
sub-09_2	6	Response	1	701429	11932	1
sub-09_2	6	Pulse	255	702759	13261	0
sub-09_2	7	Picture	change_to_15	714725	0	1	25230	1	0	25000	other	0
sub-09_2	7	Pulse	255	722759	8034	0
sub-09_2	8	Pulse	255	742749	2767	0
sub-09_2	8	Picture	10	744982	5000	1	20231	1	5000	20000	hit	24
sub-09_2	8	Response	2	750869	10888	1
sub-09_2	8	Pulse	255	762749	22767	0
sub-09_2	9	Picture	10	770239	5000	1	20231	1	5000	20000	hit	27
sub-09_2	9	Response	1	779239	14001	1
sub-09_2	9	Pulse	255	782749	17510	0
sub-09_2	10	Picture	10	795496	5000	1	20230	1	5000	20000	hit	30
sub-09_2	10	Response	2	802039	11544	1
sub-09_2	10	Pulse	255	802749	12253	0
sub-09_2	11	Picture	10	820752	5000	1	20226	1	5000	20000	hit	34
sub-09_2	11	Pulse	255	822749	6997	0
sub-09_2	11	Response	1	827289	11537	1
sub-09_2	12	Pulse	255	842749	1521	0
sub-09_2	12	Picture	10	846228	5000	1	20228	1	5000	20000	hit	37
sub-09_2	12	Response	2	852889	11661	1
sub-09_2	12	Pulse	255	862750	21521	0
sub-09_2	13	Picture	change_to_35	866456	0	1	25231	1	0	25000	other	0
sub-09_2	13	Pulse	255	882750	16293	0
sub-09_2	14	Picture	30	896713	5000	1	20234	1	5000	20000	hit	42
sub-09_2	14	Response	2	901909	10197	1
sub-09_2	14	Pulse	255	902749	11036	0
sub-09_2	15	Picture	30	921973	5000	1	20231	1	5000	20000	hit	46
sub-09_2	15	Pulse	255	922750	5777	0
sub-09_2	15	Response	1	927790	10817	1
sub-09_2	16	Pulse	255	942750	520	0
sub-09_2	16	Picture	30	947230	5000	1	20234	1	5000	20000	hit	49
sub-09_2	16	Response	2	953240	11010	1
sub-09_2	16	Pulse	255	962750	20520	0
sub-09_2	17	Picture	30	972490	5000	1	20231	1	5000	20000	hit	52
sub-09_2	17	Response	1	978800	11310	1
sub-09_2	17	Pulse	255	982750	15260	0
sub-09_2	18	Picture	30	997746	5000	1	20226	1	5000	20000	hit	56
sub-09_2	18	Pulse	255	1002750	10004	0
sub-09_2	18	Response	2	1003450	10703	1
sub-09_2	19	Picture	Bfix	1018139	0	1	200226	1	0	200000	other	0
sub-09_2	19	Pulse	255	1022750	4611	0
sub-09_2	19	Pulse	255	1042750	24611	0
sub-09_2	19	Pulse	255	1062750	44611	0
sub-09_2	19	Pulse	255	1082750	64611	0
sub-09_2	19	Pulse	255	1102750	84611	0
sub-09_2	19	Pulse	255	1122750	104611	0
sub-09_2	19	Pulse	255	1142750	124611	0
sub-09_2	19	Pulse	255	1162751	144611	0
sub-09_2	19	Pulse	255	1182750	164611	0
sub-09_2	19	Pulse	255	1202751	184611	0
sub-09_2	20	Picture	change_to_15	1218532	0	1	25226	1	0	25000	other	0
sub-09_2	20	Pulse	255	1222750	4218	0
sub-09_2	20	Pulse	255	1242751	24219	0
sub-09_2	21	Picture	10	1249009	5000	1	20230	1	5000	20000	hit	72
sub-09_2	21	Response	2	1257001	12991	1
sub-09_2	21	Pulse	255	1262751	18741	0
sub-09_2	22	Picture	10	1274266	5000	1	20231	1	5000	20000	hit	76
sub-09_2	22	Pulse	255	1282751	13485	0
sub-09_2	22	Response	2	1283180	13914	1
sub-09_2	23	Picture	10	1299523	5000	1	20226	1	5000	20000	hit	79
sub-09_2	23	Pulse	255	1302751	8228	0
sub-09_2	23	Response	2	1309000	14477	1
sub-09_2	24	Pulse	255	1322751	2752	0
sub-09_2	24	Picture	10	1324999	5000	1	20226	1	5000	20000	hit	82
sub-09_2	24	Response	1	1333301	13302	1
sub-09_2	24	Pulse	255	1342751	22752	0
sub-09_2	25	Picture	10	1350475	5000	1	20228	1	5000	20000	hit	85
sub-09_2	25	Response	1	1356891	11416	1
sub-09_2	25	Pulse	255	1362751	17276	0
sub-09_2	26	Picture	change_to_35	1370703	0	1	25231	1	0	25000	other	0
sub-09_2	26	Pulse	255	1382751	12049	0
sub-09_2	27	Picture	30	1400960	5000	1	20230	1	5000	20000	hit	91
sub-09_2	27	Pulse	255	1402751	6792	0
sub-09_2	27	Response	1	1407961	12002	1
sub-09_2	28	Pulse	255	1422751	1535	0
sub-09_2	28	Picture	30	1426217	5000	1	20230	1	5000	20000	hit	94
sub-09_2	28	Response	2	1431731	10515	1
sub-09_2	28	Pulse	255	1442751	21535	0
sub-09_2	29	Picture	30	1451473	5000	1	20231	1	5000	20000	hit	97
sub-09_2	29	Response	2	1462141	15669	1
sub-09_2	29	Pulse	255	1462751	16278	0
sub-09_2	30	Picture	30	1476730	5000	1	20231	1	5000	20000	hit	101
sub-09_2	30	Pulse	255	1482752	11021	0
sub-09_2	30	Response	1	1483081	11351	1
sub-09_2	31	Picture	30	1501988	5000	1	20228	1	5000	20000	hit	104
sub-09_2	31	Pulse	255	1502751	5763	0
sub-09_2	31	Response	2	1507221	10233	1
sub-09_2	32	Picture	change_to_25	1522216	0	1	25231	1	0	25000	other	0
sub-09_2	32	Pulse	255	1522752	535	0
sub-09_2	32	Pulse	255	1542752	20536	0
sub-09_2	33	Picture	20	1552472	5000	1	20231	1	5000	20000	hit	110
sub-09_2	33	Pulse	255	1562752	15279	0
sub-09_2	33	Response	1	1563492	16019	1
sub-09_2	34	Picture	20	1577730	5000	1	20231	1	5000	20000	hit	113
sub-09_2	34	Pulse	255	1582752	10022	0
sub-09_2	34	Response	2	1584602	11872	1
sub-09_2	35	Pulse	255	1602752	4765	0
sub-09_2	35	Picture	20	1602987	5000	1	20226	1	5000	20000	hit	116
sub-09_2	35	Response	2	1609582	11595	1
sub-09_2	35	Pulse	255	1622752	24765	0
sub-09_2	36	Picture	20	1628463	5000	1	20231	1	5000	20000	hit	119
sub-09_2	36	Response	1	1637572	14109	1
sub-09_2	36	Pulse	255	1642752	19289	0
sub-09_2	37	Picture	20	1653720	5000	1	20227	1	5000	20000	hit	122
sub-09_2	37	Response	2	1661062	12342	1
sub-09_2	37	Pulse	255	1662752	14032	0
sub-09_2	38	Picture	Bfix	1673947	0	1	200228	1	0	200000	other	0
sub-09_2	38	Pulse	255	1682752	8805	0
sub-09_2	38	Pulse	255	1702752	28805	0
sub-09_2	38	Pulse	255	1722752	48806	0
sub-09_2	38	Pulse	255	1742752	68806	0
sub-09_2	38	Pulse	255	1762752	88806	0
sub-09_2	38	Pulse	255	1782753	108806	0
sub-09_2	38	Pulse	255	1802752	128806	0
sub-09_2	38	Pulse	255	1822753	148806	0
sub-09_2	38	Pulse	255	1842753	168806	0
sub-09_2	38	Pulse	255	1862753	188806	0
sub-09_2	39	Picture	change_to_35	1874175	0	1	25231	1	0	25000	other	0
sub-09_2	39	Pulse	255	1882753	8578	0
sub-09_2	40	Pulse	255	1902753	3321	0
sub-09_2	40	Picture	30	1904432	5000	1	20232	1	5000	20000	hit	139
sub-09_2	40	Response	1	1911073	11641	1
sub-09_2	40	Pulse	255	1922753	23321	0
sub-09_2	41	Picture	30	1929689	5000	1	20231	1	5000	20000	hit	142
sub-09_2	41	Response	2	1934853	10164	1
sub-09_2	41	Pulse	255	1942753	18064	0
sub-09_2	42	Picture	30	1954946	5000	1	20231	1	5000	20000	hit	145
sub-09_2	42	Response	1	1961023	11077	1
sub-09_2	42	Pulse	255	1962753	12807	0
sub-09_2	43	Picture	30	1980202	5000	1	20232	1	5000	20000	hit	149
sub-09_2	43	Pulse	255	1982753	7551	0
sub-09_2	43	Response	2	1985383	10181	1
sub-09_2	44	Pulse	255	2002753	2293	0
sub-09_2	44	Picture	30	2005460	5000	1	20228	1	5000	20000	hit	152
sub-09_2	44	Response	1	2010883	10423	1
sub-09_2	44	Pulse	255	2022753	22294	0
sub-09_2	45	Picture	change_to_15	2025688	0	1	25226	1	0	25000	other	0
sub-09_2	45	Pulse	255	2042753	17066	0
sub-09_2	46	Picture	10	2056163	5000	1	20230	1	5000	20000	incorrect	158
sub-09_2	46	Pulse	255	2062753	11591	0
sub-09_2	46	Response	2	2065423	14260	1
sub-09_2	47	Picture	10	2081420	5000	1	20231	1	5000	20000	hit	161
sub-09_2	47	Pulse	255	2082753	6333	0
sub-09_2	47	Response	1	2090803	14383	1
sub-09_2	48	Pulse	255	2102754	1076	0
sub-09_2	48	Picture	10	2106677	5000	1	20231	1	5000	20000	hit	164
sub-09_2	48	Response	2	2113343	11666	1
sub-09_2	48	Pulse	255	2122753	21076	0
sub-09_2	49	Picture	10	2131934	5000	1	20231	1	5000	20000	hit	167
sub-09_2	49	Response	2	2139844	12910	1
sub-09_2	49	Pulse	255	2142754	15820	0
sub-09_2	50	Picture	10	2157191	5000	1	20226	1	5000	20000	hit	171
sub-09_2	50	Pulse	255	2162754	10563	0
sub-09_2	50	Response	1	2163613	11422	1
sub-09_2	51	Picture	change_to_25	2177584	0	1	25226	1	0	25000	other	0
sub-09_2	51	Pulse	255	2182754	5170	0
sub-09_2	51	Pulse	255	2202754	25170	0
sub-09_2	52	Picture	20	2208060	5000	1	20231	1	5000	20000	hit	176
sub-09_2	52	Response	2	2217384	14323	1
sub-09_2	52	Pulse	255	2222754	19693	0
sub-09_2	53	Picture	20	2233317	5000	1	20231	1	5000	20000	hit	179
sub-09_2	53	Response	1	2240794	12477	1
sub-09_2	53	Pulse	255	2242754	14437	0
sub-09_2	54	Picture	20	2258574	5000	1	20230	1	5000	20000	hit	183
sub-09_2	54	Pulse	255	2262754	9180	0
sub-09_2	54	Response	2	2265774	12200	1
sub-09_2	55	Pulse	255	2282754	3924	0
sub-09_2	55	Picture	20	2283831	5000	1	20231	1	5000	20000	hit	186
sub-09_2	55	Response	1	2289954	11123	1
sub-09_2	55	Pulse	255	2302754	23923	0
sub-09_2	56	Picture	20	2309087	5000	1	20226	1	5000	20000	hit	189
sub-09_2	56	Response	2	2315824	11737	1
sub-09_2	56	Pulse	255	2322754	18667	0
sub-09_2	57	Picture	Bfix	2329480	0	1	200228	1	0	200000	other	0
sub-09_2	57	Pulse	255	2342754	13275	0
sub-09_2	57	Pulse	255	2362754	33275	0
sub-09_2	57	Pulse	255	2382754	53275	0
sub-09_2	57	Pulse	255	2402754	73275	0
sub-09_2	57	Pulse	255	2422755	93275	0
sub-09_2	57	Pulse	255	2442745	113265	0
sub-09_2	57	Pulse	255	2462745	133265	0
sub-09_2	57	Pulse	255	2482745	153265	0
sub-09_2	57	Pulse	255	2502745	173265	0
sub-09_2	57	Pulse	255	2522745	193265	0
sub-09_2	58	Picture	change_to_15	2529708	0	1	25232	1	0	25000	other	0
sub-09_2	58	Pulse	255	2542745	13037	0
sub-09_2	59	Picture	10	2559966	5000	1	20230	1	5000	20000	hit	206
sub-09_2	59	Pulse	255	2562745	7778	0
sub-09_2	59	Response	2	2568235	13269	1
sub-09_2	60	Pulse	255	2582745	2521	0
sub-09_2	60	Picture	10	2585224	5000	1	20231	1	5000	20000	hit	209
sub-09_2	60	Response	1	2592175	11951	1
sub-09_2	60	Pulse	255	2602745	22521	0
sub-09_2	61	Picture	10	2610481	5000	1	20226	1	5000	20000	hit	212
sub-09_2	61	Response	2	2615415	9934	1
sub-09_2	61	Pulse	255	2622745	17264	0
sub-09_2	62	Picture	10	2635956	5000	1	20226	1	5000	20000	hit	215
sub-09_2	62	Response	1	2641475	10519	1
sub-09_2	62	Pulse	255	2642745	11789	0
sub-09_2	63	Picture	10	2661432	5000	1	20228	1	5000	20000	hit	219
sub-09_2	63	Pulse	255	2662745	6313	0
sub-09_2	63	Response	1	2668625	12193	1
sub-09_2	64	Picture	change_to_25	2681660	0	1	25231	1	0	25000	other	0
sub-09_2	64	Pulse	255	2682746	1085	0
sub-09_2	64	Pulse	255	2702746	21086	0
sub-09_2	65	Picture	20	2711916	5000	1	20231	1	5000	20000	hit	225
sub-09_2	65	Pulse	255	2722746	15829	0
sub-09_2	65	Response	1	2726686	19769	1
sub-09_2	66	Picture	20	2737175	5000	1	20226	1	5000	20000	hit	228
sub-09_2	66	Pulse	255	2742745	10571	0
sub-09_2	66	Response	1	2745815	13641	1
sub-09_2	67	Picture	20	2762650	5000	1	20231	1	5000	20000	hit	231
sub-09_2	67	Pulse	255	2762746	5095	0
sub-09_2	67	Response	1	2769326	11675	1
sub-09_2	67	Pulse	255	2782746	25095	0
sub-09_2	68	Picture	20	2787906	5000	1	20231	1	5000	20000	hit	234
sub-09_2	68	Response	2	2793566	10660	1
sub-09_2	68	Pulse	255	2802746	19840	0
sub-09_2	69	Picture	20	2813169	5000	1	20228	1	5000	20000	hit	237
sub-09_2	69	Response	2	2821546	13377	1
sub-09_2	69	Pulse	255	2822746	14577	0
sub-09_2	70	Picture	change_to_35	2833396	0	1	25231	1	0	25000	other	0
sub-09_2	70	Pulse	255	2842746	9350	0
sub-09_2	71	Pulse	255	2862746	4092	0
sub-09_2	71	Picture	30	2863654	5000	1	20231	1	5000	20000	hit	243
sub-09_2	71	Response	1	2869676	11022	1
sub-09_2	71	Pulse	255	2882746	24092	0
sub-09_2	72	Picture	30	2888911	5000	1	20230	1	5000	20000	hit	246
sub-09_2	72	Response	1	2894276	10365	1
sub-09_2	72	Pulse	255	2902746	18835	0
sub-09_2	73	Picture	30	2914167	5000	1	20231	1	5000	20000	hit	249
sub-09_2	73	Response	2	2919756	10589	1
sub-09_2	73	Pulse	255	2922746	13579	0
sub-09_2	74	Picture	30	2939425	5000	1	20231	1	5000	20000	hit	253
sub-09_2	74	Pulse	255	2942746	8321	0
sub-09_2	74	Response	2	2946536	12111	1
sub-09_2	75	Pulse	255	2962746	3064	0
sub-09_2	75	Picture	30	2964682	5000	1	20227	1	5000	20000	hit	256
sub-09_2	75	Response	1	2970336	10654	1
sub-09_2	75	Pulse	255	2982746	23064	0
sub-09_2	76	Picture	Bfix	2984909	0	1	200228	1	0	200000	other	0
sub-09_2	76	Pulse	255	3002747	17837	0
sub-09_2	76	Pulse	255	3022747	37837	0
sub-09_2	76	Pulse	255	3042747	57837	0
sub-09_2	76	Pulse	255	3062747	77837	0
sub-09_2	76	Pulse	255	3082747	97837	0
sub-09_2	76	Pulse	255	3102747	117837	0
sub-09_2	76	Pulse	255	3122747	137838	0
sub-09_2	76	Pulse	255	3142747	157837	0
sub-09_2	76	Pulse	255	3162747	177838	0
sub-09_2	76	Pulse	255	3182747	197838	0
sub-09_2	77	Picture	change_to_25	3185138	0	1	25230	1	0	25000	other	0
sub-09_2	77	Pulse	255	3202747	17609	0
sub-09_2	78	Picture	20	3215395	5000	1	20231	1	5000	20000	hit	273
sub-09_2	78	Pulse	255	3222747	12352	0
sub-09_2	78	Response	2	3224197	13802	1
sub-09_2	79	Picture	20	3240652	5000	1	20231	1	5000	20000	hit	276
sub-09_2	79	Pulse	255	3242747	7095	0
sub-09_2	79	Response	2	3248957	13305	1
sub-09_2	80	Pulse	255	3262747	1837	0
sub-09_2	80	Picture	20	3265910	5000	1	20232	1	5000	20000	hit	279
sub-09_2	80	Response	2	3274338	13427	1
sub-09_2	80	Pulse	255	3282747	21837	0
sub-09_2	81	Picture	20	3291168	5000	1	20231	1	5000	20000	hit	282
sub-09_2	81	Response	1	3297527	11360	1
sub-09_2	81	Pulse	255	3302747	16580	0
sub-09_2	82	Picture	20	3316424	5000	1	20228	1	5000	20000	hit	286
sub-09_2	82	Pulse	255	3322747	11323	0
sub-09_2	82	Response	1	3323197	11773	1
sub-09_2	83	Picture	change_to_35	3336652	0	1	25231	1	0	25000	other	0
sub-09_2	83	Pulse	255	3342748	6096	0
sub-09_2	84	Pulse	255	3362748	839	0
sub-09_2	84	Picture	30	3366909	5000	1	20231	1	5000	20000	hit	291
sub-09_2	84	Response	1	3373008	11099	1
sub-09_2	84	Pulse	255	3382747	20839	0
sub-09_2	85	Picture	30	3392166	5000	1	20231	1	5000	20000	hit	294
sub-09_2	85	Response	1	3397108	9941	1
sub-09_2	85	Pulse	255	3402748	15581	0
sub-09_2	86	Picture	30	3417423	5000	1	20231	1	5000	20000	hit	298
sub-09_2	86	Pulse	255	3422748	10325	0
sub-09_2	86	Response	2	3426168	13745	1
sub-09_2	87	Picture	30	3442679	5000	1	20226	1	5000	20000	hit	301
sub-09_2	87	Pulse	255	3442748	5069	0
sub-09_2	87	Response	2	3449808	12129	1
sub-09_2	87	Pulse	255	3462758	25079	0
sub-09_2	88	Picture	30	3468154	5000	1	20228	1	5000	20000	hit	304
sub-09_2	88	Response	1	3473838	10684	1
sub-09_2	88	Pulse	255	3482748	19594	0
sub-09_2	89	Picture	change_to_15	3488382	0	1	25231	1	0	25000	other	0
sub-09_2	89	Pulse	255	3502748	14366	0
sub-09_2	90	Picture	10	3518639	5000	1	20231	1	5000	20000	hit	310
sub-09_2	90	Pulse	255	3522748	9109	0
sub-09_2	90	Response	2	3534808	21169	1
sub-09_2	91	Pulse	255	3542748	3853	0
sub-09_2	91	Picture	10	3543895	5000	1	20231	1	5000	20000	hit	313
sub-09_2	91	Response	1	3552108	13213	1
sub-09_2	91	Pulse	255	3562748	23853	0
sub-09_2	92	Picture	10	3569151	5000	1	20226	1	5000	20000	hit	316
sub-09_2	92	Response	1	3582278	18127	1
sub-09_2	92	Pulse	255	3582748	18596	0
sub-09_2	93	Picture	10	3594628	5000	1	20226	1	5000	20000	hit	320
sub-09_2	93	Pulse	255	3602748	13121	0
sub-09_2	93	Response	1	3602858	13230	1
sub-09_2	94	Picture	10	3620100	5000	1	20227	1	5000	20000	hit	323
sub-09_2	94	Pulse	255	3622748	7648	0
sub-09_2	94	Response	2	3627258	12158	1
sub-09_2	95	Picture	Bfix	3640327	0	1	200228	1	0	200000	other	0
sub-09_2	95	Pulse	255	3642748	2421	0
sub-09_2	95	Pulse	255	3662749	22422	0
sub-09_2	95	Pulse	255	3682748	42421	0
sub-09_2	95	Pulse	255	3702748	62421	0
sub-09_2	95	Pulse	255	3722749	82422	0
sub-09_2	95	Pulse	255	3742749	102422	0
sub-09_2	95	Pulse	255	3762749	122422	0
sub-09_2	95	Pulse	255	3782749	142422	0
sub-09_2	95	Pulse	255	3802749	162422	0
sub-09_2	95	Pulse	255	3822749	182422	0
sub-09_2	96	Picture	change_to_35	3840555	0	1	25231	1	0	25000	other	0
sub-09_2	96	Pulse	255	3842749	2194	0
sub-09_2	96	Pulse	255	3862749	22194	0
sub-09_2	97	Picture	30	3870812	5000	1	20231	1	5000	20000	hit	339
sub-09_2	97	Response	2	3878369	12557	1
sub-09_2	97	Pulse	255	3882749	16937	0
sub-09_2	98	Picture	30	3896069	5000	1	20231	1	5000	20000	hit	342
sub-09_2	98	Response	1	3902119	11051	1
sub-09_2	98	Pulse	255	3902749	11680	0
sub-09_2	99	Picture	30	3921326	5000	1	20226	1	5000	20000	hit	346
sub-09_2	99	Pulse	255	3922749	6423	0
sub-09_2	99	Response	1	3928649	12323	1
sub-09_2	100	Pulse	255	3942749	947	0
sub-09_2	100	Picture	30	3946802	5000	1	20231	1	5000	20000	hit	349
sub-09_2	100	Response	2	3952949	11147	1
sub-09_2	100	Pulse	255	3962749	20947	0
sub-09_2	101	Picture	30	3972057	5000	1	20228	1	5000	20000	hit	352
sub-09_2	101	Response	1	3977999	10942	1
sub-09_2	101	Pulse	255	3982750	15693	0
sub-09_2	102	Picture	change_to_25	3992285	0	1	25231	1	0	25000	other	0
sub-09_2	102	Pulse	255	4002750	10465	0
sub-09_2	103	Picture	20	4022542	5000	1	20226	1	5000	20000	hit	358
sub-09_2	103	Pulse	255	4022750	5208	0
sub-09_2	103	Response	2	4035000	17458	1
sub-09_2	103	Pulse	255	4042750	25208	0
sub-09_2	104	Picture	20	4048016	5000	1	20226	1	5000	20000	hit	361
sub-09_2	104	Response	1	4055420	12404	1
sub-09_2	104	Pulse	255	4062750	19734	0
sub-09_2	105	Picture	20	4073491	5000	1	20230	1	5000	20000	hit	364
sub-09_2	105	Response	1	4082490	13999	1
sub-09_2	105	Pulse	255	4082749	14258	0
sub-09_2	106	Picture	20	4098747	5000	1	20231	1	5000	20000	hit	368
sub-09_2	106	Pulse	255	4102750	9003	0
sub-09_2	106	Response	1	4105980	12233	1
sub-09_2	107	Pulse	255	4122750	3745	0
sub-09_2	107	Picture	20	4124005	5000	1	20228	1	5000	20000	hit	371
sub-09_2	107	Response	2	4131940	12935	1
sub-09_2	107	Pulse	255	4142750	23746	0
sub-09_2	108	Picture	change_to_15	4144232	0	1	25231	1	0	25000	other	0
sub-09_2	108	Pulse	255	4162740	18508	0
sub-09_2	109	Picture	10	4174490	5000	1	20231	1	5000	20000	incorrect	377
sub-09_2	109	Pulse	255	4182740	13250	0
sub-09_2	109	Response	2	4186720	17230	1
sub-09_2	110	Picture	10	4199747	5000	1	20231	1	5000	20000	hit	380
sub-09_2	110	Pulse	255	4202740	7993	0
sub-09_2	110	Response	1	4206080	11333	1
sub-09_2	111	Pulse	255	4222740	2737	0
sub-09_2	111	Picture	10	4225004	5000	1	20231	1	5000	20000	hit	383
sub-09_2	111	Response	2	4230690	10687	1
sub-09_2	111	Pulse	255	4242740	22737	0
sub-09_2	112	Picture	10	4250261	5000	1	20231	1	5000	20000	hit	386
sub-09_2	112	Response	2	4257210	11949	1
sub-09_2	112	Pulse	255	4262740	17479	0
sub-09_2	113	Picture	10	4275518	5000	1	20227	1	5000	20000	hit	389
sub-09_2	113	Response	1	4281721	11202	1
sub-09_2	113	Pulse	255	4282740	12222	0
sub-09_2	114	Picture	Bfix	4295745	0	1	71942	1	0	60000	other	0
sub-09_2	114	Pulse	255	4302740	6995	0
sub-09_2	114	Pulse	255	4322741	26996	0
sub-09_2	114	Pulse	255	4342741	46995	0
