Scenario - loca_lec1
Logfile written - 01/09/2019 16:22:18

Subject	Trial	Event Type	Code	Time	TTime	Uncertainty	Duration	Uncertainty	ReqTime	ReqDur	Stim Type	Pair Index

sub-05_1	0	Response	1	332261	332261	1
sub-05_1	0	Response	2	338422	338422	1
sub-05_1	0	Response	1	369842	369842	1
sub-05_1	0	Response	2	380391	380391	1
sub-05_1	0	Response	1	444252	444252	1
sub-05_1	0	Response	2	455672	455672	1
sub-05_1	0	Pulse	255	1155174	1155174	0
sub-05_1	1	Nothing	cut	1155405	0	1			0		other	0
sub-05_1	1	Nothing	cut	1160405	5000	1			5000		other	0
sub-05_1	2	Picture	change_to_25	1165633	0	1	25262	1	0	25000	other	0
sub-05_1	2	Pulse	255	1175174	9541	0
sub-05_1	3	Pulse	255	1195174	4280	0
sub-05_1	3	Picture	20	1195894	5000	1	20321	1	5000	20000	incorrect	14
sub-05_1	3	Response	1	1213964	23070	1
sub-05_1	3	Pulse	255	1215174	24280	0
sub-05_1	4	Picture	20	1221241	5000	1	20234	1	5000	20000	incorrect	18
sub-05_1	4	Pulse	255	1235174	18933	0
sub-05_1	4	Response	2	1236804	20562	1
sub-05_1	5	Picture	20	1246500	5000	1	20237	1	5000	20000	incorrect	21
sub-05_1	5	Pulse	255	1255174	13674	0
sub-05_1	5	Response	2	1257374	15874	1
sub-05_1	6	Picture	20	1271766	5000	1	20226	1	5000	20000	hit	24
sub-05_1	6	Pulse	255	1275174	8408	0
sub-05_1	6	Response	2	1290204	23438	1
sub-05_1	7	Pulse	255	1295174	2930	0
sub-05_1	7	Picture	20	1297245	5000	1	20228	1	5000	20000	hit	27
sub-05_1	7	Response	1	1304944	12700	1
sub-05_1	7	Pulse	255	1315174	22930	0
sub-05_1	8	Picture	change_to_15	1317472	0	1	25236	1	0	25000	other	0
sub-05_1	8	Pulse	255	1335174	17702	0
sub-05_1	9	Picture	10	1347735	5000	1	20231	1	5000	20000	hit	33
sub-05_1	9	Pulse	255	1355174	12439	0
sub-05_1	9	Response	2	1361114	18379	1
sub-05_1	10	Picture	10	1372995	5000	1	20230	1	5000	20000	hit	36
sub-05_1	10	Pulse	255	1375175	7180	0
sub-05_1	10	Response	2	1384794	16799	1
sub-05_1	11	Pulse	255	1395174	1920	0
sub-05_1	11	Picture	10	1398254	5000	1	20231	1	5000	20000	hit	39
sub-05_1	11	Response	1	1406075	12821	1
sub-05_1	11	Pulse	255	1415175	21921	0
sub-05_1	12	Picture	10	1423509	5000	1	20226	1	5000	20000	hit	42
sub-05_1	12	Response	1	1430305	11796	1
sub-05_1	12	Pulse	255	1435174	16665	0
sub-05_1	13	Picture	10	1448990	5000	1	20228	1	5000	20000	hit	46
sub-05_1	13	Pulse	255	1455174	11185	0
sub-05_1	13	Response	2	1460425	16435	1
sub-05_1	14	Picture	change_to_35	1469218	0	1	25231	1	0	25000	other	0
sub-05_1	14	Pulse	255	1475175	5957	0
sub-05_1	15	Pulse	255	1495175	701	0
sub-05_1	15	Picture	30	1499474	5000	1	20226	1	5000	20000	hit	52
sub-05_1	15	Pulse	255	1515175	20701	0
sub-05_1	15	Response	2	1515674	21201	1
sub-05_1	16	Picture	30	1524963	5000	1	20236	1	5000	20000	hit	54
sub-05_1	16	Response	1	1530795	10832	1
sub-05_1	16	Pulse	255	1535175	15212	0
sub-05_1	17	Picture	30	1550224	5000	1	20236	1	5000	20000	hit	58
sub-05_1	17	Pulse	255	1555175	9951	0
sub-05_1	17	Response	1	1557255	12031	1
sub-05_1	18	Pulse	255	1575175	4690	0
sub-05_1	18	Picture	30	1575485	5000	1	20238	1	5000	20000	hit	61
sub-05_1	18	Response	2	1582005	11520	1
sub-05_1	18	Pulse	255	1595175	24690	0
sub-05_1	19	Picture	30	1600751	5000	1	20228	1	5000	20000	hit	64
sub-05_1	19	Response	1	1605805	10054	1
sub-05_1	19	Pulse	255	1615175	19424	0
sub-05_1	20	Picture	Bfix	1620979	0	1	200228	1	0	200000	other	0
sub-05_1	20	Pulse	255	1635175	14196	0
sub-05_1	20	Pulse	255	1655175	34196	0
sub-05_1	20	Pulse	255	1675175	54196	0
sub-05_1	20	Pulse	255	1695175	74196	0
sub-05_1	20	Pulse	255	1715175	94196	0
sub-05_1	20	Pulse	255	1735176	114196	0
sub-05_1	20	Pulse	255	1755175	134196	0
sub-05_1	20	Pulse	255	1775176	154196	0
sub-05_1	20	Pulse	255	1795165	174186	0
sub-05_1	20	Pulse	255	1815166	194186	0
sub-05_1	21	Picture	change_to_25	1821207	0	1	25231	1	0	25000	other	0
sub-05_1	21	Pulse	255	1835166	13958	0
sub-05_1	22	Picture	20	1851467	5000	1	20231	1	5000	20000	miss	0
sub-05_1	22	Pulse	255	1855166	8698	0
sub-05_1	23	Response	1	1872616	893	1
sub-05_1	23	Pulse	255	1875166	3443	0
sub-05_1	23	Picture	20	1876723	5000	1	20226	1	5000	20000	hit	84
sub-05_1	23	Response	1	1885736	14013	1
sub-05_1	23	Pulse	255	1895166	23443	0
sub-05_1	24	Picture	20	1902206	5000	1	20231	1	5000	20000	hit	87
sub-05_1	24	Response	1	1910406	13200	1
sub-05_1	24	Pulse	255	1915166	17960	0
sub-05_1	25	Picture	20	1927464	5000	1	20234	1	5000	20000	hit	90
sub-05_1	25	Response	2	1934766	12302	1
sub-05_1	25	Pulse	255	1935165	12702	0
sub-05_1	26	Picture	20	1952724	5000	1	20226	1	5000	20000	hit	94
sub-05_1	26	Pulse	255	1955166	7441	0
sub-05_1	26	Response	2	1964256	16532	1
sub-05_1	27	Picture	change_to_15	1973117	0	1	25231	1	0	25000	other	0
sub-05_1	27	Pulse	255	1975166	2049	0
sub-05_1	27	Pulse	255	1995166	22049	0
sub-05_1	28	Picture	10	2003373	5000	1	20234	1	5000	20000	hit	100
sub-05_1	28	Pulse	255	2015166	16793	0
sub-05_1	28	Response	2	2021076	22703	1
sub-05_1	29	Picture	10	2028634	5000	1	20231	1	5000	20000	hit	103
sub-05_1	29	Pulse	255	2035166	11533	0
sub-05_1	29	Response	1	2042396	18763	1
sub-05_1	30	Picture	10	2053892	5000	1	20231	1	5000	20000	hit	106
sub-05_1	30	Pulse	255	2055166	6274	0
sub-05_1	30	Response	1	2060906	12014	1
sub-05_1	31	Pulse	255	2075166	1016	0
sub-05_1	31	Picture	10	2079151	5000	1	20226	1	5000	20000	hit	109
sub-05_1	31	Response	2	2088276	14126	1
sub-05_1	31	Pulse	255	2095166	21016	0
sub-05_1	32	Picture	10	2104624	5000	1	20226	1	5000	20000	hit	112
sub-05_1	32	Response	2	2114256	14632	1
sub-05_1	32	Pulse	255	2115166	15542	0
sub-05_1	33	Picture	change_to_35	2125017	0	1	25231	1	0	25000	other	0
sub-05_1	33	Pulse	255	2135167	10150	0
sub-05_1	34	Pulse	255	2155167	4950	0
sub-05_1	34	Picture	30	2155217	5000	1	20226	1	5000	20000	hit	118
sub-05_1	34	Response	1	2171846	21630	1
sub-05_1	34	Pulse	255	2175166	24949	0
sub-05_1	35	Picture	30	2180697	5000	1	20226	1	5000	20000	hit	121
sub-05_1	35	Response	1	2186847	11150	1
sub-05_1	35	Pulse	255	2195167	19470	0
sub-05_1	36	Picture	30	2206174	5000	1	20234	1	5000	20000	hit	124
sub-05_1	36	Response	2	2212377	11203	1
sub-05_1	36	Pulse	255	2215167	13993	0
sub-05_1	37	Picture	30	2231435	5000	1	20226	1	5000	20000	hit	128
sub-05_1	37	Pulse	255	2235167	8731	0
sub-05_1	37	Response	2	2236336	9901	1
sub-05_1	38	Pulse	255	2255167	3250	0
sub-05_1	38	Picture	30	2256917	5000	1	20227	1	5000	20000	hit	131
sub-05_1	38	Response	1	2263137	11220	1
sub-05_1	38	Pulse	255	2275167	23250	0
sub-05_1	39	Picture	Bfix	2277144	0	1	200229	1	0	200000	other	0
sub-05_1	39	Pulse	255	2295167	18023	0
sub-05_1	39	Pulse	255	2315167	38023	0
sub-05_1	39	Pulse	255	2335167	58023	0
sub-05_1	39	Pulse	255	2355167	78023	0
sub-05_1	39	Pulse	255	2375167	98023	0
sub-05_1	39	Pulse	255	2395167	118023	0
sub-05_1	39	Pulse	255	2415167	138023	0
sub-05_1	39	Pulse	255	2435167	158024	0
sub-05_1	39	Pulse	255	2455167	178024	0
sub-05_1	39	Pulse	255	2475167	198024	0
sub-05_1	40	Picture	change_to_35	2477372	0	1	25235	1	0	25000	other	0
sub-05_1	40	Pulse	255	2495167	17795	0
sub-05_1	41	Picture	30	2507635	5000	1	20226	1	5000	20000	hit	147
sub-05_1	41	Response	1	2512767	10132	1
sub-05_1	41	Pulse	255	2515167	12532	0
sub-05_1	42	Picture	30	2533108	5000	1	20231	1	5000	20000	hit	151
sub-05_1	42	Pulse	255	2535168	7060	0
sub-05_1	42	Response	2	2537828	9719	1
sub-05_1	43	Pulse	255	2555168	1800	0
sub-05_1	43	Picture	30	2558367	5000	1	20236	1	5000	20000	hit	154
sub-05_1	43	Response	2	2563698	10330	1
sub-05_1	43	Pulse	255	2575168	21801	0
sub-05_1	44	Picture	30	2583631	5000	1	20226	1	5000	20000	hit	157
sub-05_1	44	Response	1	2588618	9987	1
sub-05_1	44	Pulse	255	2595168	16537	0
sub-05_1	45	Picture	30	2609111	5000	1	20228	1	5000	20000	hit	160
sub-05_1	45	Response	1	2615138	11026	1
sub-05_1	45	Pulse	255	2615167	11056	0
sub-05_1	46	Picture	change_to_25	2629339	0	1	25231	1	0	25000	other	0
sub-05_1	46	Pulse	255	2635168	5829	0
sub-05_1	47	Pulse	255	2655168	570	0
sub-05_1	47	Picture	20	2659598	5000	1	20231	1	5000	20000	miss	0
sub-05_1	47	Pulse	255	2675168	20570	0
sub-05_1	47	Response	1	2679758	25160	1
sub-05_1	48	Picture	20	2684856	5000	1	20230	1	5000	20000	hit	170
sub-05_1	48	Pulse	255	2695168	15312	0
sub-05_1	48	Response	1	2704708	24852	1
sub-05_1	49	Picture	20	2710114	5000	1	20231	1	5000	20000	hit	173
sub-05_1	49	Pulse	255	2715168	10053	0
sub-05_1	49	Response	1	2722738	17624	1
sub-05_1	50	Pulse	255	2735204	4832	0
sub-05_1	50	Picture	20	2735373	5000	1	20231	1	5000	20000	hit	176
sub-05_1	50	Response	2	2744108	13735	1
sub-05_1	50	Pulse	255	2755168	24795	0
sub-05_1	51	Picture	20	2760631	5000	1	20228	1	5000	20000	hit	179
sub-05_1	51	Response	2	2771428	15798	1
sub-05_1	51	Pulse	255	2775168	19538	0
sub-05_1	52	Picture	change_to_15	2780858	0	1	25231	1	0	25000	other	0
sub-05_1	52	Pulse	255	2795168	14310	0
sub-05_1	53	Picture	10	2811117	5000	1	20230	1	5000	20000	hit	185
sub-05_1	53	Pulse	255	2815169	9052	0
sub-05_1	53	Response	1	2822678	16561	1
sub-05_1	54	Pulse	255	2835168	3794	0
sub-05_1	54	Picture	10	2836375	5000	1	20231	1	5000	20000	hit	188
sub-05_1	54	Response	2	2845528	14154	1
sub-05_1	54	Pulse	255	2855169	23794	0
sub-05_1	55	Picture	10	2861633	5000	1	20231	1	5000	20000	hit	191
sub-05_1	55	Response	2	2870089	13455	1
sub-05_1	55	Pulse	255	2875169	18535	0
sub-05_1	56	Picture	10	2886893	5000	1	20231	1	5000	20000	hit	195
sub-05_1	56	Pulse	255	2895168	13275	0
sub-05_1	56	Response	1	2895238	13345	1
sub-05_1	57	Picture	10	2912152	5000	1	20227	1	5000	20000	hit	198
sub-05_1	57	Pulse	255	2915168	8017	0
sub-05_1	57	Response	1	2917689	10537	1
sub-05_1	58	Picture	Bfix	2932379	0	1	200229	1	0	200000	other	0
sub-05_1	58	Pulse	255	2935169	2790	0
sub-05_1	58	Pulse	255	2955169	22790	0
sub-05_1	58	Pulse	255	2975169	42790	0
sub-05_1	58	Pulse	255	2995169	62790	0
sub-05_1	58	Pulse	255	3015169	82790	0
sub-05_1	58	Pulse	255	3035169	102790	0
sub-05_1	58	Pulse	255	3055169	122790	0
sub-05_1	58	Pulse	255	3075169	142790	0
sub-05_1	58	Pulse	255	3095169	162790	0
sub-05_1	58	Pulse	255	3115169	182790	0
sub-05_1	59	Picture	change_to_25	3132607	0	1	25231	1	0	25000	other	0
sub-05_1	59	Pulse	255	3135169	2562	0
sub-05_1	59	Pulse	255	3155169	22562	0
sub-05_1	60	Picture	20	3162867	5000	1	20231	1	5000	20000	hit	215
sub-05_1	60	Pulse	255	3175169	17303	0
sub-05_1	60	Response	1	3175419	17552	1
sub-05_1	61	Picture	20	3188125	5000	1	20231	1	5000	20000	hit	218
sub-05_1	61	Pulse	255	3195169	12044	0
sub-05_1	61	Response	2	3196219	13094	1
sub-05_1	62	Picture	20	3213385	5000	1	20231	1	5000	20000	hit	221
sub-05_1	62	Pulse	255	3215169	6785	0
sub-05_1	62	Response	2	3221609	13225	1
sub-05_1	63	Pulse	255	3235169	1527	0
sub-05_1	63	Picture	20	3238643	5000	1	20226	1	5000	20000	hit	224
sub-05_1	63	Response	1	3245110	11467	1
sub-05_1	63	Pulse	255	3255170	21527	0
sub-05_1	64	Picture	20	3264120	5000	1	20228	1	5000	20000	hit	227
sub-05_1	64	Response	1	3270389	11269	1
sub-05_1	64	Pulse	255	3275169	16049	0
sub-05_1	65	Picture	change_to_15	3284348	0	1	25226	1	0	25000	other	0
sub-05_1	65	Pulse	255	3295170	10821	0
sub-05_1	66	Picture	10	3314826	5000	1	20231	1	5000	20000	hit	233
sub-05_1	66	Pulse	255	3315170	5344	0
sub-05_1	66	Response	1	3325900	16074	1
sub-05_1	67	Pulse	255	3335170	86	0
sub-05_1	67	Picture	10	3340084	5000	1	20231	1	5000	20000	hit	236
sub-05_1	67	Response	1	3347359	12275	1
sub-05_1	67	Pulse	255	3355170	20086	0
sub-05_1	68	Picture	10	3365343	5000	1	20233	1	5000	20000	hit	239
sub-05_1	68	Response	1	3373110	12767	1
sub-05_1	68	Pulse	255	3375160	14817	0
sub-05_1	69	Picture	10	3390605	5000	1	20231	1	5000	20000	hit	243
sub-05_1	69	Pulse	255	3395160	9555	0
sub-05_1	69	Response	2	3397720	12115	1
sub-05_1	70	Pulse	255	3415160	4295	0
sub-05_1	70	Picture	10	3415865	5000	1	20228	1	5000	20000	hit	246
sub-05_1	70	Response	2	3422870	12005	1
sub-05_1	70	Pulse	255	3435160	24295	0
sub-05_1	71	Picture	change_to_35	3436093	0	1	25226	1	0	25000	other	0
sub-05_1	71	Pulse	255	3455160	19068	0
sub-05_1	72	Picture	30	3466570	5000	1	20231	1	5000	20000	hit	251
sub-05_1	72	Response	1	3474270	12700	1
sub-05_1	72	Pulse	255	3475160	13590	0
sub-05_1	73	Picture	30	3491829	5000	1	20231	1	5000	20000	hit	255
sub-05_1	73	Pulse	255	3495160	8331	0
sub-05_1	73	Response	2	3498620	11791	1
sub-05_1	74	Pulse	255	3515160	3073	0
sub-05_1	74	Picture	30	3517087	5000	1	20235	1	5000	20000	hit	258
sub-05_1	74	Response	2	3521410	9323	1
sub-05_1	74	Pulse	255	3535161	23073	0
sub-05_1	75	Picture	30	3542349	5000	1	20226	1	5000	20000	hit	261
sub-05_1	75	Response	1	3547940	10591	1
sub-05_1	75	Pulse	255	3555160	17811	0
sub-05_1	76	Picture	30	3567828	5000	1	20227	1	5000	20000	hit	264
sub-05_1	76	Response	1	3572550	9723	1
sub-05_1	76	Pulse	255	3575160	12332	0
sub-05_1	77	Picture	Bfix	3588055	0	1	200228	1	0	200000	other	0
sub-05_1	77	Pulse	255	3595161	7106	0
sub-05_1	77	Pulse	255	3615161	27106	0
sub-05_1	77	Pulse	255	3635161	47106	0
sub-05_1	77	Pulse	255	3655161	67106	0
sub-05_1	77	Pulse	255	3675161	87106	0
sub-05_1	77	Pulse	255	3695161	107106	0
sub-05_1	77	Pulse	255	3715161	127106	0
sub-05_1	77	Pulse	255	3735161	147106	0
sub-05_1	77	Pulse	255	3755161	167106	0
sub-05_1	77	Pulse	255	3775161	187106	0
sub-05_1	78	Picture	change_to_15	3788283	0	1	25231	1	0	25000	other	0
sub-05_1	78	Pulse	255	3795161	6878	0
sub-05_1	79	Pulse	255	3815161	1622	0
sub-05_1	79	Picture	10	3818539	5000	1	20231	1	5000	20000	hit	281
sub-05_1	79	Response	2	3827421	13882	1
sub-05_1	79	Pulse	255	3835161	21622	0
sub-05_1	80	Picture	10	3843794	5000	1	20230	1	5000	20000	hit	284
sub-05_1	80	Response	1	3850071	11277	1
sub-05_1	80	Pulse	255	3855161	16367	0
sub-05_1	81	Picture	10	3869053	5000	1	20231	1	5000	20000	hit	288
sub-05_1	81	Pulse	255	3875161	11108	0
sub-05_1	81	Response	2	3879161	15109	1
sub-05_1	82	Picture	10	3894312	5000	1	20226	1	5000	20000	hit	291
sub-05_1	82	Pulse	255	3895161	5849	0
sub-05_1	82	Response	1	3904591	15279	1
sub-05_1	83	Pulse	255	3915161	372	0
sub-05_1	83	Picture	10	3919789	5000	1	20228	1	5000	20000	hit	294
sub-05_1	83	Response	2	3927871	13083	1
sub-05_1	83	Pulse	255	3935162	20373	0
sub-05_1	84	Picture	change_to_35	3940017	0	1	25231	1	0	25000	other	0
sub-05_1	84	Pulse	255	3955162	15145	0
sub-05_1	85	Picture	30	3970275	5000	1	20231	1	5000	20000	hit	300
sub-05_1	85	Pulse	255	3975161	9887	0
sub-05_1	85	Response	2	3984422	19147	1
sub-05_1	86	Pulse	255	3995162	4629	0
sub-05_1	86	Picture	30	3995533	5000	1	20232	1	5000	20000	hit	303
sub-05_1	86	Response	2	4001452	10919	1
sub-05_1	86	Pulse	255	4015162	24629	0
sub-05_1	87	Picture	30	4020791	5000	1	20231	1	5000	20000	hit	306
sub-05_1	87	Response	2	4025422	9630	1
sub-05_1	87	Pulse	255	4035162	19371	0
sub-05_1	88	Picture	30	4046050	5000	1	20231	1	5000	20000	hit	309
sub-05_1	88	Response	1	4051652	10602	1
sub-05_1	88	Pulse	255	4055162	14112	0
sub-05_1	89	Picture	30	4071308	5000	1	20228	1	5000	20000	hit	313
sub-05_1	89	Pulse	255	4075162	8854	0
sub-05_1	89	Response	1	4076872	10564	1
sub-05_1	90	Picture	change_to_25	4091536	0	1	25231	1	0	25000	other	0
sub-05_1	90	Pulse	255	4095162	3626	0
sub-05_1	90	Pulse	255	4115162	23626	0
sub-05_1	91	Picture	20	4121794	5000	1	20231	1	5000	20000	hit	318
sub-05_1	91	Response	2	4131072	14278	1
sub-05_1	91	Pulse	255	4135162	18368	0
sub-05_1	92	Picture	20	4147053	5000	1	20231	1	5000	20000	hit	321
sub-05_1	92	Response	2	4154402	12349	1
sub-05_1	92	Pulse	255	4155162	13109	0
sub-05_1	93	Picture	20	4172313	5000	1	20231	1	5000	20000	hit	325
sub-05_1	93	Pulse	255	4175162	7849	0
sub-05_1	93	Response	2	4179962	12650	1
sub-05_1	94	Pulse	255	4195162	2590	0
sub-05_1	94	Picture	20	4197572	5000	1	20231	1	5000	20000	hit	328
sub-05_1	94	Response	1	4205072	12500	1
sub-05_1	94	Pulse	255	4215162	22590	0
sub-05_1	95	Picture	20	4222832	5000	1	20226	1	5000	20000	hit	331
sub-05_1	95	Response	1	4229022	11190	1
sub-05_1	95	Pulse	255	4235162	17330	0
sub-05_1	96	Picture	Bfix	4243224	0	1	200228	1	0	200000	other	0
sub-05_1	96	Pulse	255	4255162	11938	0
sub-05_1	96	Pulse	255	4275162	31938	0
sub-05_1	96	Pulse	255	4295162	51938	0
sub-05_1	96	Pulse	255	4315162	71938	0
sub-05_1	96	Pulse	255	4335163	91938	0
sub-05_1	96	Pulse	255	4355163	111938	0
sub-05_1	96	Pulse	255	4375163	131938	0
sub-05_1	96	Pulse	255	4395163	151938	0
sub-05_1	96	Pulse	255	4415163	171938	0
sub-05_1	96	Pulse	255	4435163	191938	0
sub-05_1	97	Picture	change_to_35	4443452	0	1	25230	1	0	25000	other	0
sub-05_1	97	Pulse	255	4455163	11710	0
sub-05_1	98	Picture	30	4473710	5000	1	20231	1	5000	20000	hit	348
sub-05_1	98	Pulse	255	4475163	6453	0
sub-05_1	98	Response	2	4484193	15483	1
sub-05_1	99	Pulse	255	4495163	1196	0
sub-05_1	99	Picture	30	4498967	5000	1	20231	1	5000	20000	hit	351
sub-05_1	99	Response	1	4504683	10717	1
sub-05_1	99	Pulse	255	4515163	21196	0
sub-05_1	100	Picture	30	4524226	5000	1	20231	1	5000	20000	hit	354
sub-05_1	100	Response	1	4529303	10077	1
sub-05_1	100	Pulse	255	4535163	15937	0
sub-05_1	101	Picture	30	4549484	5000	1	20231	1	5000	20000	hit	358
sub-05_1	101	Pulse	255	4555163	10679	0
sub-05_1	101	Response	2	4557143	12659	1
sub-05_1	102	Picture	30	4574743	5000	1	20228	1	5000	20000	hit	361
sub-05_1	102	Pulse	255	4575163	5420	0
sub-05_1	102	Response	1	4580183	10440	1
sub-05_1	103	Picture	change_to_25	4594971	0	1	25230	1	0	25000	other	0
sub-05_1	103	Pulse	255	4595163	192	0
sub-05_1	103	Pulse	255	4615163	20192	0
sub-05_1	104	Picture	20	4625229	5000	1	20226	1	5000	20000	hit	367
sub-05_1	104	Pulse	255	4635164	14935	0
sub-05_1	104	Response	2	4643543	23314	1
sub-05_1	105	Picture	20	4650705	5000	1	20231	1	5000	20000	hit	370
sub-05_1	105	Pulse	255	4655163	9458	0
sub-05_1	105	Response	1	4659163	13458	1
sub-05_1	106	Pulse	255	4675164	4200	0
sub-05_1	106	Picture	20	4675964	5000	1	20231	1	5000	20000	hit	373
sub-05_1	106	Response	1	4681003	10039	1
sub-05_1	106	Pulse	255	4695163	24199	0
sub-05_1	107	Picture	20	4701223	5000	1	20231	1	5000	20000	hit	376
sub-05_1	107	Response	2	4708563	12340	1
sub-05_1	107	Pulse	255	4715164	18940	0
sub-05_1	108	Picture	20	4726481	5000	1	20228	1	5000	20000	hit	379
sub-05_1	108	Response	1	4734354	12873	1
sub-05_1	108	Pulse	255	4735163	13682	0
sub-05_1	109	Picture	change_to_15	4746709	0	1	25231	1	0	25000	other	0
sub-05_1	109	Pulse	255	4755163	8454	0
sub-05_1	110	Pulse	255	4775164	3198	0
sub-05_1	110	Picture	10	4776966	5000	1	20226	1	5000	20000	hit	385
sub-05_1	110	Response	1	4791174	19208	1
sub-05_1	110	Pulse	255	4795164	23197	0
sub-05_1	111	Picture	10	4802444	5000	1	20230	1	5000	20000	hit	388
sub-05_1	111	Response	2	4813584	16140	1
sub-05_1	111	Pulse	255	4815164	17720	0
sub-05_1	112	Picture	10	4827703	5000	1	20231	1	5000	20000	hit	392
sub-05_1	112	Pulse	255	4835164	12461	0
sub-05_1	112	Response	2	4836924	14221	1
sub-05_1	113	Picture	10	4852960	5000	1	20231	1	5000	20000	hit	395
sub-05_1	113	Pulse	255	4855164	7204	0
sub-05_1	113	Response	1	4860744	12783	1
sub-05_1	114	Pulse	255	4875164	1948	0
sub-05_1	114	Picture	10	4878216	5000	1	20227	1	5000	20000	hit	398
sub-05_1	114	Response	1	4885484	12268	1
sub-05_1	114	Pulse	255	4895164	21948	0
sub-05_1	115	Picture	Bfix	4898443	0	1	71440	1	0	60000	other	0
sub-05_1	115	Pulse	255	4915164	16721	0
sub-05_1	115	Pulse	255	4935154	36711	0
