Scenario - loca_lec1
Logfile written - 06/19/2018 15:25:49

Subject	Trial	Event Type	Code	Time	TTime	Uncertainty	Duration	Uncertainty	ReqTime	ReqDur	Stim Type	Pair Index

sub-07_1	0	Pulse	255	818121	818121	0
sub-07_1	1	Nothing	cut	818351	0	1			0		other	0
sub-07_1	1	Nothing	cut	823351	5000	1			5000		other	0
sub-07_1	2	Picture	change_to_25	828579	0	1	25234	1	0	25000	other	0
sub-07_1	2	Pulse	255	838122	9542	0
sub-07_1	3	Pulse	255	858122	4282	0
sub-07_1	3	Picture	20	858839	5000	1	20231	1	5000	20000	hit	8
sub-07_1	3	Response	2	876942	23103	1
sub-07_1	3	Pulse	255	878121	24282	0
sub-07_1	4	Picture	20	884096	5000	1	20226	1	5000	20000	hit	11
sub-07_1	4	Response	1	895331	16236	1
sub-07_1	4	Pulse	255	898121	19026	0
sub-07_1	5	Picture	20	909573	5000	1	20231	1	5000	20000	hit	15
sub-07_1	5	Pulse	255	918121	13548	0
sub-07_1	5	Response	1	918791	14218	1
sub-07_1	6	Picture	20	934829	5000	1	20230	1	5000	20000	hit	18
sub-07_1	6	Pulse	255	938121	8292	0
sub-07_1	6	Response	2	947822	17992	1
sub-07_1	7	Pulse	255	958122	3035	0
sub-07_1	7	Picture	20	960086	5000	1	20228	1	5000	20000	hit	21
sub-07_1	7	Response	1	973192	18105	1
sub-07_1	7	Pulse	255	978122	23035	0
sub-07_1	8	Picture	change_to_15	980314	0	1	25230	1	0	25000	other	0
sub-07_1	8	Pulse	255	998121	17807	0
sub-07_1	9	Picture	10	1010573	5000	1	20231	1	5000	20000	hit	27
sub-07_1	9	Pulse	255	1018122	12549	0
sub-07_1	9	Response	2	1019122	13550	1
sub-07_1	10	Picture	10	1035829	5000	1	20230	1	5000	20000	hit	30
sub-07_1	10	Pulse	255	1038121	7291	0
sub-07_1	10	Response	2	1044912	14082	1
sub-07_1	11	Pulse	255	1058122	2038	0
sub-07_1	11	Picture	10	1061084	5000	1	20231	1	5000	20000	hit	33
sub-07_1	11	Response	1	1068131	12048	1
sub-07_1	11	Pulse	255	1078121	22038	0
sub-07_1	12	Picture	10	1086340	5000	1	20231	1	5000	20000	hit	36
sub-07_1	12	Response	1	1093261	11922	1
sub-07_1	12	Pulse	255	1098121	16781	0
sub-07_1	13	Picture	10	1111596	5000	1	20228	1	5000	20000	hit	40
sub-07_1	13	Pulse	255	1118122	11525	0
sub-07_1	13	Response	2	1119982	13385	1
sub-07_1	14	Picture	change_to_35	1131825	0	1	25231	1	0	25000	other	0
sub-07_1	14	Pulse	255	1138122	6297	0
sub-07_1	15	Pulse	255	1158122	1041	0
sub-07_1	15	Picture	30	1162081	5000	1	20236	1	5000	20000	hit	45
sub-07_1	15	Response	2	1169843	12762	1
sub-07_1	15	Pulse	255	1178122	21041	0
sub-07_1	16	Picture	30	1187344	5000	1	20231	1	5000	20000	hit	48
sub-07_1	16	Response	1	1194582	12238	1
sub-07_1	16	Pulse	255	1198121	15778	0
sub-07_1	17	Picture	30	1212600	5000	1	20235	1	5000	20000	hit	52
sub-07_1	17	Pulse	255	1218122	10522	0
sub-07_1	17	Response	1	1219032	11432	1
sub-07_1	18	Picture	30	1237861	5000	1	20234	1	5000	20000	hit	55
sub-07_1	18	Pulse	255	1238121	5260	0
sub-07_1	18	Response	2	1249293	16432	1
sub-07_1	19	Pulse	255	1258123	1	0
sub-07_1	19	Picture	30	1263121	5000	1	20228	1	5000	20000	hit	58
sub-07_1	19	Response	1	1269332	11211	1
sub-07_1	19	Pulse	255	1278122	20001	0
sub-07_1	20	Picture	Bfix	1283349	0	1	200226	1	0	200000	other	0
sub-07_1	20	Pulse	255	1298122	14773	0
sub-07_1	20	Pulse	255	1318122	34773	0
sub-07_1	20	Pulse	255	1338121	54772	0
sub-07_1	20	Pulse	255	1358122	74773	0
sub-07_1	20	Pulse	255	1378122	94773	0
sub-07_1	20	Pulse	255	1398122	114773	0
sub-07_1	20	Pulse	255	1418123	134773	0
sub-07_1	20	Pulse	255	1438123	154773	0
sub-07_1	20	Pulse	255	1458123	174773	0
sub-07_1	20	Pulse	255	1478123	194773	0
sub-07_1	21	Picture	change_to_25	1483742	0	1	25231	1	0	25000	other	0
sub-07_1	21	Pulse	255	1498123	14381	0
sub-07_1	22	Picture	20	1513998	5000	1	20231	1	5000	20000	hit	75
sub-07_1	22	Pulse	255	1518123	9125	0
sub-07_1	22	Response	1	1527603	18604	1
sub-07_1	23	Pulse	255	1538123	3868	0
sub-07_1	23	Picture	20	1539255	5000	1	20228	1	5000	20000	hit	78
sub-07_1	23	Response	1	1550252	15998	1
sub-07_1	23	Pulse	255	1558123	23868	0
sub-07_1	24	Picture	20	1564516	5000	1	20231	1	5000	20000	hit	81
sub-07_1	24	Response	1	1573583	14066	1
sub-07_1	24	Pulse	255	1578123	18606	0
sub-07_1	25	Picture	20	1589772	5000	1	20231	1	5000	20000	hit	85
sub-07_1	25	Pulse	255	1598123	13351	0
sub-07_1	25	Response	2	1599353	14581	1
sub-07_1	26	Picture	20	1615028	5000	1	20228	1	5000	20000	hit	88
sub-07_1	26	Pulse	255	1618123	8094	0
sub-07_1	26	Response	2	1632263	22235	1
sub-07_1	27	Picture	change_to_15	1635256	0	1	25231	1	0	25000	other	0
sub-07_1	27	Pulse	255	1638123	2867	0
sub-07_1	27	Pulse	255	1658123	22867	0
sub-07_1	28	Picture	10	1665512	5000	1	20233	1	5000	20000	hit	93
sub-07_1	28	Response	2	1673414	12901	1
sub-07_1	28	Pulse	255	1678123	17611	0
sub-07_1	29	Picture	10	1690771	5000	1	20231	1	5000	20000	hit	97
sub-07_1	29	Pulse	255	1698123	12353	0
sub-07_1	29	Response	1	1698593	12822	1
sub-07_1	30	Picture	10	1716027	5000	1	20231	1	5000	20000	incorrect	100
sub-07_1	30	Pulse	255	1718123	7096	0
sub-07_1	30	Response	2	1728063	17036	1
sub-07_1	31	Pulse	255	1738123	1840	0
sub-07_1	31	Picture	10	1741283	5000	1	20231	1	5000	20000	hit	103
sub-07_1	31	Response	2	1749984	13701	1
sub-07_1	31	Pulse	255	1758123	21840	0
sub-07_1	32	Picture	10	1766540	5000	1	20226	1	5000	20000	hit	106
sub-07_1	32	Response	2	1776714	15174	1
sub-07_1	32	Pulse	255	1778123	16583	0
sub-07_1	33	Picture	change_to_35	1786932	0	1	25231	1	0	25000	other	0
sub-07_1	33	Pulse	255	1798124	11191	0
sub-07_1	34	Picture	30	1817188	5000	1	20231	1	5000	20000	hit	112
sub-07_1	34	Pulse	255	1818124	5935	0
sub-07_1	34	Response	1	1823283	11095	1
sub-07_1	35	Pulse	255	1838123	679	0
sub-07_1	35	Picture	30	1842444	5000	1	20230	1	5000	20000	hit	115
sub-07_1	35	Response	1	1850524	13079	1
sub-07_1	35	Pulse	255	1858124	20679	0
sub-07_1	36	Picture	30	1867702	5000	1	20231	1	5000	20000	hit	118
sub-07_1	36	Response	2	1874674	11972	1
sub-07_1	36	Pulse	255	1878124	15422	0
sub-07_1	37	Picture	30	1892958	5000	1	20234	1	5000	20000	hit	122
sub-07_1	37	Pulse	255	1898124	10166	0
sub-07_1	37	Response	2	1899604	11646	1
sub-07_1	38	Pulse	255	1918113	4895	0
sub-07_1	38	Picture	30	1918218	5000	1	20227	1	5000	20000	hit	125
sub-07_1	38	Response	1	1926114	12895	1
sub-07_1	38	Pulse	255	1938113	24895	0
sub-07_1	39	Picture	Bfix	1938445	0	1	200228	1	0	200000	other	0
sub-07_1	39	Pulse	255	1958114	19669	0
sub-07_1	39	Pulse	255	1978113	39668	0
sub-07_1	39	Pulse	255	1998113	59668	0
sub-07_1	39	Pulse	255	2018114	79669	0
sub-07_1	39	Pulse	255	2038114	99669	0
sub-07_1	39	Pulse	255	2058113	119668	0
sub-07_1	39	Pulse	255	2078114	139669	0
sub-07_1	39	Pulse	255	2098114	159669	0
sub-07_1	39	Pulse	255	2118114	179669	0
sub-07_1	39	Pulse	255	2138114	199669	0
sub-07_1	40	Picture	change_to_35	2138673	0	1	25231	1	0	25000	other	0
sub-07_1	40	Pulse	255	2158114	19441	0
sub-07_1	41	Picture	30	2168930	5000	1	20231	1	5000	20000	hit	141
sub-07_1	41	Response	1	2176894	12964	1
sub-07_1	41	Pulse	255	2178113	14183	0
sub-07_1	42	Picture	30	2194187	5000	1	20231	1	5000	20000	hit	145
sub-07_1	42	Pulse	255	2198113	8927	0
sub-07_1	42	Response	2	2202244	13057	1
sub-07_1	43	Pulse	255	2218113	3670	0
sub-07_1	43	Picture	30	2219443	5000	1	20233	1	5000	20000	hit	148
sub-07_1	43	Response	2	2230154	15711	1
sub-07_1	43	Pulse	255	2238114	23671	0
sub-07_1	44	Picture	30	2244699	5000	1	20234	1	5000	20000	hit	151
sub-07_1	44	Response	1	2252184	12485	1
sub-07_1	44	Pulse	255	2258114	18415	0
sub-07_1	45	Picture	30	2269959	5000	1	20229	1	5000	20000	hit	155
sub-07_1	45	Pulse	255	2278114	13155	0
sub-07_1	45	Response	1	2278214	13255	1
sub-07_1	46	Picture	change_to_25	2290187	0	1	25230	1	0	25000	other	0
sub-07_1	46	Pulse	255	2298114	7927	0
sub-07_1	47	Pulse	255	2318115	2671	0
sub-07_1	47	Picture	20	2320443	5000	1	20226	1	5000	20000	incorrect	160
sub-07_1	47	Response	2	2334834	19391	1
sub-07_1	47	Pulse	255	2338114	22671	0
sub-07_1	48	Picture	20	2345918	5000	1	20231	1	5000	20000	hit	163
sub-07_1	48	Response	1	2356905	15987	1
sub-07_1	48	Pulse	255	2358114	17197	0
sub-07_1	49	Picture	20	2371173	5000	1	20231	1	5000	20000	hit	167
sub-07_1	49	Pulse	255	2378115	11941	0
sub-07_1	49	Response	1	2384224	18051	1
sub-07_1	50	Picture	20	2396430	5000	1	20230	1	5000	20000	hit	170
sub-07_1	50	Pulse	255	2398114	6684	0
sub-07_1	50	Response	2	2410325	18895	1
sub-07_1	51	Pulse	255	2418115	1429	0
sub-07_1	51	Picture	20	2421686	5000	1	20226	1	5000	20000	hit	173
sub-07_1	51	Response	2	2434655	17969	1
sub-07_1	51	Pulse	255	2438114	21428	0
sub-07_1	52	Picture	change_to_15	2442079	0	1	25230	1	0	25000	other	0
sub-07_1	52	Pulse	255	2458115	16036	0
sub-07_1	53	Picture	10	2472334	5000	1	20230	1	5000	20000	hit	179
sub-07_1	53	Pulse	255	2478114	10780	0
sub-07_1	53	Response	1	2479774	12440	1
sub-07_1	54	Picture	10	2497590	5000	1	20231	1	5000	20000	hit	182
sub-07_1	54	Pulse	255	2498114	5524	0
sub-07_1	54	Response	2	2505954	13364	1
sub-07_1	55	Pulse	255	2518115	271	0
sub-07_1	55	Picture	10	2522844	5000	1	20231	1	5000	20000	hit	185
sub-07_1	55	Response	2	2532686	14841	1
sub-07_1	55	Pulse	255	2538115	20271	0
sub-07_1	56	Picture	10	2548100	5000	1	20230	1	5000	20000	hit	188
sub-07_1	56	Response	1	2558055	14955	1
sub-07_1	56	Pulse	255	2558114	15015	0
sub-07_1	57	Picture	10	2573356	5000	1	20227	1	5000	20000	hit	192
sub-07_1	57	Pulse	255	2578115	9759	0
sub-07_1	57	Response	1	2580505	12149	1
sub-07_1	58	Picture	Bfix	2593583	0	1	200228	1	0	200000	other	0
sub-07_1	58	Pulse	255	2598114	4531	0
sub-07_1	58	Pulse	255	2618114	24531	0
sub-07_1	58	Pulse	255	2638115	44532	0
sub-07_1	58	Pulse	255	2658115	64532	0
sub-07_1	58	Pulse	255	2678115	84532	0
sub-07_1	58	Pulse	255	2698115	104532	0
sub-07_1	58	Pulse	255	2718115	124532	0
sub-07_1	58	Pulse	255	2738115	144532	0
sub-07_1	58	Pulse	255	2758115	164532	0
sub-07_1	58	Pulse	255	2778115	184532	0
sub-07_1	59	Picture	change_to_25	2793811	0	1	25230	1	0	25000	other	0
sub-07_1	59	Pulse	255	2798115	4304	0
sub-07_1	59	Pulse	255	2818115	24304	0
sub-07_1	60	Picture	20	2824066	5000	1	20226	1	5000	20000	incorrect	209
sub-07_1	60	Pulse	255	2838115	19049	0
sub-07_1	60	Response	2	2839425	20359	1
sub-07_1	61	Picture	20	2849541	5000	1	20226	1	5000	20000	hit	212
sub-07_1	61	Pulse	255	2858116	13575	0
sub-07_1	61	Response	2	2865505	20965	1
sub-07_1	62	Picture	20	2875015	5000	1	20231	1	5000	20000	hit	215
sub-07_1	62	Pulse	255	2878116	8100	0
sub-07_1	62	Response	2	2889305	19290	1
sub-07_1	63	Pulse	255	2898115	2843	0
sub-07_1	63	Picture	20	2900272	5000	1	20231	1	5000	20000	hit	218
sub-07_1	63	Response	1	2908966	13694	1
sub-07_1	63	Pulse	255	2918115	22843	0
sub-07_1	64	Picture	20	2925529	5000	1	20228	1	5000	20000	hit	221
sub-07_1	64	Response	1	2933535	13006	1
sub-07_1	64	Pulse	255	2938116	17586	0
sub-07_1	65	Picture	change_to_15	2945757	0	1	25231	1	0	25000	other	0
sub-07_1	65	Pulse	255	2958115	12358	0
sub-07_1	66	Picture	10	2976013	5000	1	20230	1	5000	20000	hit	227
sub-07_1	66	Pulse	255	2978116	7102	0
sub-07_1	66	Response	1	2982735	11722	1
sub-07_1	67	Pulse	255	2998115	1846	0
sub-07_1	67	Picture	10	3001269	5000	1	20226	1	5000	20000	hit	230
sub-07_1	67	Response	1	3008796	12527	1
sub-07_1	67	Pulse	255	3018116	21846	0
sub-07_1	68	Picture	10	3026743	5000	1	20226	1	5000	20000	hit	234
sub-07_1	68	Pulse	255	3038116	16373	0
sub-07_1	68	Response	1	3038585	16842	1
sub-07_1	69	Picture	10	3052218	5000	1	20230	1	5000	20000	hit	237
sub-07_1	69	Pulse	255	3058116	10898	0
sub-07_1	69	Response	2	3060146	12929	1
sub-07_1	70	Picture	10	3077474	5000	1	20226	1	5000	20000	hit	240
sub-07_1	70	Pulse	255	3078115	5641	0
sub-07_1	70	Response	2	3086386	13912	1
sub-07_1	71	Picture	change_to_35	3097866	0	1	25231	1	0	25000	other	0
sub-07_1	71	Pulse	255	3098116	250	0
sub-07_1	71	Pulse	255	3118116	20250	0
sub-07_1	72	Picture	30	3128123	5000	1	20231	1	5000	20000	hit	245
sub-07_1	72	Response	1	3136726	13603	1
sub-07_1	72	Pulse	255	3138116	14993	0
sub-07_1	73	Picture	30	3153380	5000	1	20230	1	5000	20000	hit	248
sub-07_1	73	Response	2	3157686	9305	1
sub-07_1	73	Pulse	255	3158115	9735	0
sub-07_1	74	Pulse	255	3178116	4482	0
sub-07_1	74	Picture	30	3178634	5000	1	20234	1	5000	20000	hit	252
sub-07_1	74	Response	2	3185606	11972	1
sub-07_1	74	Pulse	255	3198116	24482	0
sub-07_1	75	Picture	30	3203894	5000	1	20231	1	5000	20000	hit	255
sub-07_1	75	Response	1	3212137	13242	1
sub-07_1	75	Pulse	255	3218116	19222	0
sub-07_1	76	Picture	30	3229151	5000	1	20227	1	5000	20000	hit	259
sub-07_1	76	Pulse	255	3238116	13965	0
sub-07_1	76	Response	1	3241275	17124	1
sub-07_1	77	Picture	Bfix	3249378	0	1	200228	1	0	200000	other	0
sub-07_1	77	Pulse	255	3258116	8738	0
sub-07_1	77	Pulse	255	3278116	28739	0
sub-07_1	77	Pulse	255	3298116	48738	0
sub-07_1	77	Pulse	255	3318117	68739	0
sub-07_1	77	Pulse	255	3338117	88739	0
sub-07_1	77	Pulse	255	3358116	108739	0
sub-07_1	77	Pulse	255	3378116	128738	0
sub-07_1	77	Pulse	255	3398116	148739	0
sub-07_1	77	Pulse	255	3418116	168738	0
sub-07_1	77	Pulse	255	3438116	188739	0
sub-07_1	78	Picture	change_to_15	3449606	0	1	25230	1	0	25000	other	0
sub-07_1	78	Pulse	255	3458116	8511	0
sub-07_1	79	Pulse	255	3478116	3255	0
sub-07_1	79	Picture	10	3479861	5000	1	20231	1	5000	20000	hit	275
sub-07_1	79	Response	2	3489766	14905	1
sub-07_1	79	Pulse	255	3498117	23255	0
sub-07_1	80	Picture	10	3505118	5000	1	20226	1	5000	20000	hit	278
sub-07_1	80	Response	1	3512416	12299	1
sub-07_1	80	Pulse	255	3518117	17999	0
sub-07_1	81	Picture	10	3530592	5000	1	20231	1	5000	20000	hit	281
sub-07_1	81	Response	2	3537867	12275	1
sub-07_1	81	Pulse	255	3538116	12524	0
sub-07_1	82	Picture	10	3555848	5000	1	20230	1	5000	20000	hit	285
sub-07_1	82	Pulse	255	3558116	7268	0
sub-07_1	82	Response	1	3565057	14209	1
sub-07_1	83	Pulse	255	3578116	2013	0
sub-07_1	83	Picture	10	3581104	5000	1	20228	1	5000	20000	hit	288
sub-07_1	83	Response	2	3590407	14303	1
sub-07_1	83	Pulse	255	3598117	22013	0
sub-07_1	84	Picture	change_to_35	3601332	0	1	25230	1	0	25000	other	0
sub-07_1	84	Pulse	255	3618117	16785	0
sub-07_1	85	Picture	30	3631589	5000	1	20231	1	5000	20000	hit	294
sub-07_1	85	Pulse	255	3638117	11528	0
sub-07_1	85	Response	2	3642827	16238	1
sub-07_1	86	Picture	30	3656846	5000	1	20226	1	5000	20000	hit	297
sub-07_1	86	Pulse	255	3658117	6270	0
sub-07_1	86	Response	2	3663988	12142	1
sub-07_1	87	Pulse	255	3678117	799	0
sub-07_1	87	Picture	30	3682318	5000	1	20231	1	5000	20000	hit	300
sub-07_1	87	Response	2	3688457	11139	1
sub-07_1	87	Pulse	255	3698117	20799	0
sub-07_1	88	Picture	30	3707575	5000	1	20232	1	5000	20000	hit	303
sub-07_1	88	Response	1	3716187	13613	1
sub-07_1	88	Pulse	255	3718117	15543	0
sub-07_1	89	Picture	30	3732831	5000	1	20229	1	5000	20000	hit	307
sub-07_1	89	Pulse	255	3738117	10286	0
sub-07_1	89	Response	1	3741507	13676	1
sub-07_1	90	Picture	change_to_25	3753059	0	1	25231	1	0	25000	other	0
sub-07_1	90	Pulse	255	3758117	5058	0
sub-07_1	90	Pulse	255	3778123	25064	0
sub-07_1	91	Picture	20	3783316	5000	1	20231	1	5000	20000	hit	313
sub-07_1	91	Pulse	255	3798117	19801	0
sub-07_1	91	Response	2	3801778	23462	1
sub-07_1	92	Picture	20	3808573	5000	1	20231	1	5000	20000	hit	316
sub-07_1	92	Pulse	255	3818117	14544	0
sub-07_1	92	Response	2	3819956	16384	1
sub-07_1	93	Picture	20	3833829	5000	1	20226	1	5000	20000	hit	319
sub-07_1	93	Pulse	255	3838117	9289	0
sub-07_1	93	Response	2	3846198	17369	1
sub-07_1	94	Pulse	255	3858118	3814	0
sub-07_1	94	Picture	20	3859303	5000	1	20231	1	5000	20000	hit	322
sub-07_1	94	Response	1	3870297	15994	1
sub-07_1	94	Pulse	255	3878117	23813	0
sub-07_1	95	Picture	20	3884560	5000	1	20227	1	5000	20000	hit	325
sub-07_1	95	Response	1	3895288	15728	1
sub-07_1	95	Pulse	255	3898117	18558	0
sub-07_1	96	Picture	Bfix	3904787	0	1	200226	1	0	200000	other	0
sub-07_1	96	Pulse	255	3918117	13331	0
sub-07_1	96	Pulse	255	3938118	33331	0
sub-07_1	96	Pulse	255	3958118	53331	0
sub-07_1	96	Pulse	255	3978117	73331	0
sub-07_1	96	Pulse	255	3998107	93320	0
sub-07_1	96	Pulse	255	4018108	113321	0
sub-07_1	96	Pulse	255	4038107	133321	0
sub-07_1	96	Pulse	255	4058108	153322	0
sub-07_1	96	Pulse	255	4078108	173321	0
sub-07_1	96	Pulse	255	4098107	193321	0
sub-07_1	97	Picture	change_to_35	4105179	0	1	25230	1	0	25000	other	0
sub-07_1	97	Pulse	255	4118107	12928	0
sub-07_1	98	Picture	30	4135435	5000	1	20231	1	5000	20000	hit	342
sub-07_1	98	Pulse	255	4138109	7673	0
sub-07_1	98	Response	2	4151158	20723	1
sub-07_1	99	Pulse	255	4158108	2416	0
sub-07_1	99	Picture	30	4160692	5000	1	20231	1	5000	20000	hit	345
sub-07_1	99	Response	1	4165648	9956	1
sub-07_1	99	Pulse	255	4178108	22415	0
sub-07_1	100	Picture	30	4185948	5000	1	20231	1	5000	20000	hit	348
sub-07_1	100	Response	1	4192248	11300	1
sub-07_1	100	Pulse	255	4198107	17159	0
sub-07_1	101	Picture	30	4211205	5000	1	20231	1	5000	20000	hit	351
sub-07_1	101	Response	2	4216958	10753	1
sub-07_1	101	Pulse	255	4218107	11902	0
sub-07_1	102	Picture	30	4236462	5000	1	20228	1	5000	20000	hit	355
sub-07_1	102	Pulse	255	4238108	6646	0
sub-07_1	102	Response	1	4243418	11956	1
sub-07_1	103	Picture	change_to_25	4256690	0	1	25231	1	0	25000	other	0
sub-07_1	103	Pulse	255	4258108	1418	0
sub-07_1	103	Pulse	255	4278108	21418	0
sub-07_1	104	Picture	20	4286945	5000	1	20230	1	5000	20000	hit	360
sub-07_1	104	Response	2	4294388	12444	1
sub-07_1	104	Pulse	255	4298108	16164	0
sub-07_1	105	Picture	20	4312197	5000	1	20226	1	5000	20000	hit	364
sub-07_1	105	Pulse	255	4318108	10911	0
sub-07_1	105	Response	1	4323628	16431	1
sub-07_1	106	Picture	20	4337668	5000	1	20231	1	5000	20000	hit	367
sub-07_1	106	Pulse	255	4338109	5440	0
sub-07_1	106	Response	1	4346118	13450	1
sub-07_1	107	Pulse	255	4358109	184	0
sub-07_1	107	Picture	20	4362925	5000	1	20230	1	5000	20000	hit	370
sub-07_1	107	Response	2	4371978	14053	1
sub-07_1	107	Pulse	255	4378108	20183	0
sub-07_1	108	Picture	20	4388181	5000	1	20228	1	5000	20000	hit	373
sub-07_1	108	Response	1	4395919	12738	1
sub-07_1	108	Pulse	255	4398108	14928	0
sub-07_1	109	Picture	change_to_15	4408409	0	1	25232	1	0	25000	other	0
sub-07_1	109	Pulse	255	4418109	9700	0
sub-07_1	110	Pulse	255	4438108	4442	0
sub-07_1	110	Picture	10	4438666	5000	1	20231	1	5000	20000	hit	379
sub-07_1	110	Response	1	4448489	14822	1
sub-07_1	110	Pulse	255	4458108	24442	0
sub-07_1	111	Picture	10	4463922	5000	1	20231	1	5000	20000	hit	382
sub-07_1	111	Response	2	4471808	12887	1
sub-07_1	111	Pulse	255	4478108	19187	0
sub-07_1	112	Picture	10	4489177	5000	1	20230	1	5000	20000	hit	385
sub-07_1	112	Response	2	4497019	12841	1
sub-07_1	112	Pulse	255	4498108	13930	0
sub-07_1	113	Picture	10	4514433	5000	1	20231	1	5000	20000	hit	389
sub-07_1	113	Pulse	255	4518108	8675	0
sub-07_1	113	Response	1	4524419	14986	1
sub-07_1	114	Pulse	255	4538109	3420	0
sub-07_1	114	Picture	10	4539689	5000	1	20227	1	5000	20000	hit	392
sub-07_1	114	Response	1	4549589	14899	1
sub-07_1	114	Pulse	255	4558109	23420	0
sub-07_1	115	Picture	Bfix	4559916	0	1	72026	1	0	60000	other	0
sub-07_1	115	Pulse	255	4578108	18192	0
sub-07_1	115	Pulse	255	4598109	38193	0
